2023-02-12 08:19:45,679 : kivy : Factory: 189 symbols loaded
2023-02-12 08:19:46,550 : kivy : ImageLoaderFFPy: Using ffpyplayer 4.3.5
2023-02-12 08:19:46,550 : kivy : Image: Providers: img_tex, img_dds, img_sdl2, img_pil, img_ffpyplayer 
2023-02-12 08:19:46,879 : kivy : VideoGstplayer: Using Gstreamer 1.18.5.0
2023-02-12 08:19:46,879 : kivy : Video: Provider: gstplayer
2023-02-12 08:19:47,274 : kivy : Loading MPF-MC controller
2023-02-12 08:19:47,279 : YamlMultifileConfigLoader : Machine config file #1: config
2023-02-12 08:19:47,280 : ConfigProcessor : Config file in cache changed: C:\pinball\my_machine\config\config
2023-02-12 08:19:47,281 : ConfigProcessor : Loading config from file C:\Users\ruben\.local\pipx\venvs\mpf\lib\site-packages\mpfmc\mcconfig.yaml.
2023-02-12 08:19:47,335 : ConfigProcessor : Loading config: C:\Users\ruben\.local\pipx\venvs\mpf\lib\site-packages\mpfmc\mcconfig.yaml
2023-02-12 08:19:47,335 : ConfigProcessor : Loading config from file C:\pinball\my_machine\config\config.
2023-02-12 08:19:47,370 : ConfigProcessor : Loading config: C:\pinball\my_machine\config\config
2023-02-12 08:19:47,372 : ConfigProcessor : Config file cache created: C:\Users\ruben\AppData\Local\Temp\5edbcd24fbe704f5401fb4c9e1e1d8f8.mpf_cache
2023-02-12 08:19:47,372 : ConfigProcessor : Loading config from cache: C:\Users\ruben\AppData\Local\Temp\67cf8ffee0fce2d4fcb5ef0bb894d8de.mpf_cache
2023-02-12 08:19:47,373 : ConfigProcessor : Loading config from cache: C:\Users\ruben\AppData\Local\Temp\25321780674732dcacb77a8f5b2a53cd.mpf_cache
2023-02-12 08:19:47,374 : mpfmc : Mission Pinball Framework Media Controller v0.56.1
2023-02-12 08:19:47,374 : mpfmc : Mission Pinball Framework Game Engine v0.56.0
2023-02-12 08:19:47,374 : mpfmc : Machine path: C:\pinball\my_machine
2023-02-12 08:19:47,374 : mpfmc : Starting clock at 60.0Hz
2023-02-12 08:19:47,456 : kivy : Text: Provider: sdl2
2023-02-12 08:19:47,573 : kivy : Window: Provider: sdl2
2023-02-12 08:19:49,341 : kivy : GL: Using the "OpenGL" graphics system
2023-02-12 08:19:49,351 : kivy : GL: GLEW initialization succeeded
2023-02-12 08:19:49,351 : kivy : GL: Backend used <glew>
2023-02-12 08:19:49,351 : kivy : GL: OpenGL version <b'4.5.0 NVIDIA 376.54'>
2023-02-12 08:19:49,351 : kivy : GL: OpenGL vendor <b'NVIDIA Corporation'>
2023-02-12 08:19:49,352 : kivy : GL: OpenGL renderer <b'GeForce GT 630M/PCIe/SSE2'>
2023-02-12 08:19:49,352 : kivy : GL: OpenGL parsed version: 4, 5
2023-02-12 08:19:49,352 : kivy : GL: Shading version <b'4.50 NVIDIA'>
2023-02-12 08:19:49,352 : kivy : GL: Texture max size <16384>
2023-02-12 08:19:49,352 : kivy : GL: Texture max units <32>
2023-02-12 08:19:49,435 : kivy : Window: auto add sdl2 input provider
2023-02-12 08:19:49,436 : kivy : Window: virtual keyboard not allowed, single mode, not docked
2023-02-12 08:19:49,452 : SoundSystem : SoundSystem: Using default 'sound_system' settings
2023-02-12 08:19:52,568 : AudioInterface : Initialized
2023-02-12 08:19:52,569 : AudioInterface : Loaded SDL 2.0.20
2023-02-12 08:19:52,569 : AudioInterface : Loaded SDL_Mixer 2.0.4
2023-02-12 08:19:52,569 : AudioInterface : Loaded GStreamer 1.18.5.0
2023-02-12 08:19:52,569 : AudioInterface : Loaded GLib 2.62.6
2023-02-12 08:19:52,569 : AudioInterface : Settings requested - rate: 44100, channels: 1, buffer: 2048 samples
2023-02-12 08:19:52,569 : AudioInterface : Settings in use - rate: 44100, channels: 1, buffer: 2048 samples (4096 bytes @ 2 bytes per sample)
2023-02-12 08:19:52,570 : SoundSystem : No audio tracks are specified in your machine config file. a track named 'default' has been created.
2023-02-12 08:19:52,570 : SoundSystem : Setting master volume to 0.0
2023-02-12 08:19:52,570 : SoundSystem : master_volume in sound_system is deprecated and will be removed in the future.
2023-02-12 08:19:52,570 : AudioInterface : Enabling audio playback
2023-02-12 08:19:52,575 : kivy : Base: Start application main loop
2023-02-12 08:19:52,575 : EventManager : Event: ======'display_window_initialized'====== Args={}
2023-02-12 08:19:52,595 : mpfmc : Display: Setting 'window' as default display
2023-02-12 08:19:52,607 : EventManager : Event: ======'displays_initialized'====== Args={}
2023-02-12 08:19:52,610 : EventManager : Event: ======'slide_window_blank_created'====== Args={}
2023-02-12 08:19:52,610 : EventManager : Event: ======'display_window_ready'====== Args={}
2023-02-12 08:19:52,661 : EventManager : Event: ======'init_phase_1'====== Args={}
2023-02-12 08:19:52,674 : EventManager : Event: ======'mc_ready'====== Args={}
2023-02-12 08:19:52,674 : EventManager : Event: ======'init_phase_2'====== Args={}
2023-02-12 08:19:52,680 : EventManager : Event: ======'init_phase_3'====== Args={}
2023-02-12 08:19:52,683 : EventManager : Event: ======'init_phase_4'====== Args={}
2023-02-12 08:19:52,683 : EventManager : Event: ======'init_phase_5'====== Args={}
2023-02-12 08:19:52,683 : EventManager : Event: ======'init_done'====== Args={}
2023-02-12 08:19:52,684 : MPF-MC BCP Server : Starting up on localhost port 5050
2023-02-12 08:19:52,698 : MPF-MC BCP Server : Waiting for a connection...
2023-02-12 08:19:52,699 : mpfmc : SlidePlayer: Play called with settings={'slides': {welcome_slide-None-None: {'priority': None, 'target': None, 'background_color': [0.0, 0.0, 0.0, 1.0], 'show': True, 'force': False, 'expire': None, 'slide': None, 'tokens': {}, 'action': 'play', 'transition': None, 'transition_out': None}}}
2023-02-12 08:19:52,780 : kivy : GL: NPOT texture support is available
2023-02-12 08:19:52,785 : EventManager : Event: ======'slide_welcome_slide_created'====== Args={}
2023-02-12 08:19:52,796 : EventManager : Event: ======'slide_welcome_slide_active'====== Args={}
2023-02-12 08:19:52,806 : EventManager : Event: ======'client_disconnected'====== Args={'host': '127.0.0.1', 'port': 5050}
2023-02-12 08:19:53,106 : MPF-MC BCP Server : Received connection from: 127.0.0.1:62554
2023-02-12 08:19:53,111 : EventManager : Event: ======'client_connected'====== Args={'host': '127.0.0.1', 'port': 62554}
2023-02-12 08:19:53,135 : EventManager : Event: ======'machine_var_credits_string'====== Args={'value': 'FREE PLAY', 'prev_value': None, 'change': True}
2023-02-12 08:19:53,135 : EventManager : Event: ======'machine_var_master_volume'====== Args={'value': 0.5, 'prev_value': None, 'change': True}
2023-02-12 08:19:53,135 : EventManager : Event: ======'machine_var_player1_score'====== Args={'value': 0, 'prev_value': None, 'change': True}
2023-02-12 08:19:53,136 : EventManager : Event: ======'machine_var_mpf_version'====== Args={'value': 'MPF v0.56.0', 'prev_value': None, 'change': True}
2023-02-12 08:19:53,136 : EventManager : Event: ======'machine_var_mpf_extended_version'====== Args={'value': 'MPF v0.56.0, Config version:5, Show version: 5, BCP version:1.1', 'prev_value': None, 'change': True}
2023-02-12 08:19:53,136 : EventManager : Event: ======'machine_var_python_version'====== Args={'value': '3.9.13', 'prev_value': None, 'change': True}
2023-02-12 08:19:53,136 : EventManager : Event: ======'machine_var_platform'====== Args={'value': 'Windows-10-10.0.19045-SP0', 'prev_value': None, 'change': True}
2023-02-12 08:19:53,136 : EventManager : Event: ======'machine_var_platform_system'====== Args={'value': 'Windows', 'prev_value': None, 'change': True}
2023-02-12 08:19:53,136 : EventManager : Event: ======'machine_var_platform_release'====== Args={'value': '10', 'prev_value': None, 'change': True}
2023-02-12 08:19:53,137 : EventManager : Event: ======'machine_var_platform_version'====== Args={'value': '10.0.19045', 'prev_value': None, 'change': True}
2023-02-12 08:19:53,137 : EventManager : Event: ======'machine_var_platform_machine'====== Args={'value': 'AMD64', 'prev_value': None, 'change': True}
2023-02-12 08:19:53,137 : EventManager : Event: ======'machine_var_mc_version'====== Args={'value': 'MPF-MC v0.56.1', 'prev_value': None, 'change': True}
2023-02-12 08:19:53,137 : EventManager : Event: ======'machine_var_mc_extended_version'====== Args={'value': 'MPF-MC v0.56.1 (config_version=5, BCP v1.1,                      Requires MPF API compatibility v0.56.0 or newer)', 'prev_value': None, 'change': True}
2023-02-12 08:19:53,137 : SoundSystem : Setting master volume to 0.5
2023-02-12 08:19:53,187 : EventManager : Event: ======'machine_var_audits_events_game_ended'====== Args={'value': 40, 'prev_value': None, 'change': True}
2023-02-12 08:19:53,188 : EventManager : Event: ======'machine_var_audits_events_game_started'====== Args={'value': 63, 'prev_value': None, 'change': True}
2023-02-12 08:19:53,188 : EventManager : Event: ======'machine_var_audits_player_score'====== Args={'value': {'average': 0.0, 'top': [0, 0, 0, 0, 0, 0, 0, 0, 0, 0], 'total': 40}, 'prev_value': None, 'change': True}
2023-02-12 08:19:53,188 : EventManager : Event: ======'machine_var_audits_switches_s_drop_bank1'====== Args={'value': 140, 'prev_value': None, 'change': True}
2023-02-12 08:19:53,189 : EventManager : Event: ======'machine_var_audits_switches_s_left_flipper'====== Args={'value': 1344, 'prev_value': None, 'change': True}
2023-02-12 08:19:53,189 : EventManager : Event: ======'machine_var_audits_switches_s_left_slingshot'====== Args={'value': 208, 'prev_value': None, 'change': True}
2023-02-12 08:19:53,189 : EventManager : Event: ======'machine_var_audits_switches_s_pop_bot'====== Args={'value': 289, 'prev_value': None, 'change': True}
2023-02-12 08:19:53,189 : EventManager : Event: ======'machine_var_audits_switches_s_pop_mid'====== Args={'value': 290, 'prev_value': None, 'change': True}
2023-02-12 08:19:53,189 : EventManager : Event: ======'machine_var_audits_switches_s_pop_top'====== Args={'value': 227, 'prev_value': None, 'change': True}
2023-02-12 08:19:53,189 : EventManager : Event: ======'machine_var_audits_switches_s_right_flipper'====== Args={'value': 1429, 'prev_value': None, 'change': True}
2023-02-12 08:19:53,190 : EventManager : Event: ======'machine_var_audits_switches_s_right_inlane'====== Args={'value': 0, 'prev_value': None, 'change': True}
2023-02-12 08:19:53,190 : EventManager : Event: ======'machine_var_audits_switches_s_right_slingshot'====== Args={'value': 196, 'prev_value': None, 'change': True}
2023-02-12 08:19:53,190 : EventManager : Event: ======'machine_var_audits_switches_s_scoop_lower'====== Args={'value': 175, 'prev_value': None, 'change': True}
2023-02-12 08:19:53,190 : EventManager : Event: ======'machine_var_audits_switches_s_startButton'====== Args={'value': 11, 'prev_value': None, 'change': True}
2023-02-12 08:19:53,190 : EventManager : Event: ======'machine_var_audits_switches_s_trough1'====== Args={'value': 244, 'prev_value': None, 'change': True}
2023-02-12 08:19:53,212 : EventManager : Event: ======'slides_play'====== Args={'settings': {'welcome_slide': {'target': None, 'background_color': [0.0, 0.0, 0.0, 1.0], 'priority': None, 'show': True, 'force': False, 'expire': None, 'slide': None, 'tokens': {}, 'action': 'play'}}, 'context': '_global', 'calling_context': 'init_done', 'priority': 0}
2023-02-12 08:19:53,212 : EventManager : Event: ======'mc_reset_phase_1'====== Args={}
2023-02-12 08:19:53,212 : mpfmc : SlidePlayer: Play called with settings={'welcome_slide': {'target': None, 'background_color': [0.0, 0.0, 0.0, 1.0], 'priority': None, 'show': True, 'force': False, 'expire': None, 'slide': None, 'tokens': {}, 'action': 'play'}}
2023-02-12 08:19:53,212 : EventManager : Event: ======'slide_welcome_slide_removed'====== Args={}
2023-02-12 08:19:53,217 : EventManager : Event: ======'slide_welcome_slide_created'====== Args={}
2023-02-12 08:19:53,218 : EventManager : Event: ======'mc_reset_phase_2'====== Args={}
2023-02-12 08:19:53,219 : EventManager : Event: ======'mc_reset_phase_3'====== Args={}
2023-02-12 08:19:53,219 : EventManager : Event: ======'mc_reset_complete'====== Args={}
2023-02-12 08:19:53,220 : EventManager : Event: ======'slide_welcome_slide_active'====== Args={}
2023-02-12 08:19:53,240 : EventManager : Event: ======'slides_play'====== Args={'settings': {'attract_started': {'target': None, 'background_color': [0.0, 0.0, 0.0, 1.0], 'priority': None, 'show': True, 'force': False, 'expire': None, 'slide': None, 'tokens': {}, 'action': 'play'}}, 'context': '_global', 'calling_context': 'mode_attract_started', 'priority': 0}
2023-02-12 08:19:53,240 : mpfmc : SlidePlayer: Play called with settings={'attract_started': {'target': None, 'background_color': [0.0, 0.0, 0.0, 1.0], 'priority': None, 'show': True, 'force': False, 'expire': None, 'slide': None, 'tokens': {}, 'action': 'play'}}
2023-02-12 08:19:53,248 : EventManager : Event: ======'slide_attract_started_created'====== Args={}
2023-02-12 08:19:53,250 : EventManager : Event: ======'slide_attract_started_active'====== Args={}
2023-02-12 08:20:41,819 : EventManager : Event: ======'game_started'====== Args={}
2023-02-12 08:20:41,819 : EventManager : Event: ======'player_added'====== Args={'player': <Player 1>, 'num': 1}
2023-02-12 08:20:41,819 : EventManager : Event: ======'player_index'====== Args={'value': 0, 'prev_value': 0, 'change': 0, 'player_num': 1}
2023-02-12 08:20:41,819 : EventManager : Event: ======'player_number'====== Args={'value': 1, 'prev_value': 1, 'change': 0, 'player_num': 1}
2023-02-12 08:20:41,819 : EventManager : Event: ======'player_score'====== Args={'value': 0, 'prev_value': 0, 'change': 0, 'player_num': 1}
2023-02-12 08:20:41,845 : EventManager : Event: ======'player_ball'====== Args={'value': 1, 'prev_value': 0, 'change': 1, 'player_num': 1}
2023-02-12 08:20:41,845 : EventManager : Event: ======'player_turn_start'====== Args={'number': 1, 'player': <Player 1>}
2023-02-12 08:20:41,857 : EventManager : Event: ======'slides_play'====== Args={'settings': {'widgets': {'widgets': [{'type': 'text', 'text': 'PLAYER (number) BALL (ball)', '_default_settings': ['type', 'text'], 'x': None, 'y': None, 'anchor_x': 'center', 'anchor_y': 'center', 'round_anchor_x': None, 'round_anchor_y': None, 'opacity': 1.0, 'z': 0, 'reset_animations_events': {}, 'color': [1.0, 1.0, 1.0, 1.0], 'style': [], 'adjust_top': 0, 'adjust_bottom': 0, 'adjust_left': 0, 'adjust_right': 0, 'expire': None, 'key': None, 'widget': None, 'events_when_added': [], 'events_when_removed': [], 'font_size': 15, 'bitmap_font': False, 'font_kerning': True, 'bold': False, 'italic': False, 'number_grouping': False, 'min_digits': 0, 'halign': 'center', 'valign': 'middle', 'rotation': 0, 'scale': 1.0, 'casing': None, 'animations': None}], 'target': None, 'background_color': [0.0, 0.0, 0.0, 1.0], 'priority': None, 'show': True, 'force': False, 'expire': None, 'slide': None, 'tokens': {}, 'action': 'play'}}, 'context': '_global', 'calling_context': 'ball_started', 'priority': 0, 'player': 1, 'ball': 1, 'balls_remaining': 2, 'is_extra_ball': False}
2023-02-12 08:20:41,857 : mpfmc : SlidePlayer: Play called with settings={'widgets': {'widgets': [{'type': 'text', 'text': 'PLAYER (number) BALL (ball)', '_default_settings': ['type', 'text'], 'x': None, 'y': None, 'anchor_x': 'center', 'anchor_y': 'center', 'round_anchor_x': None, 'round_anchor_y': None, 'opacity': 1.0, 'z': 0, 'reset_animations_events': {}, 'color': [1.0, 1.0, 1.0, 1.0], 'style': [], 'adjust_top': 0, 'adjust_bottom': 0, 'adjust_left': 0, 'adjust_right': 0, 'expire': None, 'key': None, 'widget': None, 'events_when_added': [], 'events_when_removed': [], 'font_size': 15, 'bitmap_font': False, 'font_kerning': True, 'bold': False, 'italic': False, 'number_grouping': False, 'min_digits': 0, 'halign': 'center', 'valign': 'middle', 'rotation': 0, 'scale': 1.0, 'casing': None, 'animations': None}], 'target': None, 'background_color': [0.0, 0.0, 0.0, 1.0], 'priority': None, 'show': True, 'force': False, 'expire': None, 'slide': None, 'tokens': {}, 'action': 'play'}}
2023-02-12 08:20:41,861 : EventManager : Event: ======'slide__global.slide_player-ball_started_created'====== Args={}
2023-02-12 08:20:41,863 : EventManager : Event: ======'slide__global.slide_player-ball_started_active'====== Args={}
2023-02-12 08:20:45,583 : EventManager : Event: ======'machine_var_audits_switches_s_right_flipper'====== Args={'value': 1430, 'prev_value': 1429, 'change': 1}
2023-02-12 08:20:45,682 : EventManager : Event: ======'machine_var_audits_switches_s_left_slingshot'====== Args={'value': 209, 'prev_value': 208, 'change': 1}
2023-02-12 08:20:48,965 : EventManager : Event: ======'machine_var_audits_switches_s_right_flipper'====== Args={'value': 1431, 'prev_value': 1430, 'change': 1}
2023-02-12 08:20:50,648 : EventManager : Event: ======'machine_var_audits_switches_s_left_flipper'====== Args={'value': 1345, 'prev_value': 1344, 'change': 1}
2023-02-12 08:20:51,342 : EventManager : Event: ======'machine_var_audits_switches_s_left_flipper'====== Args={'value': 1346, 'prev_value': 1345, 'change': 1}
2023-02-12 08:20:57,620 : EventManager : Event: ======'machine_var_audits_switches_s_scoop_lower'====== Args={'value': 176, 'prev_value': 175, 'change': 1}
2023-02-12 08:20:57,670 : EventManager : Event: ======'machine_var_audits_switches_s_scoop_lower'====== Args={'value': 177, 'prev_value': 176, 'change': 1}
2023-02-12 08:20:58,020 : EventManager : Event: ======'machine_var_audits_switches_s_scoop_lower'====== Args={'value': 178, 'prev_value': 177, 'change': 1}
2023-02-12 08:20:59,250 : EventManager : Event: ======'machine_var_audits_switches_s_left_flipper'====== Args={'value': 1347, 'prev_value': 1346, 'change': 1}
2023-02-12 08:20:59,921 : EventManager : Event: ======'machine_var_audits_switches_s_right_flipper'====== Args={'value': 1432, 'prev_value': 1431, 'change': 1}
2023-02-12 08:21:00,800 : EventManager : Event: ======'machine_var_audits_switches_s_right_flipper'====== Args={'value': 1433, 'prev_value': 1432, 'change': 1}
2023-02-12 08:21:03,152 : EventManager : Event: ======'machine_var_audits_switches_s_right_flipper'====== Args={'value': 1434, 'prev_value': 1433, 'change': 1}
2023-02-12 08:21:05,464 : EventManager : Event: ======'machine_var_audits_switches_s_right_flipper'====== Args={'value': 1435, 'prev_value': 1434, 'change': 1}
2023-02-12 08:21:07,029 : EventManager : Event: ======'machine_var_audits_switches_s_left_flipper'====== Args={'value': 1348, 'prev_value': 1347, 'change': 1}
2023-02-12 08:21:07,708 : EventManager : Event: ======'machine_var_audits_switches_s_left_flipper'====== Args={'value': 1349, 'prev_value': 1348, 'change': 1}
2023-02-12 08:21:09,365 : EventManager : Event: ======'machine_var_audits_switches_s_trough1'====== Args={'value': 245, 'prev_value': 244, 'change': 1}
2023-02-12 08:21:09,900 : EventManager : Event: ======'player_ball'====== Args={'value': 2, 'prev_value': 1, 'change': 1, 'player_num': 1}
2023-02-12 08:21:10,429 : EventManager : Event: ======'slides_play'====== Args={'settings': {'widgets': {'widgets': [{'type': 'text', 'text': 'PLAYER (number) BALL (ball)', '_default_settings': ['type', 'text'], 'x': None, 'y': None, 'anchor_x': 'center', 'anchor_y': 'center', 'round_anchor_x': None, 'round_anchor_y': None, 'opacity': 1.0, 'z': 0, 'reset_animations_events': {}, 'color': [1.0, 1.0, 1.0, 1.0], 'style': [], 'adjust_top': 0, 'adjust_bottom': 0, 'adjust_left': 0, 'adjust_right': 0, 'expire': None, 'key': None, 'widget': None, 'events_when_added': [], 'events_when_removed': [], 'font_size': 15, 'bitmap_font': False, 'font_kerning': True, 'bold': False, 'italic': False, 'number_grouping': False, 'min_digits': 0, 'halign': 'center', 'valign': 'middle', 'rotation': 0, 'scale': 1.0, 'casing': None, 'animations': None}], 'target': None, 'background_color': [0.0, 0.0, 0.0, 1.0], 'priority': None, 'show': True, 'force': False, 'expire': None, 'slide': None, 'tokens': {}, 'action': 'play'}}, 'context': '_global', 'calling_context': 'ball_started', 'priority': 0, 'player': 1, 'ball': 2, 'balls_remaining': 1, 'is_extra_ball': False}
2023-02-12 08:21:10,429 : mpfmc : SlidePlayer: Play called with settings={'widgets': {'widgets': [{'type': 'text', 'text': 'PLAYER (number) BALL (ball)', '_default_settings': ['type', 'text'], 'x': None, 'y': None, 'anchor_x': 'center', 'anchor_y': 'center', 'round_anchor_x': None, 'round_anchor_y': None, 'opacity': 1.0, 'z': 0, 'reset_animations_events': {}, 'color': [1.0, 1.0, 1.0, 1.0], 'style': [], 'adjust_top': 0, 'adjust_bottom': 0, 'adjust_left': 0, 'adjust_right': 0, 'expire': None, 'key': None, 'widget': None, 'events_when_added': [], 'events_when_removed': [], 'font_size': 15, 'bitmap_font': False, 'font_kerning': True, 'bold': False, 'italic': False, 'number_grouping': False, 'min_digits': 0, 'halign': 'center', 'valign': 'middle', 'rotation': 0, 'scale': 1.0, 'casing': None, 'animations': None}], 'target': None, 'background_color': [0.0, 0.0, 0.0, 1.0], 'priority': None, 'show': True, 'force': False, 'expire': None, 'slide': None, 'tokens': {}, 'action': 'play'}}
2023-02-12 08:21:10,430 : EventManager : Event: ======'slide__global.slide_player-ball_started_removed'====== Args={}
2023-02-12 08:21:10,433 : EventManager : Event: ======'slide__global.slide_player-ball_started_created'====== Args={}
2023-02-12 08:21:10,436 : EventManager : Event: ======'slide__global.slide_player-ball_started_active'====== Args={}
2023-02-12 08:21:12,605 : EventManager : Event: ======'machine_var_audits_switches_s_right_flipper'====== Args={'value': 1436, 'prev_value': 1435, 'change': 1}
2023-02-12 08:21:13,462 : EventManager : Event: ======'machine_var_audits_switches_s_right_flipper'====== Args={'value': 1437, 'prev_value': 1436, 'change': 1}
2023-02-12 08:21:16,497 : EventManager : Event: ======'machine_var_audits_switches_s_left_flipper'====== Args={'value': 1350, 'prev_value': 1349, 'change': 1}
2023-02-12 08:21:17,159 : EventManager : Event: ======'machine_var_audits_switches_s_pop_bot'====== Args={'value': 290, 'prev_value': 289, 'change': 1}
2023-02-12 08:21:17,970 : EventManager : Event: ======'machine_var_audits_switches_s_right_flipper'====== Args={'value': 1438, 'prev_value': 1437, 'change': 1}
2023-02-12 08:21:20,507 : EventManager : Event: ======'machine_var_audits_switches_s_left_slingshot'====== Args={'value': 210, 'prev_value': 209, 'change': 1}
2023-02-12 08:21:21,404 : EventManager : Event: ======'machine_var_audits_switches_s_right_flipper'====== Args={'value': 1439, 'prev_value': 1438, 'change': 1}
2023-02-12 08:21:22,842 : EventManager : Event: ======'machine_var_audits_switches_s_right_flipper'====== Args={'value': 1440, 'prev_value': 1439, 'change': 1}
2023-02-12 08:21:23,097 : EventManager : Event: ======'machine_var_audits_switches_s_scoop_lower'====== Args={'value': 179, 'prev_value': 178, 'change': 1}
2023-02-12 08:21:23,668 : EventManager : Event: ======'machine_var_audits_switches_s_scoop_lower'====== Args={'value': 180, 'prev_value': 179, 'change': 1}
2023-02-12 08:21:24,206 : EventManager : Event: ======'machine_var_audits_switches_s_scoop_lower'====== Args={'value': 181, 'prev_value': 180, 'change': 1}
2023-02-12 08:21:24,792 : EventManager : Event: ======'machine_var_audits_switches_s_left_flipper'====== Args={'value': 1351, 'prev_value': 1350, 'change': 1}
2023-02-12 08:21:26,472 : EventManager : Event: ======'machine_var_audits_switches_s_right_flipper'====== Args={'value': 1441, 'prev_value': 1440, 'change': 1}
2023-02-12 08:21:28,341 : EventManager : Event: ======'machine_var_audits_switches_s_left_flipper'====== Args={'value': 1352, 'prev_value': 1351, 'change': 1}
2023-02-12 08:21:30,693 : EventManager : Event: ======'machine_var_audits_switches_s_right_flipper'====== Args={'value': 1442, 'prev_value': 1441, 'change': 1}
2023-02-12 08:21:32,287 : EventManager : Event: ======'machine_var_audits_switches_s_right_flipper'====== Args={'value': 1443, 'prev_value': 1442, 'change': 1}
2023-02-12 08:21:33,188 : EventManager : Event: ======'machine_var_audits_switches_s_left_flipper'====== Args={'value': 1353, 'prev_value': 1352, 'change': 1}
2023-02-12 08:21:33,476 : EventManager : Event: ======'machine_var_audits_switches_s_right_flipper'====== Args={'value': 1444, 'prev_value': 1443, 'change': 1}
2023-02-12 08:21:35,679 : EventManager : Event: ======'machine_var_audits_switches_s_right_flipper'====== Args={'value': 1445, 'prev_value': 1444, 'change': 1}
2023-02-12 08:21:39,841 : EventManager : Event: ======'machine_var_audits_switches_s_right_flipper'====== Args={'value': 1446, 'prev_value': 1445, 'change': 1}
2023-02-12 08:21:41,290 : EventManager : Event: ======'machine_var_audits_switches_s_trough1'====== Args={'value': 246, 'prev_value': 245, 'change': 1}
2023-02-12 08:21:41,816 : EventManager : Event: ======'player_ball'====== Args={'value': 3, 'prev_value': 2, 'change': 1, 'player_num': 1}
2023-02-12 08:21:41,816 : EventManager : Event: ======'slides_play'====== Args={'settings': {'widgets': {'widgets': [{'type': 'text', 'text': 'PLAYER (number) BALL (ball)', '_default_settings': ['type', 'text'], 'x': None, 'y': None, 'anchor_x': 'center', 'anchor_y': 'center', 'round_anchor_x': None, 'round_anchor_y': None, 'opacity': 1.0, 'z': 0, 'reset_animations_events': {}, 'color': [1.0, 1.0, 1.0, 1.0], 'style': [], 'adjust_top': 0, 'adjust_bottom': 0, 'adjust_left': 0, 'adjust_right': 0, 'expire': None, 'key': None, 'widget': None, 'events_when_added': [], 'events_when_removed': [], 'font_size': 15, 'bitmap_font': False, 'font_kerning': True, 'bold': False, 'italic': False, 'number_grouping': False, 'min_digits': 0, 'halign': 'center', 'valign': 'middle', 'rotation': 0, 'scale': 1.0, 'casing': None, 'animations': None}], 'target': None, 'background_color': [0.0, 0.0, 0.0, 1.0], 'priority': None, 'show': True, 'force': False, 'expire': None, 'slide': None, 'tokens': {}, 'action': 'play'}}, 'context': '_global', 'calling_context': 'ball_started', 'priority': 0, 'player': 1, 'ball': 3, 'balls_remaining': 0, 'is_extra_ball': False}
2023-02-12 08:21:41,817 : mpfmc : SlidePlayer: Play called with settings={'widgets': {'widgets': [{'type': 'text', 'text': 'PLAYER (number) BALL (ball)', '_default_settings': ['type', 'text'], 'x': None, 'y': None, 'anchor_x': 'center', 'anchor_y': 'center', 'round_anchor_x': None, 'round_anchor_y': None, 'opacity': 1.0, 'z': 0, 'reset_animations_events': {}, 'color': [1.0, 1.0, 1.0, 1.0], 'style': [], 'adjust_top': 0, 'adjust_bottom': 0, 'adjust_left': 0, 'adjust_right': 0, 'expire': None, 'key': None, 'widget': None, 'events_when_added': [], 'events_when_removed': [], 'font_size': 15, 'bitmap_font': False, 'font_kerning': True, 'bold': False, 'italic': False, 'number_grouping': False, 'min_digits': 0, 'halign': 'center', 'valign': 'middle', 'rotation': 0, 'scale': 1.0, 'casing': None, 'animations': None}], 'target': None, 'background_color': [0.0, 0.0, 0.0, 1.0], 'priority': None, 'show': True, 'force': False, 'expire': None, 'slide': None, 'tokens': {}, 'action': 'play'}}
2023-02-12 08:21:41,817 : EventManager : Event: ======'slide__global.slide_player-ball_started_removed'====== Args={}
2023-02-12 08:21:41,821 : EventManager : Event: ======'slide__global.slide_player-ball_started_created'====== Args={}
2023-02-12 08:21:41,823 : EventManager : Event: ======'slide__global.slide_player-ball_started_active'====== Args={}
2023-02-12 08:21:44,880 : EventManager : Event: ======'machine_var_audits_switches_s_right_flipper'====== Args={'value': 1447, 'prev_value': 1446, 'change': 1}
2023-02-12 08:21:48,473 : EventManager : Event: ======'machine_var_audits_switches_s_left_flipper'====== Args={'value': 1354, 'prev_value': 1353, 'change': 1}
2023-02-12 08:21:49,459 : EventManager : Event: ======'machine_var_audits_switches_s_right_slingshot'====== Args={'value': 197, 'prev_value': 196, 'change': 1}
2023-02-12 08:21:49,732 : EventManager : Event: ======'machine_var_audits_switches_s_left_flipper'====== Args={'value': 1355, 'prev_value': 1354, 'change': 1}
2023-02-12 08:21:52,624 : EventManager : Event: ======'machine_var_audits_switches_s_left_flipper'====== Args={'value': 1356, 'prev_value': 1355, 'change': 1}
2023-02-12 08:21:54,562 : EventManager : Event: ======'machine_var_audits_switches_s_right_flipper'====== Args={'value': 1448, 'prev_value': 1447, 'change': 1}
2023-02-12 08:21:56,076 : EventManager : Event: ======'machine_var_audits_switches_s_right_flipper'====== Args={'value': 1449, 'prev_value': 1448, 'change': 1}
2023-02-12 08:21:57,703 : EventManager : Event: ======'machine_var_audits_switches_s_right_flipper'====== Args={'value': 1450, 'prev_value': 1449, 'change': 1}
2023-02-12 08:21:58,595 : EventManager : Event: ======'machine_var_audits_switches_s_right_flipper'====== Args={'value': 1451, 'prev_value': 1450, 'change': 1}
2023-02-12 08:22:00,160 : EventManager : Event: ======'machine_var_audits_switches_s_left_flipper'====== Args={'value': 1357, 'prev_value': 1356, 'change': 1}
2023-02-12 08:22:03,076 : EventManager : Event: ======'machine_var_audits_switches_s_right_flipper'====== Args={'value': 1452, 'prev_value': 1451, 'change': 1}
2023-02-12 08:22:03,357 : EventManager : Event: ======'machine_var_audits_switches_s_scoop_lower'====== Args={'value': 182, 'prev_value': 181, 'change': 1}
2023-02-12 08:22:03,866 : EventManager : Event: ======'machine_var_audits_switches_s_scoop_lower'====== Args={'value': 183, 'prev_value': 182, 'change': 1}
2023-02-12 08:22:04,885 : EventManager : Event: ======'machine_var_audits_switches_s_left_flipper'====== Args={'value': 1358, 'prev_value': 1357, 'change': 1}
2023-02-12 08:22:06,282 : EventManager : Event: ======'machine_var_audits_switches_s_right_slingshot'====== Args={'value': 198, 'prev_value': 197, 'change': 1}
2023-02-12 08:22:15,344 : EventManager : Event: ======'machine_var_audits_switches_s_right_flipper'====== Args={'value': 1453, 'prev_value': 1452, 'change': 1}
2023-02-12 08:22:16,935 : EventManager : Event: ======'machine_var_audits_switches_s_right_flipper'====== Args={'value': 1454, 'prev_value': 1453, 'change': 1}
2023-02-12 08:22:19,343 : EventManager : Event: ======'machine_var_audits_switches_s_right_flipper'====== Args={'value': 1455, 'prev_value': 1454, 'change': 1}
2023-02-12 08:22:20,615 : EventManager : Event: ======'machine_var_audits_switches_s_right_flipper'====== Args={'value': 1456, 'prev_value': 1455, 'change': 1}
2023-02-12 08:22:24,286 : EventManager : Event: ======'machine_var_audits_switches_s_trough1'====== Args={'value': 247, 'prev_value': 246, 'change': 1}
2023-02-12 08:22:24,796 : EventManager : Event: ======'slides_play'====== Args={'settings': {'attract_started': {'target': None, 'background_color': [0.0, 0.0, 0.0, 1.0], 'priority': None, 'show': True, 'force': False, 'expire': None, 'slide': None, 'tokens': {}, 'action': 'play'}}, 'context': '_global', 'calling_context': 'mode_attract_started', 'priority': 0}
2023-02-12 08:22:24,796 : mpfmc : SlidePlayer: Play called with settings={'attract_started': {'target': None, 'background_color': [0.0, 0.0, 0.0, 1.0], 'priority': None, 'show': True, 'force': False, 'expire': None, 'slide': None, 'tokens': {}, 'action': 'play'}}
2023-02-12 08:22:24,796 : EventManager : Event: ======'slide_attract_started_removed'====== Args={}
2023-02-12 08:22:24,799 : EventManager : Event: ======'slide_attract_started_created'====== Args={}
2023-02-12 08:22:24,801 : EventManager : Event: ======'slide_attract_started_active'====== Args={}
2023-02-12 08:22:25,340 : EventManager : Event: ======'game_ended'====== Args={}
2023-02-12 08:23:53,963 : EventManager : Event: ======'game_started'====== Args={}
2023-02-12 08:23:54,000 : EventManager : Event: ======'player_added'====== Args={'player': <Player 1>, 'num': 1}
2023-02-12 08:23:54,000 : EventManager : Event: ======'player_index'====== Args={'value': 0, 'prev_value': 0, 'change': 0, 'player_num': 1}
2023-02-12 08:23:54,000 : EventManager : Event: ======'player_number'====== Args={'value': 1, 'prev_value': 1, 'change': 0, 'player_num': 1}
2023-02-12 08:23:54,001 : EventManager : Event: ======'player_score'====== Args={'value': 0, 'prev_value': 0, 'change': 0, 'player_num': 1}
2023-02-12 08:23:54,025 : EventManager : Event: ======'player_ball'====== Args={'value': 1, 'prev_value': 0, 'change': 1, 'player_num': 1}
2023-02-12 08:23:54,037 : EventManager : Event: ======'player_turn_start'====== Args={'number': 1, 'player': <Player 1>}
2023-02-12 08:23:54,049 : EventManager : Event: ======'slides_play'====== Args={'settings': {'widgets': {'widgets': [{'type': 'text', 'text': 'PLAYER (number) BALL (ball)', '_default_settings': ['type', 'text'], 'x': None, 'y': None, 'anchor_x': 'center', 'anchor_y': 'center', 'round_anchor_x': None, 'round_anchor_y': None, 'opacity': 1.0, 'z': 0, 'reset_animations_events': {}, 'color': [1.0, 1.0, 1.0, 1.0], 'style': [], 'adjust_top': 0, 'adjust_bottom': 0, 'adjust_left': 0, 'adjust_right': 0, 'expire': None, 'key': None, 'widget': None, 'events_when_added': [], 'events_when_removed': [], 'font_size': 15, 'bitmap_font': False, 'font_kerning': True, 'bold': False, 'italic': False, 'number_grouping': False, 'min_digits': 0, 'halign': 'center', 'valign': 'middle', 'rotation': 0, 'scale': 1.0, 'casing': None, 'animations': None}], 'target': None, 'background_color': [0.0, 0.0, 0.0, 1.0], 'priority': None, 'show': True, 'force': False, 'expire': None, 'slide': None, 'tokens': {}, 'action': 'play'}}, 'context': '_global', 'calling_context': 'ball_started', 'priority': 0, 'player': 1, 'ball': 1, 'balls_remaining': 2, 'is_extra_ball': False}
2023-02-12 08:23:54,049 : mpfmc : SlidePlayer: Play called with settings={'widgets': {'widgets': [{'type': 'text', 'text': 'PLAYER (number) BALL (ball)', '_default_settings': ['type', 'text'], 'x': None, 'y': None, 'anchor_x': 'center', 'anchor_y': 'center', 'round_anchor_x': None, 'round_anchor_y': None, 'opacity': 1.0, 'z': 0, 'reset_animations_events': {}, 'color': [1.0, 1.0, 1.0, 1.0], 'style': [], 'adjust_top': 0, 'adjust_bottom': 0, 'adjust_left': 0, 'adjust_right': 0, 'expire': None, 'key': None, 'widget': None, 'events_when_added': [], 'events_when_removed': [], 'font_size': 15, 'bitmap_font': False, 'font_kerning': True, 'bold': False, 'italic': False, 'number_grouping': False, 'min_digits': 0, 'halign': 'center', 'valign': 'middle', 'rotation': 0, 'scale': 1.0, 'casing': None, 'animations': None}], 'target': None, 'background_color': [0.0, 0.0, 0.0, 1.0], 'priority': None, 'show': True, 'force': False, 'expire': None, 'slide': None, 'tokens': {}, 'action': 'play'}}
2023-02-12 08:23:54,050 : EventManager : Event: ======'slide__global.slide_player-ball_started_removed'====== Args={}
2023-02-12 08:23:54,056 : EventManager : Event: ======'slide__global.slide_player-ball_started_created'====== Args={}
2023-02-12 08:23:54,058 : EventManager : Event: ======'slide__global.slide_player-ball_started_active'====== Args={}
2023-02-12 08:24:03,038 : EventManager : Event: ======'machine_var_audits_switches_s_right_flipper'====== Args={'value': 1457, 'prev_value': 1456, 'change': 1}
2023-02-12 08:24:04,065 : EventManager : Event: ======'machine_var_audits_switches_s_left_slingshot'====== Args={'value': 211, 'prev_value': 210, 'change': 1}
2023-02-12 08:24:04,200 : EventManager : Event: ======'machine_var_audits_switches_s_right_slingshot'====== Args={'value': 199, 'prev_value': 198, 'change': 1}
2023-02-12 08:24:05,332 : EventManager : Event: ======'machine_var_audits_switches_s_left_flipper'====== Args={'value': 1359, 'prev_value': 1358, 'change': 1}
2023-02-12 08:24:06,290 : EventManager : Event: ======'machine_var_audits_switches_s_right_flipper'====== Args={'value': 1458, 'prev_value': 1457, 'change': 1}
2023-02-12 08:24:07,394 : EventManager : Event: ======'machine_var_audits_switches_s_left_slingshot'====== Args={'value': 212, 'prev_value': 211, 'change': 1}
2023-02-12 08:24:08,296 : EventManager : Event: ======'machine_var_audits_switches_s_right_slingshot'====== Args={'value': 200, 'prev_value': 199, 'change': 1}
2023-02-12 08:24:09,725 : EventManager : Event: ======'machine_var_audits_switches_s_left_flipper'====== Args={'value': 1360, 'prev_value': 1359, 'change': 1}
2023-02-12 08:24:11,471 : EventManager : Event: ======'machine_var_audits_switches_s_right_flipper'====== Args={'value': 1459, 'prev_value': 1458, 'change': 1}
2023-02-12 08:24:12,955 : EventManager : Event: ======'machine_var_audits_switches_s_left_flipper'====== Args={'value': 1361, 'prev_value': 1360, 'change': 1}
2023-02-12 08:24:16,341 : EventManager : Event: ======'machine_var_audits_switches_s_left_flipper'====== Args={'value': 1362, 'prev_value': 1361, 'change': 1}
2023-02-12 08:24:17,303 : EventManager : Event: ======'machine_var_audits_switches_s_left_flipper'====== Args={'value': 1363, 'prev_value': 1362, 'change': 1}
2023-02-12 08:24:18,672 : EventManager : Event: ======'machine_var_audits_switches_s_right_flipper'====== Args={'value': 1460, 'prev_value': 1459, 'change': 1}
2023-02-12 08:24:19,687 : EventManager : Event: ======'machine_var_audits_switches_s_left_flipper'====== Args={'value': 1364, 'prev_value': 1363, 'change': 1}
2023-02-12 08:24:20,265 : EventManager : Event: ======'machine_var_audits_switches_s_right_flipper'====== Args={'value': 1461, 'prev_value': 1460, 'change': 1}
2023-02-12 08:24:21,039 : EventManager : Event: ======'machine_var_audits_switches_s_right_flipper'====== Args={'value': 1462, 'prev_value': 1461, 'change': 1}
2023-02-12 08:24:22,412 : EventManager : Event: ======'machine_var_audits_switches_s_right_flipper'====== Args={'value': 1463, 'prev_value': 1462, 'change': 1}
2023-02-12 08:24:24,745 : EventManager : Event: ======'machine_var_audits_switches_s_right_flipper'====== Args={'value': 1464, 'prev_value': 1463, 'change': 1}
2023-02-12 08:24:26,213 : EventManager : Event: ======'machine_var_audits_switches_s_right_flipper'====== Args={'value': 1465, 'prev_value': 1464, 'change': 1}
2023-02-12 08:24:27,860 : EventManager : Event: ======'machine_var_audits_switches_s_left_flipper'====== Args={'value': 1365, 'prev_value': 1364, 'change': 1}
2023-02-12 08:24:28,681 : EventManager : Event: ======'machine_var_audits_switches_s_left_flipper'====== Args={'value': 1366, 'prev_value': 1365, 'change': 1}
2023-02-12 08:24:30,210 : EventManager : Event: ======'machine_var_audits_switches_s_trough1'====== Args={'value': 248, 'prev_value': 247, 'change': 1}
2023-02-12 08:24:30,313 : EventManager : Event: ======'machine_var_audits_switches_s_trough1'====== Args={'value': 249, 'prev_value': 248, 'change': 1}
2023-02-12 08:24:30,825 : EventManager : Event: ======'player_ball'====== Args={'value': 2, 'prev_value': 1, 'change': 1, 'player_num': 1}
2023-02-12 08:24:30,825 : EventManager : Event: ======'slides_play'====== Args={'settings': {'widgets': {'widgets': [{'type': 'text', 'text': 'PLAYER (number) BALL (ball)', '_default_settings': ['type', 'text'], 'x': None, 'y': None, 'anchor_x': 'center', 'anchor_y': 'center', 'round_anchor_x': None, 'round_anchor_y': None, 'opacity': 1.0, 'z': 0, 'reset_animations_events': {}, 'color': [1.0, 1.0, 1.0, 1.0], 'style': [], 'adjust_top': 0, 'adjust_bottom': 0, 'adjust_left': 0, 'adjust_right': 0, 'expire': None, 'key': None, 'widget': None, 'events_when_added': [], 'events_when_removed': [], 'font_size': 15, 'bitmap_font': False, 'font_kerning': True, 'bold': False, 'italic': False, 'number_grouping': False, 'min_digits': 0, 'halign': 'center', 'valign': 'middle', 'rotation': 0, 'scale': 1.0, 'casing': None, 'animations': None}], 'target': None, 'background_color': [0.0, 0.0, 0.0, 1.0], 'priority': None, 'show': True, 'force': False, 'expire': None, 'slide': None, 'tokens': {}, 'action': 'play'}}, 'context': '_global', 'calling_context': 'ball_started', 'priority': 0, 'player': 1, 'ball': 2, 'balls_remaining': 1, 'is_extra_ball': False}
2023-02-12 08:24:30,826 : mpfmc : SlidePlayer: Play called with settings={'widgets': {'widgets': [{'type': 'text', 'text': 'PLAYER (number) BALL (ball)', '_default_settings': ['type', 'text'], 'x': None, 'y': None, 'anchor_x': 'center', 'anchor_y': 'center', 'round_anchor_x': None, 'round_anchor_y': None, 'opacity': 1.0, 'z': 0, 'reset_animations_events': {}, 'color': [1.0, 1.0, 1.0, 1.0], 'style': [], 'adjust_top': 0, 'adjust_bottom': 0, 'adjust_left': 0, 'adjust_right': 0, 'expire': None, 'key': None, 'widget': None, 'events_when_added': [], 'events_when_removed': [], 'font_size': 15, 'bitmap_font': False, 'font_kerning': True, 'bold': False, 'italic': False, 'number_grouping': False, 'min_digits': 0, 'halign': 'center', 'valign': 'middle', 'rotation': 0, 'scale': 1.0, 'casing': None, 'animations': None}], 'target': None, 'background_color': [0.0, 0.0, 0.0, 1.0], 'priority': None, 'show': True, 'force': False, 'expire': None, 'slide': None, 'tokens': {}, 'action': 'play'}}
2023-02-12 08:24:30,826 : EventManager : Event: ======'slide__global.slide_player-ball_started_removed'====== Args={}
2023-02-12 08:24:30,831 : EventManager : Event: ======'slide__global.slide_player-ball_started_created'====== Args={}
2023-02-12 08:24:30,834 : EventManager : Event: ======'slide__global.slide_player-ball_started_active'====== Args={}
2023-02-12 08:24:36,105 : EventManager : Event: ======'machine_var_audits_switches_s_pop_bot'====== Args={'value': 291, 'prev_value': 290, 'change': 1}
2023-02-12 08:24:41,129 : EventManager : Event: ======'machine_var_audits_switches_s_right_flipper'====== Args={'value': 1466, 'prev_value': 1465, 'change': 1}
2023-02-12 08:24:44,143 : EventManager : Event: ======'machine_var_audits_switches_s_left_flipper'====== Args={'value': 1367, 'prev_value': 1366, 'change': 1}
2023-02-12 08:24:50,984 : EventManager : Event: ======'machine_var_audits_switches_s_left_flipper'====== Args={'value': 1368, 'prev_value': 1367, 'change': 1}
2023-02-12 08:24:53,120 : EventManager : Event: ======'machine_var_audits_switches_s_right_flipper'====== Args={'value': 1467, 'prev_value': 1466, 'change': 1}
2023-02-12 08:24:53,404 : EventManager : Event: ======'machine_var_audits_switches_s_left_slingshot'====== Args={'value': 213, 'prev_value': 212, 'change': 1}
2023-02-12 08:24:56,946 : EventManager : Event: ======'machine_var_audits_switches_s_right_flipper'====== Args={'value': 1468, 'prev_value': 1467, 'change': 1}
2023-02-12 08:24:58,651 : EventManager : Event: ======'machine_var_audits_switches_s_right_flipper'====== Args={'value': 1469, 'prev_value': 1468, 'change': 1}
2023-02-12 08:25:00,389 : EventManager : Event: ======'machine_var_audits_switches_s_left_flipper'====== Args={'value': 1369, 'prev_value': 1368, 'change': 1}
2023-02-12 08:25:05,180 : EventManager : Event: ======'machine_var_audits_switches_s_right_flipper'====== Args={'value': 1470, 'prev_value': 1469, 'change': 1}
2023-02-12 08:25:13,664 : EventManager : Event: ======'machine_var_audits_switches_s_left_flipper'====== Args={'value': 1370, 'prev_value': 1369, 'change': 1}
2023-02-12 08:25:15,742 : EventManager : Event: ======'machine_var_audits_switches_s_right_flipper'====== Args={'value': 1471, 'prev_value': 1470, 'change': 1}
2023-02-12 08:25:17,443 : EventManager : Event: ======'machine_var_audits_switches_s_left_flipper'====== Args={'value': 1371, 'prev_value': 1370, 'change': 1}
2023-02-12 08:25:18,790 : EventManager : Event: ======'machine_var_audits_switches_s_trough1'====== Args={'value': 250, 'prev_value': 249, 'change': 1}
2023-02-12 08:25:18,840 : EventManager : Event: ======'machine_var_audits_switches_s_trough1'====== Args={'value': 251, 'prev_value': 250, 'change': 1}
2023-02-12 08:25:19,339 : EventManager : Event: ======'player_ball'====== Args={'value': 3, 'prev_value': 2, 'change': 1, 'player_num': 1}
2023-02-12 08:25:19,869 : EventManager : Event: ======'slides_play'====== Args={'settings': {'widgets': {'widgets': [{'type': 'text', 'text': 'PLAYER (number) BALL (ball)', '_default_settings': ['type', 'text'], 'x': None, 'y': None, 'anchor_x': 'center', 'anchor_y': 'center', 'round_anchor_x': None, 'round_anchor_y': None, 'opacity': 1.0, 'z': 0, 'reset_animations_events': {}, 'color': [1.0, 1.0, 1.0, 1.0], 'style': [], 'adjust_top': 0, 'adjust_bottom': 0, 'adjust_left': 0, 'adjust_right': 0, 'expire': None, 'key': None, 'widget': None, 'events_when_added': [], 'events_when_removed': [], 'font_size': 15, 'bitmap_font': False, 'font_kerning': True, 'bold': False, 'italic': False, 'number_grouping': False, 'min_digits': 0, 'halign': 'center', 'valign': 'middle', 'rotation': 0, 'scale': 1.0, 'casing': None, 'animations': None}], 'target': None, 'background_color': [0.0, 0.0, 0.0, 1.0], 'priority': None, 'show': True, 'force': False, 'expire': None, 'slide': None, 'tokens': {}, 'action': 'play'}}, 'context': '_global', 'calling_context': 'ball_started', 'priority': 0, 'player': 1, 'ball': 3, 'balls_remaining': 0, 'is_extra_ball': False}
2023-02-12 08:25:19,870 : mpfmc : SlidePlayer: Play called with settings={'widgets': {'widgets': [{'type': 'text', 'text': 'PLAYER (number) BALL (ball)', '_default_settings': ['type', 'text'], 'x': None, 'y': None, 'anchor_x': 'center', 'anchor_y': 'center', 'round_anchor_x': None, 'round_anchor_y': None, 'opacity': 1.0, 'z': 0, 'reset_animations_events': {}, 'color': [1.0, 1.0, 1.0, 1.0], 'style': [], 'adjust_top': 0, 'adjust_bottom': 0, 'adjust_left': 0, 'adjust_right': 0, 'expire': None, 'key': None, 'widget': None, 'events_when_added': [], 'events_when_removed': [], 'font_size': 15, 'bitmap_font': False, 'font_kerning': True, 'bold': False, 'italic': False, 'number_grouping': False, 'min_digits': 0, 'halign': 'center', 'valign': 'middle', 'rotation': 0, 'scale': 1.0, 'casing': None, 'animations': None}], 'target': None, 'background_color': [0.0, 0.0, 0.0, 1.0], 'priority': None, 'show': True, 'force': False, 'expire': None, 'slide': None, 'tokens': {}, 'action': 'play'}}
2023-02-12 08:25:19,870 : EventManager : Event: ======'slide__global.slide_player-ball_started_removed'====== Args={}
2023-02-12 08:25:19,875 : EventManager : Event: ======'slide__global.slide_player-ball_started_created'====== Args={}
2023-02-12 08:25:19,877 : EventManager : Event: ======'slide__global.slide_player-ball_started_active'====== Args={}
2023-02-12 08:25:21,323 : EventManager : Event: ======'machine_var_audits_switches_s_pop_bot'====== Args={'value': 292, 'prev_value': 291, 'change': 1}
2023-02-12 08:25:22,576 : EventManager : Event: ======'machine_var_audits_switches_s_right_flipper'====== Args={'value': 1472, 'prev_value': 1471, 'change': 1}
2023-02-12 08:25:24,069 : EventManager : Event: ======'machine_var_audits_switches_s_right_flipper'====== Args={'value': 1473, 'prev_value': 1472, 'change': 1}
2023-02-12 08:25:24,529 : EventManager : Event: ======'machine_var_audits_switches_s_left_flipper'====== Args={'value': 1372, 'prev_value': 1371, 'change': 1}
2023-02-12 08:25:25,389 : EventManager : Event: ======'machine_var_audits_switches_s_trough1'====== Args={'value': 252, 'prev_value': 251, 'change': 1}
2023-02-12 08:25:25,908 : EventManager : Event: ======'slides_play'====== Args={'settings': {'attract_started': {'target': None, 'background_color': [0.0, 0.0, 0.0, 1.0], 'priority': None, 'show': True, 'force': False, 'expire': None, 'slide': None, 'tokens': {}, 'action': 'play'}}, 'context': '_global', 'calling_context': 'mode_attract_started', 'priority': 0}
2023-02-12 08:25:25,908 : EventManager : Event: ======'game_ended'====== Args={}
2023-02-12 08:25:25,908 : mpfmc : SlidePlayer: Play called with settings={'attract_started': {'target': None, 'background_color': [0.0, 0.0, 0.0, 1.0], 'priority': None, 'show': True, 'force': False, 'expire': None, 'slide': None, 'tokens': {}, 'action': 'play'}}
2023-02-12 08:25:25,909 : EventManager : Event: ======'slide_attract_started_removed'====== Args={}
2023-02-12 08:25:25,911 : EventManager : Event: ======'slide_attract_started_created'====== Args={}
2023-02-12 08:25:25,912 : EventManager : Event: ======'slide_attract_started_active'====== Args={}
2023-02-12 08:25:28,973 : EventManager : Event: ======'game_started'====== Args={}
2023-02-12 08:25:29,009 : EventManager : Event: ======'player_added'====== Args={'player': <Player 1>, 'num': 1}
2023-02-12 08:25:29,009 : EventManager : Event: ======'player_index'====== Args={'value': 0, 'prev_value': 0, 'change': 0, 'player_num': 1}
2023-02-12 08:25:29,009 : EventManager : Event: ======'player_number'====== Args={'value': 1, 'prev_value': 1, 'change': 0, 'player_num': 1}
2023-02-12 08:25:29,009 : EventManager : Event: ======'player_score'====== Args={'value': 0, 'prev_value': 0, 'change': 0, 'player_num': 1}
2023-02-12 08:25:29,034 : EventManager : Event: ======'player_ball'====== Args={'value': 1, 'prev_value': 0, 'change': 1, 'player_num': 1}
2023-02-12 08:25:29,034 : EventManager : Event: ======'player_turn_start'====== Args={'number': 1, 'player': <Player 1>}
2023-02-12 08:25:29,046 : EventManager : Event: ======'slides_play'====== Args={'settings': {'widgets': {'widgets': [{'type': 'text', 'text': 'PLAYER (number) BALL (ball)', '_default_settings': ['type', 'text'], 'x': None, 'y': None, 'anchor_x': 'center', 'anchor_y': 'center', 'round_anchor_x': None, 'round_anchor_y': None, 'opacity': 1.0, 'z': 0, 'reset_animations_events': {}, 'color': [1.0, 1.0, 1.0, 1.0], 'style': [], 'adjust_top': 0, 'adjust_bottom': 0, 'adjust_left': 0, 'adjust_right': 0, 'expire': None, 'key': None, 'widget': None, 'events_when_added': [], 'events_when_removed': [], 'font_size': 15, 'bitmap_font': False, 'font_kerning': True, 'bold': False, 'italic': False, 'number_grouping': False, 'min_digits': 0, 'halign': 'center', 'valign': 'middle', 'rotation': 0, 'scale': 1.0, 'casing': None, 'animations': None}], 'target': None, 'background_color': [0.0, 0.0, 0.0, 1.0], 'priority': None, 'show': True, 'force': False, 'expire': None, 'slide': None, 'tokens': {}, 'action': 'play'}}, 'context': '_global', 'calling_context': 'ball_started', 'priority': 0, 'player': 1, 'ball': 1, 'balls_remaining': 2, 'is_extra_ball': False}
2023-02-12 08:25:29,046 : mpfmc : SlidePlayer: Play called with settings={'widgets': {'widgets': [{'type': 'text', 'text': 'PLAYER (number) BALL (ball)', '_default_settings': ['type', 'text'], 'x': None, 'y': None, 'anchor_x': 'center', 'anchor_y': 'center', 'round_anchor_x': None, 'round_anchor_y': None, 'opacity': 1.0, 'z': 0, 'reset_animations_events': {}, 'color': [1.0, 1.0, 1.0, 1.0], 'style': [], 'adjust_top': 0, 'adjust_bottom': 0, 'adjust_left': 0, 'adjust_right': 0, 'expire': None, 'key': None, 'widget': None, 'events_when_added': [], 'events_when_removed': [], 'font_size': 15, 'bitmap_font': False, 'font_kerning': True, 'bold': False, 'italic': False, 'number_grouping': False, 'min_digits': 0, 'halign': 'center', 'valign': 'middle', 'rotation': 0, 'scale': 1.0, 'casing': None, 'animations': None}], 'target': None, 'background_color': [0.0, 0.0, 0.0, 1.0], 'priority': None, 'show': True, 'force': False, 'expire': None, 'slide': None, 'tokens': {}, 'action': 'play'}}
2023-02-12 08:25:29,046 : EventManager : Event: ======'slide__global.slide_player-ball_started_removed'====== Args={}
2023-02-12 08:25:29,049 : EventManager : Event: ======'slide__global.slide_player-ball_started_created'====== Args={}
2023-02-12 08:25:29,050 : EventManager : Event: ======'slide__global.slide_player-ball_started_active'====== Args={}
2023-02-12 08:25:32,710 : EventManager : Event: ======'machine_var_audits_switches_s_right_flipper'====== Args={'value': 1474, 'prev_value': 1473, 'change': 1}
2023-02-12 08:25:34,082 : EventManager : Event: ======'machine_var_audits_switches_s_left_flipper'====== Args={'value': 1373, 'prev_value': 1372, 'change': 1}
2023-02-12 08:25:35,561 : EventManager : Event: ======'machine_var_audits_switches_s_right_flipper'====== Args={'value': 1475, 'prev_value': 1474, 'change': 1}
2023-02-12 08:25:36,505 : EventManager : Event: ======'machine_var_audits_switches_s_left_flipper'====== Args={'value': 1374, 'prev_value': 1373, 'change': 1}
2023-02-12 08:25:36,790 : EventManager : Event: ======'machine_var_audits_switches_s_left_slingshot'====== Args={'value': 214, 'prev_value': 213, 'change': 1}
2023-02-12 08:25:36,976 : EventManager : Event: ======'machine_var_audits_switches_s_right_slingshot'====== Args={'value': 201, 'prev_value': 200, 'change': 1}
2023-02-12 08:25:38,905 : EventManager : Event: ======'machine_var_audits_switches_s_right_flipper'====== Args={'value': 1476, 'prev_value': 1475, 'change': 1}
2023-02-12 08:25:40,501 : EventManager : Event: ======'machine_var_audits_switches_s_right_flipper'====== Args={'value': 1477, 'prev_value': 1476, 'change': 1}
2023-02-12 08:25:41,851 : EventManager : Event: ======'machine_var_audits_switches_s_right_flipper'====== Args={'value': 1478, 'prev_value': 1477, 'change': 1}
2023-02-12 08:25:43,729 : EventManager : Event: ======'machine_var_audits_switches_s_left_flipper'====== Args={'value': 1375, 'prev_value': 1374, 'change': 1}
2023-02-12 08:25:46,479 : EventManager : Event: ======'machine_var_audits_switches_s_right_flipper'====== Args={'value': 1479, 'prev_value': 1478, 'change': 1}
2023-02-12 08:25:48,869 : EventManager : Event: ======'machine_var_audits_switches_s_left_flipper'====== Args={'value': 1376, 'prev_value': 1375, 'change': 1}
2023-02-12 08:25:58,936 : EventManager : Event: ======'machine_var_audits_switches_s_right_flipper'====== Args={'value': 1480, 'prev_value': 1479, 'change': 1}
2023-02-12 08:26:00,799 : EventManager : Event: ======'machine_var_audits_switches_s_left_flipper'====== Args={'value': 1377, 'prev_value': 1376, 'change': 1}
2023-02-12 08:26:01,926 : EventManager : Event: ======'machine_var_audits_switches_s_right_flipper'====== Args={'value': 1481, 'prev_value': 1480, 'change': 1}
2023-02-12 08:26:03,358 : EventManager : Event: ======'machine_var_audits_switches_s_right_flipper'====== Args={'value': 1482, 'prev_value': 1481, 'change': 1}
2023-02-12 08:26:07,320 : EventManager : Event: ======'machine_var_audits_switches_s_left_flipper'====== Args={'value': 1378, 'prev_value': 1377, 'change': 1}
2023-02-12 08:26:08,410 : EventManager : Event: ======'machine_var_audits_switches_s_left_flipper'====== Args={'value': 1379, 'prev_value': 1378, 'change': 1}
2023-02-12 08:26:09,856 : EventManager : Event: ======'machine_var_audits_switches_s_left_flipper'====== Args={'value': 1380, 'prev_value': 1379, 'change': 1}
2023-02-12 08:26:09,920 : EventManager : Event: ======'machine_var_audits_switches_s_right_flipper'====== Args={'value': 1483, 'prev_value': 1482, 'change': 1}
2023-02-12 08:26:11,399 : EventManager : Event: ======'machine_var_audits_switches_s_trough1'====== Args={'value': 253, 'prev_value': 252, 'change': 1}
2023-02-12 08:26:11,460 : EventManager : Event: ======'machine_var_audits_switches_s_trough1'====== Args={'value': 254, 'prev_value': 253, 'change': 1}
2023-02-12 08:26:12,002 : EventManager : Event: ======'player_ball'====== Args={'value': 2, 'prev_value': 1, 'change': 1, 'player_num': 1}
2023-02-12 08:26:12,528 : EventManager : Event: ======'slides_play'====== Args={'settings': {'widgets': {'widgets': [{'type': 'text', 'text': 'PLAYER (number) BALL (ball)', '_default_settings': ['type', 'text'], 'x': None, 'y': None, 'anchor_x': 'center', 'anchor_y': 'center', 'round_anchor_x': None, 'round_anchor_y': None, 'opacity': 1.0, 'z': 0, 'reset_animations_events': {}, 'color': [1.0, 1.0, 1.0, 1.0], 'style': [], 'adjust_top': 0, 'adjust_bottom': 0, 'adjust_left': 0, 'adjust_right': 0, 'expire': None, 'key': None, 'widget': None, 'events_when_added': [], 'events_when_removed': [], 'font_size': 15, 'bitmap_font': False, 'font_kerning': True, 'bold': False, 'italic': False, 'number_grouping': False, 'min_digits': 0, 'halign': 'center', 'valign': 'middle', 'rotation': 0, 'scale': 1.0, 'casing': None, 'animations': None}], 'target': None, 'background_color': [0.0, 0.0, 0.0, 1.0], 'priority': None, 'show': True, 'force': False, 'expire': None, 'slide': None, 'tokens': {}, 'action': 'play'}}, 'context': '_global', 'calling_context': 'ball_started', 'priority': 0, 'player': 1, 'ball': 2, 'balls_remaining': 1, 'is_extra_ball': False}
2023-02-12 08:26:12,529 : mpfmc : SlidePlayer: Play called with settings={'widgets': {'widgets': [{'type': 'text', 'text': 'PLAYER (number) BALL (ball)', '_default_settings': ['type', 'text'], 'x': None, 'y': None, 'anchor_x': 'center', 'anchor_y': 'center', 'round_anchor_x': None, 'round_anchor_y': None, 'opacity': 1.0, 'z': 0, 'reset_animations_events': {}, 'color': [1.0, 1.0, 1.0, 1.0], 'style': [], 'adjust_top': 0, 'adjust_bottom': 0, 'adjust_left': 0, 'adjust_right': 0, 'expire': None, 'key': None, 'widget': None, 'events_when_added': [], 'events_when_removed': [], 'font_size': 15, 'bitmap_font': False, 'font_kerning': True, 'bold': False, 'italic': False, 'number_grouping': False, 'min_digits': 0, 'halign': 'center', 'valign': 'middle', 'rotation': 0, 'scale': 1.0, 'casing': None, 'animations': None}], 'target': None, 'background_color': [0.0, 0.0, 0.0, 1.0], 'priority': None, 'show': True, 'force': False, 'expire': None, 'slide': None, 'tokens': {}, 'action': 'play'}}
2023-02-12 08:26:12,529 : EventManager : Event: ======'slide__global.slide_player-ball_started_removed'====== Args={}
2023-02-12 08:26:12,532 : EventManager : Event: ======'slide__global.slide_player-ball_started_created'====== Args={}
2023-02-12 08:26:12,534 : EventManager : Event: ======'slide__global.slide_player-ball_started_active'====== Args={}
2023-02-12 08:26:16,225 : EventManager : Event: ======'machine_var_audits_switches_s_right_flipper'====== Args={'value': 1484, 'prev_value': 1483, 'change': 1}
2023-02-12 08:26:18,734 : EventManager : Event: ======'machine_var_audits_switches_s_right_flipper'====== Args={'value': 1485, 'prev_value': 1484, 'change': 1}
2023-02-12 08:26:19,792 : EventManager : Event: ======'machine_var_audits_switches_s_left_flipper'====== Args={'value': 1381, 'prev_value': 1380, 'change': 1}
2023-02-12 08:26:26,460 : EventManager : Event: ======'machine_var_audits_switches_s_left_flipper'====== Args={'value': 1382, 'prev_value': 1381, 'change': 1}
2023-02-12 08:26:27,127 : EventManager : Event: ======'machine_var_audits_switches_s_right_flipper'====== Args={'value': 1486, 'prev_value': 1485, 'change': 1}
2023-02-12 08:26:28,246 : EventManager : Event: ======'machine_var_audits_switches_s_right_flipper'====== Args={'value': 1487, 'prev_value': 1486, 'change': 1}
2023-02-12 08:26:29,163 : EventManager : Event: ======'machine_var_audits_switches_s_right_flipper'====== Args={'value': 1488, 'prev_value': 1487, 'change': 1}
2023-02-12 08:26:51,906 : EventManager : Event: ======'machine_var_audits_switches_s_right_flipper'====== Args={'value': 1489, 'prev_value': 1488, 'change': 1}
2023-02-12 08:26:53,526 : EventManager : Event: ======'machine_var_audits_switches_s_right_flipper'====== Args={'value': 1490, 'prev_value': 1489, 'change': 1}
2023-02-12 08:26:55,336 : EventManager : Event: ======'machine_var_audits_switches_s_left_flipper'====== Args={'value': 1383, 'prev_value': 1382, 'change': 1}
2023-02-12 08:26:56,811 : EventManager : Event: ======'machine_var_audits_switches_s_right_slingshot'====== Args={'value': 202, 'prev_value': 201, 'change': 1}
2023-02-12 08:27:00,270 : EventManager : Event: ======'machine_var_audits_switches_s_right_flipper'====== Args={'value': 1491, 'prev_value': 1490, 'change': 1}
2023-02-12 08:27:02,075 : EventManager : Event: ======'machine_var_audits_switches_s_left_flipper'====== Args={'value': 1384, 'prev_value': 1383, 'change': 1}
2023-02-12 08:27:04,114 : EventManager : Event: ======'machine_var_audits_switches_s_right_flipper'====== Args={'value': 1492, 'prev_value': 1491, 'change': 1}
2023-02-12 08:27:05,380 : EventManager : Event: ======'machine_var_audits_switches_s_right_flipper'====== Args={'value': 1493, 'prev_value': 1492, 'change': 1}
2023-02-12 08:27:06,115 : EventManager : Event: ======'machine_var_audits_switches_s_right_flipper'====== Args={'value': 1494, 'prev_value': 1493, 'change': 1}
2023-02-12 08:27:09,431 : EventManager : Event: ======'machine_var_audits_switches_s_right_flipper'====== Args={'value': 1495, 'prev_value': 1494, 'change': 1}
2023-02-12 08:27:11,077 : EventManager : Event: ======'machine_var_audits_switches_s_right_flipper'====== Args={'value': 1496, 'prev_value': 1495, 'change': 1}
2023-02-12 08:27:12,561 : EventManager : Event: ======'machine_var_audits_switches_s_right_flipper'====== Args={'value': 1497, 'prev_value': 1496, 'change': 1}
2023-02-12 08:27:14,096 : EventManager : Event: ======'machine_var_audits_switches_s_right_flipper'====== Args={'value': 1498, 'prev_value': 1497, 'change': 1}
2023-02-12 08:27:16,387 : EventManager : Event: ======'machine_var_audits_switches_s_right_slingshot'====== Args={'value': 203, 'prev_value': 202, 'change': 1}
2023-02-12 08:27:16,537 : EventManager : Event: ======'machine_var_audits_switches_s_left_slingshot'====== Args={'value': 215, 'prev_value': 214, 'change': 1}
2023-02-12 08:27:22,063 : EventManager : Event: ======'machine_var_audits_switches_s_left_slingshot'====== Args={'value': 216, 'prev_value': 215, 'change': 1}
2023-02-12 08:27:22,075 : EventManager : Event: ======'machine_var_audits_switches_s_right_flipper'====== Args={'value': 1499, 'prev_value': 1498, 'change': 1}
2023-02-12 08:27:25,086 : EventManager : Event: ======'machine_var_audits_switches_s_right_flipper'====== Args={'value': 1500, 'prev_value': 1499, 'change': 1}
2023-02-12 08:27:26,550 : EventManager : Event: ======'machine_var_audits_switches_s_right_flipper'====== Args={'value': 1501, 'prev_value': 1500, 'change': 1}
2023-02-12 08:27:28,360 : EventManager : Event: ======'machine_var_audits_switches_s_left_flipper'====== Args={'value': 1385, 'prev_value': 1384, 'change': 1}
2023-02-12 08:27:29,359 : EventManager : Event: ======'machine_var_audits_switches_s_right_slingshot'====== Args={'value': 204, 'prev_value': 203, 'change': 1}
2023-02-12 08:27:29,559 : EventManager : Event: ======'machine_var_audits_switches_s_left_slingshot'====== Args={'value': 217, 'prev_value': 216, 'change': 1}
2023-02-12 08:27:31,526 : EventManager : Event: ======'machine_var_audits_switches_s_left_flipper'====== Args={'value': 1386, 'prev_value': 1385, 'change': 1}
2023-02-12 08:27:32,744 : EventManager : Event: ======'machine_var_audits_switches_s_right_flipper'====== Args={'value': 1502, 'prev_value': 1501, 'change': 1}
2023-02-12 08:27:34,122 : EventManager : Event: ======'machine_var_audits_switches_s_right_flipper'====== Args={'value': 1503, 'prev_value': 1502, 'change': 1}
2023-02-12 08:27:34,172 : EventManager : Event: ======'machine_var_audits_switches_s_left_flipper'====== Args={'value': 1387, 'prev_value': 1386, 'change': 1}
2023-02-12 08:27:37,129 : EventManager : Event: ======'machine_var_audits_switches_s_left_flipper'====== Args={'value': 1388, 'prev_value': 1387, 'change': 1}
2023-02-12 08:27:38,310 : EventManager : Event: ======'machine_var_audits_switches_s_left_flipper'====== Args={'value': 1389, 'prev_value': 1388, 'change': 1}
2023-02-12 08:27:46,550 : EventManager : Event: ======'machine_var_audits_switches_s_right_flipper'====== Args={'value': 1504, 'prev_value': 1503, 'change': 1}
2023-02-12 08:27:48,006 : EventManager : Event: ======'machine_var_audits_switches_s_right_flipper'====== Args={'value': 1505, 'prev_value': 1504, 'change': 1}
2023-02-12 08:27:48,795 : EventManager : Event: ======'machine_var_audits_switches_s_left_flipper'====== Args={'value': 1390, 'prev_value': 1389, 'change': 1}
2023-02-12 08:27:49,429 : EventManager : Event: ======'machine_var_audits_switches_s_right_flipper'====== Args={'value': 1506, 'prev_value': 1505, 'change': 1}
2023-02-12 08:27:50,970 : EventManager : Event: ======'machine_var_audits_switches_s_right_flipper'====== Args={'value': 1507, 'prev_value': 1506, 'change': 1}
2023-02-12 08:27:51,831 : EventManager : Event: ======'machine_var_audits_switches_s_right_flipper'====== Args={'value': 1508, 'prev_value': 1507, 'change': 1}
2023-02-12 08:27:53,956 : EventManager : Event: ======'machine_var_audits_switches_s_left_flipper'====== Args={'value': 1391, 'prev_value': 1390, 'change': 1}
2023-02-12 08:28:01,657 : EventManager : Event: ======'machine_var_audits_switches_s_left_flipper'====== Args={'value': 1392, 'prev_value': 1391, 'change': 1}
2023-02-12 08:28:02,832 : EventManager : Event: ======'machine_var_audits_switches_s_right_slingshot'====== Args={'value': 205, 'prev_value': 204, 'change': 1}
2023-02-12 08:28:05,583 : EventManager : Event: ======'machine_var_audits_switches_s_right_flipper'====== Args={'value': 1509, 'prev_value': 1508, 'change': 1}
2023-02-12 08:28:07,021 : EventManager : Event: ======'machine_var_audits_switches_s_right_flipper'====== Args={'value': 1510, 'prev_value': 1509, 'change': 1}
2023-02-12 08:28:07,888 : EventManager : Event: ======'machine_var_audits_switches_s_right_flipper'====== Args={'value': 1511, 'prev_value': 1510, 'change': 1}
2023-02-12 08:28:09,962 : EventManager : Event: ======'machine_var_audits_switches_s_right_flipper'====== Args={'value': 1512, 'prev_value': 1511, 'change': 1}
2023-02-12 08:28:10,363 : EventManager : Event: ======'machine_var_audits_switches_s_right_flipper'====== Args={'value': 1513, 'prev_value': 1512, 'change': 1}
2023-02-12 08:28:11,322 : EventManager : Event: ======'machine_var_audits_switches_s_left_flipper'====== Args={'value': 1393, 'prev_value': 1392, 'change': 1}
2023-02-12 08:28:12,407 : EventManager : Event: ======'machine_var_audits_switches_s_left_flipper'====== Args={'value': 1394, 'prev_value': 1393, 'change': 1}
2023-02-12 08:28:14,325 : EventManager : Event: ======'machine_var_audits_switches_s_right_flipper'====== Args={'value': 1514, 'prev_value': 1513, 'change': 1}
2023-02-12 08:28:15,036 : EventManager : Event: ======'machine_var_audits_switches_s_right_flipper'====== Args={'value': 1515, 'prev_value': 1514, 'change': 1}
2023-02-12 08:28:17,174 : EventManager : Event: ======'machine_var_audits_switches_s_right_flipper'====== Args={'value': 1516, 'prev_value': 1515, 'change': 1}
2023-02-12 08:28:19,015 : EventManager : Event: ======'machine_var_audits_switches_s_left_flipper'====== Args={'value': 1395, 'prev_value': 1394, 'change': 1}
2023-02-12 08:28:20,740 : EventManager : Event: ======'machine_var_audits_switches_s_left_flipper'====== Args={'value': 1396, 'prev_value': 1395, 'change': 1}
2023-02-12 08:28:25,265 : EventManager : Event: ======'machine_var_audits_switches_s_left_flipper'====== Args={'value': 1397, 'prev_value': 1396, 'change': 1}
2023-02-12 08:28:26,182 : EventManager : Event: ======'machine_var_audits_switches_s_left_flipper'====== Args={'value': 1398, 'prev_value': 1397, 'change': 1}
2023-02-12 08:28:26,246 : EventManager : Event: ======'machine_var_audits_switches_s_right_flipper'====== Args={'value': 1517, 'prev_value': 1516, 'change': 1}
2023-02-12 08:28:27,734 : EventManager : Event: ======'machine_var_audits_switches_s_left_flipper'====== Args={'value': 1399, 'prev_value': 1398, 'change': 1}
2023-02-12 08:28:30,457 : EventManager : Event: ======'machine_var_audits_switches_s_right_flipper'====== Args={'value': 1518, 'prev_value': 1517, 'change': 1}
2023-02-12 08:28:34,165 : EventManager : Event: ======'machine_var_audits_switches_s_left_flipper'====== Args={'value': 1400, 'prev_value': 1399, 'change': 1}
2023-02-12 08:28:35,072 : EventManager : Event: ======'machine_var_audits_switches_s_left_flipper'====== Args={'value': 1401, 'prev_value': 1400, 'change': 1}
2023-02-12 08:28:37,508 : EventManager : Event: ======'machine_var_audits_switches_s_left_flipper'====== Args={'value': 1402, 'prev_value': 1401, 'change': 1}
2023-02-12 08:28:38,791 : EventManager : Event: ======'machine_var_audits_switches_s_left_flipper'====== Args={'value': 1403, 'prev_value': 1402, 'change': 1}
2023-02-12 08:28:39,852 : EventManager : Event: ======'machine_var_audits_switches_s_left_flipper'====== Args={'value': 1404, 'prev_value': 1403, 'change': 1}
2023-02-12 08:28:42,793 : EventManager : Event: ======'machine_var_audits_switches_s_right_flipper'====== Args={'value': 1519, 'prev_value': 1518, 'change': 1}
2023-02-12 08:28:44,582 : EventManager : Event: ======'machine_var_audits_switches_s_right_flipper'====== Args={'value': 1520, 'prev_value': 1519, 'change': 1}
2023-02-12 08:28:46,124 : EventManager : Event: ======'machine_var_audits_switches_s_left_flipper'====== Args={'value': 1405, 'prev_value': 1404, 'change': 1}
2023-02-12 08:28:49,790 : EventManager : Event: ======'machine_var_audits_switches_s_right_flipper'====== Args={'value': 1521, 'prev_value': 1520, 'change': 1}
2023-02-12 08:28:51,631 : EventManager : Event: ======'machine_var_audits_switches_s_right_slingshot'====== Args={'value': 206, 'prev_value': 205, 'change': 1}
2023-02-12 08:28:51,785 : EventManager : Event: ======'machine_var_audits_switches_s_left_slingshot'====== Args={'value': 218, 'prev_value': 217, 'change': 1}
2023-02-12 08:28:54,351 : EventManager : Event: ======'machine_var_audits_switches_s_right_slingshot'====== Args={'value': 207, 'prev_value': 206, 'change': 1}
2023-02-12 08:28:56,191 : EventManager : Event: ======'machine_var_audits_switches_s_right_flipper'====== Args={'value': 1522, 'prev_value': 1521, 'change': 1}
2023-02-12 08:28:57,565 : EventManager : Event: ======'machine_var_audits_switches_s_left_flipper'====== Args={'value': 1406, 'prev_value': 1405, 'change': 1}
2023-02-12 08:28:59,559 : EventManager : Event: ======'machine_var_audits_switches_s_left_flipper'====== Args={'value': 1407, 'prev_value': 1406, 'change': 1}
2023-02-12 08:29:04,548 : EventManager : Event: ======'machine_var_audits_switches_s_right_flipper'====== Args={'value': 1523, 'prev_value': 1522, 'change': 1}
2023-02-12 08:29:08,360 : EventManager : Event: ======'machine_var_audits_switches_s_left_flipper'====== Args={'value': 1408, 'prev_value': 1407, 'change': 1}
2023-02-12 08:29:09,410 : EventManager : Event: ======'machine_var_audits_switches_s_right_slingshot'====== Args={'value': 208, 'prev_value': 207, 'change': 1}
2023-02-12 08:29:10,187 : EventManager : Event: ======'machine_var_audits_switches_s_right_flipper'====== Args={'value': 1524, 'prev_value': 1523, 'change': 1}
2023-02-12 08:29:12,893 : EventManager : Event: ======'machine_var_audits_switches_s_left_flipper'====== Args={'value': 1409, 'prev_value': 1408, 'change': 1}
2023-02-12 08:29:13,113 : EventManager : Event: ======'machine_var_audits_switches_s_right_flipper'====== Args={'value': 1525, 'prev_value': 1524, 'change': 1}
2023-02-12 08:29:14,238 : EventManager : Event: ======'machine_var_audits_switches_s_right_flipper'====== Args={'value': 1526, 'prev_value': 1525, 'change': 1}
2023-02-12 08:32:03,232 : EventManager : Event: ======'machine_var_audits_switches_s_pop_bot'====== Args={'value': 293, 'prev_value': 292, 'change': 1}
2023-02-12 08:32:03,322 : EventManager : Event: ======'machine_var_audits_switches_s_pop_bot'====== Args={'value': 294, 'prev_value': 293, 'change': 1}
2023-02-12 08:33:42,716 : EventManager : Event: ======'machine_var_audits_switches_s_pop_bot'====== Args={'value': 295, 'prev_value': 294, 'change': 1}
2023-02-12 08:34:37,470 : EventManager : Event: ======'machine_var_audits_switches_s_pop_bot'====== Args={'value': 296, 'prev_value': 295, 'change': 1}
2023-02-12 08:34:37,546 : EventManager : Event: ======'machine_var_audits_switches_s_pop_bot'====== Args={'value': 297, 'prev_value': 296, 'change': 1}
2023-02-12 08:35:11,693 : EventManager : Event: ======'machine_var_audits_switches_s_pop_bot'====== Args={'value': 298, 'prev_value': 297, 'change': 1}
2023-02-12 08:35:11,808 : EventManager : Event: ======'machine_var_audits_switches_s_pop_bot'====== Args={'value': 299, 'prev_value': 298, 'change': 1}
2023-02-12 08:35:11,885 : EventManager : Event: ======'machine_var_audits_switches_s_pop_bot'====== Args={'value': 300, 'prev_value': 299, 'change': 1}
2023-02-12 08:36:42,267 : EventManager : Event: ======'machine_var_audits_switches_s_pop_bot'====== Args={'value': 301, 'prev_value': 300, 'change': 1}
2023-02-12 08:36:42,434 : EventManager : Event: ======'machine_var_audits_switches_s_pop_top'====== Args={'value': 228, 'prev_value': 227, 'change': 1}
2023-02-12 08:36:42,524 : EventManager : Event: ======'machine_var_audits_switches_s_pop_bot'====== Args={'value': 302, 'prev_value': 301, 'change': 1}
2023-02-12 08:36:43,015 : EventManager : Event: ======'machine_var_audits_switches_s_pop_bot'====== Args={'value': 303, 'prev_value': 302, 'change': 1}
2023-02-12 08:36:43,104 : EventManager : Event: ======'machine_var_audits_switches_s_pop_mid'====== Args={'value': 291, 'prev_value': 290, 'change': 1}
2023-02-12 08:36:44,112 : EventManager : Event: ======'machine_var_audits_switches_s_pop_mid'====== Args={'value': 292, 'prev_value': 291, 'change': 1}
2023-02-12 08:36:44,657 : EventManager : Event: ======'machine_var_audits_switches_s_pop_bot'====== Args={'value': 304, 'prev_value': 303, 'change': 1}
2023-02-12 08:36:44,902 : EventManager : Event: ======'machine_var_audits_switches_s_pop_top'====== Args={'value': 229, 'prev_value': 228, 'change': 1}
2023-02-12 08:36:45,094 : EventManager : Event: ======'machine_var_audits_switches_s_pop_bot'====== Args={'value': 305, 'prev_value': 304, 'change': 1}
2023-02-12 08:36:45,184 : EventManager : Event: ======'machine_var_audits_switches_s_pop_bot'====== Args={'value': 306, 'prev_value': 305, 'change': 1}
2023-02-12 08:36:45,403 : EventManager : Event: ======'machine_var_audits_switches_s_pop_top'====== Args={'value': 230, 'prev_value': 229, 'change': 1}
2023-02-12 08:36:45,649 : EventManager : Event: ======'machine_var_audits_switches_s_pop_bot'====== Args={'value': 307, 'prev_value': 306, 'change': 1}
2023-02-12 08:36:45,700 : EventManager : Event: ======'machine_var_audits_switches_s_pop_top'====== Args={'value': 231, 'prev_value': 230, 'change': 1}
2023-02-12 08:36:53,505 : EventManager : Event: ======'machine_var_audits_switches_s_pop_bot'====== Args={'value': 308, 'prev_value': 307, 'change': 1}
2023-02-12 08:36:53,580 : EventManager : Event: ======'machine_var_audits_switches_s_pop_bot'====== Args={'value': 309, 'prev_value': 308, 'change': 1}
2023-02-12 08:37:04,639 : EventManager : Event: ======'machine_var_audits_switches_s_pop_mid'====== Args={'value': 293, 'prev_value': 292, 'change': 1}
2023-02-12 08:37:04,779 : EventManager : Event: ======'machine_var_audits_switches_s_pop_top'====== Args={'value': 232, 'prev_value': 231, 'change': 1}
2023-02-12 08:37:04,986 : EventManager : Event: ======'machine_var_audits_switches_s_pop_top'====== Args={'value': 233, 'prev_value': 232, 'change': 1}
2023-02-12 08:37:05,180 : EventManager : Event: ======'machine_var_audits_switches_s_pop_mid'====== Args={'value': 294, 'prev_value': 293, 'change': 1}
2023-02-12 08:37:05,231 : EventManager : Event: ======'machine_var_audits_switches_s_pop_bot'====== Args={'value': 310, 'prev_value': 309, 'change': 1}
2023-02-12 08:37:05,282 : EventManager : Event: ======'machine_var_audits_switches_s_pop_top'====== Args={'value': 234, 'prev_value': 233, 'change': 1}
2023-02-12 08:37:05,710 : EventManager : Event: ======'machine_var_audits_switches_s_pop_bot'====== Args={'value': 311, 'prev_value': 310, 'change': 1}
2023-02-12 08:37:06,980 : EventManager : Event: ======'machine_var_audits_switches_s_pop_mid'====== Args={'value': 295, 'prev_value': 294, 'change': 1}
2023-02-12 08:37:07,212 : EventManager : Event: ======'machine_var_audits_switches_s_pop_mid'====== Args={'value': 296, 'prev_value': 295, 'change': 1}
2023-02-12 08:37:07,561 : EventManager : Event: ======'machine_var_audits_switches_s_pop_bot'====== Args={'value': 312, 'prev_value': 311, 'change': 1}
2023-02-12 08:37:08,208 : EventManager : Event: ======'machine_var_audits_switches_s_pop_bot'====== Args={'value': 313, 'prev_value': 312, 'change': 1}
2023-02-12 08:37:08,362 : EventManager : Event: ======'machine_var_audits_switches_s_pop_mid'====== Args={'value': 297, 'prev_value': 296, 'change': 1}
2023-02-12 08:37:09,282 : EventManager : Event: ======'machine_var_audits_switches_s_pop_bot'====== Args={'value': 314, 'prev_value': 313, 'change': 1}
2023-02-12 08:37:09,838 : EventManager : Event: ======'machine_var_audits_switches_s_pop_bot'====== Args={'value': 315, 'prev_value': 314, 'change': 1}
2023-02-12 08:37:09,928 : EventManager : Event: ======'machine_var_audits_switches_s_pop_bot'====== Args={'value': 316, 'prev_value': 315, 'change': 1}
2023-02-12 08:37:10,017 : EventManager : Event: ======'machine_var_audits_switches_s_pop_bot'====== Args={'value': 317, 'prev_value': 316, 'change': 1}
2023-02-12 08:37:22,180 : EventManager : Event: ======'machine_var_audits_switches_s_pop_bot'====== Args={'value': 318, 'prev_value': 317, 'change': 1}
2023-02-12 08:37:22,439 : EventManager : Event: ======'machine_var_audits_switches_s_pop_bot'====== Args={'value': 319, 'prev_value': 318, 'change': 1}
2023-02-12 08:37:22,542 : EventManager : Event: ======'machine_var_audits_switches_s_pop_bot'====== Args={'value': 320, 'prev_value': 319, 'change': 1}
2023-02-12 08:37:26,858 : EventManager : Event: ======'machine_var_audits_switches_s_pop_mid'====== Args={'value': 298, 'prev_value': 297, 'change': 1}
2023-02-12 08:37:27,404 : EventManager : Event: ======'machine_var_audits_switches_s_pop_bot'====== Args={'value': 321, 'prev_value': 320, 'change': 1}
2023-02-12 08:37:27,675 : EventManager : Event: ======'machine_var_audits_switches_s_pop_mid'====== Args={'value': 299, 'prev_value': 298, 'change': 1}
2023-02-12 08:37:28,219 : EventManager : Event: ======'machine_var_audits_switches_s_pop_mid'====== Args={'value': 300, 'prev_value': 299, 'change': 1}
2023-02-12 08:37:28,723 : EventManager : Event: ======'machine_var_audits_switches_s_pop_bot'====== Args={'value': 322, 'prev_value': 321, 'change': 1}
2023-02-12 08:37:28,969 : EventManager : Event: ======'machine_var_audits_switches_s_pop_top'====== Args={'value': 235, 'prev_value': 234, 'change': 1}
2023-02-12 08:37:29,253 : EventManager : Event: ======'machine_var_audits_switches_s_pop_mid'====== Args={'value': 301, 'prev_value': 300, 'change': 1}
2023-02-12 08:37:29,472 : EventManager : Event: ======'machine_var_audits_switches_s_pop_bot'====== Args={'value': 323, 'prev_value': 322, 'change': 1}
2023-02-12 08:37:29,963 : EventManager : Event: ======'machine_var_audits_switches_s_pop_top'====== Args={'value': 236, 'prev_value': 235, 'change': 1}
2023-02-12 08:37:30,182 : EventManager : Event: ======'machine_var_audits_switches_s_pop_top'====== Args={'value': 237, 'prev_value': 236, 'change': 1}
2023-02-12 08:37:30,285 : EventManager : Event: ======'machine_var_audits_switches_s_pop_top'====== Args={'value': 238, 'prev_value': 237, 'change': 1}
2023-02-12 08:37:30,518 : EventManager : Event: ======'machine_var_audits_switches_s_pop_top'====== Args={'value': 239, 'prev_value': 238, 'change': 1}
2023-02-12 08:37:30,801 : EventManager : Event: ======'machine_var_audits_switches_s_pop_mid'====== Args={'value': 302, 'prev_value': 301, 'change': 1}
2023-02-12 08:37:31,112 : EventManager : Event: ======'machine_var_audits_switches_s_pop_bot'====== Args={'value': 324, 'prev_value': 323, 'change': 1}
2023-02-12 08:37:31,719 : EventManager : Event: ======'machine_var_audits_switches_s_pop_mid'====== Args={'value': 303, 'prev_value': 302, 'change': 1}
2023-02-12 08:37:32,380 : EventManager : Event: ======'machine_var_audits_switches_s_pop_bot'====== Args={'value': 325, 'prev_value': 324, 'change': 1}
2023-02-12 08:37:32,548 : EventManager : Event: ======'machine_var_audits_switches_s_pop_top'====== Args={'value': 240, 'prev_value': 239, 'change': 1}
2023-02-12 08:37:32,766 : EventManager : Event: ======'machine_var_audits_switches_s_pop_top'====== Args={'value': 241, 'prev_value': 240, 'change': 1}
2023-02-12 08:37:32,921 : EventManager : Event: ======'machine_var_audits_switches_s_pop_mid'====== Args={'value': 304, 'prev_value': 303, 'change': 1}
2023-02-12 08:37:33,023 : EventManager : Event: ======'machine_var_audits_switches_s_pop_top'====== Args={'value': 242, 'prev_value': 241, 'change': 1}
2023-02-12 08:37:33,372 : EventManager : Event: ======'machine_var_audits_switches_s_pop_bot'====== Args={'value': 326, 'prev_value': 325, 'change': 1}
2023-02-12 08:37:33,514 : EventManager : Event: ======'machine_var_audits_switches_s_pop_top'====== Args={'value': 243, 'prev_value': 242, 'change': 1}
2023-02-12 08:37:33,591 : EventManager : Event: ======'machine_var_audits_switches_s_pop_bot'====== Args={'value': 327, 'prev_value': 326, 'change': 1}
2023-02-12 08:37:34,094 : EventManager : Event: ======'machine_var_audits_switches_s_pop_bot'====== Args={'value': 328, 'prev_value': 327, 'change': 1}
2023-02-12 08:37:34,598 : EventManager : Event: ======'machine_var_audits_switches_s_pop_bot'====== Args={'value': 329, 'prev_value': 328, 'change': 1}
2023-02-12 08:37:34,649 : EventManager : Event: ======'machine_var_audits_switches_s_pop_top'====== Args={'value': 244, 'prev_value': 243, 'change': 1}
2023-02-12 08:37:34,776 : EventManager : Event: ======'machine_var_audits_switches_s_pop_mid'====== Args={'value': 305, 'prev_value': 304, 'change': 1}
2023-02-12 08:37:34,813 : EventManager : Event: ======'machine_var_audits_switches_s_pop_top'====== Args={'value': 245, 'prev_value': 244, 'change': 1}
2023-02-12 08:37:35,020 : EventManager : Event: ======'machine_var_audits_switches_s_pop_top'====== Args={'value': 246, 'prev_value': 245, 'change': 1}
2023-02-12 08:37:35,264 : EventManager : Event: ======'machine_var_audits_switches_s_pop_bot'====== Args={'value': 330, 'prev_value': 329, 'change': 1}
2023-02-12 08:37:35,470 : EventManager : Event: ======'machine_var_audits_switches_s_pop_top'====== Args={'value': 247, 'prev_value': 246, 'change': 1}
2023-02-12 08:37:35,560 : EventManager : Event: ======'machine_var_audits_switches_s_pop_mid'====== Args={'value': 306, 'prev_value': 305, 'change': 1}
2023-02-12 08:37:35,598 : EventManager : Event: ======'machine_var_audits_switches_s_pop_bot'====== Args={'value': 331, 'prev_value': 330, 'change': 1}
2023-02-12 08:37:36,491 : EventManager : Event: ======'machine_var_audits_switches_s_pop_mid'====== Args={'value': 307, 'prev_value': 306, 'change': 1}
2023-02-12 08:37:36,878 : EventManager : Event: ======'machine_var_audits_switches_s_pop_bot'====== Args={'value': 332, 'prev_value': 331, 'change': 1}
2023-02-12 08:37:36,942 : EventManager : Event: ======'machine_var_audits_switches_s_pop_top'====== Args={'value': 248, 'prev_value': 247, 'change': 1}
2023-02-12 08:37:44,735 : EventManager : Event: ======'machine_var_audits_switches_s_pop_mid'====== Args={'value': 308, 'prev_value': 307, 'change': 1}
2023-02-12 08:37:44,823 : EventManager : Event: ======'machine_var_audits_switches_s_pop_top'====== Args={'value': 249, 'prev_value': 248, 'change': 1}
2023-02-12 08:37:45,094 : EventManager : Event: ======'machine_var_audits_switches_s_pop_bot'====== Args={'value': 333, 'prev_value': 332, 'change': 1}
2023-02-12 08:37:45,314 : EventManager : Event: ======'machine_var_audits_switches_s_pop_top'====== Args={'value': 250, 'prev_value': 249, 'change': 1}
2023-02-12 08:37:46,061 : EventManager : Event: ======'machine_var_audits_switches_s_pop_bot'====== Args={'value': 334, 'prev_value': 333, 'change': 1}
2023-02-12 08:37:46,358 : EventManager : Event: ======'machine_var_audits_switches_s_pop_top'====== Args={'value': 251, 'prev_value': 250, 'change': 1}
2023-02-12 08:37:46,552 : EventManager : Event: ======'machine_var_audits_switches_s_pop_bot'====== Args={'value': 335, 'prev_value': 334, 'change': 1}
2023-02-12 08:37:56,693 : EventManager : Event: ======'machine_var_audits_switches_s_pop_bot'====== Args={'value': 336, 'prev_value': 335, 'change': 1}
2023-02-12 08:37:57,027 : EventManager : Event: ======'machine_var_audits_switches_s_pop_bot'====== Args={'value': 337, 'prev_value': 336, 'change': 1}
2023-02-12 08:37:57,117 : EventManager : Event: ======'machine_var_audits_switches_s_pop_mid'====== Args={'value': 309, 'prev_value': 308, 'change': 1}
2023-02-12 08:37:57,194 : EventManager : Event: ======'machine_var_audits_switches_s_pop_bot'====== Args={'value': 338, 'prev_value': 337, 'change': 1}
2023-02-12 08:38:00,681 : EventManager : Event: ======'machine_var_audits_switches_s_pop_bot'====== Args={'value': 339, 'prev_value': 338, 'change': 1}
2023-02-12 08:38:01,016 : EventManager : Event: ======'machine_var_audits_switches_s_pop_bot'====== Args={'value': 340, 'prev_value': 339, 'change': 1}
2023-02-12 08:38:42,692 : EventManager : Event: ======'machine_var_audits_switches_s_left_flipper'====== Args={'value': 1410, 'prev_value': 1409, 'change': 1}
2023-02-12 08:38:45,945 : EventManager : Event: ======'machine_var_audits_switches_s_left_flipper'====== Args={'value': 1411, 'prev_value': 1410, 'change': 1}
2023-02-12 08:38:46,501 : EventManager : Event: ======'machine_var_audits_switches_s_left_flipper'====== Args={'value': 1412, 'prev_value': 1411, 'change': 1}
2023-02-12 08:38:46,630 : EventManager : Event: ======'machine_var_audits_switches_s_left_flipper'====== Args={'value': 1413, 'prev_value': 1412, 'change': 1}
2023-02-12 08:38:47,558 : EventManager : Event: ======'machine_var_audits_switches_s_right_flipper'====== Args={'value': 1527, 'prev_value': 1526, 'change': 1}
2023-02-12 08:38:50,262 : EventManager : Event: ======'machine_var_audits_switches_s_right_flipper'====== Args={'value': 1528, 'prev_value': 1527, 'change': 1}
2023-02-12 08:38:56,024 : EventManager : Event: ======'machine_var_audits_switches_s_left_flipper'====== Args={'value': 1414, 'prev_value': 1413, 'change': 1}
2023-02-12 08:39:01,328 : EventManager : Event: ======'machine_var_audits_switches_s_right_flipper'====== Args={'value': 1529, 'prev_value': 1528, 'change': 1}
2023-02-12 08:39:05,225 : EventManager : Event: ======'machine_var_audits_switches_s_right_flipper'====== Args={'value': 1530, 'prev_value': 1529, 'change': 1}
2023-02-12 08:39:11,620 : EventManager : Event: ======'machine_var_audits_switches_s_left_flipper'====== Args={'value': 1415, 'prev_value': 1414, 'change': 1}
2023-02-12 08:39:13,420 : EventManager : Event: ======'machine_var_audits_switches_s_right_slingshot'====== Args={'value': 209, 'prev_value': 208, 'change': 1}
2023-02-12 08:39:24,991 : EventManager : Event: ======'machine_var_audits_switches_s_right_flipper'====== Args={'value': 1531, 'prev_value': 1530, 'change': 1}
2023-02-12 08:39:26,754 : EventManager : Event: ======'machine_var_audits_switches_s_right_flipper'====== Args={'value': 1532, 'prev_value': 1531, 'change': 1}
2023-02-12 08:39:28,393 : EventManager : Event: ======'machine_var_audits_switches_s_left_flipper'====== Args={'value': 1416, 'prev_value': 1415, 'change': 1}
2023-02-12 08:39:30,117 : EventManager : Event: ======'machine_var_audits_switches_s_right_flipper'====== Args={'value': 1533, 'prev_value': 1532, 'change': 1}
2023-02-12 08:39:33,819 : EventManager : Event: ======'machine_var_audits_switches_s_left_flipper'====== Args={'value': 1417, 'prev_value': 1416, 'change': 1}
2023-02-12 08:39:35,874 : EventManager : Event: ======'machine_var_audits_switches_s_right_flipper'====== Args={'value': 1534, 'prev_value': 1533, 'change': 1}
2023-02-12 08:39:37,686 : EventManager : Event: ======'machine_var_audits_switches_s_right_flipper'====== Args={'value': 1535, 'prev_value': 1534, 'change': 1}
2023-02-12 08:39:39,050 : EventManager : Event: ======'machine_var_audits_switches_s_left_flipper'====== Args={'value': 1418, 'prev_value': 1417, 'change': 1}
2023-02-12 08:39:42,876 : EventManager : Event: ======'machine_var_audits_switches_s_left_flipper'====== Args={'value': 1419, 'prev_value': 1418, 'change': 1}
2023-02-12 08:39:43,982 : EventManager : Event: ======'machine_var_audits_switches_s_pop_bot'====== Args={'value': 341, 'prev_value': 340, 'change': 1}
2023-02-12 08:39:44,241 : EventManager : Event: ======'machine_var_audits_switches_s_pop_top'====== Args={'value': 252, 'prev_value': 251, 'change': 1}
2023-02-12 08:39:44,329 : EventManager : Event: ======'machine_var_audits_switches_s_pop_bot'====== Args={'value': 342, 'prev_value': 341, 'change': 1}
2023-02-12 08:39:45,110 : EventManager : Event: ======'machine_var_audits_switches_s_pop_mid'====== Args={'value': 310, 'prev_value': 309, 'change': 1}
2023-02-12 08:39:45,640 : EventManager : Event: ======'machine_var_audits_switches_s_pop_bot'====== Args={'value': 343, 'prev_value': 342, 'change': 1}
2023-02-12 08:39:46,034 : EventManager : Event: ======'machine_var_audits_switches_s_pop_mid'====== Args={'value': 311, 'prev_value': 310, 'change': 1}
2023-02-12 08:39:46,107 : EventManager : Event: ======'machine_var_audits_switches_s_pop_top'====== Args={'value': 253, 'prev_value': 252, 'change': 1}
2023-02-12 08:39:46,219 : EventManager : Event: ======'machine_var_audits_switches_s_pop_top'====== Args={'value': 254, 'prev_value': 253, 'change': 1}
2023-02-12 08:39:46,454 : EventManager : Event: ======'machine_var_audits_switches_s_pop_mid'====== Args={'value': 312, 'prev_value': 311, 'change': 1}
2023-02-12 08:39:46,502 : EventManager : Event: ======'machine_var_audits_switches_s_pop_top'====== Args={'value': 255, 'prev_value': 254, 'change': 1}
2023-02-12 08:39:46,801 : EventManager : Event: ======'machine_var_audits_switches_s_pop_mid'====== Args={'value': 313, 'prev_value': 312, 'change': 1}
2023-02-12 08:39:47,133 : EventManager : Event: ======'machine_var_audits_switches_s_pop_bot'====== Args={'value': 344, 'prev_value': 343, 'change': 1}
2023-02-12 08:39:47,442 : EventManager : Event: ======'machine_var_audits_switches_s_pop_bot'====== Args={'value': 345, 'prev_value': 344, 'change': 1}
2023-02-12 08:39:47,564 : EventManager : Event: ======'machine_var_audits_switches_s_pop_mid'====== Args={'value': 314, 'prev_value': 313, 'change': 1}
2023-02-12 08:39:47,662 : EventManager : Event: ======'machine_var_audits_switches_s_pop_top'====== Args={'value': 256, 'prev_value': 255, 'change': 1}
2023-02-12 08:39:47,725 : EventManager : Event: ======'machine_var_audits_switches_s_pop_bot'====== Args={'value': 346, 'prev_value': 345, 'change': 1}
2023-02-12 08:39:47,826 : EventManager : Event: ======'machine_var_audits_switches_s_pop_mid'====== Args={'value': 315, 'prev_value': 314, 'change': 1}
2023-02-12 08:39:48,924 : EventManager : Event: ======'machine_var_audits_switches_s_right_flipper'====== Args={'value': 1536, 'prev_value': 1535, 'change': 1}
2023-02-12 08:39:51,325 : EventManager : Event: ======'machine_var_audits_switches_s_right_flipper'====== Args={'value': 1537, 'prev_value': 1536, 'change': 1}
2023-02-12 08:39:53,211 : EventManager : Event: ======'machine_var_audits_switches_s_left_flipper'====== Args={'value': 1420, 'prev_value': 1419, 'change': 1}
2023-02-12 08:39:53,236 : EventManager : Event: ======'machine_var_audits_switches_s_right_flipper'====== Args={'value': 1538, 'prev_value': 1537, 'change': 1}
2023-02-12 08:39:56,856 : EventManager : Event: ======'machine_var_audits_switches_s_right_flipper'====== Args={'value': 1539, 'prev_value': 1538, 'change': 1}
2023-02-12 08:39:59,199 : EventManager : Event: ======'machine_var_audits_switches_s_right_flipper'====== Args={'value': 1540, 'prev_value': 1539, 'change': 1}
2023-02-12 08:40:00,810 : EventManager : Event: ======'machine_var_audits_switches_s_left_flipper'====== Args={'value': 1421, 'prev_value': 1420, 'change': 1}
2023-02-12 08:40:01,592 : EventManager : Event: ======'machine_var_audits_switches_s_left_flipper'====== Args={'value': 1422, 'prev_value': 1421, 'change': 1}
2023-02-12 08:40:01,628 : EventManager : Event: ======'machine_var_audits_switches_s_right_flipper'====== Args={'value': 1541, 'prev_value': 1540, 'change': 1}
2023-02-12 08:40:02,215 : EventManager : Event: ======'machine_var_audits_switches_s_trough1'====== Args={'value': 255, 'prev_value': 254, 'change': 1}
2023-02-12 08:40:02,363 : EventManager : Event: ======'machine_var_audits_switches_s_trough1'====== Args={'value': 256, 'prev_value': 255, 'change': 1}
2023-02-12 08:40:02,908 : EventManager : Event: ======'player_ball'====== Args={'value': 3, 'prev_value': 2, 'change': 1, 'player_num': 1}
2023-02-12 08:40:03,441 : EventManager : Event: ======'slides_play'====== Args={'settings': {'widgets': {'widgets': [{'type': 'text', 'text': 'PLAYER (number) BALL (ball)', '_default_settings': ['type', 'text'], 'x': None, 'y': None, 'anchor_x': 'center', 'anchor_y': 'center', 'round_anchor_x': None, 'round_anchor_y': None, 'opacity': 1.0, 'z': 0, 'reset_animations_events': {}, 'color': [1.0, 1.0, 1.0, 1.0], 'style': [], 'adjust_top': 0, 'adjust_bottom': 0, 'adjust_left': 0, 'adjust_right': 0, 'expire': None, 'key': None, 'widget': None, 'events_when_added': [], 'events_when_removed': [], 'font_size': 15, 'bitmap_font': False, 'font_kerning': True, 'bold': False, 'italic': False, 'number_grouping': False, 'min_digits': 0, 'halign': 'center', 'valign': 'middle', 'rotation': 0, 'scale': 1.0, 'casing': None, 'animations': None}], 'target': None, 'background_color': [0.0, 0.0, 0.0, 1.0], 'priority': None, 'show': True, 'force': False, 'expire': None, 'slide': None, 'tokens': {}, 'action': 'play'}}, 'context': '_global', 'calling_context': 'ball_started', 'priority': 0, 'player': 1, 'ball': 3, 'balls_remaining': 0, 'is_extra_ball': False}
2023-02-12 08:40:03,442 : mpfmc : SlidePlayer: Play called with settings={'widgets': {'widgets': [{'type': 'text', 'text': 'PLAYER (number) BALL (ball)', '_default_settings': ['type', 'text'], 'x': None, 'y': None, 'anchor_x': 'center', 'anchor_y': 'center', 'round_anchor_x': None, 'round_anchor_y': None, 'opacity': 1.0, 'z': 0, 'reset_animations_events': {}, 'color': [1.0, 1.0, 1.0, 1.0], 'style': [], 'adjust_top': 0, 'adjust_bottom': 0, 'adjust_left': 0, 'adjust_right': 0, 'expire': None, 'key': None, 'widget': None, 'events_when_added': [], 'events_when_removed': [], 'font_size': 15, 'bitmap_font': False, 'font_kerning': True, 'bold': False, 'italic': False, 'number_grouping': False, 'min_digits': 0, 'halign': 'center', 'valign': 'middle', 'rotation': 0, 'scale': 1.0, 'casing': None, 'animations': None}], 'target': None, 'background_color': [0.0, 0.0, 0.0, 1.0], 'priority': None, 'show': True, 'force': False, 'expire': None, 'slide': None, 'tokens': {}, 'action': 'play'}}
2023-02-12 08:40:03,442 : EventManager : Event: ======'slide__global.slide_player-ball_started_removed'====== Args={}
2023-02-12 08:40:03,447 : EventManager : Event: ======'slide__global.slide_player-ball_started_created'====== Args={}
2023-02-12 08:40:03,449 : EventManager : Event: ======'slide__global.slide_player-ball_started_active'====== Args={}
2023-02-12 08:41:02,054 : EventManager : Event: ======'machine_var_audits_switches_s_right_flipper'====== Args={'value': 1542, 'prev_value': 1541, 'change': 1}
2023-02-12 08:41:03,971 : EventManager : Event: ======'machine_var_audits_switches_s_right_flipper'====== Args={'value': 1543, 'prev_value': 1542, 'change': 1}
2023-02-12 08:41:06,383 : EventManager : Event: ======'machine_var_audits_switches_s_right_flipper'====== Args={'value': 1544, 'prev_value': 1543, 'change': 1}
2023-02-12 08:41:08,000 : EventManager : Event: ======'machine_var_audits_switches_s_left_flipper'====== Args={'value': 1423, 'prev_value': 1422, 'change': 1}
2023-02-12 08:41:19,002 : EventManager : Event: ======'machine_var_audits_switches_s_right_flipper'====== Args={'value': 1545, 'prev_value': 1544, 'change': 1}
2023-02-12 08:41:20,240 : EventManager : Event: ======'machine_var_audits_switches_s_right_flipper'====== Args={'value': 1546, 'prev_value': 1545, 'change': 1}
2023-02-12 08:41:21,856 : EventManager : Event: ======'machine_var_audits_switches_s_left_flipper'====== Args={'value': 1424, 'prev_value': 1423, 'change': 1}
2023-02-12 08:41:22,473 : EventManager : Event: ======'machine_var_audits_switches_s_left_slingshot'====== Args={'value': 219, 'prev_value': 218, 'change': 1}
2023-02-12 08:41:29,243 : kivy : Base: Leaving application in progress...
2023-02-12 08:41:29,244 : mpfmc : Stopping...
2023-02-12 08:41:29,244 : EventManager : Event: ======'shutdown'====== Args={}
2023-02-12 08:41:29,244 : AudioInterface : Disabling audio playback
2023-02-12 08:41:29,375 : mpfmc : Loop rate 78.03 Hz
2023-02-12 08:41:29,375 : kivy : MC run loop ended.
2023-02-12 08:41:29,375 : kivy : Stopping child threads... (3 remaining)
2023-02-12 08:41:29,704 : mpfmc : Stopping...
2023-02-12 08:41:29,705 : EventManager : Event: ======'shutdown'====== Args={}
2023-02-12 08:41:29,706 : mpfmc : Loop rate 78.01 Hz
2023-02-12 08:41:29,706 : MPF-MC BCP Server : Stopping BCP sending thread
2023-02-12 08:41:29,778 : kivy : All child threads stopped.
