2023-01-25 07:44:03,910 : INFO : root : Loading config.
2023-01-25 07:44:03,925 : INFO : YamlMultifileConfigLoader : Machine config file #1: config.yaml
2023-01-25 07:44:03,925 : WARNING : ConfigProcessor : Config file in cache changed: C:\pinball\my_machine\config\config.yaml
2023-01-25 07:44:03,925 : INFO : ConfigProcessor : Loading config from file C:\Users\ruben\.local\pipx\venvs\mpf\lib\site-packages\mpf\mpfconfig.yaml.
2023-01-25 07:44:04,047 : INFO : ConfigProcessor : Loading config: C:\Users\ruben\.local\pipx\venvs\mpf\lib\site-packages\mpf\mpfconfig.yaml
2023-01-25 07:44:04,047 : INFO : ConfigProcessor : Loading config from file C:\pinball\my_machine\config\config.yaml.
2023-01-25 07:44:04,063 : INFO : ConfigProcessor : Loading config: C:\pinball\my_machine\config\config.yaml
2023-01-25 07:44:04,063 : INFO : ConfigProcessor : Config file cache created: C:\Users\ruben\AppData\Local\Temp\a17888e5e1df298d67e07ada0b1bff4a.mpf_cache
2023-01-25 07:44:04,179 : INFO : ConfigProcessor : Loading config from cache: C:\Users\ruben\AppData\Local\Temp\67cf8ffee0fce2d4fcb5ef0bb894d8de.mpf_cache
2023-01-25 07:44:04,179 : INFO : ConfigProcessor : Loading config from cache: C:\Users\ruben\AppData\Local\Temp\25321780674732dcacb77a8f5b2a53cd.mpf_cache
2023-01-25 07:44:04,179 : INFO : Machine : Mission Pinball Framework Core Engine v0.56.0
2023-01-25 07:44:04,179 : INFO : Machine : Command line arguments: {'no_load_cache': False, 'create_config_cache': True, 'bcp': True, 'configfile': ['config.yaml'], 'force_assets_load': False, 'jsonlogging': False, 'logfile': 'logs\\2023-01-25-07-44-03-mpf-DESKTOP-11MEIVG.log', 'pause': False, 'production': False, 'text_ui': True, 'loglevel': 15, 'consoleloglevel': 20, 'force_platform': None, 'syslog_address': None, 'mc_file_name': None, 'no_sound': False}
2023-01-25 07:44:04,179 : INFO : Machine : MPF path: C:\Users\ruben\.local\pipx\venvs\mpf\lib\site-packages\mpf
2023-01-25 07:44:04,179 : INFO : Machine : Machine path: C:\pinball\my_machine
2023-01-25 07:44:04,179 : INFO : Machine : Platform: win32
2023-01-25 07:44:04,179 : INFO : Machine : Python executable location: C:\Users\ruben\.local\pipx\venvs\mpf\Scripts\python.exe
2023-01-25 07:44:04,179 : INFO : Machine : Python version: 3.9.13 (64-bit)
2023-01-25 07:44:04,179 : INFO : Machine : Initialise MPF.
2023-01-25 07:44:04,495 : INFO : OPP : Connecting to com3 at 115200bps
2023-01-25 07:44:04,643 : INFO : OPP : Init of OPP board 1 done
2023-01-25 07:44:04,643 : INFO : OPP : Connecting to com4 at 115200bps
2023-01-25 07:44:04,738 : INFO : OPP : Init of OPP board 0 done
2023-01-25 07:44:04,739 : INFO : EventManager : Event: ======'machine_var_credits_string'====== Args={'value': 'FREE PLAY', 'prev_value': None, 'change': True}
2023-01-25 07:44:04,810 : INFO : EventManager : Event: ======'machine_var_master_volume'====== Args={'value': 0.5, 'prev_value': None, 'change': True}
2023-01-25 07:44:04,810 : INFO : EventManager : Event: ======'machine_var_mpf_version'====== Args={'value': 'MPF v0.56.0', 'prev_value': None, 'change': True}
2023-01-25 07:44:04,810 : INFO : EventManager : Event: ======'machine_var_mpf_extended_version'====== Args={'value': 'MPF v0.56.0, Config version:5, Show version: 5, BCP version:1.1', 'prev_value': None, 'change': True}
2023-01-25 07:44:04,810 : INFO : EventManager : Event: ======'machine_var_python_version'====== Args={'value': '3.9.13', 'prev_value': None, 'change': True}
2023-01-25 07:44:04,826 : INFO : EventManager : Event: ======'machine_var_platform'====== Args={'value': 'Windows-10-10.0.19045-SP0', 'prev_value': None, 'change': True}
2023-01-25 07:44:04,826 : INFO : EventManager : Event: ======'machine_var_platform_system'====== Args={'value': 'Windows', 'prev_value': None, 'change': True}
2023-01-25 07:44:04,826 : INFO : EventManager : Event: ======'machine_var_platform_release'====== Args={'value': '10', 'prev_value': None, 'change': True}
2023-01-25 07:44:04,826 : INFO : EventManager : Event: ======'machine_var_platform_version'====== Args={'value': '10.0.19045', 'prev_value': None, 'change': True}
2023-01-25 07:44:04,826 : INFO : EventManager : Event: ======'machine_var_platform_machine'====== Args={'value': 'AMD64', 'prev_value': None, 'change': True}
2023-01-25 07:44:04,827 : INFO : EventManager : Event: ======'init_phase_1'====== Args={}
2023-01-25 07:44:04,852 : INFO : EventManager : Event: ======'init_phase_2'====== Args={}
2023-01-25 07:44:04,855 : INFO : EventManager : Event: ======'bcp_connection_attempt'====== Args={'name': 'local_display', 'host': 'localhost', 'port': 5050}
2023-01-25 07:44:04,857 : INFO : BCPClientSocket : Connecting BCP to 'local_display' at localhost:5050...
2023-01-25 07:44:06,891 : INFO : BCPClientSocket : Connected BCP to 'local_display' localhost:5050
2023-01-25 07:44:06,894 : INFO : EventManager : Event: ======'bcp_clients_connected'====== Args={}
2023-01-25 07:44:06,898 : INFO : EventManager : Event: ======'machine_var_mc_version'====== Args={'value': 'MPF-MC v0.56.1', 'prev_value': None, 'change': True}
2023-01-25 07:44:06,899 : INFO : EventManager : Event: ======'machine_var_mc_extended_version'====== Args={'value': 'MPF-MC v0.56.1 (config_version=5, BCP v1.1,                      Requires MPF API compatibility v0.56.0 or newer)', 'prev_value': None, 'change': True}
2023-01-25 07:44:06,977 : INFO : ball_device.bd_trough : BCH: Initial count: 0
2023-01-25 07:44:06,979 : INFO : ball_device.bd_trough : State: idle
2023-01-25 07:44:07,009 : INFO : EventManager : Event: ======'init_phase_3'====== Args={}
2023-01-25 07:44:07,013 : INFO : EventManager : Event: ======'init_phase_4'====== Args={}
2023-01-25 07:44:07,014 : INFO : BallController : Initial balls found: 0
2023-01-25 07:44:07,016 : INFO : EventManager : Event: ======'machine_var_audits_events_game_ended'====== Args={'value': 0, 'prev_value': None, 'change': True}
2023-01-25 07:44:07,016 : INFO : EventManager : Event: ======'machine_var_audits_events_game_started'====== Args={'value': 4, 'prev_value': None, 'change': True}
2023-01-25 07:44:07,017 : INFO : EventManager : Event: ======'machine_var_audits_player_score'====== Args={'value': {'average': 0, 'top': [], 'total': 0}, 'prev_value': None, 'change': True}
2023-01-25 07:44:07,017 : INFO : EventManager : Event: ======'machine_var_audits_switches_s_left_flipper'====== Args={'value': 12, 'prev_value': None, 'change': True}
2023-01-25 07:44:07,017 : INFO : EventManager : Event: ======'machine_var_audits_switches_s_left_slingshot'====== Args={'value': 7, 'prev_value': None, 'change': True}
2023-01-25 07:44:07,017 : INFO : EventManager : Event: ======'machine_var_audits_switches_s_right_flipper'====== Args={'value': 17, 'prev_value': None, 'change': True}
2023-01-25 07:44:07,018 : INFO : EventManager : Event: ======'machine_var_audits_switches_s_right_inlane'====== Args={'value': 0, 'prev_value': None, 'change': True}
2023-01-25 07:44:07,018 : INFO : EventManager : Event: ======'machine_var_audits_switches_s_right_slingshot'====== Args={'value': 6, 'prev_value': None, 'change': True}
2023-01-25 07:44:07,018 : INFO : EventManager : Event: ======'machine_var_audits_switches_s_startButton'====== Args={'value': 1, 'prev_value': None, 'change': True}
2023-01-25 07:44:07,018 : INFO : EventManager : Event: ======'machine_var_audits_switches_s_trough1'====== Args={'value': 1, 'prev_value': None, 'change': True}
2023-01-25 07:44:07,019 : INFO : EventManager : Event: ======'init_phase_5'====== Args={}
2023-01-25 07:44:07,030 : INFO : EventManager : Event: ======'init_done'====== Args={}
2023-01-25 07:44:07,032 : INFO : EventManager : Event: ======'machine_reset_phase_1'====== Args={}
2023-01-25 07:44:07,041 : INFO : EventManager : Event: ======'slide_welcome_slide_removed'====== Args={'_from_bcp': True}
2023-01-25 07:44:07,043 : INFO : EventManager : Event: ======'slide_welcome_slide_created'====== Args={'_from_bcp': True}
2023-01-25 07:44:07,045 : INFO : EventManager : Event: ======'machine_reset_phase_2'====== Args={}
2023-01-25 07:44:07,046 : INFO : EventManager : Event: ======'slide_welcome_slide_active'====== Args={'_from_bcp': True}
2023-01-25 07:44:07,047 : INFO : EventManager : Event: ======'machine_reset_phase_3'====== Args={}
2023-01-25 07:44:07,048 : INFO : EventManager : Event: ======'reset_complete'====== Args={}
2023-01-25 07:44:07,049 : INFO : EventManager : Event: ======'mode_attract_will_start'====== Args={}
2023-01-25 07:44:07,050 : INFO : EventManager : Event: ======'mode_attract_starting'====== Args={}
2023-01-25 07:44:07,050 : INFO : Mode.attract : Started. Priority: 10
2023-01-25 07:44:07,050 : INFO : EventManager : Event: ======'modes_active_modes_changed'====== Args={}
2023-01-25 07:44:07,050 : INFO : EventManager : Event: ======'mode_attract_started'====== Args={}
2023-01-25 07:44:07,051 : INFO : EventManager : Event: ======'collecting_balls_complete'====== Args={}
2023-01-25 07:44:07,079 : INFO : EventManager : Event: ======'slide_attract_started_created'====== Args={'_from_bcp': True}
2023-01-25 07:44:07,079 : INFO : EventManager : Event: ======'slide_attract_started_active'====== Args={'_from_bcp': True}
2023-01-25 07:44:07,080 : INFO : Machine : Starting the main run loop.
2023-01-25 07:44:08,054 : INFO : SwitchController : <<<<<<< 's_trough1' active >>>>>>>
2023-01-25 07:44:08,070 : INFO : SwitchController : <<<<<<< 's_trough1' inactive >>>>>>>
2023-01-25 07:44:08,138 : INFO : SwitchController : <<<<<<< 's_trough1' active >>>>>>>
2023-01-25 07:44:08,636 : INFO : EventManager : Event: ======'balldevice_bd_trough_ball_count_changed'====== Args={'balls': 1}
2023-01-25 07:44:08,637 : INFO : ball_device.bd_trough : Received unexpected ball
2023-01-25 07:44:08,637 : INFO : EventManager : Event: ======'balldevice_captured_from_playfield'====== Args={'balls': 1}
2023-01-25 07:44:08,638 : INFO : EventManager : Event: ======'sw_playfield_active'====== Args={'balls': 1}
2023-01-25 07:44:08,639 : INFO : EventManager : Event: ======'playfield_active'====== Args={}
2023-01-25 07:44:08,639 : INFO : EventManager : Event: ======'unexpected_ball_on_playfield'====== Args={}
2023-01-25 07:44:08,639 : INFO : EventManager : Event: ======'playfield_ball_count_change'====== Args={'balls': -1, 'change': -1}
2023-01-25 07:44:08,641 : INFO : EventManager : Event: ======'balldevice_playfield_ball_enter'====== Args={'new_balls': 1, 'unclaimed_balls': 1, 'device': <playfield.playfield>}
2023-01-25 07:44:08,641 : INFO : EventManager : Event: ======'playfield_ball_count_change'====== Args={'balls': 0, 'change': 1}
2023-01-25 07:44:08,641 : INFO : BallController : Found a new ball which was captured from playfield. Known balls: 1
2023-01-25 07:44:08,641 : INFO : EventManager : Event: ======'found_new_ball'====== Args={}
2023-01-25 07:44:08,642 : INFO : EventManager : Event: ======'balldevice_bd_trough_ball_enter'====== Args={'new_balls': 1, 'unclaimed_balls': 1, 'new_available_balls': 1, 'device': <ball_device.bd_trough>}
2023-01-25 07:44:08,643 : INFO : EventManager : Event: ======'ball_drain'====== Args={'device': <ball_device.bd_trough>, 'balls': 1}
2023-01-25 07:44:08,644 : INFO : EventManager : Event: ======'balldevice_balls_available'====== Args={}
2023-01-25 07:44:08,644 : INFO : EventManager : Event: ======'balldevice_bd_trough_ball_entered'====== Args={'new_balls': 1, 'device': <ball_device.bd_trough>}
2023-01-25 07:44:08,960 : INFO : SwitchController : <<<<<<< 's_startButton' active >>>>>>>
2023-01-25 07:44:09,085 : INFO : SwitchController : <<<<<<< 's_startButton' inactive >>>>>>>
2023-01-25 07:44:09,085 : INFO : EventManager : Event: ======'request_to_start_game'====== Args={}
2023-01-25 07:44:09,086 : INFO : EventManager : Event: ======'game_start'====== Args={'buttons': [], 'hold_time': 0.125}
2023-01-25 07:44:09,086 : INFO : EventManager : Event: ======'mode_game_will_start'====== Args={'buttons': [], 'hold_time': 0.125}
2023-01-25 07:44:09,088 : INFO : EventManager : Event: ======'mode_game_starting'====== Args={'buttons': [], 'hold_time': 0.125}
2023-01-25 07:44:09,088 : INFO : EventManager : Event: ======'mode_attract_will_stop'====== Args={}
2023-01-25 07:44:09,088 : INFO : EventManager : Event: ======'mode_attract_stopping'====== Args={}
2023-01-25 07:44:09,088 : INFO : Mode.attract : Stopped.
2023-01-25 07:44:09,088 : INFO : EventManager : Event: ======'modes_active_modes_changed'====== Args={}
2023-01-25 07:44:09,089 : INFO : EventManager : Event: ======'mode_attract_stopped'====== Args={}
2023-01-25 07:44:09,089 : INFO : EventManager : Event: ======'clear'====== Args={'key': 'attract'}
2023-01-25 07:44:09,089 : INFO : Mode.game : Started. Priority: 20
2023-01-25 07:44:09,089 : INFO : EventManager : Event: ======'modes_active_modes_changed'====== Args={}
2023-01-25 07:44:09,090 : INFO : EventManager : Event: ======'mode_game_started'====== Args={'buttons': [], 'hold_time': 0.125}
2023-01-25 07:44:09,100 : INFO : EventManager : Event: ======'game_will_start'====== Args={}
2023-01-25 07:44:09,103 : INFO : EventManager : Event: ======'game_starting'====== Args={'game': <Mode.game>}
2023-01-25 07:44:09,105 : INFO : EventManager : Event: ======'player_add_request'====== Args={}
2023-01-25 07:44:09,106 : INFO : EventManager : Event: ======'player_will_add'====== Args={'number': 1}
2023-01-25 07:44:09,106 : INFO : EventManager : Event: ======'player_adding'====== Args={'player': <Player 1>, 'number': 1}
2023-01-25 07:44:09,107 : INFO : EventManager : Event: ======'player_added'====== Args={'player': <Player 1>, 'num': 1}
2023-01-25 07:44:09,107 : INFO : Mode.game : Player added successfully. Total players: 1
2023-01-25 07:44:09,108 : INFO : EventManager : Event: ======'player_index'====== Args={'value': 0, 'prev_value': 0, 'change': 0, 'player_num': 1}
2023-01-25 07:44:09,108 : INFO : EventManager : Event: ======'player_number'====== Args={'value': 1, 'prev_value': 1, 'change': 0, 'player_num': 1}
2023-01-25 07:44:09,108 : INFO : EventManager : Event: ======'player_score'====== Args={'value': 0, 'prev_value': 0, 'change': 0, 'player_num': 1}
2023-01-25 07:44:09,110 : INFO : EventManager : Event: ======'game_started'====== Args={}
2023-01-25 07:44:09,133 : INFO : EventManager : Event: ======'player_turn_will_start'====== Args={'player': <Player 1>, 'number': 1}
2023-01-25 07:44:09,134 : INFO : EventManager : Event: ======'player_turn_starting'====== Args={'player': <Player 1>, 'number': 1}
2023-01-25 07:44:09,136 : INFO : EventManager : Event: ======'player_ball'====== Args={'value': 1, 'prev_value': 0, 'change': 1, 'player_num': 1}
2023-01-25 07:44:09,136 : INFO : EventManager : Event: ======'player_turn_started'====== Args={'player': <Player 1>, 'number': 1}
2023-01-25 07:44:09,138 : INFO : EventManager : Event: ======'ball_will_start'====== Args={'player': 1, 'ball': 1, 'balls_remaining': 2, 'is_extra_ball': False}
2023-01-25 07:44:09,142 : INFO : EventManager : Event: ======'ball_starting'====== Args={'player': 1, 'ball': 1, 'balls_remaining': 2, 'is_extra_ball': False}
2023-01-25 07:44:09,143 : INFO : EventManager : Event: ======'balls_in_play'====== Args={'balls': 1}
2023-01-25 07:44:09,143 : INFO : EventManager : Event: ======'ball_started'====== Args={'player': 1, 'ball': 1, 'balls_remaining': 2, 'is_extra_ball': False}
2023-01-25 07:44:09,145 : INFO : EventManager : Event: ======'single_player_ball_started'====== Args={}
2023-01-25 07:44:09,146 : INFO : EventManager : Event: ======'ball_start_target'====== Args={'target': 'playfield'}
2023-01-25 07:44:09,147 : INFO : ball_device.bd_trough : Setting up player-controlled eject. Balls: 1, Target: <playfield.playfield>, player_controlled_eject_event: None
2023-01-25 07:44:09,147 : INFO : ball_device.bd_trough : Adding 1 ball(s) to the eject_queue with target <playfield.playfield>.
2023-01-25 07:44:09,147 : INFO : EventManager : Event: ======'balldevice_balls_available'====== Args={}
2023-01-25 07:44:09,150 : INFO : ball_device.bd_trough : State: waiting_for_target_ready
2023-01-25 07:44:09,151 : INFO : EventManager : Event: ======'balldevice_bd_trough_ball_eject_attempt'====== Args={'balls': 1, 'target': <playfield.playfield>, 'source': <ball_device.bd_trough>, 'mechanical_eject': False, 'num_attempts': 0}
2023-01-25 07:44:09,152 : INFO : ball_device.bd_trough : State: ejecting
2023-01-25 07:44:09,153 : INFO : ball_device.bd_trough : Ejecting ball to <playfield.playfield>
2023-01-25 07:44:09,153 : INFO : EventManager : Event: ======'balldevice_bd_trough_ejecting_ball'====== Args={'balls': 1, 'target': <playfield.playfield>, 'source': <ball_device.bd_trough>, 'mechanical_eject': False, 'num_attempts': 0}
2023-01-25 07:44:09,155 : INFO : ball_device.bd_trough : Wait for ball to leave device
2023-01-25 07:44:09,156 : INFO : coil.c_trough_eject : Pulsing Driver for 35ms (1.0 pulse_power)
2023-01-25 07:44:09,157 : INFO : EventManager : Event: ======'slide__global.slide_player-ball_started_created'====== Args={'_from_bcp': True}
2023-01-25 07:44:09,159 : INFO : EventManager : Event: ======'slide__global.slide_player-ball_started_active'====== Args={'_from_bcp': True}
2023-01-25 07:44:09,209 : INFO : SwitchController : <<<<<<< 's_trough1' inactive >>>>>>>
2023-01-25 07:44:09,214 : INFO : ball_device.bd_trough : State: ball_left
2023-01-25 07:44:09,214 : INFO : ball_device.bd_trough : Ball left
2023-01-25 07:44:09,214 : INFO : ball_device.bd_trough : Wait for confirm with timeout 10.0
2023-01-25 07:44:11,649 : INFO : SwitchController : <<<<<<< 's_right_slingshot' active >>>>>>>
2023-01-25 07:44:11,649 : INFO : EventManager : Event: ======'playfield_active'====== Args={}
2023-01-25 07:44:11,649 : INFO : EventManager : Event: ======'machine_var_audits_switches_s_right_slingshot'====== Args={'value': 7, 'prev_value': 6, 'change': 1}
2023-01-25 07:44:11,658 : INFO : ball_device.bd_trough : Got eject confirm
2023-01-25 07:44:11,659 : INFO : ball_device.bd_trough : Eject successful
2023-01-25 07:44:11,659 : INFO : EventManager : Event: ======'balldevice_bd_trough_ball_eject_success'====== Args={'balls': 1, 'target': <playfield.playfield>}
2023-01-25 07:44:11,660 : INFO : EventManager : Event: ======'balldevice_playfield_ball_enter'====== Args={'new_balls': 1, 'unclaimed_balls': 1, 'device': <playfield.playfield>}
2023-01-25 07:44:11,660 : INFO : EventManager : Event: ======'playfield_ball_count_change'====== Args={'balls': 1, 'change': 1}
2023-01-25 07:44:11,661 : INFO : EventManager : Event: ======'balldevice_bd_trough_ball_count_changed'====== Args={'balls': 0}
2023-01-25 07:44:11,661 : INFO : ball_device.bd_trough : State: idle
2023-01-25 07:44:11,662 : INFO : SwitchController : <<<<<<< 's_right_slingshot' inactive >>>>>>>
2023-01-25 07:44:11,798 : INFO : SwitchController : <<<<<<< 's_left_slingshot' active >>>>>>>
2023-01-25 07:44:11,799 : INFO : EventManager : Event: ======'machine_var_audits_switches_s_left_slingshot'====== Args={'value': 8, 'prev_value': 7, 'change': 1}
2023-01-25 07:44:11,818 : INFO : SwitchController : <<<<<<< 's_left_slingshot' inactive >>>>>>>
2023-01-25 07:44:14,242 : INFO : SwitchController : <<<<<<< 's_right_slingshot' active >>>>>>>
2023-01-25 07:44:14,242 : INFO : EventManager : Event: ======'machine_var_audits_switches_s_right_slingshot'====== Args={'value': 8, 'prev_value': 7, 'change': 1}
2023-01-25 07:44:14,251 : INFO : SwitchController : <<<<<<< 's_right_slingshot' inactive >>>>>>>
2023-01-25 07:44:14,348 : INFO : SwitchController : <<<<<<< 's_left_slingshot' active >>>>>>>
2023-01-25 07:44:14,348 : INFO : EventManager : Event: ======'machine_var_audits_switches_s_left_slingshot'====== Args={'value': 9, 'prev_value': 8, 'change': 1}
2023-01-25 07:44:14,359 : INFO : SwitchController : <<<<<<< 's_left_slingshot' inactive >>>>>>>
2023-01-25 07:44:14,451 : INFO : SwitchController : <<<<<<< 's_right_slingshot' active >>>>>>>
2023-01-25 07:44:14,452 : INFO : EventManager : Event: ======'machine_var_audits_switches_s_right_slingshot'====== Args={'value': 9, 'prev_value': 8, 'change': 1}
2023-01-25 07:44:14,470 : INFO : SwitchController : <<<<<<< 's_right_slingshot' inactive >>>>>>>
2023-01-25 07:44:20,453 : INFO : SwitchController : <<<<<<< 's_right_slingshot' active >>>>>>>
2023-01-25 07:44:20,454 : INFO : EventManager : Event: ======'machine_var_audits_switches_s_right_slingshot'====== Args={'value': 10, 'prev_value': 9, 'change': 1}
2023-01-25 07:44:20,478 : INFO : SwitchController : <<<<<<< 's_right_slingshot' inactive >>>>>>>
2023-01-25 07:44:22,576 : INFO : SwitchController : <<<<<<< 's_left_slingshot' active >>>>>>>
2023-01-25 07:44:22,576 : INFO : EventManager : Event: ======'machine_var_audits_switches_s_left_slingshot'====== Args={'value': 10, 'prev_value': 9, 'change': 1}
2023-01-25 07:44:22,590 : INFO : SwitchController : <<<<<<< 's_left_slingshot' inactive >>>>>>>
2023-01-25 07:44:23,092 : INFO : SwitchController : <<<<<<< 's_left_slingshot' active >>>>>>>
2023-01-25 07:44:23,092 : INFO : EventManager : Event: ======'machine_var_audits_switches_s_left_slingshot'====== Args={'value': 11, 'prev_value': 10, 'change': 1}
2023-01-25 07:44:23,102 : INFO : SwitchController : <<<<<<< 's_left_slingshot' inactive >>>>>>>
2023-01-25 07:44:26,941 : INFO : SwitchController : <<<<<<< 's_right_slingshot' active >>>>>>>
2023-01-25 07:44:26,941 : INFO : EventManager : Event: ======'machine_var_audits_switches_s_right_slingshot'====== Args={'value': 11, 'prev_value': 10, 'change': 1}
2023-01-25 07:44:26,959 : INFO : SwitchController : <<<<<<< 's_right_slingshot' inactive >>>>>>>
2023-01-25 07:44:30,724 : INFO : SwitchController : <<<<<<< 's_left_slingshot' active >>>>>>>
2023-01-25 07:44:30,725 : INFO : EventManager : Event: ======'machine_var_audits_switches_s_left_slingshot'====== Args={'value': 12, 'prev_value': 11, 'change': 1}
2023-01-25 07:44:30,742 : INFO : SwitchController : <<<<<<< 's_left_slingshot' inactive >>>>>>>
2023-01-25 07:44:32,746 : INFO : SwitchController : <<<<<<< 's_right_slingshot' active >>>>>>>
2023-01-25 07:44:32,747 : INFO : EventManager : Event: ======'machine_var_audits_switches_s_right_slingshot'====== Args={'value': 12, 'prev_value': 11, 'change': 1}
2023-01-25 07:44:32,775 : INFO : SwitchController : <<<<<<< 's_right_slingshot' inactive >>>>>>>
2023-01-25 07:44:32,984 : INFO : SwitchController : <<<<<<< 's_right_slingshot' active >>>>>>>
2023-01-25 07:44:32,985 : INFO : EventManager : Event: ======'machine_var_audits_switches_s_right_slingshot'====== Args={'value': 13, 'prev_value': 12, 'change': 1}
2023-01-25 07:44:33,005 : INFO : SwitchController : <<<<<<< 's_right_slingshot' inactive >>>>>>>
2023-01-25 07:44:40,348 : INFO : SwitchController : <<<<<<< 's_right_slingshot' active >>>>>>>
2023-01-25 07:44:40,348 : INFO : EventManager : Event: ======'machine_var_audits_switches_s_right_slingshot'====== Args={'value': 14, 'prev_value': 13, 'change': 1}
2023-01-25 07:44:40,372 : INFO : SwitchController : <<<<<<< 's_right_slingshot' inactive >>>>>>>
2023-01-25 07:44:40,549 : INFO : SwitchController : <<<<<<< 's_left_slingshot' active >>>>>>>
2023-01-25 07:44:40,550 : INFO : EventManager : Event: ======'machine_var_audits_switches_s_left_slingshot'====== Args={'value': 13, 'prev_value': 12, 'change': 1}
2023-01-25 07:44:40,556 : INFO : SwitchController : <<<<<<< 's_left_slingshot' inactive >>>>>>>
2023-01-25 07:44:42,588 : INFO : SwitchController : <<<<<<< 's_right_slingshot' active >>>>>>>
2023-01-25 07:44:42,589 : INFO : EventManager : Event: ======'machine_var_audits_switches_s_right_slingshot'====== Args={'value': 15, 'prev_value': 14, 'change': 1}
2023-01-25 07:44:42,615 : INFO : SwitchController : <<<<<<< 's_right_slingshot' inactive >>>>>>>
2023-01-25 07:44:44,521 : INFO : SwitchController : <<<<<<< 's_right_flipper' active >>>>>>>
2023-01-25 07:44:44,522 : INFO : EventManager : Event: ======'machine_var_audits_switches_s_right_flipper'====== Args={'value': 18, 'prev_value': 17, 'change': 1}
2023-01-25 07:44:44,627 : INFO : SwitchController : <<<<<<< 's_right_flipper' inactive >>>>>>>
2023-01-25 07:44:47,757 : INFO : SwitchController : <<<<<<< 's_left_slingshot' active >>>>>>>
2023-01-25 07:44:47,758 : INFO : EventManager : Event: ======'machine_var_audits_switches_s_left_slingshot'====== Args={'value': 14, 'prev_value': 13, 'change': 1}
2023-01-25 07:44:47,779 : INFO : SwitchController : <<<<<<< 's_left_slingshot' inactive >>>>>>>
2023-01-25 07:44:47,847 : INFO : SwitchController : <<<<<<< 's_right_slingshot' active >>>>>>>
2023-01-25 07:44:47,847 : INFO : EventManager : Event: ======'machine_var_audits_switches_s_right_slingshot'====== Args={'value': 16, 'prev_value': 15, 'change': 1}
2023-01-25 07:44:47,882 : INFO : SwitchController : <<<<<<< 's_right_slingshot' inactive >>>>>>>
2023-01-25 07:44:52,432 : INFO : SwitchController : <<<<<<< 's_left_slingshot' active >>>>>>>
2023-01-25 07:44:52,433 : INFO : EventManager : Event: ======'machine_var_audits_switches_s_left_slingshot'====== Args={'value': 15, 'prev_value': 14, 'change': 1}
2023-01-25 07:44:52,458 : INFO : SwitchController : <<<<<<< 's_left_slingshot' inactive >>>>>>>
2023-01-25 07:44:52,525 : INFO : SwitchController : <<<<<<< 's_right_slingshot' active >>>>>>>
2023-01-25 07:44:52,525 : INFO : EventManager : Event: ======'machine_var_audits_switches_s_right_slingshot'====== Args={'value': 17, 'prev_value': 16, 'change': 1}
2023-01-25 07:44:52,541 : INFO : SwitchController : <<<<<<< 's_right_slingshot' inactive >>>>>>>
2023-01-25 07:44:54,536 : INFO : SwitchController : <<<<<<< 's_left_slingshot' active >>>>>>>
2023-01-25 07:44:54,536 : INFO : EventManager : Event: ======'machine_var_audits_switches_s_left_slingshot'====== Args={'value': 16, 'prev_value': 15, 'change': 1}
2023-01-25 07:44:54,553 : INFO : SwitchController : <<<<<<< 's_left_slingshot' inactive >>>>>>>
2023-01-25 07:44:54,706 : INFO : SwitchController : <<<<<<< 's_right_slingshot' active >>>>>>>
2023-01-25 07:44:54,707 : INFO : EventManager : Event: ======'machine_var_audits_switches_s_right_slingshot'====== Args={'value': 18, 'prev_value': 17, 'change': 1}
2023-01-25 07:44:54,722 : INFO : SwitchController : <<<<<<< 's_right_slingshot' inactive >>>>>>>
2023-01-25 07:44:54,816 : INFO : SwitchController : <<<<<<< 's_left_slingshot' active >>>>>>>
2023-01-25 07:44:54,817 : INFO : EventManager : Event: ======'machine_var_audits_switches_s_left_slingshot'====== Args={'value': 17, 'prev_value': 16, 'change': 1}
2023-01-25 07:44:54,829 : INFO : SwitchController : <<<<<<< 's_left_slingshot' inactive >>>>>>>
2023-01-25 07:44:56,481 : INFO : SwitchController : <<<<<<< 's_left_slingshot' active >>>>>>>
2023-01-25 07:44:56,482 : INFO : EventManager : Event: ======'machine_var_audits_switches_s_left_slingshot'====== Args={'value': 18, 'prev_value': 17, 'change': 1}
2023-01-25 07:44:56,499 : INFO : SwitchController : <<<<<<< 's_left_slingshot' inactive >>>>>>>
2023-01-25 07:44:57,305 : INFO : SwitchController : <<<<<<< 's_right_slingshot' active >>>>>>>
2023-01-25 07:44:57,306 : INFO : EventManager : Event: ======'machine_var_audits_switches_s_right_slingshot'====== Args={'value': 19, 'prev_value': 18, 'change': 1}
2023-01-25 07:44:57,336 : INFO : SwitchController : <<<<<<< 's_right_slingshot' inactive >>>>>>>
2023-01-25 07:45:02,211 : INFO : SwitchController : <<<<<<< 's_right_slingshot' active >>>>>>>
2023-01-25 07:45:02,212 : INFO : EventManager : Event: ======'machine_var_audits_switches_s_right_slingshot'====== Args={'value': 20, 'prev_value': 19, 'change': 1}
2023-01-25 07:45:02,237 : INFO : SwitchController : <<<<<<< 's_right_slingshot' inactive >>>>>>>
2023-01-25 07:45:07,957 : INFO : SwitchController : <<<<<<< 's_right_slingshot' active >>>>>>>
2023-01-25 07:45:07,957 : INFO : EventManager : Event: ======'machine_var_audits_switches_s_right_slingshot'====== Args={'value': 21, 'prev_value': 20, 'change': 1}
2023-01-25 07:45:07,971 : INFO : SwitchController : <<<<<<< 's_right_slingshot' inactive >>>>>>>
2023-01-25 07:45:08,077 : INFO : SwitchController : <<<<<<< 's_left_slingshot' active >>>>>>>
2023-01-25 07:45:08,078 : INFO : EventManager : Event: ======'machine_var_audits_switches_s_left_slingshot'====== Args={'value': 19, 'prev_value': 18, 'change': 1}
2023-01-25 07:45:08,099 : INFO : SwitchController : <<<<<<< 's_left_slingshot' inactive >>>>>>>
2023-01-25 07:45:10,097 : INFO : SwitchController : <<<<<<< 's_right_slingshot' active >>>>>>>
2023-01-25 07:45:10,098 : INFO : EventManager : Event: ======'machine_var_audits_switches_s_right_slingshot'====== Args={'value': 22, 'prev_value': 21, 'change': 1}
2023-01-25 07:45:10,109 : INFO : SwitchController : <<<<<<< 's_right_slingshot' inactive >>>>>>>
2023-01-25 07:45:10,580 : INFO : SwitchController : <<<<<<< 's_right_slingshot' active >>>>>>>
2023-01-25 07:45:10,581 : INFO : EventManager : Event: ======'machine_var_audits_switches_s_right_slingshot'====== Args={'value': 23, 'prev_value': 22, 'change': 1}
2023-01-25 07:45:10,589 : INFO : SwitchController : <<<<<<< 's_right_slingshot' inactive >>>>>>>
2023-01-25 07:45:20,283 : INFO : Machine : Shutting down...
2023-01-25 07:45:20,283 : INFO : EventManager : Event: ======'shutdown'====== Args={}
2023-01-25 07:45:20,285 : INFO : EventManager : Event: ======'mode_game_will_stop'====== Args={}
2023-01-25 07:45:20,285 : INFO : EventManager : Event: ======'mode_game_stopping'====== Args={}
2023-01-25 07:45:20,286 : INFO : Mode.game : Stopped.
2023-01-25 07:45:20,286 : INFO : EventManager : Event: ======'modes_active_modes_changed'====== Args={}
2023-01-25 07:45:20,286 : INFO : EventManager : Event: ======'mode_game_stopped'====== Args={}
2023-01-25 07:45:20,286 : INFO : EventManager : Event: ======'clear'====== Args={'key': 'game'}
2023-01-25 07:45:20,288 : ERROR : OPP : Stop called on serial connection com3
2023-01-25 07:45:20,292 : ERROR : OPP : Stop called on serial connection com4
2023-01-25 07:45:20,292 : ERROR : asyncio : Exception in callback Util.raise_exceptions(<Task finishe...ection lost')>) at C:\Users\ruben\.local\pipx\venvs\mpf\lib\site-packages\mpf\core\utility_functions.py:759
handle: <Handle Util.raise_exceptions(<Task finishe...ection lost')>) at C:\Users\ruben\.local\pipx\venvs\mpf\lib\site-packages\mpf\core\utility_functions.py:759>
Traceback (most recent call last):
  File "C:\Users\ruben\AppData\Local\Programs\Python\Python39\lib\asyncio\events.py", line 80, in _run
    self._context.run(self._callback, *self._args)
  File "C:\Users\ruben\.local\pipx\venvs\mpf\lib\site-packages\mpf\core\utility_functions.py", line 767, in raise_exceptions
    future.result()
  File "C:\Users\ruben\.local\pipx\venvs\mpf\lib\site-packages\mpf\platforms\opp\opp.py", line 965, in _poll_sender
    await self.opp_connection[chain_serial].writer.drain()
  File "C:\Users\ruben\AppData\Local\Programs\Python\Python39\lib\asyncio\streams.py", line 387, in drain
    await self._protocol._drain_helper()
  File "C:\Users\ruben\AppData\Local\Programs\Python\Python39\lib\asyncio\streams.py", line 190, in _drain_helper
    raise ConnectionResetError('Connection lost')
ConnectionResetError: Connection lost
2023-01-25 07:45:20,552 : WARNING : OPP : Poll took more than 250.0ms for 0
2023-01-25 07:45:20,553 : ERROR : asyncio : Exception in callback Util.raise_exceptions(<Task finishe...ute 'write'")>) at C:\Users\ruben\.local\pipx\venvs\mpf\lib\site-packages\mpf\core\utility_functions.py:759
handle: <Handle Util.raise_exceptions(<Task finishe...ute 'write'")>) at C:\Users\ruben\.local\pipx\venvs\mpf\lib\site-packages\mpf\core\utility_functions.py:759>
Traceback (most recent call last):
  File "C:\Users\ruben\AppData\Local\Programs\Python\Python39\lib\asyncio\events.py", line 80, in _run
    self._context.run(self._callback, *self._args)
  File "C:\Users\ruben\.local\pipx\venvs\mpf\lib\site-packages\mpf\core\utility_functions.py", line 767, in raise_exceptions
    future.result()
  File "C:\Users\ruben\.local\pipx\venvs\mpf\lib\site-packages\mpf\platforms\opp\opp.py", line 964, in _poll_sender
    self.send_to_processor(chain_serial, self.read_input_msg[chain_serial])
  File "C:\Users\ruben\.local\pipx\venvs\mpf\lib\site-packages\mpf\platforms\opp\opp.py", line 345, in send_to_processor
    self.opp_connection[chain_serial].send(msg)
  File "C:\Users\ruben\.local\pipx\venvs\mpf\lib\site-packages\mpf\platforms\base_serial_communicator.py", line 160, in send
    self.writer.write(msg)
AttributeError: 'NoneType' object has no attribute 'write'
2023-01-25 07:45:20,559 : INFO : root : MPF run loop ended.
