2023-01-25 08:02:16,460 : INFO : root : Loading config.
2023-01-25 08:02:16,460 : INFO : YamlMultifileConfigLoader : Machine config file #1: config.yaml
2023-01-25 08:02:16,460 : WARNING : ConfigProcessor : Config file in cache changed: C:\pinball\my_machine\config\config.yaml
2023-01-25 08:02:16,460 : INFO : ConfigProcessor : Loading config from file C:\Users\ruben\.local\pipx\venvs\mpf\lib\site-packages\mpf\mpfconfig.yaml.
2023-01-25 08:02:16,564 : INFO : ConfigProcessor : Loading config: C:\Users\ruben\.local\pipx\venvs\mpf\lib\site-packages\mpf\mpfconfig.yaml
2023-01-25 08:02:16,564 : INFO : ConfigProcessor : Loading config from file C:\pinball\my_machine\config\config.yaml.
2023-01-25 08:02:16,597 : INFO : ConfigProcessor : Loading config: C:\pinball\my_machine\config\config.yaml
2023-01-25 08:02:16,597 : INFO : ConfigProcessor : Config file cache created: C:\Users\ruben\AppData\Local\Temp\a17888e5e1df298d67e07ada0b1bff4a.mpf_cache
2023-01-25 08:02:16,713 : INFO : ConfigProcessor : Loading config from cache: C:\Users\ruben\AppData\Local\Temp\67cf8ffee0fce2d4fcb5ef0bb894d8de.mpf_cache
2023-01-25 08:02:16,713 : INFO : ConfigProcessor : Loading config from cache: C:\Users\ruben\AppData\Local\Temp\25321780674732dcacb77a8f5b2a53cd.mpf_cache
2023-01-25 08:02:16,713 : INFO : Machine : Mission Pinball Framework Core Engine v0.56.0
2023-01-25 08:02:16,713 : INFO : Machine : Command line arguments: {'no_load_cache': False, 'create_config_cache': True, 'bcp': True, 'configfile': ['config.yaml'], 'force_assets_load': False, 'jsonlogging': False, 'logfile': 'logs\\2023-01-25-08-02-16-mpf-DESKTOP-11MEIVG.log', 'pause': False, 'production': False, 'text_ui': True, 'loglevel': 15, 'consoleloglevel': 20, 'force_platform': None, 'syslog_address': None, 'mc_file_name': None, 'no_sound': False}
2023-01-25 08:02:16,713 : INFO : Machine : MPF path: C:\Users\ruben\.local\pipx\venvs\mpf\lib\site-packages\mpf
2023-01-25 08:02:16,713 : INFO : Machine : Machine path: C:\pinball\my_machine
2023-01-25 08:02:16,713 : INFO : Machine : Platform: win32
2023-01-25 08:02:16,713 : INFO : Machine : Python executable location: C:\Users\ruben\.local\pipx\venvs\mpf\Scripts\python.exe
2023-01-25 08:02:16,713 : INFO : Machine : Python version: 3.9.13 (64-bit)
2023-01-25 08:02:16,713 : INFO : Machine : Initialise MPF.
2023-01-25 08:02:17,011 : INFO : OPP : Connecting to com3 at 115200bps
2023-01-25 08:02:17,173 : INFO : OPP : Init of OPP board 1 done
2023-01-25 08:02:17,173 : INFO : OPP : Connecting to com4 at 115200bps
2023-01-25 08:02:17,268 : INFO : OPP : Init of OPP board 0 done
2023-01-25 08:02:17,269 : INFO : EventManager : Event: ======'machine_var_credits_string'====== Args={'value': 'FREE PLAY', 'prev_value': None, 'change': True}
2023-01-25 08:02:17,344 : INFO : EventManager : Event: ======'machine_var_master_volume'====== Args={'value': 0.5, 'prev_value': None, 'change': True}
2023-01-25 08:02:17,344 : INFO : EventManager : Event: ======'machine_var_mpf_version'====== Args={'value': 'MPF v0.56.0', 'prev_value': None, 'change': True}
2023-01-25 08:02:17,344 : INFO : EventManager : Event: ======'machine_var_mpf_extended_version'====== Args={'value': 'MPF v0.56.0, Config version:5, Show version: 5, BCP version:1.1', 'prev_value': None, 'change': True}
2023-01-25 08:02:17,345 : INFO : EventManager : Event: ======'machine_var_python_version'====== Args={'value': '3.9.13', 'prev_value': None, 'change': True}
2023-01-25 08:02:17,361 : INFO : EventManager : Event: ======'machine_var_platform'====== Args={'value': 'Windows-10-10.0.19045-SP0', 'prev_value': None, 'change': True}
2023-01-25 08:02:17,361 : INFO : EventManager : Event: ======'machine_var_platform_system'====== Args={'value': 'Windows', 'prev_value': None, 'change': True}
2023-01-25 08:02:17,361 : INFO : EventManager : Event: ======'machine_var_platform_release'====== Args={'value': '10', 'prev_value': None, 'change': True}
2023-01-25 08:02:17,361 : INFO : EventManager : Event: ======'machine_var_platform_version'====== Args={'value': '10.0.19045', 'prev_value': None, 'change': True}
2023-01-25 08:02:17,361 : INFO : EventManager : Event: ======'machine_var_platform_machine'====== Args={'value': 'AMD64', 'prev_value': None, 'change': True}
2023-01-25 08:02:17,362 : INFO : EventManager : Event: ======'init_phase_1'====== Args={}
2023-01-25 08:02:17,390 : INFO : EventManager : Event: ======'init_phase_2'====== Args={}
2023-01-25 08:02:17,392 : INFO : EventManager : Event: ======'bcp_connection_attempt'====== Args={'name': 'local_display', 'host': 'localhost', 'port': 5050}
2023-01-25 08:02:17,394 : INFO : BCPClientSocket : Connecting BCP to 'local_display' at localhost:5050...
2023-01-25 08:02:19,451 : INFO : BCPClientSocket : Connected BCP to 'local_display' localhost:5050
2023-01-25 08:02:19,454 : INFO : EventManager : Event: ======'bcp_clients_connected'====== Args={}
2023-01-25 08:02:19,458 : INFO : EventManager : Event: ======'machine_var_mc_version'====== Args={'value': 'MPF-MC v0.56.1', 'prev_value': None, 'change': True}
2023-01-25 08:02:19,459 : INFO : EventManager : Event: ======'machine_var_mc_extended_version'====== Args={'value': 'MPF-MC v0.56.1 (config_version=5, BCP v1.1,                      Requires MPF API compatibility v0.56.0 or newer)', 'prev_value': None, 'change': True}
2023-01-25 08:02:19,505 : INFO : ball_device.bd_trough : BCH: Initial count: 0
2023-01-25 08:02:19,507 : INFO : ball_device.bd_trough : State: idle
2023-01-25 08:02:19,508 : INFO : ball_device.bd_scoop_lower : BCH: Initial count: 0
2023-01-25 08:02:19,508 : INFO : ball_device.bd_scoop_lower : State: idle
2023-01-25 08:02:19,531 : INFO : EventManager : Event: ======'init_phase_3'====== Args={}
2023-01-25 08:02:19,535 : INFO : EventManager : Event: ======'init_phase_4'====== Args={}
2023-01-25 08:02:19,536 : INFO : BallController : Initial balls found: 0
2023-01-25 08:02:19,538 : INFO : EventManager : Event: ======'machine_var_audits_events_game_ended'====== Args={'value': 0, 'prev_value': None, 'change': True}
2023-01-25 08:02:19,538 : INFO : EventManager : Event: ======'machine_var_audits_events_game_started'====== Args={'value': 6, 'prev_value': None, 'change': True}
2023-01-25 08:02:19,539 : INFO : EventManager : Event: ======'machine_var_audits_player_score'====== Args={'value': {'average': 0, 'top': [], 'total': 0}, 'prev_value': None, 'change': True}
2023-01-25 08:02:19,539 : INFO : EventManager : Event: ======'machine_var_audits_switches_s_left_flipper'====== Args={'value': 12, 'prev_value': None, 'change': True}
2023-01-25 08:02:19,539 : INFO : EventManager : Event: ======'machine_var_audits_switches_s_left_slingshot'====== Args={'value': 19, 'prev_value': None, 'change': True}
2023-01-25 08:02:19,539 : INFO : EventManager : Event: ======'machine_var_audits_switches_s_right_flipper'====== Args={'value': 18, 'prev_value': None, 'change': True}
2023-01-25 08:02:19,540 : INFO : EventManager : Event: ======'machine_var_audits_switches_s_right_inlane'====== Args={'value': 0, 'prev_value': None, 'change': True}
2023-01-25 08:02:19,540 : INFO : EventManager : Event: ======'machine_var_audits_switches_s_right_slingshot'====== Args={'value': 23, 'prev_value': None, 'change': True}
2023-01-25 08:02:19,540 : INFO : EventManager : Event: ======'machine_var_audits_switches_s_scoop_lower'====== Args={'value': 7, 'prev_value': None, 'change': True}
2023-01-25 08:02:19,540 : INFO : EventManager : Event: ======'machine_var_audits_switches_s_startButton'====== Args={'value': 1, 'prev_value': None, 'change': True}
2023-01-25 08:02:19,540 : INFO : EventManager : Event: ======'machine_var_audits_switches_s_trough1'====== Args={'value': 1, 'prev_value': None, 'change': True}
2023-01-25 08:02:19,542 : INFO : EventManager : Event: ======'init_phase_5'====== Args={}
2023-01-25 08:02:19,554 : INFO : EventManager : Event: ======'init_done'====== Args={}
2023-01-25 08:02:19,555 : INFO : EventManager : Event: ======'machine_reset_phase_1'====== Args={}
2023-01-25 08:02:19,567 : INFO : EventManager : Event: ======'slide_welcome_slide_removed'====== Args={'_from_bcp': True}
2023-01-25 08:02:19,569 : INFO : EventManager : Event: ======'slide_welcome_slide_created'====== Args={'_from_bcp': True}
2023-01-25 08:02:19,573 : INFO : EventManager : Event: ======'machine_reset_phase_2'====== Args={}
2023-01-25 08:02:19,574 : INFO : EventManager : Event: ======'slide_welcome_slide_active'====== Args={'_from_bcp': True}
2023-01-25 08:02:19,575 : INFO : EventManager : Event: ======'machine_reset_phase_3'====== Args={}
2023-01-25 08:02:19,576 : INFO : EventManager : Event: ======'reset_complete'====== Args={}
2023-01-25 08:02:19,576 : INFO : EventManager : Event: ======'mode_attract_will_start'====== Args={}
2023-01-25 08:02:19,577 : INFO : EventManager : Event: ======'mode_attract_starting'====== Args={}
2023-01-25 08:02:19,577 : INFO : Mode.attract : Started. Priority: 10
2023-01-25 08:02:19,578 : INFO : EventManager : Event: ======'modes_active_modes_changed'====== Args={}
2023-01-25 08:02:19,578 : INFO : EventManager : Event: ======'mode_attract_started'====== Args={}
2023-01-25 08:02:19,578 : INFO : EventManager : Event: ======'collecting_balls_complete'====== Args={}
2023-01-25 08:02:19,605 : INFO : EventManager : Event: ======'slide_attract_started_created'====== Args={'_from_bcp': True}
2023-01-25 08:02:19,605 : INFO : EventManager : Event: ======'slide_attract_started_active'====== Args={'_from_bcp': True}
2023-01-25 08:02:19,606 : INFO : Machine : Starting the main run loop.
2023-01-25 08:02:21,989 : INFO : SwitchController : <<<<<<< 's_trough1' active >>>>>>>
2023-01-25 08:02:22,012 : INFO : SwitchController : <<<<<<< 's_trough1' inactive >>>>>>>
2023-01-25 08:02:22,048 : INFO : SwitchController : <<<<<<< 's_trough1' active >>>>>>>
2023-01-25 08:02:22,055 : INFO : SwitchController : <<<<<<< 's_trough1' inactive >>>>>>>
2023-01-25 08:02:22,070 : INFO : SwitchController : <<<<<<< 's_trough1' active >>>>>>>
2023-01-25 08:02:22,564 : INFO : EventManager : Event: ======'balldevice_bd_trough_ball_count_changed'====== Args={'balls': 1}
2023-01-25 08:02:22,564 : INFO : ball_device.bd_trough : Received unexpected ball
2023-01-25 08:02:22,564 : INFO : EventManager : Event: ======'balldevice_captured_from_playfield'====== Args={'balls': 1}
2023-01-25 08:02:22,565 : INFO : EventManager : Event: ======'sw_playfield_active'====== Args={'balls': 1}
2023-01-25 08:02:22,565 : INFO : EventManager : Event: ======'playfield_active'====== Args={}
2023-01-25 08:02:22,565 : INFO : EventManager : Event: ======'unexpected_ball_on_playfield'====== Args={}
2023-01-25 08:02:22,565 : INFO : EventManager : Event: ======'playfield_ball_count_change'====== Args={'balls': -1, 'change': -1}
2023-01-25 08:02:22,566 : INFO : EventManager : Event: ======'balldevice_playfield_ball_enter'====== Args={'new_balls': 1, 'unclaimed_balls': 1, 'device': <playfield.playfield>}
2023-01-25 08:02:22,566 : INFO : EventManager : Event: ======'playfield_ball_count_change'====== Args={'balls': 0, 'change': 1}
2023-01-25 08:02:22,566 : INFO : BallController : Found a new ball which was captured from playfield. Known balls: 1
2023-01-25 08:02:22,566 : INFO : EventManager : Event: ======'found_new_ball'====== Args={}
2023-01-25 08:02:22,566 : INFO : EventManager : Event: ======'balldevice_bd_trough_ball_enter'====== Args={'new_balls': 1, 'unclaimed_balls': 1, 'new_available_balls': 1, 'device': <ball_device.bd_trough>}
2023-01-25 08:02:22,567 : INFO : EventManager : Event: ======'ball_drain'====== Args={'device': <ball_device.bd_trough>, 'balls': 1}
2023-01-25 08:02:22,567 : INFO : EventManager : Event: ======'balldevice_balls_available'====== Args={}
2023-01-25 08:02:22,567 : INFO : EventManager : Event: ======'balldevice_bd_trough_ball_entered'====== Args={'new_balls': 1, 'device': <ball_device.bd_trough>}
2023-01-25 08:02:24,592 : INFO : SwitchController : <<<<<<< 's_startButton' active >>>>>>>
2023-01-25 08:02:24,685 : INFO : SwitchController : <<<<<<< 's_startButton' inactive >>>>>>>
2023-01-25 08:02:24,686 : INFO : EventManager : Event: ======'request_to_start_game'====== Args={}
2023-01-25 08:02:24,687 : INFO : EventManager : Event: ======'game_start'====== Args={'buttons': [], 'hold_time': 0.09400000000096043}
2023-01-25 08:02:24,687 : INFO : EventManager : Event: ======'mode_game_will_start'====== Args={'buttons': [], 'hold_time': 0.09400000000096043}
2023-01-25 08:02:24,688 : INFO : EventManager : Event: ======'mode_game_starting'====== Args={'buttons': [], 'hold_time': 0.09400000000096043}
2023-01-25 08:02:24,688 : INFO : EventManager : Event: ======'mode_attract_will_stop'====== Args={}
2023-01-25 08:02:24,688 : INFO : EventManager : Event: ======'mode_attract_stopping'====== Args={}
2023-01-25 08:02:24,688 : INFO : Mode.attract : Stopped.
2023-01-25 08:02:24,689 : INFO : EventManager : Event: ======'modes_active_modes_changed'====== Args={}
2023-01-25 08:02:24,689 : INFO : EventManager : Event: ======'mode_attract_stopped'====== Args={}
2023-01-25 08:02:24,689 : INFO : EventManager : Event: ======'clear'====== Args={'key': 'attract'}
2023-01-25 08:02:24,689 : INFO : Mode.game : Started. Priority: 20
2023-01-25 08:02:24,689 : INFO : EventManager : Event: ======'modes_active_modes_changed'====== Args={}
2023-01-25 08:02:24,689 : INFO : EventManager : Event: ======'mode_game_started'====== Args={'buttons': [], 'hold_time': 0.09400000000096043}
2023-01-25 08:02:24,698 : INFO : EventManager : Event: ======'game_will_start'====== Args={}
2023-01-25 08:02:24,699 : INFO : EventManager : Event: ======'game_starting'====== Args={'game': <Mode.game>}
2023-01-25 08:02:24,701 : INFO : EventManager : Event: ======'player_add_request'====== Args={}
2023-01-25 08:02:24,702 : INFO : EventManager : Event: ======'player_will_add'====== Args={'number': 1}
2023-01-25 08:02:24,702 : INFO : EventManager : Event: ======'player_adding'====== Args={'player': <Player 1>, 'number': 1}
2023-01-25 08:02:24,702 : INFO : EventManager : Event: ======'player_added'====== Args={'player': <Player 1>, 'num': 1}
2023-01-25 08:02:24,702 : INFO : Mode.game : Player added successfully. Total players: 1
2023-01-25 08:02:24,703 : INFO : EventManager : Event: ======'player_index'====== Args={'value': 0, 'prev_value': 0, 'change': 0, 'player_num': 1}
2023-01-25 08:02:24,703 : INFO : EventManager : Event: ======'player_number'====== Args={'value': 1, 'prev_value': 1, 'change': 0, 'player_num': 1}
2023-01-25 08:02:24,703 : INFO : EventManager : Event: ======'player_score'====== Args={'value': 0, 'prev_value': 0, 'change': 0, 'player_num': 1}
2023-01-25 08:02:24,706 : INFO : EventManager : Event: ======'game_started'====== Args={}
2023-01-25 08:02:24,724 : INFO : EventManager : Event: ======'player_turn_will_start'====== Args={'player': <Player 1>, 'number': 1}
2023-01-25 08:02:24,725 : INFO : EventManager : Event: ======'player_turn_starting'====== Args={'player': <Player 1>, 'number': 1}
2023-01-25 08:02:24,726 : INFO : EventManager : Event: ======'player_ball'====== Args={'value': 1, 'prev_value': 0, 'change': 1, 'player_num': 1}
2023-01-25 08:02:24,727 : INFO : EventManager : Event: ======'player_turn_started'====== Args={'player': <Player 1>, 'number': 1}
2023-01-25 08:02:24,728 : INFO : EventManager : Event: ======'ball_will_start'====== Args={'player': 1, 'ball': 1, 'balls_remaining': 2, 'is_extra_ball': False}
2023-01-25 08:02:24,732 : INFO : EventManager : Event: ======'ball_starting'====== Args={'player': 1, 'ball': 1, 'balls_remaining': 2, 'is_extra_ball': False}
2023-01-25 08:02:24,733 : INFO : EventManager : Event: ======'balls_in_play'====== Args={'balls': 1}
2023-01-25 08:02:24,733 : INFO : EventManager : Event: ======'ball_started'====== Args={'player': 1, 'ball': 1, 'balls_remaining': 2, 'is_extra_ball': False}
2023-01-25 08:02:24,735 : INFO : EventManager : Event: ======'single_player_ball_started'====== Args={}
2023-01-25 08:02:24,736 : INFO : EventManager : Event: ======'ball_start_target'====== Args={'target': 'playfield'}
2023-01-25 08:02:24,737 : INFO : ball_device.bd_trough : Setting up player-controlled eject. Balls: 1, Target: <playfield.playfield>, player_controlled_eject_event: None
2023-01-25 08:02:24,737 : INFO : ball_device.bd_trough : Adding 1 ball(s) to the eject_queue with target <playfield.playfield>.
2023-01-25 08:02:24,737 : INFO : EventManager : Event: ======'balldevice_balls_available'====== Args={}
2023-01-25 08:02:24,739 : INFO : ball_device.bd_trough : State: waiting_for_target_ready
2023-01-25 08:02:24,740 : INFO : EventManager : Event: ======'balldevice_bd_trough_ball_eject_attempt'====== Args={'balls': 1, 'target': <playfield.playfield>, 'source': <ball_device.bd_trough>, 'mechanical_eject': False, 'num_attempts': 0}
2023-01-25 08:02:24,741 : INFO : ball_device.bd_trough : State: ejecting
2023-01-25 08:02:24,741 : INFO : ball_device.bd_trough : Ejecting ball to <playfield.playfield>
2023-01-25 08:02:24,741 : INFO : EventManager : Event: ======'balldevice_bd_trough_ejecting_ball'====== Args={'balls': 1, 'target': <playfield.playfield>, 'source': <ball_device.bd_trough>, 'mechanical_eject': False, 'num_attempts': 0}
2023-01-25 08:02:24,742 : INFO : ball_device.bd_trough : Wait for ball to leave device
2023-01-25 08:02:24,743 : INFO : coil.c_trough_eject : Pulsing Driver for 35ms (1.0 pulse_power)
2023-01-25 08:02:24,744 : INFO : EventManager : Event: ======'slide__global.slide_player-ball_started_created'====== Args={'_from_bcp': True}
2023-01-25 08:02:24,746 : INFO : EventManager : Event: ======'slide__global.slide_player-ball_started_active'====== Args={'_from_bcp': True}
2023-01-25 08:02:24,794 : INFO : SwitchController : <<<<<<< 's_trough1' inactive >>>>>>>
2023-01-25 08:02:24,800 : INFO : ball_device.bd_trough : State: ball_left
2023-01-25 08:02:24,800 : INFO : ball_device.bd_trough : Ball left
2023-01-25 08:02:24,800 : INFO : ball_device.bd_trough : Wait for confirm with timeout 10.0
2023-01-25 08:02:27,412 : INFO : SwitchController : <<<<<<< 's_scoop_lower' active >>>>>>>
2023-01-25 08:02:27,413 : INFO : EventManager : Event: ======'machine_var_audits_switches_s_scoop_lower'====== Args={'value': 8, 'prev_value': 7, 'change': 1}
2023-01-25 08:02:27,498 : INFO : SwitchController : <<<<<<< 's_scoop_lower' inactive >>>>>>>
2023-01-25 08:02:27,828 : INFO : SwitchController : <<<<<<< 's_scoop_lower' active >>>>>>>
2023-01-25 08:02:27,829 : INFO : EventManager : Event: ======'machine_var_audits_switches_s_scoop_lower'====== Args={'value': 9, 'prev_value': 8, 'change': 1}
2023-01-25 08:02:28,324 : INFO : EventManager : Event: ======'balldevice_bd_scoop_lower_ball_count_changed'====== Args={'balls': 1}
2023-01-25 08:02:28,324 : INFO : ball_device.bd_scoop_lower : Received unexpected ball
2023-01-25 08:02:28,324 : INFO : EventManager : Event: ======'balldevice_captured_from_playfield'====== Args={'balls': 1}
2023-01-25 08:02:28,325 : INFO : EventManager : Event: ======'sw_playfield_active'====== Args={'balls': 1}
2023-01-25 08:02:28,325 : INFO : EventManager : Event: ======'playfield_active'====== Args={}
2023-01-25 08:02:28,325 : INFO : EventManager : Event: ======'playfield_ball_count_change'====== Args={'balls': -1, 'change': -1}
2023-01-25 08:02:28,326 : INFO : EventManager : Event: ======'balldevice_bd_scoop_lower_ball_enter'====== Args={'new_balls': 1, 'unclaimed_balls': 1, 'new_available_balls': 1, 'device': <ball_device.bd_scoop_lower>}
2023-01-25 08:02:28,327 : INFO : ball_device.bd_trough : Got eject confirm
2023-01-25 08:02:28,327 : INFO : ball_device.bd_trough : Eject successful
2023-01-25 08:02:28,327 : INFO : EventManager : Event: ======'balldevice_bd_trough_ball_eject_success'====== Args={'balls': 1, 'target': <playfield.playfield>}
2023-01-25 08:02:28,327 : INFO : ball_device.bd_scoop_lower : Ejecting 1 unexpected balls using path deque([<ball_device.bd_scoop_lower>, <playfield.playfield>])
2023-01-25 08:02:28,328 : INFO : EventManager : Event: ======'balldevice_balls_available'====== Args={}
2023-01-25 08:02:28,328 : INFO : EventManager : Event: ======'balldevice_balls_available'====== Args={}
2023-01-25 08:02:28,328 : INFO : EventManager : Event: ======'balldevice_bd_scoop_lower_ball_entered'====== Args={'new_balls': 1, 'device': <ball_device.bd_scoop_lower>}
2023-01-25 08:02:28,328 : INFO : EventManager : Event: ======'balldevice_playfield_ball_enter'====== Args={'new_balls': 1, 'unclaimed_balls': 1, 'device': <playfield.playfield>}
2023-01-25 08:02:28,328 : INFO : EventManager : Event: ======'playfield_ball_count_change'====== Args={'balls': 0, 'change': 1}
2023-01-25 08:02:28,329 : INFO : EventManager : Event: ======'balldevice_bd_trough_ball_count_changed'====== Args={'balls': 0}
2023-01-25 08:02:28,329 : INFO : ball_device.bd_trough : State: idle
2023-01-25 08:02:28,331 : INFO : ball_device.bd_scoop_lower : State: waiting_for_target_ready
2023-01-25 08:02:28,331 : INFO : EventManager : Event: ======'balldevice_bd_scoop_lower_ball_eject_attempt'====== Args={'balls': 1, 'target': <playfield.playfield>, 'source': <ball_device.bd_scoop_lower>, 'mechanical_eject': False, 'num_attempts': 0}
2023-01-25 08:02:28,332 : INFO : ball_device.bd_scoop_lower : State: ejecting
2023-01-25 08:02:28,333 : INFO : ball_device.bd_scoop_lower : Ejecting ball to <playfield.playfield>
2023-01-25 08:02:28,333 : INFO : EventManager : Event: ======'balldevice_bd_scoop_lower_ejecting_ball'====== Args={'balls': 1, 'target': <playfield.playfield>, 'source': <ball_device.bd_scoop_lower>, 'mechanical_eject': False, 'num_attempts': 0}
2023-01-25 08:02:28,334 : INFO : ball_device.bd_scoop_lower : Wait for ball to leave device
2023-01-25 08:02:28,334 : INFO : coil.c_scoop_lower : Pulsing Driver for 25ms (1.0 pulse_power)
2023-01-25 08:02:28,373 : INFO : SwitchController : <<<<<<< 's_scoop_lower' inactive >>>>>>>
2023-01-25 08:02:28,379 : INFO : ball_device.bd_scoop_lower : State: ball_left
2023-01-25 08:02:28,379 : INFO : ball_device.bd_scoop_lower : Ball left
2023-01-25 08:02:28,379 : INFO : ball_device.bd_scoop_lower : Wait for confirm with timeout 4.0
2023-01-25 08:02:29,850 : INFO : SwitchController : <<<<<<< 's_scoop_lower' active >>>>>>>
2023-01-25 08:02:29,850 : INFO : EventManager : Event: ======'machine_var_audits_switches_s_scoop_lower'====== Args={'value': 10, 'prev_value': 9, 'change': 1}
2023-01-25 08:02:29,911 : INFO : SwitchController : <<<<<<< 's_scoop_lower' inactive >>>>>>>
2023-01-25 08:02:30,059 : INFO : SwitchController : <<<<<<< 's_scoop_lower' active >>>>>>>
2023-01-25 08:02:30,059 : INFO : EventManager : Event: ======'machine_var_audits_switches_s_scoop_lower'====== Args={'value': 11, 'prev_value': 10, 'change': 1}
2023-01-25 08:02:32,364 : INFO : ball_device.bd_scoop_lower : State: failed_confirm
2023-01-25 08:02:32,364 : INFO : ball_device.bd_scoop_lower : Got timeout (4.0s) before confirm from <playfield.playfield>
2023-01-25 08:02:32,457 : INFO : ball_device.bd_scoop_lower : Got unknown balls. Assuming a ball returned.
2023-01-25 08:02:32,458 : INFO : EventManager : Event: ======'balldevice_bd_scoop_lower_ball_eject_failed'====== Args={'target': <playfield.playfield>, 'balls': 1, 'retry': True, 'num_attempts': 1}
2023-01-25 08:02:32,460 : INFO : ball_device.bd_scoop_lower : State: waiting_for_target_ready
2023-01-25 08:02:32,460 : INFO : EventManager : Event: ======'balldevice_bd_scoop_lower_ball_eject_attempt'====== Args={'balls': 1, 'target': <playfield.playfield>, 'source': <ball_device.bd_scoop_lower>, 'mechanical_eject': False, 'num_attempts': 1}
2023-01-25 08:02:32,461 : INFO : ball_device.bd_scoop_lower : State: ejecting
2023-01-25 08:02:32,462 : INFO : ball_device.bd_scoop_lower : Ejecting ball to <playfield.playfield>
2023-01-25 08:02:32,462 : INFO : EventManager : Event: ======'balldevice_bd_scoop_lower_ejecting_ball'====== Args={'balls': 1, 'target': <playfield.playfield>, 'source': <ball_device.bd_scoop_lower>, 'mechanical_eject': False, 'num_attempts': 1}
2023-01-25 08:02:32,464 : INFO : ball_device.bd_scoop_lower : Wait for ball to leave device
2023-01-25 08:02:32,464 : INFO : coil.c_scoop_lower : Pulsing Driver for 25ms (1.0 pulse_power)
2023-01-25 08:02:32,504 : INFO : SwitchController : <<<<<<< 's_scoop_lower' inactive >>>>>>>
2023-01-25 08:02:32,522 : INFO : ball_device.bd_scoop_lower : State: ball_left
2023-01-25 08:02:32,523 : INFO : ball_device.bd_scoop_lower : Ball left
2023-01-25 08:02:32,524 : INFO : ball_device.bd_scoop_lower : Wait for confirm with timeout 4.0
2023-01-25 08:02:34,426 : INFO : SwitchController : <<<<<<< 's_scoop_lower' active >>>>>>>
2023-01-25 08:02:34,427 : INFO : EventManager : Event: ======'machine_var_audits_switches_s_scoop_lower'====== Args={'value': 12, 'prev_value': 11, 'change': 1}
2023-01-25 08:02:34,516 : INFO : SwitchController : <<<<<<< 's_scoop_lower' inactive >>>>>>>
2023-01-25 08:02:34,797 : INFO : SwitchController : <<<<<<< 's_scoop_lower' active >>>>>>>
2023-01-25 08:02:34,797 : INFO : EventManager : Event: ======'machine_var_audits_switches_s_scoop_lower'====== Args={'value': 13, 'prev_value': 12, 'change': 1}
2023-01-25 08:02:36,526 : INFO : ball_device.bd_scoop_lower : State: failed_confirm
2023-01-25 08:02:36,526 : INFO : ball_device.bd_scoop_lower : Got timeout (4.0s) before confirm from <playfield.playfield>
2023-01-25 08:02:36,620 : INFO : ball_device.bd_scoop_lower : Got unknown balls. Assuming a ball returned.
2023-01-25 08:02:36,621 : INFO : EventManager : Event: ======'balldevice_bd_scoop_lower_ball_eject_failed'====== Args={'target': <playfield.playfield>, 'balls': 1, 'retry': True, 'num_attempts': 2}
2023-01-25 08:02:36,627 : INFO : ball_device.bd_scoop_lower : State: waiting_for_target_ready
2023-01-25 08:02:36,627 : INFO : EventManager : Event: ======'balldevice_bd_scoop_lower_ball_eject_attempt'====== Args={'balls': 1, 'target': <playfield.playfield>, 'source': <ball_device.bd_scoop_lower>, 'mechanical_eject': False, 'num_attempts': 2}
2023-01-25 08:02:36,631 : INFO : ball_device.bd_scoop_lower : State: ejecting
2023-01-25 08:02:36,631 : INFO : ball_device.bd_scoop_lower : Ejecting ball to <playfield.playfield>
2023-01-25 08:02:36,631 : INFO : EventManager : Event: ======'balldevice_bd_scoop_lower_ejecting_ball'====== Args={'balls': 1, 'target': <playfield.playfield>, 'source': <ball_device.bd_scoop_lower>, 'mechanical_eject': False, 'num_attempts': 2}
2023-01-25 08:02:36,634 : INFO : ball_device.bd_scoop_lower : Wait for ball to leave device
2023-01-25 08:02:36,634 : INFO : coil.c_scoop_lower : Pulsing Driver for 25ms (1.0 pulse_power)
2023-01-25 08:02:36,653 : INFO : SwitchController : <<<<<<< 's_scoop_lower' inactive >>>>>>>
2023-01-25 08:02:36,660 : INFO : ball_device.bd_scoop_lower : State: ball_left
2023-01-25 08:02:36,660 : INFO : ball_device.bd_scoop_lower : Ball left
2023-01-25 08:02:36,660 : INFO : ball_device.bd_scoop_lower : Wait for confirm with timeout 4.0
2023-01-25 08:02:39,320 : INFO : SwitchController : <<<<<<< 's_right_flipper' active >>>>>>>
2023-01-25 08:02:39,320 : INFO : EventManager : Event: ======'machine_var_audits_switches_s_right_flipper'====== Args={'value': 19, 'prev_value': 18, 'change': 1}
2023-01-25 08:02:39,466 : INFO : SwitchController : <<<<<<< 's_right_flipper' inactive >>>>>>>
2023-01-25 08:02:40,650 : INFO : ball_device.bd_scoop_lower : State: failed_confirm
2023-01-25 08:02:40,651 : INFO : ball_device.bd_scoop_lower : Got timeout (4.0s) before confirm from <playfield.playfield>
2023-01-25 08:02:40,744 : INFO : ball_device.bd_scoop_lower : Confirming eject because target is playfield and ball did not return.
2023-01-25 08:02:40,744 : INFO : ball_device.bd_scoop_lower : Eject successful
2023-01-25 08:02:40,744 : INFO : EventManager : Event: ======'balldevice_bd_scoop_lower_ball_eject_success'====== Args={'balls': 1, 'target': <playfield.playfield>}
2023-01-25 08:02:40,745 : INFO : EventManager : Event: ======'balldevice_playfield_ball_enter'====== Args={'new_balls': 1, 'unclaimed_balls': 1, 'device': <playfield.playfield>}
2023-01-25 08:02:40,745 : INFO : EventManager : Event: ======'playfield_ball_count_change'====== Args={'balls': 1, 'change': 1}
2023-01-25 08:02:40,746 : INFO : EventManager : Event: ======'balldevice_bd_scoop_lower_ball_count_changed'====== Args={'balls': 0}
2023-01-25 08:02:40,746 : INFO : ball_device.bd_scoop_lower : State: idle
2023-01-25 08:02:42,907 : INFO : Machine : Shutting down...
2023-01-25 08:02:42,907 : INFO : EventManager : Event: ======'shutdown'====== Args={}
2023-01-25 08:02:42,911 : INFO : EventManager : Event: ======'mode_game_will_stop'====== Args={}
2023-01-25 08:02:42,911 : INFO : EventManager : Event: ======'mode_game_stopping'====== Args={}
2023-01-25 08:02:42,913 : INFO : Mode.game : Stopped.
2023-01-25 08:02:42,914 : INFO : EventManager : Event: ======'modes_active_modes_changed'====== Args={}
2023-01-25 08:02:42,914 : INFO : EventManager : Event: ======'mode_game_stopped'====== Args={}
2023-01-25 08:02:42,914 : INFO : EventManager : Event: ======'clear'====== Args={'key': 'game'}
2023-01-25 08:02:42,919 : ERROR : OPP : Stop called on serial connection com3
2023-01-25 08:02:42,925 : ERROR : OPP : Stop called on serial connection com4
2023-01-25 08:02:42,926 : ERROR : asyncio : Exception in callback Util.raise_exceptions(<Task finishe...ection lost')>) at C:\Users\ruben\.local\pipx\venvs\mpf\lib\site-packages\mpf\core\utility_functions.py:759
handle: <Handle Util.raise_exceptions(<Task finishe...ection lost')>) at C:\Users\ruben\.local\pipx\venvs\mpf\lib\site-packages\mpf\core\utility_functions.py:759>
Traceback (most recent call last):
  File "C:\Users\ruben\AppData\Local\Programs\Python\Python39\lib\asyncio\events.py", line 80, in _run
    self._context.run(self._callback, *self._args)
  File "C:\Users\ruben\.local\pipx\venvs\mpf\lib\site-packages\mpf\core\utility_functions.py", line 767, in raise_exceptions
    future.result()
  File "C:\Users\ruben\.local\pipx\venvs\mpf\lib\site-packages\mpf\platforms\opp\opp.py", line 965, in _poll_sender
    await self.opp_connection[chain_serial].writer.drain()
  File "C:\Users\ruben\AppData\Local\Programs\Python\Python39\lib\asyncio\streams.py", line 387, in drain
    await self._protocol._drain_helper()
  File "C:\Users\ruben\AppData\Local\Programs\Python\Python39\lib\asyncio\streams.py", line 190, in _drain_helper
    raise ConnectionResetError('Connection lost')
ConnectionResetError: Connection lost
2023-01-25 08:02:43,175 : WARNING : OPP : Poll took more than 250.0ms for 0
2023-01-25 08:02:43,175 : ERROR : asyncio : Exception in callback Util.raise_exceptions(<Task finishe...ute 'write'")>) at C:\Users\ruben\.local\pipx\venvs\mpf\lib\site-packages\mpf\core\utility_functions.py:759
handle: <Handle Util.raise_exceptions(<Task finishe...ute 'write'")>) at C:\Users\ruben\.local\pipx\venvs\mpf\lib\site-packages\mpf\core\utility_functions.py:759>
Traceback (most recent call last):
  File "C:\Users\ruben\AppData\Local\Programs\Python\Python39\lib\asyncio\events.py", line 80, in _run
    self._context.run(self._callback, *self._args)
  File "C:\Users\ruben\.local\pipx\venvs\mpf\lib\site-packages\mpf\core\utility_functions.py", line 767, in raise_exceptions
    future.result()
  File "C:\Users\ruben\.local\pipx\venvs\mpf\lib\site-packages\mpf\platforms\opp\opp.py", line 964, in _poll_sender
    self.send_to_processor(chain_serial, self.read_input_msg[chain_serial])
  File "C:\Users\ruben\.local\pipx\venvs\mpf\lib\site-packages\mpf\platforms\opp\opp.py", line 345, in send_to_processor
    self.opp_connection[chain_serial].send(msg)
  File "C:\Users\ruben\.local\pipx\venvs\mpf\lib\site-packages\mpf\platforms\base_serial_communicator.py", line 160, in send
    self.writer.write(msg)
AttributeError: 'NoneType' object has no attribute 'write'
2023-01-25 08:02:43,177 : INFO : root : MPF run loop ended.
