2023-01-25 07:07:53,463 : INFO : root : Loading config.
2023-01-25 07:07:53,463 : INFO : YamlMultifileConfigLoader : Machine config file #1: config.yaml
2023-01-25 07:07:53,463 : INFO : ConfigProcessor : Loading config from cache: C:\Users\ruben\AppData\Local\Temp\a17888e5e1df298d67e07ada0b1bff4a.mpf_cache
2023-01-25 07:07:53,552 : INFO : ConfigProcessor : Loading config from cache: C:\Users\ruben\AppData\Local\Temp\67cf8ffee0fce2d4fcb5ef0bb894d8de.mpf_cache
2023-01-25 07:07:53,552 : INFO : ConfigProcessor : Loading config from cache: C:\Users\ruben\AppData\Local\Temp\25321780674732dcacb77a8f5b2a53cd.mpf_cache
2023-01-25 07:07:53,552 : INFO : Machine : Mission Pinball Framework Core Engine v0.56.0
2023-01-25 07:07:53,552 : INFO : Machine : Command line arguments: {'no_load_cache': False, 'create_config_cache': True, 'bcp': True, 'configfile': ['config.yaml'], 'force_assets_load': False, 'jsonlogging': False, 'logfile': 'logs\\2023-01-25-07-07-53-mpf-DESKTOP-11MEIVG.log', 'pause': False, 'production': False, 'text_ui': True, 'loglevel': 15, 'consoleloglevel': 20, 'force_platform': None, 'syslog_address': None, 'mc_file_name': None, 'no_sound': False}
2023-01-25 07:07:53,552 : INFO : Machine : MPF path: C:\Users\ruben\.local\pipx\venvs\mpf\lib\site-packages\mpf
2023-01-25 07:07:53,552 : INFO : Machine : Machine path: C:\pinball\my_machine
2023-01-25 07:07:53,552 : INFO : Machine : Platform: win32
2023-01-25 07:07:53,552 : INFO : Machine : Python executable location: C:\Users\ruben\.local\pipx\venvs\mpf\Scripts\python.exe
2023-01-25 07:07:53,552 : INFO : Machine : Python version: 3.9.13 (64-bit)
2023-01-25 07:07:53,552 : INFO : Machine : Initialise MPF.
2023-01-25 07:07:53,848 : INFO : OPP : Connecting to com3 at 115200bps
2023-01-25 07:07:54,018 : INFO : OPP : Init of OPP board 1 done
2023-01-25 07:07:54,018 : INFO : OPP : Connecting to com4 at 115200bps
2023-01-25 07:07:54,112 : INFO : OPP : Init of OPP board 0 done
2023-01-25 07:07:54,113 : INFO : EventManager : Event: ======'machine_var_credits_string'====== Args={'value': 'FREE PLAY', 'prev_value': None, 'change': True}
2023-01-25 07:07:54,170 : INFO : EventManager : Event: ======'machine_var_master_volume'====== Args={'value': 0.5, 'prev_value': None, 'change': True}
2023-01-25 07:07:54,170 : INFO : EventManager : Event: ======'machine_var_mpf_version'====== Args={'value': 'MPF v0.56.0', 'prev_value': None, 'change': True}
2023-01-25 07:07:54,170 : INFO : EventManager : Event: ======'machine_var_mpf_extended_version'====== Args={'value': 'MPF v0.56.0, Config version:5, Show version: 5, BCP version:1.1', 'prev_value': None, 'change': True}
2023-01-25 07:07:54,171 : INFO : EventManager : Event: ======'machine_var_python_version'====== Args={'value': '3.9.13', 'prev_value': None, 'change': True}
2023-01-25 07:07:54,185 : INFO : EventManager : Event: ======'machine_var_platform'====== Args={'value': 'Windows-10-10.0.19045-SP0', 'prev_value': None, 'change': True}
2023-01-25 07:07:54,185 : INFO : EventManager : Event: ======'machine_var_platform_system'====== Args={'value': 'Windows', 'prev_value': None, 'change': True}
2023-01-25 07:07:54,185 : INFO : EventManager : Event: ======'machine_var_platform_release'====== Args={'value': '10', 'prev_value': None, 'change': True}
2023-01-25 07:07:54,185 : INFO : EventManager : Event: ======'machine_var_platform_version'====== Args={'value': '10.0.19045', 'prev_value': None, 'change': True}
2023-01-25 07:07:54,185 : INFO : EventManager : Event: ======'machine_var_platform_machine'====== Args={'value': 'AMD64', 'prev_value': None, 'change': True}
2023-01-25 07:07:54,185 : INFO : EventManager : Event: ======'init_phase_1'====== Args={}
2023-01-25 07:07:54,202 : INFO : EventManager : Event: ======'init_phase_2'====== Args={}
2023-01-25 07:07:54,204 : INFO : EventManager : Event: ======'bcp_connection_attempt'====== Args={'name': 'local_display', 'host': 'localhost', 'port': 5050}
2023-01-25 07:07:54,206 : INFO : BCPClientSocket : Connecting BCP to 'local_display' at localhost:5050...
2023-01-25 07:07:56,261 : INFO : BCPClientSocket : Connected BCP to 'local_display' localhost:5050
2023-01-25 07:07:56,263 : INFO : EventManager : Event: ======'bcp_clients_connected'====== Args={}
2023-01-25 07:07:56,286 : INFO : EventManager : Event: ======'init_phase_3'====== Args={}
2023-01-25 07:07:56,307 : INFO : EventManager : Event: ======'init_phase_4'====== Args={}
2023-01-25 07:07:56,308 : INFO : EventManager : Event: ======'machine_var_mc_version'====== Args={'value': 'MPF-MC v0.56.1', 'prev_value': None, 'change': True}
2023-01-25 07:07:56,308 : INFO : EventManager : Event: ======'machine_var_mc_extended_version'====== Args={'value': 'MPF-MC v0.56.1 (config_version=5, BCP v1.1,                      Requires MPF API compatibility v0.56.0 or newer)', 'prev_value': None, 'change': True}
2023-01-25 07:07:56,330 : INFO : EventManager : Event: ======'machine_var_audits_switches_s_left_flipper'====== Args={'value': 0, 'prev_value': None, 'change': True}
2023-01-25 07:07:56,330 : INFO : EventManager : Event: ======'machine_var_audits_switches_s_right_flipper'====== Args={'value': 0, 'prev_value': None, 'change': True}
2023-01-25 07:07:56,331 : INFO : EventManager : Event: ======'machine_var_audits_switches_s_startButton'====== Args={'value': 0, 'prev_value': None, 'change': True}
2023-01-25 07:07:56,331 : INFO : EventManager : Event: ======'machine_var_audits_events_game_started'====== Args={'value': 0, 'prev_value': None, 'change': True}
2023-01-25 07:07:56,331 : INFO : EventManager : Event: ======'machine_var_audits_events_game_ended'====== Args={'value': 0, 'prev_value': None, 'change': True}
2023-01-25 07:07:56,331 : INFO : EventManager : Event: ======'machine_var_audits_player_score'====== Args={'value': {'top': [], 'average': 0, 'total': 0}, 'prev_value': None, 'change': True}
2023-01-25 07:07:56,332 : INFO : EventManager : Event: ======'init_phase_5'====== Args={}
2023-01-25 07:07:56,342 : INFO : EventManager : Event: ======'init_done'====== Args={}
2023-01-25 07:07:56,343 : INFO : EventManager : Event: ======'machine_reset_phase_1'====== Args={}
2023-01-25 07:07:56,354 : INFO : EventManager : Event: ======'slide_welcome_slide_removed'====== Args={'_from_bcp': True}
2023-01-25 07:07:56,356 : INFO : EventManager : Event: ======'slide_welcome_slide_created'====== Args={'_from_bcp': True}
2023-01-25 07:07:56,359 : INFO : EventManager : Event: ======'machine_reset_phase_2'====== Args={}
2023-01-25 07:07:56,361 : INFO : EventManager : Event: ======'slide_welcome_slide_active'====== Args={'_from_bcp': True}
2023-01-25 07:07:56,362 : INFO : EventManager : Event: ======'machine_reset_phase_3'====== Args={}
2023-01-25 07:07:56,364 : INFO : EventManager : Event: ======'reset_complete'====== Args={}
2023-01-25 07:07:56,365 : INFO : EventManager : Event: ======'mode_attract_will_start'====== Args={}
2023-01-25 07:07:56,365 : INFO : EventManager : Event: ======'mode_attract_starting'====== Args={}
2023-01-25 07:07:56,366 : INFO : Mode.attract : Started. Priority: 10
2023-01-25 07:07:56,366 : INFO : EventManager : Event: ======'modes_active_modes_changed'====== Args={}
2023-01-25 07:07:56,366 : INFO : EventManager : Event: ======'mode_attract_started'====== Args={}
2023-01-25 07:07:56,366 : INFO : EventManager : Event: ======'collecting_balls_complete'====== Args={}
2023-01-25 07:07:56,393 : INFO : EventManager : Event: ======'slide_attract_started_created'====== Args={'_from_bcp': True}
2023-01-25 07:07:56,393 : INFO : EventManager : Event: ======'slide_attract_started_active'====== Args={'_from_bcp': True}
2023-01-25 07:07:56,393 : INFO : Machine : Starting the main run loop.
2023-01-25 07:08:04,957 : INFO : Machine : Shutting down...
2023-01-25 07:08:04,957 : INFO : EventManager : Event: ======'shutdown'====== Args={}
2023-01-25 07:08:04,971 : ERROR : OPP : Stop called on serial connection com3
2023-01-25 07:08:04,978 : ERROR : OPP : Stop called on serial connection com4
2023-01-25 07:08:05,012 : INFO : root : MPF run loop ended.
