2023-01-27 07:49:57,926 : kivy : Factory: 189 symbols loaded
2023-01-27 07:49:58,160 : kivy : ImageLoaderFFPy: Using ffpyplayer 4.3.5
2023-01-27 07:49:58,160 : kivy : Image: Providers: img_tex, img_dds, img_sdl2, img_pil, img_ffpyplayer 
2023-01-27 07:49:58,222 : kivy : VideoGstplayer: Using Gstreamer 1.18.5.0
2023-01-27 07:49:58,222 : kivy : Video: Provider: gstplayer
2023-01-27 07:49:58,459 : kivy : Loading MPF-MC controller
2023-01-27 07:49:58,463 : YamlMultifileConfigLoader : Machine config file #1: config
2023-01-27 07:49:58,464 : ConfigProcessor : Config file in cache changed: C:\pinball\my_machine\config\config
2023-01-27 07:49:58,464 : ConfigProcessor : Loading config from file C:\Users\ruben\.local\pipx\venvs\mpf\lib\site-packages\mpfmc\mcconfig.yaml.
2023-01-27 07:49:58,517 : ConfigProcessor : Loading config: C:\Users\ruben\.local\pipx\venvs\mpf\lib\site-packages\mpfmc\mcconfig.yaml
2023-01-27 07:49:58,517 : ConfigProcessor : Loading config from file C:\pinball\my_machine\config\config.
2023-01-27 07:49:58,552 : ConfigProcessor : Loading config: C:\pinball\my_machine\config\config
2023-01-27 07:49:58,554 : ConfigProcessor : Config file cache created: C:\Users\ruben\AppData\Local\Temp\5edbcd24fbe704f5401fb4c9e1e1d8f8.mpf_cache
2023-01-27 07:49:58,555 : ConfigProcessor : Loading config from cache: C:\Users\ruben\AppData\Local\Temp\67cf8ffee0fce2d4fcb5ef0bb894d8de.mpf_cache
2023-01-27 07:49:58,556 : ConfigProcessor : Loading config from cache: C:\Users\ruben\AppData\Local\Temp\25321780674732dcacb77a8f5b2a53cd.mpf_cache
2023-01-27 07:49:58,557 : mpfmc : Mission Pinball Framework Media Controller v0.56.1
2023-01-27 07:49:58,557 : mpfmc : Mission Pinball Framework Game Engine v0.56.0
2023-01-27 07:49:58,557 : mpfmc : Machine path: C:\pinball\my_machine
2023-01-27 07:49:58,558 : mpfmc : Starting clock at 60.0Hz
2023-01-27 07:49:58,577 : kivy : Text: Provider: sdl2
2023-01-27 07:49:58,648 : kivy : Window: Provider: sdl2
2023-01-27 07:49:59,891 : kivy : GL: Using the "OpenGL" graphics system
2023-01-27 07:49:59,895 : kivy : GL: GLEW initialization succeeded
2023-01-27 07:49:59,895 : kivy : GL: Backend used <glew>
2023-01-27 07:49:59,895 : kivy : GL: OpenGL version <b'4.5.0 NVIDIA 376.54'>
2023-01-27 07:49:59,895 : kivy : GL: OpenGL vendor <b'NVIDIA Corporation'>
2023-01-27 07:49:59,896 : kivy : GL: OpenGL renderer <b'GeForce GT 630M/PCIe/SSE2'>
2023-01-27 07:49:59,896 : kivy : GL: OpenGL parsed version: 4, 5
2023-01-27 07:49:59,896 : kivy : GL: Shading version <b'4.50 NVIDIA'>
2023-01-27 07:49:59,896 : kivy : GL: Texture max size <16384>
2023-01-27 07:49:59,896 : kivy : GL: Texture max units <32>
2023-01-27 07:49:59,930 : kivy : Window: auto add sdl2 input provider
2023-01-27 07:49:59,931 : kivy : Window: virtual keyboard not allowed, single mode, not docked
2023-01-27 07:49:59,945 : SoundSystem : SoundSystem: Using default 'sound_system' settings
2023-01-27 07:50:00,359 : AudioInterface : Initialized
2023-01-27 07:50:00,360 : AudioInterface : Loaded SDL 2.0.20
2023-01-27 07:50:00,360 : AudioInterface : Loaded SDL_Mixer 2.0.4
2023-01-27 07:50:00,360 : AudioInterface : Loaded GStreamer 1.18.5.0
2023-01-27 07:50:00,360 : AudioInterface : Loaded GLib 2.62.6
2023-01-27 07:50:00,360 : AudioInterface : Settings requested - rate: 44100, channels: 1, buffer: 2048 samples
2023-01-27 07:50:00,360 : AudioInterface : Settings in use - rate: 44100, channels: 1, buffer: 2048 samples (4096 bytes @ 2 bytes per sample)
2023-01-27 07:50:00,360 : SoundSystem : No audio tracks are specified in your machine config file. a track named 'default' has been created.
2023-01-27 07:50:00,360 : SoundSystem : Setting master volume to 0.0
2023-01-27 07:50:00,360 : SoundSystem : master_volume in sound_system is deprecated and will be removed in the future.
2023-01-27 07:50:00,361 : AudioInterface : Enabling audio playback
2023-01-27 07:50:00,363 : kivy : Base: Start application main loop
2023-01-27 07:50:00,364 : EventManager : Event: ======'display_window_initialized'====== Args={}
2023-01-27 07:50:00,439 : mpfmc : Display: Setting 'window' as default display
2023-01-27 07:50:00,449 : EventManager : Event: ======'displays_initialized'====== Args={}
2023-01-27 07:50:00,451 : EventManager : Event: ======'slide_window_blank_created'====== Args={}
2023-01-27 07:50:00,451 : EventManager : Event: ======'display_window_ready'====== Args={}
2023-01-27 07:50:00,466 : EventManager : Event: ======'init_phase_1'====== Args={}
2023-01-27 07:50:00,471 : EventManager : Event: ======'mc_ready'====== Args={}
2023-01-27 07:50:00,471 : EventManager : Event: ======'init_phase_2'====== Args={}
2023-01-27 07:50:00,473 : EventManager : Event: ======'init_phase_3'====== Args={}
2023-01-27 07:50:00,474 : EventManager : Event: ======'init_phase_4'====== Args={}
2023-01-27 07:50:00,474 : EventManager : Event: ======'init_phase_5'====== Args={}
2023-01-27 07:50:00,474 : EventManager : Event: ======'init_done'====== Args={}
2023-01-27 07:50:00,474 : MPF-MC BCP Server : Starting up on localhost port 5050
2023-01-27 07:50:00,479 : MPF-MC BCP Server : Waiting for a connection...
2023-01-27 07:50:00,479 : mpfmc : SlidePlayer: Play called with settings={'slides': {welcome_slide-None-None: {'priority': None, 'target': None, 'background_color': [0.0, 0.0, 0.0, 1.0], 'show': True, 'force': False, 'expire': None, 'slide': None, 'tokens': {}, 'action': 'play', 'transition': None, 'transition_out': None}}}
2023-01-27 07:50:00,485 : kivy : GL: NPOT texture support is available
2023-01-27 07:50:00,487 : EventManager : Event: ======'slide_welcome_slide_created'====== Args={}
2023-01-27 07:50:00,491 : EventManager : Event: ======'slide_welcome_slide_active'====== Args={}
2023-01-27 07:50:00,498 : EventManager : Event: ======'client_disconnected'====== Args={'host': '127.0.0.1', 'port': 5050}
2023-01-27 07:50:06,564 : kivy : Base: Leaving application in progress...
2023-01-27 07:50:06,564 : mpfmc : Stopping...
2023-01-27 07:50:06,564 : EventManager : Event: ======'shutdown'====== Args={}
2023-01-27 07:50:06,564 : AudioInterface : Disabling audio playback
2023-01-27 07:50:06,710 : mpfmc : Loop rate 75.78 Hz
2023-01-27 07:50:06,710 : kivy : MC run loop ended.
2023-01-27 07:50:06,711 : kivy : Stopping child threads... (3 remaining)
2023-01-27 07:50:07,481 : MPF-MC BCP Server : Stopping BCP sending thread
2023-01-27 07:50:07,482 : MPF-MC BCP Server : Stopping BCP listener thread
2023-01-27 07:50:07,511 : kivy : All child threads stopped.
