2023-01-25 06:54:55,234 : INFO : root : Loading config.
2023-01-25 06:54:55,234 : INFO : YamlMultifileConfigLoader : Machine config file #1: config.yaml
2023-01-25 06:54:55,234 : WARNING : ConfigProcessor : Config file in cache changed: C:\pinball\my_machine\config\config.yaml
2023-01-25 06:54:55,234 : INFO : ConfigProcessor : Loading config from file C:\Users\ruben\.local\pipx\venvs\mpf\lib\site-packages\mpf\mpfconfig.yaml.
2023-01-25 06:54:55,338 : INFO : ConfigProcessor : Loading config: C:\Users\ruben\.local\pipx\venvs\mpf\lib\site-packages\mpf\mpfconfig.yaml
2023-01-25 06:54:55,338 : INFO : ConfigProcessor : Loading config from file C:\pinball\my_machine\config\config.yaml.
2023-01-25 06:54:55,354 : INFO : ConfigProcessor : Loading config: C:\pinball\my_machine\config\config.yaml
2023-01-25 06:54:55,354 : INFO : ConfigProcessor : Config file cache created: C:\Users\ruben\AppData\Local\Temp\a17888e5e1df298d67e07ada0b1bff4a.mpf_cache
2023-01-25 06:54:55,435 : INFO : ConfigProcessor : Loading config from cache: C:\Users\ruben\AppData\Local\Temp\67cf8ffee0fce2d4fcb5ef0bb894d8de.mpf_cache
2023-01-25 06:54:55,435 : INFO : ConfigProcessor : Loading config from cache: C:\Users\ruben\AppData\Local\Temp\25321780674732dcacb77a8f5b2a53cd.mpf_cache
2023-01-25 06:54:55,435 : INFO : Machine : Mission Pinball Framework Core Engine v0.56.0
2023-01-25 06:54:55,435 : INFO : Machine : Command line arguments: {'no_load_cache': False, 'create_config_cache': True, 'bcp': False, 'configfile': ['config.yaml'], 'force_assets_load': False, 'jsonlogging': False, 'logfile': 'logs\\2023-01-25-06-54-55-mpf-DESKTOP-11MEIVG.log', 'pause': False, 'production': False, 'text_ui': False, 'loglevel': 15, 'consoleloglevel': 20, 'force_platform': None, 'syslog_address': None, 'mc_file_name': None, 'no_sound': False}
2023-01-25 06:54:55,435 : INFO : Machine : MPF path: C:\Users\ruben\.local\pipx\venvs\mpf\lib\site-packages\mpf
2023-01-25 06:54:55,435 : INFO : Machine : Machine path: C:\pinball\my_machine
2023-01-25 06:54:55,435 : INFO : Machine : Platform: win32
2023-01-25 06:54:55,435 : INFO : Machine : Python executable location: C:\Users\ruben\.local\pipx\venvs\mpf\Scripts\python.exe
2023-01-25 06:54:55,450 : INFO : Machine : Python version: 3.9.13 (64-bit)
2023-01-25 06:54:55,450 : INFO : Machine : Initialise MPF.
2023-01-25 06:54:55,535 : INFO : OPP : Connecting to com3 at 115200bps
2023-01-25 06:54:55,704 : INFO : OPP : Init of OPP board 1 done
2023-01-25 06:54:55,704 : INFO : OPP : Connecting to com4 at 115200bps
2023-01-25 06:54:55,736 : INFO : OPP : Init of OPP board 0 done
2023-01-25 06:54:55,736 : INFO : EventManager : Event: ======'machine_var_credits_string'====== Args={'value': 'FREE PLAY', 'prev_value': None, 'change': True}
2023-01-25 06:54:55,820 : INFO : EventManager : Event: ======'machine_var_master_volume'====== Args={'value': 0.5, 'prev_value': None, 'change': True}
2023-01-25 06:54:55,820 : INFO : EventManager : Event: ======'machine_var_mpf_version'====== Args={'value': 'MPF v0.56.0', 'prev_value': None, 'change': True}
2023-01-25 06:54:55,820 : INFO : EventManager : Event: ======'machine_var_mpf_extended_version'====== Args={'value': 'MPF v0.56.0, Config version:5, Show version: 5, BCP version:1.1', 'prev_value': None, 'change': True}
2023-01-25 06:54:55,820 : INFO : EventManager : Event: ======'machine_var_python_version'====== Args={'value': '3.9.13', 'prev_value': None, 'change': True}
2023-01-25 06:54:55,851 : INFO : EventManager : Event: ======'machine_var_platform'====== Args={'value': 'Windows-10-10.0.19045-SP0', 'prev_value': None, 'change': True}
2023-01-25 06:54:55,851 : INFO : EventManager : Event: ======'machine_var_platform_system'====== Args={'value': 'Windows', 'prev_value': None, 'change': True}
2023-01-25 06:54:55,851 : INFO : EventManager : Event: ======'machine_var_platform_release'====== Args={'value': '10', 'prev_value': None, 'change': True}
2023-01-25 06:54:55,851 : INFO : EventManager : Event: ======'machine_var_platform_version'====== Args={'value': '10.0.19045', 'prev_value': None, 'change': True}
2023-01-25 06:54:55,851 : INFO : EventManager : Event: ======'machine_var_platform_machine'====== Args={'value': 'AMD64', 'prev_value': None, 'change': True}
2023-01-25 06:54:55,851 : INFO : EventManager : Event: ======'init_phase_1'====== Args={}
2023-01-25 06:54:55,867 : INFO : EventManager : Event: ======'init_phase_2'====== Args={}
2023-01-25 06:54:55,867 : INFO : EventManager : Event: ======'init_phase_3'====== Args={}
2023-01-25 06:54:55,867 : INFO : EventManager : Event: ======'init_phase_4'====== Args={}
2023-01-25 06:54:55,867 : INFO : EventManager : Event: ======'machine_var_audits_switches_s_left_flipper'====== Args={'value': 0, 'prev_value': None, 'change': True}
2023-01-25 06:54:55,883 : INFO : EventManager : Event: ======'machine_var_audits_switches_s_right_flipper'====== Args={'value': 0, 'prev_value': None, 'change': True}
2023-01-25 06:54:55,883 : INFO : EventManager : Event: ======'machine_var_audits_switches_s_startButton'====== Args={'value': 0, 'prev_value': None, 'change': True}
2023-01-25 06:54:55,883 : INFO : EventManager : Event: ======'machine_var_audits_events_game_started'====== Args={'value': 0, 'prev_value': None, 'change': True}
2023-01-25 06:54:55,883 : INFO : EventManager : Event: ======'machine_var_audits_events_game_ended'====== Args={'value': 0, 'prev_value': None, 'change': True}
2023-01-25 06:54:55,883 : INFO : EventManager : Event: ======'machine_var_audits_player_score'====== Args={'value': {'top': [], 'average': 0, 'total': 0}, 'prev_value': None, 'change': True}
2023-01-25 06:54:55,883 : INFO : EventManager : Event: ======'init_phase_5'====== Args={}
2023-01-25 06:54:55,883 : INFO : EventManager : Event: ======'init_done'====== Args={}
2023-01-25 06:54:55,883 : INFO : EventManager : Event: ======'machine_reset_phase_1'====== Args={}
2023-01-25 06:54:55,883 : INFO : EventManager : Event: ======'machine_reset_phase_2'====== Args={}
2023-01-25 06:54:55,889 : INFO : EventManager : Event: ======'machine_reset_phase_3'====== Args={}
2023-01-25 06:54:55,889 : INFO : EventManager : Event: ======'reset_complete'====== Args={}
2023-01-25 06:54:55,889 : INFO : EventManager : Event: ======'mode_attract_will_start'====== Args={}
2023-01-25 06:54:55,889 : INFO : EventManager : Event: ======'mode_attract_starting'====== Args={}
2023-01-25 06:54:55,889 : INFO : Mode.attract : Started. Priority: 10
2023-01-25 06:54:55,889 : INFO : EventManager : Event: ======'modes_active_modes_changed'====== Args={}
2023-01-25 06:54:55,889 : INFO : EventManager : Event: ======'mode_attract_started'====== Args={}
2023-01-25 06:54:55,889 : INFO : EventManager : Event: ======'collecting_balls_complete'====== Args={}
2023-01-25 06:54:55,889 : INFO : Machine : Starting the main run loop.
2023-01-25 06:55:00,001 : INFO : SwitchController : <<<<<<< 's_right_flipper' active >>>>>>>
2023-01-25 06:55:00,101 : INFO : SwitchController : <<<<<<< 's_right_flipper' inactive >>>>>>>
2023-01-25 06:55:05,464 : INFO : SwitchController : <<<<<<< 's_left_flipper' active >>>>>>>
2023-01-25 06:55:05,549 : INFO : SwitchController : <<<<<<< 's_left_flipper' inactive >>>>>>>
2023-01-25 06:55:10,231 : INFO : SwitchController : <<<<<<< 's_left_flipper' active >>>>>>>
2023-01-25 06:55:13,234 : INFO : EventManager : Event: ======'flipper_cradle'====== Args={}
2023-01-25 06:55:13,657 : INFO : SwitchController : <<<<<<< 's_left_flipper' inactive >>>>>>>
2023-01-25 06:55:13,657 : INFO : EventManager : Event: ======'flipper_cradle_release'====== Args={}
2023-01-25 06:55:14,290 : INFO : SwitchController : <<<<<<< 's_left_flipper' active >>>>>>>
2023-01-25 06:55:14,422 : INFO : SwitchController : <<<<<<< 's_left_flipper' inactive >>>>>>>
2023-01-25 06:55:15,895 : INFO : SwitchController : <<<<<<< 's_left_flipper' active >>>>>>>
2023-01-25 06:55:16,080 : INFO : SwitchController : <<<<<<< 's_left_flipper' inactive >>>>>>>
2023-01-25 06:55:17,484 : INFO : SwitchController : <<<<<<< 's_right_flipper' active >>>>>>>
2023-01-25 06:55:17,568 : INFO : SwitchController : <<<<<<< 's_right_flipper' inactive >>>>>>>
2023-01-25 06:55:27,644 : INFO : SwitchController : <<<<<<< 's_right_flipper' active >>>>>>>
2023-01-25 06:55:28,848 : INFO : SwitchController : <<<<<<< 's_right_flipper' inactive >>>>>>>
2023-01-25 06:55:29,635 : INFO : SwitchController : <<<<<<< 's_right_flipper' active >>>>>>>
2023-01-25 06:55:29,766 : INFO : SwitchController : <<<<<<< 's_right_flipper' inactive >>>>>>>
2023-01-25 06:55:31,725 : INFO : SwitchController : <<<<<<< 's_right_flipper' active >>>>>>>
2023-01-25 06:55:31,810 : INFO : SwitchController : <<<<<<< 's_right_flipper' inactive >>>>>>>
2023-01-25 06:55:33,393 : INFO : SwitchController : <<<<<<< 's_right_flipper' active >>>>>>>
2023-01-25 06:55:33,515 : INFO : SwitchController : <<<<<<< 's_right_flipper' inactive >>>>>>>
2023-01-25 06:55:42,240 : INFO : SwitchController : <<<<<<< 's_right_flipper' active >>>>>>>
2023-01-25 06:55:42,371 : INFO : SwitchController : <<<<<<< 's_right_flipper' inactive >>>>>>>
2023-01-25 06:55:44,107 : INFO : SwitchController : <<<<<<< 's_right_flipper' active >>>>>>>
2023-01-25 06:55:44,246 : INFO : SwitchController : <<<<<<< 's_right_flipper' inactive >>>>>>>
2023-01-25 06:56:02,684 : INFO : SwitchController : <<<<<<< 's_right_flipper' active >>>>>>>
2023-01-25 06:56:04,857 : INFO : SwitchController : <<<<<<< 's_right_flipper' inactive >>>>>>>
2023-01-25 06:56:05,238 : INFO : SwitchController : <<<<<<< 's_right_flipper' active >>>>>>>
2023-01-25 06:56:05,423 : INFO : SwitchController : <<<<<<< 's_right_flipper' inactive >>>>>>>
2023-01-25 06:56:06,711 : INFO : SwitchController : <<<<<<< 's_right_flipper' active >>>>>>>
2023-01-25 06:56:07,730 : INFO : SwitchController : <<<<<<< 's_right_flipper' inactive >>>>>>>
2023-01-25 06:56:08,062 : INFO : SwitchController : <<<<<<< 's_right_flipper' active >>>>>>>
2023-01-25 06:56:08,231 : INFO : SwitchController : <<<<<<< 's_right_flipper' inactive >>>>>>>
2023-01-25 06:56:14,935 : INFO : SwitchController : <<<<<<< 's_right_flipper' active >>>>>>>
2023-01-25 06:56:15,923 : INFO : SwitchController : <<<<<<< 's_right_flipper' inactive >>>>>>>
2023-01-25 06:56:16,524 : INFO : SwitchController : <<<<<<< 's_right_flipper' active >>>>>>>
2023-01-25 06:56:16,640 : INFO : SwitchController : <<<<<<< 's_right_flipper' inactive >>>>>>>
2023-01-25 06:56:18,963 : INFO : SwitchController : <<<<<<< 's_right_flipper' active >>>>>>>
2023-01-25 06:56:19,264 : INFO : SwitchController : <<<<<<< 's_right_flipper' inactive >>>>>>>
2023-01-25 06:56:19,433 : INFO : SwitchController : <<<<<<< 's_right_flipper' active >>>>>>>
2023-01-25 06:56:19,649 : INFO : SwitchController : <<<<<<< 's_right_flipper' inactive >>>>>>>
2023-01-25 06:56:19,866 : INFO : SwitchController : <<<<<<< 's_right_flipper' active >>>>>>>
2023-01-25 06:56:20,018 : INFO : SwitchController : <<<<<<< 's_right_flipper' inactive >>>>>>>
2023-01-25 06:56:20,314 : INFO : SwitchController : <<<<<<< 's_right_flipper' active >>>>>>>
2023-01-25 06:56:20,499 : INFO : SwitchController : <<<<<<< 's_right_flipper' inactive >>>>>>>
2023-01-25 06:56:20,668 : INFO : SwitchController : <<<<<<< 's_right_flipper' active >>>>>>>
2023-01-25 06:56:20,900 : INFO : SwitchController : <<<<<<< 's_right_flipper' inactive >>>>>>>
2023-01-25 06:56:21,154 : INFO : SwitchController : <<<<<<< 's_right_flipper' active >>>>>>>
2023-01-25 06:56:21,332 : INFO : SwitchController : <<<<<<< 's_right_flipper' inactive >>>>>>>
2023-01-25 06:56:21,555 : INFO : SwitchController : <<<<<<< 's_right_flipper' active >>>>>>>
2023-01-25 06:56:21,733 : INFO : SwitchController : <<<<<<< 's_right_flipper' inactive >>>>>>>
2023-01-25 06:56:21,903 : INFO : SwitchController : <<<<<<< 's_right_flipper' active >>>>>>>
2023-01-25 06:56:22,088 : INFO : SwitchController : <<<<<<< 's_right_flipper' inactive >>>>>>>
2023-01-25 06:56:23,539 : INFO : SwitchController : <<<<<<< 's_left_flipper' active >>>>>>>
2023-01-25 06:56:23,739 : INFO : SwitchController : <<<<<<< 's_left_flipper' inactive >>>>>>>
2023-01-25 06:56:23,893 : INFO : SwitchController : <<<<<<< 's_left_flipper' active >>>>>>>
2023-01-25 06:56:23,940 : INFO : SwitchController : <<<<<<< 's_left_flipper' inactive >>>>>>>
2023-01-25 06:56:24,009 : INFO : SwitchController : <<<<<<< 's_left_flipper' active >>>>>>>
2023-01-25 06:56:24,141 : INFO : SwitchController : <<<<<<< 's_left_flipper' inactive >>>>>>>
2023-01-25 06:56:24,464 : INFO : SwitchController : <<<<<<< 's_left_flipper' active >>>>>>>
2023-01-25 06:56:24,564 : INFO : SwitchController : <<<<<<< 's_left_flipper' inactive >>>>>>>
2023-01-25 06:56:24,865 : INFO : SwitchController : <<<<<<< 's_left_flipper' active >>>>>>>
2023-01-25 06:56:25,001 : INFO : SwitchController : <<<<<<< 's_left_flipper' inactive >>>>>>>
2023-01-25 06:56:25,243 : INFO : SwitchController : <<<<<<< 's_left_flipper' active >>>>>>>
2023-01-25 06:56:25,366 : INFO : SwitchController : <<<<<<< 's_left_flipper' inactive >>>>>>>
2023-01-25 06:56:25,783 : INFO : SwitchController : <<<<<<< 's_left_flipper' active >>>>>>>
2023-01-25 06:56:25,899 : INFO : SwitchController : <<<<<<< 's_left_flipper' inactive >>>>>>>
2023-01-25 06:56:27,588 : INFO : SwitchController : <<<<<<< 's_right_flipper' active >>>>>>>
2023-01-25 06:56:27,735 : INFO : SwitchController : <<<<<<< 's_right_flipper' inactive >>>>>>>
2023-01-25 06:56:27,974 : INFO : SwitchController : <<<<<<< 's_right_flipper' active >>>>>>>
2023-01-25 06:56:28,152 : INFO : SwitchController : <<<<<<< 's_right_flipper' inactive >>>>>>>
2023-01-25 06:56:29,124 : INFO : SwitchController : <<<<<<< 's_right_flipper' active >>>>>>>
2023-01-25 06:56:29,256 : INFO : SwitchController : <<<<<<< 's_right_flipper' inactive >>>>>>>
2023-01-25 06:56:29,478 : INFO : SwitchController : <<<<<<< 's_right_flipper' active >>>>>>>
2023-01-25 06:56:29,657 : INFO : SwitchController : <<<<<<< 's_right_flipper' inactive >>>>>>>
2023-01-25 06:56:30,628 : INFO : SwitchController : <<<<<<< 's_left_flipper' active >>>>>>>
2023-01-25 06:56:30,760 : INFO : SwitchController : <<<<<<< 's_left_flipper' inactive >>>>>>>
2023-01-25 06:56:30,998 : INFO : SwitchController : <<<<<<< 's_left_flipper' active >>>>>>>
2023-01-25 06:56:31,115 : INFO : SwitchController : <<<<<<< 's_left_flipper' inactive >>>>>>>
2023-01-25 06:56:39,593 : INFO : SwitchController : <<<<<<< 's_right_flipper' active >>>>>>>
2023-01-25 06:56:41,213 : INFO : SwitchController : <<<<<<< 's_right_flipper' inactive >>>>>>>
2023-01-25 06:56:41,900 : INFO : SwitchController : <<<<<<< 's_right_flipper' active >>>>>>>
2023-01-25 06:56:42,047 : INFO : SwitchController : <<<<<<< 's_right_flipper' inactive >>>>>>>
2023-01-25 06:56:43,752 : INFO : SwitchController : <<<<<<< 's_right_flipper' active >>>>>>>
2023-01-25 06:56:43,968 : INFO : SwitchController : <<<<<<< 's_right_flipper' inactive >>>>>>>
2023-01-25 06:56:45,404 : INFO : SwitchController : <<<<<<< 's_left_flipper' active >>>>>>>
2023-01-25 06:56:45,673 : INFO : SwitchController : <<<<<<< 's_left_flipper' inactive >>>>>>>
2023-01-25 06:56:46,830 : INFO : SwitchController : <<<<<<< 's_right_flipper' active >>>>>>>
2023-01-25 06:56:46,993 : INFO : SwitchController : <<<<<<< 's_right_flipper' inactive >>>>>>>
2023-01-25 06:56:58,046 : INFO : Machine : Shutting down...
2023-01-25 06:56:58,046 : INFO : EventManager : Event: ======'shutdown'====== Args={}
2023-01-25 06:56:58,046 : ERROR : OPP : Stop called on serial connection com3
2023-01-25 06:56:58,046 : ERROR : OPP : Stop called on serial connection com4
2023-01-25 06:56:58,294 : WARNING : OPP : Poll took more than 250.0ms for 0
2023-01-25 06:56:58,294 : ERROR : asyncio : Exception in callback Util.raise_exceptions(<Task finishe...ute 'write'")>) at C:\Users\ruben\.local\pipx\venvs\mpf\lib\site-packages\mpf\core\utility_functions.py:759
handle: <Handle Util.raise_exceptions(<Task finishe...ute 'write'")>) at C:\Users\ruben\.local\pipx\venvs\mpf\lib\site-packages\mpf\core\utility_functions.py:759>
Traceback (most recent call last):
  File "C:\Users\ruben\AppData\Local\Programs\Python\Python39\lib\asyncio\events.py", line 80, in _run
    self._context.run(self._callback, *self._args)
  File "C:\Users\ruben\.local\pipx\venvs\mpf\lib\site-packages\mpf\core\utility_functions.py", line 767, in raise_exceptions
    future.result()
  File "C:\Users\ruben\.local\pipx\venvs\mpf\lib\site-packages\mpf\platforms\opp\opp.py", line 964, in _poll_sender
    self.send_to_processor(chain_serial, self.read_input_msg[chain_serial])
  File "C:\Users\ruben\.local\pipx\venvs\mpf\lib\site-packages\mpf\platforms\opp\opp.py", line 345, in send_to_processor
    self.opp_connection[chain_serial].send(msg)
  File "C:\Users\ruben\.local\pipx\venvs\mpf\lib\site-packages\mpf\platforms\base_serial_communicator.py", line 160, in send
    self.writer.write(msg)
AttributeError: 'NoneType' object has no attribute 'write'
2023-01-25 06:56:58,294 : INFO : root : MPF run loop ended.
