2023-02-03 02:10:49,565 : kivy : Factory: 189 symbols loaded
2023-02-03 02:10:50,543 : kivy : ImageLoaderFFPy: Using ffpyplayer 4.3.5
2023-02-03 02:10:50,543 : kivy : Image: Providers: img_tex, img_dds, img_sdl2, img_pil, img_ffpyplayer 
2023-02-03 02:10:50,950 : kivy : VideoGstplayer: Using Gstreamer 1.18.5.0
2023-02-03 02:10:50,950 : kivy : Video: Provider: gstplayer
2023-02-03 02:10:51,372 : kivy : Loading MPF-MC controller
2023-02-03 02:10:51,377 : YamlMultifileConfigLoader : Machine config file #1: config
2023-02-03 02:10:51,377 : ConfigProcessor : Config file in cache changed: C:\pinball\my_machine\config\config
2023-02-03 02:10:51,378 : ConfigProcessor : Loading config from file C:\Users\ruben\.local\pipx\venvs\mpf\lib\site-packages\mpfmc\mcconfig.yaml.
2023-02-03 02:10:51,438 : ConfigProcessor : Loading config: C:\Users\ruben\.local\pipx\venvs\mpf\lib\site-packages\mpfmc\mcconfig.yaml
2023-02-03 02:10:51,438 : ConfigProcessor : Loading config from file C:\pinball\my_machine\config\config.
2023-02-03 02:10:51,479 : ConfigProcessor : Loading config: C:\pinball\my_machine\config\config
2023-02-03 02:10:51,481 : ConfigProcessor : Config file cache created: C:\Users\ruben\AppData\Local\Temp\5edbcd24fbe704f5401fb4c9e1e1d8f8.mpf_cache
2023-02-03 02:10:51,482 : ConfigProcessor : Loading config from cache: C:\Users\ruben\AppData\Local\Temp\67cf8ffee0fce2d4fcb5ef0bb894d8de.mpf_cache
2023-02-03 02:10:51,483 : ConfigProcessor : Loading config from cache: C:\Users\ruben\AppData\Local\Temp\25321780674732dcacb77a8f5b2a53cd.mpf_cache
2023-02-03 02:10:51,483 : mpfmc : Mission Pinball Framework Media Controller v0.56.1
2023-02-03 02:10:51,483 : mpfmc : Mission Pinball Framework Game Engine v0.56.0
2023-02-03 02:10:51,484 : mpfmc : Machine path: C:\pinball\my_machine
2023-02-03 02:10:51,484 : mpfmc : Starting clock at 60.0Hz
2023-02-03 02:10:51,592 : kivy : Text: Provider: sdl2
2023-02-03 02:10:51,748 : kivy : Window: Provider: sdl2
2023-02-03 02:10:53,277 : kivy : GL: Using the "OpenGL" graphics system
2023-02-03 02:10:53,296 : kivy : GL: GLEW initialization succeeded
2023-02-03 02:10:53,296 : kivy : GL: Backend used <glew>
2023-02-03 02:10:53,296 : kivy : GL: OpenGL version <b'4.5.0 NVIDIA 376.54'>
2023-02-03 02:10:53,296 : kivy : GL: OpenGL vendor <b'NVIDIA Corporation'>
2023-02-03 02:10:53,297 : kivy : GL: OpenGL renderer <b'GeForce GT 630M/PCIe/SSE2'>
2023-02-03 02:10:53,297 : kivy : GL: OpenGL parsed version: 4, 5
2023-02-03 02:10:53,297 : kivy : GL: Shading version <b'4.50 NVIDIA'>
2023-02-03 02:10:53,298 : kivy : GL: Texture max size <16384>
2023-02-03 02:10:53,298 : kivy : GL: Texture max units <32>
2023-02-03 02:10:53,430 : kivy : Window: auto add sdl2 input provider
2023-02-03 02:10:53,431 : kivy : Window: virtual keyboard not allowed, single mode, not docked
2023-02-03 02:10:53,473 : SoundSystem : SoundSystem: Using default 'sound_system' settings
2023-02-03 02:10:56,356 : AudioInterface : Initialized
2023-02-03 02:10:56,356 : AudioInterface : Loaded SDL 2.0.20
2023-02-03 02:10:56,356 : AudioInterface : Loaded SDL_Mixer 2.0.4
2023-02-03 02:10:56,356 : AudioInterface : Loaded GStreamer 1.18.5.0
2023-02-03 02:10:56,357 : AudioInterface : Loaded GLib 2.62.6
2023-02-03 02:10:56,357 : AudioInterface : Settings requested - rate: 44100, channels: 1, buffer: 2048 samples
2023-02-03 02:10:56,357 : AudioInterface : Settings in use - rate: 44100, channels: 1, buffer: 2048 samples (4096 bytes @ 2 bytes per sample)
2023-02-03 02:10:56,358 : SoundSystem : No audio tracks are specified in your machine config file. a track named 'default' has been created.
2023-02-03 02:10:56,358 : SoundSystem : Setting master volume to 0.0
2023-02-03 02:10:56,358 : SoundSystem : master_volume in sound_system is deprecated and will be removed in the future.
2023-02-03 02:10:56,358 : AudioInterface : Enabling audio playback
2023-02-03 02:10:56,360 : kivy : Base: Start application main loop
2023-02-03 02:10:56,361 : EventManager : Event: ======'display_window_initialized'====== Args={}
2023-02-03 02:10:56,369 : mpfmc : Display: Setting 'window' as default display
2023-02-03 02:10:56,382 : EventManager : Event: ======'displays_initialized'====== Args={}
2023-02-03 02:10:56,383 : EventManager : Event: ======'slide_window_blank_created'====== Args={}
2023-02-03 02:10:56,383 : EventManager : Event: ======'display_window_ready'====== Args={}
2023-02-03 02:10:56,415 : EventManager : Event: ======'init_phase_1'====== Args={}
2023-02-03 02:10:56,420 : EventManager : Event: ======'mc_ready'====== Args={}
2023-02-03 02:10:56,420 : EventManager : Event: ======'init_phase_2'====== Args={}
2023-02-03 02:10:56,425 : EventManager : Event: ======'init_phase_3'====== Args={}
2023-02-03 02:10:56,426 : EventManager : Event: ======'init_phase_4'====== Args={}
2023-02-03 02:10:56,426 : EventManager : Event: ======'init_phase_5'====== Args={}
2023-02-03 02:10:56,426 : EventManager : Event: ======'init_done'====== Args={}
2023-02-03 02:10:56,427 : MPF-MC BCP Server : Starting up on localhost port 5050
2023-02-03 02:10:56,434 : MPF-MC BCP Server : Waiting for a connection...
2023-02-03 02:10:56,435 : mpfmc : SlidePlayer: Play called with settings={'slides': {welcome_slide-None-None: {'priority': None, 'target': None, 'background_color': [0.0, 0.0, 0.0, 1.0], 'show': True, 'force': False, 'expire': None, 'slide': None, 'tokens': {}, 'action': 'play', 'transition': None, 'transition_out': None}}}
2023-02-03 02:10:56,532 : kivy : GL: NPOT texture support is available
2023-02-03 02:10:56,532 : MPF-MC BCP Server : Received connection from: 127.0.0.1:49958
2023-02-03 02:10:56,535 : EventManager : Event: ======'slide_welcome_slide_created'====== Args={}
2023-02-03 02:10:56,539 : EventManager : Event: ======'slide_welcome_slide_active'====== Args={}
2023-02-03 02:10:56,550 : EventManager : Event: ======'client_disconnected'====== Args={'host': '127.0.0.1', 'port': 5050}
2023-02-03 02:10:56,551 : EventManager : Event: ======'client_connected'====== Args={'host': '127.0.0.1', 'port': 49958}
2023-02-03 02:10:56,563 : EventManager : Event: ======'machine_var_credits_string'====== Args={'value': 'FREE PLAY', 'prev_value': None, 'change': True}
2023-02-03 02:10:56,563 : EventManager : Event: ======'machine_var_master_volume'====== Args={'value': 0.5, 'prev_value': None, 'change': True}
2023-02-03 02:10:56,563 : EventManager : Event: ======'machine_var_player1_score'====== Args={'value': 0, 'prev_value': None, 'change': True}
2023-02-03 02:10:56,563 : EventManager : Event: ======'machine_var_mpf_version'====== Args={'value': 'MPF v0.56.0', 'prev_value': None, 'change': True}
2023-02-03 02:10:56,563 : EventManager : Event: ======'machine_var_mpf_extended_version'====== Args={'value': 'MPF v0.56.0, Config version:5, Show version: 5, BCP version:1.1', 'prev_value': None, 'change': True}
2023-02-03 02:10:56,563 : EventManager : Event: ======'machine_var_python_version'====== Args={'value': '3.9.13', 'prev_value': None, 'change': True}
2023-02-03 02:10:56,564 : EventManager : Event: ======'machine_var_platform'====== Args={'value': 'Windows-10-10.0.19045-SP0', 'prev_value': None, 'change': True}
2023-02-03 02:10:56,564 : EventManager : Event: ======'machine_var_platform_system'====== Args={'value': 'Windows', 'prev_value': None, 'change': True}
2023-02-03 02:10:56,564 : EventManager : Event: ======'machine_var_platform_release'====== Args={'value': '10', 'prev_value': None, 'change': True}
2023-02-03 02:10:56,564 : EventManager : Event: ======'machine_var_platform_version'====== Args={'value': '10.0.19045', 'prev_value': None, 'change': True}
2023-02-03 02:10:56,564 : EventManager : Event: ======'machine_var_platform_machine'====== Args={'value': 'AMD64', 'prev_value': None, 'change': True}
2023-02-03 02:10:56,564 : EventManager : Event: ======'machine_var_mc_version'====== Args={'value': 'MPF-MC v0.56.1', 'prev_value': None, 'change': True}
2023-02-03 02:10:56,564 : EventManager : Event: ======'machine_var_mc_extended_version'====== Args={'value': 'MPF-MC v0.56.1 (config_version=5, BCP v1.1,                      Requires MPF API compatibility v0.56.0 or newer)', 'prev_value': None, 'change': True}
2023-02-03 02:10:56,564 : SoundSystem : Setting master volume to 0.5
2023-02-03 02:10:56,589 : EventManager : Event: ======'machine_var_audits_events_game_ended'====== Args={'value': 37, 'prev_value': None, 'change': True}
2023-02-03 02:10:56,589 : EventManager : Event: ======'machine_var_audits_events_game_started'====== Args={'value': 57, 'prev_value': None, 'change': True}
2023-02-03 02:10:56,589 : EventManager : Event: ======'machine_var_audits_player_score'====== Args={'value': {'average': 0.0, 'top': [0, 0, 0, 0, 0, 0, 0, 0, 0, 0], 'total': 37}, 'prev_value': None, 'change': True}
2023-02-03 02:10:56,589 : EventManager : Event: ======'machine_var_audits_switches_s_drop_bank1'====== Args={'value': 140, 'prev_value': None, 'change': True}
2023-02-03 02:10:56,589 : EventManager : Event: ======'machine_var_audits_switches_s_left_flipper'====== Args={'value': 1139, 'prev_value': None, 'change': True}
2023-02-03 02:10:56,589 : EventManager : Event: ======'machine_var_audits_switches_s_left_slingshot'====== Args={'value': 176, 'prev_value': None, 'change': True}
2023-02-03 02:10:56,589 : EventManager : Event: ======'machine_var_audits_switches_s_pop_bot'====== Args={'value': 254, 'prev_value': None, 'change': True}
2023-02-03 02:10:56,590 : EventManager : Event: ======'machine_var_audits_switches_s_pop_mid'====== Args={'value': 242, 'prev_value': None, 'change': True}
2023-02-03 02:10:56,590 : EventManager : Event: ======'machine_var_audits_switches_s_pop_top'====== Args={'value': 202, 'prev_value': None, 'change': True}
2023-02-03 02:10:56,590 : EventManager : Event: ======'machine_var_audits_switches_s_right_flipper'====== Args={'value': 1153, 'prev_value': None, 'change': True}
2023-02-03 02:10:56,590 : EventManager : Event: ======'machine_var_audits_switches_s_right_inlane'====== Args={'value': 0, 'prev_value': None, 'change': True}
2023-02-03 02:10:56,590 : EventManager : Event: ======'machine_var_audits_switches_s_right_slingshot'====== Args={'value': 182, 'prev_value': None, 'change': True}
2023-02-03 02:10:56,590 : EventManager : Event: ======'machine_var_audits_switches_s_scoop_lower'====== Args={'value': 148, 'prev_value': None, 'change': True}
2023-02-03 02:10:56,590 : EventManager : Event: ======'machine_var_audits_switches_s_startButton'====== Args={'value': 6, 'prev_value': None, 'change': True}
2023-02-03 02:10:56,590 : EventManager : Event: ======'machine_var_audits_switches_s_trough1'====== Args={'value': 176, 'prev_value': None, 'change': True}
2023-02-03 02:10:56,601 : EventManager : Event: ======'slides_play'====== Args={'settings': {'welcome_slide': {'target': None, 'background_color': [0.0, 0.0, 0.0, 1.0], 'priority': None, 'show': True, 'force': False, 'expire': None, 'slide': None, 'tokens': {}, 'action': 'play'}}, 'context': '_global', 'calling_context': 'init_done', 'priority': 0}
2023-02-03 02:10:56,601 : mpfmc : SlidePlayer: Play called with settings={'welcome_slide': {'target': None, 'background_color': [0.0, 0.0, 0.0, 1.0], 'priority': None, 'show': True, 'force': False, 'expire': None, 'slide': None, 'tokens': {}, 'action': 'play'}}
2023-02-03 02:10:56,601 : EventManager : Event: ======'slide_welcome_slide_removed'====== Args={}
2023-02-03 02:10:56,605 : EventManager : Event: ======'slide_welcome_slide_created'====== Args={}
2023-02-03 02:10:56,606 : EventManager : Event: ======'slide_welcome_slide_active'====== Args={}
2023-02-03 02:10:56,611 : EventManager : Event: ======'mc_reset_phase_1'====== Args={}
2023-02-03 02:10:56,611 : EventManager : Event: ======'mc_reset_phase_2'====== Args={}
2023-02-03 02:10:56,611 : EventManager : Event: ======'mc_reset_phase_3'====== Args={}
2023-02-03 02:10:56,612 : EventManager : Event: ======'mc_reset_complete'====== Args={}
2023-02-03 02:10:56,624 : EventManager : Event: ======'slides_play'====== Args={'settings': {'attract_started': {'target': None, 'background_color': [0.0, 0.0, 0.0, 1.0], 'priority': None, 'show': True, 'force': False, 'expire': None, 'slide': None, 'tokens': {}, 'action': 'play'}}, 'context': '_global', 'calling_context': 'mode_attract_started', 'priority': 0}
2023-02-03 02:10:56,624 : mpfmc : SlidePlayer: Play called with settings={'attract_started': {'target': None, 'background_color': [0.0, 0.0, 0.0, 1.0], 'priority': None, 'show': True, 'force': False, 'expire': None, 'slide': None, 'tokens': {}, 'action': 'play'}}
2023-02-03 02:10:56,629 : EventManager : Event: ======'slide_attract_started_created'====== Args={}
2023-02-03 02:10:56,631 : EventManager : Event: ======'slide_attract_started_active'====== Args={}
2023-02-03 02:11:35,496 : EventManager : Event: ======'game_started'====== Args={}
2023-02-03 02:11:35,521 : EventManager : Event: ======'player_added'====== Args={'player': <Player 1>, 'num': 1}
2023-02-03 02:11:35,521 : EventManager : Event: ======'player_index'====== Args={'value': 0, 'prev_value': 0, 'change': 0, 'player_num': 1}
2023-02-03 02:11:35,521 : EventManager : Event: ======'player_number'====== Args={'value': 1, 'prev_value': 1, 'change': 0, 'player_num': 1}
2023-02-03 02:11:35,522 : EventManager : Event: ======'player_score'====== Args={'value': 0, 'prev_value': 0, 'change': 0, 'player_num': 1}
2023-02-03 02:11:35,557 : EventManager : Event: ======'player_ball'====== Args={'value': 1, 'prev_value': 0, 'change': 1, 'player_num': 1}
2023-02-03 02:11:35,557 : EventManager : Event: ======'player_turn_start'====== Args={'number': 1, 'player': <Player 1>}
2023-02-03 02:11:35,569 : EventManager : Event: ======'slides_play'====== Args={'settings': {'widgets': {'widgets': [{'type': 'text', 'text': 'PLAYER (number) BALL (ball)', '_default_settings': ['type', 'text'], 'x': None, 'y': None, 'anchor_x': 'center', 'anchor_y': 'center', 'round_anchor_x': None, 'round_anchor_y': None, 'opacity': 1.0, 'z': 0, 'reset_animations_events': {}, 'color': [1.0, 1.0, 1.0, 1.0], 'style': [], 'adjust_top': 0, 'adjust_bottom': 0, 'adjust_left': 0, 'adjust_right': 0, 'expire': None, 'key': None, 'widget': None, 'events_when_added': [], 'events_when_removed': [], 'font_size': 15, 'bitmap_font': False, 'font_kerning': True, 'bold': False, 'italic': False, 'number_grouping': False, 'min_digits': 0, 'halign': 'center', 'valign': 'middle', 'rotation': 0, 'scale': 1.0, 'casing': None, 'animations': None}], 'target': None, 'background_color': [0.0, 0.0, 0.0, 1.0], 'priority': None, 'show': True, 'force': False, 'expire': None, 'slide': None, 'tokens': {}, 'action': 'play'}}, 'context': '_global', 'calling_context': 'ball_started', 'priority': 0, 'player': 1, 'ball': 1, 'balls_remaining': 2, 'is_extra_ball': False}
2023-02-03 02:11:35,569 : mpfmc : SlidePlayer: Play called with settings={'widgets': {'widgets': [{'type': 'text', 'text': 'PLAYER (number) BALL (ball)', '_default_settings': ['type', 'text'], 'x': None, 'y': None, 'anchor_x': 'center', 'anchor_y': 'center', 'round_anchor_x': None, 'round_anchor_y': None, 'opacity': 1.0, 'z': 0, 'reset_animations_events': {}, 'color': [1.0, 1.0, 1.0, 1.0], 'style': [], 'adjust_top': 0, 'adjust_bottom': 0, 'adjust_left': 0, 'adjust_right': 0, 'expire': None, 'key': None, 'widget': None, 'events_when_added': [], 'events_when_removed': [], 'font_size': 15, 'bitmap_font': False, 'font_kerning': True, 'bold': False, 'italic': False, 'number_grouping': False, 'min_digits': 0, 'halign': 'center', 'valign': 'middle', 'rotation': 0, 'scale': 1.0, 'casing': None, 'animations': None}], 'target': None, 'background_color': [0.0, 0.0, 0.0, 1.0], 'priority': None, 'show': True, 'force': False, 'expire': None, 'slide': None, 'tokens': {}, 'action': 'play'}}
2023-02-03 02:11:35,575 : EventManager : Event: ======'slide__global.slide_player-ball_started_created'====== Args={}
2023-02-03 02:11:35,578 : EventManager : Event: ======'slide__global.slide_player-ball_started_active'====== Args={}
2023-02-03 02:11:36,492 : EventManager : Event: ======'machine_var_audits_switches_s_left_flipper'====== Args={'value': 1140, 'prev_value': 1139, 'change': 1}
2023-02-03 02:11:36,742 : EventManager : Event: ======'machine_var_audits_switches_s_left_flipper'====== Args={'value': 1141, 'prev_value': 1140, 'change': 1}
2023-02-03 02:11:38,679 : EventManager : Event: ======'machine_var_audits_switches_s_left_flipper'====== Args={'value': 1142, 'prev_value': 1141, 'change': 1}
2023-02-03 02:11:41,379 : EventManager : Event: ======'machine_var_audits_switches_s_left_flipper'====== Args={'value': 1143, 'prev_value': 1142, 'change': 1}
2023-02-03 02:11:42,061 : EventManager : Event: ======'machine_var_audits_switches_s_left_flipper'====== Args={'value': 1144, 'prev_value': 1143, 'change': 1}
2023-02-03 02:11:45,256 : EventManager : Event: ======'machine_var_audits_switches_s_left_flipper'====== Args={'value': 1145, 'prev_value': 1144, 'change': 1}
2023-02-03 02:11:47,334 : EventManager : Event: ======'machine_var_audits_switches_s_left_flipper'====== Args={'value': 1146, 'prev_value': 1145, 'change': 1}
2023-02-03 02:11:49,445 : EventManager : Event: ======'machine_var_audits_switches_s_left_flipper'====== Args={'value': 1147, 'prev_value': 1146, 'change': 1}
2023-02-03 02:11:52,350 : EventManager : Event: ======'machine_var_audits_switches_s_left_flipper'====== Args={'value': 1148, 'prev_value': 1147, 'change': 1}
2023-02-03 02:11:52,939 : EventManager : Event: ======'machine_var_audits_switches_s_left_flipper'====== Args={'value': 1149, 'prev_value': 1148, 'change': 1}
2023-02-03 02:11:54,496 : EventManager : Event: ======'machine_var_audits_switches_s_left_flipper'====== Args={'value': 1150, 'prev_value': 1149, 'change': 1}
2023-02-03 02:11:55,861 : EventManager : Event: ======'machine_var_audits_switches_s_trough1'====== Args={'value': 177, 'prev_value': 176, 'change': 1}
2023-02-03 02:11:55,911 : EventManager : Event: ======'machine_var_audits_switches_s_trough1'====== Args={'value': 178, 'prev_value': 177, 'change': 1}
2023-02-03 02:11:56,433 : EventManager : Event: ======'player_ball'====== Args={'value': 2, 'prev_value': 1, 'change': 1, 'player_num': 1}
2023-02-03 02:11:56,962 : EventManager : Event: ======'slides_play'====== Args={'settings': {'widgets': {'widgets': [{'type': 'text', 'text': 'PLAYER (number) BALL (ball)', '_default_settings': ['type', 'text'], 'x': None, 'y': None, 'anchor_x': 'center', 'anchor_y': 'center', 'round_anchor_x': None, 'round_anchor_y': None, 'opacity': 1.0, 'z': 0, 'reset_animations_events': {}, 'color': [1.0, 1.0, 1.0, 1.0], 'style': [], 'adjust_top': 0, 'adjust_bottom': 0, 'adjust_left': 0, 'adjust_right': 0, 'expire': None, 'key': None, 'widget': None, 'events_when_added': [], 'events_when_removed': [], 'font_size': 15, 'bitmap_font': False, 'font_kerning': True, 'bold': False, 'italic': False, 'number_grouping': False, 'min_digits': 0, 'halign': 'center', 'valign': 'middle', 'rotation': 0, 'scale': 1.0, 'casing': None, 'animations': None}], 'target': None, 'background_color': [0.0, 0.0, 0.0, 1.0], 'priority': None, 'show': True, 'force': False, 'expire': None, 'slide': None, 'tokens': {}, 'action': 'play'}}, 'context': '_global', 'calling_context': 'ball_started', 'priority': 0, 'player': 1, 'ball': 2, 'balls_remaining': 1, 'is_extra_ball': False}
2023-02-03 02:11:56,963 : mpfmc : SlidePlayer: Play called with settings={'widgets': {'widgets': [{'type': 'text', 'text': 'PLAYER (number) BALL (ball)', '_default_settings': ['type', 'text'], 'x': None, 'y': None, 'anchor_x': 'center', 'anchor_y': 'center', 'round_anchor_x': None, 'round_anchor_y': None, 'opacity': 1.0, 'z': 0, 'reset_animations_events': {}, 'color': [1.0, 1.0, 1.0, 1.0], 'style': [], 'adjust_top': 0, 'adjust_bottom': 0, 'adjust_left': 0, 'adjust_right': 0, 'expire': None, 'key': None, 'widget': None, 'events_when_added': [], 'events_when_removed': [], 'font_size': 15, 'bitmap_font': False, 'font_kerning': True, 'bold': False, 'italic': False, 'number_grouping': False, 'min_digits': 0, 'halign': 'center', 'valign': 'middle', 'rotation': 0, 'scale': 1.0, 'casing': None, 'animations': None}], 'target': None, 'background_color': [0.0, 0.0, 0.0, 1.0], 'priority': None, 'show': True, 'force': False, 'expire': None, 'slide': None, 'tokens': {}, 'action': 'play'}}
2023-02-03 02:11:56,963 : EventManager : Event: ======'slide__global.slide_player-ball_started_removed'====== Args={}
2023-02-03 02:11:56,967 : EventManager : Event: ======'slide__global.slide_player-ball_started_created'====== Args={}
2023-02-03 02:11:56,969 : EventManager : Event: ======'slide__global.slide_player-ball_started_active'====== Args={}
2023-02-03 02:11:58,073 : EventManager : Event: ======'machine_var_audits_switches_s_left_flipper'====== Args={'value': 1151, 'prev_value': 1150, 'change': 1}
2023-02-03 02:11:59,878 : EventManager : Event: ======'machine_var_audits_switches_s_left_flipper'====== Args={'value': 1152, 'prev_value': 1151, 'change': 1}
2023-02-03 02:12:03,201 : EventManager : Event: ======'machine_var_audits_switches_s_left_flipper'====== Args={'value': 1153, 'prev_value': 1152, 'change': 1}
2023-02-03 02:12:06,177 : EventManager : Event: ======'machine_var_audits_switches_s_right_flipper'====== Args={'value': 1154, 'prev_value': 1153, 'change': 1}
2023-02-03 02:12:07,982 : EventManager : Event: ======'machine_var_audits_switches_s_right_flipper'====== Args={'value': 1155, 'prev_value': 1154, 'change': 1}
2023-02-03 02:12:07,982 : EventManager : Event: ======'machine_var_audits_switches_s_left_flipper'====== Args={'value': 1154, 'prev_value': 1153, 'change': 1}
2023-02-03 02:12:09,103 : EventManager : Event: ======'machine_var_audits_switches_s_trough1'====== Args={'value': 179, 'prev_value': 178, 'change': 1}
2023-02-03 02:12:09,646 : EventManager : Event: ======'player_ball'====== Args={'value': 3, 'prev_value': 2, 'change': 1, 'player_num': 1}
2023-02-03 02:12:10,165 : EventManager : Event: ======'slides_play'====== Args={'settings': {'widgets': {'widgets': [{'type': 'text', 'text': 'PLAYER (number) BALL (ball)', '_default_settings': ['type', 'text'], 'x': None, 'y': None, 'anchor_x': 'center', 'anchor_y': 'center', 'round_anchor_x': None, 'round_anchor_y': None, 'opacity': 1.0, 'z': 0, 'reset_animations_events': {}, 'color': [1.0, 1.0, 1.0, 1.0], 'style': [], 'adjust_top': 0, 'adjust_bottom': 0, 'adjust_left': 0, 'adjust_right': 0, 'expire': None, 'key': None, 'widget': None, 'events_when_added': [], 'events_when_removed': [], 'font_size': 15, 'bitmap_font': False, 'font_kerning': True, 'bold': False, 'italic': False, 'number_grouping': False, 'min_digits': 0, 'halign': 'center', 'valign': 'middle', 'rotation': 0, 'scale': 1.0, 'casing': None, 'animations': None}], 'target': None, 'background_color': [0.0, 0.0, 0.0, 1.0], 'priority': None, 'show': True, 'force': False, 'expire': None, 'slide': None, 'tokens': {}, 'action': 'play'}}, 'context': '_global', 'calling_context': 'ball_started', 'priority': 0, 'player': 1, 'ball': 3, 'balls_remaining': 0, 'is_extra_ball': False}
2023-02-03 02:12:10,166 : mpfmc : SlidePlayer: Play called with settings={'widgets': {'widgets': [{'type': 'text', 'text': 'PLAYER (number) BALL (ball)', '_default_settings': ['type', 'text'], 'x': None, 'y': None, 'anchor_x': 'center', 'anchor_y': 'center', 'round_anchor_x': None, 'round_anchor_y': None, 'opacity': 1.0, 'z': 0, 'reset_animations_events': {}, 'color': [1.0, 1.0, 1.0, 1.0], 'style': [], 'adjust_top': 0, 'adjust_bottom': 0, 'adjust_left': 0, 'adjust_right': 0, 'expire': None, 'key': None, 'widget': None, 'events_when_added': [], 'events_when_removed': [], 'font_size': 15, 'bitmap_font': False, 'font_kerning': True, 'bold': False, 'italic': False, 'number_grouping': False, 'min_digits': 0, 'halign': 'center', 'valign': 'middle', 'rotation': 0, 'scale': 1.0, 'casing': None, 'animations': None}], 'target': None, 'background_color': [0.0, 0.0, 0.0, 1.0], 'priority': None, 'show': True, 'force': False, 'expire': None, 'slide': None, 'tokens': {}, 'action': 'play'}}
2023-02-03 02:12:10,166 : EventManager : Event: ======'slide__global.slide_player-ball_started_removed'====== Args={}
2023-02-03 02:12:10,170 : EventManager : Event: ======'slide__global.slide_player-ball_started_created'====== Args={}
2023-02-03 02:12:10,173 : EventManager : Event: ======'slide__global.slide_player-ball_started_active'====== Args={}
2023-02-03 02:39:40,634 : EventManager : Event: ======'machine_var_audits_switches_s_right_flipper'====== Args={'value': 1156, 'prev_value': 1155, 'change': 1}
2023-02-03 02:44:18,851 : EventManager : Event: ======'machine_var_audits_switches_s_right_flipper'====== Args={'value': 1157, 'prev_value': 1156, 'change': 1}
2023-02-03 02:44:22,486 : EventManager : Event: ======'machine_var_audits_switches_s_right_flipper'====== Args={'value': 1158, 'prev_value': 1157, 'change': 1}
2023-02-03 02:44:28,958 : EventManager : Event: ======'machine_var_audits_switches_s_right_flipper'====== Args={'value': 1159, 'prev_value': 1158, 'change': 1}
2023-02-03 02:44:32,756 : EventManager : Event: ======'machine_var_audits_switches_s_left_flipper'====== Args={'value': 1155, 'prev_value': 1154, 'change': 1}
2023-02-03 02:44:34,062 : EventManager : Event: ======'machine_var_audits_switches_s_right_flipper'====== Args={'value': 1160, 'prev_value': 1159, 'change': 1}
2023-02-03 02:44:35,753 : EventManager : Event: ======'machine_var_audits_switches_s_right_flipper'====== Args={'value': 1161, 'prev_value': 1160, 'change': 1}
2023-02-03 02:44:36,050 : EventManager : Event: ======'machine_var_audits_switches_s_scoop_lower'====== Args={'value': 149, 'prev_value': 148, 'change': 1}
2023-02-03 02:44:36,483 : EventManager : Event: ======'machine_var_audits_switches_s_scoop_lower'====== Args={'value': 150, 'prev_value': 149, 'change': 1}
2023-02-03 02:44:37,761 : EventManager : Event: ======'machine_var_audits_switches_s_left_flipper'====== Args={'value': 1156, 'prev_value': 1155, 'change': 1}
2023-02-03 02:44:40,157 : EventManager : Event: ======'machine_var_audits_switches_s_left_flipper'====== Args={'value': 1157, 'prev_value': 1156, 'change': 1}
2023-02-03 02:44:41,423 : EventManager : Event: ======'machine_var_audits_switches_s_left_flipper'====== Args={'value': 1158, 'prev_value': 1157, 'change': 1}
2023-02-03 02:44:42,896 : EventManager : Event: ======'machine_var_audits_switches_s_right_slingshot'====== Args={'value': 183, 'prev_value': 182, 'change': 1}
2023-02-03 02:44:44,908 : EventManager : Event: ======'machine_var_audits_switches_s_right_flipper'====== Args={'value': 1162, 'prev_value': 1161, 'change': 1}
2023-02-03 02:44:57,339 : EventManager : Event: ======'machine_var_audits_switches_s_right_flipper'====== Args={'value': 1163, 'prev_value': 1162, 'change': 1}
2023-02-03 02:45:03,134 : EventManager : Event: ======'machine_var_audits_switches_s_trough1'====== Args={'value': 180, 'prev_value': 179, 'change': 1}
2023-02-03 02:45:03,656 : EventManager : Event: ======'slides_play'====== Args={'settings': {'attract_started': {'target': None, 'background_color': [0.0, 0.0, 0.0, 1.0], 'priority': None, 'show': True, 'force': False, 'expire': None, 'slide': None, 'tokens': {}, 'action': 'play'}}, 'context': '_global', 'calling_context': 'mode_attract_started', 'priority': 0}
2023-02-03 02:45:03,656 : EventManager : Event: ======'game_ended'====== Args={}
2023-02-03 02:45:03,656 : mpfmc : SlidePlayer: Play called with settings={'attract_started': {'target': None, 'background_color': [0.0, 0.0, 0.0, 1.0], 'priority': None, 'show': True, 'force': False, 'expire': None, 'slide': None, 'tokens': {}, 'action': 'play'}}
2023-02-03 02:45:03,656 : EventManager : Event: ======'slide_attract_started_removed'====== Args={}
2023-02-03 02:45:03,660 : EventManager : Event: ======'slide_attract_started_created'====== Args={}
2023-02-03 02:45:03,661 : EventManager : Event: ======'slide_attract_started_active'====== Args={}
2023-02-03 02:45:06,977 : EventManager : Event: ======'game_started'====== Args={}
2023-02-03 02:45:07,001 : EventManager : Event: ======'player_added'====== Args={'player': <Player 1>, 'num': 1}
2023-02-03 02:45:07,001 : EventManager : Event: ======'player_index'====== Args={'value': 0, 'prev_value': 0, 'change': 0, 'player_num': 1}
2023-02-03 02:45:07,001 : EventManager : Event: ======'player_number'====== Args={'value': 1, 'prev_value': 1, 'change': 0, 'player_num': 1}
2023-02-03 02:45:07,002 : EventManager : Event: ======'player_score'====== Args={'value': 0, 'prev_value': 0, 'change': 0, 'player_num': 1}
2023-02-03 02:45:07,032 : EventManager : Event: ======'player_ball'====== Args={'value': 1, 'prev_value': 0, 'change': 1, 'player_num': 1}
2023-02-03 02:45:07,032 : EventManager : Event: ======'player_turn_start'====== Args={'number': 1, 'player': <Player 1>}
2023-02-03 02:45:07,045 : EventManager : Event: ======'slides_play'====== Args={'settings': {'widgets': {'widgets': [{'type': 'text', 'text': 'PLAYER (number) BALL (ball)', '_default_settings': ['type', 'text'], 'x': None, 'y': None, 'anchor_x': 'center', 'anchor_y': 'center', 'round_anchor_x': None, 'round_anchor_y': None, 'opacity': 1.0, 'z': 0, 'reset_animations_events': {}, 'color': [1.0, 1.0, 1.0, 1.0], 'style': [], 'adjust_top': 0, 'adjust_bottom': 0, 'adjust_left': 0, 'adjust_right': 0, 'expire': None, 'key': None, 'widget': None, 'events_when_added': [], 'events_when_removed': [], 'font_size': 15, 'bitmap_font': False, 'font_kerning': True, 'bold': False, 'italic': False, 'number_grouping': False, 'min_digits': 0, 'halign': 'center', 'valign': 'middle', 'rotation': 0, 'scale': 1.0, 'casing': None, 'animations': None}], 'target': None, 'background_color': [0.0, 0.0, 0.0, 1.0], 'priority': None, 'show': True, 'force': False, 'expire': None, 'slide': None, 'tokens': {}, 'action': 'play'}}, 'context': '_global', 'calling_context': 'ball_started', 'priority': 0, 'player': 1, 'ball': 1, 'balls_remaining': 2, 'is_extra_ball': False}
2023-02-03 02:45:07,045 : mpfmc : SlidePlayer: Play called with settings={'widgets': {'widgets': [{'type': 'text', 'text': 'PLAYER (number) BALL (ball)', '_default_settings': ['type', 'text'], 'x': None, 'y': None, 'anchor_x': 'center', 'anchor_y': 'center', 'round_anchor_x': None, 'round_anchor_y': None, 'opacity': 1.0, 'z': 0, 'reset_animations_events': {}, 'color': [1.0, 1.0, 1.0, 1.0], 'style': [], 'adjust_top': 0, 'adjust_bottom': 0, 'adjust_left': 0, 'adjust_right': 0, 'expire': None, 'key': None, 'widget': None, 'events_when_added': [], 'events_when_removed': [], 'font_size': 15, 'bitmap_font': False, 'font_kerning': True, 'bold': False, 'italic': False, 'number_grouping': False, 'min_digits': 0, 'halign': 'center', 'valign': 'middle', 'rotation': 0, 'scale': 1.0, 'casing': None, 'animations': None}], 'target': None, 'background_color': [0.0, 0.0, 0.0, 1.0], 'priority': None, 'show': True, 'force': False, 'expire': None, 'slide': None, 'tokens': {}, 'action': 'play'}}
2023-02-03 02:45:07,045 : EventManager : Event: ======'slide__global.slide_player-ball_started_removed'====== Args={}
2023-02-03 02:45:07,048 : EventManager : Event: ======'slide__global.slide_player-ball_started_created'====== Args={}
2023-02-03 02:45:07,050 : EventManager : Event: ======'slide__global.slide_player-ball_started_active'====== Args={}
2023-02-03 02:45:12,245 : EventManager : Event: ======'machine_var_audits_switches_s_left_slingshot'====== Args={'value': 177, 'prev_value': 176, 'change': 1}
2023-02-03 02:45:13,810 : EventManager : Event: ======'machine_var_audits_switches_s_left_flipper'====== Args={'value': 1159, 'prev_value': 1158, 'change': 1}
2023-02-03 02:45:14,592 : EventManager : Event: ======'machine_var_audits_switches_s_pop_top'====== Args={'value': 203, 'prev_value': 202, 'change': 1}
2023-02-03 02:45:14,641 : EventManager : Event: ======'machine_var_audits_switches_s_pop_bot'====== Args={'value': 255, 'prev_value': 254, 'change': 1}
2023-02-03 02:45:17,346 : EventManager : Event: ======'machine_var_audits_switches_s_pop_mid'====== Args={'value': 243, 'prev_value': 242, 'change': 1}
2023-02-03 02:45:23,654 : EventManager : Event: ======'machine_var_audits_switches_s_right_flipper'====== Args={'value': 1164, 'prev_value': 1163, 'change': 1}
2023-02-03 02:45:25,097 : EventManager : Event: ======'machine_var_audits_switches_s_right_flipper'====== Args={'value': 1165, 'prev_value': 1164, 'change': 1}
2023-02-03 02:45:26,797 : EventManager : Event: ======'machine_var_audits_switches_s_right_flipper'====== Args={'value': 1166, 'prev_value': 1165, 'change': 1}
2023-02-03 02:45:27,222 : EventManager : Event: ======'machine_var_audits_switches_s_right_flipper'====== Args={'value': 1167, 'prev_value': 1166, 'change': 1}
2023-02-03 02:45:28,188 : EventManager : Event: ======'machine_var_audits_switches_s_left_flipper'====== Args={'value': 1160, 'prev_value': 1159, 'change': 1}
2023-02-03 02:45:29,756 : EventManager : Event: ======'machine_var_audits_switches_s_left_flipper'====== Args={'value': 1161, 'prev_value': 1160, 'change': 1}
2023-02-03 02:45:35,883 : EventManager : Event: ======'machine_var_audits_switches_s_right_flipper'====== Args={'value': 1168, 'prev_value': 1167, 'change': 1}
2023-02-03 02:45:39,306 : EventManager : Event: ======'machine_var_audits_switches_s_left_flipper'====== Args={'value': 1162, 'prev_value': 1161, 'change': 1}
2023-02-03 02:45:40,188 : EventManager : Event: ======'machine_var_audits_switches_s_left_slingshot'====== Args={'value': 178, 'prev_value': 177, 'change': 1}
2023-02-03 02:45:40,300 : EventManager : Event: ======'machine_var_audits_switches_s_right_slingshot'====== Args={'value': 184, 'prev_value': 183, 'change': 1}
2023-02-03 02:45:42,757 : EventManager : Event: ======'machine_var_audits_switches_s_right_flipper'====== Args={'value': 1169, 'prev_value': 1168, 'change': 1}
2023-02-03 02:45:44,133 : EventManager : Event: ======'machine_var_audits_switches_s_right_flipper'====== Args={'value': 1170, 'prev_value': 1169, 'change': 1}
2023-02-03 02:45:46,240 : EventManager : Event: ======'machine_var_audits_switches_s_left_flipper'====== Args={'value': 1163, 'prev_value': 1162, 'change': 1}
2023-02-03 02:45:46,686 : EventManager : Event: ======'machine_var_audits_switches_s_left_flipper'====== Args={'value': 1164, 'prev_value': 1163, 'change': 1}
2023-02-03 02:45:48,235 : EventManager : Event: ======'machine_var_audits_switches_s_left_flipper'====== Args={'value': 1165, 'prev_value': 1164, 'change': 1}
2023-02-03 02:45:48,950 : EventManager : Event: ======'machine_var_audits_switches_s_left_flipper'====== Args={'value': 1166, 'prev_value': 1165, 'change': 1}
2023-02-03 02:45:51,794 : EventManager : Event: ======'machine_var_audits_switches_s_right_flipper'====== Args={'value': 1171, 'prev_value': 1170, 'change': 1}
2023-02-03 02:45:54,248 : EventManager : Event: ======'machine_var_audits_switches_s_left_flipper'====== Args={'value': 1167, 'prev_value': 1166, 'change': 1}
2023-02-03 02:45:54,892 : EventManager : Event: ======'machine_var_audits_switches_s_pop_top'====== Args={'value': 204, 'prev_value': 203, 'change': 1}
2023-02-03 02:45:57,178 : EventManager : Event: ======'machine_var_audits_switches_s_right_flipper'====== Args={'value': 1172, 'prev_value': 1171, 'change': 1}
2023-02-03 02:46:04,201 : EventManager : Event: ======'machine_var_audits_switches_s_left_flipper'====== Args={'value': 1168, 'prev_value': 1167, 'change': 1}
2023-02-03 02:46:05,796 : EventManager : Event: ======'machine_var_audits_switches_s_left_flipper'====== Args={'value': 1169, 'prev_value': 1168, 'change': 1}
2023-02-03 02:46:07,503 : EventManager : Event: ======'machine_var_audits_switches_s_left_flipper'====== Args={'value': 1170, 'prev_value': 1169, 'change': 1}
2023-02-03 02:46:08,426 : EventManager : Event: ======'machine_var_audits_switches_s_right_flipper'====== Args={'value': 1173, 'prev_value': 1172, 'change': 1}
2023-02-03 02:46:10,966 : EventManager : Event: ======'machine_var_audits_switches_s_left_flipper'====== Args={'value': 1171, 'prev_value': 1170, 'change': 1}
2023-02-03 02:46:12,206 : EventManager : Event: ======'machine_var_audits_switches_s_trough1'====== Args={'value': 181, 'prev_value': 180, 'change': 1}
2023-02-03 02:46:12,279 : EventManager : Event: ======'machine_var_audits_switches_s_trough1'====== Args={'value': 182, 'prev_value': 181, 'change': 1}
2023-02-03 02:46:12,800 : EventManager : Event: ======'player_ball'====== Args={'value': 2, 'prev_value': 1, 'change': 1, 'player_num': 1}
2023-02-03 02:46:13,326 : EventManager : Event: ======'slides_play'====== Args={'settings': {'widgets': {'widgets': [{'type': 'text', 'text': 'PLAYER (number) BALL (ball)', '_default_settings': ['type', 'text'], 'x': None, 'y': None, 'anchor_x': 'center', 'anchor_y': 'center', 'round_anchor_x': None, 'round_anchor_y': None, 'opacity': 1.0, 'z': 0, 'reset_animations_events': {}, 'color': [1.0, 1.0, 1.0, 1.0], 'style': [], 'adjust_top': 0, 'adjust_bottom': 0, 'adjust_left': 0, 'adjust_right': 0, 'expire': None, 'key': None, 'widget': None, 'events_when_added': [], 'events_when_removed': [], 'font_size': 15, 'bitmap_font': False, 'font_kerning': True, 'bold': False, 'italic': False, 'number_grouping': False, 'min_digits': 0, 'halign': 'center', 'valign': 'middle', 'rotation': 0, 'scale': 1.0, 'casing': None, 'animations': None}], 'target': None, 'background_color': [0.0, 0.0, 0.0, 1.0], 'priority': None, 'show': True, 'force': False, 'expire': None, 'slide': None, 'tokens': {}, 'action': 'play'}}, 'context': '_global', 'calling_context': 'ball_started', 'priority': 0, 'player': 1, 'ball': 2, 'balls_remaining': 1, 'is_extra_ball': False}
2023-02-03 02:46:13,327 : mpfmc : SlidePlayer: Play called with settings={'widgets': {'widgets': [{'type': 'text', 'text': 'PLAYER (number) BALL (ball)', '_default_settings': ['type', 'text'], 'x': None, 'y': None, 'anchor_x': 'center', 'anchor_y': 'center', 'round_anchor_x': None, 'round_anchor_y': None, 'opacity': 1.0, 'z': 0, 'reset_animations_events': {}, 'color': [1.0, 1.0, 1.0, 1.0], 'style': [], 'adjust_top': 0, 'adjust_bottom': 0, 'adjust_left': 0, 'adjust_right': 0, 'expire': None, 'key': None, 'widget': None, 'events_when_added': [], 'events_when_removed': [], 'font_size': 15, 'bitmap_font': False, 'font_kerning': True, 'bold': False, 'italic': False, 'number_grouping': False, 'min_digits': 0, 'halign': 'center', 'valign': 'middle', 'rotation': 0, 'scale': 1.0, 'casing': None, 'animations': None}], 'target': None, 'background_color': [0.0, 0.0, 0.0, 1.0], 'priority': None, 'show': True, 'force': False, 'expire': None, 'slide': None, 'tokens': {}, 'action': 'play'}}
2023-02-03 02:46:13,327 : EventManager : Event: ======'slide__global.slide_player-ball_started_removed'====== Args={}
2023-02-03 02:46:13,331 : EventManager : Event: ======'slide__global.slide_player-ball_started_created'====== Args={}
2023-02-03 02:46:13,333 : EventManager : Event: ======'slide__global.slide_player-ball_started_active'====== Args={}
2023-02-03 02:46:34,252 : EventManager : Event: ======'machine_var_audits_switches_s_right_flipper'====== Args={'value': 1174, 'prev_value': 1173, 'change': 1}
2023-02-03 02:46:34,962 : EventManager : Event: ======'machine_var_audits_switches_s_left_flipper'====== Args={'value': 1172, 'prev_value': 1171, 'change': 1}
2023-02-03 02:46:36,797 : EventManager : Event: ======'machine_var_audits_switches_s_left_flipper'====== Args={'value': 1173, 'prev_value': 1172, 'change': 1}
2023-02-03 02:46:38,731 : EventManager : Event: ======'machine_var_audits_switches_s_left_flipper'====== Args={'value': 1174, 'prev_value': 1173, 'change': 1}
2023-02-03 02:46:40,163 : EventManager : Event: ======'machine_var_audits_switches_s_right_flipper'====== Args={'value': 1175, 'prev_value': 1174, 'change': 1}
2023-02-03 02:46:42,273 : EventManager : Event: ======'machine_var_audits_switches_s_right_flipper'====== Args={'value': 1176, 'prev_value': 1175, 'change': 1}
2023-02-03 02:46:42,822 : EventManager : Event: ======'machine_var_audits_switches_s_left_flipper'====== Args={'value': 1175, 'prev_value': 1174, 'change': 1}
2023-02-03 02:46:44,533 : EventManager : Event: ======'machine_var_audits_switches_s_left_slingshot'====== Args={'value': 179, 'prev_value': 178, 'change': 1}
2023-02-03 02:46:44,718 : EventManager : Event: ======'machine_var_audits_switches_s_left_flipper'====== Args={'value': 1176, 'prev_value': 1175, 'change': 1}
2023-02-03 02:46:46,059 : EventManager : Event: ======'machine_var_audits_switches_s_right_flipper'====== Args={'value': 1177, 'prev_value': 1176, 'change': 1}
2023-02-03 02:46:47,087 : EventManager : Event: ======'machine_var_audits_switches_s_right_flipper'====== Args={'value': 1178, 'prev_value': 1177, 'change': 1}
2023-02-03 02:46:48,455 : EventManager : Event: ======'machine_var_audits_switches_s_right_flipper'====== Args={'value': 1179, 'prev_value': 1178, 'change': 1}
2023-02-03 02:46:51,020 : EventManager : Event: ======'machine_var_audits_switches_s_right_flipper'====== Args={'value': 1180, 'prev_value': 1179, 'change': 1}
2023-02-03 02:46:52,457 : EventManager : Event: ======'machine_var_audits_switches_s_right_flipper'====== Args={'value': 1181, 'prev_value': 1180, 'change': 1}
2023-02-03 02:46:54,077 : EventManager : Event: ======'machine_var_audits_switches_s_right_flipper'====== Args={'value': 1182, 'prev_value': 1181, 'change': 1}
2023-02-03 02:46:54,795 : EventManager : Event: ======'machine_var_audits_switches_s_left_flipper'====== Args={'value': 1177, 'prev_value': 1176, 'change': 1}
2023-02-03 02:46:56,325 : EventManager : Event: ======'machine_var_audits_switches_s_left_flipper'====== Args={'value': 1178, 'prev_value': 1177, 'change': 1}
2023-02-03 02:46:57,517 : EventManager : Event: ======'machine_var_audits_switches_s_trough1'====== Args={'value': 183, 'prev_value': 182, 'change': 1}
2023-02-03 02:46:57,578 : EventManager : Event: ======'machine_var_audits_switches_s_trough1'====== Args={'value': 184, 'prev_value': 183, 'change': 1}
2023-02-03 02:46:58,110 : EventManager : Event: ======'player_ball'====== Args={'value': 3, 'prev_value': 2, 'change': 1, 'player_num': 1}
2023-02-03 02:46:58,645 : EventManager : Event: ======'slides_play'====== Args={'settings': {'widgets': {'widgets': [{'type': 'text', 'text': 'PLAYER (number) BALL (ball)', '_default_settings': ['type', 'text'], 'x': None, 'y': None, 'anchor_x': 'center', 'anchor_y': 'center', 'round_anchor_x': None, 'round_anchor_y': None, 'opacity': 1.0, 'z': 0, 'reset_animations_events': {}, 'color': [1.0, 1.0, 1.0, 1.0], 'style': [], 'adjust_top': 0, 'adjust_bottom': 0, 'adjust_left': 0, 'adjust_right': 0, 'expire': None, 'key': None, 'widget': None, 'events_when_added': [], 'events_when_removed': [], 'font_size': 15, 'bitmap_font': False, 'font_kerning': True, 'bold': False, 'italic': False, 'number_grouping': False, 'min_digits': 0, 'halign': 'center', 'valign': 'middle', 'rotation': 0, 'scale': 1.0, 'casing': None, 'animations': None}], 'target': None, 'background_color': [0.0, 0.0, 0.0, 1.0], 'priority': None, 'show': True, 'force': False, 'expire': None, 'slide': None, 'tokens': {}, 'action': 'play'}}, 'context': '_global', 'calling_context': 'ball_started', 'priority': 0, 'player': 1, 'ball': 3, 'balls_remaining': 0, 'is_extra_ball': False}
2023-02-03 02:46:58,645 : mpfmc : SlidePlayer: Play called with settings={'widgets': {'widgets': [{'type': 'text', 'text': 'PLAYER (number) BALL (ball)', '_default_settings': ['type', 'text'], 'x': None, 'y': None, 'anchor_x': 'center', 'anchor_y': 'center', 'round_anchor_x': None, 'round_anchor_y': None, 'opacity': 1.0, 'z': 0, 'reset_animations_events': {}, 'color': [1.0, 1.0, 1.0, 1.0], 'style': [], 'adjust_top': 0, 'adjust_bottom': 0, 'adjust_left': 0, 'adjust_right': 0, 'expire': None, 'key': None, 'widget': None, 'events_when_added': [], 'events_when_removed': [], 'font_size': 15, 'bitmap_font': False, 'font_kerning': True, 'bold': False, 'italic': False, 'number_grouping': False, 'min_digits': 0, 'halign': 'center', 'valign': 'middle', 'rotation': 0, 'scale': 1.0, 'casing': None, 'animations': None}], 'target': None, 'background_color': [0.0, 0.0, 0.0, 1.0], 'priority': None, 'show': True, 'force': False, 'expire': None, 'slide': None, 'tokens': {}, 'action': 'play'}}
2023-02-03 02:46:58,646 : EventManager : Event: ======'slide__global.slide_player-ball_started_removed'====== Args={}
2023-02-03 02:46:58,651 : EventManager : Event: ======'slide__global.slide_player-ball_started_created'====== Args={}
2023-02-03 02:46:58,653 : EventManager : Event: ======'slide__global.slide_player-ball_started_active'====== Args={}
2023-02-03 02:47:00,258 : EventManager : Event: ======'machine_var_audits_switches_s_pop_top'====== Args={'value': 205, 'prev_value': 204, 'change': 1}
2023-02-03 02:47:00,442 : EventManager : Event: ======'machine_var_audits_switches_s_pop_bot'====== Args={'value': 256, 'prev_value': 255, 'change': 1}
2023-02-03 02:47:01,785 : EventManager : Event: ======'machine_var_audits_switches_s_left_flipper'====== Args={'value': 1179, 'prev_value': 1178, 'change': 1}
2023-02-03 02:47:03,709 : EventManager : Event: ======'machine_var_audits_switches_s_right_flipper'====== Args={'value': 1183, 'prev_value': 1182, 'change': 1}
2023-02-03 02:47:07,597 : EventManager : Event: ======'machine_var_audits_switches_s_right_flipper'====== Args={'value': 1184, 'prev_value': 1183, 'change': 1}
2023-02-03 02:47:08,901 : EventManager : Event: ======'machine_var_audits_switches_s_right_flipper'====== Args={'value': 1185, 'prev_value': 1184, 'change': 1}
2023-02-03 02:47:10,022 : EventManager : Event: ======'machine_var_audits_switches_s_left_flipper'====== Args={'value': 1180, 'prev_value': 1179, 'change': 1}
2023-02-03 02:47:11,504 : EventManager : Event: ======'machine_var_audits_switches_s_left_flipper'====== Args={'value': 1181, 'prev_value': 1180, 'change': 1}
2023-02-03 02:47:15,362 : EventManager : Event: ======'machine_var_audits_switches_s_left_flipper'====== Args={'value': 1182, 'prev_value': 1181, 'change': 1}
2023-02-03 02:47:20,665 : EventManager : Event: ======'machine_var_audits_switches_s_right_flipper'====== Args={'value': 1186, 'prev_value': 1185, 'change': 1}
2023-02-03 02:47:22,073 : EventManager : Event: ======'machine_var_audits_switches_s_right_flipper'====== Args={'value': 1187, 'prev_value': 1186, 'change': 1}
2023-02-03 02:47:24,380 : EventManager : Event: ======'machine_var_audits_switches_s_right_flipper'====== Args={'value': 1188, 'prev_value': 1187, 'change': 1}
2023-02-03 02:47:25,504 : EventManager : Event: ======'machine_var_audits_switches_s_right_flipper'====== Args={'value': 1189, 'prev_value': 1188, 'change': 1}
2023-02-03 02:47:27,458 : EventManager : Event: ======'machine_var_audits_switches_s_left_flipper'====== Args={'value': 1183, 'prev_value': 1182, 'change': 1}
2023-02-03 02:47:28,904 : EventManager : Event: ======'machine_var_audits_switches_s_trough1'====== Args={'value': 185, 'prev_value': 184, 'change': 1}
2023-02-03 02:47:29,440 : EventManager : Event: ======'slides_play'====== Args={'settings': {'attract_started': {'target': None, 'background_color': [0.0, 0.0, 0.0, 1.0], 'priority': None, 'show': True, 'force': False, 'expire': None, 'slide': None, 'tokens': {}, 'action': 'play'}}, 'context': '_global', 'calling_context': 'mode_attract_started', 'priority': 0}
2023-02-03 02:47:29,440 : EventManager : Event: ======'game_ended'====== Args={}
2023-02-03 02:47:29,440 : mpfmc : SlidePlayer: Play called with settings={'attract_started': {'target': None, 'background_color': [0.0, 0.0, 0.0, 1.0], 'priority': None, 'show': True, 'force': False, 'expire': None, 'slide': None, 'tokens': {}, 'action': 'play'}}
2023-02-03 02:47:29,441 : EventManager : Event: ======'slide_attract_started_removed'====== Args={}
2023-02-03 02:47:29,445 : EventManager : Event: ======'slide_attract_started_created'====== Args={}
2023-02-03 02:47:29,448 : EventManager : Event: ======'slide_attract_started_active'====== Args={}
2023-02-03 02:47:30,102 : EventManager : Event: ======'game_started'====== Args={}
2023-02-03 02:47:30,127 : EventManager : Event: ======'player_added'====== Args={'player': <Player 1>, 'num': 1}
2023-02-03 02:47:30,127 : EventManager : Event: ======'player_index'====== Args={'value': 0, 'prev_value': 0, 'change': 0, 'player_num': 1}
2023-02-03 02:47:30,127 : EventManager : Event: ======'player_number'====== Args={'value': 1, 'prev_value': 1, 'change': 0, 'player_num': 1}
2023-02-03 02:47:30,128 : EventManager : Event: ======'player_score'====== Args={'value': 0, 'prev_value': 0, 'change': 0, 'player_num': 1}
2023-02-03 02:47:30,152 : EventManager : Event: ======'player_ball'====== Args={'value': 1, 'prev_value': 0, 'change': 1, 'player_num': 1}
2023-02-03 02:47:30,152 : EventManager : Event: ======'player_turn_start'====== Args={'number': 1, 'player': <Player 1>}
2023-02-03 02:47:30,165 : EventManager : Event: ======'slides_play'====== Args={'settings': {'widgets': {'widgets': [{'type': 'text', 'text': 'PLAYER (number) BALL (ball)', '_default_settings': ['type', 'text'], 'x': None, 'y': None, 'anchor_x': 'center', 'anchor_y': 'center', 'round_anchor_x': None, 'round_anchor_y': None, 'opacity': 1.0, 'z': 0, 'reset_animations_events': {}, 'color': [1.0, 1.0, 1.0, 1.0], 'style': [], 'adjust_top': 0, 'adjust_bottom': 0, 'adjust_left': 0, 'adjust_right': 0, 'expire': None, 'key': None, 'widget': None, 'events_when_added': [], 'events_when_removed': [], 'font_size': 15, 'bitmap_font': False, 'font_kerning': True, 'bold': False, 'italic': False, 'number_grouping': False, 'min_digits': 0, 'halign': 'center', 'valign': 'middle', 'rotation': 0, 'scale': 1.0, 'casing': None, 'animations': None}], 'target': None, 'background_color': [0.0, 0.0, 0.0, 1.0], 'priority': None, 'show': True, 'force': False, 'expire': None, 'slide': None, 'tokens': {}, 'action': 'play'}}, 'context': '_global', 'calling_context': 'ball_started', 'priority': 0, 'player': 1, 'ball': 1, 'balls_remaining': 2, 'is_extra_ball': False}
2023-02-03 02:47:30,165 : mpfmc : SlidePlayer: Play called with settings={'widgets': {'widgets': [{'type': 'text', 'text': 'PLAYER (number) BALL (ball)', '_default_settings': ['type', 'text'], 'x': None, 'y': None, 'anchor_x': 'center', 'anchor_y': 'center', 'round_anchor_x': None, 'round_anchor_y': None, 'opacity': 1.0, 'z': 0, 'reset_animations_events': {}, 'color': [1.0, 1.0, 1.0, 1.0], 'style': [], 'adjust_top': 0, 'adjust_bottom': 0, 'adjust_left': 0, 'adjust_right': 0, 'expire': None, 'key': None, 'widget': None, 'events_when_added': [], 'events_when_removed': [], 'font_size': 15, 'bitmap_font': False, 'font_kerning': True, 'bold': False, 'italic': False, 'number_grouping': False, 'min_digits': 0, 'halign': 'center', 'valign': 'middle', 'rotation': 0, 'scale': 1.0, 'casing': None, 'animations': None}], 'target': None, 'background_color': [0.0, 0.0, 0.0, 1.0], 'priority': None, 'show': True, 'force': False, 'expire': None, 'slide': None, 'tokens': {}, 'action': 'play'}}
2023-02-03 02:47:30,167 : EventManager : Event: ======'slide__global.slide_player-ball_started_removed'====== Args={}
2023-02-03 02:47:30,173 : EventManager : Event: ======'slide__global.slide_player-ball_started_created'====== Args={}
2023-02-03 02:47:30,176 : EventManager : Event: ======'slide__global.slide_player-ball_started_active'====== Args={}
2023-02-03 02:47:41,110 : EventManager : Event: ======'machine_var_audits_switches_s_left_flipper'====== Args={'value': 1184, 'prev_value': 1183, 'change': 1}
2023-02-03 02:47:42,893 : EventManager : Event: ======'machine_var_audits_switches_s_left_flipper'====== Args={'value': 1185, 'prev_value': 1184, 'change': 1}
2023-02-03 02:47:45,205 : EventManager : Event: ======'machine_var_audits_switches_s_left_flipper'====== Args={'value': 1186, 'prev_value': 1185, 'change': 1}
2023-02-03 02:47:51,112 : EventManager : Event: ======'machine_var_audits_switches_s_right_flipper'====== Args={'value': 1190, 'prev_value': 1189, 'change': 1}
2023-02-03 02:47:52,830 : EventManager : Event: ======'machine_var_audits_switches_s_right_flipper'====== Args={'value': 1191, 'prev_value': 1190, 'change': 1}
2023-02-03 02:47:53,322 : EventManager : Event: ======'machine_var_audits_switches_s_pop_mid'====== Args={'value': 244, 'prev_value': 243, 'change': 1}
2023-02-03 02:47:54,916 : EventManager : Event: ======'machine_var_audits_switches_s_right_flipper'====== Args={'value': 1192, 'prev_value': 1191, 'change': 1}
2023-02-03 02:47:55,673 : EventManager : Event: ======'machine_var_audits_switches_s_left_flipper'====== Args={'value': 1187, 'prev_value': 1186, 'change': 1}
2023-02-03 02:47:58,574 : EventManager : Event: ======'machine_var_audits_switches_s_left_flipper'====== Args={'value': 1188, 'prev_value': 1187, 'change': 1}
2023-02-03 02:47:59,956 : EventManager : Event: ======'machine_var_audits_switches_s_left_flipper'====== Args={'value': 1189, 'prev_value': 1188, 'change': 1}
2023-02-03 02:48:01,460 : EventManager : Event: ======'machine_var_audits_switches_s_right_flipper'====== Args={'value': 1193, 'prev_value': 1192, 'change': 1}
2023-02-03 02:48:03,103 : EventManager : Event: ======'machine_var_audits_switches_s_right_flipper'====== Args={'value': 1194, 'prev_value': 1193, 'change': 1}
2023-02-03 02:48:03,831 : EventManager : Event: ======'machine_var_audits_switches_s_pop_bot'====== Args={'value': 257, 'prev_value': 256, 'change': 1}
2023-02-03 02:48:03,956 : EventManager : Event: ======'machine_var_audits_switches_s_pop_bot'====== Args={'value': 258, 'prev_value': 257, 'change': 1}
2023-02-03 02:48:05,936 : EventManager : Event: ======'machine_var_audits_switches_s_left_flipper'====== Args={'value': 1190, 'prev_value': 1189, 'change': 1}
2023-02-03 02:48:07,325 : EventManager : Event: ======'machine_var_audits_switches_s_right_flipper'====== Args={'value': 1195, 'prev_value': 1194, 'change': 1}
2023-02-03 02:48:08,626 : EventManager : Event: ======'machine_var_audits_switches_s_right_flipper'====== Args={'value': 1196, 'prev_value': 1195, 'change': 1}
2023-02-03 02:48:10,664 : EventManager : Event: ======'machine_var_audits_switches_s_left_flipper'====== Args={'value': 1191, 'prev_value': 1190, 'change': 1}
2023-02-03 02:48:12,148 : EventManager : Event: ======'machine_var_audits_switches_s_left_flipper'====== Args={'value': 1192, 'prev_value': 1191, 'change': 1}
2023-02-03 02:48:12,345 : EventManager : Event: ======'machine_var_audits_switches_s_left_slingshot'====== Args={'value': 180, 'prev_value': 179, 'change': 1}
2023-02-03 02:48:13,012 : EventManager : Event: ======'machine_var_audits_switches_s_left_flipper'====== Args={'value': 1193, 'prev_value': 1192, 'change': 1}
2023-02-03 02:48:13,320 : EventManager : Event: ======'machine_var_audits_switches_s_left_slingshot'====== Args={'value': 181, 'prev_value': 180, 'change': 1}
2023-02-03 02:48:13,458 : EventManager : Event: ======'machine_var_audits_switches_s_right_slingshot'====== Args={'value': 185, 'prev_value': 184, 'change': 1}
2023-02-03 02:48:13,880 : EventManager : Event: ======'machine_var_audits_switches_s_scoop_lower'====== Args={'value': 151, 'prev_value': 150, 'change': 1}
2023-02-03 02:48:15,122 : EventManager : Event: ======'machine_var_audits_switches_s_left_flipper'====== Args={'value': 1194, 'prev_value': 1193, 'change': 1}
2023-02-03 02:48:17,417 : EventManager : Event: ======'machine_var_audits_switches_s_left_flipper'====== Args={'value': 1195, 'prev_value': 1194, 'change': 1}
2023-02-03 02:48:19,657 : EventManager : Event: ======'machine_var_audits_switches_s_left_flipper'====== Args={'value': 1196, 'prev_value': 1195, 'change': 1}
2023-02-03 02:48:21,500 : EventManager : Event: ======'machine_var_audits_switches_s_left_flipper'====== Args={'value': 1197, 'prev_value': 1196, 'change': 1}
2023-02-03 02:48:23,616 : EventManager : Event: ======'machine_var_audits_switches_s_left_flipper'====== Args={'value': 1198, 'prev_value': 1197, 'change': 1}
2023-02-03 02:48:29,991 : EventManager : Event: ======'machine_var_audits_switches_s_left_flipper'====== Args={'value': 1199, 'prev_value': 1198, 'change': 1}
2023-02-03 02:48:32,657 : EventManager : Event: ======'machine_var_audits_switches_s_right_flipper'====== Args={'value': 1197, 'prev_value': 1196, 'change': 1}
2023-02-03 02:48:34,668 : EventManager : Event: ======'machine_var_audits_switches_s_right_flipper'====== Args={'value': 1198, 'prev_value': 1197, 'change': 1}
2023-02-03 02:48:42,801 : EventManager : Event: ======'machine_var_audits_switches_s_right_flipper'====== Args={'value': 1199, 'prev_value': 1198, 'change': 1}
2023-02-03 02:48:44,805 : EventManager : Event: ======'machine_var_audits_switches_s_right_flipper'====== Args={'value': 1200, 'prev_value': 1199, 'change': 1}
2023-02-03 02:48:46,852 : EventManager : Event: ======'machine_var_audits_switches_s_right_flipper'====== Args={'value': 1201, 'prev_value': 1200, 'change': 1}
2023-02-03 02:48:57,627 : EventManager : Event: ======'machine_var_audits_switches_s_right_flipper'====== Args={'value': 1202, 'prev_value': 1201, 'change': 1}
2023-02-03 02:49:00,200 : EventManager : Event: ======'machine_var_audits_switches_s_right_flipper'====== Args={'value': 1203, 'prev_value': 1202, 'change': 1}
2023-02-03 02:49:01,503 : EventManager : Event: ======'machine_var_audits_switches_s_left_flipper'====== Args={'value': 1200, 'prev_value': 1199, 'change': 1}
2023-02-03 02:49:01,901 : EventManager : Event: ======'machine_var_audits_switches_s_right_flipper'====== Args={'value': 1204, 'prev_value': 1203, 'change': 1}
2023-02-03 02:49:04,387 : EventManager : Event: ======'machine_var_audits_switches_s_right_flipper'====== Args={'value': 1205, 'prev_value': 1204, 'change': 1}
2023-02-03 02:49:05,638 : EventManager : Event: ======'machine_var_audits_switches_s_right_flipper'====== Args={'value': 1206, 'prev_value': 1205, 'change': 1}
2023-02-03 02:49:06,674 : EventManager : Event: ======'machine_var_audits_switches_s_right_flipper'====== Args={'value': 1207, 'prev_value': 1206, 'change': 1}
2023-02-03 02:49:07,777 : EventManager : Event: ======'machine_var_audits_switches_s_right_flipper'====== Args={'value': 1208, 'prev_value': 1207, 'change': 1}
2023-02-03 02:49:08,709 : EventManager : Event: ======'machine_var_audits_switches_s_left_slingshot'====== Args={'value': 182, 'prev_value': 181, 'change': 1}
2023-02-03 02:49:09,972 : EventManager : Event: ======'machine_var_audits_switches_s_left_slingshot'====== Args={'value': 183, 'prev_value': 182, 'change': 1}
2023-02-03 02:49:10,106 : EventManager : Event: ======'machine_var_audits_switches_s_right_slingshot'====== Args={'value': 186, 'prev_value': 185, 'change': 1}
2023-02-03 02:49:13,104 : EventManager : Event: ======'machine_var_audits_switches_s_left_flipper'====== Args={'value': 1201, 'prev_value': 1200, 'change': 1}
2023-02-03 02:49:15,784 : EventManager : Event: ======'machine_var_audits_switches_s_left_flipper'====== Args={'value': 1202, 'prev_value': 1201, 'change': 1}
2023-02-03 02:49:16,660 : EventManager : Event: ======'machine_var_audits_switches_s_left_slingshot'====== Args={'value': 184, 'prev_value': 183, 'change': 1}
2023-02-03 02:49:17,855 : EventManager : Event: ======'machine_var_audits_switches_s_right_flipper'====== Args={'value': 1209, 'prev_value': 1208, 'change': 1}
2023-02-03 02:49:18,658 : EventManager : Event: ======'machine_var_audits_switches_s_right_flipper'====== Args={'value': 1210, 'prev_value': 1209, 'change': 1}
2023-02-03 02:49:20,455 : EventManager : Event: ======'machine_var_audits_switches_s_right_flipper'====== Args={'value': 1211, 'prev_value': 1210, 'change': 1}
2023-02-03 02:49:21,773 : EventManager : Event: ======'machine_var_audits_switches_s_left_flipper'====== Args={'value': 1203, 'prev_value': 1202, 'change': 1}
2023-02-03 02:49:24,251 : EventManager : Event: ======'machine_var_audits_switches_s_right_flipper'====== Args={'value': 1212, 'prev_value': 1211, 'change': 1}
2023-02-03 02:49:24,374 : EventManager : Event: ======'machine_var_audits_switches_s_left_flipper'====== Args={'value': 1204, 'prev_value': 1203, 'change': 1}
2023-02-03 02:49:26,007 : EventManager : Event: ======'machine_var_audits_switches_s_left_flipper'====== Args={'value': 1205, 'prev_value': 1204, 'change': 1}
2023-02-03 02:49:27,482 : EventManager : Event: ======'machine_var_audits_switches_s_left_flipper'====== Args={'value': 1206, 'prev_value': 1205, 'change': 1}
2023-02-03 02:49:30,105 : EventManager : Event: ======'machine_var_audits_switches_s_right_flipper'====== Args={'value': 1213, 'prev_value': 1212, 'change': 1}
2023-02-03 02:49:31,188 : EventManager : Event: ======'machine_var_audits_switches_s_right_flipper'====== Args={'value': 1214, 'prev_value': 1213, 'change': 1}
2023-02-03 02:49:31,931 : EventManager : Event: ======'machine_var_audits_switches_s_left_flipper'====== Args={'value': 1207, 'prev_value': 1206, 'change': 1}
2023-02-03 02:49:33,543 : EventManager : Event: ======'machine_var_audits_switches_s_left_flipper'====== Args={'value': 1208, 'prev_value': 1207, 'change': 1}
2023-02-03 02:49:34,900 : EventManager : Event: ======'machine_var_audits_switches_s_right_flipper'====== Args={'value': 1215, 'prev_value': 1214, 'change': 1}
2023-02-03 02:49:35,346 : EventManager : Event: ======'machine_var_audits_switches_s_right_flipper'====== Args={'value': 1216, 'prev_value': 1215, 'change': 1}
2023-02-03 02:49:40,605 : EventManager : Event: ======'machine_var_audits_switches_s_right_flipper'====== Args={'value': 1217, 'prev_value': 1216, 'change': 1}
2023-02-03 02:49:41,890 : EventManager : Event: ======'machine_var_audits_switches_s_right_flipper'====== Args={'value': 1218, 'prev_value': 1217, 'change': 1}
2023-02-03 02:49:45,186 : EventManager : Event: ======'machine_var_audits_switches_s_right_flipper'====== Args={'value': 1219, 'prev_value': 1218, 'change': 1}
2023-02-03 02:49:47,695 : EventManager : Event: ======'machine_var_audits_switches_s_right_flipper'====== Args={'value': 1220, 'prev_value': 1219, 'change': 1}
2023-02-03 02:49:49,998 : EventManager : Event: ======'machine_var_audits_switches_s_right_flipper'====== Args={'value': 1221, 'prev_value': 1220, 'change': 1}
2023-02-03 02:49:50,727 : EventManager : Event: ======'machine_var_audits_switches_s_left_slingshot'====== Args={'value': 185, 'prev_value': 184, 'change': 1}
2023-02-03 02:49:51,572 : EventManager : Event: ======'machine_var_audits_switches_s_right_flipper'====== Args={'value': 1222, 'prev_value': 1221, 'change': 1}
2023-02-03 02:49:53,058 : EventManager : Event: ======'machine_var_audits_switches_s_right_flipper'====== Args={'value': 1223, 'prev_value': 1222, 'change': 1}
2023-02-03 02:49:54,641 : EventManager : Event: ======'machine_var_audits_switches_s_right_flipper'====== Args={'value': 1224, 'prev_value': 1223, 'change': 1}
2023-02-03 02:49:56,770 : EventManager : Event: ======'machine_var_audits_switches_s_left_flipper'====== Args={'value': 1209, 'prev_value': 1208, 'change': 1}
2023-02-03 02:50:00,016 : EventManager : Event: ======'machine_var_audits_switches_s_right_flipper'====== Args={'value': 1225, 'prev_value': 1224, 'change': 1}
2023-02-03 02:50:02,262 : EventManager : Event: ======'machine_var_audits_switches_s_left_flipper'====== Args={'value': 1210, 'prev_value': 1209, 'change': 1}
2023-02-03 02:50:04,511 : EventManager : Event: ======'machine_var_audits_switches_s_right_flipper'====== Args={'value': 1226, 'prev_value': 1225, 'change': 1}
2023-02-03 02:50:05,054 : EventManager : Event: ======'machine_var_audits_switches_s_scoop_lower'====== Args={'value': 152, 'prev_value': 151, 'change': 1}
2023-02-03 02:50:06,397 : EventManager : Event: ======'machine_var_audits_switches_s_left_flipper'====== Args={'value': 1211, 'prev_value': 1210, 'change': 1}
2023-02-03 02:50:09,143 : EventManager : Event: ======'machine_var_audits_switches_s_right_flipper'====== Args={'value': 1227, 'prev_value': 1226, 'change': 1}
2023-02-03 02:50:10,093 : EventManager : Event: ======'machine_var_audits_switches_s_right_flipper'====== Args={'value': 1228, 'prev_value': 1227, 'change': 1}
2023-02-03 02:50:11,705 : EventManager : Event: ======'machine_var_audits_switches_s_right_flipper'====== Args={'value': 1229, 'prev_value': 1228, 'change': 1}
2023-02-03 02:50:11,817 : EventManager : Event: ======'machine_var_audits_switches_s_left_slingshot'====== Args={'value': 186, 'prev_value': 185, 'change': 1}
2023-02-03 02:50:12,281 : EventManager : Event: ======'machine_var_audits_switches_s_pop_mid'====== Args={'value': 245, 'prev_value': 244, 'change': 1}
2023-02-03 02:50:12,469 : EventManager : Event: ======'machine_var_audits_switches_s_pop_mid'====== Args={'value': 246, 'prev_value': 245, 'change': 1}
2023-02-03 02:50:16,751 : EventManager : Event: ======'machine_var_audits_switches_s_right_flipper'====== Args={'value': 1230, 'prev_value': 1229, 'change': 1}
2023-02-03 02:50:19,540 : EventManager : Event: ======'machine_var_audits_switches_s_right_flipper'====== Args={'value': 1231, 'prev_value': 1230, 'change': 1}
2023-02-03 02:50:22,982 : EventManager : Event: ======'machine_var_audits_switches_s_right_flipper'====== Args={'value': 1232, 'prev_value': 1231, 'change': 1}
2023-02-03 02:50:24,410 : EventManager : Event: ======'machine_var_audits_switches_s_right_flipper'====== Args={'value': 1233, 'prev_value': 1232, 'change': 1}
2023-02-03 02:50:24,521 : EventManager : Event: ======'machine_var_audits_switches_s_left_slingshot'====== Args={'value': 187, 'prev_value': 186, 'change': 1}
2023-02-03 02:50:27,657 : EventManager : Event: ======'machine_var_audits_switches_s_right_flipper'====== Args={'value': 1234, 'prev_value': 1233, 'change': 1}
2023-02-03 02:50:28,738 : EventManager : Event: ======'machine_var_audits_switches_s_right_flipper'====== Args={'value': 1235, 'prev_value': 1234, 'change': 1}
2023-02-03 02:50:30,648 : EventManager : Event: ======'machine_var_audits_switches_s_left_flipper'====== Args={'value': 1212, 'prev_value': 1211, 'change': 1}
2023-02-03 02:50:31,554 : EventManager : Event: ======'machine_var_audits_switches_s_left_slingshot'====== Args={'value': 188, 'prev_value': 187, 'change': 1}
2023-02-03 02:50:50,388 : EventManager : Event: ======'machine_var_audits_switches_s_right_flipper'====== Args={'value': 1236, 'prev_value': 1235, 'change': 1}
2023-02-03 02:50:51,090 : EventManager : Event: ======'machine_var_audits_switches_s_pop_bot'====== Args={'value': 259, 'prev_value': 258, 'change': 1}
2023-02-03 02:50:55,181 : EventManager : Event: ======'machine_var_audits_switches_s_pop_mid'====== Args={'value': 247, 'prev_value': 246, 'change': 1}
2023-02-03 02:50:59,365 : EventManager : Event: ======'machine_var_audits_switches_s_right_flipper'====== Args={'value': 1237, 'prev_value': 1236, 'change': 1}
2023-02-03 02:51:00,706 : EventManager : Event: ======'machine_var_audits_switches_s_right_flipper'====== Args={'value': 1238, 'prev_value': 1237, 'change': 1}
2023-02-03 02:51:04,084 : EventManager : Event: ======'machine_var_audits_switches_s_right_flipper'====== Args={'value': 1239, 'prev_value': 1238, 'change': 1}
2023-02-03 02:51:05,486 : EventManager : Event: ======'machine_var_audits_switches_s_right_flipper'====== Args={'value': 1240, 'prev_value': 1239, 'change': 1}
2023-02-03 02:51:05,584 : EventManager : Event: ======'machine_var_audits_switches_s_left_slingshot'====== Args={'value': 189, 'prev_value': 188, 'change': 1}
2023-02-03 02:51:06,917 : EventManager : Event: ======'machine_var_audits_switches_s_left_flipper'====== Args={'value': 1213, 'prev_value': 1212, 'change': 1}
2023-02-03 02:51:08,007 : EventManager : Event: ======'machine_var_audits_switches_s_right_flipper'====== Args={'value': 1241, 'prev_value': 1240, 'change': 1}
2023-02-03 02:51:10,532 : EventManager : Event: ======'machine_var_audits_switches_s_left_flipper'====== Args={'value': 1214, 'prev_value': 1213, 'change': 1}
2023-02-03 02:51:11,477 : EventManager : Event: ======'machine_var_audits_switches_s_trough1'====== Args={'value': 186, 'prev_value': 185, 'change': 1}
2023-02-03 02:51:11,539 : EventManager : Event: ======'machine_var_audits_switches_s_trough1'====== Args={'value': 187, 'prev_value': 186, 'change': 1}
2023-02-03 02:51:12,045 : EventManager : Event: ======'player_ball'====== Args={'value': 2, 'prev_value': 1, 'change': 1, 'player_num': 1}
2023-02-03 02:51:12,581 : EventManager : Event: ======'slides_play'====== Args={'settings': {'widgets': {'widgets': [{'type': 'text', 'text': 'PLAYER (number) BALL (ball)', '_default_settings': ['type', 'text'], 'x': None, 'y': None, 'anchor_x': 'center', 'anchor_y': 'center', 'round_anchor_x': None, 'round_anchor_y': None, 'opacity': 1.0, 'z': 0, 'reset_animations_events': {}, 'color': [1.0, 1.0, 1.0, 1.0], 'style': [], 'adjust_top': 0, 'adjust_bottom': 0, 'adjust_left': 0, 'adjust_right': 0, 'expire': None, 'key': None, 'widget': None, 'events_when_added': [], 'events_when_removed': [], 'font_size': 15, 'bitmap_font': False, 'font_kerning': True, 'bold': False, 'italic': False, 'number_grouping': False, 'min_digits': 0, 'halign': 'center', 'valign': 'middle', 'rotation': 0, 'scale': 1.0, 'casing': None, 'animations': None}], 'target': None, 'background_color': [0.0, 0.0, 0.0, 1.0], 'priority': None, 'show': True, 'force': False, 'expire': None, 'slide': None, 'tokens': {}, 'action': 'play'}}, 'context': '_global', 'calling_context': 'ball_started', 'priority': 0, 'player': 1, 'ball': 2, 'balls_remaining': 1, 'is_extra_ball': False}
2023-02-03 02:51:12,581 : mpfmc : SlidePlayer: Play called with settings={'widgets': {'widgets': [{'type': 'text', 'text': 'PLAYER (number) BALL (ball)', '_default_settings': ['type', 'text'], 'x': None, 'y': None, 'anchor_x': 'center', 'anchor_y': 'center', 'round_anchor_x': None, 'round_anchor_y': None, 'opacity': 1.0, 'z': 0, 'reset_animations_events': {}, 'color': [1.0, 1.0, 1.0, 1.0], 'style': [], 'adjust_top': 0, 'adjust_bottom': 0, 'adjust_left': 0, 'adjust_right': 0, 'expire': None, 'key': None, 'widget': None, 'events_when_added': [], 'events_when_removed': [], 'font_size': 15, 'bitmap_font': False, 'font_kerning': True, 'bold': False, 'italic': False, 'number_grouping': False, 'min_digits': 0, 'halign': 'center', 'valign': 'middle', 'rotation': 0, 'scale': 1.0, 'casing': None, 'animations': None}], 'target': None, 'background_color': [0.0, 0.0, 0.0, 1.0], 'priority': None, 'show': True, 'force': False, 'expire': None, 'slide': None, 'tokens': {}, 'action': 'play'}}
2023-02-03 02:51:12,581 : EventManager : Event: ======'slide__global.slide_player-ball_started_removed'====== Args={}
2023-02-03 02:51:12,585 : EventManager : Event: ======'slide__global.slide_player-ball_started_created'====== Args={}
2023-02-03 02:51:12,587 : EventManager : Event: ======'slide__global.slide_player-ball_started_active'====== Args={}
2023-02-03 02:51:17,890 : EventManager : Event: ======'machine_var_audits_switches_s_right_flipper'====== Args={'value': 1242, 'prev_value': 1241, 'change': 1}
2023-02-03 02:51:19,370 : EventManager : Event: ======'machine_var_audits_switches_s_right_flipper'====== Args={'value': 1243, 'prev_value': 1242, 'change': 1}
2023-02-03 02:51:20,883 : EventManager : Event: ======'machine_var_audits_switches_s_right_flipper'====== Args={'value': 1244, 'prev_value': 1243, 'change': 1}
2023-02-03 02:51:22,204 : EventManager : Event: ======'machine_var_audits_switches_s_right_flipper'====== Args={'value': 1245, 'prev_value': 1244, 'change': 1}
2023-02-03 02:51:23,319 : EventManager : Event: ======'machine_var_audits_switches_s_left_flipper'====== Args={'value': 1215, 'prev_value': 1214, 'change': 1}
2023-02-03 02:51:23,712 : EventManager : Event: ======'machine_var_audits_switches_s_pop_bot'====== Args={'value': 260, 'prev_value': 259, 'change': 1}
2023-02-03 02:51:24,404 : EventManager : Event: ======'machine_var_audits_switches_s_left_flipper'====== Args={'value': 1216, 'prev_value': 1215, 'change': 1}
2023-02-03 02:51:24,540 : EventManager : Event: ======'machine_var_audits_switches_s_right_slingshot'====== Args={'value': 187, 'prev_value': 186, 'change': 1}
2023-02-03 02:51:26,037 : EventManager : Event: ======'machine_var_audits_switches_s_left_flipper'====== Args={'value': 1217, 'prev_value': 1216, 'change': 1}
2023-02-03 02:51:28,231 : EventManager : Event: ======'machine_var_audits_switches_s_left_flipper'====== Args={'value': 1218, 'prev_value': 1217, 'change': 1}
2023-02-03 02:51:29,775 : EventManager : Event: ======'machine_var_audits_switches_s_left_flipper'====== Args={'value': 1219, 'prev_value': 1218, 'change': 1}
2023-02-03 02:51:31,387 : EventManager : Event: ======'machine_var_audits_switches_s_right_flipper'====== Args={'value': 1246, 'prev_value': 1245, 'change': 1}
2023-02-03 02:51:31,807 : EventManager : Event: ======'machine_var_audits_switches_s_right_flipper'====== Args={'value': 1247, 'prev_value': 1246, 'change': 1}
2023-02-03 02:51:33,829 : EventManager : Event: ======'machine_var_audits_switches_s_left_flipper'====== Args={'value': 1220, 'prev_value': 1219, 'change': 1}
2023-02-03 02:51:35,307 : EventManager : Event: ======'machine_var_audits_switches_s_right_flipper'====== Args={'value': 1248, 'prev_value': 1247, 'change': 1}
2023-02-03 02:51:37,037 : EventManager : Event: ======'machine_var_audits_switches_s_right_flipper'====== Args={'value': 1249, 'prev_value': 1248, 'change': 1}
2023-02-03 02:51:38,062 : EventManager : Event: ======'machine_var_audits_switches_s_left_slingshot'====== Args={'value': 190, 'prev_value': 189, 'change': 1}
2023-02-03 02:51:38,184 : EventManager : Event: ======'machine_var_audits_switches_s_right_slingshot'====== Args={'value': 188, 'prev_value': 187, 'change': 1}
2023-02-03 02:51:39,694 : EventManager : Event: ======'machine_var_audits_switches_s_left_flipper'====== Args={'value': 1221, 'prev_value': 1220, 'change': 1}
2023-02-03 02:51:40,897 : EventManager : Event: ======'machine_var_audits_switches_s_left_flipper'====== Args={'value': 1222, 'prev_value': 1221, 'change': 1}
2023-02-03 02:51:43,580 : EventManager : Event: ======'machine_var_audits_switches_s_right_flipper'====== Args={'value': 1250, 'prev_value': 1249, 'change': 1}
2023-02-03 02:51:44,920 : EventManager : Event: ======'machine_var_audits_switches_s_right_flipper'====== Args={'value': 1251, 'prev_value': 1250, 'change': 1}
2023-02-03 02:51:46,274 : EventManager : Event: ======'machine_var_audits_switches_s_right_flipper'====== Args={'value': 1252, 'prev_value': 1251, 'change': 1}
2023-02-03 02:51:47,212 : EventManager : Event: ======'machine_var_audits_switches_s_left_flipper'====== Args={'value': 1223, 'prev_value': 1222, 'change': 1}
2023-02-03 02:51:48,941 : EventManager : Event: ======'machine_var_audits_switches_s_left_flipper'====== Args={'value': 1224, 'prev_value': 1223, 'change': 1}
2023-02-03 02:51:50,502 : EventManager : Event: ======'machine_var_audits_switches_s_left_flipper'====== Args={'value': 1225, 'prev_value': 1224, 'change': 1}
2023-02-03 02:51:53,155 : EventManager : Event: ======'machine_var_audits_switches_s_right_flipper'====== Args={'value': 1253, 'prev_value': 1252, 'change': 1}
2023-02-03 02:51:54,606 : EventManager : Event: ======'machine_var_audits_switches_s_right_flipper'====== Args={'value': 1254, 'prev_value': 1253, 'change': 1}
2023-02-03 02:51:54,694 : EventManager : Event: ======'machine_var_audits_switches_s_left_slingshot'====== Args={'value': 191, 'prev_value': 190, 'change': 1}
2023-02-03 02:51:56,074 : EventManager : Event: ======'machine_var_audits_switches_s_left_flipper'====== Args={'value': 1226, 'prev_value': 1225, 'change': 1}
2023-02-03 02:51:57,418 : EventManager : Event: ======'machine_var_audits_switches_s_right_flipper'====== Args={'value': 1255, 'prev_value': 1254, 'change': 1}
2023-02-03 02:51:59,309 : EventManager : Event: ======'machine_var_audits_switches_s_left_flipper'====== Args={'value': 1227, 'prev_value': 1226, 'change': 1}
2023-02-03 02:51:59,735 : EventManager : Event: ======'machine_var_audits_switches_s_left_flipper'====== Args={'value': 1228, 'prev_value': 1227, 'change': 1}
2023-02-03 02:52:01,631 : EventManager : Event: ======'machine_var_audits_switches_s_left_flipper'====== Args={'value': 1229, 'prev_value': 1228, 'change': 1}
2023-02-03 02:52:03,021 : EventManager : Event: ======'machine_var_audits_switches_s_right_flipper'====== Args={'value': 1256, 'prev_value': 1255, 'change': 1}
2023-02-03 02:52:05,107 : EventManager : Event: ======'machine_var_audits_switches_s_left_flipper'====== Args={'value': 1230, 'prev_value': 1229, 'change': 1}
2023-02-03 02:52:12,762 : EventManager : Event: ======'machine_var_audits_switches_s_right_flipper'====== Args={'value': 1257, 'prev_value': 1256, 'change': 1}
2023-02-03 02:52:14,481 : EventManager : Event: ======'machine_var_audits_switches_s_right_flipper'====== Args={'value': 1258, 'prev_value': 1257, 'change': 1}
2023-02-03 02:52:15,235 : EventManager : Event: ======'machine_var_audits_switches_s_right_flipper'====== Args={'value': 1259, 'prev_value': 1258, 'change': 1}
2023-02-03 02:52:17,410 : EventManager : Event: ======'machine_var_audits_switches_s_left_flipper'====== Args={'value': 1231, 'prev_value': 1230, 'change': 1}
2023-02-03 02:52:19,302 : EventManager : Event: ======'machine_var_audits_switches_s_left_flipper'====== Args={'value': 1232, 'prev_value': 1231, 'change': 1}
2023-02-03 02:52:20,873 : EventManager : Event: ======'machine_var_audits_switches_s_left_slingshot'====== Args={'value': 192, 'prev_value': 191, 'change': 1}
2023-02-03 02:52:22,315 : EventManager : Event: ======'machine_var_audits_switches_s_left_flipper'====== Args={'value': 1233, 'prev_value': 1232, 'change': 1}
2023-02-03 02:52:23,844 : EventManager : Event: ======'machine_var_audits_switches_s_left_flipper'====== Args={'value': 1234, 'prev_value': 1233, 'change': 1}
2023-02-03 02:52:32,418 : EventManager : Event: ======'machine_var_audits_switches_s_right_flipper'====== Args={'value': 1260, 'prev_value': 1259, 'change': 1}
2023-02-03 02:52:34,043 : EventManager : Event: ======'machine_var_audits_switches_s_right_flipper'====== Args={'value': 1261, 'prev_value': 1260, 'change': 1}
2023-02-03 02:52:39,295 : EventManager : Event: ======'machine_var_audits_switches_s_right_flipper'====== Args={'value': 1262, 'prev_value': 1261, 'change': 1}
2023-02-03 02:52:41,104 : EventManager : Event: ======'machine_var_audits_switches_s_right_flipper'====== Args={'value': 1263, 'prev_value': 1262, 'change': 1}
2023-02-03 02:52:42,721 : EventManager : Event: ======'machine_var_audits_switches_s_right_flipper'====== Args={'value': 1264, 'prev_value': 1263, 'change': 1}
2023-02-03 02:52:44,652 : EventManager : Event: ======'machine_var_audits_switches_s_right_flipper'====== Args={'value': 1265, 'prev_value': 1264, 'change': 1}
2023-02-03 02:52:46,894 : EventManager : Event: ======'machine_var_audits_switches_s_right_flipper'====== Args={'value': 1266, 'prev_value': 1265, 'change': 1}
2023-02-03 02:52:47,303 : EventManager : Event: ======'machine_var_audits_switches_s_left_flipper'====== Args={'value': 1235, 'prev_value': 1234, 'change': 1}
2023-02-03 02:52:48,711 : EventManager : Event: ======'machine_var_audits_switches_s_right_flipper'====== Args={'value': 1267, 'prev_value': 1266, 'change': 1}
2023-02-03 02:52:50,656 : EventManager : Event: ======'machine_var_audits_switches_s_left_flipper'====== Args={'value': 1236, 'prev_value': 1235, 'change': 1}
2023-02-03 02:52:52,645 : EventManager : Event: ======'machine_var_audits_switches_s_left_flipper'====== Args={'value': 1237, 'prev_value': 1236, 'change': 1}
2023-02-03 02:52:53,523 : EventManager : Event: ======'machine_var_audits_switches_s_right_flipper'====== Args={'value': 1268, 'prev_value': 1267, 'change': 1}
2023-02-03 02:52:55,086 : EventManager : Event: ======'machine_var_audits_switches_s_left_flipper'====== Args={'value': 1238, 'prev_value': 1237, 'change': 1}
2023-02-03 02:52:56,324 : EventManager : Event: ======'machine_var_audits_switches_s_trough1'====== Args={'value': 188, 'prev_value': 187, 'change': 1}
2023-02-03 02:52:56,360 : EventManager : Event: ======'machine_var_audits_switches_s_trough1'====== Args={'value': 189, 'prev_value': 188, 'change': 1}
2023-02-03 02:52:56,909 : EventManager : Event: ======'player_ball'====== Args={'value': 3, 'prev_value': 2, 'change': 1, 'player_num': 1}
2023-02-03 02:52:57,438 : EventManager : Event: ======'slides_play'====== Args={'settings': {'widgets': {'widgets': [{'type': 'text', 'text': 'PLAYER (number) BALL (ball)', '_default_settings': ['type', 'text'], 'x': None, 'y': None, 'anchor_x': 'center', 'anchor_y': 'center', 'round_anchor_x': None, 'round_anchor_y': None, 'opacity': 1.0, 'z': 0, 'reset_animations_events': {}, 'color': [1.0, 1.0, 1.0, 1.0], 'style': [], 'adjust_top': 0, 'adjust_bottom': 0, 'adjust_left': 0, 'adjust_right': 0, 'expire': None, 'key': None, 'widget': None, 'events_when_added': [], 'events_when_removed': [], 'font_size': 15, 'bitmap_font': False, 'font_kerning': True, 'bold': False, 'italic': False, 'number_grouping': False, 'min_digits': 0, 'halign': 'center', 'valign': 'middle', 'rotation': 0, 'scale': 1.0, 'casing': None, 'animations': None}], 'target': None, 'background_color': [0.0, 0.0, 0.0, 1.0], 'priority': None, 'show': True, 'force': False, 'expire': None, 'slide': None, 'tokens': {}, 'action': 'play'}}, 'context': '_global', 'calling_context': 'ball_started', 'priority': 0, 'player': 1, 'ball': 3, 'balls_remaining': 0, 'is_extra_ball': False}
2023-02-03 02:52:57,438 : mpfmc : SlidePlayer: Play called with settings={'widgets': {'widgets': [{'type': 'text', 'text': 'PLAYER (number) BALL (ball)', '_default_settings': ['type', 'text'], 'x': None, 'y': None, 'anchor_x': 'center', 'anchor_y': 'center', 'round_anchor_x': None, 'round_anchor_y': None, 'opacity': 1.0, 'z': 0, 'reset_animations_events': {}, 'color': [1.0, 1.0, 1.0, 1.0], 'style': [], 'adjust_top': 0, 'adjust_bottom': 0, 'adjust_left': 0, 'adjust_right': 0, 'expire': None, 'key': None, 'widget': None, 'events_when_added': [], 'events_when_removed': [], 'font_size': 15, 'bitmap_font': False, 'font_kerning': True, 'bold': False, 'italic': False, 'number_grouping': False, 'min_digits': 0, 'halign': 'center', 'valign': 'middle', 'rotation': 0, 'scale': 1.0, 'casing': None, 'animations': None}], 'target': None, 'background_color': [0.0, 0.0, 0.0, 1.0], 'priority': None, 'show': True, 'force': False, 'expire': None, 'slide': None, 'tokens': {}, 'action': 'play'}}
2023-02-03 02:52:57,439 : EventManager : Event: ======'slide__global.slide_player-ball_started_removed'====== Args={}
2023-02-03 02:52:57,442 : EventManager : Event: ======'slide__global.slide_player-ball_started_created'====== Args={}
2023-02-03 02:52:57,444 : EventManager : Event: ======'slide__global.slide_player-ball_started_active'====== Args={}
2023-02-03 02:53:02,363 : EventManager : Event: ======'machine_var_audits_switches_s_right_flipper'====== Args={'value': 1269, 'prev_value': 1268, 'change': 1}
2023-02-03 02:53:03,673 : EventManager : Event: ======'machine_var_audits_switches_s_right_flipper'====== Args={'value': 1270, 'prev_value': 1269, 'change': 1}
2023-02-03 02:53:04,966 : EventManager : Event: ======'machine_var_audits_switches_s_right_flipper'====== Args={'value': 1271, 'prev_value': 1270, 'change': 1}
2023-02-03 02:53:06,635 : EventManager : Event: ======'machine_var_audits_switches_s_right_flipper'====== Args={'value': 1272, 'prev_value': 1271, 'change': 1}
2023-02-03 02:53:08,399 : EventManager : Event: ======'machine_var_audits_switches_s_right_flipper'====== Args={'value': 1273, 'prev_value': 1272, 'change': 1}
2023-02-03 02:53:09,678 : EventManager : Event: ======'machine_var_audits_switches_s_right_flipper'====== Args={'value': 1274, 'prev_value': 1273, 'change': 1}
2023-02-03 02:53:11,624 : EventManager : Event: ======'machine_var_audits_switches_s_right_flipper'====== Args={'value': 1275, 'prev_value': 1274, 'change': 1}
2023-02-03 02:53:13,133 : EventManager : Event: ======'machine_var_audits_switches_s_right_flipper'====== Args={'value': 1276, 'prev_value': 1275, 'change': 1}
2023-02-03 02:53:14,621 : EventManager : Event: ======'machine_var_audits_switches_s_right_flipper'====== Args={'value': 1277, 'prev_value': 1276, 'change': 1}
2023-02-03 02:53:16,785 : EventManager : Event: ======'machine_var_audits_switches_s_right_flipper'====== Args={'value': 1278, 'prev_value': 1277, 'change': 1}
2023-02-03 02:53:18,190 : EventManager : Event: ======'machine_var_audits_switches_s_right_flipper'====== Args={'value': 1279, 'prev_value': 1278, 'change': 1}
2023-02-03 02:53:26,704 : EventManager : Event: ======'machine_var_audits_switches_s_left_flipper'====== Args={'value': 1239, 'prev_value': 1238, 'change': 1}
2023-02-03 02:53:28,067 : EventManager : Event: ======'machine_var_audits_switches_s_left_flipper'====== Args={'value': 1240, 'prev_value': 1239, 'change': 1}
2023-02-03 02:53:31,515 : EventManager : Event: ======'machine_var_audits_switches_s_left_flipper'====== Args={'value': 1241, 'prev_value': 1240, 'change': 1}
2023-02-03 02:53:35,000 : EventManager : Event: ======'machine_var_audits_switches_s_left_flipper'====== Args={'value': 1242, 'prev_value': 1241, 'change': 1}
2023-02-03 02:53:38,982 : EventManager : Event: ======'machine_var_audits_switches_s_left_flipper'====== Args={'value': 1243, 'prev_value': 1242, 'change': 1}
2023-02-03 02:53:42,207 : EventManager : Event: ======'machine_var_audits_switches_s_left_flipper'====== Args={'value': 1244, 'prev_value': 1243, 'change': 1}
2023-02-03 02:53:44,102 : EventManager : Event: ======'machine_var_audits_switches_s_right_flipper'====== Args={'value': 1280, 'prev_value': 1279, 'change': 1}
2023-02-03 02:53:45,136 : EventManager : Event: ======'machine_var_audits_switches_s_right_flipper'====== Args={'value': 1281, 'prev_value': 1280, 'change': 1}
2023-02-03 02:53:57,285 : EventManager : Event: ======'machine_var_audits_switches_s_right_flipper'====== Args={'value': 1282, 'prev_value': 1281, 'change': 1}
2023-02-03 02:53:59,979 : EventManager : Event: ======'machine_var_audits_switches_s_right_flipper'====== Args={'value': 1283, 'prev_value': 1282, 'change': 1}
2023-02-03 02:54:01,327 : EventManager : Event: ======'machine_var_audits_switches_s_right_flipper'====== Args={'value': 1284, 'prev_value': 1283, 'change': 1}
2023-02-03 02:54:04,081 : EventManager : Event: ======'machine_var_audits_switches_s_right_flipper'====== Args={'value': 1285, 'prev_value': 1284, 'change': 1}
2023-02-03 02:54:07,350 : EventManager : Event: ======'machine_var_audits_switches_s_right_flipper'====== Args={'value': 1286, 'prev_value': 1285, 'change': 1}
2023-02-03 02:54:08,177 : EventManager : Event: ======'machine_var_audits_switches_s_left_flipper'====== Args={'value': 1245, 'prev_value': 1244, 'change': 1}
2023-02-03 02:54:13,625 : EventManager : Event: ======'machine_var_audits_switches_s_right_flipper'====== Args={'value': 1287, 'prev_value': 1286, 'change': 1}
2023-02-03 02:54:15,349 : EventManager : Event: ======'machine_var_audits_switches_s_right_flipper'====== Args={'value': 1288, 'prev_value': 1287, 'change': 1}
2023-02-03 02:54:19,600 : EventManager : Event: ======'machine_var_audits_switches_s_right_flipper'====== Args={'value': 1289, 'prev_value': 1288, 'change': 1}
2023-02-03 02:54:23,895 : EventManager : Event: ======'machine_var_audits_switches_s_right_flipper'====== Args={'value': 1290, 'prev_value': 1289, 'change': 1}
2023-02-03 02:54:24,216 : EventManager : Event: ======'machine_var_audits_switches_s_pop_mid'====== Args={'value': 248, 'prev_value': 247, 'change': 1}
2023-02-03 02:54:28,159 : EventManager : Event: ======'machine_var_audits_switches_s_pop_mid'====== Args={'value': 249, 'prev_value': 248, 'change': 1}
2023-02-03 02:54:31,332 : EventManager : Event: ======'machine_var_audits_switches_s_right_flipper'====== Args={'value': 1291, 'prev_value': 1290, 'change': 1}
2023-02-03 02:54:35,947 : EventManager : Event: ======'machine_var_audits_switches_s_right_flipper'====== Args={'value': 1292, 'prev_value': 1291, 'change': 1}
2023-02-03 02:54:38,492 : EventManager : Event: ======'machine_var_audits_switches_s_right_flipper'====== Args={'value': 1293, 'prev_value': 1292, 'change': 1}
2023-02-03 02:54:44,712 : EventManager : Event: ======'machine_var_audits_switches_s_right_flipper'====== Args={'value': 1294, 'prev_value': 1293, 'change': 1}
2023-02-03 02:55:31,592 : EventManager : Event: ======'machine_var_audits_switches_s_right_flipper'====== Args={'value': 1295, 'prev_value': 1294, 'change': 1}
2023-02-03 02:55:33,650 : EventManager : Event: ======'machine_var_audits_switches_s_right_flipper'====== Args={'value': 1296, 'prev_value': 1295, 'change': 1}
2023-02-03 02:55:40,872 : EventManager : Event: ======'machine_var_audits_switches_s_right_flipper'====== Args={'value': 1297, 'prev_value': 1296, 'change': 1}
2023-02-03 02:55:43,205 : EventManager : Event: ======'machine_var_audits_switches_s_right_flipper'====== Args={'value': 1298, 'prev_value': 1297, 'change': 1}
2023-02-03 02:56:31,717 : EventManager : Event: ======'machine_var_audits_switches_s_startButton'====== Args={'value': 7, 'prev_value': 6, 'change': 1}
2023-02-03 02:56:35,236 : EventManager : Event: ======'machine_var_audits_switches_s_right_flipper'====== Args={'value': 1299, 'prev_value': 1298, 'change': 1}
2023-02-03 02:56:39,251 : EventManager : Event: ======'machine_var_audits_switches_s_right_flipper'====== Args={'value': 1300, 'prev_value': 1299, 'change': 1}
2023-02-03 02:56:40,065 : EventManager : Event: ======'machine_var_audits_switches_s_pop_bot'====== Args={'value': 261, 'prev_value': 260, 'change': 1}
2023-02-03 02:56:40,784 : EventManager : Event: ======'machine_var_audits_switches_s_right_flipper'====== Args={'value': 1301, 'prev_value': 1300, 'change': 1}
2023-02-03 02:56:43,368 : EventManager : Event: ======'machine_var_audits_switches_s_right_flipper'====== Args={'value': 1302, 'prev_value': 1301, 'change': 1}
2023-02-03 02:56:46,146 : EventManager : Event: ======'machine_var_audits_switches_s_right_flipper'====== Args={'value': 1303, 'prev_value': 1302, 'change': 1}
