2023-01-25 09:24:13,227 : INFO : root : Loading config.
2023-01-25 09:24:13,243 : INFO : YamlMultifileConfigLoader : Machine config file #1: config.yaml
2023-01-25 09:24:13,243 : WARNING : ConfigProcessor : Config file in cache changed: C:\pinball\my_machine\config\config.yaml
2023-01-25 09:24:13,243 : INFO : ConfigProcessor : Loading config from file C:\Users\ruben\.local\pipx\venvs\mpf\lib\site-packages\mpf\mpfconfig.yaml.
2023-01-25 09:24:13,356 : INFO : ConfigProcessor : Loading config: C:\Users\ruben\.local\pipx\venvs\mpf\lib\site-packages\mpf\mpfconfig.yaml
2023-01-25 09:24:13,356 : INFO : ConfigProcessor : Loading config from file C:\pinball\my_machine\config\config.yaml.
2023-01-25 09:24:13,387 : INFO : ConfigProcessor : Loading config: C:\pinball\my_machine\config\config.yaml
2023-01-25 09:24:13,387 : INFO : ConfigProcessor : Config file cache created: C:\Users\ruben\AppData\Local\Temp\a17888e5e1df298d67e07ada0b1bff4a.mpf_cache
2023-01-25 09:24:13,512 : INFO : ConfigProcessor : Loading config from cache: C:\Users\ruben\AppData\Local\Temp\67cf8ffee0fce2d4fcb5ef0bb894d8de.mpf_cache
2023-01-25 09:24:13,512 : INFO : ConfigProcessor : Loading config from cache: C:\Users\ruben\AppData\Local\Temp\25321780674732dcacb77a8f5b2a53cd.mpf_cache
2023-01-25 09:24:13,512 : INFO : Machine : Mission Pinball Framework Core Engine v0.56.0
2023-01-25 09:24:13,512 : INFO : Machine : Command line arguments: {'no_load_cache': False, 'create_config_cache': True, 'bcp': True, 'configfile': ['config.yaml'], 'force_assets_load': False, 'jsonlogging': False, 'logfile': 'logs\\2023-01-25-09-24-13-mpf-DESKTOP-11MEIVG.log', 'pause': False, 'production': False, 'text_ui': True, 'loglevel': 15, 'consoleloglevel': 20, 'force_platform': None, 'syslog_address': None, 'mc_file_name': None, 'no_sound': False}
2023-01-25 09:24:13,512 : INFO : Machine : MPF path: C:\Users\ruben\.local\pipx\venvs\mpf\lib\site-packages\mpf
2023-01-25 09:24:13,512 : INFO : Machine : Machine path: C:\pinball\my_machine
2023-01-25 09:24:13,512 : INFO : Machine : Platform: win32
2023-01-25 09:24:13,512 : INFO : Machine : Python executable location: C:\Users\ruben\.local\pipx\venvs\mpf\Scripts\python.exe
2023-01-25 09:24:13,512 : INFO : Machine : Python version: 3.9.13 (64-bit)
2023-01-25 09:24:13,512 : INFO : Machine : Initialise MPF.
2023-01-25 09:24:13,813 : INFO : OPP : Connecting to com3 at 115200bps
2023-01-25 09:24:14,001 : INFO : OPP : Init of OPP board 1 done
2023-01-25 09:24:14,001 : INFO : OPP : Connecting to com4 at 115200bps
2023-01-25 09:24:14,097 : INFO : OPP : Init of OPP board 0 done
2023-01-25 09:24:14,098 : INFO : EventManager : Event: ======'machine_var_credits_string'====== Args={'value': 'FREE PLAY', 'prev_value': None, 'change': True}
2023-01-25 09:24:14,175 : INFO : EventManager : Event: ======'machine_var_master_volume'====== Args={'value': 0.5, 'prev_value': None, 'change': True}
2023-01-25 09:24:14,175 : INFO : EventManager : Event: ======'machine_var_mpf_version'====== Args={'value': 'MPF v0.56.0', 'prev_value': None, 'change': True}
2023-01-25 09:24:14,175 : INFO : EventManager : Event: ======'machine_var_mpf_extended_version'====== Args={'value': 'MPF v0.56.0, Config version:5, Show version: 5, BCP version:1.1', 'prev_value': None, 'change': True}
2023-01-25 09:24:14,175 : INFO : EventManager : Event: ======'machine_var_python_version'====== Args={'value': '3.9.13', 'prev_value': None, 'change': True}
2023-01-25 09:24:14,192 : INFO : EventManager : Event: ======'machine_var_platform'====== Args={'value': 'Windows-10-10.0.19045-SP0', 'prev_value': None, 'change': True}
2023-01-25 09:24:14,193 : INFO : EventManager : Event: ======'machine_var_platform_system'====== Args={'value': 'Windows', 'prev_value': None, 'change': True}
2023-01-25 09:24:14,193 : INFO : EventManager : Event: ======'machine_var_platform_release'====== Args={'value': '10', 'prev_value': None, 'change': True}
2023-01-25 09:24:14,193 : INFO : EventManager : Event: ======'machine_var_platform_version'====== Args={'value': '10.0.19045', 'prev_value': None, 'change': True}
2023-01-25 09:24:14,193 : INFO : EventManager : Event: ======'machine_var_platform_machine'====== Args={'value': 'AMD64', 'prev_value': None, 'change': True}
2023-01-25 09:24:14,193 : INFO : EventManager : Event: ======'init_phase_1'====== Args={}
2023-01-25 09:24:14,224 : INFO : EventManager : Event: ======'init_phase_2'====== Args={}
2023-01-25 09:24:14,229 : INFO : EventManager : Event: ======'bcp_connection_attempt'====== Args={'name': 'local_display', 'host': 'localhost', 'port': 5050}
2023-01-25 09:24:14,232 : INFO : BCPClientSocket : Connecting BCP to 'local_display' at localhost:5050...
2023-01-25 09:24:16,270 : INFO : BCPClientSocket : Connected BCP to 'local_display' localhost:5050
2023-01-25 09:24:16,271 : INFO : EventManager : Event: ======'bcp_clients_connected'====== Args={}
2023-01-25 09:24:16,282 : INFO : ball_device.bd_trough : BCH: Initial count: 0
2023-01-25 09:24:16,283 : INFO : EventManager : Event: ======'machine_var_mc_version'====== Args={'value': 'MPF-MC v0.56.1', 'prev_value': None, 'change': True}
2023-01-25 09:24:16,283 : INFO : EventManager : Event: ======'machine_var_mc_extended_version'====== Args={'value': 'MPF-MC v0.56.1 (config_version=5, BCP v1.1,                      Requires MPF API compatibility v0.56.0 or newer)', 'prev_value': None, 'change': True}
2023-01-25 09:24:16,285 : INFO : ball_device.bd_trough : State: idle
2023-01-25 09:24:16,302 : INFO : ball_device.bd_scoop_lower : BCH: Initial count: 0
2023-01-25 09:24:16,303 : INFO : ball_device.bd_scoop_lower : State: idle
2023-01-25 09:24:16,323 : INFO : EventManager : Event: ======'init_phase_3'====== Args={}
2023-01-25 09:24:16,327 : INFO : EventManager : Event: ======'init_phase_4'====== Args={}
2023-01-25 09:24:16,328 : INFO : BallController : Initial balls found: 0
2023-01-25 09:24:16,329 : INFO : EventManager : Event: ======'machine_var_audits_events_game_ended'====== Args={'value': 0, 'prev_value': None, 'change': True}
2023-01-25 09:24:16,330 : INFO : EventManager : Event: ======'machine_var_audits_events_game_started'====== Args={'value': 10, 'prev_value': None, 'change': True}
2023-01-25 09:24:16,330 : INFO : EventManager : Event: ======'machine_var_audits_player_score'====== Args={'value': {'average': 0, 'top': [], 'total': 0}, 'prev_value': None, 'change': True}
2023-01-25 09:24:16,331 : INFO : EventManager : Event: ======'machine_var_audits_switches_s_left_flipper'====== Args={'value': 12, 'prev_value': None, 'change': True}
2023-01-25 09:24:16,331 : INFO : EventManager : Event: ======'machine_var_audits_switches_s_left_slingshot'====== Args={'value': 22, 'prev_value': None, 'change': True}
2023-01-25 09:24:16,331 : INFO : EventManager : Event: ======'machine_var_audits_switches_s_pop_bot'====== Args={'value': 9, 'prev_value': None, 'change': True}
2023-01-25 09:24:16,331 : INFO : EventManager : Event: ======'machine_var_audits_switches_s_pop_mid'====== Args={'value': 13, 'prev_value': None, 'change': True}
2023-01-25 09:24:16,331 : INFO : EventManager : Event: ======'machine_var_audits_switches_s_pop_top'====== Args={'value': 6, 'prev_value': None, 'change': True}
2023-01-25 09:24:16,332 : INFO : EventManager : Event: ======'machine_var_audits_switches_s_right_flipper'====== Args={'value': 19, 'prev_value': None, 'change': True}
2023-01-25 09:24:16,332 : INFO : EventManager : Event: ======'machine_var_audits_switches_s_right_inlane'====== Args={'value': 0, 'prev_value': None, 'change': True}
2023-01-25 09:24:16,332 : INFO : EventManager : Event: ======'machine_var_audits_switches_s_right_slingshot'====== Args={'value': 25, 'prev_value': None, 'change': True}
2023-01-25 09:24:16,332 : INFO : EventManager : Event: ======'machine_var_audits_switches_s_scoop_lower'====== Args={'value': 23, 'prev_value': None, 'change': True}
2023-01-25 09:24:16,332 : INFO : EventManager : Event: ======'machine_var_audits_switches_s_startButton'====== Args={'value': 2, 'prev_value': None, 'change': True}
2023-01-25 09:24:16,333 : INFO : EventManager : Event: ======'machine_var_audits_switches_s_trough1'====== Args={'value': 1, 'prev_value': None, 'change': True}
2023-01-25 09:24:16,334 : INFO : EventManager : Event: ======'init_phase_5'====== Args={}
2023-01-25 09:24:16,352 : INFO : EventManager : Event: ======'init_done'====== Args={}
2023-01-25 09:24:16,353 : INFO : EventManager : Event: ======'machine_reset_phase_1'====== Args={}
2023-01-25 09:24:16,357 : INFO : EventManager : Event: ======'slide_welcome_slide_removed'====== Args={'_from_bcp': True}
2023-01-25 09:24:16,361 : INFO : EventManager : Event: ======'slide_welcome_slide_created'====== Args={'_from_bcp': True}
2023-01-25 09:24:16,365 : INFO : EventManager : Event: ======'machine_reset_phase_2'====== Args={}
2023-01-25 09:24:16,366 : INFO : EventManager : Event: ======'slide_welcome_slide_active'====== Args={'_from_bcp': True}
2023-01-25 09:24:16,366 : INFO : EventManager : Event: ======'machine_reset_phase_3'====== Args={}
2023-01-25 09:24:16,368 : INFO : EventManager : Event: ======'reset_complete'====== Args={}
2023-01-25 09:24:16,369 : INFO : EventManager : Event: ======'mode_attract_will_start'====== Args={}
2023-01-25 09:24:16,370 : INFO : EventManager : Event: ======'mode_attract_starting'====== Args={}
2023-01-25 09:24:16,370 : INFO : Mode.attract : Started. Priority: 10
2023-01-25 09:24:16,370 : INFO : EventManager : Event: ======'modes_active_modes_changed'====== Args={}
2023-01-25 09:24:16,370 : INFO : EventManager : Event: ======'mode_attract_started'====== Args={}
2023-01-25 09:24:16,370 : INFO : EventManager : Event: ======'collecting_balls_complete'====== Args={}
2023-01-25 09:24:16,403 : INFO : EventManager : Event: ======'slide_attract_started_created'====== Args={'_from_bcp': True}
2023-01-25 09:24:16,404 : INFO : EventManager : Event: ======'slide_attract_started_active'====== Args={'_from_bcp': True}
2023-01-25 09:24:16,404 : INFO : Machine : Starting the main run loop.
2023-01-25 09:24:22,882 : INFO : SwitchController : <<<<<<< 's_pop_bot' active >>>>>>>
2023-01-25 09:24:22,896 : INFO : SwitchController : <<<<<<< 's_pop_bot' inactive >>>>>>>
2023-01-25 09:24:22,902 : INFO : SwitchController : <<<<<<< 's_pop_bot' active >>>>>>>
2023-01-25 09:24:22,927 : INFO : SwitchController : <<<<<<< 's_pop_bot' inactive >>>>>>>
2023-01-25 09:24:23,682 : INFO : SwitchController : <<<<<<< 's_pop_bot' active >>>>>>>
2023-01-25 09:24:23,705 : INFO : SwitchController : <<<<<<< 's_pop_bot' inactive >>>>>>>
2023-01-25 09:24:23,766 : INFO : SwitchController : <<<<<<< 's_pop_bot' active >>>>>>>
2023-01-25 09:24:23,782 : INFO : SwitchController : <<<<<<< 's_pop_bot' inactive >>>>>>>
2023-01-25 09:24:24,487 : INFO : SwitchController : <<<<<<< 's_pop_bot' active >>>>>>>
2023-01-25 09:24:24,507 : INFO : SwitchController : <<<<<<< 's_pop_bot' inactive >>>>>>>
2023-01-25 09:24:24,935 : INFO : SwitchController : <<<<<<< 's_pop_bot' active >>>>>>>
2023-01-25 09:24:24,947 : INFO : SwitchController : <<<<<<< 's_pop_bot' inactive >>>>>>>
2023-01-25 09:24:25,713 : INFO : SwitchController : <<<<<<< 's_pop_bot' active >>>>>>>
2023-01-25 09:24:25,725 : INFO : SwitchController : <<<<<<< 's_pop_bot' inactive >>>>>>>
2023-01-25 09:24:25,737 : INFO : SwitchController : <<<<<<< 's_pop_bot' active >>>>>>>
2023-01-25 09:24:25,745 : INFO : SwitchController : <<<<<<< 's_pop_bot' inactive >>>>>>>
2023-01-25 09:24:28,464 : INFO : SwitchController : <<<<<<< 's_pop_bot' active >>>>>>>
2023-01-25 09:24:28,476 : INFO : SwitchController : <<<<<<< 's_pop_bot' inactive >>>>>>>
2023-01-25 09:24:29,011 : INFO : SwitchController : <<<<<<< 's_pop_bot' active >>>>>>>
2023-01-25 09:24:29,027 : INFO : SwitchController : <<<<<<< 's_pop_bot' inactive >>>>>>>
2023-01-25 09:24:29,094 : INFO : SwitchController : <<<<<<< 's_pop_bot' active >>>>>>>
2023-01-25 09:24:29,111 : INFO : SwitchController : <<<<<<< 's_pop_bot' inactive >>>>>>>
2023-01-25 09:24:31,381 : INFO : SwitchController : <<<<<<< 's_pop_mid' active >>>>>>>
2023-01-25 09:24:31,419 : INFO : SwitchController : <<<<<<< 's_pop_mid' inactive >>>>>>>
2023-01-25 09:24:31,628 : INFO : SwitchController : <<<<<<< 's_pop_mid' active >>>>>>>
2023-01-25 09:24:31,643 : INFO : SwitchController : <<<<<<< 's_pop_mid' inactive >>>>>>>
2023-01-25 09:24:31,818 : INFO : SwitchController : <<<<<<< 's_pop_mid' active >>>>>>>
2023-01-25 09:24:31,862 : INFO : SwitchController : <<<<<<< 's_pop_mid' inactive >>>>>>>
2023-01-25 09:24:32,002 : INFO : SwitchController : <<<<<<< 's_pop_top' active >>>>>>>
2023-01-25 09:24:32,028 : INFO : SwitchController : <<<<<<< 's_pop_top' inactive >>>>>>>
2023-01-25 09:24:32,365 : INFO : SwitchController : <<<<<<< 's_pop_top' active >>>>>>>
2023-01-25 09:24:32,439 : INFO : SwitchController : <<<<<<< 's_pop_top' inactive >>>>>>>
2023-01-25 09:24:32,586 : INFO : SwitchController : <<<<<<< 's_pop_mid' active >>>>>>>
2023-01-25 09:24:32,622 : INFO : SwitchController : <<<<<<< 's_pop_mid' inactive >>>>>>>
2023-01-25 09:24:34,920 : INFO : SwitchController : <<<<<<< 's_pop_top' active >>>>>>>
2023-01-25 09:24:34,983 : INFO : SwitchController : <<<<<<< 's_pop_top' inactive >>>>>>>
2023-01-25 09:24:35,463 : INFO : SwitchController : <<<<<<< 's_pop_top' active >>>>>>>
2023-01-25 09:24:35,530 : INFO : SwitchController : <<<<<<< 's_pop_top' inactive >>>>>>>
2023-01-25 09:24:35,778 : INFO : SwitchController : <<<<<<< 's_pop_mid' active >>>>>>>
2023-01-25 09:24:35,786 : INFO : SwitchController : <<<<<<< 's_pop_mid' inactive >>>>>>>
2023-01-25 09:24:47,965 : INFO : SwitchController : <<<<<<< 's_pop_mid' active >>>>>>>
2023-01-25 09:24:47,994 : INFO : SwitchController : <<<<<<< 's_pop_mid' inactive >>>>>>>
2023-01-25 09:24:48,230 : INFO : SwitchController : <<<<<<< 's_pop_mid' active >>>>>>>
2023-01-25 09:24:48,240 : INFO : SwitchController : <<<<<<< 's_pop_mid' inactive >>>>>>>
2023-01-25 09:24:48,749 : INFO : SwitchController : <<<<<<< 's_pop_mid' active >>>>>>>
2023-01-25 09:24:48,772 : INFO : SwitchController : <<<<<<< 's_pop_mid' inactive >>>>>>>
2023-01-25 09:24:49,447 : INFO : SwitchController : <<<<<<< 's_pop_mid' active >>>>>>>
2023-01-25 09:24:49,462 : INFO : SwitchController : <<<<<<< 's_pop_mid' inactive >>>>>>>
2023-01-25 09:24:49,552 : INFO : SwitchController : <<<<<<< 's_pop_top' active >>>>>>>
2023-01-25 09:24:49,621 : INFO : SwitchController : <<<<<<< 's_pop_top' inactive >>>>>>>
2023-01-25 09:24:49,722 : INFO : SwitchController : <<<<<<< 's_pop_bot' active >>>>>>>
2023-01-25 09:24:49,754 : INFO : SwitchController : <<<<<<< 's_pop_bot' inactive >>>>>>>
2023-01-25 09:24:50,708 : INFO : SwitchController : <<<<<<< 's_pop_bot' active >>>>>>>
2023-01-25 09:24:50,716 : INFO : SwitchController : <<<<<<< 's_pop_bot' inactive >>>>>>>
2023-01-25 09:24:52,595 : INFO : SwitchController : <<<<<<< 's_pop_mid' active >>>>>>>
2023-01-25 09:24:52,635 : INFO : SwitchController : <<<<<<< 's_pop_mid' inactive >>>>>>>
2023-01-25 09:24:53,912 : INFO : SwitchController : <<<<<<< 's_pop_mid' active >>>>>>>
2023-01-25 09:24:53,933 : INFO : SwitchController : <<<<<<< 's_pop_mid' inactive >>>>>>>
2023-01-25 09:24:54,833 : INFO : SwitchController : <<<<<<< 's_pop_bot' active >>>>>>>
2023-01-25 09:24:54,844 : INFO : SwitchController : <<<<<<< 's_pop_bot' inactive >>>>>>>
2023-01-25 09:24:56,947 : INFO : SwitchController : <<<<<<< 's_pop_top' active >>>>>>>
2023-01-25 09:24:56,955 : INFO : SwitchController : <<<<<<< 's_pop_top' inactive >>>>>>>
2023-01-25 09:24:57,623 : INFO : SwitchController : <<<<<<< 's_pop_top' active >>>>>>>
2023-01-25 09:24:57,652 : INFO : SwitchController : <<<<<<< 's_pop_top' inactive >>>>>>>
2023-01-25 09:24:57,664 : INFO : SwitchController : <<<<<<< 's_pop_top' active >>>>>>>
2023-01-25 09:24:57,672 : INFO : SwitchController : <<<<<<< 's_pop_top' inactive >>>>>>>
2023-01-25 09:24:58,167 : INFO : SwitchController : <<<<<<< 's_pop_top' active >>>>>>>
2023-01-25 09:24:58,201 : INFO : SwitchController : <<<<<<< 's_pop_top' inactive >>>>>>>
2023-01-25 09:24:58,903 : INFO : SwitchController : <<<<<<< 's_pop_top' active >>>>>>>
2023-01-25 09:24:58,994 : INFO : SwitchController : <<<<<<< 's_pop_top' inactive >>>>>>>
2023-01-25 09:24:59,233 : INFO : SwitchController : <<<<<<< 's_pop_top' active >>>>>>>
2023-01-25 09:24:59,360 : INFO : SwitchController : <<<<<<< 's_pop_top' inactive >>>>>>>
2023-01-25 09:24:59,575 : INFO : SwitchController : <<<<<<< 's_pop_top' active >>>>>>>
2023-01-25 09:24:59,665 : INFO : SwitchController : <<<<<<< 's_pop_top' inactive >>>>>>>
2023-01-25 09:25:01,025 : INFO : SwitchController : <<<<<<< 's_pop_bot' active >>>>>>>
2023-01-25 09:25:01,035 : INFO : SwitchController : <<<<<<< 's_pop_bot' inactive >>>>>>>
2023-01-25 09:25:01,101 : INFO : SwitchController : <<<<<<< 's_pop_bot' active >>>>>>>
2023-01-25 09:25:01,112 : INFO : SwitchController : <<<<<<< 's_pop_bot' inactive >>>>>>>
2023-01-25 09:25:02,105 : INFO : SwitchController : <<<<<<< 's_pop_bot' active >>>>>>>
2023-01-25 09:25:02,126 : INFO : SwitchController : <<<<<<< 's_pop_bot' inactive >>>>>>>
2023-01-25 09:25:02,206 : INFO : SwitchController : <<<<<<< 's_pop_bot' active >>>>>>>
2023-01-25 09:25:02,223 : INFO : SwitchController : <<<<<<< 's_pop_bot' inactive >>>>>>>
2023-01-25 09:25:03,646 : INFO : SwitchController : <<<<<<< 's_pop_bot' active >>>>>>>
2023-01-25 09:25:03,664 : INFO : SwitchController : <<<<<<< 's_pop_bot' inactive >>>>>>>
2023-01-25 09:25:03,680 : INFO : SwitchController : <<<<<<< 's_pop_bot' active >>>>>>>
2023-01-25 09:25:03,692 : INFO : SwitchController : <<<<<<< 's_pop_bot' inactive >>>>>>>
2023-01-25 09:25:04,479 : INFO : SwitchController : <<<<<<< 's_pop_bot' active >>>>>>>
2023-01-25 09:25:04,495 : INFO : SwitchController : <<<<<<< 's_pop_bot' inactive >>>>>>>
2023-01-25 09:25:04,519 : INFO : SwitchController : <<<<<<< 's_pop_bot' active >>>>>>>
2023-01-25 09:25:04,527 : INFO : SwitchController : <<<<<<< 's_pop_bot' inactive >>>>>>>
2023-01-25 09:25:11,569 : INFO : Machine : Shutting down...
2023-01-25 09:25:11,569 : INFO : EventManager : Event: ======'shutdown'====== Args={}
2023-01-25 09:25:11,579 : ERROR : OPP : Stop called on serial connection com3
