2023-01-25 07:43:14,887 : INFO : root : Loading config.
2023-01-25 07:43:14,887 : INFO : YamlMultifileConfigLoader : Machine config file #1: config.yaml
2023-01-25 07:43:14,887 : WARNING : ConfigProcessor : Config file in cache changed: C:\pinball\my_machine\config\config.yaml
2023-01-25 07:43:14,887 : INFO : ConfigProcessor : Loading config from file C:\Users\ruben\.local\pipx\venvs\mpf\lib\site-packages\mpf\mpfconfig.yaml.
2023-01-25 07:43:15,009 : INFO : ConfigProcessor : Loading config: C:\Users\ruben\.local\pipx\venvs\mpf\lib\site-packages\mpf\mpfconfig.yaml
2023-01-25 07:43:15,025 : INFO : ConfigProcessor : Loading config from file C:\pinball\my_machine\config\config.yaml.
2023-01-25 07:43:15,040 : INFO : ConfigProcessor : Loading config: C:\pinball\my_machine\config\config.yaml
2023-01-25 07:43:15,040 : INFO : ConfigProcessor : Config file cache created: C:\Users\ruben\AppData\Local\Temp\a17888e5e1df298d67e07ada0b1bff4a.mpf_cache
2023-01-25 07:43:15,156 : INFO : ConfigProcessor : Loading config from cache: C:\Users\ruben\AppData\Local\Temp\67cf8ffee0fce2d4fcb5ef0bb894d8de.mpf_cache
2023-01-25 07:43:15,156 : INFO : ConfigProcessor : Loading config from cache: C:\Users\ruben\AppData\Local\Temp\25321780674732dcacb77a8f5b2a53cd.mpf_cache
2023-01-25 07:43:15,156 : INFO : Machine : Mission Pinball Framework Core Engine v0.56.0
2023-01-25 07:43:15,156 : INFO : Machine : Command line arguments: {'no_load_cache': False, 'create_config_cache': True, 'bcp': True, 'configfile': ['config.yaml'], 'force_assets_load': False, 'jsonlogging': False, 'logfile': 'logs\\2023-01-25-07-43-14-mpf-DESKTOP-11MEIVG.log', 'pause': False, 'production': False, 'text_ui': True, 'loglevel': 15, 'consoleloglevel': 20, 'force_platform': None, 'syslog_address': None, 'mc_file_name': None, 'no_sound': False}
2023-01-25 07:43:15,156 : INFO : Machine : MPF path: C:\Users\ruben\.local\pipx\venvs\mpf\lib\site-packages\mpf
2023-01-25 07:43:15,156 : INFO : Machine : Machine path: C:\pinball\my_machine
2023-01-25 07:43:15,156 : INFO : Machine : Platform: win32
2023-01-25 07:43:15,156 : INFO : Machine : Python executable location: C:\Users\ruben\.local\pipx\venvs\mpf\Scripts\python.exe
2023-01-25 07:43:15,156 : INFO : Machine : Python version: 3.9.13 (64-bit)
2023-01-25 07:43:15,156 : INFO : Machine : Initialise MPF.
2023-01-25 07:43:15,457 : INFO : OPP : Connecting to com3 at 115200bps
2023-01-25 07:43:15,636 : INFO : OPP : Init of OPP board 1 done
2023-01-25 07:43:15,636 : INFO : OPP : Connecting to com4 at 115200bps
2023-01-25 07:43:15,731 : INFO : OPP : Init of OPP board 0 done
2023-01-25 07:43:15,732 : INFO : EventManager : Event: ======'machine_var_credits_string'====== Args={'value': 'FREE PLAY', 'prev_value': None, 'change': True}
2023-01-25 07:43:15,808 : INFO : EventManager : Event: ======'machine_var_master_volume'====== Args={'value': 0.5, 'prev_value': None, 'change': True}
2023-01-25 07:43:15,808 : INFO : EventManager : Event: ======'machine_var_mpf_version'====== Args={'value': 'MPF v0.56.0', 'prev_value': None, 'change': True}
2023-01-25 07:43:15,808 : INFO : EventManager : Event: ======'machine_var_mpf_extended_version'====== Args={'value': 'MPF v0.56.0, Config version:5, Show version: 5, BCP version:1.1', 'prev_value': None, 'change': True}
2023-01-25 07:43:15,808 : INFO : EventManager : Event: ======'machine_var_python_version'====== Args={'value': '3.9.13', 'prev_value': None, 'change': True}
2023-01-25 07:43:15,828 : INFO : EventManager : Event: ======'machine_var_platform'====== Args={'value': 'Windows-10-10.0.19045-SP0', 'prev_value': None, 'change': True}
2023-01-25 07:43:15,828 : INFO : EventManager : Event: ======'machine_var_platform_system'====== Args={'value': 'Windows', 'prev_value': None, 'change': True}
2023-01-25 07:43:15,828 : INFO : EventManager : Event: ======'machine_var_platform_release'====== Args={'value': '10', 'prev_value': None, 'change': True}
2023-01-25 07:43:15,828 : INFO : EventManager : Event: ======'machine_var_platform_version'====== Args={'value': '10.0.19045', 'prev_value': None, 'change': True}
2023-01-25 07:43:15,828 : INFO : EventManager : Event: ======'machine_var_platform_machine'====== Args={'value': 'AMD64', 'prev_value': None, 'change': True}
2023-01-25 07:43:15,828 : INFO : EventManager : Event: ======'init_phase_1'====== Args={}
2023-01-25 07:43:15,852 : INFO : EventManager : Event: ======'init_phase_2'====== Args={}
2023-01-25 07:43:15,855 : INFO : EventManager : Event: ======'bcp_connection_attempt'====== Args={'name': 'local_display', 'host': 'localhost', 'port': 5050}
2023-01-25 07:43:15,857 : INFO : BCPClientSocket : Connecting BCP to 'local_display' at localhost:5050...
2023-01-25 07:43:17,910 : INFO : BCPClientSocket : Connected BCP to 'local_display' localhost:5050
2023-01-25 07:43:17,912 : INFO : EventManager : Event: ======'bcp_clients_connected'====== Args={}
2023-01-25 07:43:17,944 : INFO : ball_device.bd_trough : BCH: Initial count: 0
2023-01-25 07:43:17,947 : INFO : EventManager : Event: ======'machine_var_mc_version'====== Args={'value': 'MPF-MC v0.56.1', 'prev_value': None, 'change': True}
2023-01-25 07:43:17,948 : INFO : EventManager : Event: ======'machine_var_mc_extended_version'====== Args={'value': 'MPF-MC v0.56.1 (config_version=5, BCP v1.1,                      Requires MPF API compatibility v0.56.0 or newer)', 'prev_value': None, 'change': True}
2023-01-25 07:43:17,954 : INFO : ball_device.bd_trough : State: idle
2023-01-25 07:43:18,021 : INFO : EventManager : Event: ======'init_phase_3'====== Args={}
2023-01-25 07:43:18,028 : INFO : EventManager : Event: ======'init_phase_4'====== Args={}
2023-01-25 07:43:18,030 : INFO : BallController : Initial balls found: 0
2023-01-25 07:43:18,033 : INFO : EventManager : Event: ======'machine_var_audits_events_game_ended'====== Args={'value': 0, 'prev_value': None, 'change': True}
2023-01-25 07:43:18,034 : INFO : EventManager : Event: ======'machine_var_audits_events_game_started'====== Args={'value': 3, 'prev_value': None, 'change': True}
2023-01-25 07:43:18,035 : INFO : EventManager : Event: ======'machine_var_audits_player_score'====== Args={'value': {'average': 0, 'top': [], 'total': 0}, 'prev_value': None, 'change': True}
2023-01-25 07:43:18,035 : INFO : EventManager : Event: ======'machine_var_audits_switches_s_left_flipper'====== Args={'value': 12, 'prev_value': None, 'change': True}
2023-01-25 07:43:18,036 : INFO : EventManager : Event: ======'machine_var_audits_switches_s_left_slingshot'====== Args={'value': 5, 'prev_value': None, 'change': True}
2023-01-25 07:43:18,036 : INFO : EventManager : Event: ======'machine_var_audits_switches_s_right_flipper'====== Args={'value': 12, 'prev_value': None, 'change': True}
2023-01-25 07:43:18,037 : INFO : EventManager : Event: ======'machine_var_audits_switches_s_right_inlane'====== Args={'value': 0, 'prev_value': None, 'change': True}
2023-01-25 07:43:18,037 : INFO : EventManager : Event: ======'machine_var_audits_switches_s_right_slingshot'====== Args={'value': 3, 'prev_value': None, 'change': True}
2023-01-25 07:43:18,038 : INFO : EventManager : Event: ======'machine_var_audits_switches_s_startButton'====== Args={'value': 1, 'prev_value': None, 'change': True}
2023-01-25 07:43:18,038 : INFO : EventManager : Event: ======'machine_var_audits_switches_s_trough1'====== Args={'value': 1, 'prev_value': None, 'change': True}
2023-01-25 07:43:18,040 : INFO : EventManager : Event: ======'init_phase_5'====== Args={}
2023-01-25 07:43:18,054 : INFO : EventManager : Event: ======'init_done'====== Args={}
2023-01-25 07:43:18,055 : INFO : EventManager : Event: ======'machine_reset_phase_1'====== Args={}
2023-01-25 07:43:18,065 : INFO : EventManager : Event: ======'slide_welcome_slide_removed'====== Args={'_from_bcp': True}
2023-01-25 07:43:18,066 : INFO : EventManager : Event: ======'slide_welcome_slide_created'====== Args={'_from_bcp': True}
2023-01-25 07:43:18,068 : INFO : EventManager : Event: ======'machine_reset_phase_2'====== Args={}
2023-01-25 07:43:18,069 : INFO : EventManager : Event: ======'machine_reset_phase_3'====== Args={}
2023-01-25 07:43:18,070 : INFO : EventManager : Event: ======'reset_complete'====== Args={}
2023-01-25 07:43:18,071 : INFO : EventManager : Event: ======'slide_welcome_slide_active'====== Args={'_from_bcp': True}
2023-01-25 07:43:18,072 : INFO : EventManager : Event: ======'mode_attract_will_start'====== Args={}
2023-01-25 07:43:18,073 : INFO : EventManager : Event: ======'mode_attract_starting'====== Args={}
2023-01-25 07:43:18,074 : INFO : Mode.attract : Started. Priority: 10
2023-01-25 07:43:18,074 : INFO : EventManager : Event: ======'modes_active_modes_changed'====== Args={}
2023-01-25 07:43:18,074 : INFO : EventManager : Event: ======'mode_attract_started'====== Args={}
2023-01-25 07:43:18,075 : INFO : EventManager : Event: ======'collecting_balls_complete'====== Args={}
2023-01-25 07:43:18,107 : INFO : EventManager : Event: ======'slide_attract_started_created'====== Args={'_from_bcp': True}
2023-01-25 07:43:18,107 : INFO : EventManager : Event: ======'slide_attract_started_active'====== Args={'_from_bcp': True}
2023-01-25 07:43:18,108 : INFO : Machine : Starting the main run loop.
2023-01-25 07:43:20,012 : INFO : SwitchController : <<<<<<< 's_trough1' active >>>>>>>
2023-01-25 07:43:20,032 : INFO : SwitchController : <<<<<<< 's_trough1' inactive >>>>>>>
2023-01-25 07:43:20,049 : INFO : SwitchController : <<<<<<< 's_trough1' active >>>>>>>
2023-01-25 07:43:20,542 : INFO : EventManager : Event: ======'balldevice_bd_trough_ball_count_changed'====== Args={'balls': 1}
2023-01-25 07:43:20,542 : INFO : ball_device.bd_trough : Received unexpected ball
2023-01-25 07:43:20,542 : INFO : EventManager : Event: ======'balldevice_captured_from_playfield'====== Args={'balls': 1}
2023-01-25 07:43:20,543 : INFO : EventManager : Event: ======'sw_playfield_active'====== Args={'balls': 1}
2023-01-25 07:43:20,543 : INFO : EventManager : Event: ======'playfield_active'====== Args={}
2023-01-25 07:43:20,543 : INFO : EventManager : Event: ======'unexpected_ball_on_playfield'====== Args={}
2023-01-25 07:43:20,543 : INFO : EventManager : Event: ======'playfield_ball_count_change'====== Args={'balls': -1, 'change': -1}
2023-01-25 07:43:20,544 : INFO : EventManager : Event: ======'balldevice_playfield_ball_enter'====== Args={'new_balls': 1, 'unclaimed_balls': 1, 'device': <playfield.playfield>}
2023-01-25 07:43:20,544 : INFO : EventManager : Event: ======'playfield_ball_count_change'====== Args={'balls': 0, 'change': 1}
2023-01-25 07:43:20,544 : INFO : BallController : Found a new ball which was captured from playfield. Known balls: 1
2023-01-25 07:43:20,544 : INFO : EventManager : Event: ======'found_new_ball'====== Args={}
2023-01-25 07:43:20,544 : INFO : EventManager : Event: ======'balldevice_bd_trough_ball_enter'====== Args={'new_balls': 1, 'unclaimed_balls': 1, 'new_available_balls': 1, 'device': <ball_device.bd_trough>}
2023-01-25 07:43:20,545 : INFO : EventManager : Event: ======'ball_drain'====== Args={'device': <ball_device.bd_trough>, 'balls': 1}
2023-01-25 07:43:20,546 : INFO : EventManager : Event: ======'balldevice_balls_available'====== Args={}
2023-01-25 07:43:20,546 : INFO : EventManager : Event: ======'balldevice_bd_trough_ball_entered'====== Args={'new_balls': 1, 'device': <ball_device.bd_trough>}
2023-01-25 07:43:22,529 : INFO : SwitchController : <<<<<<< 's_startButton' active >>>>>>>
2023-01-25 07:43:22,682 : INFO : SwitchController : <<<<<<< 's_startButton' inactive >>>>>>>
2023-01-25 07:43:22,683 : INFO : EventManager : Event: ======'request_to_start_game'====== Args={}
2023-01-25 07:43:22,683 : INFO : EventManager : Event: ======'game_start'====== Args={'buttons': [], 'hold_time': 0.15599999999994907}
2023-01-25 07:43:22,684 : INFO : EventManager : Event: ======'mode_game_will_start'====== Args={'buttons': [], 'hold_time': 0.15599999999994907}
2023-01-25 07:43:22,684 : INFO : EventManager : Event: ======'mode_game_starting'====== Args={'buttons': [], 'hold_time': 0.15599999999994907}
2023-01-25 07:43:22,685 : INFO : EventManager : Event: ======'mode_attract_will_stop'====== Args={}
2023-01-25 07:43:22,685 : INFO : EventManager : Event: ======'mode_attract_stopping'====== Args={}
2023-01-25 07:43:22,685 : INFO : Mode.attract : Stopped.
2023-01-25 07:43:22,685 : INFO : EventManager : Event: ======'modes_active_modes_changed'====== Args={}
2023-01-25 07:43:22,685 : INFO : EventManager : Event: ======'mode_attract_stopped'====== Args={}
2023-01-25 07:43:22,685 : INFO : EventManager : Event: ======'clear'====== Args={'key': 'attract'}
2023-01-25 07:43:22,686 : INFO : Mode.game : Started. Priority: 20
2023-01-25 07:43:22,686 : INFO : EventManager : Event: ======'modes_active_modes_changed'====== Args={}
2023-01-25 07:43:22,686 : INFO : EventManager : Event: ======'mode_game_started'====== Args={'buttons': [], 'hold_time': 0.15599999999994907}
2023-01-25 07:43:22,696 : INFO : EventManager : Event: ======'game_will_start'====== Args={}
2023-01-25 07:43:22,702 : INFO : EventManager : Event: ======'game_starting'====== Args={'game': <Mode.game>}
2023-01-25 07:43:22,705 : INFO : EventManager : Event: ======'player_add_request'====== Args={}
2023-01-25 07:43:22,708 : INFO : EventManager : Event: ======'player_will_add'====== Args={'number': 1}
2023-01-25 07:43:22,708 : INFO : EventManager : Event: ======'player_adding'====== Args={'player': <Player 1>, 'number': 1}
2023-01-25 07:43:22,709 : INFO : EventManager : Event: ======'player_added'====== Args={'player': <Player 1>, 'num': 1}
2023-01-25 07:43:22,709 : INFO : Mode.game : Player added successfully. Total players: 1
2023-01-25 07:43:22,710 : INFO : EventManager : Event: ======'player_index'====== Args={'value': 0, 'prev_value': 0, 'change': 0, 'player_num': 1}
2023-01-25 07:43:22,711 : INFO : EventManager : Event: ======'player_number'====== Args={'value': 1, 'prev_value': 1, 'change': 0, 'player_num': 1}
2023-01-25 07:43:22,712 : INFO : EventManager : Event: ======'player_score'====== Args={'value': 0, 'prev_value': 0, 'change': 0, 'player_num': 1}
2023-01-25 07:43:22,716 : INFO : EventManager : Event: ======'game_started'====== Args={}
2023-01-25 07:43:22,758 : INFO : EventManager : Event: ======'player_turn_will_start'====== Args={'player': <Player 1>, 'number': 1}
2023-01-25 07:43:22,761 : INFO : EventManager : Event: ======'player_turn_starting'====== Args={'player': <Player 1>, 'number': 1}
2023-01-25 07:43:22,766 : INFO : EventManager : Event: ======'player_ball'====== Args={'value': 1, 'prev_value': 0, 'change': 1, 'player_num': 1}
2023-01-25 07:43:22,768 : INFO : EventManager : Event: ======'player_turn_started'====== Args={'player': <Player 1>, 'number': 1}
2023-01-25 07:43:22,773 : INFO : EventManager : Event: ======'ball_will_start'====== Args={'player': 1, 'ball': 1, 'balls_remaining': 2, 'is_extra_ball': False}
2023-01-25 07:43:22,783 : INFO : EventManager : Event: ======'ball_starting'====== Args={'player': 1, 'ball': 1, 'balls_remaining': 2, 'is_extra_ball': False}
2023-01-25 07:43:22,785 : INFO : EventManager : Event: ======'balls_in_play'====== Args={'balls': 1}
2023-01-25 07:43:22,785 : INFO : EventManager : Event: ======'ball_started'====== Args={'player': 1, 'ball': 1, 'balls_remaining': 2, 'is_extra_ball': False}
2023-01-25 07:43:22,788 : INFO : EventManager : Event: ======'single_player_ball_started'====== Args={}
2023-01-25 07:43:22,790 : INFO : EventManager : Event: ======'ball_start_target'====== Args={'target': 'playfield'}
2023-01-25 07:43:22,791 : INFO : ball_device.bd_trough : Setting up player-controlled eject. Balls: 1, Target: <playfield.playfield>, player_controlled_eject_event: None
2023-01-25 07:43:22,791 : INFO : ball_device.bd_trough : Adding 1 ball(s) to the eject_queue with target <playfield.playfield>.
2023-01-25 07:43:22,792 : INFO : EventManager : Event: ======'balldevice_balls_available'====== Args={}
2023-01-25 07:43:22,795 : INFO : ball_device.bd_trough : State: waiting_for_target_ready
2023-01-25 07:43:22,795 : INFO : EventManager : Event: ======'balldevice_bd_trough_ball_eject_attempt'====== Args={'balls': 1, 'target': <playfield.playfield>, 'source': <ball_device.bd_trough>, 'mechanical_eject': False, 'num_attempts': 0}
2023-01-25 07:43:22,796 : INFO : ball_device.bd_trough : State: ejecting
2023-01-25 07:43:22,797 : INFO : ball_device.bd_trough : Ejecting ball to <playfield.playfield>
2023-01-25 07:43:22,797 : INFO : EventManager : Event: ======'balldevice_bd_trough_ejecting_ball'====== Args={'balls': 1, 'target': <playfield.playfield>, 'source': <ball_device.bd_trough>, 'mechanical_eject': False, 'num_attempts': 0}
2023-01-25 07:43:22,799 : INFO : ball_device.bd_trough : Wait for ball to leave device
2023-01-25 07:43:22,799 : INFO : coil.c_trough_eject : Pulsing Driver for 35ms (1.0 pulse_power)
2023-01-25 07:43:22,802 : INFO : EventManager : Event: ======'slide__global.slide_player-ball_started_created'====== Args={'_from_bcp': True}
2023-01-25 07:43:22,803 : INFO : EventManager : Event: ======'slide__global.slide_player-ball_started_active'====== Args={'_from_bcp': True}
2023-01-25 07:43:22,852 : INFO : SwitchController : <<<<<<< 's_trough1' inactive >>>>>>>
2023-01-25 07:43:22,858 : INFO : ball_device.bd_trough : State: ball_left
2023-01-25 07:43:22,858 : INFO : ball_device.bd_trough : Ball left
2023-01-25 07:43:22,858 : INFO : ball_device.bd_trough : Wait for confirm with timeout 10.0
2023-01-25 07:43:25,247 : INFO : SwitchController : <<<<<<< 's_right_flipper' active >>>>>>>
2023-01-25 07:43:25,248 : INFO : EventManager : Event: ======'machine_var_audits_switches_s_right_flipper'====== Args={'value': 13, 'prev_value': 12, 'change': 1}
2023-01-25 07:43:25,279 : INFO : SwitchController : <<<<<<< 's_right_flipper' inactive >>>>>>>
2023-01-25 07:43:26,213 : INFO : SwitchController : <<<<<<< 's_right_flipper' active >>>>>>>
2023-01-25 07:43:26,214 : INFO : EventManager : Event: ======'machine_var_audits_switches_s_right_flipper'====== Args={'value': 14, 'prev_value': 13, 'change': 1}
2023-01-25 07:43:26,249 : INFO : SwitchController : <<<<<<< 's_right_flipper' inactive >>>>>>>
2023-01-25 07:43:26,961 : INFO : SwitchController : <<<<<<< 's_right_flipper' active >>>>>>>
2023-01-25 07:43:26,962 : INFO : EventManager : Event: ======'machine_var_audits_switches_s_right_flipper'====== Args={'value': 15, 'prev_value': 14, 'change': 1}
2023-01-25 07:43:27,023 : INFO : SwitchController : <<<<<<< 's_right_flipper' inactive >>>>>>>
2023-01-25 07:43:27,352 : INFO : SwitchController : <<<<<<< 's_right_flipper' active >>>>>>>
2023-01-25 07:43:27,353 : INFO : EventManager : Event: ======'machine_var_audits_switches_s_right_flipper'====== Args={'value': 16, 'prev_value': 15, 'change': 1}
2023-01-25 07:43:28,986 : INFO : SwitchController : <<<<<<< 's_right_flipper' inactive >>>>>>>
2023-01-25 07:43:29,551 : INFO : SwitchController : <<<<<<< 's_right_flipper' active >>>>>>>
2023-01-25 07:43:29,552 : INFO : EventManager : Event: ======'machine_var_audits_switches_s_right_flipper'====== Args={'value': 17, 'prev_value': 16, 'change': 1}
2023-01-25 07:43:29,633 : INFO : SwitchController : <<<<<<< 's_right_flipper' inactive >>>>>>>
2023-01-25 07:43:32,853 : INFO : ball_device.bd_trough : State: failed_confirm
2023-01-25 07:43:32,854 : INFO : ball_device.bd_trough : Got timeout (10.0s) before confirm from <playfield.playfield>
2023-01-25 07:43:32,946 : INFO : ball_device.bd_trough : Confirming eject because target is playfield and ball did not return.
2023-01-25 07:43:32,946 : INFO : ball_device.bd_trough : Eject successful
2023-01-25 07:43:32,946 : INFO : EventManager : Event: ======'balldevice_bd_trough_ball_eject_success'====== Args={'balls': 1, 'target': <playfield.playfield>}
2023-01-25 07:43:32,948 : INFO : EventManager : Event: ======'balldevice_playfield_ball_enter'====== Args={'new_balls': 1, 'unclaimed_balls': 1, 'device': <playfield.playfield>}
2023-01-25 07:43:32,948 : INFO : EventManager : Event: ======'playfield_ball_count_change'====== Args={'balls': 1, 'change': 1}
2023-01-25 07:43:32,949 : INFO : EventManager : Event: ======'balldevice_bd_trough_ball_count_changed'====== Args={'balls': 0}
2023-01-25 07:43:32,949 : INFO : ball_device.bd_trough : State: idle
2023-01-25 07:43:34,706 : INFO : SwitchController : <<<<<<< 's_right_slingshot' active >>>>>>>
2023-01-25 07:43:34,707 : INFO : EventManager : Event: ======'machine_var_audits_switches_s_right_slingshot'====== Args={'value': 4, 'prev_value': 3, 'change': 1}
2023-01-25 07:43:34,735 : INFO : SwitchController : <<<<<<< 's_right_slingshot' inactive >>>>>>>
2023-01-25 07:43:39,909 : INFO : SwitchController : <<<<<<< 's_left_slingshot' active >>>>>>>
2023-01-25 07:43:39,910 : INFO : EventManager : Event: ======'machine_var_audits_switches_s_left_slingshot'====== Args={'value': 6, 'prev_value': 5, 'change': 1}
2023-01-25 07:43:39,926 : INFO : SwitchController : <<<<<<< 's_left_slingshot' inactive >>>>>>>
2023-01-25 07:43:40,044 : INFO : SwitchController : <<<<<<< 's_right_slingshot' active >>>>>>>
2023-01-25 07:43:40,045 : INFO : EventManager : Event: ======'machine_var_audits_switches_s_right_slingshot'====== Args={'value': 5, 'prev_value': 4, 'change': 1}
2023-01-25 07:43:40,064 : INFO : SwitchController : <<<<<<< 's_right_slingshot' inactive >>>>>>>
2023-01-25 07:43:40,121 : INFO : SwitchController : <<<<<<< 's_left_slingshot' active >>>>>>>
2023-01-25 07:43:40,121 : INFO : EventManager : Event: ======'machine_var_audits_switches_s_left_slingshot'====== Args={'value': 7, 'prev_value': 6, 'change': 1}
2023-01-25 07:43:40,136 : INFO : SwitchController : <<<<<<< 's_left_slingshot' inactive >>>>>>>
2023-01-25 07:43:41,450 : INFO : SwitchController : <<<<<<< 's_right_slingshot' active >>>>>>>
2023-01-25 07:43:41,451 : INFO : EventManager : Event: ======'machine_var_audits_switches_s_right_slingshot'====== Args={'value': 6, 'prev_value': 5, 'change': 1}
2023-01-25 07:43:41,460 : INFO : SwitchController : <<<<<<< 's_right_slingshot' inactive >>>>>>>
2023-01-25 07:43:48,244 : INFO : Machine : Shutting down...
2023-01-25 07:43:48,244 : INFO : EventManager : Event: ======'shutdown'====== Args={}
2023-01-25 07:43:48,248 : INFO : EventManager : Event: ======'mode_game_will_stop'====== Args={}
2023-01-25 07:43:48,248 : INFO : EventManager : Event: ======'mode_game_stopping'====== Args={}
2023-01-25 07:43:48,249 : INFO : Mode.game : Stopped.
2023-01-25 07:43:48,249 : INFO : EventManager : Event: ======'modes_active_modes_changed'====== Args={}
2023-01-25 07:43:48,250 : INFO : EventManager : Event: ======'mode_game_stopped'====== Args={}
2023-01-25 07:43:48,250 : INFO : EventManager : Event: ======'clear'====== Args={'key': 'game'}
2023-01-25 07:43:48,252 : ERROR : OPP : Stop called on serial connection com3
2023-01-25 07:43:48,257 : ERROR : OPP : Stop called on serial connection com4
2023-01-25 07:43:48,257 : ERROR : asyncio : Exception in callback Util.raise_exceptions(<Task finishe...ection lost')>) at C:\Users\ruben\.local\pipx\venvs\mpf\lib\site-packages\mpf\core\utility_functions.py:759
handle: <Handle Util.raise_exceptions(<Task finishe...ection lost')>) at C:\Users\ruben\.local\pipx\venvs\mpf\lib\site-packages\mpf\core\utility_functions.py:759>
Traceback (most recent call last):
  File "C:\Users\ruben\AppData\Local\Programs\Python\Python39\lib\asyncio\events.py", line 80, in _run
    self._context.run(self._callback, *self._args)
  File "C:\Users\ruben\.local\pipx\venvs\mpf\lib\site-packages\mpf\core\utility_functions.py", line 767, in raise_exceptions
    future.result()
  File "C:\Users\ruben\.local\pipx\venvs\mpf\lib\site-packages\mpf\platforms\opp\opp.py", line 965, in _poll_sender
    await self.opp_connection[chain_serial].writer.drain()
  File "C:\Users\ruben\AppData\Local\Programs\Python\Python39\lib\asyncio\streams.py", line 387, in drain
    await self._protocol._drain_helper()
  File "C:\Users\ruben\AppData\Local\Programs\Python\Python39\lib\asyncio\streams.py", line 190, in _drain_helper
    raise ConnectionResetError('Connection lost')
ConnectionResetError: Connection lost
2023-01-25 07:43:48,545 : WARNING : OPP : Poll took more than 250.0ms for 0
2023-01-25 07:43:48,546 : ERROR : asyncio : Exception in callback Util.raise_exceptions(<Task finishe...ute 'write'")>) at C:\Users\ruben\.local\pipx\venvs\mpf\lib\site-packages\mpf\core\utility_functions.py:759
handle: <Handle Util.raise_exceptions(<Task finishe...ute 'write'")>) at C:\Users\ruben\.local\pipx\venvs\mpf\lib\site-packages\mpf\core\utility_functions.py:759>
Traceback (most recent call last):
  File "C:\Users\ruben\AppData\Local\Programs\Python\Python39\lib\asyncio\events.py", line 80, in _run
    self._context.run(self._callback, *self._args)
  File "C:\Users\ruben\.local\pipx\venvs\mpf\lib\site-packages\mpf\core\utility_functions.py", line 767, in raise_exceptions
    future.result()
  File "C:\Users\ruben\.local\pipx\venvs\mpf\lib\site-packages\mpf\platforms\opp\opp.py", line 964, in _poll_sender
    self.send_to_processor(chain_serial, self.read_input_msg[chain_serial])
  File "C:\Users\ruben\.local\pipx\venvs\mpf\lib\site-packages\mpf\platforms\opp\opp.py", line 345, in send_to_processor
    self.opp_connection[chain_serial].send(msg)
  File "C:\Users\ruben\.local\pipx\venvs\mpf\lib\site-packages\mpf\platforms\base_serial_communicator.py", line 160, in send
    self.writer.write(msg)
AttributeError: 'NoneType' object has no attribute 'write'
2023-01-25 07:43:48,567 : INFO : root : MPF run loop ended.
