2023-01-30 06:45:45,505 : kivy : Factory: 189 symbols loaded
2023-01-30 06:45:46,462 : kivy : ImageLoaderFFPy: Using ffpyplayer 4.3.5
2023-01-30 06:45:46,462 : kivy : Image: Providers: img_tex, img_dds, img_sdl2, img_pil, img_ffpyplayer 
2023-01-30 06:45:46,845 : kivy : VideoGstplayer: Using Gstreamer 1.18.5.0
2023-01-30 06:45:46,845 : kivy : Video: Provider: gstplayer
2023-01-30 06:45:47,250 : kivy : Loading MPF-MC controller
2023-01-30 06:45:47,254 : YamlMultifileConfigLoader : Machine config file #1: config
2023-01-30 06:45:47,255 : ConfigProcessor : Config file in cache changed: C:\pinball\my_machine\config\config
2023-01-30 06:45:47,256 : ConfigProcessor : Loading config from file C:\Users\ruben\.local\pipx\venvs\mpf\lib\site-packages\mpfmc\mcconfig.yaml.
2023-01-30 06:45:47,316 : ConfigProcessor : Loading config: C:\Users\ruben\.local\pipx\venvs\mpf\lib\site-packages\mpfmc\mcconfig.yaml
2023-01-30 06:45:47,317 : ConfigProcessor : Loading config from file C:\pinball\my_machine\config\config.
2023-01-30 06:45:47,355 : ConfigProcessor : Loading config: C:\pinball\my_machine\config\config
2023-01-30 06:45:47,357 : ConfigProcessor : Config file cache created: C:\Users\ruben\AppData\Local\Temp\5edbcd24fbe704f5401fb4c9e1e1d8f8.mpf_cache
2023-01-30 06:45:47,357 : ConfigProcessor : Loading config from cache: C:\Users\ruben\AppData\Local\Temp\67cf8ffee0fce2d4fcb5ef0bb894d8de.mpf_cache
2023-01-30 06:45:47,358 : ConfigProcessor : Loading config from cache: C:\Users\ruben\AppData\Local\Temp\25321780674732dcacb77a8f5b2a53cd.mpf_cache
2023-01-30 06:45:47,359 : mpfmc : Mission Pinball Framework Media Controller v0.56.1
2023-01-30 06:45:47,359 : mpfmc : Mission Pinball Framework Game Engine v0.56.0
2023-01-30 06:45:47,359 : mpfmc : Machine path: C:\pinball\my_machine
2023-01-30 06:45:47,359 : mpfmc : Starting clock at 60.0Hz
2023-01-30 06:45:47,450 : kivy : Text: Provider: sdl2
2023-01-30 06:45:47,588 : kivy : Window: Provider: sdl2
2023-01-30 06:45:49,072 : kivy : GL: Using the "OpenGL" graphics system
2023-01-30 06:45:49,087 : kivy : GL: GLEW initialization succeeded
2023-01-30 06:45:49,088 : kivy : GL: Backend used <glew>
2023-01-30 06:45:49,088 : kivy : GL: OpenGL version <b'4.5.0 NVIDIA 376.54'>
2023-01-30 06:45:49,088 : kivy : GL: OpenGL vendor <b'NVIDIA Corporation'>
2023-01-30 06:45:49,088 : kivy : GL: OpenGL renderer <b'GeForce GT 630M/PCIe/SSE2'>
2023-01-30 06:45:49,089 : kivy : GL: OpenGL parsed version: 4, 5
2023-01-30 06:45:49,089 : kivy : GL: Shading version <b'4.50 NVIDIA'>
2023-01-30 06:45:49,089 : kivy : GL: Texture max size <16384>
2023-01-30 06:45:49,089 : kivy : GL: Texture max units <32>
2023-01-30 06:45:49,214 : kivy : Window: auto add sdl2 input provider
2023-01-30 06:45:49,215 : kivy : Window: virtual keyboard not allowed, single mode, not docked
2023-01-30 06:45:49,236 : SoundSystem : SoundSystem: Using default 'sound_system' settings
2023-01-30 06:45:51,985 : AudioInterface : Initialized
2023-01-30 06:45:51,985 : AudioInterface : Loaded SDL 2.0.20
2023-01-30 06:45:51,985 : AudioInterface : Loaded SDL_Mixer 2.0.4
2023-01-30 06:45:51,985 : AudioInterface : Loaded GStreamer 1.18.5.0
2023-01-30 06:45:51,986 : AudioInterface : Loaded GLib 2.62.6
2023-01-30 06:45:51,986 : AudioInterface : Settings requested - rate: 44100, channels: 1, buffer: 2048 samples
2023-01-30 06:45:51,986 : AudioInterface : Settings in use - rate: 44100, channels: 1, buffer: 2048 samples (4096 bytes @ 2 bytes per sample)
2023-01-30 06:45:51,987 : SoundSystem : No audio tracks are specified in your machine config file. a track named 'default' has been created.
2023-01-30 06:45:51,987 : SoundSystem : Setting master volume to 0.0
2023-01-30 06:45:51,987 : SoundSystem : master_volume in sound_system is deprecated and will be removed in the future.
2023-01-30 06:45:51,987 : AudioInterface : Enabling audio playback
2023-01-30 06:45:51,990 : kivy : Base: Start application main loop
2023-01-30 06:45:51,990 : EventManager : Event: ======'display_window_initialized'====== Args={}
2023-01-30 06:45:51,998 : mpfmc : Display: Setting 'window' as default display
2023-01-30 06:45:52,012 : EventManager : Event: ======'displays_initialized'====== Args={}
2023-01-30 06:45:52,014 : EventManager : Event: ======'slide_window_blank_created'====== Args={}
2023-01-30 06:45:52,015 : EventManager : Event: ======'display_window_ready'====== Args={}
2023-01-30 06:45:52,046 : EventManager : Event: ======'init_phase_1'====== Args={}
2023-01-30 06:45:52,052 : EventManager : Event: ======'mc_ready'====== Args={}
2023-01-30 06:45:52,052 : EventManager : Event: ======'init_phase_2'====== Args={}
2023-01-30 06:45:52,054 : EventManager : Event: ======'init_phase_3'====== Args={}
2023-01-30 06:45:52,056 : EventManager : Event: ======'init_phase_4'====== Args={}
2023-01-30 06:45:52,056 : EventManager : Event: ======'init_phase_5'====== Args={}
2023-01-30 06:45:52,056 : EventManager : Event: ======'init_done'====== Args={}
2023-01-30 06:45:52,057 : MPF-MC BCP Server : Starting up on localhost port 5050
2023-01-30 06:45:52,062 : MPF-MC BCP Server : Waiting for a connection...
2023-01-30 06:45:52,062 : mpfmc : SlidePlayer: Play called with settings={'slides': {welcome_slide-None-None: {'priority': None, 'target': None, 'background_color': [0.0, 0.0, 0.0, 1.0], 'show': True, 'force': False, 'expire': None, 'slide': None, 'tokens': {}, 'action': 'play', 'transition': None, 'transition_out': None}}}
2023-01-30 06:45:52,139 : kivy : GL: NPOT texture support is available
2023-01-30 06:45:52,141 : EventManager : Event: ======'slide_welcome_slide_created'====== Args={}
2023-01-30 06:45:52,145 : EventManager : Event: ======'slide_welcome_slide_active'====== Args={}
2023-01-30 06:45:52,154 : EventManager : Event: ======'client_disconnected'====== Args={'host': '127.0.0.1', 'port': 5050}
2023-01-30 06:45:53,885 : kivy : Base: Leaving application in progress...
2023-01-30 06:45:53,886 : mpfmc : Stopping...
2023-01-30 06:45:53,886 : EventManager : Event: ======'shutdown'====== Args={}
2023-01-30 06:45:53,886 : AudioInterface : Disabling audio playback
2023-01-30 06:45:54,019 : mpfmc : Loop rate 64.02 Hz
2023-01-30 06:45:54,020 : kivy : MC run loop ended.
2023-01-30 06:45:54,020 : kivy : Stopping child threads... (2 remaining)
2023-01-30 06:45:54,063 : MPF-MC BCP Server : Stopping BCP sending thread
2023-01-30 06:45:54,064 : MPF-MC BCP Server : Stopping BCP listener thread
2023-01-30 06:45:54,122 : kivy : All child threads stopped.
