2023-01-25 07:06:40,543 : INFO : root : Loading config.
2023-01-25 07:06:40,543 : INFO : YamlMultifileConfigLoader : Machine config file #1: config.yaml
2023-01-25 07:06:40,543 : WARNING : ConfigProcessor : Config file in cache changed: C:\pinball\my_machine\config\config.yaml
2023-01-25 07:06:40,543 : INFO : ConfigProcessor : Loading config from file C:\Users\ruben\.local\pipx\venvs\mpf\lib\site-packages\mpf\mpfconfig.yaml.
2023-01-25 07:06:40,643 : INFO : ConfigProcessor : Loading config: C:\Users\ruben\.local\pipx\venvs\mpf\lib\site-packages\mpf\mpfconfig.yaml
2023-01-25 07:06:40,643 : INFO : ConfigProcessor : Loading config from file C:\pinball\my_machine\config\config.yaml.
2023-01-25 07:06:40,658 : INFO : ConfigProcessor : Loading config: C:\pinball\my_machine\config\config.yaml
2023-01-25 07:06:40,658 : INFO : ConfigProcessor : Config file cache created: C:\Users\ruben\AppData\Local\Temp\a17888e5e1df298d67e07ada0b1bff4a.mpf_cache
2023-01-25 07:06:40,759 : INFO : ConfigProcessor : Loading config from cache: C:\Users\ruben\AppData\Local\Temp\67cf8ffee0fce2d4fcb5ef0bb894d8de.mpf_cache
2023-01-25 07:06:40,759 : INFO : ConfigProcessor : Loading config from cache: C:\Users\ruben\AppData\Local\Temp\25321780674732dcacb77a8f5b2a53cd.mpf_cache
2023-01-25 07:06:40,759 : INFO : Machine : Mission Pinball Framework Core Engine v0.56.0
2023-01-25 07:06:40,759 : INFO : Machine : Command line arguments: {'no_load_cache': False, 'create_config_cache': True, 'bcp': True, 'configfile': ['config.yaml'], 'force_assets_load': False, 'jsonlogging': False, 'logfile': 'logs\\2023-01-25-07-06-40-mpf-DESKTOP-11MEIVG.log', 'pause': False, 'production': False, 'text_ui': False, 'loglevel': 15, 'consoleloglevel': 20, 'force_platform': None, 'syslog_address': None, 'mc_file_name': None, 'no_sound': False}
2023-01-25 07:06:40,759 : INFO : Machine : MPF path: C:\Users\ruben\.local\pipx\venvs\mpf\lib\site-packages\mpf
2023-01-25 07:06:40,759 : INFO : Machine : Machine path: C:\pinball\my_machine
2023-01-25 07:06:40,759 : INFO : Machine : Platform: win32
2023-01-25 07:06:40,759 : INFO : Machine : Python executable location: C:\Users\ruben\.local\pipx\venvs\mpf\Scripts\python.exe
2023-01-25 07:06:40,759 : INFO : Machine : Python version: 3.9.13 (64-bit)
2023-01-25 07:06:40,759 : INFO : Machine : Initialise MPF.
2023-01-25 07:06:40,859 : INFO : OPP : Connecting to com3 at 115200bps
2023-01-25 07:06:41,022 : INFO : OPP : Init of OPP board 1 done
2023-01-25 07:06:41,022 : INFO : OPP : Connecting to com4 at 115200bps
2023-01-25 07:06:41,107 : INFO : OPP : Init of OPP board 0 done
2023-01-25 07:06:41,107 : INFO : EventManager : Event: ======'machine_var_credits_string'====== Args={'value': 'FREE PLAY', 'prev_value': None, 'change': True}
2023-01-25 07:06:41,191 : INFO : EventManager : Event: ======'machine_var_master_volume'====== Args={'value': 0.5, 'prev_value': None, 'change': True}
2023-01-25 07:06:41,191 : INFO : EventManager : Event: ======'machine_var_mpf_version'====== Args={'value': 'MPF v0.56.0', 'prev_value': None, 'change': True}
2023-01-25 07:06:41,191 : INFO : EventManager : Event: ======'machine_var_mpf_extended_version'====== Args={'value': 'MPF v0.56.0, Config version:5, Show version: 5, BCP version:1.1', 'prev_value': None, 'change': True}
2023-01-25 07:06:41,191 : INFO : EventManager : Event: ======'machine_var_python_version'====== Args={'value': '3.9.13', 'prev_value': None, 'change': True}
2023-01-25 07:06:41,207 : INFO : EventManager : Event: ======'machine_var_platform'====== Args={'value': 'Windows-10-10.0.19045-SP0', 'prev_value': None, 'change': True}
2023-01-25 07:06:41,207 : INFO : EventManager : Event: ======'machine_var_platform_system'====== Args={'value': 'Windows', 'prev_value': None, 'change': True}
2023-01-25 07:06:41,207 : INFO : EventManager : Event: ======'machine_var_platform_release'====== Args={'value': '10', 'prev_value': None, 'change': True}
2023-01-25 07:06:41,207 : INFO : EventManager : Event: ======'machine_var_platform_version'====== Args={'value': '10.0.19045', 'prev_value': None, 'change': True}
2023-01-25 07:06:41,207 : INFO : EventManager : Event: ======'machine_var_platform_machine'====== Args={'value': 'AMD64', 'prev_value': None, 'change': True}
2023-01-25 07:06:41,207 : INFO : EventManager : Event: ======'init_phase_1'====== Args={}
2023-01-25 07:06:41,222 : INFO : EventManager : Event: ======'init_phase_2'====== Args={}
2023-01-25 07:06:41,222 : INFO : EventManager : Event: ======'bcp_connection_attempt'====== Args={'name': 'local_display', 'host': 'localhost', 'port': 5050}
2023-01-25 07:06:41,222 : INFO : BCPClientSocket : Connecting BCP to 'local_display' at localhost:5050...
2023-01-25 07:07:00,556 : INFO : Machine : Starting the main run loop.
2023-01-25 07:07:00,556 : INFO : Machine : Shutting down...
2023-01-25 07:07:00,556 : INFO : EventManager : Event: ======'shutdown'====== Args={}
2023-01-25 07:07:00,556 : ERROR : OPP : Stop called on serial connection com3
2023-01-25 07:07:00,556 : ERROR : OPP : Stop called on serial connection com4
2023-01-25 07:07:01,612 : INFO : root : MPF run loop ended.
