2023-02-25 08:51:48,696 : kivy : Factory: 189 symbols loaded
2023-02-25 08:51:50,326 : kivy : ImageLoaderFFPy: Using ffpyplayer 4.3.5
2023-02-25 08:51:50,327 : kivy : Image: Providers: img_tex, img_dds, img_sdl2, img_pil, img_ffpyplayer 
2023-02-25 08:51:51,040 : kivy : VideoGstplayer: Using Gstreamer 1.18.5.0
2023-02-25 08:51:51,040 : kivy : Video: Provider: gstplayer
2023-02-25 08:51:51,860 : kivy : Loading MPF-MC controller
2023-02-25 08:51:51,870 : YamlMultifileConfigLoader : Machine config file #1: config
2023-02-25 08:51:51,871 : ConfigProcessor : Config file in cache changed: C:\pinball\my_machine\config\config
2023-02-25 08:51:51,872 : ConfigProcessor : Loading config from file C:\Users\ruben\.local\pipx\venvs\mpf\lib\site-packages\mpfmc\mcconfig.yaml.
2023-02-25 08:51:51,989 : ConfigProcessor : Loading config: C:\Users\ruben\.local\pipx\venvs\mpf\lib\site-packages\mpfmc\mcconfig.yaml
2023-02-25 08:51:51,990 : ConfigProcessor : Loading config from file C:\pinball\my_machine\config\config.
2023-02-25 08:51:52,041 : ConfigProcessor : Loading config: C:\pinball\my_machine\config\config
2023-02-25 08:51:52,043 : ConfigProcessor : Config file cache created: C:\Users\ruben\AppData\Local\Temp\5edbcd24fbe704f5401fb4c9e1e1d8f8.mpf_cache
2023-02-25 08:51:52,044 : ConfigProcessor : Loading config from cache: C:\Users\ruben\AppData\Local\Temp\67cf8ffee0fce2d4fcb5ef0bb894d8de.mpf_cache
2023-02-25 08:51:52,045 : ConfigProcessor : Loading config from cache: C:\Users\ruben\AppData\Local\Temp\25321780674732dcacb77a8f5b2a53cd.mpf_cache
2023-02-25 08:51:52,045 : mpfmc : Mission Pinball Framework Media Controller v0.56.1
2023-02-25 08:51:52,045 : mpfmc : Mission Pinball Framework Game Engine v0.56.0
2023-02-25 08:51:52,046 : mpfmc : Machine path: C:\pinball\my_machine
2023-02-25 08:51:52,046 : mpfmc : Starting clock at 60.0Hz
2023-02-25 08:51:52,211 : kivy : Text: Provider: sdl2
2023-02-25 08:51:52,856 : kivy : Window: Provider: sdl2
2023-02-25 08:51:56,663 : kivy : GL: Using the "OpenGL" graphics system
2023-02-25 08:51:56,680 : kivy : GL: GLEW initialization succeeded
2023-02-25 08:51:56,680 : kivy : GL: Backend used <glew>
2023-02-25 08:51:56,681 : kivy : GL: OpenGL version <b'4.5.0 NVIDIA 376.54'>
2023-02-25 08:51:56,681 : kivy : GL: OpenGL vendor <b'NVIDIA Corporation'>
2023-02-25 08:51:56,681 : kivy : GL: OpenGL renderer <b'GeForce GT 630M/PCIe/SSE2'>
2023-02-25 08:51:56,681 : kivy : GL: OpenGL parsed version: 4, 5
2023-02-25 08:51:56,682 : kivy : GL: Shading version <b'4.50 NVIDIA'>
2023-02-25 08:51:56,682 : kivy : GL: Texture max size <16384>
2023-02-25 08:51:56,682 : kivy : GL: Texture max units <32>
2023-02-25 08:51:56,828 : kivy : Window: auto add sdl2 input provider
2023-02-25 08:51:56,829 : kivy : Window: virtual keyboard not allowed, single mode, not docked
2023-02-25 08:51:56,931 : SoundSystem : SoundSystem: Using default 'sound_system' settings
2023-02-25 08:52:01,184 : AudioInterface : Initialized
2023-02-25 08:52:01,184 : AudioInterface : Loaded SDL 2.0.20
2023-02-25 08:52:01,184 : AudioInterface : Loaded SDL_Mixer 2.0.4
2023-02-25 08:52:01,184 : AudioInterface : Loaded GStreamer 1.18.5.0
2023-02-25 08:52:01,190 : AudioInterface : Loaded GLib 2.62.6
2023-02-25 08:52:01,190 : AudioInterface : Settings requested - rate: 44100, channels: 1, buffer: 2048 samples
2023-02-25 08:52:01,190 : AudioInterface : Settings in use - rate: 44100, channels: 1, buffer: 2048 samples (4096 bytes @ 2 bytes per sample)
2023-02-25 08:52:01,191 : SoundSystem : No audio tracks are specified in your machine config file. a track named 'default' has been created.
2023-02-25 08:52:01,191 : SoundSystem : Setting master volume to 0.0
2023-02-25 08:52:01,191 : SoundSystem : master_volume in sound_system is deprecated and will be removed in the future.
2023-02-25 08:52:01,191 : AudioInterface : Enabling audio playback
2023-02-25 08:52:01,195 : kivy : Base: Start application main loop
2023-02-25 08:52:01,196 : EventManager : Event: ======'display_window_initialized'====== Args={}
2023-02-25 08:52:01,392 : mpfmc : Display: Setting 'window' as default display
2023-02-25 08:52:01,407 : EventManager : Event: ======'displays_initialized'====== Args={}
2023-02-25 08:52:01,410 : EventManager : Event: ======'slide_window_blank_created'====== Args={}
2023-02-25 08:52:01,410 : EventManager : Event: ======'display_window_ready'====== Args={}
2023-02-25 08:52:01,443 : EventManager : Event: ======'init_phase_1'====== Args={}
2023-02-25 08:52:01,452 : EventManager : Event: ======'mc_ready'====== Args={}
2023-02-25 08:52:01,452 : EventManager : Event: ======'init_phase_2'====== Args={}
2023-02-25 08:52:01,455 : EventManager : Event: ======'init_phase_3'====== Args={}
2023-02-25 08:52:01,457 : EventManager : Event: ======'init_phase_4'====== Args={}
2023-02-25 08:52:01,458 : EventManager : Event: ======'init_phase_5'====== Args={}
2023-02-25 08:52:01,458 : EventManager : Event: ======'init_done'====== Args={}
2023-02-25 08:52:01,458 : MPF-MC BCP Server : Starting up on localhost port 5050
2023-02-25 08:52:01,467 : MPF-MC BCP Server : Waiting for a connection...
2023-02-25 08:52:01,467 : mpfmc : SlidePlayer: Play called with settings={'slides': {welcome_slide-None-None: {'priority': None, 'target': None, 'background_color': [0.0, 0.0, 0.0, 1.0], 'show': True, 'force': False, 'expire': None, 'slide': None, 'tokens': {}, 'action': 'play', 'transition': None, 'transition_out': None}}}
2023-02-25 08:52:01,503 : kivy : GL: NPOT texture support is available
2023-02-25 08:52:01,506 : EventManager : Event: ======'slide_welcome_slide_created'====== Args={}
2023-02-25 08:52:01,514 : EventManager : Event: ======'slide_welcome_slide_active'====== Args={}
2023-02-25 08:52:01,536 : EventManager : Event: ======'client_disconnected'====== Args={'host': '127.0.0.1', 'port': 5050}
2023-02-25 08:52:01,546 : MPF-MC BCP Server : Received connection from: 127.0.0.1:49881
2023-02-25 08:52:01,549 : EventManager : Event: ======'client_connected'====== Args={'host': '127.0.0.1', 'port': 49881}
2023-02-25 08:52:01,575 : EventManager : Event: ======'machine_var_credits_string'====== Args={'value': 'FREE PLAY', 'prev_value': None, 'change': True}
2023-02-25 08:52:01,575 : EventManager : Event: ======'machine_var_master_volume'====== Args={'value': 0.5, 'prev_value': None, 'change': True}
2023-02-25 08:52:01,575 : EventManager : Event: ======'machine_var_player1_score'====== Args={'value': 0, 'prev_value': None, 'change': True}
2023-02-25 08:52:01,575 : EventManager : Event: ======'machine_var_mpf_version'====== Args={'value': 'MPF v0.56.0', 'prev_value': None, 'change': True}
2023-02-25 08:52:01,576 : EventManager : Event: ======'machine_var_mpf_extended_version'====== Args={'value': 'MPF v0.56.0, Config version:5, Show version: 5, BCP version:1.1', 'prev_value': None, 'change': True}
2023-02-25 08:52:01,576 : EventManager : Event: ======'machine_var_python_version'====== Args={'value': '3.9.13', 'prev_value': None, 'change': True}
2023-02-25 08:52:01,576 : EventManager : Event: ======'machine_var_platform'====== Args={'value': 'Windows-10-10.0.19045-SP0', 'prev_value': None, 'change': True}
2023-02-25 08:52:01,576 : EventManager : Event: ======'machine_var_platform_system'====== Args={'value': 'Windows', 'prev_value': None, 'change': True}
2023-02-25 08:52:01,576 : EventManager : Event: ======'machine_var_platform_release'====== Args={'value': '10', 'prev_value': None, 'change': True}
2023-02-25 08:52:01,577 : EventManager : Event: ======'machine_var_platform_version'====== Args={'value': '10.0.19045', 'prev_value': None, 'change': True}
2023-02-25 08:52:01,577 : EventManager : Event: ======'machine_var_platform_machine'====== Args={'value': 'AMD64', 'prev_value': None, 'change': True}
2023-02-25 08:52:01,577 : EventManager : Event: ======'machine_var_mc_version'====== Args={'value': 'MPF-MC v0.56.1', 'prev_value': None, 'change': True}
2023-02-25 08:52:01,577 : EventManager : Event: ======'machine_var_mc_extended_version'====== Args={'value': 'MPF-MC v0.56.1 (config_version=5, BCP v1.1,                      Requires MPF API compatibility v0.56.0 or newer)', 'prev_value': None, 'change': True}
2023-02-25 08:52:01,578 : SoundSystem : Setting master volume to 0.5
2023-02-25 08:52:01,638 : EventManager : Event: ======'machine_var_audits_events_game_ended'====== Args={'value': 49, 'prev_value': None, 'change': True}
2023-02-25 08:52:01,639 : EventManager : Event: ======'machine_var_audits_events_game_started'====== Args={'value': 73, 'prev_value': None, 'change': True}
2023-02-25 08:52:01,639 : EventManager : Event: ======'machine_var_audits_player_score'====== Args={'value': {'average': 0.0, 'top': [0, 0, 0, 0, 0, 0, 0, 0, 0, 0], 'total': 49}, 'prev_value': None, 'change': True}
2023-02-25 08:52:01,640 : EventManager : Event: ======'machine_var_audits_switches_s_drop_bank1'====== Args={'value': 140, 'prev_value': None, 'change': True}
2023-02-25 08:52:01,640 : EventManager : Event: ======'machine_var_audits_switches_s_left_flipper'====== Args={'value': 1759, 'prev_value': None, 'change': True}
2023-02-25 08:52:01,640 : EventManager : Event: ======'machine_var_audits_switches_s_left_slingshot'====== Args={'value': 253, 'prev_value': None, 'change': True}
2023-02-25 08:52:01,640 : EventManager : Event: ======'machine_var_audits_switches_s_pop_bot'====== Args={'value': 421, 'prev_value': None, 'change': True}
2023-02-25 08:52:01,640 : EventManager : Event: ======'machine_var_audits_switches_s_pop_mid'====== Args={'value': 348, 'prev_value': None, 'change': True}
2023-02-25 08:52:01,640 : EventManager : Event: ======'machine_var_audits_switches_s_pop_top'====== Args={'value': 293, 'prev_value': None, 'change': True}
2023-02-25 08:52:01,641 : EventManager : Event: ======'machine_var_audits_switches_s_right_flipper'====== Args={'value': 1827, 'prev_value': None, 'change': True}
2023-02-25 08:52:01,641 : EventManager : Event: ======'machine_var_audits_switches_s_right_inlane'====== Args={'value': 0, 'prev_value': None, 'change': True}
2023-02-25 08:52:01,641 : EventManager : Event: ======'machine_var_audits_switches_s_right_slingshot'====== Args={'value': 238, 'prev_value': None, 'change': True}
2023-02-25 08:52:01,641 : EventManager : Event: ======'machine_var_audits_switches_s_scoop_lower'====== Args={'value': 215, 'prev_value': None, 'change': True}
2023-02-25 08:52:01,641 : EventManager : Event: ======'machine_var_audits_switches_s_startButton'====== Args={'value': 11, 'prev_value': None, 'change': True}
2023-02-25 08:52:01,641 : EventManager : Event: ======'machine_var_audits_switches_s_trough1'====== Args={'value': 292, 'prev_value': None, 'change': True}
2023-02-25 08:52:01,675 : EventManager : Event: ======'slides_play'====== Args={'settings': {'welcome_slide': {'target': None, 'background_color': [0.0, 0.0, 0.0, 1.0], 'priority': None, 'show': True, 'force': False, 'expire': None, 'slide': None, 'tokens': {}, 'action': 'play'}}, 'context': '_global', 'calling_context': 'init_done', 'priority': 0}
2023-02-25 08:52:01,675 : EventManager : Event: ======'mc_reset_phase_1'====== Args={}
2023-02-25 08:52:01,675 : mpfmc : SlidePlayer: Play called with settings={'welcome_slide': {'target': None, 'background_color': [0.0, 0.0, 0.0, 1.0], 'priority': None, 'show': True, 'force': False, 'expire': None, 'slide': None, 'tokens': {}, 'action': 'play'}}
2023-02-25 08:52:01,676 : EventManager : Event: ======'slide_welcome_slide_removed'====== Args={}
2023-02-25 08:52:01,682 : EventManager : Event: ======'slide_welcome_slide_created'====== Args={}
2023-02-25 08:52:01,683 : EventManager : Event: ======'mc_reset_phase_2'====== Args={}
2023-02-25 08:52:01,683 : EventManager : Event: ======'mc_reset_phase_3'====== Args={}
2023-02-25 08:52:01,683 : EventManager : Event: ======'mc_reset_complete'====== Args={}
2023-02-25 08:52:01,684 : EventManager : Event: ======'slide_welcome_slide_active'====== Args={}
2023-02-25 08:52:01,707 : EventManager : Event: ======'slides_play'====== Args={'settings': {'attract_started': {'target': None, 'background_color': [0.0, 0.0, 0.0, 1.0], 'priority': None, 'show': True, 'force': False, 'expire': None, 'slide': None, 'tokens': {}, 'action': 'play'}}, 'context': '_global', 'calling_context': 'mode_attract_started', 'priority': 0}
2023-02-25 08:52:01,707 : mpfmc : SlidePlayer: Play called with settings={'attract_started': {'target': None, 'background_color': [0.0, 0.0, 0.0, 1.0], 'priority': None, 'show': True, 'force': False, 'expire': None, 'slide': None, 'tokens': {}, 'action': 'play'}}
2023-02-25 08:52:01,718 : EventManager : Event: ======'slide_attract_started_created'====== Args={}
2023-02-25 08:52:01,722 : EventManager : Event: ======'slide_attract_started_active'====== Args={}
2023-02-25 08:53:30,087 : kivy : Base: Leaving application in progress...
2023-02-25 08:53:30,088 : mpfmc : Stopping...
2023-02-25 08:53:30,088 : EventManager : Event: ======'shutdown'====== Args={}
2023-02-25 08:53:30,088 : AudioInterface : Disabling audio playback
2023-02-25 08:53:30,198 : mpfmc : Loop rate 69.72 Hz
2023-02-25 08:53:30,198 : kivy : MC run loop ended.
2023-02-25 08:53:30,198 : kivy : Stopping child threads... (3 remaining)
2023-02-25 08:53:30,935 : mpfmc : Stopping...
2023-02-25 08:53:30,935 : EventManager : Event: ======'shutdown'====== Args={}
2023-02-25 08:53:30,935 : mpfmc : Loop rate 69.14 Hz
2023-02-25 08:53:30,946 : MPF-MC BCP Server : Stopping BCP sending thread
2023-02-25 08:53:31,006 : kivy : All child threads stopped.
