2023-01-25 09:44:14,281 : INFO : root : Loading config.
2023-01-25 09:44:14,296 : INFO : YamlMultifileConfigLoader : Machine config file #1: config.yaml
2023-01-25 09:44:14,296 : WARNING : ConfigProcessor : Config file in cache changed: C:\pinball\my_machine\config\config.yaml
2023-01-25 09:44:14,296 : INFO : ConfigProcessor : Loading config from file C:\Users\ruben\.local\pipx\venvs\mpf\lib\site-packages\mpf\mpfconfig.yaml.
2023-01-25 09:44:14,394 : INFO : ConfigProcessor : Loading config: C:\Users\ruben\.local\pipx\venvs\mpf\lib\site-packages\mpf\mpfconfig.yaml
2023-01-25 09:44:14,394 : INFO : ConfigProcessor : Loading config from file C:\pinball\my_machine\config\config.yaml.
2023-01-25 09:44:14,425 : INFO : ConfigProcessor : Loading config: C:\pinball\my_machine\config\config.yaml
2023-01-25 09:44:14,425 : INFO : ConfigProcessor : Config file cache created: C:\Users\ruben\AppData\Local\Temp\a17888e5e1df298d67e07ada0b1bff4a.mpf_cache
2023-01-25 09:44:14,550 : INFO : ConfigProcessor : Loading config from cache: C:\Users\ruben\AppData\Local\Temp\67cf8ffee0fce2d4fcb5ef0bb894d8de.mpf_cache
2023-01-25 09:44:14,550 : INFO : ConfigProcessor : Loading config from cache: C:\Users\ruben\AppData\Local\Temp\25321780674732dcacb77a8f5b2a53cd.mpf_cache
2023-01-25 09:44:14,566 : INFO : Machine : Mission Pinball Framework Core Engine v0.56.0
2023-01-25 09:44:14,566 : INFO : Machine : Command line arguments: {'no_load_cache': False, 'create_config_cache': True, 'bcp': True, 'configfile': ['config.yaml'], 'force_assets_load': False, 'jsonlogging': False, 'logfile': 'logs\\2023-01-25-09-44-14-mpf-DESKTOP-11MEIVG.log', 'pause': False, 'production': False, 'text_ui': True, 'loglevel': 15, 'consoleloglevel': 20, 'force_platform': None, 'syslog_address': None, 'mc_file_name': None, 'no_sound': False}
2023-01-25 09:44:14,566 : INFO : Machine : MPF path: C:\Users\ruben\.local\pipx\venvs\mpf\lib\site-packages\mpf
2023-01-25 09:44:14,566 : INFO : Machine : Machine path: C:\pinball\my_machine
2023-01-25 09:44:14,566 : INFO : Machine : Platform: win32
2023-01-25 09:44:14,566 : INFO : Machine : Python executable location: C:\Users\ruben\.local\pipx\venvs\mpf\Scripts\python.exe
2023-01-25 09:44:14,566 : INFO : Machine : Python version: 3.9.13 (64-bit)
2023-01-25 09:44:14,566 : INFO : Machine : Initialise MPF.
2023-01-25 09:44:14,851 : INFO : OPP : Connecting to com3 at 115200bps
2023-01-25 09:44:15,024 : INFO : OPP : Init of OPP board 1 done
2023-01-25 09:44:15,024 : INFO : OPP : Connecting to com4 at 115200bps
2023-01-25 09:44:15,135 : INFO : OPP : Init of OPP board 0 done
2023-01-25 09:44:15,136 : INFO : EventManager : Event: ======'machine_var_credits_string'====== Args={'value': 'FREE PLAY', 'prev_value': None, 'change': True}
2023-01-25 09:44:15,213 : INFO : EventManager : Event: ======'machine_var_master_volume'====== Args={'value': 0.5, 'prev_value': None, 'change': True}
2023-01-25 09:44:15,214 : INFO : EventManager : Event: ======'machine_var_mpf_version'====== Args={'value': 'MPF v0.56.0', 'prev_value': None, 'change': True}
2023-01-25 09:44:15,214 : INFO : EventManager : Event: ======'machine_var_mpf_extended_version'====== Args={'value': 'MPF v0.56.0, Config version:5, Show version: 5, BCP version:1.1', 'prev_value': None, 'change': True}
2023-01-25 09:44:15,214 : INFO : EventManager : Event: ======'machine_var_python_version'====== Args={'value': '3.9.13', 'prev_value': None, 'change': True}
2023-01-25 09:44:15,232 : INFO : EventManager : Event: ======'machine_var_platform'====== Args={'value': 'Windows-10-10.0.19045-SP0', 'prev_value': None, 'change': True}
2023-01-25 09:44:15,232 : INFO : EventManager : Event: ======'machine_var_platform_system'====== Args={'value': 'Windows', 'prev_value': None, 'change': True}
2023-01-25 09:44:15,232 : INFO : EventManager : Event: ======'machine_var_platform_release'====== Args={'value': '10', 'prev_value': None, 'change': True}
2023-01-25 09:44:15,232 : INFO : EventManager : Event: ======'machine_var_platform_version'====== Args={'value': '10.0.19045', 'prev_value': None, 'change': True}
2023-01-25 09:44:15,232 : INFO : EventManager : Event: ======'machine_var_platform_machine'====== Args={'value': 'AMD64', 'prev_value': None, 'change': True}
2023-01-25 09:44:15,232 : INFO : EventManager : Event: ======'init_phase_1'====== Args={}
2023-01-25 09:44:15,266 : INFO : EventManager : Event: ======'init_phase_2'====== Args={}
2023-01-25 09:44:15,269 : INFO : EventManager : Event: ======'bcp_connection_attempt'====== Args={'name': 'local_display', 'host': 'localhost', 'port': 5050}
2023-01-25 09:44:15,271 : INFO : BCPClientSocket : Connecting BCP to 'local_display' at localhost:5050...
2023-01-25 09:44:17,312 : INFO : BCPClientSocket : Connected BCP to 'local_display' localhost:5050
2023-01-25 09:44:17,317 : INFO : EventManager : Event: ======'bcp_clients_connected'====== Args={}
2023-01-25 09:44:17,343 : INFO : ball_device.bd_trough : BCH: Initial count: 0
2023-01-25 09:44:17,345 : INFO : EventManager : Event: ======'machine_var_mc_version'====== Args={'value': 'MPF-MC v0.56.1', 'prev_value': None, 'change': True}
2023-01-25 09:44:17,345 : INFO : EventManager : Event: ======'machine_var_mc_extended_version'====== Args={'value': 'MPF-MC v0.56.1 (config_version=5, BCP v1.1,                      Requires MPF API compatibility v0.56.0 or newer)', 'prev_value': None, 'change': True}
2023-01-25 09:44:17,348 : INFO : ball_device.bd_trough : State: idle
2023-01-25 09:44:17,373 : INFO : ball_device.bd_scoop_lower : BCH: Initial count: 0
2023-01-25 09:44:17,374 : INFO : ball_device.bd_scoop_lower : State: idle
2023-01-25 09:44:17,404 : INFO : EventManager : Event: ======'init_phase_3'====== Args={}
2023-01-25 09:44:17,410 : INFO : EventManager : Event: ======'init_phase_4'====== Args={}
2023-01-25 09:44:17,410 : INFO : BallController : Initial balls found: 0
2023-01-25 09:44:17,413 : INFO : EventManager : Event: ======'machine_var_audits_events_game_ended'====== Args={'value': 0, 'prev_value': None, 'change': True}
2023-01-25 09:44:17,414 : INFO : EventManager : Event: ======'machine_var_audits_events_game_started'====== Args={'value': 12, 'prev_value': None, 'change': True}
2023-01-25 09:44:17,414 : INFO : EventManager : Event: ======'machine_var_audits_player_score'====== Args={'value': {'average': 0, 'top': [], 'total': 0}, 'prev_value': None, 'change': True}
2023-01-25 09:44:17,415 : INFO : EventManager : Event: ======'machine_var_audits_switches_s_left_flipper'====== Args={'value': 15, 'prev_value': None, 'change': True}
2023-01-25 09:44:17,415 : INFO : EventManager : Event: ======'machine_var_audits_switches_s_left_slingshot'====== Args={'value': 25, 'prev_value': None, 'change': True}
2023-01-25 09:44:17,416 : INFO : EventManager : Event: ======'machine_var_audits_switches_s_pop_bot'====== Args={'value': 48, 'prev_value': None, 'change': True}
2023-01-25 09:44:17,416 : INFO : EventManager : Event: ======'machine_var_audits_switches_s_pop_mid'====== Args={'value': 42, 'prev_value': None, 'change': True}
2023-01-25 09:44:17,417 : INFO : EventManager : Event: ======'machine_var_audits_switches_s_pop_top'====== Args={'value': 42, 'prev_value': None, 'change': True}
2023-01-25 09:44:17,417 : INFO : EventManager : Event: ======'machine_var_audits_switches_s_right_flipper'====== Args={'value': 25, 'prev_value': None, 'change': True}
2023-01-25 09:44:17,417 : INFO : EventManager : Event: ======'machine_var_audits_switches_s_right_inlane'====== Args={'value': 0, 'prev_value': None, 'change': True}
2023-01-25 09:44:17,418 : INFO : EventManager : Event: ======'machine_var_audits_switches_s_right_slingshot'====== Args={'value': 27, 'prev_value': None, 'change': True}
2023-01-25 09:44:17,418 : INFO : EventManager : Event: ======'machine_var_audits_switches_s_scoop_lower'====== Args={'value': 26, 'prev_value': None, 'change': True}
2023-01-25 09:44:17,420 : INFO : EventManager : Event: ======'machine_var_audits_switches_s_startButton'====== Args={'value': 2, 'prev_value': None, 'change': True}
2023-01-25 09:44:17,420 : INFO : EventManager : Event: ======'machine_var_audits_switches_s_trough1'====== Args={'value': 1, 'prev_value': None, 'change': True}
2023-01-25 09:44:17,422 : INFO : EventManager : Event: ======'init_phase_5'====== Args={}
2023-01-25 09:44:17,438 : INFO : EventManager : Event: ======'init_done'====== Args={}
2023-01-25 09:44:17,439 : INFO : EventManager : Event: ======'machine_reset_phase_1'====== Args={}
2023-01-25 09:44:17,457 : INFO : EventManager : Event: ======'slide_welcome_slide_removed'====== Args={'_from_bcp': True}
2023-01-25 09:44:17,457 : INFO : EventManager : Event: ======'slide_welcome_slide_created'====== Args={'_from_bcp': True}
2023-01-25 09:44:17,460 : INFO : EventManager : Event: ======'machine_reset_phase_2'====== Args={}
2023-01-25 09:44:17,460 : INFO : EventManager : Event: ======'slide_welcome_slide_active'====== Args={'_from_bcp': True}
2023-01-25 09:44:17,461 : INFO : EventManager : Event: ======'machine_reset_phase_3'====== Args={}
2023-01-25 09:44:17,462 : INFO : EventManager : Event: ======'reset_complete'====== Args={}
2023-01-25 09:44:17,463 : INFO : EventManager : Event: ======'mode_attract_will_start'====== Args={}
2023-01-25 09:44:17,463 : INFO : EventManager : Event: ======'mode_attract_starting'====== Args={}
2023-01-25 09:44:17,464 : INFO : Mode.attract : Started. Priority: 10
2023-01-25 09:44:17,464 : INFO : EventManager : Event: ======'modes_active_modes_changed'====== Args={}
2023-01-25 09:44:17,464 : INFO : EventManager : Event: ======'mode_attract_started'====== Args={}
2023-01-25 09:44:17,464 : INFO : EventManager : Event: ======'collecting_balls_complete'====== Args={}
2023-01-25 09:44:17,488 : INFO : EventManager : Event: ======'slide_attract_started_created'====== Args={'_from_bcp': True}
2023-01-25 09:44:17,488 : INFO : EventManager : Event: ======'slide_attract_started_active'====== Args={'_from_bcp': True}
2023-01-25 09:44:17,489 : INFO : Machine : Starting the main run loop.
2023-01-25 09:44:19,130 : INFO : SwitchController : <<<<<<< 's_trough1' active >>>>>>>
2023-01-25 09:44:19,626 : INFO : EventManager : Event: ======'balldevice_bd_trough_ball_count_changed'====== Args={'balls': 1}
2023-01-25 09:44:19,626 : INFO : ball_device.bd_trough : Received unexpected ball
2023-01-25 09:44:19,626 : INFO : EventManager : Event: ======'balldevice_captured_from_playfield'====== Args={'balls': 1}
2023-01-25 09:44:19,626 : INFO : EventManager : Event: ======'sw_playfield_active'====== Args={'balls': 1}
2023-01-25 09:44:19,627 : INFO : EventManager : Event: ======'playfield_active'====== Args={}
2023-01-25 09:44:19,627 : INFO : EventManager : Event: ======'unexpected_ball_on_playfield'====== Args={}
2023-01-25 09:44:19,627 : INFO : EventManager : Event: ======'playfield_ball_count_change'====== Args={'balls': -1, 'change': -1}
2023-01-25 09:44:19,628 : INFO : EventManager : Event: ======'balldevice_playfield_ball_enter'====== Args={'new_balls': 1, 'unclaimed_balls': 1, 'device': <playfield.playfield>}
2023-01-25 09:44:19,628 : INFO : EventManager : Event: ======'playfield_ball_count_change'====== Args={'balls': 0, 'change': 1}
2023-01-25 09:44:19,628 : INFO : BallController : Found a new ball which was captured from playfield. Known balls: 1
2023-01-25 09:44:19,628 : INFO : EventManager : Event: ======'found_new_ball'====== Args={}
2023-01-25 09:44:19,628 : INFO : EventManager : Event: ======'balldevice_bd_trough_ball_enter'====== Args={'new_balls': 1, 'unclaimed_balls': 1, 'new_available_balls': 1, 'device': <ball_device.bd_trough>}
2023-01-25 09:44:19,629 : INFO : EventManager : Event: ======'ball_drain'====== Args={'device': <ball_device.bd_trough>, 'balls': 1}
2023-01-25 09:44:19,629 : INFO : EventManager : Event: ======'balldevice_balls_available'====== Args={}
2023-01-25 09:44:19,629 : INFO : EventManager : Event: ======'balldevice_bd_trough_ball_entered'====== Args={'new_balls': 1, 'device': <ball_device.bd_trough>}
2023-01-25 09:44:20,037 : INFO : SwitchController : <<<<<<< 's_startButton' active >>>>>>>
2023-01-25 09:44:20,173 : INFO : SwitchController : <<<<<<< 's_startButton' inactive >>>>>>>
2023-01-25 09:44:20,174 : INFO : EventManager : Event: ======'request_to_start_game'====== Args={}
2023-01-25 09:44:20,175 : INFO : EventManager : Event: ======'game_start'====== Args={'buttons': [], 'hold_time': 0.13999999999941792}
2023-01-25 09:44:20,175 : INFO : EventManager : Event: ======'mode_game_will_start'====== Args={'buttons': [], 'hold_time': 0.13999999999941792}
2023-01-25 09:44:20,178 : INFO : EventManager : Event: ======'mode_game_starting'====== Args={'buttons': [], 'hold_time': 0.13999999999941792}
2023-01-25 09:44:20,178 : INFO : EventManager : Event: ======'mode_attract_will_stop'====== Args={}
2023-01-25 09:44:20,179 : INFO : EventManager : Event: ======'mode_attract_stopping'====== Args={}
2023-01-25 09:44:20,179 : INFO : Mode.attract : Stopped.
2023-01-25 09:44:20,179 : INFO : EventManager : Event: ======'modes_active_modes_changed'====== Args={}
2023-01-25 09:44:20,180 : INFO : EventManager : Event: ======'mode_attract_stopped'====== Args={}
2023-01-25 09:44:20,180 : INFO : EventManager : Event: ======'clear'====== Args={'key': 'attract'}
2023-01-25 09:44:20,181 : INFO : Mode.game : Started. Priority: 20
2023-01-25 09:44:20,181 : INFO : EventManager : Event: ======'modes_active_modes_changed'====== Args={}
2023-01-25 09:44:20,181 : INFO : EventManager : Event: ======'mode_game_started'====== Args={'buttons': [], 'hold_time': 0.13999999999941792}
2023-01-25 09:44:20,195 : INFO : EventManager : Event: ======'game_will_start'====== Args={}
2023-01-25 09:44:20,197 : INFO : EventManager : Event: ======'game_starting'====== Args={'game': <Mode.game>}
2023-01-25 09:44:20,200 : INFO : EventManager : Event: ======'player_add_request'====== Args={}
2023-01-25 09:44:20,200 : INFO : EventManager : Event: ======'player_will_add'====== Args={'number': 1}
2023-01-25 09:44:20,201 : INFO : EventManager : Event: ======'player_adding'====== Args={'player': <Player 1>, 'number': 1}
2023-01-25 09:44:20,201 : INFO : EventManager : Event: ======'player_added'====== Args={'player': <Player 1>, 'num': 1}
2023-01-25 09:44:20,201 : INFO : Mode.game : Player added successfully. Total players: 1
2023-01-25 09:44:20,202 : INFO : EventManager : Event: ======'player_index'====== Args={'value': 0, 'prev_value': 0, 'change': 0, 'player_num': 1}
2023-01-25 09:44:20,202 : INFO : EventManager : Event: ======'player_number'====== Args={'value': 1, 'prev_value': 1, 'change': 0, 'player_num': 1}
2023-01-25 09:44:20,202 : INFO : EventManager : Event: ======'player_score'====== Args={'value': 0, 'prev_value': 0, 'change': 0, 'player_num': 1}
2023-01-25 09:44:20,206 : INFO : EventManager : Event: ======'game_started'====== Args={}
2023-01-25 09:44:20,225 : INFO : EventManager : Event: ======'player_turn_will_start'====== Args={'player': <Player 1>, 'number': 1}
2023-01-25 09:44:20,226 : INFO : EventManager : Event: ======'player_turn_starting'====== Args={'player': <Player 1>, 'number': 1}
2023-01-25 09:44:20,227 : INFO : EventManager : Event: ======'player_ball'====== Args={'value': 1, 'prev_value': 0, 'change': 1, 'player_num': 1}
2023-01-25 09:44:20,228 : INFO : EventManager : Event: ======'player_turn_started'====== Args={'player': <Player 1>, 'number': 1}
2023-01-25 09:44:20,230 : INFO : EventManager : Event: ======'ball_will_start'====== Args={'player': 1, 'ball': 1, 'balls_remaining': 2, 'is_extra_ball': False}
2023-01-25 09:44:20,234 : INFO : EventManager : Event: ======'ball_starting'====== Args={'player': 1, 'ball': 1, 'balls_remaining': 2, 'is_extra_ball': False}
2023-01-25 09:44:20,235 : INFO : EventManager : Event: ======'balls_in_play'====== Args={'balls': 1}
2023-01-25 09:44:20,236 : INFO : EventManager : Event: ======'ball_started'====== Args={'player': 1, 'ball': 1, 'balls_remaining': 2, 'is_extra_ball': False}
2023-01-25 09:44:20,239 : INFO : EventManager : Event: ======'single_player_ball_started'====== Args={}
2023-01-25 09:44:20,241 : INFO : EventManager : Event: ======'ball_start_target'====== Args={'target': 'playfield'}
2023-01-25 09:44:20,242 : INFO : ball_device.bd_trough : Setting up player-controlled eject. Balls: 1, Target: <playfield.playfield>, player_controlled_eject_event: None
2023-01-25 09:44:20,242 : INFO : ball_device.bd_trough : Adding 1 ball(s) to the eject_queue with target <playfield.playfield>.
2023-01-25 09:44:20,242 : INFO : EventManager : Event: ======'balldevice_balls_available'====== Args={}
2023-01-25 09:44:20,244 : INFO : ball_device.bd_trough : State: waiting_for_target_ready
2023-01-25 09:44:20,244 : INFO : EventManager : Event: ======'balldevice_bd_trough_ball_eject_attempt'====== Args={'balls': 1, 'target': <playfield.playfield>, 'source': <ball_device.bd_trough>, 'mechanical_eject': False, 'num_attempts': 0}
2023-01-25 09:44:20,245 : INFO : ball_device.bd_trough : State: ejecting
2023-01-25 09:44:20,245 : INFO : ball_device.bd_trough : Ejecting ball to <playfield.playfield>
2023-01-25 09:44:20,246 : INFO : EventManager : Event: ======'balldevice_bd_trough_ejecting_ball'====== Args={'balls': 1, 'target': <playfield.playfield>, 'source': <ball_device.bd_trough>, 'mechanical_eject': False, 'num_attempts': 0}
2023-01-25 09:44:20,247 : INFO : EventManager : Event: ======'slide__global.slide_player-ball_started_created'====== Args={'_from_bcp': True}
2023-01-25 09:44:20,247 : INFO : EventManager : Event: ======'slide__global.slide_player-ball_started_active'====== Args={'_from_bcp': True}
2023-01-25 09:44:20,248 : INFO : ball_device.bd_trough : Wait for ball to leave device
2023-01-25 09:44:20,249 : INFO : coil.c_trough_eject : Pulsing Driver for 35ms (1.0 pulse_power)
2023-01-25 09:44:20,284 : INFO : SwitchController : <<<<<<< 's_trough1' inactive >>>>>>>
2023-01-25 09:44:20,289 : INFO : ball_device.bd_trough : State: ball_left
2023-01-25 09:44:20,289 : INFO : ball_device.bd_trough : Ball left
2023-01-25 09:44:20,289 : INFO : ball_device.bd_trough : Wait for confirm with timeout 10.0
2023-01-25 09:44:23,613 : INFO : SwitchController : <<<<<<< 's_pop_mid' active >>>>>>>
2023-01-25 09:44:23,614 : INFO : EventManager : Event: ======'playfield_active'====== Args={}
2023-01-25 09:44:23,614 : INFO : EventManager : Event: ======'machine_var_audits_switches_s_pop_mid'====== Args={'value': 43, 'prev_value': 42, 'change': 1}
2023-01-25 09:44:23,640 : INFO : ball_device.bd_trough : Got eject confirm
2023-01-25 09:44:23,641 : INFO : ball_device.bd_trough : Eject successful
2023-01-25 09:44:23,641 : INFO : EventManager : Event: ======'balldevice_bd_trough_ball_eject_success'====== Args={'balls': 1, 'target': <playfield.playfield>}
2023-01-25 09:44:23,643 : INFO : EventManager : Event: ======'balldevice_playfield_ball_enter'====== Args={'new_balls': 1, 'unclaimed_balls': 1, 'device': <playfield.playfield>}
2023-01-25 09:44:23,644 : INFO : EventManager : Event: ======'playfield_ball_count_change'====== Args={'balls': 1, 'change': 1}
2023-01-25 09:44:23,644 : INFO : SwitchController : <<<<<<< 's_pop_mid' inactive >>>>>>>
2023-01-25 09:44:23,646 : INFO : EventManager : Event: ======'balldevice_bd_trough_ball_count_changed'====== Args={'balls': 0}
2023-01-25 09:44:23,646 : INFO : ball_device.bd_trough : State: idle
2023-01-25 09:44:23,722 : INFO : SwitchController : <<<<<<< 's_pop_top' active >>>>>>>
2023-01-25 09:44:23,723 : INFO : EventManager : Event: ======'machine_var_audits_switches_s_pop_top'====== Args={'value': 43, 'prev_value': 42, 'change': 1}
2023-01-25 09:44:23,735 : INFO : SwitchController : <<<<<<< 's_pop_top' inactive >>>>>>>
2023-01-25 09:44:33,041 : INFO : SwitchController : <<<<<<< 's_pop_mid' active >>>>>>>
2023-01-25 09:44:33,042 : INFO : EventManager : Event: ======'machine_var_audits_switches_s_pop_mid'====== Args={'value': 44, 'prev_value': 43, 'change': 1}
2023-01-25 09:44:33,058 : INFO : SwitchController : <<<<<<< 's_pop_mid' inactive >>>>>>>
2023-01-25 09:44:34,209 : INFO : SwitchController : <<<<<<< 's_pop_mid' active >>>>>>>
2023-01-25 09:44:34,210 : INFO : EventManager : Event: ======'machine_var_audits_switches_s_pop_mid'====== Args={'value': 45, 'prev_value': 44, 'change': 1}
2023-01-25 09:44:34,236 : INFO : SwitchController : <<<<<<< 's_pop_mid' inactive >>>>>>>
2023-01-25 09:44:35,436 : INFO : SwitchController : <<<<<<< 's_pop_mid' active >>>>>>>
2023-01-25 09:44:35,436 : INFO : EventManager : Event: ======'machine_var_audits_switches_s_pop_mid'====== Args={'value': 46, 'prev_value': 45, 'change': 1}
2023-01-25 09:44:35,450 : INFO : SwitchController : <<<<<<< 's_pop_mid' inactive >>>>>>>
2023-01-25 09:44:36,661 : INFO : SwitchController : <<<<<<< 's_pop_mid' active >>>>>>>
2023-01-25 09:44:36,661 : INFO : EventManager : Event: ======'machine_var_audits_switches_s_pop_mid'====== Args={'value': 47, 'prev_value': 46, 'change': 1}
2023-01-25 09:44:36,674 : INFO : SwitchController : <<<<<<< 's_pop_mid' inactive >>>>>>>
2023-01-25 09:44:42,931 : INFO : SwitchController : <<<<<<< 's_pop_mid' active >>>>>>>
2023-01-25 09:44:42,931 : INFO : EventManager : Event: ======'machine_var_audits_switches_s_pop_mid'====== Args={'value': 48, 'prev_value': 47, 'change': 1}
2023-01-25 09:44:42,961 : INFO : SwitchController : <<<<<<< 's_pop_mid' inactive >>>>>>>
2023-01-25 09:44:45,543 : INFO : SwitchController : <<<<<<< 's_pop_mid' active >>>>>>>
2023-01-25 09:44:45,544 : INFO : EventManager : Event: ======'machine_var_audits_switches_s_pop_mid'====== Args={'value': 49, 'prev_value': 48, 'change': 1}
2023-01-25 09:44:45,563 : INFO : SwitchController : <<<<<<< 's_pop_mid' inactive >>>>>>>
2023-01-25 09:44:46,691 : INFO : SwitchController : <<<<<<< 's_pop_bot' active >>>>>>>
2023-01-25 09:44:46,693 : INFO : EventManager : Event: ======'machine_var_audits_switches_s_pop_bot'====== Args={'value': 49, 'prev_value': 48, 'change': 1}
2023-01-25 09:44:46,717 : INFO : SwitchController : <<<<<<< 's_pop_bot' inactive >>>>>>>
2023-01-25 09:44:49,634 : INFO : SwitchController : <<<<<<< 's_pop_mid' active >>>>>>>
2023-01-25 09:44:49,634 : INFO : EventManager : Event: ======'machine_var_audits_switches_s_pop_mid'====== Args={'value': 50, 'prev_value': 49, 'change': 1}
2023-01-25 09:44:49,671 : INFO : SwitchController : <<<<<<< 's_pop_mid' inactive >>>>>>>
2023-01-25 09:44:50,113 : INFO : SwitchController : <<<<<<< 's_pop_bot' active >>>>>>>
2023-01-25 09:44:50,114 : INFO : EventManager : Event: ======'machine_var_audits_switches_s_pop_bot'====== Args={'value': 50, 'prev_value': 49, 'change': 1}
2023-01-25 09:44:50,153 : INFO : SwitchController : <<<<<<< 's_pop_bot' inactive >>>>>>>
2023-01-25 09:44:50,313 : INFO : SwitchController : <<<<<<< 's_pop_top' active >>>>>>>
2023-01-25 09:44:50,314 : INFO : EventManager : Event: ======'machine_var_audits_switches_s_pop_top'====== Args={'value': 44, 'prev_value': 43, 'change': 1}
2023-01-25 09:44:50,333 : INFO : SwitchController : <<<<<<< 's_pop_top' inactive >>>>>>>
2023-01-25 09:44:58,477 : INFO : SwitchController : <<<<<<< 's_pop_top' active >>>>>>>
2023-01-25 09:44:58,478 : INFO : EventManager : Event: ======'machine_var_audits_switches_s_pop_top'====== Args={'value': 45, 'prev_value': 44, 'change': 1}
2023-01-25 09:44:58,507 : INFO : SwitchController : <<<<<<< 's_pop_top' inactive >>>>>>>
2023-01-25 09:44:58,526 : INFO : SwitchController : <<<<<<< 's_pop_top' active >>>>>>>
2023-01-25 09:44:58,526 : INFO : EventManager : Event: ======'machine_var_audits_switches_s_pop_top'====== Args={'value': 46, 'prev_value': 45, 'change': 1}
2023-01-25 09:44:58,536 : INFO : SwitchController : <<<<<<< 's_pop_top' inactive >>>>>>>
2023-01-25 09:44:59,095 : INFO : SwitchController : <<<<<<< 's_pop_top' active >>>>>>>
2023-01-25 09:44:59,095 : INFO : EventManager : Event: ======'machine_var_audits_switches_s_pop_top'====== Args={'value': 47, 'prev_value': 46, 'change': 1}
2023-01-25 09:44:59,116 : INFO : SwitchController : <<<<<<< 's_pop_top' inactive >>>>>>>
2023-01-25 09:45:00,208 : INFO : SwitchController : <<<<<<< 's_pop_top' active >>>>>>>
2023-01-25 09:45:00,209 : INFO : EventManager : Event: ======'machine_var_audits_switches_s_pop_top'====== Args={'value': 48, 'prev_value': 47, 'change': 1}
2023-01-25 09:45:00,231 : INFO : SwitchController : <<<<<<< 's_pop_top' inactive >>>>>>>
2023-01-25 09:45:00,296 : INFO : SwitchController : <<<<<<< 's_pop_top' active >>>>>>>
2023-01-25 09:45:00,297 : INFO : EventManager : Event: ======'machine_var_audits_switches_s_pop_top'====== Args={'value': 49, 'prev_value': 48, 'change': 1}
2023-01-25 09:45:00,309 : INFO : SwitchController : <<<<<<< 's_pop_top' inactive >>>>>>>
2023-01-25 09:45:12,943 : INFO : SwitchController : <<<<<<< 's_pop_top' active >>>>>>>
2023-01-25 09:45:12,943 : INFO : EventManager : Event: ======'machine_var_audits_switches_s_pop_top'====== Args={'value': 50, 'prev_value': 49, 'change': 1}
2023-01-25 09:45:12,953 : INFO : SwitchController : <<<<<<< 's_pop_top' inactive >>>>>>>
2023-01-25 09:45:13,007 : INFO : SwitchController : <<<<<<< 's_pop_top' active >>>>>>>
2023-01-25 09:45:13,007 : INFO : EventManager : Event: ======'machine_var_audits_switches_s_pop_top'====== Args={'value': 51, 'prev_value': 50, 'change': 1}
2023-01-25 09:45:13,014 : INFO : SwitchController : <<<<<<< 's_pop_top' inactive >>>>>>>
2023-01-25 09:45:18,785 : INFO : SwitchController : <<<<<<< 's_pop_mid' active >>>>>>>
2023-01-25 09:45:18,785 : INFO : EventManager : Event: ======'machine_var_audits_switches_s_pop_mid'====== Args={'value': 51, 'prev_value': 50, 'change': 1}
2023-01-25 09:45:18,804 : INFO : SwitchController : <<<<<<< 's_pop_mid' inactive >>>>>>>
2023-01-25 09:45:19,132 : INFO : SwitchController : <<<<<<< 's_pop_bot' active >>>>>>>
2023-01-25 09:45:19,133 : INFO : EventManager : Event: ======'machine_var_audits_switches_s_pop_bot'====== Args={'value': 51, 'prev_value': 50, 'change': 1}
2023-01-25 09:45:19,161 : INFO : SwitchController : <<<<<<< 's_pop_bot' inactive >>>>>>>
2023-01-25 09:45:19,807 : INFO : SwitchController : <<<<<<< 's_pop_mid' active >>>>>>>
2023-01-25 09:45:19,808 : INFO : EventManager : Event: ======'machine_var_audits_switches_s_pop_mid'====== Args={'value': 52, 'prev_value': 51, 'change': 1}
2023-01-25 09:45:19,832 : INFO : SwitchController : <<<<<<< 's_pop_mid' inactive >>>>>>>
2023-01-25 09:45:20,021 : INFO : SwitchController : <<<<<<< 's_pop_mid' active >>>>>>>
2023-01-25 09:45:20,022 : INFO : EventManager : Event: ======'machine_var_audits_switches_s_pop_mid'====== Args={'value': 53, 'prev_value': 52, 'change': 1}
2023-01-25 09:45:20,039 : INFO : SwitchController : <<<<<<< 's_pop_mid' inactive >>>>>>>
2023-01-25 09:45:20,766 : INFO : SwitchController : <<<<<<< 's_pop_mid' active >>>>>>>
2023-01-25 09:45:20,767 : INFO : EventManager : Event: ======'machine_var_audits_switches_s_pop_mid'====== Args={'value': 54, 'prev_value': 53, 'change': 1}
2023-01-25 09:45:20,777 : INFO : SwitchController : <<<<<<< 's_pop_mid' inactive >>>>>>>
2023-01-25 09:45:21,101 : INFO : SwitchController : <<<<<<< 's_pop_bot' active >>>>>>>
2023-01-25 09:45:21,102 : INFO : EventManager : Event: ======'machine_var_audits_switches_s_pop_bot'====== Args={'value': 52, 'prev_value': 51, 'change': 1}
2023-01-25 09:45:21,120 : INFO : SwitchController : <<<<<<< 's_pop_bot' inactive >>>>>>>
2023-01-25 09:45:21,765 : INFO : SwitchController : <<<<<<< 's_pop_mid' active >>>>>>>
2023-01-25 09:45:21,766 : INFO : EventManager : Event: ======'machine_var_audits_switches_s_pop_mid'====== Args={'value': 55, 'prev_value': 54, 'change': 1}
2023-01-25 09:45:21,774 : INFO : SwitchController : <<<<<<< 's_pop_mid' inactive >>>>>>>
2023-01-25 09:45:50,961 : INFO : SwitchController : <<<<<<< 's_pop_top' active >>>>>>>
2023-01-25 09:45:50,961 : INFO : EventManager : Event: ======'machine_var_audits_switches_s_pop_top'====== Args={'value': 52, 'prev_value': 51, 'change': 1}
2023-01-25 09:45:51,004 : INFO : SwitchController : <<<<<<< 's_pop_top' inactive >>>>>>>
2023-01-25 09:45:51,033 : INFO : SwitchController : <<<<<<< 's_pop_top' active >>>>>>>
2023-01-25 09:45:51,033 : INFO : EventManager : Event: ======'machine_var_audits_switches_s_pop_top'====== Args={'value': 53, 'prev_value': 52, 'change': 1}
2023-01-25 09:45:51,045 : INFO : SwitchController : <<<<<<< 's_pop_top' inactive >>>>>>>
2023-01-25 09:45:51,127 : INFO : SwitchController : <<<<<<< 's_pop_top' active >>>>>>>
2023-01-25 09:45:51,128 : INFO : EventManager : Event: ======'machine_var_audits_switches_s_pop_top'====== Args={'value': 54, 'prev_value': 53, 'change': 1}
2023-01-25 09:45:51,144 : INFO : SwitchController : <<<<<<< 's_pop_top' inactive >>>>>>>
2023-01-25 09:45:52,807 : INFO : SwitchController : <<<<<<< 's_pop_top' active >>>>>>>
2023-01-25 09:45:52,808 : INFO : EventManager : Event: ======'machine_var_audits_switches_s_pop_top'====== Args={'value': 55, 'prev_value': 54, 'change': 1}
2023-01-25 09:45:52,863 : INFO : SwitchController : <<<<<<< 's_pop_top' inactive >>>>>>>
2023-01-25 09:45:53,650 : INFO : SwitchController : <<<<<<< 's_pop_top' active >>>>>>>
2023-01-25 09:45:53,650 : INFO : EventManager : Event: ======'machine_var_audits_switches_s_pop_top'====== Args={'value': 56, 'prev_value': 55, 'change': 1}
2023-01-25 09:45:53,677 : INFO : SwitchController : <<<<<<< 's_pop_top' inactive >>>>>>>
2023-01-25 09:45:54,224 : INFO : SwitchController : <<<<<<< 's_pop_top' active >>>>>>>
2023-01-25 09:45:54,225 : INFO : EventManager : Event: ======'machine_var_audits_switches_s_pop_top'====== Args={'value': 57, 'prev_value': 56, 'change': 1}
2023-01-25 09:45:54,234 : INFO : SwitchController : <<<<<<< 's_pop_top' inactive >>>>>>>
2023-01-25 09:45:54,838 : INFO : SwitchController : <<<<<<< 's_pop_top' active >>>>>>>
2023-01-25 09:45:54,838 : INFO : EventManager : Event: ======'machine_var_audits_switches_s_pop_top'====== Args={'value': 58, 'prev_value': 57, 'change': 1}
2023-01-25 09:45:54,846 : INFO : SwitchController : <<<<<<< 's_pop_top' inactive >>>>>>>
2023-01-25 09:45:55,294 : INFO : SwitchController : <<<<<<< 's_pop_top' active >>>>>>>
2023-01-25 09:45:55,295 : INFO : EventManager : Event: ======'machine_var_audits_switches_s_pop_top'====== Args={'value': 59, 'prev_value': 58, 'change': 1}
2023-01-25 09:45:55,314 : INFO : SwitchController : <<<<<<< 's_pop_top' inactive >>>>>>>
2023-01-25 09:45:55,614 : INFO : SwitchController : <<<<<<< 's_pop_top' active >>>>>>>
2023-01-25 09:45:55,615 : INFO : EventManager : Event: ======'machine_var_audits_switches_s_pop_top'====== Args={'value': 60, 'prev_value': 59, 'change': 1}
2023-01-25 09:45:55,625 : INFO : SwitchController : <<<<<<< 's_pop_top' inactive >>>>>>>
2023-01-25 09:45:56,272 : INFO : SwitchController : <<<<<<< 's_pop_top' active >>>>>>>
2023-01-25 09:45:56,272 : INFO : EventManager : Event: ======'machine_var_audits_switches_s_pop_top'====== Args={'value': 61, 'prev_value': 60, 'change': 1}
2023-01-25 09:45:56,289 : INFO : SwitchController : <<<<<<< 's_pop_top' inactive >>>>>>>
2023-01-25 09:45:56,305 : INFO : SwitchController : <<<<<<< 's_pop_top' active >>>>>>>
2023-01-25 09:45:56,306 : INFO : EventManager : Event: ======'machine_var_audits_switches_s_pop_top'====== Args={'value': 62, 'prev_value': 61, 'change': 1}
2023-01-25 09:45:56,337 : INFO : SwitchController : <<<<<<< 's_pop_top' inactive >>>>>>>
2023-01-25 09:45:56,343 : INFO : SwitchController : <<<<<<< 's_pop_top' active >>>>>>>
2023-01-25 09:45:56,343 : INFO : EventManager : Event: ======'machine_var_audits_switches_s_pop_top'====== Args={'value': 63, 'prev_value': 62, 'change': 1}
2023-01-25 09:45:56,353 : INFO : SwitchController : <<<<<<< 's_pop_top' inactive >>>>>>>
2023-01-25 09:45:56,368 : INFO : SwitchController : <<<<<<< 's_pop_top' active >>>>>>>
2023-01-25 09:45:56,368 : INFO : EventManager : Event: ======'machine_var_audits_switches_s_pop_top'====== Args={'value': 64, 'prev_value': 63, 'change': 1}
2023-01-25 09:45:56,414 : INFO : SwitchController : <<<<<<< 's_pop_top' inactive >>>>>>>
2023-01-25 09:46:00,748 : INFO : SwitchController : <<<<<<< 's_pop_top' active >>>>>>>
2023-01-25 09:46:00,749 : INFO : EventManager : Event: ======'machine_var_audits_switches_s_pop_top'====== Args={'value': 65, 'prev_value': 64, 'change': 1}
2023-01-25 09:46:00,766 : INFO : SwitchController : <<<<<<< 's_pop_top' inactive >>>>>>>
2023-01-25 09:46:02,062 : INFO : SwitchController : <<<<<<< 's_pop_top' active >>>>>>>
2023-01-25 09:46:02,063 : INFO : EventManager : Event: ======'machine_var_audits_switches_s_pop_top'====== Args={'value': 66, 'prev_value': 65, 'change': 1}
2023-01-25 09:46:02,084 : INFO : SwitchController : <<<<<<< 's_pop_top' inactive >>>>>>>
2023-01-25 09:46:02,914 : INFO : SwitchController : <<<<<<< 's_pop_top' active >>>>>>>
2023-01-25 09:46:02,914 : INFO : EventManager : Event: ======'machine_var_audits_switches_s_pop_top'====== Args={'value': 67, 'prev_value': 66, 'change': 1}
2023-01-25 09:46:02,939 : INFO : SwitchController : <<<<<<< 's_pop_top' inactive >>>>>>>
2023-01-25 09:46:14,541 : INFO : SwitchController : <<<<<<< 's_pop_top' active >>>>>>>
2023-01-25 09:46:14,542 : INFO : EventManager : Event: ======'machine_var_audits_switches_s_pop_top'====== Args={'value': 68, 'prev_value': 67, 'change': 1}
2023-01-25 09:46:14,574 : INFO : SwitchController : <<<<<<< 's_pop_top' inactive >>>>>>>
2023-01-25 09:46:14,621 : INFO : SwitchController : <<<<<<< 's_pop_top' active >>>>>>>
2023-01-25 09:46:14,622 : INFO : EventManager : Event: ======'machine_var_audits_switches_s_pop_top'====== Args={'value': 69, 'prev_value': 68, 'change': 1}
2023-01-25 09:46:14,632 : INFO : SwitchController : <<<<<<< 's_pop_top' inactive >>>>>>>
2023-01-25 09:46:16,898 : INFO : SwitchController : <<<<<<< 's_pop_top' active >>>>>>>
2023-01-25 09:46:16,899 : INFO : EventManager : Event: ======'machine_var_audits_switches_s_pop_top'====== Args={'value': 70, 'prev_value': 69, 'change': 1}
2023-01-25 09:46:16,932 : INFO : SwitchController : <<<<<<< 's_pop_top' inactive >>>>>>>
2023-01-25 09:46:26,666 : INFO : SwitchController : <<<<<<< 's_pop_mid' active >>>>>>>
2023-01-25 09:46:26,666 : INFO : EventManager : Event: ======'machine_var_audits_switches_s_pop_mid'====== Args={'value': 56, 'prev_value': 55, 'change': 1}
2023-01-25 09:46:26,697 : INFO : SwitchController : <<<<<<< 's_pop_mid' inactive >>>>>>>
2023-01-25 09:46:27,896 : INFO : SwitchController : <<<<<<< 's_pop_bot' active >>>>>>>
2023-01-25 09:46:27,897 : INFO : EventManager : Event: ======'machine_var_audits_switches_s_pop_bot'====== Args={'value': 53, 'prev_value': 52, 'change': 1}
2023-01-25 09:46:27,909 : INFO : SwitchController : <<<<<<< 's_pop_bot' inactive >>>>>>>
2023-01-25 09:46:27,984 : INFO : SwitchController : <<<<<<< 's_pop_bot' active >>>>>>>
2023-01-25 09:46:27,984 : INFO : EventManager : Event: ======'machine_var_audits_switches_s_pop_bot'====== Args={'value': 54, 'prev_value': 53, 'change': 1}
2023-01-25 09:46:27,995 : INFO : SwitchController : <<<<<<< 's_pop_bot' inactive >>>>>>>
2023-01-25 09:46:28,781 : INFO : SwitchController : <<<<<<< 's_pop_mid' active >>>>>>>
2023-01-25 09:46:28,781 : INFO : EventManager : Event: ======'machine_var_audits_switches_s_pop_mid'====== Args={'value': 57, 'prev_value': 56, 'change': 1}
2023-01-25 09:46:28,798 : INFO : SwitchController : <<<<<<< 's_pop_mid' inactive >>>>>>>
2023-01-25 09:46:29,196 : INFO : SwitchController : <<<<<<< 's_pop_mid' active >>>>>>>
2023-01-25 09:46:29,197 : INFO : EventManager : Event: ======'machine_var_audits_switches_s_pop_mid'====== Args={'value': 58, 'prev_value': 57, 'change': 1}
2023-01-25 09:46:29,217 : INFO : SwitchController : <<<<<<< 's_pop_mid' inactive >>>>>>>
2023-01-25 09:46:29,535 : INFO : SwitchController : <<<<<<< 's_pop_mid' active >>>>>>>
2023-01-25 09:46:29,535 : INFO : EventManager : Event: ======'machine_var_audits_switches_s_pop_mid'====== Args={'value': 59, 'prev_value': 58, 'change': 1}
2023-01-25 09:46:29,556 : INFO : SwitchController : <<<<<<< 's_pop_mid' inactive >>>>>>>
2023-01-25 09:46:29,854 : INFO : SwitchController : <<<<<<< 's_pop_mid' active >>>>>>>
2023-01-25 09:46:29,854 : INFO : EventManager : Event: ======'machine_var_audits_switches_s_pop_mid'====== Args={'value': 60, 'prev_value': 59, 'change': 1}
2023-01-25 09:46:29,873 : INFO : SwitchController : <<<<<<< 's_pop_mid' inactive >>>>>>>
2023-01-25 09:46:46,971 : INFO : Machine : Shutting down...
2023-01-25 09:46:46,972 : INFO : EventManager : Event: ======'shutdown'====== Args={}
2023-01-25 09:46:46,979 : INFO : EventManager : Event: ======'mode_game_will_stop'====== Args={}
2023-01-25 09:46:46,979 : INFO : EventManager : Event: ======'mode_game_stopping'====== Args={}
2023-01-25 09:46:46,981 : INFO : Mode.game : Stopped.
2023-01-25 09:46:46,981 : INFO : EventManager : Event: ======'modes_active_modes_changed'====== Args={}
2023-01-25 09:46:46,981 : INFO : EventManager : Event: ======'mode_game_stopped'====== Args={}
2023-01-25 09:46:46,982 : INFO : EventManager : Event: ======'clear'====== Args={'key': 'game'}
2023-01-25 09:46:46,985 : ERROR : OPP : Stop called on serial connection com3
2023-01-25 09:46:46,990 : ERROR : OPP : Stop called on serial connection com4
2023-01-25 09:46:46,990 : ERROR : asyncio : Exception in callback Util.raise_exceptions(<Task finishe...ection lost')>) at C:\Users\ruben\.local\pipx\venvs\mpf\lib\site-packages\mpf\core\utility_functions.py:759
handle: <Handle Util.raise_exceptions(<Task finishe...ection lost')>) at C:\Users\ruben\.local\pipx\venvs\mpf\lib\site-packages\mpf\core\utility_functions.py:759>
Traceback (most recent call last):
  File "C:\Users\ruben\AppData\Local\Programs\Python\Python39\lib\asyncio\events.py", line 80, in _run
    self._context.run(self._callback, *self._args)
  File "C:\Users\ruben\.local\pipx\venvs\mpf\lib\site-packages\mpf\core\utility_functions.py", line 767, in raise_exceptions
    future.result()
  File "C:\Users\ruben\.local\pipx\venvs\mpf\lib\site-packages\mpf\platforms\opp\opp.py", line 965, in _poll_sender
    await self.opp_connection[chain_serial].writer.drain()
  File "C:\Users\ruben\AppData\Local\Programs\Python\Python39\lib\asyncio\streams.py", line 387, in drain
    await self._protocol._drain_helper()
  File "C:\Users\ruben\AppData\Local\Programs\Python\Python39\lib\asyncio\streams.py", line 190, in _drain_helper
    raise ConnectionResetError('Connection lost')
ConnectionResetError: Connection lost
2023-01-25 09:46:47,256 : WARNING : OPP : Poll took more than 250.0ms for 0
2023-01-25 09:46:47,257 : ERROR : asyncio : Exception in callback Util.raise_exceptions(<Task finishe...ute 'write'")>) at C:\Users\ruben\.local\pipx\venvs\mpf\lib\site-packages\mpf\core\utility_functions.py:759
handle: <Handle Util.raise_exceptions(<Task finishe...ute 'write'")>) at C:\Users\ruben\.local\pipx\venvs\mpf\lib\site-packages\mpf\core\utility_functions.py:759>
Traceback (most recent call last):
  File "C:\Users\ruben\AppData\Local\Programs\Python\Python39\lib\asyncio\events.py", line 80, in _run
    self._context.run(self._callback, *self._args)
  File "C:\Users\ruben\.local\pipx\venvs\mpf\lib\site-packages\mpf\core\utility_functions.py", line 767, in raise_exceptions
    future.result()
  File "C:\Users\ruben\.local\pipx\venvs\mpf\lib\site-packages\mpf\platforms\opp\opp.py", line 964, in _poll_sender
    self.send_to_processor(chain_serial, self.read_input_msg[chain_serial])
  File "C:\Users\ruben\.local\pipx\venvs\mpf\lib\site-packages\mpf\platforms\opp\opp.py", line 345, in send_to_processor
    self.opp_connection[chain_serial].send(msg)
  File "C:\Users\ruben\.local\pipx\venvs\mpf\lib\site-packages\mpf\platforms\base_serial_communicator.py", line 160, in send
    self.writer.write(msg)
AttributeError: 'NoneType' object has no attribute 'write'
2023-01-25 09:46:47,261 : INFO : root : MPF run loop ended.
