2023-01-26 09:10:36,946 : INFO : root : Loading config.
2023-01-26 09:10:36,962 : INFO : YamlMultifileConfigLoader : Machine config file #1: config.yaml
2023-01-26 09:10:36,962 : INFO : ConfigProcessor : Loading config from cache: C:\Users\ruben\AppData\Local\Temp\a17888e5e1df298d67e07ada0b1bff4a.mpf_cache
2023-01-26 09:10:37,103 : INFO : ConfigProcessor : Loading config from cache: C:\Users\ruben\AppData\Local\Temp\67cf8ffee0fce2d4fcb5ef0bb894d8de.mpf_cache
2023-01-26 09:10:37,118 : INFO : ConfigProcessor : Loading config from cache: C:\Users\ruben\AppData\Local\Temp\25321780674732dcacb77a8f5b2a53cd.mpf_cache
2023-01-26 09:10:37,118 : INFO : Machine : Mission Pinball Framework Core Engine v0.56.0
2023-01-26 09:10:37,118 : INFO : Machine : Command line arguments: {'no_load_cache': False, 'create_config_cache': True, 'bcp': True, 'configfile': ['config.yaml'], 'force_assets_load': False, 'jsonlogging': False, 'logfile': 'logs\\2023-01-26-09-10-36-mpf-DESKTOP-11MEIVG.log', 'pause': False, 'production': False, 'text_ui': True, 'loglevel': 15, 'consoleloglevel': 20, 'force_platform': None, 'syslog_address': None, 'mc_file_name': None, 'no_sound': False}
2023-01-26 09:10:37,118 : INFO : Machine : MPF path: C:\Users\ruben\.local\pipx\venvs\mpf\lib\site-packages\mpf
2023-01-26 09:10:37,118 : INFO : Machine : Machine path: C:\pinball\my_machine
2023-01-26 09:10:37,118 : INFO : Machine : Platform: win32
2023-01-26 09:10:37,118 : INFO : Machine : Python executable location: C:\Users\ruben\.local\pipx\venvs\mpf\Scripts\python.exe
2023-01-26 09:10:37,118 : INFO : Machine : Python version: 3.9.13 (64-bit)
2023-01-26 09:10:37,134 : INFO : Machine : Initialise MPF.
2023-01-26 09:10:37,618 : INFO : OPP : Connecting to com3 at 115200bps
2023-01-26 09:10:37,790 : INFO : OPP : Init of OPP board 1 done
2023-01-26 09:10:37,790 : INFO : OPP : Connecting to com4 at 115200bps
2023-01-26 09:10:37,884 : INFO : OPP : Init of OPP board 0 done
2023-01-26 09:10:37,884 : INFO : EventManager : Event: ======'machine_var_credits_string'====== Args={'value': 'FREE PLAY', 'prev_value': None, 'change': True}
2023-01-26 09:10:37,978 : INFO : EventManager : Event: ======'machine_var_master_volume'====== Args={'value': 0.5, 'prev_value': None, 'change': True}
2023-01-26 09:10:37,978 : INFO : EventManager : Event: ======'machine_var_mpf_version'====== Args={'value': 'MPF v0.56.0', 'prev_value': None, 'change': True}
2023-01-26 09:10:37,978 : INFO : EventManager : Event: ======'machine_var_mpf_extended_version'====== Args={'value': 'MPF v0.56.0, Config version:5, Show version: 5, BCP version:1.1', 'prev_value': None, 'change': True}
2023-01-26 09:10:37,978 : INFO : EventManager : Event: ======'machine_var_python_version'====== Args={'value': '3.9.13', 'prev_value': None, 'change': True}
2023-01-26 09:10:38,009 : INFO : EventManager : Event: ======'machine_var_platform'====== Args={'value': 'Windows-10-10.0.19045-SP0', 'prev_value': None, 'change': True}
2023-01-26 09:10:38,009 : INFO : EventManager : Event: ======'machine_var_platform_system'====== Args={'value': 'Windows', 'prev_value': None, 'change': True}
2023-01-26 09:10:38,009 : INFO : EventManager : Event: ======'machine_var_platform_release'====== Args={'value': '10', 'prev_value': None, 'change': True}
2023-01-26 09:10:38,009 : INFO : EventManager : Event: ======'machine_var_platform_version'====== Args={'value': '10.0.19045', 'prev_value': None, 'change': True}
2023-01-26 09:10:38,009 : INFO : EventManager : Event: ======'machine_var_platform_machine'====== Args={'value': 'AMD64', 'prev_value': None, 'change': True}
2023-01-26 09:10:38,009 : INFO : EventManager : Event: ======'init_phase_1'====== Args={}
2023-01-26 09:10:38,040 : INFO : EventManager : Event: ======'init_phase_2'====== Args={}
2023-01-26 09:10:38,056 : INFO : EventManager : Event: ======'bcp_connection_attempt'====== Args={'name': 'local_display', 'host': 'localhost', 'port': 5050}
2023-01-26 09:10:38,056 : INFO : BCPClientSocket : Connecting BCP to 'local_display' at localhost:5050...
2023-01-26 09:10:44,254 : INFO : BCPClientSocket : Connected BCP to 'local_display' localhost:5050
2023-01-26 09:10:44,254 : INFO : EventManager : Event: ======'bcp_clients_connected'====== Args={}
2023-01-26 09:10:44,262 : INFO : ball_device.bd_trough : BCH: Initial count: 0
2023-01-26 09:10:44,262 : INFO : ball_device.bd_trough : State: idle
2023-01-26 09:10:44,263 : INFO : ball_device.bd_scoop_lower : BCH: Initial count: 0
2023-01-26 09:10:44,264 : INFO : ball_device.bd_scoop_lower : State: idle
2023-01-26 09:10:44,287 : INFO : EventManager : Event: ======'init_phase_3'====== Args={}
2023-01-26 09:10:44,292 : INFO : EventManager : Event: ======'machine_var_mc_version'====== Args={'value': 'MPF-MC v0.56.1', 'prev_value': None, 'change': True}
2023-01-26 09:10:44,292 : INFO : EventManager : Event: ======'machine_var_mc_extended_version'====== Args={'value': 'MPF-MC v0.56.1 (config_version=5, BCP v1.1,                      Requires MPF API compatibility v0.56.0 or newer)', 'prev_value': None, 'change': True}
2023-01-26 09:10:44,294 : INFO : EventManager : Event: ======'init_phase_4'====== Args={}
2023-01-26 09:10:44,309 : INFO : BallController : Initial balls found: 0
2023-01-26 09:10:44,311 : INFO : EventManager : Event: ======'machine_var_audits_events_game_ended'====== Args={'value': 0, 'prev_value': None, 'change': True}
2023-01-26 09:10:44,311 : INFO : EventManager : Event: ======'machine_var_audits_events_game_started'====== Args={'value': 13, 'prev_value': None, 'change': True}
2023-01-26 09:10:44,312 : INFO : EventManager : Event: ======'machine_var_audits_player_score'====== Args={'value': {'average': 0, 'top': [], 'total': 0}, 'prev_value': None, 'change': True}
2023-01-26 09:10:44,312 : INFO : EventManager : Event: ======'machine_var_audits_switches_s_left_flipper'====== Args={'value': 15, 'prev_value': None, 'change': True}
2023-01-26 09:10:44,312 : INFO : EventManager : Event: ======'machine_var_audits_switches_s_left_slingshot'====== Args={'value': 25, 'prev_value': None, 'change': True}
2023-01-26 09:10:44,312 : INFO : EventManager : Event: ======'machine_var_audits_switches_s_pop_bot'====== Args={'value': 54, 'prev_value': None, 'change': True}
2023-01-26 09:10:44,312 : INFO : EventManager : Event: ======'machine_var_audits_switches_s_pop_mid'====== Args={'value': 60, 'prev_value': None, 'change': True}
2023-01-26 09:10:44,313 : INFO : EventManager : Event: ======'machine_var_audits_switches_s_pop_top'====== Args={'value': 70, 'prev_value': None, 'change': True}
2023-01-26 09:10:44,313 : INFO : EventManager : Event: ======'machine_var_audits_switches_s_right_flipper'====== Args={'value': 25, 'prev_value': None, 'change': True}
2023-01-26 09:10:44,313 : INFO : EventManager : Event: ======'machine_var_audits_switches_s_right_inlane'====== Args={'value': 0, 'prev_value': None, 'change': True}
2023-01-26 09:10:44,313 : INFO : EventManager : Event: ======'machine_var_audits_switches_s_right_slingshot'====== Args={'value': 27, 'prev_value': None, 'change': True}
2023-01-26 09:10:44,314 : INFO : EventManager : Event: ======'machine_var_audits_switches_s_scoop_lower'====== Args={'value': 26, 'prev_value': None, 'change': True}
2023-01-26 09:10:44,314 : INFO : EventManager : Event: ======'machine_var_audits_switches_s_startButton'====== Args={'value': 2, 'prev_value': None, 'change': True}
2023-01-26 09:10:44,314 : INFO : EventManager : Event: ======'machine_var_audits_switches_s_trough1'====== Args={'value': 1, 'prev_value': None, 'change': True}
2023-01-26 09:10:44,315 : INFO : EventManager : Event: ======'init_phase_5'====== Args={}
2023-01-26 09:10:44,333 : INFO : EventManager : Event: ======'init_done'====== Args={}
2023-01-26 09:10:44,334 : INFO : EventManager : Event: ======'machine_reset_phase_1'====== Args={}
2023-01-26 09:10:44,340 : INFO : EventManager : Event: ======'slide_welcome_slide_removed'====== Args={'_from_bcp': True}
2023-01-26 09:10:44,344 : INFO : EventManager : Event: ======'slide_welcome_slide_created'====== Args={'_from_bcp': True}
2023-01-26 09:10:44,346 : INFO : EventManager : Event: ======'machine_reset_phase_2'====== Args={}
2023-01-26 09:10:44,347 : INFO : EventManager : Event: ======'machine_reset_phase_3'====== Args={}
2023-01-26 09:10:44,348 : INFO : EventManager : Event: ======'slide_welcome_slide_active'====== Args={'_from_bcp': True}
2023-01-26 09:10:44,349 : INFO : EventManager : Event: ======'reset_complete'====== Args={}
2023-01-26 09:10:44,350 : INFO : EventManager : Event: ======'mode_attract_will_start'====== Args={}
2023-01-26 09:10:44,351 : INFO : EventManager : Event: ======'mode_attract_starting'====== Args={}
2023-01-26 09:10:44,351 : INFO : Mode.attract : Started. Priority: 10
2023-01-26 09:10:44,351 : INFO : EventManager : Event: ======'modes_active_modes_changed'====== Args={}
2023-01-26 09:10:44,351 : INFO : EventManager : Event: ======'mode_attract_started'====== Args={}
2023-01-26 09:10:44,352 : INFO : EventManager : Event: ======'collecting_balls_complete'====== Args={}
2023-01-26 09:10:44,386 : INFO : EventManager : Event: ======'slide_attract_started_created'====== Args={'_from_bcp': True}
2023-01-26 09:10:44,386 : INFO : EventManager : Event: ======'slide_attract_started_active'====== Args={'_from_bcp': True}
2023-01-26 09:10:44,387 : INFO : Machine : Starting the main run loop.
2023-01-26 09:11:22,161 : INFO : SwitchController : <<<<<<< 's_trough1' active >>>>>>>
2023-01-26 09:11:22,193 : INFO : SwitchController : <<<<<<< 's_trough1' inactive >>>>>>>
2023-01-26 09:11:22,212 : INFO : SwitchController : <<<<<<< 's_trough1' active >>>>>>>
2023-01-26 09:11:22,712 : INFO : EventManager : Event: ======'balldevice_bd_trough_ball_count_changed'====== Args={'balls': 1}
2023-01-26 09:11:22,712 : INFO : ball_device.bd_trough : Received unexpected ball
2023-01-26 09:11:22,712 : INFO : EventManager : Event: ======'balldevice_captured_from_playfield'====== Args={'balls': 1}
2023-01-26 09:11:22,712 : INFO : EventManager : Event: ======'sw_playfield_active'====== Args={'balls': 1}
2023-01-26 09:11:22,713 : INFO : EventManager : Event: ======'playfield_active'====== Args={}
2023-01-26 09:11:22,713 : INFO : EventManager : Event: ======'unexpected_ball_on_playfield'====== Args={}
2023-01-26 09:11:22,713 : INFO : EventManager : Event: ======'playfield_ball_count_change'====== Args={'balls': -1, 'change': -1}
2023-01-26 09:11:22,714 : INFO : EventManager : Event: ======'balldevice_playfield_ball_enter'====== Args={'new_balls': 1, 'unclaimed_balls': 1, 'device': <playfield.playfield>}
2023-01-26 09:11:22,714 : INFO : EventManager : Event: ======'playfield_ball_count_change'====== Args={'balls': 0, 'change': 1}
2023-01-26 09:11:22,714 : INFO : BallController : Found a new ball which was captured from playfield. Known balls: 1
2023-01-26 09:11:22,714 : INFO : EventManager : Event: ======'found_new_ball'====== Args={}
2023-01-26 09:11:22,714 : INFO : EventManager : Event: ======'balldevice_bd_trough_ball_enter'====== Args={'new_balls': 1, 'unclaimed_balls': 1, 'new_available_balls': 1, 'device': <ball_device.bd_trough>}
2023-01-26 09:11:22,715 : INFO : EventManager : Event: ======'ball_drain'====== Args={'device': <ball_device.bd_trough>, 'balls': 1}
2023-01-26 09:11:22,715 : INFO : EventManager : Event: ======'balldevice_balls_available'====== Args={}
2023-01-26 09:11:22,715 : INFO : EventManager : Event: ======'balldevice_bd_trough_ball_entered'====== Args={'new_balls': 1, 'device': <ball_device.bd_trough>}
2023-01-26 09:11:23,069 : INFO : SwitchController : <<<<<<< 's_startButton' active >>>>>>>
2023-01-26 09:11:23,202 : INFO : SwitchController : <<<<<<< 's_startButton' inactive >>>>>>>
2023-01-26 09:11:23,202 : INFO : EventManager : Event: ======'request_to_start_game'====== Args={}
2023-01-26 09:11:23,204 : INFO : EventManager : Event: ======'game_start'====== Args={'buttons': [], 'hold_time': 0.14000000000010004}
2023-01-26 09:11:23,205 : INFO : EventManager : Event: ======'mode_game_will_start'====== Args={'buttons': [], 'hold_time': 0.14000000000010004}
2023-01-26 09:11:23,207 : INFO : EventManager : Event: ======'mode_game_starting'====== Args={'buttons': [], 'hold_time': 0.14000000000010004}
2023-01-26 09:11:23,208 : INFO : EventManager : Event: ======'mode_attract_will_stop'====== Args={}
2023-01-26 09:11:23,208 : INFO : EventManager : Event: ======'mode_attract_stopping'====== Args={}
2023-01-26 09:11:23,208 : INFO : Mode.attract : Stopped.
2023-01-26 09:11:23,209 : INFO : EventManager : Event: ======'modes_active_modes_changed'====== Args={}
2023-01-26 09:11:23,209 : INFO : EventManager : Event: ======'mode_attract_stopped'====== Args={}
2023-01-26 09:11:23,209 : INFO : EventManager : Event: ======'clear'====== Args={'key': 'attract'}
2023-01-26 09:11:23,210 : INFO : Mode.game : Started. Priority: 20
2023-01-26 09:11:23,210 : INFO : EventManager : Event: ======'modes_active_modes_changed'====== Args={}
2023-01-26 09:11:23,211 : INFO : EventManager : Event: ======'mode_game_started'====== Args={'buttons': [], 'hold_time': 0.14000000000010004}
2023-01-26 09:11:23,231 : INFO : EventManager : Event: ======'game_will_start'====== Args={}
2023-01-26 09:11:23,236 : INFO : EventManager : Event: ======'game_starting'====== Args={'game': <Mode.game>}
2023-01-26 09:11:23,238 : INFO : EventManager : Event: ======'player_add_request'====== Args={}
2023-01-26 09:11:23,239 : INFO : EventManager : Event: ======'player_will_add'====== Args={'number': 1}
2023-01-26 09:11:23,240 : INFO : EventManager : Event: ======'player_adding'====== Args={'player': <Player 1>, 'number': 1}
2023-01-26 09:11:23,240 : INFO : EventManager : Event: ======'player_added'====== Args={'player': <Player 1>, 'num': 1}
2023-01-26 09:11:23,240 : INFO : Mode.game : Player added successfully. Total players: 1
2023-01-26 09:11:23,241 : INFO : EventManager : Event: ======'player_index'====== Args={'value': 0, 'prev_value': 0, 'change': 0, 'player_num': 1}
2023-01-26 09:11:23,241 : INFO : EventManager : Event: ======'player_number'====== Args={'value': 1, 'prev_value': 1, 'change': 0, 'player_num': 1}
2023-01-26 09:11:23,241 : INFO : EventManager : Event: ======'player_score'====== Args={'value': 0, 'prev_value': 0, 'change': 0, 'player_num': 1}
2023-01-26 09:11:23,244 : INFO : EventManager : Event: ======'game_started'====== Args={}
2023-01-26 09:11:23,269 : INFO : EventManager : Event: ======'player_turn_will_start'====== Args={'player': <Player 1>, 'number': 1}
2023-01-26 09:11:23,269 : INFO : EventManager : Event: ======'player_turn_starting'====== Args={'player': <Player 1>, 'number': 1}
2023-01-26 09:11:23,271 : INFO : EventManager : Event: ======'player_ball'====== Args={'value': 1, 'prev_value': 0, 'change': 1, 'player_num': 1}
2023-01-26 09:11:23,272 : INFO : EventManager : Event: ======'player_turn_started'====== Args={'player': <Player 1>, 'number': 1}
2023-01-26 09:11:23,273 : INFO : EventManager : Event: ======'ball_will_start'====== Args={'player': 1, 'ball': 1, 'balls_remaining': 2, 'is_extra_ball': False}
2023-01-26 09:11:23,277 : INFO : EventManager : Event: ======'ball_starting'====== Args={'player': 1, 'ball': 1, 'balls_remaining': 2, 'is_extra_ball': False}
2023-01-26 09:11:23,278 : INFO : EventManager : Event: ======'balls_in_play'====== Args={'balls': 1}
2023-01-26 09:11:23,278 : INFO : EventManager : Event: ======'ball_started'====== Args={'player': 1, 'ball': 1, 'balls_remaining': 2, 'is_extra_ball': False}
2023-01-26 09:11:23,281 : INFO : EventManager : Event: ======'single_player_ball_started'====== Args={}
2023-01-26 09:11:23,282 : INFO : EventManager : Event: ======'ball_start_target'====== Args={'target': 'playfield'}
2023-01-26 09:11:23,283 : INFO : ball_device.bd_trough : Setting up player-controlled eject. Balls: 1, Target: <playfield.playfield>, player_controlled_eject_event: None
2023-01-26 09:11:23,283 : INFO : ball_device.bd_trough : Adding 1 ball(s) to the eject_queue with target <playfield.playfield>.
2023-01-26 09:11:23,283 : INFO : EventManager : Event: ======'balldevice_balls_available'====== Args={}
2023-01-26 09:11:23,285 : INFO : ball_device.bd_trough : State: waiting_for_target_ready
2023-01-26 09:11:23,285 : INFO : EventManager : Event: ======'balldevice_bd_trough_ball_eject_attempt'====== Args={'balls': 1, 'target': <playfield.playfield>, 'source': <ball_device.bd_trough>, 'mechanical_eject': False, 'num_attempts': 0}
2023-01-26 09:11:23,286 : INFO : ball_device.bd_trough : State: ejecting
2023-01-26 09:11:23,286 : INFO : ball_device.bd_trough : Ejecting ball to <playfield.playfield>
2023-01-26 09:11:23,286 : INFO : EventManager : Event: ======'balldevice_bd_trough_ejecting_ball'====== Args={'balls': 1, 'target': <playfield.playfield>, 'source': <ball_device.bd_trough>, 'mechanical_eject': False, 'num_attempts': 0}
2023-01-26 09:11:23,287 : INFO : ball_device.bd_trough : Wait for ball to leave device
2023-01-26 09:11:23,288 : INFO : coil.c_trough_eject : Pulsing Driver for 35ms (1.0 pulse_power)
2023-01-26 09:11:23,291 : INFO : EventManager : Event: ======'slide__global.slide_player-ball_started_created'====== Args={'_from_bcp': True}
2023-01-26 09:11:23,293 : INFO : EventManager : Event: ======'slide__global.slide_player-ball_started_active'====== Args={'_from_bcp': True}
2023-01-26 09:11:23,329 : INFO : SwitchController : <<<<<<< 's_trough1' inactive >>>>>>>
2023-01-26 09:11:23,335 : INFO : ball_device.bd_trough : State: ball_left
2023-01-26 09:11:23,335 : INFO : ball_device.bd_trough : Ball left
2023-01-26 09:11:23,335 : INFO : ball_device.bd_trough : Wait for confirm with timeout 10.0
2023-01-26 09:11:27,507 : INFO : SwitchController : <<<<<<< 's_left_slingshot' active >>>>>>>
2023-01-26 09:11:27,508 : INFO : EventManager : Event: ======'playfield_active'====== Args={}
2023-01-26 09:11:27,508 : INFO : EventManager : Event: ======'machine_var_audits_switches_s_left_slingshot'====== Args={'value': 26, 'prev_value': 25, 'change': 1}
2023-01-26 09:11:27,519 : INFO : ball_device.bd_trough : Got eject confirm
2023-01-26 09:11:27,519 : INFO : ball_device.bd_trough : Eject successful
2023-01-26 09:11:27,519 : INFO : EventManager : Event: ======'balldevice_bd_trough_ball_eject_success'====== Args={'balls': 1, 'target': <playfield.playfield>}
2023-01-26 09:11:27,521 : INFO : EventManager : Event: ======'balldevice_playfield_ball_enter'====== Args={'new_balls': 1, 'unclaimed_balls': 1, 'device': <playfield.playfield>}
2023-01-26 09:11:27,521 : INFO : EventManager : Event: ======'playfield_ball_count_change'====== Args={'balls': 1, 'change': 1}
2023-01-26 09:11:27,522 : INFO : EventManager : Event: ======'balldevice_bd_trough_ball_count_changed'====== Args={'balls': 0}
2023-01-26 09:11:27,522 : INFO : ball_device.bd_trough : State: idle
2023-01-26 09:11:27,522 : INFO : SwitchController : <<<<<<< 's_left_slingshot' inactive >>>>>>>
2023-01-26 09:11:27,742 : INFO : SwitchController : <<<<<<< 's_right_slingshot' active >>>>>>>
2023-01-26 09:11:27,743 : INFO : EventManager : Event: ======'machine_var_audits_switches_s_right_slingshot'====== Args={'value': 28, 'prev_value': 27, 'change': 1}
2023-01-26 09:11:27,758 : INFO : SwitchController : <<<<<<< 's_right_slingshot' inactive >>>>>>>
2023-01-26 09:11:27,883 : INFO : SwitchController : <<<<<<< 's_left_slingshot' active >>>>>>>
2023-01-26 09:11:27,883 : INFO : EventManager : Event: ======'machine_var_audits_switches_s_left_slingshot'====== Args={'value': 27, 'prev_value': 26, 'change': 1}
2023-01-26 09:11:27,898 : INFO : SwitchController : <<<<<<< 's_left_slingshot' inactive >>>>>>>
2023-01-26 09:11:32,960 : INFO : SwitchController : <<<<<<< 's_scoop_lower' active >>>>>>>
2023-01-26 09:11:32,961 : INFO : EventManager : Event: ======'machine_var_audits_switches_s_scoop_lower'====== Args={'value': 27, 'prev_value': 26, 'change': 1}
2023-01-26 09:11:33,003 : INFO : SwitchController : <<<<<<< 's_scoop_lower' inactive >>>>>>>
2023-01-26 09:11:33,247 : INFO : SwitchController : <<<<<<< 's_scoop_lower' active >>>>>>>
2023-01-26 09:11:33,248 : INFO : EventManager : Event: ======'machine_var_audits_switches_s_scoop_lower'====== Args={'value': 28, 'prev_value': 27, 'change': 1}
2023-01-26 09:11:33,749 : INFO : EventManager : Event: ======'balldevice_bd_scoop_lower_ball_count_changed'====== Args={'balls': 1}
2023-01-26 09:11:33,749 : INFO : ball_device.bd_scoop_lower : Received unexpected ball
2023-01-26 09:11:33,749 : INFO : EventManager : Event: ======'balldevice_captured_from_playfield'====== Args={'balls': 1}
2023-01-26 09:11:33,749 : INFO : EventManager : Event: ======'sw_playfield_active'====== Args={'balls': 1}
2023-01-26 09:11:33,750 : INFO : EventManager : Event: ======'playfield_ball_count_change'====== Args={'balls': 0, 'change': -1}
2023-01-26 09:11:33,750 : INFO : EventManager : Event: ======'balldevice_bd_scoop_lower_ball_enter'====== Args={'new_balls': 1, 'unclaimed_balls': 1, 'new_available_balls': 1, 'device': <ball_device.bd_scoop_lower>}
2023-01-26 09:11:33,751 : INFO : ball_device.bd_scoop_lower : Ejecting 1 unexpected balls using path deque([<ball_device.bd_scoop_lower>, <playfield.playfield>])
2023-01-26 09:11:33,751 : INFO : EventManager : Event: ======'balldevice_balls_available'====== Args={}
2023-01-26 09:11:33,751 : INFO : EventManager : Event: ======'balldevice_balls_available'====== Args={}
2023-01-26 09:11:33,751 : INFO : EventManager : Event: ======'balldevice_bd_scoop_lower_ball_entered'====== Args={'new_balls': 1, 'device': <ball_device.bd_scoop_lower>}
2023-01-26 09:11:33,753 : INFO : ball_device.bd_scoop_lower : State: waiting_for_target_ready
2023-01-26 09:11:33,753 : INFO : EventManager : Event: ======'balldevice_bd_scoop_lower_ball_eject_attempt'====== Args={'balls': 1, 'target': <playfield.playfield>, 'source': <ball_device.bd_scoop_lower>, 'mechanical_eject': False, 'num_attempts': 0}
2023-01-26 09:11:33,754 : INFO : ball_device.bd_scoop_lower : State: ejecting
2023-01-26 09:11:33,754 : INFO : ball_device.bd_scoop_lower : Ejecting ball to <playfield.playfield>
2023-01-26 09:11:33,754 : INFO : EventManager : Event: ======'balldevice_bd_scoop_lower_ejecting_ball'====== Args={'balls': 1, 'target': <playfield.playfield>, 'source': <ball_device.bd_scoop_lower>, 'mechanical_eject': False, 'num_attempts': 0}
2023-01-26 09:11:33,755 : INFO : ball_device.bd_scoop_lower : Wait for ball to leave device
2023-01-26 09:11:33,756 : INFO : coil.c_scoop_lower : Pulsing Driver for 40ms (1.0 pulse_power)
2023-01-26 09:11:33,795 : INFO : SwitchController : <<<<<<< 's_scoop_lower' inactive >>>>>>>
2023-01-26 09:11:33,806 : INFO : ball_device.bd_scoop_lower : State: ball_left
2023-01-26 09:11:33,806 : INFO : ball_device.bd_scoop_lower : Ball left
2023-01-26 09:11:33,806 : INFO : ball_device.bd_scoop_lower : Wait for confirm with timeout 3.0
2023-01-26 09:11:35,510 : INFO : SwitchController : <<<<<<< 's_right_flipper' active >>>>>>>
2023-01-26 09:11:35,510 : INFO : EventManager : Event: ======'machine_var_audits_switches_s_right_flipper'====== Args={'value': 26, 'prev_value': 25, 'change': 1}
2023-01-26 09:11:35,695 : INFO : SwitchController : <<<<<<< 's_right_flipper' inactive >>>>>>>
2023-01-26 09:11:36,811 : INFO : ball_device.bd_scoop_lower : State: failed_confirm
2023-01-26 09:11:36,811 : INFO : ball_device.bd_scoop_lower : Got timeout (3.0s) before confirm from <playfield.playfield>
2023-01-26 09:11:36,906 : INFO : ball_device.bd_scoop_lower : Confirming eject because target is playfield and ball did not return.
2023-01-26 09:11:36,906 : INFO : ball_device.bd_scoop_lower : Eject successful
2023-01-26 09:11:36,906 : INFO : EventManager : Event: ======'balldevice_bd_scoop_lower_ball_eject_success'====== Args={'balls': 1, 'target': <playfield.playfield>}
2023-01-26 09:11:36,907 : INFO : EventManager : Event: ======'balldevice_playfield_ball_enter'====== Args={'new_balls': 1, 'unclaimed_balls': 1, 'device': <playfield.playfield>}
2023-01-26 09:11:36,907 : INFO : EventManager : Event: ======'playfield_ball_count_change'====== Args={'balls': 1, 'change': 1}
2023-01-26 09:11:36,908 : INFO : EventManager : Event: ======'balldevice_bd_scoop_lower_ball_count_changed'====== Args={'balls': 0}
2023-01-26 09:11:36,908 : INFO : ball_device.bd_scoop_lower : State: idle
2023-01-26 09:11:42,001 : INFO : SwitchController : <<<<<<< 's_pop_bot' active >>>>>>>
2023-01-26 09:11:42,001 : INFO : EventManager : Event: ======'machine_var_audits_switches_s_pop_bot'====== Args={'value': 55, 'prev_value': 54, 'change': 1}
2023-01-26 09:11:42,010 : INFO : SwitchController : <<<<<<< 's_pop_bot' inactive >>>>>>>
2023-01-26 09:11:42,081 : INFO : SwitchController : <<<<<<< 's_pop_mid' active >>>>>>>
2023-01-26 09:11:42,082 : INFO : EventManager : Event: ======'machine_var_audits_switches_s_pop_mid'====== Args={'value': 61, 'prev_value': 60, 'change': 1}
2023-01-26 09:11:42,105 : INFO : SwitchController : <<<<<<< 's_pop_mid' inactive >>>>>>>
2023-01-26 09:11:46,735 : INFO : SwitchController : <<<<<<< 's_pop_mid' active >>>>>>>
2023-01-26 09:11:46,736 : INFO : EventManager : Event: ======'machine_var_audits_switches_s_pop_mid'====== Args={'value': 62, 'prev_value': 61, 'change': 1}
2023-01-26 09:11:46,768 : INFO : SwitchController : <<<<<<< 's_pop_mid' inactive >>>>>>>
2023-01-26 09:11:46,900 : INFO : SwitchController : <<<<<<< 's_pop_bot' active >>>>>>>
2023-01-26 09:11:46,901 : INFO : EventManager : Event: ======'machine_var_audits_switches_s_pop_bot'====== Args={'value': 56, 'prev_value': 55, 'change': 1}
2023-01-26 09:11:46,924 : INFO : SwitchController : <<<<<<< 's_pop_bot' inactive >>>>>>>
2023-01-26 09:11:47,175 : INFO : SwitchController : <<<<<<< 's_pop_bot' active >>>>>>>
2023-01-26 09:11:47,175 : INFO : EventManager : Event: ======'machine_var_audits_switches_s_pop_bot'====== Args={'value': 57, 'prev_value': 56, 'change': 1}
2023-01-26 09:11:47,187 : INFO : SwitchController : <<<<<<< 's_pop_bot' inactive >>>>>>>
2023-01-26 09:11:47,377 : INFO : SwitchController : <<<<<<< 's_pop_top' active >>>>>>>
2023-01-26 09:11:47,377 : INFO : EventManager : Event: ======'machine_var_audits_switches_s_pop_top'====== Args={'value': 71, 'prev_value': 70, 'change': 1}
2023-01-26 09:11:47,386 : INFO : SwitchController : <<<<<<< 's_pop_top' inactive >>>>>>>
2023-01-26 09:11:47,531 : INFO : SwitchController : <<<<<<< 's_pop_bot' active >>>>>>>
2023-01-26 09:11:47,532 : INFO : EventManager : Event: ======'machine_var_audits_switches_s_pop_bot'====== Args={'value': 58, 'prev_value': 57, 'change': 1}
2023-01-26 09:11:47,544 : INFO : SwitchController : <<<<<<< 's_pop_bot' inactive >>>>>>>
2023-01-26 09:11:48,324 : INFO : SwitchController : <<<<<<< 's_pop_mid' active >>>>>>>
2023-01-26 09:11:48,325 : INFO : EventManager : Event: ======'machine_var_audits_switches_s_pop_mid'====== Args={'value': 63, 'prev_value': 62, 'change': 1}
2023-01-26 09:11:48,347 : INFO : SwitchController : <<<<<<< 's_pop_mid' inactive >>>>>>>
2023-01-26 09:11:49,200 : INFO : SwitchController : <<<<<<< 's_pop_bot' active >>>>>>>
2023-01-26 09:11:49,200 : INFO : EventManager : Event: ======'machine_var_audits_switches_s_pop_bot'====== Args={'value': 59, 'prev_value': 58, 'change': 1}
2023-01-26 09:11:49,216 : INFO : SwitchController : <<<<<<< 's_pop_bot' inactive >>>>>>>
2023-01-26 09:11:49,452 : INFO : SwitchController : <<<<<<< 's_pop_bot' active >>>>>>>
2023-01-26 09:11:49,453 : INFO : EventManager : Event: ======'machine_var_audits_switches_s_pop_bot'====== Args={'value': 60, 'prev_value': 59, 'change': 1}
2023-01-26 09:11:49,467 : INFO : SwitchController : <<<<<<< 's_pop_bot' inactive >>>>>>>
2023-01-26 09:11:51,285 : INFO : SwitchController : <<<<<<< 's_pop_mid' active >>>>>>>
2023-01-26 09:11:51,286 : INFO : EventManager : Event: ======'machine_var_audits_switches_s_pop_mid'====== Args={'value': 64, 'prev_value': 63, 'change': 1}
2023-01-26 09:11:51,297 : INFO : SwitchController : <<<<<<< 's_pop_mid' inactive >>>>>>>
2023-01-26 09:11:51,516 : INFO : SwitchController : <<<<<<< 's_pop_bot' active >>>>>>>
2023-01-26 09:11:51,517 : INFO : EventManager : Event: ======'machine_var_audits_switches_s_pop_bot'====== Args={'value': 61, 'prev_value': 60, 'change': 1}
2023-01-26 09:11:51,563 : INFO : SwitchController : <<<<<<< 's_pop_bot' inactive >>>>>>>
2023-01-26 09:11:52,276 : INFO : SwitchController : <<<<<<< 's_pop_mid' active >>>>>>>
2023-01-26 09:11:52,276 : INFO : EventManager : Event: ======'machine_var_audits_switches_s_pop_mid'====== Args={'value': 65, 'prev_value': 64, 'change': 1}
2023-01-26 09:11:52,286 : INFO : SwitchController : <<<<<<< 's_pop_mid' inactive >>>>>>>
2023-01-26 09:12:00,409 : INFO : Machine : Shutting down...
2023-01-26 09:12:00,410 : INFO : EventManager : Event: ======'shutdown'====== Args={}
2023-01-26 09:12:00,412 : INFO : EventManager : Event: ======'mode_game_will_stop'====== Args={}
2023-01-26 09:12:00,412 : INFO : EventManager : Event: ======'mode_game_stopping'====== Args={}
2023-01-26 09:12:00,413 : INFO : Mode.game : Stopped.
2023-01-26 09:12:00,414 : INFO : EventManager : Event: ======'modes_active_modes_changed'====== Args={}
2023-01-26 09:12:00,414 : INFO : EventManager : Event: ======'mode_game_stopped'====== Args={}
2023-01-26 09:12:00,414 : INFO : EventManager : Event: ======'clear'====== Args={'key': 'game'}
2023-01-26 09:12:00,420 : ERROR : OPP : Stop called on serial connection com3
2023-01-26 09:12:00,425 : ERROR : OPP : Stop called on serial connection com4
2023-01-26 09:12:00,426 : ERROR : asyncio : Exception in callback Util.raise_exceptions(<Task finishe...ection lost')>) at C:\Users\ruben\.local\pipx\venvs\mpf\lib\site-packages\mpf\core\utility_functions.py:759
handle: <Handle Util.raise_exceptions(<Task finishe...ection lost')>) at C:\Users\ruben\.local\pipx\venvs\mpf\lib\site-packages\mpf\core\utility_functions.py:759>
Traceback (most recent call last):
  File "C:\Users\ruben\AppData\Local\Programs\Python\Python39\lib\asyncio\events.py", line 80, in _run
    self._context.run(self._callback, *self._args)
  File "C:\Users\ruben\.local\pipx\venvs\mpf\lib\site-packages\mpf\core\utility_functions.py", line 767, in raise_exceptions
    future.result()
  File "C:\Users\ruben\.local\pipx\venvs\mpf\lib\site-packages\mpf\platforms\opp\opp.py", line 965, in _poll_sender
    await self.opp_connection[chain_serial].writer.drain()
  File "C:\Users\ruben\AppData\Local\Programs\Python\Python39\lib\asyncio\streams.py", line 387, in drain
    await self._protocol._drain_helper()
  File "C:\Users\ruben\AppData\Local\Programs\Python\Python39\lib\asyncio\streams.py", line 190, in _drain_helper
    raise ConnectionResetError('Connection lost')
ConnectionResetError: Connection lost
2023-01-26 09:12:00,730 : WARNING : OPP : Poll took more than 250.0ms for 0
2023-01-26 09:12:00,744 : ERROR : asyncio : Exception in callback Util.raise_exceptions(<Task finishe...ute 'write'")>) at C:\Users\ruben\.local\pipx\venvs\mpf\lib\site-packages\mpf\core\utility_functions.py:759
handle: <Handle Util.raise_exceptions(<Task finishe...ute 'write'")>) at C:\Users\ruben\.local\pipx\venvs\mpf\lib\site-packages\mpf\core\utility_functions.py:759>
Traceback (most recent call last):
  File "C:\Users\ruben\AppData\Local\Programs\Python\Python39\lib\asyncio\events.py", line 80, in _run
    self._context.run(self._callback, *self._args)
  File "C:\Users\ruben\.local\pipx\venvs\mpf\lib\site-packages\mpf\core\utility_functions.py", line 767, in raise_exceptions
    future.result()
  File "C:\Users\ruben\.local\pipx\venvs\mpf\lib\site-packages\mpf\platforms\opp\opp.py", line 964, in _poll_sender
    self.send_to_processor(chain_serial, self.read_input_msg[chain_serial])
  File "C:\Users\ruben\.local\pipx\venvs\mpf\lib\site-packages\mpf\platforms\opp\opp.py", line 345, in send_to_processor
    self.opp_connection[chain_serial].send(msg)
  File "C:\Users\ruben\.local\pipx\venvs\mpf\lib\site-packages\mpf\platforms\base_serial_communicator.py", line 160, in send
    self.writer.write(msg)
AttributeError: 'NoneType' object has no attribute 'write'
2023-01-26 09:12:00,767 : INFO : root : MPF run loop ended.
