2023-01-25 06:34:32,465 : INFO : root : Loading config.
2023-01-25 06:34:32,954 : INFO : ConfigProcessor : Config spec file cache created: C:\Users\ruben\AppData\Local\Temp\config_spec.mpf_cache
2023-01-25 06:34:32,954 : INFO : YamlMultifileConfigLoader : Machine config file #1: config.yaml
2023-01-25 06:34:32,954 : INFO : ConfigProcessor : Loading config from file C:\Users\ruben\.local\pipx\venvs\mpf\lib\site-packages\mpf\mpfconfig.yaml.
2023-01-25 06:34:33,070 : INFO : ConfigProcessor : Loading config: C:\Users\ruben\.local\pipx\venvs\mpf\lib\site-packages\mpf\mpfconfig.yaml
2023-01-25 06:34:33,071 : INFO : ConfigProcessor : Loading config from file C:\pinball\my_machine\config\config.yaml.
2023-01-25 06:34:33,076 : INFO : ConfigProcessor : Config file cache created: C:\Users\ruben\AppData\Local\Temp\a17888e5e1df298d67e07ada0b1bff4a.mpf_cache
2023-01-25 06:34:33,170 : INFO : ConfigProcessor : Loading config from file C:\Users\ruben\.local\pipx\venvs\mpf\lib\site-packages\mpf\modes\attract\config\attract.yaml.
2023-01-25 06:34:33,173 : INFO : ConfigProcessor : Loading config: C:\Users\ruben\.local\pipx\venvs\mpf\lib\site-packages\mpf\modes\attract\config\attract.yaml
2023-01-25 06:34:33,174 : INFO : ConfigProcessor : Config file cache created: C:\Users\ruben\AppData\Local\Temp\67cf8ffee0fce2d4fcb5ef0bb894d8de.mpf_cache
2023-01-25 06:34:33,182 : INFO : ConfigProcessor : Loading config from file C:\Users\ruben\.local\pipx\venvs\mpf\lib\site-packages\mpf\modes\game\config\game.yaml.
2023-01-25 06:34:33,185 : INFO : ConfigProcessor : Loading config: C:\Users\ruben\.local\pipx\venvs\mpf\lib\site-packages\mpf\modes\game\config\game.yaml
2023-01-25 06:34:33,186 : INFO : ConfigProcessor : Config file cache created: C:\Users\ruben\AppData\Local\Temp\25321780674732dcacb77a8f5b2a53cd.mpf_cache
2023-01-25 06:34:33,195 : INFO : Machine : Mission Pinball Framework Core Engine v0.56.0
2023-01-25 06:34:33,195 : INFO : Machine : Command line arguments: {'no_load_cache': False, 'create_config_cache': True, 'bcp': False, 'configfile': ['config.yaml'], 'force_assets_load': False, 'jsonlogging': False, 'logfile': 'logs\\2023-01-25-06-34-32-mpf-DESKTOP-11MEIVG.log', 'pause': False, 'production': False, 'text_ui': True, 'loglevel': 15, 'consoleloglevel': 20, 'force_platform': None, 'syslog_address': None, 'mc_file_name': None, 'no_sound': False}
2023-01-25 06:34:33,195 : INFO : Machine : MPF path: C:\Users\ruben\.local\pipx\venvs\mpf\lib\site-packages\mpf
2023-01-25 06:34:33,195 : INFO : Machine : Machine path: C:\pinball\my_machine
2023-01-25 06:34:33,196 : INFO : Machine : Platform: win32
2023-01-25 06:34:33,196 : INFO : Machine : Python executable location: C:\Users\ruben\.local\pipx\venvs\mpf\Scripts\python.exe
2023-01-25 06:34:33,196 : INFO : Machine : Python version: 3.9.13 (64-bit)
2023-01-25 06:34:33,198 : INFO : Machine : Initialise MPF.
2023-01-25 06:34:33,643 : INFO : EventManager : Event: ======'machine_var_credits_string'====== Args={'value': 'FREE PLAY', 'prev_value': None, 'change': True}
2023-01-25 06:34:33,690 : INFO : EventManager : Event: ======'machine_var_master_volume'====== Args={'value': 0.5, 'prev_value': None, 'change': True}
2023-01-25 06:34:33,690 : INFO : EventManager : Event: ======'machine_var_mpf_version'====== Args={'value': 'MPF v0.56.0', 'prev_value': None, 'change': True}
2023-01-25 06:34:33,690 : INFO : EventManager : Event: ======'machine_var_mpf_extended_version'====== Args={'value': 'MPF v0.56.0, Config version:5, Show version: 5, BCP version:1.1', 'prev_value': None, 'change': True}
2023-01-25 06:34:33,690 : INFO : EventManager : Event: ======'machine_var_python_version'====== Args={'value': '3.9.13', 'prev_value': None, 'change': True}
2023-01-25 06:34:33,705 : INFO : EventManager : Event: ======'machine_var_platform'====== Args={'value': 'Windows-10-10.0.19045-SP0', 'prev_value': None, 'change': True}
2023-01-25 06:34:33,705 : INFO : EventManager : Event: ======'machine_var_platform_system'====== Args={'value': 'Windows', 'prev_value': None, 'change': True}
2023-01-25 06:34:33,705 : INFO : EventManager : Event: ======'machine_var_platform_release'====== Args={'value': '10', 'prev_value': None, 'change': True}
2023-01-25 06:34:33,705 : INFO : EventManager : Event: ======'machine_var_platform_version'====== Args={'value': '10.0.19045', 'prev_value': None, 'change': True}
2023-01-25 06:34:33,705 : INFO : EventManager : Event: ======'machine_var_platform_machine'====== Args={'value': 'AMD64', 'prev_value': None, 'change': True}
2023-01-25 06:34:33,705 : INFO : EventManager : Event: ======'init_phase_1'====== Args={}
2023-01-25 06:34:33,721 : INFO : EventManager : Event: ======'init_phase_2'====== Args={}
2023-01-25 06:34:33,736 : INFO : EventManager : Event: ======'init_phase_3'====== Args={}
2023-01-25 06:34:33,736 : INFO : EventManager : Event: ======'init_phase_4'====== Args={}
2023-01-25 06:34:33,736 : INFO : EventManager : Event: ======'machine_var_audits_events_game_started'====== Args={'value': 0, 'prev_value': None, 'change': True}
2023-01-25 06:34:33,736 : INFO : EventManager : Event: ======'machine_var_audits_events_game_ended'====== Args={'value': 0, 'prev_value': None, 'change': True}
2023-01-25 06:34:33,736 : INFO : EventManager : Event: ======'machine_var_audits_player_score'====== Args={'value': {'top': [], 'average': 0, 'total': 0}, 'prev_value': None, 'change': True}
2023-01-25 06:34:33,736 : INFO : EventManager : Event: ======'init_phase_5'====== Args={}
2023-01-25 06:34:33,756 : INFO : EventManager : Event: ======'init_done'====== Args={}
2023-01-25 06:34:33,756 : INFO : EventManager : Event: ======'machine_reset_phase_1'====== Args={}
2023-01-25 06:34:33,756 : INFO : EventManager : Event: ======'machine_reset_phase_2'====== Args={}
2023-01-25 06:34:33,756 : INFO : EventManager : Event: ======'machine_reset_phase_3'====== Args={}
2023-01-25 06:34:33,756 : INFO : EventManager : Event: ======'reset_complete'====== Args={}
2023-01-25 06:34:33,756 : INFO : EventManager : Event: ======'mode_attract_will_start'====== Args={}
2023-01-25 06:34:33,756 : INFO : EventManager : Event: ======'mode_attract_starting'====== Args={}
2023-01-25 06:34:33,756 : INFO : Mode.attract : Started. Priority: 10
2023-01-25 06:34:33,756 : INFO : EventManager : Event: ======'modes_active_modes_changed'====== Args={}
2023-01-25 06:34:33,756 : INFO : EventManager : Event: ======'mode_attract_started'====== Args={}
2023-01-25 06:34:33,756 : INFO : EventManager : Event: ======'collecting_balls_complete'====== Args={}
2023-01-25 06:34:33,771 : INFO : Machine : Starting the main run loop.
2023-01-25 06:34:41,246 : INFO : Machine : Shutting down...
2023-01-25 06:34:41,246 : INFO : EventManager : Event: ======'shutdown'====== Args={}
2023-01-25 06:34:41,261 : INFO : root : MPF run loop ended.
