2023-02-12 07:59:55,979 : INFO : root : Loading config.
2023-02-12 07:59:55,995 : INFO : YamlMultifileConfigLoader : Machine config file #1: config.yaml
2023-02-12 07:59:55,995 : INFO : ConfigProcessor : Loading config from cache: C:\Users\ruben\AppData\Local\Temp\a17888e5e1df298d67e07ada0b1bff4a.mpf_cache
2023-02-12 07:59:56,167 : INFO : ConfigProcessor : Loading config from cache: C:\Users\ruben\AppData\Local\Temp\67cf8ffee0fce2d4fcb5ef0bb894d8de.mpf_cache
2023-02-12 07:59:56,167 : INFO : ConfigProcessor : Loading config from cache: C:\Users\ruben\AppData\Local\Temp\25321780674732dcacb77a8f5b2a53cd.mpf_cache
2023-02-12 07:59:56,167 : INFO : Machine : Mission Pinball Framework Core Engine v0.56.0
2023-02-12 07:59:56,167 : INFO : Machine : Command line arguments: {'no_load_cache': False, 'create_config_cache': True, 'bcp': True, 'configfile': ['config.yaml'], 'force_assets_load': False, 'jsonlogging': False, 'logfile': 'logs\\2023-02-12-07-59-55-mpf-DESKTOP-11MEIVG.log', 'pause': False, 'production': False, 'text_ui': True, 'loglevel': 15, 'consoleloglevel': 20, 'force_platform': None, 'syslog_address': None, 'mc_file_name': None, 'no_sound': False}
2023-02-12 07:59:56,167 : INFO : Machine : MPF path: C:\Users\ruben\.local\pipx\venvs\mpf\lib\site-packages\mpf
2023-02-12 07:59:56,167 : INFO : Machine : Machine path: C:\pinball\my_machine
2023-02-12 07:59:56,167 : INFO : Machine : Platform: win32
2023-02-12 07:59:56,167 : INFO : Machine : Python executable location: C:\Users\ruben\.local\pipx\venvs\mpf\Scripts\python.exe
2023-02-12 07:59:56,167 : INFO : Machine : Python version: 3.9.13 (64-bit)
2023-02-12 07:59:56,167 : INFO : Machine : Initialise MPF.
2023-02-12 07:59:56,510 : INFO : OPP : Connecting to com3 at 115200bps
2023-02-12 07:59:56,682 : INFO : OPP : Init of OPP board 1 done
2023-02-12 07:59:56,682 : INFO : OPP : Connecting to com4 at 115200bps
2023-02-12 07:59:56,762 : INFO : OPP : Init of OPP board 0 done
2023-02-12 07:59:56,763 : INFO : EventManager : Event: ======'machine_var_credits_string'====== Args={'value': 'FREE PLAY', 'prev_value': None, 'change': True}
2023-02-12 07:59:56,899 : INFO : EventManager : Event: ======'machine_var_master_volume'====== Args={'value': 0.5, 'prev_value': None, 'change': True}
2023-02-12 07:59:56,900 : INFO : EventManager : Event: ======'machine_var_player1_score'====== Args={'value': 0, 'prev_value': None, 'change': True}
2023-02-12 07:59:56,900 : INFO : EventManager : Event: ======'machine_var_mpf_version'====== Args={'value': 'MPF v0.56.0', 'prev_value': None, 'change': True}
2023-02-12 07:59:56,900 : INFO : EventManager : Event: ======'machine_var_mpf_extended_version'====== Args={'value': 'MPF v0.56.0, Config version:5, Show version: 5, BCP version:1.1', 'prev_value': None, 'change': True}
2023-02-12 07:59:56,900 : INFO : EventManager : Event: ======'machine_var_python_version'====== Args={'value': '3.9.13', 'prev_value': None, 'change': True}
2023-02-12 07:59:56,923 : INFO : EventManager : Event: ======'machine_var_platform'====== Args={'value': 'Windows-10-10.0.19045-SP0', 'prev_value': None, 'change': True}
2023-02-12 07:59:56,923 : INFO : EventManager : Event: ======'machine_var_platform_system'====== Args={'value': 'Windows', 'prev_value': None, 'change': True}
2023-02-12 07:59:56,923 : INFO : EventManager : Event: ======'machine_var_platform_release'====== Args={'value': '10', 'prev_value': None, 'change': True}
2023-02-12 07:59:56,923 : INFO : EventManager : Event: ======'machine_var_platform_version'====== Args={'value': '10.0.19045', 'prev_value': None, 'change': True}
2023-02-12 07:59:56,923 : INFO : EventManager : Event: ======'machine_var_platform_machine'====== Args={'value': 'AMD64', 'prev_value': None, 'change': True}
2023-02-12 07:59:56,924 : INFO : EventManager : Event: ======'init_phase_1'====== Args={}
2023-02-12 07:59:56,972 : INFO : EventManager : Event: ======'drop_target_bank_vuk_bank_up'====== Args={}
2023-02-12 07:59:56,974 : INFO : EventManager : Event: ======'init_phase_2'====== Args={}
2023-02-12 07:59:56,974 : INFO : SwitchController : Found active switch: ('0-0-17', <Platform.OPP>) <switch.s_scoop_lower>
2023-02-12 07:59:56,977 : INFO : EventManager : Event: ======'bcp_connection_attempt'====== Args={'name': 'local_display', 'host': 'localhost', 'port': 5050}
2023-02-12 07:59:56,980 : INFO : BCPClientSocket : Connecting BCP to 'local_display' at localhost:5050...
2023-02-12 07:59:59,531 : INFO : BCPClientSocket : Connected BCP to 'local_display' localhost:5050
2023-02-12 07:59:59,532 : INFO : EventManager : Event: ======'bcp_clients_connected'====== Args={}
2023-02-12 07:59:59,542 : INFO : ball_device.bd_trough : BCH: Initial count: 0
2023-02-12 07:59:59,542 : INFO : EventManager : Event: ======'slide_welcome_slide_created'====== Args={'_from_bcp': True}
2023-02-12 07:59:59,543 : INFO : EventManager : Event: ======'slide_welcome_slide_active'====== Args={'_from_bcp': True}
2023-02-12 07:59:59,543 : INFO : ball_device.bd_trough : State: idle
2023-02-12 07:59:59,544 : INFO : ball_device.bd_scoop_lower : BCH: Initial count: 1
2023-02-12 07:59:59,545 : INFO : ball_device.bd_scoop_lower : State: idle
2023-02-12 07:59:59,572 : INFO : EventManager : Event: ======'init_phase_3'====== Args={}
2023-02-12 07:59:59,576 : INFO : EventManager : Event: ======'machine_var_mc_version'====== Args={'value': 'MPF-MC v0.56.1', 'prev_value': None, 'change': True}
2023-02-12 07:59:59,576 : INFO : EventManager : Event: ======'machine_var_mc_extended_version'====== Args={'value': 'MPF-MC v0.56.1 (config_version=5, BCP v1.1,                      Requires MPF API compatibility v0.56.0 or newer)', 'prev_value': None, 'change': True}
2023-02-12 07:59:59,578 : INFO : EventManager : Event: ======'init_phase_4'====== Args={}
2023-02-12 07:59:59,596 : INFO : BallController : Initial balls found: 1
2023-02-12 07:59:59,599 : INFO : EventManager : Event: ======'machine_var_audits_events_game_ended'====== Args={'value': 40, 'prev_value': None, 'change': True}
2023-02-12 07:59:59,599 : INFO : EventManager : Event: ======'machine_var_audits_events_game_started'====== Args={'value': 62, 'prev_value': None, 'change': True}
2023-02-12 07:59:59,599 : INFO : EventManager : Event: ======'machine_var_audits_player_score'====== Args={'value': {'average': 0.0, 'top': [0, 0, 0, 0, 0, 0, 0, 0, 0, 0], 'total': 40}, 'prev_value': None, 'change': True}
2023-02-12 07:59:59,600 : INFO : EventManager : Event: ======'machine_var_audits_switches_s_drop_bank1'====== Args={'value': 140, 'prev_value': None, 'change': True}
2023-02-12 07:59:59,600 : INFO : EventManager : Event: ======'machine_var_audits_switches_s_left_flipper'====== Args={'value': 1283, 'prev_value': None, 'change': True}
2023-02-12 07:59:59,600 : INFO : EventManager : Event: ======'machine_var_audits_switches_s_left_slingshot'====== Args={'value': 202, 'prev_value': None, 'change': True}
2023-02-12 07:59:59,600 : INFO : EventManager : Event: ======'machine_var_audits_switches_s_pop_bot'====== Args={'value': 285, 'prev_value': None, 'change': True}
2023-02-12 07:59:59,600 : INFO : EventManager : Event: ======'machine_var_audits_switches_s_pop_mid'====== Args={'value': 277, 'prev_value': None, 'change': True}
2023-02-12 07:59:59,601 : INFO : EventManager : Event: ======'machine_var_audits_switches_s_pop_top'====== Args={'value': 224, 'prev_value': None, 'change': True}
2023-02-12 07:59:59,601 : INFO : EventManager : Event: ======'machine_var_audits_switches_s_right_flipper'====== Args={'value': 1354, 'prev_value': None, 'change': True}
2023-02-12 07:59:59,601 : INFO : EventManager : Event: ======'machine_var_audits_switches_s_right_inlane'====== Args={'value': 0, 'prev_value': None, 'change': True}
2023-02-12 07:59:59,601 : INFO : EventManager : Event: ======'machine_var_audits_switches_s_right_slingshot'====== Args={'value': 190, 'prev_value': None, 'change': True}
2023-02-12 07:59:59,602 : INFO : EventManager : Event: ======'machine_var_audits_switches_s_scoop_lower'====== Args={'value': 173, 'prev_value': None, 'change': True}
2023-02-12 07:59:59,602 : INFO : EventManager : Event: ======'machine_var_audits_switches_s_startButton'====== Args={'value': 10, 'prev_value': None, 'change': True}
2023-02-12 07:59:59,602 : INFO : EventManager : Event: ======'machine_var_audits_switches_s_trough1'====== Args={'value': 198, 'prev_value': None, 'change': True}
2023-02-12 07:59:59,603 : INFO : EventManager : Event: ======'init_phase_5'====== Args={}
2023-02-12 07:59:59,620 : INFO : EventManager : Event: ======'init_done'====== Args={}
2023-02-12 07:59:59,621 : INFO : EventManager : Event: ======'machine_reset_phase_1'====== Args={}
2023-02-12 07:59:59,625 : INFO : EventManager : Event: ======'slide_welcome_slide_removed'====== Args={'_from_bcp': True}
2023-02-12 07:59:59,629 : INFO : EventManager : Event: ======'slide_welcome_slide_created'====== Args={'_from_bcp': True}
2023-02-12 07:59:59,632 : INFO : EventManager : Event: ======'machine_reset_phase_2'====== Args={}
2023-02-12 07:59:59,633 : INFO : EventManager : Event: ======'machine_reset_phase_3'====== Args={}
2023-02-12 07:59:59,633 : INFO : EventManager : Event: ======'slide_welcome_slide_active'====== Args={'_from_bcp': True}
2023-02-12 07:59:59,634 : INFO : drop_target_bank.vuk_bank : All targets are already up. Will not reset bank.
2023-02-12 07:59:59,635 : INFO : EventManager : Event: ======'reset_complete'====== Args={}
2023-02-12 07:59:59,636 : INFO : EventManager : Event: ======'mode_attract_will_start'====== Args={}
2023-02-12 07:59:59,636 : INFO : EventManager : Event: ======'mode_attract_starting'====== Args={}
2023-02-12 07:59:59,637 : INFO : Mode.attract : Started. Priority: 10
2023-02-12 07:59:59,637 : INFO : EventManager : Event: ======'modes_active_modes_changed'====== Args={}
2023-02-12 07:59:59,637 : INFO : EventManager : Event: ======'mode_attract_started'====== Args={}
2023-02-12 07:59:59,637 : INFO : EventManager : Event: ======'collecting_balls'====== Args={}
2023-02-12 07:59:59,638 : INFO : ball_device.bd_scoop_lower : Adding 1 ball(s) to the eject_queue with target <playfield.playfield>.
2023-02-12 07:59:59,638 : INFO : EventManager : Event: ======'balldevice_balls_available'====== Args={}
2023-02-12 07:59:59,670 : INFO : EventManager : Event: ======'slide_attract_started_created'====== Args={'_from_bcp': True}
2023-02-12 07:59:59,670 : INFO : EventManager : Event: ======'slide_attract_started_active'====== Args={'_from_bcp': True}
2023-02-12 07:59:59,671 : INFO : Machine : Starting the main run loop.
2023-02-12 07:59:59,672 : INFO : ball_device.bd_scoop_lower : State: waiting_for_target_ready
2023-02-12 07:59:59,672 : INFO : EventManager : Event: ======'balldevice_bd_scoop_lower_ball_eject_attempt'====== Args={'balls': 1, 'target': <playfield.playfield>, 'source': <ball_device.bd_scoop_lower>, 'mechanical_eject': False, 'num_attempts': 0}
2023-02-12 07:59:59,673 : INFO : ball_device.bd_scoop_lower : State: ejecting
2023-02-12 07:59:59,673 : INFO : ball_device.bd_scoop_lower : Ejecting ball to <playfield.playfield>
2023-02-12 07:59:59,673 : INFO : EventManager : Event: ======'balldevice_bd_scoop_lower_ejecting_ball'====== Args={'balls': 1, 'target': <playfield.playfield>, 'source': <ball_device.bd_scoop_lower>, 'mechanical_eject': False, 'num_attempts': 0}
2023-02-12 07:59:59,675 : INFO : ball_device.bd_scoop_lower : Wait for ball to leave device
2023-02-12 07:59:59,675 : INFO : coil.c_scoop_lower : Pulsing Driver for 40ms (1.0 pulse_power)
2023-02-12 08:00:02,650 : INFO : EventManager : Event: ======'balldevice_bd_scoop_lower_ball_eject_failed'====== Args={'target': <playfield.playfield>, 'balls': 1, 'retry': True, 'num_attempts': 1}
2023-02-12 08:00:02,657 : INFO : ball_device.bd_scoop_lower : State: waiting_for_target_ready
2023-02-12 08:00:02,657 : INFO : EventManager : Event: ======'balldevice_bd_scoop_lower_ball_eject_attempt'====== Args={'balls': 1, 'target': <playfield.playfield>, 'source': <ball_device.bd_scoop_lower>, 'mechanical_eject': False, 'num_attempts': 1}
2023-02-12 08:00:02,659 : INFO : ball_device.bd_scoop_lower : State: ejecting
2023-02-12 08:00:02,659 : INFO : ball_device.bd_scoop_lower : Ejecting ball to <playfield.playfield>
2023-02-12 08:00:02,660 : INFO : EventManager : Event: ======'balldevice_bd_scoop_lower_ejecting_ball'====== Args={'balls': 1, 'target': <playfield.playfield>, 'source': <ball_device.bd_scoop_lower>, 'mechanical_eject': False, 'num_attempts': 1}
2023-02-12 08:00:02,666 : INFO : ball_device.bd_scoop_lower : Wait for ball to leave device
2023-02-12 08:00:02,667 : INFO : coil.c_scoop_lower : Pulsing Driver for 40ms (1.0 pulse_power)
2023-02-12 08:00:05,660 : INFO : EventManager : Event: ======'balldevice_bd_scoop_lower_ball_eject_failed'====== Args={'target': <playfield.playfield>, 'balls': 1, 'retry': True, 'num_attempts': 2}
2023-02-12 08:00:05,662 : INFO : ball_device.bd_scoop_lower : State: waiting_for_target_ready
2023-02-12 08:00:05,662 : INFO : EventManager : Event: ======'balldevice_bd_scoop_lower_ball_eject_attempt'====== Args={'balls': 1, 'target': <playfield.playfield>, 'source': <ball_device.bd_scoop_lower>, 'mechanical_eject': False, 'num_attempts': 2}
2023-02-12 08:00:05,663 : INFO : ball_device.bd_scoop_lower : State: ejecting
2023-02-12 08:00:05,663 : INFO : ball_device.bd_scoop_lower : Ejecting ball to <playfield.playfield>
2023-02-12 08:00:05,663 : INFO : EventManager : Event: ======'balldevice_bd_scoop_lower_ejecting_ball'====== Args={'balls': 1, 'target': <playfield.playfield>, 'source': <ball_device.bd_scoop_lower>, 'mechanical_eject': False, 'num_attempts': 2}
2023-02-12 08:00:05,664 : INFO : ball_device.bd_scoop_lower : Wait for ball to leave device
2023-02-12 08:00:05,665 : INFO : coil.c_scoop_lower : Pulsing Driver for 40ms (1.0 pulse_power)
2023-02-12 08:00:08,658 : INFO : EventManager : Event: ======'balldevice_bd_scoop_lower_ball_eject_failed'====== Args={'target': <playfield.playfield>, 'balls': 1, 'retry': True, 'num_attempts': 3}
2023-02-12 08:00:08,660 : INFO : ball_device.bd_scoop_lower : State: waiting_for_target_ready
2023-02-12 08:00:08,660 : INFO : EventManager : Event: ======'balldevice_bd_scoop_lower_ball_eject_attempt'====== Args={'balls': 1, 'target': <playfield.playfield>, 'source': <ball_device.bd_scoop_lower>, 'mechanical_eject': False, 'num_attempts': 3}
2023-02-12 08:00:08,661 : INFO : ball_device.bd_scoop_lower : State: ejecting
2023-02-12 08:00:08,661 : INFO : ball_device.bd_scoop_lower : Ejecting ball to <playfield.playfield>
2023-02-12 08:00:08,661 : INFO : EventManager : Event: ======'balldevice_bd_scoop_lower_ejecting_ball'====== Args={'balls': 1, 'target': <playfield.playfield>, 'source': <ball_device.bd_scoop_lower>, 'mechanical_eject': False, 'num_attempts': 3}
2023-02-12 08:00:08,662 : INFO : ball_device.bd_scoop_lower : Wait for ball to leave device
2023-02-12 08:00:08,663 : INFO : coil.c_scoop_lower : Pulsing Driver for 40ms (1.0 pulse_power)
2023-02-12 08:00:11,651 : INFO : EventManager : Event: ======'balldevice_bd_scoop_lower_ball_eject_failed'====== Args={'target': <playfield.playfield>, 'balls': 1, 'retry': True, 'num_attempts': 4}
2023-02-12 08:00:11,653 : INFO : ball_device.bd_scoop_lower : State: waiting_for_target_ready
2023-02-12 08:00:11,653 : INFO : EventManager : Event: ======'balldevice_bd_scoop_lower_ball_eject_attempt'====== Args={'balls': 1, 'target': <playfield.playfield>, 'source': <ball_device.bd_scoop_lower>, 'mechanical_eject': False, 'num_attempts': 4}
2023-02-12 08:00:11,654 : INFO : ball_device.bd_scoop_lower : State: ejecting
2023-02-12 08:00:11,654 : INFO : ball_device.bd_scoop_lower : Ejecting ball to <playfield.playfield>
2023-02-12 08:00:11,654 : INFO : EventManager : Event: ======'balldevice_bd_scoop_lower_ejecting_ball'====== Args={'balls': 1, 'target': <playfield.playfield>, 'source': <ball_device.bd_scoop_lower>, 'mechanical_eject': False, 'num_attempts': 4}
2023-02-12 08:00:11,655 : INFO : ball_device.bd_scoop_lower : Wait for ball to leave device
2023-02-12 08:00:11,656 : INFO : coil.c_scoop_lower : Pulsing Driver for 40ms (1.0 pulse_power)
2023-02-12 08:00:11,697 : INFO : SwitchController : <<<<<<< 's_scoop_lower' inactive >>>>>>>
2023-02-12 08:00:11,702 : INFO : ball_device.bd_scoop_lower : State: ball_left
2023-02-12 08:00:11,703 : INFO : ball_device.bd_scoop_lower : Ball left
2023-02-12 08:00:11,703 : INFO : ball_device.bd_scoop_lower : Wait for confirm with timeout 3.0
2023-02-12 08:00:14,690 : INFO : ball_device.bd_scoop_lower : State: failed_confirm
2023-02-12 08:00:14,690 : INFO : ball_device.bd_scoop_lower : Got timeout (3.0s) before confirm from <playfield.playfield>
2023-02-12 08:00:14,783 : INFO : ball_device.bd_scoop_lower : Confirming eject because target is playfield and ball did not return.
2023-02-12 08:00:14,784 : INFO : ball_device.bd_scoop_lower : Eject successful
2023-02-12 08:00:14,784 : INFO : EventManager : Event: ======'balldevice_bd_scoop_lower_ball_eject_success'====== Args={'balls': 1, 'target': <playfield.playfield>}
2023-02-12 08:00:14,784 : INFO : EventManager : Event: ======'balldevice_playfield_ball_enter'====== Args={'new_balls': 1, 'unclaimed_balls': 1, 'device': <playfield.playfield>}
2023-02-12 08:00:14,784 : INFO : EventManager : Event: ======'playfield_ball_count_change'====== Args={'balls': 1, 'change': 1}
2023-02-12 08:00:14,785 : INFO : EventManager : Event: ======'balldevice_bd_scoop_lower_ball_count_changed'====== Args={'balls': 0}
2023-02-12 08:00:14,785 : INFO : ball_device.bd_scoop_lower : State: idle
2023-02-12 08:00:34,497 : INFO : SwitchController : <<<<<<< 's_startButton' active >>>>>>>
2023-02-12 08:00:34,622 : INFO : SwitchController : <<<<<<< 's_startButton' inactive >>>>>>>
2023-02-12 08:00:34,623 : INFO : EventManager : Event: ======'request_to_start_game'====== Args={}
2023-02-12 08:00:34,624 : INFO : BallController : Known balls: 1
2023-02-12 08:00:34,624 : INFO : BallController : bd_trough contains 0 balls. Tags ['trough', 'home', 'drain']
2023-02-12 08:00:34,625 : INFO : BallController : bd_scoop_lower contains 0 balls. Tags []
2023-02-12 08:00:34,625 : INFO : BallController : playfield contains 1 balls. Tags ['default']
2023-02-12 08:00:34,625 : WARNING : BallController : BallController denies game start. Not enough balls. 0 found. 1 required
2023-02-12 08:00:34,625 : INFO : BallController : Triggering ball search.
2023-02-12 08:00:36,181 : INFO : SwitchController : <<<<<<< 's_startButton' active >>>>>>>
2023-02-12 08:00:36,305 : INFO : SwitchController : <<<<<<< 's_startButton' inactive >>>>>>>
2023-02-12 08:00:36,305 : INFO : EventManager : Event: ======'request_to_start_game'====== Args={}
2023-02-12 08:00:36,306 : INFO : BallController : Known balls: 1
2023-02-12 08:00:36,306 : INFO : BallController : bd_trough contains 0 balls. Tags ['trough', 'home', 'drain']
2023-02-12 08:00:36,306 : INFO : BallController : bd_scoop_lower contains 0 balls. Tags []
2023-02-12 08:00:36,306 : INFO : BallController : playfield contains 1 balls. Tags ['default']
2023-02-12 08:00:36,306 : WARNING : BallController : BallController denies game start. Not enough balls. 0 found. 1 required
2023-02-12 08:00:36,306 : INFO : BallController : Triggering ball search.
2023-02-12 08:00:36,538 : INFO : SwitchController : <<<<<<< 's_startButton' active >>>>>>>
2023-02-12 08:00:36,614 : INFO : SwitchController : <<<<<<< 's_startButton' inactive >>>>>>>
2023-02-12 08:00:36,614 : INFO : EventManager : Event: ======'request_to_start_game'====== Args={}
2023-02-12 08:00:36,616 : INFO : BallController : Known balls: 1
2023-02-12 08:00:36,617 : INFO : BallController : bd_trough contains 0 balls. Tags ['trough', 'home', 'drain']
2023-02-12 08:00:36,617 : INFO : BallController : bd_scoop_lower contains 0 balls. Tags []
2023-02-12 08:00:36,617 : INFO : BallController : playfield contains 1 balls. Tags ['default']
2023-02-12 08:00:36,617 : WARNING : BallController : BallController denies game start. Not enough balls. 0 found. 1 required
2023-02-12 08:00:36,618 : INFO : BallController : Triggering ball search.
2023-02-12 08:00:36,928 : INFO : SwitchController : <<<<<<< 's_startButton' active >>>>>>>
2023-02-12 08:00:36,998 : INFO : SwitchController : <<<<<<< 's_startButton' inactive >>>>>>>
2023-02-12 08:00:36,998 : INFO : EventManager : Event: ======'request_to_start_game'====== Args={}
2023-02-12 08:00:37,000 : INFO : BallController : Known balls: 1
2023-02-12 08:00:37,001 : INFO : BallController : bd_trough contains 0 balls. Tags ['trough', 'home', 'drain']
2023-02-12 08:00:37,001 : INFO : BallController : bd_scoop_lower contains 0 balls. Tags []
2023-02-12 08:00:37,001 : INFO : BallController : playfield contains 1 balls. Tags ['default']
2023-02-12 08:00:37,001 : WARNING : BallController : BallController denies game start. Not enough balls. 0 found. 1 required
2023-02-12 08:00:37,001 : INFO : BallController : Triggering ball search.
2023-02-12 08:00:37,418 : INFO : SwitchController : <<<<<<< 's_startButton' active >>>>>>>
2023-02-12 08:00:37,480 : INFO : SwitchController : <<<<<<< 's_startButton' inactive >>>>>>>
2023-02-12 08:00:37,481 : INFO : EventManager : Event: ======'request_to_start_game'====== Args={}
2023-02-12 08:00:37,481 : INFO : BallController : Known balls: 1
2023-02-12 08:00:37,481 : INFO : BallController : bd_trough contains 0 balls. Tags ['trough', 'home', 'drain']
2023-02-12 08:00:37,481 : INFO : BallController : bd_scoop_lower contains 0 balls. Tags []
2023-02-12 08:00:37,482 : INFO : BallController : playfield contains 1 balls. Tags ['default']
2023-02-12 08:00:37,482 : WARNING : BallController : BallController denies game start. Not enough balls. 0 found. 1 required
2023-02-12 08:00:37,482 : INFO : BallController : Triggering ball search.
2023-02-12 08:00:49,198 : INFO : SwitchController : <<<<<<< 's_right_flipper' active >>>>>>>
2023-02-12 08:00:49,314 : INFO : SwitchController : <<<<<<< 's_right_flipper' inactive >>>>>>>
2023-02-12 08:00:49,510 : INFO : SwitchController : <<<<<<< 's_right_flipper' active >>>>>>>
2023-02-12 08:00:49,603 : INFO : SwitchController : <<<<<<< 's_right_flipper' inactive >>>>>>>
2023-02-12 08:00:50,862 : INFO : SwitchController : <<<<<<< 's_right_flipper' active >>>>>>>
2023-02-12 08:00:50,893 : INFO : SwitchController : <<<<<<< 's_left_flipper' active >>>>>>>
2023-02-12 08:00:50,894 : INFO : EventManager : Event: ======'flipper_cancel'====== Args={'triggering_group': 1, 'triggering_switch': 's_left_flipper'}
2023-02-12 08:00:51,017 : INFO : SwitchController : <<<<<<< 's_left_flipper' inactive >>>>>>>
2023-02-12 08:00:51,017 : INFO : EventManager : Event: ======'both_flippers_one'====== Args={'triggering_group': 1, 'triggering_switch': 's_left_flipper'}
2023-02-12 08:00:51,032 : INFO : SwitchController : <<<<<<< 's_right_flipper' inactive >>>>>>>
2023-02-12 08:00:51,032 : INFO : EventManager : Event: ======'both_flippers_inactive'====== Args={'triggering_group': 2, 'triggering_switch': 's_right_flipper'}
2023-02-12 08:00:51,111 : INFO : SwitchController : <<<<<<< 's_left_flipper' active >>>>>>>
2023-02-12 08:00:51,188 : INFO : SwitchController : <<<<<<< 's_right_flipper' active >>>>>>>
2023-02-12 08:00:51,189 : INFO : EventManager : Event: ======'flipper_cancel'====== Args={'triggering_group': 2, 'triggering_switch': 's_right_flipper'}
2023-02-12 08:00:51,205 : INFO : SwitchController : <<<<<<< 's_left_flipper' inactive >>>>>>>
2023-02-12 08:00:51,205 : INFO : EventManager : Event: ======'both_flippers_one'====== Args={'triggering_group': 1, 'triggering_switch': 's_left_flipper'}
2023-02-12 08:00:51,282 : INFO : SwitchController : <<<<<<< 's_right_flipper' inactive >>>>>>>
2023-02-12 08:00:51,282 : INFO : EventManager : Event: ======'both_flippers_inactive'====== Args={'triggering_group': 2, 'triggering_switch': 's_right_flipper'}
2023-02-12 08:01:19,387 : INFO : Machine : Shutting down...
2023-02-12 08:01:19,387 : INFO : EventManager : Event: ======'shutdown'====== Args={}
2023-02-12 08:01:19,395 : ERROR : OPP : Stop called on serial connection com3
2023-02-12 08:01:19,395 : ERROR : OPP : Stop called on serial connection com4
