2023-01-25 07:43:15,303 : kivy : Factory: 189 symbols loaded
2023-01-25 07:43:15,542 : kivy : ImageLoaderFFPy: Using ffpyplayer 4.3.5
2023-01-25 07:43:15,542 : kivy : Image: Providers: img_tex, img_dds, img_sdl2, img_pil, img_ffpyplayer 
2023-01-25 07:43:15,598 : kivy : VideoGstplayer: Using Gstreamer 1.18.5.0
2023-01-25 07:43:15,598 : kivy : Video: Provider: gstplayer
2023-01-25 07:43:15,817 : kivy : Loading MPF-MC controller
2023-01-25 07:43:15,823 : YamlMultifileConfigLoader : Machine config file #1: config
2023-01-25 07:43:15,823 : ConfigProcessor : Config file in cache changed: C:\pinball\my_machine\config\config
2023-01-25 07:43:15,824 : ConfigProcessor : Loading config from file C:\Users\ruben\.local\pipx\venvs\mpf\lib\site-packages\mpfmc\mcconfig.yaml.
2023-01-25 07:43:15,883 : ConfigProcessor : Loading config: C:\Users\ruben\.local\pipx\venvs\mpf\lib\site-packages\mpfmc\mcconfig.yaml
2023-01-25 07:43:15,884 : ConfigProcessor : Loading config from file C:\pinball\my_machine\config\config.
2023-01-25 07:43:15,905 : ConfigProcessor : Loading config: C:\pinball\my_machine\config\config
2023-01-25 07:43:15,907 : ConfigProcessor : Config file cache created: C:\Users\ruben\AppData\Local\Temp\5edbcd24fbe704f5401fb4c9e1e1d8f8.mpf_cache
2023-01-25 07:43:15,908 : ConfigProcessor : Loading config from cache: C:\Users\ruben\AppData\Local\Temp\67cf8ffee0fce2d4fcb5ef0bb894d8de.mpf_cache
2023-01-25 07:43:15,909 : ConfigProcessor : Loading config from cache: C:\Users\ruben\AppData\Local\Temp\25321780674732dcacb77a8f5b2a53cd.mpf_cache
2023-01-25 07:43:15,910 : mpfmc : Mission Pinball Framework Media Controller v0.56.1
2023-01-25 07:43:15,910 : mpfmc : Mission Pinball Framework Game Engine v0.56.0
2023-01-25 07:43:15,910 : mpfmc : Machine path: C:\pinball\my_machine
2023-01-25 07:43:15,910 : mpfmc : Starting clock at 60.0Hz
2023-01-25 07:43:15,928 : kivy : Text: Provider: sdl2
2023-01-25 07:43:15,986 : kivy : Window: Provider: sdl2
2023-01-25 07:43:17,085 : kivy : GL: Using the "OpenGL" graphics system
2023-01-25 07:43:17,093 : kivy : GL: GLEW initialization succeeded
2023-01-25 07:43:17,093 : kivy : GL: Backend used <glew>
2023-01-25 07:43:17,093 : kivy : GL: OpenGL version <b'4.5.0 NVIDIA 376.54'>
2023-01-25 07:43:17,094 : kivy : GL: OpenGL vendor <b'NVIDIA Corporation'>
2023-01-25 07:43:17,094 : kivy : GL: OpenGL renderer <b'GeForce GT 630M/PCIe/SSE2'>
2023-01-25 07:43:17,094 : kivy : GL: OpenGL parsed version: 4, 5
2023-01-25 07:43:17,094 : kivy : GL: Shading version <b'4.50 NVIDIA'>
2023-01-25 07:43:17,094 : kivy : GL: Texture max size <16384>
2023-01-25 07:43:17,094 : kivy : GL: Texture max units <32>
2023-01-25 07:43:17,119 : kivy : Window: auto add sdl2 input provider
2023-01-25 07:43:17,120 : kivy : Window: virtual keyboard not allowed, single mode, not docked
2023-01-25 07:43:17,134 : SoundSystem : SoundSystem: Using default 'sound_system' settings
2023-01-25 07:43:17,477 : AudioInterface : Initialized
2023-01-25 07:43:17,477 : AudioInterface : Loaded SDL 2.0.20
2023-01-25 07:43:17,477 : AudioInterface : Loaded SDL_Mixer 2.0.4
2023-01-25 07:43:17,477 : AudioInterface : Loaded GStreamer 1.18.5.0
2023-01-25 07:43:17,477 : AudioInterface : Loaded GLib 2.62.6
2023-01-25 07:43:17,477 : AudioInterface : Settings requested - rate: 44100, channels: 1, buffer: 2048 samples
2023-01-25 07:43:17,477 : AudioInterface : Settings in use - rate: 44100, channels: 1, buffer: 2048 samples (4096 bytes @ 2 bytes per sample)
2023-01-25 07:43:17,477 : SoundSystem : No audio tracks are specified in your machine config file. a track named 'default' has been created.
2023-01-25 07:43:17,478 : SoundSystem : Setting master volume to 0.0
2023-01-25 07:43:17,478 : SoundSystem : master_volume in sound_system is deprecated and will be removed in the future.
2023-01-25 07:43:17,478 : AudioInterface : Enabling audio playback
2023-01-25 07:43:17,480 : kivy : Base: Start application main loop
2023-01-25 07:43:17,481 : EventManager : Event: ======'display_window_initialized'====== Args={}
2023-01-25 07:43:17,490 : mpfmc : Display: Setting 'window' as default display
2023-01-25 07:43:17,502 : EventManager : Event: ======'displays_initialized'====== Args={}
2023-01-25 07:43:17,504 : EventManager : Event: ======'slide_window_blank_created'====== Args={}
2023-01-25 07:43:17,504 : EventManager : Event: ======'display_window_ready'====== Args={}
2023-01-25 07:43:17,528 : EventManager : Event: ======'init_phase_1'====== Args={}
2023-01-25 07:43:17,537 : EventManager : Event: ======'mc_ready'====== Args={}
2023-01-25 07:43:17,537 : EventManager : Event: ======'init_phase_2'====== Args={}
2023-01-25 07:43:17,540 : EventManager : Event: ======'init_phase_3'====== Args={}
2023-01-25 07:43:17,541 : EventManager : Event: ======'init_phase_4'====== Args={}
2023-01-25 07:43:17,541 : EventManager : Event: ======'init_phase_5'====== Args={}
2023-01-25 07:43:17,541 : EventManager : Event: ======'init_done'====== Args={}
2023-01-25 07:43:17,541 : MPF-MC BCP Server : Starting up on localhost port 5050
2023-01-25 07:43:17,548 : MPF-MC BCP Server : Waiting for a connection...
2023-01-25 07:43:17,548 : mpfmc : SlidePlayer: Play called with settings={'slides': {welcome_slide-None-None: {'priority': None, 'target': None, 'background_color': [0.0, 0.0, 0.0, 1.0], 'show': True, 'force': False, 'expire': None, 'slide': None, 'tokens': {}, 'action': 'play', 'transition': None, 'transition_out': None}}}
2023-01-25 07:43:17,621 : kivy : GL: NPOT texture support is available
2023-01-25 07:43:17,623 : EventManager : Event: ======'slide_welcome_slide_created'====== Args={}
2023-01-25 07:43:17,627 : EventManager : Event: ======'slide_welcome_slide_active'====== Args={}
2023-01-25 07:43:17,631 : EventManager : Event: ======'client_disconnected'====== Args={'host': '127.0.0.1', 'port': 5050}
2023-01-25 07:43:17,909 : MPF-MC BCP Server : Received connection from: 127.0.0.1:51698
2023-01-25 07:43:17,916 : EventManager : Event: ======'client_connected'====== Args={'host': '127.0.0.1', 'port': 51698}
2023-01-25 07:43:17,964 : EventManager : Event: ======'machine_var_credits_string'====== Args={'value': 'FREE PLAY', 'prev_value': None, 'change': True}
2023-01-25 07:43:17,964 : EventManager : Event: ======'machine_var_master_volume'====== Args={'value': 0.5, 'prev_value': None, 'change': True}
2023-01-25 07:43:17,964 : EventManager : Event: ======'machine_var_mpf_version'====== Args={'value': 'MPF v0.56.0', 'prev_value': None, 'change': True}
2023-01-25 07:43:17,965 : EventManager : Event: ======'machine_var_mpf_extended_version'====== Args={'value': 'MPF v0.56.0, Config version:5, Show version: 5, BCP version:1.1', 'prev_value': None, 'change': True}
2023-01-25 07:43:17,965 : EventManager : Event: ======'machine_var_python_version'====== Args={'value': '3.9.13', 'prev_value': None, 'change': True}
2023-01-25 07:43:17,965 : EventManager : Event: ======'machine_var_platform'====== Args={'value': 'Windows-10-10.0.19045-SP0', 'prev_value': None, 'change': True}
2023-01-25 07:43:17,965 : EventManager : Event: ======'machine_var_platform_system'====== Args={'value': 'Windows', 'prev_value': None, 'change': True}
2023-01-25 07:43:17,966 : EventManager : Event: ======'machine_var_platform_release'====== Args={'value': '10', 'prev_value': None, 'change': True}
2023-01-25 07:43:17,966 : EventManager : Event: ======'machine_var_platform_version'====== Args={'value': '10.0.19045', 'prev_value': None, 'change': True}
2023-01-25 07:43:17,966 : EventManager : Event: ======'machine_var_platform_machine'====== Args={'value': 'AMD64', 'prev_value': None, 'change': True}
2023-01-25 07:43:17,966 : EventManager : Event: ======'machine_var_mc_version'====== Args={'value': 'MPF-MC v0.56.1', 'prev_value': None, 'change': True}
2023-01-25 07:43:17,966 : EventManager : Event: ======'machine_var_mc_extended_version'====== Args={'value': 'MPF-MC v0.56.1 (config_version=5, BCP v1.1,                      Requires MPF API compatibility v0.56.0 or newer)', 'prev_value': None, 'change': True}
2023-01-25 07:43:17,967 : SoundSystem : Setting master volume to 0.5
2023-01-25 07:43:18,036 : EventManager : Event: ======'machine_var_audits_events_game_ended'====== Args={'value': 0, 'prev_value': None, 'change': True}
2023-01-25 07:43:18,048 : EventManager : Event: ======'machine_var_audits_events_game_started'====== Args={'value': 3, 'prev_value': None, 'change': True}
2023-01-25 07:43:18,048 : EventManager : Event: ======'machine_var_audits_player_score'====== Args={'value': {'average': 0, 'top': [], 'total': 0}, 'prev_value': None, 'change': True}
2023-01-25 07:43:18,048 : EventManager : Event: ======'machine_var_audits_switches_s_left_flipper'====== Args={'value': 12, 'prev_value': None, 'change': True}
2023-01-25 07:43:18,048 : EventManager : Event: ======'machine_var_audits_switches_s_left_slingshot'====== Args={'value': 5, 'prev_value': None, 'change': True}
2023-01-25 07:43:18,048 : EventManager : Event: ======'machine_var_audits_switches_s_right_flipper'====== Args={'value': 12, 'prev_value': None, 'change': True}
2023-01-25 07:43:18,048 : EventManager : Event: ======'machine_var_audits_switches_s_right_inlane'====== Args={'value': 0, 'prev_value': None, 'change': True}
2023-01-25 07:43:18,049 : EventManager : Event: ======'machine_var_audits_switches_s_right_slingshot'====== Args={'value': 3, 'prev_value': None, 'change': True}
2023-01-25 07:43:18,049 : EventManager : Event: ======'machine_var_audits_switches_s_startButton'====== Args={'value': 1, 'prev_value': None, 'change': True}
2023-01-25 07:43:18,049 : EventManager : Event: ======'machine_var_audits_switches_s_trough1'====== Args={'value': 1, 'prev_value': None, 'change': True}
2023-01-25 07:43:18,060 : EventManager : Event: ======'slides_play'====== Args={'settings': {'welcome_slide': {'target': None, 'background_color': [0.0, 0.0, 0.0, 1.0], 'priority': None, 'show': True, 'force': False, 'expire': None, 'slide': None, 'tokens': {}, 'action': 'play'}}, 'context': '_global', 'calling_context': 'init_done', 'priority': 0}
2023-01-25 07:43:18,060 : EventManager : Event: ======'mc_reset_phase_1'====== Args={}
2023-01-25 07:43:18,060 : mpfmc : SlidePlayer: Play called with settings={'welcome_slide': {'target': None, 'background_color': [0.0, 0.0, 0.0, 1.0], 'priority': None, 'show': True, 'force': False, 'expire': None, 'slide': None, 'tokens': {}, 'action': 'play'}}
2023-01-25 07:43:18,060 : EventManager : Event: ======'slide_welcome_slide_removed'====== Args={}
2023-01-25 07:43:18,064 : EventManager : Event: ======'slide_welcome_slide_created'====== Args={}
2023-01-25 07:43:18,065 : EventManager : Event: ======'mc_reset_phase_2'====== Args={}
2023-01-25 07:43:18,066 : EventManager : Event: ======'mc_reset_phase_3'====== Args={}
2023-01-25 07:43:18,066 : EventManager : Event: ======'mc_reset_complete'====== Args={}
2023-01-25 07:43:18,066 : EventManager : Event: ======'slide_welcome_slide_active'====== Args={}
2023-01-25 07:43:18,085 : EventManager : Event: ======'slides_play'====== Args={'settings': {'attract_started': {'target': None, 'background_color': [0.0, 0.0, 0.0, 1.0], 'priority': None, 'show': True, 'force': False, 'expire': None, 'slide': None, 'tokens': {}, 'action': 'play'}}, 'context': '_global', 'calling_context': 'mode_attract_started', 'priority': 0}
2023-01-25 07:43:18,085 : mpfmc : SlidePlayer: Play called with settings={'attract_started': {'target': None, 'background_color': [0.0, 0.0, 0.0, 1.0], 'priority': None, 'show': True, 'force': False, 'expire': None, 'slide': None, 'tokens': {}, 'action': 'play'}}
2023-01-25 07:43:18,091 : EventManager : Event: ======'slide_attract_started_created'====== Args={}
2023-01-25 07:43:18,093 : EventManager : Event: ======'slide_attract_started_active'====== Args={}
2023-01-25 07:43:22,694 : EventManager : Event: ======'game_started'====== Args={}
2023-01-25 07:43:22,719 : EventManager : Event: ======'player_added'====== Args={'player': <Player 1>, 'num': 1}
2023-01-25 07:43:22,719 : EventManager : Event: ======'player_index'====== Args={'value': 0, 'prev_value': 0, 'change': 0, 'player_num': 1}
2023-01-25 07:43:22,720 : EventManager : Event: ======'player_number'====== Args={'value': 1, 'prev_value': 1, 'change': 0, 'player_num': 1}
2023-01-25 07:43:22,720 : EventManager : Event: ======'player_score'====== Args={'value': 0, 'prev_value': 0, 'change': 0, 'player_num': 1}
2023-01-25 07:43:22,780 : EventManager : Event: ======'player_ball'====== Args={'value': 1, 'prev_value': 0, 'change': 1, 'player_num': 1}
2023-01-25 07:43:22,781 : EventManager : Event: ======'player_turn_start'====== Args={'number': 1, 'player': <Player 1>}
2023-01-25 07:43:22,793 : EventManager : Event: ======'slides_play'====== Args={'settings': {'widgets': {'widgets': [{'type': 'text', 'text': 'PLAYER (number) BALL (ball)', '_default_settings': ['type', 'text'], 'x': None, 'y': None, 'anchor_x': 'center', 'anchor_y': 'center', 'round_anchor_x': None, 'round_anchor_y': None, 'opacity': 1.0, 'z': 0, 'reset_animations_events': {}, 'color': [1.0, 1.0, 1.0, 1.0], 'style': [], 'adjust_top': 0, 'adjust_bottom': 0, 'adjust_left': 0, 'adjust_right': 0, 'expire': None, 'key': None, 'widget': None, 'events_when_added': [], 'events_when_removed': [], 'font_size': 15, 'bitmap_font': False, 'font_kerning': True, 'bold': False, 'italic': False, 'number_grouping': False, 'min_digits': 0, 'halign': 'center', 'valign': 'middle', 'rotation': 0, 'scale': 1.0, 'casing': None, 'animations': None}], 'target': None, 'background_color': [0.0, 0.0, 0.0, 1.0], 'priority': None, 'show': True, 'force': False, 'expire': None, 'slide': None, 'tokens': {}, 'action': 'play'}}, 'context': '_global', 'calling_context': 'ball_started', 'priority': 0, 'player': 1, 'ball': 1, 'balls_remaining': 2, 'is_extra_ball': False}
2023-01-25 07:43:22,793 : mpfmc : SlidePlayer: Play called with settings={'widgets': {'widgets': [{'type': 'text', 'text': 'PLAYER (number) BALL (ball)', '_default_settings': ['type', 'text'], 'x': None, 'y': None, 'anchor_x': 'center', 'anchor_y': 'center', 'round_anchor_x': None, 'round_anchor_y': None, 'opacity': 1.0, 'z': 0, 'reset_animations_events': {}, 'color': [1.0, 1.0, 1.0, 1.0], 'style': [], 'adjust_top': 0, 'adjust_bottom': 0, 'adjust_left': 0, 'adjust_right': 0, 'expire': None, 'key': None, 'widget': None, 'events_when_added': [], 'events_when_removed': [], 'font_size': 15, 'bitmap_font': False, 'font_kerning': True, 'bold': False, 'italic': False, 'number_grouping': False, 'min_digits': 0, 'halign': 'center', 'valign': 'middle', 'rotation': 0, 'scale': 1.0, 'casing': None, 'animations': None}], 'target': None, 'background_color': [0.0, 0.0, 0.0, 1.0], 'priority': None, 'show': True, 'force': False, 'expire': None, 'slide': None, 'tokens': {}, 'action': 'play'}}
2023-01-25 07:43:22,799 : EventManager : Event: ======'slide__global.slide_player-ball_started_created'====== Args={}
2023-01-25 07:43:22,801 : EventManager : Event: ======'slide__global.slide_player-ball_started_active'====== Args={}
2023-01-25 07:43:25,250 : EventManager : Event: ======'machine_var_audits_switches_s_right_flipper'====== Args={'value': 13, 'prev_value': 12, 'change': 1}
2023-01-25 07:43:26,220 : EventManager : Event: ======'machine_var_audits_switches_s_right_flipper'====== Args={'value': 14, 'prev_value': 13, 'change': 1}
2023-01-25 07:43:26,974 : EventManager : Event: ======'machine_var_audits_switches_s_right_flipper'====== Args={'value': 15, 'prev_value': 14, 'change': 1}
2023-01-25 07:43:27,357 : EventManager : Event: ======'machine_var_audits_switches_s_right_flipper'====== Args={'value': 16, 'prev_value': 15, 'change': 1}
2023-01-25 07:43:29,555 : EventManager : Event: ======'machine_var_audits_switches_s_right_flipper'====== Args={'value': 17, 'prev_value': 16, 'change': 1}
2023-01-25 07:43:34,711 : EventManager : Event: ======'machine_var_audits_switches_s_right_slingshot'====== Args={'value': 4, 'prev_value': 3, 'change': 1}
2023-01-25 07:43:39,912 : EventManager : Event: ======'machine_var_audits_switches_s_left_slingshot'====== Args={'value': 6, 'prev_value': 5, 'change': 1}
2023-01-25 07:43:40,047 : EventManager : Event: ======'machine_var_audits_switches_s_right_slingshot'====== Args={'value': 5, 'prev_value': 4, 'change': 1}
2023-01-25 07:43:40,131 : EventManager : Event: ======'machine_var_audits_switches_s_left_slingshot'====== Args={'value': 7, 'prev_value': 6, 'change': 1}
2023-01-25 07:43:41,452 : EventManager : Event: ======'machine_var_audits_switches_s_right_slingshot'====== Args={'value': 6, 'prev_value': 5, 'change': 1}
2023-01-25 07:43:47,581 : kivy : Base: Leaving application in progress...
2023-01-25 07:43:47,582 : mpfmc : Stopping...
2023-01-25 07:43:47,582 : EventManager : Event: ======'shutdown'====== Args={}
2023-01-25 07:43:47,582 : AudioInterface : Disabling audio playback
2023-01-25 07:43:47,708 : mpfmc : Loop rate 79.59 Hz
2023-01-25 07:43:47,708 : kivy : MC run loop ended.
2023-01-25 07:43:47,709 : kivy : Stopping child threads... (3 remaining)
2023-01-25 07:43:48,236 : mpfmc : Stopping...
2023-01-25 07:43:48,237 : EventManager : Event: ======'shutdown'====== Args={}
2023-01-25 07:43:48,237 : mpfmc : Loop rate 78.22 Hz
2023-01-25 07:43:48,245 : MPF-MC BCP Server : Stopping BCP sending thread
2023-01-25 07:43:48,512 : kivy : All child threads stopped.
