2023-01-25 09:24:13,653 : kivy : Factory: 189 symbols loaded
2023-01-25 09:24:13,909 : kivy : ImageLoaderFFPy: Using ffpyplayer 4.3.5
2023-01-25 09:24:13,909 : kivy : Image: Providers: img_tex, img_dds, img_sdl2, img_pil, img_ffpyplayer 
2023-01-25 09:24:13,977 : kivy : VideoGstplayer: Using Gstreamer 1.18.5.0
2023-01-25 09:24:13,977 : kivy : Video: Provider: gstplayer
2023-01-25 09:24:14,210 : kivy : Loading MPF-MC controller
2023-01-25 09:24:14,215 : YamlMultifileConfigLoader : Machine config file #1: config
2023-01-25 09:24:14,215 : ConfigProcessor : Config file in cache changed: C:\pinball\my_machine\config\config
2023-01-25 09:24:14,216 : ConfigProcessor : Loading config from file C:\Users\ruben\.local\pipx\venvs\mpf\lib\site-packages\mpfmc\mcconfig.yaml.
2023-01-25 09:24:14,273 : ConfigProcessor : Loading config: C:\Users\ruben\.local\pipx\venvs\mpf\lib\site-packages\mpfmc\mcconfig.yaml
2023-01-25 09:24:14,274 : ConfigProcessor : Loading config from file C:\pinball\my_machine\config\config.
2023-01-25 09:24:14,302 : ConfigProcessor : Loading config: C:\pinball\my_machine\config\config
2023-01-25 09:24:14,304 : ConfigProcessor : Config file cache created: C:\Users\ruben\AppData\Local\Temp\5edbcd24fbe704f5401fb4c9e1e1d8f8.mpf_cache
2023-01-25 09:24:14,304 : ConfigProcessor : Loading config from cache: C:\Users\ruben\AppData\Local\Temp\67cf8ffee0fce2d4fcb5ef0bb894d8de.mpf_cache
2023-01-25 09:24:14,305 : ConfigProcessor : Loading config from cache: C:\Users\ruben\AppData\Local\Temp\25321780674732dcacb77a8f5b2a53cd.mpf_cache
2023-01-25 09:24:14,306 : mpfmc : Mission Pinball Framework Media Controller v0.56.1
2023-01-25 09:24:14,306 : mpfmc : Mission Pinball Framework Game Engine v0.56.0
2023-01-25 09:24:14,306 : mpfmc : Machine path: C:\pinball\my_machine
2023-01-25 09:24:14,306 : mpfmc : Starting clock at 60.0Hz
2023-01-25 09:24:14,326 : kivy : Text: Provider: sdl2
2023-01-25 09:24:14,390 : kivy : Window: Provider: sdl2
2023-01-25 09:24:15,635 : kivy : GL: Using the "OpenGL" graphics system
2023-01-25 09:24:15,644 : kivy : GL: GLEW initialization succeeded
2023-01-25 09:24:15,645 : kivy : GL: Backend used <glew>
2023-01-25 09:24:15,645 : kivy : GL: OpenGL version <b'4.5.0 NVIDIA 376.54'>
2023-01-25 09:24:15,645 : kivy : GL: OpenGL vendor <b'NVIDIA Corporation'>
2023-01-25 09:24:15,645 : kivy : GL: OpenGL renderer <b'GeForce GT 630M/PCIe/SSE2'>
2023-01-25 09:24:15,645 : kivy : GL: OpenGL parsed version: 4, 5
2023-01-25 09:24:15,646 : kivy : GL: Shading version <b'4.50 NVIDIA'>
2023-01-25 09:24:15,646 : kivy : GL: Texture max size <16384>
2023-01-25 09:24:15,646 : kivy : GL: Texture max units <32>
2023-01-25 09:24:15,679 : kivy : Window: auto add sdl2 input provider
2023-01-25 09:24:15,679 : kivy : Window: virtual keyboard not allowed, single mode, not docked
2023-01-25 09:24:15,695 : SoundSystem : SoundSystem: Using default 'sound_system' settings
2023-01-25 09:24:16,060 : AudioInterface : Initialized
2023-01-25 09:24:16,060 : AudioInterface : Loaded SDL 2.0.20
2023-01-25 09:24:16,061 : AudioInterface : Loaded SDL_Mixer 2.0.4
2023-01-25 09:24:16,061 : AudioInterface : Loaded GStreamer 1.18.5.0
2023-01-25 09:24:16,061 : AudioInterface : Loaded GLib 2.62.6
2023-01-25 09:24:16,061 : AudioInterface : Settings requested - rate: 44100, channels: 1, buffer: 2048 samples
2023-01-25 09:24:16,061 : AudioInterface : Settings in use - rate: 44100, channels: 1, buffer: 2048 samples (4096 bytes @ 2 bytes per sample)
2023-01-25 09:24:16,061 : SoundSystem : No audio tracks are specified in your machine config file. a track named 'default' has been created.
2023-01-25 09:24:16,061 : SoundSystem : Setting master volume to 0.0
2023-01-25 09:24:16,061 : SoundSystem : master_volume in sound_system is deprecated and will be removed in the future.
2023-01-25 09:24:16,061 : AudioInterface : Enabling audio playback
2023-01-25 09:24:16,064 : kivy : Base: Start application main loop
2023-01-25 09:24:16,065 : EventManager : Event: ======'display_window_initialized'====== Args={}
2023-01-25 09:24:16,076 : mpfmc : Display: Setting 'window' as default display
2023-01-25 09:24:16,088 : EventManager : Event: ======'displays_initialized'====== Args={}
2023-01-25 09:24:16,090 : EventManager : Event: ======'slide_window_blank_created'====== Args={}
2023-01-25 09:24:16,090 : EventManager : Event: ======'display_window_ready'====== Args={}
2023-01-25 09:24:16,114 : EventManager : Event: ======'init_phase_1'====== Args={}
2023-01-25 09:24:16,122 : EventManager : Event: ======'mc_ready'====== Args={}
2023-01-25 09:24:16,122 : EventManager : Event: ======'init_phase_2'====== Args={}
2023-01-25 09:24:16,124 : EventManager : Event: ======'init_phase_3'====== Args={}
2023-01-25 09:24:16,125 : EventManager : Event: ======'init_phase_4'====== Args={}
2023-01-25 09:24:16,125 : EventManager : Event: ======'init_phase_5'====== Args={}
2023-01-25 09:24:16,125 : EventManager : Event: ======'init_done'====== Args={}
2023-01-25 09:24:16,126 : MPF-MC BCP Server : Starting up on localhost port 5050
2023-01-25 09:24:16,131 : MPF-MC BCP Server : Waiting for a connection...
2023-01-25 09:24:16,131 : mpfmc : SlidePlayer: Play called with settings={'slides': {welcome_slide-None-None: {'priority': None, 'target': None, 'background_color': [0.0, 0.0, 0.0, 1.0], 'show': True, 'force': False, 'expire': None, 'slide': None, 'tokens': {}, 'action': 'play', 'transition': None, 'transition_out': None}}}
2023-01-25 09:24:16,204 : kivy : GL: NPOT texture support is available
2023-01-25 09:24:16,206 : EventManager : Event: ======'slide_welcome_slide_created'====== Args={}
2023-01-25 09:24:16,210 : EventManager : Event: ======'slide_welcome_slide_active'====== Args={}
2023-01-25 09:24:16,216 : EventManager : Event: ======'client_disconnected'====== Args={'host': '127.0.0.1', 'port': 5050}
2023-01-25 09:24:16,270 : MPF-MC BCP Server : Received connection from: 127.0.0.1:52796
2023-01-25 09:24:16,279 : EventManager : Event: ======'client_connected'====== Args={'host': '127.0.0.1', 'port': 52796}
2023-01-25 09:24:16,292 : EventManager : Event: ======'machine_var_credits_string'====== Args={'value': 'FREE PLAY', 'prev_value': None, 'change': True}
2023-01-25 09:24:16,292 : EventManager : Event: ======'machine_var_master_volume'====== Args={'value': 0.5, 'prev_value': None, 'change': True}
2023-01-25 09:24:16,292 : EventManager : Event: ======'machine_var_mpf_version'====== Args={'value': 'MPF v0.56.0', 'prev_value': None, 'change': True}
2023-01-25 09:24:16,292 : EventManager : Event: ======'machine_var_mpf_extended_version'====== Args={'value': 'MPF v0.56.0, Config version:5, Show version: 5, BCP version:1.1', 'prev_value': None, 'change': True}
2023-01-25 09:24:16,292 : EventManager : Event: ======'machine_var_python_version'====== Args={'value': '3.9.13', 'prev_value': None, 'change': True}
2023-01-25 09:24:16,292 : EventManager : Event: ======'machine_var_platform'====== Args={'value': 'Windows-10-10.0.19045-SP0', 'prev_value': None, 'change': True}
2023-01-25 09:24:16,293 : EventManager : Event: ======'machine_var_platform_system'====== Args={'value': 'Windows', 'prev_value': None, 'change': True}
2023-01-25 09:24:16,293 : EventManager : Event: ======'machine_var_platform_release'====== Args={'value': '10', 'prev_value': None, 'change': True}
2023-01-25 09:24:16,293 : EventManager : Event: ======'machine_var_platform_version'====== Args={'value': '10.0.19045', 'prev_value': None, 'change': True}
2023-01-25 09:24:16,293 : EventManager : Event: ======'machine_var_platform_machine'====== Args={'value': 'AMD64', 'prev_value': None, 'change': True}
2023-01-25 09:24:16,293 : EventManager : Event: ======'machine_var_mc_version'====== Args={'value': 'MPF-MC v0.56.1', 'prev_value': None, 'change': True}
2023-01-25 09:24:16,293 : EventManager : Event: ======'machine_var_mc_extended_version'====== Args={'value': 'MPF-MC v0.56.1 (config_version=5, BCP v1.1,                      Requires MPF API compatibility v0.56.0 or newer)', 'prev_value': None, 'change': True}
2023-01-25 09:24:16,293 : SoundSystem : Setting master volume to 0.5
2023-01-25 09:24:16,343 : EventManager : Event: ======'machine_var_audits_events_game_ended'====== Args={'value': 0, 'prev_value': None, 'change': True}
2023-01-25 09:24:16,343 : EventManager : Event: ======'machine_var_audits_events_game_started'====== Args={'value': 10, 'prev_value': None, 'change': True}
2023-01-25 09:24:16,343 : EventManager : Event: ======'machine_var_audits_player_score'====== Args={'value': {'average': 0, 'top': [], 'total': 0}, 'prev_value': None, 'change': True}
2023-01-25 09:24:16,343 : EventManager : Event: ======'machine_var_audits_switches_s_left_flipper'====== Args={'value': 12, 'prev_value': None, 'change': True}
2023-01-25 09:24:16,343 : EventManager : Event: ======'machine_var_audits_switches_s_left_slingshot'====== Args={'value': 22, 'prev_value': None, 'change': True}
2023-01-25 09:24:16,343 : EventManager : Event: ======'machine_var_audits_switches_s_pop_bot'====== Args={'value': 9, 'prev_value': None, 'change': True}
2023-01-25 09:24:16,343 : EventManager : Event: ======'machine_var_audits_switches_s_pop_mid'====== Args={'value': 13, 'prev_value': None, 'change': True}
2023-01-25 09:24:16,344 : EventManager : Event: ======'machine_var_audits_switches_s_pop_top'====== Args={'value': 6, 'prev_value': None, 'change': True}
2023-01-25 09:24:16,344 : EventManager : Event: ======'machine_var_audits_switches_s_right_flipper'====== Args={'value': 19, 'prev_value': None, 'change': True}
2023-01-25 09:24:16,344 : EventManager : Event: ======'machine_var_audits_switches_s_right_inlane'====== Args={'value': 0, 'prev_value': None, 'change': True}
2023-01-25 09:24:16,344 : EventManager : Event: ======'machine_var_audits_switches_s_right_slingshot'====== Args={'value': 25, 'prev_value': None, 'change': True}
2023-01-25 09:24:16,344 : EventManager : Event: ======'machine_var_audits_switches_s_scoop_lower'====== Args={'value': 23, 'prev_value': None, 'change': True}
2023-01-25 09:24:16,344 : EventManager : Event: ======'machine_var_audits_switches_s_startButton'====== Args={'value': 2, 'prev_value': None, 'change': True}
2023-01-25 09:24:16,344 : EventManager : Event: ======'machine_var_audits_switches_s_trough1'====== Args={'value': 1, 'prev_value': None, 'change': True}
2023-01-25 09:24:16,356 : EventManager : Event: ======'slides_play'====== Args={'settings': {'welcome_slide': {'target': None, 'background_color': [0.0, 0.0, 0.0, 1.0], 'priority': None, 'show': True, 'force': False, 'expire': None, 'slide': None, 'tokens': {}, 'action': 'play'}}, 'context': '_global', 'calling_context': 'init_done', 'priority': 0}
2023-01-25 09:24:16,356 : EventManager : Event: ======'mc_reset_phase_1'====== Args={}
2023-01-25 09:24:16,356 : mpfmc : SlidePlayer: Play called with settings={'welcome_slide': {'target': None, 'background_color': [0.0, 0.0, 0.0, 1.0], 'priority': None, 'show': True, 'force': False, 'expire': None, 'slide': None, 'tokens': {}, 'action': 'play'}}
2023-01-25 09:24:16,356 : EventManager : Event: ======'slide_welcome_slide_removed'====== Args={}
2023-01-25 09:24:16,360 : EventManager : Event: ======'slide_welcome_slide_created'====== Args={}
2023-01-25 09:24:16,361 : EventManager : Event: ======'mc_reset_phase_2'====== Args={}
2023-01-25 09:24:16,361 : EventManager : Event: ======'mc_reset_phase_3'====== Args={}
2023-01-25 09:24:16,361 : EventManager : Event: ======'mc_reset_complete'====== Args={}
2023-01-25 09:24:16,362 : EventManager : Event: ======'slide_welcome_slide_active'====== Args={}
2023-01-25 09:24:16,381 : EventManager : Event: ======'slides_play'====== Args={'settings': {'attract_started': {'target': None, 'background_color': [0.0, 0.0, 0.0, 1.0], 'priority': None, 'show': True, 'force': False, 'expire': None, 'slide': None, 'tokens': {}, 'action': 'play'}}, 'context': '_global', 'calling_context': 'mode_attract_started', 'priority': 0}
2023-01-25 09:24:16,381 : mpfmc : SlidePlayer: Play called with settings={'attract_started': {'target': None, 'background_color': [0.0, 0.0, 0.0, 1.0], 'priority': None, 'show': True, 'force': False, 'expire': None, 'slide': None, 'tokens': {}, 'action': 'play'}}
2023-01-25 09:24:16,387 : EventManager : Event: ======'slide_attract_started_created'====== Args={}
2023-01-25 09:24:16,388 : EventManager : Event: ======'slide_attract_started_active'====== Args={}
