2023-01-27 04:59:13,959 : kivy : Factory: 189 symbols loaded
2023-01-27 04:59:14,909 : kivy : ImageLoaderFFPy: Using ffpyplayer 4.3.5
2023-01-27 04:59:14,909 : kivy : Image: Providers: img_tex, img_dds, img_sdl2, img_pil, img_ffpyplayer 
2023-01-27 04:59:15,302 : kivy : VideoGstplayer: Using Gstreamer 1.18.5.0
2023-01-27 04:59:15,302 : kivy : Video: Provider: gstplayer
2023-01-27 04:59:15,709 : kivy : Loading MPF-MC controller
2023-01-27 04:59:15,714 : YamlMultifileConfigLoader : Machine config file #1: config
2023-01-27 04:59:15,715 : ConfigProcessor : Config file in cache changed: C:\pinball\my_machine\config\config
2023-01-27 04:59:15,715 : ConfigProcessor : Loading config from file C:\Users\ruben\.local\pipx\venvs\mpf\lib\site-packages\mpfmc\mcconfig.yaml.
2023-01-27 04:59:15,774 : ConfigProcessor : Loading config: C:\Users\ruben\.local\pipx\venvs\mpf\lib\site-packages\mpfmc\mcconfig.yaml
2023-01-27 04:59:15,775 : ConfigProcessor : Loading config from file C:\pinball\my_machine\config\config.
2023-01-27 04:59:15,808 : ConfigProcessor : Loading config: C:\pinball\my_machine\config\config
2023-01-27 04:59:15,809 : ConfigProcessor : Config file cache created: C:\Users\ruben\AppData\Local\Temp\5edbcd24fbe704f5401fb4c9e1e1d8f8.mpf_cache
2023-01-27 04:59:15,810 : ConfigProcessor : Loading config from cache: C:\Users\ruben\AppData\Local\Temp\67cf8ffee0fce2d4fcb5ef0bb894d8de.mpf_cache
2023-01-27 04:59:15,811 : ConfigProcessor : Loading config from cache: C:\Users\ruben\AppData\Local\Temp\25321780674732dcacb77a8f5b2a53cd.mpf_cache
2023-01-27 04:59:15,812 : mpfmc : Mission Pinball Framework Media Controller v0.56.1
2023-01-27 04:59:15,812 : mpfmc : Mission Pinball Framework Game Engine v0.56.0
2023-01-27 04:59:15,812 : mpfmc : Machine path: C:\pinball\my_machine
2023-01-27 04:59:15,812 : mpfmc : Starting clock at 60.0Hz
2023-01-27 04:59:15,903 : kivy : Text: Provider: sdl2
2023-01-27 04:59:16,045 : kivy : Window: Provider: sdl2
2023-01-27 04:59:17,366 : kivy : GL: Using the "OpenGL" graphics system
2023-01-27 04:59:17,379 : kivy : GL: GLEW initialization succeeded
2023-01-27 04:59:17,380 : kivy : GL: Backend used <glew>
2023-01-27 04:59:17,380 : kivy : GL: OpenGL version <b'4.5.0 NVIDIA 376.54'>
2023-01-27 04:59:17,380 : kivy : GL: OpenGL vendor <b'NVIDIA Corporation'>
2023-01-27 04:59:17,380 : kivy : GL: OpenGL renderer <b'GeForce GT 630M/PCIe/SSE2'>
2023-01-27 04:59:17,381 : kivy : GL: OpenGL parsed version: 4, 5
2023-01-27 04:59:17,381 : kivy : GL: Shading version <b'4.50 NVIDIA'>
2023-01-27 04:59:17,381 : kivy : GL: Texture max size <16384>
2023-01-27 04:59:17,381 : kivy : GL: Texture max units <32>
2023-01-27 04:59:17,482 : kivy : Window: auto add sdl2 input provider
2023-01-27 04:59:17,483 : kivy : Window: virtual keyboard not allowed, single mode, not docked
2023-01-27 04:59:17,502 : SoundSystem : SoundSystem: Using default 'sound_system' settings
2023-01-27 04:59:20,253 : AudioInterface : Initialized
2023-01-27 04:59:20,253 : AudioInterface : Loaded SDL 2.0.20
2023-01-27 04:59:20,253 : AudioInterface : Loaded SDL_Mixer 2.0.4
2023-01-27 04:59:20,253 : AudioInterface : Loaded GStreamer 1.18.5.0
2023-01-27 04:59:20,254 : AudioInterface : Loaded GLib 2.62.6
2023-01-27 04:59:20,254 : AudioInterface : Settings requested - rate: 44100, channels: 1, buffer: 2048 samples
2023-01-27 04:59:20,254 : AudioInterface : Settings in use - rate: 44100, channels: 1, buffer: 2048 samples (4096 bytes @ 2 bytes per sample)
2023-01-27 04:59:20,254 : SoundSystem : No audio tracks are specified in your machine config file. a track named 'default' has been created.
2023-01-27 04:59:20,255 : SoundSystem : Setting master volume to 0.0
2023-01-27 04:59:20,255 : SoundSystem : master_volume in sound_system is deprecated and will be removed in the future.
2023-01-27 04:59:20,255 : AudioInterface : Enabling audio playback
2023-01-27 04:59:20,258 : kivy : Base: Start application main loop
2023-01-27 04:59:20,258 : EventManager : Event: ======'display_window_initialized'====== Args={}
2023-01-27 04:59:20,271 : mpfmc : Display: Setting 'window' as default display
2023-01-27 04:59:20,283 : EventManager : Event: ======'displays_initialized'====== Args={}
2023-01-27 04:59:20,286 : EventManager : Event: ======'slide_window_blank_created'====== Args={}
2023-01-27 04:59:20,286 : EventManager : Event: ======'display_window_ready'====== Args={}
2023-01-27 04:59:20,320 : EventManager : Event: ======'init_phase_1'====== Args={}
2023-01-27 04:59:20,331 : EventManager : Event: ======'mc_ready'====== Args={}
2023-01-27 04:59:20,331 : EventManager : Event: ======'init_phase_2'====== Args={}
2023-01-27 04:59:20,335 : EventManager : Event: ======'init_phase_3'====== Args={}
2023-01-27 04:59:20,337 : EventManager : Event: ======'init_phase_4'====== Args={}
2023-01-27 04:59:20,337 : EventManager : Event: ======'init_phase_5'====== Args={}
2023-01-27 04:59:20,337 : EventManager : Event: ======'init_done'====== Args={}
2023-01-27 04:59:20,337 : MPF-MC BCP Server : Starting up on localhost port 5050
2023-01-27 04:59:20,351 : MPF-MC BCP Server : Waiting for a connection...
2023-01-27 04:59:20,352 : mpfmc : SlidePlayer: Play called with settings={'slides': {welcome_slide-None-None: {'priority': None, 'target': None, 'background_color': [0.0, 0.0, 0.0, 1.0], 'show': True, 'force': False, 'expire': None, 'slide': None, 'tokens': {}, 'action': 'play', 'transition': None, 'transition_out': None}}}
2023-01-27 04:59:20,408 : kivy : GL: NPOT texture support is available
2023-01-27 04:59:20,410 : EventManager : Event: ======'slide_welcome_slide_created'====== Args={}
2023-01-27 04:59:20,414 : EventManager : Event: ======'slide_welcome_slide_active'====== Args={}
2023-01-27 04:59:20,422 : EventManager : Event: ======'client_disconnected'====== Args={'host': '127.0.0.1', 'port': 5050}
2023-01-27 04:59:20,649 : MPF-MC BCP Server : Received connection from: 127.0.0.1:64175
2023-01-27 04:59:20,660 : EventManager : Event: ======'client_connected'====== Args={'host': '127.0.0.1', 'port': 64175}
2023-01-27 04:59:20,672 : EventManager : Event: ======'machine_var_credits_string'====== Args={'value': 'FREE PLAY', 'prev_value': None, 'change': True}
2023-01-27 04:59:20,672 : EventManager : Event: ======'machine_var_master_volume'====== Args={'value': 0.5, 'prev_value': None, 'change': True}
2023-01-27 04:59:20,672 : EventManager : Event: ======'machine_var_mpf_version'====== Args={'value': 'MPF v0.56.0', 'prev_value': None, 'change': True}
2023-01-27 04:59:20,672 : EventManager : Event: ======'machine_var_mpf_extended_version'====== Args={'value': 'MPF v0.56.0, Config version:5, Show version: 5, BCP version:1.1', 'prev_value': None, 'change': True}
2023-01-27 04:59:20,672 : EventManager : Event: ======'machine_var_python_version'====== Args={'value': '3.9.13', 'prev_value': None, 'change': True}
2023-01-27 04:59:20,672 : EventManager : Event: ======'machine_var_platform'====== Args={'value': 'Windows-10-10.0.19045-SP0', 'prev_value': None, 'change': True}
2023-01-27 04:59:20,672 : EventManager : Event: ======'machine_var_platform_system'====== Args={'value': 'Windows', 'prev_value': None, 'change': True}
2023-01-27 04:59:20,673 : EventManager : Event: ======'machine_var_platform_release'====== Args={'value': '10', 'prev_value': None, 'change': True}
2023-01-27 04:59:20,673 : EventManager : Event: ======'machine_var_platform_version'====== Args={'value': '10.0.19045', 'prev_value': None, 'change': True}
2023-01-27 04:59:20,673 : EventManager : Event: ======'machine_var_platform_machine'====== Args={'value': 'AMD64', 'prev_value': None, 'change': True}
2023-01-27 04:59:20,673 : EventManager : Event: ======'machine_var_mc_version'====== Args={'value': 'MPF-MC v0.56.1', 'prev_value': None, 'change': True}
2023-01-27 04:59:20,673 : EventManager : Event: ======'machine_var_mc_extended_version'====== Args={'value': 'MPF-MC v0.56.1 (config_version=5, BCP v1.1,                      Requires MPF API compatibility v0.56.0 or newer)', 'prev_value': None, 'change': True}
2023-01-27 04:59:20,673 : SoundSystem : Setting master volume to 0.5
2023-01-27 04:59:20,711 : EventManager : Event: ======'machine_var_audits_events_game_ended'====== Args={'value': 0, 'prev_value': None, 'change': True}
2023-01-27 04:59:20,723 : EventManager : Event: ======'machine_var_audits_events_game_started'====== Args={'value': 14, 'prev_value': None, 'change': True}
2023-01-27 04:59:20,723 : EventManager : Event: ======'machine_var_audits_player_score'====== Args={'value': {'average': 0, 'top': [], 'total': 0}, 'prev_value': None, 'change': True}
2023-01-27 04:59:20,723 : EventManager : Event: ======'machine_var_audits_switches_s_left_flipper'====== Args={'value': 15, 'prev_value': None, 'change': True}
2023-01-27 04:59:20,723 : EventManager : Event: ======'machine_var_audits_switches_s_left_slingshot'====== Args={'value': 27, 'prev_value': None, 'change': True}
2023-01-27 04:59:20,723 : EventManager : Event: ======'machine_var_audits_switches_s_pop_bot'====== Args={'value': 61, 'prev_value': None, 'change': True}
2023-01-27 04:59:20,723 : EventManager : Event: ======'machine_var_audits_switches_s_pop_mid'====== Args={'value': 65, 'prev_value': None, 'change': True}
2023-01-27 04:59:20,723 : EventManager : Event: ======'machine_var_audits_switches_s_pop_top'====== Args={'value': 71, 'prev_value': None, 'change': True}
2023-01-27 04:59:20,724 : EventManager : Event: ======'machine_var_audits_switches_s_right_flipper'====== Args={'value': 26, 'prev_value': None, 'change': True}
2023-01-27 04:59:20,724 : EventManager : Event: ======'machine_var_audits_switches_s_right_inlane'====== Args={'value': 0, 'prev_value': None, 'change': True}
2023-01-27 04:59:20,724 : EventManager : Event: ======'machine_var_audits_switches_s_right_slingshot'====== Args={'value': 28, 'prev_value': None, 'change': True}
2023-01-27 04:59:20,724 : EventManager : Event: ======'machine_var_audits_switches_s_scoop_lower'====== Args={'value': 28, 'prev_value': None, 'change': True}
2023-01-27 04:59:20,724 : EventManager : Event: ======'machine_var_audits_switches_s_startButton'====== Args={'value': 2, 'prev_value': None, 'change': True}
2023-01-27 04:59:20,724 : EventManager : Event: ======'machine_var_audits_switches_s_trough1'====== Args={'value': 1, 'prev_value': None, 'change': True}
2023-01-27 04:59:20,735 : EventManager : Event: ======'slides_play'====== Args={'settings': {'welcome_slide': {'target': None, 'background_color': [0.0, 0.0, 0.0, 1.0], 'priority': None, 'show': True, 'force': False, 'expire': None, 'slide': None, 'tokens': {}, 'action': 'play'}}, 'context': '_global', 'calling_context': 'init_done', 'priority': 0}
2023-01-27 04:59:20,735 : EventManager : Event: ======'mc_reset_phase_1'====== Args={}
2023-01-27 04:59:20,735 : mpfmc : SlidePlayer: Play called with settings={'welcome_slide': {'target': None, 'background_color': [0.0, 0.0, 0.0, 1.0], 'priority': None, 'show': True, 'force': False, 'expire': None, 'slide': None, 'tokens': {}, 'action': 'play'}}
2023-01-27 04:59:20,735 : EventManager : Event: ======'slide_welcome_slide_removed'====== Args={}
2023-01-27 04:59:20,739 : EventManager : Event: ======'slide_welcome_slide_created'====== Args={}
2023-01-27 04:59:20,740 : EventManager : Event: ======'mc_reset_phase_2'====== Args={}
2023-01-27 04:59:20,740 : EventManager : Event: ======'mc_reset_phase_3'====== Args={}
2023-01-27 04:59:20,740 : EventManager : Event: ======'mc_reset_complete'====== Args={}
2023-01-27 04:59:20,741 : EventManager : Event: ======'slide_welcome_slide_active'====== Args={}
2023-01-27 04:59:20,759 : EventManager : Event: ======'slides_play'====== Args={'settings': {'attract_started': {'target': None, 'background_color': [0.0, 0.0, 0.0, 1.0], 'priority': None, 'show': True, 'force': False, 'expire': None, 'slide': None, 'tokens': {}, 'action': 'play'}}, 'context': '_global', 'calling_context': 'mode_attract_started', 'priority': 0}
2023-01-27 04:59:20,759 : mpfmc : SlidePlayer: Play called with settings={'attract_started': {'target': None, 'background_color': [0.0, 0.0, 0.0, 1.0], 'priority': None, 'show': True, 'force': False, 'expire': None, 'slide': None, 'tokens': {}, 'action': 'play'}}
2023-01-27 04:59:20,764 : EventManager : Event: ======'slide_attract_started_created'====== Args={}
2023-01-27 04:59:20,766 : EventManager : Event: ======'slide_attract_started_active'====== Args={}
2023-01-27 05:00:57,315 : EventManager : Event: ======'game_started'====== Args={}
2023-01-27 05:00:57,351 : EventManager : Event: ======'player_added'====== Args={'player': <Player 1>, 'num': 1}
2023-01-27 05:00:57,352 : EventManager : Event: ======'player_index'====== Args={'value': 0, 'prev_value': 0, 'change': 0, 'player_num': 1}
2023-01-27 05:00:57,352 : EventManager : Event: ======'player_number'====== Args={'value': 1, 'prev_value': 1, 'change': 0, 'player_num': 1}
2023-01-27 05:00:57,353 : EventManager : Event: ======'player_score'====== Args={'value': 0, 'prev_value': 0, 'change': 0, 'player_num': 1}
2023-01-27 05:00:57,387 : EventManager : Event: ======'player_ball'====== Args={'value': 1, 'prev_value': 0, 'change': 1, 'player_num': 1}
2023-01-27 05:00:57,399 : EventManager : Event: ======'player_turn_start'====== Args={'number': 1, 'player': <Player 1>}
2023-01-27 05:00:57,411 : EventManager : Event: ======'slides_play'====== Args={'settings': {'widgets': {'widgets': [{'type': 'text', 'text': 'PLAYER (number) BALL (ball)', '_default_settings': ['type', 'text'], 'x': None, 'y': None, 'anchor_x': 'center', 'anchor_y': 'center', 'round_anchor_x': None, 'round_anchor_y': None, 'opacity': 1.0, 'z': 0, 'reset_animations_events': {}, 'color': [1.0, 1.0, 1.0, 1.0], 'style': [], 'adjust_top': 0, 'adjust_bottom': 0, 'adjust_left': 0, 'adjust_right': 0, 'expire': None, 'key': None, 'widget': None, 'events_when_added': [], 'events_when_removed': [], 'font_size': 15, 'bitmap_font': False, 'font_kerning': True, 'bold': False, 'italic': False, 'number_grouping': False, 'min_digits': 0, 'halign': 'center', 'valign': 'middle', 'rotation': 0, 'scale': 1.0, 'casing': None, 'animations': None}], 'target': None, 'background_color': [0.0, 0.0, 0.0, 1.0], 'priority': None, 'show': True, 'force': False, 'expire': None, 'slide': None, 'tokens': {}, 'action': 'play'}}, 'context': '_global', 'calling_context': 'ball_started', 'priority': 0, 'player': 1, 'ball': 1, 'balls_remaining': 2, 'is_extra_ball': False}
2023-01-27 05:00:57,411 : mpfmc : SlidePlayer: Play called with settings={'widgets': {'widgets': [{'type': 'text', 'text': 'PLAYER (number) BALL (ball)', '_default_settings': ['type', 'text'], 'x': None, 'y': None, 'anchor_x': 'center', 'anchor_y': 'center', 'round_anchor_x': None, 'round_anchor_y': None, 'opacity': 1.0, 'z': 0, 'reset_animations_events': {}, 'color': [1.0, 1.0, 1.0, 1.0], 'style': [], 'adjust_top': 0, 'adjust_bottom': 0, 'adjust_left': 0, 'adjust_right': 0, 'expire': None, 'key': None, 'widget': None, 'events_when_added': [], 'events_when_removed': [], 'font_size': 15, 'bitmap_font': False, 'font_kerning': True, 'bold': False, 'italic': False, 'number_grouping': False, 'min_digits': 0, 'halign': 'center', 'valign': 'middle', 'rotation': 0, 'scale': 1.0, 'casing': None, 'animations': None}], 'target': None, 'background_color': [0.0, 0.0, 0.0, 1.0], 'priority': None, 'show': True, 'force': False, 'expire': None, 'slide': None, 'tokens': {}, 'action': 'play'}}
2023-01-27 05:00:57,418 : EventManager : Event: ======'slide__global.slide_player-ball_started_created'====== Args={}
2023-01-27 05:00:57,419 : EventManager : Event: ======'slide__global.slide_player-ball_started_active'====== Args={}
2023-01-27 05:00:57,944 : EventManager : Event: ======'machine_var_audits_switches_s_trough1'====== Args={'value': 2, 'prev_value': 1, 'change': 1}
2023-01-27 05:01:03,072 : EventManager : Event: ======'machine_var_audits_switches_s_pop_mid'====== Args={'value': 66, 'prev_value': 65, 'change': 1}
2023-01-27 05:01:03,097 : EventManager : Event: ======'player_ball'====== Args={'value': 2, 'prev_value': 1, 'change': 1, 'player_num': 1}
2023-01-27 05:01:03,110 : EventManager : Event: ======'slides_play'====== Args={'settings': {'widgets': {'widgets': [{'type': 'text', 'text': 'PLAYER (number) BALL (ball)', '_default_settings': ['type', 'text'], 'x': None, 'y': None, 'anchor_x': 'center', 'anchor_y': 'center', 'round_anchor_x': None, 'round_anchor_y': None, 'opacity': 1.0, 'z': 0, 'reset_animations_events': {}, 'color': [1.0, 1.0, 1.0, 1.0], 'style': [], 'adjust_top': 0, 'adjust_bottom': 0, 'adjust_left': 0, 'adjust_right': 0, 'expire': None, 'key': None, 'widget': None, 'events_when_added': [], 'events_when_removed': [], 'font_size': 15, 'bitmap_font': False, 'font_kerning': True, 'bold': False, 'italic': False, 'number_grouping': False, 'min_digits': 0, 'halign': 'center', 'valign': 'middle', 'rotation': 0, 'scale': 1.0, 'casing': None, 'animations': None}], 'target': None, 'background_color': [0.0, 0.0, 0.0, 1.0], 'priority': None, 'show': True, 'force': False, 'expire': None, 'slide': None, 'tokens': {}, 'action': 'play'}}, 'context': '_global', 'calling_context': 'ball_started', 'priority': 0, 'player': 1, 'ball': 2, 'balls_remaining': 1, 'is_extra_ball': False}
2023-01-27 05:01:03,110 : mpfmc : SlidePlayer: Play called with settings={'widgets': {'widgets': [{'type': 'text', 'text': 'PLAYER (number) BALL (ball)', '_default_settings': ['type', 'text'], 'x': None, 'y': None, 'anchor_x': 'center', 'anchor_y': 'center', 'round_anchor_x': None, 'round_anchor_y': None, 'opacity': 1.0, 'z': 0, 'reset_animations_events': {}, 'color': [1.0, 1.0, 1.0, 1.0], 'style': [], 'adjust_top': 0, 'adjust_bottom': 0, 'adjust_left': 0, 'adjust_right': 0, 'expire': None, 'key': None, 'widget': None, 'events_when_added': [], 'events_when_removed': [], 'font_size': 15, 'bitmap_font': False, 'font_kerning': True, 'bold': False, 'italic': False, 'number_grouping': False, 'min_digits': 0, 'halign': 'center', 'valign': 'middle', 'rotation': 0, 'scale': 1.0, 'casing': None, 'animations': None}], 'target': None, 'background_color': [0.0, 0.0, 0.0, 1.0], 'priority': None, 'show': True, 'force': False, 'expire': None, 'slide': None, 'tokens': {}, 'action': 'play'}}
2023-01-27 05:01:03,111 : EventManager : Event: ======'slide__global.slide_player-ball_started_removed'====== Args={}
2023-01-27 05:01:03,114 : EventManager : Event: ======'slide__global.slide_player-ball_started_created'====== Args={}
2023-01-27 05:01:03,115 : EventManager : Event: ======'slide__global.slide_player-ball_started_active'====== Args={}
2023-01-27 05:01:03,679 : EventManager : Event: ======'machine_var_audits_switches_s_pop_bot'====== Args={'value': 62, 'prev_value': 61, 'change': 1}
2023-01-27 05:01:04,078 : EventManager : Event: ======'machine_var_audits_switches_s_pop_top'====== Args={'value': 72, 'prev_value': 71, 'change': 1}
2023-01-27 05:01:04,314 : EventManager : Event: ======'machine_var_audits_switches_s_pop_mid'====== Args={'value': 67, 'prev_value': 66, 'change': 1}
2023-01-27 05:01:04,646 : EventManager : Event: ======'machine_var_audits_switches_s_pop_mid'====== Args={'value': 68, 'prev_value': 67, 'change': 1}
2023-01-27 05:01:04,772 : EventManager : Event: ======'machine_var_audits_switches_s_pop_top'====== Args={'value': 73, 'prev_value': 72, 'change': 1}
2023-01-27 05:01:05,093 : EventManager : Event: ======'machine_var_audits_switches_s_pop_mid'====== Args={'value': 69, 'prev_value': 68, 'change': 1}
2023-01-27 05:01:05,218 : EventManager : Event: ======'machine_var_audits_switches_s_pop_mid'====== Args={'value': 70, 'prev_value': 69, 'change': 1}
2023-01-27 05:01:05,525 : EventManager : Event: ======'machine_var_audits_switches_s_pop_bot'====== Args={'value': 63, 'prev_value': 62, 'change': 1}
2023-01-27 05:01:06,234 : EventManager : Event: ======'machine_var_audits_switches_s_pop_bot'====== Args={'value': 64, 'prev_value': 63, 'change': 1}
2023-01-27 05:01:06,497 : EventManager : Event: ======'machine_var_audits_switches_s_pop_bot'====== Args={'value': 65, 'prev_value': 64, 'change': 1}
2023-01-27 05:01:07,005 : EventManager : Event: ======'machine_var_audits_switches_s_pop_bot'====== Args={'value': 66, 'prev_value': 65, 'change': 1}
2023-01-27 05:01:10,238 : EventManager : Event: ======'machine_var_audits_switches_s_left_slingshot'====== Args={'value': 28, 'prev_value': 27, 'change': 1}
2023-01-27 05:01:23,199 : EventManager : Event: ======'machine_var_audits_switches_s_right_flipper'====== Args={'value': 27, 'prev_value': 26, 'change': 1}
2023-01-27 05:01:26,090 : EventManager : Event: ======'machine_var_audits_switches_s_left_flipper'====== Args={'value': 16, 'prev_value': 15, 'change': 1}
2023-01-27 05:01:27,034 : EventManager : Event: ======'machine_var_audits_switches_s_right_flipper'====== Args={'value': 28, 'prev_value': 27, 'change': 1}
2023-01-27 05:01:27,380 : EventManager : Event: ======'machine_var_audits_switches_s_right_flipper'====== Args={'value': 29, 'prev_value': 28, 'change': 1}
2023-01-27 05:01:28,469 : EventManager : Event: ======'machine_var_audits_switches_s_trough1'====== Args={'value': 3, 'prev_value': 2, 'change': 1}
2023-01-27 05:01:28,506 : EventManager : Event: ======'machine_var_audits_switches_s_trough1'====== Args={'value': 4, 'prev_value': 3, 'change': 1}
2023-01-27 05:01:29,048 : EventManager : Event: ======'player_ball'====== Args={'value': 3, 'prev_value': 2, 'change': 1, 'player_num': 1}
2023-01-27 05:01:29,577 : EventManager : Event: ======'slides_play'====== Args={'settings': {'widgets': {'widgets': [{'type': 'text', 'text': 'PLAYER (number) BALL (ball)', '_default_settings': ['type', 'text'], 'x': None, 'y': None, 'anchor_x': 'center', 'anchor_y': 'center', 'round_anchor_x': None, 'round_anchor_y': None, 'opacity': 1.0, 'z': 0, 'reset_animations_events': {}, 'color': [1.0, 1.0, 1.0, 1.0], 'style': [], 'adjust_top': 0, 'adjust_bottom': 0, 'adjust_left': 0, 'adjust_right': 0, 'expire': None, 'key': None, 'widget': None, 'events_when_added': [], 'events_when_removed': [], 'font_size': 15, 'bitmap_font': False, 'font_kerning': True, 'bold': False, 'italic': False, 'number_grouping': False, 'min_digits': 0, 'halign': 'center', 'valign': 'middle', 'rotation': 0, 'scale': 1.0, 'casing': None, 'animations': None}], 'target': None, 'background_color': [0.0, 0.0, 0.0, 1.0], 'priority': None, 'show': True, 'force': False, 'expire': None, 'slide': None, 'tokens': {}, 'action': 'play'}}, 'context': '_global', 'calling_context': 'ball_started', 'priority': 0, 'player': 1, 'ball': 3, 'balls_remaining': 0, 'is_extra_ball': False}
2023-01-27 05:01:29,577 : mpfmc : SlidePlayer: Play called with settings={'widgets': {'widgets': [{'type': 'text', 'text': 'PLAYER (number) BALL (ball)', '_default_settings': ['type', 'text'], 'x': None, 'y': None, 'anchor_x': 'center', 'anchor_y': 'center', 'round_anchor_x': None, 'round_anchor_y': None, 'opacity': 1.0, 'z': 0, 'reset_animations_events': {}, 'color': [1.0, 1.0, 1.0, 1.0], 'style': [], 'adjust_top': 0, 'adjust_bottom': 0, 'adjust_left': 0, 'adjust_right': 0, 'expire': None, 'key': None, 'widget': None, 'events_when_added': [], 'events_when_removed': [], 'font_size': 15, 'bitmap_font': False, 'font_kerning': True, 'bold': False, 'italic': False, 'number_grouping': False, 'min_digits': 0, 'halign': 'center', 'valign': 'middle', 'rotation': 0, 'scale': 1.0, 'casing': None, 'animations': None}], 'target': None, 'background_color': [0.0, 0.0, 0.0, 1.0], 'priority': None, 'show': True, 'force': False, 'expire': None, 'slide': None, 'tokens': {}, 'action': 'play'}}
2023-01-27 05:01:29,577 : EventManager : Event: ======'slide__global.slide_player-ball_started_removed'====== Args={}
2023-01-27 05:01:29,581 : EventManager : Event: ======'slide__global.slide_player-ball_started_created'====== Args={}
2023-01-27 05:01:29,584 : EventManager : Event: ======'slide__global.slide_player-ball_started_active'====== Args={}
2023-01-27 05:01:32,697 : EventManager : Event: ======'machine_var_audits_switches_s_right_flipper'====== Args={'value': 30, 'prev_value': 29, 'change': 1}
2023-01-27 05:01:34,956 : EventManager : Event: ======'machine_var_audits_switches_s_left_flipper'====== Args={'value': 17, 'prev_value': 16, 'change': 1}
2023-01-27 05:01:37,670 : EventManager : Event: ======'machine_var_audits_switches_s_right_flipper'====== Args={'value': 31, 'prev_value': 30, 'change': 1}
2023-01-27 05:01:38,715 : EventManager : Event: ======'machine_var_audits_switches_s_left_flipper'====== Args={'value': 18, 'prev_value': 17, 'change': 1}
2023-01-27 05:01:39,611 : EventManager : Event: ======'machine_var_audits_switches_s_left_flipper'====== Args={'value': 19, 'prev_value': 18, 'change': 1}
2023-01-27 05:01:40,818 : EventManager : Event: ======'machine_var_audits_switches_s_left_flipper'====== Args={'value': 20, 'prev_value': 19, 'change': 1}
2023-01-27 05:01:43,299 : EventManager : Event: ======'machine_var_audits_switches_s_right_flipper'====== Args={'value': 32, 'prev_value': 31, 'change': 1}
2023-01-27 05:01:46,121 : EventManager : Event: ======'machine_var_audits_switches_s_pop_mid'====== Args={'value': 71, 'prev_value': 70, 'change': 1}
2023-01-27 05:01:46,592 : EventManager : Event: ======'machine_var_audits_switches_s_pop_bot'====== Args={'value': 67, 'prev_value': 66, 'change': 1}
2023-01-27 05:01:46,718 : EventManager : Event: ======'machine_var_audits_switches_s_pop_bot'====== Args={'value': 68, 'prev_value': 67, 'change': 1}
2023-01-27 05:01:54,832 : EventManager : Event: ======'machine_var_audits_switches_s_trough1'====== Args={'value': 5, 'prev_value': 4, 'change': 1}
2023-01-27 05:01:55,362 : EventManager : Event: ======'machine_var_player1_score'====== Args={'value': 0, 'prev_value': None, 'change': True}
2023-01-27 05:01:55,399 : EventManager : Event: ======'slides_play'====== Args={'settings': {'attract_started': {'target': None, 'background_color': [0.0, 0.0, 0.0, 1.0], 'priority': None, 'show': True, 'force': False, 'expire': None, 'slide': None, 'tokens': {}, 'action': 'play'}}, 'context': '_global', 'calling_context': 'mode_attract_started', 'priority': 0}
2023-01-27 05:01:55,399 : EventManager : Event: ======'game_ended'====== Args={}
2023-01-27 05:01:55,399 : mpfmc : SlidePlayer: Play called with settings={'attract_started': {'target': None, 'background_color': [0.0, 0.0, 0.0, 1.0], 'priority': None, 'show': True, 'force': False, 'expire': None, 'slide': None, 'tokens': {}, 'action': 'play'}}
2023-01-27 05:01:55,399 : EventManager : Event: ======'slide_attract_started_removed'====== Args={}
2023-01-27 05:01:55,402 : EventManager : Event: ======'slide_attract_started_created'====== Args={}
2023-01-27 05:01:55,403 : EventManager : Event: ======'slide_attract_started_active'====== Args={}
2023-01-27 05:01:59,416 : kivy : Base: Leaving application in progress...
2023-01-27 05:01:59,416 : mpfmc : Stopping...
2023-01-27 05:01:59,417 : EventManager : Event: ======'shutdown'====== Args={}
2023-01-27 05:01:59,417 : AudioInterface : Disabling audio playback
2023-01-27 05:01:59,552 : mpfmc : Loop rate 79.0 Hz
2023-01-27 05:01:59,552 : kivy : MC run loop ended.
2023-01-27 05:01:59,552 : kivy : Stopping child threads... (3 remaining)
2023-01-27 05:01:59,863 : mpfmc : Stopping...
2023-01-27 05:01:59,864 : EventManager : Event: ======'shutdown'====== Args={}
2023-01-27 05:01:59,864 : mpfmc : Loop rate 78.84 Hz
2023-01-27 05:01:59,879 : MPF-MC BCP Server : Stopping BCP sending thread
2023-01-27 05:01:59,954 : kivy : All child threads stopped.
