2023-01-25 09:14:09,068 : kivy : Factory: 189 symbols loaded
2023-01-25 09:14:09,321 : kivy : ImageLoaderFFPy: Using ffpyplayer 4.3.5
2023-01-25 09:14:09,321 : kivy : Image: Providers: img_tex, img_dds, img_sdl2, img_pil, img_ffpyplayer 
2023-01-25 09:14:09,378 : kivy : VideoGstplayer: Using Gstreamer 1.18.5.0
2023-01-25 09:14:09,378 : kivy : Video: Provider: gstplayer
2023-01-25 09:14:09,602 : kivy : Loading MPF-MC controller
2023-01-25 09:14:09,606 : YamlMultifileConfigLoader : Machine config file #1: config
2023-01-25 09:14:09,607 : ConfigProcessor : Config file in cache changed: C:\pinball\my_machine\config\config
2023-01-25 09:14:09,608 : ConfigProcessor : Loading config from file C:\Users\ruben\.local\pipx\venvs\mpf\lib\site-packages\mpfmc\mcconfig.yaml.
2023-01-25 09:14:09,670 : ConfigProcessor : Loading config: C:\Users\ruben\.local\pipx\venvs\mpf\lib\site-packages\mpfmc\mcconfig.yaml
2023-01-25 09:14:09,670 : ConfigProcessor : Loading config from file C:\pinball\my_machine\config\config.
2023-01-25 09:14:09,699 : ConfigProcessor : Loading config: C:\pinball\my_machine\config\config
2023-01-25 09:14:09,701 : ConfigProcessor : Config file cache created: C:\Users\ruben\AppData\Local\Temp\5edbcd24fbe704f5401fb4c9e1e1d8f8.mpf_cache
2023-01-25 09:14:09,702 : ConfigProcessor : Loading config from cache: C:\Users\ruben\AppData\Local\Temp\67cf8ffee0fce2d4fcb5ef0bb894d8de.mpf_cache
2023-01-25 09:14:09,704 : ConfigProcessor : Loading config from cache: C:\Users\ruben\AppData\Local\Temp\25321780674732dcacb77a8f5b2a53cd.mpf_cache
2023-01-25 09:14:09,704 : mpfmc : Mission Pinball Framework Media Controller v0.56.1
2023-01-25 09:14:09,704 : mpfmc : Mission Pinball Framework Game Engine v0.56.0
2023-01-25 09:14:09,705 : mpfmc : Machine path: C:\pinball\my_machine
2023-01-25 09:14:09,705 : mpfmc : Starting clock at 60.0Hz
2023-01-25 09:14:09,725 : kivy : Text: Provider: sdl2
2023-01-25 09:14:09,794 : kivy : Window: Provider: sdl2
2023-01-25 09:14:11,019 : kivy : GL: Using the "OpenGL" graphics system
2023-01-25 09:14:11,028 : kivy : GL: GLEW initialization succeeded
2023-01-25 09:14:11,029 : kivy : GL: Backend used <glew>
2023-01-25 09:14:11,029 : kivy : GL: OpenGL version <b'4.5.0 NVIDIA 376.54'>
2023-01-25 09:14:11,029 : kivy : GL: OpenGL vendor <b'NVIDIA Corporation'>
2023-01-25 09:14:11,029 : kivy : GL: OpenGL renderer <b'GeForce GT 630M/PCIe/SSE2'>
2023-01-25 09:14:11,029 : kivy : GL: OpenGL parsed version: 4, 5
2023-01-25 09:14:11,029 : kivy : GL: Shading version <b'4.50 NVIDIA'>
2023-01-25 09:14:11,029 : kivy : GL: Texture max size <16384>
2023-01-25 09:14:11,030 : kivy : GL: Texture max units <32>
2023-01-25 09:14:11,067 : kivy : Window: auto add sdl2 input provider
2023-01-25 09:14:11,067 : kivy : Window: virtual keyboard not allowed, single mode, not docked
2023-01-25 09:14:11,081 : SoundSystem : SoundSystem: Using default 'sound_system' settings
2023-01-25 09:14:11,454 : AudioInterface : Initialized
2023-01-25 09:14:11,454 : AudioInterface : Loaded SDL 2.0.20
2023-01-25 09:14:11,454 : AudioInterface : Loaded SDL_Mixer 2.0.4
2023-01-25 09:14:11,454 : AudioInterface : Loaded GStreamer 1.18.5.0
2023-01-25 09:14:11,454 : AudioInterface : Loaded GLib 2.62.6
2023-01-25 09:14:11,454 : AudioInterface : Settings requested - rate: 44100, channels: 1, buffer: 2048 samples
2023-01-25 09:14:11,454 : AudioInterface : Settings in use - rate: 44100, channels: 1, buffer: 2048 samples (4096 bytes @ 2 bytes per sample)
2023-01-25 09:14:11,455 : SoundSystem : No audio tracks are specified in your machine config file. a track named 'default' has been created.
2023-01-25 09:14:11,455 : SoundSystem : Setting master volume to 0.0
2023-01-25 09:14:11,455 : SoundSystem : master_volume in sound_system is deprecated and will be removed in the future.
2023-01-25 09:14:11,455 : AudioInterface : Enabling audio playback
2023-01-25 09:14:11,457 : kivy : Base: Start application main loop
2023-01-25 09:14:11,458 : EventManager : Event: ======'display_window_initialized'====== Args={}
2023-01-25 09:14:11,471 : mpfmc : Display: Setting 'window' as default display
2023-01-25 09:14:11,480 : EventManager : Event: ======'displays_initialized'====== Args={}
2023-01-25 09:14:11,482 : EventManager : Event: ======'slide_window_blank_created'====== Args={}
2023-01-25 09:14:11,483 : EventManager : Event: ======'display_window_ready'====== Args={}
2023-01-25 09:14:11,506 : EventManager : Event: ======'init_phase_1'====== Args={}
2023-01-25 09:14:11,513 : EventManager : Event: ======'mc_ready'====== Args={}
2023-01-25 09:14:11,514 : EventManager : Event: ======'init_phase_2'====== Args={}
2023-01-25 09:14:11,515 : EventManager : Event: ======'init_phase_3'====== Args={}
2023-01-25 09:14:11,516 : EventManager : Event: ======'init_phase_4'====== Args={}
2023-01-25 09:14:11,517 : EventManager : Event: ======'init_phase_5'====== Args={}
2023-01-25 09:14:11,517 : EventManager : Event: ======'init_done'====== Args={}
2023-01-25 09:14:11,517 : MPF-MC BCP Server : Starting up on localhost port 5050
2023-01-25 09:14:11,522 : MPF-MC BCP Server : Waiting for a connection...
2023-01-25 09:14:11,523 : mpfmc : SlidePlayer: Play called with settings={'slides': {welcome_slide-None-None: {'priority': None, 'target': None, 'background_color': [0.0, 0.0, 0.0, 1.0], 'show': True, 'force': False, 'expire': None, 'slide': None, 'tokens': {}, 'action': 'play', 'transition': None, 'transition_out': None}}}
2023-01-25 09:14:11,591 : kivy : GL: NPOT texture support is available
2023-01-25 09:14:11,593 : EventManager : Event: ======'slide_welcome_slide_created'====== Args={}
2023-01-25 09:14:11,597 : EventManager : Event: ======'slide_welcome_slide_active'====== Args={}
2023-01-25 09:14:11,602 : EventManager : Event: ======'client_disconnected'====== Args={'host': '127.0.0.1', 'port': 5050}
2023-01-25 09:14:11,681 : MPF-MC BCP Server : Received connection from: 127.0.0.1:52732
2023-01-25 09:14:11,688 : EventManager : Event: ======'client_connected'====== Args={'host': '127.0.0.1', 'port': 52732}
2023-01-25 09:14:11,736 : EventManager : Event: ======'machine_var_credits_string'====== Args={'value': 'FREE PLAY', 'prev_value': None, 'change': True}
2023-01-25 09:14:11,736 : EventManager : Event: ======'machine_var_master_volume'====== Args={'value': 0.5, 'prev_value': None, 'change': True}
2023-01-25 09:14:11,736 : EventManager : Event: ======'machine_var_mpf_version'====== Args={'value': 'MPF v0.56.0', 'prev_value': None, 'change': True}
2023-01-25 09:14:11,737 : EventManager : Event: ======'machine_var_mpf_extended_version'====== Args={'value': 'MPF v0.56.0, Config version:5, Show version: 5, BCP version:1.1', 'prev_value': None, 'change': True}
2023-01-25 09:14:11,737 : EventManager : Event: ======'machine_var_python_version'====== Args={'value': '3.9.13', 'prev_value': None, 'change': True}
2023-01-25 09:14:11,737 : EventManager : Event: ======'machine_var_platform'====== Args={'value': 'Windows-10-10.0.19045-SP0', 'prev_value': None, 'change': True}
2023-01-25 09:14:11,737 : EventManager : Event: ======'machine_var_platform_system'====== Args={'value': 'Windows', 'prev_value': None, 'change': True}
2023-01-25 09:14:11,738 : EventManager : Event: ======'machine_var_platform_release'====== Args={'value': '10', 'prev_value': None, 'change': True}
2023-01-25 09:14:11,738 : EventManager : Event: ======'machine_var_platform_version'====== Args={'value': '10.0.19045', 'prev_value': None, 'change': True}
2023-01-25 09:14:11,738 : EventManager : Event: ======'machine_var_platform_machine'====== Args={'value': 'AMD64', 'prev_value': None, 'change': True}
2023-01-25 09:14:11,738 : EventManager : Event: ======'machine_var_mc_version'====== Args={'value': 'MPF-MC v0.56.1', 'prev_value': None, 'change': True}
2023-01-25 09:14:11,739 : EventManager : Event: ======'machine_var_mc_extended_version'====== Args={'value': 'MPF-MC v0.56.1 (config_version=5, BCP v1.1,                      Requires MPF API compatibility v0.56.0 or newer)', 'prev_value': None, 'change': True}
2023-01-25 09:14:11,739 : SoundSystem : Setting master volume to 0.5
2023-01-25 09:14:11,796 : EventManager : Event: ======'machine_var_audits_events_game_ended'====== Args={'value': 0, 'prev_value': None, 'change': True}
2023-01-25 09:14:11,808 : EventManager : Event: ======'machine_var_audits_events_game_started'====== Args={'value': 8, 'prev_value': None, 'change': True}
2023-01-25 09:14:11,808 : EventManager : Event: ======'machine_var_audits_player_score'====== Args={'value': {'average': 0, 'top': [], 'total': 0}, 'prev_value': None, 'change': True}
2023-01-25 09:14:11,808 : EventManager : Event: ======'machine_var_audits_switches_s_left_flipper'====== Args={'value': 12, 'prev_value': None, 'change': True}
2023-01-25 09:14:11,808 : EventManager : Event: ======'machine_var_audits_switches_s_left_slingshot'====== Args={'value': 21, 'prev_value': None, 'change': True}
2023-01-25 09:14:11,808 : EventManager : Event: ======'machine_var_audits_switches_s_right_flipper'====== Args={'value': 19, 'prev_value': None, 'change': True}
2023-01-25 09:14:11,808 : EventManager : Event: ======'machine_var_audits_switches_s_right_inlane'====== Args={'value': 0, 'prev_value': None, 'change': True}
2023-01-25 09:14:11,809 : EventManager : Event: ======'machine_var_audits_switches_s_right_slingshot'====== Args={'value': 24, 'prev_value': None, 'change': True}
2023-01-25 09:14:11,809 : EventManager : Event: ======'machine_var_audits_switches_s_scoop_lower'====== Args={'value': 23, 'prev_value': None, 'change': True}
2023-01-25 09:14:11,809 : EventManager : Event: ======'machine_var_audits_switches_s_startButton'====== Args={'value': 1, 'prev_value': None, 'change': True}
2023-01-25 09:14:11,809 : EventManager : Event: ======'machine_var_audits_switches_s_trough1'====== Args={'value': 1, 'prev_value': None, 'change': True}
2023-01-25 09:14:11,809 : EventManager : Event: ======'machine_var_audits_switches_s_pop_top'====== Args={'value': 0, 'prev_value': None, 'change': True}
2023-01-25 09:14:11,809 : EventManager : Event: ======'machine_var_audits_switches_s_pop_mid'====== Args={'value': 0, 'prev_value': None, 'change': True}
2023-01-25 09:14:11,809 : EventManager : Event: ======'machine_var_audits_switches_s_pop_bot'====== Args={'value': 0, 'prev_value': None, 'change': True}
2023-01-25 09:14:11,821 : EventManager : Event: ======'slides_play'====== Args={'settings': {'welcome_slide': {'target': None, 'background_color': [0.0, 0.0, 0.0, 1.0], 'priority': None, 'show': True, 'force': False, 'expire': None, 'slide': None, 'tokens': {}, 'action': 'play'}}, 'context': '_global', 'calling_context': 'init_done', 'priority': 0}
2023-01-25 09:14:11,821 : EventManager : Event: ======'mc_reset_phase_1'====== Args={}
2023-01-25 09:14:11,821 : mpfmc : SlidePlayer: Play called with settings={'welcome_slide': {'target': None, 'background_color': [0.0, 0.0, 0.0, 1.0], 'priority': None, 'show': True, 'force': False, 'expire': None, 'slide': None, 'tokens': {}, 'action': 'play'}}
2023-01-25 09:14:11,821 : EventManager : Event: ======'slide_welcome_slide_removed'====== Args={}
2023-01-25 09:14:11,825 : EventManager : Event: ======'slide_welcome_slide_created'====== Args={}
2023-01-25 09:14:11,826 : EventManager : Event: ======'mc_reset_phase_2'====== Args={}
2023-01-25 09:14:11,826 : EventManager : Event: ======'mc_reset_phase_3'====== Args={}
2023-01-25 09:14:11,826 : EventManager : Event: ======'mc_reset_complete'====== Args={}
2023-01-25 09:14:11,827 : EventManager : Event: ======'slide_welcome_slide_active'====== Args={}
2023-01-25 09:14:11,844 : EventManager : Event: ======'slides_play'====== Args={'settings': {'attract_started': {'target': None, 'background_color': [0.0, 0.0, 0.0, 1.0], 'priority': None, 'show': True, 'force': False, 'expire': None, 'slide': None, 'tokens': {}, 'action': 'play'}}, 'context': '_global', 'calling_context': 'mode_attract_started', 'priority': 0}
2023-01-25 09:14:11,844 : mpfmc : SlidePlayer: Play called with settings={'attract_started': {'target': None, 'background_color': [0.0, 0.0, 0.0, 1.0], 'priority': None, 'show': True, 'force': False, 'expire': None, 'slide': None, 'tokens': {}, 'action': 'play'}}
2023-01-25 09:14:11,849 : EventManager : Event: ======'slide_attract_started_created'====== Args={}
2023-01-25 09:14:11,851 : EventManager : Event: ======'slide_attract_started_active'====== Args={}
2023-01-25 09:14:52,795 : kivy : Base: Leaving application in progress...
2023-01-25 09:14:52,796 : mpfmc : Stopping...
2023-01-25 09:14:52,796 : EventManager : Event: ======'shutdown'====== Args={}
2023-01-25 09:14:52,796 : AudioInterface : Disabling audio playback
2023-01-25 09:14:52,916 : mpfmc : Loop rate 75.66 Hz
2023-01-25 09:14:52,916 : kivy : MC run loop ended.
2023-01-25 09:14:52,916 : kivy : Stopping child threads... (3 remaining)
2023-01-25 09:14:53,036 : mpfmc : Stopping...
2023-01-25 09:14:53,036 : EventManager : Event: ======'shutdown'====== Args={}
2023-01-25 09:14:53,036 : mpfmc : Loop rate 75.45 Hz
2023-01-25 09:14:53,039 : MPF-MC BCP Server : Stopping BCP sending thread
2023-01-25 09:14:53,518 : kivy : All child threads stopped.
