2023-01-25 09:16:33,396 : INFO : root : Loading config.
2023-01-25 09:16:33,396 : INFO : YamlMultifileConfigLoader : Machine config file #1: config.yaml
2023-01-25 09:16:33,396 : WARNING : ConfigProcessor : Config file in cache changed: C:\pinball\my_machine\config\config.yaml
2023-01-25 09:16:33,396 : INFO : ConfigProcessor : Loading config from file C:\Users\ruben\.local\pipx\venvs\mpf\lib\site-packages\mpf\mpfconfig.yaml.
2023-01-25 09:16:33,524 : INFO : ConfigProcessor : Loading config: C:\Users\ruben\.local\pipx\venvs\mpf\lib\site-packages\mpf\mpfconfig.yaml
2023-01-25 09:16:33,524 : INFO : ConfigProcessor : Loading config from file C:\pinball\my_machine\config\config.yaml.
2023-01-25 09:16:33,571 : INFO : ConfigProcessor : Loading config: C:\pinball\my_machine\config\config.yaml
2023-01-25 09:16:33,571 : INFO : ConfigProcessor : Config file cache created: C:\Users\ruben\AppData\Local\Temp\a17888e5e1df298d67e07ada0b1bff4a.mpf_cache
2023-01-25 09:16:33,696 : INFO : ConfigProcessor : Loading config from cache: C:\Users\ruben\AppData\Local\Temp\67cf8ffee0fce2d4fcb5ef0bb894d8de.mpf_cache
2023-01-25 09:16:33,696 : INFO : ConfigProcessor : Loading config from cache: C:\Users\ruben\AppData\Local\Temp\25321780674732dcacb77a8f5b2a53cd.mpf_cache
2023-01-25 09:16:33,696 : INFO : Machine : Mission Pinball Framework Core Engine v0.56.0
2023-01-25 09:16:33,696 : INFO : Machine : Command line arguments: {'no_load_cache': False, 'create_config_cache': True, 'bcp': True, 'configfile': ['config.yaml'], 'force_assets_load': False, 'jsonlogging': False, 'logfile': 'logs\\2023-01-25-09-16-33-mpf-DESKTOP-11MEIVG.log', 'pause': False, 'production': False, 'text_ui': True, 'loglevel': 15, 'consoleloglevel': 20, 'force_platform': None, 'syslog_address': None, 'mc_file_name': None, 'no_sound': False}
2023-01-25 09:16:33,696 : INFO : Machine : MPF path: C:\Users\ruben\.local\pipx\venvs\mpf\lib\site-packages\mpf
2023-01-25 09:16:33,696 : INFO : Machine : Machine path: C:\pinball\my_machine
2023-01-25 09:16:33,696 : INFO : Machine : Platform: win32
2023-01-25 09:16:33,696 : INFO : Machine : Python executable location: C:\Users\ruben\.local\pipx\venvs\mpf\Scripts\python.exe
2023-01-25 09:16:33,696 : INFO : Machine : Python version: 3.9.13 (64-bit)
2023-01-25 09:16:33,696 : INFO : Machine : Initialise MPF.
2023-01-25 09:16:33,997 : INFO : OPP : Connecting to com3 at 115200bps
2023-01-25 09:16:34,171 : INFO : OPP : Init of OPP board 1 done
2023-01-25 09:16:34,171 : INFO : OPP : Connecting to com4 at 115200bps
2023-01-25 09:16:34,267 : INFO : OPP : Init of OPP board 0 done
2023-01-25 09:16:34,268 : INFO : EventManager : Event: ======'machine_var_credits_string'====== Args={'value': 'FREE PLAY', 'prev_value': None, 'change': True}
2023-01-25 09:16:34,349 : INFO : EventManager : Event: ======'machine_var_master_volume'====== Args={'value': 0.5, 'prev_value': None, 'change': True}
2023-01-25 09:16:34,349 : INFO : EventManager : Event: ======'machine_var_mpf_version'====== Args={'value': 'MPF v0.56.0', 'prev_value': None, 'change': True}
2023-01-25 09:16:34,349 : INFO : EventManager : Event: ======'machine_var_mpf_extended_version'====== Args={'value': 'MPF v0.56.0, Config version:5, Show version: 5, BCP version:1.1', 'prev_value': None, 'change': True}
2023-01-25 09:16:34,349 : INFO : EventManager : Event: ======'machine_var_python_version'====== Args={'value': '3.9.13', 'prev_value': None, 'change': True}
2023-01-25 09:16:34,366 : INFO : EventManager : Event: ======'machine_var_platform'====== Args={'value': 'Windows-10-10.0.19045-SP0', 'prev_value': None, 'change': True}
2023-01-25 09:16:34,366 : INFO : EventManager : Event: ======'machine_var_platform_system'====== Args={'value': 'Windows', 'prev_value': None, 'change': True}
2023-01-25 09:16:34,366 : INFO : EventManager : Event: ======'machine_var_platform_release'====== Args={'value': '10', 'prev_value': None, 'change': True}
2023-01-25 09:16:34,366 : INFO : EventManager : Event: ======'machine_var_platform_version'====== Args={'value': '10.0.19045', 'prev_value': None, 'change': True}
2023-01-25 09:16:34,366 : INFO : EventManager : Event: ======'machine_var_platform_machine'====== Args={'value': 'AMD64', 'prev_value': None, 'change': True}
2023-01-25 09:16:34,366 : INFO : EventManager : Event: ======'init_phase_1'====== Args={}
2023-01-25 09:16:34,393 : INFO : EventManager : Event: ======'init_phase_2'====== Args={}
2023-01-25 09:16:34,398 : INFO : EventManager : Event: ======'bcp_connection_attempt'====== Args={'name': 'local_display', 'host': 'localhost', 'port': 5050}
2023-01-25 09:16:34,400 : INFO : BCPClientSocket : Connecting BCP to 'local_display' at localhost:5050...
2023-01-25 09:16:36,460 : INFO : BCPClientSocket : Connected BCP to 'local_display' localhost:5050
2023-01-25 09:16:36,463 : INFO : EventManager : Event: ======'bcp_clients_connected'====== Args={}
2023-01-25 09:16:36,496 : INFO : ball_device.bd_trough : BCH: Initial count: 0
2023-01-25 09:16:36,499 : INFO : EventManager : Event: ======'machine_var_mc_version'====== Args={'value': 'MPF-MC v0.56.1', 'prev_value': None, 'change': True}
2023-01-25 09:16:36,500 : INFO : EventManager : Event: ======'machine_var_mc_extended_version'====== Args={'value': 'MPF-MC v0.56.1 (config_version=5, BCP v1.1,                      Requires MPF API compatibility v0.56.0 or newer)', 'prev_value': None, 'change': True}
2023-01-25 09:16:36,507 : INFO : ball_device.bd_trough : State: idle
2023-01-25 09:16:36,539 : INFO : ball_device.bd_scoop_lower : BCH: Initial count: 0
2023-01-25 09:16:36,540 : INFO : ball_device.bd_scoop_lower : State: idle
2023-01-25 09:16:36,552 : INFO : EventManager : Event: ======'init_phase_3'====== Args={}
2023-01-25 09:16:36,556 : INFO : EventManager : Event: ======'init_phase_4'====== Args={}
2023-01-25 09:16:36,557 : INFO : BallController : Initial balls found: 0
2023-01-25 09:16:36,558 : INFO : EventManager : Event: ======'machine_var_audits_events_game_ended'====== Args={'value': 0, 'prev_value': None, 'change': True}
2023-01-25 09:16:36,559 : INFO : EventManager : Event: ======'machine_var_audits_events_game_started'====== Args={'value': 8, 'prev_value': None, 'change': True}
2023-01-25 09:16:36,559 : INFO : EventManager : Event: ======'machine_var_audits_player_score'====== Args={'value': {'average': 0, 'top': [], 'total': 0}, 'prev_value': None, 'change': True}
2023-01-25 09:16:36,559 : INFO : EventManager : Event: ======'machine_var_audits_switches_s_left_flipper'====== Args={'value': 12, 'prev_value': None, 'change': True}
2023-01-25 09:16:36,559 : INFO : EventManager : Event: ======'machine_var_audits_switches_s_left_slingshot'====== Args={'value': 21, 'prev_value': None, 'change': True}
2023-01-25 09:16:36,560 : INFO : EventManager : Event: ======'machine_var_audits_switches_s_right_flipper'====== Args={'value': 19, 'prev_value': None, 'change': True}
2023-01-25 09:16:36,560 : INFO : EventManager : Event: ======'machine_var_audits_switches_s_right_inlane'====== Args={'value': 0, 'prev_value': None, 'change': True}
2023-01-25 09:16:36,560 : INFO : EventManager : Event: ======'machine_var_audits_switches_s_right_slingshot'====== Args={'value': 24, 'prev_value': None, 'change': True}
2023-01-25 09:16:36,560 : INFO : EventManager : Event: ======'machine_var_audits_switches_s_scoop_lower'====== Args={'value': 23, 'prev_value': None, 'change': True}
2023-01-25 09:16:36,560 : INFO : EventManager : Event: ======'machine_var_audits_switches_s_startButton'====== Args={'value': 1, 'prev_value': None, 'change': True}
2023-01-25 09:16:36,562 : INFO : EventManager : Event: ======'machine_var_audits_switches_s_trough1'====== Args={'value': 1, 'prev_value': None, 'change': True}
2023-01-25 09:16:36,562 : INFO : EventManager : Event: ======'machine_var_audits_switches_s_pop_top'====== Args={'value': 0, 'prev_value': None, 'change': True}
2023-01-25 09:16:36,562 : INFO : EventManager : Event: ======'machine_var_audits_switches_s_pop_mid'====== Args={'value': 0, 'prev_value': None, 'change': True}
2023-01-25 09:16:36,562 : INFO : EventManager : Event: ======'machine_var_audits_switches_s_pop_bot'====== Args={'value': 0, 'prev_value': None, 'change': True}
2023-01-25 09:16:36,564 : INFO : EventManager : Event: ======'init_phase_5'====== Args={}
2023-01-25 09:16:36,577 : INFO : EventManager : Event: ======'init_done'====== Args={}
2023-01-25 09:16:36,578 : INFO : EventManager : Event: ======'machine_reset_phase_1'====== Args={}
2023-01-25 09:16:36,580 : INFO : EventManager : Event: ======'slide_welcome_slide_removed'====== Args={'_from_bcp': True}
2023-01-25 09:16:36,584 : INFO : EventManager : Event: ======'slide_welcome_slide_created'====== Args={'_from_bcp': True}
2023-01-25 09:16:36,586 : INFO : EventManager : Event: ======'slide_welcome_slide_active'====== Args={'_from_bcp': True}
2023-01-25 09:16:36,594 : INFO : EventManager : Event: ======'machine_reset_phase_2'====== Args={}
2023-01-25 09:16:36,595 : INFO : EventManager : Event: ======'machine_reset_phase_3'====== Args={}
2023-01-25 09:16:36,596 : INFO : EventManager : Event: ======'reset_complete'====== Args={}
2023-01-25 09:16:36,597 : INFO : EventManager : Event: ======'mode_attract_will_start'====== Args={}
2023-01-25 09:16:36,597 : INFO : EventManager : Event: ======'mode_attract_starting'====== Args={}
2023-01-25 09:16:36,598 : INFO : Mode.attract : Started. Priority: 10
2023-01-25 09:16:36,598 : INFO : EventManager : Event: ======'modes_active_modes_changed'====== Args={}
2023-01-25 09:16:36,598 : INFO : EventManager : Event: ======'mode_attract_started'====== Args={}
2023-01-25 09:16:36,598 : INFO : EventManager : Event: ======'collecting_balls_complete'====== Args={}
2023-01-25 09:16:36,624 : INFO : EventManager : Event: ======'slide_attract_started_created'====== Args={'_from_bcp': True}
2023-01-25 09:16:36,625 : INFO : EventManager : Event: ======'slide_attract_started_active'====== Args={'_from_bcp': True}
2023-01-25 09:16:36,625 : INFO : Machine : Starting the main run loop.
2023-01-25 09:16:40,497 : INFO : SwitchController : <<<<<<< 's_pop_bot' active >>>>>>>
2023-01-25 09:16:40,694 : INFO : SwitchController : <<<<<<< 's_pop_bot' inactive >>>>>>>
2023-01-25 09:16:40,829 : INFO : SwitchController : <<<<<<< 's_pop_bot' active >>>>>>>
2023-01-25 09:16:40,968 : INFO : SwitchController : <<<<<<< 's_pop_bot' inactive >>>>>>>
2023-01-25 09:16:41,057 : INFO : SwitchController : <<<<<<< 's_pop_bot' active >>>>>>>
2023-01-25 09:16:41,211 : INFO : SwitchController : <<<<<<< 's_pop_bot' inactive >>>>>>>
2023-01-25 09:16:42,572 : INFO : SwitchController : <<<<<<< 's_pop_top' active >>>>>>>
2023-01-25 09:16:42,589 : INFO : SwitchController : <<<<<<< 's_pop_top' inactive >>>>>>>
2023-01-25 09:16:42,685 : INFO : SwitchController : <<<<<<< 's_pop_top' active >>>>>>>
2023-01-25 09:16:42,698 : INFO : SwitchController : <<<<<<< 's_pop_top' inactive >>>>>>>
2023-01-25 09:16:42,916 : INFO : SwitchController : <<<<<<< 's_pop_top' active >>>>>>>
2023-01-25 09:16:42,930 : INFO : SwitchController : <<<<<<< 's_pop_top' inactive >>>>>>>
2023-01-25 09:16:43,134 : INFO : SwitchController : <<<<<<< 's_pop_top' active >>>>>>>
2023-01-25 09:16:43,165 : INFO : SwitchController : <<<<<<< 's_pop_top' inactive >>>>>>>
2023-01-25 09:16:43,291 : INFO : SwitchController : <<<<<<< 's_pop_top' active >>>>>>>
2023-01-25 09:16:43,307 : INFO : SwitchController : <<<<<<< 's_pop_top' inactive >>>>>>>
2023-01-25 09:16:43,356 : INFO : SwitchController : <<<<<<< 's_pop_top' active >>>>>>>
2023-01-25 09:16:43,432 : INFO : SwitchController : <<<<<<< 's_pop_top' inactive >>>>>>>
2023-01-25 09:16:43,442 : INFO : SwitchController : <<<<<<< 's_pop_top' active >>>>>>>
2023-01-25 09:16:43,481 : INFO : SwitchController : <<<<<<< 's_pop_top' inactive >>>>>>>
2023-01-25 09:16:43,791 : INFO : SwitchController : <<<<<<< 's_pop_top' active >>>>>>>
2023-01-25 09:16:43,805 : INFO : SwitchController : <<<<<<< 's_pop_top' inactive >>>>>>>
2023-01-25 09:16:43,856 : INFO : SwitchController : <<<<<<< 's_pop_top' active >>>>>>>
2023-01-25 09:16:43,935 : INFO : SwitchController : <<<<<<< 's_pop_top' inactive >>>>>>>
2023-01-25 09:16:43,948 : INFO : SwitchController : <<<<<<< 's_pop_top' active >>>>>>>
2023-01-25 09:16:43,997 : INFO : SwitchController : <<<<<<< 's_pop_top' inactive >>>>>>>
2023-01-25 09:16:44,169 : INFO : SwitchController : <<<<<<< 's_pop_top' active >>>>>>>
2023-01-25 09:16:44,292 : INFO : SwitchController : <<<<<<< 's_pop_top' inactive >>>>>>>
2023-01-25 09:16:44,448 : INFO : SwitchController : <<<<<<< 's_pop_top' active >>>>>>>
2023-01-25 09:16:44,606 : INFO : SwitchController : <<<<<<< 's_pop_top' inactive >>>>>>>
2023-01-25 09:16:44,669 : INFO : SwitchController : <<<<<<< 's_pop_top' active >>>>>>>
2023-01-25 09:16:44,886 : INFO : SwitchController : <<<<<<< 's_pop_top' inactive >>>>>>>
2023-01-25 09:17:46,194 : INFO : Machine : Shutting down...
2023-01-25 09:17:46,194 : INFO : EventManager : Event: ======'shutdown'====== Args={}
2023-01-25 09:17:46,203 : ERROR : OPP : Stop called on serial connection com3
2023-01-25 09:17:46,203 : ERROR : OPP : Stop called on serial connection com4
