2023-01-25 09:15:18,945 : kivy : Factory: 189 symbols loaded
2023-01-25 09:15:19,196 : kivy : ImageLoaderFFPy: Using ffpyplayer 4.3.5
2023-01-25 09:15:19,196 : kivy : Image: Providers: img_tex, img_dds, img_sdl2, img_pil, img_ffpyplayer 
2023-01-25 09:15:19,254 : kivy : VideoGstplayer: Using Gstreamer 1.18.5.0
2023-01-25 09:15:19,254 : kivy : Video: Provider: gstplayer
2023-01-25 09:15:19,478 : kivy : Loading MPF-MC controller
2023-01-25 09:15:19,482 : YamlMultifileConfigLoader : Machine config file #1: config
2023-01-25 09:15:19,482 : ConfigProcessor : Config file in cache changed: C:\pinball\my_machine\config\config
2023-01-25 09:15:19,483 : ConfigProcessor : Loading config from file C:\Users\ruben\.local\pipx\venvs\mpf\lib\site-packages\mpfmc\mcconfig.yaml.
2023-01-25 09:15:19,547 : ConfigProcessor : Loading config: C:\Users\ruben\.local\pipx\venvs\mpf\lib\site-packages\mpfmc\mcconfig.yaml
2023-01-25 09:15:19,548 : ConfigProcessor : Loading config from file C:\pinball\my_machine\config\config.
2023-01-25 09:15:19,578 : ConfigProcessor : Loading config: C:\pinball\my_machine\config\config
2023-01-25 09:15:19,580 : ConfigProcessor : Config file cache created: C:\Users\ruben\AppData\Local\Temp\5edbcd24fbe704f5401fb4c9e1e1d8f8.mpf_cache
2023-01-25 09:15:19,580 : ConfigProcessor : Loading config from cache: C:\Users\ruben\AppData\Local\Temp\67cf8ffee0fce2d4fcb5ef0bb894d8de.mpf_cache
2023-01-25 09:15:19,581 : ConfigProcessor : Loading config from cache: C:\Users\ruben\AppData\Local\Temp\25321780674732dcacb77a8f5b2a53cd.mpf_cache
2023-01-25 09:15:19,582 : mpfmc : Mission Pinball Framework Media Controller v0.56.1
2023-01-25 09:15:19,582 : mpfmc : Mission Pinball Framework Game Engine v0.56.0
2023-01-25 09:15:19,582 : mpfmc : Machine path: C:\pinball\my_machine
2023-01-25 09:15:19,582 : mpfmc : Starting clock at 60.0Hz
2023-01-25 09:15:19,606 : kivy : Text: Provider: sdl2
2023-01-25 09:15:19,670 : kivy : Window: Provider: sdl2
2023-01-25 09:15:20,904 : kivy : GL: Using the "OpenGL" graphics system
2023-01-25 09:15:20,914 : kivy : GL: GLEW initialization succeeded
2023-01-25 09:15:20,914 : kivy : GL: Backend used <glew>
2023-01-25 09:15:20,915 : kivy : GL: OpenGL version <b'4.5.0 NVIDIA 376.54'>
2023-01-25 09:15:20,915 : kivy : GL: OpenGL vendor <b'NVIDIA Corporation'>
2023-01-25 09:15:20,915 : kivy : GL: OpenGL renderer <b'GeForce GT 630M/PCIe/SSE2'>
2023-01-25 09:15:20,915 : kivy : GL: OpenGL parsed version: 4, 5
2023-01-25 09:15:20,915 : kivy : GL: Shading version <b'4.50 NVIDIA'>
2023-01-25 09:15:20,915 : kivy : GL: Texture max size <16384>
2023-01-25 09:15:20,916 : kivy : GL: Texture max units <32>
2023-01-25 09:15:20,951 : kivy : Window: auto add sdl2 input provider
2023-01-25 09:15:20,952 : kivy : Window: virtual keyboard not allowed, single mode, not docked
2023-01-25 09:15:20,966 : SoundSystem : SoundSystem: Using default 'sound_system' settings
2023-01-25 09:15:21,349 : AudioInterface : Initialized
2023-01-25 09:15:21,350 : AudioInterface : Loaded SDL 2.0.20
2023-01-25 09:15:21,350 : AudioInterface : Loaded SDL_Mixer 2.0.4
2023-01-25 09:15:21,350 : AudioInterface : Loaded GStreamer 1.18.5.0
2023-01-25 09:15:21,350 : AudioInterface : Loaded GLib 2.62.6
2023-01-25 09:15:21,350 : AudioInterface : Settings requested - rate: 44100, channels: 1, buffer: 2048 samples
2023-01-25 09:15:21,350 : AudioInterface : Settings in use - rate: 44100, channels: 1, buffer: 2048 samples (4096 bytes @ 2 bytes per sample)
2023-01-25 09:15:21,350 : SoundSystem : No audio tracks are specified in your machine config file. a track named 'default' has been created.
2023-01-25 09:15:21,350 : SoundSystem : Setting master volume to 0.0
2023-01-25 09:15:21,350 : SoundSystem : master_volume in sound_system is deprecated and will be removed in the future.
2023-01-25 09:15:21,351 : AudioInterface : Enabling audio playback
2023-01-25 09:15:21,353 : kivy : Base: Start application main loop
2023-01-25 09:15:21,354 : EventManager : Event: ======'display_window_initialized'====== Args={}
2023-01-25 09:15:21,363 : mpfmc : Display: Setting 'window' as default display
2023-01-25 09:15:21,373 : EventManager : Event: ======'displays_initialized'====== Args={}
2023-01-25 09:15:21,374 : EventManager : Event: ======'slide_window_blank_created'====== Args={}
2023-01-25 09:15:21,375 : EventManager : Event: ======'display_window_ready'====== Args={}
2023-01-25 09:15:21,399 : EventManager : Event: ======'init_phase_1'====== Args={}
2023-01-25 09:15:21,407 : EventManager : Event: ======'mc_ready'====== Args={}
2023-01-25 09:15:21,407 : EventManager : Event: ======'init_phase_2'====== Args={}
2023-01-25 09:15:21,410 : EventManager : Event: ======'init_phase_3'====== Args={}
2023-01-25 09:15:21,411 : EventManager : Event: ======'init_phase_4'====== Args={}
2023-01-25 09:15:21,411 : EventManager : Event: ======'init_phase_5'====== Args={}
2023-01-25 09:15:21,411 : EventManager : Event: ======'init_done'====== Args={}
2023-01-25 09:15:21,411 : MPF-MC BCP Server : Starting up on localhost port 5050
2023-01-25 09:15:21,416 : MPF-MC BCP Server : Waiting for a connection...
2023-01-25 09:15:21,417 : mpfmc : SlidePlayer: Play called with settings={'slides': {welcome_slide-None-None: {'priority': None, 'target': None, 'background_color': [0.0, 0.0, 0.0, 1.0], 'show': True, 'force': False, 'expire': None, 'slide': None, 'tokens': {}, 'action': 'play', 'transition': None, 'transition_out': None}}}
2023-01-25 09:15:21,490 : kivy : GL: NPOT texture support is available
2023-01-25 09:15:21,492 : EventManager : Event: ======'slide_welcome_slide_created'====== Args={}
2023-01-25 09:15:21,495 : EventManager : Event: ======'slide_welcome_slide_active'====== Args={}
2023-01-25 09:15:21,500 : EventManager : Event: ======'client_disconnected'====== Args={'host': '127.0.0.1', 'port': 5050}
2023-01-25 09:15:21,578 : MPF-MC BCP Server : Received connection from: 127.0.0.1:52740
2023-01-25 09:15:21,589 : EventManager : Event: ======'client_connected'====== Args={'host': '127.0.0.1', 'port': 52740}
2023-01-25 09:15:21,638 : EventManager : Event: ======'machine_var_credits_string'====== Args={'value': 'FREE PLAY', 'prev_value': None, 'change': True}
2023-01-25 09:15:21,638 : EventManager : Event: ======'machine_var_master_volume'====== Args={'value': 0.5, 'prev_value': None, 'change': True}
2023-01-25 09:15:21,638 : EventManager : Event: ======'machine_var_mpf_version'====== Args={'value': 'MPF v0.56.0', 'prev_value': None, 'change': True}
2023-01-25 09:15:21,639 : EventManager : Event: ======'machine_var_mpf_extended_version'====== Args={'value': 'MPF v0.56.0, Config version:5, Show version: 5, BCP version:1.1', 'prev_value': None, 'change': True}
2023-01-25 09:15:21,639 : EventManager : Event: ======'machine_var_python_version'====== Args={'value': '3.9.13', 'prev_value': None, 'change': True}
2023-01-25 09:15:21,639 : EventManager : Event: ======'machine_var_platform'====== Args={'value': 'Windows-10-10.0.19045-SP0', 'prev_value': None, 'change': True}
2023-01-25 09:15:21,639 : EventManager : Event: ======'machine_var_platform_system'====== Args={'value': 'Windows', 'prev_value': None, 'change': True}
2023-01-25 09:15:21,640 : EventManager : Event: ======'machine_var_platform_release'====== Args={'value': '10', 'prev_value': None, 'change': True}
2023-01-25 09:15:21,640 : EventManager : Event: ======'machine_var_platform_version'====== Args={'value': '10.0.19045', 'prev_value': None, 'change': True}
2023-01-25 09:15:21,640 : EventManager : Event: ======'machine_var_platform_machine'====== Args={'value': 'AMD64', 'prev_value': None, 'change': True}
2023-01-25 09:15:21,640 : EventManager : Event: ======'machine_var_mc_version'====== Args={'value': 'MPF-MC v0.56.1', 'prev_value': None, 'change': True}
2023-01-25 09:15:21,640 : EventManager : Event: ======'machine_var_mc_extended_version'====== Args={'value': 'MPF-MC v0.56.1 (config_version=5, BCP v1.1,                      Requires MPF API compatibility v0.56.0 or newer)', 'prev_value': None, 'change': True}
2023-01-25 09:15:21,641 : SoundSystem : Setting master volume to 0.5
2023-01-25 09:15:21,700 : EventManager : Event: ======'machine_var_audits_events_game_ended'====== Args={'value': 0, 'prev_value': None, 'change': True}
2023-01-25 09:15:21,712 : EventManager : Event: ======'machine_var_audits_events_game_started'====== Args={'value': 8, 'prev_value': None, 'change': True}
2023-01-25 09:15:21,712 : EventManager : Event: ======'machine_var_audits_player_score'====== Args={'value': {'average': 0, 'top': [], 'total': 0}, 'prev_value': None, 'change': True}
2023-01-25 09:15:21,712 : EventManager : Event: ======'machine_var_audits_switches_s_left_flipper'====== Args={'value': 12, 'prev_value': None, 'change': True}
2023-01-25 09:15:21,713 : EventManager : Event: ======'machine_var_audits_switches_s_left_slingshot'====== Args={'value': 21, 'prev_value': None, 'change': True}
2023-01-25 09:15:21,713 : EventManager : Event: ======'machine_var_audits_switches_s_right_flipper'====== Args={'value': 19, 'prev_value': None, 'change': True}
2023-01-25 09:15:21,713 : EventManager : Event: ======'machine_var_audits_switches_s_right_inlane'====== Args={'value': 0, 'prev_value': None, 'change': True}
2023-01-25 09:15:21,713 : EventManager : Event: ======'machine_var_audits_switches_s_right_slingshot'====== Args={'value': 24, 'prev_value': None, 'change': True}
2023-01-25 09:15:21,713 : EventManager : Event: ======'machine_var_audits_switches_s_scoop_lower'====== Args={'value': 23, 'prev_value': None, 'change': True}
2023-01-25 09:15:21,714 : EventManager : Event: ======'machine_var_audits_switches_s_startButton'====== Args={'value': 1, 'prev_value': None, 'change': True}
2023-01-25 09:15:21,714 : EventManager : Event: ======'machine_var_audits_switches_s_trough1'====== Args={'value': 1, 'prev_value': None, 'change': True}
2023-01-25 09:15:21,714 : EventManager : Event: ======'machine_var_audits_switches_s_pop_top'====== Args={'value': 0, 'prev_value': None, 'change': True}
2023-01-25 09:15:21,714 : EventManager : Event: ======'machine_var_audits_switches_s_pop_mid'====== Args={'value': 0, 'prev_value': None, 'change': True}
2023-01-25 09:15:21,714 : EventManager : Event: ======'machine_var_audits_switches_s_pop_bot'====== Args={'value': 0, 'prev_value': None, 'change': True}
2023-01-25 09:15:21,725 : EventManager : Event: ======'slides_play'====== Args={'settings': {'welcome_slide': {'target': None, 'background_color': [0.0, 0.0, 0.0, 1.0], 'priority': None, 'show': True, 'force': False, 'expire': None, 'slide': None, 'tokens': {}, 'action': 'play'}}, 'context': '_global', 'calling_context': 'init_done', 'priority': 0}
2023-01-25 09:15:21,725 : mpfmc : SlidePlayer: Play called with settings={'welcome_slide': {'target': None, 'background_color': [0.0, 0.0, 0.0, 1.0], 'priority': None, 'show': True, 'force': False, 'expire': None, 'slide': None, 'tokens': {}, 'action': 'play'}}
2023-01-25 09:15:21,725 : EventManager : Event: ======'slide_welcome_slide_removed'====== Args={}
2023-01-25 09:15:21,730 : EventManager : Event: ======'slide_welcome_slide_created'====== Args={}
2023-01-25 09:15:21,731 : EventManager : Event: ======'slide_welcome_slide_active'====== Args={}
2023-01-25 09:15:21,736 : EventManager : Event: ======'mc_reset_phase_1'====== Args={}
2023-01-25 09:15:21,737 : EventManager : Event: ======'mc_reset_phase_2'====== Args={}
2023-01-25 09:15:21,737 : EventManager : Event: ======'mc_reset_phase_3'====== Args={}
2023-01-25 09:15:21,737 : EventManager : Event: ======'mc_reset_complete'====== Args={}
2023-01-25 09:15:21,749 : EventManager : Event: ======'slides_play'====== Args={'settings': {'attract_started': {'target': None, 'background_color': [0.0, 0.0, 0.0, 1.0], 'priority': None, 'show': True, 'force': False, 'expire': None, 'slide': None, 'tokens': {}, 'action': 'play'}}, 'context': '_global', 'calling_context': 'mode_attract_started', 'priority': 0}
2023-01-25 09:15:21,749 : mpfmc : SlidePlayer: Play called with settings={'attract_started': {'target': None, 'background_color': [0.0, 0.0, 0.0, 1.0], 'priority': None, 'show': True, 'force': False, 'expire': None, 'slide': None, 'tokens': {}, 'action': 'play'}}
2023-01-25 09:15:21,754 : EventManager : Event: ======'slide_attract_started_created'====== Args={}
2023-01-25 09:15:21,755 : EventManager : Event: ======'slide_attract_started_active'====== Args={}
2023-01-25 09:15:37,560 : kivy : Base: Leaving application in progress...
2023-01-25 09:15:37,561 : mpfmc : Stopping...
2023-01-25 09:15:37,561 : EventManager : Event: ======'shutdown'====== Args={}
2023-01-25 09:15:37,561 : AudioInterface : Disabling audio playback
2023-01-25 09:15:37,681 : mpfmc : Loop rate 74.29 Hz
2023-01-25 09:15:37,681 : kivy : MC run loop ended.
2023-01-25 09:15:37,681 : kivy : Stopping child threads... (3 remaining)
2023-01-25 09:15:37,902 : mpfmc : Stopping...
2023-01-25 09:15:37,902 : EventManager : Event: ======'shutdown'====== Args={}
2023-01-25 09:15:37,903 : mpfmc : Loop rate 73.29 Hz
2023-01-25 09:15:37,914 : MPF-MC BCP Server : Stopping BCP sending thread
2023-01-25 09:15:38,383 : kivy : All child threads stopped.
