2023-01-25 07:39:53,342 : kivy : Factory: 189 symbols loaded
2023-01-25 07:39:53,743 : kivy : ImageLoaderFFPy: Using ffpyplayer 4.3.5
2023-01-25 07:39:53,743 : kivy : Image: Providers: img_tex, img_dds, img_sdl2, img_pil, img_ffpyplayer 
2023-01-25 07:39:53,834 : kivy : VideoGstplayer: Using Gstreamer 1.18.5.0
2023-01-25 07:39:53,835 : kivy : Video: Provider: gstplayer
2023-01-25 07:39:54,099 : kivy : Loading MPF-MC controller
2023-01-25 07:39:54,106 : YamlMultifileConfigLoader : Machine config file #1: config
2023-01-25 07:39:54,107 : ConfigProcessor : Config file in cache changed: C:\pinball\my_machine\config\config
2023-01-25 07:39:54,108 : ConfigProcessor : Loading config from file C:\Users\ruben\.local\pipx\venvs\mpf\lib\site-packages\mpfmc\mcconfig.yaml.
2023-01-25 07:39:54,160 : ConfigProcessor : Loading config: C:\Users\ruben\.local\pipx\venvs\mpf\lib\site-packages\mpfmc\mcconfig.yaml
2023-01-25 07:39:54,160 : ConfigProcessor : Loading config from file C:\pinball\my_machine\config\config.
2023-01-25 07:39:54,183 : ConfigProcessor : Loading config: C:\pinball\my_machine\config\config
2023-01-25 07:39:54,184 : ConfigProcessor : Config file cache created: C:\Users\ruben\AppData\Local\Temp\5edbcd24fbe704f5401fb4c9e1e1d8f8.mpf_cache
2023-01-25 07:39:54,185 : ConfigProcessor : Loading config from cache: C:\Users\ruben\AppData\Local\Temp\67cf8ffee0fce2d4fcb5ef0bb894d8de.mpf_cache
2023-01-25 07:39:54,186 : ConfigProcessor : Loading config from cache: C:\Users\ruben\AppData\Local\Temp\25321780674732dcacb77a8f5b2a53cd.mpf_cache
2023-01-25 07:39:54,187 : mpfmc : Mission Pinball Framework Media Controller v0.56.1
2023-01-25 07:39:54,187 : mpfmc : Mission Pinball Framework Game Engine v0.56.0
2023-01-25 07:39:54,187 : mpfmc : Machine path: C:\pinball\my_machine
2023-01-25 07:39:54,187 : mpfmc : Starting clock at 60.0Hz
2023-01-25 07:39:54,206 : kivy : Text: Provider: sdl2
2023-01-25 07:39:54,273 : kivy : Window: Provider: sdl2
2023-01-25 07:39:55,449 : kivy : GL: Using the "OpenGL" graphics system
2023-01-25 07:39:55,456 : kivy : GL: GLEW initialization succeeded
2023-01-25 07:39:55,456 : kivy : GL: Backend used <glew>
2023-01-25 07:39:55,456 : kivy : GL: OpenGL version <b'4.5.0 NVIDIA 376.54'>
2023-01-25 07:39:55,456 : kivy : GL: OpenGL vendor <b'NVIDIA Corporation'>
2023-01-25 07:39:55,456 : kivy : GL: OpenGL renderer <b'GeForce GT 630M/PCIe/SSE2'>
2023-01-25 07:39:55,456 : kivy : GL: OpenGL parsed version: 4, 5
2023-01-25 07:39:55,457 : kivy : GL: Shading version <b'4.50 NVIDIA'>
2023-01-25 07:39:55,457 : kivy : GL: Texture max size <16384>
2023-01-25 07:39:55,457 : kivy : GL: Texture max units <32>
2023-01-25 07:39:55,486 : kivy : Window: auto add sdl2 input provider
2023-01-25 07:39:55,487 : kivy : Window: virtual keyboard not allowed, single mode, not docked
2023-01-25 07:39:55,505 : SoundSystem : SoundSystem: Using default 'sound_system' settings
2023-01-25 07:39:55,922 : AudioInterface : Initialized
2023-01-25 07:39:55,922 : AudioInterface : Loaded SDL 2.0.20
2023-01-25 07:39:55,922 : AudioInterface : Loaded SDL_Mixer 2.0.4
2023-01-25 07:39:55,922 : AudioInterface : Loaded GStreamer 1.18.5.0
2023-01-25 07:39:55,922 : AudioInterface : Loaded GLib 2.62.6
2023-01-25 07:39:55,922 : AudioInterface : Settings requested - rate: 44100, channels: 1, buffer: 2048 samples
2023-01-25 07:39:55,922 : AudioInterface : Settings in use - rate: 44100, channels: 1, buffer: 2048 samples (4096 bytes @ 2 bytes per sample)
2023-01-25 07:39:55,923 : SoundSystem : No audio tracks are specified in your machine config file. a track named 'default' has been created.
2023-01-25 07:39:55,923 : SoundSystem : Setting master volume to 0.0
2023-01-25 07:39:55,923 : SoundSystem : master_volume in sound_system is deprecated and will be removed in the future.
2023-01-25 07:39:55,923 : AudioInterface : Enabling audio playback
2023-01-25 07:39:55,926 : kivy : Base: Start application main loop
2023-01-25 07:39:55,926 : EventManager : Event: ======'display_window_initialized'====== Args={}
2023-01-25 07:39:55,934 : mpfmc : Display: Setting 'window' as default display
2023-01-25 07:39:55,945 : EventManager : Event: ======'displays_initialized'====== Args={}
2023-01-25 07:39:55,948 : EventManager : Event: ======'slide_window_blank_created'====== Args={}
2023-01-25 07:39:55,948 : EventManager : Event: ======'display_window_ready'====== Args={}
2023-01-25 07:39:55,976 : EventManager : Event: ======'init_phase_1'====== Args={}
2023-01-25 07:39:55,989 : EventManager : Event: ======'mc_ready'====== Args={}
2023-01-25 07:39:55,989 : EventManager : Event: ======'init_phase_2'====== Args={}
2023-01-25 07:39:55,991 : EventManager : Event: ======'init_phase_3'====== Args={}
2023-01-25 07:39:55,993 : EventManager : Event: ======'init_phase_4'====== Args={}
2023-01-25 07:39:55,993 : EventManager : Event: ======'init_phase_5'====== Args={}
2023-01-25 07:39:55,994 : EventManager : Event: ======'init_done'====== Args={}
2023-01-25 07:39:55,994 : MPF-MC BCP Server : Starting up on localhost port 5050
2023-01-25 07:39:56,002 : MPF-MC BCP Server : Waiting for a connection...
2023-01-25 07:39:56,002 : mpfmc : SlidePlayer: Play called with settings={'slides': {welcome_slide-None-None: {'priority': None, 'target': None, 'background_color': [0.0, 0.0, 0.0, 1.0], 'show': True, 'force': False, 'expire': None, 'slide': None, 'tokens': {}, 'action': 'play', 'transition': None, 'transition_out': None}}}
2023-01-25 07:39:56,130 : kivy : GL: NPOT texture support is available
2023-01-25 07:39:56,134 : EventManager : Event: ======'slide_welcome_slide_created'====== Args={}
2023-01-25 07:39:56,140 : EventManager : Event: ======'slide_welcome_slide_active'====== Args={}
2023-01-25 07:39:56,147 : EventManager : Event: ======'client_disconnected'====== Args={'host': '127.0.0.1', 'port': 5050}
2023-01-25 07:39:56,486 : MPF-MC BCP Server : Received connection from: 127.0.0.1:51680
2023-01-25 07:39:56,490 : EventManager : Event: ======'client_connected'====== Args={'host': '127.0.0.1', 'port': 51680}
2023-01-25 07:39:56,516 : EventManager : Event: ======'machine_var_credits_string'====== Args={'value': 'FREE PLAY', 'prev_value': None, 'change': True}
2023-01-25 07:39:56,516 : EventManager : Event: ======'machine_var_master_volume'====== Args={'value': 0.5, 'prev_value': None, 'change': True}
2023-01-25 07:39:56,516 : EventManager : Event: ======'machine_var_mpf_version'====== Args={'value': 'MPF v0.56.0', 'prev_value': None, 'change': True}
2023-01-25 07:39:56,516 : EventManager : Event: ======'machine_var_mpf_extended_version'====== Args={'value': 'MPF v0.56.0, Config version:5, Show version: 5, BCP version:1.1', 'prev_value': None, 'change': True}
2023-01-25 07:39:56,516 : EventManager : Event: ======'machine_var_python_version'====== Args={'value': '3.9.13', 'prev_value': None, 'change': True}
2023-01-25 07:39:56,517 : EventManager : Event: ======'machine_var_platform'====== Args={'value': 'Windows-10-10.0.19045-SP0', 'prev_value': None, 'change': True}
2023-01-25 07:39:56,517 : EventManager : Event: ======'machine_var_platform_system'====== Args={'value': 'Windows', 'prev_value': None, 'change': True}
2023-01-25 07:39:56,517 : EventManager : Event: ======'machine_var_platform_release'====== Args={'value': '10', 'prev_value': None, 'change': True}
2023-01-25 07:39:56,517 : EventManager : Event: ======'machine_var_platform_version'====== Args={'value': '10.0.19045', 'prev_value': None, 'change': True}
2023-01-25 07:39:56,517 : EventManager : Event: ======'machine_var_platform_machine'====== Args={'value': 'AMD64', 'prev_value': None, 'change': True}
2023-01-25 07:39:56,517 : EventManager : Event: ======'machine_var_mc_version'====== Args={'value': 'MPF-MC v0.56.1', 'prev_value': None, 'change': True}
2023-01-25 07:39:56,517 : EventManager : Event: ======'machine_var_mc_extended_version'====== Args={'value': 'MPF-MC v0.56.1 (config_version=5, BCP v1.1,                      Requires MPF API compatibility v0.56.0 or newer)', 'prev_value': None, 'change': True}
2023-01-25 07:39:56,517 : SoundSystem : Setting master volume to 0.5
2023-01-25 07:39:56,568 : EventManager : Event: ======'machine_var_audits_events_game_ended'====== Args={'value': 0, 'prev_value': None, 'change': True}
2023-01-25 07:39:56,568 : EventManager : Event: ======'machine_var_audits_events_game_started'====== Args={'value': 2, 'prev_value': None, 'change': True}
2023-01-25 07:39:56,568 : EventManager : Event: ======'machine_var_audits_player_score'====== Args={'value': {'average': 0, 'top': [], 'total': 0}, 'prev_value': None, 'change': True}
2023-01-25 07:39:56,568 : EventManager : Event: ======'machine_var_audits_switches_s_left_flipper'====== Args={'value': 12, 'prev_value': None, 'change': True}
2023-01-25 07:39:56,568 : EventManager : Event: ======'machine_var_audits_switches_s_right_flipper'====== Args={'value': 10, 'prev_value': None, 'change': True}
2023-01-25 07:39:56,568 : EventManager : Event: ======'machine_var_audits_switches_s_right_inlane'====== Args={'value': 0, 'prev_value': None, 'change': True}
2023-01-25 07:39:56,568 : EventManager : Event: ======'machine_var_audits_switches_s_startButton'====== Args={'value': 1, 'prev_value': None, 'change': True}
2023-01-25 07:39:56,569 : EventManager : Event: ======'machine_var_audits_switches_s_trough1'====== Args={'value': 1, 'prev_value': None, 'change': True}
2023-01-25 07:39:56,569 : EventManager : Event: ======'machine_var_audits_switches_s_left_slingshot'====== Args={'value': 0, 'prev_value': None, 'change': True}
2023-01-25 07:39:56,569 : EventManager : Event: ======'machine_var_audits_switches_s_right_slingshot'====== Args={'value': 0, 'prev_value': None, 'change': True}
2023-01-25 07:39:56,580 : EventManager : Event: ======'slides_play'====== Args={'settings': {'welcome_slide': {'target': None, 'background_color': [0.0, 0.0, 0.0, 1.0], 'priority': None, 'show': True, 'force': False, 'expire': None, 'slide': None, 'tokens': {}, 'action': 'play'}}, 'context': '_global', 'calling_context': 'init_done', 'priority': 0}
2023-01-25 07:39:56,580 : EventManager : Event: ======'mc_reset_phase_1'====== Args={}
2023-01-25 07:39:56,580 : mpfmc : SlidePlayer: Play called with settings={'welcome_slide': {'target': None, 'background_color': [0.0, 0.0, 0.0, 1.0], 'priority': None, 'show': True, 'force': False, 'expire': None, 'slide': None, 'tokens': {}, 'action': 'play'}}
2023-01-25 07:39:56,580 : EventManager : Event: ======'slide_welcome_slide_removed'====== Args={}
2023-01-25 07:39:56,585 : EventManager : Event: ======'slide_welcome_slide_created'====== Args={}
2023-01-25 07:39:56,587 : EventManager : Event: ======'mc_reset_phase_2'====== Args={}
2023-01-25 07:39:56,587 : EventManager : Event: ======'mc_reset_phase_3'====== Args={}
2023-01-25 07:39:56,587 : EventManager : Event: ======'mc_reset_complete'====== Args={}
2023-01-25 07:39:56,587 : EventManager : Event: ======'slide_welcome_slide_active'====== Args={}
2023-01-25 07:39:56,605 : EventManager : Event: ======'slides_play'====== Args={'settings': {'attract_started': {'target': None, 'background_color': [0.0, 0.0, 0.0, 1.0], 'priority': None, 'show': True, 'force': False, 'expire': None, 'slide': None, 'tokens': {}, 'action': 'play'}}, 'context': '_global', 'calling_context': 'mode_attract_started', 'priority': 0}
2023-01-25 07:39:56,605 : mpfmc : SlidePlayer: Play called with settings={'attract_started': {'target': None, 'background_color': [0.0, 0.0, 0.0, 1.0], 'priority': None, 'show': True, 'force': False, 'expire': None, 'slide': None, 'tokens': {}, 'action': 'play'}}
2023-01-25 07:39:56,611 : EventManager : Event: ======'slide_attract_started_created'====== Args={}
2023-01-25 07:39:56,613 : EventManager : Event: ======'slide_attract_started_active'====== Args={}
2023-01-25 07:40:37,221 : EventManager : Event: ======'game_started'====== Args={}
2023-01-25 07:40:37,233 : EventManager : Event: ======'player_added'====== Args={'player': <Player 1>, 'num': 1}
2023-01-25 07:40:37,233 : EventManager : Event: ======'player_index'====== Args={'value': 0, 'prev_value': 0, 'change': 0, 'player_num': 1}
2023-01-25 07:40:37,233 : EventManager : Event: ======'player_number'====== Args={'value': 1, 'prev_value': 1, 'change': 0, 'player_num': 1}
2023-01-25 07:40:37,233 : EventManager : Event: ======'player_score'====== Args={'value': 0, 'prev_value': 0, 'change': 0, 'player_num': 1}
2023-01-25 07:40:37,258 : EventManager : Event: ======'player_ball'====== Args={'value': 1, 'prev_value': 0, 'change': 1, 'player_num': 1}
2023-01-25 07:40:37,258 : EventManager : Event: ======'player_turn_start'====== Args={'number': 1, 'player': <Player 1>}
2023-01-25 07:40:37,258 : EventManager : Event: ======'slides_play'====== Args={'settings': {'widgets': {'widgets': [{'type': 'text', 'text': 'PLAYER (number) BALL (ball)', '_default_settings': ['type', 'text'], 'x': None, 'y': None, 'anchor_x': 'center', 'anchor_y': 'center', 'round_anchor_x': None, 'round_anchor_y': None, 'opacity': 1.0, 'z': 0, 'reset_animations_events': {}, 'color': [1.0, 1.0, 1.0, 1.0], 'style': [], 'adjust_top': 0, 'adjust_bottom': 0, 'adjust_left': 0, 'adjust_right': 0, 'expire': None, 'key': None, 'widget': None, 'events_when_added': [], 'events_when_removed': [], 'font_size': 15, 'bitmap_font': False, 'font_kerning': True, 'bold': False, 'italic': False, 'number_grouping': False, 'min_digits': 0, 'halign': 'center', 'valign': 'middle', 'rotation': 0, 'scale': 1.0, 'casing': None, 'animations': None}], 'target': None, 'background_color': [0.0, 0.0, 0.0, 1.0], 'priority': None, 'show': True, 'force': False, 'expire': None, 'slide': None, 'tokens': {}, 'action': 'play'}}, 'context': '_global', 'calling_context': 'ball_started', 'priority': 0, 'player': 1, 'ball': 1, 'balls_remaining': 2, 'is_extra_ball': False}
2023-01-25 07:40:37,258 : mpfmc : SlidePlayer: Play called with settings={'widgets': {'widgets': [{'type': 'text', 'text': 'PLAYER (number) BALL (ball)', '_default_settings': ['type', 'text'], 'x': None, 'y': None, 'anchor_x': 'center', 'anchor_y': 'center', 'round_anchor_x': None, 'round_anchor_y': None, 'opacity': 1.0, 'z': 0, 'reset_animations_events': {}, 'color': [1.0, 1.0, 1.0, 1.0], 'style': [], 'adjust_top': 0, 'adjust_bottom': 0, 'adjust_left': 0, 'adjust_right': 0, 'expire': None, 'key': None, 'widget': None, 'events_when_added': [], 'events_when_removed': [], 'font_size': 15, 'bitmap_font': False, 'font_kerning': True, 'bold': False, 'italic': False, 'number_grouping': False, 'min_digits': 0, 'halign': 'center', 'valign': 'middle', 'rotation': 0, 'scale': 1.0, 'casing': None, 'animations': None}], 'target': None, 'background_color': [0.0, 0.0, 0.0, 1.0], 'priority': None, 'show': True, 'force': False, 'expire': None, 'slide': None, 'tokens': {}, 'action': 'play'}}
2023-01-25 07:40:37,262 : EventManager : Event: ======'slide__global.slide_player-ball_started_created'====== Args={}
2023-01-25 07:40:37,263 : EventManager : Event: ======'slide__global.slide_player-ball_started_active'====== Args={}
2023-01-25 07:40:40,691 : EventManager : Event: ======'machine_var_audits_switches_s_right_flipper'====== Args={'value': 11, 'prev_value': 10, 'change': 1}
2023-01-25 07:40:40,978 : EventManager : Event: ======'machine_var_audits_switches_s_right_flipper'====== Args={'value': 12, 'prev_value': 11, 'change': 1}
2023-01-25 07:40:42,576 : EventManager : Event: ======'machine_var_audits_switches_s_left_slingshot'====== Args={'value': 1, 'prev_value': 0, 'change': 1}
2023-01-25 07:40:44,840 : EventManager : Event: ======'machine_var_audits_switches_s_left_slingshot'====== Args={'value': 2, 'prev_value': 1, 'change': 1}
2023-01-25 07:40:46,141 : EventManager : Event: ======'machine_var_audits_switches_s_left_slingshot'====== Args={'value': 3, 'prev_value': 2, 'change': 1}
2023-01-25 07:40:47,565 : EventManager : Event: ======'machine_var_audits_switches_s_left_slingshot'====== Args={'value': 4, 'prev_value': 3, 'change': 1}
2023-01-25 07:40:49,806 : EventManager : Event: ======'machine_var_audits_switches_s_right_slingshot'====== Args={'value': 1, 'prev_value': 0, 'change': 1}
2023-01-25 07:40:51,383 : EventManager : Event: ======'machine_var_audits_switches_s_right_slingshot'====== Args={'value': 2, 'prev_value': 1, 'change': 1}
2023-01-25 07:40:52,329 : EventManager : Event: ======'machine_var_audits_switches_s_right_slingshot'====== Args={'value': 3, 'prev_value': 2, 'change': 1}
2023-01-25 07:40:52,482 : EventManager : Event: ======'machine_var_audits_switches_s_left_slingshot'====== Args={'value': 5, 'prev_value': 4, 'change': 1}
2023-01-25 07:41:06,596 : kivy : Base: Leaving application in progress...
2023-01-25 07:41:06,597 : mpfmc : Stopping...
2023-01-25 07:41:06,597 : EventManager : Event: ======'shutdown'====== Args={}
2023-01-25 07:41:06,597 : AudioInterface : Disabling audio playback
2023-01-25 07:41:06,739 : mpfmc : Loop rate 74.42 Hz
2023-01-25 07:41:06,740 : kivy : MC run loop ended.
2023-01-25 07:41:06,740 : kivy : Stopping child threads... (3 remaining)
2023-01-25 07:41:07,187 : mpfmc : Stopping...
2023-01-25 07:41:07,187 : EventManager : Event: ======'shutdown'====== Args={}
2023-01-25 07:41:07,187 : mpfmc : Loop rate 73.95 Hz
2023-01-25 07:41:07,197 : MPF-MC BCP Server : Stopping BCP sending thread
2023-01-25 07:41:07,242 : kivy : All child threads stopped.
