2023-01-27 07:54:03,911 : INFO : root : Loading config.
2023-01-27 07:54:03,911 : INFO : YamlMultifileConfigLoader : Machine config file #1: config.yaml
2023-01-27 07:54:03,927 : WARNING : ConfigProcessor : Config file in cache changed: C:\pinball\my_machine\config\config.yaml
2023-01-27 07:54:03,927 : INFO : ConfigProcessor : Loading config from file C:\Users\ruben\.local\pipx\venvs\mpf\lib\site-packages\mpf\mpfconfig.yaml.
2023-01-27 07:54:04,054 : INFO : ConfigProcessor : Loading config: C:\Users\ruben\.local\pipx\venvs\mpf\lib\site-packages\mpf\mpfconfig.yaml
2023-01-27 07:54:04,054 : INFO : ConfigProcessor : Loading config from file C:\pinball\my_machine\config\config.yaml.
2023-01-27 07:54:04,085 : INFO : ConfigProcessor : Loading config: C:\pinball\my_machine\config\config.yaml
2023-01-27 07:54:04,085 : INFO : ConfigProcessor : Config file cache created: C:\Users\ruben\AppData\Local\Temp\a17888e5e1df298d67e07ada0b1bff4a.mpf_cache
2023-01-27 07:54:04,210 : INFO : ConfigProcessor : Loading config from cache: C:\Users\ruben\AppData\Local\Temp\67cf8ffee0fce2d4fcb5ef0bb894d8de.mpf_cache
2023-01-27 07:54:04,210 : INFO : ConfigProcessor : Loading config from cache: C:\Users\ruben\AppData\Local\Temp\25321780674732dcacb77a8f5b2a53cd.mpf_cache
2023-01-27 07:54:04,210 : INFO : Machine : Mission Pinball Framework Core Engine v0.56.0
2023-01-27 07:54:04,210 : INFO : Machine : Command line arguments: {'no_load_cache': False, 'create_config_cache': True, 'bcp': True, 'configfile': ['config.yaml'], 'force_assets_load': False, 'jsonlogging': False, 'logfile': 'logs\\2023-01-27-07-54-03-mpf-DESKTOP-11MEIVG.log', 'pause': False, 'production': False, 'text_ui': True, 'loglevel': 15, 'consoleloglevel': 20, 'force_platform': None, 'syslog_address': None, 'mc_file_name': None, 'no_sound': False}
2023-01-27 07:54:04,210 : INFO : Machine : MPF path: C:\Users\ruben\.local\pipx\venvs\mpf\lib\site-packages\mpf
2023-01-27 07:54:04,210 : INFO : Machine : Machine path: C:\pinball\my_machine
2023-01-27 07:54:04,210 : INFO : Machine : Platform: win32
2023-01-27 07:54:04,210 : INFO : Machine : Python executable location: C:\Users\ruben\.local\pipx\venvs\mpf\Scripts\python.exe
2023-01-27 07:54:04,210 : INFO : Machine : Python version: 3.9.13 (64-bit)
2023-01-27 07:54:04,210 : INFO : Machine : Initialise MPF.
2023-01-27 07:54:04,513 : INFO : OPP : Connecting to com3 at 115200bps
2023-01-27 07:54:04,685 : INFO : OPP : Init of OPP board 1 done
2023-01-27 07:54:04,685 : INFO : OPP : Connecting to com4 at 115200bps
2023-01-27 07:54:04,781 : INFO : OPP : Init of OPP board 0 done
2023-01-27 07:54:04,782 : INFO : EventManager : Event: ======'machine_var_credits_string'====== Args={'value': 'FREE PLAY', 'prev_value': None, 'change': True}
2023-01-27 07:54:04,859 : INFO : EventManager : Event: ======'machine_var_master_volume'====== Args={'value': 0.5, 'prev_value': None, 'change': True}
2023-01-27 07:54:04,859 : INFO : EventManager : Event: ======'machine_var_player1_score'====== Args={'value': 0, 'prev_value': None, 'change': True}
2023-01-27 07:54:04,860 : INFO : EventManager : Event: ======'machine_var_mpf_version'====== Args={'value': 'MPF v0.56.0', 'prev_value': None, 'change': True}
2023-01-27 07:54:04,860 : INFO : EventManager : Event: ======'machine_var_mpf_extended_version'====== Args={'value': 'MPF v0.56.0, Config version:5, Show version: 5, BCP version:1.1', 'prev_value': None, 'change': True}
2023-01-27 07:54:04,860 : INFO : EventManager : Event: ======'machine_var_python_version'====== Args={'value': '3.9.13', 'prev_value': None, 'change': True}
2023-01-27 07:54:04,878 : INFO : EventManager : Event: ======'machine_var_platform'====== Args={'value': 'Windows-10-10.0.19045-SP0', 'prev_value': None, 'change': True}
2023-01-27 07:54:04,878 : INFO : EventManager : Event: ======'machine_var_platform_system'====== Args={'value': 'Windows', 'prev_value': None, 'change': True}
2023-01-27 07:54:04,878 : INFO : EventManager : Event: ======'machine_var_platform_release'====== Args={'value': '10', 'prev_value': None, 'change': True}
2023-01-27 07:54:04,878 : INFO : EventManager : Event: ======'machine_var_platform_version'====== Args={'value': '10.0.19045', 'prev_value': None, 'change': True}
2023-01-27 07:54:04,878 : INFO : EventManager : Event: ======'machine_var_platform_machine'====== Args={'value': 'AMD64', 'prev_value': None, 'change': True}
2023-01-27 07:54:04,879 : INFO : EventManager : Event: ======'init_phase_1'====== Args={}
2023-01-27 07:54:04,906 : INFO : EventManager : Event: ======'drop_target_bank_vuk_bank_up'====== Args={}
2023-01-27 07:54:04,907 : INFO : EventManager : Event: ======'init_phase_2'====== Args={}
2023-01-27 07:54:04,910 : INFO : EventManager : Event: ======'bcp_connection_attempt'====== Args={'name': 'local_display', 'host': 'localhost', 'port': 5050}
2023-01-27 07:54:04,912 : INFO : BCPClientSocket : Connecting BCP to 'local_display' at localhost:5050...
2023-01-27 07:54:06,968 : INFO : BCPClientSocket : Connected BCP to 'local_display' localhost:5050
2023-01-27 07:54:06,969 : INFO : EventManager : Event: ======'bcp_clients_connected'====== Args={}
2023-01-27 07:54:06,978 : INFO : ball_device.bd_trough : BCH: Initial count: 0
2023-01-27 07:54:06,979 : INFO : ball_device.bd_trough : State: idle
2023-01-27 07:54:06,980 : INFO : ball_device.bd_scoop_lower : BCH: Initial count: 0
2023-01-27 07:54:06,980 : INFO : ball_device.bd_scoop_lower : State: idle
2023-01-27 07:54:07,000 : INFO : EventManager : Event: ======'init_phase_3'====== Args={}
2023-01-27 07:54:07,001 : INFO : EventManager : Event: ======'machine_var_mc_version'====== Args={'value': 'MPF-MC v0.56.1', 'prev_value': None, 'change': True}
2023-01-27 07:54:07,001 : INFO : EventManager : Event: ======'machine_var_mc_extended_version'====== Args={'value': 'MPF-MC v0.56.1 (config_version=5, BCP v1.1,                      Requires MPF API compatibility v0.56.0 or newer)', 'prev_value': None, 'change': True}
2023-01-27 07:54:07,023 : INFO : EventManager : Event: ======'init_phase_4'====== Args={}
2023-01-27 07:54:07,023 : INFO : BallController : Initial balls found: 0
2023-01-27 07:54:07,025 : INFO : EventManager : Event: ======'machine_var_audits_events_game_ended'====== Args={'value': 6, 'prev_value': None, 'change': True}
2023-01-27 07:54:07,026 : INFO : EventManager : Event: ======'machine_var_audits_events_game_started'====== Args={'value': 23, 'prev_value': None, 'change': True}
2023-01-27 07:54:07,026 : INFO : EventManager : Event: ======'machine_var_audits_player_score'====== Args={'value': {'average': 0.0, 'top': [0, 0, 0, 0, 0, 0], 'total': 6}, 'prev_value': None, 'change': True}
2023-01-27 07:54:07,026 : INFO : EventManager : Event: ======'machine_var_audits_switches_s_drop_bank1'====== Args={'value': 11, 'prev_value': None, 'change': True}
2023-01-27 07:54:07,026 : INFO : EventManager : Event: ======'machine_var_audits_switches_s_left_flipper'====== Args={'value': 151, 'prev_value': None, 'change': True}
2023-01-27 07:54:07,027 : INFO : EventManager : Event: ======'machine_var_audits_switches_s_left_slingshot'====== Args={'value': 65, 'prev_value': None, 'change': True}
2023-01-27 07:54:07,027 : INFO : EventManager : Event: ======'machine_var_audits_switches_s_pop_bot'====== Args={'value': 139, 'prev_value': None, 'change': True}
2023-01-27 07:54:07,027 : INFO : EventManager : Event: ======'machine_var_audits_switches_s_pop_mid'====== Args={'value': 117, 'prev_value': None, 'change': True}
2023-01-27 07:54:07,027 : INFO : EventManager : Event: ======'machine_var_audits_switches_s_pop_top'====== Args={'value': 117, 'prev_value': None, 'change': True}
2023-01-27 07:54:07,028 : INFO : EventManager : Event: ======'machine_var_audits_switches_s_right_flipper'====== Args={'value': 208, 'prev_value': None, 'change': True}
2023-01-27 07:54:07,028 : INFO : EventManager : Event: ======'machine_var_audits_switches_s_right_inlane'====== Args={'value': 0, 'prev_value': None, 'change': True}
2023-01-27 07:54:07,028 : INFO : EventManager : Event: ======'machine_var_audits_switches_s_right_slingshot'====== Args={'value': 57, 'prev_value': None, 'change': True}
2023-01-27 07:54:07,028 : INFO : EventManager : Event: ======'machine_var_audits_switches_s_scoop_lower'====== Args={'value': 51, 'prev_value': None, 'change': True}
2023-01-27 07:54:07,028 : INFO : EventManager : Event: ======'machine_var_audits_switches_s_startButton'====== Args={'value': 2, 'prev_value': None, 'change': True}
2023-01-27 07:54:07,029 : INFO : EventManager : Event: ======'machine_var_audits_switches_s_trough1'====== Args={'value': 28, 'prev_value': None, 'change': True}
2023-01-27 07:54:07,030 : INFO : EventManager : Event: ======'init_phase_5'====== Args={}
2023-01-27 07:54:07,046 : INFO : EventManager : Event: ======'init_done'====== Args={}
2023-01-27 07:54:07,047 : INFO : EventManager : Event: ======'machine_reset_phase_1'====== Args={}
2023-01-27 07:54:07,059 : INFO : EventManager : Event: ======'slide_welcome_slide_removed'====== Args={'_from_bcp': True}
2023-01-27 07:54:07,064 : INFO : EventManager : Event: ======'slide_welcome_slide_created'====== Args={'_from_bcp': True}
2023-01-27 07:54:07,066 : INFO : EventManager : Event: ======'machine_reset_phase_2'====== Args={}
2023-01-27 07:54:07,066 : INFO : EventManager : Event: ======'machine_reset_phase_3'====== Args={}
2023-01-27 07:54:07,067 : INFO : drop_target_bank.vuk_bank : All targets are already up. Will not reset bank.
2023-01-27 07:54:07,068 : INFO : EventManager : Event: ======'slide_welcome_slide_active'====== Args={'_from_bcp': True}
2023-01-27 07:54:07,069 : INFO : EventManager : Event: ======'reset_complete'====== Args={}
2023-01-27 07:54:07,070 : INFO : EventManager : Event: ======'mode_attract_will_start'====== Args={}
2023-01-27 07:54:07,070 : INFO : EventManager : Event: ======'mode_attract_starting'====== Args={}
2023-01-27 07:54:07,071 : INFO : Mode.attract : Started. Priority: 10
2023-01-27 07:54:07,071 : INFO : EventManager : Event: ======'modes_active_modes_changed'====== Args={}
2023-01-27 07:54:07,071 : INFO : EventManager : Event: ======'mode_attract_started'====== Args={}
2023-01-27 07:54:07,071 : INFO : EventManager : Event: ======'collecting_balls_complete'====== Args={}
2023-01-27 07:54:07,102 : INFO : EventManager : Event: ======'slide_attract_started_created'====== Args={'_from_bcp': True}
2023-01-27 07:54:07,102 : INFO : EventManager : Event: ======'slide_attract_started_active'====== Args={'_from_bcp': True}
2023-01-27 07:54:07,102 : INFO : Machine : Starting the main run loop.
2023-01-27 07:54:11,379 : INFO : SwitchController : <<<<<<< 's_trough1' active >>>>>>>
2023-01-27 07:54:11,884 : INFO : EventManager : Event: ======'balldevice_bd_trough_ball_count_changed'====== Args={'balls': 1}
2023-01-27 07:54:11,884 : INFO : ball_device.bd_trough : Received unexpected ball
2023-01-27 07:54:11,884 : INFO : EventManager : Event: ======'balldevice_captured_from_playfield'====== Args={'balls': 1}
2023-01-27 07:54:11,884 : INFO : EventManager : Event: ======'sw_playfield_active'====== Args={'balls': 1}
2023-01-27 07:54:11,885 : INFO : EventManager : Event: ======'playfield_active'====== Args={}
2023-01-27 07:54:11,885 : INFO : EventManager : Event: ======'unexpected_ball_on_playfield'====== Args={}
2023-01-27 07:54:11,885 : INFO : EventManager : Event: ======'playfield_ball_count_change'====== Args={'balls': -1, 'change': -1}
2023-01-27 07:54:11,886 : INFO : EventManager : Event: ======'balldevice_playfield_ball_enter'====== Args={'new_balls': 1, 'unclaimed_balls': 1, 'device': <playfield.playfield>}
2023-01-27 07:54:11,886 : INFO : EventManager : Event: ======'playfield_ball_count_change'====== Args={'balls': 0, 'change': 1}
2023-01-27 07:54:11,886 : INFO : BallController : Found a new ball which was captured from playfield. Known balls: 1
2023-01-27 07:54:11,886 : INFO : EventManager : Event: ======'found_new_ball'====== Args={}
2023-01-27 07:54:11,886 : INFO : EventManager : Event: ======'balldevice_bd_trough_ball_enter'====== Args={'new_balls': 1, 'unclaimed_balls': 1, 'new_available_balls': 1, 'device': <ball_device.bd_trough>}
2023-01-27 07:54:11,887 : INFO : EventManager : Event: ======'ball_drain'====== Args={'device': <ball_device.bd_trough>, 'balls': 1}
2023-01-27 07:54:11,887 : INFO : EventManager : Event: ======'balldevice_balls_available'====== Args={}
2023-01-27 07:54:11,887 : INFO : EventManager : Event: ======'balldevice_bd_trough_ball_entered'====== Args={'new_balls': 1, 'device': <ball_device.bd_trough>}
2023-01-27 07:54:12,464 : INFO : SwitchController : <<<<<<< 's_startButton' active >>>>>>>
2023-01-27 07:54:12,593 : INFO : SwitchController : <<<<<<< 's_startButton' inactive >>>>>>>
2023-01-27 07:54:12,594 : INFO : EventManager : Event: ======'request_to_start_game'====== Args={}
2023-01-27 07:54:12,595 : INFO : EventManager : Event: ======'game_start'====== Args={'buttons': [], 'hold_time': 0.125}
2023-01-27 07:54:12,595 : INFO : EventManager : Event: ======'mode_game_will_start'====== Args={'buttons': [], 'hold_time': 0.125}
2023-01-27 07:54:12,597 : INFO : EventManager : Event: ======'mode_game_starting'====== Args={'buttons': [], 'hold_time': 0.125}
2023-01-27 07:54:12,597 : INFO : EventManager : Event: ======'mode_attract_will_stop'====== Args={}
2023-01-27 07:54:12,597 : INFO : EventManager : Event: ======'mode_attract_stopping'====== Args={}
2023-01-27 07:54:12,597 : INFO : Mode.attract : Stopped.
2023-01-27 07:54:12,597 : INFO : EventManager : Event: ======'modes_active_modes_changed'====== Args={}
2023-01-27 07:54:12,598 : INFO : EventManager : Event: ======'mode_attract_stopped'====== Args={}
2023-01-27 07:54:12,598 : INFO : EventManager : Event: ======'clear'====== Args={'key': 'attract'}
2023-01-27 07:54:12,598 : INFO : Mode.game : Started. Priority: 20
2023-01-27 07:54:12,598 : INFO : EventManager : Event: ======'modes_active_modes_changed'====== Args={}
2023-01-27 07:54:12,598 : INFO : EventManager : Event: ======'mode_game_started'====== Args={'buttons': [], 'hold_time': 0.125}
2023-01-27 07:54:12,608 : INFO : EventManager : Event: ======'game_will_start'====== Args={}
2023-01-27 07:54:12,610 : INFO : EventManager : Event: ======'game_starting'====== Args={'game': <Mode.game>}
2023-01-27 07:54:12,613 : INFO : EventManager : Event: ======'player_add_request'====== Args={}
2023-01-27 07:54:12,614 : INFO : EventManager : Event: ======'player_will_add'====== Args={'number': 1}
2023-01-27 07:54:12,614 : INFO : EventManager : Event: ======'player_adding'====== Args={'player': <Player 1>, 'number': 1}
2023-01-27 07:54:12,614 : INFO : EventManager : Event: ======'player_added'====== Args={'player': <Player 1>, 'num': 1}
2023-01-27 07:54:12,614 : INFO : Mode.game : Player added successfully. Total players: 1
2023-01-27 07:54:12,615 : INFO : EventManager : Event: ======'player_index'====== Args={'value': 0, 'prev_value': 0, 'change': 0, 'player_num': 1}
2023-01-27 07:54:12,615 : INFO : EventManager : Event: ======'player_number'====== Args={'value': 1, 'prev_value': 1, 'change': 0, 'player_num': 1}
2023-01-27 07:54:12,615 : INFO : EventManager : Event: ======'player_score'====== Args={'value': 0, 'prev_value': 0, 'change': 0, 'player_num': 1}
2023-01-27 07:54:12,618 : INFO : EventManager : Event: ======'game_started'====== Args={}
2023-01-27 07:54:12,643 : INFO : EventManager : Event: ======'player_turn_will_start'====== Args={'player': <Player 1>, 'number': 1}
2023-01-27 07:54:12,644 : INFO : EventManager : Event: ======'player_turn_starting'====== Args={'player': <Player 1>, 'number': 1}
2023-01-27 07:54:12,645 : INFO : EventManager : Event: ======'player_ball'====== Args={'value': 1, 'prev_value': 0, 'change': 1, 'player_num': 1}
2023-01-27 07:54:12,645 : INFO : EventManager : Event: ======'player_turn_started'====== Args={'player': <Player 1>, 'number': 1}
2023-01-27 07:54:12,647 : INFO : EventManager : Event: ======'ball_will_start'====== Args={'player': 1, 'ball': 1, 'balls_remaining': 2, 'is_extra_ball': False}
2023-01-27 07:54:12,650 : INFO : EventManager : Event: ======'ball_starting'====== Args={'player': 1, 'ball': 1, 'balls_remaining': 2, 'is_extra_ball': False}
2023-01-27 07:54:12,651 : INFO : drop_target_bank.vuk_bank : All targets are already up. Will not reset bank.
2023-01-27 07:54:12,652 : INFO : EventManager : Event: ======'balls_in_play'====== Args={'balls': 1}
2023-01-27 07:54:12,652 : INFO : EventManager : Event: ======'ball_started'====== Args={'player': 1, 'ball': 1, 'balls_remaining': 2, 'is_extra_ball': False}
2023-01-27 07:54:12,655 : INFO : EventManager : Event: ======'single_player_ball_started'====== Args={}
2023-01-27 07:54:12,656 : INFO : EventManager : Event: ======'ball_start_target'====== Args={'target': 'playfield'}
2023-01-27 07:54:12,657 : INFO : ball_device.bd_trough : Setting up player-controlled eject. Balls: 1, Target: <playfield.playfield>, player_controlled_eject_event: None
2023-01-27 07:54:12,657 : INFO : ball_device.bd_trough : Adding 1 ball(s) to the eject_queue with target <playfield.playfield>.
2023-01-27 07:54:12,657 : INFO : EventManager : Event: ======'balldevice_balls_available'====== Args={}
2023-01-27 07:54:12,659 : INFO : ball_device.bd_trough : State: waiting_for_target_ready
2023-01-27 07:54:12,659 : INFO : EventManager : Event: ======'balldevice_bd_trough_ball_eject_attempt'====== Args={'balls': 1, 'target': <playfield.playfield>, 'source': <ball_device.bd_trough>, 'mechanical_eject': False, 'num_attempts': 0}
2023-01-27 07:54:12,660 : INFO : ball_device.bd_trough : State: ejecting
2023-01-27 07:54:12,660 : INFO : ball_device.bd_trough : Ejecting ball to <playfield.playfield>
2023-01-27 07:54:12,660 : INFO : EventManager : Event: ======'balldevice_bd_trough_ejecting_ball'====== Args={'balls': 1, 'target': <playfield.playfield>, 'source': <ball_device.bd_trough>, 'mechanical_eject': False, 'num_attempts': 0}
2023-01-27 07:54:12,661 : INFO : ball_device.bd_trough : Wait for ball to leave device
2023-01-27 07:54:12,662 : INFO : coil.c_trough_eject : Pulsing Driver for 35ms (1.0 pulse_power)
2023-01-27 07:54:12,670 : INFO : EventManager : Event: ======'slide__global.slide_player-ball_started_created'====== Args={'_from_bcp': True}
2023-01-27 07:54:12,671 : INFO : EventManager : Event: ======'slide__global.slide_player-ball_started_active'====== Args={'_from_bcp': True}
2023-01-27 07:54:12,701 : INFO : SwitchController : <<<<<<< 's_trough1' inactive >>>>>>>
2023-01-27 07:54:12,708 : INFO : ball_device.bd_trough : State: ball_left
2023-01-27 07:54:12,708 : INFO : ball_device.bd_trough : Ball left
2023-01-27 07:54:12,708 : INFO : ball_device.bd_trough : Wait for confirm with timeout 10.0
2023-01-27 07:54:21,156 : INFO : SwitchController : <<<<<<< 's_drop_bank1' active >>>>>>>
2023-01-27 07:54:21,156 : INFO : EventManager : Event: ======'playfield_active'====== Args={}
2023-01-27 07:54:21,157 : INFO : EventManager : Event: ======'drop_target_d_drop_target_down'====== Args={'device': <drop_target.d_drop_target>}
2023-01-27 07:54:21,158 : INFO : EventManager : Event: ======'drop_target_bank_vuk_bank_down'====== Args={}
2023-01-27 07:54:21,158 : INFO : EventManager : Event: ======'machine_var_audits_switches_s_drop_bank1'====== Args={'value': 12, 'prev_value': 11, 'change': 1}
2023-01-27 07:54:21,173 : INFO : ball_device.bd_trough : Got eject confirm
2023-01-27 07:54:21,173 : INFO : ball_device.bd_trough : Eject successful
2023-01-27 07:54:21,173 : INFO : EventManager : Event: ======'balldevice_bd_trough_ball_eject_success'====== Args={'balls': 1, 'target': <playfield.playfield>}
2023-01-27 07:54:21,175 : INFO : EventManager : Event: ======'balldevice_playfield_ball_enter'====== Args={'new_balls': 1, 'unclaimed_balls': 1, 'device': <playfield.playfield>}
2023-01-27 07:54:21,175 : INFO : EventManager : Event: ======'playfield_ball_count_change'====== Args={'balls': 1, 'change': 1}
2023-01-27 07:54:21,177 : INFO : EventManager : Event: ======'balldevice_bd_trough_ball_count_changed'====== Args={'balls': 0}
2023-01-27 07:54:21,177 : INFO : ball_device.bd_trough : State: idle
2023-01-27 07:54:21,177 : INFO : SwitchController : <<<<<<< 's_drop_bank1' inactive >>>>>>>
2023-01-27 07:54:21,178 : INFO : EventManager : Event: ======'drop_target_d_drop_target_up'====== Args={'device': <drop_target.d_drop_target>}
2023-01-27 07:54:21,178 : INFO : EventManager : Event: ======'drop_target_bank_vuk_bank_up'====== Args={}
2023-01-27 07:54:21,576 : INFO : SwitchController : <<<<<<< 's_drop_bank1' active >>>>>>>
2023-01-27 07:54:21,577 : INFO : EventManager : Event: ======'drop_target_d_drop_target_down'====== Args={'device': <drop_target.d_drop_target>}
2023-01-27 07:54:21,577 : INFO : EventManager : Event: ======'drop_target_bank_vuk_bank_down'====== Args={}
2023-01-27 07:54:21,577 : INFO : EventManager : Event: ======'machine_var_audits_switches_s_drop_bank1'====== Args={'value': 13, 'prev_value': 12, 'change': 1}
2023-01-27 07:54:21,687 : INFO : SwitchController : <<<<<<< 's_drop_bank1' inactive >>>>>>>
2023-01-27 07:54:21,687 : INFO : EventManager : Event: ======'drop_target_d_drop_target_up'====== Args={'device': <drop_target.d_drop_target>}
2023-01-27 07:54:21,688 : INFO : EventManager : Event: ======'drop_target_bank_vuk_bank_up'====== Args={}
2023-01-27 07:54:21,703 : INFO : SwitchController : <<<<<<< 's_drop_bank1' active >>>>>>>
2023-01-27 07:54:21,703 : INFO : EventManager : Event: ======'drop_target_d_drop_target_down'====== Args={'device': <drop_target.d_drop_target>}
2023-01-27 07:54:21,703 : INFO : EventManager : Event: ======'drop_target_bank_vuk_bank_down'====== Args={}
2023-01-27 07:54:21,704 : INFO : EventManager : Event: ======'machine_var_audits_switches_s_drop_bank1'====== Args={'value': 14, 'prev_value': 13, 'change': 1}
2023-01-27 07:54:21,729 : INFO : SwitchController : <<<<<<< 's_drop_bank1' inactive >>>>>>>
2023-01-27 07:54:21,730 : INFO : EventManager : Event: ======'drop_target_d_drop_target_up'====== Args={'device': <drop_target.d_drop_target>}
2023-01-27 07:54:21,730 : INFO : EventManager : Event: ======'drop_target_bank_vuk_bank_up'====== Args={}
2023-01-27 07:54:21,942 : INFO : SwitchController : <<<<<<< 's_drop_bank1' active >>>>>>>
2023-01-27 07:54:21,942 : INFO : EventManager : Event: ======'drop_target_d_drop_target_down'====== Args={'device': <drop_target.d_drop_target>}
2023-01-27 07:54:21,942 : INFO : EventManager : Event: ======'drop_target_bank_vuk_bank_down'====== Args={}
2023-01-27 07:54:21,942 : INFO : EventManager : Event: ======'machine_var_audits_switches_s_drop_bank1'====== Args={'value': 15, 'prev_value': 14, 'change': 1}
2023-01-27 07:54:21,954 : INFO : SwitchController : <<<<<<< 's_drop_bank1' inactive >>>>>>>
2023-01-27 07:54:21,954 : INFO : EventManager : Event: ======'drop_target_d_drop_target_up'====== Args={'device': <drop_target.d_drop_target>}
2023-01-27 07:54:21,954 : INFO : EventManager : Event: ======'drop_target_bank_vuk_bank_up'====== Args={}
2023-01-27 07:54:21,970 : INFO : SwitchController : <<<<<<< 's_drop_bank1' active >>>>>>>
2023-01-27 07:54:21,970 : INFO : EventManager : Event: ======'drop_target_d_drop_target_down'====== Args={'device': <drop_target.d_drop_target>}
2023-01-27 07:54:21,971 : INFO : EventManager : Event: ======'drop_target_bank_vuk_bank_down'====== Args={}
2023-01-27 07:54:21,971 : INFO : EventManager : Event: ======'machine_var_audits_switches_s_drop_bank1'====== Args={'value': 16, 'prev_value': 15, 'change': 1}
2023-01-27 07:54:22,033 : INFO : SwitchController : <<<<<<< 's_drop_bank1' inactive >>>>>>>
2023-01-27 07:54:22,033 : INFO : EventManager : Event: ======'drop_target_d_drop_target_up'====== Args={'device': <drop_target.d_drop_target>}
2023-01-27 07:54:22,034 : INFO : EventManager : Event: ======'drop_target_bank_vuk_bank_up'====== Args={}
2023-01-27 07:54:22,054 : INFO : SwitchController : <<<<<<< 's_drop_bank1' active >>>>>>>
2023-01-27 07:54:22,054 : INFO : EventManager : Event: ======'drop_target_d_drop_target_down'====== Args={'device': <drop_target.d_drop_target>}
2023-01-27 07:54:22,055 : INFO : EventManager : Event: ======'drop_target_bank_vuk_bank_down'====== Args={}
2023-01-27 07:54:22,056 : INFO : EventManager : Event: ======'machine_var_audits_switches_s_drop_bank1'====== Args={'value': 17, 'prev_value': 16, 'change': 1}
2023-01-27 07:54:22,081 : INFO : SwitchController : <<<<<<< 's_drop_bank1' inactive >>>>>>>
2023-01-27 07:54:22,081 : INFO : EventManager : Event: ======'drop_target_d_drop_target_up'====== Args={'device': <drop_target.d_drop_target>}
2023-01-27 07:54:22,082 : INFO : EventManager : Event: ======'drop_target_bank_vuk_bank_up'====== Args={}
2023-01-27 07:54:22,100 : INFO : SwitchController : <<<<<<< 's_drop_bank1' active >>>>>>>
2023-01-27 07:54:22,101 : INFO : EventManager : Event: ======'drop_target_d_drop_target_down'====== Args={'device': <drop_target.d_drop_target>}
2023-01-27 07:54:22,101 : INFO : EventManager : Event: ======'drop_target_bank_vuk_bank_down'====== Args={}
2023-01-27 07:54:22,101 : INFO : EventManager : Event: ======'machine_var_audits_switches_s_drop_bank1'====== Args={'value': 18, 'prev_value': 17, 'change': 1}
2023-01-27 07:54:22,128 : INFO : SwitchController : <<<<<<< 's_drop_bank1' inactive >>>>>>>
2023-01-27 07:54:22,128 : INFO : EventManager : Event: ======'drop_target_d_drop_target_up'====== Args={'device': <drop_target.d_drop_target>}
2023-01-27 07:54:22,129 : INFO : EventManager : Event: ======'drop_target_bank_vuk_bank_up'====== Args={}
2023-01-27 07:54:22,139 : INFO : SwitchController : <<<<<<< 's_drop_bank1' active >>>>>>>
2023-01-27 07:54:22,140 : INFO : EventManager : Event: ======'drop_target_d_drop_target_down'====== Args={'device': <drop_target.d_drop_target>}
2023-01-27 07:54:22,140 : INFO : EventManager : Event: ======'drop_target_bank_vuk_bank_down'====== Args={}
2023-01-27 07:54:22,140 : INFO : EventManager : Event: ======'machine_var_audits_switches_s_drop_bank1'====== Args={'value': 19, 'prev_value': 18, 'change': 1}
2023-01-27 07:54:22,151 : INFO : drop_target_bank.vuk_bank : 1 targets are down. Will reset those.
2023-01-27 07:54:22,152 : INFO : coil.c_drop_bank : Pulsing Driver for 10ms (0.5 pulse_power)
2023-01-27 07:54:22,154 : INFO : SwitchController : <<<<<<< 's_drop_bank1' inactive >>>>>>>
2023-01-27 07:54:22,164 : INFO : SwitchController : <<<<<<< 's_drop_bank1' active >>>>>>>
2023-01-27 07:54:22,164 : INFO : EventManager : Event: ======'machine_var_audits_switches_s_drop_bank1'====== Args={'value': 20, 'prev_value': 19, 'change': 1}
2023-01-27 07:54:22,176 : INFO : SwitchController : <<<<<<< 's_drop_bank1' inactive >>>>>>>
2023-01-27 07:54:22,193 : INFO : SwitchController : <<<<<<< 's_drop_bank1' active >>>>>>>
2023-01-27 07:54:22,194 : INFO : EventManager : Event: ======'machine_var_audits_switches_s_drop_bank1'====== Args={'value': 21, 'prev_value': 20, 'change': 1}
2023-01-27 07:54:22,557 : INFO : drop_target_bank.vuk_bank : 1 targets are down. Will reset those.
2023-01-27 07:54:22,558 : INFO : coil.c_drop_bank : Pulsing Driver for 10ms (0.5 pulse_power)
2023-01-27 07:54:22,575 : INFO : SwitchController : <<<<<<< 's_drop_bank1' inactive >>>>>>>
2023-01-27 07:54:22,593 : INFO : SwitchController : <<<<<<< 's_drop_bank1' active >>>>>>>
2023-01-27 07:54:22,594 : INFO : EventManager : Event: ======'machine_var_audits_switches_s_drop_bank1'====== Args={'value': 22, 'prev_value': 21, 'change': 1}
2023-01-27 07:54:22,681 : INFO : drop_target_bank.vuk_bank : 1 targets are down. Will reset those.
2023-01-27 07:54:22,682 : INFO : coil.c_drop_bank : Pulsing Driver for 10ms (0.5 pulse_power)
2023-01-27 07:54:22,700 : INFO : SwitchController : <<<<<<< 's_drop_bank1' inactive >>>>>>>
2023-01-27 07:54:22,724 : INFO : SwitchController : <<<<<<< 's_drop_bank1' active >>>>>>>
2023-01-27 07:54:22,724 : INFO : EventManager : Event: ======'machine_var_audits_switches_s_drop_bank1'====== Args={'value': 23, 'prev_value': 22, 'change': 1}
2023-01-27 07:54:22,932 : INFO : drop_target_bank.vuk_bank : 1 targets are down. Will reset those.
2023-01-27 07:54:22,932 : INFO : coil.c_drop_bank : Pulsing Driver for 10ms (0.5 pulse_power)
2023-01-27 07:54:22,959 : INFO : SwitchController : <<<<<<< 's_drop_bank1' inactive >>>>>>>
2023-01-27 07:54:22,973 : INFO : drop_target_bank.vuk_bank : 1 targets are down. Will reset those.
2023-01-27 07:54:22,976 : INFO : SwitchController : <<<<<<< 's_drop_bank1' active >>>>>>>
2023-01-27 07:54:22,977 : INFO : EventManager : Event: ======'machine_var_audits_switches_s_drop_bank1'====== Args={'value': 24, 'prev_value': 23, 'change': 1}
2023-01-27 07:54:22,994 : INFO : coil.c_drop_bank : Pulsing Driver for 10ms (0.5 pulse_power)
2023-01-27 07:54:23,007 : INFO : SwitchController : <<<<<<< 's_drop_bank1' inactive >>>>>>>
2023-01-27 07:54:23,037 : INFO : drop_target_bank.vuk_bank : 1 targets are down. Will reset those.
2023-01-27 07:54:23,053 : INFO : coil.c_drop_bank : Pulsing Driver for 10ms (0.5 pulse_power)
2023-01-27 07:54:23,068 : INFO : SwitchController : <<<<<<< 's_drop_bank1' active >>>>>>>
2023-01-27 07:54:23,068 : INFO : EventManager : Event: ======'machine_var_audits_switches_s_drop_bank1'====== Args={'value': 25, 'prev_value': 24, 'change': 1}
2023-01-27 07:54:23,085 : INFO : SwitchController : <<<<<<< 's_drop_bank1' inactive >>>>>>>
2023-01-27 07:54:23,095 : INFO : drop_target_bank.vuk_bank : 1 targets are down. Will reset those.
2023-01-27 07:54:23,098 : INFO : SwitchController : <<<<<<< 's_drop_bank1' active >>>>>>>
2023-01-27 07:54:23,099 : INFO : EventManager : Event: ======'machine_var_audits_switches_s_drop_bank1'====== Args={'value': 26, 'prev_value': 25, 'change': 1}
2023-01-27 07:54:23,110 : INFO : coil.c_drop_bank : Pulsing Driver for 10ms (0.5 pulse_power)
2023-01-27 07:54:23,147 : INFO : drop_target_bank.vuk_bank : 1 targets are down. Will reset those.
2023-01-27 07:54:23,148 : INFO : SwitchController : <<<<<<< 's_drop_bank1' inactive >>>>>>>
2023-01-27 07:54:23,154 : INFO : SwitchController : <<<<<<< 's_drop_bank1' active >>>>>>>
2023-01-27 07:54:23,154 : INFO : EventManager : Event: ======'machine_var_audits_switches_s_drop_bank1'====== Args={'value': 27, 'prev_value': 26, 'change': 1}
2023-01-27 07:54:23,179 : INFO : coil.c_drop_bank : Pulsing Driver for 10ms (0.5 pulse_power)
2023-01-27 07:54:23,196 : INFO : SwitchController : <<<<<<< 's_drop_bank1' inactive >>>>>>>
2023-01-27 07:54:23,217 : INFO : SwitchController : <<<<<<< 's_drop_bank1' active >>>>>>>
2023-01-27 07:54:23,217 : INFO : EventManager : Event: ======'machine_var_audits_switches_s_drop_bank1'====== Args={'value': 28, 'prev_value': 27, 'change': 1}
2023-01-27 07:54:23,224 : INFO : SwitchController : <<<<<<< 's_drop_bank1' inactive >>>>>>>
2023-01-27 07:54:23,230 : INFO : SwitchController : <<<<<<< 's_drop_bank1' active >>>>>>>
2023-01-27 07:54:23,231 : INFO : EventManager : Event: ======'machine_var_audits_switches_s_drop_bank1'====== Args={'value': 29, 'prev_value': 28, 'change': 1}
2023-01-27 07:54:27,592 : INFO : Machine : Shutting down...
2023-01-27 07:54:27,593 : INFO : EventManager : Event: ======'shutdown'====== Args={}
2023-01-27 07:54:27,609 : INFO : EventManager : Event: ======'mode_game_will_stop'====== Args={}
2023-01-27 07:54:27,610 : INFO : EventManager : Event: ======'mode_game_stopping'====== Args={}
2023-01-27 07:54:27,614 : INFO : Mode.game : Stopped.
2023-01-27 07:54:27,614 : INFO : EventManager : Event: ======'modes_active_modes_changed'====== Args={}
2023-01-27 07:54:27,615 : INFO : EventManager : Event: ======'mode_game_stopped'====== Args={}
2023-01-27 07:54:27,615 : INFO : EventManager : Event: ======'clear'====== Args={'key': 'game'}
2023-01-27 07:54:27,626 : ERROR : OPP : Stop called on serial connection com3
2023-01-27 07:54:27,633 : ERROR : OPP : Stop called on serial connection com4
2023-01-27 07:54:27,635 : ERROR : asyncio : Exception in callback Util.raise_exceptions(<Task finishe...ection lost')>) at C:\Users\ruben\.local\pipx\venvs\mpf\lib\site-packages\mpf\core\utility_functions.py:759
handle: <Handle Util.raise_exceptions(<Task finishe...ection lost')>) at C:\Users\ruben\.local\pipx\venvs\mpf\lib\site-packages\mpf\core\utility_functions.py:759>
Traceback (most recent call last):
  File "C:\Users\ruben\AppData\Local\Programs\Python\Python39\lib\asyncio\events.py", line 80, in _run
    self._context.run(self._callback, *self._args)
  File "C:\Users\ruben\.local\pipx\venvs\mpf\lib\site-packages\mpf\core\utility_functions.py", line 767, in raise_exceptions
    future.result()
  File "C:\Users\ruben\.local\pipx\venvs\mpf\lib\site-packages\mpf\platforms\opp\opp.py", line 965, in _poll_sender
    await self.opp_connection[chain_serial].writer.drain()
  File "C:\Users\ruben\AppData\Local\Programs\Python\Python39\lib\asyncio\streams.py", line 387, in drain
    await self._protocol._drain_helper()
  File "C:\Users\ruben\AppData\Local\Programs\Python\Python39\lib\asyncio\streams.py", line 190, in _drain_helper
    raise ConnectionResetError('Connection lost')
ConnectionResetError: Connection lost
2023-01-27 07:54:27,894 : WARNING : OPP : Poll took more than 250.0ms for 0
2023-01-27 07:54:27,894 : ERROR : asyncio : Exception in callback Util.raise_exceptions(<Task finishe...ute 'write'")>) at C:\Users\ruben\.local\pipx\venvs\mpf\lib\site-packages\mpf\core\utility_functions.py:759
handle: <Handle Util.raise_exceptions(<Task finishe...ute 'write'")>) at C:\Users\ruben\.local\pipx\venvs\mpf\lib\site-packages\mpf\core\utility_functions.py:759>
Traceback (most recent call last):
  File "C:\Users\ruben\AppData\Local\Programs\Python\Python39\lib\asyncio\events.py", line 80, in _run
    self._context.run(self._callback, *self._args)
  File "C:\Users\ruben\.local\pipx\venvs\mpf\lib\site-packages\mpf\core\utility_functions.py", line 767, in raise_exceptions
    future.result()
  File "C:\Users\ruben\.local\pipx\venvs\mpf\lib\site-packages\mpf\platforms\opp\opp.py", line 964, in _poll_sender
    self.send_to_processor(chain_serial, self.read_input_msg[chain_serial])
  File "C:\Users\ruben\.local\pipx\venvs\mpf\lib\site-packages\mpf\platforms\opp\opp.py", line 345, in send_to_processor
    self.opp_connection[chain_serial].send(msg)
  File "C:\Users\ruben\.local\pipx\venvs\mpf\lib\site-packages\mpf\platforms\base_serial_communicator.py", line 160, in send
    self.writer.write(msg)
AttributeError: 'NoneType' object has no attribute 'write'
2023-01-27 07:54:27,896 : INFO : root : MPF run loop ended.
