2023-01-25 07:28:23,581 : INFO : root : Loading config.
2023-01-25 07:28:23,581 : INFO : YamlMultifileConfigLoader : Machine config file #1: config.yaml
2023-01-25 07:28:23,591 : WARNING : ConfigProcessor : Config file in cache changed: C:\pinball\my_machine\config\config.yaml
2023-01-25 07:28:23,591 : INFO : ConfigProcessor : Loading config from file C:\Users\ruben\.local\pipx\venvs\mpf\lib\site-packages\mpf\mpfconfig.yaml.
2023-01-25 07:28:23,712 : INFO : ConfigProcessor : Loading config: C:\Users\ruben\.local\pipx\venvs\mpf\lib\site-packages\mpf\mpfconfig.yaml
2023-01-25 07:28:23,712 : INFO : ConfigProcessor : Loading config from file C:\pinball\my_machine\config\config.yaml.
2023-01-25 07:28:23,732 : INFO : ConfigProcessor : Loading config: C:\pinball\my_machine\config\config.yaml
2023-01-25 07:28:23,734 : INFO : ConfigProcessor : Config file cache created: C:\Users\ruben\AppData\Local\Temp\a17888e5e1df298d67e07ada0b1bff4a.mpf_cache
2023-01-25 07:28:23,831 : INFO : ConfigProcessor : Loading config from cache: C:\Users\ruben\AppData\Local\Temp\67cf8ffee0fce2d4fcb5ef0bb894d8de.mpf_cache
2023-01-25 07:28:23,831 : INFO : ConfigProcessor : Loading config from cache: C:\Users\ruben\AppData\Local\Temp\25321780674732dcacb77a8f5b2a53cd.mpf_cache
2023-01-25 07:28:23,831 : INFO : Machine : Mission Pinball Framework Core Engine v0.56.0
2023-01-25 07:28:23,831 : INFO : Machine : Command line arguments: {'no_load_cache': False, 'create_config_cache': True, 'bcp': True, 'configfile': ['config.yaml'], 'force_assets_load': False, 'jsonlogging': False, 'logfile': 'logs\\2023-01-25-07-28-23-mpf-DESKTOP-11MEIVG.log', 'pause': False, 'production': False, 'text_ui': True, 'loglevel': 15, 'consoleloglevel': 20, 'force_platform': None, 'syslog_address': None, 'mc_file_name': None, 'no_sound': False}
2023-01-25 07:28:23,831 : INFO : Machine : MPF path: C:\Users\ruben\.local\pipx\venvs\mpf\lib\site-packages\mpf
2023-01-25 07:28:23,831 : INFO : Machine : Machine path: C:\pinball\my_machine
2023-01-25 07:28:23,831 : INFO : Machine : Platform: win32
2023-01-25 07:28:23,831 : INFO : Machine : Python executable location: C:\Users\ruben\.local\pipx\venvs\mpf\Scripts\python.exe
2023-01-25 07:28:23,831 : INFO : Machine : Python version: 3.9.13 (64-bit)
2023-01-25 07:28:23,846 : INFO : Machine : Initialise MPF.
2023-01-25 07:28:24,120 : INFO : OPP : Connecting to com3 at 115200bps
2023-01-25 07:28:24,293 : INFO : OPP : Init of OPP board 1 done
2023-01-25 07:28:24,293 : INFO : OPP : Connecting to com4 at 115200bps
2023-01-25 07:28:24,387 : INFO : OPP : Init of OPP board 0 done
2023-01-25 07:28:24,388 : INFO : EventManager : Event: ======'machine_var_credits_string'====== Args={'value': 'FREE PLAY', 'prev_value': None, 'change': True}
2023-01-25 07:28:24,464 : INFO : EventManager : Event: ======'machine_var_master_volume'====== Args={'value': 0.5, 'prev_value': None, 'change': True}
2023-01-25 07:28:24,465 : INFO : EventManager : Event: ======'machine_var_mpf_version'====== Args={'value': 'MPF v0.56.0', 'prev_value': None, 'change': True}
2023-01-25 07:28:24,465 : INFO : EventManager : Event: ======'machine_var_mpf_extended_version'====== Args={'value': 'MPF v0.56.0, Config version:5, Show version: 5, BCP version:1.1', 'prev_value': None, 'change': True}
2023-01-25 07:28:24,465 : INFO : EventManager : Event: ======'machine_var_python_version'====== Args={'value': '3.9.13', 'prev_value': None, 'change': True}
2023-01-25 07:28:24,481 : INFO : EventManager : Event: ======'machine_var_platform'====== Args={'value': 'Windows-10-10.0.19045-SP0', 'prev_value': None, 'change': True}
2023-01-25 07:28:24,482 : INFO : EventManager : Event: ======'machine_var_platform_system'====== Args={'value': 'Windows', 'prev_value': None, 'change': True}
2023-01-25 07:28:24,482 : INFO : EventManager : Event: ======'machine_var_platform_release'====== Args={'value': '10', 'prev_value': None, 'change': True}
2023-01-25 07:28:24,482 : INFO : EventManager : Event: ======'machine_var_platform_version'====== Args={'value': '10.0.19045', 'prev_value': None, 'change': True}
2023-01-25 07:28:24,482 : INFO : EventManager : Event: ======'machine_var_platform_machine'====== Args={'value': 'AMD64', 'prev_value': None, 'change': True}
2023-01-25 07:28:24,482 : INFO : EventManager : Event: ======'init_phase_1'====== Args={}
2023-01-25 07:28:24,501 : INFO : EventManager : Event: ======'init_phase_2'====== Args={}
2023-01-25 07:28:24,502 : INFO : SwitchController : Found active switch: ('0-0-16', <Platform.OPP>) <switch.s_trough1>
2023-01-25 07:28:24,503 : INFO : EventManager : Event: ======'bcp_connection_attempt'====== Args={'name': 'local_display', 'host': 'localhost', 'port': 5050}
2023-01-25 07:28:24,505 : INFO : BCPClientSocket : Connecting BCP to 'local_display' at localhost:5050...
2023-01-25 07:28:26,562 : INFO : BCPClientSocket : Connected BCP to 'local_display' localhost:5050
2023-01-25 07:28:26,566 : INFO : EventManager : Event: ======'bcp_clients_connected'====== Args={}
2023-01-25 07:28:26,599 : INFO : ball_device.bd_trough : BCH: Initial count: 1
2023-01-25 07:28:26,602 : INFO : EventManager : Event: ======'machine_var_mc_version'====== Args={'value': 'MPF-MC v0.56.1', 'prev_value': None, 'change': True}
2023-01-25 07:28:26,603 : INFO : EventManager : Event: ======'machine_var_mc_extended_version'====== Args={'value': 'MPF-MC v0.56.1 (config_version=5, BCP v1.1,                      Requires MPF API compatibility v0.56.0 or newer)', 'prev_value': None, 'change': True}
2023-01-25 07:28:26,610 : INFO : ball_device.bd_trough : State: idle
2023-01-25 07:28:26,685 : INFO : EventManager : Event: ======'init_phase_3'====== Args={}
2023-01-25 07:28:26,693 : INFO : EventManager : Event: ======'init_phase_4'====== Args={}
2023-01-25 07:28:26,695 : INFO : BallController : Initial balls found: 1
2023-01-25 07:28:26,698 : INFO : EventManager : Event: ======'machine_var_audits_switches_s_left_flipper'====== Args={'value': 0, 'prev_value': None, 'change': True}
2023-01-25 07:28:26,699 : INFO : EventManager : Event: ======'machine_var_audits_switches_s_right_flipper'====== Args={'value': 0, 'prev_value': None, 'change': True}
2023-01-25 07:28:26,700 : INFO : EventManager : Event: ======'machine_var_audits_switches_s_startButton'====== Args={'value': 0, 'prev_value': None, 'change': True}
2023-01-25 07:28:26,700 : INFO : EventManager : Event: ======'machine_var_audits_switches_s_trough1'====== Args={'value': 0, 'prev_value': None, 'change': True}
2023-01-25 07:28:26,700 : INFO : EventManager : Event: ======'machine_var_audits_switches_s_right_inlane'====== Args={'value': 0, 'prev_value': None, 'change': True}
2023-01-25 07:28:26,701 : INFO : EventManager : Event: ======'machine_var_audits_events_game_started'====== Args={'value': 0, 'prev_value': None, 'change': True}
2023-01-25 07:28:26,702 : INFO : EventManager : Event: ======'machine_var_audits_events_game_ended'====== Args={'value': 0, 'prev_value': None, 'change': True}
2023-01-25 07:28:26,702 : INFO : EventManager : Event: ======'machine_var_audits_player_score'====== Args={'value': {'top': [], 'average': 0, 'total': 0}, 'prev_value': None, 'change': True}
2023-01-25 07:28:26,704 : INFO : EventManager : Event: ======'init_phase_5'====== Args={}
2023-01-25 07:28:26,715 : INFO : EventManager : Event: ======'init_done'====== Args={}
2023-01-25 07:28:26,717 : INFO : EventManager : Event: ======'machine_reset_phase_1'====== Args={}
2023-01-25 07:28:26,722 : INFO : EventManager : Event: ======'slide_welcome_slide_removed'====== Args={'_from_bcp': True}
2023-01-25 07:28:26,726 : INFO : EventManager : Event: ======'slide_welcome_slide_created'====== Args={'_from_bcp': True}
2023-01-25 07:28:26,728 : INFO : EventManager : Event: ======'machine_reset_phase_2'====== Args={}
2023-01-25 07:28:26,728 : INFO : EventManager : Event: ======'slide_welcome_slide_active'====== Args={'_from_bcp': True}
2023-01-25 07:28:26,729 : INFO : EventManager : Event: ======'machine_reset_phase_3'====== Args={}
2023-01-25 07:28:26,730 : INFO : EventManager : Event: ======'reset_complete'====== Args={}
2023-01-25 07:28:26,731 : INFO : EventManager : Event: ======'mode_attract_will_start'====== Args={}
2023-01-25 07:28:26,732 : INFO : EventManager : Event: ======'mode_attract_starting'====== Args={}
2023-01-25 07:28:26,732 : INFO : Mode.attract : Started. Priority: 10
2023-01-25 07:28:26,732 : INFO : EventManager : Event: ======'modes_active_modes_changed'====== Args={}
2023-01-25 07:28:26,732 : INFO : EventManager : Event: ======'mode_attract_started'====== Args={}
2023-01-25 07:28:26,733 : INFO : EventManager : Event: ======'collecting_balls_complete'====== Args={}
2023-01-25 07:28:26,758 : INFO : EventManager : Event: ======'slide_attract_started_created'====== Args={'_from_bcp': True}
2023-01-25 07:28:26,758 : INFO : EventManager : Event: ======'slide_attract_started_active'====== Args={'_from_bcp': True}
2023-01-25 07:28:26,759 : INFO : Machine : Starting the main run loop.
2023-01-25 07:28:47,749 : INFO : SwitchController : <<<<<<< 's_startButton' active >>>>>>>
2023-01-25 07:28:47,867 : INFO : SwitchController : <<<<<<< 's_startButton' inactive >>>>>>>
2023-01-25 07:28:47,868 : INFO : EventManager : Event: ======'request_to_start_game'====== Args={}
2023-01-25 07:28:47,870 : INFO : EventManager : Event: ======'game_start'====== Args={'buttons': [], 'hold_time': 0.125}
2023-01-25 07:28:47,870 : INFO : EventManager : Event: ======'mode_game_will_start'====== Args={'buttons': [], 'hold_time': 0.125}
2023-01-25 07:28:47,873 : INFO : EventManager : Event: ======'mode_game_starting'====== Args={'buttons': [], 'hold_time': 0.125}
2023-01-25 07:28:47,873 : INFO : EventManager : Event: ======'mode_attract_will_stop'====== Args={}
2023-01-25 07:28:47,874 : INFO : EventManager : Event: ======'mode_attract_stopping'====== Args={}
2023-01-25 07:28:47,874 : INFO : Mode.attract : Stopped.
2023-01-25 07:28:47,875 : INFO : EventManager : Event: ======'modes_active_modes_changed'====== Args={}
2023-01-25 07:28:47,875 : INFO : EventManager : Event: ======'mode_attract_stopped'====== Args={}
2023-01-25 07:28:47,876 : INFO : EventManager : Event: ======'clear'====== Args={'key': 'attract'}
2023-01-25 07:28:47,876 : INFO : Mode.game : Started. Priority: 20
2023-01-25 07:28:47,877 : INFO : EventManager : Event: ======'modes_active_modes_changed'====== Args={}
2023-01-25 07:28:47,877 : INFO : EventManager : Event: ======'mode_game_started'====== Args={'buttons': [], 'hold_time': 0.125}
2023-01-25 07:28:47,891 : INFO : EventManager : Event: ======'game_will_start'====== Args={}
2023-01-25 07:28:47,893 : INFO : EventManager : Event: ======'game_starting'====== Args={'game': <Mode.game>}
2023-01-25 07:28:47,896 : INFO : EventManager : Event: ======'player_add_request'====== Args={}
2023-01-25 07:28:47,897 : INFO : EventManager : Event: ======'player_will_add'====== Args={'number': 1}
2023-01-25 07:28:47,897 : INFO : EventManager : Event: ======'player_adding'====== Args={'player': <Player 1>, 'number': 1}
2023-01-25 07:28:47,897 : INFO : EventManager : Event: ======'player_added'====== Args={'player': <Player 1>, 'num': 1}
2023-01-25 07:28:47,898 : INFO : Mode.game : Player added successfully. Total players: 1
2023-01-25 07:28:47,898 : INFO : EventManager : Event: ======'player_index'====== Args={'value': 0, 'prev_value': 0, 'change': 0, 'player_num': 1}
2023-01-25 07:28:47,898 : INFO : EventManager : Event: ======'player_number'====== Args={'value': 1, 'prev_value': 1, 'change': 0, 'player_num': 1}
2023-01-25 07:28:47,899 : INFO : EventManager : Event: ======'player_score'====== Args={'value': 0, 'prev_value': 0, 'change': 0, 'player_num': 1}
2023-01-25 07:28:47,901 : INFO : EventManager : Event: ======'game_started'====== Args={}
2023-01-25 07:28:47,926 : INFO : EventManager : Event: ======'player_turn_will_start'====== Args={'player': <Player 1>, 'number': 1}
2023-01-25 07:28:47,928 : INFO : EventManager : Event: ======'player_turn_starting'====== Args={'player': <Player 1>, 'number': 1}
2023-01-25 07:28:47,929 : INFO : EventManager : Event: ======'player_ball'====== Args={'value': 1, 'prev_value': 0, 'change': 1, 'player_num': 1}
2023-01-25 07:28:47,930 : INFO : EventManager : Event: ======'player_turn_started'====== Args={'player': <Player 1>, 'number': 1}
2023-01-25 07:28:47,937 : INFO : EventManager : Event: ======'ball_will_start'====== Args={'player': 1, 'ball': 1, 'balls_remaining': 2, 'is_extra_ball': False}
2023-01-25 07:28:47,946 : INFO : EventManager : Event: ======'ball_starting'====== Args={'player': 1, 'ball': 1, 'balls_remaining': 2, 'is_extra_ball': False}
2023-01-25 07:28:47,948 : INFO : EventManager : Event: ======'balls_in_play'====== Args={'balls': 1}
2023-01-25 07:28:47,948 : INFO : EventManager : Event: ======'ball_started'====== Args={'player': 1, 'ball': 1, 'balls_remaining': 2, 'is_extra_ball': False}
2023-01-25 07:28:47,950 : INFO : EventManager : Event: ======'single_player_ball_started'====== Args={}
2023-01-25 07:28:47,951 : INFO : EventManager : Event: ======'ball_start_target'====== Args={'target': 'playfield'}
2023-01-25 07:28:47,952 : INFO : ball_device.bd_trough : Setting up player-controlled eject. Balls: 1, Target: <playfield.playfield>, player_controlled_eject_event: None
2023-01-25 07:28:47,952 : INFO : ball_device.bd_trough : Adding 1 ball(s) to the eject_queue with target <playfield.playfield>.
2023-01-25 07:28:47,952 : INFO : EventManager : Event: ======'balldevice_balls_available'====== Args={}
2023-01-25 07:28:47,954 : INFO : ball_device.bd_trough : State: waiting_for_target_ready
2023-01-25 07:28:47,954 : INFO : EventManager : Event: ======'balldevice_bd_trough_ball_eject_attempt'====== Args={'balls': 1, 'target': <playfield.playfield>, 'source': <ball_device.bd_trough>, 'mechanical_eject': False, 'num_attempts': 0}
2023-01-25 07:28:47,955 : INFO : ball_device.bd_trough : State: ejecting
2023-01-25 07:28:47,955 : INFO : ball_device.bd_trough : Ejecting ball to <playfield.playfield>
2023-01-25 07:28:47,955 : INFO : EventManager : Event: ======'balldevice_bd_trough_ejecting_ball'====== Args={'balls': 1, 'target': <playfield.playfield>, 'source': <ball_device.bd_trough>, 'mechanical_eject': False, 'num_attempts': 0}
2023-01-25 07:28:47,956 : INFO : ball_device.bd_trough : Wait for ball to leave device
2023-01-25 07:28:47,957 : INFO : coil.c_trough_eject : Pulsing Driver for 20ms (1.0 pulse_power)
2023-01-25 07:28:47,963 : INFO : EventManager : Event: ======'slide__global.slide_player-ball_started_created'====== Args={'_from_bcp': True}
2023-01-25 07:28:47,965 : INFO : EventManager : Event: ======'slide__global.slide_player-ball_started_active'====== Args={'_from_bcp': True}
2023-01-25 07:28:47,984 : INFO : SwitchController : <<<<<<< 's_trough1' inactive >>>>>>>
2023-01-25 07:28:47,989 : INFO : ball_device.bd_trough : State: ball_left
2023-01-25 07:28:47,989 : INFO : ball_device.bd_trough : Ball left
2023-01-25 07:28:47,989 : INFO : ball_device.bd_trough : Wait for confirm with timeout 10.0
2023-01-25 07:28:48,181 : INFO : SwitchController : <<<<<<< 's_trough1' active >>>>>>>
2023-01-25 07:28:48,181 : INFO : EventManager : Event: ======'machine_var_audits_switches_s_trough1'====== Args={'value': 1, 'prev_value': 0, 'change': 1}
2023-01-25 07:28:48,211 : INFO : SwitchController : <<<<<<< 's_trough1' inactive >>>>>>>
2023-01-25 07:28:56,948 : INFO : Machine : Shutting down...
2023-01-25 07:28:56,949 : INFO : EventManager : Event: ======'shutdown'====== Args={}
2023-01-25 07:28:56,954 : INFO : EventManager : Event: ======'mode_game_will_stop'====== Args={}
2023-01-25 07:28:56,954 : INFO : EventManager : Event: ======'mode_game_stopping'====== Args={}
2023-01-25 07:28:56,956 : INFO : Mode.game : Stopped.
2023-01-25 07:28:56,956 : INFO : EventManager : Event: ======'modes_active_modes_changed'====== Args={}
2023-01-25 07:28:56,957 : INFO : EventManager : Event: ======'mode_game_stopped'====== Args={}
2023-01-25 07:28:56,957 : INFO : EventManager : Event: ======'clear'====== Args={'key': 'game'}
2023-01-25 07:28:56,959 : ERROR : OPP : Stop called on serial connection com3
2023-01-25 07:28:56,965 : ERROR : OPP : Stop called on serial connection com4
2023-01-25 07:28:56,997 : INFO : root : MPF run loop ended.
