2023-01-25 09:14:08,643 : INFO : root : Loading config.
2023-01-25 09:14:08,658 : INFO : YamlMultifileConfigLoader : Machine config file #1: config.yaml
2023-01-25 09:14:08,658 : WARNING : ConfigProcessor : Config file in cache changed: C:\pinball\my_machine\config\config.yaml
2023-01-25 09:14:08,658 : INFO : ConfigProcessor : Loading config from file C:\Users\ruben\.local\pipx\venvs\mpf\lib\site-packages\mpf\mpfconfig.yaml.
2023-01-25 09:14:08,786 : INFO : ConfigProcessor : Loading config: C:\Users\ruben\.local\pipx\venvs\mpf\lib\site-packages\mpf\mpfconfig.yaml
2023-01-25 09:14:08,786 : INFO : ConfigProcessor : Loading config from file C:\pinball\my_machine\config\config.yaml.
2023-01-25 09:14:08,802 : INFO : ConfigProcessor : Loading config: C:\pinball\my_machine\config\config.yaml
2023-01-25 09:14:08,818 : INFO : ConfigProcessor : Config file cache created: C:\Users\ruben\AppData\Local\Temp\a17888e5e1df298d67e07ada0b1bff4a.mpf_cache
2023-01-25 09:14:08,927 : INFO : ConfigProcessor : Loading config from cache: C:\Users\ruben\AppData\Local\Temp\67cf8ffee0fce2d4fcb5ef0bb894d8de.mpf_cache
2023-01-25 09:14:08,927 : INFO : ConfigProcessor : Loading config from cache: C:\Users\ruben\AppData\Local\Temp\25321780674732dcacb77a8f5b2a53cd.mpf_cache
2023-01-25 09:14:08,927 : INFO : Machine : Mission Pinball Framework Core Engine v0.56.0
2023-01-25 09:14:08,927 : INFO : Machine : Command line arguments: {'no_load_cache': False, 'create_config_cache': True, 'bcp': True, 'configfile': ['config.yaml'], 'force_assets_load': False, 'jsonlogging': False, 'logfile': 'logs\\2023-01-25-09-14-08-mpf-DESKTOP-11MEIVG.log', 'pause': False, 'production': False, 'text_ui': True, 'loglevel': 15, 'consoleloglevel': 20, 'force_platform': None, 'syslog_address': None, 'mc_file_name': None, 'no_sound': False}
2023-01-25 09:14:08,927 : INFO : Machine : MPF path: C:\Users\ruben\.local\pipx\venvs\mpf\lib\site-packages\mpf
2023-01-25 09:14:08,927 : INFO : Machine : Machine path: C:\pinball\my_machine
2023-01-25 09:14:08,927 : INFO : Machine : Platform: win32
2023-01-25 09:14:08,927 : INFO : Machine : Python executable location: C:\Users\ruben\.local\pipx\venvs\mpf\Scripts\python.exe
2023-01-25 09:14:08,927 : INFO : Machine : Python version: 3.9.13 (64-bit)
2023-01-25 09:14:08,943 : INFO : Machine : Initialise MPF.
2023-01-25 09:14:09,228 : INFO : OPP : Connecting to com3 at 115200bps
2023-01-25 09:14:09,414 : INFO : OPP : Init of OPP board 1 done
2023-01-25 09:14:09,414 : INFO : OPP : Connecting to com4 at 115200bps
2023-01-25 09:14:09,510 : INFO : OPP : Init of OPP board 0 done
2023-01-25 09:14:09,511 : INFO : EventManager : Event: ======'machine_var_credits_string'====== Args={'value': 'FREE PLAY', 'prev_value': None, 'change': True}
2023-01-25 09:14:09,589 : INFO : EventManager : Event: ======'machine_var_master_volume'====== Args={'value': 0.5, 'prev_value': None, 'change': True}
2023-01-25 09:14:09,590 : INFO : EventManager : Event: ======'machine_var_mpf_version'====== Args={'value': 'MPF v0.56.0', 'prev_value': None, 'change': True}
2023-01-25 09:14:09,590 : INFO : EventManager : Event: ======'machine_var_mpf_extended_version'====== Args={'value': 'MPF v0.56.0, Config version:5, Show version: 5, BCP version:1.1', 'prev_value': None, 'change': True}
2023-01-25 09:14:09,590 : INFO : EventManager : Event: ======'machine_var_python_version'====== Args={'value': '3.9.13', 'prev_value': None, 'change': True}
2023-01-25 09:14:09,608 : INFO : EventManager : Event: ======'machine_var_platform'====== Args={'value': 'Windows-10-10.0.19045-SP0', 'prev_value': None, 'change': True}
2023-01-25 09:14:09,608 : INFO : EventManager : Event: ======'machine_var_platform_system'====== Args={'value': 'Windows', 'prev_value': None, 'change': True}
2023-01-25 09:14:09,608 : INFO : EventManager : Event: ======'machine_var_platform_release'====== Args={'value': '10', 'prev_value': None, 'change': True}
2023-01-25 09:14:09,609 : INFO : EventManager : Event: ======'machine_var_platform_version'====== Args={'value': '10.0.19045', 'prev_value': None, 'change': True}
2023-01-25 09:14:09,609 : INFO : EventManager : Event: ======'machine_var_platform_machine'====== Args={'value': 'AMD64', 'prev_value': None, 'change': True}
2023-01-25 09:14:09,609 : INFO : EventManager : Event: ======'init_phase_1'====== Args={}
2023-01-25 09:14:09,638 : INFO : EventManager : Event: ======'init_phase_2'====== Args={}
2023-01-25 09:14:09,641 : INFO : EventManager : Event: ======'bcp_connection_attempt'====== Args={'name': 'local_display', 'host': 'localhost', 'port': 5050}
2023-01-25 09:14:09,643 : INFO : BCPClientSocket : Connecting BCP to 'local_display' at localhost:5050...
2023-01-25 09:14:11,683 : INFO : BCPClientSocket : Connected BCP to 'local_display' localhost:5050
2023-01-25 09:14:11,686 : INFO : EventManager : Event: ======'bcp_clients_connected'====== Args={}
2023-01-25 09:14:11,718 : INFO : ball_device.bd_trough : BCH: Initial count: 0
2023-01-25 09:14:11,721 : INFO : EventManager : Event: ======'machine_var_mc_version'====== Args={'value': 'MPF-MC v0.56.1', 'prev_value': None, 'change': True}
2023-01-25 09:14:11,722 : INFO : EventManager : Event: ======'machine_var_mc_extended_version'====== Args={'value': 'MPF-MC v0.56.1 (config_version=5, BCP v1.1,                      Requires MPF API compatibility v0.56.0 or newer)', 'prev_value': None, 'change': True}
2023-01-25 09:14:11,728 : INFO : ball_device.bd_trough : State: idle
2023-01-25 09:14:11,756 : INFO : ball_device.bd_scoop_lower : BCH: Initial count: 0
2023-01-25 09:14:11,757 : INFO : ball_device.bd_scoop_lower : State: idle
2023-01-25 09:14:11,784 : INFO : EventManager : Event: ======'init_phase_3'====== Args={}
2023-01-25 09:14:11,790 : INFO : EventManager : Event: ======'init_phase_4'====== Args={}
2023-01-25 09:14:11,790 : INFO : BallController : Initial balls found: 0
2023-01-25 09:14:11,792 : INFO : EventManager : Event: ======'machine_var_audits_events_game_ended'====== Args={'value': 0, 'prev_value': None, 'change': True}
2023-01-25 09:14:11,793 : INFO : EventManager : Event: ======'machine_var_audits_events_game_started'====== Args={'value': 8, 'prev_value': None, 'change': True}
2023-01-25 09:14:11,793 : INFO : EventManager : Event: ======'machine_var_audits_player_score'====== Args={'value': {'average': 0, 'top': [], 'total': 0}, 'prev_value': None, 'change': True}
2023-01-25 09:14:11,793 : INFO : EventManager : Event: ======'machine_var_audits_switches_s_left_flipper'====== Args={'value': 12, 'prev_value': None, 'change': True}
2023-01-25 09:14:11,794 : INFO : EventManager : Event: ======'machine_var_audits_switches_s_left_slingshot'====== Args={'value': 21, 'prev_value': None, 'change': True}
2023-01-25 09:14:11,794 : INFO : EventManager : Event: ======'machine_var_audits_switches_s_right_flipper'====== Args={'value': 19, 'prev_value': None, 'change': True}
2023-01-25 09:14:11,794 : INFO : EventManager : Event: ======'machine_var_audits_switches_s_right_inlane'====== Args={'value': 0, 'prev_value': None, 'change': True}
2023-01-25 09:14:11,794 : INFO : EventManager : Event: ======'machine_var_audits_switches_s_right_slingshot'====== Args={'value': 24, 'prev_value': None, 'change': True}
2023-01-25 09:14:11,794 : INFO : EventManager : Event: ======'machine_var_audits_switches_s_scoop_lower'====== Args={'value': 23, 'prev_value': None, 'change': True}
2023-01-25 09:14:11,795 : INFO : EventManager : Event: ======'machine_var_audits_switches_s_startButton'====== Args={'value': 1, 'prev_value': None, 'change': True}
2023-01-25 09:14:11,796 : INFO : EventManager : Event: ======'machine_var_audits_switches_s_trough1'====== Args={'value': 1, 'prev_value': None, 'change': True}
2023-01-25 09:14:11,796 : INFO : EventManager : Event: ======'machine_var_audits_switches_s_pop_top'====== Args={'value': 0, 'prev_value': None, 'change': True}
2023-01-25 09:14:11,797 : INFO : EventManager : Event: ======'machine_var_audits_switches_s_pop_mid'====== Args={'value': 0, 'prev_value': None, 'change': True}
2023-01-25 09:14:11,797 : INFO : EventManager : Event: ======'machine_var_audits_switches_s_pop_bot'====== Args={'value': 0, 'prev_value': None, 'change': True}
2023-01-25 09:14:11,798 : INFO : EventManager : Event: ======'init_phase_5'====== Args={}
2023-01-25 09:14:11,813 : INFO : EventManager : Event: ======'init_done'====== Args={}
2023-01-25 09:14:11,815 : INFO : EventManager : Event: ======'machine_reset_phase_1'====== Args={}
2023-01-25 09:14:11,822 : INFO : EventManager : Event: ======'slide_welcome_slide_removed'====== Args={'_from_bcp': True}
2023-01-25 09:14:11,826 : INFO : EventManager : Event: ======'slide_welcome_slide_created'====== Args={'_from_bcp': True}
2023-01-25 09:14:11,829 : INFO : EventManager : Event: ======'machine_reset_phase_2'====== Args={}
2023-01-25 09:14:11,830 : INFO : EventManager : Event: ======'slide_welcome_slide_active'====== Args={'_from_bcp': True}
2023-01-25 09:14:11,831 : INFO : EventManager : Event: ======'machine_reset_phase_3'====== Args={}
2023-01-25 09:14:11,832 : INFO : EventManager : Event: ======'reset_complete'====== Args={}
2023-01-25 09:14:11,832 : INFO : EventManager : Event: ======'mode_attract_will_start'====== Args={}
2023-01-25 09:14:11,833 : INFO : EventManager : Event: ======'mode_attract_starting'====== Args={}
2023-01-25 09:14:11,833 : INFO : Mode.attract : Started. Priority: 10
2023-01-25 09:14:11,833 : INFO : EventManager : Event: ======'modes_active_modes_changed'====== Args={}
2023-01-25 09:14:11,833 : INFO : EventManager : Event: ======'mode_attract_started'====== Args={}
2023-01-25 09:14:11,834 : INFO : EventManager : Event: ======'collecting_balls_complete'====== Args={}
2023-01-25 09:14:11,858 : INFO : EventManager : Event: ======'slide_attract_started_created'====== Args={'_from_bcp': True}
2023-01-25 09:14:11,858 : INFO : EventManager : Event: ======'slide_attract_started_active'====== Args={'_from_bcp': True}
2023-01-25 09:14:11,859 : INFO : Machine : Starting the main run loop.
2023-01-25 09:14:13,135 : INFO : SwitchController : <<<<<<< 's_pop_top' active >>>>>>>
2023-01-25 09:14:13,199 : INFO : SwitchController : <<<<<<< 's_pop_top' inactive >>>>>>>
2023-01-25 09:14:13,641 : INFO : SwitchController : <<<<<<< 's_pop_top' active >>>>>>>
2023-01-25 09:14:13,715 : INFO : SwitchController : <<<<<<< 's_pop_top' inactive >>>>>>>
2023-01-25 09:14:16,895 : INFO : SwitchController : <<<<<<< 's_pop_top' active >>>>>>>
2023-01-25 09:14:17,113 : INFO : SwitchController : <<<<<<< 's_pop_top' inactive >>>>>>>
2023-01-25 09:14:17,267 : INFO : SwitchController : <<<<<<< 's_pop_top' active >>>>>>>
2023-01-25 09:14:17,447 : INFO : SwitchController : <<<<<<< 's_pop_top' inactive >>>>>>>
2023-01-25 09:14:17,604 : INFO : SwitchController : <<<<<<< 's_pop_top' active >>>>>>>
2023-01-25 09:14:17,754 : INFO : SwitchController : <<<<<<< 's_pop_top' inactive >>>>>>>
2023-01-25 09:14:20,207 : INFO : SwitchController : <<<<<<< 's_pop_bot' active >>>>>>>
2023-01-25 09:14:20,389 : INFO : SwitchController : <<<<<<< 's_pop_bot' inactive >>>>>>>
2023-01-25 09:14:20,863 : INFO : SwitchController : <<<<<<< 's_pop_bot' active >>>>>>>
2023-01-25 09:14:21,053 : INFO : SwitchController : <<<<<<< 's_pop_bot' inactive >>>>>>>
2023-01-25 09:14:21,352 : INFO : SwitchController : <<<<<<< 's_pop_bot' active >>>>>>>
2023-01-25 09:14:21,366 : INFO : SwitchController : <<<<<<< 's_pop_bot' inactive >>>>>>>
2023-01-25 09:14:21,473 : INFO : SwitchController : <<<<<<< 's_pop_bot' active >>>>>>>
2023-01-25 09:14:21,489 : INFO : SwitchController : <<<<<<< 's_pop_bot' inactive >>>>>>>
2023-01-25 09:14:21,678 : INFO : SwitchController : <<<<<<< 's_pop_bot' active >>>>>>>
2023-01-25 09:14:21,882 : INFO : SwitchController : <<<<<<< 's_pop_bot' inactive >>>>>>>
2023-01-25 09:14:22,020 : INFO : SwitchController : <<<<<<< 's_pop_bot' active >>>>>>>
2023-01-25 09:14:22,255 : INFO : SwitchController : <<<<<<< 's_pop_bot' inactive >>>>>>>
2023-01-25 09:14:22,412 : INFO : SwitchController : <<<<<<< 's_pop_bot' active >>>>>>>
2023-01-25 09:14:22,618 : INFO : SwitchController : <<<<<<< 's_pop_bot' inactive >>>>>>>
2023-01-25 09:14:22,836 : INFO : SwitchController : <<<<<<< 's_pop_bot' active >>>>>>>
2023-01-25 09:14:23,023 : INFO : SwitchController : <<<<<<< 's_pop_bot' inactive >>>>>>>
2023-01-25 09:14:23,210 : INFO : SwitchController : <<<<<<< 's_pop_bot' active >>>>>>>
2023-01-25 09:14:23,370 : INFO : SwitchController : <<<<<<< 's_pop_bot' inactive >>>>>>>
2023-01-25 09:14:25,091 : INFO : SwitchController : <<<<<<< 's_pop_top' active >>>>>>>
2023-01-25 09:14:25,259 : INFO : SwitchController : <<<<<<< 's_pop_top' inactive >>>>>>>
2023-01-25 09:14:25,423 : INFO : SwitchController : <<<<<<< 's_pop_top' active >>>>>>>
2023-01-25 09:14:25,629 : INFO : SwitchController : <<<<<<< 's_pop_top' inactive >>>>>>>
2023-01-25 09:14:27,242 : INFO : SwitchController : <<<<<<< 's_pop_mid' active >>>>>>>
2023-01-25 09:14:27,294 : INFO : SwitchController : <<<<<<< 's_pop_mid' inactive >>>>>>>
2023-01-25 09:14:27,320 : INFO : SwitchController : <<<<<<< 's_pop_mid' active >>>>>>>
2023-01-25 09:14:27,357 : INFO : SwitchController : <<<<<<< 's_pop_mid' inactive >>>>>>>
2023-01-25 09:14:27,402 : INFO : SwitchController : <<<<<<< 's_pop_mid' active >>>>>>>
2023-01-25 09:14:27,578 : INFO : SwitchController : <<<<<<< 's_pop_mid' inactive >>>>>>>
2023-01-25 09:14:27,994 : INFO : SwitchController : <<<<<<< 's_pop_mid' active >>>>>>>
2023-01-25 09:14:28,151 : INFO : SwitchController : <<<<<<< 's_pop_mid' inactive >>>>>>>
2023-01-25 09:14:29,041 : INFO : SwitchController : <<<<<<< 's_pop_mid' active >>>>>>>
2023-01-25 09:14:29,156 : INFO : SwitchController : <<<<<<< 's_pop_mid' inactive >>>>>>>
2023-01-25 09:14:29,435 : INFO : SwitchController : <<<<<<< 's_pop_mid' active >>>>>>>
2023-01-25 09:14:29,559 : INFO : SwitchController : <<<<<<< 's_pop_mid' inactive >>>>>>>
2023-01-25 09:14:29,750 : INFO : SwitchController : <<<<<<< 's_pop_mid' active >>>>>>>
2023-01-25 09:14:29,845 : INFO : SwitchController : <<<<<<< 's_pop_mid' inactive >>>>>>>
2023-01-25 09:14:30,395 : INFO : SwitchController : <<<<<<< 's_pop_mid' active >>>>>>>
2023-01-25 09:14:30,535 : INFO : SwitchController : <<<<<<< 's_pop_mid' inactive >>>>>>>
2023-01-25 09:14:31,047 : INFO : SwitchController : <<<<<<< 's_pop_mid' active >>>>>>>
2023-01-25 09:14:31,141 : INFO : SwitchController : <<<<<<< 's_pop_mid' inactive >>>>>>>
2023-01-25 09:14:31,703 : INFO : SwitchController : <<<<<<< 's_pop_mid' active >>>>>>>
2023-01-25 09:14:31,843 : INFO : SwitchController : <<<<<<< 's_pop_mid' inactive >>>>>>>
2023-01-25 09:14:32,095 : INFO : SwitchController : <<<<<<< 's_pop_mid' active >>>>>>>
2023-01-25 09:14:32,233 : INFO : SwitchController : <<<<<<< 's_pop_mid' inactive >>>>>>>
2023-01-25 09:14:32,705 : INFO : SwitchController : <<<<<<< 's_pop_mid' active >>>>>>>
2023-01-25 09:14:32,844 : INFO : SwitchController : <<<<<<< 's_pop_mid' inactive >>>>>>>
2023-01-25 09:14:33,184 : INFO : SwitchController : <<<<<<< 's_pop_mid' active >>>>>>>
2023-01-25 09:14:33,259 : INFO : SwitchController : <<<<<<< 's_pop_mid' inactive >>>>>>>
2023-01-25 09:14:35,441 : INFO : SwitchController : <<<<<<< 's_pop_top' active >>>>>>>
2023-01-25 09:14:35,676 : INFO : SwitchController : <<<<<<< 's_pop_top' inactive >>>>>>>
2023-01-25 09:14:35,998 : INFO : SwitchController : <<<<<<< 's_pop_top' active >>>>>>>
2023-01-25 09:14:36,113 : INFO : SwitchController : <<<<<<< 's_pop_top' inactive >>>>>>>
2023-01-25 09:14:36,347 : INFO : SwitchController : <<<<<<< 's_pop_top' active >>>>>>>
2023-01-25 09:14:36,442 : INFO : SwitchController : <<<<<<< 's_pop_top' inactive >>>>>>>
2023-01-25 09:14:40,397 : INFO : SwitchController : <<<<<<< 's_pop_top' active >>>>>>>
2023-01-25 09:14:40,537 : INFO : SwitchController : <<<<<<< 's_pop_top' inactive >>>>>>>
2023-01-25 09:14:40,722 : INFO : SwitchController : <<<<<<< 's_pop_top' active >>>>>>>
2023-01-25 09:14:40,863 : INFO : SwitchController : <<<<<<< 's_pop_top' inactive >>>>>>>
2023-01-25 09:14:41,047 : INFO : SwitchController : <<<<<<< 's_pop_top' active >>>>>>>
2023-01-25 09:14:41,177 : INFO : SwitchController : <<<<<<< 's_pop_top' inactive >>>>>>>
2023-01-25 09:14:41,321 : INFO : SwitchController : <<<<<<< 's_pop_top' active >>>>>>>
2023-01-25 09:14:41,460 : INFO : SwitchController : <<<<<<< 's_pop_top' inactive >>>>>>>
2023-01-25 09:14:41,934 : INFO : SwitchController : <<<<<<< 's_pop_top' active >>>>>>>
2023-01-25 09:14:42,162 : INFO : SwitchController : <<<<<<< 's_pop_top' inactive >>>>>>>
2023-01-25 09:14:43,466 : INFO : SwitchController : <<<<<<< 's_pop_mid' active >>>>>>>
2023-01-25 09:14:43,657 : INFO : SwitchController : <<<<<<< 's_pop_mid' inactive >>>>>>>
2023-01-25 09:14:43,861 : INFO : SwitchController : <<<<<<< 's_pop_mid' active >>>>>>>
2023-01-25 09:14:43,973 : INFO : SwitchController : <<<<<<< 's_pop_mid' inactive >>>>>>>
2023-01-25 09:14:44,110 : INFO : SwitchController : <<<<<<< 's_pop_mid' active >>>>>>>
2023-01-25 09:14:44,299 : INFO : SwitchController : <<<<<<< 's_pop_mid' inactive >>>>>>>
2023-01-25 09:14:44,413 : INFO : SwitchController : <<<<<<< 's_pop_mid' active >>>>>>>
2023-01-25 09:14:44,522 : INFO : SwitchController : <<<<<<< 's_pop_mid' inactive >>>>>>>
2023-01-25 09:14:47,259 : INFO : SwitchController : <<<<<<< 's_pop_top' active >>>>>>>
2023-01-25 09:14:47,548 : INFO : SwitchController : <<<<<<< 's_pop_top' inactive >>>>>>>
2023-01-25 09:14:47,795 : INFO : SwitchController : <<<<<<< 's_pop_top' active >>>>>>>
2023-01-25 09:14:48,015 : INFO : SwitchController : <<<<<<< 's_pop_top' inactive >>>>>>>
2023-01-25 09:14:48,330 : INFO : SwitchController : <<<<<<< 's_pop_top' active >>>>>>>
2023-01-25 09:14:48,533 : INFO : SwitchController : <<<<<<< 's_pop_top' inactive >>>>>>>
2023-01-25 09:14:50,903 : INFO : SwitchController : <<<<<<< 's_pop_top' active >>>>>>>
2023-01-25 09:14:51,048 : INFO : SwitchController : <<<<<<< 's_pop_top' inactive >>>>>>>
2023-01-25 09:14:53,041 : INFO : Machine : Shutting down...
2023-01-25 09:14:53,041 : INFO : EventManager : Event: ======'shutdown'====== Args={}
2023-01-25 09:14:53,046 : ERROR : OPP : Stop called on serial connection com3
2023-01-25 09:14:53,050 : ERROR : OPP : Stop called on serial connection com4
2023-01-25 09:14:53,051 : ERROR : asyncio : Exception in callback Util.raise_exceptions(<Task finishe...ection lost')>) at C:\Users\ruben\.local\pipx\venvs\mpf\lib\site-packages\mpf\core\utility_functions.py:759
handle: <Handle Util.raise_exceptions(<Task finishe...ection lost')>) at C:\Users\ruben\.local\pipx\venvs\mpf\lib\site-packages\mpf\core\utility_functions.py:759>
Traceback (most recent call last):
  File "C:\Users\ruben\AppData\Local\Programs\Python\Python39\lib\asyncio\events.py", line 80, in _run
    self._context.run(self._callback, *self._args)
  File "C:\Users\ruben\.local\pipx\venvs\mpf\lib\site-packages\mpf\core\utility_functions.py", line 767, in raise_exceptions
    future.result()
  File "C:\Users\ruben\.local\pipx\venvs\mpf\lib\site-packages\mpf\platforms\opp\opp.py", line 965, in _poll_sender
    await self.opp_connection[chain_serial].writer.drain()
  File "C:\Users\ruben\AppData\Local\Programs\Python\Python39\lib\asyncio\streams.py", line 387, in drain
    await self._protocol._drain_helper()
  File "C:\Users\ruben\AppData\Local\Programs\Python\Python39\lib\asyncio\streams.py", line 190, in _drain_helper
    raise ConnectionResetError('Connection lost')
ConnectionResetError: Connection lost
2023-01-25 09:14:53,297 : WARNING : OPP : Poll took more than 250.0ms for 0
2023-01-25 09:14:53,298 : ERROR : asyncio : Exception in callback Util.raise_exceptions(<Task finishe...ute 'write'")>) at C:\Users\ruben\.local\pipx\venvs\mpf\lib\site-packages\mpf\core\utility_functions.py:759
handle: <Handle Util.raise_exceptions(<Task finishe...ute 'write'")>) at C:\Users\ruben\.local\pipx\venvs\mpf\lib\site-packages\mpf\core\utility_functions.py:759>
Traceback (most recent call last):
  File "C:\Users\ruben\AppData\Local\Programs\Python\Python39\lib\asyncio\events.py", line 80, in _run
    self._context.run(self._callback, *self._args)
  File "C:\Users\ruben\.local\pipx\venvs\mpf\lib\site-packages\mpf\core\utility_functions.py", line 767, in raise_exceptions
    future.result()
  File "C:\Users\ruben\.local\pipx\venvs\mpf\lib\site-packages\mpf\platforms\opp\opp.py", line 964, in _poll_sender
    self.send_to_processor(chain_serial, self.read_input_msg[chain_serial])
  File "C:\Users\ruben\.local\pipx\venvs\mpf\lib\site-packages\mpf\platforms\opp\opp.py", line 345, in send_to_processor
    self.opp_connection[chain_serial].send(msg)
  File "C:\Users\ruben\.local\pipx\venvs\mpf\lib\site-packages\mpf\platforms\base_serial_communicator.py", line 160, in send
    self.writer.write(msg)
AttributeError: 'NoneType' object has no attribute 'write'
2023-01-25 09:14:53,304 : INFO : root : MPF run loop ended.
