2023-01-25 09:15:18,520 : INFO : root : Loading config.
2023-01-25 09:15:18,520 : INFO : YamlMultifileConfigLoader : Machine config file #1: config.yaml
2023-01-25 09:15:18,520 : WARNING : ConfigProcessor : Config file in cache changed: C:\pinball\my_machine\config\config.yaml
2023-01-25 09:15:18,520 : INFO : ConfigProcessor : Loading config from file C:\Users\ruben\.local\pipx\venvs\mpf\lib\site-packages\mpf\mpfconfig.yaml.
2023-01-25 09:15:18,664 : INFO : ConfigProcessor : Loading config: C:\Users\ruben\.local\pipx\venvs\mpf\lib\site-packages\mpf\mpfconfig.yaml
2023-01-25 09:15:18,664 : INFO : ConfigProcessor : Loading config from file C:\pinball\my_machine\config\config.yaml.
2023-01-25 09:15:18,695 : INFO : ConfigProcessor : Loading config: C:\pinball\my_machine\config\config.yaml
2023-01-25 09:15:18,711 : INFO : ConfigProcessor : Config file cache created: C:\Users\ruben\AppData\Local\Temp\a17888e5e1df298d67e07ada0b1bff4a.mpf_cache
2023-01-25 09:15:18,820 : INFO : ConfigProcessor : Loading config from cache: C:\Users\ruben\AppData\Local\Temp\67cf8ffee0fce2d4fcb5ef0bb894d8de.mpf_cache
2023-01-25 09:15:18,820 : INFO : ConfigProcessor : Loading config from cache: C:\Users\ruben\AppData\Local\Temp\25321780674732dcacb77a8f5b2a53cd.mpf_cache
2023-01-25 09:15:18,820 : INFO : Machine : Mission Pinball Framework Core Engine v0.56.0
2023-01-25 09:15:18,820 : INFO : Machine : Command line arguments: {'no_load_cache': False, 'create_config_cache': True, 'bcp': True, 'configfile': ['config.yaml'], 'force_assets_load': False, 'jsonlogging': False, 'logfile': 'logs\\2023-01-25-09-15-18-mpf-DESKTOP-11MEIVG.log', 'pause': False, 'production': False, 'text_ui': True, 'loglevel': 15, 'consoleloglevel': 20, 'force_platform': None, 'syslog_address': None, 'mc_file_name': None, 'no_sound': False}
2023-01-25 09:15:18,820 : INFO : Machine : MPF path: C:\Users\ruben\.local\pipx\venvs\mpf\lib\site-packages\mpf
2023-01-25 09:15:18,820 : INFO : Machine : Machine path: C:\pinball\my_machine
2023-01-25 09:15:18,820 : INFO : Machine : Platform: win32
2023-01-25 09:15:18,820 : INFO : Machine : Python executable location: C:\Users\ruben\.local\pipx\venvs\mpf\Scripts\python.exe
2023-01-25 09:15:18,820 : INFO : Machine : Python version: 3.9.13 (64-bit)
2023-01-25 09:15:18,836 : INFO : Machine : Initialise MPF.
2023-01-25 09:15:19,136 : INFO : OPP : Connecting to com3 at 115200bps
2023-01-25 09:15:19,310 : INFO : OPP : Init of OPP board 1 done
2023-01-25 09:15:19,310 : INFO : OPP : Connecting to com4 at 115200bps
2023-01-25 09:15:19,405 : INFO : OPP : Init of OPP board 0 done
2023-01-25 09:15:19,406 : INFO : EventManager : Event: ======'machine_var_credits_string'====== Args={'value': 'FREE PLAY', 'prev_value': None, 'change': True}
2023-01-25 09:15:19,486 : INFO : EventManager : Event: ======'machine_var_master_volume'====== Args={'value': 0.5, 'prev_value': None, 'change': True}
2023-01-25 09:15:19,486 : INFO : EventManager : Event: ======'machine_var_mpf_version'====== Args={'value': 'MPF v0.56.0', 'prev_value': None, 'change': True}
2023-01-25 09:15:19,486 : INFO : EventManager : Event: ======'machine_var_mpf_extended_version'====== Args={'value': 'MPF v0.56.0, Config version:5, Show version: 5, BCP version:1.1', 'prev_value': None, 'change': True}
2023-01-25 09:15:19,486 : INFO : EventManager : Event: ======'machine_var_python_version'====== Args={'value': '3.9.13', 'prev_value': None, 'change': True}
2023-01-25 09:15:19,504 : INFO : EventManager : Event: ======'machine_var_platform'====== Args={'value': 'Windows-10-10.0.19045-SP0', 'prev_value': None, 'change': True}
2023-01-25 09:15:19,504 : INFO : EventManager : Event: ======'machine_var_platform_system'====== Args={'value': 'Windows', 'prev_value': None, 'change': True}
2023-01-25 09:15:19,504 : INFO : EventManager : Event: ======'machine_var_platform_release'====== Args={'value': '10', 'prev_value': None, 'change': True}
2023-01-25 09:15:19,504 : INFO : EventManager : Event: ======'machine_var_platform_version'====== Args={'value': '10.0.19045', 'prev_value': None, 'change': True}
2023-01-25 09:15:19,504 : INFO : EventManager : Event: ======'machine_var_platform_machine'====== Args={'value': 'AMD64', 'prev_value': None, 'change': True}
2023-01-25 09:15:19,504 : INFO : EventManager : Event: ======'init_phase_1'====== Args={}
2023-01-25 09:15:19,530 : INFO : EventManager : Event: ======'init_phase_2'====== Args={}
2023-01-25 09:15:19,533 : INFO : EventManager : Event: ======'bcp_connection_attempt'====== Args={'name': 'local_display', 'host': 'localhost', 'port': 5050}
2023-01-25 09:15:19,535 : INFO : BCPClientSocket : Connecting BCP to 'local_display' at localhost:5050...
2023-01-25 09:15:21,580 : INFO : BCPClientSocket : Connected BCP to 'local_display' localhost:5050
2023-01-25 09:15:21,583 : INFO : EventManager : Event: ======'bcp_clients_connected'====== Args={}
2023-01-25 09:15:21,616 : INFO : ball_device.bd_trough : BCH: Initial count: 0
2023-01-25 09:15:21,618 : INFO : EventManager : Event: ======'machine_var_mc_version'====== Args={'value': 'MPF-MC v0.56.1', 'prev_value': None, 'change': True}
2023-01-25 09:15:21,619 : INFO : EventManager : Event: ======'machine_var_mc_extended_version'====== Args={'value': 'MPF-MC v0.56.1 (config_version=5, BCP v1.1,                      Requires MPF API compatibility v0.56.0 or newer)', 'prev_value': None, 'change': True}
2023-01-25 09:15:21,627 : INFO : ball_device.bd_trough : State: idle
2023-01-25 09:15:21,654 : INFO : ball_device.bd_scoop_lower : BCH: Initial count: 0
2023-01-25 09:15:21,655 : INFO : ball_device.bd_scoop_lower : State: idle
2023-01-25 09:15:21,680 : INFO : EventManager : Event: ======'init_phase_3'====== Args={}
2023-01-25 09:15:21,687 : INFO : EventManager : Event: ======'init_phase_4'====== Args={}
2023-01-25 09:15:21,689 : INFO : BallController : Initial balls found: 0
2023-01-25 09:15:21,692 : INFO : EventManager : Event: ======'machine_var_audits_events_game_ended'====== Args={'value': 0, 'prev_value': None, 'change': True}
2023-01-25 09:15:21,692 : INFO : EventManager : Event: ======'machine_var_audits_events_game_started'====== Args={'value': 8, 'prev_value': None, 'change': True}
2023-01-25 09:15:21,693 : INFO : EventManager : Event: ======'machine_var_audits_player_score'====== Args={'value': {'average': 0, 'top': [], 'total': 0}, 'prev_value': None, 'change': True}
2023-01-25 09:15:21,693 : INFO : EventManager : Event: ======'machine_var_audits_switches_s_left_flipper'====== Args={'value': 12, 'prev_value': None, 'change': True}
2023-01-25 09:15:21,694 : INFO : EventManager : Event: ======'machine_var_audits_switches_s_left_slingshot'====== Args={'value': 21, 'prev_value': None, 'change': True}
2023-01-25 09:15:21,694 : INFO : EventManager : Event: ======'machine_var_audits_switches_s_right_flipper'====== Args={'value': 19, 'prev_value': None, 'change': True}
2023-01-25 09:15:21,694 : INFO : EventManager : Event: ======'machine_var_audits_switches_s_right_inlane'====== Args={'value': 0, 'prev_value': None, 'change': True}
2023-01-25 09:15:21,695 : INFO : EventManager : Event: ======'machine_var_audits_switches_s_right_slingshot'====== Args={'value': 24, 'prev_value': None, 'change': True}
2023-01-25 09:15:21,695 : INFO : EventManager : Event: ======'machine_var_audits_switches_s_scoop_lower'====== Args={'value': 23, 'prev_value': None, 'change': True}
2023-01-25 09:15:21,696 : INFO : EventManager : Event: ======'machine_var_audits_switches_s_startButton'====== Args={'value': 1, 'prev_value': None, 'change': True}
2023-01-25 09:15:21,698 : INFO : EventManager : Event: ======'machine_var_audits_switches_s_trough1'====== Args={'value': 1, 'prev_value': None, 'change': True}
2023-01-25 09:15:21,698 : INFO : EventManager : Event: ======'machine_var_audits_switches_s_pop_top'====== Args={'value': 0, 'prev_value': None, 'change': True}
2023-01-25 09:15:21,698 : INFO : EventManager : Event: ======'machine_var_audits_switches_s_pop_mid'====== Args={'value': 0, 'prev_value': None, 'change': True}
2023-01-25 09:15:21,699 : INFO : EventManager : Event: ======'machine_var_audits_switches_s_pop_bot'====== Args={'value': 0, 'prev_value': None, 'change': True}
2023-01-25 09:15:21,701 : INFO : EventManager : Event: ======'init_phase_5'====== Args={}
2023-01-25 09:15:21,723 : INFO : EventManager : Event: ======'init_done'====== Args={}
2023-01-25 09:15:21,724 : INFO : EventManager : Event: ======'machine_reset_phase_1'====== Args={}
2023-01-25 09:15:21,728 : INFO : EventManager : Event: ======'slide_welcome_slide_removed'====== Args={'_from_bcp': True}
2023-01-25 09:15:21,731 : INFO : EventManager : Event: ======'slide_welcome_slide_created'====== Args={'_from_bcp': True}
2023-01-25 09:15:21,732 : INFO : EventManager : Event: ======'slide_welcome_slide_active'====== Args={'_from_bcp': True}
2023-01-25 09:15:21,741 : INFO : EventManager : Event: ======'machine_reset_phase_2'====== Args={}
2023-01-25 09:15:21,742 : INFO : EventManager : Event: ======'machine_reset_phase_3'====== Args={}
2023-01-25 09:15:21,743 : INFO : EventManager : Event: ======'reset_complete'====== Args={}
2023-01-25 09:15:21,743 : INFO : EventManager : Event: ======'mode_attract_will_start'====== Args={}
2023-01-25 09:15:21,744 : INFO : EventManager : Event: ======'mode_attract_starting'====== Args={}
2023-01-25 09:15:21,744 : INFO : Mode.attract : Started. Priority: 10
2023-01-25 09:15:21,744 : INFO : EventManager : Event: ======'modes_active_modes_changed'====== Args={}
2023-01-25 09:15:21,744 : INFO : EventManager : Event: ======'mode_attract_started'====== Args={}
2023-01-25 09:15:21,745 : INFO : EventManager : Event: ======'collecting_balls_complete'====== Args={}
2023-01-25 09:15:21,771 : INFO : EventManager : Event: ======'slide_attract_started_created'====== Args={'_from_bcp': True}
2023-01-25 09:15:21,771 : INFO : EventManager : Event: ======'slide_attract_started_active'====== Args={'_from_bcp': True}
2023-01-25 09:15:21,772 : INFO : Machine : Starting the main run loop.
2023-01-25 09:15:22,636 : INFO : SwitchController : <<<<<<< 's_pop_mid' active >>>>>>>
2023-01-25 09:15:22,839 : INFO : SwitchController : <<<<<<< 's_pop_mid' inactive >>>>>>>
2023-01-25 09:15:26,074 : INFO : SwitchController : <<<<<<< 's_pop_mid' active >>>>>>>
2023-01-25 09:15:26,264 : INFO : SwitchController : <<<<<<< 's_pop_mid' inactive >>>>>>>
2023-01-25 09:15:26,407 : INFO : SwitchController : <<<<<<< 's_pop_mid' active >>>>>>>
2023-01-25 09:15:26,540 : INFO : SwitchController : <<<<<<< 's_pop_mid' inactive >>>>>>>
2023-01-25 09:15:26,659 : INFO : SwitchController : <<<<<<< 's_pop_mid' active >>>>>>>
2023-01-25 09:15:26,817 : INFO : SwitchController : <<<<<<< 's_pop_mid' inactive >>>>>>>
2023-01-25 09:15:26,924 : INFO : SwitchController : <<<<<<< 's_pop_mid' active >>>>>>>
2023-01-25 09:15:27,033 : INFO : SwitchController : <<<<<<< 's_pop_mid' inactive >>>>>>>
2023-01-25 09:15:27,142 : INFO : SwitchController : <<<<<<< 's_pop_mid' active >>>>>>>
2023-01-25 09:15:27,266 : INFO : SwitchController : <<<<<<< 's_pop_mid' inactive >>>>>>>
2023-01-25 09:15:27,344 : INFO : SwitchController : <<<<<<< 's_pop_mid' active >>>>>>>
2023-01-25 09:15:27,469 : INFO : SwitchController : <<<<<<< 's_pop_mid' inactive >>>>>>>
2023-01-25 09:15:27,608 : INFO : SwitchController : <<<<<<< 's_pop_mid' active >>>>>>>
2023-01-25 09:15:27,698 : INFO : SwitchController : <<<<<<< 's_pop_mid' inactive >>>>>>>
2023-01-25 09:15:28,568 : INFO : SwitchController : <<<<<<< 's_pop_bot' active >>>>>>>
2023-01-25 09:15:28,647 : INFO : SwitchController : <<<<<<< 's_pop_bot' inactive >>>>>>>
2023-01-25 09:15:28,942 : INFO : SwitchController : <<<<<<< 's_pop_bot' active >>>>>>>
2023-01-25 09:15:28,959 : INFO : SwitchController : <<<<<<< 's_pop_bot' inactive >>>>>>>
2023-01-25 09:15:29,084 : INFO : SwitchController : <<<<<<< 's_pop_bot' active >>>>>>>
2023-01-25 09:15:29,090 : INFO : SwitchController : <<<<<<< 's_pop_bot' inactive >>>>>>>
2023-01-25 09:15:29,186 : INFO : SwitchController : <<<<<<< 's_pop_bot' active >>>>>>>
2023-01-25 09:15:29,353 : INFO : SwitchController : <<<<<<< 's_pop_bot' inactive >>>>>>>
2023-01-25 09:15:29,431 : INFO : SwitchController : <<<<<<< 's_pop_bot' active >>>>>>>
2023-01-25 09:15:29,554 : INFO : SwitchController : <<<<<<< 's_pop_bot' inactive >>>>>>>
2023-01-25 09:15:29,561 : INFO : SwitchController : <<<<<<< 's_pop_bot' active >>>>>>>
2023-01-25 09:15:29,569 : INFO : SwitchController : <<<<<<< 's_pop_bot' inactive >>>>>>>
2023-01-25 09:15:29,679 : INFO : SwitchController : <<<<<<< 's_pop_bot' active >>>>>>>
2023-01-25 09:15:29,803 : INFO : SwitchController : <<<<<<< 's_pop_bot' inactive >>>>>>>
2023-01-25 09:15:29,897 : INFO : SwitchController : <<<<<<< 's_pop_bot' active >>>>>>>
2023-01-25 09:15:29,930 : INFO : SwitchController : <<<<<<< 's_pop_bot' inactive >>>>>>>
2023-01-25 09:15:29,937 : INFO : SwitchController : <<<<<<< 's_pop_bot' active >>>>>>>
2023-01-25 09:15:30,018 : INFO : SwitchController : <<<<<<< 's_pop_bot' inactive >>>>>>>
2023-01-25 09:15:30,036 : INFO : SwitchController : <<<<<<< 's_pop_bot' active >>>>>>>
2023-01-25 09:15:30,044 : INFO : SwitchController : <<<<<<< 's_pop_bot' inactive >>>>>>>
2023-01-25 09:15:30,149 : INFO : SwitchController : <<<<<<< 's_pop_bot' active >>>>>>>
2023-01-25 09:15:30,284 : INFO : SwitchController : <<<<<<< 's_pop_bot' inactive >>>>>>>
2023-01-25 09:15:30,379 : INFO : SwitchController : <<<<<<< 's_pop_bot' active >>>>>>>
2023-01-25 09:15:30,489 : INFO : SwitchController : <<<<<<< 's_pop_bot' inactive >>>>>>>
2023-01-25 09:15:30,506 : INFO : SwitchController : <<<<<<< 's_pop_bot' active >>>>>>>
2023-01-25 09:15:30,522 : INFO : SwitchController : <<<<<<< 's_pop_bot' inactive >>>>>>>
2023-01-25 09:15:31,990 : INFO : SwitchController : <<<<<<< 's_pop_mid' active >>>>>>>
2023-01-25 09:15:32,179 : INFO : SwitchController : <<<<<<< 's_pop_mid' inactive >>>>>>>
2023-01-25 09:15:32,295 : INFO : SwitchController : <<<<<<< 's_pop_mid' active >>>>>>>
2023-01-25 09:15:32,495 : INFO : SwitchController : <<<<<<< 's_pop_mid' inactive >>>>>>>
2023-01-25 09:15:32,604 : INFO : SwitchController : <<<<<<< 's_pop_mid' active >>>>>>>
2023-01-25 09:15:32,761 : INFO : SwitchController : <<<<<<< 's_pop_mid' inactive >>>>>>>
2023-01-25 09:15:32,947 : INFO : SwitchController : <<<<<<< 's_pop_mid' active >>>>>>>
2023-01-25 09:15:33,085 : INFO : SwitchController : <<<<<<< 's_pop_mid' inactive >>>>>>>
2023-01-25 09:15:33,221 : INFO : SwitchController : <<<<<<< 's_pop_mid' active >>>>>>>
2023-01-25 09:15:33,376 : INFO : SwitchController : <<<<<<< 's_pop_mid' inactive >>>>>>>
2023-01-25 09:15:33,539 : INFO : SwitchController : <<<<<<< 's_pop_mid' active >>>>>>>
2023-01-25 09:15:33,742 : INFO : SwitchController : <<<<<<< 's_pop_mid' inactive >>>>>>>
2023-01-25 09:15:33,966 : INFO : SwitchController : <<<<<<< 's_pop_mid' active >>>>>>>
2023-01-25 09:15:34,119 : INFO : SwitchController : <<<<<<< 's_pop_mid' inactive >>>>>>>
2023-01-25 09:15:34,384 : INFO : SwitchController : <<<<<<< 's_pop_mid' active >>>>>>>
2023-01-25 09:15:34,452 : INFO : SwitchController : <<<<<<< 's_pop_mid' inactive >>>>>>>
2023-01-25 09:15:34,777 : INFO : SwitchController : <<<<<<< 's_pop_mid' active >>>>>>>
2023-01-25 09:15:34,896 : INFO : SwitchController : <<<<<<< 's_pop_mid' inactive >>>>>>>
2023-01-25 09:15:35,242 : INFO : SwitchController : <<<<<<< 's_pop_mid' active >>>>>>>
2023-01-25 09:15:35,350 : INFO : SwitchController : <<<<<<< 's_pop_mid' inactive >>>>>>>
2023-01-25 09:15:35,571 : INFO : SwitchController : <<<<<<< 's_pop_mid' active >>>>>>>
2023-01-25 09:15:35,750 : INFO : SwitchController : <<<<<<< 's_pop_mid' inactive >>>>>>>
2023-01-25 09:15:35,910 : INFO : SwitchController : <<<<<<< 's_pop_mid' active >>>>>>>
2023-01-25 09:15:36,068 : INFO : SwitchController : <<<<<<< 's_pop_mid' inactive >>>>>>>
2023-01-25 09:15:37,908 : INFO : Machine : Shutting down...
2023-01-25 09:15:37,908 : INFO : EventManager : Event: ======'shutdown'====== Args={}
2023-01-25 09:15:37,913 : ERROR : OPP : Stop called on serial connection com3
2023-01-25 09:15:37,918 : ERROR : OPP : Stop called on serial connection com4
2023-01-25 09:15:37,918 : ERROR : asyncio : Exception in callback Util.raise_exceptions(<Task finishe...ection lost')>) at C:\Users\ruben\.local\pipx\venvs\mpf\lib\site-packages\mpf\core\utility_functions.py:759
handle: <Handle Util.raise_exceptions(<Task finishe...ection lost')>) at C:\Users\ruben\.local\pipx\venvs\mpf\lib\site-packages\mpf\core\utility_functions.py:759>
Traceback (most recent call last):
  File "C:\Users\ruben\AppData\Local\Programs\Python\Python39\lib\asyncio\events.py", line 80, in _run
    self._context.run(self._callback, *self._args)
  File "C:\Users\ruben\.local\pipx\venvs\mpf\lib\site-packages\mpf\core\utility_functions.py", line 767, in raise_exceptions
    future.result()
  File "C:\Users\ruben\.local\pipx\venvs\mpf\lib\site-packages\mpf\platforms\opp\opp.py", line 965, in _poll_sender
    await self.opp_connection[chain_serial].writer.drain()
  File "C:\Users\ruben\AppData\Local\Programs\Python\Python39\lib\asyncio\streams.py", line 387, in drain
    await self._protocol._drain_helper()
  File "C:\Users\ruben\AppData\Local\Programs\Python\Python39\lib\asyncio\streams.py", line 190, in _drain_helper
    raise ConnectionResetError('Connection lost')
ConnectionResetError: Connection lost
2023-01-25 09:15:38,176 : WARNING : OPP : Poll took more than 250.0ms for 0
2023-01-25 09:15:38,178 : ERROR : asyncio : Exception in callback Util.raise_exceptions(<Task finishe...ute 'write'")>) at C:\Users\ruben\.local\pipx\venvs\mpf\lib\site-packages\mpf\core\utility_functions.py:759
handle: <Handle Util.raise_exceptions(<Task finishe...ute 'write'")>) at C:\Users\ruben\.local\pipx\venvs\mpf\lib\site-packages\mpf\core\utility_functions.py:759>
Traceback (most recent call last):
  File "C:\Users\ruben\AppData\Local\Programs\Python\Python39\lib\asyncio\events.py", line 80, in _run
    self._context.run(self._callback, *self._args)
  File "C:\Users\ruben\.local\pipx\venvs\mpf\lib\site-packages\mpf\core\utility_functions.py", line 767, in raise_exceptions
    future.result()
  File "C:\Users\ruben\.local\pipx\venvs\mpf\lib\site-packages\mpf\platforms\opp\opp.py", line 964, in _poll_sender
    self.send_to_processor(chain_serial, self.read_input_msg[chain_serial])
  File "C:\Users\ruben\.local\pipx\venvs\mpf\lib\site-packages\mpf\platforms\opp\opp.py", line 345, in send_to_processor
    self.opp_connection[chain_serial].send(msg)
  File "C:\Users\ruben\.local\pipx\venvs\mpf\lib\site-packages\mpf\platforms\base_serial_communicator.py", line 160, in send
    self.writer.write(msg)
AttributeError: 'NoneType' object has no attribute 'write'
2023-01-25 09:15:38,184 : INFO : root : MPF run loop ended.
