2023-01-25 07:05:18,785 : kivy : Factory: 189 symbols loaded
2023-01-25 07:05:19,039 : kivy : ImageLoaderFFPy: Using ffpyplayer 4.3.5
2023-01-25 07:05:19,039 : kivy : Image: Providers: img_tex, img_dds, img_sdl2, img_pil, img_ffpyplayer 
2023-01-25 07:05:19,096 : kivy : VideoGstplayer: Using Gstreamer 1.18.5.0
2023-01-25 07:05:19,096 : kivy : Video: Provider: gstplayer
2023-01-25 07:05:19,292 : kivy : Loading MPF-MC controller
2023-01-25 07:05:19,296 : YamlMultifileConfigLoader : Machine config file #1: config
2023-01-25 07:05:19,297 : ConfigProcessor : Loading config from file C:\Users\ruben\.local\pipx\venvs\mpf\lib\site-packages\mpfmc\mcconfig.yaml.
2023-01-25 07:05:19,345 : ConfigProcessor : Loading config: C:\Users\ruben\.local\pipx\venvs\mpf\lib\site-packages\mpfmc\mcconfig.yaml
2023-01-25 07:05:19,347 : ConfigProcessor : Loading config from file C:\pinball\my_machine\config\config.
2023-01-25 07:05:19,362 : ConfigProcessor : Loading config: C:\pinball\my_machine\config\config
2023-01-25 07:05:19,364 : ConfigProcessor : Config file cache created: C:\Users\ruben\AppData\Local\Temp\5edbcd24fbe704f5401fb4c9e1e1d8f8.mpf_cache
2023-01-25 07:05:19,374 : ConfigProcessor : Loading config from cache: C:\Users\ruben\AppData\Local\Temp\67cf8ffee0fce2d4fcb5ef0bb894d8de.mpf_cache
2023-01-25 07:05:19,375 : ConfigProcessor : Loading config from cache: C:\Users\ruben\AppData\Local\Temp\25321780674732dcacb77a8f5b2a53cd.mpf_cache
2023-01-25 07:05:19,376 : mpfmc : Mission Pinball Framework Media Controller v0.56.1
2023-01-25 07:05:19,377 : mpfmc : Mission Pinball Framework Game Engine v0.56.0
2023-01-25 07:05:19,377 : mpfmc : Machine path: C:\pinball\my_machine
2023-01-25 07:05:19,378 : mpfmc : Starting clock at 60.0Hz
2023-01-25 07:05:19,398 : kivy : Text: Provider: sdl2
2023-01-25 07:05:19,452 : kivy : Window: Provider: sdl2
2023-01-25 07:05:20,635 : kivy : GL: Using the "OpenGL" graphics system
2023-01-25 07:05:20,647 : kivy : GL: GLEW initialization succeeded
2023-01-25 07:05:20,647 : kivy : GL: Backend used <glew>
2023-01-25 07:05:20,648 : kivy : GL: OpenGL version <b'4.5.0 NVIDIA 376.54'>
2023-01-25 07:05:20,648 : kivy : GL: OpenGL vendor <b'NVIDIA Corporation'>
2023-01-25 07:05:20,648 : kivy : GL: OpenGL renderer <b'GeForce GT 630M/PCIe/SSE2'>
2023-01-25 07:05:20,649 : kivy : GL: OpenGL parsed version: 4, 5
2023-01-25 07:05:20,649 : kivy : GL: Shading version <b'4.50 NVIDIA'>
2023-01-25 07:05:20,650 : kivy : GL: Texture max size <16384>
2023-01-25 07:05:20,650 : kivy : GL: Texture max units <32>
2023-01-25 07:05:20,758 : kivy : Window: auto add sdl2 input provider
2023-01-25 07:05:20,759 : kivy : Window: virtual keyboard not allowed, single mode, not docked
2023-01-25 07:05:20,770 : SoundSystem : SoundSystem: Using default 'sound_system' settings
2023-01-25 07:05:21,626 : AudioInterface : Initialized
2023-01-25 07:05:21,627 : AudioInterface : Loaded SDL 2.0.20
2023-01-25 07:05:21,628 : AudioInterface : Loaded SDL_Mixer 2.0.4
2023-01-25 07:05:21,630 : AudioInterface : Loaded GStreamer 1.18.5.0
2023-01-25 07:05:21,631 : AudioInterface : Loaded GLib 2.62.6
2023-01-25 07:05:21,632 : AudioInterface : Settings requested - rate: 44100, channels: 1, buffer: 2048 samples
2023-01-25 07:05:21,632 : AudioInterface : Settings in use - rate: 44100, channels: 1, buffer: 2048 samples (4096 bytes @ 2 bytes per sample)
2023-01-25 07:05:21,633 : SoundSystem : No audio tracks are specified in your machine config file. a track named 'default' has been created.
2023-01-25 07:05:21,633 : SoundSystem : Setting master volume to 0.0
2023-01-25 07:05:21,634 : SoundSystem : master_volume in sound_system is deprecated and will be removed in the future.
2023-01-25 07:05:21,635 : AudioInterface : Enabling audio playback
2023-01-25 07:05:21,638 : kivy : Base: Start application main loop
2023-01-25 07:05:21,639 : EventManager : Event: ======'display_window_initialized'====== Args={}
2023-01-25 07:05:21,646 : mpfmc : Display: Setting 'window' as default display
2023-01-25 07:05:21,657 : EventManager : Event: ======'displays_initialized'====== Args={}
2023-01-25 07:05:21,660 : EventManager : Event: ======'slide_window_blank_created'====== Args={}
2023-01-25 07:05:21,660 : EventManager : Event: ======'display_window_ready'====== Args={}
2023-01-25 07:05:21,680 : EventManager : Event: ======'init_phase_1'====== Args={}
2023-01-25 07:05:21,690 : EventManager : Event: ======'mc_ready'====== Args={}
2023-01-25 07:05:21,690 : EventManager : Event: ======'init_phase_2'====== Args={}
2023-01-25 07:05:21,694 : EventManager : Event: ======'init_phase_3'====== Args={}
2023-01-25 07:05:21,696 : EventManager : Event: ======'init_phase_4'====== Args={}
2023-01-25 07:05:21,697 : EventManager : Event: ======'init_phase_5'====== Args={}
2023-01-25 07:05:21,699 : EventManager : Event: ======'init_done'====== Args={}
2023-01-25 07:05:21,701 : MPF-MC BCP Server : Starting up on localhost port 5050
2023-01-25 07:05:21,706 : MPF-MC BCP Server : Waiting for a connection...
2023-01-25 07:05:21,706 : mpfmc : SlidePlayer: Play called with settings={'slides': {welcome_slide-None-None: {'priority': None, 'target': None, 'background_color': [0.0, 0.0, 0.0, 1.0], 'show': True, 'force': False, 'expire': None, 'slide': None, 'tokens': {}, 'action': 'play', 'transition': None, 'transition_out': None}}}
2023-01-25 07:05:21,781 : kivy : GL: NPOT texture support is available
2023-01-25 07:05:21,783 : EventManager : Event: ======'slide_welcome_slide_created'====== Args={}
2023-01-25 07:05:21,787 : EventManager : Event: ======'slide_welcome_slide_active'====== Args={}
2023-01-25 07:05:21,795 : EventManager : Event: ======'client_disconnected'====== Args={'host': '127.0.0.1', 'port': 5050}
2023-01-25 07:05:32,341 : kivy : Base: Leaving application in progress...
