2023-01-25 07:44:04,326 : kivy : Factory: 189 symbols loaded
2023-01-25 07:44:04,621 : kivy : ImageLoaderFFPy: Using ffpyplayer 4.3.5
2023-01-25 07:44:04,621 : kivy : Image: Providers: img_tex, img_dds, img_sdl2, img_pil, img_ffpyplayer 
2023-01-25 07:44:04,679 : kivy : VideoGstplayer: Using Gstreamer 1.18.5.0
2023-01-25 07:44:04,680 : kivy : Video: Provider: gstplayer
2023-01-25 07:44:04,902 : kivy : Loading MPF-MC controller
2023-01-25 07:44:04,905 : YamlMultifileConfigLoader : Machine config file #1: config
2023-01-25 07:44:04,906 : ConfigProcessor : Config file in cache changed: C:\pinball\my_machine\config\config
2023-01-25 07:44:04,907 : ConfigProcessor : Loading config from file C:\Users\ruben\.local\pipx\venvs\mpf\lib\site-packages\mpfmc\mcconfig.yaml.
2023-01-25 07:44:04,957 : ConfigProcessor : Loading config: C:\Users\ruben\.local\pipx\venvs\mpf\lib\site-packages\mpfmc\mcconfig.yaml
2023-01-25 07:44:04,958 : ConfigProcessor : Loading config from file C:\pinball\my_machine\config\config.
2023-01-25 07:44:04,983 : ConfigProcessor : Loading config: C:\pinball\my_machine\config\config
2023-01-25 07:44:04,985 : ConfigProcessor : Config file cache created: C:\Users\ruben\AppData\Local\Temp\5edbcd24fbe704f5401fb4c9e1e1d8f8.mpf_cache
2023-01-25 07:44:04,986 : ConfigProcessor : Loading config from cache: C:\Users\ruben\AppData\Local\Temp\67cf8ffee0fce2d4fcb5ef0bb894d8de.mpf_cache
2023-01-25 07:44:04,987 : ConfigProcessor : Loading config from cache: C:\Users\ruben\AppData\Local\Temp\25321780674732dcacb77a8f5b2a53cd.mpf_cache
2023-01-25 07:44:04,988 : mpfmc : Mission Pinball Framework Media Controller v0.56.1
2023-01-25 07:44:04,988 : mpfmc : Mission Pinball Framework Game Engine v0.56.0
2023-01-25 07:44:04,988 : mpfmc : Machine path: C:\pinball\my_machine
2023-01-25 07:44:04,988 : mpfmc : Starting clock at 60.0Hz
2023-01-25 07:44:05,010 : kivy : Text: Provider: sdl2
2023-01-25 07:44:05,074 : kivy : Window: Provider: sdl2
2023-01-25 07:44:06,190 : kivy : GL: Using the "OpenGL" graphics system
2023-01-25 07:44:06,198 : kivy : GL: GLEW initialization succeeded
2023-01-25 07:44:06,198 : kivy : GL: Backend used <glew>
2023-01-25 07:44:06,198 : kivy : GL: OpenGL version <b'4.5.0 NVIDIA 376.54'>
2023-01-25 07:44:06,198 : kivy : GL: OpenGL vendor <b'NVIDIA Corporation'>
2023-01-25 07:44:06,198 : kivy : GL: OpenGL renderer <b'GeForce GT 630M/PCIe/SSE2'>
2023-01-25 07:44:06,198 : kivy : GL: OpenGL parsed version: 4, 5
2023-01-25 07:44:06,198 : kivy : GL: Shading version <b'4.50 NVIDIA'>
2023-01-25 07:44:06,198 : kivy : GL: Texture max size <16384>
2023-01-25 07:44:06,199 : kivy : GL: Texture max units <32>
2023-01-25 07:44:06,224 : kivy : Window: auto add sdl2 input provider
2023-01-25 07:44:06,225 : kivy : Window: virtual keyboard not allowed, single mode, not docked
2023-01-25 07:44:06,238 : SoundSystem : SoundSystem: Using default 'sound_system' settings
2023-01-25 07:44:06,571 : AudioInterface : Initialized
2023-01-25 07:44:06,571 : AudioInterface : Loaded SDL 2.0.20
2023-01-25 07:44:06,571 : AudioInterface : Loaded SDL_Mixer 2.0.4
2023-01-25 07:44:06,572 : AudioInterface : Loaded GStreamer 1.18.5.0
2023-01-25 07:44:06,572 : AudioInterface : Loaded GLib 2.62.6
2023-01-25 07:44:06,572 : AudioInterface : Settings requested - rate: 44100, channels: 1, buffer: 2048 samples
2023-01-25 07:44:06,572 : AudioInterface : Settings in use - rate: 44100, channels: 1, buffer: 2048 samples (4096 bytes @ 2 bytes per sample)
2023-01-25 07:44:06,572 : SoundSystem : No audio tracks are specified in your machine config file. a track named 'default' has been created.
2023-01-25 07:44:06,572 : SoundSystem : Setting master volume to 0.0
2023-01-25 07:44:06,572 : SoundSystem : master_volume in sound_system is deprecated and will be removed in the future.
2023-01-25 07:44:06,572 : AudioInterface : Enabling audio playback
2023-01-25 07:44:06,575 : kivy : Base: Start application main loop
2023-01-25 07:44:06,576 : EventManager : Event: ======'display_window_initialized'====== Args={}
2023-01-25 07:44:06,586 : mpfmc : Display: Setting 'window' as default display
2023-01-25 07:44:06,598 : EventManager : Event: ======'displays_initialized'====== Args={}
2023-01-25 07:44:06,600 : EventManager : Event: ======'slide_window_blank_created'====== Args={}
2023-01-25 07:44:06,601 : EventManager : Event: ======'display_window_ready'====== Args={}
2023-01-25 07:44:06,627 : EventManager : Event: ======'init_phase_1'====== Args={}
2023-01-25 07:44:06,634 : EventManager : Event: ======'mc_ready'====== Args={}
2023-01-25 07:44:06,634 : EventManager : Event: ======'init_phase_2'====== Args={}
2023-01-25 07:44:06,636 : EventManager : Event: ======'init_phase_3'====== Args={}
2023-01-25 07:44:06,637 : EventManager : Event: ======'init_phase_4'====== Args={}
2023-01-25 07:44:06,637 : EventManager : Event: ======'init_phase_5'====== Args={}
2023-01-25 07:44:06,637 : EventManager : Event: ======'init_done'====== Args={}
2023-01-25 07:44:06,638 : MPF-MC BCP Server : Starting up on localhost port 5050
2023-01-25 07:44:06,644 : MPF-MC BCP Server : Waiting for a connection...
2023-01-25 07:44:06,644 : mpfmc : SlidePlayer: Play called with settings={'slides': {welcome_slide-None-None: {'priority': None, 'target': None, 'background_color': [0.0, 0.0, 0.0, 1.0], 'show': True, 'force': False, 'expire': None, 'slide': None, 'tokens': {}, 'action': 'play', 'transition': None, 'transition_out': None}}}
2023-01-25 07:44:06,717 : kivy : GL: NPOT texture support is available
2023-01-25 07:44:06,719 : EventManager : Event: ======'slide_welcome_slide_created'====== Args={}
2023-01-25 07:44:06,723 : EventManager : Event: ======'slide_welcome_slide_active'====== Args={}
2023-01-25 07:44:06,728 : EventManager : Event: ======'client_disconnected'====== Args={'host': '127.0.0.1', 'port': 5050}
2023-01-25 07:44:06,890 : MPF-MC BCP Server : Received connection from: 127.0.0.1:51705
2023-01-25 07:44:06,891 : EventManager : Event: ======'client_connected'====== Args={'host': '127.0.0.1', 'port': 51705}
2023-01-25 07:44:06,989 : EventManager : Event: ======'machine_var_credits_string'====== Args={'value': 'FREE PLAY', 'prev_value': None, 'change': True}
2023-01-25 07:44:06,989 : EventManager : Event: ======'machine_var_master_volume'====== Args={'value': 0.5, 'prev_value': None, 'change': True}
2023-01-25 07:44:06,990 : EventManager : Event: ======'machine_var_mpf_version'====== Args={'value': 'MPF v0.56.0', 'prev_value': None, 'change': True}
2023-01-25 07:44:06,990 : EventManager : Event: ======'machine_var_mpf_extended_version'====== Args={'value': 'MPF v0.56.0, Config version:5, Show version: 5, BCP version:1.1', 'prev_value': None, 'change': True}
2023-01-25 07:44:06,990 : EventManager : Event: ======'machine_var_python_version'====== Args={'value': '3.9.13', 'prev_value': None, 'change': True}
2023-01-25 07:44:06,990 : EventManager : Event: ======'machine_var_platform'====== Args={'value': 'Windows-10-10.0.19045-SP0', 'prev_value': None, 'change': True}
2023-01-25 07:44:06,991 : EventManager : Event: ======'machine_var_platform_system'====== Args={'value': 'Windows', 'prev_value': None, 'change': True}
2023-01-25 07:44:06,991 : EventManager : Event: ======'machine_var_platform_release'====== Args={'value': '10', 'prev_value': None, 'change': True}
2023-01-25 07:44:06,991 : EventManager : Event: ======'machine_var_platform_version'====== Args={'value': '10.0.19045', 'prev_value': None, 'change': True}
2023-01-25 07:44:06,991 : EventManager : Event: ======'machine_var_platform_machine'====== Args={'value': 'AMD64', 'prev_value': None, 'change': True}
2023-01-25 07:44:06,991 : EventManager : Event: ======'machine_var_mc_version'====== Args={'value': 'MPF-MC v0.56.1', 'prev_value': None, 'change': True}
2023-01-25 07:44:06,992 : EventManager : Event: ======'machine_var_mc_extended_version'====== Args={'value': 'MPF-MC v0.56.1 (config_version=5, BCP v1.1,                      Requires MPF API compatibility v0.56.0 or newer)', 'prev_value': None, 'change': True}
2023-01-25 07:44:06,992 : SoundSystem : Setting master volume to 0.5
2023-01-25 07:44:07,026 : EventManager : Event: ======'machine_var_audits_events_game_ended'====== Args={'value': 0, 'prev_value': None, 'change': True}
2023-01-25 07:44:07,026 : EventManager : Event: ======'machine_var_audits_events_game_started'====== Args={'value': 4, 'prev_value': None, 'change': True}
2023-01-25 07:44:07,026 : EventManager : Event: ======'machine_var_audits_player_score'====== Args={'value': {'average': 0, 'top': [], 'total': 0}, 'prev_value': None, 'change': True}
2023-01-25 07:44:07,026 : EventManager : Event: ======'machine_var_audits_switches_s_left_flipper'====== Args={'value': 12, 'prev_value': None, 'change': True}
2023-01-25 07:44:07,026 : EventManager : Event: ======'machine_var_audits_switches_s_left_slingshot'====== Args={'value': 7, 'prev_value': None, 'change': True}
2023-01-25 07:44:07,026 : EventManager : Event: ======'machine_var_audits_switches_s_right_flipper'====== Args={'value': 17, 'prev_value': None, 'change': True}
2023-01-25 07:44:07,027 : EventManager : Event: ======'machine_var_audits_switches_s_right_inlane'====== Args={'value': 0, 'prev_value': None, 'change': True}
2023-01-25 07:44:07,027 : EventManager : Event: ======'machine_var_audits_switches_s_right_slingshot'====== Args={'value': 6, 'prev_value': None, 'change': True}
2023-01-25 07:44:07,027 : EventManager : Event: ======'machine_var_audits_switches_s_startButton'====== Args={'value': 1, 'prev_value': None, 'change': True}
2023-01-25 07:44:07,027 : EventManager : Event: ======'machine_var_audits_switches_s_trough1'====== Args={'value': 1, 'prev_value': None, 'change': True}
2023-01-25 07:44:07,038 : EventManager : Event: ======'slides_play'====== Args={'settings': {'welcome_slide': {'target': None, 'background_color': [0.0, 0.0, 0.0, 1.0], 'priority': None, 'show': True, 'force': False, 'expire': None, 'slide': None, 'tokens': {}, 'action': 'play'}}, 'context': '_global', 'calling_context': 'init_done', 'priority': 0}
2023-01-25 07:44:07,038 : EventManager : Event: ======'mc_reset_phase_1'====== Args={}
2023-01-25 07:44:07,038 : mpfmc : SlidePlayer: Play called with settings={'welcome_slide': {'target': None, 'background_color': [0.0, 0.0, 0.0, 1.0], 'priority': None, 'show': True, 'force': False, 'expire': None, 'slide': None, 'tokens': {}, 'action': 'play'}}
2023-01-25 07:44:07,038 : EventManager : Event: ======'slide_welcome_slide_removed'====== Args={}
2023-01-25 07:44:07,042 : EventManager : Event: ======'slide_welcome_slide_created'====== Args={}
2023-01-25 07:44:07,043 : EventManager : Event: ======'mc_reset_phase_2'====== Args={}
2023-01-25 07:44:07,043 : EventManager : Event: ======'mc_reset_phase_3'====== Args={}
2023-01-25 07:44:07,043 : EventManager : Event: ======'mc_reset_complete'====== Args={}
2023-01-25 07:44:07,044 : EventManager : Event: ======'slide_welcome_slide_active'====== Args={}
2023-01-25 07:44:07,061 : EventManager : Event: ======'slides_play'====== Args={'settings': {'attract_started': {'target': None, 'background_color': [0.0, 0.0, 0.0, 1.0], 'priority': None, 'show': True, 'force': False, 'expire': None, 'slide': None, 'tokens': {}, 'action': 'play'}}, 'context': '_global', 'calling_context': 'mode_attract_started', 'priority': 0}
2023-01-25 07:44:07,061 : mpfmc : SlidePlayer: Play called with settings={'attract_started': {'target': None, 'background_color': [0.0, 0.0, 0.0, 1.0], 'priority': None, 'show': True, 'force': False, 'expire': None, 'slide': None, 'tokens': {}, 'action': 'play'}}
2023-01-25 07:44:07,066 : EventManager : Event: ======'slide_attract_started_created'====== Args={}
2023-01-25 07:44:07,067 : EventManager : Event: ======'slide_attract_started_active'====== Args={}
2023-01-25 07:44:09,100 : EventManager : Event: ======'game_started'====== Args={}
2023-01-25 07:44:09,112 : EventManager : Event: ======'player_added'====== Args={'player': <Player 1>, 'num': 1}
2023-01-25 07:44:09,112 : EventManager : Event: ======'player_index'====== Args={'value': 0, 'prev_value': 0, 'change': 0, 'player_num': 1}
2023-01-25 07:44:09,112 : EventManager : Event: ======'player_number'====== Args={'value': 1, 'prev_value': 1, 'change': 0, 'player_num': 1}
2023-01-25 07:44:09,113 : EventManager : Event: ======'player_score'====== Args={'value': 0, 'prev_value': 0, 'change': 0, 'player_num': 1}
2023-01-25 07:44:09,149 : EventManager : Event: ======'player_ball'====== Args={'value': 1, 'prev_value': 0, 'change': 1, 'player_num': 1}
2023-01-25 07:44:09,149 : EventManager : Event: ======'player_turn_start'====== Args={'number': 1, 'player': <Player 1>}
2023-01-25 07:44:09,149 : EventManager : Event: ======'slides_play'====== Args={'settings': {'widgets': {'widgets': [{'type': 'text', 'text': 'PLAYER (number) BALL (ball)', '_default_settings': ['type', 'text'], 'x': None, 'y': None, 'anchor_x': 'center', 'anchor_y': 'center', 'round_anchor_x': None, 'round_anchor_y': None, 'opacity': 1.0, 'z': 0, 'reset_animations_events': {}, 'color': [1.0, 1.0, 1.0, 1.0], 'style': [], 'adjust_top': 0, 'adjust_bottom': 0, 'adjust_left': 0, 'adjust_right': 0, 'expire': None, 'key': None, 'widget': None, 'events_when_added': [], 'events_when_removed': [], 'font_size': 15, 'bitmap_font': False, 'font_kerning': True, 'bold': False, 'italic': False, 'number_grouping': False, 'min_digits': 0, 'halign': 'center', 'valign': 'middle', 'rotation': 0, 'scale': 1.0, 'casing': None, 'animations': None}], 'target': None, 'background_color': [0.0, 0.0, 0.0, 1.0], 'priority': None, 'show': True, 'force': False, 'expire': None, 'slide': None, 'tokens': {}, 'action': 'play'}}, 'context': '_global', 'calling_context': 'ball_started', 'priority': 0, 'player': 1, 'ball': 1, 'balls_remaining': 2, 'is_extra_ball': False}
2023-01-25 07:44:09,150 : mpfmc : SlidePlayer: Play called with settings={'widgets': {'widgets': [{'type': 'text', 'text': 'PLAYER (number) BALL (ball)', '_default_settings': ['type', 'text'], 'x': None, 'y': None, 'anchor_x': 'center', 'anchor_y': 'center', 'round_anchor_x': None, 'round_anchor_y': None, 'opacity': 1.0, 'z': 0, 'reset_animations_events': {}, 'color': [1.0, 1.0, 1.0, 1.0], 'style': [], 'adjust_top': 0, 'adjust_bottom': 0, 'adjust_left': 0, 'adjust_right': 0, 'expire': None, 'key': None, 'widget': None, 'events_when_added': [], 'events_when_removed': [], 'font_size': 15, 'bitmap_font': False, 'font_kerning': True, 'bold': False, 'italic': False, 'number_grouping': False, 'min_digits': 0, 'halign': 'center', 'valign': 'middle', 'rotation': 0, 'scale': 1.0, 'casing': None, 'animations': None}], 'target': None, 'background_color': [0.0, 0.0, 0.0, 1.0], 'priority': None, 'show': True, 'force': False, 'expire': None, 'slide': None, 'tokens': {}, 'action': 'play'}}
2023-01-25 07:44:09,155 : EventManager : Event: ======'slide__global.slide_player-ball_started_created'====== Args={}
2023-01-25 07:44:09,158 : EventManager : Event: ======'slide__global.slide_player-ball_started_active'====== Args={}
2023-01-25 07:44:11,658 : EventManager : Event: ======'machine_var_audits_switches_s_right_slingshot'====== Args={'value': 7, 'prev_value': 6, 'change': 1}
2023-01-25 07:44:11,805 : EventManager : Event: ======'machine_var_audits_switches_s_left_slingshot'====== Args={'value': 8, 'prev_value': 7, 'change': 1}
2023-01-25 07:44:14,251 : EventManager : Event: ======'machine_var_audits_switches_s_right_slingshot'====== Args={'value': 8, 'prev_value': 7, 'change': 1}
2023-01-25 07:44:14,350 : EventManager : Event: ======'machine_var_audits_switches_s_left_slingshot'====== Args={'value': 9, 'prev_value': 8, 'change': 1}
2023-01-25 07:44:14,463 : EventManager : Event: ======'machine_var_audits_switches_s_right_slingshot'====== Args={'value': 9, 'prev_value': 8, 'change': 1}
2023-01-25 07:44:20,463 : EventManager : Event: ======'machine_var_audits_switches_s_right_slingshot'====== Args={'value': 10, 'prev_value': 9, 'change': 1}
2023-01-25 07:44:22,582 : EventManager : Event: ======'machine_var_audits_switches_s_left_slingshot'====== Args={'value': 10, 'prev_value': 9, 'change': 1}
2023-01-25 07:44:23,104 : EventManager : Event: ======'machine_var_audits_switches_s_left_slingshot'====== Args={'value': 11, 'prev_value': 10, 'change': 1}
2023-01-25 07:44:26,948 : EventManager : Event: ======'machine_var_audits_switches_s_right_slingshot'====== Args={'value': 11, 'prev_value': 10, 'change': 1}
2023-01-25 07:44:30,735 : EventManager : Event: ======'machine_var_audits_switches_s_left_slingshot'====== Args={'value': 12, 'prev_value': 11, 'change': 1}
2023-01-25 07:44:32,750 : EventManager : Event: ======'machine_var_audits_switches_s_right_slingshot'====== Args={'value': 12, 'prev_value': 11, 'change': 1}
2023-01-25 07:44:32,997 : EventManager : Event: ======'machine_var_audits_switches_s_right_slingshot'====== Args={'value': 13, 'prev_value': 12, 'change': 1}
2023-01-25 07:44:40,350 : EventManager : Event: ======'machine_var_audits_switches_s_right_slingshot'====== Args={'value': 14, 'prev_value': 13, 'change': 1}
2023-01-25 07:44:40,559 : EventManager : Event: ======'machine_var_audits_switches_s_left_slingshot'====== Args={'value': 13, 'prev_value': 12, 'change': 1}
2023-01-25 07:44:42,601 : EventManager : Event: ======'machine_var_audits_switches_s_right_slingshot'====== Args={'value': 15, 'prev_value': 14, 'change': 1}
2023-01-25 07:44:44,524 : EventManager : Event: ======'machine_var_audits_switches_s_right_flipper'====== Args={'value': 18, 'prev_value': 17, 'change': 1}
2023-01-25 07:44:47,769 : EventManager : Event: ======'machine_var_audits_switches_s_left_slingshot'====== Args={'value': 14, 'prev_value': 13, 'change': 1}
2023-01-25 07:44:47,857 : EventManager : Event: ======'machine_var_audits_switches_s_right_slingshot'====== Args={'value': 16, 'prev_value': 15, 'change': 1}
2023-01-25 07:44:52,438 : EventManager : Event: ======'machine_var_audits_switches_s_left_slingshot'====== Args={'value': 15, 'prev_value': 14, 'change': 1}
2023-01-25 07:44:52,536 : EventManager : Event: ======'machine_var_audits_switches_s_right_slingshot'====== Args={'value': 17, 'prev_value': 16, 'change': 1}
2023-01-25 07:44:54,545 : EventManager : Event: ======'machine_var_audits_switches_s_left_slingshot'====== Args={'value': 16, 'prev_value': 15, 'change': 1}
2023-01-25 07:44:54,719 : EventManager : Event: ======'machine_var_audits_switches_s_right_slingshot'====== Args={'value': 18, 'prev_value': 17, 'change': 1}
2023-01-25 07:44:54,830 : EventManager : Event: ======'machine_var_audits_switches_s_left_slingshot'====== Args={'value': 17, 'prev_value': 16, 'change': 1}
2023-01-25 07:44:56,494 : EventManager : Event: ======'machine_var_audits_switches_s_left_slingshot'====== Args={'value': 18, 'prev_value': 17, 'change': 1}
2023-01-25 07:44:57,316 : EventManager : Event: ======'machine_var_audits_switches_s_right_slingshot'====== Args={'value': 19, 'prev_value': 18, 'change': 1}
2023-01-25 07:45:02,221 : EventManager : Event: ======'machine_var_audits_switches_s_right_slingshot'====== Args={'value': 20, 'prev_value': 19, 'change': 1}
2023-01-25 07:45:07,970 : EventManager : Event: ======'machine_var_audits_switches_s_right_slingshot'====== Args={'value': 21, 'prev_value': 20, 'change': 1}
2023-01-25 07:45:08,084 : EventManager : Event: ======'machine_var_audits_switches_s_left_slingshot'====== Args={'value': 19, 'prev_value': 18, 'change': 1}
2023-01-25 07:45:10,111 : EventManager : Event: ======'machine_var_audits_switches_s_right_slingshot'====== Args={'value': 22, 'prev_value': 21, 'change': 1}
2023-01-25 07:45:10,588 : EventManager : Event: ======'machine_var_audits_switches_s_right_slingshot'====== Args={'value': 23, 'prev_value': 22, 'change': 1}
2023-01-25 07:45:20,145 : kivy : Base: Leaving application in progress...
2023-01-25 07:45:20,145 : mpfmc : Stopping...
2023-01-25 07:45:20,145 : EventManager : Event: ======'shutdown'====== Args={}
2023-01-25 07:45:20,145 : AudioInterface : Disabling audio playback
2023-01-25 07:45:20,272 : mpfmc : Loop rate 80.13 Hz
2023-01-25 07:45:20,272 : kivy : MC run loop ended.
2023-01-25 07:45:20,272 : kivy : Stopping child threads... (3 remaining)
2023-01-25 07:45:20,278 : mpfmc : Stopping...
2023-01-25 07:45:20,278 : EventManager : Event: ======'shutdown'====== Args={}
2023-01-25 07:45:20,278 : mpfmc : Loop rate 80.12 Hz
2023-01-25 07:45:20,289 : MPF-MC BCP Server : Stopping BCP sending thread
2023-01-25 07:45:20,675 : kivy : All child threads stopped.
