2023-01-25 06:58:50,077 : INFO : root : Loading config.
2023-01-25 06:58:50,085 : INFO : YamlMultifileConfigLoader : Machine config file #1: config.yaml
2023-01-25 06:58:50,085 : WARNING : ConfigProcessor : Config file in cache changed: C:\pinball\my_machine\config\config.yaml
2023-01-25 06:58:50,085 : INFO : ConfigProcessor : Loading config from file C:\Users\ruben\.local\pipx\venvs\mpf\lib\site-packages\mpf\mpfconfig.yaml.
2023-01-25 06:58:50,176 : INFO : ConfigProcessor : Loading config: C:\Users\ruben\.local\pipx\venvs\mpf\lib\site-packages\mpf\mpfconfig.yaml
2023-01-25 06:58:50,176 : INFO : ConfigProcessor : Loading config from file C:\pinball\my_machine\config\config.yaml.
2023-01-25 06:58:50,196 : INFO : ConfigProcessor : Loading config: C:\pinball\my_machine\config\config.yaml
2023-01-25 06:58:50,196 : INFO : ConfigProcessor : Config file cache created: C:\Users\ruben\AppData\Local\Temp\a17888e5e1df298d67e07ada0b1bff4a.mpf_cache
2023-01-25 06:58:50,289 : INFO : ConfigProcessor : Loading config from cache: C:\Users\ruben\AppData\Local\Temp\67cf8ffee0fce2d4fcb5ef0bb894d8de.mpf_cache
2023-01-25 06:58:50,289 : INFO : ConfigProcessor : Loading config from cache: C:\Users\ruben\AppData\Local\Temp\25321780674732dcacb77a8f5b2a53cd.mpf_cache
2023-01-25 06:58:50,289 : INFO : Machine : Mission Pinball Framework Core Engine v0.56.0
2023-01-25 06:58:50,289 : INFO : Machine : Command line arguments: {'no_load_cache': False, 'create_config_cache': True, 'bcp': False, 'configfile': ['config.yaml'], 'force_assets_load': False, 'jsonlogging': False, 'logfile': 'logs\\2023-01-25-06-58-50-mpf-DESKTOP-11MEIVG.log', 'pause': False, 'production': False, 'text_ui': False, 'loglevel': 15, 'consoleloglevel': 20, 'force_platform': None, 'syslog_address': None, 'mc_file_name': None, 'no_sound': False}
2023-01-25 06:58:50,289 : INFO : Machine : MPF path: C:\Users\ruben\.local\pipx\venvs\mpf\lib\site-packages\mpf
2023-01-25 06:58:50,289 : INFO : Machine : Machine path: C:\pinball\my_machine
2023-01-25 06:58:50,289 : INFO : Machine : Platform: win32
2023-01-25 06:58:50,289 : INFO : Machine : Python executable location: C:\Users\ruben\.local\pipx\venvs\mpf\Scripts\python.exe
2023-01-25 06:58:50,289 : INFO : Machine : Python version: 3.9.13 (64-bit)
2023-01-25 06:58:50,296 : INFO : Machine : Initialise MPF.
2023-01-25 06:58:50,374 : INFO : OPP : Connecting to com3 at 115200bps
2023-01-25 06:58:50,543 : INFO : OPP : Init of OPP board 1 done
2023-01-25 06:58:50,543 : INFO : OPP : Connecting to com4 at 115200bps
2023-01-25 06:58:50,643 : INFO : OPP : Init of OPP board 0 done
2023-01-25 06:58:50,643 : INFO : EventManager : Event: ======'machine_var_credits_string'====== Args={'value': 'FREE PLAY', 'prev_value': None, 'change': True}
2023-01-25 06:58:50,744 : INFO : EventManager : Event: ======'machine_var_master_volume'====== Args={'value': 0.5, 'prev_value': None, 'change': True}
2023-01-25 06:58:50,744 : INFO : EventManager : Event: ======'machine_var_mpf_version'====== Args={'value': 'MPF v0.56.0', 'prev_value': None, 'change': True}
2023-01-25 06:58:50,744 : INFO : EventManager : Event: ======'machine_var_mpf_extended_version'====== Args={'value': 'MPF v0.56.0, Config version:5, Show version: 5, BCP version:1.1', 'prev_value': None, 'change': True}
2023-01-25 06:58:50,744 : INFO : EventManager : Event: ======'machine_var_python_version'====== Args={'value': '3.9.13', 'prev_value': None, 'change': True}
2023-01-25 06:58:50,759 : INFO : EventManager : Event: ======'machine_var_platform'====== Args={'value': 'Windows-10-10.0.19045-SP0', 'prev_value': None, 'change': True}
2023-01-25 06:58:50,759 : INFO : EventManager : Event: ======'machine_var_platform_system'====== Args={'value': 'Windows', 'prev_value': None, 'change': True}
2023-01-25 06:58:50,759 : INFO : EventManager : Event: ======'machine_var_platform_release'====== Args={'value': '10', 'prev_value': None, 'change': True}
2023-01-25 06:58:50,759 : INFO : EventManager : Event: ======'machine_var_platform_version'====== Args={'value': '10.0.19045', 'prev_value': None, 'change': True}
2023-01-25 06:58:50,759 : INFO : EventManager : Event: ======'machine_var_platform_machine'====== Args={'value': 'AMD64', 'prev_value': None, 'change': True}
2023-01-25 06:58:50,759 : INFO : EventManager : Event: ======'init_phase_1'====== Args={}
2023-01-25 06:58:50,775 : INFO : EventManager : Event: ======'init_phase_2'====== Args={}
2023-01-25 06:58:50,790 : INFO : EventManager : Event: ======'init_phase_3'====== Args={}
2023-01-25 06:58:50,790 : INFO : EventManager : Event: ======'init_phase_4'====== Args={}
2023-01-25 06:58:50,797 : INFO : EventManager : Event: ======'machine_var_audits_switches_s_left_flipper'====== Args={'value': 0, 'prev_value': None, 'change': True}
2023-01-25 06:58:50,797 : INFO : EventManager : Event: ======'machine_var_audits_switches_s_right_flipper'====== Args={'value': 0, 'prev_value': None, 'change': True}
2023-01-25 06:58:50,797 : INFO : EventManager : Event: ======'machine_var_audits_switches_s_startButton'====== Args={'value': 0, 'prev_value': None, 'change': True}
2023-01-25 06:58:50,797 : INFO : EventManager : Event: ======'machine_var_audits_events_game_started'====== Args={'value': 0, 'prev_value': None, 'change': True}
2023-01-25 06:58:50,797 : INFO : EventManager : Event: ======'machine_var_audits_events_game_ended'====== Args={'value': 0, 'prev_value': None, 'change': True}
2023-01-25 06:58:50,797 : INFO : EventManager : Event: ======'machine_var_audits_player_score'====== Args={'value': {'top': [], 'average': 0, 'total': 0}, 'prev_value': None, 'change': True}
2023-01-25 06:58:50,797 : INFO : EventManager : Event: ======'init_phase_5'====== Args={}
2023-01-25 06:58:50,797 : INFO : EventManager : Event: ======'init_done'====== Args={}
2023-01-25 06:58:50,797 : INFO : EventManager : Event: ======'machine_reset_phase_1'====== Args={}
2023-01-25 06:58:50,797 : INFO : EventManager : Event: ======'machine_reset_phase_2'====== Args={}
2023-01-25 06:58:50,797 : INFO : EventManager : Event: ======'machine_reset_phase_3'====== Args={}
2023-01-25 06:58:50,797 : INFO : EventManager : Event: ======'reset_complete'====== Args={}
2023-01-25 06:58:50,797 : INFO : EventManager : Event: ======'mode_attract_will_start'====== Args={}
2023-01-25 06:58:50,797 : INFO : EventManager : Event: ======'mode_attract_starting'====== Args={}
2023-01-25 06:58:50,797 : INFO : Mode.attract : Started. Priority: 10
2023-01-25 06:58:50,797 : INFO : EventManager : Event: ======'modes_active_modes_changed'====== Args={}
2023-01-25 06:58:50,797 : INFO : EventManager : Event: ======'mode_attract_started'====== Args={}
2023-01-25 06:58:50,797 : INFO : EventManager : Event: ======'collecting_balls_complete'====== Args={}
2023-01-25 06:58:50,797 : INFO : Machine : Starting the main run loop.
2023-01-25 06:58:52,380 : INFO : SwitchController : <<<<<<< 's_right_flipper' active >>>>>>>
2023-01-25 06:58:52,402 : INFO : SwitchController : <<<<<<< 's_right_flipper' inactive >>>>>>>
2023-01-25 06:58:52,580 : INFO : SwitchController : <<<<<<< 's_right_flipper' active >>>>>>>
2023-01-25 06:58:52,680 : INFO : SwitchController : <<<<<<< 's_right_flipper' inactive >>>>>>>
2023-01-25 06:58:52,750 : INFO : SwitchController : <<<<<<< 's_right_flipper' active >>>>>>>
2023-01-25 06:58:53,082 : INFO : SwitchController : <<<<<<< 's_right_flipper' inactive >>>>>>>
2023-01-25 06:58:56,075 : INFO : SwitchController : <<<<<<< 's_left_flipper' active >>>>>>>
2023-01-25 06:58:56,159 : INFO : SwitchController : <<<<<<< 's_left_flipper' inactive >>>>>>>
2023-01-25 06:59:00,604 : INFO : SwitchController : <<<<<<< 's_right_flipper' active >>>>>>>
2023-01-25 06:59:01,444 : INFO : SwitchController : <<<<<<< 's_right_flipper' inactive >>>>>>>
2023-01-25 06:59:02,093 : INFO : SwitchController : <<<<<<< 's_right_flipper' active >>>>>>>
2023-01-25 06:59:02,177 : INFO : SwitchController : <<<<<<< 's_right_flipper' inactive >>>>>>>
2023-01-25 06:59:05,617 : INFO : SwitchController : <<<<<<< 's_left_flipper' active >>>>>>>
2023-01-25 06:59:05,671 : INFO : SwitchController : <<<<<<< 's_left_flipper' inactive >>>>>>>
2023-01-25 06:59:09,166 : INFO : SwitchController : <<<<<<< 's_left_flipper' active >>>>>>>
2023-01-25 06:59:09,244 : INFO : SwitchController : <<<<<<< 's_left_flipper' inactive >>>>>>>
2023-01-25 06:59:16,264 : INFO : SwitchController : <<<<<<< 's_left_flipper' active >>>>>>>
2023-01-25 06:59:16,302 : INFO : SwitchController : <<<<<<< 's_left_flipper' inactive >>>>>>>
2023-01-25 06:59:18,525 : INFO : SwitchController : <<<<<<< 's_right_flipper' active >>>>>>>
2023-01-25 06:59:18,556 : INFO : SwitchController : <<<<<<< 's_right_flipper' inactive >>>>>>>
2023-01-25 06:59:19,882 : INFO : SwitchController : <<<<<<< 's_right_flipper' active >>>>>>>
2023-01-25 06:59:19,944 : INFO : SwitchController : <<<<<<< 's_right_flipper' inactive >>>>>>>
2023-01-25 06:59:23,208 : INFO : SwitchController : <<<<<<< 's_left_flipper' active >>>>>>>
2023-01-25 06:59:23,270 : INFO : SwitchController : <<<<<<< 's_left_flipper' inactive >>>>>>>
2023-01-25 06:59:24,907 : INFO : SwitchController : <<<<<<< 's_left_flipper' active >>>>>>>
2023-01-25 06:59:24,988 : INFO : SwitchController : <<<<<<< 's_left_flipper' inactive >>>>>>>
2023-01-25 06:59:47,388 : INFO : SwitchController : <<<<<<< 's_left_flipper' active >>>>>>>
2023-01-25 06:59:47,441 : INFO : SwitchController : <<<<<<< 's_left_flipper' inactive >>>>>>>
2023-01-25 06:59:48,491 : INFO : SwitchController : <<<<<<< 's_left_flipper' active >>>>>>>
2023-01-25 06:59:48,507 : INFO : SwitchController : <<<<<<< 's_left_flipper' inactive >>>>>>>
2023-01-25 06:59:49,764 : INFO : SwitchController : <<<<<<< 's_left_flipper' active >>>>>>>
2023-01-25 06:59:49,811 : INFO : SwitchController : <<<<<<< 's_left_flipper' inactive >>>>>>>
2023-01-25 06:59:52,873 : INFO : SwitchController : <<<<<<< 's_right_flipper' active >>>>>>>
2023-01-25 06:59:52,989 : INFO : SwitchController : <<<<<<< 's_right_flipper' inactive >>>>>>>
2023-01-25 06:59:53,537 : INFO : SwitchController : <<<<<<< 's_right_flipper' active >>>>>>>
2023-01-25 06:59:53,606 : INFO : SwitchController : <<<<<<< 's_right_flipper' inactive >>>>>>>
2023-01-25 06:59:54,741 : INFO : SwitchController : <<<<<<< 's_left_flipper' active >>>>>>>
2023-01-25 06:59:54,825 : INFO : SwitchController : <<<<<<< 's_left_flipper' inactive >>>>>>>
2023-01-25 06:59:56,467 : INFO : SwitchController : <<<<<<< 's_left_flipper' active >>>>>>>
2023-01-25 06:59:56,546 : INFO : SwitchController : <<<<<<< 's_left_flipper' inactive >>>>>>>
2023-01-25 06:59:58,273 : INFO : SwitchController : <<<<<<< 's_left_flipper' active >>>>>>>
2023-01-25 06:59:58,890 : INFO : SwitchController : <<<<<<< 's_left_flipper' inactive >>>>>>>
2023-01-25 06:59:59,022 : INFO : SwitchController : <<<<<<< 's_right_flipper' active >>>>>>>
2023-01-25 06:59:59,307 : INFO : SwitchController : <<<<<<< 's_right_flipper' inactive >>>>>>>
2023-01-25 06:59:59,661 : INFO : SwitchController : <<<<<<< 's_right_flipper' active >>>>>>>
2023-01-25 06:59:59,855 : INFO : SwitchController : <<<<<<< 's_right_flipper' inactive >>>>>>>
2023-01-25 07:00:07,778 : INFO : Machine : Shutting down...
2023-01-25 07:00:07,778 : INFO : EventManager : Event: ======'shutdown'====== Args={}
2023-01-25 07:00:07,778 : ERROR : OPP : Stop called on serial connection com3
2023-01-25 07:00:07,785 : ERROR : OPP : Stop called on serial connection com4
2023-01-25 07:00:07,785 : ERROR : asyncio : Exception in callback Util.raise_exceptions(<Task finishe...ection lost')>) at C:\Users\ruben\.local\pipx\venvs\mpf\lib\site-packages\mpf\core\utility_functions.py:759
handle: <Handle Util.raise_exceptions(<Task finishe...ection lost')>) at C:\Users\ruben\.local\pipx\venvs\mpf\lib\site-packages\mpf\core\utility_functions.py:759>
Traceback (most recent call last):
  File "C:\Users\ruben\AppData\Local\Programs\Python\Python39\lib\asyncio\events.py", line 80, in _run
    self._context.run(self._callback, *self._args)
  File "C:\Users\ruben\.local\pipx\venvs\mpf\lib\site-packages\mpf\core\utility_functions.py", line 767, in raise_exceptions
    future.result()
  File "C:\Users\ruben\.local\pipx\venvs\mpf\lib\site-packages\mpf\platforms\opp\opp.py", line 965, in _poll_sender
    await self.opp_connection[chain_serial].writer.drain()
  File "C:\Users\ruben\AppData\Local\Programs\Python\Python39\lib\asyncio\streams.py", line 387, in drain
    await self._protocol._drain_helper()
  File "C:\Users\ruben\AppData\Local\Programs\Python\Python39\lib\asyncio\streams.py", line 190, in _drain_helper
    raise ConnectionResetError('Connection lost')
ConnectionResetError: Connection lost
2023-01-25 07:00:08,032 : WARNING : OPP : Poll took more than 250.0ms for 0
2023-01-25 07:00:08,032 : ERROR : asyncio : Exception in callback Util.raise_exceptions(<Task finishe...ute 'write'")>) at C:\Users\ruben\.local\pipx\venvs\mpf\lib\site-packages\mpf\core\utility_functions.py:759
handle: <Handle Util.raise_exceptions(<Task finishe...ute 'write'")>) at C:\Users\ruben\.local\pipx\venvs\mpf\lib\site-packages\mpf\core\utility_functions.py:759>
Traceback (most recent call last):
  File "C:\Users\ruben\AppData\Local\Programs\Python\Python39\lib\asyncio\events.py", line 80, in _run
    self._context.run(self._callback, *self._args)
  File "C:\Users\ruben\.local\pipx\venvs\mpf\lib\site-packages\mpf\core\utility_functions.py", line 767, in raise_exceptions
    future.result()
  File "C:\Users\ruben\.local\pipx\venvs\mpf\lib\site-packages\mpf\platforms\opp\opp.py", line 964, in _poll_sender
    self.send_to_processor(chain_serial, self.read_input_msg[chain_serial])
  File "C:\Users\ruben\.local\pipx\venvs\mpf\lib\site-packages\mpf\platforms\opp\opp.py", line 345, in send_to_processor
    self.opp_connection[chain_serial].send(msg)
  File "C:\Users\ruben\.local\pipx\venvs\mpf\lib\site-packages\mpf\platforms\base_serial_communicator.py", line 160, in send
    self.writer.write(msg)
AttributeError: 'NoneType' object has no attribute 'write'
2023-01-25 07:00:08,032 : INFO : root : MPF run loop ended.
