2025-07-06 16:48:49,404 : INFO : root : Loading config.
2025-07-06 16:48:49,406 : INFO : YamlMultifileConfigLoader : Machine config file #1: config.yaml
2025-07-06 16:48:49,406 : INFO : ConfigProcessor : Loading config from cache: /var/folders/9g/7xjb17l959g1fnq4pjl5c5p80000gn/T/1941ac2cbc7f60a15b77e866ee64bff5.mpf_cache
2025-07-06 16:48:49,440 : INFO : ConfigProcessor : Loading config from cache: /var/folders/9g/7xjb17l959g1fnq4pjl5c5p80000gn/T/f574f59b1e0fcbb2258348220f26b9cc.mpf_cache
2025-07-06 16:48:49,440 : INFO : ConfigProcessor : Loading config from cache: /var/folders/9g/7xjb17l959g1fnq4pjl5c5p80000gn/T/edcc5f1d3215b377c9faab88c62e4ce0.mpf_cache
2025-07-06 16:48:49,440 : INFO : ConfigProcessor : Loading config from cache: /var/folders/9g/7xjb17l959g1fnq4pjl5c5p80000gn/T/174d451d321a0971202b746018364536.mpf_cache
2025-07-06 16:48:49,441 : INFO : ConfigProcessor : Loading config from cache: /var/folders/9g/7xjb17l959g1fnq4pjl5c5p80000gn/T/f574f59b1e0fcbb2258348220f26b9cc.mpf_cache
2025-07-06 16:48:49,441 : WARNING : ConfigProcessor : Config file in cache changed: /Users/ruben/Pinball/mpf-pinball/modes/grave_targets/config/grave_targets.yaml
2025-07-06 16:48:49,441 : INFO : ConfigProcessor : Loading config from file /Users/ruben/Pinball/mpf-pinball/modes/grave_targets/config/grave_targets.yaml.
2025-07-06 16:48:49,443 : INFO : ConfigProcessor : Loading config: /Users/ruben/Pinball/mpf-pinball/modes/grave_targets/config/grave_targets.yaml
2025-07-06 16:48:52,017 : ERROR : root : Shutdown because of SIGINT or keyboard interrupt.
Traceback (most recent call last):
  File "/Library/Frameworks/Python.framework/Versions/3.9/lib/python3.9/site-packages/mpf/commands/game.py", line 231, in __init__
    config = config_loader.load_mpf_config()
  File "/Library/Frameworks/Python.framework/Versions/3.9/lib/python3.9/site-packages/mpf/core/config_loader.py", line 166, in load_mpf_config
    mode_config = self._load_modes(config_spec, machine_config)
  File "/Library/Frameworks/Python.framework/Versions/3.9/lib/python3.9/site-packages/mpf/core/config_loader.py", line 225, in _load_modes
    config = self.config_processor.load_config_files_with_cache(mode_config_files, "mode",
  File "/Library/Frameworks/Python.framework/Versions/3.9/lib/python3.9/site-packages/mpf/core/config_processor.py", line 118, in load_config_files_with_cache
    file_config, file_subfiles = self._load_config_file_and_return_loaded_files(configfile, config_type,
  File "/Library/Frameworks/Python.framework/Versions/3.9/lib/python3.9/site-packages/mpf/core/config_processor.py", line 186, in _load_config_file_and_return_loaded_files
    self._check_sections(config_spec, config, config_type, filename, ignore_unknown_sections)
  File "/Library/Frameworks/Python.framework/Versions/3.9/lib/python3.9/site-packages/mpf/core/config_processor.py", line 163, in _check_sections
    raise ConfigFileError('Found a "{}:" section in config file {}, '
mpf.exceptions.config_file_error.ConfigFileError: Config File Error in ConfigProcessor: Found a "logic_blocks:" section in config file /Users/ruben/Pinball/mpf-pinball/modes/grave_targets/config/grave_targets.yaml, but that section name is unknown. Did you mean "multiball_locks:" instead?. Context: /Users/ruben/Pinball/mpf-pinball/modes/grave_targets/config/grave_targets.yaml Error Code: CFE-ConfigProcessor-3 (https://missionpinball.org/logs)
