2025-05-30 09:26:07,013 : INFO : root : Loading config.
2025-05-30 09:26:07,021 : INFO : YamlMultifileConfigLoader : Machine config file #1: config.yaml
2025-05-30 09:26:07,022 : INFO : ConfigProcessor : Loading config from cache: C:\Users\ruben\AppData\Local\Temp\a17888e5e1df298d67e07ada0b1bff4a.mpf_cache
2025-05-30 09:26:07,170 : INFO : ConfigProcessor : Loading config from cache: C:\Users\ruben\AppData\Local\Temp\67cf8ffee0fce2d4fcb5ef0bb894d8de.mpf_cache
2025-05-30 09:26:07,171 : INFO : ConfigProcessor : Loading config from cache: C:\Users\ruben\AppData\Local\Temp\25321780674732dcacb77a8f5b2a53cd.mpf_cache
2025-05-30 09:26:07,173 : INFO : Machine : Mission Pinball Framework Core Engine v0.56.0
2025-05-30 09:26:07,173 : INFO : Machine : Command line arguments: {'no_load_cache': False, 'create_config_cache': True, 'bcp': True, 'configfile': ['config.yaml'], 'force_assets_load': False, 'jsonlogging': False, 'logfile': 'logs\\2025-05-30-09-26-07-mpf-DESKTOP-11MEIVG.log', 'pause': False, 'production': False, 'text_ui': True, 'loglevel': 15, 'consoleloglevel': 20, 'force_platform': None, 'syslog_address': None, 'mc_file_name': None, 'no_sound': False}
2025-05-30 09:26:07,173 : INFO : Machine : MPF path: C:\Users\ruben\.local\pipx\venvs\mpf\lib\site-packages\mpf
2025-05-30 09:26:07,173 : INFO : Machine : Machine path: C:\pinball\my_machine
2025-05-30 09:26:07,173 : INFO : Machine : Platform: win32
2025-05-30 09:26:07,173 : INFO : Machine : Python executable location: C:\Users\ruben\.local\pipx\venvs\mpf\Scripts\python.exe
2025-05-30 09:26:07,173 : INFO : Machine : Python version: 3.9.13 (64-bit)
2025-05-30 09:26:07,176 : INFO : Machine : Initialise MPF.
2025-05-30 09:26:07,485 : INFO : OPP : Connecting to com3 at 115200bps
2025-05-30 09:26:07,569 : INFO : OPP : Init of OPP board 1 done
2025-05-30 09:26:07,569 : INFO : OPP : Connecting to com4 at 115200bps
2025-05-30 09:26:07,702 : INFO : OPP : Init of OPP board 0 done
2025-05-30 09:26:07,703 : INFO : EventManager : Event: ======'machine_var_credits_string'====== Args={'value': 'FREE PLAY', 'prev_value': None, 'change': True}
2025-05-30 09:26:07,803 : INFO : EventManager : Event: ======'machine_var_master_volume'====== Args={'value': 0.5, 'prev_value': None, 'change': True}
2025-05-30 09:26:07,803 : INFO : EventManager : Event: ======'machine_var_player1_score'====== Args={'value': 0, 'prev_value': None, 'change': True}
2025-05-30 09:26:07,803 : INFO : EventManager : Event: ======'machine_var_mpf_version'====== Args={'value': 'MPF v0.56.0', 'prev_value': None, 'change': True}
2025-05-30 09:26:07,803 : INFO : EventManager : Event: ======'machine_var_mpf_extended_version'====== Args={'value': 'MPF v0.56.0, Config version:5, Show version: 5, BCP version:1.1', 'prev_value': None, 'change': True}
2025-05-30 09:26:07,804 : INFO : EventManager : Event: ======'machine_var_python_version'====== Args={'value': '3.9.13', 'prev_value': None, 'change': True}
2025-05-30 09:26:07,818 : INFO : EventManager : Event: ======'machine_var_platform'====== Args={'value': 'Windows-10-10.0.19045-SP0', 'prev_value': None, 'change': True}
2025-05-30 09:26:07,818 : INFO : EventManager : Event: ======'machine_var_platform_system'====== Args={'value': 'Windows', 'prev_value': None, 'change': True}
2025-05-30 09:26:07,818 : INFO : EventManager : Event: ======'machine_var_platform_release'====== Args={'value': '10', 'prev_value': None, 'change': True}
2025-05-30 09:26:07,819 : INFO : EventManager : Event: ======'machine_var_platform_version'====== Args={'value': '10.0.19045', 'prev_value': None, 'change': True}
2025-05-30 09:26:07,819 : INFO : EventManager : Event: ======'machine_var_platform_machine'====== Args={'value': 'AMD64', 'prev_value': None, 'change': True}
2025-05-30 09:26:07,819 : INFO : EventManager : Event: ======'init_phase_1'====== Args={}
2025-05-30 09:26:07,849 : INFO : EventManager : Event: ======'drop_target_bank_vuk_bank_up'====== Args={}
2025-05-30 09:26:07,850 : INFO : EventManager : Event: ======'init_phase_2'====== Args={}
2025-05-30 09:26:07,854 : INFO : EventManager : Event: ======'bcp_connection_attempt'====== Args={'name': 'local_display', 'host': 'localhost', 'port': 5050}
2025-05-30 09:26:07,857 : INFO : BCPClientSocket : Connecting BCP to 'local_display' at localhost:5050...
2025-05-30 09:26:10,900 : INFO : BCPClientSocket : Connected BCP to 'local_display' localhost:5050
2025-05-30 09:26:10,903 : INFO : EventManager : Event: ======'bcp_clients_connected'====== Args={}
2025-05-30 09:26:10,955 : INFO : ball_device.bd_trough : BCH: Initial count: 0
2025-05-30 09:26:10,958 : INFO : EventManager : Event: ======'machine_var_mc_version'====== Args={'value': 'MPF-MC v0.56.1', 'prev_value': None, 'change': True}
2025-05-30 09:26:10,961 : INFO : EventManager : Event: ======'machine_var_mc_extended_version'====== Args={'value': 'MPF-MC v0.56.1 (config_version=5, BCP v1.1,                      Requires MPF API compatibility v0.56.0 or newer)', 'prev_value': None, 'change': True}
2025-05-30 09:26:10,966 : INFO : ball_device.bd_trough : State: idle
2025-05-30 09:26:10,997 : INFO : ball_device.bd_scoop_lower : BCH: Initial count: 0
2025-05-30 09:26:10,998 : INFO : ball_device.bd_scoop_lower : State: idle
2025-05-30 09:26:11,016 : INFO : EventManager : Event: ======'init_phase_3'====== Args={}
2025-05-30 09:26:11,021 : INFO : EventManager : Event: ======'init_phase_4'====== Args={}
2025-05-30 09:26:11,021 : INFO : BallController : Initial balls found: 0
2025-05-30 09:26:11,023 : INFO : EventManager : Event: ======'machine_var_audits_events_game_ended'====== Args={'value': 50, 'prev_value': None, 'change': True}
2025-05-30 09:26:11,023 : INFO : EventManager : Event: ======'machine_var_audits_events_game_started'====== Args={'value': 89, 'prev_value': None, 'change': True}
2025-05-30 09:26:11,024 : INFO : EventManager : Event: ======'machine_var_audits_player_score'====== Args={'value': {'average': 0.0, 'top': [0, 0, 0, 0, 0, 0, 0, 0, 0, 0], 'total': 50}, 'prev_value': None, 'change': True}
2025-05-30 09:26:11,024 : INFO : EventManager : Event: ======'machine_var_audits_switches_s_drop_bank1'====== Args={'value': 140, 'prev_value': None, 'change': True}
2025-05-30 09:26:11,024 : INFO : EventManager : Event: ======'machine_var_audits_switches_s_left_flipper'====== Args={'value': 2279, 'prev_value': None, 'change': True}
2025-05-30 09:26:11,025 : INFO : EventManager : Event: ======'machine_var_audits_switches_s_left_slingshot'====== Args={'value': 290, 'prev_value': None, 'change': True}
2025-05-30 09:26:11,025 : INFO : EventManager : Event: ======'machine_var_audits_switches_s_plunger'====== Args={'value': 5, 'prev_value': None, 'change': True}
2025-05-30 09:26:11,025 : INFO : EventManager : Event: ======'machine_var_audits_switches_s_pop_bot'====== Args={'value': 426, 'prev_value': None, 'change': True}
2025-05-30 09:26:11,025 : INFO : EventManager : Event: ======'machine_var_audits_switches_s_pop_mid'====== Args={'value': 351, 'prev_value': None, 'change': True}
2025-05-30 09:26:11,026 : INFO : EventManager : Event: ======'machine_var_audits_switches_s_pop_top'====== Args={'value': 302, 'prev_value': None, 'change': True}
2025-05-30 09:26:11,026 : INFO : EventManager : Event: ======'machine_var_audits_switches_s_right_flipper'====== Args={'value': 2328, 'prev_value': None, 'change': True}
2025-05-30 09:26:11,027 : INFO : EventManager : Event: ======'machine_var_audits_switches_s_right_inlane'====== Args={'value': 57, 'prev_value': None, 'change': True}
2025-05-30 09:26:11,027 : INFO : EventManager : Event: ======'machine_var_audits_switches_s_right_slingshot'====== Args={'value': 255, 'prev_value': None, 'change': True}
2025-05-30 09:26:11,028 : INFO : EventManager : Event: ======'machine_var_audits_switches_s_scoop_center'====== Args={'value': 0, 'prev_value': None, 'change': True}
2025-05-30 09:26:11,028 : INFO : EventManager : Event: ======'machine_var_audits_switches_s_scoop_lower'====== Args={'value': 220, 'prev_value': None, 'change': True}
2025-05-30 09:26:11,029 : INFO : EventManager : Event: ======'machine_var_audits_switches_s_scoop_right'====== Args={'value': 0, 'prev_value': None, 'change': True}
2025-05-30 09:26:11,029 : INFO : EventManager : Event: ======'machine_var_audits_switches_s_startButton'====== Args={'value': 34, 'prev_value': None, 'change': True}
2025-05-30 09:26:11,029 : INFO : EventManager : Event: ======'machine_var_audits_switches_s_trough1'====== Args={'value': 303, 'prev_value': None, 'change': True}
2025-05-30 09:26:11,030 : INFO : EventManager : Event: ======'machine_var_audits_switches_s_trough2'====== Args={'value': 1, 'prev_value': None, 'change': True}
2025-05-30 09:26:11,030 : INFO : EventManager : Event: ======'machine_var_audits_switches_s_trough3'====== Args={'value': 1, 'prev_value': None, 'change': True}
2025-05-30 09:26:11,030 : INFO : EventManager : Event: ======'machine_var_audits_switches_s_trough4'====== Args={'value': 1, 'prev_value': None, 'change': True}
2025-05-30 09:26:11,031 : INFO : EventManager : Event: ======'machine_var_audits_switches_s_trough5'====== Args={'value': 0, 'prev_value': None, 'change': True}
2025-05-30 09:26:11,032 : INFO : EventManager : Event: ======'init_phase_5'====== Args={}
2025-05-30 09:26:11,036 : INFO : EventManager : Event: ======'init_done'====== Args={}
2025-05-30 09:26:11,037 : INFO : EventManager : Event: ======'machine_reset_phase_1'====== Args={}
2025-05-30 09:26:11,040 : INFO : EventManager : Event: ======'slide_welcome_slide_removed'====== Args={'_from_bcp': True}
2025-05-30 09:26:11,045 : INFO : EventManager : Event: ======'slide_welcome_slide_created'====== Args={'_from_bcp': True}
2025-05-30 09:26:11,049 : INFO : EventManager : Event: ======'machine_reset_phase_2'====== Args={}
2025-05-30 09:26:11,050 : INFO : EventManager : Event: ======'slide_welcome_slide_active'====== Args={'_from_bcp': True}
2025-05-30 09:26:11,050 : INFO : EventManager : Event: ======'machine_reset_phase_3'====== Args={}
2025-05-30 09:26:11,051 : INFO : drop_target_bank.vuk_bank : All targets are already up. Will not reset bank.
2025-05-30 09:26:11,052 : INFO : EventManager : Event: ======'reset_complete'====== Args={}
2025-05-30 09:26:11,053 : INFO : EventManager : Event: ======'mode_attract_will_start'====== Args={}
2025-05-30 09:26:11,054 : INFO : EventManager : Event: ======'mode_attract_starting'====== Args={}
2025-05-30 09:26:11,054 : INFO : Mode.attract : Started. Priority: 10
2025-05-30 09:26:11,054 : INFO : EventManager : Event: ======'modes_active_modes_changed'====== Args={}
2025-05-30 09:26:11,055 : INFO : EventManager : Event: ======'mode_attract_started'====== Args={}
2025-05-30 09:26:11,055 : INFO : EventManager : Event: ======'collecting_balls_complete'====== Args={}
2025-05-30 09:26:11,077 : INFO : EventManager : Event: ======'slide_attract_started_created'====== Args={'_from_bcp': True}
2025-05-30 09:26:11,077 : INFO : EventManager : Event: ======'slide_attract_started_active'====== Args={'_from_bcp': True}
2025-05-30 09:26:11,078 : INFO : Machine : Starting the main run loop.
2025-05-30 09:26:21,243 : INFO : SwitchController : <<<<<<< 's_left_flipper' active >>>>>>>
2025-05-30 09:26:21,414 : INFO : SwitchController : <<<<<<< 's_left_flipper' inactive >>>>>>>
2025-05-30 09:26:22,050 : INFO : SwitchController : <<<<<<< 's_right_flipper' active >>>>>>>
2025-05-30 09:26:22,078 : INFO : SwitchController : <<<<<<< 's_left_flipper' active >>>>>>>
2025-05-30 09:26:22,079 : INFO : EventManager : Event: ======'flipper_cancel'====== Args={'triggering_group': 1, 'triggering_switch': 's_left_flipper'}
2025-05-30 09:26:22,249 : INFO : SwitchController : <<<<<<< 's_right_flipper' inactive >>>>>>>
2025-05-30 09:26:22,250 : INFO : EventManager : Event: ======'both_flippers_one'====== Args={'triggering_group': 2, 'triggering_switch': 's_right_flipper'}
2025-05-30 09:26:22,262 : INFO : SwitchController : <<<<<<< 's_left_flipper' inactive >>>>>>>
2025-05-30 09:26:22,263 : INFO : EventManager : Event: ======'both_flippers_inactive'====== Args={'triggering_group': 1, 'triggering_switch': 's_left_flipper'}
2025-05-30 09:26:22,410 : INFO : SwitchController : <<<<<<< 's_left_flipper' active >>>>>>>
2025-05-30 09:26:22,427 : INFO : SwitchController : <<<<<<< 's_right_flipper' active >>>>>>>
2025-05-30 09:26:22,427 : INFO : EventManager : Event: ======'flipper_cancel'====== Args={'triggering_group': 2, 'triggering_switch': 's_right_flipper'}
2025-05-30 09:26:22,536 : INFO : SwitchController : <<<<<<< 's_right_flipper' inactive >>>>>>>
2025-05-30 09:26:22,536 : INFO : EventManager : Event: ======'both_flippers_one'====== Args={'triggering_group': 2, 'triggering_switch': 's_right_flipper'}
2025-05-30 09:26:22,567 : INFO : SwitchController : <<<<<<< 's_left_flipper' inactive >>>>>>>
2025-05-30 09:26:22,567 : INFO : EventManager : Event: ======'both_flippers_inactive'====== Args={'triggering_group': 1, 'triggering_switch': 's_left_flipper'}
2025-05-30 09:26:22,645 : INFO : SwitchController : <<<<<<< 's_right_flipper' active >>>>>>>
2025-05-30 09:26:22,649 : INFO : SwitchController : <<<<<<< 's_left_flipper' active >>>>>>>
2025-05-30 09:26:22,650 : INFO : EventManager : Event: ======'flipper_cancel'====== Args={'triggering_group': 1, 'triggering_switch': 's_left_flipper'}
2025-05-30 09:26:22,769 : INFO : SwitchController : <<<<<<< 's_right_flipper' inactive >>>>>>>
2025-05-30 09:26:22,769 : INFO : EventManager : Event: ======'both_flippers_one'====== Args={'triggering_group': 2, 'triggering_switch': 's_right_flipper'}
2025-05-30 09:26:22,773 : INFO : SwitchController : <<<<<<< 's_left_flipper' inactive >>>>>>>
2025-05-30 09:26:22,773 : INFO : EventManager : Event: ======'both_flippers_inactive'====== Args={'triggering_group': 1, 'triggering_switch': 's_left_flipper'}
2025-05-30 09:26:22,830 : INFO : SwitchController : <<<<<<< 's_right_flipper' active >>>>>>>
2025-05-30 09:26:22,876 : INFO : SwitchController : <<<<<<< 's_left_flipper' active >>>>>>>
2025-05-30 09:26:22,876 : INFO : EventManager : Event: ======'flipper_cancel'====== Args={'triggering_group': 1, 'triggering_switch': 's_left_flipper'}
2025-05-30 09:26:22,958 : INFO : SwitchController : <<<<<<< 's_right_flipper' inactive >>>>>>>
2025-05-30 09:26:22,959 : INFO : EventManager : Event: ======'both_flippers_one'====== Args={'triggering_group': 2, 'triggering_switch': 's_right_flipper'}
2025-05-30 09:26:22,989 : INFO : SwitchController : <<<<<<< 's_left_flipper' inactive >>>>>>>
2025-05-30 09:26:22,989 : INFO : EventManager : Event: ======'both_flippers_inactive'====== Args={'triggering_group': 1, 'triggering_switch': 's_left_flipper'}
2025-05-30 09:26:23,020 : INFO : SwitchController : <<<<<<< 's_right_flipper' active >>>>>>>
2025-05-30 09:26:23,065 : INFO : SwitchController : <<<<<<< 's_left_flipper' active >>>>>>>
2025-05-30 09:26:23,065 : INFO : EventManager : Event: ======'flipper_cancel'====== Args={'triggering_group': 1, 'triggering_switch': 's_left_flipper'}
2025-05-30 09:26:23,174 : INFO : SwitchController : <<<<<<< 's_right_flipper' inactive >>>>>>>
2025-05-30 09:26:23,175 : INFO : EventManager : Event: ======'both_flippers_one'====== Args={'triggering_group': 2, 'triggering_switch': 's_right_flipper'}
2025-05-30 09:26:23,251 : INFO : SwitchController : <<<<<<< 's_right_flipper' active >>>>>>>
2025-05-30 09:26:23,251 : INFO : EventManager : Event: ======'flipper_cancel'====== Args={'triggering_group': 2, 'triggering_switch': 's_right_flipper'}
2025-05-30 09:26:23,316 : INFO : SwitchController : <<<<<<< 's_left_flipper' inactive >>>>>>>
2025-05-30 09:26:23,317 : INFO : EventManager : Event: ======'both_flippers_one'====== Args={'triggering_group': 1, 'triggering_switch': 's_left_flipper'}
2025-05-30 09:26:23,375 : INFO : SwitchController : <<<<<<< 's_right_flipper' inactive >>>>>>>
2025-05-30 09:26:23,375 : INFO : EventManager : Event: ======'both_flippers_inactive'====== Args={'triggering_group': 2, 'triggering_switch': 's_right_flipper'}
2025-05-30 09:26:23,437 : INFO : SwitchController : <<<<<<< 's_right_flipper' active >>>>>>>
2025-05-30 09:26:23,440 : INFO : SwitchController : <<<<<<< 's_left_flipper' active >>>>>>>
2025-05-30 09:26:23,441 : INFO : EventManager : Event: ======'flipper_cancel'====== Args={'triggering_group': 1, 'triggering_switch': 's_left_flipper'}
2025-05-30 09:26:23,561 : INFO : SwitchController : <<<<<<< 's_left_flipper' inactive >>>>>>>
2025-05-30 09:26:23,562 : INFO : EventManager : Event: ======'both_flippers_one'====== Args={'triggering_group': 1, 'triggering_switch': 's_left_flipper'}
2025-05-30 09:26:23,606 : INFO : SwitchController : <<<<<<< 's_right_flipper' inactive >>>>>>>
2025-05-30 09:26:23,607 : INFO : EventManager : Event: ======'both_flippers_inactive'====== Args={'triggering_group': 2, 'triggering_switch': 's_right_flipper'}
2025-05-30 09:26:24,650 : INFO : SwitchController : <<<<<<< 's_right_flipper' active >>>>>>>
2025-05-30 09:26:24,698 : INFO : SwitchController : <<<<<<< 's_right_flipper' inactive >>>>>>>
2025-05-30 09:26:24,822 : INFO : SwitchController : <<<<<<< 's_right_flipper' active >>>>>>>
2025-05-30 09:26:24,901 : INFO : SwitchController : <<<<<<< 's_right_flipper' inactive >>>>>>>
2025-05-30 09:26:26,185 : INFO : SwitchController : <<<<<<< 's_left_flipper' active >>>>>>>
2025-05-30 09:26:26,327 : INFO : SwitchController : <<<<<<< 's_left_flipper' inactive >>>>>>>
2025-05-30 09:26:26,586 : INFO : SwitchController : <<<<<<< 's_left_flipper' active >>>>>>>
2025-05-30 09:26:26,820 : INFO : SwitchController : <<<<<<< 's_left_flipper' inactive >>>>>>>
2025-05-30 09:26:26,987 : INFO : SwitchController : <<<<<<< 's_right_flipper' active >>>>>>>
2025-05-30 09:26:26,987 : INFO : SwitchController : <<<<<<< 's_left_flipper' active >>>>>>>
2025-05-30 09:26:26,987 : INFO : EventManager : Event: ======'flipper_cancel'====== Args={'triggering_group': 1, 'triggering_switch': 's_left_flipper'}
2025-05-30 09:26:27,240 : INFO : SwitchController : <<<<<<< 's_right_flipper' inactive >>>>>>>
2025-05-30 09:26:27,241 : INFO : EventManager : Event: ======'both_flippers_one'====== Args={'triggering_group': 2, 'triggering_switch': 's_right_flipper'}
2025-05-30 09:26:27,241 : INFO : SwitchController : <<<<<<< 's_left_flipper' inactive >>>>>>>
2025-05-30 09:26:27,241 : INFO : EventManager : Event: ======'both_flippers_inactive'====== Args={'triggering_group': 1, 'triggering_switch': 's_left_flipper'}
2025-05-30 09:26:27,306 : INFO : SwitchController : <<<<<<< 's_left_flipper' active >>>>>>>
2025-05-30 09:26:27,352 : INFO : SwitchController : <<<<<<< 's_right_flipper' active >>>>>>>
2025-05-30 09:26:27,352 : INFO : EventManager : Event: ======'flipper_cancel'====== Args={'triggering_group': 2, 'triggering_switch': 's_right_flipper'}
2025-05-30 09:26:27,427 : INFO : SwitchController : <<<<<<< 's_right_flipper' inactive >>>>>>>
2025-05-30 09:26:27,427 : INFO : EventManager : Event: ======'both_flippers_one'====== Args={'triggering_group': 2, 'triggering_switch': 's_right_flipper'}
2025-05-30 09:26:27,458 : INFO : SwitchController : <<<<<<< 's_left_flipper' inactive >>>>>>>
2025-05-30 09:26:27,459 : INFO : EventManager : Event: ======'both_flippers_inactive'====== Args={'triggering_group': 1, 'triggering_switch': 's_left_flipper'}
2025-05-30 09:26:27,552 : INFO : SwitchController : <<<<<<< 's_left_flipper' active >>>>>>>
2025-05-30 09:26:27,677 : INFO : SwitchController : <<<<<<< 's_left_flipper' inactive >>>>>>>
2025-05-30 09:26:27,769 : INFO : SwitchController : <<<<<<< 's_right_flipper' active >>>>>>>
2025-05-30 09:26:27,784 : INFO : SwitchController : <<<<<<< 's_left_flipper' active >>>>>>>
2025-05-30 09:26:27,785 : INFO : EventManager : Event: ======'flipper_cancel'====== Args={'triggering_group': 1, 'triggering_switch': 's_left_flipper'}
2025-05-30 09:26:27,894 : INFO : SwitchController : <<<<<<< 's_right_flipper' inactive >>>>>>>
2025-05-30 09:26:27,895 : INFO : EventManager : Event: ======'both_flippers_one'====== Args={'triggering_group': 2, 'triggering_switch': 's_right_flipper'}
2025-05-30 09:26:27,899 : INFO : SwitchController : <<<<<<< 's_left_flipper' inactive >>>>>>>
2025-05-30 09:26:27,899 : INFO : EventManager : Event: ======'both_flippers_inactive'====== Args={'triggering_group': 1, 'triggering_switch': 's_left_flipper'}
2025-05-30 09:26:28,136 : INFO : SwitchController : <<<<<<< 's_left_flipper' active >>>>>>>
2025-05-30 09:26:28,150 : INFO : SwitchController : <<<<<<< 's_right_flipper' active >>>>>>>
2025-05-30 09:26:28,150 : INFO : EventManager : Event: ======'flipper_cancel'====== Args={'triggering_group': 2, 'triggering_switch': 's_right_flipper'}
2025-05-30 09:26:28,221 : INFO : SwitchController : <<<<<<< 's_right_flipper' inactive >>>>>>>
2025-05-30 09:26:28,221 : INFO : EventManager : Event: ======'both_flippers_one'====== Args={'triggering_group': 2, 'triggering_switch': 's_right_flipper'}
2025-05-30 09:26:28,268 : INFO : SwitchController : <<<<<<< 's_left_flipper' inactive >>>>>>>
2025-05-30 09:26:28,269 : INFO : EventManager : Event: ======'both_flippers_inactive'====== Args={'triggering_group': 1, 'triggering_switch': 's_left_flipper'}
2025-05-30 09:26:28,377 : INFO : SwitchController : <<<<<<< 's_left_flipper' active >>>>>>>
2025-05-30 09:26:28,408 : INFO : SwitchController : <<<<<<< 's_right_flipper' active >>>>>>>
2025-05-30 09:26:28,408 : INFO : EventManager : Event: ======'flipper_cancel'====== Args={'triggering_group': 2, 'triggering_switch': 's_right_flipper'}
2025-05-30 09:26:28,424 : INFO : SwitchController : <<<<<<< 's_right_flipper' inactive >>>>>>>
2025-05-30 09:26:28,424 : INFO : EventManager : Event: ======'both_flippers_one'====== Args={'triggering_group': 2, 'triggering_switch': 's_right_flipper'}
2025-05-30 09:26:28,439 : INFO : SwitchController : <<<<<<< 's_left_flipper' inactive >>>>>>>
2025-05-30 09:26:28,440 : INFO : EventManager : Event: ======'both_flippers_inactive'====== Args={'triggering_group': 1, 'triggering_switch': 's_left_flipper'}
2025-05-30 09:26:28,582 : INFO : SwitchController : <<<<<<< 's_right_flipper' active >>>>>>>
2025-05-30 09:26:28,583 : INFO : SwitchController : <<<<<<< 's_left_flipper' active >>>>>>>
2025-05-30 09:26:28,583 : INFO : EventManager : Event: ======'flipper_cancel'====== Args={'triggering_group': 1, 'triggering_switch': 's_left_flipper'}
2025-05-30 09:26:28,660 : INFO : SwitchController : <<<<<<< 's_right_flipper' inactive >>>>>>>
2025-05-30 09:26:28,660 : INFO : EventManager : Event: ======'both_flippers_one'====== Args={'triggering_group': 2, 'triggering_switch': 's_right_flipper'}
2025-05-30 09:26:28,661 : INFO : SwitchController : <<<<<<< 's_left_flipper' inactive >>>>>>>
2025-05-30 09:26:28,661 : INFO : EventManager : Event: ======'both_flippers_inactive'====== Args={'triggering_group': 1, 'triggering_switch': 's_left_flipper'}
2025-05-30 09:26:28,817 : INFO : SwitchController : <<<<<<< 's_right_flipper' active >>>>>>>
2025-05-30 09:26:28,817 : INFO : SwitchController : <<<<<<< 's_left_flipper' active >>>>>>>
2025-05-30 09:26:28,818 : INFO : EventManager : Event: ======'flipper_cancel'====== Args={'triggering_group': 1, 'triggering_switch': 's_left_flipper'}
2025-05-30 09:26:28,880 : INFO : SwitchController : <<<<<<< 's_right_flipper' inactive >>>>>>>
2025-05-30 09:26:28,880 : INFO : EventManager : Event: ======'both_flippers_one'====== Args={'triggering_group': 2, 'triggering_switch': 's_right_flipper'}
2025-05-30 09:26:28,895 : INFO : SwitchController : <<<<<<< 's_left_flipper' inactive >>>>>>>
2025-05-30 09:26:28,895 : INFO : EventManager : Event: ======'both_flippers_inactive'====== Args={'triggering_group': 1, 'triggering_switch': 's_left_flipper'}
2025-05-30 09:26:29,050 : INFO : SwitchController : <<<<<<< 's_right_flipper' active >>>>>>>
2025-05-30 09:26:29,051 : INFO : SwitchController : <<<<<<< 's_left_flipper' active >>>>>>>
2025-05-30 09:26:29,052 : INFO : EventManager : Event: ======'flipper_cancel'====== Args={'triggering_group': 1, 'triggering_switch': 's_left_flipper'}
2025-05-30 09:26:29,091 : INFO : SwitchController : <<<<<<< 's_right_flipper' inactive >>>>>>>
2025-05-30 09:26:29,092 : INFO : EventManager : Event: ======'both_flippers_one'====== Args={'triggering_group': 2, 'triggering_switch': 's_right_flipper'}
2025-05-30 09:26:29,107 : INFO : SwitchController : <<<<<<< 's_left_flipper' inactive >>>>>>>
2025-05-30 09:26:29,108 : INFO : EventManager : Event: ======'both_flippers_inactive'====== Args={'triggering_group': 1, 'triggering_switch': 's_left_flipper'}
2025-05-30 09:26:29,225 : INFO : SwitchController : <<<<<<< 's_left_flipper' active >>>>>>>
2025-05-30 09:26:29,231 : INFO : SwitchController : <<<<<<< 's_right_flipper' active >>>>>>>
2025-05-30 09:26:29,232 : INFO : EventManager : Event: ======'flipper_cancel'====== Args={'triggering_group': 2, 'triggering_switch': 's_right_flipper'}
2025-05-30 09:26:29,317 : INFO : SwitchController : <<<<<<< 's_right_flipper' inactive >>>>>>>
2025-05-30 09:26:29,318 : INFO : EventManager : Event: ======'both_flippers_one'====== Args={'triggering_group': 2, 'triggering_switch': 's_right_flipper'}
2025-05-30 09:26:29,348 : INFO : SwitchController : <<<<<<< 's_left_flipper' inactive >>>>>>>
2025-05-30 09:26:29,349 : INFO : EventManager : Event: ======'both_flippers_inactive'====== Args={'triggering_group': 1, 'triggering_switch': 's_left_flipper'}
2025-05-30 09:26:29,783 : INFO : SwitchController : <<<<<<< 's_left_flipper' active >>>>>>>
2025-05-30 09:26:29,797 : INFO : SwitchController : <<<<<<< 's_right_flipper' active >>>>>>>
2025-05-30 09:26:29,797 : INFO : EventManager : Event: ======'flipper_cancel'====== Args={'triggering_group': 2, 'triggering_switch': 's_right_flipper'}
2025-05-30 09:26:30,018 : INFO : SwitchController : <<<<<<< 's_right_flipper' inactive >>>>>>>
2025-05-30 09:26:30,019 : INFO : EventManager : Event: ======'both_flippers_one'====== Args={'triggering_group': 2, 'triggering_switch': 's_right_flipper'}
2025-05-30 09:26:30,032 : INFO : SwitchController : <<<<<<< 's_left_flipper' inactive >>>>>>>
2025-05-30 09:26:30,032 : INFO : EventManager : Event: ======'both_flippers_inactive'====== Args={'triggering_group': 1, 'triggering_switch': 's_left_flipper'}
2025-05-30 09:26:30,190 : INFO : SwitchController : <<<<<<< 's_right_flipper' active >>>>>>>
2025-05-30 09:26:30,191 : INFO : SwitchController : <<<<<<< 's_left_flipper' active >>>>>>>
2025-05-30 09:26:30,191 : INFO : EventManager : Event: ======'flipper_cancel'====== Args={'triggering_group': 1, 'triggering_switch': 's_left_flipper'}
2025-05-30 09:26:30,307 : INFO : SwitchController : <<<<<<< 's_right_flipper' inactive >>>>>>>
2025-05-30 09:26:30,307 : INFO : EventManager : Event: ======'both_flippers_one'====== Args={'triggering_group': 2, 'triggering_switch': 's_right_flipper'}
2025-05-30 09:26:30,313 : INFO : SwitchController : <<<<<<< 's_left_flipper' inactive >>>>>>>
2025-05-30 09:26:30,313 : INFO : EventManager : Event: ======'both_flippers_inactive'====== Args={'triggering_group': 1, 'triggering_switch': 's_left_flipper'}
2025-05-30 09:26:30,476 : INFO : SwitchController : <<<<<<< 's_right_flipper' active >>>>>>>
2025-05-30 09:26:30,498 : INFO : SwitchController : <<<<<<< 's_left_flipper' active >>>>>>>
2025-05-30 09:26:30,499 : INFO : EventManager : Event: ======'flipper_cancel'====== Args={'triggering_group': 1, 'triggering_switch': 's_left_flipper'}
2025-05-30 09:26:30,568 : INFO : SwitchController : <<<<<<< 's_right_flipper' inactive >>>>>>>
2025-05-30 09:26:30,568 : INFO : EventManager : Event: ======'both_flippers_one'====== Args={'triggering_group': 2, 'triggering_switch': 's_right_flipper'}
2025-05-30 09:26:30,575 : INFO : SwitchController : <<<<<<< 's_left_flipper' inactive >>>>>>>
2025-05-30 09:26:30,575 : INFO : EventManager : Event: ======'both_flippers_inactive'====== Args={'triggering_group': 1, 'triggering_switch': 's_left_flipper'}
2025-05-30 09:26:30,726 : INFO : SwitchController : <<<<<<< 's_right_flipper' active >>>>>>>
2025-05-30 09:26:30,726 : INFO : SwitchController : <<<<<<< 's_left_flipper' active >>>>>>>
2025-05-30 09:26:30,726 : INFO : EventManager : Event: ======'flipper_cancel'====== Args={'triggering_group': 1, 'triggering_switch': 's_left_flipper'}
2025-05-30 09:26:30,922 : INFO : SwitchController : <<<<<<< 's_right_flipper' inactive >>>>>>>
2025-05-30 09:26:30,922 : INFO : EventManager : Event: ======'both_flippers_one'====== Args={'triggering_group': 2, 'triggering_switch': 's_right_flipper'}
2025-05-30 09:26:30,928 : INFO : SwitchController : <<<<<<< 's_left_flipper' inactive >>>>>>>
2025-05-30 09:26:30,928 : INFO : EventManager : Event: ======'both_flippers_inactive'====== Args={'triggering_group': 1, 'triggering_switch': 's_left_flipper'}
2025-05-30 09:26:31,080 : INFO : SwitchController : <<<<<<< 's_right_flipper' active >>>>>>>
2025-05-30 09:26:31,092 : INFO : SwitchController : <<<<<<< 's_left_flipper' active >>>>>>>
2025-05-30 09:26:31,092 : INFO : EventManager : Event: ======'flipper_cancel'====== Args={'triggering_group': 1, 'triggering_switch': 's_left_flipper'}
2025-05-30 09:26:31,227 : INFO : SwitchController : <<<<<<< 's_right_flipper' inactive >>>>>>>
2025-05-30 09:26:31,227 : INFO : EventManager : Event: ======'both_flippers_one'====== Args={'triggering_group': 2, 'triggering_switch': 's_right_flipper'}
2025-05-30 09:26:31,236 : INFO : SwitchController : <<<<<<< 's_left_flipper' inactive >>>>>>>
2025-05-30 09:26:31,236 : INFO : EventManager : Event: ======'both_flippers_inactive'====== Args={'triggering_group': 1, 'triggering_switch': 's_left_flipper'}
2025-05-30 09:26:31,376 : INFO : SwitchController : <<<<<<< 's_right_flipper' active >>>>>>>
2025-05-30 09:26:31,377 : INFO : SwitchController : <<<<<<< 's_left_flipper' active >>>>>>>
2025-05-30 09:26:31,377 : INFO : EventManager : Event: ======'flipper_cancel'====== Args={'triggering_group': 1, 'triggering_switch': 's_left_flipper'}
2025-05-30 09:26:31,502 : INFO : SwitchController : <<<<<<< 's_right_flipper' inactive >>>>>>>
2025-05-30 09:26:31,502 : INFO : EventManager : Event: ======'both_flippers_one'====== Args={'triggering_group': 2, 'triggering_switch': 's_right_flipper'}
2025-05-30 09:26:31,503 : INFO : SwitchController : <<<<<<< 's_left_flipper' inactive >>>>>>>
2025-05-30 09:26:31,503 : INFO : EventManager : Event: ======'both_flippers_inactive'====== Args={'triggering_group': 1, 'triggering_switch': 's_left_flipper'}
2025-05-30 09:26:31,626 : INFO : SwitchController : <<<<<<< 's_right_flipper' active >>>>>>>
2025-05-30 09:26:31,642 : INFO : SwitchController : <<<<<<< 's_left_flipper' active >>>>>>>
2025-05-30 09:26:31,642 : INFO : EventManager : Event: ======'flipper_cancel'====== Args={'triggering_group': 1, 'triggering_switch': 's_left_flipper'}
2025-05-30 09:26:31,749 : INFO : SwitchController : <<<<<<< 's_right_flipper' inactive >>>>>>>
2025-05-30 09:26:31,749 : INFO : EventManager : Event: ======'both_flippers_one'====== Args={'triggering_group': 2, 'triggering_switch': 's_right_flipper'}
2025-05-30 09:26:31,750 : INFO : SwitchController : <<<<<<< 's_left_flipper' inactive >>>>>>>
2025-05-30 09:26:31,750 : INFO : EventManager : Event: ======'both_flippers_inactive'====== Args={'triggering_group': 1, 'triggering_switch': 's_left_flipper'}
2025-05-30 09:26:31,846 : INFO : SwitchController : <<<<<<< 's_right_flipper' active >>>>>>>
2025-05-30 09:26:31,846 : INFO : SwitchController : <<<<<<< 's_left_flipper' active >>>>>>>
2025-05-30 09:26:31,846 : INFO : EventManager : Event: ======'flipper_cancel'====== Args={'triggering_group': 1, 'triggering_switch': 's_left_flipper'}
2025-05-30 09:26:32,017 : INFO : SwitchController : <<<<<<< 's_right_flipper' inactive >>>>>>>
2025-05-30 09:26:32,018 : INFO : EventManager : Event: ======'both_flippers_one'====== Args={'triggering_group': 2, 'triggering_switch': 's_right_flipper'}
2025-05-30 09:26:32,018 : INFO : SwitchController : <<<<<<< 's_left_flipper' inactive >>>>>>>
2025-05-30 09:26:32,018 : INFO : EventManager : Event: ======'both_flippers_inactive'====== Args={'triggering_group': 1, 'triggering_switch': 's_left_flipper'}
2025-05-30 09:26:32,140 : INFO : SwitchController : <<<<<<< 's_right_flipper' active >>>>>>>
2025-05-30 09:26:32,140 : INFO : SwitchController : <<<<<<< 's_left_flipper' active >>>>>>>
2025-05-30 09:26:32,141 : INFO : EventManager : Event: ======'flipper_cancel'====== Args={'triggering_group': 1, 'triggering_switch': 's_left_flipper'}
2025-05-30 09:26:32,289 : INFO : SwitchController : <<<<<<< 's_right_flipper' inactive >>>>>>>
2025-05-30 09:26:32,289 : INFO : EventManager : Event: ======'both_flippers_one'====== Args={'triggering_group': 2, 'triggering_switch': 's_right_flipper'}
2025-05-30 09:26:32,294 : INFO : SwitchController : <<<<<<< 's_left_flipper' inactive >>>>>>>
2025-05-30 09:26:32,294 : INFO : EventManager : Event: ======'both_flippers_inactive'====== Args={'triggering_group': 1, 'triggering_switch': 's_left_flipper'}
2025-05-30 09:26:32,375 : INFO : SwitchController : <<<<<<< 's_right_flipper' active >>>>>>>
2025-05-30 09:26:32,375 : INFO : SwitchController : <<<<<<< 's_left_flipper' active >>>>>>>
2025-05-30 09:26:32,375 : INFO : EventManager : Event: ======'flipper_cancel'====== Args={'triggering_group': 1, 'triggering_switch': 's_left_flipper'}
2025-05-30 09:26:32,517 : INFO : SwitchController : <<<<<<< 's_right_flipper' inactive >>>>>>>
2025-05-30 09:26:32,517 : INFO : EventManager : Event: ======'both_flippers_one'====== Args={'triggering_group': 2, 'triggering_switch': 's_right_flipper'}
2025-05-30 09:26:32,530 : INFO : SwitchController : <<<<<<< 's_left_flipper' inactive >>>>>>>
2025-05-30 09:26:32,531 : INFO : EventManager : Event: ======'both_flippers_inactive'====== Args={'triggering_group': 1, 'triggering_switch': 's_left_flipper'}
2025-05-30 09:26:32,622 : INFO : SwitchController : <<<<<<< 's_left_flipper' active >>>>>>>
2025-05-30 09:26:32,636 : INFO : SwitchController : <<<<<<< 's_right_flipper' active >>>>>>>
2025-05-30 09:26:32,636 : INFO : EventManager : Event: ======'flipper_cancel'====== Args={'triggering_group': 2, 'triggering_switch': 's_right_flipper'}
2025-05-30 09:26:32,763 : INFO : SwitchController : <<<<<<< 's_right_flipper' inactive >>>>>>>
2025-05-30 09:26:32,763 : INFO : EventManager : Event: ======'both_flippers_one'====== Args={'triggering_group': 2, 'triggering_switch': 's_right_flipper'}
2025-05-30 09:26:32,867 : INFO : SwitchController : <<<<<<< 's_right_flipper' active >>>>>>>
2025-05-30 09:26:32,868 : INFO : EventManager : Event: ======'flipper_cancel'====== Args={'triggering_group': 2, 'triggering_switch': 's_right_flipper'}
2025-05-30 09:26:33,037 : INFO : SwitchController : <<<<<<< 's_right_flipper' inactive >>>>>>>
2025-05-30 09:26:33,038 : INFO : EventManager : Event: ======'both_flippers_one'====== Args={'triggering_group': 2, 'triggering_switch': 's_right_flipper'}
2025-05-30 09:26:33,071 : INFO : SwitchController : <<<<<<< 's_left_flipper' inactive >>>>>>>
2025-05-30 09:26:33,071 : INFO : EventManager : Event: ======'both_flippers_inactive'====== Args={'triggering_group': 1, 'triggering_switch': 's_left_flipper'}
2025-05-30 09:26:33,412 : INFO : SwitchController : <<<<<<< 's_left_flipper' active >>>>>>>
2025-05-30 09:26:33,652 : INFO : SwitchController : <<<<<<< 's_left_flipper' inactive >>>>>>>
2025-05-30 09:26:33,866 : INFO : SwitchController : <<<<<<< 's_left_flipper' active >>>>>>>
2025-05-30 09:26:33,918 : INFO : SwitchController : <<<<<<< 's_right_flipper' active >>>>>>>
2025-05-30 09:26:33,918 : INFO : EventManager : Event: ======'flipper_cancel'====== Args={'triggering_group': 2, 'triggering_switch': 's_right_flipper'}
2025-05-30 09:26:34,022 : INFO : SwitchController : <<<<<<< 's_right_flipper' inactive >>>>>>>
2025-05-30 09:26:34,022 : INFO : EventManager : Event: ======'both_flippers_one'====== Args={'triggering_group': 2, 'triggering_switch': 's_right_flipper'}
2025-05-30 09:26:34,085 : INFO : SwitchController : <<<<<<< 's_left_flipper' inactive >>>>>>>
2025-05-30 09:26:34,086 : INFO : EventManager : Event: ======'both_flippers_inactive'====== Args={'triggering_group': 1, 'triggering_switch': 's_left_flipper'}
2025-05-30 09:26:34,257 : INFO : SwitchController : <<<<<<< 's_left_flipper' active >>>>>>>
2025-05-30 09:26:34,432 : INFO : SwitchController : <<<<<<< 's_left_flipper' inactive >>>>>>>
2025-05-30 09:26:34,641 : INFO : SwitchController : <<<<<<< 's_left_flipper' active >>>>>>>
2025-05-30 09:26:34,757 : INFO : SwitchController : <<<<<<< 's_left_flipper' inactive >>>>>>>
2025-05-30 09:26:34,931 : INFO : SwitchController : <<<<<<< 's_right_flipper' active >>>>>>>
2025-05-30 09:26:34,931 : INFO : SwitchController : <<<<<<< 's_left_flipper' active >>>>>>>
2025-05-30 09:26:34,931 : INFO : EventManager : Event: ======'flipper_cancel'====== Args={'triggering_group': 1, 'triggering_switch': 's_left_flipper'}
2025-05-30 09:26:35,090 : INFO : SwitchController : <<<<<<< 's_right_flipper' inactive >>>>>>>
2025-05-30 09:26:35,090 : INFO : EventManager : Event: ======'both_flippers_one'====== Args={'triggering_group': 2, 'triggering_switch': 's_right_flipper'}
2025-05-30 09:26:35,091 : INFO : SwitchController : <<<<<<< 's_left_flipper' inactive >>>>>>>
2025-05-30 09:26:35,091 : INFO : EventManager : Event: ======'both_flippers_inactive'====== Args={'triggering_group': 1, 'triggering_switch': 's_left_flipper'}
2025-05-30 09:26:35,464 : INFO : SwitchController : <<<<<<< 's_right_flipper' active >>>>>>>
2025-05-30 09:26:35,465 : INFO : SwitchController : <<<<<<< 's_left_flipper' active >>>>>>>
2025-05-30 09:26:35,465 : INFO : EventManager : Event: ======'flipper_cancel'====== Args={'triggering_group': 1, 'triggering_switch': 's_left_flipper'}
2025-05-30 09:26:35,634 : INFO : SwitchController : <<<<<<< 's_right_flipper' inactive >>>>>>>
2025-05-30 09:26:35,635 : INFO : EventManager : Event: ======'both_flippers_one'====== Args={'triggering_group': 2, 'triggering_switch': 's_right_flipper'}
2025-05-30 09:26:35,649 : INFO : SwitchController : <<<<<<< 's_left_flipper' inactive >>>>>>>
2025-05-30 09:26:35,649 : INFO : EventManager : Event: ======'both_flippers_inactive'====== Args={'triggering_group': 1, 'triggering_switch': 's_left_flipper'}
2025-05-30 09:26:39,981 : INFO : SwitchController : <<<<<<< 's_left_flipper' active >>>>>>>
2025-05-30 09:26:39,997 : INFO : SwitchController : <<<<<<< 's_right_flipper' active >>>>>>>
2025-05-30 09:26:39,998 : INFO : EventManager : Event: ======'flipper_cancel'====== Args={'triggering_group': 2, 'triggering_switch': 's_right_flipper'}
2025-05-30 09:26:40,216 : INFO : SwitchController : <<<<<<< 's_right_flipper' inactive >>>>>>>
2025-05-30 09:26:40,217 : INFO : EventManager : Event: ======'both_flippers_one'====== Args={'triggering_group': 2, 'triggering_switch': 's_right_flipper'}
2025-05-30 09:26:40,239 : INFO : SwitchController : <<<<<<< 's_left_flipper' inactive >>>>>>>
2025-05-30 09:26:40,240 : INFO : EventManager : Event: ======'both_flippers_inactive'====== Args={'triggering_group': 1, 'triggering_switch': 's_left_flipper'}
2025-05-30 09:26:40,406 : INFO : SwitchController : <<<<<<< 's_right_flipper' active >>>>>>>
2025-05-30 09:26:40,417 : INFO : SwitchController : <<<<<<< 's_left_flipper' active >>>>>>>
2025-05-30 09:26:40,418 : INFO : EventManager : Event: ======'flipper_cancel'====== Args={'triggering_group': 1, 'triggering_switch': 's_left_flipper'}
2025-05-30 09:26:40,609 : INFO : SwitchController : <<<<<<< 's_right_flipper' inactive >>>>>>>
2025-05-30 09:26:40,610 : INFO : EventManager : Event: ======'both_flippers_one'====== Args={'triggering_group': 2, 'triggering_switch': 's_right_flipper'}
2025-05-30 09:26:40,623 : INFO : SwitchController : <<<<<<< 's_left_flipper' inactive >>>>>>>
2025-05-30 09:26:40,624 : INFO : EventManager : Event: ======'both_flippers_inactive'====== Args={'triggering_group': 1, 'triggering_switch': 's_left_flipper'}
2025-05-30 09:26:40,752 : INFO : SwitchController : <<<<<<< 's_right_flipper' active >>>>>>>
2025-05-30 09:26:40,753 : INFO : SwitchController : <<<<<<< 's_left_flipper' active >>>>>>>
2025-05-30 09:26:40,753 : INFO : EventManager : Event: ======'flipper_cancel'====== Args={'triggering_group': 1, 'triggering_switch': 's_left_flipper'}
2025-05-30 09:26:40,905 : INFO : SwitchController : <<<<<<< 's_right_flipper' inactive >>>>>>>
2025-05-30 09:26:40,906 : INFO : EventManager : Event: ======'both_flippers_one'====== Args={'triggering_group': 2, 'triggering_switch': 's_right_flipper'}
2025-05-30 09:26:40,936 : INFO : SwitchController : <<<<<<< 's_left_flipper' inactive >>>>>>>
2025-05-30 09:26:40,936 : INFO : EventManager : Event: ======'both_flippers_inactive'====== Args={'triggering_group': 1, 'triggering_switch': 's_left_flipper'}
2025-05-30 09:26:42,533 : INFO : Machine : Shutting down...
2025-05-30 09:26:42,533 : INFO : EventManager : Event: ======'shutdown'====== Args={}
2025-05-30 09:26:42,540 : ERROR : OPP : Stop called on serial connection com3
2025-05-30 09:26:42,571 : ERROR : OPP : Stop called on serial connection com4
2025-05-30 09:26:42,572 : ERROR : asyncio : Exception in callback Util.raise_exceptions(<Task finishe...ection lost')>) at C:\Users\ruben\.local\pipx\venvs\mpf\lib\site-packages\mpf\core\utility_functions.py:759
handle: <Handle Util.raise_exceptions(<Task finishe...ection lost')>) at C:\Users\ruben\.local\pipx\venvs\mpf\lib\site-packages\mpf\core\utility_functions.py:759>
Traceback (most recent call last):
  File "C:\Users\ruben\AppData\Local\Programs\Python\Python39\lib\asyncio\events.py", line 80, in _run
    self._context.run(self._callback, *self._args)
  File "C:\Users\ruben\.local\pipx\venvs\mpf\lib\site-packages\mpf\core\utility_functions.py", line 767, in raise_exceptions
    future.result()
  File "C:\Users\ruben\.local\pipx\venvs\mpf\lib\site-packages\mpf\platforms\opp\opp.py", line 965, in _poll_sender
    await self.opp_connection[chain_serial].writer.drain()
  File "C:\Users\ruben\AppData\Local\Programs\Python\Python39\lib\asyncio\streams.py", line 387, in drain
    await self._protocol._drain_helper()
  File "C:\Users\ruben\AppData\Local\Programs\Python\Python39\lib\asyncio\streams.py", line 190, in _drain_helper
    raise ConnectionResetError('Connection lost')
ConnectionResetError: Connection lost
2025-05-30 09:26:42,835 : WARNING : OPP : Poll took more than 250.0ms for 0
2025-05-30 09:26:42,835 : ERROR : asyncio : Exception in callback Util.raise_exceptions(<Task finishe...ute 'write'")>) at C:\Users\ruben\.local\pipx\venvs\mpf\lib\site-packages\mpf\core\utility_functions.py:759
handle: <Handle Util.raise_exceptions(<Task finishe...ute 'write'")>) at C:\Users\ruben\.local\pipx\venvs\mpf\lib\site-packages\mpf\core\utility_functions.py:759>
Traceback (most recent call last):
  File "C:\Users\ruben\AppData\Local\Programs\Python\Python39\lib\asyncio\events.py", line 80, in _run
    self._context.run(self._callback, *self._args)
  File "C:\Users\ruben\.local\pipx\venvs\mpf\lib\site-packages\mpf\core\utility_functions.py", line 767, in raise_exceptions
    future.result()
  File "C:\Users\ruben\.local\pipx\venvs\mpf\lib\site-packages\mpf\platforms\opp\opp.py", line 964, in _poll_sender
    self.send_to_processor(chain_serial, self.read_input_msg[chain_serial])
  File "C:\Users\ruben\.local\pipx\venvs\mpf\lib\site-packages\mpf\platforms\opp\opp.py", line 345, in send_to_processor
    self.opp_connection[chain_serial].send(msg)
  File "C:\Users\ruben\.local\pipx\venvs\mpf\lib\site-packages\mpf\platforms\base_serial_communicator.py", line 160, in send
    self.writer.write(msg)
AttributeError: 'NoneType' object has no attribute 'write'
2025-05-30 09:26:42,838 : INFO : root : MPF run loop ended.
