2025-06-03 21:37:30,300 : INFO : root : Loading config.
2025-06-03 21:37:30,302 : INFO : YamlMultifileConfigLoader : Machine config file #1: config.yaml
2025-06-03 21:37:30,302 : INFO : ConfigProcessor : Loading config from cache: /var/folders/9g/7xjb17l959g1fnq4pjl5c5p80000gn/T/1941ac2cbc7f60a15b77e866ee64bff5.mpf_cache
2025-06-03 21:37:30,303 : WARNING : ConfigProcessor : Config file in cache changed: /Users/ruben/Pinball/mpf-pinball/config/slides.yaml
2025-06-03 21:37:30,303 : INFO : ConfigProcessor : Loading config from file /Library/Frameworks/Python.framework/Versions/3.9/lib/python3.9/site-packages/mpf/mpfconfig.yaml.
2025-06-03 21:37:30,309 : INFO : ConfigProcessor : Loading config: /Library/Frameworks/Python.framework/Versions/3.9/lib/python3.9/site-packages/mpf/mpfconfig.yaml
2025-06-03 21:37:30,309 : INFO : ConfigProcessor : Loading config from file /Users/ruben/Pinball/mpf-pinball/config/config.yaml.
2025-06-03 21:37:30,309 : INFO : ConfigProcessor : Loading config: /Users/ruben/Pinball/mpf-pinball/config/config.yaml
2025-06-03 21:37:30,310 : INFO : ConfigProcessor : Loading config: /Users/ruben/Pinball/mpf-pinball/config/hardware.yaml
2025-06-03 21:37:30,311 : INFO : ConfigProcessor : Loading config: /Users/ruben/Pinball/mpf-pinball/config/switches.yaml
2025-06-03 21:37:30,312 : INFO : ConfigProcessor : Loading config: /Users/ruben/Pinball/mpf-pinball/config/coils.yaml
2025-06-03 21:37:30,312 : INFO : ConfigProcessor : Loading config: /Users/ruben/Pinball/mpf-pinball/config/devices.yaml
2025-06-03 21:37:30,313 : INFO : ConfigProcessor : Loading config: /Users/ruben/Pinball/mpf-pinball/config/displays.yaml
2025-06-03 21:37:30,313 : INFO : ConfigProcessor : Loading config: /Users/ruben/Pinball/mpf-pinball/config/slides.yaml
2025-06-03 21:37:30,314 : INFO : ConfigProcessor : Config file cache created: /var/folders/9g/7xjb17l959g1fnq4pjl5c5p80000gn/T/1941ac2cbc7f60a15b77e866ee64bff5.mpf_cache
2025-06-03 21:37:30,332 : INFO : ConfigProcessor : Loading config from cache: /var/folders/9g/7xjb17l959g1fnq4pjl5c5p80000gn/T/c7af4841f7c2cabb0f971746daddf284.mpf_cache
2025-06-03 21:37:30,332 : INFO : ConfigProcessor : Loading config from cache: /var/folders/9g/7xjb17l959g1fnq4pjl5c5p80000gn/T/edcc5f1d3215b377c9faab88c62e4ce0.mpf_cache
2025-06-03 21:37:30,332 : INFO : Machine : Mission Pinball Framework Core Engine v0.57.3
2025-06-03 21:37:30,332 : INFO : Machine : Command line arguments: {'no_load_cache': False, 'create_config_cache': True, 'bcp': True, 'configfile': ['config.yaml'], 'force_assets_load': False, 'platform_integration_test': False, 'jsonlogging': False, 'logfile': 'logs/2025-06-03-21-37-30-mpf-ruben.home.log', 'pause': False, 'production': False, 'text_ui': True, 'loglevel': 15, 'consoleloglevel': 20, 'force_platform': 'smart_virtual', 'syslog_address': None, 'mc_file_name': None, 'no_sound': False}
2025-06-03 21:37:30,332 : INFO : Machine : MPF path: /Library/Frameworks/Python.framework/Versions/3.9/lib/python3.9/site-packages/mpf
2025-06-03 21:37:30,332 : INFO : Machine : Machine path: /Users/ruben/Pinball/mpf-pinball
2025-06-03 21:37:30,332 : INFO : Machine : Platform: darwin
2025-06-03 21:37:30,332 : INFO : Machine : Python executable location: /Library/Frameworks/Python.framework/Versions/3.9/bin/python3.9
2025-06-03 21:37:30,332 : INFO : Machine : Python version: 3.9.13 (64-bit)
2025-06-03 21:37:30,333 : INFO : Machine : Initializing MPF...
2025-06-03 21:37:30,349 : INFO : EventManager : Event: ======'machine_var_credits_string'====== Args={'value': 'FREE PLAY', 'prev_value': None, 'change': True}
2025-06-03 21:37:30,363 : INFO : EventManager : Event: ======'machine_var_master_volume'====== Args={'value': 0.5, 'prev_value': None, 'change': True}
2025-06-03 21:37:30,363 : INFO : EventManager : Event: ======'machine_var_player1_score'====== Args={'value': 0, 'prev_value': None, 'change': True}
2025-06-03 21:37:30,363 : INFO : EventManager : Event: ======'machine_var_mpf_version'====== Args={'value': 'Mission Pinball Framework v0.57.3', 'prev_value': None, 'change': True}
2025-06-03 21:37:30,363 : INFO : EventManager : Event: ======'machine_var_mpf_extended_version'====== Args={'value': 'Mission Pinball Framework v0.57.3, Config version:6, Show version: 6, BCP version:1.1', 'prev_value': None, 'change': True}
2025-06-03 21:37:30,363 : INFO : EventManager : Event: ======'machine_var_python_version'====== Args={'value': '3.9.13', 'prev_value': None, 'change': True}
2025-06-03 21:37:30,371 : INFO : EventManager : Event: ======'machine_var_platform'====== Args={'value': 'macOS-14.6.1-arm64-arm-64bit', 'prev_value': None, 'change': True}
2025-06-03 21:37:30,371 : INFO : EventManager : Event: ======'machine_var_platform_system'====== Args={'value': 'Darwin', 'prev_value': None, 'change': True}
2025-06-03 21:37:30,371 : INFO : EventManager : Event: ======'machine_var_platform_release'====== Args={'value': '23.6.0', 'prev_value': None, 'change': True}
2025-06-03 21:37:30,371 : INFO : EventManager : Event: ======'machine_var_platform_version'====== Args={'value': 'Darwin Kernel Version 23.6.0: Mon Jul 29 21:14:30 PDT 2024; root:xnu-10063.141.2~1/RELEASE_ARM64_T6000', 'prev_value': None, 'change': True}
2025-06-03 21:37:30,371 : INFO : EventManager : Event: ======'machine_var_platform_machine'====== Args={'value': 'arm64', 'prev_value': None, 'change': True}
2025-06-03 21:37:30,371 : INFO : EventManager : Event: ======'init_phase_1'====== Args={}
2025-06-03 21:37:30,378 : INFO : EventManager : Event: ======'init_phase_2'====== Args={}
2025-06-03 21:37:30,379 : INFO : EventManager : Event: ======'bcp_connection_attempt'====== Args={'name': 'local_display', 'host': 'localhost', 'port': 5050}
2025-06-03 21:37:30,380 : INFO : BCPClientSocket : Connecting BCP to 'local_display' at localhost:5050...
2025-06-03 21:37:42,260 : INFO : Machine : Starting the main run loop with active modes: []
2025-06-03 21:37:42,260 : WARNING : Machine : Attract mode is not active, game will not be playable. Please check your attract mode configuration.
2025-06-03 21:37:42,260 : INFO : Machine : Shutting down...
2025-06-03 21:37:42,261 : INFO : EventManager : Event: ======'shutdown'====== Args={}
2025-06-03 21:37:43,265 : INFO : root : MPF run loop ended.
