2025-05-30 06:31:07,953 : INFO : root : Loading config.
2025-05-30 06:31:07,959 : INFO : YamlMultifileConfigLoader : Machine config file #1: config.yaml
2025-05-30 06:31:07,960 : WARNING : ConfigProcessor : Config file in cache changed: C:\pinball\my_machine\config\config.yaml
2025-05-30 06:31:07,960 : INFO : ConfigProcessor : Loading config from file C:\Users\ruben\.local\pipx\venvs\mpf\lib\site-packages\mpf\mpfconfig.yaml.
2025-05-30 06:31:08,098 : INFO : ConfigProcessor : Loading config: C:\Users\ruben\.local\pipx\venvs\mpf\lib\site-packages\mpf\mpfconfig.yaml
2025-05-30 06:31:08,099 : INFO : ConfigProcessor : Loading config from file C:\pinball\my_machine\config\config.yaml.
2025-05-30 06:31:08,159 : INFO : ConfigProcessor : Loading config: C:\pinball\my_machine\config\config.yaml
2025-05-30 06:31:08,162 : INFO : ConfigProcessor : Config file cache created: C:\Users\ruben\AppData\Local\Temp\a17888e5e1df298d67e07ada0b1bff4a.mpf_cache
2025-05-30 06:31:08,292 : INFO : ConfigProcessor : Loading config from cache: C:\Users\ruben\AppData\Local\Temp\67cf8ffee0fce2d4fcb5ef0bb894d8de.mpf_cache
2025-05-30 06:31:08,294 : INFO : ConfigProcessor : Loading config from cache: C:\Users\ruben\AppData\Local\Temp\25321780674732dcacb77a8f5b2a53cd.mpf_cache
2025-05-30 06:31:08,295 : INFO : Machine : Mission Pinball Framework Core Engine v0.56.0
2025-05-30 06:31:08,295 : INFO : Machine : Command line arguments: {'no_load_cache': False, 'create_config_cache': True, 'bcp': True, 'configfile': ['config.yaml'], 'force_assets_load': False, 'jsonlogging': False, 'logfile': 'logs\\2025-05-30-06-31-07-mpf-DESKTOP-11MEIVG.log', 'pause': False, 'production': False, 'text_ui': True, 'loglevel': 15, 'consoleloglevel': 20, 'force_platform': 'smart_virtual', 'syslog_address': None, 'mc_file_name': None, 'no_sound': False}
2025-05-30 06:31:08,295 : INFO : Machine : MPF path: C:\Users\ruben\.local\pipx\venvs\mpf\lib\site-packages\mpf
2025-05-30 06:31:08,295 : INFO : Machine : Machine path: C:\pinball\my_machine
2025-05-30 06:31:08,295 : INFO : Machine : Platform: win32
2025-05-30 06:31:08,295 : INFO : Machine : Python executable location: C:\Users\ruben\.local\pipx\venvs\mpf\Scripts\python.exe
2025-05-30 06:31:08,295 : INFO : Machine : Python version: 3.9.13 (64-bit)
2025-05-30 06:31:08,299 : INFO : Machine : Initialise MPF.
2025-05-30 06:31:08,460 : INFO : EventManager : Event: ======'machine_var_credits_string'====== Args={'value': 'FREE PLAY', 'prev_value': None, 'change': True}
2025-05-30 06:31:08,544 : INFO : EventManager : Event: ======'machine_var_master_volume'====== Args={'value': 0.5, 'prev_value': None, 'change': True}
2025-05-30 06:31:08,544 : INFO : EventManager : Event: ======'machine_var_player1_score'====== Args={'value': 0, 'prev_value': None, 'change': True}
2025-05-30 06:31:08,544 : INFO : EventManager : Event: ======'machine_var_mpf_version'====== Args={'value': 'MPF v0.56.0', 'prev_value': None, 'change': True}
2025-05-30 06:31:08,544 : INFO : EventManager : Event: ======'machine_var_mpf_extended_version'====== Args={'value': 'MPF v0.56.0, Config version:5, Show version: 5, BCP version:1.1', 'prev_value': None, 'change': True}
2025-05-30 06:31:08,544 : INFO : EventManager : Event: ======'machine_var_python_version'====== Args={'value': '3.9.13', 'prev_value': None, 'change': True}
2025-05-30 06:31:08,563 : INFO : EventManager : Event: ======'machine_var_platform'====== Args={'value': 'Windows-10-10.0.19045-SP0', 'prev_value': None, 'change': True}
2025-05-30 06:31:08,563 : INFO : EventManager : Event: ======'machine_var_platform_system'====== Args={'value': 'Windows', 'prev_value': None, 'change': True}
2025-05-30 06:31:08,563 : INFO : EventManager : Event: ======'machine_var_platform_release'====== Args={'value': '10', 'prev_value': None, 'change': True}
2025-05-30 06:31:08,563 : INFO : EventManager : Event: ======'machine_var_platform_version'====== Args={'value': '10.0.19045', 'prev_value': None, 'change': True}
2025-05-30 06:31:08,563 : INFO : EventManager : Event: ======'machine_var_platform_machine'====== Args={'value': 'AMD64', 'prev_value': None, 'change': True}
2025-05-30 06:31:08,563 : INFO : EventManager : Event: ======'init_phase_1'====== Args={}
2025-05-30 06:31:08,582 : ERROR : asyncio : Exception in callback EventManager._async_handler_done(<QueuedEvent>)(<Task finishe...plate "10;"')>) at C:\Users\ruben\.local\pipx\venvs\mpf\lib\site-packages\mpf\core\events.py:118
handle: <Handle EventManager._async_handler_done(<QueuedEvent>)(<Task finishe...plate "10;"')>) at C:\Users\ruben\.local\pipx\venvs\mpf\lib\site-packages\mpf\core\events.py:118>
Traceback (most recent call last):
  File "C:\Users\ruben\.local\pipx\venvs\mpf\lib\site-packages\mpf\core\placeholder_manager.py", line 670, in _parse_template
    return ast.parse(template_str, mode='eval').body
  File "C:\Users\ruben\AppData\Local\Programs\Python\Python39\lib\ast.py", line 50, in parse
    return compile(source, filename, mode, flags,
  File "<unknown>", line 1
    10;
      ^
SyntaxError: unexpected EOF while parsing

During handling of the above exception, another exception occurred:

Traceback (most recent call last):
  File "C:\Users\ruben\AppData\Local\Programs\Python\Python39\lib\asyncio\events.py", line 80, in _run
    self._context.run(self._callback, *self._args)
  File "C:\Users\ruben\.local\pipx\venvs\mpf\lib\site-packages\mpf\core\events.py", line 121, in _async_handler_done
    future.result()
  File "C:\Users\ruben\.local\pipx\venvs\mpf\lib\site-packages\mpf\core\device_manager.py", line 89, in _load_device_modules
    self.load_devices_config(validate=True)
  File "C:\Users\ruben\.local\pipx\venvs\mpf\lib\site-packages\mpf\core\device_manager.py", line 147, in load_devices_config
    config[device_name] = collection[device_name].validate_and_parse_config(config[device_name], False)
  File "C:\Users\ruben\.local\pipx\venvs\mpf\lib\site-packages\mpf\devices\driver.py", line 73, in validate_and_parse_config
    config = super().validate_and_parse_config(config, is_mode_config, debug_prefix)
  File "C:\Users\ruben\.local\pipx\venvs\mpf\lib\site-packages\mpf\core\device.py", line 108, in validate_and_parse_config
    self.machine.config_validator.validate_config(
  File "C:\Users\ruben\.local\pipx\venvs\mpf\lib\site-packages\mpf\core\config_validator.py", line 164, in validate_config
    return self._validate_config(config_spec, source, base_spec=base_spec, add_missing_keys=add_missing_keys,
  File "C:\Users\ruben\.local\pipx\venvs\mpf\lib\site-packages\mpf\core\config_validator.py", line 205, in _validate_config
    processed_config[k] = self.validate_config_item(
  File "C:\Users\ruben\.local\pipx\venvs\mpf\lib\site-packages\mpf\core\config_validator.py", line 244, in validate_config_item
    return self.validate_item(item, validation, validation_failure_info)
  File "C:\Users\ruben\.local\pipx\venvs\mpf\lib\site-packages\mpf\core\config_validator.py", line 698, in validate_item
    return self.validator_list[validator](item, validation_failure_info=validation_failure_info)
  File "C:\Users\ruben\.local\pipx\venvs\mpf\lib\site-packages\mpf\core\config_validator.py", line 494, in _validate_type_template_ms
    return self.machine.placeholder_manager.build_int_template(item)
  File "C:\Users\ruben\.local\pipx\venvs\mpf\lib\site-packages\mpf\core\placeholder_manager.py", line 823, in build_int_template
    return IntTemplate(self._parse_template(template_str), template_str, self, default_value)
  File "C:\Users\ruben\.local\pipx\venvs\mpf\lib\site-packages\mpf\core\placeholder_manager.py", line 672, in _parse_template
    raise AssertionError('Failed to parse template "{}"'.format(template_str))
AssertionError: Failed to parse template "10;"
2025-05-30 06:31:08,653 : INFO : Machine : Starting the main run loop.
2025-05-30 06:31:08,653 : INFO : Machine : Shutting down...
2025-05-30 06:31:08,654 : INFO : EventManager : Event: ======'shutdown'====== Args={}
2025-05-30 06:31:09,668 : ERROR : Machine : Runtime Exception
Traceback (most recent call last):
  File "C:\Users\ruben\.local\pipx\venvs\mpf\lib\site-packages\mpf\core\placeholder_manager.py", line 670, in _parse_template
    return ast.parse(template_str, mode='eval').body
  File "C:\Users\ruben\AppData\Local\Programs\Python\Python39\lib\ast.py", line 50, in parse
    return compile(source, filename, mode, flags,
  File "<unknown>", line 1
    10;
      ^
SyntaxError: unexpected EOF while parsing

During handling of the above exception, another exception occurred:

Traceback (most recent call last):
  File "C:\Users\ruben\.local\pipx\venvs\mpf\lib\site-packages\mpf\core\machine.py", line 797, in _run_loop
    raise self._exception['exception']
  File "C:\Users\ruben\AppData\Local\Programs\Python\Python39\lib\asyncio\events.py", line 80, in _run
    self._context.run(self._callback, *self._args)
  File "C:\Users\ruben\.local\pipx\venvs\mpf\lib\site-packages\mpf\core\events.py", line 121, in _async_handler_done
    future.result()
  File "C:\Users\ruben\.local\pipx\venvs\mpf\lib\site-packages\mpf\core\device_manager.py", line 89, in _load_device_modules
    self.load_devices_config(validate=True)
  File "C:\Users\ruben\.local\pipx\venvs\mpf\lib\site-packages\mpf\core\device_manager.py", line 147, in load_devices_config
    config[device_name] = collection[device_name].validate_and_parse_config(config[device_name], False)
  File "C:\Users\ruben\.local\pipx\venvs\mpf\lib\site-packages\mpf\devices\driver.py", line 73, in validate_and_parse_config
    config = super().validate_and_parse_config(config, is_mode_config, debug_prefix)
  File "C:\Users\ruben\.local\pipx\venvs\mpf\lib\site-packages\mpf\core\device.py", line 108, in validate_and_parse_config
    self.machine.config_validator.validate_config(
  File "C:\Users\ruben\.local\pipx\venvs\mpf\lib\site-packages\mpf\core\config_validator.py", line 164, in validate_config
    return self._validate_config(config_spec, source, base_spec=base_spec, add_missing_keys=add_missing_keys,
  File "C:\Users\ruben\.local\pipx\venvs\mpf\lib\site-packages\mpf\core\config_validator.py", line 205, in _validate_config
    processed_config[k] = self.validate_config_item(
  File "C:\Users\ruben\.local\pipx\venvs\mpf\lib\site-packages\mpf\core\config_validator.py", line 244, in validate_config_item
    return self.validate_item(item, validation, validation_failure_info)
  File "C:\Users\ruben\.local\pipx\venvs\mpf\lib\site-packages\mpf\core\config_validator.py", line 698, in validate_item
    return self.validator_list[validator](item, validation_failure_info=validation_failure_info)
  File "C:\Users\ruben\.local\pipx\venvs\mpf\lib\site-packages\mpf\core\config_validator.py", line 494, in _validate_type_template_ms
    return self.machine.placeholder_manager.build_int_template(item)
  File "C:\Users\ruben\.local\pipx\venvs\mpf\lib\site-packages\mpf\core\placeholder_manager.py", line 823, in build_int_template
    return IntTemplate(self._parse_template(template_str), template_str, self, default_value)
  File "C:\Users\ruben\.local\pipx\venvs\mpf\lib\site-packages\mpf\core\placeholder_manager.py", line 672, in _parse_template
    raise AssertionError('Failed to parse template "{}"'.format(template_str))
AssertionError: Failed to parse template "10;"
2025-05-30 06:31:51,911 : ERROR : root : 
Traceback (most recent call last):
  File "C:\Users\ruben\.local\pipx\venvs\mpf\lib\site-packages\mpf\core\placeholder_manager.py", line 670, in _parse_template
    return ast.parse(template_str, mode='eval').body
  File "C:\Users\ruben\AppData\Local\Programs\Python\Python39\lib\ast.py", line 50, in parse
    return compile(source, filename, mode, flags,
  File "<unknown>", line 1
    10;
      ^
SyntaxError: unexpected EOF while parsing

During handling of the above exception, another exception occurred:

Traceback (most recent call last):
  File "C:\Users\ruben\.local\pipx\venvs\mpf\lib\site-packages\mpf\core\machine.py", line 797, in _run_loop
    raise self._exception['exception']
  File "C:\Users\ruben\AppData\Local\Programs\Python\Python39\lib\asyncio\events.py", line 80, in _run
    self._context.run(self._callback, *self._args)
  File "C:\Users\ruben\.local\pipx\venvs\mpf\lib\site-packages\mpf\core\events.py", line 121, in _async_handler_done
    future.result()
  File "C:\Users\ruben\.local\pipx\venvs\mpf\lib\site-packages\mpf\core\device_manager.py", line 89, in _load_device_modules
    self.load_devices_config(validate=True)
  File "C:\Users\ruben\.local\pipx\venvs\mpf\lib\site-packages\mpf\core\device_manager.py", line 147, in load_devices_config
    config[device_name] = collection[device_name].validate_and_parse_config(config[device_name], False)
  File "C:\Users\ruben\.local\pipx\venvs\mpf\lib\site-packages\mpf\devices\driver.py", line 73, in validate_and_parse_config
    config = super().validate_and_parse_config(config, is_mode_config, debug_prefix)
  File "C:\Users\ruben\.local\pipx\venvs\mpf\lib\site-packages\mpf\core\device.py", line 108, in validate_and_parse_config
    self.machine.config_validator.validate_config(
  File "C:\Users\ruben\.local\pipx\venvs\mpf\lib\site-packages\mpf\core\config_validator.py", line 164, in validate_config
    return self._validate_config(config_spec, source, base_spec=base_spec, add_missing_keys=add_missing_keys,
  File "C:\Users\ruben\.local\pipx\venvs\mpf\lib\site-packages\mpf\core\config_validator.py", line 205, in _validate_config
    processed_config[k] = self.validate_config_item(
  File "C:\Users\ruben\.local\pipx\venvs\mpf\lib\site-packages\mpf\core\config_validator.py", line 244, in validate_config_item
    return self.validate_item(item, validation, validation_failure_info)
  File "C:\Users\ruben\.local\pipx\venvs\mpf\lib\site-packages\mpf\core\config_validator.py", line 698, in validate_item
    return self.validator_list[validator](item, validation_failure_info=validation_failure_info)
  File "C:\Users\ruben\.local\pipx\venvs\mpf\lib\site-packages\mpf\core\config_validator.py", line 494, in _validate_type_template_ms
    return self.machine.placeholder_manager.build_int_template(item)
  File "C:\Users\ruben\.local\pipx\venvs\mpf\lib\site-packages\mpf\core\placeholder_manager.py", line 823, in build_int_template
    return IntTemplate(self._parse_template(template_str), template_str, self, default_value)
  File "C:\Users\ruben\.local\pipx\venvs\mpf\lib\site-packages\mpf\core\placeholder_manager.py", line 672, in _parse_template
    raise AssertionError('Failed to parse template "{}"'.format(template_str))
AssertionError: Failed to parse template "10;"

During handling of the above exception, another exception occurred:

Traceback (most recent call last):
  File "C:\Users\ruben\.local\pipx\venvs\mpf\lib\site-packages\mpf\commands\game.py", line 239, in __init__
    self.machine.run()
  File "C:\Users\ruben\.local\pipx\venvs\mpf\lib\site-packages\mpf\core\machine.py", line 693, in run
    self._run_loop()
  File "C:\Users\ruben\.local\pipx\venvs\mpf\lib\site-packages\mpf\core\machine.py", line 800, in _run_loop
    report_crash(self._exception['exception'], "exception_during_run", self.config)
  File "C:\Users\ruben\.local\pipx\venvs\mpf\lib\site-packages\mpf\core\crash_reporter.py", line 236, in report_crash
    response = input("Do you want to report the crash to the MPF team (yes/no/show)? ")
EOFError
