2025-06-16 09:07:27,949 : INFO : root : Loading config.
2025-06-16 09:07:27,965 : INFO : YamlMultifileConfigLoader : Machine config file #1: config.yaml
2025-06-16 09:07:27,965 : INFO : ConfigProcessor : Loading config from cache: C:\Users\ruben\AppData\Local\Temp\a17888e5e1df298d67e07ada0b1bff4a.mpf_cache
2025-06-16 09:07:27,965 : WARNING : ConfigProcessor : Config file in cache changed: C:\pinball\my_machine\config\coils.yaml
2025-06-16 09:07:27,965 : INFO : ConfigProcessor : Loading config from file C:\Users\ruben\.local\pipx\venvs\mpf\lib\site-packages\mpf\mpfconfig.yaml.
2025-06-16 09:07:28,240 : INFO : ConfigProcessor : Loading config: C:\Users\ruben\.local\pipx\venvs\mpf\lib\site-packages\mpf\mpfconfig.yaml
2025-06-16 09:07:28,240 : INFO : ConfigProcessor : Loading config from file C:\pinball\my_machine\config\config.yaml.
2025-06-16 09:07:28,256 : INFO : ConfigProcessor : Loading config: C:\pinball\my_machine\config\config.yaml
2025-06-16 09:07:28,256 : INFO : ConfigProcessor : Loading config: C:\pinball\my_machine\config\hardware.yaml
2025-06-16 09:07:28,272 : INFO : ConfigProcessor : Loading config: C:\pinball\my_machine\config\switches.yaml
2025-06-16 09:07:28,287 : INFO : ConfigProcessor : Loading config: C:\pinball\my_machine\config\coils.yaml
2025-06-16 09:07:28,335 : INFO : ConfigProcessor : Loading config: C:\pinball\my_machine\config\devices.yaml
2025-06-16 09:07:28,342 : INFO : ConfigProcessor : Loading config: C:\pinball\my_machine\config\displays.yaml
2025-06-16 09:07:28,354 : INFO : ConfigProcessor : Loading config: C:\pinball\my_machine\config\slides.yaml
2025-06-16 09:07:28,374 : INFO : ConfigProcessor : Config file cache created: C:\Users\ruben\AppData\Local\Temp\a17888e5e1df298d67e07ada0b1bff4a.mpf_cache
2025-06-16 09:07:28,521 : INFO : ConfigProcessor : Loading config from cache: C:\Users\ruben\AppData\Local\Temp\67cf8ffee0fce2d4fcb5ef0bb894d8de.mpf_cache
2025-06-16 09:07:28,523 : INFO : ConfigProcessor : Loading config from cache: C:\Users\ruben\AppData\Local\Temp\25321780674732dcacb77a8f5b2a53cd.mpf_cache
2025-06-16 09:07:28,524 : INFO : ConfigProcessor : Loading config from cache: C:\Users\ruben\AppData\Local\Temp\195f66f1d07408d279921a878741edf5.mpf_cache
2025-06-16 09:07:28,526 : INFO : Machine : Mission Pinball Framework Core Engine v0.56.0
2025-06-16 09:07:28,526 : INFO : Machine : Command line arguments: {'no_load_cache': False, 'create_config_cache': True, 'bcp': True, 'configfile': ['config.yaml'], 'force_assets_load': False, 'jsonlogging': False, 'logfile': 'logs\\2025-06-16-09-07-27-mpf-DESKTOP-11MEIVG.log', 'pause': False, 'production': False, 'text_ui': True, 'loglevel': 15, 'consoleloglevel': 20, 'force_platform': None, 'syslog_address': None, 'mc_file_name': None, 'no_sound': False}
2025-06-16 09:07:28,526 : INFO : Machine : MPF path: C:\Users\ruben\.local\pipx\venvs\mpf\lib\site-packages\mpf
2025-06-16 09:07:28,526 : INFO : Machine : Machine path: C:\pinball\my_machine
2025-06-16 09:07:28,526 : INFO : Machine : Platform: win32
2025-06-16 09:07:28,526 : INFO : Machine : Python executable location: C:\Users\ruben\.local\pipx\venvs\mpf\Scripts\python.exe
2025-06-16 09:07:28,526 : INFO : Machine : Python version: 3.9.13 (64-bit)
2025-06-16 09:07:28,530 : INFO : Machine : Initialise MPF.
2025-06-16 09:07:28,853 : INFO : OPP : Connecting to com3 at 115200bps
2025-06-16 09:07:29,032 : INFO : OPP : Init of OPP board 1 done
2025-06-16 09:07:29,032 : INFO : OPP : Connecting to com4 at 115200bps
2025-06-16 09:07:29,127 : INFO : OPP : Init of OPP board 0 done
2025-06-16 09:07:29,128 : INFO : EventManager : Event: ======'machine_var_credits_string'====== Args={'value': 'FREE PLAY', 'prev_value': None, 'change': True}
2025-06-16 09:07:29,213 : INFO : EventManager : Event: ======'machine_var_master_volume'====== Args={'value': 0.5, 'prev_value': None, 'change': True}
2025-06-16 09:07:29,213 : INFO : EventManager : Event: ======'machine_var_player1_score'====== Args={'value': 0, 'prev_value': None, 'change': True}
2025-06-16 09:07:29,213 : INFO : EventManager : Event: ======'machine_var_mpf_version'====== Args={'value': 'MPF v0.56.0', 'prev_value': None, 'change': True}
2025-06-16 09:07:29,213 : INFO : EventManager : Event: ======'machine_var_mpf_extended_version'====== Args={'value': 'MPF v0.56.0, Config version:5, Show version: 5, BCP version:1.1', 'prev_value': None, 'change': True}
2025-06-16 09:07:29,213 : INFO : EventManager : Event: ======'machine_var_python_version'====== Args={'value': '3.9.13', 'prev_value': None, 'change': True}
2025-06-16 09:07:29,229 : INFO : EventManager : Event: ======'machine_var_platform'====== Args={'value': 'Windows-10-10.0.19045-SP0', 'prev_value': None, 'change': True}
2025-06-16 09:07:29,229 : INFO : EventManager : Event: ======'machine_var_platform_system'====== Args={'value': 'Windows', 'prev_value': None, 'change': True}
2025-06-16 09:07:29,229 : INFO : EventManager : Event: ======'machine_var_platform_release'====== Args={'value': '10', 'prev_value': None, 'change': True}
2025-06-16 09:07:29,229 : INFO : EventManager : Event: ======'machine_var_platform_version'====== Args={'value': '10.0.19045', 'prev_value': None, 'change': True}
2025-06-16 09:07:29,229 : INFO : EventManager : Event: ======'machine_var_platform_machine'====== Args={'value': 'AMD64', 'prev_value': None, 'change': True}
2025-06-16 09:07:29,230 : INFO : EventManager : Event: ======'init_phase_1'====== Args={}
2025-06-16 09:07:29,291 : INFO : EventManager : Event: ======'init_phase_2'====== Args={}
2025-06-16 09:07:29,299 : INFO : EventManager : Event: ======'bcp_connection_attempt'====== Args={'name': 'local_display', 'host': 'localhost', 'port': 5050}
2025-06-16 09:07:29,302 : INFO : BCPClientSocket : Connecting BCP to 'local_display' at localhost:5050...
2025-06-16 09:07:31,889 : INFO : BCPClientSocket : Connected BCP to 'local_display' localhost:5050
2025-06-16 09:07:31,892 : INFO : EventManager : Event: ======'bcp_clients_connected'====== Args={}
2025-06-16 09:07:31,937 : INFO : ball_device.bd_trough : BCH: Initial count: 0
2025-06-16 09:07:31,940 : INFO : EventManager : Event: ======'machine_var_mc_version'====== Args={'value': 'MPF-MC v0.56.1', 'prev_value': None, 'change': True}
2025-06-16 09:07:31,941 : INFO : EventManager : Event: ======'machine_var_mc_extended_version'====== Args={'value': 'MPF-MC v0.56.1 (config_version=5, BCP v1.1,                      Requires MPF API compatibility v0.56.0 or newer)', 'prev_value': None, 'change': True}
2025-06-16 09:07:31,948 : INFO : ball_device.bd_trough : State: idle
2025-06-16 09:07:32,010 : INFO : EventManager : Event: ======'init_phase_3'====== Args={}
2025-06-16 09:07:32,016 : INFO : EventManager : Event: ======'init_phase_4'====== Args={}
2025-06-16 09:07:32,016 : INFO : BallController : Initial balls found: 0
2025-06-16 09:07:32,018 : INFO : EventManager : Event: ======'machine_var_audits_events_game_ended'====== Args={'value': 50, 'prev_value': None, 'change': True}
2025-06-16 09:07:32,019 : INFO : EventManager : Event: ======'machine_var_audits_events_game_started'====== Args={'value': 98, 'prev_value': None, 'change': True}
2025-06-16 09:07:32,019 : INFO : EventManager : Event: ======'machine_var_audits_missing_switches_s_left_flipper'====== Args={'value': 8, 'prev_value': None, 'change': True}
2025-06-16 09:07:32,019 : INFO : EventManager : Event: ======'machine_var_audits_missing_switches_s_left_inlane1'====== Args={'value': 8, 'prev_value': None, 'change': True}
2025-06-16 09:07:32,019 : INFO : EventManager : Event: ======'machine_var_audits_missing_switches_s_left_inlane2'====== Args={'value': 8, 'prev_value': None, 'change': True}
2025-06-16 09:07:32,020 : INFO : EventManager : Event: ======'machine_var_audits_missing_switches_s_left_outlane'====== Args={'value': 9, 'prev_value': None, 'change': True}
2025-06-16 09:07:32,020 : INFO : EventManager : Event: ======'machine_var_audits_missing_switches_s_left_slingshot'====== Args={'value': 9, 'prev_value': None, 'change': True}
2025-06-16 09:07:32,020 : INFO : EventManager : Event: ======'machine_var_audits_missing_switches_s_pop1'====== Args={'value': 9, 'prev_value': None, 'change': True}
2025-06-16 09:07:32,020 : INFO : EventManager : Event: ======'machine_var_audits_missing_switches_s_pop2'====== Args={'value': 9, 'prev_value': None, 'change': True}
2025-06-16 09:07:32,021 : INFO : EventManager : Event: ======'machine_var_audits_missing_switches_s_pop3'====== Args={'value': 9, 'prev_value': None, 'change': True}
2025-06-16 09:07:32,021 : INFO : EventManager : Event: ======'machine_var_audits_missing_switches_s_pop4'====== Args={'value': 8, 'prev_value': None, 'change': True}
2025-06-16 09:07:32,021 : INFO : EventManager : Event: ======'machine_var_audits_missing_switches_s_pop5'====== Args={'value': 8, 'prev_value': None, 'change': True}
2025-06-16 09:07:32,021 : INFO : EventManager : Event: ======'machine_var_audits_missing_switches_s_right_inlane'====== Args={'value': 9, 'prev_value': None, 'change': True}
2025-06-16 09:07:32,021 : INFO : EventManager : Event: ======'machine_var_audits_missing_switches_s_right_outlane'====== Args={'value': 9, 'prev_value': None, 'change': True}
2025-06-16 09:07:32,022 : INFO : EventManager : Event: ======'machine_var_audits_missing_switches_s_right_slingshot'====== Args={'value': 9, 'prev_value': None, 'change': True}
2025-06-16 09:07:32,022 : INFO : EventManager : Event: ======'machine_var_audits_missing_switches_s_scoop_center'====== Args={'value': 8, 'prev_value': None, 'change': True}
2025-06-16 09:07:32,022 : INFO : EventManager : Event: ======'machine_var_audits_missing_switches_s_scoop_right'====== Args={'value': 9, 'prev_value': None, 'change': True}
2025-06-16 09:07:32,022 : INFO : EventManager : Event: ======'machine_var_audits_missing_switches_s_startButton'====== Args={'value': 9, 'prev_value': None, 'change': True}
2025-06-16 09:07:32,023 : INFO : EventManager : Event: ======'machine_var_audits_missing_switches_s_trough1'====== Args={'value': 9, 'prev_value': None, 'change': True}
2025-06-16 09:07:32,023 : INFO : EventManager : Event: ======'machine_var_audits_missing_switches_s_trough2'====== Args={'value': 9, 'prev_value': None, 'change': True}
2025-06-16 09:07:32,023 : INFO : EventManager : Event: ======'machine_var_audits_missing_switches_s_trough3'====== Args={'value': 9, 'prev_value': None, 'change': True}
2025-06-16 09:07:32,023 : INFO : EventManager : Event: ======'machine_var_audits_missing_switches_s_trough4'====== Args={'value': 9, 'prev_value': None, 'change': True}
2025-06-16 09:07:32,024 : INFO : EventManager : Event: ======'machine_var_audits_missing_switches_s_trough5'====== Args={'value': 8, 'prev_value': None, 'change': True}
2025-06-16 09:07:32,024 : INFO : EventManager : Event: ======'machine_var_audits_player_score'====== Args={'value': {'average': 0.0, 'top': [0, 0, 0, 0, 0, 0, 0, 0, 0, 0], 'total': 50}, 'prev_value': None, 'change': True}
2025-06-16 09:07:32,024 : INFO : EventManager : Event: ======'machine_var_audits_switches_s_drop_bank1'====== Args={'value': 140, 'prev_value': None, 'change': True}
2025-06-16 09:07:32,024 : INFO : EventManager : Event: ======'machine_var_audits_switches_s_left_flipper'====== Args={'value': 2280, 'prev_value': None, 'change': True}
2025-06-16 09:07:32,025 : INFO : EventManager : Event: ======'machine_var_audits_switches_s_left_inlane1'====== Args={'value': 1, 'prev_value': None, 'change': True}
2025-06-16 09:07:32,025 : INFO : EventManager : Event: ======'machine_var_audits_switches_s_left_inlane2'====== Args={'value': 1, 'prev_value': None, 'change': True}
2025-06-16 09:07:32,025 : INFO : EventManager : Event: ======'machine_var_audits_switches_s_left_outlane'====== Args={'value': 0, 'prev_value': None, 'change': True}
2025-06-16 09:07:32,025 : INFO : EventManager : Event: ======'machine_var_audits_switches_s_left_slingshot'====== Args={'value': 290, 'prev_value': None, 'change': True}
2025-06-16 09:07:32,026 : INFO : EventManager : Event: ======'machine_var_audits_switches_s_plunger'====== Args={'value': 5, 'prev_value': None, 'change': True}
2025-06-16 09:07:32,026 : INFO : EventManager : Event: ======'machine_var_audits_switches_s_pop1'====== Args={'value': 0, 'prev_value': None, 'change': True}
2025-06-16 09:07:32,027 : INFO : EventManager : Event: ======'machine_var_audits_switches_s_pop2'====== Args={'value': 0, 'prev_value': None, 'change': True}
2025-06-16 09:07:32,028 : INFO : EventManager : Event: ======'machine_var_audits_switches_s_pop3'====== Args={'value': 0, 'prev_value': None, 'change': True}
2025-06-16 09:07:32,029 : INFO : EventManager : Event: ======'machine_var_audits_switches_s_pop4'====== Args={'value': 1, 'prev_value': None, 'change': True}
2025-06-16 09:07:32,030 : INFO : EventManager : Event: ======'machine_var_audits_switches_s_pop5'====== Args={'value': 1, 'prev_value': None, 'change': True}
2025-06-16 09:07:32,030 : INFO : EventManager : Event: ======'machine_var_audits_switches_s_pop_bot'====== Args={'value': 426, 'prev_value': None, 'change': True}
2025-06-16 09:07:32,031 : INFO : EventManager : Event: ======'machine_var_audits_switches_s_pop_mid'====== Args={'value': 351, 'prev_value': None, 'change': True}
2025-06-16 09:07:32,032 : INFO : EventManager : Event: ======'machine_var_audits_switches_s_pop_top'====== Args={'value': 302, 'prev_value': None, 'change': True}
2025-06-16 09:07:32,032 : INFO : EventManager : Event: ======'machine_var_audits_switches_s_right_flipper'====== Args={'value': 2332, 'prev_value': None, 'change': True}
2025-06-16 09:07:32,032 : INFO : EventManager : Event: ======'machine_var_audits_switches_s_right_inlane'====== Args={'value': 57, 'prev_value': None, 'change': True}
2025-06-16 09:07:32,033 : INFO : EventManager : Event: ======'machine_var_audits_switches_s_right_outlane'====== Args={'value': 0, 'prev_value': None, 'change': True}
2025-06-16 09:07:32,033 : INFO : EventManager : Event: ======'machine_var_audits_switches_s_right_slingshot'====== Args={'value': 255, 'prev_value': None, 'change': True}
2025-06-16 09:07:32,033 : INFO : EventManager : Event: ======'machine_var_audits_switches_s_scoop_center'====== Args={'value': 1, 'prev_value': None, 'change': True}
2025-06-16 09:07:32,034 : INFO : EventManager : Event: ======'machine_var_audits_switches_s_scoop_lower'====== Args={'value': 220, 'prev_value': None, 'change': True}
2025-06-16 09:07:32,034 : INFO : EventManager : Event: ======'machine_var_audits_switches_s_scoop_right'====== Args={'value': 0, 'prev_value': None, 'change': True}
2025-06-16 09:07:32,034 : INFO : EventManager : Event: ======'machine_var_audits_switches_s_shooter_lane'====== Args={'value': 8, 'prev_value': None, 'change': True}
2025-06-16 09:07:32,035 : INFO : EventManager : Event: ======'machine_var_audits_switches_s_startButton'====== Args={'value': 34, 'prev_value': None, 'change': True}
2025-06-16 09:07:32,035 : INFO : EventManager : Event: ======'machine_var_audits_switches_s_trough1'====== Args={'value': 303, 'prev_value': None, 'change': True}
2025-06-16 09:07:32,035 : INFO : EventManager : Event: ======'machine_var_audits_switches_s_trough2'====== Args={'value': 1, 'prev_value': None, 'change': True}
2025-06-16 09:07:32,036 : INFO : EventManager : Event: ======'machine_var_audits_switches_s_trough3'====== Args={'value': 1, 'prev_value': None, 'change': True}
2025-06-16 09:07:32,036 : INFO : EventManager : Event: ======'machine_var_audits_switches_s_trough4'====== Args={'value': 1, 'prev_value': None, 'change': True}
2025-06-16 09:07:32,036 : INFO : EventManager : Event: ======'machine_var_audits_switches_s_trough5'====== Args={'value': 1, 'prev_value': None, 'change': True}
2025-06-16 09:07:32,038 : INFO : EventManager : Event: ======'init_phase_5'====== Args={}
2025-06-16 09:07:32,041 : INFO : EventManager : Event: ======'init_done'====== Args={}
2025-06-16 09:07:32,042 : INFO : EventManager : Event: ======'machine_reset_phase_1'====== Args={}
2025-06-16 09:07:32,050 : INFO : EventManager : Event: ======'slide_welcome_slide_removed'====== Args={'_from_bcp': True}
2025-06-16 09:07:32,054 : INFO : EventManager : Event: ======'slide_welcome_slide_created'====== Args={'_from_bcp': True}
2025-06-16 09:07:32,057 : INFO : EventManager : Event: ======'machine_reset_phase_2'====== Args={}
2025-06-16 09:07:32,058 : INFO : EventManager : Event: ======'slide_welcome_slide_active'====== Args={'_from_bcp': True}
2025-06-16 09:07:32,059 : INFO : EventManager : Event: ======'machine_reset_phase_3'====== Args={}
2025-06-16 09:07:32,062 : INFO : EventManager : Event: ======'reset_complete'====== Args={}
2025-06-16 09:07:32,063 : INFO : EventManager : Event: ======'mode_attract_will_start'====== Args={}
2025-06-16 09:07:32,064 : INFO : EventManager : Event: ======'mode_attract_starting'====== Args={}
2025-06-16 09:07:32,064 : INFO : Mode.attract : Started. Priority: 10
2025-06-16 09:07:32,065 : INFO : EventManager : Event: ======'modes_active_modes_changed'====== Args={}
2025-06-16 09:07:32,065 : INFO : EventManager : Event: ======'mode_attract_started'====== Args={}
2025-06-16 09:07:32,065 : INFO : EventManager : Event: ======'collecting_balls_complete'====== Args={}
2025-06-16 09:07:32,088 : INFO : EventManager : Event: ======'slide_attract_started_created'====== Args={'_from_bcp': True}
2025-06-16 09:07:32,088 : INFO : EventManager : Event: ======'slide_attract_started_active'====== Args={'_from_bcp': True}
2025-06-16 09:07:32,089 : INFO : Machine : Starting the main run loop.
2025-06-16 09:07:33,161 : INFO : SwitchController : <<<<<<< 's_pop2' active >>>>>>>
2025-06-16 09:07:33,161 : INFO : EventManager : Event: ======'playfield_active'====== Args={}
2025-06-16 09:07:33,161 : INFO : EventManager : Event: ======'unexpected_ball_on_playfield'====== Args={}
2025-06-16 09:07:33,254 : INFO : SwitchController : <<<<<<< 's_pop2' inactive >>>>>>>
2025-06-16 09:07:33,741 : INFO : SwitchController : <<<<<<< 's_pop2' active >>>>>>>
2025-06-16 09:07:33,741 : INFO : EventManager : Event: ======'playfield_active'====== Args={}
2025-06-16 09:07:33,741 : INFO : EventManager : Event: ======'unexpected_ball_on_playfield'====== Args={}
2025-06-16 09:07:33,816 : INFO : SwitchController : <<<<<<< 's_pop2' inactive >>>>>>>
2025-06-16 09:07:33,932 : INFO : SwitchController : <<<<<<< 's_pop2' active >>>>>>>
2025-06-16 09:07:33,932 : INFO : EventManager : Event: ======'playfield_active'====== Args={}
2025-06-16 09:07:33,932 : INFO : EventManager : Event: ======'unexpected_ball_on_playfield'====== Args={}
2025-06-16 09:07:34,025 : INFO : SwitchController : <<<<<<< 's_pop2' inactive >>>>>>>
2025-06-16 09:07:34,152 : INFO : SwitchController : <<<<<<< 's_pop2' active >>>>>>>
2025-06-16 09:07:34,153 : INFO : EventManager : Event: ======'playfield_active'====== Args={}
2025-06-16 09:07:34,153 : INFO : EventManager : Event: ======'unexpected_ball_on_playfield'====== Args={}
2025-06-16 09:07:34,262 : INFO : SwitchController : <<<<<<< 's_pop2' inactive >>>>>>>
2025-06-16 09:07:34,343 : INFO : SwitchController : <<<<<<< 's_pop2' active >>>>>>>
2025-06-16 09:07:34,343 : INFO : EventManager : Event: ======'playfield_active'====== Args={}
2025-06-16 09:07:34,343 : INFO : EventManager : Event: ======'unexpected_ball_on_playfield'====== Args={}
2025-06-16 09:07:34,450 : INFO : SwitchController : <<<<<<< 's_pop2' inactive >>>>>>>
2025-06-16 09:07:34,559 : INFO : SwitchController : <<<<<<< 's_pop2' active >>>>>>>
2025-06-16 09:07:34,559 : INFO : EventManager : Event: ======'playfield_active'====== Args={}
2025-06-16 09:07:34,559 : INFO : EventManager : Event: ======'unexpected_ball_on_playfield'====== Args={}
2025-06-16 09:07:34,638 : INFO : SwitchController : <<<<<<< 's_pop2' inactive >>>>>>>
2025-06-16 09:07:34,724 : INFO : SwitchController : <<<<<<< 's_pop2' active >>>>>>>
2025-06-16 09:07:34,724 : INFO : EventManager : Event: ======'playfield_active'====== Args={}
2025-06-16 09:07:34,725 : INFO : EventManager : Event: ======'unexpected_ball_on_playfield'====== Args={}
2025-06-16 09:07:34,828 : INFO : SwitchController : <<<<<<< 's_pop2' inactive >>>>>>>
2025-06-16 09:07:34,933 : INFO : SwitchController : <<<<<<< 's_pop2' active >>>>>>>
2025-06-16 09:07:34,933 : INFO : EventManager : Event: ======'playfield_active'====== Args={}
2025-06-16 09:07:34,934 : INFO : EventManager : Event: ======'unexpected_ball_on_playfield'====== Args={}
2025-06-16 09:07:35,031 : INFO : SwitchController : <<<<<<< 's_pop2' inactive >>>>>>>
2025-06-16 09:07:35,143 : INFO : SwitchController : <<<<<<< 's_pop2' active >>>>>>>
2025-06-16 09:07:35,143 : INFO : EventManager : Event: ======'playfield_active'====== Args={}
2025-06-16 09:07:35,143 : INFO : EventManager : Event: ======'unexpected_ball_on_playfield'====== Args={}
2025-06-16 09:07:35,251 : INFO : SwitchController : <<<<<<< 's_pop2' inactive >>>>>>>
2025-06-16 09:07:35,348 : INFO : SwitchController : <<<<<<< 's_pop2' active >>>>>>>
2025-06-16 09:07:35,349 : INFO : EventManager : Event: ======'playfield_active'====== Args={}
2025-06-16 09:07:35,349 : INFO : EventManager : Event: ======'unexpected_ball_on_playfield'====== Args={}
2025-06-16 09:07:35,468 : INFO : SwitchController : <<<<<<< 's_pop2' inactive >>>>>>>
2025-06-16 09:07:35,547 : INFO : SwitchController : <<<<<<< 's_pop2' active >>>>>>>
2025-06-16 09:07:35,547 : INFO : EventManager : Event: ======'playfield_active'====== Args={}
2025-06-16 09:07:35,547 : INFO : EventManager : Event: ======'unexpected_ball_on_playfield'====== Args={}
2025-06-16 09:07:35,672 : INFO : SwitchController : <<<<<<< 's_pop2' inactive >>>>>>>
2025-06-16 09:07:35,767 : INFO : SwitchController : <<<<<<< 's_pop2' active >>>>>>>
2025-06-16 09:07:35,767 : INFO : EventManager : Event: ======'playfield_active'====== Args={}
2025-06-16 09:07:35,767 : INFO : EventManager : Event: ======'unexpected_ball_on_playfield'====== Args={}
2025-06-16 09:07:35,847 : INFO : SwitchController : <<<<<<< 's_pop2' inactive >>>>>>>
2025-06-16 09:07:35,971 : INFO : SwitchController : <<<<<<< 's_pop2' active >>>>>>>
2025-06-16 09:07:35,971 : INFO : EventManager : Event: ======'playfield_active'====== Args={}
2025-06-16 09:07:35,971 : INFO : EventManager : Event: ======'unexpected_ball_on_playfield'====== Args={}
2025-06-16 09:07:36,065 : INFO : SwitchController : <<<<<<< 's_pop2' inactive >>>>>>>
2025-06-16 09:07:36,189 : INFO : SwitchController : <<<<<<< 's_pop2' active >>>>>>>
2025-06-16 09:07:36,189 : INFO : EventManager : Event: ======'playfield_active'====== Args={}
2025-06-16 09:07:36,189 : INFO : EventManager : Event: ======'unexpected_ball_on_playfield'====== Args={}
2025-06-16 09:07:36,255 : INFO : SwitchController : <<<<<<< 's_pop2' inactive >>>>>>>
2025-06-16 09:07:36,405 : INFO : SwitchController : <<<<<<< 's_pop2' active >>>>>>>
2025-06-16 09:07:36,405 : INFO : EventManager : Event: ======'playfield_active'====== Args={}
2025-06-16 09:07:36,405 : INFO : EventManager : Event: ======'unexpected_ball_on_playfield'====== Args={}
2025-06-16 09:07:36,454 : INFO : SwitchController : <<<<<<< 's_pop2' inactive >>>>>>>
2025-06-16 09:07:36,594 : INFO : SwitchController : <<<<<<< 's_pop2' active >>>>>>>
2025-06-16 09:07:36,595 : INFO : EventManager : Event: ======'playfield_active'====== Args={}
2025-06-16 09:07:36,595 : INFO : EventManager : Event: ======'unexpected_ball_on_playfield'====== Args={}
2025-06-16 09:07:36,646 : INFO : SwitchController : <<<<<<< 's_pop2' inactive >>>>>>>
2025-06-16 09:07:36,781 : INFO : SwitchController : <<<<<<< 's_pop2' active >>>>>>>
2025-06-16 09:07:36,782 : INFO : EventManager : Event: ======'playfield_active'====== Args={}
2025-06-16 09:07:36,782 : INFO : EventManager : Event: ======'unexpected_ball_on_playfield'====== Args={}
2025-06-16 09:07:36,833 : INFO : SwitchController : <<<<<<< 's_pop2' inactive >>>>>>>
2025-06-16 09:07:45,469 : INFO : SwitchController : <<<<<<< 's_pop2' active >>>>>>>
2025-06-16 09:07:45,470 : INFO : EventManager : Event: ======'playfield_active'====== Args={}
2025-06-16 09:07:45,470 : INFO : EventManager : Event: ======'unexpected_ball_on_playfield'====== Args={}
2025-06-16 09:07:45,491 : INFO : SwitchController : <<<<<<< 's_pop2' inactive >>>>>>>
2025-06-16 09:07:45,575 : INFO : SwitchController : <<<<<<< 's_pop2' active >>>>>>>
2025-06-16 09:07:45,575 : INFO : EventManager : Event: ======'playfield_active'====== Args={}
2025-06-16 09:07:45,575 : INFO : EventManager : Event: ======'unexpected_ball_on_playfield'====== Args={}
2025-06-16 09:07:45,620 : INFO : SwitchController : <<<<<<< 's_pop2' inactive >>>>>>>
2025-06-16 09:07:45,662 : INFO : SwitchController : <<<<<<< 's_pop2' active >>>>>>>
2025-06-16 09:07:45,662 : INFO : EventManager : Event: ======'playfield_active'====== Args={}
2025-06-16 09:07:45,662 : INFO : EventManager : Event: ======'unexpected_ball_on_playfield'====== Args={}
2025-06-16 09:07:45,873 : INFO : SwitchController : <<<<<<< 's_pop2' inactive >>>>>>>
2025-06-16 09:07:45,917 : INFO : SwitchController : <<<<<<< 's_pop2' active >>>>>>>
2025-06-16 09:07:45,918 : INFO : EventManager : Event: ======'playfield_active'====== Args={}
2025-06-16 09:07:45,918 : INFO : EventManager : Event: ======'unexpected_ball_on_playfield'====== Args={}
2025-06-16 09:07:46,046 : INFO : SwitchController : <<<<<<< 's_pop2' inactive >>>>>>>
2025-06-16 09:08:12,508 : INFO : Machine : Shutting down...
2025-06-16 09:08:12,509 : INFO : EventManager : Event: ======'shutdown'====== Args={}
2025-06-16 09:08:12,513 : ERROR : OPP : Stop called on serial connection com3
2025-06-16 09:08:12,519 : ERROR : OPP : Stop called on serial connection com4
2025-06-16 09:08:12,543 : INFO : root : MPF run loop ended.
