2025-07-06 17:06:43,629 : kivy : Kivy: v2.2.1
2025-07-06 17:06:43,629 : kivy : Kivy: Installed at "/Library/Frameworks/Python.framework/Versions/3.9/lib/python3.9/site-packages/kivy/__init__.py"
2025-07-06 17:06:43,629 : kivy : Python: v3.9.13 (v3.9.13:6de2ca5339, May 17 2022, 11:37:23) 
[Clang 13.0.0 (clang-1300.0.29.30)]
2025-07-06 17:06:43,629 : kivy : Python: Interpreter at "/Library/Frameworks/Python.framework/Versions/3.9/bin/python3.9"
2025-07-06 17:06:43,637 : kivy : Factory: 190 symbols loaded
2025-07-06 17:06:43,737 : kivy : ImageLoaderFFPy: Using ffpyplayer 4.5.1
2025-07-06 17:06:43,737 : kivy : Image: Providers: img_tex, img_imageio, img_dds, img_sdl2, img_pil, img_ffpyplayer 
2025-07-06 17:06:43,836 : kivy : VideoFFPy: Using ffpyplayer 4.5.1
2025-07-06 17:06:43,837 : kivy : Video: Provider: ffpyplayer(['video_ffmpeg'] ignored)
2025-07-06 17:06:43,864 : root : Loading MPF-MC controller
2025-07-06 17:06:43,872 : YamlMultifileConfigLoader : Machine config file #1: config
2025-07-06 17:06:43,872 : ConfigProcessor : Config file in cache changed: /Users/ruben/Pinball/mpf-pinball/config/config
2025-07-06 17:06:43,872 : ConfigProcessor : Loading config from file /Library/Frameworks/Python.framework/Versions/3.9/lib/python3.9/site-packages/mpfmc/mcconfig.yaml.
2025-07-06 17:06:43,876 : ConfigProcessor : Loading config: /Library/Frameworks/Python.framework/Versions/3.9/lib/python3.9/site-packages/mpfmc/mcconfig.yaml
2025-07-06 17:06:43,876 : ConfigProcessor : Loading config from file /Users/ruben/Pinball/mpf-pinball/config/config.
2025-07-06 17:06:43,877 : ConfigProcessor : Loading config: /Users/ruben/Pinball/mpf-pinball/config/config
2025-07-06 17:06:43,877 : ConfigProcessor : Loading config: /Users/ruben/Pinball/mpf-pinball/config/hardware.yaml
2025-07-06 17:06:43,878 : ConfigProcessor : Loading config: /Users/ruben/Pinball/mpf-pinball/config/switches.yaml
2025-07-06 17:06:43,878 : ConfigProcessor : Loading config: /Users/ruben/Pinball/mpf-pinball/config/coils.yaml
2025-07-06 17:06:43,880 : ConfigProcessor : Loading config: /Users/ruben/Pinball/mpf-pinball/config/lights.yaml
2025-07-06 17:06:43,881 : ConfigProcessor : Loading config: /Users/ruben/Pinball/mpf-pinball/config/devices.yaml
2025-07-06 17:06:43,882 : ConfigProcessor : Loading config: /Users/ruben/Pinball/mpf-pinball/config/images.yaml
2025-07-06 17:06:43,882 : ConfigProcessor : Loading config: /Users/ruben/Pinball/mpf-pinball/config/displays.yaml
2025-07-06 17:06:43,883 : ConfigProcessor : Loading config: /Users/ruben/Pinball/mpf-pinball/config/slides.yaml
2025-07-06 17:06:43,883 : ConfigProcessor : Loading config: /Users/ruben/Pinball/mpf-pinball/config/sounds.yaml
2025-07-06 17:06:43,884 : ConfigProcessor : Config file cache created: /var/folders/9g/7xjb17l959g1fnq4pjl5c5p80000gn/T/195f11bb22def72033a5ba91cfdec8f0.mpf_cache
2025-07-06 17:06:43,885 : ConfigProcessor : Loading config from cache: /var/folders/9g/7xjb17l959g1fnq4pjl5c5p80000gn/T/f574f59b1e0fcbb2258348220f26b9cc.mpf_cache
2025-07-06 17:06:43,885 : ConfigProcessor : Loading config from cache: /var/folders/9g/7xjb17l959g1fnq4pjl5c5p80000gn/T/edcc5f1d3215b377c9faab88c62e4ce0.mpf_cache
2025-07-06 17:06:43,885 : ConfigProcessor : Loading config from cache: /var/folders/9g/7xjb17l959g1fnq4pjl5c5p80000gn/T/174d451d321a0971202b746018364536.mpf_cache
2025-07-06 17:06:43,885 : ConfigProcessor : Loading config from cache: /var/folders/9g/7xjb17l959g1fnq4pjl5c5p80000gn/T/f574f59b1e0fcbb2258348220f26b9cc.mpf_cache
2025-07-06 17:06:43,885 : ConfigProcessor : Loading config from cache: /var/folders/9g/7xjb17l959g1fnq4pjl5c5p80000gn/T/c284941e722380023d767d5e99e91837.mpf_cache
2025-07-06 17:06:43,885 : mpfmc : Mission Pinball Framework Media Controller (MPF-MC) v0.57.1. Requires MPF v0.57.0 or newer.
2025-07-06 17:06:43,885 : mpfmc : Found MPF v0.57.3
2025-07-06 17:06:43,885 : mpfmc : Machine path: /Users/ruben/Pinball/mpf-pinball
2025-07-06 17:06:43,885 : mpfmc : Starting clock at 60.0Hz
2025-07-06 17:06:43,893 : kivy : Text: Provider: sdl2
2025-07-06 17:06:43,908 : kivy : Window: Provider: sdl2
2025-07-06 17:06:44,075 : kivy : GL: Using the "OpenGL ES 2" graphics system
2025-07-06 17:06:44,075 : kivy : GL: Backend used <sdl2>
2025-07-06 17:06:44,075 : kivy : GL: OpenGL version <b'2.1 Metal - 89.4'>
2025-07-06 17:06:44,075 : kivy : GL: OpenGL vendor <b'Apple'>
2025-07-06 17:06:44,075 : kivy : GL: OpenGL renderer <b'Apple M1 Pro'>
2025-07-06 17:06:44,075 : kivy : GL: OpenGL parsed version: 2, 1
2025-07-06 17:06:44,075 : kivy : GL: Shading version <b'1.20'>
2025-07-06 17:06:44,075 : kivy : GL: Texture max size <16384>
2025-07-06 17:06:44,075 : kivy : GL: Texture max units <16>
2025-07-06 17:06:44,088 : kivy : Window: auto add sdl2 input provider
2025-07-06 17:06:44,088 : kivy : Window: virtual keyboard not allowed, single mode, not docked
2025-07-06 17:06:44,222 : AudioInterface : Initialized
2025-07-06 17:06:44,222 : AudioInterface : Loaded SDL 2.32.8
2025-07-06 17:06:44,222 : AudioInterface : Loaded SDL_Mixer 2.8.1
2025-07-06 17:06:44,222 : AudioInterface : Loaded GStreamer 1.26.2.0
2025-07-06 17:06:44,222 : AudioInterface : Loaded GLib 2.84.2
2025-07-06 17:06:44,222 : AudioInterface : Settings requested - rate: 44100, channels: 1, buffer: 2048 samples
2025-07-06 17:06:44,222 : AudioInterface : Settings in use - rate: 44100, channels: 1, buffer: 2048 samples (4096 bytes @ 2 bytes per sample)
2025-07-06 17:06:44,222 : SoundSystem : Setting master volume to 0.0
2025-07-06 17:06:44,222 : AudioInterface : Enabling audio playback
2025-07-06 17:06:44,224 : kivy : Base: Start application main loop
2025-07-06 17:06:44,224 : EventManager : Event: ======'display_window_initialized'====== Args={}
2025-07-06 17:06:44,554 : mpfmc : Display: Setting 'window' as default display
2025-07-06 17:06:44,558 : EventManager : Event: ======'displays_initialized'====== Args={}
2025-07-06 17:06:44,558 : EventManager : Event: ======'slide_window_blank_created'====== Args={}
2025-07-06 17:06:44,558 : EventManager : Event: ======'display_window_ready'====== Args={}
2025-07-06 17:06:44,562 : EventManager : Event: ======'init_phase_1'====== Args={}
2025-07-06 17:06:44,564 : EventManager : Event: ======'mc_ready'====== Args={}
2025-07-06 17:06:44,564 : EventManager : Event: ======'init_phase_2'====== Args={}
2025-07-06 17:06:44,565 : EventManager : Event: ======'init_phase_3'====== Args={}
2025-07-06 17:06:44,567 : EventManager : Event: ======'init_phase_4'====== Args={}
2025-07-06 17:06:44,567 : EventManager : Event: ======'init_phase_5'====== Args={}
2025-07-06 17:06:44,638 : EventManager : Event: ======'loading_assets'====== Args={'total': 1, 'loaded': 1, 'remaining': 0, 'percent': 100}
2025-07-06 17:06:44,638 : AssetManager : Asset loading took: 0.4155421257019043
2025-07-06 17:06:44,638 : EventManager : Event: ======'asset_loading_complete'====== Args={}
2025-07-06 17:06:44,638 : AssetManager : Loading assets: 1/1 (100%)
2025-07-06 17:06:44,638 : EventManager : Event: ======'init_done'====== Args={}
2025-07-06 17:06:44,638 : MPF-MC BCP Server : Starting up on localhost port 5050
2025-07-06 17:06:44,641 : MPF-MC BCP Server : Waiting for a connection...
2025-07-06 17:06:44,650 : EventManager : Event: ======'client_disconnected'====== Args={'host': '127.0.0.1', 'port': 5050}
2025-07-06 17:06:44,672 : MPF-MC BCP Server : Received connection from: 127.0.0.1:49863
2025-07-06 17:06:44,676 : EventManager : Event: ======'client_connected'====== Args={'host': '127.0.0.1', 'port': 49863}
2025-07-06 17:06:44,689 : EventManager : Event: ======'machine_var_credits_string'====== Args={'value': 'FREE PLAY', 'prev_value': None, 'change': True}
2025-07-06 17:06:44,689 : EventManager : Event: ======'machine_var_master_volume'====== Args={'value': 0.5, 'prev_value': None, 'change': True}
2025-07-06 17:06:44,689 : EventManager : Event: ======'machine_var_player1_score'====== Args={'value': 0, 'prev_value': None, 'change': True}
2025-07-06 17:06:44,689 : EventManager : Event: ======'machine_var_mpf_version'====== Args={'value': 'Mission Pinball Framework v0.57.3', 'prev_value': None, 'change': True}
2025-07-06 17:06:44,689 : EventManager : Event: ======'machine_var_mpf_extended_version'====== Args={'value': 'Mission Pinball Framework v0.57.3, Config version:6, Show version: 6, BCP version:1.1', 'prev_value': None, 'change': True}
2025-07-06 17:06:44,689 : EventManager : Event: ======'machine_var_python_version'====== Args={'value': '3.9.13', 'prev_value': None, 'change': True}
2025-07-06 17:06:44,689 : EventManager : Event: ======'machine_var_platform'====== Args={'value': 'macOS-15.5-arm64-arm-64bit', 'prev_value': None, 'change': True}
2025-07-06 17:06:44,689 : EventManager : Event: ======'machine_var_platform_system'====== Args={'value': 'Darwin', 'prev_value': None, 'change': True}
2025-07-06 17:06:44,689 : EventManager : Event: ======'machine_var_platform_release'====== Args={'value': '24.5.0', 'prev_value': None, 'change': True}
2025-07-06 17:06:44,689 : EventManager : Event: ======'machine_var_platform_version'====== Args={'value': 'Darwin Kernel Version 24.5.0: Tue Apr 22 19:54:49 PDT 2025; root:xnu-11417.121.6~2/RELEASE_ARM64_T6000', 'prev_value': None, 'change': True}
2025-07-06 17:06:44,689 : EventManager : Event: ======'machine_var_platform_machine'====== Args={'value': 'arm64', 'prev_value': None, 'change': True}
2025-07-06 17:06:44,689 : EventManager : Event: ======'machine_var_mc_version'====== Args={'value': 'MPF-MC v0.57.1', 'prev_value': None, 'change': True}
2025-07-06 17:06:44,689 : EventManager : Event: ======'machine_var_mc_extended_version'====== Args={'value': 'MPF-MC v0.57.1 (config_version=6, BCP v1.1,                      Requires MPF API compatibility v0.57.0 or newer)', 'prev_value': None, 'change': True}
2025-07-06 17:06:44,689 : EventManager : Event: ======'machine_var_credits_string'====== Args={'value': 'FREE PLAY', 'prev_value': None, 'change': True}
2025-07-06 17:06:44,689 : EventManager : Event: ======'machine_var_master_volume'====== Args={'value': 0.5, 'prev_value': None, 'change': True}
2025-07-06 17:06:44,689 : EventManager : Event: ======'machine_var_player1_score'====== Args={'value': 0, 'prev_value': None, 'change': True}
2025-07-06 17:06:44,689 : EventManager : Event: ======'machine_var_mpf_version'====== Args={'value': 'Mission Pinball Framework v0.57.3', 'prev_value': None, 'change': True}
2025-07-06 17:06:44,689 : EventManager : Event: ======'machine_var_mpf_extended_version'====== Args={'value': 'Mission Pinball Framework v0.57.3, Config version:6, Show version: 6, BCP version:1.1', 'prev_value': None, 'change': True}
2025-07-06 17:06:44,689 : EventManager : Event: ======'machine_var_python_version'====== Args={'value': '3.9.13', 'prev_value': None, 'change': True}
2025-07-06 17:06:44,689 : EventManager : Event: ======'machine_var_platform'====== Args={'value': 'macOS-15.5-arm64-arm-64bit', 'prev_value': None, 'change': True}
2025-07-06 17:06:44,689 : EventManager : Event: ======'machine_var_platform_system'====== Args={'value': 'Darwin', 'prev_value': None, 'change': True}
2025-07-06 17:06:44,689 : EventManager : Event: ======'machine_var_platform_release'====== Args={'value': '24.5.0', 'prev_value': None, 'change': True}
2025-07-06 17:06:44,689 : EventManager : Event: ======'machine_var_platform_version'====== Args={'value': 'Darwin Kernel Version 24.5.0: Tue Apr 22 19:54:49 PDT 2025; root:xnu-11417.121.6~2/RELEASE_ARM64_T6000', 'prev_value': None, 'change': True}
2025-07-06 17:06:44,689 : EventManager : Event: ======'machine_var_platform_machine'====== Args={'value': 'arm64', 'prev_value': None, 'change': True}
2025-07-06 17:06:44,689 : EventManager : Event: ======'machine_var_mc_version'====== Args={'value': 'MPF-MC v0.57.1', 'prev_value': None, 'change': True}
2025-07-06 17:06:44,689 : EventManager : Event: ======'machine_var_mc_extended_version'====== Args={'value': 'MPF-MC v0.57.1 (config_version=6, BCP v1.1,                      Requires MPF API compatibility v0.57.0 or newer)', 'prev_value': None, 'change': True}
2025-07-06 17:06:44,689 : EventManager : Event: ======'machine_var_credits_string'====== Args={'value': 'FREE PLAY', 'prev_value': None, 'change': True}
2025-07-06 17:06:44,689 : EventManager : Event: ======'machine_var_master_volume'====== Args={'value': 0.5, 'prev_value': None, 'change': True}
2025-07-06 17:06:44,689 : EventManager : Event: ======'machine_var_player1_score'====== Args={'value': 0, 'prev_value': None, 'change': True}
2025-07-06 17:06:44,689 : EventManager : Event: ======'machine_var_mpf_version'====== Args={'value': 'Mission Pinball Framework v0.57.3', 'prev_value': None, 'change': True}
2025-07-06 17:06:44,689 : EventManager : Event: ======'machine_var_mpf_extended_version'====== Args={'value': 'Mission Pinball Framework v0.57.3, Config version:6, Show version: 6, BCP version:1.1', 'prev_value': None, 'change': True}
2025-07-06 17:06:44,689 : EventManager : Event: ======'machine_var_python_version'====== Args={'value': '3.9.13', 'prev_value': None, 'change': True}
2025-07-06 17:06:44,689 : EventManager : Event: ======'machine_var_platform'====== Args={'value': 'macOS-15.5-arm64-arm-64bit', 'prev_value': None, 'change': True}
2025-07-06 17:06:44,689 : EventManager : Event: ======'machine_var_platform_system'====== Args={'value': 'Darwin', 'prev_value': None, 'change': True}
2025-07-06 17:06:44,689 : EventManager : Event: ======'machine_var_platform_release'====== Args={'value': '24.5.0', 'prev_value': None, 'change': True}
2025-07-06 17:06:44,689 : EventManager : Event: ======'machine_var_platform_version'====== Args={'value': 'Darwin Kernel Version 24.5.0: Tue Apr 22 19:54:49 PDT 2025; root:xnu-11417.121.6~2/RELEASE_ARM64_T6000', 'prev_value': None, 'change': True}
2025-07-06 17:06:44,689 : EventManager : Event: ======'machine_var_platform_machine'====== Args={'value': 'arm64', 'prev_value': None, 'change': True}
2025-07-06 17:06:44,689 : EventManager : Event: ======'machine_var_mc_version'====== Args={'value': 'MPF-MC v0.57.1', 'prev_value': None, 'change': True}
2025-07-06 17:06:44,689 : EventManager : Event: ======'machine_var_mc_extended_version'====== Args={'value': 'MPF-MC v0.57.1 (config_version=6, BCP v1.1,                      Requires MPF API compatibility v0.57.0 or newer)', 'prev_value': None, 'change': True}
2025-07-06 17:06:44,689 : EventManager : Event: ======'machine_var_credits_string'====== Args={'value': 'FREE PLAY', 'prev_value': None, 'change': True}
2025-07-06 17:06:44,689 : EventManager : Event: ======'machine_var_master_volume'====== Args={'value': 0.5, 'prev_value': None, 'change': True}
2025-07-06 17:06:44,689 : EventManager : Event: ======'machine_var_player1_score'====== Args={'value': 0, 'prev_value': None, 'change': True}
2025-07-06 17:06:44,689 : EventManager : Event: ======'machine_var_mpf_version'====== Args={'value': 'Mission Pinball Framework v0.57.3', 'prev_value': None, 'change': True}
2025-07-06 17:06:44,689 : EventManager : Event: ======'machine_var_mpf_extended_version'====== Args={'value': 'Mission Pinball Framework v0.57.3, Config version:6, Show version: 6, BCP version:1.1', 'prev_value': None, 'change': True}
2025-07-06 17:06:44,690 : EventManager : Event: ======'machine_var_python_version'====== Args={'value': '3.9.13', 'prev_value': None, 'change': True}
2025-07-06 17:06:44,690 : EventManager : Event: ======'machine_var_platform'====== Args={'value': 'macOS-15.5-arm64-arm-64bit', 'prev_value': None, 'change': True}
2025-07-06 17:06:44,690 : EventManager : Event: ======'machine_var_platform_system'====== Args={'value': 'Darwin', 'prev_value': None, 'change': True}
2025-07-06 17:06:44,690 : EventManager : Event: ======'machine_var_platform_release'====== Args={'value': '24.5.0', 'prev_value': None, 'change': True}
2025-07-06 17:06:44,690 : EventManager : Event: ======'machine_var_platform_version'====== Args={'value': 'Darwin Kernel Version 24.5.0: Tue Apr 22 19:54:49 PDT 2025; root:xnu-11417.121.6~2/RELEASE_ARM64_T6000', 'prev_value': None, 'change': True}
2025-07-06 17:06:44,690 : EventManager : Event: ======'machine_var_platform_machine'====== Args={'value': 'arm64', 'prev_value': None, 'change': True}
2025-07-06 17:06:44,690 : EventManager : Event: ======'machine_var_mc_version'====== Args={'value': 'MPF-MC v0.57.1', 'prev_value': None, 'change': True}
2025-07-06 17:06:44,690 : EventManager : Event: ======'machine_var_mc_extended_version'====== Args={'value': 'MPF-MC v0.57.1 (config_version=6, BCP v1.1,                      Requires MPF API compatibility v0.57.0 or newer)', 'prev_value': None, 'change': True}
2025-07-06 17:06:44,690 : SoundSystem : Setting master volume to 0.5
2025-07-06 17:06:44,690 : SoundSystem : Setting master volume to 0.5
2025-07-06 17:06:44,690 : SoundSystem : Setting master volume to 0.5
2025-07-06 17:06:44,690 : SoundSystem : Setting master volume to 0.5
2025-07-06 17:06:44,702 : EventManager : Event: ======'machine_var_audits_events_game_ended'====== Args={'value': 53, 'prev_value': None, 'change': True}
2025-07-06 17:06:44,702 : EventManager : Event: ======'machine_var_audits_events_game_started'====== Args={'value': 181, 'prev_value': None, 'change': True}
2025-07-06 17:06:44,702 : EventManager : Event: ======'machine_var_audits_missing_switches_s_center_scoop'====== Args={'value': 29, 'prev_value': None, 'change': True}
2025-07-06 17:06:44,702 : EventManager : Event: ======'machine_var_audits_missing_switches_s_left_flipper'====== Args={'value': 81, 'prev_value': None, 'change': True}
2025-07-06 17:06:44,702 : EventManager : Event: ======'machine_var_audits_missing_switches_s_left_inlane_1'====== Args={'value': 31, 'prev_value': None, 'change': True}
2025-07-06 17:06:44,702 : EventManager : Event: ======'machine_var_audits_missing_switches_s_left_inlane_2'====== Args={'value': 31, 'prev_value': None, 'change': True}
2025-07-06 17:06:44,702 : EventManager : Event: ======'machine_var_audits_missing_switches_s_left_outlane'====== Args={'value': 31, 'prev_value': None, 'change': True}
2025-07-06 17:06:44,702 : EventManager : Event: ======'machine_var_audits_missing_switches_s_left_slingshot'====== Args={'value': 29, 'prev_value': None, 'change': True}
2025-07-06 17:06:44,702 : EventManager : Event: ======'machine_var_audits_missing_switches_s_pop1'====== Args={'value': 92, 'prev_value': None, 'change': True}
2025-07-06 17:06:44,702 : EventManager : Event: ======'machine_var_audits_missing_switches_s_pop2'====== Args={'value': 92, 'prev_value': None, 'change': True}
2025-07-06 17:06:44,702 : EventManager : Event: ======'machine_var_audits_missing_switches_s_pop3'====== Args={'value': 92, 'prev_value': None, 'change': True}
2025-07-06 17:06:44,702 : EventManager : Event: ======'machine_var_audits_missing_switches_s_pop4'====== Args={'value': 81, 'prev_value': None, 'change': True}
2025-07-06 17:06:44,702 : EventManager : Event: ======'machine_var_audits_missing_switches_s_pop5'====== Args={'value': 35, 'prev_value': None, 'change': True}
2025-07-06 17:06:44,702 : EventManager : Event: ======'machine_var_audits_missing_switches_s_right_flipper'====== Args={'value': 80, 'prev_value': None, 'change': True}
2025-07-06 17:06:44,702 : EventManager : Event: ======'machine_var_audits_missing_switches_s_right_inlane'====== Args={'value': 30, 'prev_value': None, 'change': True}
2025-07-06 17:06:44,702 : EventManager : Event: ======'machine_var_audits_missing_switches_s_right_outlane'====== Args={'value': 31, 'prev_value': None, 'change': True}
2025-07-06 17:06:44,702 : EventManager : Event: ======'machine_var_audits_missing_switches_s_right_slingshot'====== Args={'value': 29, 'prev_value': None, 'change': True}
2025-07-06 17:06:44,702 : EventManager : Event: ======'machine_var_audits_missing_switches_s_startButton'====== Args={'value': 71, 'prev_value': None, 'change': True}
2025-07-06 17:06:44,702 : EventManager : Event: ======'machine_var_audits_missing_switches_s_trough1'====== Args={'value': 74, 'prev_value': None, 'change': True}
2025-07-06 17:06:44,702 : EventManager : Event: ======'machine_var_audits_missing_switches_s_trough2'====== Args={'value': 10, 'prev_value': None, 'change': True}
2025-07-06 17:06:44,702 : EventManager : Event: ======'machine_var_audits_missing_switches_s_trough3'====== Args={'value': 10, 'prev_value': None, 'change': True}
2025-07-06 17:06:44,702 : EventManager : Event: ======'machine_var_audits_missing_switches_s_trough4'====== Args={'value': 10, 'prev_value': None, 'change': True}
2025-07-06 17:06:44,702 : EventManager : Event: ======'machine_var_audits_missing_switches_s_trough5'====== Args={'value': 9, 'prev_value': None, 'change': True}
2025-07-06 17:06:44,702 : EventManager : Event: ======'machine_var_audits_player_score'====== Args={'value': {'average': 0, 'top': [0, 0, 0, 0, 0, 0, 0, 0, 0, 0], 'total': 53}, 'prev_value': None, 'change': True}
2025-07-06 17:06:44,702 : EventManager : Event: ======'machine_var_audits_shots_my_first_shot'====== Args={'value': 5, 'prev_value': None, 'change': True}
2025-07-06 17:06:44,702 : EventManager : Event: ======'machine_var_audits_shots_shot_right_inlane'====== Args={'value': 1, 'prev_value': None, 'change': True}
2025-07-06 17:06:44,702 : EventManager : Event: ======'machine_var_audits_shots_shot_right_scoop'====== Args={'value': 1158387, 'prev_value': None, 'change': True}
2025-07-06 17:06:44,702 : EventManager : Event: ======'machine_var_audits_shots_shot_target_g'====== Args={'value': 67, 'prev_value': None, 'change': True}
2025-07-06 17:06:44,702 : EventManager : Event: ======'machine_var_audits_shots_shot_target_r'====== Args={'value': 60, 'prev_value': None, 'change': True}
2025-07-06 17:06:44,702 : EventManager : Event: ======'machine_var_audits_switches_s_center_scoop'====== Args={'value': 4, 'prev_value': None, 'change': True}
2025-07-06 17:06:44,702 : EventManager : Event: ======'machine_var_audits_switches_s_drop_bank1'====== Args={'value': 140, 'prev_value': None, 'change': True}
2025-07-06 17:06:44,702 : EventManager : Event: ======'machine_var_audits_switches_s_left_flipper'====== Args={'value': 2284, 'prev_value': None, 'change': True}
2025-07-06 17:06:44,702 : EventManager : Event: ======'machine_var_audits_switches_s_left_inlane1'====== Args={'value': 2, 'prev_value': None, 'change': True}
2025-07-06 17:06:44,703 : EventManager : Event: ======'machine_var_audits_switches_s_left_inlane2'====== Args={'value': 2, 'prev_value': None, 'change': True}
2025-07-06 17:06:44,703 : EventManager : Event: ======'machine_var_audits_switches_s_left_inlane_1'====== Args={'value': 1, 'prev_value': None, 'change': True}
2025-07-06 17:06:44,703 : EventManager : Event: ======'machine_var_audits_switches_s_left_inlane_2'====== Args={'value': 2, 'prev_value': None, 'change': True}
2025-07-06 17:06:44,703 : EventManager : Event: ======'machine_var_audits_switches_s_left_outlane'====== Args={'value': 1, 'prev_value': None, 'change': True}
2025-07-06 17:06:44,703 : EventManager : Event: ======'machine_var_audits_switches_s_left_slingshot'====== Args={'value': 420, 'prev_value': None, 'change': True}
2025-07-06 17:06:44,703 : EventManager : Event: ======'machine_var_audits_switches_s_plunger'====== Args={'value': 5, 'prev_value': None, 'change': True}
2025-07-06 17:06:44,703 : EventManager : Event: ======'machine_var_audits_switches_s_pop1'====== Args={'value': 0, 'prev_value': None, 'change': True}
2025-07-06 17:06:44,703 : EventManager : Event: ======'machine_var_audits_switches_s_pop2'====== Args={'value': 0, 'prev_value': None, 'change': True}
2025-07-06 17:06:44,703 : EventManager : Event: ======'machine_var_audits_switches_s_pop3'====== Args={'value': 0, 'prev_value': None, 'change': True}
2025-07-06 17:06:44,703 : EventManager : Event: ======'machine_var_audits_switches_s_pop4'====== Args={'value': 3, 'prev_value': None, 'change': True}
2025-07-06 17:06:44,703 : EventManager : Event: ======'machine_var_audits_switches_s_pop5'====== Args={'value': 4, 'prev_value': None, 'change': True}
2025-07-06 17:06:44,703 : EventManager : Event: ======'machine_var_audits_switches_s_pop_bot'====== Args={'value': 426, 'prev_value': None, 'change': True}
2025-07-06 17:06:44,703 : EventManager : Event: ======'machine_var_audits_switches_s_pop_mid'====== Args={'value': 351, 'prev_value': None, 'change': True}
2025-07-06 17:06:44,703 : EventManager : Event: ======'machine_var_audits_switches_s_pop_top'====== Args={'value': 302, 'prev_value': None, 'change': True}
2025-07-06 17:06:44,703 : EventManager : Event: ======'machine_var_audits_switches_s_right_flipper'====== Args={'value': 2339, 'prev_value': None, 'change': True}
2025-07-06 17:06:44,703 : EventManager : Event: ======'machine_var_audits_switches_s_right_inlane'====== Args={'value': 88, 'prev_value': None, 'change': True}
2025-07-06 17:06:44,703 : EventManager : Event: ======'machine_var_audits_switches_s_right_outlane'====== Args={'value': 4, 'prev_value': None, 'change': True}
2025-07-06 17:06:44,703 : EventManager : Event: ======'machine_var_audits_switches_s_right_scoop'====== Args={'value': 204, 'prev_value': None, 'change': True}
2025-07-06 17:06:44,703 : EventManager : Event: ======'machine_var_audits_switches_s_right_slingshot'====== Args={'value': 367, 'prev_value': None, 'change': True}
2025-07-06 17:06:44,703 : EventManager : Event: ======'machine_var_audits_switches_s_scoop_center'====== Args={'value': 2, 'prev_value': None, 'change': True}
2025-07-06 17:06:44,703 : EventManager : Event: ======'machine_var_audits_switches_s_scoop_lower'====== Args={'value': 220, 'prev_value': None, 'change': True}
2025-07-06 17:06:44,703 : EventManager : Event: ======'machine_var_audits_switches_s_scoop_right'====== Args={'value': 1, 'prev_value': None, 'change': True}
2025-07-06 17:06:44,703 : EventManager : Event: ======'machine_var_audits_switches_s_shooter_lane'====== Args={'value': 15, 'prev_value': None, 'change': True}
2025-07-06 17:06:44,703 : EventManager : Event: ======'machine_var_audits_switches_s_startButton'====== Args={'value': 37, 'prev_value': None, 'change': True}
2025-07-06 17:06:44,703 : EventManager : Event: ======'machine_var_audits_switches_s_target_g'====== Args={'value': 71, 'prev_value': None, 'change': True}
2025-07-06 17:06:44,703 : EventManager : Event: ======'machine_var_audits_switches_s_target_r'====== Args={'value': 60, 'prev_value': None, 'change': True}
2025-07-06 17:06:44,703 : EventManager : Event: ======'machine_var_audits_switches_s_trough1'====== Args={'value': 318, 'prev_value': None, 'change': True}
2025-07-06 17:06:44,703 : EventManager : Event: ======'machine_var_audits_switches_s_trough2'====== Args={'value': 1, 'prev_value': None, 'change': True}
2025-07-06 17:06:44,703 : EventManager : Event: ======'machine_var_audits_switches_s_trough3'====== Args={'value': 1, 'prev_value': None, 'change': True}
2025-07-06 17:06:44,703 : EventManager : Event: ======'machine_var_audits_switches_s_trough4'====== Args={'value': 1, 'prev_value': None, 'change': True}
2025-07-06 17:06:44,703 : EventManager : Event: ======'machine_var_audits_switches_s_trough5'====== Args={'value': 1, 'prev_value': None, 'change': True}
2025-07-06 17:06:44,703 : EventManager : Event: ======'mc_reset_phase_1'====== Args={}
2025-07-06 17:06:44,703 : EventManager : Event: ======'mc_reset_phase_2'====== Args={}
2025-07-06 17:06:44,703 : EventManager : Event: ======'mc_reset_phase_3'====== Args={}
2025-07-06 17:06:44,703 : EventManager : Event: ======'mc_reset_complete'====== Args={}
2025-07-06 17:06:44,715 : EventManager : Event: ======'slides_play'====== Args={'settings': {'awesome_slide': {'widgets': [{'type': 'image', 'image': 'af_bg', '_default_settings': ['type', 'image'], 'x': None, 'y': None, 'anchor_x': 'center', 'anchor_y': 'center', 'round_anchor_x': None, 'round_anchor_y': None, 'opacity': 1.0, 'z': 0, 'reset_animations_events': {}, 'color': [1.0, 1.0, 1.0, 1.0], 'style': [], 'adjust_top': 0, 'adjust_bottom': 0, 'adjust_left': 0, 'adjust_right': 0, 'expire': None, 'key': None, 'widget': None, 'events_when_added': [], 'events_when_removed': [], 'fps': 10, 'loops': -1, 'auto_play': True, 'start_frame': 0, 'rotation': 0, 'scale': 1.0, 'animations': None}], 'transition': {'type': 'fade', 'duration': 1.0}, 'target': None, 'background_color': [0.0, 0.0, 0.0, 1.0], 'priority': None, 'show': True, 'force': False, 'expire': None, 'slide': None, 'tokens': {}, 'action': 'play'}}, 'context': 'show_7', 'calling_context': 0, 'priority': 10, 'show_tokens': {}, 'start_time': 1.386972875}
2025-07-06 17:06:44,715 : EventManager : Event: ======'sounds_play'====== Args={'settings': {'music_startuplong': {'action': 'play', 'loops': -1, 'priority': None, 'block': False, 'delay': None, 'track': None, 'volume': None, 'ducking': {}, 'pan': None, 'start_at': None, 'fade_in': None, 'fade_out': None, 'about_to_finish_time': -1.0, 'max_queue_time': -1.0, 'events_when_played': ['use_sound_setting'], 'events_when_stopped': ['use_sound_setting'], 'events_when_looping': ['use_sound_setting'], 'events_when_about_to_finish': ['use_sound_setting'], 'mode_end_action': 'use_sound_setting', 'key': 'use_sound_setting'}}, 'context': 'attract', 'calling_context': 'mode_attract_started', 'priority': 10}
2025-07-06 17:06:44,716 : EventManager : Event: ======'slide_awesome_slide_created'====== Args={}
2025-07-06 17:06:44,717 : kivy : GL: NPOT texture support is available
2025-07-06 17:06:44,728 : EventManager : Event: ======'slide_awesome_slide_active'====== Args={}
2025-07-06 17:06:44,738 : EventManager : Event: ======'loading_assets'====== Args={'total': 2, 'loaded': 1, 'remaining': 1, 'percent': 50}
2025-07-06 17:06:44,738 : AssetManager : Loading assets: 1/2 (50%)
2025-07-06 17:06:44,738 : EventManager : Event: ======'loading_assets'====== Args={'total': 2, 'loaded': 2, 'remaining': 0, 'percent': 100}
2025-07-06 17:06:44,738 : AssetManager : Asset loading took: 0.5154750347137451
2025-07-06 17:06:44,738 : EventManager : Event: ======'asset_loading_complete'====== Args={}
2025-07-06 17:06:44,738 : AssetManager : Loading assets: 2/2 (100%)
2025-07-06 17:06:47,715 : EventManager : Event: ======'slides_play'====== Args={'settings': {'press_start': {'widgets': [{'type': 'Text', 'text': 'PRESS START', 'color': [1.0, 1.0, 1.0, 1], 'font_size': 80, 'font_name': 'CinzelDecorative-Black', 'animations': {'pre_show_slide': [{'property': ['opacity'], 'value': ['0'], 'duration': 0.5, 'relative': False, 'timing': 'after_previous', 'repeat': False, 'easing': 'linear', 'step': 0.0}, {'property': ['opacity'], 'value': ['1'], 'duration': 1.0, 'relative': False, 'timing': 'after_previous', 'repeat': False, 'easing': 'linear', 'step': 0.0}, {'property': ['opacity'], 'value': ['0'], 'duration': 0.5, 'repeat': True, 'relative': False, 'timing': 'after_previous', 'easing': 'linear', 'step': 0.0}]}, '_default_settings': ['type', 'text', 'color', 'font_size', 'font_name', 'animations'], 'x': None, 'y': None, 'anchor_x': 'center', 'anchor_y': 'center', 'round_anchor_x': None, 'round_anchor_y': None, 'opacity': 1.0, 'z': 0, 'reset_animations_events': {}, 'style': [], 'adjust_top': 0, 'adjust_bottom': 0, 'adjust_left': 0, 'adjust_right': 0, 'expire': None, 'key': None, 'widget': None, 'events_when_added': [], 'events_when_removed': [], 'bitmap_font': False, 'font_kerning': True, 'bold': False, 'italic': False, 'number_grouping': False, 'min_digits': 0, 'halign': 'center', 'valign': 'middle', 'rotation': 0, 'scale': 1.0, 'casing': None, 'outline_color': [1.0, 1.0, 1.0, 1.0], 'outline_width': 0}, {'type': 'image', 'image': 'mansionv2', '_default_settings': ['type', 'image'], 'x': None, 'y': None, 'anchor_x': 'center', 'anchor_y': 'center', 'round_anchor_x': None, 'round_anchor_y': None, 'opacity': 1.0, 'z': 0, 'reset_animations_events': {}, 'color': [1.0, 1.0, 1.0, 1.0], 'style': [], 'adjust_top': 0, 'adjust_bottom': 0, 'adjust_left': 0, 'adjust_right': 0, 'expire': None, 'key': None, 'widget': None, 'events_when_added': [], 'events_when_removed': [], 'fps': 10, 'loops': -1, 'auto_play': True, 'start_frame': 0, 'rotation': 0, 'scale': 1.0, 'animations': None}], 'transition': {'type': 'fade', 'duration': 1.0}, 'target': None, 'background_color': [0.0, 0.0, 0.0, 1.0], 'priority': None, 'show': True, 'force': False, 'expire': None, 'slide': None, 'tokens': {}, 'action': 'play'}}, 'context': 'show_7', 'calling_context': 1, 'priority': 10, 'show_tokens': {}, 'start_time': 4.386972875}
2025-07-06 17:06:47,724 : EventManager : Event: ======'slide_press_start_created'====== Args={}
2025-07-06 17:06:47,741 : EventManager : Event: ======'slide_press_start_active'====== Args={}
2025-07-06 17:06:47,749 : EventManager : Event: ======'loading_assets'====== Args={'total': 1, 'loaded': 1, 'remaining': 0, 'percent': 100}
2025-07-06 17:06:47,749 : AssetManager : Asset loading took: 3.5271389484405518
2025-07-06 17:06:47,750 : EventManager : Event: ======'asset_loading_complete'====== Args={}
2025-07-06 17:06:47,750 : AssetManager : Loading assets: 1/1 (100%)
2025-07-06 17:06:49,780 : EventManager : Event: ======'game_started'====== Args={}
2025-07-06 17:06:49,780 : EventManager : Event: ======'slides_clear'====== Args={'context': 'show_7'}
2025-07-06 17:06:49,780 : EventManager : Event: ======'sounds_clear'====== Args={'context': 'attract'}
2025-07-06 17:06:49,780 : EventManager : Event: ======'player_added'====== Args={'player': <Player 1>, 'num': 1}
2025-07-06 17:06:49,780 : EventManager : Event: ======'player_index'====== Args={'value': 0, 'prev_value': 0, 'change': 0, 'player_num': 1}
2025-07-06 17:06:49,780 : EventManager : Event: ======'player_number'====== Args={'value': 1, 'prev_value': 1, 'change': 0, 'player_num': 1}
2025-07-06 17:06:49,780 : EventManager : Event: ======'player_score'====== Args={'value': 0, 'prev_value': 0, 'change': 0, 'player_num': 1}
2025-07-06 17:06:49,781 : EventManager : Event: ======'slide_awesome_slide_removed'====== Args={}
2025-07-06 17:06:49,781 : EventManager : Event: ======'slide_press_start_removed'====== Args={}
2025-07-06 17:06:49,781 : EventManager : Event: ======'slide_window_blank_active'====== Args={}
2025-07-06 17:06:49,793 : EventManager : Event: ======'player_ball'====== Args={'value': 1, 'prev_value': 0, 'change': 1, 'player_num': 1}
2025-07-06 17:06:49,793 : EventManager : Event: ======'player_turn_start'====== Args={'number': 1, 'player': <Player 1>}
2025-07-06 17:06:49,793 : EventManager : Event: ======'player_shot_shot_target_g_enabled'====== Args={'value': True, 'prev_value': 0, 'change': 1, 'player_num': 1}
2025-07-06 17:06:49,793 : EventManager : Event: ======'player_shot_shot_target_r_enabled'====== Args={'value': True, 'prev_value': 0, 'change': 1, 'player_num': 1}
2025-07-06 17:06:49,793 : EventManager : Event: ======'player_shot_shot_right_scoop_enabled'====== Args={'value': True, 'prev_value': 0, 'change': 1, 'player_num': 1}
2025-07-06 17:06:49,793 : EventManager : Event: ======'player_shot_shot_right_outlane_enabled'====== Args={'value': True, 'prev_value': 0, 'change': 1, 'player_num': 1}
2025-07-06 17:06:49,793 : EventManager : Event: ======'player_shot_shot_right_inlane_enabled'====== Args={'value': True, 'prev_value': 0, 'change': 1, 'player_num': 1}
2025-07-06 17:06:49,793 : EventManager : Event: ======'player_shot_shot_left_inlane_1_enabled'====== Args={'value': True, 'prev_value': 0, 'change': 1, 'player_num': 1}
2025-07-06 17:06:49,793 : EventManager : Event: ======'player_shot_shot_left_inlane_2_enabled'====== Args={'value': True, 'prev_value': 0, 'change': 1, 'player_num': 1}
2025-07-06 17:06:49,793 : EventManager : Event: ======'player_shot_shot_left_outlane_enabled'====== Args={'value': True, 'prev_value': 0, 'change': 1, 'player_num': 1}
2025-07-06 17:06:49,793 : EventManager : Event: ======'player_shot_shot_pop1_enabled'====== Args={'value': True, 'prev_value': 0, 'change': 1, 'player_num': 1}
2025-07-06 17:06:49,793 : EventManager : Event: ======'player_shot_shot_pop2_enabled'====== Args={'value': True, 'prev_value': 0, 'change': 1, 'player_num': 1}
2025-07-06 17:06:49,793 : EventManager : Event: ======'player_shot_shot_pop3_enabled'====== Args={'value': True, 'prev_value': 0, 'change': 1, 'player_num': 1}
2025-07-06 17:06:49,793 : EventManager : Event: ======'player_shot_shot_pop4_enabled'====== Args={'value': True, 'prev_value': 0, 'change': 1, 'player_num': 1}
2025-07-06 17:06:49,793 : EventManager : Event: ======'player_shot_shot_pop5_enabled'====== Args={'value': True, 'prev_value': 0, 'change': 1, 'player_num': 1}
2025-07-06 17:06:49,793 : EventManager : Event: ======'slides_play'====== Args={'settings': {'widgets': {'widgets': [{'type': 'text', 'text': '(score)', 'number_grouping': True, 'min_digits': 2, 'font_size': 200, 'font_name': 'MetalMania-Regular.ttf', '_default_settings': ['type', 'text', 'number_grouping', 'min_digits', 'font_size', 'font_name'], 'x': None, 'y': None, 'anchor_x': 'center', 'anchor_y': 'center', 'round_anchor_x': None, 'round_anchor_y': None, 'opacity': 1.0, 'z': 0, 'reset_animations_events': {}, 'color': [1.0, 1.0, 1.0, 1.0], 'style': [], 'adjust_top': 0, 'adjust_bottom': 0, 'adjust_left': 0, 'adjust_right': 0, 'expire': None, 'key': None, 'widget': None, 'events_when_added': [], 'events_when_removed': [], 'bitmap_font': False, 'font_kerning': True, 'bold': False, 'italic': False, 'halign': 'center', 'valign': 'middle', 'rotation': 0, 'scale': 1.0, 'casing': None, 'outline_color': [1.0, 1.0, 1.0, 1.0], 'outline_width': 0, 'animations': None}, {'type': 'text', 'text': 'PLAYER (number)', 'y': '10', 'x': '10', 'font_size': 50, 'font_name': 'MetalMania-Regular.ttf', 'anchor_x': 'left', 'anchor_y': 'bottom', '_default_settings': ['type', 'text', 'y', 'x', 'font_size', 'font_name', 'anchor_x', 'anchor_y'], 'round_anchor_x': None, 'round_anchor_y': None, 'opacity': 1.0, 'z': 0, 'reset_animations_events': {}, 'color': [1.0, 1.0, 1.0, 1.0], 'style': [], 'adjust_top': 0, 'adjust_bottom': 0, 'adjust_left': 0, 'adjust_right': 0, 'expire': None, 'key': None, 'widget': None, 'events_when_added': [], 'events_when_removed': [], 'bitmap_font': False, 'font_kerning': True, 'bold': False, 'italic': False, 'number_grouping': False, 'min_digits': 0, 'halign': 'center', 'valign': 'middle', 'rotation': 0, 'scale': 1.0, 'casing': None, 'outline_color': [1.0, 1.0, 1.0, 1.0], 'outline_width': 0, 'animations': None}, {'type': 'text', 'text': 'BALL (ball)', 'y': '10', 'x': 'right-10', 'anchor_x': 'right', 'anchor_y': 'bottom', 'font_size': 50, 'font_name': 'MetalMania-Regular.ttf', '_default_settings': ['type', 'text', 'y', 'x', 'anchor_x', 'anchor_y', 'font_size', 'font_name'], 'round_anchor_x': None, 'round_anchor_y': None, 'opacity': 1.0, 'z': 0, 'reset_animations_events': {}, 'color': [1.0, 1.0, 1.0, 1.0], 'style': [], 'adjust_top': 0, 'adjust_bottom': 0, 'adjust_left': 0, 'adjust_right': 0, 'expire': None, 'key': None, 'widget': None, 'events_when_added': [], 'events_when_removed': [], 'bitmap_font': False, 'font_kerning': True, 'bold': False, 'italic': False, 'number_grouping': False, 'min_digits': 0, 'halign': 'center', 'valign': 'middle', 'rotation': 0, 'scale': 1.0, 'casing': None, 'outline_color': [1.0, 1.0, 1.0, 1.0], 'outline_width': 0, 'animations': None}, {'type': 'image', 'image': 'gy_v3', 'x': 'center', 'y': 'middle', '_default_settings': ['type', 'image', 'x', 'y'], 'anchor_x': 'center', 'anchor_y': 'center', 'round_anchor_x': None, 'round_anchor_y': None, 'opacity': 1.0, 'z': 0, 'reset_animations_events': {}, 'color': [1.0, 1.0, 1.0, 1.0], 'style': [], 'adjust_top': 0, 'adjust_bottom': 0, 'adjust_left': 0, 'adjust_right': 0, 'expire': None, 'key': None, 'widget': None, 'events_when_added': [], 'events_when_removed': [], 'fps': 10, 'loops': -1, 'auto_play': True, 'start_frame': 0, 'rotation': 0, 'scale': 1.0, 'animations': None}], 'target': None, 'background_color': [0.0, 0.0, 0.0, 1.0], 'priority': None, 'show': True, 'force': False, 'expire': None, 'slide': None, 'tokens': {}, 'action': 'play'}}, 'context': 'base', 'calling_context': 'mode_base_started', 'priority': 100, 'queue': '<QueuedEvent>', 'player': 1, 'ball': 1, 'balls_remaining': 2, 'is_extra_ball': False}
2025-07-06 17:06:49,793 : EventManager : Event: ======'sounds_play'====== Args={'settings': {'music_startuplong': {'action': 'stop', 'fade_out': 0.0, 'priority': None, 'block': False, 'delay': None, 'track': None, 'volume': None, 'ducking': {}, 'pan': None, 'loops': None, 'start_at': None, 'fade_in': None, 'about_to_finish_time': -1.0, 'max_queue_time': -1.0, 'events_when_played': ['use_sound_setting'], 'events_when_stopped': ['use_sound_setting'], 'events_when_looping': ['use_sound_setting'], 'events_when_about_to_finish': ['use_sound_setting'], 'mode_end_action': 'use_sound_setting', 'key': 'use_sound_setting'}, 'music_prelaunch': {'action': 'play', 'priority': None, 'block': False, 'delay': None, 'track': None, 'volume': None, 'ducking': {}, 'pan': None, 'loops': None, 'start_at': None, 'fade_in': None, 'fade_out': None, 'about_to_finish_time': -1.0, 'max_queue_time': -1.0, 'events_when_played': ['use_sound_setting'], 'events_when_stopped': ['use_sound_setting'], 'events_when_looping': ['use_sound_setting'], 'events_when_about_to_finish': ['use_sound_setting'], 'mode_end_action': 'use_sound_setting', 'key': 'use_sound_setting'}}, 'context': 'base', 'calling_context': 'mode_base_started', 'priority': 100, 'queue': '<QueuedEvent>', 'player': 1, 'ball': 1, 'balls_remaining': 2, 'is_extra_ball': False}
2025-07-06 17:06:49,797 : EventManager : Event: ======'slide_base.slide_player-mode_base_started_created'====== Args={}
2025-07-06 17:06:49,799 : EventManager : Event: ======'slide_base.slide_player-mode_base_started_active'====== Args={}
2025-07-06 17:06:49,809 : EventManager : Event: ======'loading_assets'====== Args={'total': 2, 'loaded': 1, 'remaining': 1, 'percent': 50}
2025-07-06 17:06:49,809 : AssetManager : Loading assets: 1/2 (50%)
2025-07-06 17:06:49,809 : EventManager : Event: ======'loading_assets'====== Args={'total': 2, 'loaded': 2, 'remaining': 0, 'percent': 100}
2025-07-06 17:06:49,809 : AssetManager : Asset loading took: 5.587038993835449
2025-07-06 17:06:49,809 : EventManager : Event: ======'asset_loading_complete'====== Args={}
2025-07-06 17:06:49,809 : AssetManager : Loading assets: 2/2 (100%)
2025-07-06 17:06:51,005 : EventManager : Event: ======'machine_var_audits_switches_s_target_r'====== Args={'value': 61, 'prev_value': 60, 'change': 1}
2025-07-06 17:06:51,005 : EventManager : Event: ======'sounds_play'====== Args={'settings': {'dragon_roost': {'action': 'play', 'priority': None, 'block': False, 'delay': None, 'track': None, 'volume': None, 'ducking': {}, 'pan': None, 'loops': None, 'start_at': None, 'fade_in': None, 'fade_out': None, 'about_to_finish_time': -1.0, 'max_queue_time': -1.0, 'events_when_played': ['use_sound_setting'], 'events_when_stopped': ['use_sound_setting'], 'events_when_looping': ['use_sound_setting'], 'events_when_about_to_finish': ['use_sound_setting'], 'mode_end_action': 'use_sound_setting', 'key': 'use_sound_setting'}, 'music_prelaunch': {'action': 'stop', 'fade_out': 1.0, 'priority': None, 'block': False, 'delay': None, 'track': None, 'volume': None, 'ducking': {}, 'pan': None, 'loops': None, 'start_at': None, 'fade_in': None, 'about_to_finish_time': -1.0, 'max_queue_time': -1.0, 'events_when_played': ['use_sound_setting'], 'events_when_stopped': ['use_sound_setting'], 'events_when_looping': ['use_sound_setting'], 'events_when_about_to_finish': ['use_sound_setting'], 'mode_end_action': 'use_sound_setting', 'key': 'use_sound_setting'}}, 'context': 'base', 'calling_context': 'playfield_active', 'priority': 100, 'source': 'shot_target_r'}
2025-07-06 17:06:51,005 : EventManager : Event: ======'player_shot_shot_target_r'====== Args={'value': 1, 'prev_value': 0, 'change': 1, 'player_num': 1}
2025-07-06 17:06:51,005 : EventManager : Event: ======'machine_var_audits_shots_shot_target_r'====== Args={'value': 61, 'prev_value': 60, 'change': 1}
2025-07-06 17:06:51,005 : EventManager : Event: ======'player_score'====== Args={'value': 100, 'prev_value': 0, 'change': 100, 'player_num': 1}
2025-07-06 17:06:51,005 : EventManager : Event: ======'player_score'====== Args={'value': 1100, 'prev_value': 100, 'change': 1000, 'player_num': 1}
2025-07-06 17:06:51,005 : EventManager : Event: ======'sounds_play'====== Args={'settings': {'dragon_roost': {'action': 'play', 'priority': None, 'block': False, 'delay': None, 'track': None, 'volume': None, 'ducking': {}, 'pan': None, 'loops': None, 'start_at': None, 'fade_in': None, 'fade_out': None, 'about_to_finish_time': -1.0, 'max_queue_time': -1.0, 'events_when_played': ['use_sound_setting'], 'events_when_stopped': ['use_sound_setting'], 'events_when_looping': ['use_sound_setting'], 'events_when_about_to_finish': ['use_sound_setting'], 'mode_end_action': 'use_sound_setting', 'key': 'use_sound_setting'}, 'music_prelaunch': {'action': 'stop', 'fade_out': 1.0, 'priority': None, 'block': False, 'delay': None, 'track': None, 'volume': None, 'ducking': {}, 'pan': None, 'loops': None, 'start_at': None, 'fade_in': None, 'about_to_finish_time': -1.0, 'max_queue_time': -1.0, 'events_when_played': ['use_sound_setting'], 'events_when_stopped': ['use_sound_setting'], 'events_when_looping': ['use_sound_setting'], 'events_when_about_to_finish': ['use_sound_setting'], 'mode_end_action': 'use_sound_setting', 'key': 'use_sound_setting'}}, 'context': 'base', 'calling_context': 'playfield_active', 'priority': 100, 'source': None}
2025-07-06 17:06:51,081 : EventManager : Event: ======'loading_assets'====== Args={'total': 1, 'loaded': 1, 'remaining': 0, 'percent': 100}
2025-07-06 17:06:51,081 : AssetManager : Asset loading took: 6.858649969100952
2025-07-06 17:06:51,081 : EventManager : Event: ======'asset_loading_complete'====== Args={}
2025-07-06 17:06:51,081 : AssetManager : Loading assets: 1/1 (100%)
2025-07-06 17:06:51,764 : EventManager : Event: ======'machine_var_audits_switches_s_target_g'====== Args={'value': 72, 'prev_value': 71, 'change': 1}
2025-07-06 17:06:51,764 : EventManager : Event: ======'player_shot_shot_target_g'====== Args={'value': 1, 'prev_value': 0, 'change': 1, 'player_num': 1}
2025-07-06 17:06:51,764 : EventManager : Event: ======'machine_var_audits_shots_shot_target_g'====== Args={'value': 68, 'prev_value': 67, 'change': 1}
2025-07-06 17:06:51,764 : EventManager : Event: ======'player_shot_shot_right_scoop'====== Args={'value': 1, 'prev_value': 0, 'change': 1, 'player_num': 1}
2025-07-06 17:06:51,764 : EventManager : Event: ======'player_score'====== Args={'value': 1200, 'prev_value': 1100, 'change': 100, 'player_num': 1}
2025-07-06 17:06:51,765 : EventManager : Event: ======'player_score'====== Args={'value': 2200, 'prev_value': 1200, 'change': 1000, 'player_num': 1}
2025-07-06 17:06:52,989 : EventManager : Event: ======'machine_var_audits_switches_s_right_scoop'====== Args={'value': 205, 'prev_value': 204, 'change': 1}
2025-07-06 17:06:52,990 : EventManager : Event: ======'machine_var_audits_shots_shot_right_scoop'====== Args={'value': 1158388, 'prev_value': 1158387, 'change': 1}
2025-07-06 17:06:52,990 : EventManager : Event: ======'player_score'====== Args={'value': 22200, 'prev_value': 2200, 'change': 20000, 'player_num': 1}
2025-07-06 17:06:52,990 : EventManager : Event: ======'player_shot_shot_target_g'====== Args={'value': 0, 'prev_value': 1, 'change': -1, 'player_num': 1}
2025-07-06 17:06:52,990 : EventManager : Event: ======'player_shot_shot_target_r'====== Args={'value': 0, 'prev_value': 1, 'change': -1, 'player_num': 1}
2025-07-06 17:06:52,990 : EventManager : Event: ======'player_shot_shot_right_scoop'====== Args={'value': 0, 'prev_value': 1, 'change': -1, 'player_num': 1}
2025-07-06 17:06:54,244 : EventManager : Event: ======'machine_var_audits_switches_s_right_scoop'====== Args={'value': 206, 'prev_value': 205, 'change': 1}
2025-07-06 17:06:54,245 : EventManager : Event: ======'machine_var_audits_shots_shot_right_scoop'====== Args={'value': 1158389, 'prev_value': 1158388, 'change': 1}
2025-07-06 17:06:54,245 : EventManager : Event: ======'player_score'====== Args={'value': 22300, 'prev_value': 22200, 'change': 100, 'player_num': 1}
2025-07-06 17:06:54,814 : EventManager : Event: ======'machine_var_audits_switches_s_right_scoop'====== Args={'value': 207, 'prev_value': 206, 'change': 1}
2025-07-06 17:06:54,815 : EventManager : Event: ======'machine_var_audits_shots_shot_right_scoop'====== Args={'value': 1158390, 'prev_value': 1158389, 'change': 1}
2025-07-06 17:06:54,815 : EventManager : Event: ======'player_score'====== Args={'value': 22400, 'prev_value': 22300, 'change': 100, 'player_num': 1}
2025-07-06 17:06:55,295 : EventManager : Event: ======'machine_var_audits_switches_s_right_scoop'====== Args={'value': 208, 'prev_value': 207, 'change': 1}
2025-07-06 17:06:55,295 : EventManager : Event: ======'machine_var_audits_shots_shot_right_scoop'====== Args={'value': 1158391, 'prev_value': 1158390, 'change': 1}
2025-07-06 17:06:55,296 : EventManager : Event: ======'player_score'====== Args={'value': 22500, 'prev_value': 22400, 'change': 100, 'player_num': 1}
2025-07-06 17:06:55,586 : EventManager : Event: ======'machine_var_audits_switches_s_right_scoop'====== Args={'value': 209, 'prev_value': 208, 'change': 1}
2025-07-06 17:06:55,586 : EventManager : Event: ======'machine_var_audits_shots_shot_right_scoop'====== Args={'value': 1158392, 'prev_value': 1158391, 'change': 1}
2025-07-06 17:06:55,586 : EventManager : Event: ======'player_score'====== Args={'value': 22600, 'prev_value': 22500, 'change': 100, 'player_num': 1}
2025-07-06 17:06:55,776 : EventManager : Event: ======'machine_var_audits_switches_s_right_scoop'====== Args={'value': 210, 'prev_value': 209, 'change': 1}
2025-07-06 17:06:55,776 : EventManager : Event: ======'machine_var_audits_shots_shot_right_scoop'====== Args={'value': 1158393, 'prev_value': 1158392, 'change': 1}
2025-07-06 17:06:55,776 : EventManager : Event: ======'player_score'====== Args={'value': 22700, 'prev_value': 22600, 'change': 100, 'player_num': 1}
2025-07-06 17:06:55,931 : EventManager : Event: ======'machine_var_audits_switches_s_right_scoop'====== Args={'value': 211, 'prev_value': 210, 'change': 1}
2025-07-06 17:06:55,931 : EventManager : Event: ======'machine_var_audits_shots_shot_right_scoop'====== Args={'value': 1158394, 'prev_value': 1158393, 'change': 1}
2025-07-06 17:06:55,931 : EventManager : Event: ======'player_score'====== Args={'value': 22800, 'prev_value': 22700, 'change': 100, 'player_num': 1}
2025-07-06 17:06:56,076 : EventManager : Event: ======'machine_var_audits_switches_s_right_scoop'====== Args={'value': 212, 'prev_value': 211, 'change': 1}
2025-07-06 17:06:56,076 : EventManager : Event: ======'machine_var_audits_shots_shot_right_scoop'====== Args={'value': 1158395, 'prev_value': 1158394, 'change': 1}
2025-07-06 17:06:56,076 : EventManager : Event: ======'player_score'====== Args={'value': 22900, 'prev_value': 22800, 'change': 100, 'player_num': 1}
2025-07-06 17:06:56,234 : EventManager : Event: ======'machine_var_audits_switches_s_right_scoop'====== Args={'value': 213, 'prev_value': 212, 'change': 1}
2025-07-06 17:06:56,234 : EventManager : Event: ======'machine_var_audits_shots_shot_right_scoop'====== Args={'value': 1158396, 'prev_value': 1158395, 'change': 1}
2025-07-06 17:06:56,247 : EventManager : Event: ======'player_score'====== Args={'value': 23000, 'prev_value': 22900, 'change': 100, 'player_num': 1}
2025-07-06 17:06:56,391 : EventManager : Event: ======'machine_var_audits_switches_s_right_scoop'====== Args={'value': 214, 'prev_value': 213, 'change': 1}
2025-07-06 17:06:56,392 : EventManager : Event: ======'machine_var_audits_shots_shot_right_scoop'====== Args={'value': 1158397, 'prev_value': 1158396, 'change': 1}
2025-07-06 17:06:56,392 : EventManager : Event: ======'player_score'====== Args={'value': 23100, 'prev_value': 23000, 'change': 100, 'player_num': 1}
2025-07-06 17:06:56,537 : EventManager : Event: ======'machine_var_audits_switches_s_right_scoop'====== Args={'value': 215, 'prev_value': 214, 'change': 1}
2025-07-06 17:06:56,537 : EventManager : Event: ======'machine_var_audits_shots_shot_right_scoop'====== Args={'value': 1158398, 'prev_value': 1158397, 'change': 1}
2025-07-06 17:06:56,537 : EventManager : Event: ======'player_score'====== Args={'value': 23200, 'prev_value': 23100, 'change': 100, 'player_num': 1}
2025-07-06 17:06:56,682 : EventManager : Event: ======'machine_var_audits_switches_s_right_scoop'====== Args={'value': 216, 'prev_value': 215, 'change': 1}
2025-07-06 17:06:56,682 : EventManager : Event: ======'machine_var_audits_shots_shot_right_scoop'====== Args={'value': 1158399, 'prev_value': 1158398, 'change': 1}
2025-07-06 17:06:56,682 : EventManager : Event: ======'player_score'====== Args={'value': 23300, 'prev_value': 23200, 'change': 100, 'player_num': 1}
2025-07-06 17:06:56,852 : EventManager : Event: ======'machine_var_audits_switches_s_right_scoop'====== Args={'value': 217, 'prev_value': 216, 'change': 1}
2025-07-06 17:06:56,852 : EventManager : Event: ======'machine_var_audits_shots_shot_right_scoop'====== Args={'value': 1158400, 'prev_value': 1158399, 'change': 1}
2025-07-06 17:06:56,852 : EventManager : Event: ======'player_score'====== Args={'value': 23400, 'prev_value': 23300, 'change': 100, 'player_num': 1}
2025-07-06 17:06:56,980 : EventManager : Event: ======'machine_var_audits_switches_s_right_scoop'====== Args={'value': 218, 'prev_value': 217, 'change': 1}
2025-07-06 17:06:56,980 : EventManager : Event: ======'machine_var_audits_shots_shot_right_scoop'====== Args={'value': 1158401, 'prev_value': 1158400, 'change': 1}
2025-07-06 17:06:56,994 : EventManager : Event: ======'player_score'====== Args={'value': 23500, 'prev_value': 23400, 'change': 100, 'player_num': 1}
2025-07-06 17:06:57,125 : EventManager : Event: ======'machine_var_audits_switches_s_right_scoop'====== Args={'value': 219, 'prev_value': 218, 'change': 1}
2025-07-06 17:06:57,125 : EventManager : Event: ======'machine_var_audits_shots_shot_right_scoop'====== Args={'value': 1158402, 'prev_value': 1158401, 'change': 1}
2025-07-06 17:06:57,138 : EventManager : Event: ======'player_score'====== Args={'value': 23600, 'prev_value': 23500, 'change': 100, 'player_num': 1}
2025-07-06 17:06:57,296 : EventManager : Event: ======'machine_var_audits_switches_s_right_scoop'====== Args={'value': 220, 'prev_value': 219, 'change': 1}
2025-07-06 17:06:57,309 : EventManager : Event: ======'machine_var_audits_shots_shot_right_scoop'====== Args={'value': 1158403, 'prev_value': 1158402, 'change': 1}
2025-07-06 17:06:57,309 : EventManager : Event: ======'player_score'====== Args={'value': 23700, 'prev_value': 23600, 'change': 100, 'player_num': 1}
2025-07-06 17:06:58,336 : EventManager : Event: ======'machine_var_audits_switches_s_target_r'====== Args={'value': 62, 'prev_value': 61, 'change': 1}
2025-07-06 17:06:58,349 : EventManager : Event: ======'player_shot_shot_target_r'====== Args={'value': 1, 'prev_value': 0, 'change': 1, 'player_num': 1}
2025-07-06 17:06:58,349 : EventManager : Event: ======'machine_var_audits_shots_shot_target_r'====== Args={'value': 62, 'prev_value': 61, 'change': 1}
2025-07-06 17:06:58,349 : EventManager : Event: ======'player_score'====== Args={'value': 23800, 'prev_value': 23700, 'change': 100, 'player_num': 1}
2025-07-06 17:06:58,350 : EventManager : Event: ======'player_score'====== Args={'value': 24800, 'prev_value': 23800, 'change': 1000, 'player_num': 1}
2025-07-06 17:06:58,905 : EventManager : Event: ======'machine_var_audits_switches_s_target_g'====== Args={'value': 73, 'prev_value': 72, 'change': 1}
2025-07-06 17:06:58,905 : EventManager : Event: ======'player_shot_shot_target_g'====== Args={'value': 1, 'prev_value': 0, 'change': 1, 'player_num': 1}
2025-07-06 17:06:58,905 : EventManager : Event: ======'machine_var_audits_shots_shot_target_g'====== Args={'value': 69, 'prev_value': 68, 'change': 1}
2025-07-06 17:06:58,905 : EventManager : Event: ======'player_shot_shot_right_scoop'====== Args={'value': 1, 'prev_value': 0, 'change': 1, 'player_num': 1}
2025-07-06 17:06:58,905 : EventManager : Event: ======'player_score'====== Args={'value': 24900, 'prev_value': 24800, 'change': 100, 'player_num': 1}
2025-07-06 17:06:58,905 : EventManager : Event: ======'player_score'====== Args={'value': 25900, 'prev_value': 24900, 'change': 1000, 'player_num': 1}
2025-07-06 17:06:59,920 : EventManager : Event: ======'machine_var_audits_switches_s_right_scoop'====== Args={'value': 221, 'prev_value': 220, 'change': 1}
2025-07-06 17:06:59,920 : EventManager : Event: ======'machine_var_audits_shots_shot_right_scoop'====== Args={'value': 1158404, 'prev_value': 1158403, 'change': 1}
2025-07-06 17:06:59,933 : EventManager : Event: ======'player_score'====== Args={'value': 45900, 'prev_value': 25900, 'change': 20000, 'player_num': 1}
2025-07-06 17:06:59,934 : EventManager : Event: ======'player_shot_shot_target_g'====== Args={'value': 0, 'prev_value': 1, 'change': -1, 'player_num': 1}
2025-07-06 17:06:59,934 : EventManager : Event: ======'player_shot_shot_target_r'====== Args={'value': 0, 'prev_value': 1, 'change': -1, 'player_num': 1}
2025-07-06 17:06:59,934 : EventManager : Event: ======'player_shot_shot_right_scoop'====== Args={'value': 0, 'prev_value': 1, 'change': -1, 'player_num': 1}
2025-07-06 17:07:00,962 : EventManager : Event: ======'machine_var_audits_switches_s_target_r'====== Args={'value': 63, 'prev_value': 62, 'change': 1}
2025-07-06 17:07:00,962 : EventManager : Event: ======'player_shot_shot_target_r'====== Args={'value': 1, 'prev_value': 0, 'change': 1, 'player_num': 1}
2025-07-06 17:07:00,962 : EventManager : Event: ======'machine_var_audits_shots_shot_target_r'====== Args={'value': 63, 'prev_value': 62, 'change': 1}
2025-07-06 17:07:00,962 : EventManager : Event: ======'player_score'====== Args={'value': 46000, 'prev_value': 45900, 'change': 100, 'player_num': 1}
2025-07-06 17:07:00,962 : EventManager : Event: ======'player_score'====== Args={'value': 47000, 'prev_value': 46000, 'change': 1000, 'player_num': 1}
2025-07-06 17:07:01,962 : EventManager : Event: ======'machine_var_audits_switches_s_target_g'====== Args={'value': 74, 'prev_value': 73, 'change': 1}
2025-07-06 17:07:01,962 : EventManager : Event: ======'player_shot_shot_target_g'====== Args={'value': 1, 'prev_value': 0, 'change': 1, 'player_num': 1}
2025-07-06 17:07:01,962 : EventManager : Event: ======'machine_var_audits_shots_shot_target_g'====== Args={'value': 70, 'prev_value': 69, 'change': 1}
2025-07-06 17:07:01,975 : EventManager : Event: ======'player_shot_shot_right_scoop'====== Args={'value': 1, 'prev_value': 0, 'change': 1, 'player_num': 1}
2025-07-06 17:07:01,975 : EventManager : Event: ======'player_score'====== Args={'value': 47100, 'prev_value': 47000, 'change': 100, 'player_num': 1}
2025-07-06 17:07:01,975 : EventManager : Event: ======'player_score'====== Args={'value': 48100, 'prev_value': 47100, 'change': 1000, 'player_num': 1}
2025-07-06 17:07:30,162 : EventManager : Event: ======'machine_var_audits_switches_s_right_scoop'====== Args={'value': 222, 'prev_value': 221, 'change': 1}
2025-07-06 17:07:30,162 : EventManager : Event: ======'machine_var_audits_shots_shot_right_scoop'====== Args={'value': 1158405, 'prev_value': 1158404, 'change': 1}
2025-07-06 17:07:30,162 : EventManager : Event: ======'player_score'====== Args={'value': 68100, 'prev_value': 48100, 'change': 20000, 'player_num': 1}
2025-07-06 17:07:30,162 : EventManager : Event: ======'player_shot_shot_target_g'====== Args={'value': 0, 'prev_value': 1, 'change': -1, 'player_num': 1}
2025-07-06 17:07:30,162 : EventManager : Event: ======'player_shot_shot_target_r'====== Args={'value': 0, 'prev_value': 1, 'change': -1, 'player_num': 1}
2025-07-06 17:07:30,162 : EventManager : Event: ======'player_shot_shot_right_scoop'====== Args={'value': 0, 'prev_value': 1, 'change': -1, 'player_num': 1}
2025-07-06 17:07:31,158 : EventManager : Event: ======'machine_var_audits_switches_s_right_scoop'====== Args={'value': 223, 'prev_value': 222, 'change': 1}
2025-07-06 17:07:31,159 : EventManager : Event: ======'machine_var_audits_shots_shot_right_scoop'====== Args={'value': 1158406, 'prev_value': 1158405, 'change': 1}
2025-07-06 17:07:31,172 : EventManager : Event: ======'player_score'====== Args={'value': 68200, 'prev_value': 68100, 'change': 100, 'player_num': 1}
2025-07-06 17:07:32,441 : EventManager : Event: ======'machine_var_audits_switches_s_target_r'====== Args={'value': 64, 'prev_value': 63, 'change': 1}
2025-07-06 17:07:32,441 : EventManager : Event: ======'player_shot_shot_target_r'====== Args={'value': 1, 'prev_value': 0, 'change': 1, 'player_num': 1}
2025-07-06 17:07:32,441 : EventManager : Event: ======'machine_var_audits_shots_shot_target_r'====== Args={'value': 64, 'prev_value': 63, 'change': 1}
2025-07-06 17:07:32,441 : EventManager : Event: ======'player_score'====== Args={'value': 68300, 'prev_value': 68200, 'change': 100, 'player_num': 1}
2025-07-06 17:07:32,441 : EventManager : Event: ======'player_score'====== Args={'value': 69300, 'prev_value': 68300, 'change': 1000, 'player_num': 1}
2025-07-06 17:07:33,224 : EventManager : Event: ======'machine_var_audits_switches_s_target_g'====== Args={'value': 75, 'prev_value': 74, 'change': 1}
2025-07-06 17:07:33,224 : EventManager : Event: ======'player_shot_shot_target_g'====== Args={'value': 1, 'prev_value': 0, 'change': 1, 'player_num': 1}
2025-07-06 17:07:33,225 : EventManager : Event: ======'machine_var_audits_shots_shot_target_g'====== Args={'value': 71, 'prev_value': 70, 'change': 1}
2025-07-06 17:07:33,237 : EventManager : Event: ======'player_shot_shot_right_scoop'====== Args={'value': 1, 'prev_value': 0, 'change': 1, 'player_num': 1}
2025-07-06 17:07:33,237 : EventManager : Event: ======'player_score'====== Args={'value': 69400, 'prev_value': 69300, 'change': 100, 'player_num': 1}
2025-07-06 17:07:33,237 : EventManager : Event: ======'player_score'====== Args={'value': 70400, 'prev_value': 69400, 'change': 1000, 'player_num': 1}
2025-07-06 17:07:34,379 : EventManager : Event: ======'machine_var_audits_switches_s_right_scoop'====== Args={'value': 224, 'prev_value': 223, 'change': 1}
2025-07-06 17:07:34,379 : EventManager : Event: ======'machine_var_audits_shots_shot_right_scoop'====== Args={'value': 1158407, 'prev_value': 1158406, 'change': 1}
2025-07-06 17:07:34,379 : EventManager : Event: ======'player_score'====== Args={'value': 90400, 'prev_value': 70400, 'change': 20000, 'player_num': 1}
2025-07-06 17:07:34,380 : EventManager : Event: ======'player_shot_shot_target_g'====== Args={'value': 0, 'prev_value': 1, 'change': -1, 'player_num': 1}
2025-07-06 17:07:34,380 : EventManager : Event: ======'player_shot_shot_target_r'====== Args={'value': 0, 'prev_value': 1, 'change': -1, 'player_num': 1}
2025-07-06 17:07:34,380 : EventManager : Event: ======'player_shot_shot_right_scoop'====== Args={'value': 0, 'prev_value': 1, 'change': -1, 'player_num': 1}
2025-07-06 17:07:34,551 : EventManager : Event: ======'machine_var_audits_switches_s_right_scoop'====== Args={'value': 225, 'prev_value': 224, 'change': 1}
2025-07-06 17:07:34,551 : EventManager : Event: ======'machine_var_audits_shots_shot_right_scoop'====== Args={'value': 1158408, 'prev_value': 1158407, 'change': 1}
2025-07-06 17:07:34,551 : EventManager : Event: ======'player_score'====== Args={'value': 90500, 'prev_value': 90400, 'change': 100, 'player_num': 1}
2025-07-06 17:07:37,482 : EventManager : Event: ======'machine_var_audits_switches_s_target_r'====== Args={'value': 65, 'prev_value': 64, 'change': 1}
2025-07-06 17:07:37,482 : EventManager : Event: ======'player_shot_shot_target_r'====== Args={'value': 1, 'prev_value': 0, 'change': 1, 'player_num': 1}
2025-07-06 17:07:37,482 : EventManager : Event: ======'machine_var_audits_shots_shot_target_r'====== Args={'value': 65, 'prev_value': 64, 'change': 1}
2025-07-06 17:07:37,482 : EventManager : Event: ======'player_score'====== Args={'value': 90600, 'prev_value': 90500, 'change': 100, 'player_num': 1}
2025-07-06 17:07:37,482 : EventManager : Event: ======'player_score'====== Args={'value': 91600, 'prev_value': 90600, 'change': 1000, 'player_num': 1}
2025-07-06 17:07:37,990 : EventManager : Event: ======'machine_var_audits_switches_s_target_r'====== Args={'value': 66, 'prev_value': 65, 'change': 1}
2025-07-06 17:07:37,991 : EventManager : Event: ======'machine_var_audits_shots_shot_target_r'====== Args={'value': 66, 'prev_value': 65, 'change': 1}
2025-07-06 17:07:37,991 : EventManager : Event: ======'player_score'====== Args={'value': 91700, 'prev_value': 91600, 'change': 100, 'player_num': 1}
2025-07-06 17:07:37,991 : EventManager : Event: ======'player_score'====== Args={'value': 92700, 'prev_value': 91700, 'change': 1000, 'player_num': 1}
2025-07-06 17:07:38,587 : EventManager : Event: ======'machine_var_audits_switches_s_target_r'====== Args={'value': 67, 'prev_value': 66, 'change': 1}
2025-07-06 17:07:38,587 : EventManager : Event: ======'machine_var_audits_shots_shot_target_r'====== Args={'value': 67, 'prev_value': 66, 'change': 1}
2025-07-06 17:07:38,587 : EventManager : Event: ======'player_score'====== Args={'value': 92800, 'prev_value': 92700, 'change': 100, 'player_num': 1}
2025-07-06 17:07:38,587 : EventManager : Event: ======'player_score'====== Args={'value': 93800, 'prev_value': 92800, 'change': 1000, 'player_num': 1}
2025-07-06 17:07:39,100 : EventManager : Event: ======'machine_var_audits_switches_s_target_r'====== Args={'value': 68, 'prev_value': 67, 'change': 1}
2025-07-06 17:07:39,100 : EventManager : Event: ======'machine_var_audits_shots_shot_target_r'====== Args={'value': 68, 'prev_value': 67, 'change': 1}
2025-07-06 17:07:39,100 : EventManager : Event: ======'player_score'====== Args={'value': 93900, 'prev_value': 93800, 'change': 100, 'player_num': 1}
2025-07-06 17:07:39,100 : EventManager : Event: ======'player_score'====== Args={'value': 94900, 'prev_value': 93900, 'change': 1000, 'player_num': 1}
2025-07-06 17:07:39,627 : EventManager : Event: ======'machine_var_audits_switches_s_target_r'====== Args={'value': 69, 'prev_value': 68, 'change': 1}
2025-07-06 17:07:39,627 : EventManager : Event: ======'machine_var_audits_shots_shot_target_r'====== Args={'value': 69, 'prev_value': 68, 'change': 1}
2025-07-06 17:07:39,627 : EventManager : Event: ======'player_score'====== Args={'value': 95000, 'prev_value': 94900, 'change': 100, 'player_num': 1}
2025-07-06 17:07:39,627 : EventManager : Event: ======'player_score'====== Args={'value': 96000, 'prev_value': 95000, 'change': 1000, 'player_num': 1}
2025-07-06 17:07:40,128 : EventManager : Event: ======'machine_var_audits_switches_s_target_r'====== Args={'value': 70, 'prev_value': 69, 'change': 1}
2025-07-06 17:07:40,128 : EventManager : Event: ======'machine_var_audits_shots_shot_target_r'====== Args={'value': 70, 'prev_value': 69, 'change': 1}
2025-07-06 17:07:40,128 : EventManager : Event: ======'player_score'====== Args={'value': 96100, 'prev_value': 96000, 'change': 100, 'player_num': 1}
2025-07-06 17:07:40,128 : EventManager : Event: ======'player_score'====== Args={'value': 97100, 'prev_value': 96100, 'change': 1000, 'player_num': 1}
2025-07-06 17:07:40,364 : EventManager : Event: ======'machine_var_audits_switches_s_target_r'====== Args={'value': 71, 'prev_value': 70, 'change': 1}
2025-07-06 17:07:40,364 : EventManager : Event: ======'machine_var_audits_shots_shot_target_r'====== Args={'value': 71, 'prev_value': 70, 'change': 1}
2025-07-06 17:07:40,364 : EventManager : Event: ======'player_score'====== Args={'value': 97200, 'prev_value': 97100, 'change': 100, 'player_num': 1}
2025-07-06 17:07:40,365 : EventManager : Event: ======'player_score'====== Args={'value': 98200, 'prev_value': 97200, 'change': 1000, 'player_num': 1}
2025-07-06 17:07:40,718 : EventManager : Event: ======'machine_var_audits_switches_s_target_r'====== Args={'value': 72, 'prev_value': 71, 'change': 1}
2025-07-06 17:07:40,718 : EventManager : Event: ======'machine_var_audits_shots_shot_target_r'====== Args={'value': 72, 'prev_value': 71, 'change': 1}
2025-07-06 17:07:40,718 : EventManager : Event: ======'player_score'====== Args={'value': 98300, 'prev_value': 98200, 'change': 100, 'player_num': 1}
2025-07-06 17:07:40,718 : EventManager : Event: ======'player_score'====== Args={'value': 99300, 'prev_value': 98300, 'change': 1000, 'player_num': 1}
2025-07-06 17:07:41,088 : EventManager : Event: ======'machine_var_audits_switches_s_target_r'====== Args={'value': 73, 'prev_value': 72, 'change': 1}
2025-07-06 17:07:41,088 : EventManager : Event: ======'machine_var_audits_shots_shot_target_r'====== Args={'value': 73, 'prev_value': 72, 'change': 1}
2025-07-06 17:07:41,088 : EventManager : Event: ======'player_score'====== Args={'value': 99400, 'prev_value': 99300, 'change': 100, 'player_num': 1}
2025-07-06 17:07:41,088 : EventManager : Event: ======'player_score'====== Args={'value': 100400, 'prev_value': 99400, 'change': 1000, 'player_num': 1}
2025-07-06 17:07:41,534 : EventManager : Event: ======'machine_var_audits_switches_s_target_r'====== Args={'value': 74, 'prev_value': 73, 'change': 1}
2025-07-06 17:07:41,534 : EventManager : Event: ======'machine_var_audits_shots_shot_target_r'====== Args={'value': 74, 'prev_value': 73, 'change': 1}
2025-07-06 17:07:41,534 : EventManager : Event: ======'player_score'====== Args={'value': 100500, 'prev_value': 100400, 'change': 100, 'player_num': 1}
2025-07-06 17:07:41,534 : EventManager : Event: ======'player_score'====== Args={'value': 101500, 'prev_value': 100500, 'change': 1000, 'player_num': 1}
2025-07-06 17:07:42,008 : EventManager : Event: ======'machine_var_audits_switches_s_target_r'====== Args={'value': 75, 'prev_value': 74, 'change': 1}
2025-07-06 17:07:42,021 : EventManager : Event: ======'machine_var_audits_shots_shot_target_r'====== Args={'value': 75, 'prev_value': 74, 'change': 1}
2025-07-06 17:07:42,021 : EventManager : Event: ======'player_score'====== Args={'value': 101600, 'prev_value': 101500, 'change': 100, 'player_num': 1}
2025-07-06 17:07:42,021 : EventManager : Event: ======'player_score'====== Args={'value': 102600, 'prev_value': 101600, 'change': 1000, 'player_num': 1}
2025-07-06 17:07:42,455 : EventManager : Event: ======'machine_var_audits_switches_s_target_r'====== Args={'value': 76, 'prev_value': 75, 'change': 1}
2025-07-06 17:07:42,455 : EventManager : Event: ======'machine_var_audits_shots_shot_target_r'====== Args={'value': 76, 'prev_value': 75, 'change': 1}
2025-07-06 17:07:42,467 : EventManager : Event: ======'player_score'====== Args={'value': 102700, 'prev_value': 102600, 'change': 100, 'player_num': 1}
2025-07-06 17:07:42,467 : EventManager : Event: ======'player_score'====== Args={'value': 103700, 'prev_value': 102700, 'change': 1000, 'player_num': 1}
2025-07-06 17:07:42,796 : EventManager : Event: ======'machine_var_audits_switches_s_target_r'====== Args={'value': 77, 'prev_value': 76, 'change': 1}
2025-07-06 17:07:42,796 : EventManager : Event: ======'machine_var_audits_shots_shot_target_r'====== Args={'value': 77, 'prev_value': 76, 'change': 1}
2025-07-06 17:07:42,796 : EventManager : Event: ======'player_score'====== Args={'value': 103800, 'prev_value': 103700, 'change': 100, 'player_num': 1}
2025-07-06 17:07:42,796 : EventManager : Event: ======'player_score'====== Args={'value': 104800, 'prev_value': 103800, 'change': 1000, 'player_num': 1}
2025-07-06 17:07:43,123 : EventManager : Event: ======'machine_var_audits_switches_s_target_r'====== Args={'value': 78, 'prev_value': 77, 'change': 1}
2025-07-06 17:07:43,123 : EventManager : Event: ======'machine_var_audits_shots_shot_target_r'====== Args={'value': 78, 'prev_value': 77, 'change': 1}
2025-07-06 17:07:43,123 : EventManager : Event: ======'player_score'====== Args={'value': 104900, 'prev_value': 104800, 'change': 100, 'player_num': 1}
2025-07-06 17:07:43,123 : EventManager : Event: ======'player_score'====== Args={'value': 105900, 'prev_value': 104900, 'change': 1000, 'player_num': 1}
2025-07-06 17:07:43,426 : EventManager : Event: ======'machine_var_audits_switches_s_target_r'====== Args={'value': 79, 'prev_value': 78, 'change': 1}
2025-07-06 17:07:43,426 : EventManager : Event: ======'machine_var_audits_shots_shot_target_r'====== Args={'value': 79, 'prev_value': 78, 'change': 1}
2025-07-06 17:07:43,426 : EventManager : Event: ======'player_score'====== Args={'value': 106000, 'prev_value': 105900, 'change': 100, 'player_num': 1}
2025-07-06 17:07:43,426 : EventManager : Event: ======'player_score'====== Args={'value': 107000, 'prev_value': 106000, 'change': 1000, 'player_num': 1}
2025-07-06 17:07:44,045 : EventManager : Event: ======'machine_var_audits_switches_s_target_g'====== Args={'value': 76, 'prev_value': 75, 'change': 1}
2025-07-06 17:07:44,045 : EventManager : Event: ======'player_shot_shot_target_g'====== Args={'value': 1, 'prev_value': 0, 'change': 1, 'player_num': 1}
2025-07-06 17:07:44,045 : EventManager : Event: ======'machine_var_audits_shots_shot_target_g'====== Args={'value': 72, 'prev_value': 71, 'change': 1}
2025-07-06 17:07:44,045 : EventManager : Event: ======'player_shot_shot_right_scoop'====== Args={'value': 1, 'prev_value': 0, 'change': 1, 'player_num': 1}
2025-07-06 17:07:44,045 : EventManager : Event: ======'player_score'====== Args={'value': 107100, 'prev_value': 107000, 'change': 100, 'player_num': 1}
2025-07-06 17:07:44,045 : EventManager : Event: ======'player_score'====== Args={'value': 108100, 'prev_value': 107100, 'change': 1000, 'player_num': 1}
2025-07-06 17:07:47,782 : EventManager : Event: ======'machine_var_audits_switches_s_right_scoop'====== Args={'value': 226, 'prev_value': 225, 'change': 1}
2025-07-06 17:07:47,794 : EventManager : Event: ======'machine_var_audits_shots_shot_right_scoop'====== Args={'value': 1158409, 'prev_value': 1158408, 'change': 1}
2025-07-06 17:07:47,794 : EventManager : Event: ======'player_score'====== Args={'value': 128100, 'prev_value': 108100, 'change': 20000, 'player_num': 1}
2025-07-06 17:07:47,794 : EventManager : Event: ======'player_shot_shot_target_g'====== Args={'value': 0, 'prev_value': 1, 'change': -1, 'player_num': 1}
2025-07-06 17:07:47,794 : EventManager : Event: ======'player_shot_shot_target_r'====== Args={'value': 0, 'prev_value': 1, 'change': -1, 'player_num': 1}
2025-07-06 17:07:47,794 : EventManager : Event: ======'player_shot_shot_right_scoop'====== Args={'value': 0, 'prev_value': 1, 'change': -1, 'player_num': 1}
2025-07-06 17:07:48,516 : EventManager : Event: ======'machine_var_audits_switches_s_right_scoop'====== Args={'value': 227, 'prev_value': 226, 'change': 1}
2025-07-06 17:07:48,517 : EventManager : Event: ======'machine_var_audits_shots_shot_right_scoop'====== Args={'value': 1158410, 'prev_value': 1158409, 'change': 1}
2025-07-06 17:07:48,517 : EventManager : Event: ======'player_score'====== Args={'value': 128200, 'prev_value': 128100, 'change': 100, 'player_num': 1}
2025-07-06 17:07:48,933 : EventManager : Event: ======'machine_var_audits_switches_s_right_scoop'====== Args={'value': 228, 'prev_value': 227, 'change': 1}
2025-07-06 17:07:48,933 : EventManager : Event: ======'machine_var_audits_shots_shot_right_scoop'====== Args={'value': 1158411, 'prev_value': 1158410, 'change': 1}
2025-07-06 17:07:48,933 : EventManager : Event: ======'player_score'====== Args={'value': 128300, 'prev_value': 128200, 'change': 100, 'player_num': 1}
2025-07-06 17:07:49,250 : EventManager : Event: ======'machine_var_audits_switches_s_right_scoop'====== Args={'value': 229, 'prev_value': 228, 'change': 1}
2025-07-06 17:07:49,250 : EventManager : Event: ======'machine_var_audits_shots_shot_right_scoop'====== Args={'value': 1158412, 'prev_value': 1158411, 'change': 1}
2025-07-06 17:07:49,250 : EventManager : Event: ======'player_score'====== Args={'value': 128400, 'prev_value': 128300, 'change': 100, 'player_num': 1}
2025-07-06 17:07:49,501 : EventManager : Event: ======'machine_var_audits_switches_s_right_scoop'====== Args={'value': 230, 'prev_value': 229, 'change': 1}
2025-07-06 17:07:49,501 : EventManager : Event: ======'machine_var_audits_shots_shot_right_scoop'====== Args={'value': 1158413, 'prev_value': 1158412, 'change': 1}
2025-07-06 17:07:49,501 : EventManager : Event: ======'player_score'====== Args={'value': 128500, 'prev_value': 128400, 'change': 100, 'player_num': 1}
2025-07-06 17:07:49,817 : EventManager : Event: ======'machine_var_audits_switches_s_right_scoop'====== Args={'value': 231, 'prev_value': 230, 'change': 1}
2025-07-06 17:07:49,817 : EventManager : Event: ======'machine_var_audits_shots_shot_right_scoop'====== Args={'value': 1158414, 'prev_value': 1158413, 'change': 1}
2025-07-06 17:07:49,830 : EventManager : Event: ======'player_score'====== Args={'value': 128600, 'prev_value': 128500, 'change': 100, 'player_num': 1}
2025-07-06 17:07:50,120 : EventManager : Event: ======'machine_var_audits_switches_s_right_scoop'====== Args={'value': 232, 'prev_value': 231, 'change': 1}
2025-07-06 17:07:50,120 : EventManager : Event: ======'machine_var_audits_shots_shot_right_scoop'====== Args={'value': 1158415, 'prev_value': 1158414, 'change': 1}
2025-07-06 17:07:50,133 : EventManager : Event: ======'player_score'====== Args={'value': 128700, 'prev_value': 128600, 'change': 100, 'player_num': 1}
2025-07-06 17:07:50,450 : EventManager : Event: ======'machine_var_audits_switches_s_right_scoop'====== Args={'value': 233, 'prev_value': 232, 'change': 1}
2025-07-06 17:07:50,451 : EventManager : Event: ======'machine_var_audits_shots_shot_right_scoop'====== Args={'value': 1158416, 'prev_value': 1158415, 'change': 1}
2025-07-06 17:07:50,451 : EventManager : Event: ======'player_score'====== Args={'value': 128800, 'prev_value': 128700, 'change': 100, 'player_num': 1}
2025-07-06 17:07:51,655 : EventManager : Event: ======'machine_var_audits_switches_s_target_r'====== Args={'value': 80, 'prev_value': 79, 'change': 1}
2025-07-06 17:07:51,655 : EventManager : Event: ======'player_shot_shot_target_r'====== Args={'value': 1, 'prev_value': 0, 'change': 1, 'player_num': 1}
2025-07-06 17:07:51,655 : EventManager : Event: ======'machine_var_audits_shots_shot_target_r'====== Args={'value': 80, 'prev_value': 79, 'change': 1}
2025-07-06 17:07:51,668 : EventManager : Event: ======'player_score'====== Args={'value': 128900, 'prev_value': 128800, 'change': 100, 'player_num': 1}
2025-07-06 17:07:51,668 : EventManager : Event: ======'player_score'====== Args={'value': 129900, 'prev_value': 128900, 'change': 1000, 'player_num': 1}
2025-07-06 17:07:52,026 : EventManager : Event: ======'machine_var_audits_switches_s_target_r'====== Args={'value': 81, 'prev_value': 80, 'change': 1}
2025-07-06 17:07:52,027 : EventManager : Event: ======'machine_var_audits_shots_shot_target_r'====== Args={'value': 81, 'prev_value': 80, 'change': 1}
2025-07-06 17:07:52,027 : EventManager : Event: ======'player_score'====== Args={'value': 130000, 'prev_value': 129900, 'change': 100, 'player_num': 1}
2025-07-06 17:07:52,027 : EventManager : Event: ======'player_score'====== Args={'value': 131000, 'prev_value': 130000, 'change': 1000, 'player_num': 1}
2025-07-06 17:07:52,522 : EventManager : Event: ======'machine_var_audits_switches_s_target_r'====== Args={'value': 82, 'prev_value': 81, 'change': 1}
2025-07-06 17:07:52,523 : EventManager : Event: ======'machine_var_audits_shots_shot_target_r'====== Args={'value': 82, 'prev_value': 81, 'change': 1}
2025-07-06 17:07:52,523 : EventManager : Event: ======'player_score'====== Args={'value': 131100, 'prev_value': 131000, 'change': 100, 'player_num': 1}
2025-07-06 17:07:52,523 : EventManager : Event: ======'player_score'====== Args={'value': 132100, 'prev_value': 131100, 'change': 1000, 'player_num': 1}
2025-07-06 17:07:52,916 : EventManager : Event: ======'machine_var_audits_switches_s_target_r'====== Args={'value': 83, 'prev_value': 82, 'change': 1}
2025-07-06 17:07:52,916 : EventManager : Event: ======'machine_var_audits_shots_shot_target_r'====== Args={'value': 83, 'prev_value': 82, 'change': 1}
2025-07-06 17:07:52,916 : EventManager : Event: ======'player_score'====== Args={'value': 132200, 'prev_value': 132100, 'change': 100, 'player_num': 1}
2025-07-06 17:07:52,916 : EventManager : Event: ======'player_score'====== Args={'value': 133200, 'prev_value': 132200, 'change': 1000, 'player_num': 1}
2025-07-06 17:07:53,074 : EventManager : Event: ======'machine_var_audits_switches_s_target_r'====== Args={'value': 84, 'prev_value': 83, 'change': 1}
2025-07-06 17:07:53,074 : EventManager : Event: ======'machine_var_audits_shots_shot_target_r'====== Args={'value': 84, 'prev_value': 83, 'change': 1}
2025-07-06 17:07:53,074 : EventManager : Event: ======'player_score'====== Args={'value': 133300, 'prev_value': 133200, 'change': 100, 'player_num': 1}
2025-07-06 17:07:53,074 : EventManager : Event: ======'player_score'====== Args={'value': 134300, 'prev_value': 133300, 'change': 1000, 'player_num': 1}
2025-07-06 17:07:53,455 : EventManager : Event: ======'machine_var_audits_switches_s_target_r'====== Args={'value': 85, 'prev_value': 84, 'change': 1}
2025-07-06 17:07:53,455 : EventManager : Event: ======'machine_var_audits_shots_shot_target_r'====== Args={'value': 85, 'prev_value': 84, 'change': 1}
2025-07-06 17:07:53,456 : EventManager : Event: ======'player_score'====== Args={'value': 134400, 'prev_value': 134300, 'change': 100, 'player_num': 1}
2025-07-06 17:07:53,456 : EventManager : Event: ======'player_score'====== Args={'value': 135400, 'prev_value': 134400, 'change': 1000, 'player_num': 1}
2025-07-06 17:07:53,784 : EventManager : Event: ======'machine_var_audits_switches_s_target_r'====== Args={'value': 86, 'prev_value': 85, 'change': 1}
2025-07-06 17:07:53,784 : EventManager : Event: ======'machine_var_audits_shots_shot_target_r'====== Args={'value': 86, 'prev_value': 85, 'change': 1}
2025-07-06 17:07:53,784 : EventManager : Event: ======'player_score'====== Args={'value': 135500, 'prev_value': 135400, 'change': 100, 'player_num': 1}
2025-07-06 17:07:53,784 : EventManager : Event: ======'player_score'====== Args={'value': 136500, 'prev_value': 135500, 'change': 1000, 'player_num': 1}
2025-07-06 17:08:21,634 : kivy : Base: Leaving application in progress...
