2025-06-16 08:19:45,459 : INFO : root : Loading config.
2025-06-16 08:19:45,475 : INFO : YamlMultifileConfigLoader : Machine config file #1: config.yaml
2025-06-16 08:19:45,475 : INFO : ConfigProcessor : Loading config from cache: C:\Users\ruben\AppData\Local\Temp\a17888e5e1df298d67e07ada0b1bff4a.mpf_cache
2025-06-16 08:19:45,490 : WARNING : ConfigProcessor : Config file in cache changed: C:\pinball\my_machine\config\coils.yaml
2025-06-16 08:19:45,490 : INFO : ConfigProcessor : Loading config from file C:\Users\ruben\.local\pipx\venvs\mpf\lib\site-packages\mpf\mpfconfig.yaml.
2025-06-16 08:19:45,615 : INFO : ConfigProcessor : Loading config: C:\Users\ruben\.local\pipx\venvs\mpf\lib\site-packages\mpf\mpfconfig.yaml
2025-06-16 08:19:45,615 : INFO : ConfigProcessor : Loading config from file C:\pinball\my_machine\config\config.yaml.
2025-06-16 08:19:45,631 : INFO : ConfigProcessor : Loading config: C:\pinball\my_machine\config\config.yaml
2025-06-16 08:19:45,646 : INFO : ConfigProcessor : Loading config: C:\pinball\my_machine\config\hardware.yaml
2025-06-16 08:19:45,662 : INFO : ConfigProcessor : Loading config: C:\pinball\my_machine\config\switches.yaml
2025-06-16 08:19:45,678 : INFO : ConfigProcessor : Loading config: C:\pinball\my_machine\config\coils.yaml
2025-06-16 08:19:45,693 : INFO : ConfigProcessor : Loading config: C:\pinball\my_machine\config\devices.yaml
2025-06-16 08:19:45,709 : INFO : ConfigProcessor : Loading config: C:\pinball\my_machine\config\displays.yaml
2025-06-16 08:19:45,724 : INFO : ConfigProcessor : Loading config: C:\pinball\my_machine\config\slides.yaml
2025-06-16 08:19:45,740 : INFO : ConfigProcessor : Config file cache created: C:\Users\ruben\AppData\Local\Temp\a17888e5e1df298d67e07ada0b1bff4a.mpf_cache
2025-06-16 08:19:45,865 : INFO : ConfigProcessor : Loading config from cache: C:\Users\ruben\AppData\Local\Temp\67cf8ffee0fce2d4fcb5ef0bb894d8de.mpf_cache
2025-06-16 08:19:45,881 : INFO : ConfigProcessor : Loading config from cache: C:\Users\ruben\AppData\Local\Temp\25321780674732dcacb77a8f5b2a53cd.mpf_cache
2025-06-16 08:19:45,881 : INFO : ConfigProcessor : Loading config from cache: C:\Users\ruben\AppData\Local\Temp\195f66f1d07408d279921a878741edf5.mpf_cache
2025-06-16 08:19:45,896 : INFO : Machine : Mission Pinball Framework Core Engine v0.56.0
2025-06-16 08:19:45,896 : INFO : Machine : Command line arguments: {'no_load_cache': False, 'create_config_cache': True, 'bcp': True, 'configfile': ['config.yaml'], 'force_assets_load': False, 'jsonlogging': False, 'logfile': 'logs\\2025-06-16-08-19-45-mpf-DESKTOP-11MEIVG.log', 'pause': False, 'production': False, 'text_ui': True, 'loglevel': 15, 'consoleloglevel': 20, 'force_platform': None, 'syslog_address': None, 'mc_file_name': None, 'no_sound': False}
2025-06-16 08:19:45,896 : INFO : Machine : MPF path: C:\Users\ruben\.local\pipx\venvs\mpf\lib\site-packages\mpf
2025-06-16 08:19:45,896 : INFO : Machine : Machine path: C:\pinball\my_machine
2025-06-16 08:19:45,896 : INFO : Machine : Platform: win32
2025-06-16 08:19:45,896 : INFO : Machine : Python executable location: C:\Users\ruben\.local\pipx\venvs\mpf\Scripts\python.exe
2025-06-16 08:19:45,896 : INFO : Machine : Python version: 3.9.13 (64-bit)
2025-06-16 08:19:45,896 : INFO : Machine : Initialise MPF.
2025-06-16 08:19:46,445 : INFO : OPP : Connecting to com3 at 115200bps
2025-06-16 08:19:46,535 : INFO : OPP : Init of OPP board 1 done
2025-06-16 08:19:46,535 : INFO : OPP : Connecting to com4 at 115200bps
2025-06-16 08:19:46,697 : INFO : OPP : Init of OPP board 0 done
2025-06-16 08:19:46,697 : INFO : EventManager : Event: ======'machine_var_credits_string'====== Args={'value': 'FREE PLAY', 'prev_value': None, 'change': True}
2025-06-16 08:19:46,790 : INFO : EventManager : Event: ======'machine_var_master_volume'====== Args={'value': 0.5, 'prev_value': None, 'change': True}
2025-06-16 08:19:46,790 : INFO : EventManager : Event: ======'machine_var_player1_score'====== Args={'value': 0, 'prev_value': None, 'change': True}
2025-06-16 08:19:46,790 : INFO : EventManager : Event: ======'machine_var_mpf_version'====== Args={'value': 'MPF v0.56.0', 'prev_value': None, 'change': True}
2025-06-16 08:19:46,790 : INFO : EventManager : Event: ======'machine_var_mpf_extended_version'====== Args={'value': 'MPF v0.56.0, Config version:5, Show version: 5, BCP version:1.1', 'prev_value': None, 'change': True}
2025-06-16 08:19:46,790 : INFO : EventManager : Event: ======'machine_var_python_version'====== Args={'value': '3.9.13', 'prev_value': None, 'change': True}
2025-06-16 08:19:46,806 : INFO : EventManager : Event: ======'machine_var_platform'====== Args={'value': 'Windows-10-10.0.19045-SP0', 'prev_value': None, 'change': True}
2025-06-16 08:19:46,806 : INFO : EventManager : Event: ======'machine_var_platform_system'====== Args={'value': 'Windows', 'prev_value': None, 'change': True}
2025-06-16 08:19:46,806 : INFO : EventManager : Event: ======'machine_var_platform_release'====== Args={'value': '10', 'prev_value': None, 'change': True}
2025-06-16 08:19:46,806 : INFO : EventManager : Event: ======'machine_var_platform_version'====== Args={'value': '10.0.19045', 'prev_value': None, 'change': True}
2025-06-16 08:19:46,806 : INFO : EventManager : Event: ======'machine_var_platform_machine'====== Args={'value': 'AMD64', 'prev_value': None, 'change': True}
2025-06-16 08:19:46,806 : INFO : EventManager : Event: ======'init_phase_1'====== Args={}
2025-06-16 08:19:46,822 : INFO : EventManager : Event: ======'init_phase_2'====== Args={}
2025-06-16 08:19:46,837 : INFO : EventManager : Event: ======'bcp_connection_attempt'====== Args={'name': 'local_display', 'host': 'localhost', 'port': 5050}
2025-06-16 08:19:46,837 : INFO : BCPClientSocket : Connecting BCP to 'local_display' at localhost:5050...
2025-06-16 08:19:53,056 : INFO : BCPClientSocket : Connected BCP to 'local_display' localhost:5050
2025-06-16 08:19:53,061 : INFO : EventManager : Event: ======'machine_var_mc_version'====== Args={'value': 'MPF-MC v0.56.1', 'prev_value': None, 'change': True}
2025-06-16 08:19:53,062 : INFO : EventManager : Event: ======'bcp_clients_connected'====== Args={}
2025-06-16 08:19:53,063 : INFO : EventManager : Event: ======'machine_var_mc_extended_version'====== Args={'value': 'MPF-MC v0.56.1 (config_version=5, BCP v1.1,                      Requires MPF API compatibility v0.56.0 or newer)', 'prev_value': None, 'change': True}
2025-06-16 08:19:53,114 : INFO : ball_device.bd_trough : BCH: Initial count: 0
2025-06-16 08:19:53,115 : INFO : ball_device.bd_trough : State: idle
2025-06-16 08:19:53,155 : INFO : EventManager : Event: ======'init_phase_3'====== Args={}
2025-06-16 08:19:53,158 : INFO : EventManager : Event: ======'init_phase_4'====== Args={}
2025-06-16 08:19:53,159 : INFO : BallController : Initial balls found: 0
2025-06-16 08:19:53,161 : INFO : EventManager : Event: ======'machine_var_audits_events_game_ended'====== Args={'value': 50, 'prev_value': None, 'change': True}
2025-06-16 08:19:53,161 : INFO : EventManager : Event: ======'machine_var_audits_events_game_started'====== Args={'value': 98, 'prev_value': None, 'change': True}
2025-06-16 08:19:53,162 : INFO : EventManager : Event: ======'machine_var_audits_missing_switches_s_left_flipper'====== Args={'value': 8, 'prev_value': None, 'change': True}
2025-06-16 08:19:53,162 : INFO : EventManager : Event: ======'machine_var_audits_missing_switches_s_left_inlane1'====== Args={'value': 8, 'prev_value': None, 'change': True}
2025-06-16 08:19:53,162 : INFO : EventManager : Event: ======'machine_var_audits_missing_switches_s_left_inlane2'====== Args={'value': 8, 'prev_value': None, 'change': True}
2025-06-16 08:19:53,162 : INFO : EventManager : Event: ======'machine_var_audits_missing_switches_s_left_outlane'====== Args={'value': 9, 'prev_value': None, 'change': True}
2025-06-16 08:19:53,162 : INFO : EventManager : Event: ======'machine_var_audits_missing_switches_s_left_slingshot'====== Args={'value': 9, 'prev_value': None, 'change': True}
2025-06-16 08:19:53,163 : INFO : EventManager : Event: ======'machine_var_audits_missing_switches_s_pop1'====== Args={'value': 9, 'prev_value': None, 'change': True}
2025-06-16 08:19:53,163 : INFO : EventManager : Event: ======'machine_var_audits_missing_switches_s_pop2'====== Args={'value': 9, 'prev_value': None, 'change': True}
2025-06-16 08:19:53,163 : INFO : EventManager : Event: ======'machine_var_audits_missing_switches_s_pop3'====== Args={'value': 9, 'prev_value': None, 'change': True}
2025-06-16 08:19:53,163 : INFO : EventManager : Event: ======'machine_var_audits_missing_switches_s_pop4'====== Args={'value': 8, 'prev_value': None, 'change': True}
2025-06-16 08:19:53,163 : INFO : EventManager : Event: ======'machine_var_audits_missing_switches_s_pop5'====== Args={'value': 8, 'prev_value': None, 'change': True}
2025-06-16 08:19:53,164 : INFO : EventManager : Event: ======'machine_var_audits_missing_switches_s_right_inlane'====== Args={'value': 9, 'prev_value': None, 'change': True}
2025-06-16 08:19:53,164 : INFO : EventManager : Event: ======'machine_var_audits_missing_switches_s_right_outlane'====== Args={'value': 9, 'prev_value': None, 'change': True}
2025-06-16 08:19:53,164 : INFO : EventManager : Event: ======'machine_var_audits_missing_switches_s_right_slingshot'====== Args={'value': 9, 'prev_value': None, 'change': True}
2025-06-16 08:19:53,164 : INFO : EventManager : Event: ======'machine_var_audits_missing_switches_s_scoop_center'====== Args={'value': 8, 'prev_value': None, 'change': True}
2025-06-16 08:19:53,165 : INFO : EventManager : Event: ======'machine_var_audits_missing_switches_s_scoop_right'====== Args={'value': 9, 'prev_value': None, 'change': True}
2025-06-16 08:19:53,165 : INFO : EventManager : Event: ======'machine_var_audits_missing_switches_s_startButton'====== Args={'value': 9, 'prev_value': None, 'change': True}
2025-06-16 08:19:53,165 : INFO : EventManager : Event: ======'machine_var_audits_missing_switches_s_trough1'====== Args={'value': 9, 'prev_value': None, 'change': True}
2025-06-16 08:19:53,165 : INFO : EventManager : Event: ======'machine_var_audits_missing_switches_s_trough2'====== Args={'value': 9, 'prev_value': None, 'change': True}
2025-06-16 08:19:53,165 : INFO : EventManager : Event: ======'machine_var_audits_missing_switches_s_trough3'====== Args={'value': 9, 'prev_value': None, 'change': True}
2025-06-16 08:19:53,166 : INFO : EventManager : Event: ======'machine_var_audits_missing_switches_s_trough4'====== Args={'value': 9, 'prev_value': None, 'change': True}
2025-06-16 08:19:53,166 : INFO : EventManager : Event: ======'machine_var_audits_missing_switches_s_trough5'====== Args={'value': 8, 'prev_value': None, 'change': True}
2025-06-16 08:19:53,166 : INFO : EventManager : Event: ======'machine_var_audits_player_score'====== Args={'value': {'average': 0.0, 'top': [0, 0, 0, 0, 0, 0, 0, 0, 0, 0], 'total': 50}, 'prev_value': None, 'change': True}
2025-06-16 08:19:53,167 : INFO : EventManager : Event: ======'machine_var_audits_switches_s_drop_bank1'====== Args={'value': 140, 'prev_value': None, 'change': True}
2025-06-16 08:19:53,168 : INFO : EventManager : Event: ======'machine_var_audits_switches_s_left_flipper'====== Args={'value': 2280, 'prev_value': None, 'change': True}
2025-06-16 08:19:53,169 : INFO : EventManager : Event: ======'machine_var_audits_switches_s_left_inlane1'====== Args={'value': 1, 'prev_value': None, 'change': True}
2025-06-16 08:19:53,170 : INFO : EventManager : Event: ======'machine_var_audits_switches_s_left_inlane2'====== Args={'value': 1, 'prev_value': None, 'change': True}
2025-06-16 08:19:53,171 : INFO : EventManager : Event: ======'machine_var_audits_switches_s_left_outlane'====== Args={'value': 0, 'prev_value': None, 'change': True}
2025-06-16 08:19:53,172 : INFO : EventManager : Event: ======'machine_var_audits_switches_s_left_slingshot'====== Args={'value': 290, 'prev_value': None, 'change': True}
2025-06-16 08:19:53,172 : INFO : EventManager : Event: ======'machine_var_audits_switches_s_plunger'====== Args={'value': 5, 'prev_value': None, 'change': True}
2025-06-16 08:19:53,172 : INFO : EventManager : Event: ======'machine_var_audits_switches_s_pop1'====== Args={'value': 0, 'prev_value': None, 'change': True}
2025-06-16 08:19:53,173 : INFO : EventManager : Event: ======'machine_var_audits_switches_s_pop2'====== Args={'value': 0, 'prev_value': None, 'change': True}
2025-06-16 08:19:53,174 : INFO : EventManager : Event: ======'machine_var_audits_switches_s_pop3'====== Args={'value': 0, 'prev_value': None, 'change': True}
2025-06-16 08:19:53,174 : INFO : EventManager : Event: ======'machine_var_audits_switches_s_pop4'====== Args={'value': 1, 'prev_value': None, 'change': True}
2025-06-16 08:19:53,175 : INFO : EventManager : Event: ======'machine_var_audits_switches_s_pop5'====== Args={'value': 1, 'prev_value': None, 'change': True}
2025-06-16 08:19:53,175 : INFO : EventManager : Event: ======'machine_var_audits_switches_s_pop_bot'====== Args={'value': 426, 'prev_value': None, 'change': True}
2025-06-16 08:19:53,175 : INFO : EventManager : Event: ======'machine_var_audits_switches_s_pop_mid'====== Args={'value': 351, 'prev_value': None, 'change': True}
2025-06-16 08:19:53,176 : INFO : EventManager : Event: ======'machine_var_audits_switches_s_pop_top'====== Args={'value': 302, 'prev_value': None, 'change': True}
2025-06-16 08:19:53,176 : INFO : EventManager : Event: ======'machine_var_audits_switches_s_right_flipper'====== Args={'value': 2332, 'prev_value': None, 'change': True}
2025-06-16 08:19:53,176 : INFO : EventManager : Event: ======'machine_var_audits_switches_s_right_inlane'====== Args={'value': 57, 'prev_value': None, 'change': True}
2025-06-16 08:19:53,177 : INFO : EventManager : Event: ======'machine_var_audits_switches_s_right_outlane'====== Args={'value': 0, 'prev_value': None, 'change': True}
2025-06-16 08:19:53,177 : INFO : EventManager : Event: ======'machine_var_audits_switches_s_right_slingshot'====== Args={'value': 255, 'prev_value': None, 'change': True}
2025-06-16 08:19:53,178 : INFO : EventManager : Event: ======'machine_var_audits_switches_s_scoop_center'====== Args={'value': 1, 'prev_value': None, 'change': True}
2025-06-16 08:19:53,178 : INFO : EventManager : Event: ======'machine_var_audits_switches_s_scoop_lower'====== Args={'value': 220, 'prev_value': None, 'change': True}
2025-06-16 08:19:53,178 : INFO : EventManager : Event: ======'machine_var_audits_switches_s_scoop_right'====== Args={'value': 0, 'prev_value': None, 'change': True}
2025-06-16 08:19:53,179 : INFO : EventManager : Event: ======'machine_var_audits_switches_s_shooter_lane'====== Args={'value': 8, 'prev_value': None, 'change': True}
2025-06-16 08:19:53,179 : INFO : EventManager : Event: ======'machine_var_audits_switches_s_startButton'====== Args={'value': 34, 'prev_value': None, 'change': True}
2025-06-16 08:19:53,180 : INFO : EventManager : Event: ======'machine_var_audits_switches_s_trough1'====== Args={'value': 303, 'prev_value': None, 'change': True}
2025-06-16 08:19:53,180 : INFO : EventManager : Event: ======'machine_var_audits_switches_s_trough2'====== Args={'value': 1, 'prev_value': None, 'change': True}
2025-06-16 08:19:53,180 : INFO : EventManager : Event: ======'machine_var_audits_switches_s_trough3'====== Args={'value': 1, 'prev_value': None, 'change': True}
2025-06-16 08:19:53,181 : INFO : EventManager : Event: ======'machine_var_audits_switches_s_trough4'====== Args={'value': 1, 'prev_value': None, 'change': True}
2025-06-16 08:19:53,181 : INFO : EventManager : Event: ======'machine_var_audits_switches_s_trough5'====== Args={'value': 1, 'prev_value': None, 'change': True}
2025-06-16 08:19:53,182 : INFO : EventManager : Event: ======'init_phase_5'====== Args={}
2025-06-16 08:19:53,188 : INFO : EventManager : Event: ======'init_done'====== Args={}
2025-06-16 08:19:53,190 : INFO : EventManager : Event: ======'machine_reset_phase_1'====== Args={}
2025-06-16 08:19:53,197 : INFO : EventManager : Event: ======'slide_welcome_slide_removed'====== Args={'_from_bcp': True}
2025-06-16 08:19:53,202 : INFO : EventManager : Event: ======'slide_welcome_slide_created'====== Args={'_from_bcp': True}
2025-06-16 08:19:53,205 : INFO : EventManager : Event: ======'machine_reset_phase_2'====== Args={}
2025-06-16 08:19:53,206 : INFO : EventManager : Event: ======'machine_reset_phase_3'====== Args={}
2025-06-16 08:19:53,209 : INFO : EventManager : Event: ======'reset_complete'====== Args={}
2025-06-16 08:19:53,209 : INFO : EventManager : Event: ======'mode_attract_will_start'====== Args={}
2025-06-16 08:19:53,210 : INFO : EventManager : Event: ======'mode_attract_starting'====== Args={}
2025-06-16 08:19:53,211 : INFO : Mode.attract : Started. Priority: 10
2025-06-16 08:19:53,211 : INFO : EventManager : Event: ======'modes_active_modes_changed'====== Args={}
2025-06-16 08:19:53,211 : INFO : EventManager : Event: ======'mode_attract_started'====== Args={}
2025-06-16 08:19:53,212 : INFO : EventManager : Event: ======'collecting_balls_complete'====== Args={}
2025-06-16 08:19:53,212 : INFO : EventManager : Event: ======'slide_welcome_slide_active'====== Args={'_from_bcp': True}
2025-06-16 08:19:53,244 : INFO : EventManager : Event: ======'slide_attract_started_created'====== Args={'_from_bcp': True}
2025-06-16 08:19:53,244 : INFO : EventManager : Event: ======'slide_attract_started_active'====== Args={'_from_bcp': True}
2025-06-16 08:19:53,245 : INFO : Machine : Starting the main run loop.
2025-06-16 08:19:56,803 : INFO : SwitchController : <<<<<<< 's_pop5' active >>>>>>>
2025-06-16 08:19:56,803 : INFO : EventManager : Event: ======'playfield_active'====== Args={}
2025-06-16 08:19:56,803 : INFO : EventManager : Event: ======'unexpected_ball_on_playfield'====== Args={}
2025-06-16 08:19:56,849 : INFO : SwitchController : <<<<<<< 's_pop5' inactive >>>>>>>
2025-06-16 08:19:57,570 : INFO : SwitchController : <<<<<<< 's_pop1' active >>>>>>>
2025-06-16 08:19:57,570 : INFO : EventManager : Event: ======'playfield_active'====== Args={}
2025-06-16 08:19:57,570 : INFO : EventManager : Event: ======'unexpected_ball_on_playfield'====== Args={}
2025-06-16 08:19:57,616 : INFO : SwitchController : <<<<<<< 's_pop1' inactive >>>>>>>
2025-06-16 08:19:58,792 : INFO : SwitchController : <<<<<<< 's_pop3' active >>>>>>>
2025-06-16 08:19:58,793 : INFO : EventManager : Event: ======'playfield_active'====== Args={}
2025-06-16 08:19:58,793 : INFO : EventManager : Event: ======'unexpected_ball_on_playfield'====== Args={}
2025-06-16 08:19:58,916 : INFO : SwitchController : <<<<<<< 's_pop3' inactive >>>>>>>
2025-06-16 08:19:59,122 : INFO : SwitchController : <<<<<<< 's_pop3' active >>>>>>>
2025-06-16 08:19:59,123 : INFO : EventManager : Event: ======'playfield_active'====== Args={}
2025-06-16 08:19:59,123 : INFO : EventManager : Event: ======'unexpected_ball_on_playfield'====== Args={}
2025-06-16 08:19:59,173 : INFO : SwitchController : <<<<<<< 's_pop3' inactive >>>>>>>
2025-06-16 08:19:59,498 : INFO : SwitchController : <<<<<<< 's_pop3' active >>>>>>>
2025-06-16 08:19:59,498 : INFO : EventManager : Event: ======'playfield_active'====== Args={}
2025-06-16 08:19:59,498 : INFO : EventManager : Event: ======'unexpected_ball_on_playfield'====== Args={}
2025-06-16 08:19:59,592 : INFO : SwitchController : <<<<<<< 's_pop3' inactive >>>>>>>
2025-06-16 08:19:59,686 : INFO : SwitchController : <<<<<<< 's_pop3' active >>>>>>>
2025-06-16 08:19:59,686 : INFO : EventManager : Event: ======'playfield_active'====== Args={}
2025-06-16 08:19:59,687 : INFO : EventManager : Event: ======'unexpected_ball_on_playfield'====== Args={}
2025-06-16 08:19:59,748 : INFO : SwitchController : <<<<<<< 's_pop3' inactive >>>>>>>
2025-06-16 08:19:59,844 : INFO : SwitchController : <<<<<<< 's_pop3' active >>>>>>>
2025-06-16 08:19:59,844 : INFO : EventManager : Event: ======'playfield_active'====== Args={}
2025-06-16 08:19:59,844 : INFO : EventManager : Event: ======'unexpected_ball_on_playfield'====== Args={}
2025-06-16 08:19:59,896 : INFO : SwitchController : <<<<<<< 's_pop3' inactive >>>>>>>
2025-06-16 08:20:00,001 : INFO : SwitchController : <<<<<<< 's_pop3' active >>>>>>>
2025-06-16 08:20:00,001 : INFO : EventManager : Event: ======'playfield_active'====== Args={}
2025-06-16 08:20:00,001 : INFO : EventManager : Event: ======'unexpected_ball_on_playfield'====== Args={}
2025-06-16 08:20:00,047 : INFO : SwitchController : <<<<<<< 's_pop3' inactive >>>>>>>
2025-06-16 08:20:00,154 : INFO : SwitchController : <<<<<<< 's_pop3' active >>>>>>>
2025-06-16 08:20:00,154 : INFO : EventManager : Event: ======'playfield_active'====== Args={}
2025-06-16 08:20:00,154 : INFO : EventManager : Event: ======'unexpected_ball_on_playfield'====== Args={}
2025-06-16 08:20:00,205 : INFO : SwitchController : <<<<<<< 's_pop3' inactive >>>>>>>
2025-06-16 08:20:00,295 : INFO : SwitchController : <<<<<<< 's_pop3' active >>>>>>>
2025-06-16 08:20:00,295 : INFO : EventManager : Event: ======'playfield_active'====== Args={}
2025-06-16 08:20:00,295 : INFO : EventManager : Event: ======'unexpected_ball_on_playfield'====== Args={}
2025-06-16 08:20:00,389 : INFO : SwitchController : <<<<<<< 's_pop3' inactive >>>>>>>
2025-06-16 08:20:00,691 : INFO : SwitchController : <<<<<<< 's_pop3' active >>>>>>>
2025-06-16 08:20:00,692 : INFO : EventManager : Event: ======'playfield_active'====== Args={}
2025-06-16 08:20:00,692 : INFO : EventManager : Event: ======'unexpected_ball_on_playfield'====== Args={}
2025-06-16 08:20:00,769 : INFO : SwitchController : <<<<<<< 's_pop3' inactive >>>>>>>
2025-06-16 08:20:01,620 : INFO : SwitchController : <<<<<<< 's_pop3' active >>>>>>>
2025-06-16 08:20:01,620 : INFO : EventManager : Event: ======'playfield_active'====== Args={}
2025-06-16 08:20:01,620 : INFO : EventManager : Event: ======'unexpected_ball_on_playfield'====== Args={}
2025-06-16 08:20:01,708 : INFO : SwitchController : <<<<<<< 's_pop3' inactive >>>>>>>
2025-06-16 08:20:01,800 : INFO : SwitchController : <<<<<<< 's_pop3' active >>>>>>>
2025-06-16 08:20:01,801 : INFO : EventManager : Event: ======'playfield_active'====== Args={}
2025-06-16 08:20:01,801 : INFO : EventManager : Event: ======'unexpected_ball_on_playfield'====== Args={}
2025-06-16 08:20:01,852 : INFO : SwitchController : <<<<<<< 's_pop3' inactive >>>>>>>
2025-06-16 08:20:01,944 : INFO : SwitchController : <<<<<<< 's_pop3' active >>>>>>>
2025-06-16 08:20:01,945 : INFO : EventManager : Event: ======'playfield_active'====== Args={}
2025-06-16 08:20:01,945 : INFO : EventManager : Event: ======'unexpected_ball_on_playfield'====== Args={}
2025-06-16 08:20:01,995 : INFO : SwitchController : <<<<<<< 's_pop3' inactive >>>>>>>
2025-06-16 08:20:02,085 : INFO : SwitchController : <<<<<<< 's_pop3' active >>>>>>>
2025-06-16 08:20:02,086 : INFO : EventManager : Event: ======'playfield_active'====== Args={}
2025-06-16 08:20:02,086 : INFO : EventManager : Event: ======'unexpected_ball_on_playfield'====== Args={}
2025-06-16 08:20:02,164 : INFO : SwitchController : <<<<<<< 's_pop3' inactive >>>>>>>
2025-06-16 08:20:02,232 : INFO : SwitchController : <<<<<<< 's_pop3' active >>>>>>>
2025-06-16 08:20:02,233 : INFO : EventManager : Event: ======'playfield_active'====== Args={}
2025-06-16 08:20:02,233 : INFO : EventManager : Event: ======'unexpected_ball_on_playfield'====== Args={}
2025-06-16 08:20:02,308 : INFO : SwitchController : <<<<<<< 's_pop3' inactive >>>>>>>
2025-06-16 08:20:02,365 : INFO : SwitchController : <<<<<<< 's_pop3' active >>>>>>>
2025-06-16 08:20:02,365 : INFO : EventManager : Event: ======'playfield_active'====== Args={}
2025-06-16 08:20:02,365 : INFO : EventManager : Event: ======'unexpected_ball_on_playfield'====== Args={}
2025-06-16 08:20:02,429 : INFO : SwitchController : <<<<<<< 's_pop3' inactive >>>>>>>
2025-06-16 08:20:09,937 : INFO : SwitchController : <<<<<<< 's_pop5' active >>>>>>>
2025-06-16 08:20:09,938 : INFO : EventManager : Event: ======'playfield_active'====== Args={}
2025-06-16 08:20:09,938 : INFO : EventManager : Event: ======'unexpected_ball_on_playfield'====== Args={}
2025-06-16 08:20:09,953 : INFO : SwitchController : <<<<<<< 's_pop5' inactive >>>>>>>
2025-06-16 08:20:10,405 : INFO : SwitchController : <<<<<<< 's_pop5' active >>>>>>>
2025-06-16 08:20:10,405 : INFO : EventManager : Event: ======'playfield_active'====== Args={}
2025-06-16 08:20:10,406 : INFO : EventManager : Event: ======'unexpected_ball_on_playfield'====== Args={}
2025-06-16 08:20:10,526 : INFO : SwitchController : <<<<<<< 's_pop5' inactive >>>>>>>
2025-06-16 08:20:11,001 : INFO : SwitchController : <<<<<<< 's_pop5' active >>>>>>>
2025-06-16 08:20:11,002 : INFO : EventManager : Event: ======'playfield_active'====== Args={}
2025-06-16 08:20:11,002 : INFO : EventManager : Event: ======'unexpected_ball_on_playfield'====== Args={}
2025-06-16 08:20:11,042 : INFO : SwitchController : <<<<<<< 's_pop5' inactive >>>>>>>
2025-06-16 08:20:11,331 : INFO : SwitchController : <<<<<<< 's_pop5' active >>>>>>>
2025-06-16 08:20:11,331 : INFO : EventManager : Event: ======'playfield_active'====== Args={}
2025-06-16 08:20:11,331 : INFO : EventManager : Event: ======'unexpected_ball_on_playfield'====== Args={}
2025-06-16 08:20:11,358 : INFO : SwitchController : <<<<<<< 's_pop5' inactive >>>>>>>
2025-06-16 08:20:11,589 : INFO : SwitchController : <<<<<<< 's_pop5' active >>>>>>>
2025-06-16 08:20:11,590 : INFO : EventManager : Event: ======'playfield_active'====== Args={}
2025-06-16 08:20:11,590 : INFO : EventManager : Event: ======'unexpected_ball_on_playfield'====== Args={}
2025-06-16 08:20:11,656 : INFO : SwitchController : <<<<<<< 's_pop5' inactive >>>>>>>
2025-06-16 08:20:12,093 : INFO : SwitchController : <<<<<<< 's_pop5' active >>>>>>>
2025-06-16 08:20:12,093 : INFO : EventManager : Event: ======'playfield_active'====== Args={}
2025-06-16 08:20:12,094 : INFO : EventManager : Event: ======'unexpected_ball_on_playfield'====== Args={}
2025-06-16 08:20:12,139 : INFO : SwitchController : <<<<<<< 's_pop5' inactive >>>>>>>
2025-06-16 08:20:12,662 : INFO : SwitchController : <<<<<<< 's_pop5' active >>>>>>>
2025-06-16 08:20:12,662 : INFO : EventManager : Event: ======'playfield_active'====== Args={}
2025-06-16 08:20:12,662 : INFO : EventManager : Event: ======'unexpected_ball_on_playfield'====== Args={}
2025-06-16 08:20:12,675 : INFO : SwitchController : <<<<<<< 's_pop5' inactive >>>>>>>
2025-06-16 08:20:17,239 : INFO : SwitchController : <<<<<<< 's_pop4' active >>>>>>>
2025-06-16 08:20:17,239 : INFO : EventManager : Event: ======'playfield_active'====== Args={}
2025-06-16 08:20:17,239 : INFO : EventManager : Event: ======'unexpected_ball_on_playfield'====== Args={}
2025-06-16 08:20:17,260 : INFO : SwitchController : <<<<<<< 's_pop4' inactive >>>>>>>
2025-06-16 08:20:17,393 : INFO : SwitchController : <<<<<<< 's_pop4' active >>>>>>>
2025-06-16 08:20:17,393 : INFO : EventManager : Event: ======'playfield_active'====== Args={}
2025-06-16 08:20:17,394 : INFO : EventManager : Event: ======'unexpected_ball_on_playfield'====== Args={}
2025-06-16 08:20:17,470 : INFO : SwitchController : <<<<<<< 's_pop4' inactive >>>>>>>
2025-06-16 08:20:17,547 : INFO : SwitchController : <<<<<<< 's_pop4' active >>>>>>>
2025-06-16 08:20:17,547 : INFO : EventManager : Event: ======'playfield_active'====== Args={}
2025-06-16 08:20:17,547 : INFO : EventManager : Event: ======'unexpected_ball_on_playfield'====== Args={}
2025-06-16 08:20:17,609 : INFO : SwitchController : <<<<<<< 's_pop4' inactive >>>>>>>
2025-06-16 08:20:17,670 : INFO : SwitchController : <<<<<<< 's_pop4' active >>>>>>>
2025-06-16 08:20:17,671 : INFO : EventManager : Event: ======'playfield_active'====== Args={}
2025-06-16 08:20:17,671 : INFO : EventManager : Event: ======'unexpected_ball_on_playfield'====== Args={}
2025-06-16 08:20:17,739 : INFO : SwitchController : <<<<<<< 's_pop4' inactive >>>>>>>
2025-06-16 08:20:17,846 : INFO : SwitchController : <<<<<<< 's_pop4' active >>>>>>>
2025-06-16 08:20:17,846 : INFO : EventManager : Event: ======'playfield_active'====== Args={}
2025-06-16 08:20:17,846 : INFO : EventManager : Event: ======'unexpected_ball_on_playfield'====== Args={}
2025-06-16 08:20:17,878 : INFO : SwitchController : <<<<<<< 's_pop4' inactive >>>>>>>
2025-06-16 08:20:17,972 : INFO : SwitchController : <<<<<<< 's_pop4' active >>>>>>>
2025-06-16 08:20:17,972 : INFO : EventManager : Event: ======'playfield_active'====== Args={}
2025-06-16 08:20:17,972 : INFO : EventManager : Event: ======'unexpected_ball_on_playfield'====== Args={}
2025-06-16 08:20:18,033 : INFO : SwitchController : <<<<<<< 's_pop4' inactive >>>>>>>
2025-06-16 08:20:18,126 : INFO : SwitchController : <<<<<<< 's_pop4' active >>>>>>>
2025-06-16 08:20:18,127 : INFO : EventManager : Event: ======'playfield_active'====== Args={}
2025-06-16 08:20:18,127 : INFO : EventManager : Event: ======'unexpected_ball_on_playfield'====== Args={}
2025-06-16 08:20:18,134 : INFO : SwitchController : <<<<<<< 's_pop4' inactive >>>>>>>
2025-06-16 08:20:18,254 : INFO : SwitchController : <<<<<<< 's_pop4' active >>>>>>>
2025-06-16 08:20:18,254 : INFO : EventManager : Event: ======'playfield_active'====== Args={}
2025-06-16 08:20:18,254 : INFO : EventManager : Event: ======'unexpected_ball_on_playfield'====== Args={}
2025-06-16 08:20:18,297 : INFO : SwitchController : <<<<<<< 's_pop4' inactive >>>>>>>
2025-06-16 08:20:18,406 : INFO : SwitchController : <<<<<<< 's_pop4' active >>>>>>>
2025-06-16 08:20:18,407 : INFO : EventManager : Event: ======'playfield_active'====== Args={}
2025-06-16 08:20:18,407 : INFO : EventManager : Event: ======'unexpected_ball_on_playfield'====== Args={}
2025-06-16 08:20:18,428 : INFO : SwitchController : <<<<<<< 's_pop4' inactive >>>>>>>
2025-06-16 08:20:18,545 : INFO : SwitchController : <<<<<<< 's_pop4' active >>>>>>>
2025-06-16 08:20:18,546 : INFO : EventManager : Event: ======'playfield_active'====== Args={}
2025-06-16 08:20:18,546 : INFO : EventManager : Event: ======'unexpected_ball_on_playfield'====== Args={}
2025-06-16 08:20:18,552 : INFO : SwitchController : <<<<<<< 's_pop4' inactive >>>>>>>
2025-06-16 08:20:18,670 : INFO : SwitchController : <<<<<<< 's_pop4' active >>>>>>>
2025-06-16 08:20:18,670 : INFO : EventManager : Event: ======'playfield_active'====== Args={}
2025-06-16 08:20:18,670 : INFO : EventManager : Event: ======'unexpected_ball_on_playfield'====== Args={}
2025-06-16 08:20:18,702 : INFO : SwitchController : <<<<<<< 's_pop4' inactive >>>>>>>
2025-06-16 08:20:18,811 : INFO : SwitchController : <<<<<<< 's_pop4' active >>>>>>>
2025-06-16 08:20:18,811 : INFO : EventManager : Event: ======'playfield_active'====== Args={}
2025-06-16 08:20:18,812 : INFO : EventManager : Event: ======'unexpected_ball_on_playfield'====== Args={}
2025-06-16 08:20:18,843 : INFO : SwitchController : <<<<<<< 's_pop4' inactive >>>>>>>
2025-06-16 08:20:18,951 : INFO : SwitchController : <<<<<<< 's_pop4' active >>>>>>>
2025-06-16 08:20:18,951 : INFO : EventManager : Event: ======'playfield_active'====== Args={}
2025-06-16 08:20:18,952 : INFO : EventManager : Event: ======'unexpected_ball_on_playfield'====== Args={}
2025-06-16 08:20:18,997 : INFO : SwitchController : <<<<<<< 's_pop4' inactive >>>>>>>
2025-06-16 08:20:19,090 : INFO : SwitchController : <<<<<<< 's_pop4' active >>>>>>>
2025-06-16 08:20:19,090 : INFO : EventManager : Event: ======'playfield_active'====== Args={}
2025-06-16 08:20:19,090 : INFO : EventManager : Event: ======'unexpected_ball_on_playfield'====== Args={}
2025-06-16 08:20:19,137 : INFO : SwitchController : <<<<<<< 's_pop4' inactive >>>>>>>
2025-06-16 08:20:21,024 : INFO : SwitchController : <<<<<<< 's_pop3' active >>>>>>>
2025-06-16 08:20:21,024 : INFO : EventManager : Event: ======'playfield_active'====== Args={}
2025-06-16 08:20:21,025 : INFO : EventManager : Event: ======'unexpected_ball_on_playfield'====== Args={}
2025-06-16 08:20:21,108 : INFO : SwitchController : <<<<<<< 's_pop3' inactive >>>>>>>
2025-06-16 08:20:21,240 : INFO : SwitchController : <<<<<<< 's_pop3' active >>>>>>>
2025-06-16 08:20:21,241 : INFO : EventManager : Event: ======'playfield_active'====== Args={}
2025-06-16 08:20:21,241 : INFO : EventManager : Event: ======'unexpected_ball_on_playfield'====== Args={}
2025-06-16 08:20:21,352 : INFO : SwitchController : <<<<<<< 's_pop3' inactive >>>>>>>
2025-06-16 08:20:21,431 : INFO : SwitchController : <<<<<<< 's_pop3' active >>>>>>>
2025-06-16 08:20:21,432 : INFO : EventManager : Event: ======'playfield_active'====== Args={}
2025-06-16 08:20:21,432 : INFO : EventManager : Event: ======'unexpected_ball_on_playfield'====== Args={}
2025-06-16 08:20:21,526 : INFO : SwitchController : <<<<<<< 's_pop3' inactive >>>>>>>
2025-06-16 08:20:21,597 : INFO : SwitchController : <<<<<<< 's_pop3' active >>>>>>>
2025-06-16 08:20:21,598 : INFO : EventManager : Event: ======'playfield_active'====== Args={}
2025-06-16 08:20:21,598 : INFO : EventManager : Event: ======'unexpected_ball_on_playfield'====== Args={}
2025-06-16 08:20:21,714 : INFO : SwitchController : <<<<<<< 's_pop3' inactive >>>>>>>
2025-06-16 08:20:21,778 : INFO : SwitchController : <<<<<<< 's_pop3' active >>>>>>>
2025-06-16 08:20:21,778 : INFO : EventManager : Event: ======'playfield_active'====== Args={}
2025-06-16 08:20:21,779 : INFO : EventManager : Event: ======'unexpected_ball_on_playfield'====== Args={}
2025-06-16 08:20:21,869 : INFO : SwitchController : <<<<<<< 's_pop3' inactive >>>>>>>
2025-06-16 08:20:23,402 : INFO : SwitchController : <<<<<<< 's_pop2' active >>>>>>>
2025-06-16 08:20:23,402 : INFO : EventManager : Event: ======'playfield_active'====== Args={}
2025-06-16 08:20:23,403 : INFO : EventManager : Event: ======'unexpected_ball_on_playfield'====== Args={}
2025-06-16 08:20:23,543 : INFO : SwitchController : <<<<<<< 's_pop2' inactive >>>>>>>
2025-06-16 08:20:23,621 : INFO : SwitchController : <<<<<<< 's_pop2' active >>>>>>>
2025-06-16 08:20:23,621 : INFO : EventManager : Event: ======'playfield_active'====== Args={}
2025-06-16 08:20:23,621 : INFO : EventManager : Event: ======'unexpected_ball_on_playfield'====== Args={}
2025-06-16 08:20:23,741 : INFO : SwitchController : <<<<<<< 's_pop2' inactive >>>>>>>
2025-06-16 08:20:23,824 : INFO : SwitchController : <<<<<<< 's_pop2' active >>>>>>>
2025-06-16 08:20:23,825 : INFO : EventManager : Event: ======'playfield_active'====== Args={}
2025-06-16 08:20:23,825 : INFO : EventManager : Event: ======'unexpected_ball_on_playfield'====== Args={}
2025-06-16 08:20:23,903 : INFO : SwitchController : <<<<<<< 's_pop2' inactive >>>>>>>
2025-06-16 08:20:23,972 : INFO : SwitchController : <<<<<<< 's_pop2' active >>>>>>>
2025-06-16 08:20:23,973 : INFO : EventManager : Event: ======'playfield_active'====== Args={}
2025-06-16 08:20:23,973 : INFO : EventManager : Event: ======'unexpected_ball_on_playfield'====== Args={}
2025-06-16 08:20:24,075 : INFO : SwitchController : <<<<<<< 's_pop2' inactive >>>>>>>
2025-06-16 08:20:24,152 : INFO : SwitchController : <<<<<<< 's_pop2' active >>>>>>>
2025-06-16 08:20:24,152 : INFO : EventManager : Event: ======'playfield_active'====== Args={}
2025-06-16 08:20:24,153 : INFO : EventManager : Event: ======'unexpected_ball_on_playfield'====== Args={}
2025-06-16 08:20:24,276 : INFO : SwitchController : <<<<<<< 's_pop2' inactive >>>>>>>
2025-06-16 08:20:24,338 : INFO : SwitchController : <<<<<<< 's_pop2' active >>>>>>>
2025-06-16 08:20:24,339 : INFO : EventManager : Event: ======'playfield_active'====== Args={}
2025-06-16 08:20:24,339 : INFO : EventManager : Event: ======'unexpected_ball_on_playfield'====== Args={}
2025-06-16 08:20:24,432 : INFO : SwitchController : <<<<<<< 's_pop2' inactive >>>>>>>
2025-06-16 08:20:24,510 : INFO : SwitchController : <<<<<<< 's_pop2' active >>>>>>>
2025-06-16 08:20:24,510 : INFO : EventManager : Event: ======'playfield_active'====== Args={}
2025-06-16 08:20:24,510 : INFO : EventManager : Event: ======'unexpected_ball_on_playfield'====== Args={}
2025-06-16 08:20:24,620 : INFO : SwitchController : <<<<<<< 's_pop2' inactive >>>>>>>
2025-06-16 08:20:24,656 : INFO : SwitchController : <<<<<<< 's_pop2' active >>>>>>>
2025-06-16 08:20:24,656 : INFO : EventManager : Event: ======'playfield_active'====== Args={}
2025-06-16 08:20:24,657 : INFO : EventManager : Event: ======'unexpected_ball_on_playfield'====== Args={}
2025-06-16 08:20:24,771 : INFO : SwitchController : <<<<<<< 's_pop2' inactive >>>>>>>
2025-06-16 08:20:24,805 : INFO : SwitchController : <<<<<<< 's_pop2' active >>>>>>>
2025-06-16 08:20:24,805 : INFO : EventManager : Event: ======'playfield_active'====== Args={}
2025-06-16 08:20:24,805 : INFO : EventManager : Event: ======'unexpected_ball_on_playfield'====== Args={}
2025-06-16 08:20:24,919 : INFO : SwitchController : <<<<<<< 's_pop2' inactive >>>>>>>
2025-06-16 08:20:25,592 : INFO : SwitchController : <<<<<<< 's_pop1' active >>>>>>>
2025-06-16 08:20:25,593 : INFO : EventManager : Event: ======'playfield_active'====== Args={}
2025-06-16 08:20:25,593 : INFO : EventManager : Event: ======'unexpected_ball_on_playfield'====== Args={}
2025-06-16 08:20:25,641 : INFO : SwitchController : <<<<<<< 's_pop1' inactive >>>>>>>
2025-06-16 08:20:26,150 : INFO : SwitchController : <<<<<<< 's_pop1' active >>>>>>>
2025-06-16 08:20:26,151 : INFO : EventManager : Event: ======'playfield_active'====== Args={}
2025-06-16 08:20:26,151 : INFO : EventManager : Event: ======'unexpected_ball_on_playfield'====== Args={}
2025-06-16 08:20:26,237 : INFO : SwitchController : <<<<<<< 's_pop1' inactive >>>>>>>
2025-06-16 08:20:26,661 : INFO : SwitchController : <<<<<<< 's_pop5' active >>>>>>>
2025-06-16 08:20:26,662 : INFO : EventManager : Event: ======'playfield_active'====== Args={}
2025-06-16 08:20:26,662 : INFO : EventManager : Event: ======'unexpected_ball_on_playfield'====== Args={}
2025-06-16 08:20:26,768 : INFO : SwitchController : <<<<<<< 's_pop5' inactive >>>>>>>
2025-06-16 08:20:27,832 : INFO : SwitchController : <<<<<<< 's_pop3' active >>>>>>>
2025-06-16 08:20:27,832 : INFO : EventManager : Event: ======'playfield_active'====== Args={}
2025-06-16 08:20:27,832 : INFO : EventManager : Event: ======'unexpected_ball_on_playfield'====== Args={}
2025-06-16 08:20:27,962 : INFO : SwitchController : <<<<<<< 's_pop3' inactive >>>>>>>
2025-06-16 08:20:28,025 : INFO : SwitchController : <<<<<<< 's_pop3' active >>>>>>>
2025-06-16 08:20:28,026 : INFO : EventManager : Event: ======'playfield_active'====== Args={}
2025-06-16 08:20:28,026 : INFO : EventManager : Event: ======'unexpected_ball_on_playfield'====== Args={}
2025-06-16 08:20:28,123 : INFO : SwitchController : <<<<<<< 's_pop3' inactive >>>>>>>
2025-06-16 08:20:28,149 : INFO : SwitchController : <<<<<<< 's_pop3' active >>>>>>>
2025-06-16 08:20:28,150 : INFO : EventManager : Event: ======'playfield_active'====== Args={}
2025-06-16 08:20:28,150 : INFO : EventManager : Event: ======'unexpected_ball_on_playfield'====== Args={}
2025-06-16 08:20:28,257 : INFO : SwitchController : <<<<<<< 's_pop3' inactive >>>>>>>
2025-06-16 08:20:28,833 : INFO : SwitchController : <<<<<<< 's_pop4' active >>>>>>>
2025-06-16 08:20:28,833 : INFO : EventManager : Event: ======'playfield_active'====== Args={}
2025-06-16 08:20:28,834 : INFO : EventManager : Event: ======'unexpected_ball_on_playfield'====== Args={}
2025-06-16 08:20:28,974 : INFO : SwitchController : <<<<<<< 's_pop4' inactive >>>>>>>
2025-06-16 08:20:29,017 : INFO : SwitchController : <<<<<<< 's_pop4' active >>>>>>>
2025-06-16 08:20:29,018 : INFO : EventManager : Event: ======'playfield_active'====== Args={}
2025-06-16 08:20:29,018 : INFO : EventManager : Event: ======'unexpected_ball_on_playfield'====== Args={}
2025-06-16 08:20:29,117 : INFO : SwitchController : <<<<<<< 's_pop4' inactive >>>>>>>
2025-06-16 08:20:29,178 : INFO : SwitchController : <<<<<<< 's_pop4' active >>>>>>>
2025-06-16 08:20:29,179 : INFO : EventManager : Event: ======'playfield_active'====== Args={}
2025-06-16 08:20:29,179 : INFO : EventManager : Event: ======'unexpected_ball_on_playfield'====== Args={}
2025-06-16 08:20:29,236 : INFO : SwitchController : <<<<<<< 's_pop4' inactive >>>>>>>
2025-06-16 08:20:29,901 : INFO : SwitchController : <<<<<<< 's_pop2' active >>>>>>>
2025-06-16 08:20:29,902 : INFO : EventManager : Event: ======'playfield_active'====== Args={}
2025-06-16 08:20:29,902 : INFO : EventManager : Event: ======'unexpected_ball_on_playfield'====== Args={}
2025-06-16 08:20:29,994 : INFO : SwitchController : <<<<<<< 's_pop2' inactive >>>>>>>
2025-06-16 08:20:30,057 : INFO : SwitchController : <<<<<<< 's_pop2' active >>>>>>>
2025-06-16 08:20:30,057 : INFO : EventManager : Event: ======'playfield_active'====== Args={}
2025-06-16 08:20:30,057 : INFO : EventManager : Event: ======'unexpected_ball_on_playfield'====== Args={}
2025-06-16 08:20:30,154 : INFO : SwitchController : <<<<<<< 's_pop2' inactive >>>>>>>
2025-06-16 08:20:30,197 : INFO : SwitchController : <<<<<<< 's_pop2' active >>>>>>>
2025-06-16 08:20:30,197 : INFO : EventManager : Event: ======'playfield_active'====== Args={}
2025-06-16 08:20:30,197 : INFO : EventManager : Event: ======'unexpected_ball_on_playfield'====== Args={}
2025-06-16 08:20:30,307 : INFO : SwitchController : <<<<<<< 's_pop2' inactive >>>>>>>
2025-06-16 08:20:30,354 : INFO : SwitchController : <<<<<<< 's_pop2' active >>>>>>>
2025-06-16 08:20:30,355 : INFO : EventManager : Event: ======'playfield_active'====== Args={}
2025-06-16 08:20:30,355 : INFO : EventManager : Event: ======'unexpected_ball_on_playfield'====== Args={}
2025-06-16 08:20:30,462 : INFO : SwitchController : <<<<<<< 's_pop2' inactive >>>>>>>
2025-06-16 08:20:32,300 : INFO : SwitchController : <<<<<<< 's_pop3' active >>>>>>>
2025-06-16 08:20:32,301 : INFO : EventManager : Event: ======'playfield_active'====== Args={}
2025-06-16 08:20:32,301 : INFO : EventManager : Event: ======'unexpected_ball_on_playfield'====== Args={}
2025-06-16 08:20:32,363 : INFO : SwitchController : <<<<<<< 's_pop3' inactive >>>>>>>
2025-06-16 08:20:32,454 : INFO : SwitchController : <<<<<<< 's_pop3' active >>>>>>>
2025-06-16 08:20:32,455 : INFO : EventManager : Event: ======'playfield_active'====== Args={}
2025-06-16 08:20:32,455 : INFO : EventManager : Event: ======'unexpected_ball_on_playfield'====== Args={}
2025-06-16 08:20:32,550 : INFO : SwitchController : <<<<<<< 's_pop3' inactive >>>>>>>
2025-06-16 08:20:32,625 : INFO : SwitchController : <<<<<<< 's_pop3' active >>>>>>>
2025-06-16 08:20:32,626 : INFO : EventManager : Event: ======'playfield_active'====== Args={}
2025-06-16 08:20:32,626 : INFO : EventManager : Event: ======'unexpected_ball_on_playfield'====== Args={}
2025-06-16 08:20:32,704 : INFO : SwitchController : <<<<<<< 's_pop3' inactive >>>>>>>
2025-06-16 08:20:32,735 : INFO : SwitchController : <<<<<<< 's_pop3' active >>>>>>>
2025-06-16 08:20:32,735 : INFO : EventManager : Event: ======'playfield_active'====== Args={}
2025-06-16 08:20:32,735 : INFO : EventManager : Event: ======'unexpected_ball_on_playfield'====== Args={}
2025-06-16 08:20:32,846 : INFO : SwitchController : <<<<<<< 's_pop3' inactive >>>>>>>
2025-06-16 08:20:32,893 : INFO : SwitchController : <<<<<<< 's_pop3' active >>>>>>>
2025-06-16 08:20:32,894 : INFO : EventManager : Event: ======'playfield_active'====== Args={}
2025-06-16 08:20:32,894 : INFO : EventManager : Event: ======'unexpected_ball_on_playfield'====== Args={}
2025-06-16 08:20:32,988 : INFO : SwitchController : <<<<<<< 's_pop3' inactive >>>>>>>
2025-06-16 08:20:33,019 : INFO : SwitchController : <<<<<<< 's_pop3' active >>>>>>>
2025-06-16 08:20:33,020 : INFO : EventManager : Event: ======'playfield_active'====== Args={}
2025-06-16 08:20:33,020 : INFO : EventManager : Event: ======'unexpected_ball_on_playfield'====== Args={}
2025-06-16 08:20:33,129 : INFO : SwitchController : <<<<<<< 's_pop3' inactive >>>>>>>
2025-06-16 08:20:53,708 : INFO : Machine : Shutting down...
2025-06-16 08:20:53,708 : INFO : EventManager : Event: ======'shutdown'====== Args={}
2025-06-16 08:20:53,714 : ERROR : OPP : Stop called on serial connection com3
2025-06-16 08:20:53,744 : ERROR : OPP : Stop called on serial connection com4
2025-06-16 08:20:53,745 : ERROR : asyncio : Exception in callback Util.raise_exceptions(<Task finishe...ection lost')>) at C:\Users\ruben\.local\pipx\venvs\mpf\lib\site-packages\mpf\core\utility_functions.py:759
handle: <Handle Util.raise_exceptions(<Task finishe...ection lost')>) at C:\Users\ruben\.local\pipx\venvs\mpf\lib\site-packages\mpf\core\utility_functions.py:759>
Traceback (most recent call last):
  File "C:\Users\ruben\AppData\Local\Programs\Python\Python39\lib\asyncio\events.py", line 80, in _run
    self._context.run(self._callback, *self._args)
  File "C:\Users\ruben\.local\pipx\venvs\mpf\lib\site-packages\mpf\core\utility_functions.py", line 767, in raise_exceptions
    future.result()
  File "C:\Users\ruben\.local\pipx\venvs\mpf\lib\site-packages\mpf\platforms\opp\opp.py", line 965, in _poll_sender
    await self.opp_connection[chain_serial].writer.drain()
  File "C:\Users\ruben\AppData\Local\Programs\Python\Python39\lib\asyncio\streams.py", line 387, in drain
    await self._protocol._drain_helper()
  File "C:\Users\ruben\AppData\Local\Programs\Python\Python39\lib\asyncio\streams.py", line 190, in _drain_helper
    raise ConnectionResetError('Connection lost')
ConnectionResetError: Connection lost
2025-06-16 08:20:54,007 : WARNING : OPP : Poll took more than 250.0ms for 0
2025-06-16 08:20:54,007 : ERROR : asyncio : Exception in callback Util.raise_exceptions(<Task finishe...ute 'write'")>) at C:\Users\ruben\.local\pipx\venvs\mpf\lib\site-packages\mpf\core\utility_functions.py:759
handle: <Handle Util.raise_exceptions(<Task finishe...ute 'write'")>) at C:\Users\ruben\.local\pipx\venvs\mpf\lib\site-packages\mpf\core\utility_functions.py:759>
Traceback (most recent call last):
  File "C:\Users\ruben\AppData\Local\Programs\Python\Python39\lib\asyncio\events.py", line 80, in _run
    self._context.run(self._callback, *self._args)
  File "C:\Users\ruben\.local\pipx\venvs\mpf\lib\site-packages\mpf\core\utility_functions.py", line 767, in raise_exceptions
    future.result()
  File "C:\Users\ruben\.local\pipx\venvs\mpf\lib\site-packages\mpf\platforms\opp\opp.py", line 964, in _poll_sender
    self.send_to_processor(chain_serial, self.read_input_msg[chain_serial])
  File "C:\Users\ruben\.local\pipx\venvs\mpf\lib\site-packages\mpf\platforms\opp\opp.py", line 345, in send_to_processor
    self.opp_connection[chain_serial].send(msg)
  File "C:\Users\ruben\.local\pipx\venvs\mpf\lib\site-packages\mpf\platforms\base_serial_communicator.py", line 160, in send
    self.writer.write(msg)
AttributeError: 'NoneType' object has no attribute 'write'
2025-06-16 08:20:54,010 : INFO : root : MPF run loop ended.
