2025-07-06 00:16:35,583 : INFO : root : Loading config.
2025-07-06 00:16:35,584 : INFO : YamlMultifileConfigLoader : Machine config file #1: config.yaml
2025-07-06 00:16:35,584 : INFO : ConfigProcessor : Loading config from cache: /var/folders/9g/7xjb17l959g1fnq4pjl5c5p80000gn/T/1941ac2cbc7f60a15b77e866ee64bff5.mpf_cache
2025-07-06 00:16:35,585 : WARNING : ConfigProcessor : Config file in cache changed: /Users/ruben/Pinball/mpf-pinball/config/sounds.yaml
2025-07-06 00:16:35,585 : INFO : ConfigProcessor : Loading config from file /Library/Frameworks/Python.framework/Versions/3.9/lib/python3.9/site-packages/mpf/mpfconfig.yaml.
2025-07-06 00:16:35,591 : INFO : ConfigProcessor : Loading config: /Library/Frameworks/Python.framework/Versions/3.9/lib/python3.9/site-packages/mpf/mpfconfig.yaml
2025-07-06 00:16:35,591 : INFO : ConfigProcessor : Loading config from file /Users/ruben/Pinball/mpf-pinball/config/config.yaml.
2025-07-06 00:16:35,592 : INFO : ConfigProcessor : Loading config: /Users/ruben/Pinball/mpf-pinball/config/config.yaml
2025-07-06 00:16:35,592 : INFO : ConfigProcessor : Loading config: /Users/ruben/Pinball/mpf-pinball/config/hardware.yaml
2025-07-06 00:16:35,593 : INFO : ConfigProcessor : Loading config: /Users/ruben/Pinball/mpf-pinball/config/switches.yaml
2025-07-06 00:16:35,594 : INFO : ConfigProcessor : Loading config: /Users/ruben/Pinball/mpf-pinball/config/coils.yaml
2025-07-06 00:16:35,596 : INFO : ConfigProcessor : Loading config: /Users/ruben/Pinball/mpf-pinball/config/lights.yaml
2025-07-06 00:16:35,597 : INFO : ConfigProcessor : Loading config: /Users/ruben/Pinball/mpf-pinball/config/devices.yaml
2025-07-06 00:16:35,597 : INFO : ConfigProcessor : Loading config: /Users/ruben/Pinball/mpf-pinball/config/images.yaml
2025-07-06 00:16:35,598 : INFO : ConfigProcessor : Loading config: /Users/ruben/Pinball/mpf-pinball/config/displays.yaml
2025-07-06 00:16:35,599 : INFO : ConfigProcessor : Loading config: /Users/ruben/Pinball/mpf-pinball/config/slides.yaml
2025-07-06 00:16:35,599 : INFO : ConfigProcessor : Loading config: /Users/ruben/Pinball/mpf-pinball/config/sounds.yaml
2025-07-06 00:16:43,634 : ERROR : root : Shutdown because of SIGINT or keyboard interrupt.
Traceback (most recent call last):
  File "/Library/Frameworks/Python.framework/Versions/3.9/lib/python3.9/site-packages/mpf/commands/game.py", line 231, in __init__
    config = config_loader.load_mpf_config()
  File "/Library/Frameworks/Python.framework/Versions/3.9/lib/python3.9/site-packages/mpf/core/config_loader.py", line 164, in load_mpf_config
    machine_config = self._load_mpf_machine_config(config_spec)
  File "/Library/Frameworks/Python.framework/Versions/3.9/lib/python3.9/site-packages/mpf/core/config_loader.py", line 188, in _load_mpf_machine_config
    return self.config_processor.load_config_files_with_cache(config_files, "machine", config_spec=config_spec)
  File "/Library/Frameworks/Python.framework/Versions/3.9/lib/python3.9/site-packages/mpf/core/config_processor.py", line 118, in load_config_files_with_cache
    file_config, file_subfiles = self._load_config_file_and_return_loaded_files(configfile, config_type,
  File "/Library/Frameworks/Python.framework/Versions/3.9/lib/python3.9/site-packages/mpf/core/config_processor.py", line 195, in _load_config_file_and_return_loaded_files
    subconfig, subsubfiles = self._load_config_file_and_return_loaded_files(full_file, config_type,
  File "/Library/Frameworks/Python.framework/Versions/3.9/lib/python3.9/site-packages/mpf/core/config_processor.py", line 186, in _load_config_file_and_return_loaded_files
    self._check_sections(config_spec, config, config_type, filename, ignore_unknown_sections)
  File "/Library/Frameworks/Python.framework/Versions/3.9/lib/python3.9/site-packages/mpf/core/config_processor.py", line 163, in _check_sections
    raise ConfigFileError('Found a "{}:" section in config file {}, '
mpf.exceptions.config_file_error.ConfigFileError: Config File Error in ConfigProcessor: Found a "playlist:" section in config file /Users/ruben/Pinball/mpf-pinball/config/sounds.yaml, but that section name is unknown. Did you mean "playlists:" instead?. Context: /Users/ruben/Pinball/mpf-pinball/config/sounds.yaml Error Code: CFE-ConfigProcessor-3 (https://missionpinball.org/logs)
