2025-06-29 19:39:37,720 : kivy : Kivy: v2.2.1
2025-06-29 19:39:37,720 : kivy : Kivy: Installed at "/Library/Frameworks/Python.framework/Versions/3.9/lib/python3.9/site-packages/kivy/__init__.py"
2025-06-29 19:39:37,720 : kivy : Python: v3.9.13 (v3.9.13:6de2ca5339, May 17 2022, 11:37:23) 
[Clang 13.0.0 (clang-1300.0.29.30)]
2025-06-29 19:39:37,720 : kivy : Python: Interpreter at "/Library/Frameworks/Python.framework/Versions/3.9/bin/python3.9"
2025-06-29 19:39:37,728 : kivy : Factory: 190 symbols loaded
2025-06-29 19:39:37,827 : kivy : ImageLoaderFFPy: Using ffpyplayer 4.5.1
2025-06-29 19:39:37,827 : kivy : Image: Providers: img_tex, img_imageio, img_dds, img_sdl2, img_pil, img_ffpyplayer 
2025-06-29 19:39:37,927 : kivy : VideoFFPy: Using ffpyplayer 4.5.1
2025-06-29 19:39:37,927 : kivy : Video: Provider: ffpyplayer(['video_ffmpeg'] ignored)
2025-06-29 19:39:37,954 : root : Loading MPF-MC controller
2025-06-29 19:39:37,962 : YamlMultifileConfigLoader : Machine config file #1: config
2025-06-29 19:39:37,962 : ConfigProcessor : Config file in cache changed: /Users/ruben/Pinball/mpf-pinball/config/config
2025-06-29 19:39:37,962 : ConfigProcessor : Loading config from file /Library/Frameworks/Python.framework/Versions/3.9/lib/python3.9/site-packages/mpfmc/mcconfig.yaml.
2025-06-29 19:39:37,966 : ConfigProcessor : Loading config: /Library/Frameworks/Python.framework/Versions/3.9/lib/python3.9/site-packages/mpfmc/mcconfig.yaml
2025-06-29 19:39:37,966 : ConfigProcessor : Loading config from file /Users/ruben/Pinball/mpf-pinball/config/config.
2025-06-29 19:39:37,967 : ConfigProcessor : Loading config: /Users/ruben/Pinball/mpf-pinball/config/config
2025-06-29 19:39:37,967 : ConfigProcessor : Loading config: /Users/ruben/Pinball/mpf-pinball/config/hardware.yaml
2025-06-29 19:39:37,968 : ConfigProcessor : Loading config: /Users/ruben/Pinball/mpf-pinball/config/switches.yaml
2025-06-29 19:39:37,968 : ConfigProcessor : Loading config: /Users/ruben/Pinball/mpf-pinball/config/coils.yaml
2025-06-29 19:39:37,970 : ConfigProcessor : Loading config: /Users/ruben/Pinball/mpf-pinball/config/lights.yaml
2025-06-29 19:39:37,971 : ConfigProcessor : Loading config: /Users/ruben/Pinball/mpf-pinball/config/devices.yaml
2025-06-29 19:39:37,971 : ConfigProcessor : Loading config: /Users/ruben/Pinball/mpf-pinball/config/images.yaml
2025-06-29 19:39:37,972 : ConfigProcessor : Loading config: /Users/ruben/Pinball/mpf-pinball/config/displays.yaml
2025-06-29 19:39:37,972 : ConfigProcessor : Loading config: /Users/ruben/Pinball/mpf-pinball/config/slides.yaml
2025-06-29 19:39:37,973 : ConfigProcessor : Config file cache created: /var/folders/9g/7xjb17l959g1fnq4pjl5c5p80000gn/T/195f11bb22def72033a5ba91cfdec8f0.mpf_cache
2025-06-29 19:39:37,973 : ConfigProcessor : Loading config from cache: /var/folders/9g/7xjb17l959g1fnq4pjl5c5p80000gn/T/f574f59b1e0fcbb2258348220f26b9cc.mpf_cache
2025-06-29 19:39:37,973 : ConfigProcessor : Loading config from cache: /var/folders/9g/7xjb17l959g1fnq4pjl5c5p80000gn/T/edcc5f1d3215b377c9faab88c62e4ce0.mpf_cache
2025-06-29 19:39:37,973 : ConfigProcessor : Loading config from cache: /var/folders/9g/7xjb17l959g1fnq4pjl5c5p80000gn/T/174d451d321a0971202b746018364536.mpf_cache
2025-06-29 19:39:37,973 : ConfigProcessor : Loading config from cache: /var/folders/9g/7xjb17l959g1fnq4pjl5c5p80000gn/T/f574f59b1e0fcbb2258348220f26b9cc.mpf_cache
2025-06-29 19:39:37,974 : mpfmc : Mission Pinball Framework Media Controller (MPF-MC) v0.57.1. Requires MPF v0.57.0 or newer.
2025-06-29 19:39:37,974 : mpfmc : Found MPF v0.57.3
2025-06-29 19:39:37,974 : mpfmc : Machine path: /Users/ruben/Pinball/mpf-pinball
2025-06-29 19:39:37,974 : mpfmc : Starting clock at 60.0Hz
2025-06-29 19:39:37,981 : kivy : Text: Provider: sdl2
2025-06-29 19:39:37,996 : kivy : Window: Provider: sdl2
2025-06-29 19:39:38,147 : kivy : GL: Using the "OpenGL ES 2" graphics system
2025-06-29 19:39:38,147 : kivy : GL: Backend used <sdl2>
2025-06-29 19:39:38,147 : kivy : GL: OpenGL version <b'2.1 Metal - 89.4'>
2025-06-29 19:39:38,147 : kivy : GL: OpenGL vendor <b'Apple'>
2025-06-29 19:39:38,147 : kivy : GL: OpenGL renderer <b'Apple M1 Pro'>
2025-06-29 19:39:38,147 : kivy : GL: OpenGL parsed version: 2, 1
2025-06-29 19:39:38,147 : kivy : GL: Shading version <b'1.20'>
2025-06-29 19:39:38,147 : kivy : GL: Texture max size <16384>
2025-06-29 19:39:38,147 : kivy : GL: Texture max units <16>
2025-06-29 19:39:38,159 : kivy : Window: auto add sdl2 input provider
2025-06-29 19:39:38,160 : kivy : Window: virtual keyboard not allowed, single mode, not docked
2025-06-29 19:39:38,161 : SoundSystem : SoundSystem: Using default 'sound_system' settings
2025-06-29 19:39:38,293 : AudioInterface : Initialized
2025-06-29 19:39:38,293 : AudioInterface : Loaded SDL 2.32.8
2025-06-29 19:39:38,293 : AudioInterface : Loaded SDL_Mixer 2.8.1
2025-06-29 19:39:38,293 : AudioInterface : Loaded GStreamer 1.26.2.0
2025-06-29 19:39:38,293 : AudioInterface : Loaded GLib 2.84.2
2025-06-29 19:39:38,293 : AudioInterface : Settings requested - rate: 44100, channels: 1, buffer: 2048 samples
2025-06-29 19:39:38,293 : AudioInterface : Settings in use - rate: 44100, channels: 1, buffer: 2048 samples (4096 bytes @ 2 bytes per sample)
2025-06-29 19:39:38,293 : SoundSystem : No audio tracks are specified in your machine config file. a track named 'default' has been created.
2025-06-29 19:39:38,293 : SoundSystem : Setting master volume to 0.0
2025-06-29 19:39:38,293 : AudioInterface : Enabling audio playback
2025-06-29 19:39:38,295 : kivy : Base: Start application main loop
2025-06-29 19:39:38,295 : EventManager : Event: ======'display_window_initialized'====== Args={}
2025-06-29 19:39:38,632 : mpfmc : Display: Setting 'window' as default display
2025-06-29 19:39:38,636 : EventManager : Event: ======'displays_initialized'====== Args={}
2025-06-29 19:39:38,637 : EventManager : Event: ======'slide_window_blank_created'====== Args={}
2025-06-29 19:39:38,637 : EventManager : Event: ======'display_window_ready'====== Args={}
2025-06-29 19:39:38,642 : EventManager : Event: ======'init_phase_1'====== Args={}
2025-06-29 19:39:38,644 : EventManager : Event: ======'mc_ready'====== Args={}
2025-06-29 19:39:38,645 : EventManager : Event: ======'init_phase_2'====== Args={}
2025-06-29 19:39:38,646 : EventManager : Event: ======'init_phase_3'====== Args={}
2025-06-29 19:39:38,647 : EventManager : Event: ======'init_phase_4'====== Args={}
2025-06-29 19:39:38,647 : EventManager : Event: ======'init_phase_5'====== Args={}
2025-06-29 19:39:38,692 : EventManager : Event: ======'loading_assets'====== Args={'total': 1, 'loaded': 1, 'remaining': 0, 'percent': 100}
2025-06-29 19:39:38,692 : AssetManager : Asset loading took: 0.3986639976501465
2025-06-29 19:39:38,692 : EventManager : Event: ======'asset_loading_complete'====== Args={}
2025-06-29 19:39:38,692 : AssetManager : Loading assets: 1/1 (100%)
2025-06-29 19:39:38,692 : EventManager : Event: ======'init_done'====== Args={}
2025-06-29 19:39:38,692 : MPF-MC BCP Server : Starting up on localhost port 5050
2025-06-29 19:39:38,696 : MPF-MC BCP Server : Waiting for a connection...
2025-06-29 19:39:38,705 : EventManager : Event: ======'client_disconnected'====== Args={'host': '127.0.0.1', 'port': 5050}
2025-06-29 19:39:41,708 : kivy : Base: Leaving application in progress...
2025-06-29 19:39:41,709 : mpfmc : Stopping...
2025-06-29 19:39:41,709 : EventManager : Event: ======'shutdown'====== Args={}
2025-06-29 19:39:41,709 : AudioInterface : Disabling audio playback
2025-06-29 19:39:41,778 : mpfmc : Loop rate 63.15 Hz
2025-06-29 19:39:41,779 : root : MC run loop ended.
2025-06-29 19:39:41,779 : root : Stopping child threads... (3 remaining)
2025-06-29 19:39:42,700 : MPF-MC BCP Server : Stopping BCP listener thread
2025-06-29 19:39:42,710 : MPF-MC BCP Server : Stopping BCP sending thread
2025-06-29 19:39:42,789 : root : All child threads stopped.
