2025-06-29 21:28:54,200 : kivy : Kivy: v2.2.1
2025-06-29 21:28:54,200 : kivy : Kivy: Installed at "/Library/Frameworks/Python.framework/Versions/3.9/lib/python3.9/site-packages/kivy/__init__.py"
2025-06-29 21:28:54,200 : kivy : Python: v3.9.13 (v3.9.13:6de2ca5339, May 17 2022, 11:37:23) 
[Clang 13.0.0 (clang-1300.0.29.30)]
2025-06-29 21:28:54,200 : kivy : Python: Interpreter at "/Library/Frameworks/Python.framework/Versions/3.9/bin/python3.9"
2025-06-29 21:28:54,207 : kivy : Factory: 190 symbols loaded
2025-06-29 21:28:54,306 : kivy : ImageLoaderFFPy: Using ffpyplayer 4.5.1
2025-06-29 21:28:54,306 : kivy : Image: Providers: img_tex, img_imageio, img_dds, img_sdl2, img_pil, img_ffpyplayer 
2025-06-29 21:28:54,406 : kivy : VideoFFPy: Using ffpyplayer 4.5.1
2025-06-29 21:28:54,406 : kivy : Video: Provider: ffpyplayer(['video_ffmpeg'] ignored)
2025-06-29 21:28:54,433 : root : Loading MPF-MC controller
2025-06-29 21:28:54,441 : YamlMultifileConfigLoader : Machine config file #1: config
2025-06-29 21:28:54,441 : ConfigProcessor : Config file in cache changed: /Users/ruben/Pinball/mpf-pinball/config/config
2025-06-29 21:28:54,441 : ConfigProcessor : Loading config from file /Library/Frameworks/Python.framework/Versions/3.9/lib/python3.9/site-packages/mpfmc/mcconfig.yaml.
2025-06-29 21:28:54,445 : ConfigProcessor : Loading config: /Library/Frameworks/Python.framework/Versions/3.9/lib/python3.9/site-packages/mpfmc/mcconfig.yaml
2025-06-29 21:28:54,445 : ConfigProcessor : Loading config from file /Users/ruben/Pinball/mpf-pinball/config/config.
2025-06-29 21:28:54,446 : ConfigProcessor : Loading config: /Users/ruben/Pinball/mpf-pinball/config/config
2025-06-29 21:28:54,446 : ConfigProcessor : Loading config: /Users/ruben/Pinball/mpf-pinball/config/hardware.yaml
2025-06-29 21:28:54,446 : ConfigProcessor : Loading config: /Users/ruben/Pinball/mpf-pinball/config/switches.yaml
2025-06-29 21:28:54,447 : ConfigProcessor : Loading config: /Users/ruben/Pinball/mpf-pinball/config/coils.yaml
2025-06-29 21:28:54,449 : ConfigProcessor : Loading config: /Users/ruben/Pinball/mpf-pinball/config/lights.yaml
2025-06-29 21:28:54,449 : ConfigProcessor : Loading config: /Users/ruben/Pinball/mpf-pinball/config/devices.yaml
2025-06-29 21:28:54,450 : ConfigProcessor : Loading config: /Users/ruben/Pinball/mpf-pinball/config/images.yaml
2025-06-29 21:28:54,450 : ConfigProcessor : Loading config: /Users/ruben/Pinball/mpf-pinball/config/displays.yaml
2025-06-29 21:28:54,451 : ConfigProcessor : Loading config: /Users/ruben/Pinball/mpf-pinball/config/slides.yaml
2025-06-29 21:28:54,452 : ConfigProcessor : Config file cache created: /var/folders/9g/7xjb17l959g1fnq4pjl5c5p80000gn/T/195f11bb22def72033a5ba91cfdec8f0.mpf_cache
2025-06-29 21:28:54,452 : ConfigProcessor : Loading config from cache: /var/folders/9g/7xjb17l959g1fnq4pjl5c5p80000gn/T/f574f59b1e0fcbb2258348220f26b9cc.mpf_cache
2025-06-29 21:28:54,452 : ConfigProcessor : Loading config from cache: /var/folders/9g/7xjb17l959g1fnq4pjl5c5p80000gn/T/edcc5f1d3215b377c9faab88c62e4ce0.mpf_cache
2025-06-29 21:28:54,452 : ConfigProcessor : Loading config from cache: /var/folders/9g/7xjb17l959g1fnq4pjl5c5p80000gn/T/174d451d321a0971202b746018364536.mpf_cache
2025-06-29 21:28:54,452 : ConfigProcessor : Loading config from cache: /var/folders/9g/7xjb17l959g1fnq4pjl5c5p80000gn/T/f574f59b1e0fcbb2258348220f26b9cc.mpf_cache
2025-06-29 21:28:54,452 : mpfmc : Mission Pinball Framework Media Controller (MPF-MC) v0.57.1. Requires MPF v0.57.0 or newer.
2025-06-29 21:28:54,452 : mpfmc : Found MPF v0.57.3
2025-06-29 21:28:54,452 : mpfmc : Machine path: /Users/ruben/Pinball/mpf-pinball
2025-06-29 21:28:54,452 : mpfmc : Starting clock at 60.0Hz
2025-06-29 21:28:54,460 : kivy : Text: Provider: sdl2
2025-06-29 21:28:54,475 : kivy : Window: Provider: sdl2
2025-06-29 21:28:54,625 : kivy : GL: Using the "OpenGL ES 2" graphics system
2025-06-29 21:28:54,625 : kivy : GL: Backend used <sdl2>
2025-06-29 21:28:54,625 : kivy : GL: OpenGL version <b'2.1 Metal - 89.4'>
2025-06-29 21:28:54,625 : kivy : GL: OpenGL vendor <b'Apple'>
2025-06-29 21:28:54,625 : kivy : GL: OpenGL renderer <b'Apple M1 Pro'>
2025-06-29 21:28:54,625 : kivy : GL: OpenGL parsed version: 2, 1
2025-06-29 21:28:54,625 : kivy : GL: Shading version <b'1.20'>
2025-06-29 21:28:54,625 : kivy : GL: Texture max size <16384>
2025-06-29 21:28:54,625 : kivy : GL: Texture max units <16>
2025-06-29 21:28:54,638 : kivy : Window: auto add sdl2 input provider
2025-06-29 21:28:54,638 : kivy : Window: virtual keyboard not allowed, single mode, not docked
2025-06-29 21:28:54,640 : SoundSystem : SoundSystem: Using default 'sound_system' settings
2025-06-29 21:28:54,771 : AudioInterface : Initialized
2025-06-29 21:28:54,771 : AudioInterface : Loaded SDL 2.32.8
2025-06-29 21:28:54,771 : AudioInterface : Loaded SDL_Mixer 2.8.1
2025-06-29 21:28:54,771 : AudioInterface : Loaded GStreamer 1.26.2.0
2025-06-29 21:28:54,771 : AudioInterface : Loaded GLib 2.84.2
2025-06-29 21:28:54,771 : AudioInterface : Settings requested - rate: 44100, channels: 1, buffer: 2048 samples
2025-06-29 21:28:54,771 : AudioInterface : Settings in use - rate: 44100, channels: 1, buffer: 2048 samples (4096 bytes @ 2 bytes per sample)
2025-06-29 21:28:54,771 : SoundSystem : No audio tracks are specified in your machine config file. a track named 'default' has been created.
2025-06-29 21:28:54,771 : SoundSystem : Setting master volume to 0.0
2025-06-29 21:28:54,771 : AudioInterface : Enabling audio playback
2025-06-29 21:28:54,773 : kivy : Base: Start application main loop
2025-06-29 21:28:54,773 : EventManager : Event: ======'display_window_initialized'====== Args={}
2025-06-29 21:28:55,111 : mpfmc : Display: Setting 'window' as default display
2025-06-29 21:28:55,117 : EventManager : Event: ======'displays_initialized'====== Args={}
2025-06-29 21:28:55,117 : EventManager : Event: ======'slide_window_blank_created'====== Args={}
2025-06-29 21:28:55,117 : EventManager : Event: ======'display_window_ready'====== Args={}
2025-06-29 21:28:55,122 : EventManager : Event: ======'init_phase_1'====== Args={}
2025-06-29 21:28:55,125 : EventManager : Event: ======'mc_ready'====== Args={}
2025-06-29 21:28:55,125 : EventManager : Event: ======'init_phase_2'====== Args={}
2025-06-29 21:28:55,126 : EventManager : Event: ======'init_phase_3'====== Args={}
2025-06-29 21:28:55,127 : EventManager : Event: ======'init_phase_4'====== Args={}
2025-06-29 21:28:55,127 : EventManager : Event: ======'init_phase_5'====== Args={}
2025-06-29 21:28:55,140 : EventManager : Event: ======'loading_assets'====== Args={'total': 1, 'loaded': 1, 'remaining': 0, 'percent': 100}
2025-06-29 21:28:55,141 : AssetManager : Asset loading took: 0.36882877349853516
2025-06-29 21:28:55,141 : EventManager : Event: ======'asset_loading_complete'====== Args={}
2025-06-29 21:28:55,141 : AssetManager : Loading assets: 1/1 (100%)
2025-06-29 21:28:55,141 : EventManager : Event: ======'init_done'====== Args={}
2025-06-29 21:28:55,141 : MPF-MC BCP Server : Starting up on localhost port 5050
2025-06-29 21:28:55,142 : MPF-MC BCP Server : Waiting for a connection...
2025-06-29 21:28:55,189 : EventManager : Event: ======'client_disconnected'====== Args={'host': '127.0.0.1', 'port': 5050}
2025-06-29 21:28:55,238 : MPF-MC BCP Server : Received connection from: 127.0.0.1:64888
2025-06-29 21:28:55,242 : EventManager : Event: ======'client_connected'====== Args={'host': '127.0.0.1', 'port': 64888}
2025-06-29 21:28:55,247 : mpfmc : Stopping...
2025-06-29 21:28:55,247 : EventManager : Event: ======'shutdown'====== Args={}
2025-06-29 21:28:55,247 : AudioInterface : Disabling audio playback
2025-06-29 21:28:55,332 : EventManager : Event: ======'machine_var_credits_string'====== Args={'value': 'FREE PLAY', 'prev_value': None, 'change': True}
2025-06-29 21:28:55,332 : mpfmc : Loop rate 14.3 Hz
2025-06-29 21:28:55,332 : EventManager : Event: ======'machine_var_master_volume'====== Args={'value': 0.5, 'prev_value': None, 'change': True}
2025-06-29 21:28:55,332 : kivy : Base: Leaving application in progress...
2025-06-29 21:28:55,332 : EventManager : Event: ======'machine_var_player1_score'====== Args={'value': 0, 'prev_value': None, 'change': True}
2025-06-29 21:28:55,332 : EventManager : Event: ======'machine_var_mpf_version'====== Args={'value': 'Mission Pinball Framework v0.57.3', 'prev_value': None, 'change': True}
2025-06-29 21:28:55,332 : EventManager : Event: ======'machine_var_mpf_extended_version'====== Args={'value': 'Mission Pinball Framework v0.57.3, Config version:6, Show version: 6, BCP version:1.1', 'prev_value': None, 'change': True}
2025-06-29 21:28:55,332 : EventManager : Event: ======'machine_var_python_version'====== Args={'value': '3.9.13', 'prev_value': None, 'change': True}
2025-06-29 21:28:55,332 : EventManager : Event: ======'machine_var_platform'====== Args={'value': 'macOS-15.5-arm64-arm-64bit', 'prev_value': None, 'change': True}
2025-06-29 21:28:55,332 : EventManager : Event: ======'machine_var_platform_system'====== Args={'value': 'Darwin', 'prev_value': None, 'change': True}
2025-06-29 21:28:55,332 : EventManager : Event: ======'machine_var_platform_release'====== Args={'value': '24.5.0', 'prev_value': None, 'change': True}
2025-06-29 21:28:55,332 : EventManager : Event: ======'machine_var_platform_version'====== Args={'value': 'Darwin Kernel Version 24.5.0: Tue Apr 22 19:54:49 PDT 2025; root:xnu-11417.121.6~2/RELEASE_ARM64_T6000', 'prev_value': None, 'change': True}
2025-06-29 21:28:55,332 : EventManager : Event: ======'machine_var_platform_machine'====== Args={'value': 'arm64', 'prev_value': None, 'change': True}
2025-06-29 21:28:55,333 : EventManager : Event: ======'machine_var_mc_version'====== Args={'value': 'MPF-MC v0.57.1', 'prev_value': None, 'change': True}
2025-06-29 21:28:55,333 : EventManager : Event: ======'machine_var_mc_extended_version'====== Args={'value': 'MPF-MC v0.57.1 (config_version=6, BCP v1.1,                      Requires MPF API compatibility v0.57.0 or newer)', 'prev_value': None, 'change': True}
2025-06-29 21:28:55,333 : EventManager : Event: ======'machine_var_credits_string'====== Args={'value': 'FREE PLAY', 'prev_value': None, 'change': True}
2025-06-29 21:28:55,333 : EventManager : Event: ======'machine_var_master_volume'====== Args={'value': 0.5, 'prev_value': None, 'change': True}
2025-06-29 21:28:55,333 : EventManager : Event: ======'machine_var_player1_score'====== Args={'value': 0, 'prev_value': None, 'change': True}
2025-06-29 21:28:55,333 : EventManager : Event: ======'machine_var_mpf_version'====== Args={'value': 'Mission Pinball Framework v0.57.3', 'prev_value': None, 'change': True}
2025-06-29 21:28:55,333 : EventManager : Event: ======'machine_var_mpf_extended_version'====== Args={'value': 'Mission Pinball Framework v0.57.3, Config version:6, Show version: 6, BCP version:1.1', 'prev_value': None, 'change': True}
2025-06-29 21:28:55,333 : EventManager : Event: ======'machine_var_python_version'====== Args={'value': '3.9.13', 'prev_value': None, 'change': True}
2025-06-29 21:28:55,333 : EventManager : Event: ======'machine_var_platform'====== Args={'value': 'macOS-15.5-arm64-arm-64bit', 'prev_value': None, 'change': True}
2025-06-29 21:28:55,333 : EventManager : Event: ======'machine_var_platform_system'====== Args={'value': 'Darwin', 'prev_value': None, 'change': True}
2025-06-29 21:28:55,333 : EventManager : Event: ======'machine_var_platform_release'====== Args={'value': '24.5.0', 'prev_value': None, 'change': True}
2025-06-29 21:28:55,333 : EventManager : Event: ======'machine_var_platform_version'====== Args={'value': 'Darwin Kernel Version 24.5.0: Tue Apr 22 19:54:49 PDT 2025; root:xnu-11417.121.6~2/RELEASE_ARM64_T6000', 'prev_value': None, 'change': True}
2025-06-29 21:28:55,333 : EventManager : Event: ======'machine_var_platform_machine'====== Args={'value': 'arm64', 'prev_value': None, 'change': True}
2025-06-29 21:28:55,333 : EventManager : Event: ======'machine_var_mc_version'====== Args={'value': 'MPF-MC v0.57.1', 'prev_value': None, 'change': True}
2025-06-29 21:28:55,333 : EventManager : Event: ======'machine_var_mc_extended_version'====== Args={'value': 'MPF-MC v0.57.1 (config_version=6, BCP v1.1,                      Requires MPF API compatibility v0.57.0 or newer)', 'prev_value': None, 'change': True}
2025-06-29 21:28:55,333 : EventManager : Event: ======'machine_var_credits_string'====== Args={'value': 'FREE PLAY', 'prev_value': None, 'change': True}
2025-06-29 21:28:55,333 : EventManager : Event: ======'machine_var_master_volume'====== Args={'value': 0.5, 'prev_value': None, 'change': True}
2025-06-29 21:28:55,333 : EventManager : Event: ======'machine_var_player1_score'====== Args={'value': 0, 'prev_value': None, 'change': True}
2025-06-29 21:28:55,333 : EventManager : Event: ======'machine_var_mpf_version'====== Args={'value': 'Mission Pinball Framework v0.57.3', 'prev_value': None, 'change': True}
2025-06-29 21:28:55,333 : EventManager : Event: ======'machine_var_mpf_extended_version'====== Args={'value': 'Mission Pinball Framework v0.57.3, Config version:6, Show version: 6, BCP version:1.1', 'prev_value': None, 'change': True}
2025-06-29 21:28:55,333 : EventManager : Event: ======'machine_var_python_version'====== Args={'value': '3.9.13', 'prev_value': None, 'change': True}
2025-06-29 21:28:55,333 : EventManager : Event: ======'machine_var_platform'====== Args={'value': 'macOS-15.5-arm64-arm-64bit', 'prev_value': None, 'change': True}
2025-06-29 21:28:55,333 : EventManager : Event: ======'machine_var_platform_system'====== Args={'value': 'Darwin', 'prev_value': None, 'change': True}
2025-06-29 21:28:55,333 : EventManager : Event: ======'machine_var_platform_release'====== Args={'value': '24.5.0', 'prev_value': None, 'change': True}
2025-06-29 21:28:55,333 : EventManager : Event: ======'machine_var_platform_version'====== Args={'value': 'Darwin Kernel Version 24.5.0: Tue Apr 22 19:54:49 PDT 2025; root:xnu-11417.121.6~2/RELEASE_ARM64_T6000', 'prev_value': None, 'change': True}
2025-06-29 21:28:55,333 : EventManager : Event: ======'machine_var_platform_machine'====== Args={'value': 'arm64', 'prev_value': None, 'change': True}
2025-06-29 21:28:55,333 : EventManager : Event: ======'machine_var_mc_version'====== Args={'value': 'MPF-MC v0.57.1', 'prev_value': None, 'change': True}
2025-06-29 21:28:55,334 : EventManager : Event: ======'machine_var_mc_extended_version'====== Args={'value': 'MPF-MC v0.57.1 (config_version=6, BCP v1.1,                      Requires MPF API compatibility v0.57.0 or newer)', 'prev_value': None, 'change': True}
2025-06-29 21:28:55,334 : EventManager : Event: ======'machine_var_credits_string'====== Args={'value': 'FREE PLAY', 'prev_value': None, 'change': True}
2025-06-29 21:28:55,334 : EventManager : Event: ======'machine_var_master_volume'====== Args={'value': 0.5, 'prev_value': None, 'change': True}
2025-06-29 21:28:55,334 : EventManager : Event: ======'machine_var_player1_score'====== Args={'value': 0, 'prev_value': None, 'change': True}
2025-06-29 21:28:55,334 : EventManager : Event: ======'machine_var_mpf_version'====== Args={'value': 'Mission Pinball Framework v0.57.3', 'prev_value': None, 'change': True}
2025-06-29 21:28:55,334 : EventManager : Event: ======'machine_var_mpf_extended_version'====== Args={'value': 'Mission Pinball Framework v0.57.3, Config version:6, Show version: 6, BCP version:1.1', 'prev_value': None, 'change': True}
2025-06-29 21:28:55,334 : EventManager : Event: ======'machine_var_python_version'====== Args={'value': '3.9.13', 'prev_value': None, 'change': True}
2025-06-29 21:28:55,334 : EventManager : Event: ======'machine_var_platform'====== Args={'value': 'macOS-15.5-arm64-arm-64bit', 'prev_value': None, 'change': True}
2025-06-29 21:28:55,334 : EventManager : Event: ======'machine_var_platform_system'====== Args={'value': 'Darwin', 'prev_value': None, 'change': True}
2025-06-29 21:28:55,334 : EventManager : Event: ======'machine_var_platform_release'====== Args={'value': '24.5.0', 'prev_value': None, 'change': True}
2025-06-29 21:28:55,334 : EventManager : Event: ======'machine_var_platform_version'====== Args={'value': 'Darwin Kernel Version 24.5.0: Tue Apr 22 19:54:49 PDT 2025; root:xnu-11417.121.6~2/RELEASE_ARM64_T6000', 'prev_value': None, 'change': True}
2025-06-29 21:28:55,334 : EventManager : Event: ======'machine_var_platform_machine'====== Args={'value': 'arm64', 'prev_value': None, 'change': True}
2025-06-29 21:28:55,334 : EventManager : Event: ======'machine_var_mc_version'====== Args={'value': 'MPF-MC v0.57.1', 'prev_value': None, 'change': True}
2025-06-29 21:28:55,334 : EventManager : Event: ======'machine_var_mc_extended_version'====== Args={'value': 'MPF-MC v0.57.1 (config_version=6, BCP v1.1,                      Requires MPF API compatibility v0.57.0 or newer)', 'prev_value': None, 'change': True}
2025-06-29 21:28:55,336 : mpfmc : Stopping...
2025-06-29 21:28:55,336 : EventManager : Event: ======'shutdown'====== Args={}
2025-06-29 21:28:55,336 : SoundSystem : Setting master volume to 0.5
2025-06-29 21:28:55,336 : SoundSystem : Setting master volume to 0.5
2025-06-29 21:28:55,336 : SoundSystem : Setting master volume to 0.5
2025-06-29 21:28:55,336 : SoundSystem : Setting master volume to 0.5
2025-06-29 21:28:55,336 : mpfmc : Loop rate 14.19 Hz
2025-06-29 21:28:55,336 : root : MC run loop ended.
2025-06-29 21:28:55,336 : root : Stopping child threads... (2 remaining)
2025-06-29 21:28:56,247 : MPF-MC BCP Server : Stopping BCP sending thread
2025-06-29 21:28:56,346 : root : All child threads stopped.
