2025-07-06 15:22:39,005 : INFO : root : Loading config.
2025-07-06 15:22:39,008 : INFO : YamlMultifileConfigLoader : Machine config file #1: config.yaml
2025-07-06 15:22:39,008 : INFO : ConfigProcessor : Loading config from cache: /var/folders/9g/7xjb17l959g1fnq4pjl5c5p80000gn/T/1941ac2cbc7f60a15b77e866ee64bff5.mpf_cache
2025-07-06 15:22:39,009 : WARNING : ConfigProcessor : Config file in cache changed: /Users/ruben/Pinball/mpf-pinball/config/switches.yaml
2025-07-06 15:22:39,009 : INFO : ConfigProcessor : Loading config from file /Library/Frameworks/Python.framework/Versions/3.9/lib/python3.9/site-packages/mpf/mpfconfig.yaml.
2025-07-06 15:22:39,015 : INFO : ConfigProcessor : Loading config: /Library/Frameworks/Python.framework/Versions/3.9/lib/python3.9/site-packages/mpf/mpfconfig.yaml
2025-07-06 15:22:39,015 : INFO : ConfigProcessor : Loading config from file /Users/ruben/Pinball/mpf-pinball/config/config.yaml.
2025-07-06 15:22:39,016 : INFO : ConfigProcessor : Loading config: /Users/ruben/Pinball/mpf-pinball/config/config.yaml
2025-07-06 15:22:39,017 : INFO : ConfigProcessor : Loading config: /Users/ruben/Pinball/mpf-pinball/config/hardware.yaml
2025-07-06 15:22:39,017 : INFO : ConfigProcessor : Loading config: /Users/ruben/Pinball/mpf-pinball/config/switches.yaml
2025-07-06 15:22:39,018 : INFO : ConfigProcessor : Loading config: /Users/ruben/Pinball/mpf-pinball/config/coils.yaml
2025-07-06 15:22:39,020 : INFO : ConfigProcessor : Loading config: /Users/ruben/Pinball/mpf-pinball/config/lights.yaml
2025-07-06 15:22:39,021 : INFO : ConfigProcessor : Loading config: /Users/ruben/Pinball/mpf-pinball/config/devices.yaml
2025-07-06 15:22:39,022 : INFO : ConfigProcessor : Loading config: /Users/ruben/Pinball/mpf-pinball/config/images.yaml
2025-07-06 15:22:39,023 : INFO : ConfigProcessor : Loading config: /Users/ruben/Pinball/mpf-pinball/config/displays.yaml
2025-07-06 15:22:39,023 : INFO : ConfigProcessor : Loading config: /Users/ruben/Pinball/mpf-pinball/config/slides.yaml
2025-07-06 15:22:39,024 : INFO : ConfigProcessor : Loading config: /Users/ruben/Pinball/mpf-pinball/config/sounds.yaml
2025-07-06 15:22:39,025 : INFO : ConfigProcessor : Config file cache created: /var/folders/9g/7xjb17l959g1fnq4pjl5c5p80000gn/T/1941ac2cbc7f60a15b77e866ee64bff5.mpf_cache
2025-07-06 15:22:39,061 : INFO : ConfigProcessor : Loading config from cache: /var/folders/9g/7xjb17l959g1fnq4pjl5c5p80000gn/T/f574f59b1e0fcbb2258348220f26b9cc.mpf_cache
2025-07-06 15:22:39,061 : INFO : ConfigProcessor : Loading config from cache: /var/folders/9g/7xjb17l959g1fnq4pjl5c5p80000gn/T/edcc5f1d3215b377c9faab88c62e4ce0.mpf_cache
2025-07-06 15:22:39,061 : WARNING : ConfigProcessor : Config file in cache changed: /Users/ruben/Pinball/mpf-pinball/modes/base/config/base.yaml
2025-07-06 15:22:39,062 : INFO : ConfigProcessor : Loading config from file /Users/ruben/Pinball/mpf-pinball/modes/base/config/base.yaml.
2025-07-06 15:22:39,063 : INFO : ConfigProcessor : Loading config: /Users/ruben/Pinball/mpf-pinball/modes/base/config/base.yaml
2025-07-06 15:22:39,063 : INFO : ConfigProcessor : Config file cache created: /var/folders/9g/7xjb17l959g1fnq4pjl5c5p80000gn/T/174d451d321a0971202b746018364536.mpf_cache
2025-07-06 15:22:39,063 : INFO : ConfigProcessor : Loading config from cache: /var/folders/9g/7xjb17l959g1fnq4pjl5c5p80000gn/T/f574f59b1e0fcbb2258348220f26b9cc.mpf_cache
2025-07-06 15:22:39,064 : INFO : ConfigProcessor : Loading config from cache: /var/folders/9g/7xjb17l959g1fnq4pjl5c5p80000gn/T/eb471d6ccb0819d362663d6a8f2acf38.mpf_cache
2025-07-06 15:22:39,064 : INFO : ConfigProcessor : Loading config from cache: /var/folders/9g/7xjb17l959g1fnq4pjl5c5p80000gn/T/d59102b8edab9d29c936bc5103c31ce3.mpf_cache
2025-07-06 15:22:39,065 : INFO : ConfigProcessor : Loading config from cache: /var/folders/9g/7xjb17l959g1fnq4pjl5c5p80000gn/T/47fef8a1453daf1c032af9b266173dc7.mpf_cache
2025-07-06 15:22:39,065 : INFO : ConfigProcessor : Loading config from cache: /var/folders/9g/7xjb17l959g1fnq4pjl5c5p80000gn/T/099d4b18c0884da431b87dd690bf4c32.mpf_cache
2025-07-06 15:22:39,065 : INFO : ConfigProcessor : Loading config from cache: /var/folders/9g/7xjb17l959g1fnq4pjl5c5p80000gn/T/598981ad252bde5d57763e28fc8e8246.mpf_cache
2025-07-06 15:22:39,065 : INFO : ConfigProcessor : Loading config from cache: /var/folders/9g/7xjb17l959g1fnq4pjl5c5p80000gn/T/7d84a1dad0271550171325475a6e1af4.mpf_cache
2025-07-06 15:22:39,066 : INFO : ConfigProcessor : Loading config from cache: /var/folders/9g/7xjb17l959g1fnq4pjl5c5p80000gn/T/f238ae40b962a84c30d7301a20ca1dae.mpf_cache
2025-07-06 15:22:39,066 : INFO : ConfigProcessor : Loading config from cache: /var/folders/9g/7xjb17l959g1fnq4pjl5c5p80000gn/T/a93e216f51b341135614380ce5b2c95b.mpf_cache
2025-07-06 15:22:39,066 : INFO : ConfigProcessor : Loading config from cache: /var/folders/9g/7xjb17l959g1fnq4pjl5c5p80000gn/T/e915b2173a980311df13d8013999f00c.mpf_cache
2025-07-06 15:22:39,066 : INFO : ConfigProcessor : Loading config from cache: /var/folders/9g/7xjb17l959g1fnq4pjl5c5p80000gn/T/b77620ad9425e89373db73baff92c60d.mpf_cache
2025-07-06 15:22:39,066 : INFO : Machine : Mission Pinball Framework Core Engine v0.57.3
2025-07-06 15:22:39,066 : INFO : Machine : Command line arguments: {'no_load_cache': False, 'create_config_cache': True, 'bcp': True, 'configfile': ['config.yaml'], 'force_assets_load': False, 'platform_integration_test': False, 'jsonlogging': False, 'logfile': 'logs/2025-07-06-15-22-39-mpf-ruben.home.log', 'pause': False, 'production': False, 'text_ui': True, 'loglevel': 15, 'consoleloglevel': 20, 'force_platform': 'smart_virtual', 'syslog_address': None, 'mc_file_name': None, 'no_sound': False}
2025-07-06 15:22:39,066 : INFO : Machine : MPF path: /Library/Frameworks/Python.framework/Versions/3.9/lib/python3.9/site-packages/mpf
2025-07-06 15:22:39,066 : INFO : Machine : Machine path: /Users/ruben/Pinball/mpf-pinball
2025-07-06 15:22:39,066 : INFO : Machine : Platform: darwin
2025-07-06 15:22:39,066 : INFO : Machine : Python executable location: /Library/Frameworks/Python.framework/Versions/3.9/bin/python3.9
2025-07-06 15:22:39,066 : INFO : Machine : Python version: 3.9.13 (64-bit)
2025-07-06 15:22:39,067 : INFO : Machine : Initializing MPF...
2025-07-06 15:22:39,097 : INFO : EventManager : Event: ======'machine_var_credits_string'====== Args={'value': 'FREE PLAY', 'prev_value': None, 'change': True}
2025-07-06 15:22:39,117 : INFO : EventManager : Event: ======'machine_var_master_volume'====== Args={'value': 0.5, 'prev_value': None, 'change': True}
2025-07-06 15:22:39,117 : INFO : EventManager : Event: ======'machine_var_player1_score'====== Args={'value': 0, 'prev_value': None, 'change': True}
2025-07-06 15:22:39,117 : INFO : EventManager : Event: ======'machine_var_mpf_version'====== Args={'value': 'Mission Pinball Framework v0.57.3', 'prev_value': None, 'change': True}
2025-07-06 15:22:39,117 : INFO : EventManager : Event: ======'machine_var_mpf_extended_version'====== Args={'value': 'Mission Pinball Framework v0.57.3, Config version:6, Show version: 6, BCP version:1.1', 'prev_value': None, 'change': True}
2025-07-06 15:22:39,117 : INFO : EventManager : Event: ======'machine_var_python_version'====== Args={'value': '3.9.13', 'prev_value': None, 'change': True}
2025-07-06 15:22:39,129 : INFO : EventManager : Event: ======'machine_var_platform'====== Args={'value': 'macOS-15.5-arm64-arm-64bit', 'prev_value': None, 'change': True}
2025-07-06 15:22:39,129 : INFO : EventManager : Event: ======'machine_var_platform_system'====== Args={'value': 'Darwin', 'prev_value': None, 'change': True}
2025-07-06 15:22:39,129 : INFO : EventManager : Event: ======'machine_var_platform_release'====== Args={'value': '24.5.0', 'prev_value': None, 'change': True}
2025-07-06 15:22:39,129 : INFO : EventManager : Event: ======'machine_var_platform_version'====== Args={'value': 'Darwin Kernel Version 24.5.0: Tue Apr 22 19:54:49 PDT 2025; root:xnu-11417.121.6~2/RELEASE_ARM64_T6000', 'prev_value': None, 'change': True}
2025-07-06 15:22:39,129 : INFO : EventManager : Event: ======'machine_var_platform_machine'====== Args={'value': 'arm64', 'prev_value': None, 'change': True}
2025-07-06 15:22:39,129 : INFO : EventManager : Event: ======'init_phase_1'====== Args={}
2025-07-06 15:22:39,141 : INFO : EventManager : Event: ======'init_phase_2'====== Args={}
2025-07-06 15:22:39,144 : INFO : EventManager : Event: ======'bcp_connection_attempt'====== Args={'name': 'local_display', 'host': 'localhost', 'port': 5050}
2025-07-06 15:22:39,145 : INFO : BCPClientSocket : Connecting BCP to 'local_display' at localhost:5050...
2025-07-06 15:22:40,271 : INFO : BCPClientSocket : Connected BCP to 'local_display' localhost:5050
2025-07-06 15:22:40,271 : INFO : EventManager : Event: ======'bcp_clients_connected'====== Args={}
2025-07-06 15:22:40,272 : INFO : ball_device.bd_trough : BCH: Initial count: 0
2025-07-06 15:22:40,272 : INFO : ball_device.bd_trough : State: idle
2025-07-06 15:22:40,278 : INFO : EventManager : Event: ======'init_phase_3'====== Args={}
2025-07-06 15:22:40,283 : INFO : EventManager : Event: ======'machine_var_mc_version'====== Args={'value': 'MPF-MC v0.57.1', 'prev_value': None, 'change': True}
2025-07-06 15:22:40,283 : INFO : EventManager : Event: ======'machine_var_mc_extended_version'====== Args={'value': 'MPF-MC v0.57.1 (config_version=6, BCP v1.1,                      Requires MPF API compatibility v0.57.0 or newer)', 'prev_value': None, 'change': True}
2025-07-06 15:22:40,284 : INFO : EventManager : Event: ======'init_phase_4'====== Args={}
2025-07-06 15:22:40,288 : INFO : BallController : Initial balls found: 0
2025-07-06 15:22:40,288 : INFO : EventManager : Event: ======'machine_var_audits_events_game_ended'====== Args={'value': 53, 'prev_value': None, 'change': True}
2025-07-06 15:22:40,289 : INFO : EventManager : Event: ======'machine_var_audits_events_game_started'====== Args={'value': 150, 'prev_value': None, 'change': True}
2025-07-06 15:22:40,289 : INFO : EventManager : Event: ======'machine_var_audits_missing_switches_s_center_scoop'====== Args={'value': 1, 'prev_value': None, 'change': True}
2025-07-06 15:22:40,289 : INFO : EventManager : Event: ======'machine_var_audits_missing_switches_s_left_flipper'====== Args={'value': 50, 'prev_value': None, 'change': True}
2025-07-06 15:22:40,289 : INFO : EventManager : Event: ======'machine_var_audits_missing_switches_s_left_slingshot'====== Args={'value': 1, 'prev_value': None, 'change': True}
2025-07-06 15:22:40,289 : INFO : EventManager : Event: ======'machine_var_audits_missing_switches_s_pop1'====== Args={'value': 61, 'prev_value': None, 'change': True}
2025-07-06 15:22:40,289 : INFO : EventManager : Event: ======'machine_var_audits_missing_switches_s_pop2'====== Args={'value': 61, 'prev_value': None, 'change': True}
2025-07-06 15:22:40,289 : INFO : EventManager : Event: ======'machine_var_audits_missing_switches_s_pop3'====== Args={'value': 61, 'prev_value': None, 'change': True}
2025-07-06 15:22:40,290 : INFO : EventManager : Event: ======'machine_var_audits_missing_switches_s_pop4'====== Args={'value': 50, 'prev_value': None, 'change': True}
2025-07-06 15:22:40,290 : INFO : EventManager : Event: ======'machine_var_audits_missing_switches_s_pop5'====== Args={'value': 4, 'prev_value': None, 'change': True}
2025-07-06 15:22:40,290 : INFO : EventManager : Event: ======'machine_var_audits_missing_switches_s_right_flipper'====== Args={'value': 49, 'prev_value': None, 'change': True}
2025-07-06 15:22:40,290 : INFO : EventManager : Event: ======'machine_var_audits_missing_switches_s_right_scoop'====== Args={'value': 1, 'prev_value': None, 'change': True}
2025-07-06 15:22:40,290 : INFO : EventManager : Event: ======'machine_var_audits_missing_switches_s_right_slingshot'====== Args={'value': 1, 'prev_value': None, 'change': True}
2025-07-06 15:22:40,290 : INFO : EventManager : Event: ======'machine_var_audits_missing_switches_s_startButton'====== Args={'value': 40, 'prev_value': None, 'change': True}
2025-07-06 15:22:40,290 : INFO : EventManager : Event: ======'machine_var_audits_missing_switches_s_target_r'====== Args={'value': 1, 'prev_value': None, 'change': True}
2025-07-06 15:22:40,290 : INFO : EventManager : Event: ======'machine_var_audits_missing_switches_s_trough1'====== Args={'value': 43, 'prev_value': None, 'change': True}
2025-07-06 15:22:40,290 : INFO : EventManager : Event: ======'machine_var_audits_missing_switches_s_trough2'====== Args={'value': 10, 'prev_value': None, 'change': True}
2025-07-06 15:22:40,291 : INFO : EventManager : Event: ======'machine_var_audits_missing_switches_s_trough3'====== Args={'value': 10, 'prev_value': None, 'change': True}
2025-07-06 15:22:40,291 : INFO : EventManager : Event: ======'machine_var_audits_missing_switches_s_trough4'====== Args={'value': 10, 'prev_value': None, 'change': True}
2025-07-06 15:22:40,291 : INFO : EventManager : Event: ======'machine_var_audits_missing_switches_s_trough5'====== Args={'value': 9, 'prev_value': None, 'change': True}
2025-07-06 15:22:40,291 : INFO : EventManager : Event: ======'machine_var_audits_player_score'====== Args={'value': {'average': 0, 'top': [0, 0, 0, 0, 0, 0, 0, 0, 0, 0], 'total': 53}, 'prev_value': None, 'change': True}
2025-07-06 15:22:40,291 : INFO : EventManager : Event: ======'machine_var_audits_shots_my_first_shot'====== Args={'value': 5, 'prev_value': None, 'change': True}
2025-07-06 15:22:40,291 : INFO : EventManager : Event: ======'machine_var_audits_switches_s_center_scoop'====== Args={'value': 0, 'prev_value': None, 'change': True}
2025-07-06 15:22:40,291 : INFO : EventManager : Event: ======'machine_var_audits_switches_s_drop_bank1'====== Args={'value': 140, 'prev_value': None, 'change': True}
2025-07-06 15:22:40,291 : INFO : EventManager : Event: ======'machine_var_audits_switches_s_left_flipper'====== Args={'value': 2284, 'prev_value': None, 'change': True}
2025-07-06 15:22:40,291 : INFO : EventManager : Event: ======'machine_var_audits_switches_s_left_inlane1'====== Args={'value': 2, 'prev_value': None, 'change': True}
2025-07-06 15:22:40,292 : INFO : EventManager : Event: ======'machine_var_audits_switches_s_left_inlane2'====== Args={'value': 2, 'prev_value': None, 'change': True}
2025-07-06 15:22:40,292 : INFO : EventManager : Event: ======'machine_var_audits_switches_s_left_inlane_1'====== Args={'value': 1, 'prev_value': None, 'change': True}
2025-07-06 15:22:40,292 : INFO : EventManager : Event: ======'machine_var_audits_switches_s_left_inlane_2'====== Args={'value': 2, 'prev_value': None, 'change': True}
2025-07-06 15:22:40,292 : INFO : EventManager : Event: ======'machine_var_audits_switches_s_left_outlane'====== Args={'value': 1, 'prev_value': None, 'change': True}
2025-07-06 15:22:40,292 : INFO : EventManager : Event: ======'machine_var_audits_switches_s_left_slingshot'====== Args={'value': 409, 'prev_value': None, 'change': True}
2025-07-06 15:22:40,292 : INFO : EventManager : Event: ======'machine_var_audits_switches_s_plunger'====== Args={'value': 5, 'prev_value': None, 'change': True}
2025-07-06 15:22:40,293 : INFO : EventManager : Event: ======'machine_var_audits_switches_s_pop1'====== Args={'value': 0, 'prev_value': None, 'change': True}
2025-07-06 15:22:40,293 : INFO : EventManager : Event: ======'machine_var_audits_switches_s_pop2'====== Args={'value': 0, 'prev_value': None, 'change': True}
2025-07-06 15:22:40,293 : INFO : EventManager : Event: ======'machine_var_audits_switches_s_pop3'====== Args={'value': 0, 'prev_value': None, 'change': True}
2025-07-06 15:22:40,293 : INFO : EventManager : Event: ======'machine_var_audits_switches_s_pop4'====== Args={'value': 3, 'prev_value': None, 'change': True}
2025-07-06 15:22:40,293 : INFO : EventManager : Event: ======'machine_var_audits_switches_s_pop5'====== Args={'value': 4, 'prev_value': None, 'change': True}
2025-07-06 15:22:40,293 : INFO : EventManager : Event: ======'machine_var_audits_switches_s_pop_bot'====== Args={'value': 426, 'prev_value': None, 'change': True}
2025-07-06 15:22:40,293 : INFO : EventManager : Event: ======'machine_var_audits_switches_s_pop_mid'====== Args={'value': 351, 'prev_value': None, 'change': True}
2025-07-06 15:22:40,293 : INFO : EventManager : Event: ======'machine_var_audits_switches_s_pop_top'====== Args={'value': 302, 'prev_value': None, 'change': True}
2025-07-06 15:22:40,294 : INFO : EventManager : Event: ======'machine_var_audits_switches_s_right_flipper'====== Args={'value': 2339, 'prev_value': None, 'change': True}
2025-07-06 15:22:40,294 : INFO : EventManager : Event: ======'machine_var_audits_switches_s_right_inlane'====== Args={'value': 87, 'prev_value': None, 'change': True}
2025-07-06 15:22:40,294 : INFO : EventManager : Event: ======'machine_var_audits_switches_s_right_outlane'====== Args={'value': 4, 'prev_value': None, 'change': True}
2025-07-06 15:22:40,294 : INFO : EventManager : Event: ======'machine_var_audits_switches_s_right_scoop'====== Args={'value': 0, 'prev_value': None, 'change': True}
2025-07-06 15:22:40,294 : INFO : EventManager : Event: ======'machine_var_audits_switches_s_right_slingshot'====== Args={'value': 364, 'prev_value': None, 'change': True}
2025-07-06 15:22:40,294 : INFO : EventManager : Event: ======'machine_var_audits_switches_s_scoop_center'====== Args={'value': 2, 'prev_value': None, 'change': True}
2025-07-06 15:22:40,294 : INFO : EventManager : Event: ======'machine_var_audits_switches_s_scoop_lower'====== Args={'value': 220, 'prev_value': None, 'change': True}
2025-07-06 15:22:40,295 : INFO : EventManager : Event: ======'machine_var_audits_switches_s_scoop_right'====== Args={'value': 1, 'prev_value': None, 'change': True}
2025-07-06 15:22:40,295 : INFO : EventManager : Event: ======'machine_var_audits_switches_s_shooter_lane'====== Args={'value': 15, 'prev_value': None, 'change': True}
2025-07-06 15:22:40,295 : INFO : EventManager : Event: ======'machine_var_audits_switches_s_startButton'====== Args={'value': 37, 'prev_value': None, 'change': True}
2025-07-06 15:22:40,295 : INFO : EventManager : Event: ======'machine_var_audits_switches_s_target_g'====== Args={'value': 1, 'prev_value': None, 'change': True}
2025-07-06 15:22:40,295 : INFO : EventManager : Event: ======'machine_var_audits_switches_s_target_r'====== Args={'value': 0, 'prev_value': None, 'change': True}
2025-07-06 15:22:40,296 : INFO : EventManager : Event: ======'machine_var_audits_switches_s_trough1'====== Args={'value': 318, 'prev_value': None, 'change': True}
2025-07-06 15:22:40,296 : INFO : EventManager : Event: ======'machine_var_audits_switches_s_trough2'====== Args={'value': 1, 'prev_value': None, 'change': True}
2025-07-06 15:22:40,296 : INFO : EventManager : Event: ======'machine_var_audits_switches_s_trough3'====== Args={'value': 1, 'prev_value': None, 'change': True}
2025-07-06 15:22:40,296 : INFO : EventManager : Event: ======'machine_var_audits_switches_s_trough4'====== Args={'value': 1, 'prev_value': None, 'change': True}
2025-07-06 15:22:40,296 : INFO : EventManager : Event: ======'machine_var_audits_switches_s_trough5'====== Args={'value': 1, 'prev_value': None, 'change': True}
2025-07-06 15:22:40,296 : INFO : EventManager : Event: ======'init_phase_5'====== Args={}
2025-07-06 15:22:40,297 : INFO : EventManager : Event: ======'init_done'====== Args={}
2025-07-06 15:22:40,297 : INFO : EventManager : Event: ======'machine_reset_phase_1'====== Args={}
2025-07-06 15:22:40,305 : INFO : EventManager : Event: ======'machine_reset_phase_2'====== Args={}
2025-07-06 15:22:40,305 : INFO : EventManager : Event: ======'machine_reset_phase_3'====== Args={}
2025-07-06 15:22:40,306 : INFO : EventManager : Event: ======'reset_complete'====== Args={}
2025-07-06 15:22:40,306 : INFO : EventManager : Event: ======'mode_attract_will_start'====== Args={}
2025-07-06 15:22:40,306 : INFO : EventManager : Event: ======'mode_attract_starting'====== Args={}
2025-07-06 15:22:40,306 : INFO : Mode.attract : Started. Priority: 10
2025-07-06 15:22:40,306 : INFO : EventManager : Event: ======'modes_active_modes_changed'====== Args={}
2025-07-06 15:22:40,306 : INFO : EventManager : Event: ======'mode_attract_started'====== Args={}
2025-07-06 15:22:40,307 : INFO : EventManager : Event: ======'collecting_balls_complete'====== Args={}
2025-07-06 15:22:40,307 : INFO : Machine : Starting the main run loop with active modes: [<Mode.attract>]
2025-07-06 15:22:40,319 : INFO : EventManager : Event: ======'slide_awesome_slide_created'====== Args={'_from_bcp': True}
2025-07-06 15:22:40,334 : INFO : EventManager : Event: ======'slide_awesome_slide_active'====== Args={'_from_bcp': True}
2025-07-06 15:22:41,152 : INFO : BcpServer : New client connected.
2025-07-06 15:22:43,334 : INFO : EventManager : Event: ======'slide_press_start_created'====== Args={'_from_bcp': True}
2025-07-06 15:22:43,349 : INFO : EventManager : Event: ======'slide_press_start_active'====== Args={'_from_bcp': True}
2025-07-06 15:22:47,141 : INFO : SwitchController : <<<<<<< 's_trough1' active >>>>>>>
2025-07-06 15:22:47,643 : INFO : EventManager : Event: ======'balldevice_bd_trough_ball_count_changed'====== Args={'balls': 1}
2025-07-06 15:22:47,643 : INFO : ball_device.bd_trough : Received unexpected ball
2025-07-06 15:22:47,643 : INFO : EventManager : Event: ======'balldevice_captured_from_playfield'====== Args={'balls': 1}
2025-07-06 15:22:47,644 : INFO : EventManager : Event: ======'sw_playfield_active'====== Args={'balls': 1}
2025-07-06 15:22:47,645 : INFO : EventManager : Event: ======'playfield_active'====== Args={'source': None}
2025-07-06 15:22:47,645 : INFO : EventManager : Event: ======'unexpected_ball_on_playfield'====== Args={}
2025-07-06 15:22:47,645 : INFO : EventManager : Event: ======'playfield_ball_count_change'====== Args={'balls': -1, 'change': -1}
2025-07-06 15:22:47,646 : INFO : EventManager : Event: ======'balldevice_playfield_ball_enter'====== Args={'new_balls': 1, 'unclaimed_balls': 1, 'device': <playfield.playfield>}
2025-07-06 15:22:47,647 : INFO : EventManager : Event: ======'playfield_ball_count_change'====== Args={'balls': 0, 'change': 1}
2025-07-06 15:22:47,647 : INFO : BallController : Found a new ball which was captured from playfield. Known balls: 1
2025-07-06 15:22:47,647 : INFO : EventManager : Event: ======'found_new_ball'====== Args={}
2025-07-06 15:22:47,647 : INFO : EventManager : Event: ======'balldevice_bd_trough_ball_enter'====== Args={'new_balls': 1, 'unclaimed_balls': 1, 'new_available_balls': 1, 'device': <ball_device.bd_trough>}
2025-07-06 15:22:47,648 : INFO : EventManager : Event: ======'ball_drain'====== Args={'device': <ball_device.bd_trough>, 'balls': 1}
2025-07-06 15:22:47,648 : INFO : EventManager : Event: ======'balldevice_balls_available'====== Args={}
2025-07-06 15:22:47,649 : INFO : EventManager : Event: ======'balldevice_bd_trough_ball_entered'====== Args={'new_balls': 1, 'device': <ball_device.bd_trough>}
2025-07-06 15:22:48,089 : INFO : SwitchController : <<<<<<< 's_startButton' active >>>>>>>
2025-07-06 15:22:48,155 : INFO : SwitchController : <<<<<<< 's_startButton' inactive >>>>>>>
2025-07-06 15:22:48,155 : INFO : EventManager : Event: ======'request_to_start_game'====== Args={}
2025-07-06 15:22:48,155 : INFO : EventManager : Event: ======'game_start'====== Args={'buttons': [], 'hold_time': 0.06593091599999923}
2025-07-06 15:22:48,156 : INFO : EventManager : Event: ======'mode_game_will_start'====== Args={'buttons': [], 'hold_time': 0.06593091599999923}
2025-07-06 15:22:48,157 : INFO : EventManager : Event: ======'mode_game_starting'====== Args={'buttons': [], 'hold_time': 0.06593091599999923}
2025-07-06 15:22:48,157 : INFO : EventManager : Event: ======'mode_attract_will_stop'====== Args={}
2025-07-06 15:22:48,157 : INFO : EventManager : Event: ======'mode_attract_stopping'====== Args={}
2025-07-06 15:22:48,157 : INFO : Mode.attract : Stopped.
2025-07-06 15:22:48,157 : INFO : EventManager : Event: ======'modes_active_modes_changed'====== Args={}
2025-07-06 15:22:48,158 : INFO : EventManager : Event: ======'mode_attract_stopped'====== Args={}
2025-07-06 15:22:48,158 : INFO : EventManager : Event: ======'clear'====== Args={'key': 'attract'}
2025-07-06 15:22:48,158 : INFO : Mode.game : Started. Priority: 20
2025-07-06 15:22:48,158 : INFO : EventManager : Event: ======'modes_active_modes_changed'====== Args={}
2025-07-06 15:22:48,159 : INFO : EventManager : Event: ======'mode_game_started'====== Args={'buttons': [], 'hold_time': 0.06593091599999923}
2025-07-06 15:22:48,159 : INFO : EventManager : Event: ======'game_will_start'====== Args={}
2025-07-06 15:22:48,160 : INFO : EventManager : Event: ======'game_starting'====== Args={'game': <Mode.game>}
2025-07-06 15:22:48,161 : INFO : EventManager : Unordered handler for class <Auditor> on event game_ended with priority 1. Handlers: [RegisteredHandler(callback=<bound method Auditor.disable of <Auditor>>, priority=1, kwargs={}, key=UUID('cdf9be92-0c13-4c55-aa9e-32482be76c0a'), condition=None, blocking_facility=None), RegisteredHandler(callback=<bound method Auditor._save_audits of <Auditor>>, priority=1, kwargs={}, key=UUID('fd0c1e95-375c-4841-90ec-e4b88ef85ad3'), condition=None, blocking_facility=None)]. The order of those handlers is not defined and they will be executed in random order. This might lead to race conditions and potential bugs.
2025-07-06 15:22:48,161 : INFO : EventManager : Event: ======'slide_awesome_slide_removed'====== Args={'_from_bcp': True}
2025-07-06 15:22:48,161 : INFO : EventManager : Event: ======'slide_press_start_removed'====== Args={'_from_bcp': True}
2025-07-06 15:22:48,161 : INFO : EventManager : Event: ======'slide_window_blank_active'====== Args={'_from_bcp': True}
2025-07-06 15:22:48,161 : INFO : EventManager : Event: ======'player_add_request'====== Args={}
2025-07-06 15:22:48,162 : INFO : EventManager : Event: ======'player_will_add'====== Args={'number': 1}
2025-07-06 15:22:48,162 : INFO : EventManager : Event: ======'player_adding'====== Args={'player': <Player 1>, 'number': 1}
2025-07-06 15:22:48,162 : INFO : EventManager : Event: ======'player_added'====== Args={'player': <Player 1>, 'num': 1}
2025-07-06 15:22:48,162 : INFO : Mode.game : Player added successfully. Total players: 1
2025-07-06 15:22:48,162 : INFO : EventManager : Event: ======'player_index'====== Args={'value': 0, 'prev_value': 0, 'change': 0, 'player_num': 1}
2025-07-06 15:22:48,162 : INFO : EventManager : Event: ======'player_number'====== Args={'value': 1, 'prev_value': 1, 'change': 0, 'player_num': 1}
2025-07-06 15:22:48,163 : INFO : EventManager : Event: ======'player_score'====== Args={'value': 0, 'prev_value': 0, 'change': 0, 'player_num': 1}
2025-07-06 15:22:48,163 : INFO : EventManager : Event: ======'game_started'====== Args={}
2025-07-06 15:22:48,163 : INFO : EventManager : Event: ======'player_turn_will_start'====== Args={'player': <Player 1>, 'number': 1}
2025-07-06 15:22:48,164 : INFO : EventManager : Event: ======'player_turn_starting'====== Args={'player': <Player 1>, 'number': 1}
2025-07-06 15:22:48,166 : INFO : EventManager : Event: ======'player_ball'====== Args={'value': 1, 'prev_value': 0, 'change': 1, 'player_num': 1}
2025-07-06 15:22:48,167 : INFO : EventManager : Event: ======'player_turn_started'====== Args={'player': <Player 1>, 'number': 1}
2025-07-06 15:22:48,170 : INFO : EventManager : Event: ======'ball_will_start'====== Args={'player': 1, 'ball': 1, 'balls_remaining': 2, 'is_extra_ball': False}
2025-07-06 15:22:48,171 : INFO : EventManager : Event: ======'ball_starting'====== Args={'player': 1, 'ball': 1, 'balls_remaining': 2, 'is_extra_ball': False}
2025-07-06 15:22:48,171 : INFO : EventManager : Event: ======'mode_base_will_start'====== Args={'queue': <QueuedEvent>, 'player': 1, 'ball': 1, 'balls_remaining': 2, 'is_extra_ball': False}
2025-07-06 15:22:48,171 : INFO : EventManager : Event: ======'player_shot_shot_right_outlane_enabled'====== Args={'value': True, 'prev_value': 0, 'change': 1, 'player_num': 1}
2025-07-06 15:22:48,171 : INFO : EventManager : Event: ======'player_shot_shot_right_inlane_enabled'====== Args={'value': True, 'prev_value': 0, 'change': 1, 'player_num': 1}
2025-07-06 15:22:48,172 : INFO : EventManager : Event: ======'player_shot_shot_left_inlane_1_enabled'====== Args={'value': True, 'prev_value': 0, 'change': 1, 'player_num': 1}
2025-07-06 15:22:48,172 : INFO : EventManager : Event: ======'player_shot_shot_left_inlane_2_enabled'====== Args={'value': True, 'prev_value': 0, 'change': 1, 'player_num': 1}
2025-07-06 15:22:48,172 : INFO : EventManager : Event: ======'player_shot_shot_left_outlane_enabled'====== Args={'value': True, 'prev_value': 0, 'change': 1, 'player_num': 1}
2025-07-06 15:22:48,172 : INFO : EventManager : Event: ======'player_shot_shot_pop1_enabled'====== Args={'value': True, 'prev_value': 0, 'change': 1, 'player_num': 1}
2025-07-06 15:22:48,173 : INFO : EventManager : Event: ======'player_shot_shot_pop2_enabled'====== Args={'value': True, 'prev_value': 0, 'change': 1, 'player_num': 1}
2025-07-06 15:22:48,173 : INFO : EventManager : Event: ======'player_shot_shot_pop3_enabled'====== Args={'value': True, 'prev_value': 0, 'change': 1, 'player_num': 1}
2025-07-06 15:22:48,173 : INFO : EventManager : Event: ======'player_shot_shot_pop4_enabled'====== Args={'value': True, 'prev_value': 0, 'change': 1, 'player_num': 1}
2025-07-06 15:22:48,173 : INFO : EventManager : Event: ======'player_shot_shot_pop5_enabled'====== Args={'value': True, 'prev_value': 0, 'change': 1, 'player_num': 1}
2025-07-06 15:22:48,174 : INFO : EventManager : Event: ======'mode_base_starting'====== Args={'queue': <QueuedEvent>, 'player': 1, 'ball': 1, 'balls_remaining': 2, 'is_extra_ball': False}
2025-07-06 15:22:48,174 : INFO : Mode.base : Started. Priority: 100
2025-07-06 15:22:48,174 : INFO : EventManager : Event: ======'modes_active_modes_changed'====== Args={}
2025-07-06 15:22:48,174 : INFO : EventManager : Event: ======'mode_base_started'====== Args={'queue': <QueuedEvent>, 'player': 1, 'ball': 1, 'balls_remaining': 2, 'is_extra_ball': False}
2025-07-06 15:22:48,175 : INFO : EventManager : Event: ======'balls_in_play'====== Args={'balls': 1}
2025-07-06 15:22:48,175 : INFO : EventManager : Event: ======'ball_started'====== Args={'player': 1, 'ball': 1, 'balls_remaining': 2, 'is_extra_ball': False}
2025-07-06 15:22:48,176 : INFO : EventManager : Event: ======'single_player_ball_started'====== Args={}
2025-07-06 15:22:48,176 : INFO : EventManager : Event: ======'ball_start_target'====== Args={'target': 'playfield'}
2025-07-06 15:22:48,176 : INFO : ball_device.bd_trough : Setting up player-controlled eject. Balls: 1, Target: <playfield.playfield>, player_controlled_eject_event: None
2025-07-06 15:22:48,176 : INFO : ball_device.bd_trough : Adding 1 ball(s) to the eject_queue with target <playfield.playfield>.
2025-07-06 15:22:48,177 : INFO : EventManager : Event: ======'balldevice_balls_available'====== Args={}
2025-07-06 15:22:48,177 : INFO : ball_device.bd_trough : State: waiting_for_target_ready
2025-07-06 15:22:48,177 : INFO : EventManager : Event: ======'balldevice_bd_trough_ball_eject_attempt'====== Args={'balls': 1, 'target': <playfield.playfield>, 'source': <ball_device.bd_trough>, 'mechanical_eject': False, 'num_attempts': 0}
2025-07-06 15:22:48,177 : INFO : ball_device.bd_trough : State: ejecting
2025-07-06 15:22:48,178 : INFO : ball_device.bd_trough : Ejecting ball to <playfield.playfield>
2025-07-06 15:22:48,178 : INFO : EventManager : Event: ======'balldevice_bd_trough_ejecting_ball'====== Args={'balls': 1, 'target': <playfield.playfield>, 'source': <ball_device.bd_trough>, 'mechanical_eject': False, 'num_attempts': 0}
2025-07-06 15:22:48,179 : INFO : ball_device.bd_trough : Wait for ball to leave device
2025-07-06 15:22:48,179 : INFO : coil.c_trough_eject : Pulsing Driver for 35ms (1.0 pulse_power)
2025-07-06 15:22:48,179 : INFO : SwitchController : <<<<<<< 's_trough1' inactive >>>>>>>
2025-07-06 15:22:48,179 : INFO : ball_device.bd_trough : State: ball_left
2025-07-06 15:22:48,179 : INFO : ball_device.bd_trough : Ball left
2025-07-06 15:22:48,179 : INFO : ball_device.bd_trough : Wait for confirm with timeout 10.0
2025-07-06 15:22:48,191 : INFO : EventManager : Event: ======'slide_base.slide_player-mode_base_started_created'====== Args={'_from_bcp': True}
2025-07-06 15:22:48,192 : INFO : EventManager : Event: ======'slide_base.slide_player-mode_base_started_active'====== Args={'_from_bcp': True}
2025-07-06 15:22:51,804 : INFO : SwitchController : <<<<<<< 's_right_inlane' active >>>>>>>
2025-07-06 15:22:51,804 : INFO : EventManager : Event: ======'playfield_active'====== Args={'source': 'shot_right_inlane'}
2025-07-06 15:22:51,805 : INFO : EventManager : Event: ======'s_right_inlane_active'====== Args={}
2025-07-06 15:22:51,805 : INFO : EventManager : Event: ======'sw_playfield_active'====== Args={}
2025-07-06 15:22:51,806 : INFO : EventManager : Event: ======'machine_var_audits_switches_s_right_inlane'====== Args={'value': 88, 'prev_value': 87, 'change': 1}
2025-07-06 15:22:51,807 : INFO : EventManager : Event: ======'player_shot_shot_right_inlane'====== Args={'value': 1, 'prev_value': 0, 'change': 1, 'player_num': 1}
2025-07-06 15:22:51,808 : INFO : EventManager : Event: ======'machine_var_audits_shots_shot_right_inlane'====== Args={'value': 1, 'prev_value': None, 'change': True}
2025-07-06 15:22:51,808 : INFO : EventManager : Event: ======'shot_right_inlane_hit'====== Args={'profile': 'default', 'state': 'unlit', 'advancing': True}
2025-07-06 15:22:51,808 : INFO : EventManager : Event: ======'shot_right_inlane_default_hit'====== Args={'profile': 'default', 'state': 'unlit', 'advancing': True}
2025-07-06 15:22:51,809 : INFO : EventManager : Event: ======'shot_right_inlane_default_unlit_hit'====== Args={'profile': 'default', 'state': 'unlit', 'advancing': True}
2025-07-06 15:22:51,809 : INFO : EventManager : Event: ======'shot_right_inlane_unlit_hit'====== Args={'profile': 'default', 'state': 'unlit', 'advancing': True}
2025-07-06 15:22:51,809 : INFO : EventManager : Event: ======'playfield_active'====== Args={'source': None}
2025-07-06 15:22:51,814 : INFO : ball_device.bd_trough : Got eject confirm
2025-07-06 15:22:51,814 : INFO : ball_device.bd_trough : Eject successful
2025-07-06 15:22:51,814 : INFO : EventManager : Event: ======'balldevice_bd_trough_ball_eject_success'====== Args={'balls': 1, 'target': <playfield.playfield>}
2025-07-06 15:22:51,815 : INFO : EventManager : Event: ======'balldevice_playfield_ball_enter'====== Args={'new_balls': 1, 'unclaimed_balls': 1, 'device': <playfield.playfield>}
2025-07-06 15:22:51,815 : INFO : EventManager : Event: ======'playfield_ball_count_change'====== Args={'balls': 1, 'change': 1}
2025-07-06 15:22:51,815 : INFO : EventManager : Event: ======'balldevice_bd_trough_ball_count_changed'====== Args={'balls': 0}
2025-07-06 15:22:51,816 : INFO : ball_device.bd_trough : State: idle
2025-07-06 15:22:51,908 : INFO : SwitchController : <<<<<<< 's_right_inlane' inactive >>>>>>>
2025-07-06 15:22:55,251 : INFO : SwitchController : <<<<<<< 's_target_g' active >>>>>>>
2025-07-06 15:22:55,251 : INFO : EventManager : Event: ======'sw_playfield_active'====== Args={}
2025-07-06 15:22:55,251 : INFO : EventManager : Event: ======'machine_var_audits_switches_s_target_g'====== Args={'value': 2, 'prev_value': 1, 'change': 1}
2025-07-06 15:22:55,350 : INFO : SwitchController : <<<<<<< 's_target_g' inactive >>>>>>>
2025-07-06 15:22:56,571 : INFO : SwitchController : <<<<<<< 's_target_g' active >>>>>>>
2025-07-06 15:22:56,571 : INFO : EventManager : Event: ======'sw_playfield_active'====== Args={}
2025-07-06 15:22:56,571 : INFO : EventManager : Event: ======'machine_var_audits_switches_s_target_g'====== Args={'value': 3, 'prev_value': 2, 'change': 1}
2025-07-06 15:22:56,688 : INFO : SwitchController : <<<<<<< 's_target_g' inactive >>>>>>>
2025-07-06 15:22:56,965 : INFO : SwitchController : <<<<<<< 's_target_g' active >>>>>>>
2025-07-06 15:22:56,966 : INFO : EventManager : Event: ======'sw_playfield_active'====== Args={}
2025-07-06 15:22:56,966 : INFO : EventManager : Event: ======'machine_var_audits_switches_s_target_g'====== Args={'value': 4, 'prev_value': 3, 'change': 1}
2025-07-06 15:22:57,067 : INFO : SwitchController : <<<<<<< 's_target_g' inactive >>>>>>>
2025-07-06 15:23:05,091 : INFO : Machine : Shutting down...
2025-07-06 15:23:05,091 : INFO : EventManager : Event: ======'shutdown'====== Args={}
2025-07-06 15:23:05,094 : INFO : EventManager : Event: ======'mode_game_will_stop'====== Args={}
2025-07-06 15:23:05,095 : INFO : EventManager : Event: ======'mode_game_stopping'====== Args={}
2025-07-06 15:23:05,095 : INFO : EventManager : Event: ======'mode_base_will_stop'====== Args={}
2025-07-06 15:23:05,095 : INFO : EventManager : Event: ======'mode_base_stopping'====== Args={}
2025-07-06 15:23:05,096 : INFO : Mode.base : Stopped.
2025-07-06 15:23:05,096 : INFO : EventManager : Event: ======'modes_active_modes_changed'====== Args={}
2025-07-06 15:23:05,096 : INFO : EventManager : Event: ======'mode_base_stopped'====== Args={}
2025-07-06 15:23:05,096 : INFO : EventManager : Event: ======'clear'====== Args={'key': 'base'}
2025-07-06 15:23:05,097 : INFO : Mode.game : Stopped.
2025-07-06 15:23:05,097 : INFO : EventManager : Event: ======'modes_active_modes_changed'====== Args={}
2025-07-06 15:23:05,097 : INFO : EventManager : Event: ======'mode_game_stopped'====== Args={}
2025-07-06 15:23:05,097 : INFO : EventManager : Event: ======'clear'====== Args={'key': 'game'}
2025-07-06 15:23:05,107 : INFO : root : MPF run loop ended.
