2025-07-06 18:12:17,448 : INFO : root : Loading config.
2025-07-06 18:12:17,450 : INFO : YamlMultifileConfigLoader : Machine config file #1: config.yaml
2025-07-06 18:12:17,450 : INFO : ConfigProcessor : Loading config from cache: /var/folders/9g/7xjb17l959g1fnq4pjl5c5p80000gn/T/1941ac2cbc7f60a15b77e866ee64bff5.mpf_cache
2025-07-06 18:12:17,450 : WARNING : ConfigProcessor : Config file in cache changed: /Users/ruben/Pinball/mpf-pinball/config/coils.yaml
2025-07-06 18:12:17,450 : INFO : ConfigProcessor : Loading config from file /Library/Frameworks/Python.framework/Versions/3.9/lib/python3.9/site-packages/mpf/mpfconfig.yaml.
2025-07-06 18:12:17,456 : INFO : ConfigProcessor : Loading config: /Library/Frameworks/Python.framework/Versions/3.9/lib/python3.9/site-packages/mpf/mpfconfig.yaml
2025-07-06 18:12:17,457 : INFO : ConfigProcessor : Loading config from file /Users/ruben/Pinball/mpf-pinball/config/config.yaml.
2025-07-06 18:12:17,457 : INFO : ConfigProcessor : Loading config: /Users/ruben/Pinball/mpf-pinball/config/config.yaml
2025-07-06 18:12:17,458 : INFO : ConfigProcessor : Loading config: /Users/ruben/Pinball/mpf-pinball/config/hardware.yaml
2025-07-06 18:12:17,458 : INFO : ConfigProcessor : Loading config: /Users/ruben/Pinball/mpf-pinball/config/switches.yaml
2025-07-06 18:12:17,459 : INFO : ConfigProcessor : Loading config: /Users/ruben/Pinball/mpf-pinball/config/coils.yaml
2025-07-06 18:12:17,461 : INFO : ConfigProcessor : Loading config: /Users/ruben/Pinball/mpf-pinball/config/lights.yaml
2025-07-06 18:12:17,462 : INFO : ConfigProcessor : Loading config: /Users/ruben/Pinball/mpf-pinball/config/devices.yaml
2025-07-06 18:12:17,463 : INFO : ConfigProcessor : Loading config: /Users/ruben/Pinball/mpf-pinball/config/images.yaml
2025-07-06 18:12:17,463 : INFO : ConfigProcessor : Loading config: /Users/ruben/Pinball/mpf-pinball/config/displays.yaml
2025-07-06 18:12:17,464 : INFO : ConfigProcessor : Loading config: /Users/ruben/Pinball/mpf-pinball/config/slides.yaml
2025-07-06 18:12:17,465 : INFO : ConfigProcessor : Loading config: /Users/ruben/Pinball/mpf-pinball/config/sounds.yaml
2025-07-06 18:12:17,466 : INFO : ConfigProcessor : Config file cache created: /var/folders/9g/7xjb17l959g1fnq4pjl5c5p80000gn/T/1941ac2cbc7f60a15b77e866ee64bff5.mpf_cache
2025-07-06 18:12:17,484 : INFO : ConfigProcessor : Loading config from cache: /var/folders/9g/7xjb17l959g1fnq4pjl5c5p80000gn/T/f574f59b1e0fcbb2258348220f26b9cc.mpf_cache
2025-07-06 18:12:17,485 : INFO : ConfigProcessor : Loading config from cache: /var/folders/9g/7xjb17l959g1fnq4pjl5c5p80000gn/T/edcc5f1d3215b377c9faab88c62e4ce0.mpf_cache
2025-07-06 18:12:17,485 : INFO : ConfigProcessor : Loading config from cache: /var/folders/9g/7xjb17l959g1fnq4pjl5c5p80000gn/T/174d451d321a0971202b746018364536.mpf_cache
2025-07-06 18:12:17,485 : INFO : ConfigProcessor : Loading config from cache: /var/folders/9g/7xjb17l959g1fnq4pjl5c5p80000gn/T/f574f59b1e0fcbb2258348220f26b9cc.mpf_cache
2025-07-06 18:12:17,485 : INFO : ConfigProcessor : Loading config from cache: /var/folders/9g/7xjb17l959g1fnq4pjl5c5p80000gn/T/c284941e722380023d767d5e99e91837.mpf_cache
2025-07-06 18:12:17,486 : INFO : ConfigProcessor : Loading config from cache: /var/folders/9g/7xjb17l959g1fnq4pjl5c5p80000gn/T/eb471d6ccb0819d362663d6a8f2acf38.mpf_cache
2025-07-06 18:12:17,486 : INFO : ConfigProcessor : Loading config from cache: /var/folders/9g/7xjb17l959g1fnq4pjl5c5p80000gn/T/d59102b8edab9d29c936bc5103c31ce3.mpf_cache
2025-07-06 18:12:17,486 : INFO : ConfigProcessor : Loading config from cache: /var/folders/9g/7xjb17l959g1fnq4pjl5c5p80000gn/T/47fef8a1453daf1c032af9b266173dc7.mpf_cache
2025-07-06 18:12:17,486 : INFO : ConfigProcessor : Loading config from cache: /var/folders/9g/7xjb17l959g1fnq4pjl5c5p80000gn/T/099d4b18c0884da431b87dd690bf4c32.mpf_cache
2025-07-06 18:12:17,486 : INFO : ConfigProcessor : Loading config from cache: /var/folders/9g/7xjb17l959g1fnq4pjl5c5p80000gn/T/598981ad252bde5d57763e28fc8e8246.mpf_cache
2025-07-06 18:12:17,486 : INFO : ConfigProcessor : Loading config from cache: /var/folders/9g/7xjb17l959g1fnq4pjl5c5p80000gn/T/7d84a1dad0271550171325475a6e1af4.mpf_cache
2025-07-06 18:12:17,487 : INFO : ConfigProcessor : Loading config from cache: /var/folders/9g/7xjb17l959g1fnq4pjl5c5p80000gn/T/f238ae40b962a84c30d7301a20ca1dae.mpf_cache
2025-07-06 18:12:17,487 : INFO : ConfigProcessor : Loading config from cache: /var/folders/9g/7xjb17l959g1fnq4pjl5c5p80000gn/T/a93e216f51b341135614380ce5b2c95b.mpf_cache
2025-07-06 18:12:17,487 : INFO : ConfigProcessor : Loading config from cache: /var/folders/9g/7xjb17l959g1fnq4pjl5c5p80000gn/T/e915b2173a980311df13d8013999f00c.mpf_cache
2025-07-06 18:12:17,487 : INFO : ConfigProcessor : Loading config from cache: /var/folders/9g/7xjb17l959g1fnq4pjl5c5p80000gn/T/b77620ad9425e89373db73baff92c60d.mpf_cache
2025-07-06 18:12:17,487 : INFO : ConfigProcessor : Loading config from cache: /var/folders/9g/7xjb17l959g1fnq4pjl5c5p80000gn/T/6cae6b6ea93c164d5ebc3cde8d803411.mpf_cache
2025-07-06 18:12:17,487 : INFO : ConfigProcessor : Loading config from cache: /var/folders/9g/7xjb17l959g1fnq4pjl5c5p80000gn/T/3a6eacdb066bec064fdcba33a168c528.mpf_cache
2025-07-06 18:12:17,487 : INFO : Machine : Mission Pinball Framework Core Engine v0.57.3
2025-07-06 18:12:17,488 : INFO : Machine : Command line arguments: {'no_load_cache': False, 'create_config_cache': True, 'bcp': True, 'configfile': ['config.yaml'], 'force_assets_load': False, 'platform_integration_test': False, 'jsonlogging': False, 'logfile': 'logs/2025-07-06-18-12-17-mpf-ruben.home.log', 'pause': False, 'production': False, 'text_ui': True, 'loglevel': 15, 'consoleloglevel': 20, 'force_platform': 'smart_virtual', 'syslog_address': None, 'mc_file_name': None, 'no_sound': False}
2025-07-06 18:12:17,488 : INFO : Machine : MPF path: /Library/Frameworks/Python.framework/Versions/3.9/lib/python3.9/site-packages/mpf
2025-07-06 18:12:17,488 : INFO : Machine : Machine path: /Users/ruben/Pinball/mpf-pinball
2025-07-06 18:12:17,488 : INFO : Machine : Platform: darwin
2025-07-06 18:12:17,488 : INFO : Machine : Python executable location: /Library/Frameworks/Python.framework/Versions/3.9/bin/python3.9
2025-07-06 18:12:17,488 : INFO : Machine : Python version: 3.9.13 (64-bit)
2025-07-06 18:12:17,488 : INFO : Machine : Initializing MPF...
2025-07-06 18:12:17,504 : INFO : EventManager : Event: ======'machine_var_credits_string'====== Args={'value': 'FREE PLAY', 'prev_value': None, 'change': True}
2025-07-06 18:12:17,518 : INFO : EventManager : Event: ======'machine_var_master_volume'====== Args={'value': 0.5, 'prev_value': None, 'change': True}
2025-07-06 18:12:17,518 : INFO : EventManager : Event: ======'machine_var_player1_score'====== Args={'value': 0, 'prev_value': None, 'change': True}
2025-07-06 18:12:17,518 : INFO : EventManager : Event: ======'machine_var_mpf_version'====== Args={'value': 'Mission Pinball Framework v0.57.3', 'prev_value': None, 'change': True}
2025-07-06 18:12:17,518 : INFO : EventManager : Event: ======'machine_var_mpf_extended_version'====== Args={'value': 'Mission Pinball Framework v0.57.3, Config version:6, Show version: 6, BCP version:1.1', 'prev_value': None, 'change': True}
2025-07-06 18:12:17,518 : INFO : EventManager : Event: ======'machine_var_python_version'====== Args={'value': '3.9.13', 'prev_value': None, 'change': True}
2025-07-06 18:12:17,527 : INFO : EventManager : Event: ======'machine_var_platform'====== Args={'value': 'macOS-15.5-arm64-arm-64bit', 'prev_value': None, 'change': True}
2025-07-06 18:12:17,527 : INFO : EventManager : Event: ======'machine_var_platform_system'====== Args={'value': 'Darwin', 'prev_value': None, 'change': True}
2025-07-06 18:12:17,527 : INFO : EventManager : Event: ======'machine_var_platform_release'====== Args={'value': '24.5.0', 'prev_value': None, 'change': True}
2025-07-06 18:12:17,527 : INFO : EventManager : Event: ======'machine_var_platform_version'====== Args={'value': 'Darwin Kernel Version 24.5.0: Tue Apr 22 19:54:49 PDT 2025; root:xnu-11417.121.6~2/RELEASE_ARM64_T6000', 'prev_value': None, 'change': True}
2025-07-06 18:12:17,527 : INFO : EventManager : Event: ======'machine_var_platform_machine'====== Args={'value': 'arm64', 'prev_value': None, 'change': True}
2025-07-06 18:12:17,527 : INFO : EventManager : Event: ======'init_phase_1'====== Args={}
2025-07-06 18:12:17,539 : INFO : EventManager : Event: ======'init_phase_2'====== Args={}
2025-07-06 18:12:17,542 : INFO : EventManager : Event: ======'bcp_connection_attempt'====== Args={'name': 'local_display', 'host': 'localhost', 'port': 5050}
2025-07-06 18:12:17,543 : INFO : BCPClientSocket : Connecting BCP to 'local_display' at localhost:5050...
2025-07-06 18:12:18,566 : INFO : BCPClientSocket : Connected BCP to 'local_display' localhost:5050
2025-07-06 18:12:18,566 : INFO : EventManager : Event: ======'bcp_clients_connected'====== Args={}
2025-07-06 18:12:18,568 : INFO : ball_device.bd_trough : BCH: Initial count: 0
2025-07-06 18:12:18,568 : INFO : ball_device.bd_trough : State: idle
2025-07-06 18:12:18,572 : INFO : EventManager : Event: ======'init_phase_3'====== Args={}
2025-07-06 18:12:18,577 : INFO : EventManager : Event: ======'init_phase_4'====== Args={}
2025-07-06 18:12:18,577 : INFO : EventManager : Event: ======'machine_var_mc_version'====== Args={'value': 'MPF-MC v0.57.1', 'prev_value': None, 'change': True}
2025-07-06 18:12:18,577 : INFO : EventManager : Event: ======'machine_var_mc_extended_version'====== Args={'value': 'MPF-MC v0.57.1 (config_version=6, BCP v1.1,                      Requires MPF API compatibility v0.57.0 or newer)', 'prev_value': None, 'change': True}
2025-07-06 18:12:18,583 : INFO : BallController : Initial balls found: 0
2025-07-06 18:12:18,583 : INFO : EventManager : Event: ======'machine_var_audits_events_game_ended'====== Args={'value': 53, 'prev_value': None, 'change': True}
2025-07-06 18:12:18,583 : INFO : EventManager : Event: ======'machine_var_audits_events_game_started'====== Args={'value': 203, 'prev_value': None, 'change': True}
2025-07-06 18:12:18,583 : INFO : EventManager : Event: ======'machine_var_audits_missing_switches_s_center_scoop'====== Args={'value': 51, 'prev_value': None, 'change': True}
2025-07-06 18:12:18,583 : INFO : EventManager : Event: ======'machine_var_audits_missing_switches_s_left_flipper'====== Args={'value': 103, 'prev_value': None, 'change': True}
2025-07-06 18:12:18,584 : INFO : EventManager : Event: ======'machine_var_audits_missing_switches_s_left_inlane_1'====== Args={'value': 53, 'prev_value': None, 'change': True}
2025-07-06 18:12:18,584 : INFO : EventManager : Event: ======'machine_var_audits_missing_switches_s_left_inlane_2'====== Args={'value': 53, 'prev_value': None, 'change': True}
2025-07-06 18:12:18,584 : INFO : EventManager : Event: ======'machine_var_audits_missing_switches_s_left_outlane'====== Args={'value': 53, 'prev_value': None, 'change': True}
2025-07-06 18:12:18,584 : INFO : EventManager : Event: ======'machine_var_audits_missing_switches_s_left_slingshot'====== Args={'value': 1, 'prev_value': None, 'change': True}
2025-07-06 18:12:18,584 : INFO : EventManager : Event: ======'machine_var_audits_missing_switches_s_pop1'====== Args={'value': 114, 'prev_value': None, 'change': True}
2025-07-06 18:12:18,584 : INFO : EventManager : Event: ======'machine_var_audits_missing_switches_s_pop2'====== Args={'value': 114, 'prev_value': None, 'change': True}
2025-07-06 18:12:18,584 : INFO : EventManager : Event: ======'machine_var_audits_missing_switches_s_pop3'====== Args={'value': 114, 'prev_value': None, 'change': True}
2025-07-06 18:12:18,584 : INFO : EventManager : Event: ======'machine_var_audits_missing_switches_s_pop4'====== Args={'value': 103, 'prev_value': None, 'change': True}
2025-07-06 18:12:18,584 : INFO : EventManager : Event: ======'machine_var_audits_missing_switches_s_pop5'====== Args={'value': 57, 'prev_value': None, 'change': True}
2025-07-06 18:12:18,584 : INFO : EventManager : Event: ======'machine_var_audits_missing_switches_s_right_flipper'====== Args={'value': 102, 'prev_value': None, 'change': True}
2025-07-06 18:12:18,585 : INFO : EventManager : Event: ======'machine_var_audits_missing_switches_s_right_inlane'====== Args={'value': 52, 'prev_value': None, 'change': True}
2025-07-06 18:12:18,585 : INFO : EventManager : Event: ======'machine_var_audits_missing_switches_s_right_outlane'====== Args={'value': 53, 'prev_value': None, 'change': True}
2025-07-06 18:12:18,585 : INFO : EventManager : Event: ======'machine_var_audits_missing_switches_s_right_slingshot'====== Args={'value': 1, 'prev_value': None, 'change': True}
2025-07-06 18:12:18,585 : INFO : EventManager : Event: ======'machine_var_audits_missing_switches_s_startButton'====== Args={'value': 93, 'prev_value': None, 'change': True}
2025-07-06 18:12:18,585 : INFO : EventManager : Event: ======'machine_var_audits_missing_switches_s_trough1'====== Args={'value': 96, 'prev_value': None, 'change': True}
2025-07-06 18:12:18,585 : INFO : EventManager : Event: ======'machine_var_audits_missing_switches_s_trough2'====== Args={'value': 10, 'prev_value': None, 'change': True}
2025-07-06 18:12:18,585 : INFO : EventManager : Event: ======'machine_var_audits_missing_switches_s_trough3'====== Args={'value': 10, 'prev_value': None, 'change': True}
2025-07-06 18:12:18,585 : INFO : EventManager : Event: ======'machine_var_audits_missing_switches_s_trough4'====== Args={'value': 10, 'prev_value': None, 'change': True}
2025-07-06 18:12:18,585 : INFO : EventManager : Event: ======'machine_var_audits_missing_switches_s_trough5'====== Args={'value': 9, 'prev_value': None, 'change': True}
2025-07-06 18:12:18,585 : INFO : EventManager : Event: ======'machine_var_audits_player_score'====== Args={'value': {'average': 0, 'top': [0, 0, 0, 0, 0, 0, 0, 0, 0, 0], 'total': 53}, 'prev_value': None, 'change': True}
2025-07-06 18:12:18,585 : INFO : EventManager : Event: ======'machine_var_audits_shots_my_first_shot'====== Args={'value': 5, 'prev_value': None, 'change': True}
2025-07-06 18:12:18,585 : INFO : EventManager : Event: ======'machine_var_audits_shots_shot_right_inlane'====== Args={'value': 1, 'prev_value': None, 'change': True}
2025-07-06 18:12:18,586 : INFO : EventManager : Event: ======'machine_var_audits_shots_shot_right_scoop'====== Args={'value': 1158448, 'prev_value': None, 'change': True}
2025-07-06 18:12:18,586 : INFO : EventManager : Event: ======'machine_var_audits_shots_shot_target_g'====== Args={'value': 126, 'prev_value': None, 'change': True}
2025-07-06 18:12:18,586 : INFO : EventManager : Event: ======'machine_var_audits_shots_shot_target_r'====== Args={'value': 133, 'prev_value': None, 'change': True}
2025-07-06 18:12:18,586 : INFO : EventManager : Event: ======'machine_var_audits_switches_s_center_scoop'====== Args={'value': 4, 'prev_value': None, 'change': True}
2025-07-06 18:12:18,586 : INFO : EventManager : Event: ======'machine_var_audits_switches_s_drop_bank1'====== Args={'value': 140, 'prev_value': None, 'change': True}
2025-07-06 18:12:18,586 : INFO : EventManager : Event: ======'machine_var_audits_switches_s_left_flipper'====== Args={'value': 2284, 'prev_value': None, 'change': True}
2025-07-06 18:12:18,586 : INFO : EventManager : Event: ======'machine_var_audits_switches_s_left_inlane1'====== Args={'value': 2, 'prev_value': None, 'change': True}
2025-07-06 18:12:18,586 : INFO : EventManager : Event: ======'machine_var_audits_switches_s_left_inlane2'====== Args={'value': 2, 'prev_value': None, 'change': True}
2025-07-06 18:12:18,587 : INFO : EventManager : Event: ======'machine_var_audits_switches_s_left_inlane_1'====== Args={'value': 1, 'prev_value': None, 'change': True}
2025-07-06 18:12:18,587 : INFO : EventManager : Event: ======'machine_var_audits_switches_s_left_inlane_2'====== Args={'value': 2, 'prev_value': None, 'change': True}
2025-07-06 18:12:18,587 : INFO : EventManager : Event: ======'machine_var_audits_switches_s_left_outlane'====== Args={'value': 1, 'prev_value': None, 'change': True}
2025-07-06 18:12:18,587 : INFO : EventManager : Event: ======'machine_var_audits_switches_s_left_slingshot'====== Args={'value': 434, 'prev_value': None, 'change': True}
2025-07-06 18:12:18,587 : INFO : EventManager : Event: ======'machine_var_audits_switches_s_plunger'====== Args={'value': 5, 'prev_value': None, 'change': True}
2025-07-06 18:12:18,587 : INFO : EventManager : Event: ======'machine_var_audits_switches_s_pop1'====== Args={'value': 0, 'prev_value': None, 'change': True}
2025-07-06 18:12:18,587 : INFO : EventManager : Event: ======'machine_var_audits_switches_s_pop2'====== Args={'value': 0, 'prev_value': None, 'change': True}
2025-07-06 18:12:18,588 : INFO : EventManager : Event: ======'machine_var_audits_switches_s_pop3'====== Args={'value': 0, 'prev_value': None, 'change': True}
2025-07-06 18:12:18,588 : INFO : EventManager : Event: ======'machine_var_audits_switches_s_pop4'====== Args={'value': 3, 'prev_value': None, 'change': True}
2025-07-06 18:12:18,588 : INFO : EventManager : Event: ======'machine_var_audits_switches_s_pop5'====== Args={'value': 4, 'prev_value': None, 'change': True}
2025-07-06 18:12:18,588 : INFO : EventManager : Event: ======'machine_var_audits_switches_s_pop_bot'====== Args={'value': 426, 'prev_value': None, 'change': True}
2025-07-06 18:12:18,588 : INFO : EventManager : Event: ======'machine_var_audits_switches_s_pop_mid'====== Args={'value': 351, 'prev_value': None, 'change': True}
2025-07-06 18:12:18,588 : INFO : EventManager : Event: ======'machine_var_audits_switches_s_pop_top'====== Args={'value': 302, 'prev_value': None, 'change': True}
2025-07-06 18:12:18,588 : INFO : EventManager : Event: ======'machine_var_audits_switches_s_right_flipper'====== Args={'value': 2339, 'prev_value': None, 'change': True}
2025-07-06 18:12:18,589 : INFO : EventManager : Event: ======'machine_var_audits_switches_s_right_inlane'====== Args={'value': 88, 'prev_value': None, 'change': True}
2025-07-06 18:12:18,589 : INFO : EventManager : Event: ======'machine_var_audits_switches_s_right_outlane'====== Args={'value': 4, 'prev_value': None, 'change': True}
2025-07-06 18:12:18,589 : INFO : EventManager : Event: ======'machine_var_audits_switches_s_right_scoop'====== Args={'value': 265, 'prev_value': None, 'change': True}
2025-07-06 18:12:18,589 : INFO : EventManager : Event: ======'machine_var_audits_switches_s_right_slingshot'====== Args={'value': 376, 'prev_value': None, 'change': True}
2025-07-06 18:12:18,589 : INFO : EventManager : Event: ======'machine_var_audits_switches_s_scoop_center'====== Args={'value': 2, 'prev_value': None, 'change': True}
2025-07-06 18:12:18,589 : INFO : EventManager : Event: ======'machine_var_audits_switches_s_scoop_lower'====== Args={'value': 220, 'prev_value': None, 'change': True}
2025-07-06 18:12:18,590 : INFO : EventManager : Event: ======'machine_var_audits_switches_s_scoop_right'====== Args={'value': 1, 'prev_value': None, 'change': True}
2025-07-06 18:12:18,590 : INFO : EventManager : Event: ======'machine_var_audits_switches_s_shooter_lane'====== Args={'value': 15, 'prev_value': None, 'change': True}
2025-07-06 18:12:18,590 : INFO : EventManager : Event: ======'machine_var_audits_switches_s_startButton'====== Args={'value': 37, 'prev_value': None, 'change': True}
2025-07-06 18:12:18,590 : INFO : EventManager : Event: ======'machine_var_audits_switches_s_target_g'====== Args={'value': 130, 'prev_value': None, 'change': True}
2025-07-06 18:12:18,590 : INFO : EventManager : Event: ======'machine_var_audits_switches_s_target_r'====== Args={'value': 133, 'prev_value': None, 'change': True}
2025-07-06 18:12:18,590 : INFO : EventManager : Event: ======'machine_var_audits_switches_s_trough1'====== Args={'value': 318, 'prev_value': None, 'change': True}
2025-07-06 18:12:18,590 : INFO : EventManager : Event: ======'machine_var_audits_switches_s_trough2'====== Args={'value': 1, 'prev_value': None, 'change': True}
2025-07-06 18:12:18,591 : INFO : EventManager : Event: ======'machine_var_audits_switches_s_trough3'====== Args={'value': 1, 'prev_value': None, 'change': True}
2025-07-06 18:12:18,591 : INFO : EventManager : Event: ======'machine_var_audits_switches_s_trough4'====== Args={'value': 1, 'prev_value': None, 'change': True}
2025-07-06 18:12:18,591 : INFO : EventManager : Event: ======'machine_var_audits_switches_s_trough5'====== Args={'value': 1, 'prev_value': None, 'change': True}
2025-07-06 18:12:18,592 : INFO : EventManager : Event: ======'init_phase_5'====== Args={}
2025-07-06 18:12:18,592 : INFO : EventManager : Event: ======'init_done'====== Args={}
2025-07-06 18:12:18,592 : INFO : EventManager : Event: ======'machine_reset_phase_1'====== Args={}
2025-07-06 18:12:18,603 : INFO : EventManager : Event: ======'machine_reset_phase_2'====== Args={}
2025-07-06 18:12:18,603 : INFO : EventManager : Event: ======'machine_reset_phase_3'====== Args={}
2025-07-06 18:12:18,603 : INFO : EventManager : Event: ======'reset_complete'====== Args={}
2025-07-06 18:12:18,603 : INFO : EventManager : Event: ======'mode_attract_will_start'====== Args={}
2025-07-06 18:12:18,604 : INFO : EventManager : Event: ======'mode_attract_starting'====== Args={}
2025-07-06 18:12:18,604 : INFO : Mode.attract : Started. Priority: 10
2025-07-06 18:12:18,604 : INFO : EventManager : Event: ======'modes_active_modes_changed'====== Args={}
2025-07-06 18:12:18,604 : INFO : EventManager : Event: ======'mode_attract_started'====== Args={}
2025-07-06 18:12:18,604 : INFO : EventManager : Event: ======'collecting_balls_complete'====== Args={}
2025-07-06 18:12:18,605 : INFO : Machine : Starting the main run loop with active modes: [<Mode.attract>]
2025-07-06 18:12:18,618 : INFO : EventManager : Event: ======'slide_awesome_slide_created'====== Args={'_from_bcp': True}
2025-07-06 18:12:18,630 : INFO : EventManager : Event: ======'slide_awesome_slide_active'====== Args={'_from_bcp': True}
2025-07-06 18:12:19,123 : INFO : BcpServer : New client connected.
2025-07-06 18:12:21,634 : INFO : EventManager : Event: ======'slide_press_start_created'====== Args={'_from_bcp': True}
2025-07-06 18:12:21,638 : INFO : EventManager : Event: ======'slide_press_start_active'====== Args={'_from_bcp': True}
2025-07-06 18:12:29,625 : INFO : EventManager : Event: ======'slide_last_game_score_slide_created'====== Args={'_from_bcp': True}
2025-07-06 18:12:29,628 : INFO : EventManager : Event: ======'slide_last_game_score_slide_active'====== Args={'_from_bcp': True}
2025-07-06 18:12:32,618 : INFO : EventManager : Event: ======'slide_awesome_slide_removed'====== Args={'_from_bcp': True}
2025-07-06 18:12:32,619 : INFO : EventManager : Event: ======'slide_awesome_slide_created'====== Args={'_from_bcp': True}
2025-07-06 18:12:32,624 : INFO : EventManager : Event: ======'slide_awesome_slide_active'====== Args={'_from_bcp': True}
2025-07-06 18:12:34,345 : INFO : SwitchController : <<<<<<< 's_trough1' active >>>>>>>
2025-07-06 18:12:34,847 : INFO : EventManager : Event: ======'balldevice_bd_trough_ball_count_changed'====== Args={'balls': 1}
2025-07-06 18:12:34,848 : INFO : ball_device.bd_trough : Received unexpected ball
2025-07-06 18:12:34,848 : INFO : EventManager : Event: ======'balldevice_captured_from_playfield'====== Args={'balls': 1}
2025-07-06 18:12:34,849 : INFO : EventManager : Event: ======'sw_playfield_active'====== Args={'balls': 1}
2025-07-06 18:12:34,850 : INFO : EventManager : Event: ======'playfield_active'====== Args={'source': None}
2025-07-06 18:12:34,850 : INFO : EventManager : Event: ======'unexpected_ball_on_playfield'====== Args={}
2025-07-06 18:12:34,850 : INFO : EventManager : Event: ======'playfield_ball_count_change'====== Args={'balls': -1, 'change': -1}
2025-07-06 18:12:34,851 : INFO : EventManager : Event: ======'balldevice_playfield_ball_enter'====== Args={'new_balls': 1, 'unclaimed_balls': 1, 'device': <playfield.playfield>}
2025-07-06 18:12:34,852 : INFO : EventManager : Event: ======'playfield_ball_count_change'====== Args={'balls': 0, 'change': 1}
2025-07-06 18:12:34,852 : INFO : BallController : Found a new ball which was captured from playfield. Known balls: 1
2025-07-06 18:12:34,852 : INFO : EventManager : Event: ======'found_new_ball'====== Args={}
2025-07-06 18:12:34,852 : INFO : EventManager : Event: ======'balldevice_bd_trough_ball_enter'====== Args={'new_balls': 1, 'unclaimed_balls': 1, 'new_available_balls': 1, 'device': <ball_device.bd_trough>}
2025-07-06 18:12:34,853 : INFO : EventManager : Event: ======'ball_drain'====== Args={'device': <ball_device.bd_trough>, 'balls': 1}
2025-07-06 18:12:34,854 : INFO : EventManager : Event: ======'balldevice_balls_available'====== Args={}
2025-07-06 18:12:34,855 : INFO : EventManager : Event: ======'balldevice_bd_trough_ball_entered'====== Args={'new_balls': 1, 'device': <ball_device.bd_trough>}
2025-07-06 18:12:35,615 : INFO : EventManager : Event: ======'slide_press_start_removed'====== Args={'_from_bcp': True}
2025-07-06 18:12:35,619 : INFO : EventManager : Event: ======'slide_press_start_created'====== Args={'_from_bcp': True}
2025-07-06 18:12:35,627 : INFO : EventManager : Event: ======'slide_press_start_active'====== Args={'_from_bcp': True}
2025-07-06 18:12:35,780 : INFO : SwitchController : <<<<<<< 's_startButton' active >>>>>>>
2025-07-06 18:12:35,920 : INFO : SwitchController : <<<<<<< 's_startButton' inactive >>>>>>>
2025-07-06 18:12:35,920 : INFO : EventManager : Event: ======'request_to_start_game'====== Args={}
2025-07-06 18:12:35,921 : INFO : EventManager : Event: ======'game_start'====== Args={'buttons': [], 'hold_time': 0.13990187500000317}
2025-07-06 18:12:35,921 : INFO : EventManager : Event: ======'mode_game_will_start'====== Args={'buttons': [], 'hold_time': 0.13990187500000317}
2025-07-06 18:12:35,921 : INFO : EventManager : Event: ======'mode_game_starting'====== Args={'buttons': [], 'hold_time': 0.13990187500000317}
2025-07-06 18:12:35,921 : INFO : EventManager : Event: ======'mode_attract_will_stop'====== Args={}
2025-07-06 18:12:35,922 : INFO : EventManager : Event: ======'mode_attract_stopping'====== Args={}
2025-07-06 18:12:35,922 : INFO : Mode.attract : Stopped.
2025-07-06 18:12:35,922 : INFO : EventManager : Event: ======'modes_active_modes_changed'====== Args={}
2025-07-06 18:12:35,922 : INFO : EventManager : Event: ======'mode_attract_stopped'====== Args={}
2025-07-06 18:12:35,923 : INFO : EventManager : Event: ======'clear'====== Args={'key': 'attract'}
2025-07-06 18:12:35,923 : INFO : Mode.game : Started. Priority: 20
2025-07-06 18:12:35,923 : INFO : EventManager : Event: ======'modes_active_modes_changed'====== Args={}
2025-07-06 18:12:35,923 : INFO : EventManager : Event: ======'mode_game_started'====== Args={'buttons': [], 'hold_time': 0.13990187500000317}
2025-07-06 18:12:35,923 : INFO : EventManager : Event: ======'game_will_start'====== Args={}
2025-07-06 18:12:35,924 : INFO : EventManager : Event: ======'game_starting'====== Args={'game': <Mode.game>}
2025-07-06 18:12:35,924 : INFO : EventManager : Unordered handler for class <Auditor> on event game_ended with priority 1. Handlers: [RegisteredHandler(callback=<bound method Auditor.disable of <Auditor>>, priority=1, kwargs={}, key=UUID('7571a5df-f02f-4bd9-9188-8ddad440a4f9'), condition=None, blocking_facility=None), RegisteredHandler(callback=<bound method Auditor._save_audits of <Auditor>>, priority=1, kwargs={}, key=UUID('35696360-973d-45bd-931d-8c1f2b6fd310'), condition=None, blocking_facility=None)]. The order of those handlers is not defined and they will be executed in random order. This might lead to race conditions and potential bugs.
2025-07-06 18:12:35,924 : INFO : EventManager : Event: ======'player_add_request'====== Args={}
2025-07-06 18:12:35,924 : INFO : EventManager : Event: ======'player_will_add'====== Args={'number': 1}
2025-07-06 18:12:35,925 : INFO : EventManager : Event: ======'player_adding'====== Args={'player': <Player 1>, 'number': 1}
2025-07-06 18:12:35,925 : INFO : EventManager : Event: ======'player_added'====== Args={'player': <Player 1>, 'num': 1}
2025-07-06 18:12:35,925 : INFO : Mode.game : Player added successfully. Total players: 1
2025-07-06 18:12:35,925 : INFO : EventManager : Event: ======'player_index'====== Args={'value': 0, 'prev_value': 0, 'change': 0, 'player_num': 1}
2025-07-06 18:12:35,925 : INFO : EventManager : Event: ======'player_number'====== Args={'value': 1, 'prev_value': 1, 'change': 0, 'player_num': 1}
2025-07-06 18:12:35,925 : INFO : EventManager : Event: ======'player_score'====== Args={'value': 0, 'prev_value': 0, 'change': 0, 'player_num': 1}
2025-07-06 18:12:35,926 : INFO : EventManager : Event: ======'game_started'====== Args={}
2025-07-06 18:12:35,926 : INFO : EventManager : Event: ======'player_turn_will_start'====== Args={'player': <Player 1>, 'number': 1}
2025-07-06 18:12:35,926 : INFO : EventManager : Event: ======'player_turn_starting'====== Args={'player': <Player 1>, 'number': 1}
2025-07-06 18:12:35,929 : INFO : EventManager : Event: ======'player_ball'====== Args={'value': 1, 'prev_value': 0, 'change': 1, 'player_num': 1}
2025-07-06 18:12:35,929 : INFO : EventManager : Event: ======'player_turn_started'====== Args={'player': <Player 1>, 'number': 1}
2025-07-06 18:12:35,929 : INFO : EventManager : Event: ======'slide_last_game_score_slide_removed'====== Args={'_from_bcp': True}
2025-07-06 18:12:35,929 : INFO : EventManager : Event: ======'slide_awesome_slide_removed'====== Args={'_from_bcp': True}
2025-07-06 18:12:35,929 : INFO : EventManager : Event: ======'slide_press_start_removed'====== Args={'_from_bcp': True}
2025-07-06 18:12:35,930 : INFO : EventManager : Event: ======'slide_window_blank_active'====== Args={'_from_bcp': True}
2025-07-06 18:12:35,930 : INFO : EventManager : Event: ======'ball_will_start'====== Args={'player': 1, 'ball': 1, 'balls_remaining': 2, 'is_extra_ball': False}
2025-07-06 18:12:35,930 : INFO : EventManager : Event: ======'ball_starting'====== Args={'player': 1, 'ball': 1, 'balls_remaining': 2, 'is_extra_ball': False}
2025-07-06 18:12:35,930 : INFO : EventManager : Event: ======'mode_grave_targets_will_start'====== Args={'queue': <QueuedEvent>, 'player': 1, 'ball': 1, 'balls_remaining': 2, 'is_extra_ball': False}
2025-07-06 18:12:35,930 : INFO : EventManager : Event: ======'grave_targets_group_complete'====== Args={'state': 'None'}
2025-07-06 18:12:35,931 : INFO : EventManager : Event: ======'grave_targets_group_None_complete'====== Args={}
2025-07-06 18:12:35,931 : INFO : EventManager : Event: ======'player_shot_shot_target_g_enabled'====== Args={'value': True, 'prev_value': 0, 'change': 1, 'player_num': 1}
2025-07-06 18:12:35,931 : INFO : EventManager : Event: ======'player_shot_shot_target_r_enabled'====== Args={'value': True, 'prev_value': 0, 'change': 1, 'player_num': 1}
2025-07-06 18:12:35,932 : INFO : EventManager : Event: ======'player_shot_shot_right_scoop_enabled'====== Args={'value': True, 'prev_value': 0, 'change': 1, 'player_num': 1}
2025-07-06 18:12:35,933 : INFO : EventManager : Event: ======'mode_grave_targets_starting'====== Args={'queue': <QueuedEvent>, 'player': 1, 'ball': 1, 'balls_remaining': 2, 'is_extra_ball': False}
2025-07-06 18:12:35,933 : INFO : EventManager : Event: ======'mode_base_will_start'====== Args={'queue': <QueuedEvent>, 'player': 1, 'ball': 1, 'balls_remaining': 2, 'is_extra_ball': False}
2025-07-06 18:12:35,933 : INFO : EventManager : Event: ======'player_shot_shot_right_outlane_enabled'====== Args={'value': True, 'prev_value': 0, 'change': 1, 'player_num': 1}
2025-07-06 18:12:35,933 : INFO : EventManager : Event: ======'player_shot_shot_right_inlane_enabled'====== Args={'value': True, 'prev_value': 0, 'change': 1, 'player_num': 1}
2025-07-06 18:12:35,933 : INFO : EventManager : Event: ======'player_shot_shot_left_inlane_1_enabled'====== Args={'value': True, 'prev_value': 0, 'change': 1, 'player_num': 1}
2025-07-06 18:12:35,934 : INFO : EventManager : Event: ======'player_shot_shot_left_inlane_2_enabled'====== Args={'value': True, 'prev_value': 0, 'change': 1, 'player_num': 1}
2025-07-06 18:12:35,934 : INFO : EventManager : Event: ======'player_shot_shot_left_outlane_enabled'====== Args={'value': True, 'prev_value': 0, 'change': 1, 'player_num': 1}
2025-07-06 18:12:35,934 : INFO : EventManager : Event: ======'player_shot_shot_pop1_enabled'====== Args={'value': True, 'prev_value': 0, 'change': 1, 'player_num': 1}
2025-07-06 18:12:35,935 : INFO : EventManager : Event: ======'player_shot_shot_pop2_enabled'====== Args={'value': True, 'prev_value': 0, 'change': 1, 'player_num': 1}
2025-07-06 18:12:35,935 : INFO : EventManager : Event: ======'player_shot_shot_pop3_enabled'====== Args={'value': True, 'prev_value': 0, 'change': 1, 'player_num': 1}
2025-07-06 18:12:35,936 : INFO : EventManager : Event: ======'player_shot_shot_pop4_enabled'====== Args={'value': True, 'prev_value': 0, 'change': 1, 'player_num': 1}
2025-07-06 18:12:35,936 : INFO : EventManager : Event: ======'player_shot_shot_pop5_enabled'====== Args={'value': True, 'prev_value': 0, 'change': 1, 'player_num': 1}
2025-07-06 18:12:35,936 : INFO : EventManager : Event: ======'mode_base_starting'====== Args={'queue': <QueuedEvent>, 'player': 1, 'ball': 1, 'balls_remaining': 2, 'is_extra_ball': False}
2025-07-06 18:12:35,937 : INFO : Mode.base : Started. Priority: 100
2025-07-06 18:12:35,937 : INFO : EventManager : Event: ======'modes_active_modes_changed'====== Args={}
2025-07-06 18:12:35,937 : INFO : EventManager : Event: ======'mode_base_started'====== Args={'queue': <QueuedEvent>, 'player': 1, 'ball': 1, 'balls_remaining': 2, 'is_extra_ball': False}
2025-07-06 18:12:35,937 : INFO : Mode.grave_targets : Started. Priority: 200
2025-07-06 18:12:35,938 : INFO : EventManager : Event: ======'modes_active_modes_changed'====== Args={}
2025-07-06 18:12:35,938 : INFO : EventManager : Event: ======'mode_grave_targets_started'====== Args={'queue': <QueuedEvent>, 'player': 1, 'ball': 1, 'balls_remaining': 2, 'is_extra_ball': False}
2025-07-06 18:12:35,938 : INFO : EventManager : Event: ======'reset_targets'====== Args={'priority': 0}
2025-07-06 18:12:35,938 : INFO : EventManager : Event: ======'balls_in_play'====== Args={'balls': 1}
2025-07-06 18:12:35,938 : INFO : EventManager : Event: ======'ball_started'====== Args={'player': 1, 'ball': 1, 'balls_remaining': 2, 'is_extra_ball': False}
2025-07-06 18:12:35,941 : INFO : EventManager : Event: ======'single_player_ball_started'====== Args={}
2025-07-06 18:12:35,941 : INFO : EventManager : Event: ======'ball_start_target'====== Args={'target': 'playfield'}
2025-07-06 18:12:35,942 : INFO : ball_device.bd_trough : Setting up player-controlled eject. Balls: 1, Target: <playfield.playfield>, player_controlled_eject_event: None
2025-07-06 18:12:35,942 : INFO : ball_device.bd_trough : Adding 1 ball(s) to the eject_queue with target <playfield.playfield>.
2025-07-06 18:12:35,942 : INFO : EventManager : Event: ======'balldevice_balls_available'====== Args={}
2025-07-06 18:12:35,942 : INFO : ball_device.bd_trough : State: waiting_for_target_ready
2025-07-06 18:12:35,942 : INFO : EventManager : Event: ======'balldevice_bd_trough_ball_eject_attempt'====== Args={'balls': 1, 'target': <playfield.playfield>, 'source': <ball_device.bd_trough>, 'mechanical_eject': False, 'num_attempts': 0}
2025-07-06 18:12:35,943 : INFO : ball_device.bd_trough : State: ejecting
2025-07-06 18:12:35,943 : INFO : ball_device.bd_trough : Ejecting ball to <playfield.playfield>
2025-07-06 18:12:35,943 : INFO : EventManager : Event: ======'balldevice_bd_trough_ejecting_ball'====== Args={'balls': 1, 'target': <playfield.playfield>, 'source': <ball_device.bd_trough>, 'mechanical_eject': False, 'num_attempts': 0}
2025-07-06 18:12:35,943 : INFO : ball_device.bd_trough : Wait for ball to leave device
2025-07-06 18:12:35,943 : INFO : coil.c_trough_eject : Pulsing Driver for 35ms (1.0 pulse_power)
2025-07-06 18:12:35,943 : INFO : SwitchController : <<<<<<< 's_trough1' inactive >>>>>>>
2025-07-06 18:12:35,944 : INFO : ball_device.bd_trough : State: ball_left
2025-07-06 18:12:35,944 : INFO : ball_device.bd_trough : Ball left
2025-07-06 18:12:35,944 : INFO : ball_device.bd_trough : Wait for confirm with timeout 10.0
2025-07-06 18:12:35,947 : INFO : EventManager : Event: ======'slide_base.slide_player-mode_base_started_created'====== Args={'_from_bcp': True}
2025-07-06 18:12:35,947 : INFO : EventManager : Event: ======'slide_base.slide_player-mode_base_started_active'====== Args={'_from_bcp': True}
2025-07-06 18:12:37,970 : INFO : SwitchController : <<<<<<< 's_target_r' active >>>>>>>
2025-07-06 18:12:37,970 : INFO : EventManager : Event: ======'playfield_active'====== Args={'source': 'shot_target_r'}
2025-07-06 18:12:37,970 : INFO : EventManager : Event: ======'s_target_r_active'====== Args={}
2025-07-06 18:12:37,970 : INFO : EventManager : Event: ======'sw_playfield_active'====== Args={}
2025-07-06 18:12:37,970 : INFO : EventManager : Event: ======'machine_var_audits_switches_s_target_r'====== Args={'value': 134, 'prev_value': 133, 'change': 1}
2025-07-06 18:12:37,971 : INFO : EventManager : Event: ======'player_shot_shot_target_r'====== Args={'value': 1, 'prev_value': 0, 'change': 1, 'player_num': 1}
2025-07-06 18:12:37,972 : INFO : EventManager : Event: ======'machine_var_audits_shots_shot_target_r'====== Args={'value': 134, 'prev_value': 133, 'change': 1}
2025-07-06 18:12:37,972 : INFO : EventManager : Event: ======'shot_target_r_hit'====== Args={'profile': 'target_profile', 'state': 'unlit', 'advancing': True}
2025-07-06 18:12:37,975 : INFO : EventManager : Event: ======'shot_target_r_target_profile_hit'====== Args={'profile': 'target_profile', 'state': 'unlit', 'advancing': True}
2025-07-06 18:12:37,975 : INFO : EventManager : Event: ======'shot_target_r_target_profile_unlit_hit'====== Args={'profile': 'target_profile', 'state': 'unlit', 'advancing': True}
2025-07-06 18:12:37,975 : INFO : EventManager : Event: ======'shot_target_r_unlit_hit'====== Args={'profile': 'target_profile', 'state': 'unlit', 'advancing': True}
2025-07-06 18:12:37,975 : INFO : EventManager : Event: ======'player_score'====== Args={'value': 100, 'prev_value': 0, 'change': 100, 'player_num': 1, 'source': 'grave_targets'}
2025-07-06 18:12:37,976 : INFO : EventManager : Event: ======'grave_targets_group_hit'====== Args={}
2025-07-06 18:12:37,976 : INFO : EventManager : Event: ======'grave_targets_group_unlit_hit'====== Args={}
2025-07-06 18:12:37,976 : INFO : EventManager : Event: ======'playfield_active'====== Args={'source': None}
2025-07-06 18:12:37,977 : INFO : ball_device.bd_trough : Got eject confirm
2025-07-06 18:12:37,977 : INFO : ball_device.bd_trough : Eject successful
2025-07-06 18:12:37,977 : INFO : EventManager : Event: ======'balldevice_bd_trough_ball_eject_success'====== Args={'balls': 1, 'target': <playfield.playfield>}
2025-07-06 18:12:37,977 : INFO : EventManager : Event: ======'balldevice_playfield_ball_enter'====== Args={'new_balls': 1, 'unclaimed_balls': 1, 'device': <playfield.playfield>}
2025-07-06 18:12:37,977 : INFO : EventManager : Event: ======'playfield_ball_count_change'====== Args={'balls': 1, 'change': 1}
2025-07-06 18:12:37,978 : INFO : EventManager : Event: ======'balldevice_bd_trough_ball_count_changed'====== Args={'balls': 0}
2025-07-06 18:12:37,978 : INFO : ball_device.bd_trough : State: idle
2025-07-06 18:12:38,060 : INFO : SwitchController : <<<<<<< 's_target_r' inactive >>>>>>>
2025-07-06 18:12:39,528 : INFO : SwitchController : <<<<<<< 's_target_g' active >>>>>>>
2025-07-06 18:12:39,528 : INFO : EventManager : Event: ======'s_target_g_active'====== Args={}
2025-07-06 18:12:39,529 : INFO : EventManager : Event: ======'sw_playfield_active'====== Args={}
2025-07-06 18:12:39,529 : INFO : EventManager : Event: ======'machine_var_audits_switches_s_target_g'====== Args={'value': 131, 'prev_value': 130, 'change': 1}
2025-07-06 18:12:39,530 : INFO : EventManager : Event: ======'player_shot_shot_target_g'====== Args={'value': 1, 'prev_value': 0, 'change': 1, 'player_num': 1}
2025-07-06 18:12:39,531 : INFO : EventManager : Event: ======'machine_var_audits_shots_shot_target_g'====== Args={'value': 127, 'prev_value': 126, 'change': 1}
2025-07-06 18:12:39,531 : INFO : EventManager : Event: ======'shot_target_g_hit'====== Args={'profile': 'target_profile', 'state': 'unlit', 'advancing': True}
2025-07-06 18:12:39,532 : INFO : EventManager : Event: ======'shot_target_g_target_profile_hit'====== Args={'profile': 'target_profile', 'state': 'unlit', 'advancing': True}
2025-07-06 18:12:39,532 : INFO : EventManager : Event: ======'shot_target_g_target_profile_unlit_hit'====== Args={'profile': 'target_profile', 'state': 'unlit', 'advancing': True}
2025-07-06 18:12:39,532 : INFO : EventManager : Event: ======'shot_target_g_unlit_hit'====== Args={'profile': 'target_profile', 'state': 'unlit', 'advancing': True}
2025-07-06 18:12:39,532 : INFO : EventManager : Event: ======'grave_targets_group_complete'====== Args={'state': 'lit'}
2025-07-06 18:12:39,532 : INFO : EventManager : Event: ======'grave_targets_group_lit_complete'====== Args={}
2025-07-06 18:12:39,533 : INFO : EventManager : Event: ======'player_shot_shot_right_scoop'====== Args={'value': 1, 'prev_value': 0, 'change': 1, 'player_num': 1}
2025-07-06 18:12:39,533 : INFO : EventManager : Event: ======'player_score'====== Args={'value': 200, 'prev_value': 100, 'change': 100, 'player_num': 1, 'source': 'grave_targets'}
2025-07-06 18:12:39,534 : INFO : EventManager : Event: ======'grave_targets_group_hit'====== Args={}
2025-07-06 18:12:39,534 : INFO : EventManager : Event: ======'grave_targets_group_unlit_hit'====== Args={}
2025-07-06 18:12:39,660 : INFO : SwitchController : <<<<<<< 's_target_g' inactive >>>>>>>
2025-07-06 18:12:45,715 : INFO : SwitchController : <<<<<<< 's_right_scoop' active >>>>>>>
2025-07-06 18:12:45,715 : INFO : EventManager : Event: ======'s_right_scoop_active'====== Args={}
2025-07-06 18:12:45,715 : INFO : EventManager : Event: ======'sw_playfield_active'====== Args={}
2025-07-06 18:12:45,716 : INFO : EventManager : Event: ======'machine_var_audits_switches_s_right_scoop'====== Args={'value': 266, 'prev_value': 265, 'change': 1}
2025-07-06 18:12:45,717 : INFO : EventManager : Event: ======'machine_var_audits_shots_shot_right_scoop'====== Args={'value': 1158449, 'prev_value': 1158448, 'change': 1}
2025-07-06 18:12:45,717 : INFO : EventManager : Event: ======'shot_right_scoop_hit'====== Args={'profile': 'scoop_profile', 'state': 'lit', 'advancing': False}
2025-07-06 18:12:45,718 : INFO : EventManager : Event: ======'shot_right_scoop_scoop_profile_hit'====== Args={'profile': 'scoop_profile', 'state': 'lit', 'advancing': False}
2025-07-06 18:12:45,718 : INFO : EventManager : Event: ======'shot_right_scoop_scoop_profile_lit_hit'====== Args={'profile': 'scoop_profile', 'state': 'lit', 'advancing': False}
2025-07-06 18:12:45,722 : INFO : EventManager : Event: ======'shot_right_scoop_lit_hit'====== Args={'profile': 'scoop_profile', 'state': 'lit', 'advancing': False}
2025-07-06 18:12:45,722 : INFO : EventManager : Event: ======'reset_targets'====== Args={'priority': 0}
2025-07-06 18:12:45,723 : INFO : EventManager : Event: ======'player_score'====== Args={'value': 20200, 'prev_value': 200, 'change': 20000, 'player_num': 1, 'source': 'grave_targets'}
2025-07-06 18:12:45,723 : INFO : EventManager : Event: ======'player_shot_shot_target_g'====== Args={'value': 0, 'prev_value': 1, 'change': -1, 'player_num': 1}
2025-07-06 18:12:45,724 : INFO : EventManager : Event: ======'player_shot_shot_target_r'====== Args={'value': 0, 'prev_value': 1, 'change': -1, 'player_num': 1}
2025-07-06 18:12:45,724 : INFO : EventManager : Event: ======'player_shot_shot_right_scoop'====== Args={'value': 0, 'prev_value': 1, 'change': -1, 'player_num': 1}
2025-07-06 18:12:45,725 : INFO : EventManager : Event: ======'grave_targets_group_complete'====== Args={'state': 'unlit'}
2025-07-06 18:12:45,725 : INFO : EventManager : Event: ======'grave_targets_group_unlit_complete'====== Args={}
2025-07-06 18:12:45,831 : INFO : SwitchController : <<<<<<< 's_right_scoop' inactive >>>>>>>
2025-07-06 18:13:29,235 : INFO : SwitchController : <<<<<<< 's_target_r' active >>>>>>>
2025-07-06 18:13:29,235 : INFO : EventManager : Event: ======'s_target_r_active'====== Args={}
2025-07-06 18:13:29,235 : INFO : EventManager : Event: ======'sw_playfield_active'====== Args={}
2025-07-06 18:13:29,236 : INFO : EventManager : Event: ======'machine_var_audits_switches_s_target_r'====== Args={'value': 135, 'prev_value': 134, 'change': 1}
2025-07-06 18:13:29,237 : INFO : EventManager : Event: ======'player_shot_shot_target_r'====== Args={'value': 1, 'prev_value': 0, 'change': 1, 'player_num': 1}
2025-07-06 18:13:29,238 : INFO : EventManager : Event: ======'machine_var_audits_shots_shot_target_r'====== Args={'value': 135, 'prev_value': 134, 'change': 1}
2025-07-06 18:13:29,243 : INFO : EventManager : Event: ======'shot_target_r_hit'====== Args={'profile': 'target_profile', 'state': 'unlit', 'advancing': True}
2025-07-06 18:13:29,243 : INFO : EventManager : Event: ======'shot_target_r_target_profile_hit'====== Args={'profile': 'target_profile', 'state': 'unlit', 'advancing': True}
2025-07-06 18:13:29,243 : INFO : EventManager : Event: ======'shot_target_r_target_profile_unlit_hit'====== Args={'profile': 'target_profile', 'state': 'unlit', 'advancing': True}
2025-07-06 18:13:29,244 : INFO : EventManager : Event: ======'shot_target_r_unlit_hit'====== Args={'profile': 'target_profile', 'state': 'unlit', 'advancing': True}
2025-07-06 18:13:29,245 : INFO : EventManager : Event: ======'player_score'====== Args={'value': 20300, 'prev_value': 20200, 'change': 100, 'player_num': 1, 'source': 'grave_targets'}
2025-07-06 18:13:29,246 : INFO : EventManager : Event: ======'grave_targets_group_hit'====== Args={}
2025-07-06 18:13:29,246 : INFO : EventManager : Event: ======'grave_targets_group_unlit_hit'====== Args={}
2025-07-06 18:13:29,339 : INFO : SwitchController : <<<<<<< 's_target_r' inactive >>>>>>>
2025-07-06 18:13:30,476 : INFO : SwitchController : <<<<<<< 's_target_g' active >>>>>>>
2025-07-06 18:13:30,476 : INFO : EventManager : Event: ======'s_target_g_active'====== Args={}
2025-07-06 18:13:30,476 : INFO : EventManager : Event: ======'sw_playfield_active'====== Args={}
2025-07-06 18:13:30,477 : INFO : EventManager : Event: ======'machine_var_audits_switches_s_target_g'====== Args={'value': 132, 'prev_value': 131, 'change': 1}
2025-07-06 18:13:30,478 : INFO : EventManager : Event: ======'player_shot_shot_target_g'====== Args={'value': 1, 'prev_value': 0, 'change': 1, 'player_num': 1}
2025-07-06 18:13:30,479 : INFO : EventManager : Event: ======'machine_var_audits_shots_shot_target_g'====== Args={'value': 128, 'prev_value': 127, 'change': 1}
2025-07-06 18:13:30,479 : INFO : EventManager : Event: ======'shot_target_g_hit'====== Args={'profile': 'target_profile', 'state': 'unlit', 'advancing': True}
2025-07-06 18:13:30,480 : INFO : EventManager : Event: ======'shot_target_g_target_profile_hit'====== Args={'profile': 'target_profile', 'state': 'unlit', 'advancing': True}
2025-07-06 18:13:30,480 : INFO : EventManager : Event: ======'shot_target_g_target_profile_unlit_hit'====== Args={'profile': 'target_profile', 'state': 'unlit', 'advancing': True}
2025-07-06 18:13:30,480 : INFO : EventManager : Event: ======'shot_target_g_unlit_hit'====== Args={'profile': 'target_profile', 'state': 'unlit', 'advancing': True}
2025-07-06 18:13:30,481 : INFO : EventManager : Event: ======'grave_targets_group_complete'====== Args={'state': 'lit'}
2025-07-06 18:13:30,481 : INFO : EventManager : Event: ======'grave_targets_group_lit_complete'====== Args={}
2025-07-06 18:13:30,482 : INFO : EventManager : Event: ======'player_shot_shot_right_scoop'====== Args={'value': 1, 'prev_value': 0, 'change': 1, 'player_num': 1}
2025-07-06 18:13:30,484 : INFO : EventManager : Event: ======'player_score'====== Args={'value': 20400, 'prev_value': 20300, 'change': 100, 'player_num': 1, 'source': 'grave_targets'}
2025-07-06 18:13:30,484 : INFO : EventManager : Event: ======'grave_targets_group_hit'====== Args={}
2025-07-06 18:13:30,484 : INFO : EventManager : Event: ======'grave_targets_group_unlit_hit'====== Args={}
2025-07-06 18:13:30,572 : INFO : SwitchController : <<<<<<< 's_target_g' inactive >>>>>>>
2025-07-06 18:13:32,567 : INFO : SwitchController : <<<<<<< 's_right_scoop' active >>>>>>>
2025-07-06 18:13:32,567 : INFO : EventManager : Event: ======'s_right_scoop_active'====== Args={}
2025-07-06 18:13:32,567 : INFO : EventManager : Event: ======'sw_playfield_active'====== Args={}
2025-07-06 18:13:32,568 : INFO : EventManager : Event: ======'machine_var_audits_switches_s_right_scoop'====== Args={'value': 267, 'prev_value': 266, 'change': 1}
2025-07-06 18:13:32,569 : INFO : EventManager : Event: ======'machine_var_audits_shots_shot_right_scoop'====== Args={'value': 1158450, 'prev_value': 1158449, 'change': 1}
2025-07-06 18:13:32,569 : INFO : EventManager : Event: ======'shot_right_scoop_hit'====== Args={'profile': 'scoop_profile', 'state': 'lit', 'advancing': False}
2025-07-06 18:13:32,570 : INFO : EventManager : Event: ======'shot_right_scoop_scoop_profile_hit'====== Args={'profile': 'scoop_profile', 'state': 'lit', 'advancing': False}
2025-07-06 18:13:32,570 : INFO : EventManager : Event: ======'shot_right_scoop_scoop_profile_lit_hit'====== Args={'profile': 'scoop_profile', 'state': 'lit', 'advancing': False}
2025-07-06 18:13:32,570 : INFO : EventManager : Event: ======'shot_right_scoop_lit_hit'====== Args={'profile': 'scoop_profile', 'state': 'lit', 'advancing': False}
2025-07-06 18:13:32,570 : INFO : EventManager : Event: ======'reset_targets'====== Args={'priority': 0}
2025-07-06 18:13:32,570 : INFO : EventManager : Event: ======'player_score'====== Args={'value': 40400, 'prev_value': 20400, 'change': 20000, 'player_num': 1, 'source': 'grave_targets'}
2025-07-06 18:13:32,571 : INFO : EventManager : Event: ======'player_shot_shot_target_g'====== Args={'value': 0, 'prev_value': 1, 'change': -1, 'player_num': 1}
2025-07-06 18:13:32,573 : INFO : EventManager : Event: ======'player_shot_shot_target_r'====== Args={'value': 0, 'prev_value': 1, 'change': -1, 'player_num': 1}
2025-07-06 18:13:32,574 : INFO : EventManager : Event: ======'player_shot_shot_right_scoop'====== Args={'value': 0, 'prev_value': 1, 'change': -1, 'player_num': 1}
2025-07-06 18:13:32,574 : INFO : EventManager : Event: ======'grave_targets_group_complete'====== Args={'state': 'unlit'}
2025-07-06 18:13:32,574 : INFO : EventManager : Event: ======'grave_targets_group_unlit_complete'====== Args={}
2025-07-06 18:13:32,681 : INFO : SwitchController : <<<<<<< 's_right_scoop' inactive >>>>>>>
2025-07-06 18:13:34,509 : INFO : SwitchController : <<<<<<< 's_target_r' active >>>>>>>
2025-07-06 18:13:34,509 : INFO : EventManager : Event: ======'s_target_r_active'====== Args={}
2025-07-06 18:13:34,509 : INFO : EventManager : Event: ======'sw_playfield_active'====== Args={}
2025-07-06 18:13:34,510 : INFO : EventManager : Event: ======'machine_var_audits_switches_s_target_r'====== Args={'value': 136, 'prev_value': 135, 'change': 1}
2025-07-06 18:13:34,511 : INFO : EventManager : Event: ======'player_shot_shot_target_r'====== Args={'value': 1, 'prev_value': 0, 'change': 1, 'player_num': 1}
2025-07-06 18:13:34,512 : INFO : EventManager : Event: ======'machine_var_audits_shots_shot_target_r'====== Args={'value': 136, 'prev_value': 135, 'change': 1}
2025-07-06 18:13:34,512 : INFO : EventManager : Event: ======'shot_target_r_hit'====== Args={'profile': 'target_profile', 'state': 'unlit', 'advancing': True}
2025-07-06 18:13:34,513 : INFO : EventManager : Event: ======'shot_target_r_target_profile_hit'====== Args={'profile': 'target_profile', 'state': 'unlit', 'advancing': True}
2025-07-06 18:13:34,513 : INFO : EventManager : Event: ======'shot_target_r_target_profile_unlit_hit'====== Args={'profile': 'target_profile', 'state': 'unlit', 'advancing': True}
2025-07-06 18:13:34,513 : INFO : EventManager : Event: ======'shot_target_r_unlit_hit'====== Args={'profile': 'target_profile', 'state': 'unlit', 'advancing': True}
2025-07-06 18:13:34,515 : INFO : EventManager : Event: ======'player_score'====== Args={'value': 40500, 'prev_value': 40400, 'change': 100, 'player_num': 1, 'source': 'grave_targets'}
2025-07-06 18:13:34,515 : INFO : EventManager : Event: ======'grave_targets_group_hit'====== Args={}
2025-07-06 18:13:34,515 : INFO : EventManager : Event: ======'grave_targets_group_unlit_hit'====== Args={}
2025-07-06 18:13:34,647 : INFO : SwitchController : <<<<<<< 's_target_r' inactive >>>>>>>
2025-07-06 18:13:36,468 : INFO : SwitchController : <<<<<<< 's_target_g' active >>>>>>>
2025-07-06 18:13:36,469 : INFO : EventManager : Event: ======'s_target_g_active'====== Args={}
2025-07-06 18:13:36,469 : INFO : EventManager : Event: ======'sw_playfield_active'====== Args={}
2025-07-06 18:13:36,470 : INFO : EventManager : Event: ======'machine_var_audits_switches_s_target_g'====== Args={'value': 133, 'prev_value': 132, 'change': 1}
2025-07-06 18:13:36,471 : INFO : EventManager : Event: ======'player_shot_shot_target_g'====== Args={'value': 1, 'prev_value': 0, 'change': 1, 'player_num': 1}
2025-07-06 18:13:36,475 : INFO : EventManager : Event: ======'machine_var_audits_shots_shot_target_g'====== Args={'value': 129, 'prev_value': 128, 'change': 1}
2025-07-06 18:13:36,475 : INFO : EventManager : Event: ======'shot_target_g_hit'====== Args={'profile': 'target_profile', 'state': 'unlit', 'advancing': True}
2025-07-06 18:13:36,475 : INFO : EventManager : Event: ======'shot_target_g_target_profile_hit'====== Args={'profile': 'target_profile', 'state': 'unlit', 'advancing': True}
2025-07-06 18:13:36,476 : INFO : EventManager : Event: ======'shot_target_g_target_profile_unlit_hit'====== Args={'profile': 'target_profile', 'state': 'unlit', 'advancing': True}
2025-07-06 18:13:36,476 : INFO : EventManager : Event: ======'shot_target_g_unlit_hit'====== Args={'profile': 'target_profile', 'state': 'unlit', 'advancing': True}
2025-07-06 18:13:36,476 : INFO : EventManager : Event: ======'grave_targets_group_complete'====== Args={'state': 'lit'}
2025-07-06 18:13:36,476 : INFO : EventManager : Event: ======'grave_targets_group_lit_complete'====== Args={}
2025-07-06 18:13:36,478 : INFO : EventManager : Event: ======'player_shot_shot_right_scoop'====== Args={'value': 1, 'prev_value': 0, 'change': 1, 'player_num': 1}
2025-07-06 18:13:36,479 : INFO : EventManager : Event: ======'player_score'====== Args={'value': 40600, 'prev_value': 40500, 'change': 100, 'player_num': 1, 'source': 'grave_targets'}
2025-07-06 18:13:36,479 : INFO : EventManager : Event: ======'grave_targets_group_hit'====== Args={}
2025-07-06 18:13:36,479 : INFO : EventManager : Event: ======'grave_targets_group_unlit_hit'====== Args={}
2025-07-06 18:13:36,585 : INFO : SwitchController : <<<<<<< 's_target_g' inactive >>>>>>>
2025-07-06 18:14:01,663 : INFO : Machine : Shutting down...
2025-07-06 18:14:01,663 : INFO : EventManager : Event: ======'shutdown'====== Args={}
2025-07-06 18:14:01,665 : INFO : EventManager : Event: ======'mode_game_will_stop'====== Args={}
2025-07-06 18:14:01,665 : INFO : EventManager : Event: ======'mode_game_stopping'====== Args={}
2025-07-06 18:14:01,665 : INFO : EventManager : Event: ======'mode_grave_targets_will_stop'====== Args={}
2025-07-06 18:14:01,666 : INFO : EventManager : Event: ======'mode_grave_targets_stopping'====== Args={}
2025-07-06 18:14:01,666 : INFO : EventManager : Event: ======'mode_base_will_stop'====== Args={}
2025-07-06 18:14:01,666 : INFO : EventManager : Event: ======'mode_base_stopping'====== Args={}
2025-07-06 18:14:01,666 : INFO : Mode.base : Stopped.
2025-07-06 18:14:01,666 : INFO : EventManager : Event: ======'modes_active_modes_changed'====== Args={}
2025-07-06 18:14:01,667 : INFO : EventManager : Event: ======'mode_base_stopped'====== Args={}
2025-07-06 18:14:01,667 : INFO : EventManager : Event: ======'clear'====== Args={'key': 'base'}
2025-07-06 18:14:01,668 : INFO : Mode.grave_targets : Stopped.
2025-07-06 18:14:01,668 : INFO : EventManager : Event: ======'modes_active_modes_changed'====== Args={}
2025-07-06 18:14:01,668 : INFO : EventManager : Event: ======'mode_grave_targets_stopped'====== Args={}
2025-07-06 18:14:01,668 : INFO : EventManager : Event: ======'clear'====== Args={'key': 'grave_targets'}
2025-07-06 18:14:01,669 : INFO : Mode.game : Stopped.
2025-07-06 18:14:01,669 : INFO : EventManager : Event: ======'modes_active_modes_changed'====== Args={}
2025-07-06 18:14:01,669 : INFO : EventManager : Event: ======'mode_game_stopped'====== Args={}
2025-07-06 18:14:01,669 : INFO : EventManager : Event: ======'clear'====== Args={'key': 'game'}
2025-07-06 18:14:01,670 : INFO : root : MPF run loop ended.
