2025-06-17 09:13:15,121 : INFO : root : Loading config.
2025-06-17 09:13:15,121 : INFO : YamlMultifileConfigLoader : Machine config file #1: config.yaml
2025-06-17 09:13:15,121 : INFO : ConfigProcessor : Loading config from cache: C:\Users\ruben\AppData\Local\Temp\a17888e5e1df298d67e07ada0b1bff4a.mpf_cache
2025-06-17 09:13:15,136 : WARNING : ConfigProcessor : Config file in cache changed: C:\pinball\my_machine\config\switches.yaml
2025-06-17 09:13:15,136 : INFO : ConfigProcessor : Loading config from file C:\Users\ruben\.local\pipx\venvs\mpf\lib\site-packages\mpf\mpfconfig.yaml.
2025-06-17 09:13:15,263 : INFO : ConfigProcessor : Loading config: C:\Users\ruben\.local\pipx\venvs\mpf\lib\site-packages\mpf\mpfconfig.yaml
2025-06-17 09:13:15,263 : INFO : ConfigProcessor : Loading config from file C:\pinball\my_machine\config\config.yaml.
2025-06-17 09:13:15,263 : INFO : ConfigProcessor : Loading config: C:\pinball\my_machine\config\config.yaml
2025-06-17 09:13:15,276 : INFO : ConfigProcessor : Loading config: C:\pinball\my_machine\config\hardware.yaml
2025-06-17 09:13:15,285 : INFO : ConfigProcessor : Loading config: C:\pinball\my_machine\config\switches.yaml
2025-06-17 09:13:15,290 : INFO : ConfigProcessor : Loading config: C:\pinball\my_machine\config\coils.yaml
2025-06-17 09:13:15,304 : INFO : ConfigProcessor : Loading config: C:\pinball\my_machine\config\devices.yaml
2025-06-17 09:13:15,304 : INFO : ConfigProcessor : Loading config: C:\pinball\my_machine\config\displays.yaml
2025-06-17 09:13:15,325 : INFO : ConfigProcessor : Loading config: C:\pinball\my_machine\config\slides.yaml
2025-06-17 09:13:15,325 : INFO : ConfigProcessor : Config file cache created: C:\Users\ruben\AppData\Local\Temp\a17888e5e1df298d67e07ada0b1bff4a.mpf_cache
2025-06-17 09:13:15,449 : INFO : ConfigProcessor : Loading config from cache: C:\Users\ruben\AppData\Local\Temp\67cf8ffee0fce2d4fcb5ef0bb894d8de.mpf_cache
2025-06-17 09:13:15,449 : INFO : ConfigProcessor : Loading config from cache: C:\Users\ruben\AppData\Local\Temp\25321780674732dcacb77a8f5b2a53cd.mpf_cache
2025-06-17 09:13:15,449 : INFO : ConfigProcessor : Loading config from cache: C:\Users\ruben\AppData\Local\Temp\195f66f1d07408d279921a878741edf5.mpf_cache
2025-06-17 09:13:15,449 : INFO : Machine : Mission Pinball Framework Core Engine v0.56.0
2025-06-17 09:13:15,449 : INFO : Machine : Command line arguments: {'no_load_cache': False, 'create_config_cache': True, 'bcp': True, 'configfile': ['config.yaml'], 'force_assets_load': False, 'jsonlogging': False, 'logfile': 'logs\\2025-06-17-09-13-15-mpf-DESKTOP-11MEIVG.log', 'pause': False, 'production': False, 'text_ui': True, 'loglevel': 15, 'consoleloglevel': 20, 'force_platform': None, 'syslog_address': None, 'mc_file_name': None, 'no_sound': False}
2025-06-17 09:13:15,449 : INFO : Machine : MPF path: C:\Users\ruben\.local\pipx\venvs\mpf\lib\site-packages\mpf
2025-06-17 09:13:15,449 : INFO : Machine : Machine path: C:\pinball\my_machine
2025-06-17 09:13:15,449 : INFO : Machine : Platform: win32
2025-06-17 09:13:15,449 : INFO : Machine : Python executable location: C:\Users\ruben\.local\pipx\venvs\mpf\Scripts\python.exe
2025-06-17 09:13:15,449 : INFO : Machine : Python version: 3.9.13 (64-bit)
2025-06-17 09:13:15,449 : INFO : Machine : Initialise MPF.
2025-06-17 09:13:15,707 : INFO : OPP : Connecting to com3 at 115200bps
2025-06-17 09:13:15,806 : INFO : OPP : Init of OPP board 1 done
2025-06-17 09:13:15,806 : INFO : OPP : Connecting to com4 at 115200bps
2025-06-17 09:13:15,980 : INFO : OPP : Init of OPP board 0 done
2025-06-17 09:13:15,981 : INFO : EventManager : Event: ======'machine_var_credits_string'====== Args={'value': 'FREE PLAY', 'prev_value': None, 'change': True}
2025-06-17 09:13:16,060 : INFO : EventManager : Event: ======'machine_var_master_volume'====== Args={'value': 0.5, 'prev_value': None, 'change': True}
2025-06-17 09:13:16,060 : INFO : EventManager : Event: ======'machine_var_player1_score'====== Args={'value': 0, 'prev_value': None, 'change': True}
2025-06-17 09:13:16,061 : INFO : EventManager : Event: ======'machine_var_mpf_version'====== Args={'value': 'MPF v0.56.0', 'prev_value': None, 'change': True}
2025-06-17 09:13:16,061 : INFO : EventManager : Event: ======'machine_var_mpf_extended_version'====== Args={'value': 'MPF v0.56.0, Config version:5, Show version: 5, BCP version:1.1', 'prev_value': None, 'change': True}
2025-06-17 09:13:16,061 : INFO : EventManager : Event: ======'machine_var_python_version'====== Args={'value': '3.9.13', 'prev_value': None, 'change': True}
2025-06-17 09:13:16,075 : INFO : EventManager : Event: ======'machine_var_platform'====== Args={'value': 'Windows-10-10.0.19045-SP0', 'prev_value': None, 'change': True}
2025-06-17 09:13:16,075 : INFO : EventManager : Event: ======'machine_var_platform_system'====== Args={'value': 'Windows', 'prev_value': None, 'change': True}
2025-06-17 09:13:16,075 : INFO : EventManager : Event: ======'machine_var_platform_release'====== Args={'value': '10', 'prev_value': None, 'change': True}
2025-06-17 09:13:16,075 : INFO : EventManager : Event: ======'machine_var_platform_version'====== Args={'value': '10.0.19045', 'prev_value': None, 'change': True}
2025-06-17 09:13:16,075 : INFO : EventManager : Event: ======'machine_var_platform_machine'====== Args={'value': 'AMD64', 'prev_value': None, 'change': True}
2025-06-17 09:13:16,075 : INFO : EventManager : Event: ======'init_phase_1'====== Args={}
2025-06-17 09:13:16,103 : INFO : EventManager : Event: ======'init_phase_2'====== Args={}
2025-06-17 09:13:16,109 : INFO : EventManager : Event: ======'bcp_connection_attempt'====== Args={'name': 'local_display', 'host': 'localhost', 'port': 5050}
2025-06-17 09:13:16,111 : INFO : BCPClientSocket : Connecting BCP to 'local_display' at localhost:5050...
2025-06-17 09:13:18,662 : INFO : BCPClientSocket : Connected BCP to 'local_display' localhost:5050
2025-06-17 09:13:18,666 : INFO : EventManager : Event: ======'bcp_clients_connected'====== Args={}
2025-06-17 09:13:18,705 : INFO : ball_device.bd_trough : BCH: Initial count: 0
2025-06-17 09:13:18,707 : INFO : EventManager : Event: ======'machine_var_mc_version'====== Args={'value': 'MPF-MC v0.56.1', 'prev_value': None, 'change': True}
2025-06-17 09:13:18,708 : INFO : EventManager : Event: ======'machine_var_mc_extended_version'====== Args={'value': 'MPF-MC v0.56.1 (config_version=5, BCP v1.1,                      Requires MPF API compatibility v0.56.0 or newer)', 'prev_value': None, 'change': True}
2025-06-17 09:13:18,714 : INFO : ball_device.bd_trough : State: idle
2025-06-17 09:13:18,770 : INFO : EventManager : Event: ======'init_phase_3'====== Args={}
2025-06-17 09:13:18,774 : INFO : EventManager : Event: ======'init_phase_4'====== Args={}
2025-06-17 09:13:18,775 : INFO : BallController : Initial balls found: 0
2025-06-17 09:13:18,776 : INFO : EventManager : Event: ======'machine_var_audits_events_game_ended'====== Args={'value': 50, 'prev_value': None, 'change': True}
2025-06-17 09:13:18,777 : INFO : EventManager : Event: ======'machine_var_audits_events_game_started'====== Args={'value': 98, 'prev_value': None, 'change': True}
2025-06-17 09:13:18,777 : INFO : EventManager : Event: ======'machine_var_audits_missing_switches_s_left_flipper'====== Args={'value': 8, 'prev_value': None, 'change': True}
2025-06-17 09:13:18,777 : INFO : EventManager : Event: ======'machine_var_audits_missing_switches_s_left_inlane1'====== Args={'value': 8, 'prev_value': None, 'change': True}
2025-06-17 09:13:18,778 : INFO : EventManager : Event: ======'machine_var_audits_missing_switches_s_left_inlane2'====== Args={'value': 8, 'prev_value': None, 'change': True}
2025-06-17 09:13:18,778 : INFO : EventManager : Event: ======'machine_var_audits_missing_switches_s_left_outlane'====== Args={'value': 9, 'prev_value': None, 'change': True}
2025-06-17 09:13:18,778 : INFO : EventManager : Event: ======'machine_var_audits_missing_switches_s_left_slingshot'====== Args={'value': 9, 'prev_value': None, 'change': True}
2025-06-17 09:13:18,778 : INFO : EventManager : Event: ======'machine_var_audits_missing_switches_s_pop1'====== Args={'value': 9, 'prev_value': None, 'change': True}
2025-06-17 09:13:18,778 : INFO : EventManager : Event: ======'machine_var_audits_missing_switches_s_pop2'====== Args={'value': 9, 'prev_value': None, 'change': True}
2025-06-17 09:13:18,779 : INFO : EventManager : Event: ======'machine_var_audits_missing_switches_s_pop3'====== Args={'value': 9, 'prev_value': None, 'change': True}
2025-06-17 09:13:18,779 : INFO : EventManager : Event: ======'machine_var_audits_missing_switches_s_pop4'====== Args={'value': 8, 'prev_value': None, 'change': True}
2025-06-17 09:13:18,779 : INFO : EventManager : Event: ======'machine_var_audits_missing_switches_s_pop5'====== Args={'value': 8, 'prev_value': None, 'change': True}
2025-06-17 09:13:18,779 : INFO : EventManager : Event: ======'machine_var_audits_missing_switches_s_right_inlane'====== Args={'value': 9, 'prev_value': None, 'change': True}
2025-06-17 09:13:18,779 : INFO : EventManager : Event: ======'machine_var_audits_missing_switches_s_right_outlane'====== Args={'value': 9, 'prev_value': None, 'change': True}
2025-06-17 09:13:18,780 : INFO : EventManager : Event: ======'machine_var_audits_missing_switches_s_right_slingshot'====== Args={'value': 9, 'prev_value': None, 'change': True}
2025-06-17 09:13:18,780 : INFO : EventManager : Event: ======'machine_var_audits_missing_switches_s_scoop_center'====== Args={'value': 8, 'prev_value': None, 'change': True}
2025-06-17 09:13:18,781 : INFO : EventManager : Event: ======'machine_var_audits_missing_switches_s_scoop_right'====== Args={'value': 9, 'prev_value': None, 'change': True}
2025-06-17 09:13:18,782 : INFO : EventManager : Event: ======'machine_var_audits_missing_switches_s_startButton'====== Args={'value': 9, 'prev_value': None, 'change': True}
2025-06-17 09:13:18,783 : INFO : EventManager : Event: ======'machine_var_audits_missing_switches_s_trough1'====== Args={'value': 9, 'prev_value': None, 'change': True}
2025-06-17 09:13:18,783 : INFO : EventManager : Event: ======'machine_var_audits_missing_switches_s_trough2'====== Args={'value': 9, 'prev_value': None, 'change': True}
2025-06-17 09:13:18,784 : INFO : EventManager : Event: ======'machine_var_audits_missing_switches_s_trough3'====== Args={'value': 9, 'prev_value': None, 'change': True}
2025-06-17 09:13:18,784 : INFO : EventManager : Event: ======'machine_var_audits_missing_switches_s_trough4'====== Args={'value': 9, 'prev_value': None, 'change': True}
2025-06-17 09:13:18,784 : INFO : EventManager : Event: ======'machine_var_audits_missing_switches_s_trough5'====== Args={'value': 8, 'prev_value': None, 'change': True}
2025-06-17 09:13:18,785 : INFO : EventManager : Event: ======'machine_var_audits_player_score'====== Args={'value': {'average': 0.0, 'top': [0, 0, 0, 0, 0, 0, 0, 0, 0, 0], 'total': 50}, 'prev_value': None, 'change': True}
2025-06-17 09:13:18,785 : INFO : EventManager : Event: ======'machine_var_audits_switches_s_drop_bank1'====== Args={'value': 140, 'prev_value': None, 'change': True}
2025-06-17 09:13:18,785 : INFO : EventManager : Event: ======'machine_var_audits_switches_s_left_flipper'====== Args={'value': 2280, 'prev_value': None, 'change': True}
2025-06-17 09:13:18,785 : INFO : EventManager : Event: ======'machine_var_audits_switches_s_left_inlane1'====== Args={'value': 1, 'prev_value': None, 'change': True}
2025-06-17 09:13:18,786 : INFO : EventManager : Event: ======'machine_var_audits_switches_s_left_inlane2'====== Args={'value': 1, 'prev_value': None, 'change': True}
2025-06-17 09:13:18,786 : INFO : EventManager : Event: ======'machine_var_audits_switches_s_left_outlane'====== Args={'value': 0, 'prev_value': None, 'change': True}
2025-06-17 09:13:18,786 : INFO : EventManager : Event: ======'machine_var_audits_switches_s_left_slingshot'====== Args={'value': 290, 'prev_value': None, 'change': True}
2025-06-17 09:13:18,787 : INFO : EventManager : Event: ======'machine_var_audits_switches_s_plunger'====== Args={'value': 5, 'prev_value': None, 'change': True}
2025-06-17 09:13:18,787 : INFO : EventManager : Event: ======'machine_var_audits_switches_s_pop1'====== Args={'value': 0, 'prev_value': None, 'change': True}
2025-06-17 09:13:18,788 : INFO : EventManager : Event: ======'machine_var_audits_switches_s_pop2'====== Args={'value': 0, 'prev_value': None, 'change': True}
2025-06-17 09:13:18,788 : INFO : EventManager : Event: ======'machine_var_audits_switches_s_pop3'====== Args={'value': 0, 'prev_value': None, 'change': True}
2025-06-17 09:13:18,788 : INFO : EventManager : Event: ======'machine_var_audits_switches_s_pop4'====== Args={'value': 1, 'prev_value': None, 'change': True}
2025-06-17 09:13:18,788 : INFO : EventManager : Event: ======'machine_var_audits_switches_s_pop5'====== Args={'value': 1, 'prev_value': None, 'change': True}
2025-06-17 09:13:18,789 : INFO : EventManager : Event: ======'machine_var_audits_switches_s_pop_bot'====== Args={'value': 426, 'prev_value': None, 'change': True}
2025-06-17 09:13:18,789 : INFO : EventManager : Event: ======'machine_var_audits_switches_s_pop_mid'====== Args={'value': 351, 'prev_value': None, 'change': True}
2025-06-17 09:13:18,789 : INFO : EventManager : Event: ======'machine_var_audits_switches_s_pop_top'====== Args={'value': 302, 'prev_value': None, 'change': True}
2025-06-17 09:13:18,790 : INFO : EventManager : Event: ======'machine_var_audits_switches_s_right_flipper'====== Args={'value': 2332, 'prev_value': None, 'change': True}
2025-06-17 09:13:18,790 : INFO : EventManager : Event: ======'machine_var_audits_switches_s_right_inlane'====== Args={'value': 57, 'prev_value': None, 'change': True}
2025-06-17 09:13:18,790 : INFO : EventManager : Event: ======'machine_var_audits_switches_s_right_outlane'====== Args={'value': 0, 'prev_value': None, 'change': True}
2025-06-17 09:13:18,790 : INFO : EventManager : Event: ======'machine_var_audits_switches_s_right_slingshot'====== Args={'value': 255, 'prev_value': None, 'change': True}
2025-06-17 09:13:18,791 : INFO : EventManager : Event: ======'machine_var_audits_switches_s_scoop_center'====== Args={'value': 1, 'prev_value': None, 'change': True}
2025-06-17 09:13:18,791 : INFO : EventManager : Event: ======'machine_var_audits_switches_s_scoop_lower'====== Args={'value': 220, 'prev_value': None, 'change': True}
2025-06-17 09:13:18,791 : INFO : EventManager : Event: ======'machine_var_audits_switches_s_scoop_right'====== Args={'value': 0, 'prev_value': None, 'change': True}
2025-06-17 09:13:18,792 : INFO : EventManager : Event: ======'machine_var_audits_switches_s_shooter_lane'====== Args={'value': 8, 'prev_value': None, 'change': True}
2025-06-17 09:13:18,792 : INFO : EventManager : Event: ======'machine_var_audits_switches_s_startButton'====== Args={'value': 34, 'prev_value': None, 'change': True}
2025-06-17 09:13:18,792 : INFO : EventManager : Event: ======'machine_var_audits_switches_s_trough1'====== Args={'value': 303, 'prev_value': None, 'change': True}
2025-06-17 09:13:18,793 : INFO : EventManager : Event: ======'machine_var_audits_switches_s_trough2'====== Args={'value': 1, 'prev_value': None, 'change': True}
2025-06-17 09:13:18,793 : INFO : EventManager : Event: ======'machine_var_audits_switches_s_trough3'====== Args={'value': 1, 'prev_value': None, 'change': True}
2025-06-17 09:13:18,793 : INFO : EventManager : Event: ======'machine_var_audits_switches_s_trough4'====== Args={'value': 1, 'prev_value': None, 'change': True}
2025-06-17 09:13:18,794 : INFO : EventManager : Event: ======'machine_var_audits_switches_s_trough5'====== Args={'value': 1, 'prev_value': None, 'change': True}
2025-06-17 09:13:18,795 : INFO : EventManager : Event: ======'init_phase_5'====== Args={}
2025-06-17 09:13:18,799 : INFO : EventManager : Event: ======'init_done'====== Args={}
2025-06-17 09:13:18,800 : INFO : EventManager : Event: ======'machine_reset_phase_1'====== Args={}
2025-06-17 09:13:18,815 : INFO : EventManager : Event: ======'slide_welcome_slide_removed'====== Args={'_from_bcp': True}
2025-06-17 09:13:18,820 : INFO : EventManager : Event: ======'slide_welcome_slide_created'====== Args={'_from_bcp': True}
2025-06-17 09:13:18,825 : INFO : EventManager : Event: ======'machine_reset_phase_2'====== Args={}
2025-06-17 09:13:18,825 : INFO : EventManager : Event: ======'slide_welcome_slide_active'====== Args={'_from_bcp': True}
2025-06-17 09:13:18,826 : INFO : EventManager : Event: ======'machine_reset_phase_3'====== Args={}
2025-06-17 09:13:18,829 : INFO : EventManager : Event: ======'reset_complete'====== Args={}
2025-06-17 09:13:18,831 : INFO : EventManager : Event: ======'mode_attract_will_start'====== Args={}
2025-06-17 09:13:18,832 : INFO : EventManager : Event: ======'mode_attract_starting'====== Args={}
2025-06-17 09:13:18,832 : INFO : Mode.attract : Started. Priority: 10
2025-06-17 09:13:18,832 : INFO : EventManager : Event: ======'modes_active_modes_changed'====== Args={}
2025-06-17 09:13:18,832 : INFO : EventManager : Event: ======'mode_attract_started'====== Args={}
2025-06-17 09:13:18,832 : INFO : EventManager : Event: ======'collecting_balls_complete'====== Args={}
2025-06-17 09:13:18,845 : INFO : EventManager : Event: ======'slide_attract_started_created'====== Args={'_from_bcp': True}
2025-06-17 09:13:18,845 : INFO : EventManager : Event: ======'slide_attract_started_active'====== Args={'_from_bcp': True}
2025-06-17 09:13:18,847 : INFO : Machine : Starting the main run loop.
2025-06-17 09:13:22,605 : INFO : SwitchController : <<<<<<< 's_left_flipper' active >>>>>>>
2025-06-17 09:13:22,741 : INFO : SwitchController : <<<<<<< 's_left_flipper' inactive >>>>>>>
2025-06-17 09:13:22,903 : INFO : SwitchController : <<<<<<< 's_left_flipper' active >>>>>>>
2025-06-17 09:13:23,152 : INFO : SwitchController : <<<<<<< 's_left_flipper' inactive >>>>>>>
2025-06-17 09:13:23,259 : INFO : SwitchController : <<<<<<< 's_left_flipper' active >>>>>>>
2025-06-17 09:13:23,417 : INFO : SwitchController : <<<<<<< 's_left_flipper' inactive >>>>>>>
2025-06-17 09:13:23,529 : INFO : SwitchController : <<<<<<< 's_left_flipper' active >>>>>>>
2025-06-17 09:13:23,653 : INFO : SwitchController : <<<<<<< 's_left_flipper' inactive >>>>>>>
2025-06-17 09:13:23,731 : INFO : SwitchController : <<<<<<< 's_left_flipper' active >>>>>>>
2025-06-17 09:13:23,871 : INFO : SwitchController : <<<<<<< 's_left_flipper' inactive >>>>>>>
2025-06-17 09:13:24,296 : INFO : SwitchController : <<<<<<< 's_left_flipper' active >>>>>>>
2025-06-17 09:13:24,404 : INFO : SwitchController : <<<<<<< 's_left_flipper' inactive >>>>>>>
2025-06-17 09:13:24,623 : INFO : SwitchController : <<<<<<< 's_left_flipper' active >>>>>>>
2025-06-17 09:13:24,738 : INFO : SwitchController : <<<<<<< 's_left_flipper' inactive >>>>>>>
2025-06-17 09:13:25,138 : INFO : SwitchController : <<<<<<< 's_left_flipper' active >>>>>>>
2025-06-17 09:13:25,266 : INFO : SwitchController : <<<<<<< 's_left_flipper' inactive >>>>>>>
2025-06-17 09:13:25,755 : INFO : SwitchController : <<<<<<< 's_left_flipper' active >>>>>>>
2025-06-17 09:13:25,879 : INFO : SwitchController : <<<<<<< 's_left_flipper' inactive >>>>>>>
2025-06-17 09:13:26,210 : INFO : SwitchController : <<<<<<< 's_left_flipper' active >>>>>>>
2025-06-17 09:13:26,412 : INFO : SwitchController : <<<<<<< 's_left_flipper' inactive >>>>>>>
2025-06-17 09:13:26,776 : INFO : SwitchController : <<<<<<< 's_left_flipper' active >>>>>>>
2025-06-17 09:13:27,330 : INFO : SwitchController : <<<<<<< 's_left_flipper' inactive >>>>>>>
2025-06-17 09:13:27,580 : INFO : SwitchController : <<<<<<< 's_left_flipper' active >>>>>>>
2025-06-17 09:13:28,012 : INFO : SwitchController : <<<<<<< 's_left_flipper' inactive >>>>>>>
2025-06-17 09:13:28,179 : INFO : SwitchController : <<<<<<< 's_left_flipper' active >>>>>>>
2025-06-17 09:13:28,492 : INFO : SwitchController : <<<<<<< 's_left_flipper' inactive >>>>>>>
2025-06-17 09:13:28,665 : INFO : SwitchController : <<<<<<< 's_left_flipper' active >>>>>>>
2025-06-17 09:13:28,895 : INFO : SwitchController : <<<<<<< 's_left_flipper' inactive >>>>>>>
2025-06-17 09:13:29,058 : INFO : SwitchController : <<<<<<< 's_left_flipper' active >>>>>>>
2025-06-17 09:13:29,232 : INFO : SwitchController : <<<<<<< 's_left_flipper' inactive >>>>>>>
2025-06-17 09:13:30,962 : INFO : SwitchController : <<<<<<< 's_left_flipper' active >>>>>>>
2025-06-17 09:13:31,141 : INFO : SwitchController : <<<<<<< 's_left_flipper' inactive >>>>>>>
2025-06-17 09:13:31,314 : INFO : SwitchController : <<<<<<< 's_left_flipper' active >>>>>>>
2025-06-17 09:13:31,438 : INFO : SwitchController : <<<<<<< 's_left_flipper' inactive >>>>>>>
2025-06-17 09:13:31,780 : INFO : SwitchController : <<<<<<< 's_left_flipper' active >>>>>>>
2025-06-17 09:13:31,906 : INFO : SwitchController : <<<<<<< 's_left_flipper' inactive >>>>>>>
2025-06-17 09:13:32,249 : INFO : SwitchController : <<<<<<< 's_left_flipper' active >>>>>>>
2025-06-17 09:13:32,373 : INFO : SwitchController : <<<<<<< 's_left_flipper' inactive >>>>>>>
2025-06-17 09:13:32,470 : INFO : SwitchController : <<<<<<< 's_left_flipper' active >>>>>>>
2025-06-17 09:13:32,607 : INFO : SwitchController : <<<<<<< 's_left_flipper' inactive >>>>>>>
2025-06-17 09:13:32,761 : INFO : SwitchController : <<<<<<< 's_left_flipper' active >>>>>>>
2025-06-17 09:13:32,892 : INFO : SwitchController : <<<<<<< 's_left_flipper' inactive >>>>>>>
2025-06-17 09:13:32,990 : INFO : SwitchController : <<<<<<< 's_left_flipper' active >>>>>>>
2025-06-17 09:13:33,140 : INFO : SwitchController : <<<<<<< 's_left_flipper' inactive >>>>>>>
2025-06-17 09:13:33,256 : INFO : SwitchController : <<<<<<< 's_left_flipper' active >>>>>>>
2025-06-17 09:13:33,379 : INFO : SwitchController : <<<<<<< 's_left_flipper' inactive >>>>>>>
2025-06-17 09:13:35,175 : INFO : SwitchController : <<<<<<< 's_left_slingshot' active >>>>>>>
2025-06-17 09:13:35,175 : INFO : EventManager : Event: ======'playfield_active'====== Args={}
2025-06-17 09:13:35,176 : INFO : EventManager : Event: ======'unexpected_ball_on_playfield'====== Args={}
2025-06-17 09:13:35,369 : INFO : SwitchController : <<<<<<< 's_left_slingshot' inactive >>>>>>>
2025-06-17 09:13:35,531 : INFO : SwitchController : <<<<<<< 's_left_slingshot' active >>>>>>>
2025-06-17 09:13:35,531 : INFO : EventManager : Event: ======'playfield_active'====== Args={}
2025-06-17 09:13:35,531 : INFO : EventManager : Event: ======'unexpected_ball_on_playfield'====== Args={}
2025-06-17 09:13:35,622 : INFO : SwitchController : <<<<<<< 's_left_slingshot' inactive >>>>>>>
2025-06-17 09:13:35,827 : INFO : SwitchController : <<<<<<< 's_left_slingshot' active >>>>>>>
2025-06-17 09:13:35,828 : INFO : EventManager : Event: ======'playfield_active'====== Args={}
2025-06-17 09:13:35,828 : INFO : EventManager : Event: ======'unexpected_ball_on_playfield'====== Args={}
2025-06-17 09:13:35,921 : INFO : SwitchController : <<<<<<< 's_left_slingshot' inactive >>>>>>>
2025-06-17 09:13:36,060 : INFO : SwitchController : <<<<<<< 's_left_slingshot' active >>>>>>>
2025-06-17 09:13:36,061 : INFO : EventManager : Event: ======'playfield_active'====== Args={}
2025-06-17 09:13:36,062 : INFO : EventManager : Event: ======'unexpected_ball_on_playfield'====== Args={}
2025-06-17 09:13:36,162 : INFO : SwitchController : <<<<<<< 's_left_slingshot' inactive >>>>>>>
2025-06-17 09:13:36,301 : INFO : SwitchController : <<<<<<< 's_left_slingshot' active >>>>>>>
2025-06-17 09:13:36,301 : INFO : EventManager : Event: ======'playfield_active'====== Args={}
2025-06-17 09:13:36,301 : INFO : EventManager : Event: ======'unexpected_ball_on_playfield'====== Args={}
2025-06-17 09:13:36,378 : INFO : SwitchController : <<<<<<< 's_left_slingshot' inactive >>>>>>>
2025-06-17 09:13:36,506 : INFO : SwitchController : <<<<<<< 's_left_slingshot' active >>>>>>>
2025-06-17 09:13:36,506 : INFO : EventManager : Event: ======'playfield_active'====== Args={}
2025-06-17 09:13:36,506 : INFO : EventManager : Event: ======'unexpected_ball_on_playfield'====== Args={}
2025-06-17 09:13:36,574 : INFO : SwitchController : <<<<<<< 's_left_slingshot' inactive >>>>>>>
2025-06-17 09:13:36,695 : INFO : SwitchController : <<<<<<< 's_left_slingshot' active >>>>>>>
2025-06-17 09:13:36,695 : INFO : EventManager : Event: ======'playfield_active'====== Args={}
2025-06-17 09:13:36,695 : INFO : EventManager : Event: ======'unexpected_ball_on_playfield'====== Args={}
2025-06-17 09:13:36,804 : INFO : SwitchController : <<<<<<< 's_left_slingshot' inactive >>>>>>>
2025-06-17 09:13:39,575 : INFO : SwitchController : <<<<<<< 's_left_flipper' active >>>>>>>
2025-06-17 09:13:39,753 : INFO : SwitchController : <<<<<<< 's_left_flipper' inactive >>>>>>>
2025-06-17 09:13:39,830 : INFO : SwitchController : <<<<<<< 's_left_flipper' active >>>>>>>
2025-06-17 09:13:39,956 : INFO : SwitchController : <<<<<<< 's_left_flipper' inactive >>>>>>>
2025-06-17 09:13:40,018 : INFO : SwitchController : <<<<<<< 's_left_flipper' active >>>>>>>
2025-06-17 09:13:40,127 : INFO : SwitchController : <<<<<<< 's_left_flipper' inactive >>>>>>>
2025-06-17 09:13:40,191 : INFO : SwitchController : <<<<<<< 's_left_flipper' active >>>>>>>
2025-06-17 09:13:40,299 : INFO : SwitchController : <<<<<<< 's_left_flipper' inactive >>>>>>>
2025-06-17 09:13:40,392 : INFO : SwitchController : <<<<<<< 's_left_flipper' active >>>>>>>
2025-06-17 09:13:40,533 : INFO : SwitchController : <<<<<<< 's_left_flipper' inactive >>>>>>>
2025-06-17 09:13:40,597 : INFO : SwitchController : <<<<<<< 's_left_flipper' active >>>>>>>
2025-06-17 09:13:40,766 : INFO : SwitchController : <<<<<<< 's_left_flipper' inactive >>>>>>>
2025-06-17 09:13:41,260 : INFO : SwitchController : <<<<<<< 's_left_flipper' active >>>>>>>
2025-06-17 09:13:41,507 : INFO : SwitchController : <<<<<<< 's_left_flipper' inactive >>>>>>>
2025-06-17 09:13:41,897 : INFO : SwitchController : <<<<<<< 's_left_flipper' active >>>>>>>
2025-06-17 09:13:42,129 : INFO : SwitchController : <<<<<<< 's_left_flipper' inactive >>>>>>>
2025-06-17 09:13:42,312 : INFO : SwitchController : <<<<<<< 's_left_flipper' active >>>>>>>
2025-06-17 09:13:42,582 : INFO : SwitchController : <<<<<<< 's_left_flipper' inactive >>>>>>>
2025-06-17 09:13:42,789 : INFO : SwitchController : <<<<<<< 's_left_flipper' active >>>>>>>
2025-06-17 09:13:43,009 : INFO : SwitchController : <<<<<<< 's_left_flipper' inactive >>>>>>>
2025-06-17 09:13:43,211 : INFO : SwitchController : <<<<<<< 's_left_flipper' active >>>>>>>
2025-06-17 09:13:43,412 : INFO : SwitchController : <<<<<<< 's_left_flipper' inactive >>>>>>>
2025-06-17 09:13:43,636 : INFO : SwitchController : <<<<<<< 's_left_flipper' active >>>>>>>
2025-06-17 09:13:44,019 : INFO : SwitchController : <<<<<<< 's_left_flipper' inactive >>>>>>>
2025-06-17 09:13:44,542 : INFO : SwitchController : <<<<<<< 's_left_flipper' active >>>>>>>
2025-06-17 09:13:44,806 : INFO : SwitchController : <<<<<<< 's_left_flipper' inactive >>>>>>>
2025-06-17 09:13:44,966 : INFO : SwitchController : <<<<<<< 's_left_flipper' active >>>>>>>
2025-06-17 09:13:45,144 : INFO : SwitchController : <<<<<<< 's_left_flipper' inactive >>>>>>>
2025-06-17 09:13:45,370 : INFO : SwitchController : <<<<<<< 's_left_flipper' active >>>>>>>
2025-06-17 09:13:45,573 : INFO : SwitchController : <<<<<<< 's_left_flipper' inactive >>>>>>>
2025-06-17 09:13:45,715 : INFO : SwitchController : <<<<<<< 's_left_flipper' active >>>>>>>
2025-06-17 09:13:45,826 : INFO : SwitchController : <<<<<<< 's_left_flipper' inactive >>>>>>>
2025-06-17 09:13:45,891 : INFO : SwitchController : <<<<<<< 's_left_flipper' active >>>>>>>
2025-06-17 09:13:46,185 : INFO : SwitchController : <<<<<<< 's_left_flipper' inactive >>>>>>>
2025-06-17 09:13:46,292 : INFO : SwitchController : <<<<<<< 's_left_flipper' active >>>>>>>
2025-06-17 09:13:46,405 : INFO : SwitchController : <<<<<<< 's_left_flipper' inactive >>>>>>>
2025-06-17 09:13:46,499 : INFO : SwitchController : <<<<<<< 's_left_flipper' active >>>>>>>
2025-06-17 09:13:46,549 : INFO : SwitchController : <<<<<<< 's_left_flipper' inactive >>>>>>>
2025-06-17 09:13:51,074 : INFO : SwitchController : <<<<<<< 's_left_flipper' active >>>>>>>
2025-06-17 09:13:51,277 : INFO : SwitchController : <<<<<<< 's_left_flipper' inactive >>>>>>>
2025-06-17 09:13:51,402 : INFO : SwitchController : <<<<<<< 's_left_flipper' active >>>>>>>
2025-06-17 09:13:51,537 : INFO : SwitchController : <<<<<<< 's_left_flipper' inactive >>>>>>>
2025-06-17 09:13:51,703 : INFO : SwitchController : <<<<<<< 's_left_flipper' active >>>>>>>
2025-06-17 09:13:51,841 : INFO : SwitchController : <<<<<<< 's_left_flipper' inactive >>>>>>>
2025-06-17 09:13:57,502 : INFO : Machine : Shutting down...
2025-06-17 09:13:57,502 : INFO : EventManager : Event: ======'shutdown'====== Args={}
2025-06-17 09:13:57,506 : ERROR : OPP : Stop called on serial connection com3
2025-06-17 09:13:57,526 : ERROR : OPP : Stop called on serial connection com4
2025-06-17 09:13:57,526 : ERROR : asyncio : Exception in callback Util.raise_exceptions(<Task finishe...ection lost')>) at C:\Users\ruben\.local\pipx\venvs\mpf\lib\site-packages\mpf\core\utility_functions.py:759
handle: <Handle Util.raise_exceptions(<Task finishe...ection lost')>) at C:\Users\ruben\.local\pipx\venvs\mpf\lib\site-packages\mpf\core\utility_functions.py:759>
Traceback (most recent call last):
  File "C:\Users\ruben\AppData\Local\Programs\Python\Python39\lib\asyncio\events.py", line 80, in _run
    self._context.run(self._callback, *self._args)
  File "C:\Users\ruben\.local\pipx\venvs\mpf\lib\site-packages\mpf\core\utility_functions.py", line 767, in raise_exceptions
    future.result()
  File "C:\Users\ruben\.local\pipx\venvs\mpf\lib\site-packages\mpf\platforms\opp\opp.py", line 965, in _poll_sender
    await self.opp_connection[chain_serial].writer.drain()
  File "C:\Users\ruben\AppData\Local\Programs\Python\Python39\lib\asyncio\streams.py", line 387, in drain
    await self._protocol._drain_helper()
  File "C:\Users\ruben\AppData\Local\Programs\Python\Python39\lib\asyncio\streams.py", line 190, in _drain_helper
    raise ConnectionResetError('Connection lost')
ConnectionResetError: Connection lost
2025-06-17 09:13:57,781 : WARNING : OPP : Poll took more than 250.0ms for 0
2025-06-17 09:13:57,781 : ERROR : asyncio : Exception in callback Util.raise_exceptions(<Task finishe...ute 'write'")>) at C:\Users\ruben\.local\pipx\venvs\mpf\lib\site-packages\mpf\core\utility_functions.py:759
handle: <Handle Util.raise_exceptions(<Task finishe...ute 'write'")>) at C:\Users\ruben\.local\pipx\venvs\mpf\lib\site-packages\mpf\core\utility_functions.py:759>
Traceback (most recent call last):
  File "C:\Users\ruben\AppData\Local\Programs\Python\Python39\lib\asyncio\events.py", line 80, in _run
    self._context.run(self._callback, *self._args)
  File "C:\Users\ruben\.local\pipx\venvs\mpf\lib\site-packages\mpf\core\utility_functions.py", line 767, in raise_exceptions
    future.result()
  File "C:\Users\ruben\.local\pipx\venvs\mpf\lib\site-packages\mpf\platforms\opp\opp.py", line 964, in _poll_sender
    self.send_to_processor(chain_serial, self.read_input_msg[chain_serial])
  File "C:\Users\ruben\.local\pipx\venvs\mpf\lib\site-packages\mpf\platforms\opp\opp.py", line 345, in send_to_processor
    self.opp_connection[chain_serial].send(msg)
  File "C:\Users\ruben\.local\pipx\venvs\mpf\lib\site-packages\mpf\platforms\base_serial_communicator.py", line 160, in send
    self.writer.write(msg)
AttributeError: 'NoneType' object has no attribute 'write'
2025-06-17 09:13:57,783 : INFO : root : MPF run loop ended.
