2025-06-16 08:14:52,650 : INFO : root : Loading config.
2025-06-16 08:14:52,666 : INFO : YamlMultifileConfigLoader : Machine config file #1: config.yaml
2025-06-16 08:14:52,666 : INFO : ConfigProcessor : Loading config from cache: C:\Users\ruben\AppData\Local\Temp\a17888e5e1df298d67e07ada0b1bff4a.mpf_cache
2025-06-16 08:14:52,682 : WARNING : ConfigProcessor : Config file in cache changed: C:\pinball\my_machine\config\switches.yaml
2025-06-16 08:14:52,682 : INFO : ConfigProcessor : Loading config from file C:\Users\ruben\.local\pipx\venvs\mpf\lib\site-packages\mpf\mpfconfig.yaml.
2025-06-16 08:14:52,800 : INFO : ConfigProcessor : Loading config: C:\Users\ruben\.local\pipx\venvs\mpf\lib\site-packages\mpf\mpfconfig.yaml
2025-06-16 08:14:52,800 : INFO : ConfigProcessor : Loading config from file C:\pinball\my_machine\config\config.yaml.
2025-06-16 08:14:52,816 : INFO : ConfigProcessor : Loading config: C:\pinball\my_machine\config\config.yaml
2025-06-16 08:14:52,816 : INFO : ConfigProcessor : Loading config: C:\pinball\my_machine\config\hardware.yaml
2025-06-16 08:14:52,816 : INFO : ConfigProcessor : Loading config: C:\pinball\my_machine\config\switches.yaml
2025-06-16 08:14:52,831 : INFO : ConfigProcessor : Loading config: C:\pinball\my_machine\config\coils.yaml
2025-06-16 08:14:52,847 : INFO : ConfigProcessor : Loading config: C:\pinball\my_machine\config\devices.yaml
2025-06-16 08:14:52,847 : INFO : ConfigProcessor : Loading config: C:\pinball\my_machine\config\displays.yaml
2025-06-16 08:14:52,847 : INFO : ConfigProcessor : Loading config: C:\pinball\my_machine\config\slides.yaml
2025-06-16 08:14:52,863 : INFO : ConfigProcessor : Config file cache created: C:\Users\ruben\AppData\Local\Temp\a17888e5e1df298d67e07ada0b1bff4a.mpf_cache
2025-06-16 08:14:52,988 : INFO : ConfigProcessor : Loading config from cache: C:\Users\ruben\AppData\Local\Temp\67cf8ffee0fce2d4fcb5ef0bb894d8de.mpf_cache
2025-06-16 08:14:52,988 : INFO : ConfigProcessor : Loading config from cache: C:\Users\ruben\AppData\Local\Temp\25321780674732dcacb77a8f5b2a53cd.mpf_cache
2025-06-16 08:14:52,988 : INFO : ConfigProcessor : Loading config from cache: C:\Users\ruben\AppData\Local\Temp\195f66f1d07408d279921a878741edf5.mpf_cache
2025-06-16 08:14:52,988 : INFO : Machine : Mission Pinball Framework Core Engine v0.56.0
2025-06-16 08:14:52,988 : INFO : Machine : Command line arguments: {'no_load_cache': False, 'create_config_cache': True, 'bcp': True, 'configfile': ['config.yaml'], 'force_assets_load': False, 'jsonlogging': False, 'logfile': 'logs\\2025-06-16-08-14-52-mpf-DESKTOP-11MEIVG.log', 'pause': False, 'production': False, 'text_ui': True, 'loglevel': 15, 'consoleloglevel': 20, 'force_platform': None, 'syslog_address': None, 'mc_file_name': None, 'no_sound': False}
2025-06-16 08:14:52,988 : INFO : Machine : MPF path: C:\Users\ruben\.local\pipx\venvs\mpf\lib\site-packages\mpf
2025-06-16 08:14:52,988 : INFO : Machine : Machine path: C:\pinball\my_machine
2025-06-16 08:14:52,988 : INFO : Machine : Platform: win32
2025-06-16 08:14:52,988 : INFO : Machine : Python executable location: C:\Users\ruben\.local\pipx\venvs\mpf\Scripts\python.exe
2025-06-16 08:14:52,988 : INFO : Machine : Python version: 3.9.13 (64-bit)
2025-06-16 08:14:52,988 : INFO : Machine : Initialise MPF.
2025-06-16 08:14:53,318 : INFO : OPP : Connecting to com3 at 115200bps
2025-06-16 08:14:53,399 : INFO : OPP : Init of OPP board 1 done
2025-06-16 08:14:53,399 : INFO : OPP : Connecting to com4 at 115200bps
2025-06-16 08:14:53,545 : INFO : OPP : Init of OPP board 0 done
2025-06-16 08:14:53,546 : INFO : EventManager : Event: ======'machine_var_credits_string'====== Args={'value': 'FREE PLAY', 'prev_value': None, 'change': True}
2025-06-16 08:14:53,624 : INFO : EventManager : Event: ======'machine_var_master_volume'====== Args={'value': 0.5, 'prev_value': None, 'change': True}
2025-06-16 08:14:53,624 : INFO : EventManager : Event: ======'machine_var_player1_score'====== Args={'value': 0, 'prev_value': None, 'change': True}
2025-06-16 08:14:53,624 : INFO : EventManager : Event: ======'machine_var_mpf_version'====== Args={'value': 'MPF v0.56.0', 'prev_value': None, 'change': True}
2025-06-16 08:14:53,624 : INFO : EventManager : Event: ======'machine_var_mpf_extended_version'====== Args={'value': 'MPF v0.56.0, Config version:5, Show version: 5, BCP version:1.1', 'prev_value': None, 'change': True}
2025-06-16 08:14:53,624 : INFO : EventManager : Event: ======'machine_var_python_version'====== Args={'value': '3.9.13', 'prev_value': None, 'change': True}
2025-06-16 08:14:53,639 : INFO : EventManager : Event: ======'machine_var_platform'====== Args={'value': 'Windows-10-10.0.19045-SP0', 'prev_value': None, 'change': True}
2025-06-16 08:14:53,639 : INFO : EventManager : Event: ======'machine_var_platform_system'====== Args={'value': 'Windows', 'prev_value': None, 'change': True}
2025-06-16 08:14:53,639 : INFO : EventManager : Event: ======'machine_var_platform_release'====== Args={'value': '10', 'prev_value': None, 'change': True}
2025-06-16 08:14:53,639 : INFO : EventManager : Event: ======'machine_var_platform_version'====== Args={'value': '10.0.19045', 'prev_value': None, 'change': True}
2025-06-16 08:14:53,639 : INFO : EventManager : Event: ======'machine_var_platform_machine'====== Args={'value': 'AMD64', 'prev_value': None, 'change': True}
2025-06-16 08:14:53,640 : INFO : EventManager : Event: ======'init_phase_1'====== Args={}
2025-06-16 08:14:53,668 : INFO : EventManager : Event: ======'init_phase_2'====== Args={}
2025-06-16 08:14:53,673 : INFO : EventManager : Event: ======'bcp_connection_attempt'====== Args={'name': 'local_display', 'host': 'localhost', 'port': 5050}
2025-06-16 08:14:53,676 : INFO : BCPClientSocket : Connecting BCP to 'local_display' at localhost:5050...
2025-06-16 08:14:56,233 : INFO : BCPClientSocket : Connected BCP to 'local_display' localhost:5050
2025-06-16 08:14:56,234 : INFO : EventManager : Event: ======'bcp_clients_connected'====== Args={}
2025-06-16 08:14:56,248 : INFO : ball_device.bd_trough : BCH: Initial count: 0
2025-06-16 08:14:56,249 : INFO : ball_device.bd_trough : State: idle
2025-06-16 08:14:56,292 : INFO : EventManager : Event: ======'init_phase_3'====== Args={}
2025-06-16 08:14:56,299 : INFO : EventManager : Event: ======'init_phase_4'====== Args={}
2025-06-16 08:14:56,300 : INFO : BallController : Initial balls found: 0
2025-06-16 08:14:56,303 : INFO : EventManager : Event: ======'machine_var_audits_events_game_ended'====== Args={'value': 50, 'prev_value': None, 'change': True}
2025-06-16 08:14:56,303 : INFO : EventManager : Event: ======'machine_var_audits_events_game_started'====== Args={'value': 98, 'prev_value': None, 'change': True}
2025-06-16 08:14:56,304 : INFO : EventManager : Event: ======'machine_var_audits_missing_switches_s_left_flipper'====== Args={'value': 8, 'prev_value': None, 'change': True}
2025-06-16 08:14:56,304 : INFO : EventManager : Event: ======'machine_var_audits_missing_switches_s_left_inlane1'====== Args={'value': 8, 'prev_value': None, 'change': True}
2025-06-16 08:14:56,304 : INFO : EventManager : Event: ======'machine_var_audits_missing_switches_s_left_inlane2'====== Args={'value': 8, 'prev_value': None, 'change': True}
2025-06-16 08:14:56,304 : INFO : EventManager : Event: ======'machine_var_audits_missing_switches_s_left_outlane'====== Args={'value': 9, 'prev_value': None, 'change': True}
2025-06-16 08:14:56,304 : INFO : EventManager : Event: ======'machine_var_audits_missing_switches_s_left_slingshot'====== Args={'value': 9, 'prev_value': None, 'change': True}
2025-06-16 08:14:56,304 : INFO : EventManager : Event: ======'machine_var_audits_missing_switches_s_pop1'====== Args={'value': 9, 'prev_value': None, 'change': True}
2025-06-16 08:14:56,305 : INFO : EventManager : Event: ======'machine_var_audits_missing_switches_s_pop2'====== Args={'value': 9, 'prev_value': None, 'change': True}
2025-06-16 08:14:56,305 : INFO : EventManager : Event: ======'machine_var_audits_missing_switches_s_pop3'====== Args={'value': 9, 'prev_value': None, 'change': True}
2025-06-16 08:14:56,305 : INFO : EventManager : Event: ======'machine_var_audits_missing_switches_s_pop4'====== Args={'value': 8, 'prev_value': None, 'change': True}
2025-06-16 08:14:56,305 : INFO : EventManager : Event: ======'machine_var_audits_missing_switches_s_pop5'====== Args={'value': 8, 'prev_value': None, 'change': True}
2025-06-16 08:14:56,305 : INFO : EventManager : Event: ======'machine_var_audits_missing_switches_s_right_inlane'====== Args={'value': 9, 'prev_value': None, 'change': True}
2025-06-16 08:14:56,306 : INFO : EventManager : Event: ======'machine_var_audits_missing_switches_s_right_outlane'====== Args={'value': 9, 'prev_value': None, 'change': True}
2025-06-16 08:14:56,306 : INFO : EventManager : Event: ======'machine_var_audits_missing_switches_s_right_slingshot'====== Args={'value': 9, 'prev_value': None, 'change': True}
2025-06-16 08:14:56,306 : INFO : EventManager : Event: ======'machine_var_audits_missing_switches_s_scoop_center'====== Args={'value': 8, 'prev_value': None, 'change': True}
2025-06-16 08:14:56,306 : INFO : EventManager : Event: ======'machine_var_audits_missing_switches_s_scoop_right'====== Args={'value': 9, 'prev_value': None, 'change': True}
2025-06-16 08:14:56,306 : INFO : EventManager : Event: ======'machine_var_audits_missing_switches_s_startButton'====== Args={'value': 9, 'prev_value': None, 'change': True}
2025-06-16 08:14:56,306 : INFO : EventManager : Event: ======'machine_var_audits_missing_switches_s_trough1'====== Args={'value': 9, 'prev_value': None, 'change': True}
2025-06-16 08:14:56,307 : INFO : EventManager : Event: ======'machine_var_audits_missing_switches_s_trough2'====== Args={'value': 9, 'prev_value': None, 'change': True}
2025-06-16 08:14:56,307 : INFO : EventManager : Event: ======'machine_var_audits_missing_switches_s_trough3'====== Args={'value': 9, 'prev_value': None, 'change': True}
2025-06-16 08:14:56,307 : INFO : EventManager : Event: ======'machine_var_audits_missing_switches_s_trough4'====== Args={'value': 9, 'prev_value': None, 'change': True}
2025-06-16 08:14:56,307 : INFO : EventManager : Event: ======'machine_var_audits_missing_switches_s_trough5'====== Args={'value': 8, 'prev_value': None, 'change': True}
2025-06-16 08:14:56,307 : INFO : EventManager : Event: ======'machine_var_audits_player_score'====== Args={'value': {'average': 0.0, 'top': [0, 0, 0, 0, 0, 0, 0, 0, 0, 0], 'total': 50}, 'prev_value': None, 'change': True}
2025-06-16 08:14:56,308 : INFO : EventManager : Event: ======'machine_var_audits_switches_s_drop_bank1'====== Args={'value': 140, 'prev_value': None, 'change': True}
2025-06-16 08:14:56,308 : INFO : EventManager : Event: ======'machine_var_audits_switches_s_left_flipper'====== Args={'value': 2280, 'prev_value': None, 'change': True}
2025-06-16 08:14:56,308 : INFO : EventManager : Event: ======'machine_var_audits_switches_s_left_inlane1'====== Args={'value': 1, 'prev_value': None, 'change': True}
2025-06-16 08:14:56,308 : INFO : EventManager : Event: ======'machine_var_audits_switches_s_left_inlane2'====== Args={'value': 1, 'prev_value': None, 'change': True}
2025-06-16 08:14:56,308 : INFO : EventManager : Event: ======'machine_var_audits_switches_s_left_outlane'====== Args={'value': 0, 'prev_value': None, 'change': True}
2025-06-16 08:14:56,309 : INFO : EventManager : Event: ======'machine_var_audits_switches_s_left_slingshot'====== Args={'value': 290, 'prev_value': None, 'change': True}
2025-06-16 08:14:56,310 : INFO : EventManager : Event: ======'machine_var_audits_switches_s_plunger'====== Args={'value': 5, 'prev_value': None, 'change': True}
2025-06-16 08:14:56,310 : INFO : EventManager : Event: ======'machine_var_audits_switches_s_pop1'====== Args={'value': 0, 'prev_value': None, 'change': True}
2025-06-16 08:14:56,311 : INFO : EventManager : Event: ======'machine_var_audits_switches_s_pop2'====== Args={'value': 0, 'prev_value': None, 'change': True}
2025-06-16 08:14:56,311 : INFO : EventManager : Event: ======'machine_var_audits_switches_s_pop3'====== Args={'value': 0, 'prev_value': None, 'change': True}
2025-06-16 08:14:56,311 : INFO : EventManager : Event: ======'machine_var_audits_switches_s_pop4'====== Args={'value': 1, 'prev_value': None, 'change': True}
2025-06-16 08:14:56,312 : INFO : EventManager : Event: ======'machine_var_audits_switches_s_pop5'====== Args={'value': 1, 'prev_value': None, 'change': True}
2025-06-16 08:14:56,312 : INFO : EventManager : Event: ======'machine_var_audits_switches_s_pop_bot'====== Args={'value': 426, 'prev_value': None, 'change': True}
2025-06-16 08:14:56,312 : INFO : EventManager : Event: ======'machine_var_audits_switches_s_pop_mid'====== Args={'value': 351, 'prev_value': None, 'change': True}
2025-06-16 08:14:56,312 : INFO : EventManager : Event: ======'machine_var_audits_switches_s_pop_top'====== Args={'value': 302, 'prev_value': None, 'change': True}
2025-06-16 08:14:56,313 : INFO : EventManager : Event: ======'machine_var_audits_switches_s_right_flipper'====== Args={'value': 2332, 'prev_value': None, 'change': True}
2025-06-16 08:14:56,313 : INFO : EventManager : Event: ======'machine_var_audits_switches_s_right_inlane'====== Args={'value': 57, 'prev_value': None, 'change': True}
2025-06-16 08:14:56,313 : INFO : EventManager : Event: ======'machine_var_audits_switches_s_right_outlane'====== Args={'value': 0, 'prev_value': None, 'change': True}
2025-06-16 08:14:56,313 : INFO : EventManager : Event: ======'machine_var_audits_switches_s_right_slingshot'====== Args={'value': 255, 'prev_value': None, 'change': True}
2025-06-16 08:14:56,314 : INFO : EventManager : Event: ======'machine_var_audits_switches_s_scoop_center'====== Args={'value': 1, 'prev_value': None, 'change': True}
2025-06-16 08:14:56,314 : INFO : EventManager : Event: ======'machine_var_audits_switches_s_scoop_lower'====== Args={'value': 220, 'prev_value': None, 'change': True}
2025-06-16 08:14:56,314 : INFO : EventManager : Event: ======'machine_var_audits_switches_s_scoop_right'====== Args={'value': 0, 'prev_value': None, 'change': True}
2025-06-16 08:14:56,314 : INFO : EventManager : Event: ======'machine_var_audits_switches_s_shooter_lane'====== Args={'value': 8, 'prev_value': None, 'change': True}
2025-06-16 08:14:56,315 : INFO : EventManager : Event: ======'machine_var_audits_switches_s_startButton'====== Args={'value': 34, 'prev_value': None, 'change': True}
2025-06-16 08:14:56,315 : INFO : EventManager : Event: ======'machine_var_audits_switches_s_trough1'====== Args={'value': 303, 'prev_value': None, 'change': True}
2025-06-16 08:14:56,315 : INFO : EventManager : Event: ======'machine_var_audits_switches_s_trough2'====== Args={'value': 1, 'prev_value': None, 'change': True}
2025-06-16 08:14:56,316 : INFO : EventManager : Event: ======'machine_var_audits_switches_s_trough3'====== Args={'value': 1, 'prev_value': None, 'change': True}
2025-06-16 08:14:56,316 : INFO : EventManager : Event: ======'machine_var_audits_switches_s_trough4'====== Args={'value': 1, 'prev_value': None, 'change': True}
2025-06-16 08:14:56,316 : INFO : EventManager : Event: ======'machine_var_audits_switches_s_trough5'====== Args={'value': 1, 'prev_value': None, 'change': True}
2025-06-16 08:14:56,317 : INFO : EventManager : Event: ======'init_phase_5'====== Args={}
2025-06-16 08:14:56,336 : INFO : EventManager : Event: ======'machine_var_mc_version'====== Args={'value': 'MPF-MC v0.56.1', 'prev_value': None, 'change': True}
2025-06-16 08:14:56,337 : INFO : EventManager : Event: ======'machine_var_mc_extended_version'====== Args={'value': 'MPF-MC v0.56.1 (config_version=5, BCP v1.1,                      Requires MPF API compatibility v0.56.0 or newer)', 'prev_value': None, 'change': True}
2025-06-16 08:14:56,340 : INFO : EventManager : Event: ======'init_done'====== Args={}
2025-06-16 08:14:56,344 : INFO : EventManager : Event: ======'machine_reset_phase_1'====== Args={}
2025-06-16 08:14:56,364 : INFO : EventManager : Event: ======'slide_welcome_slide_removed'====== Args={'_from_bcp': True}
2025-06-16 08:14:56,371 : INFO : EventManager : Event: ======'slide_welcome_slide_created'====== Args={'_from_bcp': True}
2025-06-16 08:14:56,373 : INFO : EventManager : Event: ======'machine_reset_phase_2'====== Args={}
2025-06-16 08:14:56,374 : INFO : EventManager : Event: ======'slide_welcome_slide_active'====== Args={'_from_bcp': True}
2025-06-16 08:14:56,375 : INFO : EventManager : Event: ======'machine_reset_phase_3'====== Args={}
2025-06-16 08:14:56,378 : INFO : EventManager : Event: ======'reset_complete'====== Args={}
2025-06-16 08:14:56,379 : INFO : EventManager : Event: ======'mode_attract_will_start'====== Args={}
2025-06-16 08:14:56,380 : INFO : EventManager : Event: ======'mode_attract_starting'====== Args={}
2025-06-16 08:14:56,380 : INFO : Mode.attract : Started. Priority: 10
2025-06-16 08:14:56,380 : INFO : EventManager : Event: ======'modes_active_modes_changed'====== Args={}
2025-06-16 08:14:56,380 : INFO : EventManager : Event: ======'mode_attract_started'====== Args={}
2025-06-16 08:14:56,381 : INFO : EventManager : Event: ======'collecting_balls_complete'====== Args={}
2025-06-16 08:14:56,406 : INFO : EventManager : Event: ======'slide_attract_started_created'====== Args={'_from_bcp': True}
2025-06-16 08:14:56,406 : INFO : EventManager : Event: ======'slide_attract_started_active'====== Args={'_from_bcp': True}
2025-06-16 08:14:56,407 : INFO : Machine : Starting the main run loop.
2025-06-16 08:15:04,912 : INFO : SwitchController : <<<<<<< 's_pop5' active >>>>>>>
2025-06-16 08:15:05,148 : INFO : SwitchController : <<<<<<< 's_pop5' inactive >>>>>>>
2025-06-16 08:15:05,335 : INFO : SwitchController : <<<<<<< 's_pop5' active >>>>>>>
2025-06-16 08:15:05,518 : INFO : SwitchController : <<<<<<< 's_pop5' inactive >>>>>>>
2025-06-16 08:15:05,667 : INFO : SwitchController : <<<<<<< 's_pop5' active >>>>>>>
2025-06-16 08:15:06,495 : INFO : SwitchController : <<<<<<< 's_pop5' inactive >>>>>>>
2025-06-16 08:15:06,650 : INFO : SwitchController : <<<<<<< 's_pop5' active >>>>>>>
2025-06-16 08:15:06,813 : INFO : SwitchController : <<<<<<< 's_pop5' inactive >>>>>>>
2025-06-16 08:15:07,013 : INFO : SwitchController : <<<<<<< 's_pop5' active >>>>>>>
2025-06-16 08:15:07,357 : INFO : SwitchController : <<<<<<< 's_pop5' inactive >>>>>>>
2025-06-16 08:15:07,500 : INFO : SwitchController : <<<<<<< 's_pop5' active >>>>>>>
2025-06-16 08:15:07,712 : INFO : SwitchController : <<<<<<< 's_pop5' inactive >>>>>>>
2025-06-16 08:15:09,148 : INFO : SwitchController : <<<<<<< 's_pop3' active >>>>>>>
2025-06-16 08:15:09,180 : INFO : SwitchController : <<<<<<< 's_pop3' inactive >>>>>>>
2025-06-16 08:15:09,224 : INFO : SwitchController : <<<<<<< 's_pop3' active >>>>>>>
2025-06-16 08:15:09,450 : INFO : SwitchController : <<<<<<< 's_pop3' inactive >>>>>>>
2025-06-16 08:15:09,485 : INFO : SwitchController : <<<<<<< 's_pop3' active >>>>>>>
2025-06-16 08:15:10,004 : INFO : SwitchController : <<<<<<< 's_pop3' inactive >>>>>>>
2025-06-16 08:15:10,099 : INFO : SwitchController : <<<<<<< 's_pop3' active >>>>>>>
2025-06-16 08:15:10,518 : INFO : SwitchController : <<<<<<< 's_pop3' inactive >>>>>>>
2025-06-16 08:15:11,304 : INFO : SwitchController : <<<<<<< 's_pop3' active >>>>>>>
2025-06-16 08:15:11,564 : INFO : SwitchController : <<<<<<< 's_pop3' inactive >>>>>>>
2025-06-16 08:15:11,663 : INFO : SwitchController : <<<<<<< 's_pop3' active >>>>>>>
2025-06-16 08:15:12,106 : INFO : SwitchController : <<<<<<< 's_pop3' inactive >>>>>>>
2025-06-16 08:15:12,165 : INFO : SwitchController : <<<<<<< 's_pop3' active >>>>>>>
2025-06-16 08:15:12,323 : INFO : SwitchController : <<<<<<< 's_pop3' inactive >>>>>>>
2025-06-16 08:15:13,673 : INFO : SwitchController : <<<<<<< 's_pop1' active >>>>>>>
2025-06-16 08:15:13,673 : INFO : EventManager : Event: ======'playfield_active'====== Args={}
2025-06-16 08:15:13,674 : INFO : EventManager : Event: ======'unexpected_ball_on_playfield'====== Args={}
2025-06-16 08:15:13,855 : INFO : SwitchController : <<<<<<< 's_pop1' inactive >>>>>>>
2025-06-16 08:15:13,990 : INFO : SwitchController : <<<<<<< 's_pop1' active >>>>>>>
2025-06-16 08:15:13,990 : INFO : EventManager : Event: ======'playfield_active'====== Args={}
2025-06-16 08:15:13,990 : INFO : EventManager : Event: ======'unexpected_ball_on_playfield'====== Args={}
2025-06-16 08:15:14,147 : INFO : SwitchController : <<<<<<< 's_pop1' inactive >>>>>>>
2025-06-16 08:15:14,255 : INFO : SwitchController : <<<<<<< 's_pop1' active >>>>>>>
2025-06-16 08:15:14,256 : INFO : EventManager : Event: ======'playfield_active'====== Args={}
2025-06-16 08:15:14,256 : INFO : EventManager : Event: ======'unexpected_ball_on_playfield'====== Args={}
2025-06-16 08:15:14,365 : INFO : SwitchController : <<<<<<< 's_pop1' inactive >>>>>>>
2025-06-16 08:15:38,144 : INFO : SwitchController : <<<<<<< 's_pop5' active >>>>>>>
2025-06-16 08:15:38,237 : INFO : SwitchController : <<<<<<< 's_pop5' inactive >>>>>>>
2025-06-16 08:15:38,566 : INFO : SwitchController : <<<<<<< 's_pop5' active >>>>>>>
2025-06-16 08:15:38,737 : INFO : SwitchController : <<<<<<< 's_pop5' inactive >>>>>>>
2025-06-16 08:15:38,941 : INFO : SwitchController : <<<<<<< 's_pop5' active >>>>>>>
2025-06-16 08:15:39,223 : INFO : SwitchController : <<<<<<< 's_pop5' inactive >>>>>>>
2025-06-16 08:15:39,307 : INFO : SwitchController : <<<<<<< 's_pop5' active >>>>>>>
2025-06-16 08:15:39,507 : INFO : SwitchController : <<<<<<< 's_pop5' inactive >>>>>>>
2025-06-16 08:15:39,585 : INFO : SwitchController : <<<<<<< 's_pop5' active >>>>>>>
2025-06-16 08:15:39,681 : INFO : SwitchController : <<<<<<< 's_pop5' inactive >>>>>>>
2025-06-16 08:15:40,492 : INFO : SwitchController : <<<<<<< 's_pop1' active >>>>>>>
2025-06-16 08:15:40,492 : INFO : EventManager : Event: ======'playfield_active'====== Args={}
2025-06-16 08:15:40,492 : INFO : EventManager : Event: ======'unexpected_ball_on_playfield'====== Args={}
2025-06-16 08:15:40,663 : INFO : SwitchController : <<<<<<< 's_pop1' inactive >>>>>>>
2025-06-16 08:15:40,695 : INFO : SwitchController : <<<<<<< 's_pop1' active >>>>>>>
2025-06-16 08:15:40,695 : INFO : EventManager : Event: ======'playfield_active'====== Args={}
2025-06-16 08:15:40,695 : INFO : EventManager : Event: ======'unexpected_ball_on_playfield'====== Args={}
2025-06-16 08:15:40,711 : INFO : SwitchController : <<<<<<< 's_pop1' inactive >>>>>>>
2025-06-16 08:15:40,788 : INFO : SwitchController : <<<<<<< 's_pop1' active >>>>>>>
2025-06-16 08:15:40,788 : INFO : EventManager : Event: ======'playfield_active'====== Args={}
2025-06-16 08:15:40,788 : INFO : EventManager : Event: ======'unexpected_ball_on_playfield'====== Args={}
2025-06-16 08:15:40,945 : INFO : SwitchController : <<<<<<< 's_pop1' inactive >>>>>>>
2025-06-16 08:15:42,227 : INFO : SwitchController : <<<<<<< 's_pop3' active >>>>>>>
2025-06-16 08:15:42,682 : INFO : SwitchController : <<<<<<< 's_pop3' inactive >>>>>>>
2025-06-16 08:15:46,897 : INFO : Machine : Shutting down...
2025-06-16 08:15:46,897 : INFO : EventManager : Event: ======'shutdown'====== Args={}
2025-06-16 08:15:46,900 : ERROR : OPP : Stop called on serial connection com3
2025-06-16 08:15:46,933 : ERROR : OPP : Stop called on serial connection com4
2025-06-16 08:15:46,933 : ERROR : asyncio : Exception in callback Util.raise_exceptions(<Task finishe...ection lost')>) at C:\Users\ruben\.local\pipx\venvs\mpf\lib\site-packages\mpf\core\utility_functions.py:759
handle: <Handle Util.raise_exceptions(<Task finishe...ection lost')>) at C:\Users\ruben\.local\pipx\venvs\mpf\lib\site-packages\mpf\core\utility_functions.py:759>
Traceback (most recent call last):
  File "C:\Users\ruben\AppData\Local\Programs\Python\Python39\lib\asyncio\events.py", line 80, in _run
    self._context.run(self._callback, *self._args)
  File "C:\Users\ruben\.local\pipx\venvs\mpf\lib\site-packages\mpf\core\utility_functions.py", line 767, in raise_exceptions
    future.result()
  File "C:\Users\ruben\.local\pipx\venvs\mpf\lib\site-packages\mpf\platforms\opp\opp.py", line 965, in _poll_sender
    await self.opp_connection[chain_serial].writer.drain()
  File "C:\Users\ruben\AppData\Local\Programs\Python\Python39\lib\asyncio\streams.py", line 387, in drain
    await self._protocol._drain_helper()
  File "C:\Users\ruben\AppData\Local\Programs\Python\Python39\lib\asyncio\streams.py", line 190, in _drain_helper
    raise ConnectionResetError('Connection lost')
ConnectionResetError: Connection lost
2025-06-16 08:15:47,253 : WARNING : OPP : Poll took more than 250.0ms for 0
2025-06-16 08:15:47,254 : ERROR : asyncio : Exception in callback Util.raise_exceptions(<Task finishe...ute 'write'")>) at C:\Users\ruben\.local\pipx\venvs\mpf\lib\site-packages\mpf\core\utility_functions.py:759
handle: <Handle Util.raise_exceptions(<Task finishe...ute 'write'")>) at C:\Users\ruben\.local\pipx\venvs\mpf\lib\site-packages\mpf\core\utility_functions.py:759>
Traceback (most recent call last):
  File "C:\Users\ruben\AppData\Local\Programs\Python\Python39\lib\asyncio\events.py", line 80, in _run
    self._context.run(self._callback, *self._args)
  File "C:\Users\ruben\.local\pipx\venvs\mpf\lib\site-packages\mpf\core\utility_functions.py", line 767, in raise_exceptions
    future.result()
  File "C:\Users\ruben\.local\pipx\venvs\mpf\lib\site-packages\mpf\platforms\opp\opp.py", line 964, in _poll_sender
    self.send_to_processor(chain_serial, self.read_input_msg[chain_serial])
  File "C:\Users\ruben\.local\pipx\venvs\mpf\lib\site-packages\mpf\platforms\opp\opp.py", line 345, in send_to_processor
    self.opp_connection[chain_serial].send(msg)
  File "C:\Users\ruben\.local\pipx\venvs\mpf\lib\site-packages\mpf\platforms\base_serial_communicator.py", line 160, in send
    self.writer.write(msg)
AttributeError: 'NoneType' object has no attribute 'write'
2025-06-16 08:15:47,296 : INFO : root : MPF run loop ended.
