2025-06-18 17:04:13,354 : kivy : Kivy: v2.2.1
2025-06-18 17:04:13,354 : kivy : Kivy: Installed at "/Library/Frameworks/Python.framework/Versions/3.9/lib/python3.9/site-packages/kivy/__init__.py"
2025-06-18 17:04:13,354 : kivy : Python: v3.9.13 (v3.9.13:6de2ca5339, May 17 2022, 11:37:23) 
[Clang 13.0.0 (clang-1300.0.29.30)]
2025-06-18 17:04:13,354 : kivy : Python: Interpreter at "/Library/Frameworks/Python.framework/Versions/3.9/bin/python3.9"
2025-06-18 17:04:13,362 : kivy : Factory: 190 symbols loaded
2025-06-18 17:04:13,459 : kivy : ImageLoaderFFPy: Using ffpyplayer 4.5.1
2025-06-18 17:04:13,459 : kivy : Image: Providers: img_tex, img_imageio, img_dds, img_sdl2, img_pil, img_ffpyplayer 
2025-06-18 17:04:13,559 : kivy : VideoFFPy: Using ffpyplayer 4.5.1
2025-06-18 17:04:13,560 : kivy : Video: Provider: ffpyplayer(['video_ffmpeg'] ignored)
2025-06-18 17:04:13,586 : root : Loading MPF-MC controller
2025-06-18 17:04:13,593 : YamlMultifileConfigLoader : Machine config file #1: config
2025-06-18 17:04:13,594 : ConfigProcessor : Config file in cache changed: /Users/ruben/Pinball/mpf-pinball/config/config
2025-06-18 17:04:13,594 : ConfigProcessor : Loading config from file /Library/Frameworks/Python.framework/Versions/3.9/lib/python3.9/site-packages/mpfmc/mcconfig.yaml.
2025-06-18 17:04:13,598 : ConfigProcessor : Loading config: /Library/Frameworks/Python.framework/Versions/3.9/lib/python3.9/site-packages/mpfmc/mcconfig.yaml
2025-06-18 17:04:13,598 : ConfigProcessor : Loading config from file /Users/ruben/Pinball/mpf-pinball/config/config.
2025-06-18 17:04:13,598 : ConfigProcessor : Loading config: /Users/ruben/Pinball/mpf-pinball/config/config
2025-06-18 17:04:13,598 : ConfigProcessor : Loading config: /Users/ruben/Pinball/mpf-pinball/config/hardware.yaml
2025-06-18 17:04:13,599 : ConfigProcessor : Loading config: /Users/ruben/Pinball/mpf-pinball/config/switches.yaml
2025-06-18 17:04:13,599 : ConfigProcessor : Loading config: /Users/ruben/Pinball/mpf-pinball/config/coils.yaml
2025-06-18 17:04:13,600 : ConfigProcessor : Loading config: /Users/ruben/Pinball/mpf-pinball/config/devices.yaml
2025-06-18 17:04:13,600 : ConfigProcessor : Loading config: /Users/ruben/Pinball/mpf-pinball/config/displays.yaml
2025-06-18 17:04:13,601 : ConfigProcessor : Loading config: /Users/ruben/Pinball/mpf-pinball/config/slides.yaml
2025-06-18 17:04:13,601 : ConfigProcessor : Config file cache created: /var/folders/9g/7xjb17l959g1fnq4pjl5c5p80000gn/T/195f11bb22def72033a5ba91cfdec8f0.mpf_cache
2025-06-18 17:04:13,602 : ConfigProcessor : Loading config from cache: /var/folders/9g/7xjb17l959g1fnq4pjl5c5p80000gn/T/f574f59b1e0fcbb2258348220f26b9cc.mpf_cache
2025-06-18 17:04:13,602 : ConfigProcessor : Loading config from cache: /var/folders/9g/7xjb17l959g1fnq4pjl5c5p80000gn/T/edcc5f1d3215b377c9faab88c62e4ce0.mpf_cache
2025-06-18 17:04:13,602 : ConfigProcessor : Loading config from cache: /var/folders/9g/7xjb17l959g1fnq4pjl5c5p80000gn/T/174d451d321a0971202b746018364536.mpf_cache
2025-06-18 17:04:13,602 : ConfigProcessor : Loading config from cache: /var/folders/9g/7xjb17l959g1fnq4pjl5c5p80000gn/T/f574f59b1e0fcbb2258348220f26b9cc.mpf_cache
2025-06-18 17:04:13,602 : mpfmc : Mission Pinball Framework Media Controller (MPF-MC) v0.57.1. Requires MPF v0.57.0 or newer.
2025-06-18 17:04:13,602 : mpfmc : Found MPF v0.57.3
2025-06-18 17:04:13,602 : mpfmc : Machine path: /Users/ruben/Pinball/mpf-pinball
2025-06-18 17:04:13,602 : mpfmc : Starting clock at 60.0Hz
2025-06-18 17:04:13,609 : kivy : Text: Provider: sdl2
2025-06-18 17:04:13,624 : kivy : Window: Provider: sdl2
2025-06-18 17:04:13,789 : kivy : GL: Using the "OpenGL ES 2" graphics system
2025-06-18 17:04:13,790 : kivy : GL: Backend used <sdl2>
2025-06-18 17:04:13,790 : kivy : GL: OpenGL version <b'2.1 Metal - 89.4'>
2025-06-18 17:04:13,790 : kivy : GL: OpenGL vendor <b'Apple'>
2025-06-18 17:04:13,790 : kivy : GL: OpenGL renderer <b'Apple M1 Pro'>
2025-06-18 17:04:13,790 : kivy : GL: OpenGL parsed version: 2, 1
2025-06-18 17:04:13,790 : kivy : GL: Shading version <b'1.20'>
2025-06-18 17:04:13,790 : kivy : GL: Texture max size <16384>
2025-06-18 17:04:13,790 : kivy : GL: Texture max units <16>
2025-06-18 17:04:13,802 : kivy : Window: auto add sdl2 input provider
2025-06-18 17:04:13,802 : kivy : Window: virtual keyboard not allowed, single mode, not docked
2025-06-18 17:04:13,804 : SoundSystem : SoundSystem: Using default 'sound_system' settings
2025-06-18 17:04:13,938 : AudioInterface : Initialized
2025-06-18 17:04:13,938 : AudioInterface : Loaded SDL 2.32.8
2025-06-18 17:04:13,938 : AudioInterface : Loaded SDL_Mixer 2.8.1
2025-06-18 17:04:13,938 : AudioInterface : Loaded GStreamer 1.26.2.0
2025-06-18 17:04:13,938 : AudioInterface : Loaded GLib 2.84.2
2025-06-18 17:04:13,938 : AudioInterface : Settings requested - rate: 44100, channels: 1, buffer: 2048 samples
2025-06-18 17:04:13,938 : AudioInterface : Settings in use - rate: 44100, channels: 1, buffer: 2048 samples (4096 bytes @ 2 bytes per sample)
2025-06-18 17:04:13,938 : SoundSystem : No audio tracks are specified in your machine config file. a track named 'default' has been created.
2025-06-18 17:04:13,938 : SoundSystem : Setting master volume to 0.0
2025-06-18 17:04:13,938 : AudioInterface : Enabling audio playback
2025-06-18 17:04:13,939 : kivy : Base: Start application main loop
2025-06-18 17:04:13,939 : EventManager : Event: ======'display_window_initialized'====== Args={}
2025-06-18 17:04:14,270 : mpfmc : Display: Setting 'window' as default display
2025-06-18 17:04:14,274 : mpfmc : ASPECT RATIO MISMATCH: The on-screen window is not the same aspect ratio as the display called 'window'. The logical display will be scaled from 1280x390 to the window size 1600x1200, and a black bar will make up the difference
2025-06-18 17:04:14,274 : EventManager : Event: ======'displays_initialized'====== Args={}
2025-06-18 17:04:14,275 : EventManager : Event: ======'slide_window_blank_created'====== Args={}
2025-06-18 17:04:14,275 : EventManager : Event: ======'display_window_ready'====== Args={}
2025-06-18 17:04:14,277 : EventManager : Event: ======'init_phase_1'====== Args={}
2025-06-18 17:04:14,278 : ConfigValidator : Your config contains a value for the setting "widgets:image:widgets:image:width", but this is not a valid setting name.
2025-06-18 17:04:14,279 : kivy : Base: Leaving application in progress...
2025-06-18 17:04:14,279 : root : Exception while processing RegisteredHandler(callback=<bound method ConfigCollection.create_entries_from_root_config of {'window_blank': {'debug': False, 'expire': None, 'background_color': [0.0, 0.0, 0.0, 1.0], 'opacity': 1.0}, 'dmd_gamma_test': {'widgets': [{'type': 'text', 'text': 'DMD GAMMA TEST', 'style': ['small'], 'y': '4', 'anchor_x': 'left', 'x': '2', '_default_settings': [], 'anchor_y': 'center', 'round_anchor_x': None, 'round_anchor_y': None, 'opacity': 1.0, 'z': 0, 'reset_animations_events': {}, 'color': [1.0, 1.0, 1.0, 1.0], 'adjust_top': 0, 'adjust_bottom': 0, 'adjust_left': 0, 'adjust_right': 0, 'expire': None, 'key': None, 'widget': None, 'events_when_added': [], 'events_when_removed': [], 'font_size': 15, 'bitmap_font': False, 'font_kerning': True, 'bold': False, 'italic': False, 'number_grouping': False, 'min_digits': 0, 'halign': 'center', 'valign': 'middle', 'rotation': 0, 'scale': 1.0, 'casing': None, 'outline_color': [1.0, 1.0, 1.0, 1.0], 'outline_width': 0, 'animations': None}, {'type': 'rectangle', 'width': 8.0, 'height': 32.0, 'color': None, 'x': '4', '_default_settings': [], 'y': None, 'anchor_x': 'center', 'anchor_y': 'center', 'round_anchor_x': None, 'round_anchor_y': None, 'opacity': 1.0, 'z': 0, 'reset_animations_events': {}, 'style': [], 'adjust_top': 0, 'adjust_bottom': 0, 'adjust_left': 0, 'adjust_right': 0, 'expire': None, 'key': None, 'widget': None, 'events_when_added': [], 'events_when_removed': [], 'corner_radius': 0, 'corner_segments': 10, 'rotation': 0, 'scale': 1.0, 'animations': None}, {'type': 'rectangle', 'width': 8.0, 'height': 32.0, 'color': [0.12156862745098039, 0.12156862745098039, 0.12156862745098039, 1], 'x': '12', '_default_settings': [], 'y': None, 'anchor_x': 'center', 'anchor_y': 'center', 'round_anchor_x': None, 'round_anchor_y': None, 'opacity': 1.0, 'z': 0, 'reset_animations_events': {}, 'style': [], 'adjust_top': 0, 'adjust_bottom': 0, 'adjust_left': 0, 'adjust_right': 0, 'expire': None, 'key': None, 'widget': None, 'events_when_added': [], 'events_when_removed': [], 'corner_radius': 0, 'corner_segments': 10, 'rotation': 0, 'scale': 1.0, 'animations': None}, {'type': 'rectangle', 'width': 8.0, 'height': 32.0, 'color': [0.1843137254901961, 0.1843137254901961, 0.1843137254901961, 1], 'x': '20', '_default_settings': [], 'y': None, 'anchor_x': 'center', 'anchor_y': 'center', 'round_anchor_x': None, 'round_anchor_y': None, 'opacity': 1.0, 'z': 0, 'reset_animations_events': {}, 'style': [], 'adjust_top': 0, 'adjust_bottom': 0, 'adjust_left': 0, 'adjust_right': 0, 'expire': None, 'key': None, 'widget': None, 'events_when_added': [], 'events_when_removed': [], 'corner_radius': 0, 'corner_segments': 10, 'rotation': 0, 'scale': 1.0, 'animations': None}, {'type': 'rectangle', 'width': 8.0, 'height': 32.0, 'color': [0.24705882352941178, 0.24705882352941178, 0.24705882352941178, 1], 'x': '28', '_default_settings': [], 'y': None, 'anchor_x': 'center', 'anchor_y': 'center', 'round_anchor_x': None, 'round_anchor_y': None, 'opacity': 1.0, 'z': 0, 'reset_animations_events': {}, 'style': [], 'adjust_top': 0, 'adjust_bottom': 0, 'adjust_left': 0, 'adjust_right': 0, 'expire': None, 'key': None, 'widget': None, 'events_when_added': [], 'events_when_removed': [], 'corner_radius': 0, 'corner_segments': 10, 'rotation': 0, 'scale': 1.0, 'animations': None}, {'type': 'rectangle', 'width': 8.0, 'height': 32.0, 'color': [0.30980392156862746, 0.30980392156862746, 0.30980392156862746, 1], 'x': '36', '_default_settings': [], 'y': None, 'anchor_x': 'center', 'anchor_y': 'center', 'round_anchor_x': None, 'round_anchor_y': None, 'opacity': 1.0, 'z': 0, 'reset_animations_events': {}, 'style': [], 'adjust_top': 0, 'adjust_bottom': 0, 'adjust_left': 0, 'adjust_right': 0, 'expire': None, 'key': None, 'widget': None, 'events_when_added': [], 'events_when_removed': [], 'corner_radius': 0, 'corner_segments': 10, 'rotation': 0, 'scale': 1.0, 'animations': None}, {'type': 'rectangle', 'width': 8.0, 'height': 32.0, 'color': [0.37254901960784315, 0.37254901960784315, 0.37254901960784315, 1], 'x': '44', '_default_settings': [], 'y': None, 'anchor_x': 'center', 'anchor_y': 'center', 'round_anchor_x': None, 'round_anchor_y': None, 'opacity': 1.0, 'z': 0, 'reset_animations_events': {}, 'style': [], 'adjust_top': 0, 'adjust_bottom': 0, 'adjust_left': 0, 'adjust_right': 0, 'expire': None, 'key': None, 'widget': None, 'events_when_added': [], 'events_when_removed': [], 'corner_radius': 0, 'corner_segments': 10, 'rotation': 0, 'scale': 1.0, 'animations': None}, {'type': 'rectangle', 'width': 8.0, 'height': 32.0, 'color': [0.43529411764705883, 0.43529411764705883, 0.43529411764705883, 1], 'x': '52', '_default_settings': [], 'y': None, 'anchor_x': 'center', 'anchor_y': 'center', 'round_anchor_x': None, 'round_anchor_y': None, 'opacity': 1.0, 'z': 0, 'reset_animations_events': {}, 'style': [], 'adjust_top': 0, 'adjust_bottom': 0, 'adjust_left': 0, 'adjust_right': 0, 'expire': None, 'key': None, 'widget': None, 'events_when_added': [], 'events_when_removed': [], 'corner_radius': 0, 'corner_segments': 10, 'rotation': 0, 'scale': 1.0, 'animations': None}, {'type': 'rectangle', 'width': 8.0, 'height': 32.0, 'color': [0.4980392156862745, 0.4980392156862745, 0.4980392156862745, 1], 'x': '60', '_default_settings': [], 'y': None, 'anchor_x': 'center', 'anchor_y': 'center', 'round_anchor_x': None, 'round_anchor_y': None, 'opacity': 1.0, 'z': 0, 'reset_animations_events': {}, 'style': [], 'adjust_top': 0, 'adjust_bottom': 0, 'adjust_left': 0, 'adjust_right': 0, 'expire': None, 'key': None, 'widget': None, 'events_when_added': [], 'events_when_removed': [], 'corner_radius': 0, 'corner_segments': 10, 'rotation': 0, 'scale': 1.0, 'animations': None}, {'type': 'rectangle', 'width': 8.0, 'height': 32.0, 'color': [0.5607843137254902, 0.5607843137254902, 0.5607843137254902, 1], 'x': '68', '_default_settings': [], 'y': None, 'anchor_x': 'center', 'anchor_y': 'center', 'round_anchor_x': None, 'round_anchor_y': None, 'opacity': 1.0, 'z': 0, 'reset_animations_events': {}, 'style': [], 'adjust_top': 0, 'adjust_bottom': 0, 'adjust_left': 0, 'adjust_right': 0, 'expire': None, 'key': None, 'widget': None, 'events_when_added': [], 'events_when_removed': [], 'corner_radius': 0, 'corner_segments': 10, 'rotation': 0, 'scale': 1.0, 'animations': None}, {'type': 'rectangle', 'width': 8.0, 'height': 32.0, 'color': [0.6235294117647059, 0.6235294117647059, 0.6235294117647059, 1], 'x': '76', '_default_settings': [], 'y': None, 'anchor_x': 'center', 'anchor_y': 'center', 'round_anchor_x': None, 'round_anchor_y': None, 'opacity': 1.0, 'z': 0, 'reset_animations_events': {}, 'style': [], 'adjust_top': 0, 'adjust_bottom': 0, 'adjust_left': 0, 'adjust_right': 0, 'expire': None, 'key': None, 'widget': None, 'events_when_added': [], 'events_when_removed': [], 'corner_radius': 0, 'corner_segments': 10, 'rotation': 0, 'scale': 1.0, 'animations': None}, {'type': 'rectangle', 'width': 8.0, 'height': 32.0, 'color': [0.6862745098039216, 0.6862745098039216, 0.6862745098039216, 1], 'x': '84', '_default_settings': [], 'y': None, 'anchor_x': 'center', 'anchor_y': 'center', 'round_anchor_x': None, 'round_anchor_y': None, 'opacity': 1.0, 'z': 0, 'reset_animations_events': {}, 'style': [], 'adjust_top': 0, 'adjust_bottom': 0, 'adjust_left': 0, 'adjust_right': 0, 'expire': None, 'key': None, 'widget': None, 'events_when_added': [], 'events_when_removed': [], 'corner_radius': 0, 'corner_segments': 10, 'rotation': 0, 'scale': 1.0, 'animations': None}, {'type': 'rectangle', 'width': 8.0, 'height': 32.0, 'color': [0.7490196078431373, 0.7490196078431373, 0.7490196078431373, 1], 'x': '92', '_default_settings': [], 'y': None, 'anchor_x': 'center', 'anchor_y': 'center', 'round_anchor_x': None, 'round_anchor_y': None, 'opacity': 1.0, 'z': 0, 'reset_animations_events': {}, 'style': [], 'adjust_top': 0, 'adjust_bottom': 0, 'adjust_left': 0, 'adjust_right': 0, 'expire': None, 'key': None, 'widget': None, 'events_when_added': [], 'events_when_removed': [], 'corner_radius': 0, 'corner_segments': 10, 'rotation': 0, 'scale': 1.0, 'animations': None}, {'type': 'rectangle', 'width': 8.0, 'height': 32.0, 'color': [0.8117647058823529, 0.8117647058823529, 0.8117647058823529, 1], 'x': '100', '_default_settings': [], 'y': None, 'anchor_x': 'center', 'anchor_y': 'center', 'round_anchor_x': None, 'round_anchor_y': None, 'opacity': 1.0, 'z': 0, 'reset_animations_events': {}, 'style': [], 'adjust_top': 0, 'adjust_bottom': 0, 'adjust_left': 0, 'adjust_right': 0, 'expire': None, 'key': None, 'widget': None, 'events_when_added': [], 'events_when_removed': [], 'corner_radius': 0, 'corner_segments': 10, 'rotation': 0, 'scale': 1.0, 'animations': None}, {'type': 'rectangle', 'width': 8.0, 'height': 32.0, 'color': [0.8745098039215686, 0.8745098039215686, 0.8745098039215686, 1], 'x': '108', '_default_settings': [], 'y': None, 'anchor_x': 'center', 'anchor_y': 'center', 'round_anchor_x': None, 'round_anchor_y': None, 'opacity': 1.0, 'z': 0, 'reset_animations_events': {}, 'style': [], 'adjust_top': 0, 'adjust_bottom': 0, 'adjust_left': 0, 'adjust_right': 0, 'expire': None, 'key': None, 'widget': None, 'events_when_added': [], 'events_when_removed': [], 'corner_radius': 0, 'corner_segments': 10, 'rotation': 0, 'scale': 1.0, 'animations': None}, {'type': 'rectangle', 'width': 8.0, 'height': 32.0, 'color': [0.9372549019607843, 0.9372549019607843, 0.9372549019607843, 1], 'x': '116', '_default_settings': [], 'y': None, 'anchor_x': 'center', 'anchor_y': 'center', 'round_anchor_x': None, 'round_anchor_y': None, 'opacity': 1.0, 'z': 0, 'reset_animations_events': {}, 'style': [], 'adjust_top': 0, 'adjust_bottom': 0, 'adjust_left': 0, 'adjust_right': 0, 'expire': None, 'key': None, 'widget': None, 'events_when_added': [], 'events_when_removed': [], 'corner_radius': 0, 'corner_segments': 10, 'rotation': 0, 'scale': 1.0, 'animations': None}, {'type': 'rectangle', 'width': 8.0, 'height': 32.0, 'color': [1.0, 1.0, 1.0, 1], 'x': '124', '_default_settings': [], 'y': None, 'anchor_x': 'center', 'anchor_y': 'center', 'round_anchor_x': None, 'round_anchor_y': None, 'opacity': 1.0, 'z': 0, 'reset_animations_events': {}, 'style': [], 'adjust_top': 0, 'adjust_bottom': 0, 'adjust_left': 0, 'adjust_right': 0, 'expire': None, 'key': None, 'widget': None, 'events_when_added': [], 'events_when_removed': [], 'corner_radius': 0, 'corner_segments': 10, 'rotation': 0, 'scale': 1.0, 'animations': None}], 'debug': False, 'expire': None, 'background_color': [0.0, 0.0, 0.0, 1.0], 'opacity': 1.0, 'transition': None, 'transition_out': None}}>, priority=1, kwargs={}, key=UUID('d782a0dd-1ece-4255-83a5-82638f873374'), condition=None, blocking_facility=None) for event init_phase_1. Config File Error in ConfigValidator: Error creating slides config entry for 'attract_image_slide' >> Your config contains a value for the setting "widgets:image:widgets:image:width", but this is not a valid setting name. Error Code: CFE-ConfigValidator-2 (https://missionpinball.org/logs)
Traceback (most recent call last):
  File "/Library/Frameworks/Python.framework/Versions/3.9/lib/python3.9/site-packages/mpf/core/events.py", line 755, in _run_handlers
    result = handler.callback(**merged_kwargs)
  File "/Library/Frameworks/Python.framework/Versions/3.9/lib/python3.9/site-packages/mpfmc/core/config_collection.py", line 46, in create_entries_from_root_config
    self.create_entries(self.machine.machine_config[self.config_section])
  File "/Library/Frameworks/Python.framework/Versions/3.9/lib/python3.9/site-packages/mpfmc/core/config_collection.py", line 60, in create_entries
    raise e
  File "/Library/Frameworks/Python.framework/Versions/3.9/lib/python3.9/site-packages/mpfmc/core/config_collection.py", line 57, in create_entries
    self[name] = self.process_config(settings)
  File "/Library/Frameworks/Python.framework/Versions/3.9/lib/python3.9/site-packages/mpfmc/config_collections/slide.py", line 33, in process_config
    config['widgets'][i] = self.mc.widgets.process_widget(widget)
  File "/Library/Frameworks/Python.framework/Versions/3.9/lib/python3.9/site-packages/mpfmc/config_collections/widget.py", line 81, in process_widget
    self.mc.config_validator.validate_config('widgets:{}'.format(
  File "/Library/Frameworks/Python.framework/Versions/3.9/lib/python3.9/site-packages/mpf/core/config_validator.py", line 164, in validate_config
    return self._validate_config(config_spec, source, base_spec=base_spec, add_missing_keys=add_missing_keys,
  File "/Library/Frameworks/Python.framework/Versions/3.9/lib/python3.9/site-packages/mpf/core/config_validator.py", line 177, in _validate_config
    self.check_for_invalid_sections(this_spec, source, validation_failure_info)
  File "/Library/Frameworks/Python.framework/Versions/3.9/lib/python3.9/site-packages/mpf/core/config_validator.py", line 335, in check_for_invalid_sections
    raise ConfigFileError('Your config contains a value for the '
mpf.exceptions.config_file_error.ConfigFileError: Config File Error in ConfigValidator: Error creating slides config entry for 'attract_image_slide' >> Your config contains a value for the setting "widgets:image:widgets:image:width", but this is not a valid setting name. Error Code: CFE-ConfigValidator-2 (https://missionpinball.org/logs)

The above exception was the direct cause of the following exception:

Traceback (most recent call last):
  File "/Library/Frameworks/Python.framework/Versions/3.9/lib/python3.9/site-packages/mpfmc/commands/mc.py", line 215, in __init__
    MpfMc(options=vars(args),
  File "/Library/Frameworks/Python.framework/Versions/3.9/lib/python3.9/site-packages/kivy/app.py", line 956, in run
    runTouchApp()
  File "/Library/Frameworks/Python.framework/Versions/3.9/lib/python3.9/site-packages/kivy/base.py", line 574, in runTouchApp
    EventLoop.mainloop()
  File "/Library/Frameworks/Python.framework/Versions/3.9/lib/python3.9/site-packages/kivy/base.py", line 339, in mainloop
    self.idle()
  File "/Library/Frameworks/Python.framework/Versions/3.9/lib/python3.9/site-packages/kivy/base.py", line 379, in idle
    Clock.tick()
  File "/Library/Frameworks/Python.framework/Versions/3.9/lib/python3.9/site-packages/kivy/clock.py", line 733, in tick
    self.post_idle(ts, self.idle())
  File "/Library/Frameworks/Python.framework/Versions/3.9/lib/python3.9/site-packages/kivy/clock.py", line 776, in post_idle
    self._process_events()
  File "kivy/_clock.pyx", line 620, in kivy._clock.CyClockBase._process_events
  File "kivy/_clock.pyx", line 653, in kivy._clock.CyClockBase._process_events
  File "kivy/_clock.pyx", line 649, in kivy._clock.CyClockBase._process_events
  File "kivy/_clock.pyx", line 218, in kivy._clock.ClockEvent.tick
  File "/Library/Frameworks/Python.framework/Versions/3.9/lib/python3.9/site-packages/mpfmc/uix/display.py", line 211, in _displays_initialized
    self.mc.displays_initialized()
  File "/Library/Frameworks/Python.framework/Versions/3.9/lib/python3.9/site-packages/mpfmc/core/mc.py", line 347, in displays_initialized
    self._init()
  File "/Library/Frameworks/Python.framework/Versions/3.9/lib/python3.9/site-packages/mpfmc/core/mc.py", line 372, in _init
    self.events.process_event_queue()
  File "/Library/Frameworks/Python.framework/Versions/3.9/lib/python3.9/site-packages/mpf/core/events.py", line 846, in process_event_queue
    self._process_event(event=event[0],
  File "/Library/Frameworks/Python.framework/Versions/3.9/lib/python3.9/site-packages/mpf/core/events.py", line 808, in _process_event
    result = self._run_handlers(event, ev_type, kwargs)
  File "/Library/Frameworks/Python.framework/Versions/3.9/lib/python3.9/site-packages/mpf/core/events.py", line 757, in _run_handlers
    raise EventHandlerException(
mpf.core.events.EventHandlerException: Exception while processing RegisteredHandler(callback=<bound method ConfigCollection.create_entries_from_root_config of {'window_blank': {'debug': False, 'expire': None, 'background_color': [0.0, 0.0, 0.0, 1.0], 'opacity': 1.0}, 'dmd_gamma_test': {'widgets': [{'type': 'text', 'text': 'DMD GAMMA TEST', 'style': ['small'], 'y': '4', 'anchor_x': 'left', 'x': '2', '_default_settings': [], 'anchor_y': 'center', 'round_anchor_x': None, 'round_anchor_y': None, 'opacity': 1.0, 'z': 0, 'reset_animations_events': {}, 'color': [1.0, 1.0, 1.0, 1.0], 'adjust_top': 0, 'adjust_bottom': 0, 'adjust_left': 0, 'adjust_right': 0, 'expire': None, 'key': None, 'widget': None, 'events_when_added': [], 'events_when_removed': [], 'font_size': 15, 'bitmap_font': False, 'font_kerning': True, 'bold': False, 'italic': False, 'number_grouping': False, 'min_digits': 0, 'halign': 'center', 'valign': 'middle', 'rotation': 0, 'scale': 1.0, 'casing': None, 'outline_color': [1.0, 1.0, 1.0, 1.0], 'outline_width': 0, 'animations': None}, {'type': 'rectangle', 'width': 8.0, 'height': 32.0, 'color': None, 'x': '4', '_default_settings': [], 'y': None, 'anchor_x': 'center', 'anchor_y': 'center', 'round_anchor_x': None, 'round_anchor_y': None, 'opacity': 1.0, 'z': 0, 'reset_animations_events': {}, 'style': [], 'adjust_top': 0, 'adjust_bottom': 0, 'adjust_left': 0, 'adjust_right': 0, 'expire': None, 'key': None, 'widget': None, 'events_when_added': [], 'events_when_removed': [], 'corner_radius': 0, 'corner_segments': 10, 'rotation': 0, 'scale': 1.0, 'animations': None}, {'type': 'rectangle', 'width': 8.0, 'height': 32.0, 'color': [0.12156862745098039, 0.12156862745098039, 0.12156862745098039, 1], 'x': '12', '_default_settings': [], 'y': None, 'anchor_x': 'center', 'anchor_y': 'center', 'round_anchor_x': None, 'round_anchor_y': None, 'opacity': 1.0, 'z': 0, 'reset_animations_events': {}, 'style': [], 'adjust_top': 0, 'adjust_bottom': 0, 'adjust_left': 0, 'adjust_right': 0, 'expire': None, 'key': None, 'widget': None, 'events_when_added': [], 'events_when_removed': [], 'corner_radius': 0, 'corner_segments': 10, 'rotation': 0, 'scale': 1.0, 'animations': None}, {'type': 'rectangle', 'width': 8.0, 'height': 32.0, 'color': [0.1843137254901961, 0.1843137254901961, 0.1843137254901961, 1], 'x': '20', '_default_settings': [], 'y': None, 'anchor_x': 'center', 'anchor_y': 'center', 'round_anchor_x': None, 'round_anchor_y': None, 'opacity': 1.0, 'z': 0, 'reset_animations_events': {}, 'style': [], 'adjust_top': 0, 'adjust_bottom': 0, 'adjust_left': 0, 'adjust_right': 0, 'expire': None, 'key': None, 'widget': None, 'events_when_added': [], 'events_when_removed': [], 'corner_radius': 0, 'corner_segments': 10, 'rotation': 0, 'scale': 1.0, 'animations': None}, {'type': 'rectangle', 'width': 8.0, 'height': 32.0, 'color': [0.24705882352941178, 0.24705882352941178, 0.24705882352941178, 1], 'x': '28', '_default_settings': [], 'y': None, 'anchor_x': 'center', 'anchor_y': 'center', 'round_anchor_x': None, 'round_anchor_y': None, 'opacity': 1.0, 'z': 0, 'reset_animations_events': {}, 'style': [], 'adjust_top': 0, 'adjust_bottom': 0, 'adjust_left': 0, 'adjust_right': 0, 'expire': None, 'key': None, 'widget': None, 'events_when_added': [], 'events_when_removed': [], 'corner_radius': 0, 'corner_segments': 10, 'rotation': 0, 'scale': 1.0, 'animations': None}, {'type': 'rectangle', 'width': 8.0, 'height': 32.0, 'color': [0.30980392156862746, 0.30980392156862746, 0.30980392156862746, 1], 'x': '36', '_default_settings': [], 'y': None, 'anchor_x': 'center', 'anchor_y': 'center', 'round_anchor_x': None, 'round_anchor_y': None, 'opacity': 1.0, 'z': 0, 'reset_animations_events': {}, 'style': [], 'adjust_top': 0, 'adjust_bottom': 0, 'adjust_left': 0, 'adjust_right': 0, 'expire': None, 'key': None, 'widget': None, 'events_when_added': [], 'events_when_removed': [], 'corner_radius': 0, 'corner_segments': 10, 'rotation': 0, 'scale': 1.0, 'animations': None}, {'type': 'rectangle', 'width': 8.0, 'height': 32.0, 'color': [0.37254901960784315, 0.37254901960784315, 0.37254901960784315, 1], 'x': '44', '_default_settings': [], 'y': None, 'anchor_x': 'center', 'anchor_y': 'center', 'round_anchor_x': None, 'round_anchor_y': None, 'opacity': 1.0, 'z': 0, 'reset_animations_events': {}, 'style': [], 'adjust_top': 0, 'adjust_bottom': 0, 'adjust_left': 0, 'adjust_right': 0, 'expire': None, 'key': None, 'widget': None, 'events_when_added': [], 'events_when_removed': [], 'corner_radius': 0, 'corner_segments': 10, 'rotation': 0, 'scale': 1.0, 'animations': None}, {'type': 'rectangle', 'width': 8.0, 'height': 32.0, 'color': [0.43529411764705883, 0.43529411764705883, 0.43529411764705883, 1], 'x': '52', '_default_settings': [], 'y': None, 'anchor_x': 'center', 'anchor_y': 'center', 'round_anchor_x': None, 'round_anchor_y': None, 'opacity': 1.0, 'z': 0, 'reset_animations_events': {}, 'style': [], 'adjust_top': 0, 'adjust_bottom': 0, 'adjust_left': 0, 'adjust_right': 0, 'expire': None, 'key': None, 'widget': None, 'events_when_added': [], 'events_when_removed': [], 'corner_radius': 0, 'corner_segments': 10, 'rotation': 0, 'scale': 1.0, 'animations': None}, {'type': 'rectangle', 'width': 8.0, 'height': 32.0, 'color': [0.4980392156862745, 0.4980392156862745, 0.4980392156862745, 1], 'x': '60', '_default_settings': [], 'y': None, 'anchor_x': 'center', 'anchor_y': 'center', 'round_anchor_x': None, 'round_anchor_y': None, 'opacity': 1.0, 'z': 0, 'reset_animations_events': {}, 'style': [], 'adjust_top': 0, 'adjust_bottom': 0, 'adjust_left': 0, 'adjust_right': 0, 'expire': None, 'key': None, 'widget': None, 'events_when_added': [], 'events_when_removed': [], 'corner_radius': 0, 'corner_segments': 10, 'rotation': 0, 'scale': 1.0, 'animations': None}, {'type': 'rectangle', 'width': 8.0, 'height': 32.0, 'color': [0.5607843137254902, 0.5607843137254902, 0.5607843137254902, 1], 'x': '68', '_default_settings': [], 'y': None, 'anchor_x': 'center', 'anchor_y': 'center', 'round_anchor_x': None, 'round_anchor_y': None, 'opacity': 1.0, 'z': 0, 'reset_animations_events': {}, 'style': [], 'adjust_top': 0, 'adjust_bottom': 0, 'adjust_left': 0, 'adjust_right': 0, 'expire': None, 'key': None, 'widget': None, 'events_when_added': [], 'events_when_removed': [], 'corner_radius': 0, 'corner_segments': 10, 'rotation': 0, 'scale': 1.0, 'animations': None}, {'type': 'rectangle', 'width': 8.0, 'height': 32.0, 'color': [0.6235294117647059, 0.6235294117647059, 0.6235294117647059, 1], 'x': '76', '_default_settings': [], 'y': None, 'anchor_x': 'center', 'anchor_y': 'center', 'round_anchor_x': None, 'round_anchor_y': None, 'opacity': 1.0, 'z': 0, 'reset_animations_events': {}, 'style': [], 'adjust_top': 0, 'adjust_bottom': 0, 'adjust_left': 0, 'adjust_right': 0, 'expire': None, 'key': None, 'widget': None, 'events_when_added': [], 'events_when_removed': [], 'corner_radius': 0, 'corner_segments': 10, 'rotation': 0, 'scale': 1.0, 'animations': None}, {'type': 'rectangle', 'width': 8.0, 'height': 32.0, 'color': [0.6862745098039216, 0.6862745098039216, 0.6862745098039216, 1], 'x': '84', '_default_settings': [], 'y': None, 'anchor_x': 'center', 'anchor_y': 'center', 'round_anchor_x': None, 'round_anchor_y': None, 'opacity': 1.0, 'z': 0, 'reset_animations_events': {}, 'style': [], 'adjust_top': 0, 'adjust_bottom': 0, 'adjust_left': 0, 'adjust_right': 0, 'expire': None, 'key': None, 'widget': None, 'events_when_added': [], 'events_when_removed': [], 'corner_radius': 0, 'corner_segments': 10, 'rotation': 0, 'scale': 1.0, 'animations': None}, {'type': 'rectangle', 'width': 8.0, 'height': 32.0, 'color': [0.7490196078431373, 0.7490196078431373, 0.7490196078431373, 1], 'x': '92', '_default_settings': [], 'y': None, 'anchor_x': 'center', 'anchor_y': 'center', 'round_anchor_x': None, 'round_anchor_y': None, 'opacity': 1.0, 'z': 0, 'reset_animations_events': {}, 'style': [], 'adjust_top': 0, 'adjust_bottom': 0, 'adjust_left': 0, 'adjust_right': 0, 'expire': None, 'key': None, 'widget': None, 'events_when_added': [], 'events_when_removed': [], 'corner_radius': 0, 'corner_segments': 10, 'rotation': 0, 'scale': 1.0, 'animations': None}, {'type': 'rectangle', 'width': 8.0, 'height': 32.0, 'color': [0.8117647058823529, 0.8117647058823529, 0.8117647058823529, 1], 'x': '100', '_default_settings': [], 'y': None, 'anchor_x': 'center', 'anchor_y': 'center', 'round_anchor_x': None, 'round_anchor_y': None, 'opacity': 1.0, 'z': 0, 'reset_animations_events': {}, 'style': [], 'adjust_top': 0, 'adjust_bottom': 0, 'adjust_left': 0, 'adjust_right': 0, 'expire': None, 'key': None, 'widget': None, 'events_when_added': [], 'events_when_removed': [], 'corner_radius': 0, 'corner_segments': 10, 'rotation': 0, 'scale': 1.0, 'animations': None}, {'type': 'rectangle', 'width': 8.0, 'height': 32.0, 'color': [0.8745098039215686, 0.8745098039215686, 0.8745098039215686, 1], 'x': '108', '_default_settings': [], 'y': None, 'anchor_x': 'center', 'anchor_y': 'center', 'round_anchor_x': None, 'round_anchor_y': None, 'opacity': 1.0, 'z': 0, 'reset_animations_events': {}, 'style': [], 'adjust_top': 0, 'adjust_bottom': 0, 'adjust_left': 0, 'adjust_right': 0, 'expire': None, 'key': None, 'widget': None, 'events_when_added': [], 'events_when_removed': [], 'corner_radius': 0, 'corner_segments': 10, 'rotation': 0, 'scale': 1.0, 'animations': None}, {'type': 'rectangle', 'width': 8.0, 'height': 32.0, 'color': [0.9372549019607843, 0.9372549019607843, 0.9372549019607843, 1], 'x': '116', '_default_settings': [], 'y': None, 'anchor_x': 'center', 'anchor_y': 'center', 'round_anchor_x': None, 'round_anchor_y': None, 'opacity': 1.0, 'z': 0, 'reset_animations_events': {}, 'style': [], 'adjust_top': 0, 'adjust_bottom': 0, 'adjust_left': 0, 'adjust_right': 0, 'expire': None, 'key': None, 'widget': None, 'events_when_added': [], 'events_when_removed': [], 'corner_radius': 0, 'corner_segments': 10, 'rotation': 0, 'scale': 1.0, 'animations': None}, {'type': 'rectangle', 'width': 8.0, 'height': 32.0, 'color': [1.0, 1.0, 1.0, 1], 'x': '124', '_default_settings': [], 'y': None, 'anchor_x': 'center', 'anchor_y': 'center', 'round_anchor_x': None, 'round_anchor_y': None, 'opacity': 1.0, 'z': 0, 'reset_animations_events': {}, 'style': [], 'adjust_top': 0, 'adjust_bottom': 0, 'adjust_left': 0, 'adjust_right': 0, 'expire': None, 'key': None, 'widget': None, 'events_when_added': [], 'events_when_removed': [], 'corner_radius': 0, 'corner_segments': 10, 'rotation': 0, 'scale': 1.0, 'animations': None}], 'debug': False, 'expire': None, 'background_color': [0.0, 0.0, 0.0, 1.0], 'opacity': 1.0, 'transition': None, 'transition_out': None}}>, priority=1, kwargs={}, key=UUID('d782a0dd-1ece-4255-83a5-82638f873374'), condition=None, blocking_facility=None) for event init_phase_1. Config File Error in ConfigValidator: Error creating slides config entry for 'attract_image_slide' >> Your config contains a value for the setting "widgets:image:widgets:image:width", but this is not a valid setting name. Error Code: CFE-ConfigValidator-2 (https://missionpinball.org/logs)
2025-06-18 17:04:14,282 : root : Stopping child threads... (1 remaining)
2025-06-18 17:04:14,988 : root : All child threads stopped.
