2025-07-06 18:01:28,301 : kivy : Kivy: v2.2.1
2025-07-06 18:01:28,301 : kivy : Kivy: Installed at "/Library/Frameworks/Python.framework/Versions/3.9/lib/python3.9/site-packages/kivy/__init__.py"
2025-07-06 18:01:28,301 : kivy : Python: v3.9.13 (v3.9.13:6de2ca5339, May 17 2022, 11:37:23) 
[Clang 13.0.0 (clang-1300.0.29.30)]
2025-07-06 18:01:28,301 : kivy : Python: Interpreter at "/Library/Frameworks/Python.framework/Versions/3.9/bin/python3.9"
2025-07-06 18:01:28,309 : kivy : Factory: 190 symbols loaded
2025-07-06 18:01:28,407 : kivy : ImageLoaderFFPy: Using ffpyplayer 4.5.1
2025-07-06 18:01:28,407 : kivy : Image: Providers: img_tex, img_imageio, img_dds, img_sdl2, img_pil, img_ffpyplayer 
2025-07-06 18:01:28,509 : kivy : VideoFFPy: Using ffpyplayer 4.5.1
2025-07-06 18:01:28,509 : kivy : Video: Provider: ffpyplayer(['video_ffmpeg'] ignored)
2025-07-06 18:01:28,538 : root : Loading MPF-MC controller
2025-07-06 18:01:28,547 : YamlMultifileConfigLoader : Machine config file #1: config
2025-07-06 18:01:28,547 : ConfigProcessor : Config file in cache changed: /Users/ruben/Pinball/mpf-pinball/config/config
2025-07-06 18:01:28,547 : ConfigProcessor : Loading config from file /Library/Frameworks/Python.framework/Versions/3.9/lib/python3.9/site-packages/mpfmc/mcconfig.yaml.
2025-07-06 18:01:28,551 : ConfigProcessor : Loading config: /Library/Frameworks/Python.framework/Versions/3.9/lib/python3.9/site-packages/mpfmc/mcconfig.yaml
2025-07-06 18:01:28,551 : ConfigProcessor : Loading config from file /Users/ruben/Pinball/mpf-pinball/config/config.
2025-07-06 18:01:28,552 : ConfigProcessor : Loading config: /Users/ruben/Pinball/mpf-pinball/config/config
2025-07-06 18:01:28,552 : ConfigProcessor : Loading config: /Users/ruben/Pinball/mpf-pinball/config/hardware.yaml
2025-07-06 18:01:28,553 : ConfigProcessor : Loading config: /Users/ruben/Pinball/mpf-pinball/config/switches.yaml
2025-07-06 18:01:28,554 : ConfigProcessor : Loading config: /Users/ruben/Pinball/mpf-pinball/config/coils.yaml
2025-07-06 18:01:28,556 : ConfigProcessor : Loading config: /Users/ruben/Pinball/mpf-pinball/config/lights.yaml
2025-07-06 18:01:28,557 : ConfigProcessor : Loading config: /Users/ruben/Pinball/mpf-pinball/config/devices.yaml
2025-07-06 18:01:28,557 : ConfigProcessor : Loading config: /Users/ruben/Pinball/mpf-pinball/config/images.yaml
2025-07-06 18:01:28,557 : ConfigProcessor : Loading config: /Users/ruben/Pinball/mpf-pinball/config/displays.yaml
2025-07-06 18:01:28,558 : ConfigProcessor : Loading config: /Users/ruben/Pinball/mpf-pinball/config/slides.yaml
2025-07-06 18:01:28,559 : ConfigProcessor : Loading config: /Users/ruben/Pinball/mpf-pinball/config/sounds.yaml
2025-07-06 18:01:28,560 : ConfigProcessor : Config file cache created: /var/folders/9g/7xjb17l959g1fnq4pjl5c5p80000gn/T/195f11bb22def72033a5ba91cfdec8f0.mpf_cache
2025-07-06 18:01:28,560 : ConfigProcessor : Loading config from cache: /var/folders/9g/7xjb17l959g1fnq4pjl5c5p80000gn/T/f574f59b1e0fcbb2258348220f26b9cc.mpf_cache
2025-07-06 18:01:28,560 : ConfigProcessor : Loading config from cache: /var/folders/9g/7xjb17l959g1fnq4pjl5c5p80000gn/T/edcc5f1d3215b377c9faab88c62e4ce0.mpf_cache
2025-07-06 18:01:28,560 : ConfigProcessor : Loading config from cache: /var/folders/9g/7xjb17l959g1fnq4pjl5c5p80000gn/T/174d451d321a0971202b746018364536.mpf_cache
2025-07-06 18:01:28,560 : ConfigProcessor : Loading config from cache: /var/folders/9g/7xjb17l959g1fnq4pjl5c5p80000gn/T/f574f59b1e0fcbb2258348220f26b9cc.mpf_cache
2025-07-06 18:01:28,560 : ConfigProcessor : Loading config from cache: /var/folders/9g/7xjb17l959g1fnq4pjl5c5p80000gn/T/c284941e722380023d767d5e99e91837.mpf_cache
2025-07-06 18:01:28,560 : mpfmc : Mission Pinball Framework Media Controller (MPF-MC) v0.57.1. Requires MPF v0.57.0 or newer.
2025-07-06 18:01:28,560 : mpfmc : Found MPF v0.57.3
2025-07-06 18:01:28,560 : mpfmc : Machine path: /Users/ruben/Pinball/mpf-pinball
2025-07-06 18:01:28,561 : mpfmc : Starting clock at 60.0Hz
2025-07-06 18:01:28,568 : kivy : Text: Provider: sdl2
2025-07-06 18:01:28,584 : kivy : Window: Provider: sdl2
2025-07-06 18:01:28,740 : kivy : GL: Using the "OpenGL ES 2" graphics system
2025-07-06 18:01:28,741 : kivy : GL: Backend used <sdl2>
2025-07-06 18:01:28,741 : kivy : GL: OpenGL version <b'2.1 Metal - 89.4'>
2025-07-06 18:01:28,741 : kivy : GL: OpenGL vendor <b'Apple'>
2025-07-06 18:01:28,741 : kivy : GL: OpenGL renderer <b'Apple M1 Pro'>
2025-07-06 18:01:28,741 : kivy : GL: OpenGL parsed version: 2, 1
2025-07-06 18:01:28,741 : kivy : GL: Shading version <b'1.20'>
2025-07-06 18:01:28,741 : kivy : GL: Texture max size <16384>
2025-07-06 18:01:28,741 : kivy : GL: Texture max units <16>
2025-07-06 18:01:28,753 : kivy : Window: auto add sdl2 input provider
2025-07-06 18:01:28,753 : kivy : Window: virtual keyboard not allowed, single mode, not docked
2025-07-06 18:01:28,883 : AudioInterface : Initialized
2025-07-06 18:01:28,884 : AudioInterface : Loaded SDL 2.32.8
2025-07-06 18:01:28,884 : AudioInterface : Loaded SDL_Mixer 2.8.1
2025-07-06 18:01:28,884 : AudioInterface : Loaded GStreamer 1.26.2.0
2025-07-06 18:01:28,884 : AudioInterface : Loaded GLib 2.84.2
2025-07-06 18:01:28,884 : AudioInterface : Settings requested - rate: 44100, channels: 1, buffer: 2048 samples
2025-07-06 18:01:28,884 : AudioInterface : Settings in use - rate: 44100, channels: 1, buffer: 2048 samples (4096 bytes @ 2 bytes per sample)
2025-07-06 18:01:28,884 : SoundSystem : Setting master volume to 0.0
2025-07-06 18:01:28,884 : AudioInterface : Enabling audio playback
2025-07-06 18:01:28,885 : kivy : Base: Start application main loop
2025-07-06 18:01:28,885 : EventManager : Event: ======'display_window_initialized'====== Args={}
2025-07-06 18:01:29,218 : mpfmc : Display: Setting 'window' as default display
2025-07-06 18:01:29,222 : EventManager : Event: ======'displays_initialized'====== Args={}
2025-07-06 18:01:29,223 : EventManager : Event: ======'slide_window_blank_created'====== Args={}
2025-07-06 18:01:29,223 : EventManager : Event: ======'display_window_ready'====== Args={}
2025-07-06 18:01:29,227 : EventManager : Event: ======'init_phase_1'====== Args={}
2025-07-06 18:01:29,229 : EventManager : Event: ======'mc_ready'====== Args={}
2025-07-06 18:01:29,229 : EventManager : Event: ======'init_phase_2'====== Args={}
2025-07-06 18:01:29,231 : EventManager : Event: ======'init_phase_3'====== Args={}
2025-07-06 18:01:29,233 : EventManager : Event: ======'init_phase_4'====== Args={}
2025-07-06 18:01:29,233 : EventManager : Event: ======'init_phase_5'====== Args={}
2025-07-06 18:01:29,233 : SoundAsset : Load sound music_startuplong failed due to an exception - Could not locate file music_startuplong.wav
2025-07-06 18:01:29,307 : mpfmc : Shutting down due to child thread crash
2025-07-06 18:01:29,307 : mpfmc : Crash details: Traceback (most recent call last):
  File "/Library/Frameworks/Python.framework/Versions/3.9/lib/python3.9/site-packages/mpfmc/assets/sound.py", line 627, in do_load
    self._container = self.machine.sound_system.audio_interface.load_sound_file_to_memory(self.file)
  File "mpfmc/core/audio/audio_interface.pyx", line 692, in mpfmc.core.audio.audio_interface.AudioInterface.load_sound_file_to_memory
  File "mpfmc/core/audio/sound_file.pyx", line 60, in mpfmc.core.audio.sound_file.SoundMemoryFile.__init__
  File "mpfmc/core/audio/sound_file.pyx", line 82, in mpfmc.core.audio.sound_file.SoundMemoryFile.load
mpfmc.core.audio.audio_exception.AudioException: Could not locate file music_startuplong.wav

The above exception was the direct cause of the following exception:

Traceback (most recent call last):
  File "/Library/Frameworks/Python.framework/Versions/3.9/lib/python3.9/site-packages/mpfmc/core/assets.py", line 116, in run
    asset.do_load()
  File "/Library/Frameworks/Python.framework/Versions/3.9/lib/python3.9/site-packages/mpfmc/assets/sound.py", line 632, in do_load
    raise AudioException("Load sound {} failed due to an exception: {}".format(
mpfmc.core.audio.audio_exception.AudioException: Load sound music_startuplong failed due to an exception: Could not locate file music_startuplong.wav

The above exception was the direct cause of the following exception:

Traceback (most recent call last):
  File "/Library/Frameworks/Python.framework/Versions/3.9/lib/python3.9/site-packages/mpfmc/core/assets.py", line 118, in run
    raise ConfigFileError(
mpf.exceptions.config_file_error.ConfigFileError: Config File Error in Asset Loader: Error while loading sounds asset file 'music_startuplong.wav' Context: music_startuplong Error Code: CFE-Asset_Loader-1 (https://missionpinball.org/logs)

2025-07-06 18:01:29,307 : mpfmc : Stopping...
2025-07-06 18:01:29,307 : EventManager : Event: ======'shutdown'====== Args={}
2025-07-06 18:01:29,307 : AudioInterface : Disabling audio playback
2025-07-06 18:01:29,402 : mpfmc : Loop rate 3.87 Hz
2025-07-06 18:01:29,402 : kivy : Base: Leaving application in progress...
2025-07-06 18:01:29,411 : mpfmc : Stopping...
2025-07-06 18:01:29,411 : EventManager : Event: ======'shutdown'====== Args={}
2025-07-06 18:01:29,411 : mpfmc : Loop rate 3.8 Hz
2025-07-06 18:01:29,411 : root : MC run loop ended.
2025-07-06 18:01:29,411 : root : Stopping child threads... (0 remaining)
2025-07-06 18:01:29,412 : root : All child threads stopped.
