2025-07-06 14:28:00,103 : kivy : Kivy: v2.2.1
2025-07-06 14:28:00,103 : kivy : Kivy: Installed at "/Library/Frameworks/Python.framework/Versions/3.9/lib/python3.9/site-packages/kivy/__init__.py"
2025-07-06 14:28:00,103 : kivy : Python: v3.9.13 (v3.9.13:6de2ca5339, May 17 2022, 11:37:23) 
[Clang 13.0.0 (clang-1300.0.29.30)]
2025-07-06 14:28:00,103 : kivy : Python: Interpreter at "/Library/Frameworks/Python.framework/Versions/3.9/bin/python3.9"
2025-07-06 14:28:00,121 : kivy : Factory: 190 symbols loaded
2025-07-06 14:28:00,277 : kivy : ImageLoaderFFPy: Using ffpyplayer 4.5.1
2025-07-06 14:28:00,278 : kivy : Image: Providers: img_tex, img_imageio, img_dds, img_sdl2, img_pil, img_ffpyplayer 
2025-07-06 14:28:00,407 : kivy : VideoFFPy: Using ffpyplayer 4.5.1
2025-07-06 14:28:00,407 : kivy : Video: Provider: ffpyplayer(['video_ffmpeg'] ignored)
2025-07-06 14:28:00,457 : root : Loading MPF-MC controller
2025-07-06 14:28:00,464 : YamlMultifileConfigLoader : Machine config file #1: config
2025-07-06 14:28:00,464 : ConfigProcessor : Config file in cache changed: /Users/ruben/Pinball/mpf-pinball/config/config
2025-07-06 14:28:00,464 : ConfigProcessor : Loading config from file /Library/Frameworks/Python.framework/Versions/3.9/lib/python3.9/site-packages/mpfmc/mcconfig.yaml.
2025-07-06 14:28:00,469 : ConfigProcessor : Loading config: /Library/Frameworks/Python.framework/Versions/3.9/lib/python3.9/site-packages/mpfmc/mcconfig.yaml
2025-07-06 14:28:00,469 : ConfigProcessor : Loading config from file /Users/ruben/Pinball/mpf-pinball/config/config.
2025-07-06 14:28:00,469 : ConfigProcessor : Loading config: /Users/ruben/Pinball/mpf-pinball/config/config
2025-07-06 14:28:00,470 : ConfigProcessor : Loading config: /Users/ruben/Pinball/mpf-pinball/config/hardware.yaml
2025-07-06 14:28:00,470 : ConfigProcessor : Loading config: /Users/ruben/Pinball/mpf-pinball/config/switches.yaml
2025-07-06 14:28:00,471 : ConfigProcessor : Loading config: /Users/ruben/Pinball/mpf-pinball/config/coils.yaml
2025-07-06 14:28:00,473 : ConfigProcessor : Loading config: /Users/ruben/Pinball/mpf-pinball/config/lights.yaml
2025-07-06 14:28:00,473 : ConfigProcessor : Loading config: /Users/ruben/Pinball/mpf-pinball/config/devices.yaml
2025-07-06 14:28:00,474 : ConfigProcessor : Loading config: /Users/ruben/Pinball/mpf-pinball/config/images.yaml
2025-07-06 14:28:00,474 : ConfigProcessor : Loading config: /Users/ruben/Pinball/mpf-pinball/config/displays.yaml
2025-07-06 14:28:00,475 : ConfigProcessor : Loading config: /Users/ruben/Pinball/mpf-pinball/config/slides.yaml
2025-07-06 14:28:00,475 : ConfigProcessor : Loading config: /Users/ruben/Pinball/mpf-pinball/config/sounds.yaml
2025-07-06 14:28:00,476 : ConfigProcessor : Config file cache created: /var/folders/9g/7xjb17l959g1fnq4pjl5c5p80000gn/T/195f11bb22def72033a5ba91cfdec8f0.mpf_cache
2025-07-06 14:28:00,477 : ConfigProcessor : Loading config from cache: /var/folders/9g/7xjb17l959g1fnq4pjl5c5p80000gn/T/f574f59b1e0fcbb2258348220f26b9cc.mpf_cache
2025-07-06 14:28:00,477 : ConfigProcessor : Loading config from cache: /var/folders/9g/7xjb17l959g1fnq4pjl5c5p80000gn/T/edcc5f1d3215b377c9faab88c62e4ce0.mpf_cache
2025-07-06 14:28:00,477 : ConfigProcessor : Loading config from cache: /var/folders/9g/7xjb17l959g1fnq4pjl5c5p80000gn/T/174d451d321a0971202b746018364536.mpf_cache
2025-07-06 14:28:00,477 : ConfigProcessor : Loading config from cache: /var/folders/9g/7xjb17l959g1fnq4pjl5c5p80000gn/T/f574f59b1e0fcbb2258348220f26b9cc.mpf_cache
2025-07-06 14:28:00,477 : mpfmc : Mission Pinball Framework Media Controller (MPF-MC) v0.57.1. Requires MPF v0.57.0 or newer.
2025-07-06 14:28:00,477 : mpfmc : Found MPF v0.57.3
2025-07-06 14:28:00,477 : mpfmc : Machine path: /Users/ruben/Pinball/mpf-pinball
2025-07-06 14:28:00,477 : mpfmc : Starting clock at 60.0Hz
2025-07-06 14:28:00,488 : kivy : Text: Provider: sdl2
2025-07-06 14:28:00,510 : kivy : Window: Provider: sdl2
2025-07-06 14:28:00,670 : kivy : GL: Using the "OpenGL ES 2" graphics system
2025-07-06 14:28:00,670 : kivy : GL: Backend used <sdl2>
2025-07-06 14:28:00,670 : kivy : GL: OpenGL version <b'2.1 Metal - 89.4'>
2025-07-06 14:28:00,670 : kivy : GL: OpenGL vendor <b'Apple'>
2025-07-06 14:28:00,670 : kivy : GL: OpenGL renderer <b'Apple M1 Pro'>
2025-07-06 14:28:00,670 : kivy : GL: OpenGL parsed version: 2, 1
2025-07-06 14:28:00,670 : kivy : GL: Shading version <b'1.20'>
2025-07-06 14:28:00,671 : kivy : GL: Texture max size <16384>
2025-07-06 14:28:00,671 : kivy : GL: Texture max units <16>
2025-07-06 14:28:00,683 : kivy : Window: auto add sdl2 input provider
2025-07-06 14:28:00,683 : kivy : Window: virtual keyboard not allowed, single mode, not docked
2025-07-06 14:28:00,829 : AudioInterface : Initialized
2025-07-06 14:28:00,829 : AudioInterface : Loaded SDL 2.32.8
2025-07-06 14:28:00,829 : AudioInterface : Loaded SDL_Mixer 2.8.1
2025-07-06 14:28:00,829 : AudioInterface : Loaded GStreamer 1.26.2.0
2025-07-06 14:28:00,829 : AudioInterface : Loaded GLib 2.84.2
2025-07-06 14:28:00,829 : AudioInterface : Settings requested - rate: 44100, channels: 1, buffer: 2048 samples
2025-07-06 14:28:00,829 : AudioInterface : Settings in use - rate: 44100, channels: 1, buffer: 2048 samples (4096 bytes @ 2 bytes per sample)
2025-07-06 14:28:00,829 : SoundSystem : Setting master volume to 0.0
2025-07-06 14:28:00,829 : AudioInterface : Enabling audio playback
2025-07-06 14:28:00,831 : kivy : Base: Start application main loop
2025-07-06 14:28:00,831 : EventManager : Event: ======'display_window_initialized'====== Args={}
2025-07-06 14:28:01,167 : mpfmc : Display: Setting 'window' as default display
2025-07-06 14:28:01,172 : EventManager : Event: ======'displays_initialized'====== Args={}
2025-07-06 14:28:01,173 : EventManager : Event: ======'slide_window_blank_created'====== Args={}
2025-07-06 14:28:01,173 : EventManager : Event: ======'display_window_ready'====== Args={}
2025-07-06 14:28:01,177 : EventManager : Event: ======'init_phase_1'====== Args={}
2025-07-06 14:28:01,179 : EventManager : Event: ======'mc_ready'====== Args={}
2025-07-06 14:28:01,179 : EventManager : Event: ======'init_phase_2'====== Args={}
2025-07-06 14:28:01,180 : EventManager : Event: ======'init_phase_3'====== Args={}
2025-07-06 14:28:01,182 : EventManager : Event: ======'init_phase_4'====== Args={}
2025-07-06 14:28:01,182 : EventManager : Event: ======'init_phase_5'====== Args={}
2025-07-06 14:28:01,190 : EventManager : Event: ======'loading_assets'====== Args={'total': 1, 'loaded': 1, 'remaining': 0, 'percent': 100}
2025-07-06 14:28:01,190 : AssetManager : Asset loading took: 0.3603861331939697
2025-07-06 14:28:01,190 : EventManager : Event: ======'asset_loading_complete'====== Args={}
2025-07-06 14:28:01,190 : AssetManager : Loading assets: 1/1 (100%)
2025-07-06 14:28:01,190 : EventManager : Event: ======'init_done'====== Args={}
2025-07-06 14:28:01,190 : MPF-MC BCP Server : Starting up on localhost port 5050
2025-07-06 14:28:01,191 : MPF-MC BCP Server : Waiting for a connection...
2025-07-06 14:28:01,211 : MPF-MC BCP Server : Received connection from: 127.0.0.1:59777
2025-07-06 14:28:01,232 : EventManager : Event: ======'client_disconnected'====== Args={'host': '127.0.0.1', 'port': 5050}
2025-07-06 14:28:01,232 : EventManager : Event: ======'client_connected'====== Args={'host': '127.0.0.1', 'port': 59777}
2025-07-06 14:28:01,232 : EventManager : Event: ======'mc_reset_phase_1'====== Args={}
2025-07-06 14:28:01,232 : EventManager : Event: ======'mc_reset_phase_2'====== Args={}
2025-07-06 14:28:01,232 : EventManager : Event: ======'mc_reset_phase_3'====== Args={}
2025-07-06 14:28:01,232 : EventManager : Event: ======'mc_reset_complete'====== Args={}
2025-07-06 14:28:01,245 : EventManager : Event: ======'machine_var_credits_string'====== Args={'value': 'FREE PLAY', 'prev_value': None, 'change': True}
2025-07-06 14:28:01,245 : EventManager : Event: ======'machine_var_master_volume'====== Args={'value': 0.5, 'prev_value': None, 'change': True}
2025-07-06 14:28:01,245 : EventManager : Event: ======'machine_var_player1_score'====== Args={'value': 0, 'prev_value': None, 'change': True}
2025-07-06 14:28:01,245 : EventManager : Event: ======'machine_var_mpf_version'====== Args={'value': 'Mission Pinball Framework v0.57.3', 'prev_value': None, 'change': True}
2025-07-06 14:28:01,245 : EventManager : Event: ======'machine_var_mpf_extended_version'====== Args={'value': 'Mission Pinball Framework v0.57.3, Config version:6, Show version: 6, BCP version:1.1', 'prev_value': None, 'change': True}
2025-07-06 14:28:01,245 : EventManager : Event: ======'machine_var_python_version'====== Args={'value': '3.9.13', 'prev_value': None, 'change': True}
2025-07-06 14:28:01,245 : EventManager : Event: ======'machine_var_platform'====== Args={'value': 'macOS-15.5-arm64-arm-64bit', 'prev_value': None, 'change': True}
2025-07-06 14:28:01,245 : EventManager : Event: ======'machine_var_platform_system'====== Args={'value': 'Darwin', 'prev_value': None, 'change': True}
2025-07-06 14:28:01,245 : EventManager : Event: ======'machine_var_platform_release'====== Args={'value': '24.5.0', 'prev_value': None, 'change': True}
2025-07-06 14:28:01,245 : EventManager : Event: ======'machine_var_platform_version'====== Args={'value': 'Darwin Kernel Version 24.5.0: Tue Apr 22 19:54:49 PDT 2025; root:xnu-11417.121.6~2/RELEASE_ARM64_T6000', 'prev_value': None, 'change': True}
2025-07-06 14:28:01,245 : EventManager : Event: ======'machine_var_platform_machine'====== Args={'value': 'arm64', 'prev_value': None, 'change': True}
2025-07-06 14:28:01,245 : EventManager : Event: ======'machine_var_audits_events_game_ended'====== Args={'value': 53, 'prev_value': None, 'change': True}
2025-07-06 14:28:01,245 : EventManager : Event: ======'machine_var_audits_events_game_started'====== Args={'value': 149, 'prev_value': None, 'change': True}
2025-07-06 14:28:01,245 : EventManager : Event: ======'machine_var_audits_missing_switches_s_left_flipper'====== Args={'value': 49, 'prev_value': None, 'change': True}
2025-07-06 14:28:01,245 : EventManager : Event: ======'machine_var_audits_missing_switches_s_left_outlane'====== Args={'value': 10, 'prev_value': None, 'change': True}
2025-07-06 14:28:01,245 : EventManager : Event: ======'machine_var_audits_missing_switches_s_pop1'====== Args={'value': 60, 'prev_value': None, 'change': True}
2025-07-06 14:28:01,245 : EventManager : Event: ======'machine_var_audits_missing_switches_s_pop2'====== Args={'value': 60, 'prev_value': None, 'change': True}
2025-07-06 14:28:01,245 : EventManager : Event: ======'machine_var_audits_missing_switches_s_pop3'====== Args={'value': 60, 'prev_value': None, 'change': True}
2025-07-06 14:28:01,245 : EventManager : Event: ======'machine_var_audits_missing_switches_s_pop4'====== Args={'value': 49, 'prev_value': None, 'change': True}
2025-07-06 14:28:01,245 : EventManager : Event: ======'machine_var_audits_missing_switches_s_pop5'====== Args={'value': 3, 'prev_value': None, 'change': True}
2025-07-06 14:28:01,245 : EventManager : Event: ======'machine_var_audits_missing_switches_s_right_flipper'====== Args={'value': 48, 'prev_value': None, 'change': True}
2025-07-06 14:28:01,245 : EventManager : Event: ======'machine_var_audits_missing_switches_s_right_outlane'====== Args={'value': 10, 'prev_value': None, 'change': True}
2025-07-06 14:28:01,245 : EventManager : Event: ======'machine_var_audits_missing_switches_s_startButton'====== Args={'value': 39, 'prev_value': None, 'change': True}
2025-07-06 14:28:01,245 : EventManager : Event: ======'machine_var_audits_missing_switches_s_trough1'====== Args={'value': 42, 'prev_value': None, 'change': True}
2025-07-06 14:28:01,245 : EventManager : Event: ======'machine_var_audits_missing_switches_s_trough2'====== Args={'value': 10, 'prev_value': None, 'change': True}
2025-07-06 14:28:01,245 : EventManager : Event: ======'machine_var_audits_missing_switches_s_trough3'====== Args={'value': 10, 'prev_value': None, 'change': True}
2025-07-06 14:28:01,245 : EventManager : Event: ======'machine_var_audits_missing_switches_s_trough4'====== Args={'value': 10, 'prev_value': None, 'change': True}
2025-07-06 14:28:01,245 : EventManager : Event: ======'machine_var_audits_missing_switches_s_trough5'====== Args={'value': 9, 'prev_value': None, 'change': True}
2025-07-06 14:28:01,245 : EventManager : Event: ======'machine_var_audits_player_score'====== Args={'value': {'average': 0, 'top': [0, 0, 0, 0, 0, 0, 0, 0, 0, 0], 'total': 53}, 'prev_value': None, 'change': True}
2025-07-06 14:28:01,246 : EventManager : Event: ======'machine_var_audits_switches_s_drop_bank1'====== Args={'value': 140, 'prev_value': None, 'change': True}
2025-07-06 14:28:01,246 : EventManager : Event: ======'machine_var_audits_switches_s_left_flipper'====== Args={'value': 2284, 'prev_value': None, 'change': True}
2025-07-06 14:28:01,246 : EventManager : Event: ======'machine_var_audits_switches_s_left_inlane1'====== Args={'value': 2, 'prev_value': None, 'change': True}
2025-07-06 14:28:01,246 : EventManager : Event: ======'machine_var_audits_switches_s_left_inlane2'====== Args={'value': 2, 'prev_value': None, 'change': True}
2025-07-06 14:28:01,246 : EventManager : Event: ======'machine_var_audits_switches_s_left_outlane'====== Args={'value': 0, 'prev_value': None, 'change': True}
2025-07-06 14:28:01,246 : EventManager : Event: ======'machine_var_audits_switches_s_left_slingshot'====== Args={'value': 409, 'prev_value': None, 'change': True}
2025-07-06 14:28:01,246 : EventManager : Event: ======'machine_var_audits_switches_s_plunger'====== Args={'value': 5, 'prev_value': None, 'change': True}
2025-07-06 14:28:01,246 : EventManager : Event: ======'machine_var_audits_switches_s_pop1'====== Args={'value': 0, 'prev_value': None, 'change': True}
2025-07-06 14:28:01,246 : EventManager : Event: ======'machine_var_audits_switches_s_pop2'====== Args={'value': 0, 'prev_value': None, 'change': True}
2025-07-06 14:28:01,246 : EventManager : Event: ======'machine_var_audits_switches_s_pop3'====== Args={'value': 0, 'prev_value': None, 'change': True}
2025-07-06 14:28:01,246 : EventManager : Event: ======'machine_var_audits_switches_s_pop4'====== Args={'value': 3, 'prev_value': None, 'change': True}
2025-07-06 14:28:01,246 : EventManager : Event: ======'machine_var_audits_switches_s_pop5'====== Args={'value': 4, 'prev_value': None, 'change': True}
2025-07-06 14:28:01,246 : EventManager : Event: ======'machine_var_audits_switches_s_pop_bot'====== Args={'value': 426, 'prev_value': None, 'change': True}
2025-07-06 14:28:01,246 : EventManager : Event: ======'machine_var_audits_switches_s_pop_mid'====== Args={'value': 351, 'prev_value': None, 'change': True}
2025-07-06 14:28:01,246 : EventManager : Event: ======'machine_var_audits_switches_s_pop_top'====== Args={'value': 302, 'prev_value': None, 'change': True}
2025-07-06 14:28:01,246 : EventManager : Event: ======'machine_var_audits_switches_s_right_flipper'====== Args={'value': 2339, 'prev_value': None, 'change': True}
2025-07-06 14:28:01,246 : EventManager : Event: ======'machine_var_audits_switches_s_right_inlane'====== Args={'value': 82, 'prev_value': None, 'change': True}
2025-07-06 14:28:01,246 : EventManager : Event: ======'machine_var_audits_switches_s_right_outlane'====== Args={'value': 0, 'prev_value': None, 'change': True}
2025-07-06 14:28:01,246 : EventManager : Event: ======'machine_var_audits_switches_s_right_slingshot'====== Args={'value': 364, 'prev_value': None, 'change': True}
2025-07-06 14:28:01,246 : EventManager : Event: ======'machine_var_audits_switches_s_scoop_center'====== Args={'value': 2, 'prev_value': None, 'change': True}
2025-07-06 14:28:01,246 : EventManager : Event: ======'machine_var_audits_switches_s_scoop_lower'====== Args={'value': 220, 'prev_value': None, 'change': True}
2025-07-06 14:28:01,246 : EventManager : Event: ======'machine_var_audits_switches_s_scoop_right'====== Args={'value': 1, 'prev_value': None, 'change': True}
2025-07-06 14:28:01,246 : EventManager : Event: ======'machine_var_audits_switches_s_shooter_lane'====== Args={'value': 15, 'prev_value': None, 'change': True}
2025-07-06 14:28:01,246 : EventManager : Event: ======'machine_var_audits_switches_s_startButton'====== Args={'value': 37, 'prev_value': None, 'change': True}
2025-07-06 14:28:01,246 : EventManager : Event: ======'machine_var_audits_switches_s_trough1'====== Args={'value': 318, 'prev_value': None, 'change': True}
2025-07-06 14:28:01,246 : EventManager : Event: ======'machine_var_audits_switches_s_trough2'====== Args={'value': 1, 'prev_value': None, 'change': True}
2025-07-06 14:28:01,246 : EventManager : Event: ======'machine_var_audits_switches_s_trough3'====== Args={'value': 1, 'prev_value': None, 'change': True}
2025-07-06 14:28:01,246 : EventManager : Event: ======'machine_var_audits_switches_s_trough4'====== Args={'value': 1, 'prev_value': None, 'change': True}
2025-07-06 14:28:01,246 : EventManager : Event: ======'machine_var_audits_switches_s_trough5'====== Args={'value': 1, 'prev_value': None, 'change': True}
2025-07-06 14:28:01,246 : EventManager : Event: ======'machine_var_audits_switches_s_target_g'====== Args={'value': 0, 'prev_value': None, 'change': True}
2025-07-06 14:28:01,246 : EventManager : Event: ======'machine_var_audits_switches_s_right_scoop'====== Args={'value': 0, 'prev_value': None, 'change': True}
2025-07-06 14:28:01,246 : EventManager : Event: ======'machine_var_audits_switches_s_left_inlane_2'====== Args={'value': 0, 'prev_value': None, 'change': True}
2025-07-06 14:28:01,246 : EventManager : Event: ======'machine_var_audits_switches_s_left_inlane_1'====== Args={'value': 0, 'prev_value': None, 'change': True}
2025-07-06 14:28:01,246 : EventManager : Event: ======'machine_var_audits_switches_s_target_r'====== Args={'value': 0, 'prev_value': None, 'change': True}
2025-07-06 14:28:01,246 : EventManager : Event: ======'machine_var_audits_switches_s_center_scoop'====== Args={'value': 0, 'prev_value': None, 'change': True}
2025-07-06 14:28:01,246 : EventManager : Event: ======'machine_var_mc_version'====== Args={'value': 'MPF-MC v0.57.1', 'prev_value': None, 'change': True}
2025-07-06 14:28:01,246 : EventManager : Event: ======'machine_var_mc_extended_version'====== Args={'value': 'MPF-MC v0.57.1 (config_version=6, BCP v1.1,                      Requires MPF API compatibility v0.57.0 or newer)', 'prev_value': None, 'change': True}
2025-07-06 14:28:01,246 : EventManager : Event: ======'machine_var_credits_string'====== Args={'value': 'FREE PLAY', 'prev_value': None, 'change': True}
2025-07-06 14:28:01,246 : EventManager : Event: ======'machine_var_master_volume'====== Args={'value': 0.5, 'prev_value': None, 'change': True}
2025-07-06 14:28:01,246 : EventManager : Event: ======'machine_var_player1_score'====== Args={'value': 0, 'prev_value': None, 'change': True}
2025-07-06 14:28:01,246 : EventManager : Event: ======'machine_var_mpf_version'====== Args={'value': 'Mission Pinball Framework v0.57.3', 'prev_value': None, 'change': True}
2025-07-06 14:28:01,246 : EventManager : Event: ======'machine_var_mpf_extended_version'====== Args={'value': 'Mission Pinball Framework v0.57.3, Config version:6, Show version: 6, BCP version:1.1', 'prev_value': None, 'change': True}
2025-07-06 14:28:01,246 : EventManager : Event: ======'machine_var_python_version'====== Args={'value': '3.9.13', 'prev_value': None, 'change': True}
2025-07-06 14:28:01,246 : EventManager : Event: ======'machine_var_platform'====== Args={'value': 'macOS-15.5-arm64-arm-64bit', 'prev_value': None, 'change': True}
2025-07-06 14:28:01,246 : EventManager : Event: ======'machine_var_platform_system'====== Args={'value': 'Darwin', 'prev_value': None, 'change': True}
2025-07-06 14:28:01,247 : EventManager : Event: ======'machine_var_platform_release'====== Args={'value': '24.5.0', 'prev_value': None, 'change': True}
2025-07-06 14:28:01,247 : EventManager : Event: ======'machine_var_platform_version'====== Args={'value': 'Darwin Kernel Version 24.5.0: Tue Apr 22 19:54:49 PDT 2025; root:xnu-11417.121.6~2/RELEASE_ARM64_T6000', 'prev_value': None, 'change': True}
2025-07-06 14:28:01,247 : EventManager : Event: ======'machine_var_platform_machine'====== Args={'value': 'arm64', 'prev_value': None, 'change': True}
2025-07-06 14:28:01,247 : EventManager : Event: ======'machine_var_audits_events_game_ended'====== Args={'value': 53, 'prev_value': None, 'change': True}
2025-07-06 14:28:01,247 : EventManager : Event: ======'machine_var_audits_events_game_started'====== Args={'value': 149, 'prev_value': None, 'change': True}
2025-07-06 14:28:01,247 : EventManager : Event: ======'machine_var_audits_missing_switches_s_left_flipper'====== Args={'value': 49, 'prev_value': None, 'change': True}
2025-07-06 14:28:01,247 : EventManager : Event: ======'machine_var_audits_missing_switches_s_left_outlane'====== Args={'value': 10, 'prev_value': None, 'change': True}
2025-07-06 14:28:01,247 : EventManager : Event: ======'machine_var_audits_missing_switches_s_pop1'====== Args={'value': 60, 'prev_value': None, 'change': True}
2025-07-06 14:28:01,247 : EventManager : Event: ======'machine_var_audits_missing_switches_s_pop2'====== Args={'value': 60, 'prev_value': None, 'change': True}
2025-07-06 14:28:01,247 : EventManager : Event: ======'machine_var_audits_missing_switches_s_pop3'====== Args={'value': 60, 'prev_value': None, 'change': True}
2025-07-06 14:28:01,247 : EventManager : Event: ======'machine_var_audits_missing_switches_s_pop4'====== Args={'value': 49, 'prev_value': None, 'change': True}
2025-07-06 14:28:01,247 : EventManager : Event: ======'machine_var_audits_missing_switches_s_pop5'====== Args={'value': 3, 'prev_value': None, 'change': True}
2025-07-06 14:28:01,247 : EventManager : Event: ======'machine_var_audits_missing_switches_s_right_flipper'====== Args={'value': 48, 'prev_value': None, 'change': True}
2025-07-06 14:28:01,247 : EventManager : Event: ======'machine_var_audits_missing_switches_s_right_outlane'====== Args={'value': 10, 'prev_value': None, 'change': True}
2025-07-06 14:28:01,247 : EventManager : Event: ======'machine_var_audits_missing_switches_s_startButton'====== Args={'value': 39, 'prev_value': None, 'change': True}
2025-07-06 14:28:01,247 : EventManager : Event: ======'machine_var_audits_missing_switches_s_trough1'====== Args={'value': 42, 'prev_value': None, 'change': True}
2025-07-06 14:28:01,247 : EventManager : Event: ======'machine_var_audits_missing_switches_s_trough2'====== Args={'value': 10, 'prev_value': None, 'change': True}
2025-07-06 14:28:01,247 : EventManager : Event: ======'machine_var_audits_missing_switches_s_trough3'====== Args={'value': 10, 'prev_value': None, 'change': True}
2025-07-06 14:28:01,247 : EventManager : Event: ======'machine_var_audits_missing_switches_s_trough4'====== Args={'value': 10, 'prev_value': None, 'change': True}
2025-07-06 14:28:01,247 : EventManager : Event: ======'machine_var_audits_missing_switches_s_trough5'====== Args={'value': 9, 'prev_value': None, 'change': True}
2025-07-06 14:28:01,247 : EventManager : Event: ======'machine_var_audits_player_score'====== Args={'value': {'average': 0, 'top': [0, 0, 0, 0, 0, 0, 0, 0, 0, 0], 'total': 53}, 'prev_value': None, 'change': True}
2025-07-06 14:28:01,247 : EventManager : Event: ======'machine_var_audits_switches_s_drop_bank1'====== Args={'value': 140, 'prev_value': None, 'change': True}
2025-07-06 14:28:01,247 : EventManager : Event: ======'machine_var_audits_switches_s_left_flipper'====== Args={'value': 2284, 'prev_value': None, 'change': True}
2025-07-06 14:28:01,247 : EventManager : Event: ======'machine_var_audits_switches_s_left_inlane1'====== Args={'value': 2, 'prev_value': None, 'change': True}
2025-07-06 14:28:01,247 : EventManager : Event: ======'machine_var_audits_switches_s_left_inlane2'====== Args={'value': 2, 'prev_value': None, 'change': True}
2025-07-06 14:28:01,247 : EventManager : Event: ======'machine_var_audits_switches_s_left_outlane'====== Args={'value': 0, 'prev_value': None, 'change': True}
2025-07-06 14:28:01,247 : EventManager : Event: ======'machine_var_audits_switches_s_left_slingshot'====== Args={'value': 409, 'prev_value': None, 'change': True}
2025-07-06 14:28:01,247 : EventManager : Event: ======'machine_var_audits_switches_s_plunger'====== Args={'value': 5, 'prev_value': None, 'change': True}
2025-07-06 14:28:01,247 : EventManager : Event: ======'machine_var_audits_switches_s_pop1'====== Args={'value': 0, 'prev_value': None, 'change': True}
2025-07-06 14:28:01,247 : EventManager : Event: ======'machine_var_audits_switches_s_pop2'====== Args={'value': 0, 'prev_value': None, 'change': True}
2025-07-06 14:28:01,247 : EventManager : Event: ======'machine_var_audits_switches_s_pop3'====== Args={'value': 0, 'prev_value': None, 'change': True}
2025-07-06 14:28:01,247 : EventManager : Event: ======'machine_var_audits_switches_s_pop4'====== Args={'value': 3, 'prev_value': None, 'change': True}
2025-07-06 14:28:01,247 : EventManager : Event: ======'machine_var_audits_switches_s_pop5'====== Args={'value': 4, 'prev_value': None, 'change': True}
2025-07-06 14:28:01,247 : EventManager : Event: ======'machine_var_audits_switches_s_pop_bot'====== Args={'value': 426, 'prev_value': None, 'change': True}
2025-07-06 14:28:01,247 : EventManager : Event: ======'machine_var_audits_switches_s_pop_mid'====== Args={'value': 351, 'prev_value': None, 'change': True}
2025-07-06 14:28:01,247 : EventManager : Event: ======'machine_var_audits_switches_s_pop_top'====== Args={'value': 302, 'prev_value': None, 'change': True}
2025-07-06 14:28:01,247 : EventManager : Event: ======'machine_var_audits_switches_s_right_flipper'====== Args={'value': 2339, 'prev_value': None, 'change': True}
2025-07-06 14:28:01,247 : EventManager : Event: ======'machine_var_audits_switches_s_right_inlane'====== Args={'value': 82, 'prev_value': None, 'change': True}
2025-07-06 14:28:01,247 : EventManager : Event: ======'machine_var_audits_switches_s_right_outlane'====== Args={'value': 0, 'prev_value': None, 'change': True}
2025-07-06 14:28:01,247 : EventManager : Event: ======'machine_var_audits_switches_s_right_slingshot'====== Args={'value': 364, 'prev_value': None, 'change': True}
2025-07-06 14:28:01,247 : EventManager : Event: ======'machine_var_audits_switches_s_scoop_center'====== Args={'value': 2, 'prev_value': None, 'change': True}
2025-07-06 14:28:01,247 : EventManager : Event: ======'machine_var_audits_switches_s_scoop_lower'====== Args={'value': 220, 'prev_value': None, 'change': True}
2025-07-06 14:28:01,247 : EventManager : Event: ======'machine_var_audits_switches_s_scoop_right'====== Args={'value': 1, 'prev_value': None, 'change': True}
2025-07-06 14:28:01,247 : EventManager : Event: ======'machine_var_audits_switches_s_shooter_lane'====== Args={'value': 15, 'prev_value': None, 'change': True}
2025-07-06 14:28:01,247 : EventManager : Event: ======'machine_var_audits_switches_s_startButton'====== Args={'value': 37, 'prev_value': None, 'change': True}
2025-07-06 14:28:01,247 : EventManager : Event: ======'machine_var_audits_switches_s_trough1'====== Args={'value': 318, 'prev_value': None, 'change': True}
2025-07-06 14:28:01,247 : EventManager : Event: ======'machine_var_audits_switches_s_trough2'====== Args={'value': 1, 'prev_value': None, 'change': True}
2025-07-06 14:28:01,247 : EventManager : Event: ======'machine_var_audits_switches_s_trough3'====== Args={'value': 1, 'prev_value': None, 'change': True}
2025-07-06 14:28:01,247 : EventManager : Event: ======'machine_var_audits_switches_s_trough4'====== Args={'value': 1, 'prev_value': None, 'change': True}
2025-07-06 14:28:01,247 : EventManager : Event: ======'machine_var_audits_switches_s_trough5'====== Args={'value': 1, 'prev_value': None, 'change': True}
2025-07-06 14:28:01,247 : EventManager : Event: ======'machine_var_audits_switches_s_target_g'====== Args={'value': 0, 'prev_value': None, 'change': True}
2025-07-06 14:28:01,247 : EventManager : Event: ======'machine_var_audits_switches_s_right_scoop'====== Args={'value': 0, 'prev_value': None, 'change': True}
2025-07-06 14:28:01,247 : EventManager : Event: ======'machine_var_audits_switches_s_left_inlane_2'====== Args={'value': 0, 'prev_value': None, 'change': True}
2025-07-06 14:28:01,248 : EventManager : Event: ======'machine_var_audits_switches_s_left_inlane_1'====== Args={'value': 0, 'prev_value': None, 'change': True}
2025-07-06 14:28:01,248 : EventManager : Event: ======'machine_var_audits_switches_s_target_r'====== Args={'value': 0, 'prev_value': None, 'change': True}
2025-07-06 14:28:01,248 : EventManager : Event: ======'machine_var_audits_switches_s_center_scoop'====== Args={'value': 0, 'prev_value': None, 'change': True}
2025-07-06 14:28:01,248 : EventManager : Event: ======'machine_var_mc_version'====== Args={'value': 'MPF-MC v0.57.1', 'prev_value': None, 'change': True}
2025-07-06 14:28:01,248 : EventManager : Event: ======'machine_var_mc_extended_version'====== Args={'value': 'MPF-MC v0.57.1 (config_version=6, BCP v1.1,                      Requires MPF API compatibility v0.57.0 or newer)', 'prev_value': None, 'change': True}
2025-07-06 14:28:01,248 : EventManager : Event: ======'machine_var_credits_string'====== Args={'value': 'FREE PLAY', 'prev_value': None, 'change': True}
2025-07-06 14:28:01,248 : EventManager : Event: ======'machine_var_master_volume'====== Args={'value': 0.5, 'prev_value': None, 'change': True}
2025-07-06 14:28:01,248 : EventManager : Event: ======'machine_var_player1_score'====== Args={'value': 0, 'prev_value': None, 'change': True}
2025-07-06 14:28:01,248 : EventManager : Event: ======'machine_var_mpf_version'====== Args={'value': 'Mission Pinball Framework v0.57.3', 'prev_value': None, 'change': True}
2025-07-06 14:28:01,248 : EventManager : Event: ======'machine_var_mpf_extended_version'====== Args={'value': 'Mission Pinball Framework v0.57.3, Config version:6, Show version: 6, BCP version:1.1', 'prev_value': None, 'change': True}
2025-07-06 14:28:01,248 : EventManager : Event: ======'machine_var_python_version'====== Args={'value': '3.9.13', 'prev_value': None, 'change': True}
2025-07-06 14:28:01,248 : EventManager : Event: ======'machine_var_platform'====== Args={'value': 'macOS-15.5-arm64-arm-64bit', 'prev_value': None, 'change': True}
2025-07-06 14:28:01,248 : EventManager : Event: ======'machine_var_platform_system'====== Args={'value': 'Darwin', 'prev_value': None, 'change': True}
2025-07-06 14:28:01,248 : EventManager : Event: ======'machine_var_platform_release'====== Args={'value': '24.5.0', 'prev_value': None, 'change': True}
2025-07-06 14:28:01,248 : EventManager : Event: ======'machine_var_platform_version'====== Args={'value': 'Darwin Kernel Version 24.5.0: Tue Apr 22 19:54:49 PDT 2025; root:xnu-11417.121.6~2/RELEASE_ARM64_T6000', 'prev_value': None, 'change': True}
2025-07-06 14:28:01,248 : EventManager : Event: ======'machine_var_platform_machine'====== Args={'value': 'arm64', 'prev_value': None, 'change': True}
2025-07-06 14:28:01,248 : EventManager : Event: ======'machine_var_audits_events_game_ended'====== Args={'value': 53, 'prev_value': None, 'change': True}
2025-07-06 14:28:01,248 : EventManager : Event: ======'machine_var_audits_events_game_started'====== Args={'value': 149, 'prev_value': None, 'change': True}
2025-07-06 14:28:01,248 : EventManager : Event: ======'machine_var_audits_missing_switches_s_left_flipper'====== Args={'value': 49, 'prev_value': None, 'change': True}
2025-07-06 14:28:01,248 : EventManager : Event: ======'machine_var_audits_missing_switches_s_left_outlane'====== Args={'value': 10, 'prev_value': None, 'change': True}
2025-07-06 14:28:01,248 : EventManager : Event: ======'machine_var_audits_missing_switches_s_pop1'====== Args={'value': 60, 'prev_value': None, 'change': True}
2025-07-06 14:28:01,248 : EventManager : Event: ======'machine_var_audits_missing_switches_s_pop2'====== Args={'value': 60, 'prev_value': None, 'change': True}
2025-07-06 14:28:01,248 : EventManager : Event: ======'machine_var_audits_missing_switches_s_pop3'====== Args={'value': 60, 'prev_value': None, 'change': True}
2025-07-06 14:28:01,248 : EventManager : Event: ======'machine_var_audits_missing_switches_s_pop4'====== Args={'value': 49, 'prev_value': None, 'change': True}
2025-07-06 14:28:01,248 : EventManager : Event: ======'machine_var_audits_missing_switches_s_pop5'====== Args={'value': 3, 'prev_value': None, 'change': True}
2025-07-06 14:28:01,248 : EventManager : Event: ======'machine_var_audits_missing_switches_s_right_flipper'====== Args={'value': 48, 'prev_value': None, 'change': True}
2025-07-06 14:28:01,248 : EventManager : Event: ======'machine_var_audits_missing_switches_s_right_outlane'====== Args={'value': 10, 'prev_value': None, 'change': True}
2025-07-06 14:28:01,248 : EventManager : Event: ======'machine_var_audits_missing_switches_s_startButton'====== Args={'value': 39, 'prev_value': None, 'change': True}
2025-07-06 14:28:01,248 : EventManager : Event: ======'machine_var_audits_missing_switches_s_trough1'====== Args={'value': 42, 'prev_value': None, 'change': True}
2025-07-06 14:28:01,248 : EventManager : Event: ======'machine_var_audits_missing_switches_s_trough2'====== Args={'value': 10, 'prev_value': None, 'change': True}
2025-07-06 14:28:01,248 : EventManager : Event: ======'machine_var_audits_missing_switches_s_trough3'====== Args={'value': 10, 'prev_value': None, 'change': True}
2025-07-06 14:28:01,248 : EventManager : Event: ======'machine_var_audits_missing_switches_s_trough4'====== Args={'value': 10, 'prev_value': None, 'change': True}
2025-07-06 14:28:01,248 : EventManager : Event: ======'machine_var_audits_missing_switches_s_trough5'====== Args={'value': 9, 'prev_value': None, 'change': True}
2025-07-06 14:28:01,248 : EventManager : Event: ======'machine_var_audits_player_score'====== Args={'value': {'average': 0, 'top': [0, 0, 0, 0, 0, 0, 0, 0, 0, 0], 'total': 53}, 'prev_value': None, 'change': True}
2025-07-06 14:28:01,248 : EventManager : Event: ======'machine_var_audits_switches_s_drop_bank1'====== Args={'value': 140, 'prev_value': None, 'change': True}
2025-07-06 14:28:01,248 : EventManager : Event: ======'machine_var_audits_switches_s_left_flipper'====== Args={'value': 2284, 'prev_value': None, 'change': True}
2025-07-06 14:28:01,248 : EventManager : Event: ======'machine_var_audits_switches_s_left_inlane1'====== Args={'value': 2, 'prev_value': None, 'change': True}
2025-07-06 14:28:01,248 : EventManager : Event: ======'machine_var_audits_switches_s_left_inlane2'====== Args={'value': 2, 'prev_value': None, 'change': True}
2025-07-06 14:28:01,248 : EventManager : Event: ======'machine_var_audits_switches_s_left_outlane'====== Args={'value': 0, 'prev_value': None, 'change': True}
2025-07-06 14:28:01,248 : EventManager : Event: ======'machine_var_audits_switches_s_left_slingshot'====== Args={'value': 409, 'prev_value': None, 'change': True}
2025-07-06 14:28:01,248 : EventManager : Event: ======'machine_var_audits_switches_s_plunger'====== Args={'value': 5, 'prev_value': None, 'change': True}
2025-07-06 14:28:01,248 : EventManager : Event: ======'machine_var_audits_switches_s_pop1'====== Args={'value': 0, 'prev_value': None, 'change': True}
2025-07-06 14:28:01,248 : EventManager : Event: ======'machine_var_audits_switches_s_pop2'====== Args={'value': 0, 'prev_value': None, 'change': True}
2025-07-06 14:28:01,248 : EventManager : Event: ======'machine_var_audits_switches_s_pop3'====== Args={'value': 0, 'prev_value': None, 'change': True}
2025-07-06 14:28:01,248 : EventManager : Event: ======'machine_var_audits_switches_s_pop4'====== Args={'value': 3, 'prev_value': None, 'change': True}
2025-07-06 14:28:01,248 : EventManager : Event: ======'machine_var_audits_switches_s_pop5'====== Args={'value': 4, 'prev_value': None, 'change': True}
2025-07-06 14:28:01,248 : EventManager : Event: ======'machine_var_audits_switches_s_pop_bot'====== Args={'value': 426, 'prev_value': None, 'change': True}
2025-07-06 14:28:01,248 : EventManager : Event: ======'machine_var_audits_switches_s_pop_mid'====== Args={'value': 351, 'prev_value': None, 'change': True}
2025-07-06 14:28:01,248 : EventManager : Event: ======'machine_var_audits_switches_s_pop_top'====== Args={'value': 302, 'prev_value': None, 'change': True}
2025-07-06 14:28:01,248 : EventManager : Event: ======'machine_var_audits_switches_s_right_flipper'====== Args={'value': 2339, 'prev_value': None, 'change': True}
2025-07-06 14:28:01,248 : EventManager : Event: ======'machine_var_audits_switches_s_right_inlane'====== Args={'value': 82, 'prev_value': None, 'change': True}
2025-07-06 14:28:01,248 : EventManager : Event: ======'machine_var_audits_switches_s_right_outlane'====== Args={'value': 0, 'prev_value': None, 'change': True}
2025-07-06 14:28:01,248 : EventManager : Event: ======'machine_var_audits_switches_s_right_slingshot'====== Args={'value': 364, 'prev_value': None, 'change': True}
2025-07-06 14:28:01,249 : EventManager : Event: ======'machine_var_audits_switches_s_scoop_center'====== Args={'value': 2, 'prev_value': None, 'change': True}
2025-07-06 14:28:01,249 : EventManager : Event: ======'machine_var_audits_switches_s_scoop_lower'====== Args={'value': 220, 'prev_value': None, 'change': True}
2025-07-06 14:28:01,249 : EventManager : Event: ======'machine_var_audits_switches_s_scoop_right'====== Args={'value': 1, 'prev_value': None, 'change': True}
2025-07-06 14:28:01,249 : EventManager : Event: ======'machine_var_audits_switches_s_shooter_lane'====== Args={'value': 15, 'prev_value': None, 'change': True}
2025-07-06 14:28:01,249 : EventManager : Event: ======'machine_var_audits_switches_s_startButton'====== Args={'value': 37, 'prev_value': None, 'change': True}
2025-07-06 14:28:01,249 : EventManager : Event: ======'machine_var_audits_switches_s_trough1'====== Args={'value': 318, 'prev_value': None, 'change': True}
2025-07-06 14:28:01,249 : EventManager : Event: ======'machine_var_audits_switches_s_trough2'====== Args={'value': 1, 'prev_value': None, 'change': True}
2025-07-06 14:28:01,249 : EventManager : Event: ======'machine_var_audits_switches_s_trough3'====== Args={'value': 1, 'prev_value': None, 'change': True}
2025-07-06 14:28:01,249 : EventManager : Event: ======'machine_var_audits_switches_s_trough4'====== Args={'value': 1, 'prev_value': None, 'change': True}
2025-07-06 14:28:01,249 : EventManager : Event: ======'machine_var_audits_switches_s_trough5'====== Args={'value': 1, 'prev_value': None, 'change': True}
2025-07-06 14:28:01,249 : EventManager : Event: ======'machine_var_audits_switches_s_target_g'====== Args={'value': 0, 'prev_value': None, 'change': True}
2025-07-06 14:28:01,249 : EventManager : Event: ======'machine_var_audits_switches_s_right_scoop'====== Args={'value': 0, 'prev_value': None, 'change': True}
2025-07-06 14:28:01,249 : EventManager : Event: ======'machine_var_audits_switches_s_left_inlane_2'====== Args={'value': 0, 'prev_value': None, 'change': True}
2025-07-06 14:28:01,249 : EventManager : Event: ======'machine_var_audits_switches_s_left_inlane_1'====== Args={'value': 0, 'prev_value': None, 'change': True}
2025-07-06 14:28:01,249 : EventManager : Event: ======'machine_var_audits_switches_s_target_r'====== Args={'value': 0, 'prev_value': None, 'change': True}
2025-07-06 14:28:01,249 : EventManager : Event: ======'machine_var_audits_switches_s_center_scoop'====== Args={'value': 0, 'prev_value': None, 'change': True}
2025-07-06 14:28:01,249 : EventManager : Event: ======'machine_var_mc_version'====== Args={'value': 'MPF-MC v0.57.1', 'prev_value': None, 'change': True}
2025-07-06 14:28:01,249 : EventManager : Event: ======'machine_var_mc_extended_version'====== Args={'value': 'MPF-MC v0.57.1 (config_version=6, BCP v1.1,                      Requires MPF API compatibility v0.57.0 or newer)', 'prev_value': None, 'change': True}
2025-07-06 14:28:01,249 : EventManager : Event: ======'machine_var_credits_string'====== Args={'value': 'FREE PLAY', 'prev_value': None, 'change': True}
2025-07-06 14:28:01,249 : EventManager : Event: ======'machine_var_master_volume'====== Args={'value': 0.5, 'prev_value': None, 'change': True}
2025-07-06 14:28:01,249 : EventManager : Event: ======'machine_var_player1_score'====== Args={'value': 0, 'prev_value': None, 'change': True}
2025-07-06 14:28:01,249 : EventManager : Event: ======'machine_var_mpf_version'====== Args={'value': 'Mission Pinball Framework v0.57.3', 'prev_value': None, 'change': True}
2025-07-06 14:28:01,249 : EventManager : Event: ======'machine_var_mpf_extended_version'====== Args={'value': 'Mission Pinball Framework v0.57.3, Config version:6, Show version: 6, BCP version:1.1', 'prev_value': None, 'change': True}
2025-07-06 14:28:01,249 : EventManager : Event: ======'machine_var_python_version'====== Args={'value': '3.9.13', 'prev_value': None, 'change': True}
2025-07-06 14:28:01,249 : EventManager : Event: ======'machine_var_platform'====== Args={'value': 'macOS-15.5-arm64-arm-64bit', 'prev_value': None, 'change': True}
2025-07-06 14:28:01,249 : EventManager : Event: ======'machine_var_platform_system'====== Args={'value': 'Darwin', 'prev_value': None, 'change': True}
2025-07-06 14:28:01,249 : EventManager : Event: ======'machine_var_platform_release'====== Args={'value': '24.5.0', 'prev_value': None, 'change': True}
2025-07-06 14:28:01,249 : EventManager : Event: ======'machine_var_platform_version'====== Args={'value': 'Darwin Kernel Version 24.5.0: Tue Apr 22 19:54:49 PDT 2025; root:xnu-11417.121.6~2/RELEASE_ARM64_T6000', 'prev_value': None, 'change': True}
2025-07-06 14:28:01,249 : EventManager : Event: ======'machine_var_platform_machine'====== Args={'value': 'arm64', 'prev_value': None, 'change': True}
2025-07-06 14:28:01,249 : EventManager : Event: ======'machine_var_audits_events_game_ended'====== Args={'value': 53, 'prev_value': None, 'change': True}
2025-07-06 14:28:01,249 : EventManager : Event: ======'machine_var_audits_events_game_started'====== Args={'value': 149, 'prev_value': None, 'change': True}
2025-07-06 14:28:01,249 : EventManager : Event: ======'machine_var_audits_missing_switches_s_left_flipper'====== Args={'value': 49, 'prev_value': None, 'change': True}
2025-07-06 14:28:01,249 : EventManager : Event: ======'machine_var_audits_missing_switches_s_left_outlane'====== Args={'value': 10, 'prev_value': None, 'change': True}
2025-07-06 14:28:01,249 : EventManager : Event: ======'machine_var_audits_missing_switches_s_pop1'====== Args={'value': 60, 'prev_value': None, 'change': True}
2025-07-06 14:28:01,249 : EventManager : Event: ======'machine_var_audits_missing_switches_s_pop2'====== Args={'value': 60, 'prev_value': None, 'change': True}
2025-07-06 14:28:01,249 : EventManager : Event: ======'machine_var_audits_missing_switches_s_pop3'====== Args={'value': 60, 'prev_value': None, 'change': True}
2025-07-06 14:28:01,249 : EventManager : Event: ======'machine_var_audits_missing_switches_s_pop4'====== Args={'value': 49, 'prev_value': None, 'change': True}
2025-07-06 14:28:01,249 : EventManager : Event: ======'machine_var_audits_missing_switches_s_pop5'====== Args={'value': 3, 'prev_value': None, 'change': True}
2025-07-06 14:28:01,249 : EventManager : Event: ======'machine_var_audits_missing_switches_s_right_flipper'====== Args={'value': 48, 'prev_value': None, 'change': True}
2025-07-06 14:28:01,249 : EventManager : Event: ======'machine_var_audits_missing_switches_s_right_outlane'====== Args={'value': 10, 'prev_value': None, 'change': True}
2025-07-06 14:28:01,249 : EventManager : Event: ======'machine_var_audits_missing_switches_s_startButton'====== Args={'value': 39, 'prev_value': None, 'change': True}
2025-07-06 14:28:01,249 : EventManager : Event: ======'machine_var_audits_missing_switches_s_trough1'====== Args={'value': 42, 'prev_value': None, 'change': True}
2025-07-06 14:28:01,249 : EventManager : Event: ======'machine_var_audits_missing_switches_s_trough2'====== Args={'value': 10, 'prev_value': None, 'change': True}
2025-07-06 14:28:01,249 : EventManager : Event: ======'machine_var_audits_missing_switches_s_trough3'====== Args={'value': 10, 'prev_value': None, 'change': True}
2025-07-06 14:28:01,249 : EventManager : Event: ======'machine_var_audits_missing_switches_s_trough4'====== Args={'value': 10, 'prev_value': None, 'change': True}
2025-07-06 14:28:01,249 : EventManager : Event: ======'machine_var_audits_missing_switches_s_trough5'====== Args={'value': 9, 'prev_value': None, 'change': True}
2025-07-06 14:28:01,249 : EventManager : Event: ======'machine_var_audits_player_score'====== Args={'value': {'average': 0, 'top': [0, 0, 0, 0, 0, 0, 0, 0, 0, 0], 'total': 53}, 'prev_value': None, 'change': True}
2025-07-06 14:28:01,249 : EventManager : Event: ======'machine_var_audits_switches_s_drop_bank1'====== Args={'value': 140, 'prev_value': None, 'change': True}
2025-07-06 14:28:01,249 : EventManager : Event: ======'machine_var_audits_switches_s_left_flipper'====== Args={'value': 2284, 'prev_value': None, 'change': True}
2025-07-06 14:28:01,249 : EventManager : Event: ======'machine_var_audits_switches_s_left_inlane1'====== Args={'value': 2, 'prev_value': None, 'change': True}
2025-07-06 14:28:01,249 : EventManager : Event: ======'machine_var_audits_switches_s_left_inlane2'====== Args={'value': 2, 'prev_value': None, 'change': True}
2025-07-06 14:28:01,249 : EventManager : Event: ======'machine_var_audits_switches_s_left_outlane'====== Args={'value': 0, 'prev_value': None, 'change': True}
2025-07-06 14:28:01,249 : EventManager : Event: ======'machine_var_audits_switches_s_left_slingshot'====== Args={'value': 409, 'prev_value': None, 'change': True}
2025-07-06 14:28:01,249 : EventManager : Event: ======'machine_var_audits_switches_s_plunger'====== Args={'value': 5, 'prev_value': None, 'change': True}
2025-07-06 14:28:01,249 : EventManager : Event: ======'machine_var_audits_switches_s_pop1'====== Args={'value': 0, 'prev_value': None, 'change': True}
2025-07-06 14:28:01,250 : EventManager : Event: ======'machine_var_audits_switches_s_pop2'====== Args={'value': 0, 'prev_value': None, 'change': True}
2025-07-06 14:28:01,250 : EventManager : Event: ======'machine_var_audits_switches_s_pop3'====== Args={'value': 0, 'prev_value': None, 'change': True}
2025-07-06 14:28:01,250 : EventManager : Event: ======'machine_var_audits_switches_s_pop4'====== Args={'value': 3, 'prev_value': None, 'change': True}
2025-07-06 14:28:01,250 : EventManager : Event: ======'machine_var_audits_switches_s_pop5'====== Args={'value': 4, 'prev_value': None, 'change': True}
2025-07-06 14:28:01,250 : EventManager : Event: ======'machine_var_audits_switches_s_pop_bot'====== Args={'value': 426, 'prev_value': None, 'change': True}
2025-07-06 14:28:01,250 : EventManager : Event: ======'machine_var_audits_switches_s_pop_mid'====== Args={'value': 351, 'prev_value': None, 'change': True}
2025-07-06 14:28:01,250 : EventManager : Event: ======'machine_var_audits_switches_s_pop_top'====== Args={'value': 302, 'prev_value': None, 'change': True}
2025-07-06 14:28:01,250 : EventManager : Event: ======'machine_var_audits_switches_s_right_flipper'====== Args={'value': 2339, 'prev_value': None, 'change': True}
2025-07-06 14:28:01,250 : EventManager : Event: ======'machine_var_audits_switches_s_right_inlane'====== Args={'value': 82, 'prev_value': None, 'change': True}
2025-07-06 14:28:01,250 : EventManager : Event: ======'machine_var_audits_switches_s_right_outlane'====== Args={'value': 0, 'prev_value': None, 'change': True}
2025-07-06 14:28:01,250 : EventManager : Event: ======'machine_var_audits_switches_s_right_slingshot'====== Args={'value': 364, 'prev_value': None, 'change': True}
2025-07-06 14:28:01,250 : EventManager : Event: ======'machine_var_audits_switches_s_scoop_center'====== Args={'value': 2, 'prev_value': None, 'change': True}
2025-07-06 14:28:01,250 : EventManager : Event: ======'machine_var_audits_switches_s_scoop_lower'====== Args={'value': 220, 'prev_value': None, 'change': True}
2025-07-06 14:28:01,250 : EventManager : Event: ======'machine_var_audits_switches_s_scoop_right'====== Args={'value': 1, 'prev_value': None, 'change': True}
2025-07-06 14:28:01,250 : EventManager : Event: ======'machine_var_audits_switches_s_shooter_lane'====== Args={'value': 15, 'prev_value': None, 'change': True}
2025-07-06 14:28:01,250 : EventManager : Event: ======'machine_var_audits_switches_s_startButton'====== Args={'value': 37, 'prev_value': None, 'change': True}
2025-07-06 14:28:01,250 : EventManager : Event: ======'machine_var_audits_switches_s_trough1'====== Args={'value': 318, 'prev_value': None, 'change': True}
2025-07-06 14:28:01,250 : EventManager : Event: ======'machine_var_audits_switches_s_trough2'====== Args={'value': 1, 'prev_value': None, 'change': True}
2025-07-06 14:28:01,250 : EventManager : Event: ======'machine_var_audits_switches_s_trough3'====== Args={'value': 1, 'prev_value': None, 'change': True}
2025-07-06 14:28:01,250 : EventManager : Event: ======'machine_var_audits_switches_s_trough4'====== Args={'value': 1, 'prev_value': None, 'change': True}
2025-07-06 14:28:01,250 : EventManager : Event: ======'machine_var_audits_switches_s_trough5'====== Args={'value': 1, 'prev_value': None, 'change': True}
2025-07-06 14:28:01,250 : EventManager : Event: ======'machine_var_audits_switches_s_target_g'====== Args={'value': 0, 'prev_value': None, 'change': True}
2025-07-06 14:28:01,250 : EventManager : Event: ======'machine_var_audits_switches_s_right_scoop'====== Args={'value': 0, 'prev_value': None, 'change': True}
2025-07-06 14:28:01,250 : EventManager : Event: ======'machine_var_audits_switches_s_left_inlane_2'====== Args={'value': 0, 'prev_value': None, 'change': True}
2025-07-06 14:28:01,250 : EventManager : Event: ======'machine_var_audits_switches_s_left_inlane_1'====== Args={'value': 0, 'prev_value': None, 'change': True}
2025-07-06 14:28:01,250 : EventManager : Event: ======'machine_var_audits_switches_s_target_r'====== Args={'value': 0, 'prev_value': None, 'change': True}
2025-07-06 14:28:01,250 : EventManager : Event: ======'machine_var_audits_switches_s_center_scoop'====== Args={'value': 0, 'prev_value': None, 'change': True}
2025-07-06 14:28:01,250 : EventManager : Event: ======'machine_var_mc_version'====== Args={'value': 'MPF-MC v0.57.1', 'prev_value': None, 'change': True}
2025-07-06 14:28:01,250 : EventManager : Event: ======'machine_var_mc_extended_version'====== Args={'value': 'MPF-MC v0.57.1 (config_version=6, BCP v1.1,                      Requires MPF API compatibility v0.57.0 or newer)', 'prev_value': None, 'change': True}
2025-07-06 14:28:01,250 : EventManager : Event: ======'slides_play'====== Args={'settings': {'awesome_slide': {'widgets': [{'type': 'image', 'image': 'af_bg', '_default_settings': ['type', 'image'], 'x': None, 'y': None, 'anchor_x': 'center', 'anchor_y': 'center', 'round_anchor_x': None, 'round_anchor_y': None, 'opacity': 1.0, 'z': 0, 'reset_animations_events': {}, 'color': [1.0, 1.0, 1.0, 1.0], 'style': [], 'adjust_top': 0, 'adjust_bottom': 0, 'adjust_left': 0, 'adjust_right': 0, 'expire': None, 'key': None, 'widget': None, 'events_when_added': [], 'events_when_removed': [], 'fps': 10, 'loops': -1, 'auto_play': True, 'start_frame': 0, 'rotation': 0, 'scale': 1.0, 'animations': None}], 'transition': {'type': 'fade', 'duration': 1.0}, 'target': None, 'background_color': [0.0, 0.0, 0.0, 1.0], 'priority': None, 'show': True, 'force': False, 'expire': None, 'slide': None, 'tokens': {}, 'action': 'play'}}, 'context': 'show_7', 'calling_context': 0, 'priority': 10, 'show_tokens': {}, 'start_time': 1.465846}
2025-07-06 14:28:01,250 : EventManager : Event: ======'sounds_play'====== Args={'settings': {'music_startuplong': {'action': 'play', 'loops': -1, 'priority': None, 'block': False, 'delay': None, 'track': None, 'volume': None, 'ducking': {}, 'pan': None, 'start_at': None, 'fade_in': None, 'fade_out': None, 'about_to_finish_time': -1.0, 'max_queue_time': -1.0, 'events_when_played': ['use_sound_setting'], 'events_when_stopped': ['use_sound_setting'], 'events_when_looping': ['use_sound_setting'], 'events_when_about_to_finish': ['use_sound_setting'], 'mode_end_action': 'use_sound_setting', 'key': 'use_sound_setting'}}, 'context': 'attract', 'calling_context': 'mode_attract_started', 'priority': 10}
2025-07-06 14:28:01,250 : SoundSystem : Setting master volume to 0.5
2025-07-06 14:28:01,250 : SoundSystem : Setting master volume to 0.5
2025-07-06 14:28:01,250 : SoundSystem : Setting master volume to 0.5
2025-07-06 14:28:01,250 : SoundSystem : Setting master volume to 0.5
2025-07-06 14:28:01,251 : EventManager : Event: ======'slide_awesome_slide_created'====== Args={}
2025-07-06 14:28:01,252 : kivy : GL: NPOT texture support is available
2025-07-06 14:28:01,265 : EventManager : Event: ======'slide_awesome_slide_active'====== Args={}
2025-07-06 14:28:01,275 : EventManager : Event: ======'loading_assets'====== Args={'total': 2, 'loaded': 1, 'remaining': 1, 'percent': 50}
2025-07-06 14:28:01,275 : AssetManager : Loading assets: 1/2 (50%)
2025-07-06 14:28:01,275 : EventManager : Event: ======'loading_assets'====== Args={'total': 2, 'loaded': 2, 'remaining': 0, 'percent': 100}
2025-07-06 14:28:01,275 : AssetManager : Asset loading took: 0.44564199447631836
2025-07-06 14:28:01,275 : EventManager : Event: ======'asset_loading_complete'====== Args={}
2025-07-06 14:28:01,275 : AssetManager : Loading assets: 2/2 (100%)
2025-07-06 14:28:04,245 : EventManager : Event: ======'slides_play'====== Args={'settings': {'press_start': {'widgets': [{'type': 'Text', 'text': 'PRESS START', 'color': [1.0, 1.0, 1.0, 1], 'font_size': 80, 'font_name': 'CinzelDecorative-Black', 'animations': {'pre_show_slide': [{'property': ['opacity'], 'value': ['0'], 'duration': 0.5, 'relative': False, 'timing': 'after_previous', 'repeat': False, 'easing': 'linear', 'step': 0.0}, {'property': ['opacity'], 'value': ['1'], 'duration': 1.0, 'relative': False, 'timing': 'after_previous', 'repeat': False, 'easing': 'linear', 'step': 0.0}, {'property': ['opacity'], 'value': ['0'], 'duration': 0.5, 'repeat': True, 'relative': False, 'timing': 'after_previous', 'easing': 'linear', 'step': 0.0}]}, '_default_settings': ['type', 'text', 'color', 'font_size', 'font_name', 'animations'], 'x': None, 'y': None, 'anchor_x': 'center', 'anchor_y': 'center', 'round_anchor_x': None, 'round_anchor_y': None, 'opacity': 1.0, 'z': 0, 'reset_animations_events': {}, 'style': [], 'adjust_top': 0, 'adjust_bottom': 0, 'adjust_left': 0, 'adjust_right': 0, 'expire': None, 'key': None, 'widget': None, 'events_when_added': [], 'events_when_removed': [], 'bitmap_font': False, 'font_kerning': True, 'bold': False, 'italic': False, 'number_grouping': False, 'min_digits': 0, 'halign': 'center', 'valign': 'middle', 'rotation': 0, 'scale': 1.0, 'casing': None, 'outline_color': [1.0, 1.0, 1.0, 1.0], 'outline_width': 0}, {'type': 'image', 'image': 'mansionv2', '_default_settings': ['type', 'image'], 'x': None, 'y': None, 'anchor_x': 'center', 'anchor_y': 'center', 'round_anchor_x': None, 'round_anchor_y': None, 'opacity': 1.0, 'z': 0, 'reset_animations_events': {}, 'color': [1.0, 1.0, 1.0, 1.0], 'style': [], 'adjust_top': 0, 'adjust_bottom': 0, 'adjust_left': 0, 'adjust_right': 0, 'expire': None, 'key': None, 'widget': None, 'events_when_added': [], 'events_when_removed': [], 'fps': 10, 'loops': -1, 'auto_play': True, 'start_frame': 0, 'rotation': 0, 'scale': 1.0, 'animations': None}], 'transition': {'type': 'fade', 'duration': 1.0}, 'target': None, 'background_color': [0.0, 0.0, 0.0, 1.0], 'priority': None, 'show': True, 'force': False, 'expire': None, 'slide': None, 'tokens': {}, 'action': 'play'}}, 'context': 'show_7', 'calling_context': 1, 'priority': 10, 'show_tokens': {}, 'start_time': 4.465846}
2025-07-06 14:28:04,265 : EventManager : Event: ======'slide_press_start_created'====== Args={}
2025-07-06 14:28:04,278 : EventManager : Event: ======'slide_press_start_active'====== Args={}
2025-07-06 14:28:04,290 : EventManager : Event: ======'loading_assets'====== Args={'total': 1, 'loaded': 1, 'remaining': 0, 'percent': 100}
2025-07-06 14:28:04,290 : AssetManager : Asset loading took: 3.459928035736084
2025-07-06 14:28:04,290 : EventManager : Event: ======'asset_loading_complete'====== Args={}
2025-07-06 14:28:04,290 : AssetManager : Loading assets: 1/1 (100%)
2025-07-06 14:28:12,248 : EventManager : Event: ======'slides_play'====== Args={'settings': {'last_game_score_slide': {'widgets': [{'type': 'text', 'text': 'LAST GAME', 'color': [1.0, 0.8549019607843137, 0.5098039215686274, 1], 'font_size': 42, 'font_name': 'CinzelDecorative-Black', 'anchor_x': 'left', '_default_settings': ['type', 'text', 'color', 'font_size', 'font_name', 'anchor_x'], 'x': None, 'y': None, 'anchor_y': 'center', 'round_anchor_x': None, 'round_anchor_y': None, 'opacity': 1.0, 'z': 0, 'reset_animations_events': {}, 'style': [], 'adjust_top': 0, 'adjust_bottom': 0, 'adjust_left': 0, 'adjust_right': 0, 'expire': None, 'key': None, 'widget': None, 'events_when_added': [], 'events_when_removed': [], 'bitmap_font': False, 'font_kerning': True, 'bold': False, 'italic': False, 'number_grouping': False, 'min_digits': 0, 'halign': 'center', 'valign': 'middle', 'rotation': 0, 'scale': 1.0, 'casing': None, 'outline_color': [1.0, 1.0, 1.0, 1.0], 'outline_width': 0, 'animations': None}, {'type': 'text', 'text': '(machine|player1_score)', 'number_grouping': True, 'min_digits': 2, 'color': [1.0, 0.8549019607843137, 0.5098039215686274, 1], 'font_size': 42, 'font_name': 'CinzelDecorative-Black', 'anchor_x': 'left', '_default_settings': ['type', 'text', 'number_grouping', 'min_digits', 'color', 'font_size', 'font_name', 'anchor_x'], 'x': None, 'y': None, 'anchor_y': 'center', 'round_anchor_x': None, 'round_anchor_y': None, 'opacity': 1.0, 'z': 0, 'reset_animations_events': {}, 'style': [], 'adjust_top': 0, 'adjust_bottom': 0, 'adjust_left': 0, 'adjust_right': 0, 'expire': None, 'key': None, 'widget': None, 'events_when_added': [], 'events_when_removed': [], 'bitmap_font': False, 'font_kerning': True, 'bold': False, 'italic': False, 'halign': 'center', 'valign': 'middle', 'rotation': 0, 'scale': 1.0, 'casing': None, 'outline_color': [1.0, 1.0, 1.0, 1.0], 'outline_width': 0, 'animations': None}, {'type': 'image', 'image': 'mansionv2', '_default_settings': ['type', 'image'], 'x': None, 'y': None, 'anchor_x': 'center', 'anchor_y': 'center', 'round_anchor_x': None, 'round_anchor_y': None, 'opacity': 1.0, 'z': 0, 'reset_animations_events': {}, 'color': [1.0, 1.0, 1.0, 1.0], 'style': [], 'adjust_top': 0, 'adjust_bottom': 0, 'adjust_left': 0, 'adjust_right': 0, 'expire': None, 'key': None, 'widget': None, 'events_when_added': [], 'events_when_removed': [], 'fps': 10, 'loops': -1, 'auto_play': True, 'start_frame': 0, 'rotation': 0, 'scale': 1.0, 'animations': None}], 'target': None, 'background_color': [0.0, 0.0, 0.0, 1.0], 'priority': None, 'show': True, 'force': False, 'expire': None, 'slide': None, 'tokens': {}, 'action': 'play'}}, 'context': 'show_7', 'calling_context': 2, 'priority': 10, 'show_tokens': {}, 'start_time': 12.465845999999999}
2025-07-06 14:28:12,253 : EventManager : Event: ======'slide_last_game_score_slide_created'====== Args={}
2025-07-06 14:28:12,253 : EventManager : Unordered handler for class <Text Widget text=00> on event machine_var_player1_score with priority 1. Handlers: [RegisteredHandler(callback=<bound method Text._machine_var_change of <Text Widget text=00>>, priority=1, kwargs={}, key=UUID('5f788491-e5ff-4d40-8dc8-331b6abe4e5c'), condition=None, blocking_facility=None), RegisteredHandler(callback=<bound method Text._machine_var_change of <Text Widget text=00>>, priority=1, kwargs={}, key=UUID('c601adac-c947-4a31-ba50-0cee4f4f69dd'), condition=None, blocking_facility=None)]. The order of those handlers is not defined and they will be executed in random order. This might lead to race conditions and potential bugs.
2025-07-06 14:28:12,255 : EventManager : Event: ======'slide_last_game_score_slide_active'====== Args={}
2025-07-06 14:28:15,244 : EventManager : Event: ======'slides_play'====== Args={'settings': {'awesome_slide': {'widgets': [{'type': 'image', 'image': 'af_bg', '_default_settings': ['type', 'image'], 'x': None, 'y': None, 'anchor_x': 'center', 'anchor_y': 'center', 'round_anchor_x': None, 'round_anchor_y': None, 'opacity': 1.0, 'z': 0, 'reset_animations_events': {}, 'color': [1.0, 1.0, 1.0, 1.0], 'style': [], 'adjust_top': 0, 'adjust_bottom': 0, 'adjust_left': 0, 'adjust_right': 0, 'expire': None, 'key': None, 'widget': None, 'events_when_added': [], 'events_when_removed': [], 'fps': 10, 'loops': -1, 'auto_play': True, 'start_frame': 0, 'rotation': 0, 'scale': 1.0, 'animations': None}], 'transition': {'type': 'fade', 'duration': 1.0}, 'target': None, 'background_color': [0.0, 0.0, 0.0, 1.0], 'priority': None, 'show': True, 'force': False, 'expire': None, 'slide': None, 'tokens': {}, 'action': 'play'}}, 'context': 'show_7', 'calling_context': 0, 'priority': 10, 'show_tokens': {}, 'start_time': 15.465845999999999}
2025-07-06 14:28:15,244 : EventManager : Event: ======'slide_awesome_slide_removed'====== Args={}
2025-07-06 14:28:15,246 : EventManager : Event: ======'slide_awesome_slide_created'====== Args={}
2025-07-06 14:28:15,253 : EventManager : Event: ======'slide_awesome_slide_active'====== Args={}
2025-07-06 14:28:18,247 : EventManager : Event: ======'slides_play'====== Args={'settings': {'press_start': {'widgets': [{'type': 'Text', 'text': 'PRESS START', 'color': [1.0, 1.0, 1.0, 1], 'font_size': 80, 'font_name': 'CinzelDecorative-Black', 'animations': {'pre_show_slide': [{'property': ['opacity'], 'value': ['0'], 'duration': 0.5, 'relative': False, 'timing': 'after_previous', 'repeat': False, 'easing': 'linear', 'step': 0.0}, {'property': ['opacity'], 'value': ['1'], 'duration': 1.0, 'relative': False, 'timing': 'after_previous', 'repeat': False, 'easing': 'linear', 'step': 0.0}, {'property': ['opacity'], 'value': ['0'], 'duration': 0.5, 'repeat': True, 'relative': False, 'timing': 'after_previous', 'easing': 'linear', 'step': 0.0}]}, '_default_settings': ['type', 'text', 'color', 'font_size', 'font_name', 'animations'], 'x': None, 'y': None, 'anchor_x': 'center', 'anchor_y': 'center', 'round_anchor_x': None, 'round_anchor_y': None, 'opacity': 1.0, 'z': 0, 'reset_animations_events': {}, 'style': [], 'adjust_top': 0, 'adjust_bottom': 0, 'adjust_left': 0, 'adjust_right': 0, 'expire': None, 'key': None, 'widget': None, 'events_when_added': [], 'events_when_removed': [], 'bitmap_font': False, 'font_kerning': True, 'bold': False, 'italic': False, 'number_grouping': False, 'min_digits': 0, 'halign': 'center', 'valign': 'middle', 'rotation': 0, 'scale': 1.0, 'casing': None, 'outline_color': [1.0, 1.0, 1.0, 1.0], 'outline_width': 0}, {'type': 'image', 'image': 'mansionv2', '_default_settings': ['type', 'image'], 'x': None, 'y': None, 'anchor_x': 'center', 'anchor_y': 'center', 'round_anchor_x': None, 'round_anchor_y': None, 'opacity': 1.0, 'z': 0, 'reset_animations_events': {}, 'color': [1.0, 1.0, 1.0, 1.0], 'style': [], 'adjust_top': 0, 'adjust_bottom': 0, 'adjust_left': 0, 'adjust_right': 0, 'expire': None, 'key': None, 'widget': None, 'events_when_added': [], 'events_when_removed': [], 'fps': 10, 'loops': -1, 'auto_play': True, 'start_frame': 0, 'rotation': 0, 'scale': 1.0, 'animations': None}], 'transition': {'type': 'fade', 'duration': 1.0}, 'target': None, 'background_color': [0.0, 0.0, 0.0, 1.0], 'priority': None, 'show': True, 'force': False, 'expire': None, 'slide': None, 'tokens': {}, 'action': 'play'}}, 'context': 'show_7', 'calling_context': 1, 'priority': 10, 'show_tokens': {}, 'start_time': 18.465846}
2025-07-06 14:28:18,248 : EventManager : Event: ======'slide_press_start_removed'====== Args={}
2025-07-06 14:28:18,252 : EventManager : Event: ======'slide_press_start_created'====== Args={}
2025-07-06 14:28:18,260 : EventManager : Event: ======'slide_press_start_active'====== Args={}
2025-07-06 14:28:26,252 : EventManager : Event: ======'slides_play'====== Args={'settings': {'last_game_score_slide': {'widgets': [{'type': 'text', 'text': 'LAST GAME', 'color': [1.0, 0.8549019607843137, 0.5098039215686274, 1], 'font_size': 42, 'font_name': 'CinzelDecorative-Black', 'anchor_x': 'left', '_default_settings': ['type', 'text', 'color', 'font_size', 'font_name', 'anchor_x'], 'x': None, 'y': None, 'anchor_y': 'center', 'round_anchor_x': None, 'round_anchor_y': None, 'opacity': 1.0, 'z': 0, 'reset_animations_events': {}, 'style': [], 'adjust_top': 0, 'adjust_bottom': 0, 'adjust_left': 0, 'adjust_right': 0, 'expire': None, 'key': None, 'widget': None, 'events_when_added': [], 'events_when_removed': [], 'bitmap_font': False, 'font_kerning': True, 'bold': False, 'italic': False, 'number_grouping': False, 'min_digits': 0, 'halign': 'center', 'valign': 'middle', 'rotation': 0, 'scale': 1.0, 'casing': None, 'outline_color': [1.0, 1.0, 1.0, 1.0], 'outline_width': 0, 'animations': None}, {'type': 'text', 'text': '(machine|player1_score)', 'number_grouping': True, 'min_digits': 2, 'color': [1.0, 0.8549019607843137, 0.5098039215686274, 1], 'font_size': 42, 'font_name': 'CinzelDecorative-Black', 'anchor_x': 'left', '_default_settings': ['type', 'text', 'number_grouping', 'min_digits', 'color', 'font_size', 'font_name', 'anchor_x'], 'x': None, 'y': None, 'anchor_y': 'center', 'round_anchor_x': None, 'round_anchor_y': None, 'opacity': 1.0, 'z': 0, 'reset_animations_events': {}, 'style': [], 'adjust_top': 0, 'adjust_bottom': 0, 'adjust_left': 0, 'adjust_right': 0, 'expire': None, 'key': None, 'widget': None, 'events_when_added': [], 'events_when_removed': [], 'bitmap_font': False, 'font_kerning': True, 'bold': False, 'italic': False, 'halign': 'center', 'valign': 'middle', 'rotation': 0, 'scale': 1.0, 'casing': None, 'outline_color': [1.0, 1.0, 1.0, 1.0], 'outline_width': 0, 'animations': None}, {'type': 'image', 'image': 'mansionv2', '_default_settings': ['type', 'image'], 'x': None, 'y': None, 'anchor_x': 'center', 'anchor_y': 'center', 'round_anchor_x': None, 'round_anchor_y': None, 'opacity': 1.0, 'z': 0, 'reset_animations_events': {}, 'color': [1.0, 1.0, 1.0, 1.0], 'style': [], 'adjust_top': 0, 'adjust_bottom': 0, 'adjust_left': 0, 'adjust_right': 0, 'expire': None, 'key': None, 'widget': None, 'events_when_added': [], 'events_when_removed': [], 'fps': 10, 'loops': -1, 'auto_play': True, 'start_frame': 0, 'rotation': 0, 'scale': 1.0, 'animations': None}], 'target': None, 'background_color': [0.0, 0.0, 0.0, 1.0], 'priority': None, 'show': True, 'force': False, 'expire': None, 'slide': None, 'tokens': {}, 'action': 'play'}}, 'context': 'show_7', 'calling_context': 2, 'priority': 10, 'show_tokens': {}, 'start_time': 26.465846}
2025-07-06 14:28:26,253 : EventManager : Event: ======'slide_last_game_score_slide_removed'====== Args={}
2025-07-06 14:28:26,256 : EventManager : Event: ======'slide_last_game_score_slide_created'====== Args={}
2025-07-06 14:28:26,256 : EventManager : Unordered handler for class <Text Widget text=00> on event machine_var_player1_score with priority 1. Handlers: [RegisteredHandler(callback=<bound method Text._machine_var_change of <Text Widget text=00>>, priority=1, kwargs={}, key=UUID('a416fb7c-954d-447e-800c-d37f57634b0f'), condition=None, blocking_facility=None), RegisteredHandler(callback=<bound method Text._machine_var_change of <Text Widget text=00>>, priority=1, kwargs={}, key=UUID('45623475-de03-4459-ab3b-94117290120a'), condition=None, blocking_facility=None)]. The order of those handlers is not defined and they will be executed in random order. This might lead to race conditions and potential bugs.
2025-07-06 14:28:26,257 : EventManager : Event: ======'slide_last_game_score_slide_active'====== Args={}
2025-07-06 14:28:29,245 : EventManager : Event: ======'slides_play'====== Args={'settings': {'awesome_slide': {'widgets': [{'type': 'image', 'image': 'af_bg', '_default_settings': ['type', 'image'], 'x': None, 'y': None, 'anchor_x': 'center', 'anchor_y': 'center', 'round_anchor_x': None, 'round_anchor_y': None, 'opacity': 1.0, 'z': 0, 'reset_animations_events': {}, 'color': [1.0, 1.0, 1.0, 1.0], 'style': [], 'adjust_top': 0, 'adjust_bottom': 0, 'adjust_left': 0, 'adjust_right': 0, 'expire': None, 'key': None, 'widget': None, 'events_when_added': [], 'events_when_removed': [], 'fps': 10, 'loops': -1, 'auto_play': True, 'start_frame': 0, 'rotation': 0, 'scale': 1.0, 'animations': None}], 'transition': {'type': 'fade', 'duration': 1.0}, 'target': None, 'background_color': [0.0, 0.0, 0.0, 1.0], 'priority': None, 'show': True, 'force': False, 'expire': None, 'slide': None, 'tokens': {}, 'action': 'play'}}, 'context': 'show_7', 'calling_context': 0, 'priority': 10, 'show_tokens': {}, 'start_time': 29.465846}
2025-07-06 14:28:29,245 : EventManager : Event: ======'slide_awesome_slide_removed'====== Args={}
2025-07-06 14:28:29,247 : EventManager : Event: ======'slide_awesome_slide_created'====== Args={}
2025-07-06 14:28:29,252 : EventManager : Event: ======'slide_awesome_slide_active'====== Args={}
2025-07-06 14:28:32,245 : EventManager : Event: ======'slides_play'====== Args={'settings': {'press_start': {'widgets': [{'type': 'Text', 'text': 'PRESS START', 'color': [1.0, 1.0, 1.0, 1], 'font_size': 80, 'font_name': 'CinzelDecorative-Black', 'animations': {'pre_show_slide': [{'property': ['opacity'], 'value': ['0'], 'duration': 0.5, 'relative': False, 'timing': 'after_previous', 'repeat': False, 'easing': 'linear', 'step': 0.0}, {'property': ['opacity'], 'value': ['1'], 'duration': 1.0, 'relative': False, 'timing': 'after_previous', 'repeat': False, 'easing': 'linear', 'step': 0.0}, {'property': ['opacity'], 'value': ['0'], 'duration': 0.5, 'repeat': True, 'relative': False, 'timing': 'after_previous', 'easing': 'linear', 'step': 0.0}]}, '_default_settings': ['type', 'text', 'color', 'font_size', 'font_name', 'animations'], 'x': None, 'y': None, 'anchor_x': 'center', 'anchor_y': 'center', 'round_anchor_x': None, 'round_anchor_y': None, 'opacity': 1.0, 'z': 0, 'reset_animations_events': {}, 'style': [], 'adjust_top': 0, 'adjust_bottom': 0, 'adjust_left': 0, 'adjust_right': 0, 'expire': None, 'key': None, 'widget': None, 'events_when_added': [], 'events_when_removed': [], 'bitmap_font': False, 'font_kerning': True, 'bold': False, 'italic': False, 'number_grouping': False, 'min_digits': 0, 'halign': 'center', 'valign': 'middle', 'rotation': 0, 'scale': 1.0, 'casing': None, 'outline_color': [1.0, 1.0, 1.0, 1.0], 'outline_width': 0}, {'type': 'image', 'image': 'mansionv2', '_default_settings': ['type', 'image'], 'x': None, 'y': None, 'anchor_x': 'center', 'anchor_y': 'center', 'round_anchor_x': None, 'round_anchor_y': None, 'opacity': 1.0, 'z': 0, 'reset_animations_events': {}, 'color': [1.0, 1.0, 1.0, 1.0], 'style': [], 'adjust_top': 0, 'adjust_bottom': 0, 'adjust_left': 0, 'adjust_right': 0, 'expire': None, 'key': None, 'widget': None, 'events_when_added': [], 'events_when_removed': [], 'fps': 10, 'loops': -1, 'auto_play': True, 'start_frame': 0, 'rotation': 0, 'scale': 1.0, 'animations': None}], 'transition': {'type': 'fade', 'duration': 1.0}, 'target': None, 'background_color': [0.0, 0.0, 0.0, 1.0], 'priority': None, 'show': True, 'force': False, 'expire': None, 'slide': None, 'tokens': {}, 'action': 'play'}}, 'context': 'show_7', 'calling_context': 1, 'priority': 10, 'show_tokens': {}, 'start_time': 32.465846}
2025-07-06 14:28:32,246 : EventManager : Event: ======'slide_press_start_removed'====== Args={}
2025-07-06 14:28:32,250 : EventManager : Event: ======'slide_press_start_created'====== Args={}
2025-07-06 14:28:32,258 : EventManager : Event: ======'slide_press_start_active'====== Args={}
2025-07-06 14:28:40,249 : EventManager : Event: ======'slides_play'====== Args={'settings': {'last_game_score_slide': {'widgets': [{'type': 'text', 'text': 'LAST GAME', 'color': [1.0, 0.8549019607843137, 0.5098039215686274, 1], 'font_size': 42, 'font_name': 'CinzelDecorative-Black', 'anchor_x': 'left', '_default_settings': ['type', 'text', 'color', 'font_size', 'font_name', 'anchor_x'], 'x': None, 'y': None, 'anchor_y': 'center', 'round_anchor_x': None, 'round_anchor_y': None, 'opacity': 1.0, 'z': 0, 'reset_animations_events': {}, 'style': [], 'adjust_top': 0, 'adjust_bottom': 0, 'adjust_left': 0, 'adjust_right': 0, 'expire': None, 'key': None, 'widget': None, 'events_when_added': [], 'events_when_removed': [], 'bitmap_font': False, 'font_kerning': True, 'bold': False, 'italic': False, 'number_grouping': False, 'min_digits': 0, 'halign': 'center', 'valign': 'middle', 'rotation': 0, 'scale': 1.0, 'casing': None, 'outline_color': [1.0, 1.0, 1.0, 1.0], 'outline_width': 0, 'animations': None}, {'type': 'text', 'text': '(machine|player1_score)', 'number_grouping': True, 'min_digits': 2, 'color': [1.0, 0.8549019607843137, 0.5098039215686274, 1], 'font_size': 42, 'font_name': 'CinzelDecorative-Black', 'anchor_x': 'left', '_default_settings': ['type', 'text', 'number_grouping', 'min_digits', 'color', 'font_size', 'font_name', 'anchor_x'], 'x': None, 'y': None, 'anchor_y': 'center', 'round_anchor_x': None, 'round_anchor_y': None, 'opacity': 1.0, 'z': 0, 'reset_animations_events': {}, 'style': [], 'adjust_top': 0, 'adjust_bottom': 0, 'adjust_left': 0, 'adjust_right': 0, 'expire': None, 'key': None, 'widget': None, 'events_when_added': [], 'events_when_removed': [], 'bitmap_font': False, 'font_kerning': True, 'bold': False, 'italic': False, 'halign': 'center', 'valign': 'middle', 'rotation': 0, 'scale': 1.0, 'casing': None, 'outline_color': [1.0, 1.0, 1.0, 1.0], 'outline_width': 0, 'animations': None}, {'type': 'image', 'image': 'mansionv2', '_default_settings': ['type', 'image'], 'x': None, 'y': None, 'anchor_x': 'center', 'anchor_y': 'center', 'round_anchor_x': None, 'round_anchor_y': None, 'opacity': 1.0, 'z': 0, 'reset_animations_events': {}, 'color': [1.0, 1.0, 1.0, 1.0], 'style': [], 'adjust_top': 0, 'adjust_bottom': 0, 'adjust_left': 0, 'adjust_right': 0, 'expire': None, 'key': None, 'widget': None, 'events_when_added': [], 'events_when_removed': [], 'fps': 10, 'loops': -1, 'auto_play': True, 'start_frame': 0, 'rotation': 0, 'scale': 1.0, 'animations': None}], 'target': None, 'background_color': [0.0, 0.0, 0.0, 1.0], 'priority': None, 'show': True, 'force': False, 'expire': None, 'slide': None, 'tokens': {}, 'action': 'play'}}, 'context': 'show_7', 'calling_context': 2, 'priority': 10, 'show_tokens': {}, 'start_time': 40.465846}
2025-07-06 14:28:40,250 : EventManager : Event: ======'slide_last_game_score_slide_removed'====== Args={}
2025-07-06 14:28:40,254 : EventManager : Event: ======'slide_last_game_score_slide_created'====== Args={}
2025-07-06 14:28:40,254 : EventManager : Unordered handler for class <Text Widget text=00> on event machine_var_player1_score with priority 1. Handlers: [RegisteredHandler(callback=<bound method Text._machine_var_change of <Text Widget text=00>>, priority=1, kwargs={}, key=UUID('a5ec5fa5-0e2d-4d2c-a3c0-43b0dd95b851'), condition=None, blocking_facility=None), RegisteredHandler(callback=<bound method Text._machine_var_change of <Text Widget text=00>>, priority=1, kwargs={}, key=UUID('b23966a1-d89e-40c5-9249-8db879a496f4'), condition=None, blocking_facility=None)]. The order of those handlers is not defined and they will be executed in random order. This might lead to race conditions and potential bugs.
2025-07-06 14:28:40,255 : EventManager : Event: ======'slide_last_game_score_slide_active'====== Args={}
2025-07-06 14:28:43,255 : EventManager : Event: ======'slides_play'====== Args={'settings': {'awesome_slide': {'widgets': [{'type': 'image', 'image': 'af_bg', '_default_settings': ['type', 'image'], 'x': None, 'y': None, 'anchor_x': 'center', 'anchor_y': 'center', 'round_anchor_x': None, 'round_anchor_y': None, 'opacity': 1.0, 'z': 0, 'reset_animations_events': {}, 'color': [1.0, 1.0, 1.0, 1.0], 'style': [], 'adjust_top': 0, 'adjust_bottom': 0, 'adjust_left': 0, 'adjust_right': 0, 'expire': None, 'key': None, 'widget': None, 'events_when_added': [], 'events_when_removed': [], 'fps': 10, 'loops': -1, 'auto_play': True, 'start_frame': 0, 'rotation': 0, 'scale': 1.0, 'animations': None}], 'transition': {'type': 'fade', 'duration': 1.0}, 'target': None, 'background_color': [0.0, 0.0, 0.0, 1.0], 'priority': None, 'show': True, 'force': False, 'expire': None, 'slide': None, 'tokens': {}, 'action': 'play'}}, 'context': 'show_7', 'calling_context': 0, 'priority': 10, 'show_tokens': {}, 'start_time': 43.465846}
2025-07-06 14:28:43,256 : EventManager : Event: ======'slide_awesome_slide_removed'====== Args={}
2025-07-06 14:28:43,258 : EventManager : Event: ======'slide_awesome_slide_created'====== Args={}
2025-07-06 14:28:43,266 : EventManager : Event: ======'slide_awesome_slide_active'====== Args={}
2025-07-06 14:28:46,250 : EventManager : Event: ======'slides_play'====== Args={'settings': {'press_start': {'widgets': [{'type': 'Text', 'text': 'PRESS START', 'color': [1.0, 1.0, 1.0, 1], 'font_size': 80, 'font_name': 'CinzelDecorative-Black', 'animations': {'pre_show_slide': [{'property': ['opacity'], 'value': ['0'], 'duration': 0.5, 'relative': False, 'timing': 'after_previous', 'repeat': False, 'easing': 'linear', 'step': 0.0}, {'property': ['opacity'], 'value': ['1'], 'duration': 1.0, 'relative': False, 'timing': 'after_previous', 'repeat': False, 'easing': 'linear', 'step': 0.0}, {'property': ['opacity'], 'value': ['0'], 'duration': 0.5, 'repeat': True, 'relative': False, 'timing': 'after_previous', 'easing': 'linear', 'step': 0.0}]}, '_default_settings': ['type', 'text', 'color', 'font_size', 'font_name', 'animations'], 'x': None, 'y': None, 'anchor_x': 'center', 'anchor_y': 'center', 'round_anchor_x': None, 'round_anchor_y': None, 'opacity': 1.0, 'z': 0, 'reset_animations_events': {}, 'style': [], 'adjust_top': 0, 'adjust_bottom': 0, 'adjust_left': 0, 'adjust_right': 0, 'expire': None, 'key': None, 'widget': None, 'events_when_added': [], 'events_when_removed': [], 'bitmap_font': False, 'font_kerning': True, 'bold': False, 'italic': False, 'number_grouping': False, 'min_digits': 0, 'halign': 'center', 'valign': 'middle', 'rotation': 0, 'scale': 1.0, 'casing': None, 'outline_color': [1.0, 1.0, 1.0, 1.0], 'outline_width': 0}, {'type': 'image', 'image': 'mansionv2', '_default_settings': ['type', 'image'], 'x': None, 'y': None, 'anchor_x': 'center', 'anchor_y': 'center', 'round_anchor_x': None, 'round_anchor_y': None, 'opacity': 1.0, 'z': 0, 'reset_animations_events': {}, 'color': [1.0, 1.0, 1.0, 1.0], 'style': [], 'adjust_top': 0, 'adjust_bottom': 0, 'adjust_left': 0, 'adjust_right': 0, 'expire': None, 'key': None, 'widget': None, 'events_when_added': [], 'events_when_removed': [], 'fps': 10, 'loops': -1, 'auto_play': True, 'start_frame': 0, 'rotation': 0, 'scale': 1.0, 'animations': None}], 'transition': {'type': 'fade', 'duration': 1.0}, 'target': None, 'background_color': [0.0, 0.0, 0.0, 1.0], 'priority': None, 'show': True, 'force': False, 'expire': None, 'slide': None, 'tokens': {}, 'action': 'play'}}, 'context': 'show_7', 'calling_context': 1, 'priority': 10, 'show_tokens': {}, 'start_time': 46.465846}
2025-07-06 14:28:46,251 : EventManager : Event: ======'slide_press_start_removed'====== Args={}
2025-07-06 14:28:46,256 : EventManager : Event: ======'slide_press_start_created'====== Args={}
2025-07-06 14:28:46,265 : EventManager : Event: ======'slide_press_start_active'====== Args={}
2025-07-06 14:28:47,846 : EventManager : Event: ======'game_started'====== Args={}
2025-07-06 14:28:47,847 : EventManager : Event: ======'slides_clear'====== Args={'context': 'show_7'}
2025-07-06 14:28:47,847 : EventManager : Event: ======'sounds_clear'====== Args={'context': 'attract'}
2025-07-06 14:28:47,847 : EventManager : Event: ======'player_added'====== Args={'player': <Player 1>, 'num': 1}
2025-07-06 14:28:47,847 : EventManager : Event: ======'player_index'====== Args={'value': 0, 'prev_value': 0, 'change': 0, 'player_num': 1}
2025-07-06 14:28:47,847 : EventManager : Event: ======'player_number'====== Args={'value': 1, 'prev_value': 1, 'change': 0, 'player_num': 1}
2025-07-06 14:28:47,847 : EventManager : Event: ======'player_score'====== Args={'value': 0, 'prev_value': 0, 'change': 0, 'player_num': 1}
2025-07-06 14:28:47,847 : EventManager : Event: ======'slide_last_game_score_slide_removed'====== Args={}
2025-07-06 14:28:47,848 : EventManager : Event: ======'slide_awesome_slide_removed'====== Args={}
2025-07-06 14:28:47,848 : EventManager : Event: ======'slide_press_start_removed'====== Args={}
2025-07-06 14:28:47,848 : EventManager : Event: ======'slide_window_blank_active'====== Args={}
2025-07-06 14:28:47,860 : EventManager : Event: ======'player_ball'====== Args={'value': 1, 'prev_value': 0, 'change': 1, 'player_num': 1}
2025-07-06 14:28:47,860 : EventManager : Event: ======'player_turn_start'====== Args={'number': 1, 'player': <Player 1>}
2025-07-06 14:28:47,860 : EventManager : Event: ======'player_shot_my_first_shot_enabled'====== Args={'value': True, 'prev_value': 0, 'change': 1, 'player_num': 1}
2025-07-06 14:28:47,860 : EventManager : Event: ======'slides_play'====== Args={'settings': {'widgets': {'widgets': [{'type': 'text', 'text': '(score)', 'number_grouping': True, 'min_digits': 2, 'font_size': 200, 'font_name': 'MetalMania-Regular.ttf', '_default_settings': ['type', 'text', 'number_grouping', 'min_digits', 'font_size', 'font_name'], 'x': None, 'y': None, 'anchor_x': 'center', 'anchor_y': 'center', 'round_anchor_x': None, 'round_anchor_y': None, 'opacity': 1.0, 'z': 0, 'reset_animations_events': {}, 'color': [1.0, 1.0, 1.0, 1.0], 'style': [], 'adjust_top': 0, 'adjust_bottom': 0, 'adjust_left': 0, 'adjust_right': 0, 'expire': None, 'key': None, 'widget': None, 'events_when_added': [], 'events_when_removed': [], 'bitmap_font': False, 'font_kerning': True, 'bold': False, 'italic': False, 'halign': 'center', 'valign': 'middle', 'rotation': 0, 'scale': 1.0, 'casing': None, 'outline_color': [1.0, 1.0, 1.0, 1.0], 'outline_width': 0, 'animations': None}, {'type': 'text', 'text': 'PLAYER (number)', 'y': '10', 'x': '10', 'font_size': 50, 'font_name': 'MetalMania-Regular.ttf', 'anchor_x': 'left', 'anchor_y': 'bottom', '_default_settings': ['type', 'text', 'y', 'x', 'font_size', 'font_name', 'anchor_x', 'anchor_y'], 'round_anchor_x': None, 'round_anchor_y': None, 'opacity': 1.0, 'z': 0, 'reset_animations_events': {}, 'color': [1.0, 1.0, 1.0, 1.0], 'style': [], 'adjust_top': 0, 'adjust_bottom': 0, 'adjust_left': 0, 'adjust_right': 0, 'expire': None, 'key': None, 'widget': None, 'events_when_added': [], 'events_when_removed': [], 'bitmap_font': False, 'font_kerning': True, 'bold': False, 'italic': False, 'number_grouping': False, 'min_digits': 0, 'halign': 'center', 'valign': 'middle', 'rotation': 0, 'scale': 1.0, 'casing': None, 'outline_color': [1.0, 1.0, 1.0, 1.0], 'outline_width': 0, 'animations': None}, {'type': 'text', 'text': 'BALL (ball)', 'y': '10', 'x': 'right-10', 'anchor_x': 'right', 'anchor_y': 'bottom', 'font_size': 50, 'font_name': 'MetalMania-Regular.ttf', '_default_settings': ['type', 'text', 'y', 'x', 'anchor_x', 'anchor_y', 'font_size', 'font_name'], 'round_anchor_x': None, 'round_anchor_y': None, 'opacity': 1.0, 'z': 0, 'reset_animations_events': {}, 'color': [1.0, 1.0, 1.0, 1.0], 'style': [], 'adjust_top': 0, 'adjust_bottom': 0, 'adjust_left': 0, 'adjust_right': 0, 'expire': None, 'key': None, 'widget': None, 'events_when_added': [], 'events_when_removed': [], 'bitmap_font': False, 'font_kerning': True, 'bold': False, 'italic': False, 'number_grouping': False, 'min_digits': 0, 'halign': 'center', 'valign': 'middle', 'rotation': 0, 'scale': 1.0, 'casing': None, 'outline_color': [1.0, 1.0, 1.0, 1.0], 'outline_width': 0, 'animations': None}, {'type': 'image', 'image': 'gy_v3', 'x': 'center', 'y': 'middle', '_default_settings': ['type', 'image', 'x', 'y'], 'anchor_x': 'center', 'anchor_y': 'center', 'round_anchor_x': None, 'round_anchor_y': None, 'opacity': 1.0, 'z': 0, 'reset_animations_events': {}, 'color': [1.0, 1.0, 1.0, 1.0], 'style': [], 'adjust_top': 0, 'adjust_bottom': 0, 'adjust_left': 0, 'adjust_right': 0, 'expire': None, 'key': None, 'widget': None, 'events_when_added': [], 'events_when_removed': [], 'fps': 10, 'loops': -1, 'auto_play': True, 'start_frame': 0, 'rotation': 0, 'scale': 1.0, 'animations': None}], 'target': None, 'background_color': [0.0, 0.0, 0.0, 1.0], 'priority': None, 'show': True, 'force': False, 'expire': None, 'slide': None, 'tokens': {}, 'action': 'play'}}, 'context': 'base', 'calling_context': 'mode_base_started', 'priority': 100, 'queue': '<QueuedEvent>', 'player': 1, 'ball': 1, 'balls_remaining': 2, 'is_extra_ball': False}
2025-07-06 14:28:47,860 : EventManager : Event: ======'sounds_play'====== Args={'settings': {'music_startuplong': {'action': 'stop', 'fade_out': 0.0, 'priority': None, 'block': False, 'delay': None, 'track': None, 'volume': None, 'ducking': {}, 'pan': None, 'loops': None, 'start_at': None, 'fade_in': None, 'about_to_finish_time': -1.0, 'max_queue_time': -1.0, 'events_when_played': ['use_sound_setting'], 'events_when_stopped': ['use_sound_setting'], 'events_when_looping': ['use_sound_setting'], 'events_when_about_to_finish': ['use_sound_setting'], 'mode_end_action': 'use_sound_setting', 'key': 'use_sound_setting'}, 'music_prelaunch': {'action': 'play', 'priority': None, 'block': False, 'delay': None, 'track': None, 'volume': None, 'ducking': {}, 'pan': None, 'loops': None, 'start_at': None, 'fade_in': None, 'fade_out': None, 'about_to_finish_time': -1.0, 'max_queue_time': -1.0, 'events_when_played': ['use_sound_setting'], 'events_when_stopped': ['use_sound_setting'], 'events_when_looping': ['use_sound_setting'], 'events_when_about_to_finish': ['use_sound_setting'], 'mode_end_action': 'use_sound_setting', 'key': 'use_sound_setting'}}, 'context': 'base', 'calling_context': 'mode_base_started', 'priority': 100, 'queue': '<QueuedEvent>', 'player': 1, 'ball': 1, 'balls_remaining': 2, 'is_extra_ball': False}
2025-07-06 14:28:47,867 : EventManager : Event: ======'slide_base.slide_player-mode_base_started_created'====== Args={}
2025-07-06 14:28:47,869 : EventManager : Event: ======'slide_base.slide_player-mode_base_started_active'====== Args={}
2025-07-06 14:28:47,880 : EventManager : Event: ======'loading_assets'====== Args={'total': 2, 'loaded': 1, 'remaining': 1, 'percent': 50}
2025-07-06 14:28:47,881 : AssetManager : Loading assets: 1/2 (50%)
2025-07-06 14:28:47,881 : EventManager : Event: ======'loading_assets'====== Args={'total': 2, 'loaded': 2, 'remaining': 0, 'percent': 100}
2025-07-06 14:28:47,881 : AssetManager : Asset loading took: 47.050883054733276
2025-07-06 14:28:47,881 : EventManager : Event: ======'asset_loading_complete'====== Args={}
2025-07-06 14:28:47,881 : AssetManager : Loading assets: 2/2 (100%)
2025-07-06 14:28:49,661 : EventManager : Event: ======'machine_var_audits_switches_s_right_inlane'====== Args={'value': 83, 'prev_value': 82, 'change': 1}
2025-07-06 14:28:49,661 : EventManager : Event: ======'sounds_play'====== Args={'settings': {'dragon_roost': {'action': 'play', 'priority': None, 'block': False, 'delay': None, 'track': None, 'volume': None, 'ducking': {}, 'pan': None, 'loops': None, 'start_at': None, 'fade_in': None, 'fade_out': None, 'about_to_finish_time': -1.0, 'max_queue_time': -1.0, 'events_when_played': ['use_sound_setting'], 'events_when_stopped': ['use_sound_setting'], 'events_when_looping': ['use_sound_setting'], 'events_when_about_to_finish': ['use_sound_setting'], 'mode_end_action': 'use_sound_setting', 'key': 'use_sound_setting'}, 'music_prelaunch': {'action': 'stop', 'fade_out': 1.0, 'priority': None, 'block': False, 'delay': None, 'track': None, 'volume': None, 'ducking': {}, 'pan': None, 'loops': None, 'start_at': None, 'fade_in': None, 'about_to_finish_time': -1.0, 'max_queue_time': -1.0, 'events_when_played': ['use_sound_setting'], 'events_when_stopped': ['use_sound_setting'], 'events_when_looping': ['use_sound_setting'], 'events_when_about_to_finish': ['use_sound_setting'], 'mode_end_action': 'use_sound_setting', 'key': 'use_sound_setting'}}, 'context': 'base', 'calling_context': 'playfield_active', 'priority': 100, 'source': 'my_first_shot'}
2025-07-06 14:28:49,661 : EventManager : Event: ======'player_shot_my_first_shot'====== Args={'value': 1, 'prev_value': 0, 'change': 1, 'player_num': 1}
2025-07-06 14:28:49,661 : EventManager : Event: ======'machine_var_audits_shots_my_first_shot'====== Args={'value': 1, 'prev_value': None, 'change': True}
2025-07-06 14:28:49,661 : EventManager : Event: ======'sounds_play'====== Args={'settings': {'dragon_roost': {'action': 'play', 'priority': None, 'block': False, 'delay': None, 'track': None, 'volume': None, 'ducking': {}, 'pan': None, 'loops': None, 'start_at': None, 'fade_in': None, 'fade_out': None, 'about_to_finish_time': -1.0, 'max_queue_time': -1.0, 'events_when_played': ['use_sound_setting'], 'events_when_stopped': ['use_sound_setting'], 'events_when_looping': ['use_sound_setting'], 'events_when_about_to_finish': ['use_sound_setting'], 'mode_end_action': 'use_sound_setting', 'key': 'use_sound_setting'}, 'music_prelaunch': {'action': 'stop', 'fade_out': 1.0, 'priority': None, 'block': False, 'delay': None, 'track': None, 'volume': None, 'ducking': {}, 'pan': None, 'loops': None, 'start_at': None, 'fade_in': None, 'about_to_finish_time': -1.0, 'max_queue_time': -1.0, 'events_when_played': ['use_sound_setting'], 'events_when_stopped': ['use_sound_setting'], 'events_when_looping': ['use_sound_setting'], 'events_when_about_to_finish': ['use_sound_setting'], 'mode_end_action': 'use_sound_setting', 'key': 'use_sound_setting'}}, 'context': 'base', 'calling_context': 'playfield_active', 'priority': 100, 'source': None}
2025-07-06 14:28:49,756 : EventManager : Event: ======'loading_assets'====== Args={'total': 1, 'loaded': 1, 'remaining': 0, 'percent': 100}
2025-07-06 14:28:49,756 : AssetManager : Asset loading took: 48.926450967788696
2025-07-06 14:28:49,756 : EventManager : Event: ======'asset_loading_complete'====== Args={}
2025-07-06 14:28:49,756 : AssetManager : Loading assets: 1/1 (100%)
2025-07-06 14:28:51,370 : EventManager : Event: ======'machine_var_audits_switches_s_right_inlane'====== Args={'value': 84, 'prev_value': 83, 'change': 1}
2025-07-06 14:28:51,371 : EventManager : Event: ======'machine_var_audits_shots_my_first_shot'====== Args={'value': 2, 'prev_value': 1, 'change': 1}
2025-07-06 14:28:56,782 : EventManager : Event: ======'machine_var_audits_switches_s_right_inlane'====== Args={'value': 85, 'prev_value': 84, 'change': 1}
2025-07-06 14:28:56,782 : EventManager : Event: ======'machine_var_audits_shots_my_first_shot'====== Args={'value': 3, 'prev_value': 2, 'change': 1}
2025-07-06 14:28:57,429 : EventManager : Event: ======'machine_var_audits_switches_s_right_inlane'====== Args={'value': 86, 'prev_value': 85, 'change': 1}
2025-07-06 14:28:57,429 : EventManager : Event: ======'machine_var_audits_shots_my_first_shot'====== Args={'value': 4, 'prev_value': 3, 'change': 1}
2025-07-06 14:28:58,973 : EventManager : Event: ======'machine_var_audits_switches_s_right_inlane'====== Args={'value': 87, 'prev_value': 86, 'change': 1}
2025-07-06 14:28:58,973 : EventManager : Event: ======'machine_var_audits_shots_my_first_shot'====== Args={'value': 5, 'prev_value': 4, 'change': 1}
2025-07-06 14:28:59,972 : EventManager : Event: ======'machine_var_audits_switches_s_right_outlane'====== Args={'value': 1, 'prev_value': 0, 'change': 1}
2025-07-06 14:29:04,366 : EventManager : Event: ======'machine_var_audits_switches_s_right_outlane'====== Args={'value': 2, 'prev_value': 1, 'change': 1}
2025-07-06 14:29:06,762 : EventManager : Event: ======'machine_var_audits_switches_s_right_outlane'====== Args={'value': 3, 'prev_value': 2, 'change': 1}
2025-07-06 14:29:28,616 : EventManager : Event: ======'machine_var_audits_switches_s_right_outlane'====== Args={'value': 4, 'prev_value': 3, 'change': 1}
2025-07-06 14:29:34,493 : EventManager : Event: ======'machine_var_audits_switches_s_left_inlane_1'====== Args={'value': 1, 'prev_value': 0, 'change': 1}
2025-07-06 14:29:41,748 : EventManager : Event: ======'machine_var_audits_switches_s_left_inlane_2'====== Args={'value': 1, 'prev_value': 0, 'change': 1}
2025-07-06 14:29:46,576 : EventManager : Event: ======'machine_var_audits_switches_s_left_outlane'====== Args={'value': 1, 'prev_value': 0, 'change': 1}
2025-07-06 14:29:49,507 : EventManager : Event: ======'machine_var_audits_switches_s_left_inlane_2'====== Args={'value': 2, 'prev_value': 1, 'change': 1}
2025-07-06 14:29:58,904 : EventManager : Event: ======'machine_var_audits_switches_s_target_g'====== Args={'value': 1, 'prev_value': 0, 'change': 1}
2025-07-06 15:01:21,741 : kivy : Base: Leaving application in progress...
2025-07-06 15:01:21,748 : mpfmc : Stopping...
2025-07-06 15:01:21,748 : EventManager : Event: ======'shutdown'====== Args={}
2025-07-06 15:01:21,749 : AudioInterface : Disabling audio playback
2025-07-06 15:01:21,805 : mpfmc : Loop rate 76.28 Hz
