2025-06-17 09:16:31,453 : INFO : root : Loading config.
2025-06-17 09:16:31,458 : INFO : YamlMultifileConfigLoader : Machine config file #1: config.yaml
2025-06-17 09:16:31,459 : INFO : ConfigProcessor : Loading config from cache: C:\Users\ruben\AppData\Local\Temp\a17888e5e1df298d67e07ada0b1bff4a.mpf_cache
2025-06-17 09:16:31,466 : WARNING : ConfigProcessor : Config file in cache changed: C:\pinball\my_machine\config\switches.yaml
2025-06-17 09:16:31,466 : INFO : ConfigProcessor : Loading config from file C:\Users\ruben\.local\pipx\venvs\mpf\lib\site-packages\mpf\mpfconfig.yaml.
2025-06-17 09:16:31,591 : INFO : ConfigProcessor : Loading config: C:\Users\ruben\.local\pipx\venvs\mpf\lib\site-packages\mpf\mpfconfig.yaml
2025-06-17 09:16:31,591 : INFO : ConfigProcessor : Loading config from file C:\pinball\my_machine\config\config.yaml.
2025-06-17 09:16:31,591 : INFO : ConfigProcessor : Loading config: C:\pinball\my_machine\config\config.yaml
2025-06-17 09:16:31,591 : INFO : ConfigProcessor : Loading config: C:\pinball\my_machine\config\hardware.yaml
2025-06-17 09:16:31,607 : INFO : ConfigProcessor : Loading config: C:\pinball\my_machine\config\switches.yaml
2025-06-17 09:16:31,623 : INFO : ConfigProcessor : Loading config: C:\pinball\my_machine\config\coils.yaml
2025-06-17 09:16:31,623 : INFO : ConfigProcessor : Loading config: C:\pinball\my_machine\config\devices.yaml
2025-06-17 09:16:31,638 : INFO : ConfigProcessor : Loading config: C:\pinball\my_machine\config\displays.yaml
2025-06-17 09:16:31,638 : INFO : ConfigProcessor : Loading config: C:\pinball\my_machine\config\slides.yaml
2025-06-17 09:16:31,638 : INFO : ConfigProcessor : Config file cache created: C:\Users\ruben\AppData\Local\Temp\a17888e5e1df298d67e07ada0b1bff4a.mpf_cache
2025-06-17 09:16:31,763 : INFO : ConfigProcessor : Loading config from cache: C:\Users\ruben\AppData\Local\Temp\67cf8ffee0fce2d4fcb5ef0bb894d8de.mpf_cache
2025-06-17 09:16:31,763 : INFO : ConfigProcessor : Loading config from cache: C:\Users\ruben\AppData\Local\Temp\25321780674732dcacb77a8f5b2a53cd.mpf_cache
2025-06-17 09:16:31,763 : INFO : ConfigProcessor : Loading config from cache: C:\Users\ruben\AppData\Local\Temp\195f66f1d07408d279921a878741edf5.mpf_cache
2025-06-17 09:16:31,763 : INFO : Machine : Mission Pinball Framework Core Engine v0.56.0
2025-06-17 09:16:31,763 : INFO : Machine : Command line arguments: {'no_load_cache': False, 'create_config_cache': True, 'bcp': True, 'configfile': ['config.yaml'], 'force_assets_load': False, 'jsonlogging': False, 'logfile': 'logs\\2025-06-17-09-16-31-mpf-DESKTOP-11MEIVG.log', 'pause': False, 'production': False, 'text_ui': True, 'loglevel': 15, 'consoleloglevel': 20, 'force_platform': None, 'syslog_address': None, 'mc_file_name': None, 'no_sound': False}
2025-06-17 09:16:31,763 : INFO : Machine : MPF path: C:\Users\ruben\.local\pipx\venvs\mpf\lib\site-packages\mpf
2025-06-17 09:16:31,763 : INFO : Machine : Machine path: C:\pinball\my_machine
2025-06-17 09:16:31,763 : INFO : Machine : Platform: win32
2025-06-17 09:16:31,763 : INFO : Machine : Python executable location: C:\Users\ruben\.local\pipx\venvs\mpf\Scripts\python.exe
2025-06-17 09:16:31,763 : INFO : Machine : Python version: 3.9.13 (64-bit)
2025-06-17 09:16:31,779 : INFO : Machine : Initialise MPF.
2025-06-17 09:16:32,025 : INFO : OPP : Connecting to com3 at 115200bps
2025-06-17 09:16:32,194 : INFO : OPP : Init of OPP board 1 done
2025-06-17 09:16:32,194 : INFO : OPP : Connecting to com4 at 115200bps
2025-06-17 09:16:32,289 : INFO : OPP : Init of OPP board 0 done
2025-06-17 09:16:32,290 : INFO : EventManager : Event: ======'machine_var_credits_string'====== Args={'value': 'FREE PLAY', 'prev_value': None, 'change': True}
2025-06-17 09:16:32,365 : INFO : EventManager : Event: ======'machine_var_master_volume'====== Args={'value': 0.5, 'prev_value': None, 'change': True}
2025-06-17 09:16:32,366 : INFO : EventManager : Event: ======'machine_var_player1_score'====== Args={'value': 0, 'prev_value': None, 'change': True}
2025-06-17 09:16:32,366 : INFO : EventManager : Event: ======'machine_var_mpf_version'====== Args={'value': 'MPF v0.56.0', 'prev_value': None, 'change': True}
2025-06-17 09:16:32,366 : INFO : EventManager : Event: ======'machine_var_mpf_extended_version'====== Args={'value': 'MPF v0.56.0, Config version:5, Show version: 5, BCP version:1.1', 'prev_value': None, 'change': True}
2025-06-17 09:16:32,366 : INFO : EventManager : Event: ======'machine_var_python_version'====== Args={'value': '3.9.13', 'prev_value': None, 'change': True}
2025-06-17 09:16:32,380 : INFO : EventManager : Event: ======'machine_var_platform'====== Args={'value': 'Windows-10-10.0.19045-SP0', 'prev_value': None, 'change': True}
2025-06-17 09:16:32,380 : INFO : EventManager : Event: ======'machine_var_platform_system'====== Args={'value': 'Windows', 'prev_value': None, 'change': True}
2025-06-17 09:16:32,380 : INFO : EventManager : Event: ======'machine_var_platform_release'====== Args={'value': '10', 'prev_value': None, 'change': True}
2025-06-17 09:16:32,381 : INFO : EventManager : Event: ======'machine_var_platform_version'====== Args={'value': '10.0.19045', 'prev_value': None, 'change': True}
2025-06-17 09:16:32,381 : INFO : EventManager : Event: ======'machine_var_platform_machine'====== Args={'value': 'AMD64', 'prev_value': None, 'change': True}
2025-06-17 09:16:32,381 : INFO : EventManager : Event: ======'init_phase_1'====== Args={}
2025-06-17 09:16:32,410 : INFO : EventManager : Event: ======'init_phase_2'====== Args={}
2025-06-17 09:16:32,415 : INFO : EventManager : Event: ======'bcp_connection_attempt'====== Args={'name': 'local_display', 'host': 'localhost', 'port': 5050}
2025-06-17 09:16:32,417 : INFO : BCPClientSocket : Connecting BCP to 'local_display' at localhost:5050...
2025-06-17 09:16:34,975 : INFO : BCPClientSocket : Connected BCP to 'local_display' localhost:5050
2025-06-17 09:16:34,976 : INFO : EventManager : Event: ======'bcp_clients_connected'====== Args={}
2025-06-17 09:16:34,986 : INFO : ball_device.bd_trough : BCH: Initial count: 0
2025-06-17 09:16:34,987 : INFO : EventManager : Event: ======'machine_var_mc_version'====== Args={'value': 'MPF-MC v0.56.1', 'prev_value': None, 'change': True}
2025-06-17 09:16:34,987 : INFO : EventManager : Event: ======'machine_var_mc_extended_version'====== Args={'value': 'MPF-MC v0.56.1 (config_version=5, BCP v1.1,                      Requires MPF API compatibility v0.56.0 or newer)', 'prev_value': None, 'change': True}
2025-06-17 09:16:34,990 : INFO : ball_device.bd_trough : State: idle
2025-06-17 09:16:35,028 : INFO : EventManager : Event: ======'init_phase_3'====== Args={}
2025-06-17 09:16:35,033 : INFO : EventManager : Event: ======'init_phase_4'====== Args={}
2025-06-17 09:16:35,034 : INFO : BallController : Initial balls found: 0
2025-06-17 09:16:35,036 : INFO : EventManager : Event: ======'machine_var_audits_events_game_ended'====== Args={'value': 50, 'prev_value': None, 'change': True}
2025-06-17 09:16:35,036 : INFO : EventManager : Event: ======'machine_var_audits_events_game_started'====== Args={'value': 98, 'prev_value': None, 'change': True}
2025-06-17 09:16:35,037 : INFO : EventManager : Event: ======'machine_var_audits_missing_switches_s_left_flipper'====== Args={'value': 8, 'prev_value': None, 'change': True}
2025-06-17 09:16:35,037 : INFO : EventManager : Event: ======'machine_var_audits_missing_switches_s_left_inlane1'====== Args={'value': 8, 'prev_value': None, 'change': True}
2025-06-17 09:16:35,037 : INFO : EventManager : Event: ======'machine_var_audits_missing_switches_s_left_inlane2'====== Args={'value': 8, 'prev_value': None, 'change': True}
2025-06-17 09:16:35,037 : INFO : EventManager : Event: ======'machine_var_audits_missing_switches_s_left_outlane'====== Args={'value': 9, 'prev_value': None, 'change': True}
2025-06-17 09:16:35,037 : INFO : EventManager : Event: ======'machine_var_audits_missing_switches_s_left_slingshot'====== Args={'value': 9, 'prev_value': None, 'change': True}
2025-06-17 09:16:35,038 : INFO : EventManager : Event: ======'machine_var_audits_missing_switches_s_pop1'====== Args={'value': 9, 'prev_value': None, 'change': True}
2025-06-17 09:16:35,038 : INFO : EventManager : Event: ======'machine_var_audits_missing_switches_s_pop2'====== Args={'value': 9, 'prev_value': None, 'change': True}
2025-06-17 09:16:35,038 : INFO : EventManager : Event: ======'machine_var_audits_missing_switches_s_pop3'====== Args={'value': 9, 'prev_value': None, 'change': True}
2025-06-17 09:16:35,038 : INFO : EventManager : Event: ======'machine_var_audits_missing_switches_s_pop4'====== Args={'value': 8, 'prev_value': None, 'change': True}
2025-06-17 09:16:35,038 : INFO : EventManager : Event: ======'machine_var_audits_missing_switches_s_pop5'====== Args={'value': 8, 'prev_value': None, 'change': True}
2025-06-17 09:16:35,039 : INFO : EventManager : Event: ======'machine_var_audits_missing_switches_s_right_inlane'====== Args={'value': 9, 'prev_value': None, 'change': True}
2025-06-17 09:16:35,039 : INFO : EventManager : Event: ======'machine_var_audits_missing_switches_s_right_outlane'====== Args={'value': 9, 'prev_value': None, 'change': True}
2025-06-17 09:16:35,039 : INFO : EventManager : Event: ======'machine_var_audits_missing_switches_s_right_slingshot'====== Args={'value': 9, 'prev_value': None, 'change': True}
2025-06-17 09:16:35,039 : INFO : EventManager : Event: ======'machine_var_audits_missing_switches_s_scoop_center'====== Args={'value': 8, 'prev_value': None, 'change': True}
2025-06-17 09:16:35,040 : INFO : EventManager : Event: ======'machine_var_audits_missing_switches_s_scoop_right'====== Args={'value': 9, 'prev_value': None, 'change': True}
2025-06-17 09:16:35,040 : INFO : EventManager : Event: ======'machine_var_audits_missing_switches_s_startButton'====== Args={'value': 9, 'prev_value': None, 'change': True}
2025-06-17 09:16:35,041 : INFO : EventManager : Event: ======'machine_var_audits_missing_switches_s_trough1'====== Args={'value': 9, 'prev_value': None, 'change': True}
2025-06-17 09:16:35,042 : INFO : EventManager : Event: ======'machine_var_audits_missing_switches_s_trough2'====== Args={'value': 9, 'prev_value': None, 'change': True}
2025-06-17 09:16:35,042 : INFO : EventManager : Event: ======'machine_var_audits_missing_switches_s_trough3'====== Args={'value': 9, 'prev_value': None, 'change': True}
2025-06-17 09:16:35,043 : INFO : EventManager : Event: ======'machine_var_audits_missing_switches_s_trough4'====== Args={'value': 9, 'prev_value': None, 'change': True}
2025-06-17 09:16:35,043 : INFO : EventManager : Event: ======'machine_var_audits_missing_switches_s_trough5'====== Args={'value': 8, 'prev_value': None, 'change': True}
2025-06-17 09:16:35,044 : INFO : EventManager : Event: ======'machine_var_audits_player_score'====== Args={'value': {'average': 0.0, 'top': [0, 0, 0, 0, 0, 0, 0, 0, 0, 0], 'total': 50}, 'prev_value': None, 'change': True}
2025-06-17 09:16:35,044 : INFO : EventManager : Event: ======'machine_var_audits_switches_s_drop_bank1'====== Args={'value': 140, 'prev_value': None, 'change': True}
2025-06-17 09:16:35,044 : INFO : EventManager : Event: ======'machine_var_audits_switches_s_left_flipper'====== Args={'value': 2280, 'prev_value': None, 'change': True}
2025-06-17 09:16:35,044 : INFO : EventManager : Event: ======'machine_var_audits_switches_s_left_inlane1'====== Args={'value': 1, 'prev_value': None, 'change': True}
2025-06-17 09:16:35,045 : INFO : EventManager : Event: ======'machine_var_audits_switches_s_left_inlane2'====== Args={'value': 1, 'prev_value': None, 'change': True}
2025-06-17 09:16:35,045 : INFO : EventManager : Event: ======'machine_var_audits_switches_s_left_outlane'====== Args={'value': 0, 'prev_value': None, 'change': True}
2025-06-17 09:16:35,045 : INFO : EventManager : Event: ======'machine_var_audits_switches_s_left_slingshot'====== Args={'value': 290, 'prev_value': None, 'change': True}
2025-06-17 09:16:35,046 : INFO : EventManager : Event: ======'machine_var_audits_switches_s_plunger'====== Args={'value': 5, 'prev_value': None, 'change': True}
2025-06-17 09:16:35,046 : INFO : EventManager : Event: ======'machine_var_audits_switches_s_pop1'====== Args={'value': 0, 'prev_value': None, 'change': True}
2025-06-17 09:16:35,046 : INFO : EventManager : Event: ======'machine_var_audits_switches_s_pop2'====== Args={'value': 0, 'prev_value': None, 'change': True}
2025-06-17 09:16:35,046 : INFO : EventManager : Event: ======'machine_var_audits_switches_s_pop3'====== Args={'value': 0, 'prev_value': None, 'change': True}
2025-06-17 09:16:35,047 : INFO : EventManager : Event: ======'machine_var_audits_switches_s_pop4'====== Args={'value': 1, 'prev_value': None, 'change': True}
2025-06-17 09:16:35,047 : INFO : EventManager : Event: ======'machine_var_audits_switches_s_pop5'====== Args={'value': 1, 'prev_value': None, 'change': True}
2025-06-17 09:16:35,047 : INFO : EventManager : Event: ======'machine_var_audits_switches_s_pop_bot'====== Args={'value': 426, 'prev_value': None, 'change': True}
2025-06-17 09:16:35,047 : INFO : EventManager : Event: ======'machine_var_audits_switches_s_pop_mid'====== Args={'value': 351, 'prev_value': None, 'change': True}
2025-06-17 09:16:35,048 : INFO : EventManager : Event: ======'machine_var_audits_switches_s_pop_top'====== Args={'value': 302, 'prev_value': None, 'change': True}
2025-06-17 09:16:35,048 : INFO : EventManager : Event: ======'machine_var_audits_switches_s_right_flipper'====== Args={'value': 2332, 'prev_value': None, 'change': True}
2025-06-17 09:16:35,048 : INFO : EventManager : Event: ======'machine_var_audits_switches_s_right_inlane'====== Args={'value': 57, 'prev_value': None, 'change': True}
2025-06-17 09:16:35,049 : INFO : EventManager : Event: ======'machine_var_audits_switches_s_right_outlane'====== Args={'value': 0, 'prev_value': None, 'change': True}
2025-06-17 09:16:35,049 : INFO : EventManager : Event: ======'machine_var_audits_switches_s_right_slingshot'====== Args={'value': 255, 'prev_value': None, 'change': True}
2025-06-17 09:16:35,049 : INFO : EventManager : Event: ======'machine_var_audits_switches_s_scoop_center'====== Args={'value': 1, 'prev_value': None, 'change': True}
2025-06-17 09:16:35,049 : INFO : EventManager : Event: ======'machine_var_audits_switches_s_scoop_lower'====== Args={'value': 220, 'prev_value': None, 'change': True}
2025-06-17 09:16:35,050 : INFO : EventManager : Event: ======'machine_var_audits_switches_s_scoop_right'====== Args={'value': 0, 'prev_value': None, 'change': True}
2025-06-17 09:16:35,050 : INFO : EventManager : Event: ======'machine_var_audits_switches_s_shooter_lane'====== Args={'value': 8, 'prev_value': None, 'change': True}
2025-06-17 09:16:35,050 : INFO : EventManager : Event: ======'machine_var_audits_switches_s_startButton'====== Args={'value': 34, 'prev_value': None, 'change': True}
2025-06-17 09:16:35,051 : INFO : EventManager : Event: ======'machine_var_audits_switches_s_trough1'====== Args={'value': 303, 'prev_value': None, 'change': True}
2025-06-17 09:16:35,051 : INFO : EventManager : Event: ======'machine_var_audits_switches_s_trough2'====== Args={'value': 1, 'prev_value': None, 'change': True}
2025-06-17 09:16:35,051 : INFO : EventManager : Event: ======'machine_var_audits_switches_s_trough3'====== Args={'value': 1, 'prev_value': None, 'change': True}
2025-06-17 09:16:35,052 : INFO : EventManager : Event: ======'machine_var_audits_switches_s_trough4'====== Args={'value': 1, 'prev_value': None, 'change': True}
2025-06-17 09:16:35,052 : INFO : EventManager : Event: ======'machine_var_audits_switches_s_trough5'====== Args={'value': 1, 'prev_value': None, 'change': True}
2025-06-17 09:16:35,054 : INFO : EventManager : Event: ======'init_phase_5'====== Args={}
2025-06-17 09:16:35,058 : INFO : EventManager : Event: ======'init_done'====== Args={}
2025-06-17 09:16:35,059 : INFO : EventManager : Event: ======'machine_reset_phase_1'====== Args={}
2025-06-17 09:16:35,066 : INFO : EventManager : Event: ======'slide_welcome_slide_removed'====== Args={'_from_bcp': True}
2025-06-17 09:16:35,070 : INFO : EventManager : Event: ======'slide_welcome_slide_created'====== Args={'_from_bcp': True}
2025-06-17 09:16:35,072 : INFO : EventManager : Event: ======'machine_reset_phase_2'====== Args={}
2025-06-17 09:16:35,073 : INFO : EventManager : Event: ======'machine_reset_phase_3'====== Args={}
2025-06-17 09:16:35,075 : INFO : EventManager : Event: ======'slide_welcome_slide_active'====== Args={'_from_bcp': True}
2025-06-17 09:16:35,079 : INFO : EventManager : Event: ======'reset_complete'====== Args={}
2025-06-17 09:16:35,080 : INFO : EventManager : Event: ======'mode_attract_will_start'====== Args={}
2025-06-17 09:16:35,081 : INFO : EventManager : Event: ======'mode_attract_starting'====== Args={}
2025-06-17 09:16:35,081 : INFO : Mode.attract : Started. Priority: 10
2025-06-17 09:16:35,081 : INFO : EventManager : Event: ======'modes_active_modes_changed'====== Args={}
2025-06-17 09:16:35,082 : INFO : EventManager : Event: ======'mode_attract_started'====== Args={}
2025-06-17 09:16:35,082 : INFO : EventManager : Event: ======'collecting_balls_complete'====== Args={}
2025-06-17 09:16:35,095 : INFO : Machine : Starting the main run loop.
2025-06-17 09:16:35,096 : INFO : EventManager : Event: ======'slide_attract_started_created'====== Args={'_from_bcp': True}
2025-06-17 09:16:35,097 : INFO : EventManager : Event: ======'slide_attract_started_active'====== Args={'_from_bcp': True}
2025-06-17 09:16:38,380 : INFO : SwitchController : <<<<<<< 's_startButton' active >>>>>>>
2025-06-17 09:16:38,460 : INFO : SwitchController : <<<<<<< 's_startButton' inactive >>>>>>>
2025-06-17 09:16:38,461 : INFO : EventManager : Event: ======'request_to_start_game'====== Args={}
2025-06-17 09:16:38,461 : INFO : BallController : Known balls: 0
2025-06-17 09:16:38,461 : INFO : BallController : bd_trough contains 0 balls. Tags ['trough', 'home', 'drain']
2025-06-17 09:16:38,461 : INFO : BallController : playfield contains 0 balls. Tags ['default']
2025-06-17 09:16:38,462 : WARNING : BallController : BallController denies game start. Not enough balls. 0 found. 1 required
2025-06-17 09:16:38,462 : INFO : BallController : Triggering ball search.
2025-06-17 09:16:38,673 : INFO : SwitchController : <<<<<<< 's_startButton' active >>>>>>>
2025-06-17 09:16:38,689 : INFO : SwitchController : <<<<<<< 's_startButton' inactive >>>>>>>
2025-06-17 09:16:38,690 : INFO : EventManager : Event: ======'request_to_start_game'====== Args={}
2025-06-17 09:16:38,691 : INFO : BallController : Known balls: 0
2025-06-17 09:16:38,691 : INFO : BallController : bd_trough contains 0 balls. Tags ['trough', 'home', 'drain']
2025-06-17 09:16:38,691 : INFO : BallController : playfield contains 0 balls. Tags ['default']
2025-06-17 09:16:38,691 : WARNING : BallController : BallController denies game start. Not enough balls. 0 found. 1 required
2025-06-17 09:16:38,691 : INFO : BallController : Triggering ball search.
2025-06-17 09:16:38,818 : INFO : SwitchController : <<<<<<< 's_startButton' active >>>>>>>
2025-06-17 09:16:38,904 : INFO : SwitchController : <<<<<<< 's_startButton' inactive >>>>>>>
2025-06-17 09:16:38,904 : INFO : EventManager : Event: ======'request_to_start_game'====== Args={}
2025-06-17 09:16:38,905 : INFO : BallController : Known balls: 0
2025-06-17 09:16:38,905 : INFO : BallController : bd_trough contains 0 balls. Tags ['trough', 'home', 'drain']
2025-06-17 09:16:38,905 : INFO : BallController : playfield contains 0 balls. Tags ['default']
2025-06-17 09:16:38,905 : WARNING : BallController : BallController denies game start. Not enough balls. 0 found. 1 required
2025-06-17 09:16:38,905 : INFO : BallController : Triggering ball search.
2025-06-17 09:16:39,018 : INFO : SwitchController : <<<<<<< 's_startButton' active >>>>>>>
2025-06-17 09:16:39,096 : INFO : SwitchController : <<<<<<< 's_startButton' inactive >>>>>>>
2025-06-17 09:16:39,097 : INFO : EventManager : Event: ======'request_to_start_game'====== Args={}
2025-06-17 09:16:39,097 : INFO : BallController : Known balls: 0
2025-06-17 09:16:39,097 : INFO : BallController : bd_trough contains 0 balls. Tags ['trough', 'home', 'drain']
2025-06-17 09:16:39,097 : INFO : BallController : playfield contains 0 balls. Tags ['default']
2025-06-17 09:16:39,097 : WARNING : BallController : BallController denies game start. Not enough balls. 0 found. 1 required
2025-06-17 09:16:39,098 : INFO : BallController : Triggering ball search.
2025-06-17 09:16:39,177 : INFO : SwitchController : <<<<<<< 's_startButton' active >>>>>>>
2025-06-17 09:16:39,268 : INFO : SwitchController : <<<<<<< 's_startButton' inactive >>>>>>>
2025-06-17 09:16:39,269 : INFO : EventManager : Event: ======'request_to_start_game'====== Args={}
2025-06-17 09:16:39,269 : INFO : BallController : Known balls: 0
2025-06-17 09:16:39,269 : INFO : BallController : bd_trough contains 0 balls. Tags ['trough', 'home', 'drain']
2025-06-17 09:16:39,269 : INFO : BallController : playfield contains 0 balls. Tags ['default']
2025-06-17 09:16:39,269 : WARNING : BallController : BallController denies game start. Not enough balls. 0 found. 1 required
2025-06-17 09:16:39,270 : INFO : BallController : Triggering ball search.
2025-06-17 09:16:39,364 : INFO : SwitchController : <<<<<<< 's_startButton' active >>>>>>>
2025-06-17 09:16:39,441 : INFO : SwitchController : <<<<<<< 's_startButton' inactive >>>>>>>
2025-06-17 09:16:39,442 : INFO : EventManager : Event: ======'request_to_start_game'====== Args={}
2025-06-17 09:16:39,442 : INFO : BallController : Known balls: 0
2025-06-17 09:16:39,442 : INFO : BallController : bd_trough contains 0 balls. Tags ['trough', 'home', 'drain']
2025-06-17 09:16:39,442 : INFO : BallController : playfield contains 0 balls. Tags ['default']
2025-06-17 09:16:39,442 : WARNING : BallController : BallController denies game start. Not enough balls. 0 found. 1 required
2025-06-17 09:16:39,442 : INFO : BallController : Triggering ball search.
2025-06-17 09:16:39,541 : INFO : SwitchController : <<<<<<< 's_startButton' active >>>>>>>
2025-06-17 09:16:39,629 : INFO : SwitchController : <<<<<<< 's_startButton' inactive >>>>>>>
2025-06-17 09:16:39,629 : INFO : EventManager : Event: ======'request_to_start_game'====== Args={}
2025-06-17 09:16:39,630 : INFO : BallController : Known balls: 0
2025-06-17 09:16:39,630 : INFO : BallController : bd_trough contains 0 balls. Tags ['trough', 'home', 'drain']
2025-06-17 09:16:39,630 : INFO : BallController : playfield contains 0 balls. Tags ['default']
2025-06-17 09:16:39,630 : WARNING : BallController : BallController denies game start. Not enough balls. 0 found. 1 required
2025-06-17 09:16:39,630 : INFO : BallController : Triggering ball search.
2025-06-17 09:16:39,739 : INFO : SwitchController : <<<<<<< 's_startButton' active >>>>>>>
2025-06-17 09:16:39,802 : INFO : SwitchController : <<<<<<< 's_startButton' inactive >>>>>>>
2025-06-17 09:16:39,803 : INFO : EventManager : Event: ======'request_to_start_game'====== Args={}
2025-06-17 09:16:39,804 : INFO : BallController : Known balls: 0
2025-06-17 09:16:39,804 : INFO : BallController : bd_trough contains 0 balls. Tags ['trough', 'home', 'drain']
2025-06-17 09:16:39,804 : INFO : BallController : playfield contains 0 balls. Tags ['default']
2025-06-17 09:16:39,805 : WARNING : BallController : BallController denies game start. Not enough balls. 0 found. 1 required
2025-06-17 09:16:39,805 : INFO : BallController : Triggering ball search.
2025-06-17 09:16:39,925 : INFO : SwitchController : <<<<<<< 's_startButton' active >>>>>>>
2025-06-17 09:16:40,002 : INFO : SwitchController : <<<<<<< 's_startButton' inactive >>>>>>>
2025-06-17 09:16:40,002 : INFO : EventManager : Event: ======'request_to_start_game'====== Args={}
2025-06-17 09:16:40,003 : INFO : BallController : Known balls: 0
2025-06-17 09:16:40,003 : INFO : BallController : bd_trough contains 0 balls. Tags ['trough', 'home', 'drain']
2025-06-17 09:16:40,003 : INFO : BallController : playfield contains 0 balls. Tags ['default']
2025-06-17 09:16:40,003 : WARNING : BallController : BallController denies game start. Not enough balls. 0 found. 1 required
2025-06-17 09:16:40,003 : INFO : BallController : Triggering ball search.
2025-06-17 09:16:40,410 : INFO : SwitchController : <<<<<<< 's_left_slingshot' active >>>>>>>
2025-06-17 09:16:40,410 : INFO : EventManager : Event: ======'playfield_active'====== Args={}
2025-06-17 09:16:40,410 : INFO : EventManager : Event: ======'unexpected_ball_on_playfield'====== Args={}
2025-06-17 09:16:40,431 : INFO : SwitchController : <<<<<<< 's_left_slingshot' inactive >>>>>>>
2025-06-17 09:16:40,584 : INFO : SwitchController : <<<<<<< 's_left_slingshot' active >>>>>>>
2025-06-17 09:16:40,584 : INFO : EventManager : Event: ======'playfield_active'====== Args={}
2025-06-17 09:16:40,585 : INFO : EventManager : Event: ======'unexpected_ball_on_playfield'====== Args={}
2025-06-17 09:16:40,644 : INFO : SwitchController : <<<<<<< 's_left_slingshot' inactive >>>>>>>
2025-06-17 09:16:40,787 : INFO : SwitchController : <<<<<<< 's_left_slingshot' active >>>>>>>
2025-06-17 09:16:40,788 : INFO : EventManager : Event: ======'playfield_active'====== Args={}
2025-06-17 09:16:40,788 : INFO : EventManager : Event: ======'unexpected_ball_on_playfield'====== Args={}
2025-06-17 09:16:40,815 : INFO : SwitchController : <<<<<<< 's_left_slingshot' inactive >>>>>>>
2025-06-17 09:16:40,959 : INFO : SwitchController : <<<<<<< 's_left_slingshot' active >>>>>>>
2025-06-17 09:16:40,959 : INFO : EventManager : Event: ======'playfield_active'====== Args={}
2025-06-17 09:16:40,959 : INFO : EventManager : Event: ======'unexpected_ball_on_playfield'====== Args={}
2025-06-17 09:16:41,019 : INFO : SwitchController : <<<<<<< 's_left_slingshot' inactive >>>>>>>
2025-06-17 09:16:41,175 : INFO : SwitchController : <<<<<<< 's_left_slingshot' active >>>>>>>
2025-06-17 09:16:41,176 : INFO : EventManager : Event: ======'playfield_active'====== Args={}
2025-06-17 09:16:41,176 : INFO : EventManager : Event: ======'unexpected_ball_on_playfield'====== Args={}
2025-06-17 09:16:41,223 : INFO : SwitchController : <<<<<<< 's_left_slingshot' inactive >>>>>>>
2025-06-17 09:16:41,339 : INFO : SwitchController : <<<<<<< 's_left_slingshot' active >>>>>>>
2025-06-17 09:16:41,339 : INFO : EventManager : Event: ======'playfield_active'====== Args={}
2025-06-17 09:16:41,340 : INFO : EventManager : Event: ======'unexpected_ball_on_playfield'====== Args={}
2025-06-17 09:16:41,396 : INFO : SwitchController : <<<<<<< 's_left_slingshot' inactive >>>>>>>
2025-06-17 09:16:42,524 : INFO : SwitchController : <<<<<<< 's_left_flipper' active >>>>>>>
2025-06-17 09:16:42,646 : INFO : SwitchController : <<<<<<< 's_left_flipper' inactive >>>>>>>
2025-06-17 09:16:42,741 : INFO : SwitchController : <<<<<<< 's_left_flipper' active >>>>>>>
2025-06-17 09:16:42,789 : INFO : SwitchController : <<<<<<< 's_left_flipper' inactive >>>>>>>
2025-06-17 09:16:42,892 : INFO : SwitchController : <<<<<<< 's_left_flipper' active >>>>>>>
2025-06-17 09:16:43,009 : INFO : SwitchController : <<<<<<< 's_left_flipper' inactive >>>>>>>
2025-06-17 09:16:43,074 : INFO : SwitchController : <<<<<<< 's_left_flipper' active >>>>>>>
2025-06-17 09:16:43,191 : INFO : SwitchController : <<<<<<< 's_left_flipper' inactive >>>>>>>
2025-06-17 09:16:43,280 : INFO : SwitchController : <<<<<<< 's_left_flipper' active >>>>>>>
2025-06-17 09:16:43,400 : INFO : SwitchController : <<<<<<< 's_left_flipper' inactive >>>>>>>
2025-06-17 09:16:45,962 : INFO : Machine : Shutting down...
2025-06-17 09:16:45,962 : INFO : EventManager : Event: ======'shutdown'====== Args={}
2025-06-17 09:16:45,968 : ERROR : OPP : Stop called on serial connection com3
2025-06-17 09:16:45,974 : ERROR : OPP : Stop called on serial connection com4
2025-06-17 09:16:45,974 : ERROR : asyncio : Exception in callback Util.raise_exceptions(<Task finishe...ection lost')>) at C:\Users\ruben\.local\pipx\venvs\mpf\lib\site-packages\mpf\core\utility_functions.py:759
handle: <Handle Util.raise_exceptions(<Task finishe...ection lost')>) at C:\Users\ruben\.local\pipx\venvs\mpf\lib\site-packages\mpf\core\utility_functions.py:759>
Traceback (most recent call last):
  File "C:\Users\ruben\AppData\Local\Programs\Python\Python39\lib\asyncio\events.py", line 80, in _run
    self._context.run(self._callback, *self._args)
  File "C:\Users\ruben\.local\pipx\venvs\mpf\lib\site-packages\mpf\core\utility_functions.py", line 767, in raise_exceptions
    future.result()
  File "C:\Users\ruben\.local\pipx\venvs\mpf\lib\site-packages\mpf\platforms\opp\opp.py", line 965, in _poll_sender
    await self.opp_connection[chain_serial].writer.drain()
  File "C:\Users\ruben\AppData\Local\Programs\Python\Python39\lib\asyncio\streams.py", line 387, in drain
    await self._protocol._drain_helper()
  File "C:\Users\ruben\AppData\Local\Programs\Python\Python39\lib\asyncio\streams.py", line 190, in _drain_helper
    raise ConnectionResetError('Connection lost')
ConnectionResetError: Connection lost
2025-06-17 09:16:46,246 : WARNING : OPP : Poll took more than 250.0ms for 0
2025-06-17 09:16:46,246 : ERROR : asyncio : Exception in callback Util.raise_exceptions(<Task finishe...ute 'write'")>) at C:\Users\ruben\.local\pipx\venvs\mpf\lib\site-packages\mpf\core\utility_functions.py:759
handle: <Handle Util.raise_exceptions(<Task finishe...ute 'write'")>) at C:\Users\ruben\.local\pipx\venvs\mpf\lib\site-packages\mpf\core\utility_functions.py:759>
Traceback (most recent call last):
  File "C:\Users\ruben\AppData\Local\Programs\Python\Python39\lib\asyncio\events.py", line 80, in _run
    self._context.run(self._callback, *self._args)
  File "C:\Users\ruben\.local\pipx\venvs\mpf\lib\site-packages\mpf\core\utility_functions.py", line 767, in raise_exceptions
    future.result()
  File "C:\Users\ruben\.local\pipx\venvs\mpf\lib\site-packages\mpf\platforms\opp\opp.py", line 964, in _poll_sender
    self.send_to_processor(chain_serial, self.read_input_msg[chain_serial])
  File "C:\Users\ruben\.local\pipx\venvs\mpf\lib\site-packages\mpf\platforms\opp\opp.py", line 345, in send_to_processor
    self.opp_connection[chain_serial].send(msg)
  File "C:\Users\ruben\.local\pipx\venvs\mpf\lib\site-packages\mpf\platforms\base_serial_communicator.py", line 160, in send
    self.writer.write(msg)
AttributeError: 'NoneType' object has no attribute 'write'
2025-06-17 09:16:46,248 : INFO : root : MPF run loop ended.
