2025-06-17 05:18:48,887 : INFO : root : Loading config.
2025-06-17 05:18:48,903 : INFO : YamlMultifileConfigLoader : Machine config file #1: config.yaml
2025-06-17 05:18:48,903 : INFO : ConfigProcessor : Loading config from cache: C:\Users\ruben\AppData\Local\Temp\a17888e5e1df298d67e07ada0b1bff4a.mpf_cache
2025-06-17 05:18:48,923 : WARNING : ConfigProcessor : Config file in cache changed: C:\pinball\my_machine\config\coils.yaml
2025-06-17 05:18:48,923 : INFO : ConfigProcessor : Loading config from file C:\Users\ruben\.local\pipx\venvs\mpf\lib\site-packages\mpf\mpfconfig.yaml.
2025-06-17 05:18:49,055 : INFO : ConfigProcessor : Loading config: C:\Users\ruben\.local\pipx\venvs\mpf\lib\site-packages\mpf\mpfconfig.yaml
2025-06-17 05:18:49,055 : INFO : ConfigProcessor : Loading config from file C:\pinball\my_machine\config\config.yaml.
2025-06-17 05:18:49,073 : INFO : ConfigProcessor : Loading config: C:\pinball\my_machine\config\config.yaml
2025-06-17 05:18:49,076 : INFO : ConfigProcessor : Loading config: C:\pinball\my_machine\config\hardware.yaml
2025-06-17 05:18:49,086 : INFO : ConfigProcessor : Loading config: C:\pinball\my_machine\config\switches.yaml
2025-06-17 05:18:49,097 : INFO : ConfigProcessor : Loading config: C:\pinball\my_machine\config\coils.yaml
2025-06-17 05:18:49,105 : INFO : ConfigProcessor : Loading config: C:\pinball\my_machine\config\devices.yaml
2025-06-17 05:18:49,105 : INFO : ConfigProcessor : Loading config: C:\pinball\my_machine\config\displays.yaml
2025-06-17 05:18:49,121 : INFO : ConfigProcessor : Loading config: C:\pinball\my_machine\config\slides.yaml
2025-06-17 05:18:49,121 : INFO : ConfigProcessor : Config file cache created: C:\Users\ruben\AppData\Local\Temp\a17888e5e1df298d67e07ada0b1bff4a.mpf_cache
2025-06-17 05:18:49,251 : INFO : ConfigProcessor : Loading config from cache: C:\Users\ruben\AppData\Local\Temp\67cf8ffee0fce2d4fcb5ef0bb894d8de.mpf_cache
2025-06-17 05:18:49,251 : INFO : ConfigProcessor : Loading config from cache: C:\Users\ruben\AppData\Local\Temp\25321780674732dcacb77a8f5b2a53cd.mpf_cache
2025-06-17 05:18:49,251 : INFO : ConfigProcessor : Loading config from cache: C:\Users\ruben\AppData\Local\Temp\195f66f1d07408d279921a878741edf5.mpf_cache
2025-06-17 05:18:49,251 : INFO : Machine : Mission Pinball Framework Core Engine v0.56.0
2025-06-17 05:18:49,251 : INFO : Machine : Command line arguments: {'no_load_cache': False, 'create_config_cache': True, 'bcp': True, 'configfile': ['config.yaml'], 'force_assets_load': False, 'jsonlogging': False, 'logfile': 'logs\\2025-06-17-05-18-48-mpf-DESKTOP-11MEIVG.log', 'pause': False, 'production': False, 'text_ui': True, 'loglevel': 15, 'consoleloglevel': 20, 'force_platform': None, 'syslog_address': None, 'mc_file_name': None, 'no_sound': False}
2025-06-17 05:18:49,251 : INFO : Machine : MPF path: C:\Users\ruben\.local\pipx\venvs\mpf\lib\site-packages\mpf
2025-06-17 05:18:49,251 : INFO : Machine : Machine path: C:\pinball\my_machine
2025-06-17 05:18:49,251 : INFO : Machine : Platform: win32
2025-06-17 05:18:49,251 : INFO : Machine : Python executable location: C:\Users\ruben\.local\pipx\venvs\mpf\Scripts\python.exe
2025-06-17 05:18:49,251 : INFO : Machine : Python version: 3.9.13 (64-bit)
2025-06-17 05:18:49,251 : INFO : Machine : Initialise MPF.
2025-06-17 05:18:49,620 : INFO : OPP : Connecting to com3 at 115200bps
2025-06-17 05:18:49,687 : INFO : OPP : Init of OPP board 1 done
2025-06-17 05:18:49,687 : INFO : OPP : Connecting to com4 at 115200bps
2025-06-17 05:18:49,864 : INFO : OPP : Init of OPP board 0 done
2025-06-17 05:18:49,865 : INFO : EventManager : Event: ======'machine_var_credits_string'====== Args={'value': 'FREE PLAY', 'prev_value': None, 'change': True}
2025-06-17 05:18:49,952 : INFO : EventManager : Event: ======'machine_var_master_volume'====== Args={'value': 0.5, 'prev_value': None, 'change': True}
2025-06-17 05:18:49,952 : INFO : EventManager : Event: ======'machine_var_player1_score'====== Args={'value': 0, 'prev_value': None, 'change': True}
2025-06-17 05:18:49,952 : INFO : EventManager : Event: ======'machine_var_mpf_version'====== Args={'value': 'MPF v0.56.0', 'prev_value': None, 'change': True}
2025-06-17 05:18:49,952 : INFO : EventManager : Event: ======'machine_var_mpf_extended_version'====== Args={'value': 'MPF v0.56.0, Config version:5, Show version: 5, BCP version:1.1', 'prev_value': None, 'change': True}
2025-06-17 05:18:49,952 : INFO : EventManager : Event: ======'machine_var_python_version'====== Args={'value': '3.9.13', 'prev_value': None, 'change': True}
2025-06-17 05:18:49,967 : INFO : EventManager : Event: ======'machine_var_platform'====== Args={'value': 'Windows-10-10.0.19045-SP0', 'prev_value': None, 'change': True}
2025-06-17 05:18:49,967 : INFO : EventManager : Event: ======'machine_var_platform_system'====== Args={'value': 'Windows', 'prev_value': None, 'change': True}
2025-06-17 05:18:49,967 : INFO : EventManager : Event: ======'machine_var_platform_release'====== Args={'value': '10', 'prev_value': None, 'change': True}
2025-06-17 05:18:49,967 : INFO : EventManager : Event: ======'machine_var_platform_version'====== Args={'value': '10.0.19045', 'prev_value': None, 'change': True}
2025-06-17 05:18:49,967 : INFO : EventManager : Event: ======'machine_var_platform_machine'====== Args={'value': 'AMD64', 'prev_value': None, 'change': True}
2025-06-17 05:18:49,967 : INFO : EventManager : Event: ======'init_phase_1'====== Args={}
2025-06-17 05:18:49,998 : INFO : EventManager : Event: ======'init_phase_2'====== Args={}
2025-06-17 05:18:50,003 : INFO : EventManager : Event: ======'bcp_connection_attempt'====== Args={'name': 'local_display', 'host': 'localhost', 'port': 5050}
2025-06-17 05:18:50,005 : INFO : BCPClientSocket : Connecting BCP to 'local_display' at localhost:5050...
2025-06-17 05:18:52,565 : INFO : BCPClientSocket : Connected BCP to 'local_display' localhost:5050
2025-06-17 05:18:52,566 : INFO : EventManager : Event: ======'bcp_clients_connected'====== Args={}
2025-06-17 05:18:52,575 : INFO : ball_device.bd_trough : BCH: Initial count: 0
2025-06-17 05:18:52,576 : INFO : ball_device.bd_trough : State: idle
2025-06-17 05:18:52,603 : INFO : EventManager : Event: ======'init_phase_3'====== Args={}
2025-06-17 05:18:52,607 : INFO : EventManager : Event: ======'machine_var_mc_version'====== Args={'value': 'MPF-MC v0.56.1', 'prev_value': None, 'change': True}
2025-06-17 05:18:52,607 : INFO : EventManager : Event: ======'machine_var_mc_extended_version'====== Args={'value': 'MPF-MC v0.56.1 (config_version=5, BCP v1.1,                      Requires MPF API compatibility v0.56.0 or newer)', 'prev_value': None, 'change': True}
2025-06-17 05:18:52,609 : INFO : EventManager : Event: ======'init_phase_4'====== Args={}
2025-06-17 05:18:52,634 : INFO : BallController : Initial balls found: 0
2025-06-17 05:18:52,636 : INFO : EventManager : Event: ======'machine_var_audits_events_game_ended'====== Args={'value': 50, 'prev_value': None, 'change': True}
2025-06-17 05:18:52,636 : INFO : EventManager : Event: ======'machine_var_audits_events_game_started'====== Args={'value': 98, 'prev_value': None, 'change': True}
2025-06-17 05:18:52,637 : INFO : EventManager : Event: ======'machine_var_audits_missing_switches_s_left_flipper'====== Args={'value': 8, 'prev_value': None, 'change': True}
2025-06-17 05:18:52,637 : INFO : EventManager : Event: ======'machine_var_audits_missing_switches_s_left_inlane1'====== Args={'value': 8, 'prev_value': None, 'change': True}
2025-06-17 05:18:52,637 : INFO : EventManager : Event: ======'machine_var_audits_missing_switches_s_left_inlane2'====== Args={'value': 8, 'prev_value': None, 'change': True}
2025-06-17 05:18:52,637 : INFO : EventManager : Event: ======'machine_var_audits_missing_switches_s_left_outlane'====== Args={'value': 9, 'prev_value': None, 'change': True}
2025-06-17 05:18:52,637 : INFO : EventManager : Event: ======'machine_var_audits_missing_switches_s_left_slingshot'====== Args={'value': 9, 'prev_value': None, 'change': True}
2025-06-17 05:18:52,638 : INFO : EventManager : Event: ======'machine_var_audits_missing_switches_s_pop1'====== Args={'value': 9, 'prev_value': None, 'change': True}
2025-06-17 05:18:52,638 : INFO : EventManager : Event: ======'machine_var_audits_missing_switches_s_pop2'====== Args={'value': 9, 'prev_value': None, 'change': True}
2025-06-17 05:18:52,638 : INFO : EventManager : Event: ======'machine_var_audits_missing_switches_s_pop3'====== Args={'value': 9, 'prev_value': None, 'change': True}
2025-06-17 05:18:52,638 : INFO : EventManager : Event: ======'machine_var_audits_missing_switches_s_pop4'====== Args={'value': 8, 'prev_value': None, 'change': True}
2025-06-17 05:18:52,638 : INFO : EventManager : Event: ======'machine_var_audits_missing_switches_s_pop5'====== Args={'value': 8, 'prev_value': None, 'change': True}
2025-06-17 05:18:52,639 : INFO : EventManager : Event: ======'machine_var_audits_missing_switches_s_right_inlane'====== Args={'value': 9, 'prev_value': None, 'change': True}
2025-06-17 05:18:52,639 : INFO : EventManager : Event: ======'machine_var_audits_missing_switches_s_right_outlane'====== Args={'value': 9, 'prev_value': None, 'change': True}
2025-06-17 05:18:52,639 : INFO : EventManager : Event: ======'machine_var_audits_missing_switches_s_right_slingshot'====== Args={'value': 9, 'prev_value': None, 'change': True}
2025-06-17 05:18:52,639 : INFO : EventManager : Event: ======'machine_var_audits_missing_switches_s_scoop_center'====== Args={'value': 8, 'prev_value': None, 'change': True}
2025-06-17 05:18:52,640 : INFO : EventManager : Event: ======'machine_var_audits_missing_switches_s_scoop_right'====== Args={'value': 9, 'prev_value': None, 'change': True}
2025-06-17 05:18:52,640 : INFO : EventManager : Event: ======'machine_var_audits_missing_switches_s_startButton'====== Args={'value': 9, 'prev_value': None, 'change': True}
2025-06-17 05:18:52,640 : INFO : EventManager : Event: ======'machine_var_audits_missing_switches_s_trough1'====== Args={'value': 9, 'prev_value': None, 'change': True}
2025-06-17 05:18:52,640 : INFO : EventManager : Event: ======'machine_var_audits_missing_switches_s_trough2'====== Args={'value': 9, 'prev_value': None, 'change': True}
2025-06-17 05:18:52,640 : INFO : EventManager : Event: ======'machine_var_audits_missing_switches_s_trough3'====== Args={'value': 9, 'prev_value': None, 'change': True}
2025-06-17 05:18:52,641 : INFO : EventManager : Event: ======'machine_var_audits_missing_switches_s_trough4'====== Args={'value': 9, 'prev_value': None, 'change': True}
2025-06-17 05:18:52,641 : INFO : EventManager : Event: ======'machine_var_audits_missing_switches_s_trough5'====== Args={'value': 8, 'prev_value': None, 'change': True}
2025-06-17 05:18:52,641 : INFO : EventManager : Event: ======'machine_var_audits_player_score'====== Args={'value': {'average': 0.0, 'top': [0, 0, 0, 0, 0, 0, 0, 0, 0, 0], 'total': 50}, 'prev_value': None, 'change': True}
2025-06-17 05:18:52,642 : INFO : EventManager : Event: ======'machine_var_audits_switches_s_drop_bank1'====== Args={'value': 140, 'prev_value': None, 'change': True}
2025-06-17 05:18:52,642 : INFO : EventManager : Event: ======'machine_var_audits_switches_s_left_flipper'====== Args={'value': 2280, 'prev_value': None, 'change': True}
2025-06-17 05:18:52,642 : INFO : EventManager : Event: ======'machine_var_audits_switches_s_left_inlane1'====== Args={'value': 1, 'prev_value': None, 'change': True}
2025-06-17 05:18:52,642 : INFO : EventManager : Event: ======'machine_var_audits_switches_s_left_inlane2'====== Args={'value': 1, 'prev_value': None, 'change': True}
2025-06-17 05:18:52,643 : INFO : EventManager : Event: ======'machine_var_audits_switches_s_left_outlane'====== Args={'value': 0, 'prev_value': None, 'change': True}
2025-06-17 05:18:52,643 : INFO : EventManager : Event: ======'machine_var_audits_switches_s_left_slingshot'====== Args={'value': 290, 'prev_value': None, 'change': True}
2025-06-17 05:18:52,643 : INFO : EventManager : Event: ======'machine_var_audits_switches_s_plunger'====== Args={'value': 5, 'prev_value': None, 'change': True}
2025-06-17 05:18:52,643 : INFO : EventManager : Event: ======'machine_var_audits_switches_s_pop1'====== Args={'value': 0, 'prev_value': None, 'change': True}
2025-06-17 05:18:52,644 : INFO : EventManager : Event: ======'machine_var_audits_switches_s_pop2'====== Args={'value': 0, 'prev_value': None, 'change': True}
2025-06-17 05:18:52,644 : INFO : EventManager : Event: ======'machine_var_audits_switches_s_pop3'====== Args={'value': 0, 'prev_value': None, 'change': True}
2025-06-17 05:18:52,646 : INFO : EventManager : Event: ======'machine_var_audits_switches_s_pop4'====== Args={'value': 1, 'prev_value': None, 'change': True}
2025-06-17 05:18:52,646 : INFO : EventManager : Event: ======'machine_var_audits_switches_s_pop5'====== Args={'value': 1, 'prev_value': None, 'change': True}
2025-06-17 05:18:52,647 : INFO : EventManager : Event: ======'machine_var_audits_switches_s_pop_bot'====== Args={'value': 426, 'prev_value': None, 'change': True}
2025-06-17 05:18:52,647 : INFO : EventManager : Event: ======'machine_var_audits_switches_s_pop_mid'====== Args={'value': 351, 'prev_value': None, 'change': True}
2025-06-17 05:18:52,647 : INFO : EventManager : Event: ======'machine_var_audits_switches_s_pop_top'====== Args={'value': 302, 'prev_value': None, 'change': True}
2025-06-17 05:18:52,648 : INFO : EventManager : Event: ======'machine_var_audits_switches_s_right_flipper'====== Args={'value': 2332, 'prev_value': None, 'change': True}
2025-06-17 05:18:52,648 : INFO : EventManager : Event: ======'machine_var_audits_switches_s_right_inlane'====== Args={'value': 57, 'prev_value': None, 'change': True}
2025-06-17 05:18:52,648 : INFO : EventManager : Event: ======'machine_var_audits_switches_s_right_outlane'====== Args={'value': 0, 'prev_value': None, 'change': True}
2025-06-17 05:18:52,649 : INFO : EventManager : Event: ======'machine_var_audits_switches_s_right_slingshot'====== Args={'value': 255, 'prev_value': None, 'change': True}
2025-06-17 05:18:52,649 : INFO : EventManager : Event: ======'machine_var_audits_switches_s_scoop_center'====== Args={'value': 1, 'prev_value': None, 'change': True}
2025-06-17 05:18:52,649 : INFO : EventManager : Event: ======'machine_var_audits_switches_s_scoop_lower'====== Args={'value': 220, 'prev_value': None, 'change': True}
2025-06-17 05:18:52,649 : INFO : EventManager : Event: ======'machine_var_audits_switches_s_scoop_right'====== Args={'value': 0, 'prev_value': None, 'change': True}
2025-06-17 05:18:52,650 : INFO : EventManager : Event: ======'machine_var_audits_switches_s_shooter_lane'====== Args={'value': 8, 'prev_value': None, 'change': True}
2025-06-17 05:18:52,650 : INFO : EventManager : Event: ======'machine_var_audits_switches_s_startButton'====== Args={'value': 34, 'prev_value': None, 'change': True}
2025-06-17 05:18:52,650 : INFO : EventManager : Event: ======'machine_var_audits_switches_s_trough1'====== Args={'value': 303, 'prev_value': None, 'change': True}
2025-06-17 05:18:52,651 : INFO : EventManager : Event: ======'machine_var_audits_switches_s_trough2'====== Args={'value': 1, 'prev_value': None, 'change': True}
2025-06-17 05:18:52,651 : INFO : EventManager : Event: ======'machine_var_audits_switches_s_trough3'====== Args={'value': 1, 'prev_value': None, 'change': True}
2025-06-17 05:18:52,652 : INFO : EventManager : Event: ======'machine_var_audits_switches_s_trough4'====== Args={'value': 1, 'prev_value': None, 'change': True}
2025-06-17 05:18:52,653 : INFO : EventManager : Event: ======'machine_var_audits_switches_s_trough5'====== Args={'value': 1, 'prev_value': None, 'change': True}
2025-06-17 05:18:52,655 : INFO : EventManager : Event: ======'init_phase_5'====== Args={}
2025-06-17 05:18:52,658 : INFO : EventManager : Event: ======'init_done'====== Args={}
2025-06-17 05:18:52,659 : INFO : EventManager : Event: ======'machine_reset_phase_1'====== Args={}
2025-06-17 05:18:52,673 : INFO : EventManager : Event: ======'slide_welcome_slide_removed'====== Args={'_from_bcp': True}
2025-06-17 05:18:52,678 : INFO : EventManager : Event: ======'slide_welcome_slide_created'====== Args={'_from_bcp': True}
2025-06-17 05:18:52,681 : INFO : EventManager : Event: ======'machine_reset_phase_2'====== Args={}
2025-06-17 05:18:52,682 : INFO : EventManager : Event: ======'slide_welcome_slide_active'====== Args={'_from_bcp': True}
2025-06-17 05:18:52,683 : INFO : EventManager : Event: ======'machine_reset_phase_3'====== Args={}
2025-06-17 05:18:52,690 : INFO : EventManager : Event: ======'reset_complete'====== Args={}
2025-06-17 05:18:52,691 : INFO : EventManager : Event: ======'mode_attract_will_start'====== Args={}
2025-06-17 05:18:52,692 : INFO : EventManager : Event: ======'mode_attract_starting'====== Args={}
2025-06-17 05:18:52,692 : INFO : Mode.attract : Started. Priority: 10
2025-06-17 05:18:52,692 : INFO : EventManager : Event: ======'modes_active_modes_changed'====== Args={}
2025-06-17 05:18:52,692 : INFO : EventManager : Event: ======'mode_attract_started'====== Args={}
2025-06-17 05:18:52,693 : INFO : EventManager : Event: ======'collecting_balls_complete'====== Args={}
2025-06-17 05:18:52,719 : INFO : EventManager : Event: ======'slide_attract_started_created'====== Args={'_from_bcp': True}
2025-06-17 05:18:52,719 : INFO : EventManager : Event: ======'slide_attract_started_active'====== Args={'_from_bcp': True}
2025-06-17 05:18:52,720 : INFO : Machine : Starting the main run loop.
2025-06-17 05:18:53,307 : INFO : SwitchController : <<<<<<< 's_right_flipper' active >>>>>>>
2025-06-17 05:18:53,415 : INFO : SwitchController : <<<<<<< 's_right_flipper' inactive >>>>>>>
2025-06-17 05:18:53,953 : INFO : SwitchController : <<<<<<< 's_left_flipper' active >>>>>>>
2025-06-17 05:18:54,091 : INFO : SwitchController : <<<<<<< 's_left_flipper' inactive >>>>>>>
2025-06-17 05:18:55,403 : INFO : SwitchController : <<<<<<< 's_right_flipper' active >>>>>>>
2025-06-17 05:18:55,517 : INFO : SwitchController : <<<<<<< 's_right_flipper' inactive >>>>>>>
2025-06-17 05:18:57,422 : INFO : SwitchController : <<<<<<< 's_right_flipper' active >>>>>>>
2025-06-17 05:18:57,555 : INFO : SwitchController : <<<<<<< 's_right_flipper' inactive >>>>>>>
2025-06-17 05:18:58,139 : INFO : SwitchController : <<<<<<< 's_left_flipper' active >>>>>>>
2025-06-17 05:18:58,306 : INFO : SwitchController : <<<<<<< 's_left_flipper' inactive >>>>>>>
2025-06-17 05:18:58,690 : INFO : SwitchController : <<<<<<< 's_right_flipper' active >>>>>>>
2025-06-17 05:18:58,821 : INFO : SwitchController : <<<<<<< 's_right_flipper' inactive >>>>>>>
2025-06-17 05:18:59,233 : INFO : SwitchController : <<<<<<< 's_right_flipper' active >>>>>>>
2025-06-17 05:18:59,387 : INFO : SwitchController : <<<<<<< 's_right_flipper' inactive >>>>>>>
2025-06-17 05:19:00,286 : INFO : SwitchController : <<<<<<< 's_left_flipper' active >>>>>>>
2025-06-17 05:19:00,460 : INFO : SwitchController : <<<<<<< 's_left_flipper' inactive >>>>>>>
2025-06-17 05:19:00,708 : INFO : SwitchController : <<<<<<< 's_right_flipper' active >>>>>>>
2025-06-17 05:19:00,801 : INFO : SwitchController : <<<<<<< 's_right_flipper' inactive >>>>>>>
2025-06-17 05:19:01,503 : INFO : SwitchController : <<<<<<< 's_left_flipper' active >>>>>>>
2025-06-17 05:19:01,625 : INFO : SwitchController : <<<<<<< 's_left_flipper' inactive >>>>>>>
2025-06-17 05:19:02,551 : INFO : SwitchController : <<<<<<< 's_right_flipper' active >>>>>>>
2025-06-17 05:19:02,669 : INFO : SwitchController : <<<<<<< 's_right_flipper' inactive >>>>>>>
2025-06-17 05:19:03,060 : INFO : SwitchController : <<<<<<< 's_right_flipper' active >>>>>>>
2025-06-17 05:19:03,171 : INFO : SwitchController : <<<<<<< 's_right_flipper' inactive >>>>>>>
2025-06-17 05:19:20,763 : INFO : SwitchController : <<<<<<< 's_right_flipper' active >>>>>>>
2025-06-17 05:19:20,855 : INFO : SwitchController : <<<<<<< 's_right_flipper' inactive >>>>>>>
2025-06-17 05:19:21,081 : INFO : SwitchController : <<<<<<< 's_right_flipper' active >>>>>>>
2025-06-17 05:19:21,144 : INFO : SwitchController : <<<<<<< 's_right_flipper' inactive >>>>>>>
2025-06-17 05:20:28,144 : INFO : SwitchController : <<<<<<< 's_left_flipper' active >>>>>>>
2025-06-17 05:20:28,345 : INFO : SwitchController : <<<<<<< 's_left_flipper' inactive >>>>>>>
2025-06-17 08:21:01,240 : ERROR : asyncio : Exception in callback SerialTransport._poll_read()
handle: <TimerHandle when=76374.34349999999 SerialTransport._poll_read()>
Traceback (most recent call last):
  File "C:\Users\ruben\AppData\Local\Programs\Python\Python39\lib\asyncio\events.py", line 80, in _run
    self._context.run(self._callback, *self._args)
  File "C:\Users\ruben\.local\pipx\venvs\mpf\lib\site-packages\serial_asyncio\__init__.py", line 275, in _poll_read
    if self.serial.in_waiting:
  File "C:\Users\ruben\.local\pipx\venvs\mpf\lib\site-packages\serial\serialwin32.py", line 259, in in_waiting
    raise SerialException("ClearCommError failed ({!r})".format(ctypes.WinError()))
serial.serialutil.SerialException: ClearCommError failed (PermissionError(13, 'The device does not recognize the command.', None, 22))
2025-06-17 08:21:01,519 : ERROR : asyncio : Exception in callback SerialTransport._call_connection_lost(SerialExcepti..., None, 22))"))
handle: <Handle SerialTransport._call_connection_lost(SerialExcepti..., None, 22))"))>
Traceback (most recent call last):
  File "C:\Users\ruben\AppData\Local\Programs\Python\Python39\lib\asyncio\events.py", line 80, in _run
    self._context.run(self._callback, *self._args)
  File "C:\Users\ruben\.local\pipx\venvs\mpf\lib\site-packages\serial_asyncio\__init__.py", line 390, in _call_connection_lost
    self._serial.flush()
  File "C:\Users\ruben\.local\pipx\venvs\mpf\lib\site-packages\serial\serialwin32.py", line 345, in flush
    while self.out_waiting:
  File "C:\Users\ruben\.local\pipx\venvs\mpf\lib\site-packages\serial\serialwin32.py", line 447, in out_waiting
    raise SerialException("ClearCommError failed ({!r})".format(ctypes.WinError()))
serial.serialutil.SerialException: ClearCommError failed (PermissionError(13, 'The device does not recognize the command.', None, 22))
2025-06-17 08:21:01,541 : INFO : Machine : Shutting down...
2025-06-17 08:21:01,541 : INFO : EventManager : Event: ======'shutdown'====== Args={}
2025-06-17 08:21:01,544 : WARNING : OPP : Poll took more than 250.0ms for 0
2025-06-17 08:21:01,546 : ERROR : OPP : Stop called on serial connection com3
2025-06-17 08:21:01,549 : ERROR : asyncio : Exception in callback SerialTransport._call_connection_lost(None)
handle: <Handle SerialTransport._call_connection_lost(None)>
Traceback (most recent call last):
  File "C:\Users\ruben\AppData\Local\Programs\Python\Python39\lib\asyncio\events.py", line 80, in _run
    self._context.run(self._callback, *self._args)
  File "C:\Users\ruben\.local\pipx\venvs\mpf\lib\site-packages\serial_asyncio\__init__.py", line 390, in _call_connection_lost
    self._serial.flush()
  File "C:\Users\ruben\.local\pipx\venvs\mpf\lib\site-packages\serial\serialwin32.py", line 345, in flush
    while self.out_waiting:
  File "C:\Users\ruben\.local\pipx\venvs\mpf\lib\site-packages\serial\serialwin32.py", line 447, in out_waiting
    raise SerialException("ClearCommError failed ({!r})".format(ctypes.WinError()))
serial.serialutil.SerialException: ClearCommError failed (PermissionError(13, 'The device does not recognize the command.', None, 22))
2025-06-17 08:26:42,174 : ERROR : root : Received second SIGINT. Will exit ungracefully!
NoneType: None
