2025-07-06 13:42:00,218 : INFO : root : Loading config.
2025-07-06 13:42:00,219 : INFO : YamlMultifileConfigLoader : Machine config file #1: config.yaml
2025-07-06 13:42:00,219 : INFO : ConfigProcessor : Loading config from cache: /var/folders/9g/7xjb17l959g1fnq4pjl5c5p80000gn/T/1941ac2cbc7f60a15b77e866ee64bff5.mpf_cache
2025-07-06 13:42:00,238 : INFO : ConfigProcessor : Loading config from cache: /var/folders/9g/7xjb17l959g1fnq4pjl5c5p80000gn/T/f574f59b1e0fcbb2258348220f26b9cc.mpf_cache
2025-07-06 13:42:00,238 : INFO : ConfigProcessor : Loading config from cache: /var/folders/9g/7xjb17l959g1fnq4pjl5c5p80000gn/T/edcc5f1d3215b377c9faab88c62e4ce0.mpf_cache
2025-07-06 13:42:00,238 : INFO : ConfigProcessor : Loading config from cache: /var/folders/9g/7xjb17l959g1fnq4pjl5c5p80000gn/T/174d451d321a0971202b746018364536.mpf_cache
2025-07-06 13:42:00,239 : INFO : ConfigProcessor : Loading config from cache: /var/folders/9g/7xjb17l959g1fnq4pjl5c5p80000gn/T/f574f59b1e0fcbb2258348220f26b9cc.mpf_cache
2025-07-06 13:42:00,239 : INFO : ConfigProcessor : Loading config from cache: /var/folders/9g/7xjb17l959g1fnq4pjl5c5p80000gn/T/eb471d6ccb0819d362663d6a8f2acf38.mpf_cache
2025-07-06 13:42:00,239 : INFO : ConfigProcessor : Loading config from cache: /var/folders/9g/7xjb17l959g1fnq4pjl5c5p80000gn/T/d59102b8edab9d29c936bc5103c31ce3.mpf_cache
2025-07-06 13:42:00,239 : INFO : ConfigProcessor : Loading config from cache: /var/folders/9g/7xjb17l959g1fnq4pjl5c5p80000gn/T/47fef8a1453daf1c032af9b266173dc7.mpf_cache
2025-07-06 13:42:00,239 : INFO : ConfigProcessor : Loading config from cache: /var/folders/9g/7xjb17l959g1fnq4pjl5c5p80000gn/T/099d4b18c0884da431b87dd690bf4c32.mpf_cache
2025-07-06 13:42:00,239 : INFO : ConfigProcessor : Loading config from cache: /var/folders/9g/7xjb17l959g1fnq4pjl5c5p80000gn/T/598981ad252bde5d57763e28fc8e8246.mpf_cache
2025-07-06 13:42:00,240 : INFO : ConfigProcessor : Loading config from cache: /var/folders/9g/7xjb17l959g1fnq4pjl5c5p80000gn/T/7d84a1dad0271550171325475a6e1af4.mpf_cache
2025-07-06 13:42:00,240 : INFO : ConfigProcessor : Loading config from cache: /var/folders/9g/7xjb17l959g1fnq4pjl5c5p80000gn/T/f238ae40b962a84c30d7301a20ca1dae.mpf_cache
2025-07-06 13:42:00,240 : INFO : ConfigProcessor : Loading config from cache: /var/folders/9g/7xjb17l959g1fnq4pjl5c5p80000gn/T/a93e216f51b341135614380ce5b2c95b.mpf_cache
2025-07-06 13:42:00,240 : INFO : ConfigProcessor : Loading config from cache: /var/folders/9g/7xjb17l959g1fnq4pjl5c5p80000gn/T/e915b2173a980311df13d8013999f00c.mpf_cache
2025-07-06 13:42:00,240 : INFO : ConfigProcessor : Loading config from cache: /var/folders/9g/7xjb17l959g1fnq4pjl5c5p80000gn/T/b77620ad9425e89373db73baff92c60d.mpf_cache
2025-07-06 13:42:00,240 : INFO : Machine : Mission Pinball Framework Core Engine v0.57.3
2025-07-06 13:42:00,240 : INFO : Machine : Command line arguments: {'no_load_cache': False, 'create_config_cache': True, 'bcp': True, 'configfile': ['config.yaml'], 'force_assets_load': False, 'platform_integration_test': False, 'jsonlogging': False, 'logfile': 'logs/2025-07-06-13-42-00-mpf-ruben.home.log', 'pause': False, 'production': False, 'text_ui': True, 'loglevel': 15, 'consoleloglevel': 20, 'force_platform': 'smart_virtual', 'syslog_address': None, 'mc_file_name': None, 'no_sound': False}
2025-07-06 13:42:00,240 : INFO : Machine : MPF path: /Library/Frameworks/Python.framework/Versions/3.9/lib/python3.9/site-packages/mpf
2025-07-06 13:42:00,241 : INFO : Machine : Machine path: /Users/ruben/Pinball/mpf-pinball
2025-07-06 13:42:00,241 : INFO : Machine : Platform: darwin
2025-07-06 13:42:00,241 : INFO : Machine : Python executable location: /Library/Frameworks/Python.framework/Versions/3.9/bin/python3.9
2025-07-06 13:42:00,241 : INFO : Machine : Python version: 3.9.13 (64-bit)
2025-07-06 13:42:00,241 : INFO : Machine : Initializing MPF...
2025-07-06 13:42:00,258 : INFO : EventManager : Event: ======'machine_var_credits_string'====== Args={'value': 'FREE PLAY', 'prev_value': None, 'change': True}
2025-07-06 13:42:00,277 : INFO : EventManager : Event: ======'machine_var_master_volume'====== Args={'value': 0.5, 'prev_value': None, 'change': True}
2025-07-06 13:42:00,277 : INFO : EventManager : Event: ======'machine_var_player1_score'====== Args={'value': 0, 'prev_value': None, 'change': True}
2025-07-06 13:42:00,277 : INFO : EventManager : Event: ======'machine_var_mpf_version'====== Args={'value': 'Mission Pinball Framework v0.57.3', 'prev_value': None, 'change': True}
2025-07-06 13:42:00,277 : INFO : EventManager : Event: ======'machine_var_mpf_extended_version'====== Args={'value': 'Mission Pinball Framework v0.57.3, Config version:6, Show version: 6, BCP version:1.1', 'prev_value': None, 'change': True}
2025-07-06 13:42:00,277 : INFO : EventManager : Event: ======'machine_var_python_version'====== Args={'value': '3.9.13', 'prev_value': None, 'change': True}
2025-07-06 13:42:00,287 : INFO : EventManager : Event: ======'machine_var_platform'====== Args={'value': 'macOS-15.5-arm64-arm-64bit', 'prev_value': None, 'change': True}
2025-07-06 13:42:00,287 : INFO : EventManager : Event: ======'machine_var_platform_system'====== Args={'value': 'Darwin', 'prev_value': None, 'change': True}
2025-07-06 13:42:00,287 : INFO : EventManager : Event: ======'machine_var_platform_release'====== Args={'value': '24.5.0', 'prev_value': None, 'change': True}
2025-07-06 13:42:00,287 : INFO : EventManager : Event: ======'machine_var_platform_version'====== Args={'value': 'Darwin Kernel Version 24.5.0: Tue Apr 22 19:54:49 PDT 2025; root:xnu-11417.121.6~2/RELEASE_ARM64_T6000', 'prev_value': None, 'change': True}
2025-07-06 13:42:00,287 : INFO : EventManager : Event: ======'machine_var_platform_machine'====== Args={'value': 'arm64', 'prev_value': None, 'change': True}
2025-07-06 13:42:00,287 : INFO : EventManager : Event: ======'init_phase_1'====== Args={}
2025-07-06 13:42:00,303 : INFO : EventManager : Event: ======'init_phase_2'====== Args={}
2025-07-06 13:42:00,306 : INFO : EventManager : Event: ======'bcp_connection_attempt'====== Args={'name': 'local_display', 'host': 'localhost', 'port': 5050}
2025-07-06 13:42:00,306 : INFO : BCPClientSocket : Connecting BCP to 'local_display' at localhost:5050...
2025-07-06 13:42:01,329 : INFO : BCPClientSocket : Connected BCP to 'local_display' localhost:5050
2025-07-06 13:42:01,329 : INFO : EventManager : Event: ======'bcp_clients_connected'====== Args={}
2025-07-06 13:42:01,330 : INFO : ball_device.bd_trough : BCH: Initial count: 0
2025-07-06 13:42:01,331 : INFO : ball_device.bd_trough : State: idle
2025-07-06 13:42:01,334 : INFO : EventManager : Event: ======'init_phase_3'====== Args={}
2025-07-06 13:42:01,338 : INFO : EventManager : Event: ======'init_phase_4'====== Args={}
2025-07-06 13:42:01,339 : INFO : EventManager : Event: ======'machine_var_mc_version'====== Args={'value': 'MPF-MC v0.57.1', 'prev_value': None, 'change': True}
2025-07-06 13:42:01,339 : INFO : EventManager : Event: ======'machine_var_mc_extended_version'====== Args={'value': 'MPF-MC v0.57.1 (config_version=6, BCP v1.1,                      Requires MPF API compatibility v0.57.0 or newer)', 'prev_value': None, 'change': True}
2025-07-06 13:42:01,344 : INFO : BallController : Initial balls found: 0
2025-07-06 13:42:01,345 : INFO : EventManager : Event: ======'machine_var_audits_events_game_ended'====== Args={'value': 53, 'prev_value': None, 'change': True}
2025-07-06 13:42:01,345 : INFO : EventManager : Event: ======'machine_var_audits_events_game_started'====== Args={'value': 147, 'prev_value': None, 'change': True}
2025-07-06 13:42:01,345 : INFO : EventManager : Event: ======'machine_var_audits_missing_switches_s_left_flipper'====== Args={'value': 47, 'prev_value': None, 'change': True}
2025-07-06 13:42:01,345 : INFO : EventManager : Event: ======'machine_var_audits_missing_switches_s_left_outlane'====== Args={'value': 10, 'prev_value': None, 'change': True}
2025-07-06 13:42:01,346 : INFO : EventManager : Event: ======'machine_var_audits_missing_switches_s_pop1'====== Args={'value': 58, 'prev_value': None, 'change': True}
2025-07-06 13:42:01,346 : INFO : EventManager : Event: ======'machine_var_audits_missing_switches_s_pop2'====== Args={'value': 58, 'prev_value': None, 'change': True}
2025-07-06 13:42:01,346 : INFO : EventManager : Event: ======'machine_var_audits_missing_switches_s_pop3'====== Args={'value': 58, 'prev_value': None, 'change': True}
2025-07-06 13:42:01,346 : INFO : EventManager : Event: ======'machine_var_audits_missing_switches_s_pop4'====== Args={'value': 47, 'prev_value': None, 'change': True}
2025-07-06 13:42:01,346 : INFO : EventManager : Event: ======'machine_var_audits_missing_switches_s_pop5'====== Args={'value': 1, 'prev_value': None, 'change': True}
2025-07-06 13:42:01,346 : INFO : EventManager : Event: ======'machine_var_audits_missing_switches_s_right_flipper'====== Args={'value': 46, 'prev_value': None, 'change': True}
2025-07-06 13:42:01,346 : INFO : EventManager : Event: ======'machine_var_audits_missing_switches_s_right_outlane'====== Args={'value': 10, 'prev_value': None, 'change': True}
2025-07-06 13:42:01,346 : INFO : EventManager : Event: ======'machine_var_audits_missing_switches_s_startButton'====== Args={'value': 37, 'prev_value': None, 'change': True}
2025-07-06 13:42:01,346 : INFO : EventManager : Event: ======'machine_var_audits_missing_switches_s_trough1'====== Args={'value': 40, 'prev_value': None, 'change': True}
2025-07-06 13:42:01,346 : INFO : EventManager : Event: ======'machine_var_audits_missing_switches_s_trough2'====== Args={'value': 10, 'prev_value': None, 'change': True}
2025-07-06 13:42:01,346 : INFO : EventManager : Event: ======'machine_var_audits_missing_switches_s_trough3'====== Args={'value': 10, 'prev_value': None, 'change': True}
2025-07-06 13:42:01,347 : INFO : EventManager : Event: ======'machine_var_audits_missing_switches_s_trough4'====== Args={'value': 10, 'prev_value': None, 'change': True}
2025-07-06 13:42:01,347 : INFO : EventManager : Event: ======'machine_var_audits_missing_switches_s_trough5'====== Args={'value': 9, 'prev_value': None, 'change': True}
2025-07-06 13:42:01,347 : INFO : EventManager : Event: ======'machine_var_audits_player_score'====== Args={'value': {'average': 0, 'top': [0, 0, 0, 0, 0, 0, 0, 0, 0, 0], 'total': 53}, 'prev_value': None, 'change': True}
2025-07-06 13:42:01,347 : INFO : EventManager : Event: ======'machine_var_audits_switches_s_drop_bank1'====== Args={'value': 140, 'prev_value': None, 'change': True}
2025-07-06 13:42:01,347 : INFO : EventManager : Event: ======'machine_var_audits_switches_s_left_flipper'====== Args={'value': 2284, 'prev_value': None, 'change': True}
2025-07-06 13:42:01,347 : INFO : EventManager : Event: ======'machine_var_audits_switches_s_left_inlane1'====== Args={'value': 2, 'prev_value': None, 'change': True}
2025-07-06 13:42:01,347 : INFO : EventManager : Event: ======'machine_var_audits_switches_s_left_inlane2'====== Args={'value': 2, 'prev_value': None, 'change': True}
2025-07-06 13:42:01,348 : INFO : EventManager : Event: ======'machine_var_audits_switches_s_left_outlane'====== Args={'value': 0, 'prev_value': None, 'change': True}
2025-07-06 13:42:01,348 : INFO : EventManager : Event: ======'machine_var_audits_switches_s_left_slingshot'====== Args={'value': 405, 'prev_value': None, 'change': True}
2025-07-06 13:42:01,348 : INFO : EventManager : Event: ======'machine_var_audits_switches_s_plunger'====== Args={'value': 5, 'prev_value': None, 'change': True}
2025-07-06 13:42:01,348 : INFO : EventManager : Event: ======'machine_var_audits_switches_s_pop1'====== Args={'value': 0, 'prev_value': None, 'change': True}
2025-07-06 13:42:01,348 : INFO : EventManager : Event: ======'machine_var_audits_switches_s_pop2'====== Args={'value': 0, 'prev_value': None, 'change': True}
2025-07-06 13:42:01,348 : INFO : EventManager : Event: ======'machine_var_audits_switches_s_pop3'====== Args={'value': 0, 'prev_value': None, 'change': True}
2025-07-06 13:42:01,349 : INFO : EventManager : Event: ======'machine_var_audits_switches_s_pop4'====== Args={'value': 3, 'prev_value': None, 'change': True}
2025-07-06 13:42:01,349 : INFO : EventManager : Event: ======'machine_var_audits_switches_s_pop5'====== Args={'value': 4, 'prev_value': None, 'change': True}
2025-07-06 13:42:01,349 : INFO : EventManager : Event: ======'machine_var_audits_switches_s_pop_bot'====== Args={'value': 426, 'prev_value': None, 'change': True}
2025-07-06 13:42:01,349 : INFO : EventManager : Event: ======'machine_var_audits_switches_s_pop_mid'====== Args={'value': 351, 'prev_value': None, 'change': True}
2025-07-06 13:42:01,349 : INFO : EventManager : Event: ======'machine_var_audits_switches_s_pop_top'====== Args={'value': 302, 'prev_value': None, 'change': True}
2025-07-06 13:42:01,349 : INFO : EventManager : Event: ======'machine_var_audits_switches_s_right_flipper'====== Args={'value': 2339, 'prev_value': None, 'change': True}
2025-07-06 13:42:01,350 : INFO : EventManager : Event: ======'machine_var_audits_switches_s_right_inlane'====== Args={'value': 80, 'prev_value': None, 'change': True}
2025-07-06 13:42:01,350 : INFO : EventManager : Event: ======'machine_var_audits_switches_s_right_outlane'====== Args={'value': 0, 'prev_value': None, 'change': True}
2025-07-06 13:42:01,350 : INFO : EventManager : Event: ======'machine_var_audits_switches_s_right_slingshot'====== Args={'value': 328, 'prev_value': None, 'change': True}
2025-07-06 13:42:01,350 : INFO : EventManager : Event: ======'machine_var_audits_switches_s_scoop_center'====== Args={'value': 2, 'prev_value': None, 'change': True}
2025-07-06 13:42:01,350 : INFO : EventManager : Event: ======'machine_var_audits_switches_s_scoop_lower'====== Args={'value': 220, 'prev_value': None, 'change': True}
2025-07-06 13:42:01,350 : INFO : EventManager : Event: ======'machine_var_audits_switches_s_scoop_right'====== Args={'value': 1, 'prev_value': None, 'change': True}
2025-07-06 13:42:01,351 : INFO : EventManager : Event: ======'machine_var_audits_switches_s_shooter_lane'====== Args={'value': 15, 'prev_value': None, 'change': True}
2025-07-06 13:42:01,351 : INFO : EventManager : Event: ======'machine_var_audits_switches_s_startButton'====== Args={'value': 37, 'prev_value': None, 'change': True}
2025-07-06 13:42:01,351 : INFO : EventManager : Event: ======'machine_var_audits_switches_s_trough1'====== Args={'value': 318, 'prev_value': None, 'change': True}
2025-07-06 13:42:01,351 : INFO : EventManager : Event: ======'machine_var_audits_switches_s_trough2'====== Args={'value': 1, 'prev_value': None, 'change': True}
2025-07-06 13:42:01,351 : INFO : EventManager : Event: ======'machine_var_audits_switches_s_trough3'====== Args={'value': 1, 'prev_value': None, 'change': True}
2025-07-06 13:42:01,351 : INFO : EventManager : Event: ======'machine_var_audits_switches_s_trough4'====== Args={'value': 1, 'prev_value': None, 'change': True}
2025-07-06 13:42:01,351 : INFO : EventManager : Event: ======'machine_var_audits_switches_s_trough5'====== Args={'value': 1, 'prev_value': None, 'change': True}
2025-07-06 13:42:01,352 : INFO : EventManager : Event: ======'init_phase_5'====== Args={}
2025-07-06 13:42:01,352 : INFO : EventManager : Event: ======'init_done'====== Args={}
2025-07-06 13:42:01,352 : INFO : EventManager : Event: ======'machine_reset_phase_1'====== Args={}
2025-07-06 13:42:01,361 : INFO : EventManager : Event: ======'machine_reset_phase_2'====== Args={}
2025-07-06 13:42:01,362 : INFO : EventManager : Event: ======'machine_reset_phase_3'====== Args={}
2025-07-06 13:42:01,362 : INFO : EventManager : Event: ======'reset_complete'====== Args={}
2025-07-06 13:42:01,362 : INFO : EventManager : Event: ======'mode_attract_will_start'====== Args={}
2025-07-06 13:42:01,363 : INFO : EventManager : Event: ======'mode_attract_starting'====== Args={}
2025-07-06 13:42:01,363 : INFO : Mode.attract : Started. Priority: 10
2025-07-06 13:42:01,363 : INFO : EventManager : Event: ======'modes_active_modes_changed'====== Args={}
2025-07-06 13:42:01,363 : INFO : EventManager : Event: ======'mode_attract_started'====== Args={}
2025-07-06 13:42:01,363 : INFO : EventManager : Event: ======'collecting_balls_complete'====== Args={}
2025-07-06 13:42:01,364 : INFO : Machine : Starting the main run loop with active modes: [<Mode.attract>]
2025-07-06 13:42:01,376 : INFO : EventManager : Event: ======'slide_awesome_slide_created'====== Args={'_from_bcp': True}
2025-07-06 13:42:01,386 : INFO : EventManager : Event: ======'slide_awesome_slide_active'====== Args={'_from_bcp': True}
2025-07-06 13:42:02,078 : INFO : BcpServer : New client connected.
2025-07-06 13:42:04,380 : INFO : EventManager : Event: ======'slide_press_start_created'====== Args={'_from_bcp': True}
2025-07-06 13:42:04,395 : INFO : EventManager : Event: ======'slide_press_start_active'====== Args={'_from_bcp': True}
2025-07-06 13:42:09,445 : INFO : SwitchController : <<<<<<< 's_trough1' active >>>>>>>
2025-07-06 13:42:09,945 : INFO : EventManager : Event: ======'balldevice_bd_trough_ball_count_changed'====== Args={'balls': 1}
2025-07-06 13:42:09,946 : INFO : ball_device.bd_trough : Received unexpected ball
2025-07-06 13:42:09,946 : INFO : EventManager : Event: ======'balldevice_captured_from_playfield'====== Args={'balls': 1}
2025-07-06 13:42:09,947 : INFO : EventManager : Event: ======'sw_playfield_active'====== Args={'balls': 1}
2025-07-06 13:42:09,947 : INFO : EventManager : Event: ======'playfield_active'====== Args={'source': None}
2025-07-06 13:42:09,947 : INFO : EventManager : Event: ======'unexpected_ball_on_playfield'====== Args={}
2025-07-06 13:42:09,947 : INFO : EventManager : Event: ======'playfield_ball_count_change'====== Args={'balls': -1, 'change': -1}
2025-07-06 13:42:09,948 : INFO : EventManager : Event: ======'balldevice_playfield_ball_enter'====== Args={'new_balls': 1, 'unclaimed_balls': 1, 'device': <playfield.playfield>}
2025-07-06 13:42:09,948 : INFO : EventManager : Event: ======'playfield_ball_count_change'====== Args={'balls': 0, 'change': 1}
2025-07-06 13:42:09,948 : INFO : BallController : Found a new ball which was captured from playfield. Known balls: 1
2025-07-06 13:42:09,948 : INFO : EventManager : Event: ======'found_new_ball'====== Args={}
2025-07-06 13:42:09,949 : INFO : EventManager : Event: ======'balldevice_bd_trough_ball_enter'====== Args={'new_balls': 1, 'unclaimed_balls': 1, 'new_available_balls': 1, 'device': <ball_device.bd_trough>}
2025-07-06 13:42:09,949 : INFO : EventManager : Event: ======'ball_drain'====== Args={'device': <ball_device.bd_trough>, 'balls': 1}
2025-07-06 13:42:09,949 : INFO : EventManager : Event: ======'balldevice_balls_available'====== Args={}
2025-07-06 13:42:09,949 : INFO : EventManager : Event: ======'balldevice_bd_trough_ball_entered'====== Args={'new_balls': 1, 'device': <ball_device.bd_trough>}
2025-07-06 13:42:10,630 : INFO : SwitchController : <<<<<<< 's_startButton' active >>>>>>>
2025-07-06 13:42:10,721 : INFO : SwitchController : <<<<<<< 's_startButton' inactive >>>>>>>
2025-07-06 13:42:10,721 : INFO : EventManager : Event: ======'request_to_start_game'====== Args={}
2025-07-06 13:42:10,722 : INFO : EventManager : Event: ======'game_start'====== Args={'buttons': [], 'hold_time': 0.09057841699999969}
2025-07-06 13:42:10,722 : INFO : EventManager : Event: ======'mode_game_will_start'====== Args={'buttons': [], 'hold_time': 0.09057841699999969}
2025-07-06 13:42:10,723 : INFO : EventManager : Event: ======'mode_game_starting'====== Args={'buttons': [], 'hold_time': 0.09057841699999969}
2025-07-06 13:42:10,723 : INFO : EventManager : Event: ======'mode_attract_will_stop'====== Args={}
2025-07-06 13:42:10,723 : INFO : EventManager : Event: ======'mode_attract_stopping'====== Args={}
2025-07-06 13:42:10,723 : INFO : Mode.attract : Stopped.
2025-07-06 13:42:10,723 : INFO : EventManager : Event: ======'modes_active_modes_changed'====== Args={}
2025-07-06 13:42:10,724 : INFO : EventManager : Event: ======'mode_attract_stopped'====== Args={}
2025-07-06 13:42:10,724 : INFO : EventManager : Event: ======'clear'====== Args={'key': 'attract'}
2025-07-06 13:42:10,725 : INFO : Mode.game : Started. Priority: 20
2025-07-06 13:42:10,725 : INFO : EventManager : Event: ======'modes_active_modes_changed'====== Args={}
2025-07-06 13:42:10,725 : INFO : EventManager : Event: ======'mode_game_started'====== Args={'buttons': [], 'hold_time': 0.09057841699999969}
2025-07-06 13:42:10,726 : INFO : EventManager : Event: ======'game_will_start'====== Args={}
2025-07-06 13:42:10,726 : INFO : EventManager : Event: ======'game_starting'====== Args={'game': <Mode.game>}
2025-07-06 13:42:10,727 : INFO : EventManager : Unordered handler for class <Auditor> on event game_ended with priority 1. Handlers: [RegisteredHandler(callback=<bound method Auditor.disable of <Auditor>>, priority=1, kwargs={}, key=UUID('4afe9a3d-0b79-4d1f-a27a-31f1d91f9363'), condition=None, blocking_facility=None), RegisteredHandler(callback=<bound method Auditor._save_audits of <Auditor>>, priority=1, kwargs={}, key=UUID('3eb92b2e-17ea-4461-9203-63b7ad7dc2ba'), condition=None, blocking_facility=None)]. The order of those handlers is not defined and they will be executed in random order. This might lead to race conditions and potential bugs.
2025-07-06 13:42:10,727 : INFO : EventManager : Event: ======'player_add_request'====== Args={}
2025-07-06 13:42:10,727 : INFO : EventManager : Event: ======'player_will_add'====== Args={'number': 1}
2025-07-06 13:42:10,727 : INFO : EventManager : Event: ======'player_adding'====== Args={'player': <Player 1>, 'number': 1}
2025-07-06 13:42:10,728 : INFO : EventManager : Event: ======'player_added'====== Args={'player': <Player 1>, 'num': 1}
2025-07-06 13:42:10,728 : INFO : Mode.game : Player added successfully. Total players: 1
2025-07-06 13:42:10,728 : INFO : EventManager : Event: ======'player_index'====== Args={'value': 0, 'prev_value': 0, 'change': 0, 'player_num': 1}
2025-07-06 13:42:10,728 : INFO : EventManager : Event: ======'player_number'====== Args={'value': 1, 'prev_value': 1, 'change': 0, 'player_num': 1}
2025-07-06 13:42:10,729 : INFO : EventManager : Event: ======'player_score'====== Args={'value': 0, 'prev_value': 0, 'change': 0, 'player_num': 1}
2025-07-06 13:42:10,729 : INFO : EventManager : Event: ======'game_started'====== Args={}
2025-07-06 13:42:10,730 : INFO : EventManager : Event: ======'player_turn_will_start'====== Args={'player': <Player 1>, 'number': 1}
2025-07-06 13:42:10,730 : INFO : EventManager : Event: ======'player_turn_starting'====== Args={'player': <Player 1>, 'number': 1}
2025-07-06 13:42:10,736 : INFO : EventManager : Event: ======'player_ball'====== Args={'value': 1, 'prev_value': 0, 'change': 1, 'player_num': 1}
2025-07-06 13:42:10,736 : INFO : EventManager : Event: ======'player_turn_started'====== Args={'player': <Player 1>, 'number': 1}
2025-07-06 13:42:10,737 : INFO : EventManager : Event: ======'ball_will_start'====== Args={'player': 1, 'ball': 1, 'balls_remaining': 2, 'is_extra_ball': False}
2025-07-06 13:42:10,738 : INFO : EventManager : Event: ======'slide_awesome_slide_removed'====== Args={'_from_bcp': True}
2025-07-06 13:42:10,738 : INFO : EventManager : Event: ======'slide_press_start_removed'====== Args={'_from_bcp': True}
2025-07-06 13:42:10,738 : INFO : EventManager : Event: ======'ball_starting'====== Args={'player': 1, 'ball': 1, 'balls_remaining': 2, 'is_extra_ball': False}
2025-07-06 13:42:10,738 : INFO : EventManager : Event: ======'mode_base_will_start'====== Args={'queue': <QueuedEvent>, 'player': 1, 'ball': 1, 'balls_remaining': 2, 'is_extra_ball': False}
2025-07-06 13:42:10,739 : INFO : EventManager : Event: ======'mode_base_starting'====== Args={'queue': <QueuedEvent>, 'player': 1, 'ball': 1, 'balls_remaining': 2, 'is_extra_ball': False}
2025-07-06 13:42:10,739 : INFO : EventManager : Event: ======'slide_window_blank_active'====== Args={'_from_bcp': True}
2025-07-06 13:42:10,740 : INFO : Mode.base : Started. Priority: 100
2025-07-06 13:42:10,740 : INFO : EventManager : Event: ======'modes_active_modes_changed'====== Args={}
2025-07-06 13:42:10,740 : INFO : EventManager : Event: ======'mode_base_started'====== Args={'queue': <QueuedEvent>, 'player': 1, 'ball': 1, 'balls_remaining': 2, 'is_extra_ball': False}
2025-07-06 13:42:10,741 : INFO : EventManager : Event: ======'balls_in_play'====== Args={'balls': 1}
2025-07-06 13:42:10,741 : INFO : EventManager : Event: ======'ball_started'====== Args={'player': 1, 'ball': 1, 'balls_remaining': 2, 'is_extra_ball': False}
2025-07-06 13:42:10,741 : INFO : EventManager : Event: ======'single_player_ball_started'====== Args={}
2025-07-06 13:42:10,742 : INFO : EventManager : Event: ======'ball_start_target'====== Args={'target': 'playfield'}
2025-07-06 13:42:10,742 : INFO : ball_device.bd_trough : Setting up player-controlled eject. Balls: 1, Target: <playfield.playfield>, player_controlled_eject_event: None
2025-07-06 13:42:10,742 : INFO : ball_device.bd_trough : Adding 1 ball(s) to the eject_queue with target <playfield.playfield>.
2025-07-06 13:42:10,742 : INFO : EventManager : Event: ======'balldevice_balls_available'====== Args={}
2025-07-06 13:42:10,743 : INFO : ball_device.bd_trough : State: waiting_for_target_ready
2025-07-06 13:42:10,743 : INFO : EventManager : Event: ======'balldevice_bd_trough_ball_eject_attempt'====== Args={'balls': 1, 'target': <playfield.playfield>, 'source': <ball_device.bd_trough>, 'mechanical_eject': False, 'num_attempts': 0}
2025-07-06 13:42:10,743 : INFO : ball_device.bd_trough : State: ejecting
2025-07-06 13:42:10,743 : INFO : ball_device.bd_trough : Ejecting ball to <playfield.playfield>
2025-07-06 13:42:10,743 : INFO : EventManager : Event: ======'balldevice_bd_trough_ejecting_ball'====== Args={'balls': 1, 'target': <playfield.playfield>, 'source': <ball_device.bd_trough>, 'mechanical_eject': False, 'num_attempts': 0}
2025-07-06 13:42:10,744 : INFO : ball_device.bd_trough : Wait for ball to leave device
2025-07-06 13:42:10,744 : INFO : coil.c_trough_eject : Pulsing Driver for 35ms (1.0 pulse_power)
2025-07-06 13:42:10,744 : INFO : SwitchController : <<<<<<< 's_trough1' inactive >>>>>>>
2025-07-06 13:42:10,744 : INFO : ball_device.bd_trough : State: ball_left
2025-07-06 13:42:10,744 : INFO : ball_device.bd_trough : Ball left
2025-07-06 13:42:10,744 : INFO : ball_device.bd_trough : Wait for confirm with timeout 10.0
2025-07-06 13:42:10,757 : INFO : EventManager : Event: ======'slide_base.slide_player-mode_base_started_created'====== Args={'_from_bcp': True}
2025-07-06 13:42:10,757 : INFO : EventManager : Event: ======'slide_base.slide_player-mode_base_started_active'====== Args={'_from_bcp': True}
2025-07-06 13:42:20,745 : INFO : ball_device.bd_trough : State: failed_confirm
2025-07-06 13:42:20,747 : INFO : ball_device.bd_trough : Got timeout (10.0s) before confirm from <playfield.playfield>
2025-07-06 13:42:20,849 : INFO : ball_device.bd_trough : Confirming eject because target is playfield and ball did not return.
2025-07-06 13:42:20,849 : INFO : ball_device.bd_trough : Eject successful
2025-07-06 13:42:20,850 : INFO : EventManager : Event: ======'balldevice_bd_trough_ball_eject_success'====== Args={'balls': 1, 'target': <playfield.playfield>}
2025-07-06 13:42:20,851 : INFO : EventManager : Event: ======'balldevice_playfield_ball_enter'====== Args={'new_balls': 1, 'unclaimed_balls': 1, 'device': <playfield.playfield>}
2025-07-06 13:42:20,852 : INFO : EventManager : Event: ======'playfield_ball_count_change'====== Args={'balls': 1, 'change': 1}
2025-07-06 13:42:20,856 : INFO : EventManager : Event: ======'balldevice_bd_trough_ball_count_changed'====== Args={'balls': 0}
2025-07-06 13:42:20,856 : INFO : ball_device.bd_trough : State: idle
2025-07-06 13:42:24,158 : INFO : SwitchController : <<<<<<< 's_left_slingshot' active >>>>>>>
2025-07-06 13:42:24,158 : INFO : EventManager : Event: ======'s_left_slingshot_active'====== Args={}
2025-07-06 13:42:24,159 : INFO : EventManager : Event: ======'machine_var_audits_switches_s_left_slingshot'====== Args={'value': 406, 'prev_value': 405, 'change': 1}
2025-07-06 13:42:24,267 : INFO : SwitchController : <<<<<<< 's_left_slingshot' inactive >>>>>>>
2025-07-06 13:42:24,532 : INFO : SwitchController : <<<<<<< 's_left_slingshot' active >>>>>>>
2025-07-06 13:42:24,532 : INFO : EventManager : Event: ======'s_left_slingshot_active'====== Args={}
2025-07-06 13:42:24,533 : INFO : EventManager : Event: ======'machine_var_audits_switches_s_left_slingshot'====== Args={'value': 407, 'prev_value': 406, 'change': 1}
2025-07-06 13:42:24,629 : INFO : SwitchController : <<<<<<< 's_left_slingshot' inactive >>>>>>>
2025-07-06 13:42:24,730 : INFO : SwitchController : <<<<<<< 's_left_slingshot' active >>>>>>>
2025-07-06 13:42:24,730 : INFO : EventManager : Event: ======'s_left_slingshot_active'====== Args={}
2025-07-06 13:42:24,730 : INFO : EventManager : Event: ======'machine_var_audits_switches_s_left_slingshot'====== Args={'value': 408, 'prev_value': 407, 'change': 1}
2025-07-06 13:42:24,808 : INFO : SwitchController : <<<<<<< 's_left_slingshot' inactive >>>>>>>
2025-07-06 13:42:25,772 : INFO : SwitchController : <<<<<<< 's_right_slingshot' active >>>>>>>
2025-07-06 13:42:25,772 : INFO : EventManager : Event: ======'s_right_slingshot_active'====== Args={}
2025-07-06 13:42:25,773 : INFO : EventManager : Event: ======'machine_var_audits_switches_s_right_slingshot'====== Args={'value': 329, 'prev_value': 328, 'change': 1}
2025-07-06 13:42:25,871 : INFO : SwitchController : <<<<<<< 's_right_slingshot' inactive >>>>>>>
2025-07-06 13:42:25,950 : INFO : SwitchController : <<<<<<< 's_right_slingshot' active >>>>>>>
2025-07-06 13:42:25,950 : INFO : EventManager : Event: ======'s_right_slingshot_active'====== Args={}
2025-07-06 13:42:25,951 : INFO : EventManager : Event: ======'machine_var_audits_switches_s_right_slingshot'====== Args={'value': 330, 'prev_value': 329, 'change': 1}
2025-07-06 13:42:26,034 : INFO : SwitchController : <<<<<<< 's_right_slingshot' inactive >>>>>>>
2025-07-06 13:42:26,104 : INFO : SwitchController : <<<<<<< 's_right_slingshot' active >>>>>>>
2025-07-06 13:42:26,104 : INFO : EventManager : Event: ======'s_right_slingshot_active'====== Args={}
2025-07-06 13:42:26,105 : INFO : EventManager : Event: ======'machine_var_audits_switches_s_right_slingshot'====== Args={'value': 331, 'prev_value': 330, 'change': 1}
2025-07-06 13:42:26,175 : INFO : SwitchController : <<<<<<< 's_right_slingshot' inactive >>>>>>>
2025-07-06 13:44:51,460 : INFO : Machine : Shutting down...
2025-07-06 13:44:51,460 : INFO : EventManager : Event: ======'shutdown'====== Args={}
2025-07-06 13:44:51,462 : INFO : EventManager : Event: ======'mode_game_will_stop'====== Args={}
2025-07-06 13:44:51,462 : INFO : EventManager : Event: ======'mode_game_stopping'====== Args={}
2025-07-06 13:44:51,463 : INFO : EventManager : Event: ======'mode_base_will_stop'====== Args={}
2025-07-06 13:44:51,463 : INFO : EventManager : Event: ======'mode_base_stopping'====== Args={}
2025-07-06 13:44:51,463 : INFO : Mode.base : Stopped.
2025-07-06 13:44:51,463 : INFO : EventManager : Event: ======'modes_active_modes_changed'====== Args={}
2025-07-06 13:44:51,463 : INFO : EventManager : Event: ======'mode_base_stopped'====== Args={}
2025-07-06 13:44:51,463 : INFO : EventManager : Event: ======'clear'====== Args={'key': 'base'}
2025-07-06 13:44:51,464 : INFO : Mode.game : Stopped.
2025-07-06 13:44:51,464 : INFO : EventManager : Event: ======'modes_active_modes_changed'====== Args={}
2025-07-06 13:44:51,464 : INFO : EventManager : Event: ======'mode_game_stopped'====== Args={}
2025-07-06 13:44:51,464 : INFO : EventManager : Event: ======'clear'====== Args={'key': 'game'}
2025-07-06 13:44:51,473 : INFO : root : MPF run loop ended.
