2025-07-06 17:27:10,930 : kivy : Kivy: v2.2.1
2025-07-06 17:27:10,930 : kivy : Kivy: Installed at "/Library/Frameworks/Python.framework/Versions/3.9/lib/python3.9/site-packages/kivy/__init__.py"
2025-07-06 17:27:10,930 : kivy : Python: v3.9.13 (v3.9.13:6de2ca5339, May 17 2022, 11:37:23) 
[Clang 13.0.0 (clang-1300.0.29.30)]
2025-07-06 17:27:10,930 : kivy : Python: Interpreter at "/Library/Frameworks/Python.framework/Versions/3.9/bin/python3.9"
2025-07-06 17:27:10,937 : kivy : Factory: 190 symbols loaded
2025-07-06 17:27:11,035 : kivy : ImageLoaderFFPy: Using ffpyplayer 4.5.1
2025-07-06 17:27:11,035 : kivy : Image: Providers: img_tex, img_imageio, img_dds, img_sdl2, img_pil, img_ffpyplayer 
2025-07-06 17:27:11,134 : kivy : VideoFFPy: Using ffpyplayer 4.5.1
2025-07-06 17:27:11,134 : kivy : Video: Provider: ffpyplayer(['video_ffmpeg'] ignored)
2025-07-06 17:27:11,161 : root : Loading MPF-MC controller
2025-07-06 17:27:11,169 : YamlMultifileConfigLoader : Machine config file #1: config
2025-07-06 17:27:11,169 : ConfigProcessor : Config file in cache changed: /Users/ruben/Pinball/mpf-pinball/config/config
2025-07-06 17:27:11,169 : ConfigProcessor : Loading config from file /Library/Frameworks/Python.framework/Versions/3.9/lib/python3.9/site-packages/mpfmc/mcconfig.yaml.
2025-07-06 17:27:11,173 : ConfigProcessor : Loading config: /Library/Frameworks/Python.framework/Versions/3.9/lib/python3.9/site-packages/mpfmc/mcconfig.yaml
2025-07-06 17:27:11,174 : ConfigProcessor : Loading config from file /Users/ruben/Pinball/mpf-pinball/config/config.
2025-07-06 17:27:11,174 : ConfigProcessor : Loading config: /Users/ruben/Pinball/mpf-pinball/config/config
2025-07-06 17:27:11,174 : ConfigProcessor : Loading config: /Users/ruben/Pinball/mpf-pinball/config/hardware.yaml
2025-07-06 17:27:11,175 : ConfigProcessor : Loading config: /Users/ruben/Pinball/mpf-pinball/config/switches.yaml
2025-07-06 17:27:11,176 : ConfigProcessor : Loading config: /Users/ruben/Pinball/mpf-pinball/config/coils.yaml
2025-07-06 17:27:11,177 : ConfigProcessor : Loading config: /Users/ruben/Pinball/mpf-pinball/config/lights.yaml
2025-07-06 17:27:11,178 : ConfigProcessor : Loading config: /Users/ruben/Pinball/mpf-pinball/config/devices.yaml
2025-07-06 17:27:11,179 : ConfigProcessor : Loading config: /Users/ruben/Pinball/mpf-pinball/config/images.yaml
2025-07-06 17:27:11,179 : ConfigProcessor : Loading config: /Users/ruben/Pinball/mpf-pinball/config/displays.yaml
2025-07-06 17:27:11,180 : ConfigProcessor : Loading config: /Users/ruben/Pinball/mpf-pinball/config/slides.yaml
2025-07-06 17:27:11,180 : ConfigProcessor : Loading config: /Users/ruben/Pinball/mpf-pinball/config/sounds.yaml
2025-07-06 17:27:11,181 : ConfigProcessor : Config file cache created: /var/folders/9g/7xjb17l959g1fnq4pjl5c5p80000gn/T/195f11bb22def72033a5ba91cfdec8f0.mpf_cache
2025-07-06 17:27:11,182 : ConfigProcessor : Loading config from cache: /var/folders/9g/7xjb17l959g1fnq4pjl5c5p80000gn/T/f574f59b1e0fcbb2258348220f26b9cc.mpf_cache
2025-07-06 17:27:11,182 : ConfigProcessor : Loading config from cache: /var/folders/9g/7xjb17l959g1fnq4pjl5c5p80000gn/T/edcc5f1d3215b377c9faab88c62e4ce0.mpf_cache
2025-07-06 17:27:11,182 : ConfigProcessor : Loading config from cache: /var/folders/9g/7xjb17l959g1fnq4pjl5c5p80000gn/T/174d451d321a0971202b746018364536.mpf_cache
2025-07-06 17:27:11,182 : ConfigProcessor : Loading config from cache: /var/folders/9g/7xjb17l959g1fnq4pjl5c5p80000gn/T/f574f59b1e0fcbb2258348220f26b9cc.mpf_cache
2025-07-06 17:27:11,182 : ConfigProcessor : Loading config from cache: /var/folders/9g/7xjb17l959g1fnq4pjl5c5p80000gn/T/c284941e722380023d767d5e99e91837.mpf_cache
2025-07-06 17:27:11,182 : mpfmc : Mission Pinball Framework Media Controller (MPF-MC) v0.57.1. Requires MPF v0.57.0 or newer.
2025-07-06 17:27:11,182 : mpfmc : Found MPF v0.57.3
2025-07-06 17:27:11,182 : mpfmc : Machine path: /Users/ruben/Pinball/mpf-pinball
2025-07-06 17:27:11,182 : mpfmc : Starting clock at 60.0Hz
2025-07-06 17:27:11,190 : kivy : Text: Provider: sdl2
2025-07-06 17:27:11,204 : kivy : Window: Provider: sdl2
2025-07-06 17:27:11,363 : kivy : GL: Using the "OpenGL ES 2" graphics system
2025-07-06 17:27:11,363 : kivy : GL: Backend used <sdl2>
2025-07-06 17:27:11,363 : kivy : GL: OpenGL version <b'2.1 Metal - 89.4'>
2025-07-06 17:27:11,363 : kivy : GL: OpenGL vendor <b'Apple'>
2025-07-06 17:27:11,363 : kivy : GL: OpenGL renderer <b'Apple M1 Pro'>
2025-07-06 17:27:11,363 : kivy : GL: OpenGL parsed version: 2, 1
2025-07-06 17:27:11,363 : kivy : GL: Shading version <b'1.20'>
2025-07-06 17:27:11,364 : kivy : GL: Texture max size <16384>
2025-07-06 17:27:11,364 : kivy : GL: Texture max units <16>
2025-07-06 17:27:11,376 : kivy : Window: auto add sdl2 input provider
2025-07-06 17:27:11,376 : kivy : Window: virtual keyboard not allowed, single mode, not docked
2025-07-06 17:27:11,501 : AudioInterface : Initialized
2025-07-06 17:27:11,501 : AudioInterface : Loaded SDL 2.32.8
2025-07-06 17:27:11,501 : AudioInterface : Loaded SDL_Mixer 2.8.1
2025-07-06 17:27:11,501 : AudioInterface : Loaded GStreamer 1.26.2.0
2025-07-06 17:27:11,501 : AudioInterface : Loaded GLib 2.84.2
2025-07-06 17:27:11,501 : AudioInterface : Settings requested - rate: 44100, channels: 1, buffer: 2048 samples
2025-07-06 17:27:11,501 : AudioInterface : Settings in use - rate: 44100, channels: 1, buffer: 2048 samples (4096 bytes @ 2 bytes per sample)
2025-07-06 17:27:11,501 : SoundSystem : Setting master volume to 0.0
2025-07-06 17:27:11,501 : AudioInterface : Enabling audio playback
2025-07-06 17:27:11,503 : kivy : Base: Start application main loop
2025-07-06 17:27:11,503 : EventManager : Event: ======'display_window_initialized'====== Args={}
2025-07-06 17:27:11,831 : mpfmc : Display: Setting 'window' as default display
2025-07-06 17:27:11,835 : EventManager : Event: ======'displays_initialized'====== Args={}
2025-07-06 17:27:11,836 : EventManager : Event: ======'slide_window_blank_created'====== Args={}
2025-07-06 17:27:11,836 : EventManager : Event: ======'display_window_ready'====== Args={}
2025-07-06 17:27:11,841 : EventManager : Event: ======'init_phase_1'====== Args={}
2025-07-06 17:27:11,843 : EventManager : Event: ======'mc_ready'====== Args={}
2025-07-06 17:27:11,843 : EventManager : Event: ======'init_phase_2'====== Args={}
2025-07-06 17:27:11,844 : EventManager : Event: ======'init_phase_3'====== Args={}
2025-07-06 17:27:11,846 : EventManager : Event: ======'init_phase_4'====== Args={}
2025-07-06 17:27:11,846 : EventManager : Event: ======'init_phase_5'====== Args={}
2025-07-06 17:27:11,911 : EventManager : Event: ======'loading_assets'====== Args={'total': 1, 'loaded': 1, 'remaining': 0, 'percent': 100}
2025-07-06 17:27:11,911 : AssetManager : Asset loading took: 0.4096221923828125
2025-07-06 17:27:11,911 : EventManager : Event: ======'asset_loading_complete'====== Args={}
2025-07-06 17:27:11,911 : AssetManager : Loading assets: 1/1 (100%)
2025-07-06 17:27:11,911 : EventManager : Event: ======'init_done'====== Args={}
2025-07-06 17:27:11,911 : MPF-MC BCP Server : Starting up on localhost port 5050
2025-07-06 17:27:11,915 : MPF-MC BCP Server : Waiting for a connection...
2025-07-06 17:27:11,925 : EventManager : Event: ======'client_disconnected'====== Args={'host': '127.0.0.1', 'port': 5050}
2025-07-06 17:27:11,966 : MPF-MC BCP Server : Received connection from: 127.0.0.1:50897
2025-07-06 17:27:11,977 : EventManager : Event: ======'client_connected'====== Args={'host': '127.0.0.1', 'port': 50897}
2025-07-06 17:27:11,983 : mpfmc : Stopping...
2025-07-06 17:27:11,983 : EventManager : Event: ======'shutdown'====== Args={}
2025-07-06 17:27:11,983 : AudioInterface : Disabling audio playback
2025-07-06 17:27:12,062 : EventManager : Event: ======'machine_var_credits_string'====== Args={'value': 'FREE PLAY', 'prev_value': None, 'change': True}
2025-07-06 17:27:12,062 : mpfmc : Loop rate 14.27 Hz
2025-07-06 17:27:12,062 : EventManager : Event: ======'machine_var_master_volume'====== Args={'value': 0.5, 'prev_value': None, 'change': True}
2025-07-06 17:27:12,062 : kivy : Base: Leaving application in progress...
2025-07-06 17:27:12,062 : EventManager : Event: ======'machine_var_player1_score'====== Args={'value': 0, 'prev_value': None, 'change': True}
2025-07-06 17:27:12,063 : EventManager : Event: ======'machine_var_mpf_version'====== Args={'value': 'Mission Pinball Framework v0.57.3', 'prev_value': None, 'change': True}
2025-07-06 17:27:12,063 : EventManager : Event: ======'machine_var_mpf_extended_version'====== Args={'value': 'Mission Pinball Framework v0.57.3, Config version:6, Show version: 6, BCP version:1.1', 'prev_value': None, 'change': True}
2025-07-06 17:27:12,063 : EventManager : Event: ======'machine_var_python_version'====== Args={'value': '3.9.13', 'prev_value': None, 'change': True}
2025-07-06 17:27:12,063 : EventManager : Event: ======'machine_var_platform'====== Args={'value': 'macOS-15.5-arm64-arm-64bit', 'prev_value': None, 'change': True}
2025-07-06 17:27:12,063 : EventManager : Event: ======'machine_var_platform_system'====== Args={'value': 'Darwin', 'prev_value': None, 'change': True}
2025-07-06 17:27:12,063 : EventManager : Event: ======'machine_var_platform_release'====== Args={'value': '24.5.0', 'prev_value': None, 'change': True}
2025-07-06 17:27:12,063 : EventManager : Event: ======'machine_var_platform_version'====== Args={'value': 'Darwin Kernel Version 24.5.0: Tue Apr 22 19:54:49 PDT 2025; root:xnu-11417.121.6~2/RELEASE_ARM64_T6000', 'prev_value': None, 'change': True}
2025-07-06 17:27:12,063 : EventManager : Event: ======'machine_var_platform_machine'====== Args={'value': 'arm64', 'prev_value': None, 'change': True}
2025-07-06 17:27:12,063 : EventManager : Event: ======'machine_var_mc_version'====== Args={'value': 'MPF-MC v0.57.1', 'prev_value': None, 'change': True}
2025-07-06 17:27:12,063 : EventManager : Event: ======'machine_var_mc_extended_version'====== Args={'value': 'MPF-MC v0.57.1 (config_version=6, BCP v1.1,                      Requires MPF API compatibility v0.57.0 or newer)', 'prev_value': None, 'change': True}
2025-07-06 17:27:12,063 : EventManager : Event: ======'machine_var_credits_string'====== Args={'value': 'FREE PLAY', 'prev_value': None, 'change': True}
2025-07-06 17:27:12,063 : EventManager : Event: ======'machine_var_master_volume'====== Args={'value': 0.5, 'prev_value': None, 'change': True}
2025-07-06 17:27:12,063 : EventManager : Event: ======'machine_var_player1_score'====== Args={'value': 0, 'prev_value': None, 'change': True}
2025-07-06 17:27:12,063 : EventManager : Event: ======'machine_var_mpf_version'====== Args={'value': 'Mission Pinball Framework v0.57.3', 'prev_value': None, 'change': True}
2025-07-06 17:27:12,063 : EventManager : Event: ======'machine_var_mpf_extended_version'====== Args={'value': 'Mission Pinball Framework v0.57.3, Config version:6, Show version: 6, BCP version:1.1', 'prev_value': None, 'change': True}
2025-07-06 17:27:12,063 : EventManager : Event: ======'machine_var_python_version'====== Args={'value': '3.9.13', 'prev_value': None, 'change': True}
2025-07-06 17:27:12,063 : EventManager : Event: ======'machine_var_platform'====== Args={'value': 'macOS-15.5-arm64-arm-64bit', 'prev_value': None, 'change': True}
2025-07-06 17:27:12,063 : EventManager : Event: ======'machine_var_platform_system'====== Args={'value': 'Darwin', 'prev_value': None, 'change': True}
2025-07-06 17:27:12,063 : EventManager : Event: ======'machine_var_platform_release'====== Args={'value': '24.5.0', 'prev_value': None, 'change': True}
2025-07-06 17:27:12,063 : EventManager : Event: ======'machine_var_platform_version'====== Args={'value': 'Darwin Kernel Version 24.5.0: Tue Apr 22 19:54:49 PDT 2025; root:xnu-11417.121.6~2/RELEASE_ARM64_T6000', 'prev_value': None, 'change': True}
2025-07-06 17:27:12,063 : EventManager : Event: ======'machine_var_platform_machine'====== Args={'value': 'arm64', 'prev_value': None, 'change': True}
2025-07-06 17:27:12,063 : EventManager : Event: ======'machine_var_mc_version'====== Args={'value': 'MPF-MC v0.57.1', 'prev_value': None, 'change': True}
2025-07-06 17:27:12,063 : EventManager : Event: ======'machine_var_mc_extended_version'====== Args={'value': 'MPF-MC v0.57.1 (config_version=6, BCP v1.1,                      Requires MPF API compatibility v0.57.0 or newer)', 'prev_value': None, 'change': True}
2025-07-06 17:27:12,063 : EventManager : Event: ======'machine_var_credits_string'====== Args={'value': 'FREE PLAY', 'prev_value': None, 'change': True}
2025-07-06 17:27:12,063 : EventManager : Event: ======'machine_var_master_volume'====== Args={'value': 0.5, 'prev_value': None, 'change': True}
2025-07-06 17:27:12,063 : EventManager : Event: ======'machine_var_player1_score'====== Args={'value': 0, 'prev_value': None, 'change': True}
2025-07-06 17:27:12,063 : EventManager : Event: ======'machine_var_mpf_version'====== Args={'value': 'Mission Pinball Framework v0.57.3', 'prev_value': None, 'change': True}
2025-07-06 17:27:12,063 : EventManager : Event: ======'machine_var_mpf_extended_version'====== Args={'value': 'Mission Pinball Framework v0.57.3, Config version:6, Show version: 6, BCP version:1.1', 'prev_value': None, 'change': True}
2025-07-06 17:27:12,063 : EventManager : Event: ======'machine_var_python_version'====== Args={'value': '3.9.13', 'prev_value': None, 'change': True}
2025-07-06 17:27:12,063 : EventManager : Event: ======'machine_var_platform'====== Args={'value': 'macOS-15.5-arm64-arm-64bit', 'prev_value': None, 'change': True}
2025-07-06 17:27:12,063 : EventManager : Event: ======'machine_var_platform_system'====== Args={'value': 'Darwin', 'prev_value': None, 'change': True}
2025-07-06 17:27:12,063 : EventManager : Event: ======'machine_var_platform_release'====== Args={'value': '24.5.0', 'prev_value': None, 'change': True}
2025-07-06 17:27:12,063 : EventManager : Event: ======'machine_var_platform_version'====== Args={'value': 'Darwin Kernel Version 24.5.0: Tue Apr 22 19:54:49 PDT 2025; root:xnu-11417.121.6~2/RELEASE_ARM64_T6000', 'prev_value': None, 'change': True}
2025-07-06 17:27:12,064 : EventManager : Event: ======'machine_var_platform_machine'====== Args={'value': 'arm64', 'prev_value': None, 'change': True}
2025-07-06 17:27:12,064 : EventManager : Event: ======'machine_var_mc_version'====== Args={'value': 'MPF-MC v0.57.1', 'prev_value': None, 'change': True}
2025-07-06 17:27:12,064 : EventManager : Event: ======'machine_var_mc_extended_version'====== Args={'value': 'MPF-MC v0.57.1 (config_version=6, BCP v1.1,                      Requires MPF API compatibility v0.57.0 or newer)', 'prev_value': None, 'change': True}
2025-07-06 17:27:12,064 : EventManager : Event: ======'machine_var_credits_string'====== Args={'value': 'FREE PLAY', 'prev_value': None, 'change': True}
2025-07-06 17:27:12,064 : EventManager : Event: ======'machine_var_master_volume'====== Args={'value': 0.5, 'prev_value': None, 'change': True}
2025-07-06 17:27:12,064 : EventManager : Event: ======'machine_var_player1_score'====== Args={'value': 0, 'prev_value': None, 'change': True}
2025-07-06 17:27:12,064 : EventManager : Event: ======'machine_var_mpf_version'====== Args={'value': 'Mission Pinball Framework v0.57.3', 'prev_value': None, 'change': True}
2025-07-06 17:27:12,064 : EventManager : Event: ======'machine_var_mpf_extended_version'====== Args={'value': 'Mission Pinball Framework v0.57.3, Config version:6, Show version: 6, BCP version:1.1', 'prev_value': None, 'change': True}
2025-07-06 17:27:12,064 : EventManager : Event: ======'machine_var_python_version'====== Args={'value': '3.9.13', 'prev_value': None, 'change': True}
2025-07-06 17:27:12,064 : EventManager : Event: ======'machine_var_platform'====== Args={'value': 'macOS-15.5-arm64-arm-64bit', 'prev_value': None, 'change': True}
2025-07-06 17:27:12,064 : EventManager : Event: ======'machine_var_platform_system'====== Args={'value': 'Darwin', 'prev_value': None, 'change': True}
2025-07-06 17:27:12,064 : EventManager : Event: ======'machine_var_platform_release'====== Args={'value': '24.5.0', 'prev_value': None, 'change': True}
2025-07-06 17:27:12,064 : EventManager : Event: ======'machine_var_platform_version'====== Args={'value': 'Darwin Kernel Version 24.5.0: Tue Apr 22 19:54:49 PDT 2025; root:xnu-11417.121.6~2/RELEASE_ARM64_T6000', 'prev_value': None, 'change': True}
2025-07-06 17:27:12,064 : EventManager : Event: ======'machine_var_platform_machine'====== Args={'value': 'arm64', 'prev_value': None, 'change': True}
2025-07-06 17:27:12,064 : EventManager : Event: ======'machine_var_mc_version'====== Args={'value': 'MPF-MC v0.57.1', 'prev_value': None, 'change': True}
2025-07-06 17:27:12,064 : EventManager : Event: ======'machine_var_mc_extended_version'====== Args={'value': 'MPF-MC v0.57.1 (config_version=6, BCP v1.1,                      Requires MPF API compatibility v0.57.0 or newer)', 'prev_value': None, 'change': True}
2025-07-06 17:27:12,066 : mpfmc : Stopping...
2025-07-06 17:27:12,066 : EventManager : Event: ======'shutdown'====== Args={}
2025-07-06 17:27:12,066 : SoundSystem : Setting master volume to 0.5
2025-07-06 17:27:12,066 : SoundSystem : Setting master volume to 0.5
2025-07-06 17:27:12,066 : SoundSystem : Setting master volume to 0.5
2025-07-06 17:27:12,066 : SoundSystem : Setting master volume to 0.5
2025-07-06 17:27:12,066 : mpfmc : Loop rate 14.18 Hz
2025-07-06 17:27:12,066 : root : MC run loop ended.
2025-07-06 17:27:12,066 : root : Stopping child threads... (2 remaining)
2025-07-06 17:27:12,980 : MPF-MC BCP Server : Stopping BCP sending thread
2025-07-06 17:27:13,076 : root : All child threads stopped.
