2025-07-06 15:48:00,740 : INFO : root : Loading config.
2025-07-06 15:48:00,742 : INFO : YamlMultifileConfigLoader : Machine config file #1: config.yaml
2025-07-06 15:48:00,742 : INFO : ConfigProcessor : Loading config from cache: /var/folders/9g/7xjb17l959g1fnq4pjl5c5p80000gn/T/1941ac2cbc7f60a15b77e866ee64bff5.mpf_cache
2025-07-06 15:48:00,770 : INFO : ConfigProcessor : Loading config from cache: /var/folders/9g/7xjb17l959g1fnq4pjl5c5p80000gn/T/f574f59b1e0fcbb2258348220f26b9cc.mpf_cache
2025-07-06 15:48:00,770 : INFO : ConfigProcessor : Loading config from cache: /var/folders/9g/7xjb17l959g1fnq4pjl5c5p80000gn/T/edcc5f1d3215b377c9faab88c62e4ce0.mpf_cache
2025-07-06 15:48:00,770 : INFO : ConfigProcessor : Loading config from cache: /var/folders/9g/7xjb17l959g1fnq4pjl5c5p80000gn/T/174d451d321a0971202b746018364536.mpf_cache
2025-07-06 15:48:00,770 : INFO : ConfigProcessor : Loading config from cache: /var/folders/9g/7xjb17l959g1fnq4pjl5c5p80000gn/T/f574f59b1e0fcbb2258348220f26b9cc.mpf_cache
2025-07-06 15:48:00,770 : WARNING : ConfigProcessor : Config file in cache changed: /Users/ruben/Pinball/mpf-pinball/modes/grave_targets/config/grave_targets.yaml
2025-07-06 15:48:00,770 : INFO : ConfigProcessor : Loading config from file /Users/ruben/Pinball/mpf-pinball/modes/grave_targets/config/grave_targets.yaml.
2025-07-06 15:48:00,772 : INFO : ConfigProcessor : Loading config: /Users/ruben/Pinball/mpf-pinball/modes/grave_targets/config/grave_targets.yaml
2025-07-06 15:48:00,772 : INFO : ConfigProcessor : Config file cache created: /var/folders/9g/7xjb17l959g1fnq4pjl5c5p80000gn/T/c284941e722380023d767d5e99e91837.mpf_cache
2025-07-06 15:48:00,772 : INFO : ConfigProcessor : Loading config from cache: /var/folders/9g/7xjb17l959g1fnq4pjl5c5p80000gn/T/eb471d6ccb0819d362663d6a8f2acf38.mpf_cache
2025-07-06 15:48:00,772 : INFO : ConfigProcessor : Loading config from cache: /var/folders/9g/7xjb17l959g1fnq4pjl5c5p80000gn/T/d59102b8edab9d29c936bc5103c31ce3.mpf_cache
2025-07-06 15:48:00,773 : INFO : ConfigProcessor : Loading config from cache: /var/folders/9g/7xjb17l959g1fnq4pjl5c5p80000gn/T/47fef8a1453daf1c032af9b266173dc7.mpf_cache
2025-07-06 15:48:00,773 : INFO : ConfigProcessor : Loading config from cache: /var/folders/9g/7xjb17l959g1fnq4pjl5c5p80000gn/T/099d4b18c0884da431b87dd690bf4c32.mpf_cache
2025-07-06 15:48:00,773 : INFO : ConfigProcessor : Loading config from cache: /var/folders/9g/7xjb17l959g1fnq4pjl5c5p80000gn/T/598981ad252bde5d57763e28fc8e8246.mpf_cache
2025-07-06 15:48:00,774 : INFO : ConfigProcessor : Loading config from cache: /var/folders/9g/7xjb17l959g1fnq4pjl5c5p80000gn/T/7d84a1dad0271550171325475a6e1af4.mpf_cache
2025-07-06 15:48:00,775 : INFO : ConfigProcessor : Loading config from cache: /var/folders/9g/7xjb17l959g1fnq4pjl5c5p80000gn/T/f238ae40b962a84c30d7301a20ca1dae.mpf_cache
2025-07-06 15:48:00,775 : INFO : ConfigProcessor : Loading config from cache: /var/folders/9g/7xjb17l959g1fnq4pjl5c5p80000gn/T/a93e216f51b341135614380ce5b2c95b.mpf_cache
2025-07-06 15:48:00,775 : INFO : ConfigProcessor : Loading config from cache: /var/folders/9g/7xjb17l959g1fnq4pjl5c5p80000gn/T/e915b2173a980311df13d8013999f00c.mpf_cache
2025-07-06 15:48:00,775 : INFO : ConfigProcessor : Loading config from cache: /var/folders/9g/7xjb17l959g1fnq4pjl5c5p80000gn/T/b77620ad9425e89373db73baff92c60d.mpf_cache
2025-07-06 15:48:00,775 : INFO : Machine : Mission Pinball Framework Core Engine v0.57.3
2025-07-06 15:48:00,775 : INFO : Machine : Command line arguments: {'no_load_cache': False, 'create_config_cache': True, 'bcp': True, 'configfile': ['config.yaml'], 'force_assets_load': False, 'platform_integration_test': False, 'jsonlogging': False, 'logfile': 'logs/2025-07-06-15-48-00-mpf-ruben.home.log', 'pause': False, 'production': False, 'text_ui': True, 'loglevel': 15, 'consoleloglevel': 20, 'force_platform': 'smart_virtual', 'syslog_address': None, 'mc_file_name': None, 'no_sound': False}
2025-07-06 15:48:00,775 : INFO : Machine : MPF path: /Library/Frameworks/Python.framework/Versions/3.9/lib/python3.9/site-packages/mpf
2025-07-06 15:48:00,775 : INFO : Machine : Machine path: /Users/ruben/Pinball/mpf-pinball
2025-07-06 15:48:00,775 : INFO : Machine : Platform: darwin
2025-07-06 15:48:00,775 : INFO : Machine : Python executable location: /Library/Frameworks/Python.framework/Versions/3.9/bin/python3.9
2025-07-06 15:48:00,775 : INFO : Machine : Python version: 3.9.13 (64-bit)
2025-07-06 15:48:00,776 : INFO : Machine : Initializing MPF...
2025-07-06 15:48:00,801 : INFO : EventManager : Event: ======'machine_var_credits_string'====== Args={'value': 'FREE PLAY', 'prev_value': None, 'change': True}
2025-07-06 15:48:00,818 : INFO : EventManager : Event: ======'machine_var_master_volume'====== Args={'value': 0.5, 'prev_value': None, 'change': True}
2025-07-06 15:48:00,818 : INFO : EventManager : Event: ======'machine_var_player1_score'====== Args={'value': 0, 'prev_value': None, 'change': True}
2025-07-06 15:48:00,818 : INFO : EventManager : Event: ======'machine_var_mpf_version'====== Args={'value': 'Mission Pinball Framework v0.57.3', 'prev_value': None, 'change': True}
2025-07-06 15:48:00,818 : INFO : EventManager : Event: ======'machine_var_mpf_extended_version'====== Args={'value': 'Mission Pinball Framework v0.57.3, Config version:6, Show version: 6, BCP version:1.1', 'prev_value': None, 'change': True}
2025-07-06 15:48:00,818 : INFO : EventManager : Event: ======'machine_var_python_version'====== Args={'value': '3.9.13', 'prev_value': None, 'change': True}
2025-07-06 15:48:00,827 : INFO : EventManager : Event: ======'machine_var_platform'====== Args={'value': 'macOS-15.5-arm64-arm-64bit', 'prev_value': None, 'change': True}
2025-07-06 15:48:00,827 : INFO : EventManager : Event: ======'machine_var_platform_system'====== Args={'value': 'Darwin', 'prev_value': None, 'change': True}
2025-07-06 15:48:00,828 : INFO : EventManager : Event: ======'machine_var_platform_release'====== Args={'value': '24.5.0', 'prev_value': None, 'change': True}
2025-07-06 15:48:00,828 : INFO : EventManager : Event: ======'machine_var_platform_version'====== Args={'value': 'Darwin Kernel Version 24.5.0: Tue Apr 22 19:54:49 PDT 2025; root:xnu-11417.121.6~2/RELEASE_ARM64_T6000', 'prev_value': None, 'change': True}
2025-07-06 15:48:00,828 : INFO : EventManager : Event: ======'machine_var_platform_machine'====== Args={'value': 'arm64', 'prev_value': None, 'change': True}
2025-07-06 15:48:00,828 : INFO : EventManager : Event: ======'init_phase_1'====== Args={}
2025-07-06 15:48:00,840 : INFO : EventManager : Event: ======'init_phase_2'====== Args={}
2025-07-06 15:48:00,843 : INFO : EventManager : Event: ======'bcp_connection_attempt'====== Args={'name': 'local_display', 'host': 'localhost', 'port': 5050}
2025-07-06 15:48:00,844 : INFO : BCPClientSocket : Connecting BCP to 'local_display' at localhost:5050...
2025-07-06 15:48:01,869 : INFO : BCPClientSocket : Connected BCP to 'local_display' localhost:5050
2025-07-06 15:48:01,870 : INFO : EventManager : Event: ======'bcp_clients_connected'====== Args={}
2025-07-06 15:48:01,871 : INFO : ball_device.bd_trough : BCH: Initial count: 0
2025-07-06 15:48:01,871 : INFO : ball_device.bd_trough : State: idle
2025-07-06 15:48:01,876 : INFO : EventManager : Event: ======'init_phase_3'====== Args={}
2025-07-06 15:48:01,881 : INFO : EventManager : Event: ======'machine_var_mc_version'====== Args={'value': 'MPF-MC v0.57.1', 'prev_value': None, 'change': True}
2025-07-06 15:48:01,881 : INFO : EventManager : Event: ======'machine_var_mc_extended_version'====== Args={'value': 'MPF-MC v0.57.1 (config_version=6, BCP v1.1,                      Requires MPF API compatibility v0.57.0 or newer)', 'prev_value': None, 'change': True}
2025-07-06 15:48:01,883 : INFO : EventManager : Event: ======'init_phase_4'====== Args={}
2025-07-06 15:48:01,887 : INFO : BallController : Initial balls found: 0
2025-07-06 15:48:01,888 : INFO : EventManager : Event: ======'machine_var_audits_events_game_ended'====== Args={'value': 53, 'prev_value': None, 'change': True}
2025-07-06 15:48:01,888 : INFO : EventManager : Event: ======'machine_var_audits_events_game_started'====== Args={'value': 152, 'prev_value': None, 'change': True}
2025-07-06 15:48:01,888 : INFO : EventManager : Event: ======'machine_var_audits_missing_switches_s_left_flipper'====== Args={'value': 52, 'prev_value': None, 'change': True}
2025-07-06 15:48:01,888 : INFO : EventManager : Event: ======'machine_var_audits_missing_switches_s_left_inlane_1'====== Args={'value': 2, 'prev_value': None, 'change': True}
2025-07-06 15:48:01,888 : INFO : EventManager : Event: ======'machine_var_audits_missing_switches_s_left_inlane_2'====== Args={'value': 2, 'prev_value': None, 'change': True}
2025-07-06 15:48:01,889 : INFO : EventManager : Event: ======'machine_var_audits_missing_switches_s_left_outlane'====== Args={'value': 2, 'prev_value': None, 'change': True}
2025-07-06 15:48:01,889 : INFO : EventManager : Event: ======'machine_var_audits_missing_switches_s_pop1'====== Args={'value': 63, 'prev_value': None, 'change': True}
2025-07-06 15:48:01,889 : INFO : EventManager : Event: ======'machine_var_audits_missing_switches_s_pop2'====== Args={'value': 63, 'prev_value': None, 'change': True}
2025-07-06 15:48:01,889 : INFO : EventManager : Event: ======'machine_var_audits_missing_switches_s_pop3'====== Args={'value': 63, 'prev_value': None, 'change': True}
2025-07-06 15:48:01,889 : INFO : EventManager : Event: ======'machine_var_audits_missing_switches_s_pop4'====== Args={'value': 52, 'prev_value': None, 'change': True}
2025-07-06 15:48:01,889 : INFO : EventManager : Event: ======'machine_var_audits_missing_switches_s_pop5'====== Args={'value': 6, 'prev_value': None, 'change': True}
2025-07-06 15:48:01,889 : INFO : EventManager : Event: ======'machine_var_audits_missing_switches_s_right_flipper'====== Args={'value': 51, 'prev_value': None, 'change': True}
2025-07-06 15:48:01,889 : INFO : EventManager : Event: ======'machine_var_audits_missing_switches_s_right_inlane'====== Args={'value': 1, 'prev_value': None, 'change': True}
2025-07-06 15:48:01,889 : INFO : EventManager : Event: ======'machine_var_audits_missing_switches_s_right_outlane'====== Args={'value': 2, 'prev_value': None, 'change': True}
2025-07-06 15:48:01,890 : INFO : EventManager : Event: ======'machine_var_audits_missing_switches_s_startButton'====== Args={'value': 42, 'prev_value': None, 'change': True}
2025-07-06 15:48:01,890 : INFO : EventManager : Event: ======'machine_var_audits_missing_switches_s_trough1'====== Args={'value': 45, 'prev_value': None, 'change': True}
2025-07-06 15:48:01,890 : INFO : EventManager : Event: ======'machine_var_audits_missing_switches_s_trough2'====== Args={'value': 10, 'prev_value': None, 'change': True}
2025-07-06 15:48:01,890 : INFO : EventManager : Event: ======'machine_var_audits_missing_switches_s_trough3'====== Args={'value': 10, 'prev_value': None, 'change': True}
2025-07-06 15:48:01,890 : INFO : EventManager : Event: ======'machine_var_audits_missing_switches_s_trough4'====== Args={'value': 10, 'prev_value': None, 'change': True}
2025-07-06 15:48:01,890 : INFO : EventManager : Event: ======'machine_var_audits_missing_switches_s_trough5'====== Args={'value': 9, 'prev_value': None, 'change': True}
2025-07-06 15:48:01,891 : INFO : EventManager : Event: ======'machine_var_audits_player_score'====== Args={'value': {'average': 0, 'top': [0, 0, 0, 0, 0, 0, 0, 0, 0, 0], 'total': 53}, 'prev_value': None, 'change': True}
2025-07-06 15:48:01,891 : INFO : EventManager : Event: ======'machine_var_audits_shots_my_first_shot'====== Args={'value': 5, 'prev_value': None, 'change': True}
2025-07-06 15:48:01,891 : INFO : EventManager : Event: ======'machine_var_audits_shots_shot_right_inlane'====== Args={'value': 1, 'prev_value': None, 'change': True}
2025-07-06 15:48:01,891 : INFO : EventManager : Event: ======'machine_var_audits_shots_shot_right_scoop'====== Args={'value': 4, 'prev_value': None, 'change': True}
2025-07-06 15:48:01,891 : INFO : EventManager : Event: ======'machine_var_audits_shots_shot_target_g'====== Args={'value': 14, 'prev_value': None, 'change': True}
2025-07-06 15:48:01,891 : INFO : EventManager : Event: ======'machine_var_audits_shots_shot_target_r'====== Args={'value': 13, 'prev_value': None, 'change': True}
2025-07-06 15:48:01,891 : INFO : EventManager : Event: ======'machine_var_audits_switches_s_center_scoop'====== Args={'value': 4, 'prev_value': None, 'change': True}
2025-07-06 15:48:01,891 : INFO : EventManager : Event: ======'machine_var_audits_switches_s_drop_bank1'====== Args={'value': 140, 'prev_value': None, 'change': True}
2025-07-06 15:48:01,892 : INFO : EventManager : Event: ======'machine_var_audits_switches_s_left_flipper'====== Args={'value': 2284, 'prev_value': None, 'change': True}
2025-07-06 15:48:01,892 : INFO : EventManager : Event: ======'machine_var_audits_switches_s_left_inlane1'====== Args={'value': 2, 'prev_value': None, 'change': True}
2025-07-06 15:48:01,892 : INFO : EventManager : Event: ======'machine_var_audits_switches_s_left_inlane2'====== Args={'value': 2, 'prev_value': None, 'change': True}
2025-07-06 15:48:01,892 : INFO : EventManager : Event: ======'machine_var_audits_switches_s_left_inlane_1'====== Args={'value': 1, 'prev_value': None, 'change': True}
2025-07-06 15:48:01,892 : INFO : EventManager : Event: ======'machine_var_audits_switches_s_left_inlane_2'====== Args={'value': 2, 'prev_value': None, 'change': True}
2025-07-06 15:48:01,892 : INFO : EventManager : Event: ======'machine_var_audits_switches_s_left_outlane'====== Args={'value': 1, 'prev_value': None, 'change': True}
2025-07-06 15:48:01,892 : INFO : EventManager : Event: ======'machine_var_audits_switches_s_left_slingshot'====== Args={'value': 420, 'prev_value': None, 'change': True}
2025-07-06 15:48:01,893 : INFO : EventManager : Event: ======'machine_var_audits_switches_s_plunger'====== Args={'value': 5, 'prev_value': None, 'change': True}
2025-07-06 15:48:01,893 : INFO : EventManager : Event: ======'machine_var_audits_switches_s_pop1'====== Args={'value': 0, 'prev_value': None, 'change': True}
2025-07-06 15:48:01,893 : INFO : EventManager : Event: ======'machine_var_audits_switches_s_pop2'====== Args={'value': 0, 'prev_value': None, 'change': True}
2025-07-06 15:48:01,893 : INFO : EventManager : Event: ======'machine_var_audits_switches_s_pop3'====== Args={'value': 0, 'prev_value': None, 'change': True}
2025-07-06 15:48:01,893 : INFO : EventManager : Event: ======'machine_var_audits_switches_s_pop4'====== Args={'value': 3, 'prev_value': None, 'change': True}
2025-07-06 15:48:01,893 : INFO : EventManager : Event: ======'machine_var_audits_switches_s_pop5'====== Args={'value': 4, 'prev_value': None, 'change': True}
2025-07-06 15:48:01,894 : INFO : EventManager : Event: ======'machine_var_audits_switches_s_pop_bot'====== Args={'value': 426, 'prev_value': None, 'change': True}
2025-07-06 15:48:01,894 : INFO : EventManager : Event: ======'machine_var_audits_switches_s_pop_mid'====== Args={'value': 351, 'prev_value': None, 'change': True}
2025-07-06 15:48:01,894 : INFO : EventManager : Event: ======'machine_var_audits_switches_s_pop_top'====== Args={'value': 302, 'prev_value': None, 'change': True}
2025-07-06 15:48:01,894 : INFO : EventManager : Event: ======'machine_var_audits_switches_s_right_flipper'====== Args={'value': 2339, 'prev_value': None, 'change': True}
2025-07-06 15:48:01,894 : INFO : EventManager : Event: ======'machine_var_audits_switches_s_right_inlane'====== Args={'value': 88, 'prev_value': None, 'change': True}
2025-07-06 15:48:01,894 : INFO : EventManager : Event: ======'machine_var_audits_switches_s_right_outlane'====== Args={'value': 4, 'prev_value': None, 'change': True}
2025-07-06 15:48:01,894 : INFO : EventManager : Event: ======'machine_var_audits_switches_s_right_scoop'====== Args={'value': 4, 'prev_value': None, 'change': True}
2025-07-06 15:48:01,895 : INFO : EventManager : Event: ======'machine_var_audits_switches_s_right_slingshot'====== Args={'value': 367, 'prev_value': None, 'change': True}
2025-07-06 15:48:01,895 : INFO : EventManager : Event: ======'machine_var_audits_switches_s_scoop_center'====== Args={'value': 2, 'prev_value': None, 'change': True}
2025-07-06 15:48:01,895 : INFO : EventManager : Event: ======'machine_var_audits_switches_s_scoop_lower'====== Args={'value': 220, 'prev_value': None, 'change': True}
2025-07-06 15:48:01,895 : INFO : EventManager : Event: ======'machine_var_audits_switches_s_scoop_right'====== Args={'value': 1, 'prev_value': None, 'change': True}
2025-07-06 15:48:01,895 : INFO : EventManager : Event: ======'machine_var_audits_switches_s_shooter_lane'====== Args={'value': 15, 'prev_value': None, 'change': True}
2025-07-06 15:48:01,895 : INFO : EventManager : Event: ======'machine_var_audits_switches_s_startButton'====== Args={'value': 37, 'prev_value': None, 'change': True}
2025-07-06 15:48:01,895 : INFO : EventManager : Event: ======'machine_var_audits_switches_s_target_g'====== Args={'value': 18, 'prev_value': None, 'change': True}
2025-07-06 15:48:01,895 : INFO : EventManager : Event: ======'machine_var_audits_switches_s_target_r'====== Args={'value': 13, 'prev_value': None, 'change': True}
2025-07-06 15:48:01,896 : INFO : EventManager : Event: ======'machine_var_audits_switches_s_trough1'====== Args={'value': 318, 'prev_value': None, 'change': True}
2025-07-06 15:48:01,896 : INFO : EventManager : Event: ======'machine_var_audits_switches_s_trough2'====== Args={'value': 1, 'prev_value': None, 'change': True}
2025-07-06 15:48:01,896 : INFO : EventManager : Event: ======'machine_var_audits_switches_s_trough3'====== Args={'value': 1, 'prev_value': None, 'change': True}
2025-07-06 15:48:01,896 : INFO : EventManager : Event: ======'machine_var_audits_switches_s_trough4'====== Args={'value': 1, 'prev_value': None, 'change': True}
2025-07-06 15:48:01,896 : INFO : EventManager : Event: ======'machine_var_audits_switches_s_trough5'====== Args={'value': 1, 'prev_value': None, 'change': True}
2025-07-06 15:48:01,897 : INFO : EventManager : Event: ======'init_phase_5'====== Args={}
2025-07-06 15:48:01,897 : INFO : EventManager : Event: ======'init_done'====== Args={}
2025-07-06 15:48:01,897 : INFO : EventManager : Event: ======'machine_reset_phase_1'====== Args={}
2025-07-06 15:48:01,902 : INFO : EventManager : Event: ======'machine_reset_phase_2'====== Args={}
2025-07-06 15:48:01,902 : INFO : EventManager : Event: ======'machine_reset_phase_3'====== Args={}
2025-07-06 15:48:01,903 : INFO : EventManager : Event: ======'reset_complete'====== Args={}
2025-07-06 15:48:01,903 : INFO : EventManager : Event: ======'mode_attract_will_start'====== Args={}
2025-07-06 15:48:01,903 : INFO : EventManager : Event: ======'mode_attract_starting'====== Args={}
2025-07-06 15:48:01,903 : INFO : Mode.attract : Started. Priority: 10
2025-07-06 15:48:01,903 : INFO : EventManager : Event: ======'modes_active_modes_changed'====== Args={}
2025-07-06 15:48:01,903 : INFO : EventManager : Event: ======'mode_attract_started'====== Args={}
2025-07-06 15:48:01,904 : INFO : EventManager : Event: ======'collecting_balls_complete'====== Args={}
2025-07-06 15:48:01,904 : INFO : Machine : Starting the main run loop with active modes: [<Mode.attract>]
2025-07-06 15:48:01,917 : INFO : EventManager : Event: ======'slide_awesome_slide_created'====== Args={'_from_bcp': True}
2025-07-06 15:48:01,929 : INFO : EventManager : Event: ======'slide_awesome_slide_active'====== Args={'_from_bcp': True}
2025-07-06 15:48:02,435 : INFO : BcpServer : New client connected.
2025-07-06 15:48:04,762 : INFO : SwitchController : <<<<<<< 's_trough1' active >>>>>>>
2025-07-06 15:48:04,933 : INFO : EventManager : Event: ======'slide_press_start_created'====== Args={'_from_bcp': True}
2025-07-06 15:48:04,948 : INFO : EventManager : Event: ======'slide_press_start_active'====== Args={'_from_bcp': True}
2025-07-06 15:48:05,263 : INFO : EventManager : Event: ======'balldevice_bd_trough_ball_count_changed'====== Args={'balls': 1}
2025-07-06 15:48:05,263 : INFO : ball_device.bd_trough : Received unexpected ball
2025-07-06 15:48:05,263 : INFO : EventManager : Event: ======'balldevice_captured_from_playfield'====== Args={'balls': 1}
2025-07-06 15:48:05,264 : INFO : EventManager : Event: ======'sw_playfield_active'====== Args={'balls': 1}
2025-07-06 15:48:05,264 : INFO : EventManager : Event: ======'playfield_active'====== Args={'source': None}
2025-07-06 15:48:05,264 : INFO : EventManager : Event: ======'unexpected_ball_on_playfield'====== Args={}
2025-07-06 15:48:05,265 : INFO : EventManager : Event: ======'playfield_ball_count_change'====== Args={'balls': -1, 'change': -1}
2025-07-06 15:48:05,265 : INFO : EventManager : Event: ======'balldevice_playfield_ball_enter'====== Args={'new_balls': 1, 'unclaimed_balls': 1, 'device': <playfield.playfield>}
2025-07-06 15:48:05,265 : INFO : EventManager : Event: ======'playfield_ball_count_change'====== Args={'balls': 0, 'change': 1}
2025-07-06 15:48:05,266 : INFO : BallController : Found a new ball which was captured from playfield. Known balls: 1
2025-07-06 15:48:05,266 : INFO : EventManager : Event: ======'found_new_ball'====== Args={}
2025-07-06 15:48:05,266 : INFO : EventManager : Event: ======'balldevice_bd_trough_ball_enter'====== Args={'new_balls': 1, 'unclaimed_balls': 1, 'new_available_balls': 1, 'device': <ball_device.bd_trough>}
2025-07-06 15:48:05,266 : INFO : EventManager : Event: ======'ball_drain'====== Args={'device': <ball_device.bd_trough>, 'balls': 1}
2025-07-06 15:48:05,266 : INFO : EventManager : Event: ======'balldevice_balls_available'====== Args={}
2025-07-06 15:48:05,267 : INFO : EventManager : Event: ======'balldevice_bd_trough_ball_entered'====== Args={'new_balls': 1, 'device': <ball_device.bd_trough>}
2025-07-06 15:48:05,719 : INFO : SwitchController : <<<<<<< 's_startButton' active >>>>>>>
2025-07-06 15:48:05,826 : INFO : SwitchController : <<<<<<< 's_startButton' inactive >>>>>>>
2025-07-06 15:48:05,826 : INFO : EventManager : Event: ======'request_to_start_game'====== Args={}
2025-07-06 15:48:05,826 : INFO : EventManager : Event: ======'game_start'====== Args={'buttons': [], 'hold_time': 0.10653820799999991}
2025-07-06 15:48:05,827 : INFO : EventManager : Event: ======'mode_game_will_start'====== Args={'buttons': [], 'hold_time': 0.10653820799999991}
2025-07-06 15:48:05,827 : INFO : EventManager : Event: ======'mode_game_starting'====== Args={'buttons': [], 'hold_time': 0.10653820799999991}
2025-07-06 15:48:05,827 : INFO : EventManager : Event: ======'mode_attract_will_stop'====== Args={}
2025-07-06 15:48:05,828 : INFO : EventManager : Event: ======'mode_attract_stopping'====== Args={}
2025-07-06 15:48:05,828 : INFO : Mode.attract : Stopped.
2025-07-06 15:48:05,828 : INFO : EventManager : Event: ======'modes_active_modes_changed'====== Args={}
2025-07-06 15:48:05,828 : INFO : EventManager : Event: ======'mode_attract_stopped'====== Args={}
2025-07-06 15:48:05,829 : INFO : EventManager : Event: ======'clear'====== Args={'key': 'attract'}
2025-07-06 15:48:05,829 : INFO : Mode.game : Started. Priority: 20
2025-07-06 15:48:05,829 : INFO : EventManager : Event: ======'modes_active_modes_changed'====== Args={}
2025-07-06 15:48:05,829 : INFO : EventManager : Event: ======'mode_game_started'====== Args={'buttons': [], 'hold_time': 0.10653820799999991}
2025-07-06 15:48:05,829 : INFO : EventManager : Event: ======'game_will_start'====== Args={}
2025-07-06 15:48:05,830 : INFO : EventManager : Event: ======'game_starting'====== Args={'game': <Mode.game>}
2025-07-06 15:48:05,830 : INFO : EventManager : Unordered handler for class <Auditor> on event game_ended with priority 1. Handlers: [RegisteredHandler(callback=<bound method Auditor.disable of <Auditor>>, priority=1, kwargs={}, key=UUID('bd7e573a-ade4-4204-ad19-ff984fe99d6f'), condition=None, blocking_facility=None), RegisteredHandler(callback=<bound method Auditor._save_audits of <Auditor>>, priority=1, kwargs={}, key=UUID('cddaa8fb-68a8-4a0b-9bec-434bfa3691cc'), condition=None, blocking_facility=None)]. The order of those handlers is not defined and they will be executed in random order. This might lead to race conditions and potential bugs.
2025-07-06 15:48:05,830 : INFO : EventManager : Event: ======'player_add_request'====== Args={}
2025-07-06 15:48:05,830 : INFO : EventManager : Event: ======'player_will_add'====== Args={'number': 1}
2025-07-06 15:48:05,831 : INFO : EventManager : Event: ======'player_adding'====== Args={'player': <Player 1>, 'number': 1}
2025-07-06 15:48:05,831 : INFO : EventManager : Event: ======'player_added'====== Args={'player': <Player 1>, 'num': 1}
2025-07-06 15:48:05,831 : INFO : Mode.game : Player added successfully. Total players: 1
2025-07-06 15:48:05,831 : INFO : EventManager : Event: ======'player_index'====== Args={'value': 0, 'prev_value': 0, 'change': 0, 'player_num': 1}
2025-07-06 15:48:05,831 : INFO : EventManager : Event: ======'player_number'====== Args={'value': 1, 'prev_value': 1, 'change': 0, 'player_num': 1}
2025-07-06 15:48:05,831 : INFO : EventManager : Event: ======'player_score'====== Args={'value': 0, 'prev_value': 0, 'change': 0, 'player_num': 1}
2025-07-06 15:48:05,832 : INFO : EventManager : Event: ======'game_started'====== Args={}
2025-07-06 15:48:05,832 : INFO : EventManager : Event: ======'player_turn_will_start'====== Args={'player': <Player 1>, 'number': 1}
2025-07-06 15:48:05,835 : INFO : EventManager : Event: ======'player_turn_starting'====== Args={'player': <Player 1>, 'number': 1}
2025-07-06 15:48:05,835 : INFO : EventManager : Event: ======'player_ball'====== Args={'value': 1, 'prev_value': 0, 'change': 1, 'player_num': 1}
2025-07-06 15:48:05,835 : INFO : EventManager : Event: ======'player_turn_started'====== Args={'player': <Player 1>, 'number': 1}
2025-07-06 15:48:05,836 : INFO : EventManager : Event: ======'ball_will_start'====== Args={'player': 1, 'ball': 1, 'balls_remaining': 2, 'is_extra_ball': False}
2025-07-06 15:48:05,836 : INFO : EventManager : Event: ======'ball_starting'====== Args={'player': 1, 'ball': 1, 'balls_remaining': 2, 'is_extra_ball': False}
2025-07-06 15:48:05,839 : INFO : EventManager : Event: ======'slide_awesome_slide_removed'====== Args={'_from_bcp': True}
2025-07-06 15:48:05,839 : INFO : EventManager : Event: ======'slide_press_start_removed'====== Args={'_from_bcp': True}
2025-07-06 15:48:05,840 : INFO : EventManager : Event: ======'slide_window_blank_active'====== Args={'_from_bcp': True}
2025-07-06 15:48:05,840 : INFO : EventManager : Event: ======'mode_grave_targets_will_start'====== Args={'queue': <QueuedEvent>, 'player': 1, 'ball': 1, 'balls_remaining': 2, 'is_extra_ball': False}
2025-07-06 15:48:05,840 : INFO : EventManager : Event: ======'grave_targets_group_complete'====== Args={'state': 'None'}
2025-07-06 15:48:05,840 : INFO : EventManager : Event: ======'grave_targets_group_None_complete'====== Args={}
2025-07-06 15:48:05,840 : INFO : EventManager : Event: ======'player_shot_shot_target_g_enabled'====== Args={'value': True, 'prev_value': 0, 'change': 1, 'player_num': 1}
2025-07-06 15:48:05,841 : INFO : EventManager : Event: ======'player_shot_shot_target_r_enabled'====== Args={'value': True, 'prev_value': 0, 'change': 1, 'player_num': 1}
2025-07-06 15:48:05,841 : INFO : EventManager : Event: ======'player_shot_shot_right_scoop_enabled'====== Args={'value': False, 'prev_value': 0, 'change': 0, 'player_num': 1}
2025-07-06 15:48:05,842 : INFO : EventManager : Event: ======'mode_grave_targets_starting'====== Args={'queue': <QueuedEvent>, 'player': 1, 'ball': 1, 'balls_remaining': 2, 'is_extra_ball': False}
2025-07-06 15:48:05,842 : INFO : EventManager : Event: ======'mode_base_will_start'====== Args={'queue': <QueuedEvent>, 'player': 1, 'ball': 1, 'balls_remaining': 2, 'is_extra_ball': False}
2025-07-06 15:48:05,842 : INFO : EventManager : Event: ======'player_shot_shot_right_outlane_enabled'====== Args={'value': True, 'prev_value': 0, 'change': 1, 'player_num': 1}
2025-07-06 15:48:05,842 : INFO : EventManager : Event: ======'player_shot_shot_right_inlane_enabled'====== Args={'value': True, 'prev_value': 0, 'change': 1, 'player_num': 1}
2025-07-06 15:48:05,843 : INFO : EventManager : Event: ======'player_shot_shot_left_inlane_1_enabled'====== Args={'value': True, 'prev_value': 0, 'change': 1, 'player_num': 1}
2025-07-06 15:48:05,843 : INFO : EventManager : Event: ======'player_shot_shot_left_inlane_2_enabled'====== Args={'value': True, 'prev_value': 0, 'change': 1, 'player_num': 1}
2025-07-06 15:48:05,843 : INFO : EventManager : Event: ======'player_shot_shot_left_outlane_enabled'====== Args={'value': True, 'prev_value': 0, 'change': 1, 'player_num': 1}
2025-07-06 15:48:05,843 : INFO : EventManager : Event: ======'player_shot_shot_pop1_enabled'====== Args={'value': True, 'prev_value': 0, 'change': 1, 'player_num': 1}
2025-07-06 15:48:05,843 : INFO : EventManager : Event: ======'player_shot_shot_pop2_enabled'====== Args={'value': True, 'prev_value': 0, 'change': 1, 'player_num': 1}
2025-07-06 15:48:05,844 : INFO : EventManager : Event: ======'player_shot_shot_pop3_enabled'====== Args={'value': True, 'prev_value': 0, 'change': 1, 'player_num': 1}
2025-07-06 15:48:05,844 : INFO : EventManager : Event: ======'player_shot_shot_pop4_enabled'====== Args={'value': True, 'prev_value': 0, 'change': 1, 'player_num': 1}
2025-07-06 15:48:05,844 : INFO : EventManager : Event: ======'player_shot_shot_pop5_enabled'====== Args={'value': True, 'prev_value': 0, 'change': 1, 'player_num': 1}
2025-07-06 15:48:05,845 : INFO : EventManager : Event: ======'mode_base_starting'====== Args={'queue': <QueuedEvent>, 'player': 1, 'ball': 1, 'balls_remaining': 2, 'is_extra_ball': False}
2025-07-06 15:48:05,845 : INFO : EventManager : Event: ======'player_shot_shot_right_scoop_enabled'====== Args={'value': True, 'prev_value': False, 'change': 1, 'player_num': 1}
2025-07-06 15:48:05,845 : INFO : Mode.base : Started. Priority: 100
2025-07-06 15:48:05,845 : INFO : EventManager : Event: ======'modes_active_modes_changed'====== Args={}
2025-07-06 15:48:05,845 : INFO : EventManager : Event: ======'mode_base_started'====== Args={'queue': <QueuedEvent>, 'player': 1, 'ball': 1, 'balls_remaining': 2, 'is_extra_ball': False}
2025-07-06 15:48:05,846 : INFO : Mode.grave_targets : Started. Priority: 200
2025-07-06 15:48:05,846 : INFO : EventManager : Event: ======'modes_active_modes_changed'====== Args={}
2025-07-06 15:48:05,846 : INFO : EventManager : Event: ======'mode_grave_targets_started'====== Args={'queue': <QueuedEvent>, 'player': 1, 'ball': 1, 'balls_remaining': 2, 'is_extra_ball': False}
2025-07-06 15:48:05,847 : INFO : EventManager : Event: ======'balls_in_play'====== Args={'balls': 1}
2025-07-06 15:48:05,847 : INFO : EventManager : Event: ======'ball_started'====== Args={'player': 1, 'ball': 1, 'balls_remaining': 2, 'is_extra_ball': False}
2025-07-06 15:48:05,847 : INFO : EventManager : Event: ======'single_player_ball_started'====== Args={}
2025-07-06 15:48:05,847 : INFO : EventManager : Event: ======'ball_start_target'====== Args={'target': 'playfield'}
2025-07-06 15:48:05,847 : INFO : ball_device.bd_trough : Setting up player-controlled eject. Balls: 1, Target: <playfield.playfield>, player_controlled_eject_event: None
2025-07-06 15:48:05,847 : INFO : ball_device.bd_trough : Adding 1 ball(s) to the eject_queue with target <playfield.playfield>.
2025-07-06 15:48:05,847 : INFO : EventManager : Event: ======'balldevice_balls_available'====== Args={}
2025-07-06 15:48:05,848 : INFO : ball_device.bd_trough : State: waiting_for_target_ready
2025-07-06 15:48:05,848 : INFO : EventManager : Event: ======'balldevice_bd_trough_ball_eject_attempt'====== Args={'balls': 1, 'target': <playfield.playfield>, 'source': <ball_device.bd_trough>, 'mechanical_eject': False, 'num_attempts': 0}
2025-07-06 15:48:05,849 : INFO : ball_device.bd_trough : State: ejecting
2025-07-06 15:48:05,849 : INFO : ball_device.bd_trough : Ejecting ball to <playfield.playfield>
2025-07-06 15:48:05,849 : INFO : EventManager : Event: ======'balldevice_bd_trough_ejecting_ball'====== Args={'balls': 1, 'target': <playfield.playfield>, 'source': <ball_device.bd_trough>, 'mechanical_eject': False, 'num_attempts': 0}
2025-07-06 15:48:05,849 : INFO : ball_device.bd_trough : Wait for ball to leave device
2025-07-06 15:48:05,849 : INFO : coil.c_trough_eject : Pulsing Driver for 35ms (1.0 pulse_power)
2025-07-06 15:48:05,850 : INFO : SwitchController : <<<<<<< 's_trough1' inactive >>>>>>>
2025-07-06 15:48:05,850 : INFO : ball_device.bd_trough : State: ball_left
2025-07-06 15:48:05,850 : INFO : ball_device.bd_trough : Ball left
2025-07-06 15:48:05,850 : INFO : ball_device.bd_trough : Wait for confirm with timeout 10.0
2025-07-06 15:48:05,856 : INFO : EventManager : Event: ======'slide_base.slide_player-mode_base_started_created'====== Args={'_from_bcp': True}
2025-07-06 15:48:05,856 : INFO : EventManager : Event: ======'slide_base.slide_player-mode_base_started_active'====== Args={'_from_bcp': True}
2025-07-06 15:48:07,157 : INFO : SwitchController : <<<<<<< 's_target_g' active >>>>>>>
2025-07-06 15:48:07,157 : INFO : EventManager : Event: ======'playfield_active'====== Args={'source': 'shot_target_g'}
2025-07-06 15:48:07,158 : INFO : EventManager : Event: ======'s_target_g_active'====== Args={}
2025-07-06 15:48:07,158 : INFO : EventManager : Event: ======'sw_playfield_active'====== Args={}
2025-07-06 15:48:07,158 : INFO : EventManager : Event: ======'machine_var_audits_switches_s_target_g'====== Args={'value': 19, 'prev_value': 18, 'change': 1}
2025-07-06 15:48:07,160 : INFO : EventManager : Event: ======'player_shot_shot_target_g'====== Args={'value': 1, 'prev_value': 0, 'change': 1, 'player_num': 1}
2025-07-06 15:48:07,165 : INFO : EventManager : Event: ======'machine_var_audits_shots_shot_target_g'====== Args={'value': 15, 'prev_value': 14, 'change': 1}
2025-07-06 15:48:07,166 : INFO : EventManager : Event: ======'shot_target_g_hit'====== Args={'profile': 'target_profile', 'state': 'unlit', 'advancing': True}
2025-07-06 15:48:07,166 : INFO : EventManager : Event: ======'shot_target_g_target_profile_hit'====== Args={'profile': 'target_profile', 'state': 'unlit', 'advancing': True}
2025-07-06 15:48:07,166 : INFO : EventManager : Event: ======'shot_target_g_target_profile_unlit_hit'====== Args={'profile': 'target_profile', 'state': 'unlit', 'advancing': True}
2025-07-06 15:48:07,166 : INFO : EventManager : Event: ======'shot_target_g_unlit_hit'====== Args={'profile': 'target_profile', 'state': 'unlit', 'advancing': True}
2025-07-06 15:48:07,166 : INFO : EventManager : Event: ======'player_score'====== Args={'value': 100, 'prev_value': 0, 'change': 100, 'player_num': 1, 'source': 'grave_targets'}
2025-07-06 15:48:07,167 : INFO : EventManager : Event: ======'player_score'====== Args={'value': 1100, 'prev_value': 100, 'change': 1000, 'player_num': 1, 'source': 'base'}
2025-07-06 15:48:07,167 : INFO : EventManager : Event: ======'grave_targets_group_hit'====== Args={}
2025-07-06 15:48:07,167 : INFO : EventManager : Event: ======'grave_targets_group_unlit_hit'====== Args={}
2025-07-06 15:48:07,168 : INFO : EventManager : Event: ======'playfield_active'====== Args={'source': None}
2025-07-06 15:48:07,168 : INFO : ball_device.bd_trough : Got eject confirm
2025-07-06 15:48:07,168 : INFO : ball_device.bd_trough : Eject successful
2025-07-06 15:48:07,168 : INFO : EventManager : Event: ======'balldevice_bd_trough_ball_eject_success'====== Args={'balls': 1, 'target': <playfield.playfield>}
2025-07-06 15:48:07,168 : INFO : EventManager : Event: ======'balldevice_playfield_ball_enter'====== Args={'new_balls': 1, 'unclaimed_balls': 1, 'device': <playfield.playfield>}
2025-07-06 15:48:07,168 : INFO : EventManager : Event: ======'playfield_ball_count_change'====== Args={'balls': 1, 'change': 1}
2025-07-06 15:48:07,169 : INFO : EventManager : Event: ======'balldevice_bd_trough_ball_count_changed'====== Args={'balls': 0}
2025-07-06 15:48:07,169 : INFO : ball_device.bd_trough : State: idle
2025-07-06 15:48:07,259 : INFO : SwitchController : <<<<<<< 's_target_g' inactive >>>>>>>
2025-07-06 15:48:07,896 : INFO : SwitchController : <<<<<<< 's_target_r' active >>>>>>>
2025-07-06 15:48:07,897 : INFO : EventManager : Event: ======'s_target_r_active'====== Args={}
2025-07-06 15:48:07,897 : INFO : EventManager : Event: ======'sw_playfield_active'====== Args={}
2025-07-06 15:48:07,898 : INFO : EventManager : Event: ======'machine_var_audits_switches_s_target_r'====== Args={'value': 14, 'prev_value': 13, 'change': 1}
2025-07-06 15:48:07,899 : INFO : EventManager : Event: ======'player_shot_shot_target_r'====== Args={'value': 1, 'prev_value': 0, 'change': 1, 'player_num': 1}
2025-07-06 15:48:07,900 : INFO : EventManager : Event: ======'machine_var_audits_shots_shot_target_r'====== Args={'value': 14, 'prev_value': 13, 'change': 1}
2025-07-06 15:48:07,900 : INFO : EventManager : Event: ======'shot_target_r_hit'====== Args={'profile': 'target_profile', 'state': 'unlit', 'advancing': True}
2025-07-06 15:48:07,901 : INFO : EventManager : Event: ======'shot_target_r_target_profile_hit'====== Args={'profile': 'target_profile', 'state': 'unlit', 'advancing': True}
2025-07-06 15:48:07,901 : INFO : EventManager : Event: ======'shot_target_r_target_profile_unlit_hit'====== Args={'profile': 'target_profile', 'state': 'unlit', 'advancing': True}
2025-07-06 15:48:07,901 : INFO : EventManager : Event: ======'shot_target_r_unlit_hit'====== Args={'profile': 'target_profile', 'state': 'unlit', 'advancing': True}
2025-07-06 15:48:07,901 : INFO : EventManager : Event: ======'grave_targets_group_complete'====== Args={'state': 'lit'}
2025-07-06 15:48:07,901 : INFO : EventManager : Event: ======'grave_targets_group_lit_complete'====== Args={}
2025-07-06 15:48:07,902 : INFO : EventManager : Event: ======'player_score'====== Args={'value': 1200, 'prev_value': 1100, 'change': 100, 'player_num': 1, 'source': 'grave_targets'}
2025-07-06 15:48:07,902 : INFO : EventManager : Event: ======'player_score'====== Args={'value': 2200, 'prev_value': 1200, 'change': 1000, 'player_num': 1, 'source': 'base'}
2025-07-06 15:48:07,902 : INFO : EventManager : Event: ======'grave_targets_group_hit'====== Args={}
2025-07-06 15:48:07,902 : INFO : EventManager : Event: ======'grave_targets_group_unlit_hit'====== Args={}
2025-07-06 15:48:08,005 : INFO : SwitchController : <<<<<<< 's_target_r' inactive >>>>>>>
2025-07-06 15:48:10,007 : INFO : SwitchController : <<<<<<< 's_target_g' active >>>>>>>
2025-07-06 15:48:10,007 : INFO : EventManager : Event: ======'s_target_g_active'====== Args={}
2025-07-06 15:48:10,008 : INFO : EventManager : Event: ======'sw_playfield_active'====== Args={}
2025-07-06 15:48:10,008 : INFO : EventManager : Event: ======'machine_var_audits_switches_s_target_g'====== Args={'value': 20, 'prev_value': 19, 'change': 1}
2025-07-06 15:48:10,010 : INFO : EventManager : Event: ======'machine_var_audits_shots_shot_target_g'====== Args={'value': 16, 'prev_value': 15, 'change': 1}
2025-07-06 15:48:10,010 : INFO : EventManager : Event: ======'shot_target_g_hit'====== Args={'profile': 'target_profile', 'state': 'lit', 'advancing': False}
2025-07-06 15:48:10,015 : INFO : EventManager : Event: ======'shot_target_g_target_profile_hit'====== Args={'profile': 'target_profile', 'state': 'lit', 'advancing': False}
2025-07-06 15:48:10,015 : INFO : EventManager : Event: ======'shot_target_g_target_profile_lit_hit'====== Args={'profile': 'target_profile', 'state': 'lit', 'advancing': False}
2025-07-06 15:48:10,015 : INFO : EventManager : Event: ======'shot_target_g_lit_hit'====== Args={'profile': 'target_profile', 'state': 'lit', 'advancing': False}
2025-07-06 15:48:10,016 : INFO : EventManager : Event: ======'player_score'====== Args={'value': 2300, 'prev_value': 2200, 'change': 100, 'player_num': 1, 'source': 'grave_targets'}
2025-07-06 15:48:10,016 : INFO : EventManager : Event: ======'player_score'====== Args={'value': 3300, 'prev_value': 2300, 'change': 1000, 'player_num': 1, 'source': 'base'}
2025-07-06 15:48:10,016 : INFO : EventManager : Event: ======'grave_targets_group_hit'====== Args={}
2025-07-06 15:48:10,016 : INFO : EventManager : Event: ======'grave_targets_group_lit_hit'====== Args={}
2025-07-06 15:48:10,117 : INFO : SwitchController : <<<<<<< 's_target_g' inactive >>>>>>>
2025-07-06 15:48:10,514 : INFO : SwitchController : <<<<<<< 's_target_r' active >>>>>>>
2025-07-06 15:48:10,514 : INFO : EventManager : Event: ======'s_target_r_active'====== Args={}
2025-07-06 15:48:10,515 : INFO : EventManager : Event: ======'sw_playfield_active'====== Args={}
2025-07-06 15:48:10,515 : INFO : EventManager : Event: ======'machine_var_audits_switches_s_target_r'====== Args={'value': 15, 'prev_value': 14, 'change': 1}
2025-07-06 15:48:10,516 : INFO : EventManager : Event: ======'machine_var_audits_shots_shot_target_r'====== Args={'value': 15, 'prev_value': 14, 'change': 1}
2025-07-06 15:48:10,516 : INFO : EventManager : Event: ======'shot_target_r_hit'====== Args={'profile': 'target_profile', 'state': 'lit', 'advancing': False}
2025-07-06 15:48:10,516 : INFO : EventManager : Event: ======'shot_target_r_target_profile_hit'====== Args={'profile': 'target_profile', 'state': 'lit', 'advancing': False}
2025-07-06 15:48:10,516 : INFO : EventManager : Event: ======'shot_target_r_target_profile_lit_hit'====== Args={'profile': 'target_profile', 'state': 'lit', 'advancing': False}
2025-07-06 15:48:10,517 : INFO : EventManager : Event: ======'shot_target_r_lit_hit'====== Args={'profile': 'target_profile', 'state': 'lit', 'advancing': False}
2025-07-06 15:48:10,517 : INFO : EventManager : Event: ======'player_score'====== Args={'value': 3400, 'prev_value': 3300, 'change': 100, 'player_num': 1, 'source': 'grave_targets'}
2025-07-06 15:48:10,517 : INFO : EventManager : Event: ======'player_score'====== Args={'value': 4400, 'prev_value': 3400, 'change': 1000, 'player_num': 1, 'source': 'base'}
2025-07-06 15:48:10,517 : INFO : EventManager : Event: ======'grave_targets_group_hit'====== Args={}
2025-07-06 15:48:10,518 : INFO : EventManager : Event: ======'grave_targets_group_lit_hit'====== Args={}
2025-07-06 15:48:10,626 : INFO : SwitchController : <<<<<<< 's_target_r' inactive >>>>>>>
2025-07-06 15:48:11,629 : INFO : SwitchController : <<<<<<< 's_right_scoop' active >>>>>>>
2025-07-06 15:48:11,629 : INFO : EventManager : Event: ======'s_right_scoop_active'====== Args={}
2025-07-06 15:48:11,630 : INFO : EventManager : Event: ======'sw_playfield_active'====== Args={}
2025-07-06 15:48:11,630 : INFO : EventManager : Event: ======'machine_var_audits_switches_s_right_scoop'====== Args={'value': 5, 'prev_value': 4, 'change': 1}
2025-07-06 15:48:11,631 : INFO : EventManager : Event: ======'player_shot_shot_right_scoop'====== Args={'value': 1, 'prev_value': 0, 'change': 1, 'player_num': 1}
2025-07-06 15:48:11,632 : ERROR : asyncio : Exception in callback EventManager.process_event_queue()
handle: <Handle EventManager.process_event_queue()>
Traceback (most recent call last):
  File "/Library/Frameworks/Python.framework/Versions/3.9/lib/python3.9/site-packages/mpf/core/show_controller.py", line 130, in replace_or_advance_show
    show_obj = self.machine.shows[config.name]
KeyError: 'blink'

During handling of the above exception, another exception occurred:

Traceback (most recent call last):
  File "/Library/Frameworks/Python.framework/Versions/3.9/lib/python3.9/site-packages/mpf/core/events.py", line 755, in _run_handlers
    result = handler.callback(**merged_kwargs)
  File "/Library/Frameworks/Python.framework/Versions/3.9/lib/python3.9/site-packages/mpf/devices/shot.py", line 285, in event_hit
    success = self.hit()
  File "/Library/Frameworks/Python.framework/Versions/3.9/lib/python3.9/site-packages/mpf/devices/shot.py", line 325, in hit
    advancing = self.advance()
  File "/Library/Frameworks/Python.framework/Versions/3.9/lib/python3.9/site-packages/mpf/devices/shot.py", line 145, in advance
    self._update_show()
  File "/Library/Frameworks/Python.framework/Versions/3.9/lib/python3.9/site-packages/mpf/devices/shot.py", line 214, in _update_show
    self._play_show(settings=state_settings)
  File "/Library/Frameworks/Python.framework/Versions/3.9/lib/python3.9/site-packages/mpf/devices/shot.py", line 268, in _play_show
    self.running_show = self.machine.show_controller.replace_or_advance_show(self.running_show, show_config,
  File "/Library/Frameworks/Python.framework/Versions/3.9/lib/python3.9/site-packages/mpf/core/show_controller.py", line 132, in replace_or_advance_show
    raise KeyError("Cannot play show '{}'. No show with that "
KeyError: "Cannot play show 'blink'. No show with that name."

The above exception was the direct cause of the following exception:

Traceback (most recent call last):
  File "/Library/Frameworks/Python.framework/Versions/3.9/lib/python3.9/asyncio/events.py", line 80, in _run
    self._context.run(self._callback, *self._args)
  File "/Library/Frameworks/Python.framework/Versions/3.9/lib/python3.9/site-packages/mpf/core/events.py", line 846, in process_event_queue
    self._process_event(event=event[0],
  File "/Library/Frameworks/Python.framework/Versions/3.9/lib/python3.9/site-packages/mpf/core/events.py", line 808, in _process_event
    result = self._run_handlers(event, ev_type, kwargs)
  File "/Library/Frameworks/Python.framework/Versions/3.9/lib/python3.9/site-packages/mpf/core/events.py", line 757, in _run_handlers
    raise EventHandlerException(
mpf.core.events.EventHandlerException: Exception while processing RegisteredHandler(callback=<bound method Shot.event_hit of <shot.shot_right_scoop>>, priority=205, kwargs={}, key=UUID('9d0173fa-4a21-4c8c-88b2-257aad8badcd'), condition=None, blocking_facility='shot') for event s_right_scoop_active. "Cannot play show 'blink'. No show with that name."
2025-07-06 15:48:11,637 : INFO : Machine : Shutting down...
2025-07-06 15:48:11,638 : INFO : EventManager : Event: ======'shutdown'====== Args={}
2025-07-06 15:48:11,639 : INFO : EventManager : Event: ======'mode_game_will_stop'====== Args={}
2025-07-06 15:48:11,639 : INFO : EventManager : Event: ======'mode_game_stopping'====== Args={}
2025-07-06 15:48:11,639 : INFO : EventManager : Event: ======'mode_grave_targets_will_stop'====== Args={}
2025-07-06 15:48:11,640 : INFO : EventManager : Event: ======'mode_grave_targets_stopping'====== Args={}
2025-07-06 15:48:11,640 : INFO : EventManager : Event: ======'mode_base_will_stop'====== Args={}
2025-07-06 15:48:11,640 : INFO : EventManager : Event: ======'mode_base_stopping'====== Args={}
2025-07-06 15:48:11,640 : INFO : Mode.base : Stopped.
2025-07-06 15:48:11,640 : INFO : EventManager : Event: ======'modes_active_modes_changed'====== Args={}
2025-07-06 15:48:11,641 : INFO : EventManager : Event: ======'mode_base_stopped'====== Args={}
2025-07-06 15:48:11,641 : INFO : EventManager : Event: ======'clear'====== Args={'key': 'base'}
2025-07-06 15:48:11,642 : INFO : Mode.grave_targets : Stopped.
2025-07-06 15:48:11,642 : INFO : EventManager : Event: ======'modes_active_modes_changed'====== Args={}
2025-07-06 15:48:11,642 : INFO : EventManager : Event: ======'mode_grave_targets_stopped'====== Args={}
2025-07-06 15:48:11,642 : INFO : EventManager : Event: ======'clear'====== Args={'key': 'grave_targets'}
2025-07-06 15:48:11,642 : ERROR : asyncio : Exception in callback EventManager.process_event_queue()
handle: <Handle EventManager.process_event_queue()>
Traceback (most recent call last):
  File "/Library/Frameworks/Python.framework/Versions/3.9/lib/python3.9/site-packages/mpf/core/show_controller.py", line 130, in replace_or_advance_show
    show_obj = self.machine.shows[config.name]
KeyError: 'blink'

During handling of the above exception, another exception occurred:

Traceback (most recent call last):
  File "/Library/Frameworks/Python.framework/Versions/3.9/lib/python3.9/asyncio/events.py", line 80, in _run
    self._context.run(self._callback, *self._args)
  File "/Library/Frameworks/Python.framework/Versions/3.9/lib/python3.9/site-packages/mpf/core/events.py", line 862, in process_event_queue
    callback(**kwargs)
  File "/Library/Frameworks/Python.framework/Versions/3.9/lib/python3.9/site-packages/mpf/core/mode.py", line 383, in _mode_stopped_callback
    self._remove_mode_devices()
  File "/Library/Frameworks/Python.framework/Versions/3.9/lib/python3.9/site-packages/mpf/core/mode.py", line 461, in _remove_mode_devices
    device.device_removed_from_mode(self)
  File "/Library/Frameworks/Python.framework/Versions/3.9/lib/python3.9/site-packages/mpf/devices/shot.py", line 276, in device_removed_from_mode
    super().device_removed_from_mode(mode)
  File "/Library/Frameworks/Python.framework/Versions/3.9/lib/python3.9/site-packages/mpf/core/enable_disable_mixin.py", line 135, in device_removed_from_mode
    self._disable()
  File "/Library/Frameworks/Python.framework/Versions/3.9/lib/python3.9/site-packages/mpf/devices/shot.py", line 506, in _disable
    self._update_show()
  File "/Library/Frameworks/Python.framework/Versions/3.9/lib/python3.9/site-packages/mpf/devices/shot.py", line 214, in _update_show
    self._play_show(settings=state_settings)
  File "/Library/Frameworks/Python.framework/Versions/3.9/lib/python3.9/site-packages/mpf/devices/shot.py", line 268, in _play_show
    self.running_show = self.machine.show_controller.replace_or_advance_show(self.running_show, show_config,
  File "/Library/Frameworks/Python.framework/Versions/3.9/lib/python3.9/site-packages/mpf/core/show_controller.py", line 132, in replace_or_advance_show
    raise KeyError("Cannot play show '{}'. No show with that "
KeyError: "Cannot play show 'blink'. No show with that name."
2025-07-06 15:48:12,649 : ERROR : Machine : Runtime Exception
Traceback (most recent call last):
  File "/Library/Frameworks/Python.framework/Versions/3.9/lib/python3.9/site-packages/mpf/core/show_controller.py", line 130, in replace_or_advance_show
    show_obj = self.machine.shows[config.name]
KeyError: 'blink'

During handling of the above exception, another exception occurred:

Traceback (most recent call last):
  File "/Library/Frameworks/Python.framework/Versions/3.9/lib/python3.9/site-packages/mpf/core/events.py", line 755, in _run_handlers
    result = handler.callback(**merged_kwargs)
  File "/Library/Frameworks/Python.framework/Versions/3.9/lib/python3.9/site-packages/mpf/devices/shot.py", line 285, in event_hit
    success = self.hit()
  File "/Library/Frameworks/Python.framework/Versions/3.9/lib/python3.9/site-packages/mpf/devices/shot.py", line 325, in hit
    advancing = self.advance()
  File "/Library/Frameworks/Python.framework/Versions/3.9/lib/python3.9/site-packages/mpf/devices/shot.py", line 145, in advance
    self._update_show()
  File "/Library/Frameworks/Python.framework/Versions/3.9/lib/python3.9/site-packages/mpf/devices/shot.py", line 214, in _update_show
    self._play_show(settings=state_settings)
  File "/Library/Frameworks/Python.framework/Versions/3.9/lib/python3.9/site-packages/mpf/devices/shot.py", line 268, in _play_show
    self.running_show = self.machine.show_controller.replace_or_advance_show(self.running_show, show_config,
  File "/Library/Frameworks/Python.framework/Versions/3.9/lib/python3.9/site-packages/mpf/core/show_controller.py", line 132, in replace_or_advance_show
    raise KeyError("Cannot play show '{}'. No show with that "
KeyError: "Cannot play show 'blink'. No show with that name."

The above exception was the direct cause of the following exception:

Traceback (most recent call last):
  File "/Library/Frameworks/Python.framework/Versions/3.9/lib/python3.9/site-packages/mpf/core/machine.py", line 808, in _run_loop
    raise self._exception['exception']
  File "/Library/Frameworks/Python.framework/Versions/3.9/lib/python3.9/asyncio/events.py", line 80, in _run
    self._context.run(self._callback, *self._args)
  File "/Library/Frameworks/Python.framework/Versions/3.9/lib/python3.9/site-packages/mpf/core/events.py", line 846, in process_event_queue
    self._process_event(event=event[0],
  File "/Library/Frameworks/Python.framework/Versions/3.9/lib/python3.9/site-packages/mpf/core/events.py", line 808, in _process_event
    result = self._run_handlers(event, ev_type, kwargs)
  File "/Library/Frameworks/Python.framework/Versions/3.9/lib/python3.9/site-packages/mpf/core/events.py", line 757, in _run_handlers
    raise EventHandlerException(
mpf.core.events.EventHandlerException: Exception while processing RegisteredHandler(callback=<bound method Shot.event_hit of <shot.shot_right_scoop>>, priority=205, kwargs={}, key=UUID('9d0173fa-4a21-4c8c-88b2-257aad8badcd'), condition=None, blocking_facility='shot') for event s_right_scoop_active. "Cannot play show 'blink'. No show with that name."
2025-07-06 15:49:13,338 : ERROR : root : Received second SIGINT. Will exit ungracefully!
Traceback (most recent call last):
  File "/Library/Frameworks/Python.framework/Versions/3.9/lib/python3.9/site-packages/mpf/core/show_controller.py", line 130, in replace_or_advance_show
    show_obj = self.machine.shows[config.name]
KeyError: 'blink'

During handling of the above exception, another exception occurred:

Traceback (most recent call last):
  File "/Library/Frameworks/Python.framework/Versions/3.9/lib/python3.9/site-packages/mpf/core/events.py", line 755, in _run_handlers
    result = handler.callback(**merged_kwargs)
  File "/Library/Frameworks/Python.framework/Versions/3.9/lib/python3.9/site-packages/mpf/devices/shot.py", line 285, in event_hit
    success = self.hit()
  File "/Library/Frameworks/Python.framework/Versions/3.9/lib/python3.9/site-packages/mpf/devices/shot.py", line 325, in hit
    advancing = self.advance()
  File "/Library/Frameworks/Python.framework/Versions/3.9/lib/python3.9/site-packages/mpf/devices/shot.py", line 145, in advance
    self._update_show()
  File "/Library/Frameworks/Python.framework/Versions/3.9/lib/python3.9/site-packages/mpf/devices/shot.py", line 214, in _update_show
    self._play_show(settings=state_settings)
  File "/Library/Frameworks/Python.framework/Versions/3.9/lib/python3.9/site-packages/mpf/devices/shot.py", line 268, in _play_show
    self.running_show = self.machine.show_controller.replace_or_advance_show(self.running_show, show_config,
  File "/Library/Frameworks/Python.framework/Versions/3.9/lib/python3.9/site-packages/mpf/core/show_controller.py", line 132, in replace_or_advance_show
    raise KeyError("Cannot play show '{}'. No show with that "
KeyError: "Cannot play show 'blink'. No show with that name."

The above exception was the direct cause of the following exception:

Traceback (most recent call last):
  File "/Library/Frameworks/Python.framework/Versions/3.9/lib/python3.9/site-packages/mpf/core/machine.py", line 808, in _run_loop
    raise self._exception['exception']
  File "/Library/Frameworks/Python.framework/Versions/3.9/lib/python3.9/asyncio/events.py", line 80, in _run
    self._context.run(self._callback, *self._args)
  File "/Library/Frameworks/Python.framework/Versions/3.9/lib/python3.9/site-packages/mpf/core/events.py", line 846, in process_event_queue
    self._process_event(event=event[0],
  File "/Library/Frameworks/Python.framework/Versions/3.9/lib/python3.9/site-packages/mpf/core/events.py", line 808, in _process_event
    result = self._run_handlers(event, ev_type, kwargs)
  File "/Library/Frameworks/Python.framework/Versions/3.9/lib/python3.9/site-packages/mpf/core/events.py", line 757, in _run_handlers
    raise EventHandlerException(
mpf.core.events.EventHandlerException: Exception while processing RegisteredHandler(callback=<bound method Shot.event_hit of <shot.shot_right_scoop>>, priority=205, kwargs={}, key=UUID('9d0173fa-4a21-4c8c-88b2-257aad8badcd'), condition=None, blocking_facility='shot') for event s_right_scoop_active. "Cannot play show 'blink'. No show with that name."
