2025-05-30 07:19:41,385 : INFO : root : Loading config.
2025-05-30 07:19:41,391 : INFO : YamlMultifileConfigLoader : Machine config file #1: config.yaml
2025-05-30 07:19:41,392 : WARNING : ConfigProcessor : Config file in cache changed: C:\pinball\my_machine\config\config.yaml
2025-05-30 07:19:41,392 : INFO : ConfigProcessor : Loading config from file C:\Users\ruben\.local\pipx\venvs\mpf\lib\site-packages\mpf\mpfconfig.yaml.
2025-05-30 07:19:41,519 : INFO : ConfigProcessor : Loading config: C:\Users\ruben\.local\pipx\venvs\mpf\lib\site-packages\mpf\mpfconfig.yaml
2025-05-30 07:19:41,520 : INFO : ConfigProcessor : Loading config from file C:\pinball\my_machine\config\config.yaml.
2025-05-30 07:19:41,576 : INFO : ConfigProcessor : Loading config: C:\pinball\my_machine\config\config.yaml
2025-05-30 07:19:41,580 : INFO : ConfigProcessor : Config file cache created: C:\Users\ruben\AppData\Local\Temp\a17888e5e1df298d67e07ada0b1bff4a.mpf_cache
2025-05-30 07:19:41,708 : INFO : ConfigProcessor : Loading config from cache: C:\Users\ruben\AppData\Local\Temp\67cf8ffee0fce2d4fcb5ef0bb894d8de.mpf_cache
2025-05-30 07:19:41,710 : INFO : ConfigProcessor : Loading config from cache: C:\Users\ruben\AppData\Local\Temp\25321780674732dcacb77a8f5b2a53cd.mpf_cache
2025-05-30 07:19:41,711 : INFO : Machine : Mission Pinball Framework Core Engine v0.56.0
2025-05-30 07:19:41,711 : INFO : Machine : Command line arguments: {'no_load_cache': False, 'create_config_cache': True, 'bcp': True, 'configfile': ['config.yaml'], 'force_assets_load': False, 'jsonlogging': False, 'logfile': 'logs\\2025-05-30-07-19-41-mpf-DESKTOP-11MEIVG.log', 'pause': False, 'production': False, 'text_ui': True, 'loglevel': 15, 'consoleloglevel': 20, 'force_platform': None, 'syslog_address': None, 'mc_file_name': None, 'no_sound': False}
2025-05-30 07:19:41,711 : INFO : Machine : MPF path: C:\Users\ruben\.local\pipx\venvs\mpf\lib\site-packages\mpf
2025-05-30 07:19:41,711 : INFO : Machine : Machine path: C:\pinball\my_machine
2025-05-30 07:19:41,711 : INFO : Machine : Platform: win32
2025-05-30 07:19:41,711 : INFO : Machine : Python executable location: C:\Users\ruben\.local\pipx\venvs\mpf\Scripts\python.exe
2025-05-30 07:19:41,711 : INFO : Machine : Python version: 3.9.13 (64-bit)
2025-05-30 07:19:41,715 : INFO : Machine : Initialise MPF.
2025-05-30 07:19:41,966 : INFO : OPP : Connecting to com3 at 115200bps
2025-05-30 07:19:42,054 : INFO : OPP : Init of OPP board 1 done
2025-05-30 07:19:42,054 : INFO : OPP : Connecting to com4 at 115200bps
2025-05-30 07:19:42,217 : INFO : OPP : Init of OPP board 0 done
2025-05-30 07:19:42,218 : INFO : EventManager : Event: ======'machine_var_credits_string'====== Args={'value': 'FREE PLAY', 'prev_value': None, 'change': True}
2025-05-30 07:19:42,299 : INFO : EventManager : Event: ======'machine_var_master_volume'====== Args={'value': 0.5, 'prev_value': None, 'change': True}
2025-05-30 07:19:42,300 : INFO : EventManager : Event: ======'machine_var_player1_score'====== Args={'value': 0, 'prev_value': None, 'change': True}
2025-05-30 07:19:42,300 : INFO : EventManager : Event: ======'machine_var_mpf_version'====== Args={'value': 'MPF v0.56.0', 'prev_value': None, 'change': True}
2025-05-30 07:19:42,300 : INFO : EventManager : Event: ======'machine_var_mpf_extended_version'====== Args={'value': 'MPF v0.56.0, Config version:5, Show version: 5, BCP version:1.1', 'prev_value': None, 'change': True}
2025-05-30 07:19:42,300 : INFO : EventManager : Event: ======'machine_var_python_version'====== Args={'value': '3.9.13', 'prev_value': None, 'change': True}
2025-05-30 07:19:42,313 : INFO : EventManager : Event: ======'machine_var_platform'====== Args={'value': 'Windows-10-10.0.19045-SP0', 'prev_value': None, 'change': True}
2025-05-30 07:19:42,313 : INFO : EventManager : Event: ======'machine_var_platform_system'====== Args={'value': 'Windows', 'prev_value': None, 'change': True}
2025-05-30 07:19:42,313 : INFO : EventManager : Event: ======'machine_var_platform_release'====== Args={'value': '10', 'prev_value': None, 'change': True}
2025-05-30 07:19:42,313 : INFO : EventManager : Event: ======'machine_var_platform_version'====== Args={'value': '10.0.19045', 'prev_value': None, 'change': True}
2025-05-30 07:19:42,314 : INFO : EventManager : Event: ======'machine_var_platform_machine'====== Args={'value': 'AMD64', 'prev_value': None, 'change': True}
2025-05-30 07:19:42,314 : INFO : EventManager : Event: ======'init_phase_1'====== Args={}
2025-05-30 07:19:42,347 : INFO : EventManager : Event: ======'drop_target_bank_vuk_bank_up'====== Args={}
2025-05-30 07:19:42,349 : INFO : EventManager : Event: ======'init_phase_2'====== Args={}
2025-05-30 07:19:42,352 : INFO : EventManager : Event: ======'bcp_connection_attempt'====== Args={'name': 'local_display', 'host': 'localhost', 'port': 5050}
2025-05-30 07:19:42,354 : INFO : BCPClientSocket : Connecting BCP to 'local_display' at localhost:5050...
2025-05-30 07:19:44,903 : INFO : BCPClientSocket : Connected BCP to 'local_display' localhost:5050
2025-05-30 07:19:44,904 : INFO : EventManager : Event: ======'bcp_clients_connected'====== Args={}
2025-05-30 07:19:44,914 : INFO : ball_device.bd_trough : BCH: Initial count: 0
2025-05-30 07:19:44,915 : INFO : EventManager : Event: ======'machine_var_mc_version'====== Args={'value': 'MPF-MC v0.56.1', 'prev_value': None, 'change': True}
2025-05-30 07:19:44,916 : INFO : EventManager : Event: ======'machine_var_mc_extended_version'====== Args={'value': 'MPF-MC v0.56.1 (config_version=5, BCP v1.1,                      Requires MPF API compatibility v0.56.0 or newer)', 'prev_value': None, 'change': True}
2025-05-30 07:19:44,918 : INFO : ball_device.bd_trough : State: idle
2025-05-30 07:19:44,938 : INFO : ball_device.bd_scoop_center : BCH: Initial count: 0
2025-05-30 07:19:44,939 : INFO : ball_device.bd_scoop_center : State: idle
2025-05-30 07:19:44,940 : INFO : ball_device.bd_scoop_right : BCH: Initial count: 0
2025-05-30 07:19:44,940 : INFO : ball_device.bd_scoop_right : State: idle
2025-05-30 07:19:44,973 : INFO : EventManager : Event: ======'init_phase_3'====== Args={}
2025-05-30 07:19:44,977 : INFO : EventManager : Event: ======'init_phase_4'====== Args={}
2025-05-30 07:19:44,978 : INFO : BallController : Initial balls found: 0
2025-05-30 07:19:44,979 : INFO : EventManager : Event: ======'machine_var_audits_events_game_ended'====== Args={'value': 50, 'prev_value': None, 'change': True}
2025-05-30 07:19:44,980 : INFO : EventManager : Event: ======'machine_var_audits_events_game_started'====== Args={'value': 83, 'prev_value': None, 'change': True}
2025-05-30 07:19:44,981 : INFO : EventManager : Event: ======'machine_var_audits_player_score'====== Args={'value': {'average': 0.0, 'top': [0, 0, 0, 0, 0, 0, 0, 0, 0, 0], 'total': 50}, 'prev_value': None, 'change': True}
2025-05-30 07:19:44,981 : INFO : EventManager : Event: ======'machine_var_audits_switches_s_drop_bank1'====== Args={'value': 140, 'prev_value': None, 'change': True}
2025-05-30 07:19:44,982 : INFO : EventManager : Event: ======'machine_var_audits_switches_s_left_flipper'====== Args={'value': 2208, 'prev_value': None, 'change': True}
2025-05-30 07:19:44,982 : INFO : EventManager : Event: ======'machine_var_audits_switches_s_left_slingshot'====== Args={'value': 290, 'prev_value': None, 'change': True}
2025-05-30 07:19:44,983 : INFO : EventManager : Event: ======'machine_var_audits_switches_s_pop_bot'====== Args={'value': 426, 'prev_value': None, 'change': True}
2025-05-30 07:19:44,983 : INFO : EventManager : Event: ======'machine_var_audits_switches_s_pop_mid'====== Args={'value': 351, 'prev_value': None, 'change': True}
2025-05-30 07:19:44,983 : INFO : EventManager : Event: ======'machine_var_audits_switches_s_pop_top'====== Args={'value': 302, 'prev_value': None, 'change': True}
2025-05-30 07:19:44,984 : INFO : EventManager : Event: ======'machine_var_audits_switches_s_right_flipper'====== Args={'value': 2262, 'prev_value': None, 'change': True}
2025-05-30 07:19:44,984 : INFO : EventManager : Event: ======'machine_var_audits_switches_s_right_inlane'====== Args={'value': 25, 'prev_value': None, 'change': True}
2025-05-30 07:19:44,985 : INFO : EventManager : Event: ======'machine_var_audits_switches_s_right_slingshot'====== Args={'value': 255, 'prev_value': None, 'change': True}
2025-05-30 07:19:44,985 : INFO : EventManager : Event: ======'machine_var_audits_switches_s_scoop_center'====== Args={'value': 0, 'prev_value': None, 'change': True}
2025-05-30 07:19:44,986 : INFO : EventManager : Event: ======'machine_var_audits_switches_s_scoop_lower'====== Args={'value': 220, 'prev_value': None, 'change': True}
2025-05-30 07:19:44,986 : INFO : EventManager : Event: ======'machine_var_audits_switches_s_scoop_right'====== Args={'value': 0, 'prev_value': None, 'change': True}
2025-05-30 07:19:44,987 : INFO : EventManager : Event: ======'machine_var_audits_switches_s_startButton'====== Args={'value': 24, 'prev_value': None, 'change': True}
2025-05-30 07:19:44,987 : INFO : EventManager : Event: ======'machine_var_audits_switches_s_trough1'====== Args={'value': 303, 'prev_value': None, 'change': True}
2025-05-30 07:19:44,988 : INFO : EventManager : Event: ======'machine_var_audits_switches_s_trough2'====== Args={'value': 0, 'prev_value': None, 'change': True}
2025-05-30 07:19:44,988 : INFO : EventManager : Event: ======'machine_var_audits_switches_s_trough3'====== Args={'value': 0, 'prev_value': None, 'change': True}
2025-05-30 07:19:44,989 : INFO : EventManager : Event: ======'machine_var_audits_switches_s_trough4'====== Args={'value': 0, 'prev_value': None, 'change': True}
2025-05-30 07:19:44,989 : INFO : EventManager : Event: ======'machine_var_audits_switches_s_trough5'====== Args={'value': 0, 'prev_value': None, 'change': True}
2025-05-30 07:19:44,990 : INFO : EventManager : Event: ======'init_phase_5'====== Args={}
2025-05-30 07:19:44,993 : INFO : EventManager : Event: ======'init_done'====== Args={}
2025-05-30 07:19:44,994 : INFO : EventManager : Event: ======'machine_reset_phase_1'====== Args={}
2025-05-30 07:19:45,002 : INFO : EventManager : Event: ======'slide_welcome_slide_removed'====== Args={'_from_bcp': True}
2025-05-30 07:19:45,006 : INFO : EventManager : Event: ======'slide_welcome_slide_created'====== Args={'_from_bcp': True}
2025-05-30 07:19:45,010 : INFO : EventManager : Event: ======'slide_welcome_slide_active'====== Args={'_from_bcp': True}
2025-05-30 07:19:45,011 : INFO : EventManager : Event: ======'machine_reset_phase_2'====== Args={}
2025-05-30 07:19:45,012 : INFO : EventManager : Event: ======'machine_reset_phase_3'====== Args={}
2025-05-30 07:19:45,014 : INFO : drop_target_bank.vuk_bank : All targets are already up. Will not reset bank.
2025-05-30 07:19:45,014 : INFO : EventManager : Event: ======'reset_complete'====== Args={}
2025-05-30 07:19:45,015 : INFO : EventManager : Event: ======'mode_attract_will_start'====== Args={}
2025-05-30 07:19:45,016 : INFO : EventManager : Event: ======'mode_attract_starting'====== Args={}
2025-05-30 07:19:45,016 : INFO : Mode.attract : Started. Priority: 10
2025-05-30 07:19:45,016 : INFO : EventManager : Event: ======'modes_active_modes_changed'====== Args={}
2025-05-30 07:19:45,016 : INFO : EventManager : Event: ======'mode_attract_started'====== Args={}
2025-05-30 07:19:45,017 : INFO : EventManager : Event: ======'collecting_balls_complete'====== Args={}
2025-05-30 07:19:45,035 : INFO : EventManager : Event: ======'slide_attract_started_created'====== Args={'_from_bcp': True}
2025-05-30 07:19:45,035 : INFO : EventManager : Event: ======'slide_attract_started_active'====== Args={'_from_bcp': True}
2025-05-30 07:19:45,036 : INFO : Machine : Starting the main run loop.
2025-05-30 07:19:53,754 : INFO : SwitchController : <<<<<<< 's_startButton' active >>>>>>>
2025-05-30 07:19:53,912 : INFO : SwitchController : <<<<<<< 's_startButton' inactive >>>>>>>
2025-05-30 07:19:53,912 : INFO : EventManager : Event: ======'request_to_start_game'====== Args={}
2025-05-30 07:19:53,914 : INFO : BallController : Known balls: 0
2025-05-30 07:19:53,914 : INFO : BallController : bd_trough contains 0 balls. Tags ['trough', 'home', 'drain']
2025-05-30 07:19:53,914 : INFO : BallController : bd_scoop_center contains 0 balls. Tags []
2025-05-30 07:19:53,914 : INFO : BallController : bd_scoop_right contains 0 balls. Tags []
2025-05-30 07:19:53,914 : INFO : BallController : playfield contains 0 balls. Tags ['default']
2025-05-30 07:19:53,914 : WARNING : BallController : BallController denies game start. Not enough balls. 0 found. 1 required
2025-05-30 07:19:53,915 : INFO : BallController : Triggering ball search.
2025-05-30 07:19:54,860 : INFO : SwitchController : <<<<<<< 's_trough1' active >>>>>>>
2025-05-30 07:19:55,362 : INFO : EventManager : Event: ======'balldevice_bd_trough_ball_count_changed'====== Args={'balls': 1}
2025-05-30 07:19:55,363 : INFO : ball_device.bd_trough : Received unexpected ball
2025-05-30 07:19:55,363 : INFO : EventManager : Event: ======'balldevice_captured_from_playfield'====== Args={'balls': 1}
2025-05-30 07:19:55,364 : INFO : EventManager : Event: ======'sw_playfield_active'====== Args={'balls': 1}
2025-05-30 07:19:55,364 : INFO : EventManager : Event: ======'playfield_active'====== Args={}
2025-05-30 07:19:55,364 : INFO : EventManager : Event: ======'unexpected_ball_on_playfield'====== Args={}
2025-05-30 07:19:55,364 : INFO : EventManager : Event: ======'playfield_ball_count_change'====== Args={'balls': -1, 'change': -1}
2025-05-30 07:19:55,366 : INFO : EventManager : Event: ======'balldevice_playfield_ball_enter'====== Args={'new_balls': 1, 'unclaimed_balls': 1, 'device': <playfield.playfield>}
2025-05-30 07:19:55,366 : INFO : EventManager : Event: ======'playfield_ball_count_change'====== Args={'balls': 0, 'change': 1}
2025-05-30 07:19:55,366 : INFO : BallController : Found a new ball which was captured from playfield. Known balls: 1
2025-05-30 07:19:55,366 : INFO : EventManager : Event: ======'found_new_ball'====== Args={}
2025-05-30 07:19:55,367 : INFO : EventManager : Event: ======'balldevice_bd_trough_ball_enter'====== Args={'new_balls': 1, 'unclaimed_balls': 1, 'new_available_balls': 1, 'device': <ball_device.bd_trough>}
2025-05-30 07:19:55,369 : INFO : EventManager : Event: ======'ball_drain'====== Args={'device': <ball_device.bd_trough>, 'balls': 1}
2025-05-30 07:19:55,370 : INFO : EventManager : Event: ======'balldevice_balls_available'====== Args={}
2025-05-30 07:19:55,370 : INFO : EventManager : Event: ======'balldevice_bd_trough_ball_entered'====== Args={'new_balls': 1, 'device': <ball_device.bd_trough>}
2025-05-30 07:20:00,321 : INFO : SwitchController : <<<<<<< 's_startButton' active >>>>>>>
2025-05-30 07:20:00,433 : INFO : SwitchController : <<<<<<< 's_startButton' inactive >>>>>>>
2025-05-30 07:20:00,433 : INFO : EventManager : Event: ======'request_to_start_game'====== Args={}
2025-05-30 07:20:00,434 : INFO : EventManager : Event: ======'game_start'====== Args={'buttons': [], 'hold_time': 0.125}
2025-05-30 07:20:00,434 : INFO : EventManager : Event: ======'mode_game_will_start'====== Args={'buttons': [], 'hold_time': 0.125}
2025-05-30 07:20:00,435 : INFO : EventManager : Event: ======'mode_game_starting'====== Args={'buttons': [], 'hold_time': 0.125}
2025-05-30 07:20:00,435 : INFO : EventManager : Event: ======'mode_attract_will_stop'====== Args={}
2025-05-30 07:20:00,435 : INFO : EventManager : Event: ======'mode_attract_stopping'====== Args={}
2025-05-30 07:20:00,435 : INFO : Mode.attract : Stopped.
2025-05-30 07:20:00,435 : INFO : EventManager : Event: ======'modes_active_modes_changed'====== Args={}
2025-05-30 07:20:00,435 : INFO : EventManager : Event: ======'mode_attract_stopped'====== Args={}
2025-05-30 07:20:00,435 : INFO : EventManager : Event: ======'clear'====== Args={'key': 'attract'}
2025-05-30 07:20:00,435 : INFO : Mode.game : Started. Priority: 20
2025-05-30 07:20:00,435 : INFO : EventManager : Event: ======'modes_active_modes_changed'====== Args={}
2025-05-30 07:20:00,435 : INFO : EventManager : Event: ======'mode_game_started'====== Args={'buttons': [], 'hold_time': 0.125}
2025-05-30 07:20:00,442 : INFO : EventManager : Event: ======'game_will_start'====== Args={}
2025-05-30 07:20:00,442 : INFO : EventManager : Event: ======'game_starting'====== Args={'game': <Mode.game>}
2025-05-30 07:20:00,443 : INFO : EventManager : Event: ======'player_add_request'====== Args={}
2025-05-30 07:20:00,444 : INFO : EventManager : Event: ======'player_will_add'====== Args={'number': 1}
2025-05-30 07:20:00,444 : INFO : EventManager : Event: ======'player_adding'====== Args={'player': <Player 1>, 'number': 1}
2025-05-30 07:20:00,444 : INFO : EventManager : Event: ======'player_added'====== Args={'player': <Player 1>, 'num': 1}
2025-05-30 07:20:00,444 : INFO : Mode.game : Player added successfully. Total players: 1
2025-05-30 07:20:00,445 : INFO : EventManager : Event: ======'player_index'====== Args={'value': 0, 'prev_value': 0, 'change': 0, 'player_num': 1}
2025-05-30 07:20:00,445 : INFO : EventManager : Event: ======'player_number'====== Args={'value': 1, 'prev_value': 1, 'change': 0, 'player_num': 1}
2025-05-30 07:20:00,445 : INFO : EventManager : Event: ======'player_score'====== Args={'value': 0, 'prev_value': 0, 'change': 0, 'player_num': 1}
2025-05-30 07:20:00,446 : INFO : EventManager : Event: ======'game_started'====== Args={}
2025-05-30 07:20:00,462 : INFO : EventManager : Event: ======'player_turn_will_start'====== Args={'player': <Player 1>, 'number': 1}
2025-05-30 07:20:00,463 : INFO : EventManager : Event: ======'player_turn_starting'====== Args={'player': <Player 1>, 'number': 1}
2025-05-30 07:20:00,465 : INFO : EventManager : Event: ======'player_ball'====== Args={'value': 1, 'prev_value': 0, 'change': 1, 'player_num': 1}
2025-05-30 07:20:00,465 : INFO : EventManager : Event: ======'player_turn_started'====== Args={'player': <Player 1>, 'number': 1}
2025-05-30 07:20:00,467 : INFO : EventManager : Event: ======'ball_will_start'====== Args={'player': 1, 'ball': 1, 'balls_remaining': 2, 'is_extra_ball': False}
2025-05-30 07:20:00,470 : INFO : EventManager : Event: ======'ball_starting'====== Args={'player': 1, 'ball': 1, 'balls_remaining': 2, 'is_extra_ball': False}
2025-05-30 07:20:00,471 : INFO : drop_target_bank.vuk_bank : All targets are already up. Will not reset bank.
2025-05-30 07:20:00,471 : INFO : EventManager : Event: ======'balls_in_play'====== Args={'balls': 1}
2025-05-30 07:20:00,472 : INFO : EventManager : Event: ======'ball_started'====== Args={'player': 1, 'ball': 1, 'balls_remaining': 2, 'is_extra_ball': False}
2025-05-30 07:20:00,476 : INFO : EventManager : Event: ======'single_player_ball_started'====== Args={}
2025-05-30 07:20:00,477 : INFO : EventManager : Event: ======'ball_start_target'====== Args={'target': 'playfield'}
2025-05-30 07:20:00,478 : INFO : ball_device.bd_trough : Setting up player-controlled eject. Balls: 1, Target: <playfield.playfield>, player_controlled_eject_event: None
2025-05-30 07:20:00,478 : INFO : ball_device.bd_trough : Adding 1 ball(s) to the eject_queue with target <playfield.playfield>.
2025-05-30 07:20:00,479 : INFO : EventManager : Event: ======'balldevice_balls_available'====== Args={}
2025-05-30 07:20:00,481 : INFO : ball_device.bd_trough : State: waiting_for_target_ready
2025-05-30 07:20:00,482 : INFO : EventManager : Event: ======'balldevice_bd_trough_ball_eject_attempt'====== Args={'balls': 1, 'target': <playfield.playfield>, 'source': <ball_device.bd_trough>, 'mechanical_eject': False, 'num_attempts': 0}
2025-05-30 07:20:00,483 : INFO : ball_device.bd_trough : State: ejecting
2025-05-30 07:20:00,483 : INFO : ball_device.bd_trough : Ejecting ball to <playfield.playfield>
2025-05-30 07:20:00,483 : INFO : EventManager : Event: ======'balldevice_bd_trough_ejecting_ball'====== Args={'balls': 1, 'target': <playfield.playfield>, 'source': <ball_device.bd_trough>, 'mechanical_eject': False, 'num_attempts': 0}
2025-05-30 07:20:00,484 : INFO : EventManager : Event: ======'slide__global.slide_player-ball_started_created'====== Args={'_from_bcp': True}
2025-05-30 07:20:00,485 : INFO : ball_device.bd_trough : Wait for ball to leave device
2025-05-30 07:20:00,485 : INFO : coil.c_trough_eject : Pulsing Driver for 10ms (1.0 pulse_power)
2025-05-30 07:20:00,487 : INFO : EventManager : Event: ======'slide__global.slide_player-ball_started_active'====== Args={'_from_bcp': True}
2025-05-30 07:20:03,374 : INFO : SwitchController : <<<<<<< 's_right_flipper' active >>>>>>>
2025-05-30 07:20:03,374 : INFO : EventManager : Event: ======'machine_var_audits_switches_s_right_flipper'====== Args={'value': 2263, 'prev_value': 2262, 'change': 1}
2025-05-30 07:20:03,556 : INFO : SwitchController : <<<<<<< 's_right_flipper' inactive >>>>>>>
2025-05-30 07:20:03,903 : INFO : SwitchController : <<<<<<< 's_right_flipper' active >>>>>>>
2025-05-30 07:20:03,903 : INFO : EventManager : Event: ======'machine_var_audits_switches_s_right_flipper'====== Args={'value': 2264, 'prev_value': 2263, 'change': 1}
2025-05-30 07:20:04,053 : INFO : SwitchController : <<<<<<< 's_right_flipper' inactive >>>>>>>
2025-05-30 07:20:04,187 : INFO : SwitchController : <<<<<<< 's_right_flipper' active >>>>>>>
2025-05-30 07:20:04,187 : INFO : EventManager : Event: ======'machine_var_audits_switches_s_right_flipper'====== Args={'value': 2265, 'prev_value': 2264, 'change': 1}
2025-05-30 07:20:04,335 : INFO : SwitchController : <<<<<<< 's_right_flipper' inactive >>>>>>>
2025-05-30 07:20:04,634 : INFO : SwitchController : <<<<<<< 's_left_flipper' active >>>>>>>
2025-05-30 07:20:04,635 : INFO : EventManager : Event: ======'machine_var_audits_switches_s_left_flipper'====== Args={'value': 2209, 'prev_value': 2208, 'change': 1}
2025-05-30 07:20:04,780 : INFO : SwitchController : <<<<<<< 's_left_flipper' inactive >>>>>>>
2025-05-30 07:20:04,878 : INFO : SwitchController : <<<<<<< 's_left_flipper' active >>>>>>>
2025-05-30 07:20:04,879 : INFO : EventManager : Event: ======'machine_var_audits_switches_s_left_flipper'====== Args={'value': 2210, 'prev_value': 2209, 'change': 1}
2025-05-30 07:20:04,992 : INFO : SwitchController : <<<<<<< 's_left_flipper' inactive >>>>>>>
2025-05-30 07:20:05,090 : INFO : SwitchController : <<<<<<< 's_left_flipper' active >>>>>>>
2025-05-30 07:20:05,090 : INFO : EventManager : Event: ======'machine_var_audits_switches_s_left_flipper'====== Args={'value': 2211, 'prev_value': 2210, 'change': 1}
2025-05-30 07:20:05,239 : INFO : SwitchController : <<<<<<< 's_left_flipper' inactive >>>>>>>
2025-05-30 07:20:05,401 : INFO : SwitchController : <<<<<<< 's_left_flipper' active >>>>>>>
2025-05-30 07:20:05,402 : INFO : EventManager : Event: ======'machine_var_audits_switches_s_left_flipper'====== Args={'value': 2212, 'prev_value': 2211, 'change': 1}
2025-05-30 07:20:05,513 : INFO : SwitchController : <<<<<<< 's_left_flipper' inactive >>>>>>>
2025-05-30 07:20:05,710 : INFO : SwitchController : <<<<<<< 's_right_flipper' active >>>>>>>
2025-05-30 07:20:05,710 : INFO : EventManager : Event: ======'machine_var_audits_switches_s_right_flipper'====== Args={'value': 2266, 'prev_value': 2265, 'change': 1}
2025-05-30 07:20:05,822 : INFO : SwitchController : <<<<<<< 's_right_flipper' inactive >>>>>>>
2025-05-30 07:20:05,945 : INFO : SwitchController : <<<<<<< 's_right_flipper' active >>>>>>>
2025-05-30 07:20:05,945 : INFO : EventManager : Event: ======'machine_var_audits_switches_s_right_flipper'====== Args={'value': 2267, 'prev_value': 2266, 'change': 1}
2025-05-30 07:20:06,056 : INFO : SwitchController : <<<<<<< 's_right_flipper' inactive >>>>>>>
2025-05-30 07:20:06,145 : INFO : SwitchController : <<<<<<< 's_right_flipper' active >>>>>>>
2025-05-30 07:20:06,146 : INFO : EventManager : Event: ======'machine_var_audits_switches_s_right_flipper'====== Args={'value': 2268, 'prev_value': 2267, 'change': 1}
2025-05-30 07:20:06,255 : INFO : SwitchController : <<<<<<< 's_right_flipper' inactive >>>>>>>
2025-05-30 07:20:06,329 : INFO : SwitchController : <<<<<<< 's_right_flipper' active >>>>>>>
2025-05-30 07:20:06,329 : INFO : EventManager : Event: ======'machine_var_audits_switches_s_right_flipper'====== Args={'value': 2269, 'prev_value': 2268, 'change': 1}
2025-05-30 07:20:06,467 : INFO : SwitchController : <<<<<<< 's_right_flipper' inactive >>>>>>>
2025-05-30 07:20:06,513 : INFO : SwitchController : <<<<<<< 's_left_flipper' active >>>>>>>
2025-05-30 07:20:06,513 : INFO : EventManager : Event: ======'machine_var_audits_switches_s_left_flipper'====== Args={'value': 2213, 'prev_value': 2212, 'change': 1}
2025-05-30 07:20:06,661 : INFO : SwitchController : <<<<<<< 's_left_flipper' inactive >>>>>>>
2025-05-30 07:20:06,687 : INFO : SwitchController : <<<<<<< 's_right_flipper' active >>>>>>>
2025-05-30 07:20:06,688 : INFO : EventManager : Event: ======'machine_var_audits_switches_s_right_flipper'====== Args={'value': 2270, 'prev_value': 2269, 'change': 1}
2025-05-30 07:20:06,846 : INFO : SwitchController : <<<<<<< 's_right_flipper' inactive >>>>>>>
2025-05-30 07:20:06,847 : INFO : SwitchController : <<<<<<< 's_left_flipper' active >>>>>>>
2025-05-30 07:20:06,847 : INFO : EventManager : Event: ======'machine_var_audits_switches_s_left_flipper'====== Args={'value': 2214, 'prev_value': 2213, 'change': 1}
2025-05-30 07:20:06,945 : INFO : SwitchController : <<<<<<< 's_left_flipper' inactive >>>>>>>
2025-05-30 07:20:06,957 : INFO : SwitchController : <<<<<<< 's_right_flipper' active >>>>>>>
2025-05-30 07:20:06,957 : INFO : EventManager : Event: ======'machine_var_audits_switches_s_right_flipper'====== Args={'value': 2271, 'prev_value': 2270, 'change': 1}
2025-05-30 07:20:07,055 : INFO : SwitchController : <<<<<<< 's_right_flipper' inactive >>>>>>>
2025-05-30 07:20:07,068 : INFO : SwitchController : <<<<<<< 's_left_flipper' active >>>>>>>
2025-05-30 07:20:07,068 : INFO : EventManager : Event: ======'machine_var_audits_switches_s_left_flipper'====== Args={'value': 2215, 'prev_value': 2214, 'change': 1}
2025-05-30 07:20:07,180 : INFO : SwitchController : <<<<<<< 's_right_flipper' active >>>>>>>
2025-05-30 07:20:07,181 : INFO : EventManager : Event: ======'flipper_cancel'====== Args={'triggering_group': 2, 'triggering_switch': 's_right_flipper'}
2025-05-30 07:20:07,181 : INFO : EventManager : Event: ======'machine_var_audits_switches_s_right_flipper'====== Args={'value': 2272, 'prev_value': 2271, 'change': 1}
2025-05-30 07:20:07,215 : INFO : SwitchController : <<<<<<< 's_left_flipper' inactive >>>>>>>
2025-05-30 07:20:07,215 : INFO : EventManager : Event: ======'both_flippers_one'====== Args={'triggering_group': 1, 'triggering_switch': 's_left_flipper'}
2025-05-30 07:20:07,291 : INFO : SwitchController : <<<<<<< 's_right_flipper' inactive >>>>>>>
2025-05-30 07:20:07,291 : INFO : EventManager : Event: ======'both_flippers_inactive'====== Args={'triggering_group': 2, 'triggering_switch': 's_right_flipper'}
2025-05-30 07:20:07,303 : INFO : SwitchController : <<<<<<< 's_left_flipper' active >>>>>>>
2025-05-30 07:20:07,303 : INFO : EventManager : Event: ======'machine_var_audits_switches_s_left_flipper'====== Args={'value': 2216, 'prev_value': 2215, 'change': 1}
2025-05-30 07:20:07,415 : INFO : SwitchController : <<<<<<< 's_left_flipper' inactive >>>>>>>
2025-05-30 07:20:07,427 : INFO : SwitchController : <<<<<<< 's_right_flipper' active >>>>>>>
2025-05-30 07:20:07,427 : INFO : EventManager : Event: ======'machine_var_audits_switches_s_right_flipper'====== Args={'value': 2273, 'prev_value': 2272, 'change': 1}
2025-05-30 07:20:07,562 : INFO : SwitchController : <<<<<<< 's_right_flipper' inactive >>>>>>>
2025-05-30 07:20:07,562 : INFO : SwitchController : <<<<<<< 's_left_flipper' active >>>>>>>
2025-05-30 07:20:07,562 : INFO : EventManager : Event: ======'machine_var_audits_switches_s_left_flipper'====== Args={'value': 2217, 'prev_value': 2216, 'change': 1}
2025-05-30 07:20:07,672 : INFO : SwitchController : <<<<<<< 's_left_flipper' inactive >>>>>>>
2025-05-30 07:20:07,672 : INFO : SwitchController : <<<<<<< 's_right_flipper' active >>>>>>>
2025-05-30 07:20:07,672 : INFO : EventManager : Event: ======'machine_var_audits_switches_s_right_flipper'====== Args={'value': 2274, 'prev_value': 2273, 'change': 1}
2025-05-30 07:20:07,770 : INFO : SwitchController : <<<<<<< 's_right_flipper' inactive >>>>>>>
2025-05-30 07:20:07,794 : INFO : SwitchController : <<<<<<< 's_left_flipper' active >>>>>>>
2025-05-30 07:20:07,794 : INFO : EventManager : Event: ======'machine_var_audits_switches_s_left_flipper'====== Args={'value': 2218, 'prev_value': 2217, 'change': 1}
2025-05-30 07:20:07,944 : INFO : SwitchController : <<<<<<< 's_left_flipper' inactive >>>>>>>
2025-05-30 07:20:07,956 : INFO : SwitchController : <<<<<<< 's_right_flipper' active >>>>>>>
2025-05-30 07:20:07,956 : INFO : EventManager : Event: ======'machine_var_audits_switches_s_right_flipper'====== Args={'value': 2275, 'prev_value': 2274, 'change': 1}
2025-05-30 07:20:08,055 : INFO : SwitchController : <<<<<<< 's_right_flipper' inactive >>>>>>>
2025-05-30 07:20:08,339 : INFO : SwitchController : <<<<<<< 's_left_flipper' active >>>>>>>
2025-05-30 07:20:08,339 : INFO : EventManager : Event: ======'machine_var_audits_switches_s_left_flipper'====== Args={'value': 2219, 'prev_value': 2218, 'change': 1}
2025-05-30 07:20:08,487 : INFO : SwitchController : <<<<<<< 's_left_flipper' inactive >>>>>>>
2025-05-30 07:20:08,653 : INFO : SwitchController : <<<<<<< 's_right_inlane' active >>>>>>>
2025-05-30 07:20:08,653 : INFO : EventManager : Event: ======'sw_playfield_active'====== Args={}
2025-05-30 07:20:08,654 : INFO : EventManager : Event: ======'machine_var_audits_switches_s_right_inlane'====== Args={'value': 26, 'prev_value': 25, 'change': 1}
2025-05-30 07:20:08,658 : INFO : EventManager : Event: ======'playfield_active'====== Args={}
2025-05-30 07:20:08,832 : INFO : SwitchController : <<<<<<< 's_right_inlane' inactive >>>>>>>
2025-05-30 07:20:09,117 : INFO : SwitchController : <<<<<<< 's_right_inlane' active >>>>>>>
2025-05-30 07:20:09,118 : INFO : EventManager : Event: ======'sw_playfield_active'====== Args={}
2025-05-30 07:20:09,118 : INFO : EventManager : Event: ======'machine_var_audits_switches_s_right_inlane'====== Args={'value': 27, 'prev_value': 26, 'change': 1}
2025-05-30 07:20:09,119 : INFO : EventManager : Event: ======'playfield_active'====== Args={}
2025-05-30 07:20:09,230 : INFO : SwitchController : <<<<<<< 's_right_inlane' inactive >>>>>>>
2025-05-30 07:20:09,401 : INFO : SwitchController : <<<<<<< 's_right_inlane' active >>>>>>>
2025-05-30 07:20:09,401 : INFO : EventManager : Event: ======'sw_playfield_active'====== Args={}
2025-05-30 07:20:09,401 : INFO : EventManager : Event: ======'machine_var_audits_switches_s_right_inlane'====== Args={'value': 28, 'prev_value': 27, 'change': 1}
2025-05-30 07:20:09,403 : INFO : EventManager : Event: ======'playfield_active'====== Args={}
2025-05-30 07:20:09,500 : INFO : SwitchController : <<<<<<< 's_right_inlane' inactive >>>>>>>
2025-05-30 07:20:09,610 : INFO : SwitchController : <<<<<<< 's_right_inlane' active >>>>>>>
2025-05-30 07:20:09,611 : INFO : EventManager : Event: ======'sw_playfield_active'====== Args={}
2025-05-30 07:20:09,611 : INFO : EventManager : Event: ======'machine_var_audits_switches_s_right_inlane'====== Args={'value': 29, 'prev_value': 28, 'change': 1}
2025-05-30 07:20:09,613 : INFO : EventManager : Event: ======'playfield_active'====== Args={}
2025-05-30 07:20:09,722 : INFO : SwitchController : <<<<<<< 's_right_inlane' inactive >>>>>>>
2025-05-30 07:20:09,825 : INFO : SwitchController : <<<<<<< 's_right_inlane' active >>>>>>>
2025-05-30 07:20:09,825 : INFO : EventManager : Event: ======'sw_playfield_active'====== Args={}
2025-05-30 07:20:09,825 : INFO : EventManager : Event: ======'machine_var_audits_switches_s_right_inlane'====== Args={'value': 30, 'prev_value': 29, 'change': 1}
2025-05-30 07:20:09,826 : INFO : EventManager : Event: ======'playfield_active'====== Args={}
2025-05-30 07:20:09,934 : INFO : SwitchController : <<<<<<< 's_right_inlane' inactive >>>>>>>
2025-05-30 07:20:10,019 : INFO : SwitchController : <<<<<<< 's_right_inlane' active >>>>>>>
2025-05-30 07:20:10,020 : INFO : EventManager : Event: ======'sw_playfield_active'====== Args={}
2025-05-30 07:20:10,020 : INFO : EventManager : Event: ======'machine_var_audits_switches_s_right_inlane'====== Args={'value': 31, 'prev_value': 30, 'change': 1}
2025-05-30 07:20:10,022 : INFO : EventManager : Event: ======'playfield_active'====== Args={}
2025-05-30 07:20:10,131 : INFO : SwitchController : <<<<<<< 's_right_inlane' inactive >>>>>>>
2025-05-30 07:20:10,216 : INFO : SwitchController : <<<<<<< 's_right_inlane' active >>>>>>>
2025-05-30 07:20:10,217 : INFO : EventManager : Event: ======'sw_playfield_active'====== Args={}
2025-05-30 07:20:10,217 : INFO : EventManager : Event: ======'machine_var_audits_switches_s_right_inlane'====== Args={'value': 32, 'prev_value': 31, 'change': 1}
2025-05-30 07:20:10,219 : INFO : EventManager : Event: ======'playfield_active'====== Args={}
2025-05-30 07:20:10,327 : INFO : SwitchController : <<<<<<< 's_right_inlane' inactive >>>>>>>
2025-05-30 07:20:10,414 : INFO : SwitchController : <<<<<<< 's_right_inlane' active >>>>>>>
2025-05-30 07:20:10,414 : INFO : EventManager : Event: ======'sw_playfield_active'====== Args={}
2025-05-30 07:20:10,414 : INFO : EventManager : Event: ======'machine_var_audits_switches_s_right_inlane'====== Args={'value': 33, 'prev_value': 32, 'change': 1}
2025-05-30 07:20:10,415 : INFO : EventManager : Event: ======'playfield_active'====== Args={}
2025-05-30 07:20:10,487 : INFO : EventManager : Event: ======'balldevice_bd_trough_ball_eject_failed'====== Args={'target': <playfield.playfield>, 'balls': 1, 'retry': True, 'num_attempts': 1}
2025-05-30 07:20:10,490 : INFO : ball_device.bd_trough : State: waiting_for_target_ready
2025-05-30 07:20:10,490 : INFO : EventManager : Event: ======'balldevice_bd_trough_ball_eject_attempt'====== Args={'balls': 1, 'target': <playfield.playfield>, 'source': <ball_device.bd_trough>, 'mechanical_eject': False, 'num_attempts': 1}
2025-05-30 07:20:10,491 : INFO : ball_device.bd_trough : State: ejecting
2025-05-30 07:20:10,491 : INFO : ball_device.bd_trough : Ejecting ball to <playfield.playfield>
2025-05-30 07:20:10,491 : INFO : EventManager : Event: ======'balldevice_bd_trough_ejecting_ball'====== Args={'balls': 1, 'target': <playfield.playfield>, 'source': <ball_device.bd_trough>, 'mechanical_eject': False, 'num_attempts': 1}
2025-05-30 07:20:10,494 : INFO : ball_device.bd_trough : Wait for ball to leave device
2025-05-30 07:20:10,494 : INFO : coil.c_trough_eject : Pulsing Driver for 10ms (1.0 pulse_power)
2025-05-30 07:20:10,524 : INFO : SwitchController : <<<<<<< 's_right_inlane' inactive >>>>>>>
2025-05-30 07:20:10,723 : INFO : SwitchController : <<<<<<< 's_right_inlane' active >>>>>>>
2025-05-30 07:20:10,723 : INFO : EventManager : Event: ======'sw_playfield_active'====== Args={}
2025-05-30 07:20:10,723 : INFO : EventManager : Event: ======'machine_var_audits_switches_s_right_inlane'====== Args={'value': 34, 'prev_value': 33, 'change': 1}
2025-05-30 07:20:10,724 : INFO : EventManager : Event: ======'playfield_active'====== Args={}
2025-05-30 07:20:10,837 : INFO : SwitchController : <<<<<<< 's_right_inlane' inactive >>>>>>>
2025-05-30 07:20:10,936 : INFO : SwitchController : <<<<<<< 's_right_inlane' active >>>>>>>
2025-05-30 07:20:10,936 : INFO : EventManager : Event: ======'sw_playfield_active'====== Args={}
2025-05-30 07:20:10,936 : INFO : EventManager : Event: ======'machine_var_audits_switches_s_right_inlane'====== Args={'value': 35, 'prev_value': 34, 'change': 1}
2025-05-30 07:20:10,938 : INFO : EventManager : Event: ======'playfield_active'====== Args={}
2025-05-30 07:20:11,047 : INFO : SwitchController : <<<<<<< 's_right_inlane' inactive >>>>>>>
2025-05-30 07:20:11,131 : INFO : SwitchController : <<<<<<< 's_right_inlane' active >>>>>>>
2025-05-30 07:20:11,131 : INFO : EventManager : Event: ======'sw_playfield_active'====== Args={}
2025-05-30 07:20:11,131 : INFO : EventManager : Event: ======'machine_var_audits_switches_s_right_inlane'====== Args={'value': 36, 'prev_value': 35, 'change': 1}
2025-05-30 07:20:11,132 : INFO : EventManager : Event: ======'playfield_active'====== Args={}
2025-05-30 07:20:11,231 : INFO : SwitchController : <<<<<<< 's_right_inlane' inactive >>>>>>>
2025-05-30 07:20:11,329 : INFO : SwitchController : <<<<<<< 's_right_inlane' active >>>>>>>
2025-05-30 07:20:11,329 : INFO : EventManager : Event: ======'sw_playfield_active'====== Args={}
2025-05-30 07:20:11,330 : INFO : EventManager : Event: ======'machine_var_audits_switches_s_right_inlane'====== Args={'value': 37, 'prev_value': 36, 'change': 1}
2025-05-30 07:20:11,331 : INFO : EventManager : Event: ======'playfield_active'====== Args={}
2025-05-30 07:20:11,403 : INFO : SwitchController : <<<<<<< 's_right_inlane' inactive >>>>>>>
2025-05-30 07:20:11,515 : INFO : SwitchController : <<<<<<< 's_right_inlane' active >>>>>>>
2025-05-30 07:20:11,515 : INFO : EventManager : Event: ======'sw_playfield_active'====== Args={}
2025-05-30 07:20:11,515 : INFO : EventManager : Event: ======'machine_var_audits_switches_s_right_inlane'====== Args={'value': 38, 'prev_value': 37, 'change': 1}
2025-05-30 07:20:11,516 : INFO : EventManager : Event: ======'playfield_active'====== Args={}
2025-05-30 07:20:11,652 : INFO : SwitchController : <<<<<<< 's_right_inlane' inactive >>>>>>>
2025-05-30 07:20:12,233 : INFO : SwitchController : <<<<<<< 's_right_inlane' active >>>>>>>
2025-05-30 07:20:12,233 : INFO : EventManager : Event: ======'sw_playfield_active'====== Args={}
2025-05-30 07:20:12,234 : INFO : EventManager : Event: ======'machine_var_audits_switches_s_right_inlane'====== Args={'value': 39, 'prev_value': 38, 'change': 1}
2025-05-30 07:20:12,235 : INFO : EventManager : Event: ======'playfield_active'====== Args={}
2025-05-30 07:20:12,383 : INFO : SwitchController : <<<<<<< 's_right_inlane' inactive >>>>>>>
2025-05-30 07:20:12,494 : INFO : SwitchController : <<<<<<< 's_right_inlane' active >>>>>>>
2025-05-30 07:20:12,495 : INFO : EventManager : Event: ======'sw_playfield_active'====== Args={}
2025-05-30 07:20:12,495 : INFO : EventManager : Event: ======'machine_var_audits_switches_s_right_inlane'====== Args={'value': 40, 'prev_value': 39, 'change': 1}
2025-05-30 07:20:12,496 : INFO : EventManager : Event: ======'playfield_active'====== Args={}
2025-05-30 07:20:12,643 : INFO : SwitchController : <<<<<<< 's_right_inlane' inactive >>>>>>>
2025-05-30 07:20:12,705 : INFO : SwitchController : <<<<<<< 's_right_inlane' active >>>>>>>
2025-05-30 07:20:12,705 : INFO : EventManager : Event: ======'sw_playfield_active'====== Args={}
2025-05-30 07:20:12,705 : INFO : EventManager : Event: ======'machine_var_audits_switches_s_right_inlane'====== Args={'value': 41, 'prev_value': 40, 'change': 1}
2025-05-30 07:20:12,707 : INFO : EventManager : Event: ======'playfield_active'====== Args={}
2025-05-30 07:20:12,860 : INFO : SwitchController : <<<<<<< 's_right_inlane' inactive >>>>>>>
2025-05-30 07:20:20,490 : INFO : EventManager : Event: ======'balldevice_bd_trough_ball_eject_failed'====== Args={'target': <playfield.playfield>, 'balls': 1, 'retry': True, 'num_attempts': 2}
2025-05-30 07:20:20,493 : INFO : ball_device.bd_trough : State: waiting_for_target_ready
2025-05-30 07:20:20,493 : INFO : EventManager : Event: ======'balldevice_bd_trough_ball_eject_attempt'====== Args={'balls': 1, 'target': <playfield.playfield>, 'source': <ball_device.bd_trough>, 'mechanical_eject': False, 'num_attempts': 2}
2025-05-30 07:20:20,495 : INFO : ball_device.bd_trough : State: ejecting
2025-05-30 07:20:20,495 : INFO : ball_device.bd_trough : Ejecting ball to <playfield.playfield>
2025-05-30 07:20:20,495 : INFO : EventManager : Event: ======'balldevice_bd_trough_ejecting_ball'====== Args={'balls': 1, 'target': <playfield.playfield>, 'source': <ball_device.bd_trough>, 'mechanical_eject': False, 'num_attempts': 2}
2025-05-30 07:20:20,498 : INFO : ball_device.bd_trough : Wait for ball to leave device
2025-05-30 07:20:20,498 : INFO : coil.c_trough_eject : Pulsing Driver for 10ms (1.0 pulse_power)
2025-05-30 07:20:30,484 : INFO : EventManager : Event: ======'balldevice_bd_trough_ball_eject_failed'====== Args={'target': <playfield.playfield>, 'balls': 1, 'retry': True, 'num_attempts': 3}
2025-05-30 07:20:30,487 : INFO : ball_device.bd_trough : State: waiting_for_target_ready
2025-05-30 07:20:30,488 : INFO : EventManager : Event: ======'balldevice_bd_trough_ball_eject_attempt'====== Args={'balls': 1, 'target': <playfield.playfield>, 'source': <ball_device.bd_trough>, 'mechanical_eject': False, 'num_attempts': 3}
2025-05-30 07:20:30,488 : INFO : ball_device.bd_trough : State: ejecting
2025-05-30 07:20:30,488 : INFO : ball_device.bd_trough : Ejecting ball to <playfield.playfield>
2025-05-30 07:20:30,489 : INFO : EventManager : Event: ======'balldevice_bd_trough_ejecting_ball'====== Args={'balls': 1, 'target': <playfield.playfield>, 'source': <ball_device.bd_trough>, 'mechanical_eject': False, 'num_attempts': 3}
2025-05-30 07:20:30,492 : INFO : ball_device.bd_trough : Wait for ball to leave device
2025-05-30 07:20:30,492 : INFO : coil.c_trough_eject : Pulsing Driver for 10ms (1.0 pulse_power)
2025-05-30 07:20:40,478 : INFO : EventManager : Event: ======'balldevice_bd_trough_ball_eject_failed'====== Args={'target': <playfield.playfield>, 'balls': 1, 'retry': True, 'num_attempts': 4}
2025-05-30 07:20:40,484 : INFO : ball_device.bd_trough : State: waiting_for_target_ready
2025-05-30 07:20:40,485 : INFO : EventManager : Event: ======'balldevice_bd_trough_ball_eject_attempt'====== Args={'balls': 1, 'target': <playfield.playfield>, 'source': <ball_device.bd_trough>, 'mechanical_eject': False, 'num_attempts': 4}
2025-05-30 07:20:40,487 : INFO : ball_device.bd_trough : State: ejecting
2025-05-30 07:20:40,487 : INFO : ball_device.bd_trough : Ejecting ball to <playfield.playfield>
2025-05-30 07:20:40,488 : INFO : EventManager : Event: ======'balldevice_bd_trough_ejecting_ball'====== Args={'balls': 1, 'target': <playfield.playfield>, 'source': <ball_device.bd_trough>, 'mechanical_eject': False, 'num_attempts': 4}
2025-05-30 07:20:40,490 : INFO : ball_device.bd_trough : Wait for ball to leave device
2025-05-30 07:20:40,490 : INFO : coil.c_trough_eject : Pulsing Driver for 10ms (1.0 pulse_power)
2025-05-30 07:20:50,480 : INFO : EventManager : Event: ======'balldevice_bd_trough_ball_eject_failed'====== Args={'target': <playfield.playfield>, 'balls': 1, 'retry': True, 'num_attempts': 5}
2025-05-30 07:20:50,482 : INFO : ball_device.bd_trough : State: waiting_for_target_ready
2025-05-30 07:20:50,482 : INFO : EventManager : Event: ======'balldevice_bd_trough_ball_eject_attempt'====== Args={'balls': 1, 'target': <playfield.playfield>, 'source': <ball_device.bd_trough>, 'mechanical_eject': False, 'num_attempts': 5}
2025-05-30 07:20:50,483 : INFO : ball_device.bd_trough : State: ejecting
2025-05-30 07:20:50,483 : INFO : ball_device.bd_trough : Ejecting ball to <playfield.playfield>
2025-05-30 07:20:50,483 : INFO : EventManager : Event: ======'balldevice_bd_trough_ejecting_ball'====== Args={'balls': 1, 'target': <playfield.playfield>, 'source': <ball_device.bd_trough>, 'mechanical_eject': False, 'num_attempts': 5}
2025-05-30 07:20:50,484 : INFO : ball_device.bd_trough : Wait for ball to leave device
2025-05-30 07:20:50,484 : INFO : coil.c_trough_eject : Pulsing Driver for 10ms (1.0 pulse_power)
2025-05-30 07:21:00,488 : INFO : EventManager : Event: ======'balldevice_bd_trough_ball_eject_failed'====== Args={'target': <playfield.playfield>, 'balls': 1, 'retry': True, 'num_attempts': 6}
2025-05-30 07:21:00,490 : INFO : ball_device.bd_trough : State: waiting_for_target_ready
2025-05-30 07:21:00,490 : INFO : EventManager : Event: ======'balldevice_bd_trough_ball_eject_attempt'====== Args={'balls': 1, 'target': <playfield.playfield>, 'source': <ball_device.bd_trough>, 'mechanical_eject': False, 'num_attempts': 6}
2025-05-30 07:21:00,491 : INFO : ball_device.bd_trough : State: ejecting
2025-05-30 07:21:00,491 : INFO : ball_device.bd_trough : Ejecting ball to <playfield.playfield>
2025-05-30 07:21:00,492 : INFO : EventManager : Event: ======'balldevice_bd_trough_ejecting_ball'====== Args={'balls': 1, 'target': <playfield.playfield>, 'source': <ball_device.bd_trough>, 'mechanical_eject': False, 'num_attempts': 6}
2025-05-30 07:21:00,493 : INFO : ball_device.bd_trough : Wait for ball to leave device
2025-05-30 07:21:00,493 : INFO : coil.c_trough_eject : Pulsing Driver for 10ms (1.0 pulse_power)
2025-05-30 07:21:10,478 : INFO : EventManager : Event: ======'balldevice_bd_trough_ball_eject_failed'====== Args={'target': <playfield.playfield>, 'balls': 1, 'retry': True, 'num_attempts': 7}
2025-05-30 07:21:10,483 : INFO : ball_device.bd_trough : State: waiting_for_target_ready
2025-05-30 07:21:10,484 : INFO : EventManager : Event: ======'balldevice_bd_trough_ball_eject_attempt'====== Args={'balls': 1, 'target': <playfield.playfield>, 'source': <ball_device.bd_trough>, 'mechanical_eject': False, 'num_attempts': 7}
2025-05-30 07:21:10,487 : INFO : ball_device.bd_trough : State: ejecting
2025-05-30 07:21:10,488 : INFO : ball_device.bd_trough : Ejecting ball to <playfield.playfield>
2025-05-30 07:21:10,488 : INFO : EventManager : Event: ======'balldevice_bd_trough_ejecting_ball'====== Args={'balls': 1, 'target': <playfield.playfield>, 'source': <ball_device.bd_trough>, 'mechanical_eject': False, 'num_attempts': 7}
2025-05-30 07:21:10,493 : INFO : ball_device.bd_trough : Wait for ball to leave device
2025-05-30 07:21:10,494 : INFO : coil.c_trough_eject : Pulsing Driver for 10ms (1.0 pulse_power)
2025-05-30 07:21:20,479 : INFO : EventManager : Event: ======'balldevice_bd_trough_ball_eject_failed'====== Args={'target': <playfield.playfield>, 'balls': 1, 'retry': True, 'num_attempts': 8}
2025-05-30 07:21:20,481 : INFO : ball_device.bd_trough : State: waiting_for_target_ready
2025-05-30 07:21:20,482 : INFO : EventManager : Event: ======'balldevice_bd_trough_ball_eject_attempt'====== Args={'balls': 1, 'target': <playfield.playfield>, 'source': <ball_device.bd_trough>, 'mechanical_eject': False, 'num_attempts': 8}
2025-05-30 07:21:20,484 : INFO : ball_device.bd_trough : State: ejecting
2025-05-30 07:21:20,484 : INFO : ball_device.bd_trough : Ejecting ball to <playfield.playfield>
2025-05-30 07:21:20,484 : INFO : EventManager : Event: ======'balldevice_bd_trough_ejecting_ball'====== Args={'balls': 1, 'target': <playfield.playfield>, 'source': <ball_device.bd_trough>, 'mechanical_eject': False, 'num_attempts': 8}
2025-05-30 07:21:20,487 : INFO : ball_device.bd_trough : Wait for ball to leave device
2025-05-30 07:21:20,487 : INFO : coil.c_trough_eject : Pulsing Driver for 10ms (1.0 pulse_power)
2025-05-30 07:21:30,492 : INFO : EventManager : Event: ======'balldevice_bd_trough_ball_eject_failed'====== Args={'target': <playfield.playfield>, 'balls': 1, 'retry': True, 'num_attempts': 9}
2025-05-30 07:21:30,495 : INFO : ball_device.bd_trough : State: waiting_for_target_ready
2025-05-30 07:21:30,495 : INFO : EventManager : Event: ======'balldevice_bd_trough_ball_eject_attempt'====== Args={'balls': 1, 'target': <playfield.playfield>, 'source': <ball_device.bd_trough>, 'mechanical_eject': False, 'num_attempts': 9}
2025-05-30 07:21:30,496 : INFO : ball_device.bd_trough : State: ejecting
2025-05-30 07:21:30,496 : INFO : ball_device.bd_trough : Ejecting ball to <playfield.playfield>
2025-05-30 07:21:30,497 : INFO : EventManager : Event: ======'balldevice_bd_trough_ejecting_ball'====== Args={'balls': 1, 'target': <playfield.playfield>, 'source': <ball_device.bd_trough>, 'mechanical_eject': False, 'num_attempts': 9}
2025-05-30 07:21:30,500 : INFO : ball_device.bd_trough : Wait for ball to leave device
2025-05-30 07:21:30,500 : INFO : coil.c_trough_eject : Pulsing Driver for 10ms (1.0 pulse_power)
2025-05-30 07:21:40,490 : INFO : EventManager : Event: ======'balldevice_bd_trough_ball_eject_failed'====== Args={'target': <playfield.playfield>, 'balls': 1, 'retry': True, 'num_attempts': 10}
2025-05-30 07:21:40,493 : INFO : ball_device.bd_trough : State: waiting_for_target_ready
2025-05-30 07:21:40,493 : INFO : EventManager : Event: ======'balldevice_bd_trough_ball_eject_attempt'====== Args={'balls': 1, 'target': <playfield.playfield>, 'source': <ball_device.bd_trough>, 'mechanical_eject': False, 'num_attempts': 10}
2025-05-30 07:21:40,494 : INFO : ball_device.bd_trough : State: ejecting
2025-05-30 07:21:40,494 : INFO : ball_device.bd_trough : Ejecting ball to <playfield.playfield>
2025-05-30 07:21:40,494 : INFO : EventManager : Event: ======'balldevice_bd_trough_ejecting_ball'====== Args={'balls': 1, 'target': <playfield.playfield>, 'source': <ball_device.bd_trough>, 'mechanical_eject': False, 'num_attempts': 10}
2025-05-30 07:21:40,496 : INFO : ball_device.bd_trough : Wait for ball to leave device
2025-05-30 07:21:40,497 : INFO : coil.c_trough_eject : Pulsing Driver for 10ms (1.0 pulse_power)
2025-05-30 07:21:50,483 : INFO : EventManager : Event: ======'balldevice_bd_trough_ball_eject_failed'====== Args={'target': <playfield.playfield>, 'balls': 1, 'retry': True, 'num_attempts': 11}
2025-05-30 07:21:50,489 : INFO : ball_device.bd_trough : State: waiting_for_target_ready
2025-05-30 07:21:50,489 : INFO : EventManager : Event: ======'balldevice_bd_trough_ball_eject_attempt'====== Args={'balls': 1, 'target': <playfield.playfield>, 'source': <ball_device.bd_trough>, 'mechanical_eject': False, 'num_attempts': 11}
2025-05-30 07:21:50,492 : INFO : ball_device.bd_trough : State: ejecting
2025-05-30 07:21:50,492 : INFO : ball_device.bd_trough : Ejecting ball to <playfield.playfield>
2025-05-30 07:21:50,493 : INFO : EventManager : Event: ======'balldevice_bd_trough_ejecting_ball'====== Args={'balls': 1, 'target': <playfield.playfield>, 'source': <ball_device.bd_trough>, 'mechanical_eject': False, 'num_attempts': 11}
2025-05-30 07:21:50,499 : INFO : ball_device.bd_trough : Wait for ball to leave device
2025-05-30 07:21:50,500 : INFO : coil.c_trough_eject : Pulsing Driver for 10ms (1.0 pulse_power)
2025-05-30 07:22:00,482 : INFO : EventManager : Event: ======'balldevice_bd_trough_ball_eject_failed'====== Args={'target': <playfield.playfield>, 'balls': 1, 'retry': True, 'num_attempts': 12}
2025-05-30 07:22:00,484 : INFO : ball_device.bd_trough : State: waiting_for_target_ready
2025-05-30 07:22:00,485 : INFO : EventManager : Event: ======'balldevice_bd_trough_ball_eject_attempt'====== Args={'balls': 1, 'target': <playfield.playfield>, 'source': <ball_device.bd_trough>, 'mechanical_eject': False, 'num_attempts': 12}
2025-05-30 07:22:00,486 : INFO : ball_device.bd_trough : State: ejecting
2025-05-30 07:22:00,486 : INFO : ball_device.bd_trough : Ejecting ball to <playfield.playfield>
2025-05-30 07:22:00,486 : INFO : EventManager : Event: ======'balldevice_bd_trough_ejecting_ball'====== Args={'balls': 1, 'target': <playfield.playfield>, 'source': <ball_device.bd_trough>, 'mechanical_eject': False, 'num_attempts': 12}
2025-05-30 07:22:00,488 : INFO : ball_device.bd_trough : Wait for ball to leave device
2025-05-30 07:22:00,488 : INFO : coil.c_trough_eject : Pulsing Driver for 10ms (1.0 pulse_power)
2025-05-30 07:22:10,479 : INFO : EventManager : Event: ======'balldevice_bd_trough_ball_eject_failed'====== Args={'target': <playfield.playfield>, 'balls': 1, 'retry': True, 'num_attempts': 13}
2025-05-30 07:22:10,485 : INFO : ball_device.bd_trough : State: waiting_for_target_ready
2025-05-30 07:22:10,485 : INFO : EventManager : Event: ======'balldevice_bd_trough_ball_eject_attempt'====== Args={'balls': 1, 'target': <playfield.playfield>, 'source': <ball_device.bd_trough>, 'mechanical_eject': False, 'num_attempts': 13}
2025-05-30 07:22:10,488 : INFO : ball_device.bd_trough : State: ejecting
2025-05-30 07:22:10,489 : INFO : ball_device.bd_trough : Ejecting ball to <playfield.playfield>
2025-05-30 07:22:10,489 : INFO : EventManager : Event: ======'balldevice_bd_trough_ejecting_ball'====== Args={'balls': 1, 'target': <playfield.playfield>, 'source': <ball_device.bd_trough>, 'mechanical_eject': False, 'num_attempts': 13}
2025-05-30 07:22:10,492 : INFO : ball_device.bd_trough : Wait for ball to leave device
2025-05-30 07:22:10,492 : INFO : coil.c_trough_eject : Pulsing Driver for 10ms (1.0 pulse_power)
2025-05-30 07:22:20,478 : INFO : EventManager : Event: ======'balldevice_bd_trough_ball_eject_failed'====== Args={'target': <playfield.playfield>, 'balls': 1, 'retry': True, 'num_attempts': 14}
2025-05-30 07:22:20,480 : INFO : ball_device.bd_trough : State: waiting_for_target_ready
2025-05-30 07:22:20,480 : INFO : EventManager : Event: ======'balldevice_bd_trough_ball_eject_attempt'====== Args={'balls': 1, 'target': <playfield.playfield>, 'source': <ball_device.bd_trough>, 'mechanical_eject': False, 'num_attempts': 14}
2025-05-30 07:22:20,481 : INFO : ball_device.bd_trough : State: ejecting
2025-05-30 07:22:20,481 : INFO : ball_device.bd_trough : Ejecting ball to <playfield.playfield>
2025-05-30 07:22:20,481 : INFO : EventManager : Event: ======'balldevice_bd_trough_ejecting_ball'====== Args={'balls': 1, 'target': <playfield.playfield>, 'source': <ball_device.bd_trough>, 'mechanical_eject': False, 'num_attempts': 14}
2025-05-30 07:22:20,483 : INFO : ball_device.bd_trough : Wait for ball to leave device
2025-05-30 07:22:20,483 : INFO : coil.c_trough_eject : Pulsing Driver for 10ms (1.0 pulse_power)
2025-05-30 07:22:30,480 : INFO : EventManager : Event: ======'balldevice_bd_trough_ball_eject_failed'====== Args={'target': <playfield.playfield>, 'balls': 1, 'retry': True, 'num_attempts': 15}
2025-05-30 07:22:30,482 : INFO : ball_device.bd_trough : State: waiting_for_target_ready
2025-05-30 07:22:30,482 : INFO : EventManager : Event: ======'balldevice_bd_trough_ball_eject_attempt'====== Args={'balls': 1, 'target': <playfield.playfield>, 'source': <ball_device.bd_trough>, 'mechanical_eject': False, 'num_attempts': 15}
2025-05-30 07:22:30,483 : INFO : ball_device.bd_trough : State: ejecting
2025-05-30 07:22:30,483 : INFO : ball_device.bd_trough : Ejecting ball to <playfield.playfield>
2025-05-30 07:22:30,483 : INFO : EventManager : Event: ======'balldevice_bd_trough_ejecting_ball'====== Args={'balls': 1, 'target': <playfield.playfield>, 'source': <ball_device.bd_trough>, 'mechanical_eject': False, 'num_attempts': 15}
2025-05-30 07:22:30,485 : INFO : ball_device.bd_trough : Wait for ball to leave device
2025-05-30 07:22:30,485 : INFO : coil.c_trough_eject : Pulsing Driver for 10ms (1.0 pulse_power)
2025-05-30 07:22:40,478 : INFO : EventManager : Event: ======'balldevice_bd_trough_ball_eject_failed'====== Args={'target': <playfield.playfield>, 'balls': 1, 'retry': True, 'num_attempts': 16}
2025-05-30 07:22:40,482 : INFO : ball_device.bd_trough : State: waiting_for_target_ready
2025-05-30 07:22:40,482 : INFO : EventManager : Event: ======'balldevice_bd_trough_ball_eject_attempt'====== Args={'balls': 1, 'target': <playfield.playfield>, 'source': <ball_device.bd_trough>, 'mechanical_eject': False, 'num_attempts': 16}
2025-05-30 07:22:40,484 : INFO : ball_device.bd_trough : State: ejecting
2025-05-30 07:22:40,484 : INFO : ball_device.bd_trough : Ejecting ball to <playfield.playfield>
2025-05-30 07:22:40,484 : INFO : EventManager : Event: ======'balldevice_bd_trough_ejecting_ball'====== Args={'balls': 1, 'target': <playfield.playfield>, 'source': <ball_device.bd_trough>, 'mechanical_eject': False, 'num_attempts': 16}
2025-05-30 07:22:40,487 : INFO : ball_device.bd_trough : Wait for ball to leave device
2025-05-30 07:22:40,487 : INFO : coil.c_trough_eject : Pulsing Driver for 10ms (1.0 pulse_power)
2025-05-30 07:22:50,478 : INFO : EventManager : Event: ======'balldevice_bd_trough_ball_eject_failed'====== Args={'target': <playfield.playfield>, 'balls': 1, 'retry': True, 'num_attempts': 17}
2025-05-30 07:22:50,480 : INFO : ball_device.bd_trough : State: waiting_for_target_ready
2025-05-30 07:22:50,480 : INFO : EventManager : Event: ======'balldevice_bd_trough_ball_eject_attempt'====== Args={'balls': 1, 'target': <playfield.playfield>, 'source': <ball_device.bd_trough>, 'mechanical_eject': False, 'num_attempts': 17}
2025-05-30 07:22:50,481 : INFO : ball_device.bd_trough : State: ejecting
2025-05-30 07:22:50,482 : INFO : ball_device.bd_trough : Ejecting ball to <playfield.playfield>
2025-05-30 07:22:50,482 : INFO : EventManager : Event: ======'balldevice_bd_trough_ejecting_ball'====== Args={'balls': 1, 'target': <playfield.playfield>, 'source': <ball_device.bd_trough>, 'mechanical_eject': False, 'num_attempts': 17}
2025-05-30 07:22:50,484 : INFO : ball_device.bd_trough : Wait for ball to leave device
2025-05-30 07:22:50,484 : INFO : coil.c_trough_eject : Pulsing Driver for 10ms (1.0 pulse_power)
2025-05-30 07:23:00,478 : INFO : EventManager : Event: ======'balldevice_bd_trough_ball_eject_failed'====== Args={'target': <playfield.playfield>, 'balls': 1, 'retry': True, 'num_attempts': 18}
2025-05-30 07:23:00,481 : INFO : ball_device.bd_trough : State: waiting_for_target_ready
2025-05-30 07:23:00,481 : INFO : EventManager : Event: ======'balldevice_bd_trough_ball_eject_attempt'====== Args={'balls': 1, 'target': <playfield.playfield>, 'source': <ball_device.bd_trough>, 'mechanical_eject': False, 'num_attempts': 18}
2025-05-30 07:23:00,482 : INFO : ball_device.bd_trough : State: ejecting
2025-05-30 07:23:00,482 : INFO : ball_device.bd_trough : Ejecting ball to <playfield.playfield>
2025-05-30 07:23:00,483 : INFO : EventManager : Event: ======'balldevice_bd_trough_ejecting_ball'====== Args={'balls': 1, 'target': <playfield.playfield>, 'source': <ball_device.bd_trough>, 'mechanical_eject': False, 'num_attempts': 18}
2025-05-30 07:23:00,485 : INFO : ball_device.bd_trough : Wait for ball to leave device
2025-05-30 07:23:00,485 : INFO : coil.c_trough_eject : Pulsing Driver for 10ms (1.0 pulse_power)
2025-05-30 07:23:03,846 : INFO : Machine : Shutting down...
2025-05-30 07:23:03,846 : INFO : EventManager : Event: ======'shutdown'====== Args={}
2025-05-30 07:23:03,852 : INFO : EventManager : Event: ======'mode_game_will_stop'====== Args={}
2025-05-30 07:23:03,853 : INFO : EventManager : Event: ======'mode_game_stopping'====== Args={}
2025-05-30 07:23:03,857 : INFO : Mode.game : Stopped.
2025-05-30 07:23:03,857 : INFO : EventManager : Event: ======'modes_active_modes_changed'====== Args={}
2025-05-30 07:23:03,858 : INFO : EventManager : Event: ======'mode_game_stopped'====== Args={}
2025-05-30 07:23:03,858 : INFO : EventManager : Event: ======'clear'====== Args={'key': 'game'}
2025-05-30 07:23:03,865 : ERROR : OPP : Stop called on serial connection com3
2025-05-30 07:23:03,886 : ERROR : OPP : Stop called on serial connection com4
2025-05-30 07:23:03,887 : ERROR : asyncio : Exception in callback Util.raise_exceptions(<Task finishe...ection lost')>) at C:\Users\ruben\.local\pipx\venvs\mpf\lib\site-packages\mpf\core\utility_functions.py:759
handle: <Handle Util.raise_exceptions(<Task finishe...ection lost')>) at C:\Users\ruben\.local\pipx\venvs\mpf\lib\site-packages\mpf\core\utility_functions.py:759>
Traceback (most recent call last):
  File "C:\Users\ruben\AppData\Local\Programs\Python\Python39\lib\asyncio\events.py", line 80, in _run
    self._context.run(self._callback, *self._args)
  File "C:\Users\ruben\.local\pipx\venvs\mpf\lib\site-packages\mpf\core\utility_functions.py", line 767, in raise_exceptions
    future.result()
  File "C:\Users\ruben\.local\pipx\venvs\mpf\lib\site-packages\mpf\platforms\opp\opp.py", line 965, in _poll_sender
    await self.opp_connection[chain_serial].writer.drain()
  File "C:\Users\ruben\AppData\Local\Programs\Python\Python39\lib\asyncio\streams.py", line 387, in drain
    await self._protocol._drain_helper()
  File "C:\Users\ruben\AppData\Local\Programs\Python\Python39\lib\asyncio\streams.py", line 190, in _drain_helper
    raise ConnectionResetError('Connection lost')
ConnectionResetError: Connection lost
2025-05-30 07:23:04,150 : WARNING : OPP : Poll took more than 250.0ms for 0
2025-05-30 07:23:04,152 : ERROR : asyncio : Exception in callback Util.raise_exceptions(<Task finishe...ute 'write'")>) at C:\Users\ruben\.local\pipx\venvs\mpf\lib\site-packages\mpf\core\utility_functions.py:759
handle: <Handle Util.raise_exceptions(<Task finishe...ute 'write'")>) at C:\Users\ruben\.local\pipx\venvs\mpf\lib\site-packages\mpf\core\utility_functions.py:759>
Traceback (most recent call last):
  File "C:\Users\ruben\AppData\Local\Programs\Python\Python39\lib\asyncio\events.py", line 80, in _run
    self._context.run(self._callback, *self._args)
  File "C:\Users\ruben\.local\pipx\venvs\mpf\lib\site-packages\mpf\core\utility_functions.py", line 767, in raise_exceptions
    future.result()
  File "C:\Users\ruben\.local\pipx\venvs\mpf\lib\site-packages\mpf\platforms\opp\opp.py", line 964, in _poll_sender
    self.send_to_processor(chain_serial, self.read_input_msg[chain_serial])
  File "C:\Users\ruben\.local\pipx\venvs\mpf\lib\site-packages\mpf\platforms\opp\opp.py", line 345, in send_to_processor
    self.opp_connection[chain_serial].send(msg)
  File "C:\Users\ruben\.local\pipx\venvs\mpf\lib\site-packages\mpf\platforms\base_serial_communicator.py", line 160, in send
    self.writer.write(msg)
AttributeError: 'NoneType' object has no attribute 'write'
2025-05-30 07:23:04,158 : INFO : root : MPF run loop ended.
