2025-07-06 15:41:06,497 : kivy : Kivy: v2.2.1
2025-07-06 15:41:06,497 : kivy : Kivy: Installed at "/Library/Frameworks/Python.framework/Versions/3.9/lib/python3.9/site-packages/kivy/__init__.py"
2025-07-06 15:41:06,497 : kivy : Python: v3.9.13 (v3.9.13:6de2ca5339, May 17 2022, 11:37:23) 
[Clang 13.0.0 (clang-1300.0.29.30)]
2025-07-06 15:41:06,497 : kivy : Python: Interpreter at "/Library/Frameworks/Python.framework/Versions/3.9/bin/python3.9"
2025-07-06 15:41:06,508 : kivy : Factory: 190 symbols loaded
2025-07-06 15:41:06,616 : kivy : ImageLoaderFFPy: Using ffpyplayer 4.5.1
2025-07-06 15:41:06,616 : kivy : Image: Providers: img_tex, img_imageio, img_dds, img_sdl2, img_pil, img_ffpyplayer 
2025-07-06 15:41:06,725 : kivy : VideoFFPy: Using ffpyplayer 4.5.1
2025-07-06 15:41:06,725 : kivy : Video: Provider: ffpyplayer(['video_ffmpeg'] ignored)
2025-07-06 15:41:06,761 : root : Loading MPF-MC controller
2025-07-06 15:41:06,768 : YamlMultifileConfigLoader : Machine config file #1: config
2025-07-06 15:41:06,768 : ConfigProcessor : Config file in cache changed: /Users/ruben/Pinball/mpf-pinball/config/config
2025-07-06 15:41:06,769 : ConfigProcessor : Loading config from file /Library/Frameworks/Python.framework/Versions/3.9/lib/python3.9/site-packages/mpfmc/mcconfig.yaml.
2025-07-06 15:41:06,773 : ConfigProcessor : Loading config: /Library/Frameworks/Python.framework/Versions/3.9/lib/python3.9/site-packages/mpfmc/mcconfig.yaml
2025-07-06 15:41:06,773 : ConfigProcessor : Loading config from file /Users/ruben/Pinball/mpf-pinball/config/config.
2025-07-06 15:41:06,774 : ConfigProcessor : Loading config: /Users/ruben/Pinball/mpf-pinball/config/config
2025-07-06 15:41:06,774 : ConfigProcessor : Loading config: /Users/ruben/Pinball/mpf-pinball/config/hardware.yaml
2025-07-06 15:41:06,775 : ConfigProcessor : Loading config: /Users/ruben/Pinball/mpf-pinball/config/switches.yaml
2025-07-06 15:41:06,776 : ConfigProcessor : Loading config: /Users/ruben/Pinball/mpf-pinball/config/coils.yaml
2025-07-06 15:41:06,778 : ConfigProcessor : Loading config: /Users/ruben/Pinball/mpf-pinball/config/lights.yaml
2025-07-06 15:41:06,779 : ConfigProcessor : Loading config: /Users/ruben/Pinball/mpf-pinball/config/devices.yaml
2025-07-06 15:41:06,779 : ConfigProcessor : Loading config: /Users/ruben/Pinball/mpf-pinball/config/images.yaml
2025-07-06 15:41:06,780 : ConfigProcessor : Loading config: /Users/ruben/Pinball/mpf-pinball/config/displays.yaml
2025-07-06 15:41:06,781 : ConfigProcessor : Loading config: /Users/ruben/Pinball/mpf-pinball/config/slides.yaml
2025-07-06 15:41:06,781 : ConfigProcessor : Loading config: /Users/ruben/Pinball/mpf-pinball/config/sounds.yaml
2025-07-06 15:41:06,783 : ConfigProcessor : Config file cache created: /var/folders/9g/7xjb17l959g1fnq4pjl5c5p80000gn/T/195f11bb22def72033a5ba91cfdec8f0.mpf_cache
2025-07-06 15:41:06,783 : ConfigProcessor : Loading config from cache: /var/folders/9g/7xjb17l959g1fnq4pjl5c5p80000gn/T/f574f59b1e0fcbb2258348220f26b9cc.mpf_cache
2025-07-06 15:41:06,783 : ConfigProcessor : Loading config from cache: /var/folders/9g/7xjb17l959g1fnq4pjl5c5p80000gn/T/edcc5f1d3215b377c9faab88c62e4ce0.mpf_cache
2025-07-06 15:41:06,783 : ConfigProcessor : Loading config from cache: /var/folders/9g/7xjb17l959g1fnq4pjl5c5p80000gn/T/174d451d321a0971202b746018364536.mpf_cache
2025-07-06 15:41:06,783 : ConfigProcessor : Loading config from cache: /var/folders/9g/7xjb17l959g1fnq4pjl5c5p80000gn/T/f574f59b1e0fcbb2258348220f26b9cc.mpf_cache
2025-07-06 15:41:06,783 : ConfigProcessor : Loading config from cache: /var/folders/9g/7xjb17l959g1fnq4pjl5c5p80000gn/T/c284941e722380023d767d5e99e91837.mpf_cache
2025-07-06 15:41:06,783 : mpfmc : Mission Pinball Framework Media Controller (MPF-MC) v0.57.1. Requires MPF v0.57.0 or newer.
2025-07-06 15:41:06,783 : mpfmc : Found MPF v0.57.3
2025-07-06 15:41:06,783 : mpfmc : Machine path: /Users/ruben/Pinball/mpf-pinball
2025-07-06 15:41:06,783 : mpfmc : Starting clock at 60.0Hz
2025-07-06 15:41:06,794 : kivy : Text: Provider: sdl2
2025-07-06 15:41:06,815 : kivy : Window: Provider: sdl2
2025-07-06 15:41:06,986 : kivy : GL: Using the "OpenGL ES 2" graphics system
2025-07-06 15:41:06,986 : kivy : GL: Backend used <sdl2>
2025-07-06 15:41:06,986 : kivy : GL: OpenGL version <b'2.1 Metal - 89.4'>
2025-07-06 15:41:06,986 : kivy : GL: OpenGL vendor <b'Apple'>
2025-07-06 15:41:06,986 : kivy : GL: OpenGL renderer <b'Apple M1 Pro'>
2025-07-06 15:41:06,986 : kivy : GL: OpenGL parsed version: 2, 1
2025-07-06 15:41:06,986 : kivy : GL: Shading version <b'1.20'>
2025-07-06 15:41:06,986 : kivy : GL: Texture max size <16384>
2025-07-06 15:41:06,986 : kivy : GL: Texture max units <16>
2025-07-06 15:41:06,999 : kivy : Window: auto add sdl2 input provider
2025-07-06 15:41:07,000 : kivy : Window: virtual keyboard not allowed, single mode, not docked
2025-07-06 15:41:07,147 : AudioInterface : Initialized
2025-07-06 15:41:07,147 : AudioInterface : Loaded SDL 2.32.8
2025-07-06 15:41:07,147 : AudioInterface : Loaded SDL_Mixer 2.8.1
2025-07-06 15:41:07,147 : AudioInterface : Loaded GStreamer 1.26.2.0
2025-07-06 15:41:07,147 : AudioInterface : Loaded GLib 2.84.2
2025-07-06 15:41:07,147 : AudioInterface : Settings requested - rate: 44100, channels: 1, buffer: 2048 samples
2025-07-06 15:41:07,147 : AudioInterface : Settings in use - rate: 44100, channels: 1, buffer: 2048 samples (4096 bytes @ 2 bytes per sample)
2025-07-06 15:41:07,148 : SoundSystem : Setting master volume to 0.0
2025-07-06 15:41:07,148 : AudioInterface : Enabling audio playback
2025-07-06 15:41:07,149 : kivy : Base: Start application main loop
2025-07-06 15:41:07,149 : EventManager : Event: ======'display_window_initialized'====== Args={}
2025-07-06 15:41:07,477 : mpfmc : Display: Setting 'window' as default display
2025-07-06 15:41:07,481 : EventManager : Event: ======'displays_initialized'====== Args={}
2025-07-06 15:41:07,481 : EventManager : Event: ======'slide_window_blank_created'====== Args={}
2025-07-06 15:41:07,481 : EventManager : Event: ======'display_window_ready'====== Args={}
2025-07-06 15:41:07,486 : EventManager : Event: ======'init_phase_1'====== Args={}
2025-07-06 15:41:07,489 : EventManager : Event: ======'mc_ready'====== Args={}
2025-07-06 15:41:07,489 : EventManager : Event: ======'init_phase_2'====== Args={}
2025-07-06 15:41:07,491 : EventManager : Event: ======'init_phase_3'====== Args={}
2025-07-06 15:41:07,493 : EventManager : Event: ======'init_phase_4'====== Args={}
2025-07-06 15:41:07,494 : EventManager : Event: ======'init_phase_5'====== Args={}
2025-07-06 15:41:07,550 : EventManager : Event: ======'loading_assets'====== Args={'total': 1, 'loaded': 1, 'remaining': 0, 'percent': 100}
2025-07-06 15:41:07,550 : AssetManager : Asset loading took: 0.4022090435028076
2025-07-06 15:41:07,550 : EventManager : Event: ======'asset_loading_complete'====== Args={}
2025-07-06 15:41:07,550 : AssetManager : Loading assets: 1/1 (100%)
2025-07-06 15:41:07,550 : EventManager : Event: ======'init_done'====== Args={}
2025-07-06 15:41:07,550 : MPF-MC BCP Server : Starting up on localhost port 5050
2025-07-06 15:41:07,554 : MPF-MC BCP Server : Waiting for a connection...
2025-07-06 15:41:07,564 : EventManager : Event: ======'client_disconnected'====== Args={'host': '127.0.0.1', 'port': 5050}
2025-07-06 15:41:07,589 : MPF-MC BCP Server : Received connection from: 127.0.0.1:63182
2025-07-06 15:41:07,591 : EventManager : Event: ======'client_connected'====== Args={'host': '127.0.0.1', 'port': 63182}
2025-07-06 15:41:07,604 : EventManager : Event: ======'machine_var_credits_string'====== Args={'value': 'FREE PLAY', 'prev_value': None, 'change': True}
2025-07-06 15:41:07,604 : EventManager : Event: ======'machine_var_master_volume'====== Args={'value': 0.5, 'prev_value': None, 'change': True}
2025-07-06 15:41:07,604 : EventManager : Event: ======'machine_var_player1_score'====== Args={'value': 0, 'prev_value': None, 'change': True}
2025-07-06 15:41:07,604 : EventManager : Event: ======'machine_var_mpf_version'====== Args={'value': 'Mission Pinball Framework v0.57.3', 'prev_value': None, 'change': True}
2025-07-06 15:41:07,604 : EventManager : Event: ======'machine_var_mpf_extended_version'====== Args={'value': 'Mission Pinball Framework v0.57.3, Config version:6, Show version: 6, BCP version:1.1', 'prev_value': None, 'change': True}
2025-07-06 15:41:07,604 : EventManager : Event: ======'machine_var_python_version'====== Args={'value': '3.9.13', 'prev_value': None, 'change': True}
2025-07-06 15:41:07,604 : EventManager : Event: ======'machine_var_platform'====== Args={'value': 'macOS-15.5-arm64-arm-64bit', 'prev_value': None, 'change': True}
2025-07-06 15:41:07,604 : EventManager : Event: ======'machine_var_platform_system'====== Args={'value': 'Darwin', 'prev_value': None, 'change': True}
2025-07-06 15:41:07,604 : EventManager : Event: ======'machine_var_platform_release'====== Args={'value': '24.5.0', 'prev_value': None, 'change': True}
2025-07-06 15:41:07,604 : EventManager : Event: ======'machine_var_platform_version'====== Args={'value': 'Darwin Kernel Version 24.5.0: Tue Apr 22 19:54:49 PDT 2025; root:xnu-11417.121.6~2/RELEASE_ARM64_T6000', 'prev_value': None, 'change': True}
2025-07-06 15:41:07,604 : EventManager : Event: ======'machine_var_platform_machine'====== Args={'value': 'arm64', 'prev_value': None, 'change': True}
2025-07-06 15:41:07,604 : EventManager : Event: ======'machine_var_mc_version'====== Args={'value': 'MPF-MC v0.57.1', 'prev_value': None, 'change': True}
2025-07-06 15:41:07,604 : EventManager : Event: ======'machine_var_mc_extended_version'====== Args={'value': 'MPF-MC v0.57.1 (config_version=6, BCP v1.1,                      Requires MPF API compatibility v0.57.0 or newer)', 'prev_value': None, 'change': True}
2025-07-06 15:41:07,604 : EventManager : Event: ======'machine_var_credits_string'====== Args={'value': 'FREE PLAY', 'prev_value': None, 'change': True}
2025-07-06 15:41:07,604 : EventManager : Event: ======'machine_var_master_volume'====== Args={'value': 0.5, 'prev_value': None, 'change': True}
2025-07-06 15:41:07,605 : EventManager : Event: ======'machine_var_player1_score'====== Args={'value': 0, 'prev_value': None, 'change': True}
2025-07-06 15:41:07,605 : EventManager : Event: ======'machine_var_mpf_version'====== Args={'value': 'Mission Pinball Framework v0.57.3', 'prev_value': None, 'change': True}
2025-07-06 15:41:07,605 : EventManager : Event: ======'machine_var_mpf_extended_version'====== Args={'value': 'Mission Pinball Framework v0.57.3, Config version:6, Show version: 6, BCP version:1.1', 'prev_value': None, 'change': True}
2025-07-06 15:41:07,605 : EventManager : Event: ======'machine_var_python_version'====== Args={'value': '3.9.13', 'prev_value': None, 'change': True}
2025-07-06 15:41:07,605 : EventManager : Event: ======'machine_var_platform'====== Args={'value': 'macOS-15.5-arm64-arm-64bit', 'prev_value': None, 'change': True}
2025-07-06 15:41:07,605 : EventManager : Event: ======'machine_var_platform_system'====== Args={'value': 'Darwin', 'prev_value': None, 'change': True}
2025-07-06 15:41:07,605 : EventManager : Event: ======'machine_var_platform_release'====== Args={'value': '24.5.0', 'prev_value': None, 'change': True}
2025-07-06 15:41:07,605 : EventManager : Event: ======'machine_var_platform_version'====== Args={'value': 'Darwin Kernel Version 24.5.0: Tue Apr 22 19:54:49 PDT 2025; root:xnu-11417.121.6~2/RELEASE_ARM64_T6000', 'prev_value': None, 'change': True}
2025-07-06 15:41:07,605 : EventManager : Event: ======'machine_var_platform_machine'====== Args={'value': 'arm64', 'prev_value': None, 'change': True}
2025-07-06 15:41:07,605 : EventManager : Event: ======'machine_var_mc_version'====== Args={'value': 'MPF-MC v0.57.1', 'prev_value': None, 'change': True}
2025-07-06 15:41:07,605 : EventManager : Event: ======'machine_var_mc_extended_version'====== Args={'value': 'MPF-MC v0.57.1 (config_version=6, BCP v1.1,                      Requires MPF API compatibility v0.57.0 or newer)', 'prev_value': None, 'change': True}
2025-07-06 15:41:07,605 : EventManager : Event: ======'machine_var_credits_string'====== Args={'value': 'FREE PLAY', 'prev_value': None, 'change': True}
2025-07-06 15:41:07,605 : EventManager : Event: ======'machine_var_master_volume'====== Args={'value': 0.5, 'prev_value': None, 'change': True}
2025-07-06 15:41:07,605 : EventManager : Event: ======'machine_var_player1_score'====== Args={'value': 0, 'prev_value': None, 'change': True}
2025-07-06 15:41:07,605 : EventManager : Event: ======'machine_var_mpf_version'====== Args={'value': 'Mission Pinball Framework v0.57.3', 'prev_value': None, 'change': True}
2025-07-06 15:41:07,605 : EventManager : Event: ======'machine_var_mpf_extended_version'====== Args={'value': 'Mission Pinball Framework v0.57.3, Config version:6, Show version: 6, BCP version:1.1', 'prev_value': None, 'change': True}
2025-07-06 15:41:07,605 : EventManager : Event: ======'machine_var_python_version'====== Args={'value': '3.9.13', 'prev_value': None, 'change': True}
2025-07-06 15:41:07,605 : EventManager : Event: ======'machine_var_platform'====== Args={'value': 'macOS-15.5-arm64-arm-64bit', 'prev_value': None, 'change': True}
2025-07-06 15:41:07,605 : EventManager : Event: ======'machine_var_platform_system'====== Args={'value': 'Darwin', 'prev_value': None, 'change': True}
2025-07-06 15:41:07,605 : EventManager : Event: ======'machine_var_platform_release'====== Args={'value': '24.5.0', 'prev_value': None, 'change': True}
2025-07-06 15:41:07,605 : EventManager : Event: ======'machine_var_platform_version'====== Args={'value': 'Darwin Kernel Version 24.5.0: Tue Apr 22 19:54:49 PDT 2025; root:xnu-11417.121.6~2/RELEASE_ARM64_T6000', 'prev_value': None, 'change': True}
2025-07-06 15:41:07,605 : EventManager : Event: ======'machine_var_platform_machine'====== Args={'value': 'arm64', 'prev_value': None, 'change': True}
2025-07-06 15:41:07,605 : EventManager : Event: ======'machine_var_mc_version'====== Args={'value': 'MPF-MC v0.57.1', 'prev_value': None, 'change': True}
2025-07-06 15:41:07,605 : EventManager : Event: ======'machine_var_mc_extended_version'====== Args={'value': 'MPF-MC v0.57.1 (config_version=6, BCP v1.1,                      Requires MPF API compatibility v0.57.0 or newer)', 'prev_value': None, 'change': True}
2025-07-06 15:41:07,605 : EventManager : Event: ======'machine_var_credits_string'====== Args={'value': 'FREE PLAY', 'prev_value': None, 'change': True}
2025-07-06 15:41:07,605 : EventManager : Event: ======'machine_var_master_volume'====== Args={'value': 0.5, 'prev_value': None, 'change': True}
2025-07-06 15:41:07,605 : EventManager : Event: ======'machine_var_player1_score'====== Args={'value': 0, 'prev_value': None, 'change': True}
2025-07-06 15:41:07,605 : EventManager : Event: ======'machine_var_mpf_version'====== Args={'value': 'Mission Pinball Framework v0.57.3', 'prev_value': None, 'change': True}
2025-07-06 15:41:07,605 : EventManager : Event: ======'machine_var_mpf_extended_version'====== Args={'value': 'Mission Pinball Framework v0.57.3, Config version:6, Show version: 6, BCP version:1.1', 'prev_value': None, 'change': True}
2025-07-06 15:41:07,605 : EventManager : Event: ======'machine_var_python_version'====== Args={'value': '3.9.13', 'prev_value': None, 'change': True}
2025-07-06 15:41:07,605 : EventManager : Event: ======'machine_var_platform'====== Args={'value': 'macOS-15.5-arm64-arm-64bit', 'prev_value': None, 'change': True}
2025-07-06 15:41:07,605 : EventManager : Event: ======'machine_var_platform_system'====== Args={'value': 'Darwin', 'prev_value': None, 'change': True}
2025-07-06 15:41:07,605 : EventManager : Event: ======'machine_var_platform_release'====== Args={'value': '24.5.0', 'prev_value': None, 'change': True}
2025-07-06 15:41:07,605 : EventManager : Event: ======'machine_var_platform_version'====== Args={'value': 'Darwin Kernel Version 24.5.0: Tue Apr 22 19:54:49 PDT 2025; root:xnu-11417.121.6~2/RELEASE_ARM64_T6000', 'prev_value': None, 'change': True}
2025-07-06 15:41:07,605 : EventManager : Event: ======'machine_var_platform_machine'====== Args={'value': 'arm64', 'prev_value': None, 'change': True}
2025-07-06 15:41:07,605 : EventManager : Event: ======'machine_var_mc_version'====== Args={'value': 'MPF-MC v0.57.1', 'prev_value': None, 'change': True}
2025-07-06 15:41:07,605 : EventManager : Event: ======'machine_var_mc_extended_version'====== Args={'value': 'MPF-MC v0.57.1 (config_version=6, BCP v1.1,                      Requires MPF API compatibility v0.57.0 or newer)', 'prev_value': None, 'change': True}
2025-07-06 15:41:07,606 : SoundSystem : Setting master volume to 0.5
2025-07-06 15:41:07,606 : SoundSystem : Setting master volume to 0.5
2025-07-06 15:41:07,606 : SoundSystem : Setting master volume to 0.5
2025-07-06 15:41:07,606 : SoundSystem : Setting master volume to 0.5
2025-07-06 15:41:07,617 : EventManager : Event: ======'machine_var_audits_events_game_ended'====== Args={'value': 53, 'prev_value': None, 'change': True}
2025-07-06 15:41:07,617 : EventManager : Event: ======'machine_var_audits_events_game_started'====== Args={'value': 151, 'prev_value': None, 'change': True}
2025-07-06 15:41:07,617 : EventManager : Event: ======'machine_var_audits_missing_switches_s_center_scoop'====== Args={'value': 2, 'prev_value': None, 'change': True}
2025-07-06 15:41:07,617 : EventManager : Event: ======'machine_var_audits_missing_switches_s_left_flipper'====== Args={'value': 51, 'prev_value': None, 'change': True}
2025-07-06 15:41:07,617 : EventManager : Event: ======'machine_var_audits_missing_switches_s_left_inlane_1'====== Args={'value': 1, 'prev_value': None, 'change': True}
2025-07-06 15:41:07,617 : EventManager : Event: ======'machine_var_audits_missing_switches_s_left_inlane_2'====== Args={'value': 1, 'prev_value': None, 'change': True}
2025-07-06 15:41:07,617 : EventManager : Event: ======'machine_var_audits_missing_switches_s_left_outlane'====== Args={'value': 1, 'prev_value': None, 'change': True}
2025-07-06 15:41:07,617 : EventManager : Event: ======'machine_var_audits_missing_switches_s_left_slingshot'====== Args={'value': 2, 'prev_value': None, 'change': True}
2025-07-06 15:41:07,617 : EventManager : Event: ======'machine_var_audits_missing_switches_s_pop1'====== Args={'value': 62, 'prev_value': None, 'change': True}
2025-07-06 15:41:07,617 : EventManager : Event: ======'machine_var_audits_missing_switches_s_pop2'====== Args={'value': 62, 'prev_value': None, 'change': True}
2025-07-06 15:41:07,617 : EventManager : Event: ======'machine_var_audits_missing_switches_s_pop3'====== Args={'value': 62, 'prev_value': None, 'change': True}
2025-07-06 15:41:07,617 : EventManager : Event: ======'machine_var_audits_missing_switches_s_pop4'====== Args={'value': 51, 'prev_value': None, 'change': True}
2025-07-06 15:41:07,617 : EventManager : Event: ======'machine_var_audits_missing_switches_s_pop5'====== Args={'value': 5, 'prev_value': None, 'change': True}
2025-07-06 15:41:07,617 : EventManager : Event: ======'machine_var_audits_missing_switches_s_right_flipper'====== Args={'value': 50, 'prev_value': None, 'change': True}
2025-07-06 15:41:07,617 : EventManager : Event: ======'machine_var_audits_missing_switches_s_right_outlane'====== Args={'value': 1, 'prev_value': None, 'change': True}
2025-07-06 15:41:07,617 : EventManager : Event: ======'machine_var_audits_missing_switches_s_right_scoop'====== Args={'value': 2, 'prev_value': None, 'change': True}
2025-07-06 15:41:07,617 : EventManager : Event: ======'machine_var_audits_missing_switches_s_right_slingshot'====== Args={'value': 2, 'prev_value': None, 'change': True}
2025-07-06 15:41:07,617 : EventManager : Event: ======'machine_var_audits_missing_switches_s_startButton'====== Args={'value': 41, 'prev_value': None, 'change': True}
2025-07-06 15:41:07,617 : EventManager : Event: ======'machine_var_audits_missing_switches_s_target_r'====== Args={'value': 2, 'prev_value': None, 'change': True}
2025-07-06 15:41:07,617 : EventManager : Event: ======'machine_var_audits_missing_switches_s_trough1'====== Args={'value': 44, 'prev_value': None, 'change': True}
2025-07-06 15:41:07,617 : EventManager : Event: ======'machine_var_audits_missing_switches_s_trough2'====== Args={'value': 10, 'prev_value': None, 'change': True}
2025-07-06 15:41:07,617 : EventManager : Event: ======'machine_var_audits_missing_switches_s_trough3'====== Args={'value': 10, 'prev_value': None, 'change': True}
2025-07-06 15:41:07,617 : EventManager : Event: ======'machine_var_audits_missing_switches_s_trough4'====== Args={'value': 10, 'prev_value': None, 'change': True}
2025-07-06 15:41:07,617 : EventManager : Event: ======'machine_var_audits_missing_switches_s_trough5'====== Args={'value': 9, 'prev_value': None, 'change': True}
2025-07-06 15:41:07,617 : EventManager : Event: ======'machine_var_audits_player_score'====== Args={'value': {'average': 0, 'top': [0, 0, 0, 0, 0, 0, 0, 0, 0, 0], 'total': 53}, 'prev_value': None, 'change': True}
2025-07-06 15:41:07,617 : EventManager : Event: ======'machine_var_audits_shots_my_first_shot'====== Args={'value': 5, 'prev_value': None, 'change': True}
2025-07-06 15:41:07,617 : EventManager : Event: ======'machine_var_audits_shots_shot_right_inlane'====== Args={'value': 1, 'prev_value': None, 'change': True}
2025-07-06 15:41:07,618 : EventManager : Event: ======'machine_var_audits_switches_s_center_scoop'====== Args={'value': 0, 'prev_value': None, 'change': True}
2025-07-06 15:41:07,618 : EventManager : Event: ======'machine_var_audits_switches_s_drop_bank1'====== Args={'value': 140, 'prev_value': None, 'change': True}
2025-07-06 15:41:07,618 : EventManager : Event: ======'machine_var_audits_switches_s_left_flipper'====== Args={'value': 2284, 'prev_value': None, 'change': True}
2025-07-06 15:41:07,618 : EventManager : Event: ======'machine_var_audits_switches_s_left_inlane1'====== Args={'value': 2, 'prev_value': None, 'change': True}
2025-07-06 15:41:07,618 : EventManager : Event: ======'machine_var_audits_switches_s_left_inlane2'====== Args={'value': 2, 'prev_value': None, 'change': True}
2025-07-06 15:41:07,618 : EventManager : Event: ======'machine_var_audits_switches_s_left_inlane_1'====== Args={'value': 1, 'prev_value': None, 'change': True}
2025-07-06 15:41:07,618 : EventManager : Event: ======'machine_var_audits_switches_s_left_inlane_2'====== Args={'value': 2, 'prev_value': None, 'change': True}
2025-07-06 15:41:07,618 : EventManager : Event: ======'machine_var_audits_switches_s_left_outlane'====== Args={'value': 1, 'prev_value': None, 'change': True}
2025-07-06 15:41:07,618 : EventManager : Event: ======'machine_var_audits_switches_s_left_slingshot'====== Args={'value': 409, 'prev_value': None, 'change': True}
2025-07-06 15:41:07,618 : EventManager : Event: ======'machine_var_audits_switches_s_plunger'====== Args={'value': 5, 'prev_value': None, 'change': True}
2025-07-06 15:41:07,618 : EventManager : Event: ======'machine_var_audits_switches_s_pop1'====== Args={'value': 0, 'prev_value': None, 'change': True}
2025-07-06 15:41:07,618 : EventManager : Event: ======'machine_var_audits_switches_s_pop2'====== Args={'value': 0, 'prev_value': None, 'change': True}
2025-07-06 15:41:07,618 : EventManager : Event: ======'machine_var_audits_switches_s_pop3'====== Args={'value': 0, 'prev_value': None, 'change': True}
2025-07-06 15:41:07,618 : EventManager : Event: ======'machine_var_audits_switches_s_pop4'====== Args={'value': 3, 'prev_value': None, 'change': True}
2025-07-06 15:41:07,618 : EventManager : Event: ======'machine_var_audits_switches_s_pop5'====== Args={'value': 4, 'prev_value': None, 'change': True}
2025-07-06 15:41:07,618 : EventManager : Event: ======'machine_var_audits_switches_s_pop_bot'====== Args={'value': 426, 'prev_value': None, 'change': True}
2025-07-06 15:41:07,618 : EventManager : Event: ======'machine_var_audits_switches_s_pop_mid'====== Args={'value': 351, 'prev_value': None, 'change': True}
2025-07-06 15:41:07,618 : EventManager : Event: ======'machine_var_audits_switches_s_pop_top'====== Args={'value': 302, 'prev_value': None, 'change': True}
2025-07-06 15:41:07,618 : EventManager : Event: ======'machine_var_audits_switches_s_right_flipper'====== Args={'value': 2339, 'prev_value': None, 'change': True}
2025-07-06 15:41:07,618 : EventManager : Event: ======'machine_var_audits_switches_s_right_inlane'====== Args={'value': 88, 'prev_value': None, 'change': True}
2025-07-06 15:41:07,618 : EventManager : Event: ======'machine_var_audits_switches_s_right_outlane'====== Args={'value': 4, 'prev_value': None, 'change': True}
2025-07-06 15:41:07,618 : EventManager : Event: ======'machine_var_audits_switches_s_right_scoop'====== Args={'value': 0, 'prev_value': None, 'change': True}
2025-07-06 15:41:07,618 : EventManager : Event: ======'machine_var_audits_switches_s_right_slingshot'====== Args={'value': 364, 'prev_value': None, 'change': True}
2025-07-06 15:41:07,618 : EventManager : Event: ======'machine_var_audits_switches_s_scoop_center'====== Args={'value': 2, 'prev_value': None, 'change': True}
2025-07-06 15:41:07,618 : EventManager : Event: ======'machine_var_audits_switches_s_scoop_lower'====== Args={'value': 220, 'prev_value': None, 'change': True}
2025-07-06 15:41:07,618 : EventManager : Event: ======'machine_var_audits_switches_s_scoop_right'====== Args={'value': 1, 'prev_value': None, 'change': True}
2025-07-06 15:41:07,618 : EventManager : Event: ======'machine_var_audits_switches_s_shooter_lane'====== Args={'value': 15, 'prev_value': None, 'change': True}
2025-07-06 15:41:07,618 : EventManager : Event: ======'machine_var_audits_switches_s_startButton'====== Args={'value': 37, 'prev_value': None, 'change': True}
2025-07-06 15:41:07,618 : EventManager : Event: ======'machine_var_audits_switches_s_target_g'====== Args={'value': 4, 'prev_value': None, 'change': True}
2025-07-06 15:41:07,618 : EventManager : Event: ======'machine_var_audits_switches_s_target_r'====== Args={'value': 0, 'prev_value': None, 'change': True}
2025-07-06 15:41:07,618 : EventManager : Event: ======'machine_var_audits_switches_s_trough1'====== Args={'value': 318, 'prev_value': None, 'change': True}
2025-07-06 15:41:07,618 : EventManager : Event: ======'machine_var_audits_switches_s_trough2'====== Args={'value': 1, 'prev_value': None, 'change': True}
2025-07-06 15:41:07,618 : EventManager : Event: ======'machine_var_audits_switches_s_trough3'====== Args={'value': 1, 'prev_value': None, 'change': True}
2025-07-06 15:41:07,618 : EventManager : Event: ======'machine_var_audits_switches_s_trough4'====== Args={'value': 1, 'prev_value': None, 'change': True}
2025-07-06 15:41:07,618 : EventManager : Event: ======'machine_var_audits_switches_s_trough5'====== Args={'value': 1, 'prev_value': None, 'change': True}
2025-07-06 15:41:07,618 : EventManager : Event: ======'mc_reset_phase_1'====== Args={}
2025-07-06 15:41:07,618 : EventManager : Event: ======'mc_reset_phase_2'====== Args={}
2025-07-06 15:41:07,618 : EventManager : Event: ======'mc_reset_phase_3'====== Args={}
2025-07-06 15:41:07,618 : EventManager : Event: ======'mc_reset_complete'====== Args={}
2025-07-06 15:41:07,629 : EventManager : Event: ======'slides_play'====== Args={'settings': {'awesome_slide': {'widgets': [{'type': 'image', 'image': 'af_bg', '_default_settings': ['type', 'image'], 'x': None, 'y': None, 'anchor_x': 'center', 'anchor_y': 'center', 'round_anchor_x': None, 'round_anchor_y': None, 'opacity': 1.0, 'z': 0, 'reset_animations_events': {}, 'color': [1.0, 1.0, 1.0, 1.0], 'style': [], 'adjust_top': 0, 'adjust_bottom': 0, 'adjust_left': 0, 'adjust_right': 0, 'expire': None, 'key': None, 'widget': None, 'events_when_added': [], 'events_when_removed': [], 'fps': 10, 'loops': -1, 'auto_play': True, 'start_frame': 0, 'rotation': 0, 'scale': 1.0, 'animations': None}], 'transition': {'type': 'fade', 'duration': 1.0}, 'target': None, 'background_color': [0.0, 0.0, 0.0, 1.0], 'priority': None, 'show': True, 'force': False, 'expire': None, 'slide': None, 'tokens': {}, 'action': 'play'}}, 'context': 'show_7', 'calling_context': 0, 'priority': 10, 'show_tokens': {}, 'start_time': 1.466408416}
2025-07-06 15:41:07,629 : EventManager : Event: ======'sounds_play'====== Args={'settings': {'music_startuplong': {'action': 'play', 'loops': -1, 'priority': None, 'block': False, 'delay': None, 'track': None, 'volume': None, 'ducking': {}, 'pan': None, 'start_at': None, 'fade_in': None, 'fade_out': None, 'about_to_finish_time': -1.0, 'max_queue_time': -1.0, 'events_when_played': ['use_sound_setting'], 'events_when_stopped': ['use_sound_setting'], 'events_when_looping': ['use_sound_setting'], 'events_when_about_to_finish': ['use_sound_setting'], 'mode_end_action': 'use_sound_setting', 'key': 'use_sound_setting'}}, 'context': 'attract', 'calling_context': 'mode_attract_started', 'priority': 10}
2025-07-06 15:41:07,630 : EventManager : Event: ======'slide_awesome_slide_created'====== Args={}
2025-07-06 15:41:07,631 : kivy : GL: NPOT texture support is available
2025-07-06 15:41:07,645 : EventManager : Event: ======'slide_awesome_slide_active'====== Args={}
2025-07-06 15:41:07,655 : EventManager : Event: ======'loading_assets'====== Args={'total': 2, 'loaded': 1, 'remaining': 1, 'percent': 50}
2025-07-06 15:41:07,655 : AssetManager : Loading assets: 1/2 (50%)
2025-07-06 15:41:07,655 : EventManager : Event: ======'loading_assets'====== Args={'total': 2, 'loaded': 2, 'remaining': 0, 'percent': 100}
2025-07-06 15:41:07,655 : AssetManager : Asset loading took: 0.506868839263916
2025-07-06 15:41:07,655 : EventManager : Event: ======'asset_loading_complete'====== Args={}
2025-07-06 15:41:07,655 : AssetManager : Loading assets: 2/2 (100%)
2025-07-06 15:41:10,626 : EventManager : Event: ======'slides_play'====== Args={'settings': {'press_start': {'widgets': [{'type': 'Text', 'text': 'PRESS START', 'color': [1.0, 1.0, 1.0, 1], 'font_size': 80, 'font_name': 'CinzelDecorative-Black', 'animations': {'pre_show_slide': [{'property': ['opacity'], 'value': ['0'], 'duration': 0.5, 'relative': False, 'timing': 'after_previous', 'repeat': False, 'easing': 'linear', 'step': 0.0}, {'property': ['opacity'], 'value': ['1'], 'duration': 1.0, 'relative': False, 'timing': 'after_previous', 'repeat': False, 'easing': 'linear', 'step': 0.0}, {'property': ['opacity'], 'value': ['0'], 'duration': 0.5, 'repeat': True, 'relative': False, 'timing': 'after_previous', 'easing': 'linear', 'step': 0.0}]}, '_default_settings': ['type', 'text', 'color', 'font_size', 'font_name', 'animations'], 'x': None, 'y': None, 'anchor_x': 'center', 'anchor_y': 'center', 'round_anchor_x': None, 'round_anchor_y': None, 'opacity': 1.0, 'z': 0, 'reset_animations_events': {}, 'style': [], 'adjust_top': 0, 'adjust_bottom': 0, 'adjust_left': 0, 'adjust_right': 0, 'expire': None, 'key': None, 'widget': None, 'events_when_added': [], 'events_when_removed': [], 'bitmap_font': False, 'font_kerning': True, 'bold': False, 'italic': False, 'number_grouping': False, 'min_digits': 0, 'halign': 'center', 'valign': 'middle', 'rotation': 0, 'scale': 1.0, 'casing': None, 'outline_color': [1.0, 1.0, 1.0, 1.0], 'outline_width': 0}, {'type': 'image', 'image': 'mansionv2', '_default_settings': ['type', 'image'], 'x': None, 'y': None, 'anchor_x': 'center', 'anchor_y': 'center', 'round_anchor_x': None, 'round_anchor_y': None, 'opacity': 1.0, 'z': 0, 'reset_animations_events': {}, 'color': [1.0, 1.0, 1.0, 1.0], 'style': [], 'adjust_top': 0, 'adjust_bottom': 0, 'adjust_left': 0, 'adjust_right': 0, 'expire': None, 'key': None, 'widget': None, 'events_when_added': [], 'events_when_removed': [], 'fps': 10, 'loops': -1, 'auto_play': True, 'start_frame': 0, 'rotation': 0, 'scale': 1.0, 'animations': None}], 'transition': {'type': 'fade', 'duration': 1.0}, 'target': None, 'background_color': [0.0, 0.0, 0.0, 1.0], 'priority': None, 'show': True, 'force': False, 'expire': None, 'slide': None, 'tokens': {}, 'action': 'play'}}, 'context': 'show_7', 'calling_context': 1, 'priority': 10, 'show_tokens': {}, 'start_time': 4.466408416}
2025-07-06 15:41:10,639 : EventManager : Event: ======'slide_press_start_created'====== Args={}
2025-07-06 15:41:10,655 : EventManager : Event: ======'slide_press_start_active'====== Args={}
2025-07-06 15:41:10,663 : EventManager : Event: ======'loading_assets'====== Args={'total': 1, 'loaded': 1, 'remaining': 0, 'percent': 100}
2025-07-06 15:41:10,663 : AssetManager : Asset loading took: 3.515120029449463
2025-07-06 15:41:10,663 : EventManager : Event: ======'asset_loading_complete'====== Args={}
2025-07-06 15:41:10,663 : AssetManager : Loading assets: 1/1 (100%)
2025-07-06 15:41:13,999 : EventManager : Event: ======'game_started'====== Args={}
2025-07-06 15:41:13,999 : EventManager : Event: ======'slides_clear'====== Args={'context': 'show_7'}
2025-07-06 15:41:13,999 : EventManager : Event: ======'sounds_clear'====== Args={'context': 'attract'}
2025-07-06 15:41:13,999 : EventManager : Event: ======'slide_awesome_slide_removed'====== Args={}
2025-07-06 15:41:14,000 : EventManager : Event: ======'slide_press_start_removed'====== Args={}
2025-07-06 15:41:14,000 : EventManager : Event: ======'slide_window_blank_active'====== Args={}
2025-07-06 15:41:14,012 : EventManager : Event: ======'player_added'====== Args={'player': <Player 1>, 'num': 1}
2025-07-06 15:41:14,012 : EventManager : Event: ======'player_index'====== Args={'value': 0, 'prev_value': 0, 'change': 0, 'player_num': 1}
2025-07-06 15:41:14,012 : EventManager : Event: ======'player_number'====== Args={'value': 1, 'prev_value': 1, 'change': 0, 'player_num': 1}
2025-07-06 15:41:14,012 : EventManager : Event: ======'player_score'====== Args={'value': 0, 'prev_value': 0, 'change': 0, 'player_num': 1}
2025-07-06 15:41:14,012 : EventManager : Event: ======'player_ball'====== Args={'value': 1, 'prev_value': 0, 'change': 1, 'player_num': 1}
2025-07-06 15:41:14,012 : EventManager : Event: ======'player_turn_start'====== Args={'number': 1, 'player': <Player 1>}
2025-07-06 15:41:14,012 : EventManager : Event: ======'player_shot_shot_target_g_enabled'====== Args={'value': True, 'prev_value': 0, 'change': 1, 'player_num': 1}
2025-07-06 15:41:14,012 : EventManager : Event: ======'player_shot_shot_target_r_enabled'====== Args={'value': True, 'prev_value': 0, 'change': 1, 'player_num': 1}
2025-07-06 15:41:14,012 : EventManager : Event: ======'player_shot_shot_right_scoop_enabled'====== Args={'value': True, 'prev_value': 0, 'change': 1, 'player_num': 1}
2025-07-06 15:41:14,012 : EventManager : Event: ======'player_shot_shot_right_outlane_enabled'====== Args={'value': True, 'prev_value': 0, 'change': 1, 'player_num': 1}
2025-07-06 15:41:14,012 : EventManager : Event: ======'player_shot_shot_right_inlane_enabled'====== Args={'value': True, 'prev_value': 0, 'change': 1, 'player_num': 1}
2025-07-06 15:41:14,012 : EventManager : Event: ======'player_shot_shot_left_inlane_1_enabled'====== Args={'value': True, 'prev_value': 0, 'change': 1, 'player_num': 1}
2025-07-06 15:41:14,012 : EventManager : Event: ======'player_shot_shot_left_inlane_2_enabled'====== Args={'value': True, 'prev_value': 0, 'change': 1, 'player_num': 1}
2025-07-06 15:41:14,024 : EventManager : Event: ======'player_shot_shot_left_outlane_enabled'====== Args={'value': True, 'prev_value': 0, 'change': 1, 'player_num': 1}
2025-07-06 15:41:14,024 : EventManager : Event: ======'player_shot_shot_pop1_enabled'====== Args={'value': True, 'prev_value': 0, 'change': 1, 'player_num': 1}
2025-07-06 15:41:14,024 : EventManager : Event: ======'player_shot_shot_pop2_enabled'====== Args={'value': True, 'prev_value': 0, 'change': 1, 'player_num': 1}
2025-07-06 15:41:14,024 : EventManager : Event: ======'player_shot_shot_pop3_enabled'====== Args={'value': True, 'prev_value': 0, 'change': 1, 'player_num': 1}
2025-07-06 15:41:14,025 : EventManager : Event: ======'player_shot_shot_pop4_enabled'====== Args={'value': True, 'prev_value': 0, 'change': 1, 'player_num': 1}
2025-07-06 15:41:14,025 : EventManager : Event: ======'player_shot_shot_pop5_enabled'====== Args={'value': True, 'prev_value': 0, 'change': 1, 'player_num': 1}
2025-07-06 15:41:14,025 : EventManager : Event: ======'slides_play'====== Args={'settings': {'widgets': {'widgets': [{'type': 'text', 'text': '(score)', 'number_grouping': True, 'min_digits': 2, 'font_size': 200, 'font_name': 'MetalMania-Regular.ttf', '_default_settings': ['type', 'text', 'number_grouping', 'min_digits', 'font_size', 'font_name'], 'x': None, 'y': None, 'anchor_x': 'center', 'anchor_y': 'center', 'round_anchor_x': None, 'round_anchor_y': None, 'opacity': 1.0, 'z': 0, 'reset_animations_events': {}, 'color': [1.0, 1.0, 1.0, 1.0], 'style': [], 'adjust_top': 0, 'adjust_bottom': 0, 'adjust_left': 0, 'adjust_right': 0, 'expire': None, 'key': None, 'widget': None, 'events_when_added': [], 'events_when_removed': [], 'bitmap_font': False, 'font_kerning': True, 'bold': False, 'italic': False, 'halign': 'center', 'valign': 'middle', 'rotation': 0, 'scale': 1.0, 'casing': None, 'outline_color': [1.0, 1.0, 1.0, 1.0], 'outline_width': 0, 'animations': None}, {'type': 'text', 'text': 'PLAYER (number)', 'y': '10', 'x': '10', 'font_size': 50, 'font_name': 'MetalMania-Regular.ttf', 'anchor_x': 'left', 'anchor_y': 'bottom', '_default_settings': ['type', 'text', 'y', 'x', 'font_size', 'font_name', 'anchor_x', 'anchor_y'], 'round_anchor_x': None, 'round_anchor_y': None, 'opacity': 1.0, 'z': 0, 'reset_animations_events': {}, 'color': [1.0, 1.0, 1.0, 1.0], 'style': [], 'adjust_top': 0, 'adjust_bottom': 0, 'adjust_left': 0, 'adjust_right': 0, 'expire': None, 'key': None, 'widget': None, 'events_when_added': [], 'events_when_removed': [], 'bitmap_font': False, 'font_kerning': True, 'bold': False, 'italic': False, 'number_grouping': False, 'min_digits': 0, 'halign': 'center', 'valign': 'middle', 'rotation': 0, 'scale': 1.0, 'casing': None, 'outline_color': [1.0, 1.0, 1.0, 1.0], 'outline_width': 0, 'animations': None}, {'type': 'text', 'text': 'BALL (ball)', 'y': '10', 'x': 'right-10', 'anchor_x': 'right', 'anchor_y': 'bottom', 'font_size': 50, 'font_name': 'MetalMania-Regular.ttf', '_default_settings': ['type', 'text', 'y', 'x', 'anchor_x', 'anchor_y', 'font_size', 'font_name'], 'round_anchor_x': None, 'round_anchor_y': None, 'opacity': 1.0, 'z': 0, 'reset_animations_events': {}, 'color': [1.0, 1.0, 1.0, 1.0], 'style': [], 'adjust_top': 0, 'adjust_bottom': 0, 'adjust_left': 0, 'adjust_right': 0, 'expire': None, 'key': None, 'widget': None, 'events_when_added': [], 'events_when_removed': [], 'bitmap_font': False, 'font_kerning': True, 'bold': False, 'italic': False, 'number_grouping': False, 'min_digits': 0, 'halign': 'center', 'valign': 'middle', 'rotation': 0, 'scale': 1.0, 'casing': None, 'outline_color': [1.0, 1.0, 1.0, 1.0], 'outline_width': 0, 'animations': None}, {'type': 'image', 'image': 'gy_v3', 'x': 'center', 'y': 'middle', '_default_settings': ['type', 'image', 'x', 'y'], 'anchor_x': 'center', 'anchor_y': 'center', 'round_anchor_x': None, 'round_anchor_y': None, 'opacity': 1.0, 'z': 0, 'reset_animations_events': {}, 'color': [1.0, 1.0, 1.0, 1.0], 'style': [], 'adjust_top': 0, 'adjust_bottom': 0, 'adjust_left': 0, 'adjust_right': 0, 'expire': None, 'key': None, 'widget': None, 'events_when_added': [], 'events_when_removed': [], 'fps': 10, 'loops': -1, 'auto_play': True, 'start_frame': 0, 'rotation': 0, 'scale': 1.0, 'animations': None}], 'target': None, 'background_color': [0.0, 0.0, 0.0, 1.0], 'priority': None, 'show': True, 'force': False, 'expire': None, 'slide': None, 'tokens': {}, 'action': 'play'}}, 'context': 'base', 'calling_context': 'mode_base_started', 'priority': 100, 'queue': '<QueuedEvent>', 'player': 1, 'ball': 1, 'balls_remaining': 2, 'is_extra_ball': False}
2025-07-06 15:41:14,025 : EventManager : Event: ======'sounds_play'====== Args={'settings': {'music_startuplong': {'action': 'stop', 'fade_out': 0.0, 'priority': None, 'block': False, 'delay': None, 'track': None, 'volume': None, 'ducking': {}, 'pan': None, 'loops': None, 'start_at': None, 'fade_in': None, 'about_to_finish_time': -1.0, 'max_queue_time': -1.0, 'events_when_played': ['use_sound_setting'], 'events_when_stopped': ['use_sound_setting'], 'events_when_looping': ['use_sound_setting'], 'events_when_about_to_finish': ['use_sound_setting'], 'mode_end_action': 'use_sound_setting', 'key': 'use_sound_setting'}, 'music_prelaunch': {'action': 'play', 'priority': None, 'block': False, 'delay': None, 'track': None, 'volume': None, 'ducking': {}, 'pan': None, 'loops': None, 'start_at': None, 'fade_in': None, 'fade_out': None, 'about_to_finish_time': -1.0, 'max_queue_time': -1.0, 'events_when_played': ['use_sound_setting'], 'events_when_stopped': ['use_sound_setting'], 'events_when_looping': ['use_sound_setting'], 'events_when_about_to_finish': ['use_sound_setting'], 'mode_end_action': 'use_sound_setting', 'key': 'use_sound_setting'}}, 'context': 'base', 'calling_context': 'mode_base_started', 'priority': 100, 'queue': '<QueuedEvent>', 'player': 1, 'ball': 1, 'balls_remaining': 2, 'is_extra_ball': False}
2025-07-06 15:41:14,030 : EventManager : Event: ======'slide_base.slide_player-mode_base_started_created'====== Args={}
2025-07-06 15:41:14,032 : EventManager : Event: ======'slide_base.slide_player-mode_base_started_active'====== Args={}
2025-07-06 15:41:14,082 : EventManager : Event: ======'loading_assets'====== Args={'total': 2, 'loaded': 1, 'remaining': 1, 'percent': 50}
2025-07-06 15:41:14,082 : AssetManager : Loading assets: 1/2 (50%)
2025-07-06 15:41:14,082 : EventManager : Event: ======'loading_assets'====== Args={'total': 2, 'loaded': 2, 'remaining': 0, 'percent': 100}
2025-07-06 15:41:14,082 : AssetManager : Asset loading took: 6.934579133987427
2025-07-06 15:41:14,082 : EventManager : Event: ======'asset_loading_complete'====== Args={}
2025-07-06 15:41:14,082 : AssetManager : Loading assets: 2/2 (100%)
2025-07-06 15:41:15,877 : EventManager : Event: ======'machine_var_audits_switches_s_left_slingshot'====== Args={'value': 410, 'prev_value': 409, 'change': 1}
2025-07-06 15:41:15,877 : EventManager : Event: ======'sounds_play'====== Args={'settings': {'slingshot': {'action': 'play', 'priority': None, 'block': False, 'delay': None, 'track': None, 'volume': None, 'ducking': {}, 'pan': None, 'loops': None, 'start_at': None, 'fade_in': None, 'fade_out': None, 'about_to_finish_time': -1.0, 'max_queue_time': -1.0, 'events_when_played': ['use_sound_setting'], 'events_when_stopped': ['use_sound_setting'], 'events_when_looping': ['use_sound_setting'], 'events_when_about_to_finish': ['use_sound_setting'], 'mode_end_action': 'use_sound_setting', 'key': 'use_sound_setting'}}, 'context': 'base', 'calling_context': 's_left_slingshot_active', 'priority': 100}
2025-07-06 15:41:15,877 : EventManager : Event: ======'sounds_play'====== Args={'settings': {'dragon_roost': {'action': 'play', 'priority': None, 'block': False, 'delay': None, 'track': None, 'volume': None, 'ducking': {}, 'pan': None, 'loops': None, 'start_at': None, 'fade_in': None, 'fade_out': None, 'about_to_finish_time': -1.0, 'max_queue_time': -1.0, 'events_when_played': ['use_sound_setting'], 'events_when_stopped': ['use_sound_setting'], 'events_when_looping': ['use_sound_setting'], 'events_when_about_to_finish': ['use_sound_setting'], 'mode_end_action': 'use_sound_setting', 'key': 'use_sound_setting'}, 'music_prelaunch': {'action': 'stop', 'fade_out': 1.0, 'priority': None, 'block': False, 'delay': None, 'track': None, 'volume': None, 'ducking': {}, 'pan': None, 'loops': None, 'start_at': None, 'fade_in': None, 'about_to_finish_time': -1.0, 'max_queue_time': -1.0, 'events_when_played': ['use_sound_setting'], 'events_when_stopped': ['use_sound_setting'], 'events_when_looping': ['use_sound_setting'], 'events_when_about_to_finish': ['use_sound_setting'], 'mode_end_action': 'use_sound_setting', 'key': 'use_sound_setting'}}, 'context': 'base', 'calling_context': 'playfield_active', 'priority': 100, 'source': 'left_slingshot'}
2025-07-06 15:41:15,978 : EventManager : Event: ======'loading_assets'====== Args={'total': 2, 'loaded': 1, 'remaining': 1, 'percent': 50}
2025-07-06 15:41:15,978 : AssetManager : Loading assets: 1/2 (50%)
2025-07-06 15:41:15,979 : EventManager : Event: ======'loading_assets'====== Args={'total': 2, 'loaded': 2, 'remaining': 0, 'percent': 100}
2025-07-06 15:41:15,979 : AssetManager : Asset loading took: 8.830706119537354
2025-07-06 15:41:15,979 : EventManager : Event: ======'asset_loading_complete'====== Args={}
2025-07-06 15:41:15,979 : AssetManager : Loading assets: 2/2 (100%)
2025-07-06 15:41:16,109 : EventManager : Event: ======'machine_var_audits_switches_s_left_slingshot'====== Args={'value': 411, 'prev_value': 410, 'change': 1}
2025-07-06 15:41:16,109 : EventManager : Event: ======'sounds_play'====== Args={'settings': {'slingshot': {'action': 'play', 'priority': None, 'block': False, 'delay': None, 'track': None, 'volume': None, 'ducking': {}, 'pan': None, 'loops': None, 'start_at': None, 'fade_in': None, 'fade_out': None, 'about_to_finish_time': -1.0, 'max_queue_time': -1.0, 'events_when_played': ['use_sound_setting'], 'events_when_stopped': ['use_sound_setting'], 'events_when_looping': ['use_sound_setting'], 'events_when_about_to_finish': ['use_sound_setting'], 'mode_end_action': 'use_sound_setting', 'key': 'use_sound_setting'}}, 'context': 'base', 'calling_context': 's_left_slingshot_active', 'priority': 100}
2025-07-06 15:41:16,935 : EventManager : Event: ======'machine_var_audits_switches_s_right_slingshot'====== Args={'value': 365, 'prev_value': 364, 'change': 1}
2025-07-06 15:41:16,935 : EventManager : Event: ======'sounds_play'====== Args={'settings': {'slingshot': {'action': 'play', 'priority': None, 'block': False, 'delay': None, 'track': None, 'volume': None, 'ducking': {}, 'pan': None, 'loops': None, 'start_at': None, 'fade_in': None, 'fade_out': None, 'about_to_finish_time': -1.0, 'max_queue_time': -1.0, 'events_when_played': ['use_sound_setting'], 'events_when_stopped': ['use_sound_setting'], 'events_when_looping': ['use_sound_setting'], 'events_when_about_to_finish': ['use_sound_setting'], 'mode_end_action': 'use_sound_setting', 'key': 'use_sound_setting'}}, 'context': 'base', 'calling_context': 's_right_slingshot_active', 'priority': 100}
2025-07-06 15:41:17,119 : EventManager : Event: ======'machine_var_audits_switches_s_right_slingshot'====== Args={'value': 366, 'prev_value': 365, 'change': 1}
2025-07-06 15:41:17,119 : EventManager : Event: ======'sounds_play'====== Args={'settings': {'slingshot': {'action': 'play', 'priority': None, 'block': False, 'delay': None, 'track': None, 'volume': None, 'ducking': {}, 'pan': None, 'loops': None, 'start_at': None, 'fade_in': None, 'fade_out': None, 'about_to_finish_time': -1.0, 'max_queue_time': -1.0, 'events_when_played': ['use_sound_setting'], 'events_when_stopped': ['use_sound_setting'], 'events_when_looping': ['use_sound_setting'], 'events_when_about_to_finish': ['use_sound_setting'], 'mode_end_action': 'use_sound_setting', 'key': 'use_sound_setting'}}, 'context': 'base', 'calling_context': 's_right_slingshot_active', 'priority': 100}
2025-07-06 15:41:17,277 : EventManager : Event: ======'machine_var_audits_switches_s_right_slingshot'====== Args={'value': 367, 'prev_value': 366, 'change': 1}
2025-07-06 15:41:17,277 : EventManager : Event: ======'sounds_play'====== Args={'settings': {'slingshot': {'action': 'play', 'priority': None, 'block': False, 'delay': None, 'track': None, 'volume': None, 'ducking': {}, 'pan': None, 'loops': None, 'start_at': None, 'fade_in': None, 'fade_out': None, 'about_to_finish_time': -1.0, 'max_queue_time': -1.0, 'events_when_played': ['use_sound_setting'], 'events_when_stopped': ['use_sound_setting'], 'events_when_looping': ['use_sound_setting'], 'events_when_about_to_finish': ['use_sound_setting'], 'mode_end_action': 'use_sound_setting', 'key': 'use_sound_setting'}}, 'context': 'base', 'calling_context': 's_right_slingshot_active', 'priority': 100}
2025-07-06 15:41:18,198 : EventManager : Event: ======'machine_var_audits_switches_s_center_scoop'====== Args={'value': 1, 'prev_value': 0, 'change': 1}
2025-07-06 15:41:18,463 : EventManager : Event: ======'machine_var_audits_switches_s_center_scoop'====== Args={'value': 2, 'prev_value': 1, 'change': 1}
2025-07-06 15:41:18,620 : EventManager : Event: ======'machine_var_audits_switches_s_center_scoop'====== Args={'value': 3, 'prev_value': 2, 'change': 1}
2025-07-06 15:41:18,804 : EventManager : Event: ======'machine_var_audits_switches_s_center_scoop'====== Args={'value': 4, 'prev_value': 3, 'change': 1}
2025-07-06 15:41:19,855 : EventManager : Event: ======'machine_var_audits_switches_s_target_r'====== Args={'value': 1, 'prev_value': 0, 'change': 1}
2025-07-06 15:41:19,855 : EventManager : Event: ======'player_shot_shot_target_r'====== Args={'value': 1, 'prev_value': 0, 'change': 1, 'player_num': 1}
2025-07-06 15:41:19,855 : EventManager : Event: ======'machine_var_audits_shots_shot_target_r'====== Args={'value': 1, 'prev_value': None, 'change': True}
2025-07-06 15:41:19,855 : EventManager : Event: ======'player_score'====== Args={'value': 100, 'prev_value': 0, 'change': 100, 'player_num': 1}
2025-07-06 15:41:19,855 : EventManager : Event: ======'player_score'====== Args={'value': 1100, 'prev_value': 100, 'change': 1000, 'player_num': 1}
2025-07-06 15:41:20,409 : EventManager : Event: ======'machine_var_audits_switches_s_target_g'====== Args={'value': 5, 'prev_value': 4, 'change': 1}
2025-07-06 15:41:20,409 : EventManager : Event: ======'player_shot_shot_target_g'====== Args={'value': 1, 'prev_value': 0, 'change': 1, 'player_num': 1}
2025-07-06 15:41:20,422 : EventManager : Event: ======'machine_var_audits_shots_shot_target_g'====== Args={'value': 1, 'prev_value': None, 'change': True}
2025-07-06 15:41:20,422 : EventManager : Event: ======'player_score'====== Args={'value': 1200, 'prev_value': 1100, 'change': 100, 'player_num': 1}
2025-07-06 15:41:20,422 : EventManager : Event: ======'player_score'====== Args={'value': 2200, 'prev_value': 1200, 'change': 1000, 'player_num': 1}
2025-07-06 15:41:21,911 : EventManager : Event: ======'machine_var_audits_switches_s_target_r'====== Args={'value': 2, 'prev_value': 1, 'change': 1}
2025-07-06 15:41:21,911 : EventManager : Event: ======'machine_var_audits_shots_shot_target_r'====== Args={'value': 2, 'prev_value': 1, 'change': 1}
2025-07-06 15:41:21,911 : EventManager : Event: ======'player_score'====== Args={'value': 2300, 'prev_value': 2200, 'change': 100, 'player_num': 1}
2025-07-06 15:41:21,912 : EventManager : Event: ======'player_score'====== Args={'value': 3300, 'prev_value': 2300, 'change': 1000, 'player_num': 1}
2025-07-06 15:41:22,384 : EventManager : Event: ======'machine_var_audits_switches_s_target_g'====== Args={'value': 6, 'prev_value': 5, 'change': 1}
2025-07-06 15:41:22,384 : EventManager : Event: ======'machine_var_audits_shots_shot_target_g'====== Args={'value': 2, 'prev_value': 1, 'change': 1}
2025-07-06 15:41:22,384 : EventManager : Event: ======'player_score'====== Args={'value': 3400, 'prev_value': 3300, 'change': 100, 'player_num': 1}
2025-07-06 15:41:22,384 : EventManager : Event: ======'player_score'====== Args={'value': 4400, 'prev_value': 3400, 'change': 1000, 'player_num': 1}
2025-07-06 15:41:22,923 : EventManager : Event: ======'machine_var_audits_switches_s_target_r'====== Args={'value': 3, 'prev_value': 2, 'change': 1}
2025-07-06 15:41:22,924 : EventManager : Event: ======'machine_var_audits_shots_shot_target_r'====== Args={'value': 3, 'prev_value': 2, 'change': 1}
2025-07-06 15:41:22,924 : EventManager : Event: ======'player_score'====== Args={'value': 4500, 'prev_value': 4400, 'change': 100, 'player_num': 1}
2025-07-06 15:41:22,924 : EventManager : Event: ======'player_score'====== Args={'value': 5500, 'prev_value': 4500, 'change': 1000, 'player_num': 1}
2025-07-06 15:41:23,108 : EventManager : Event: ======'machine_var_audits_switches_s_target_r'====== Args={'value': 4, 'prev_value': 3, 'change': 1}
2025-07-06 15:41:23,108 : EventManager : Event: ======'machine_var_audits_shots_shot_target_r'====== Args={'value': 4, 'prev_value': 3, 'change': 1}
2025-07-06 15:41:23,108 : EventManager : Event: ======'player_score'====== Args={'value': 5600, 'prev_value': 5500, 'change': 100, 'player_num': 1}
2025-07-06 15:41:23,108 : EventManager : Event: ======'player_score'====== Args={'value': 6600, 'prev_value': 5600, 'change': 1000, 'player_num': 1}
2025-07-06 15:41:23,279 : EventManager : Event: ======'machine_var_audits_switches_s_target_r'====== Args={'value': 5, 'prev_value': 4, 'change': 1}
2025-07-06 15:41:23,279 : EventManager : Event: ======'machine_var_audits_shots_shot_target_r'====== Args={'value': 5, 'prev_value': 4, 'change': 1}
2025-07-06 15:41:23,279 : EventManager : Event: ======'player_score'====== Args={'value': 6700, 'prev_value': 6600, 'change': 100, 'player_num': 1}
2025-07-06 15:41:23,279 : EventManager : Event: ======'player_score'====== Args={'value': 7700, 'prev_value': 6700, 'change': 1000, 'player_num': 1}
2025-07-06 15:41:23,713 : EventManager : Event: ======'machine_var_audits_switches_s_target_g'====== Args={'value': 7, 'prev_value': 6, 'change': 1}
2025-07-06 15:41:23,726 : EventManager : Event: ======'machine_var_audits_shots_shot_target_g'====== Args={'value': 3, 'prev_value': 2, 'change': 1}
2025-07-06 15:41:23,726 : EventManager : Event: ======'player_score'====== Args={'value': 7800, 'prev_value': 7700, 'change': 100, 'player_num': 1}
2025-07-06 15:41:23,726 : EventManager : Event: ======'player_score'====== Args={'value': 8800, 'prev_value': 7800, 'change': 1000, 'player_num': 1}
2025-07-06 15:41:23,897 : EventManager : Event: ======'machine_var_audits_switches_s_target_g'====== Args={'value': 8, 'prev_value': 7, 'change': 1}
2025-07-06 15:41:23,898 : EventManager : Event: ======'machine_var_audits_shots_shot_target_g'====== Args={'value': 4, 'prev_value': 3, 'change': 1}
2025-07-06 15:41:23,898 : EventManager : Event: ======'player_score'====== Args={'value': 8900, 'prev_value': 8800, 'change': 100, 'player_num': 1}
2025-07-06 15:41:23,898 : EventManager : Event: ======'player_score'====== Args={'value': 9900, 'prev_value': 8900, 'change': 1000, 'player_num': 1}
2025-07-06 15:41:24,082 : EventManager : Event: ======'machine_var_audits_switches_s_target_g'====== Args={'value': 9, 'prev_value': 8, 'change': 1}
2025-07-06 15:41:24,083 : EventManager : Event: ======'machine_var_audits_shots_shot_target_g'====== Args={'value': 5, 'prev_value': 4, 'change': 1}
2025-07-06 15:41:24,083 : EventManager : Event: ======'player_score'====== Args={'value': 10000, 'prev_value': 9900, 'change': 100, 'player_num': 1}
2025-07-06 15:41:24,083 : EventManager : Event: ======'player_score'====== Args={'value': 11000, 'prev_value': 10000, 'change': 1000, 'player_num': 1}
2025-07-06 15:41:24,239 : EventManager : Event: ======'machine_var_audits_switches_s_target_g'====== Args={'value': 10, 'prev_value': 9, 'change': 1}
2025-07-06 15:41:24,239 : EventManager : Event: ======'machine_var_audits_shots_shot_target_g'====== Args={'value': 6, 'prev_value': 5, 'change': 1}
2025-07-06 15:41:24,239 : EventManager : Event: ======'player_score'====== Args={'value': 11100, 'prev_value': 11000, 'change': 100, 'player_num': 1}
2025-07-06 15:41:24,239 : EventManager : Event: ======'player_score'====== Args={'value': 12100, 'prev_value': 11100, 'change': 1000, 'player_num': 1}
2025-07-06 15:41:24,421 : EventManager : Event: ======'machine_var_audits_switches_s_target_g'====== Args={'value': 11, 'prev_value': 10, 'change': 1}
2025-07-06 15:41:24,421 : EventManager : Event: ======'machine_var_audits_shots_shot_target_g'====== Args={'value': 7, 'prev_value': 6, 'change': 1}
2025-07-06 15:41:24,421 : EventManager : Event: ======'player_score'====== Args={'value': 12200, 'prev_value': 12100, 'change': 100, 'player_num': 1}
2025-07-06 15:41:24,421 : EventManager : Event: ======'player_score'====== Args={'value': 13200, 'prev_value': 12200, 'change': 1000, 'player_num': 1}
2025-07-06 15:41:24,579 : EventManager : Event: ======'machine_var_audits_switches_s_target_g'====== Args={'value': 12, 'prev_value': 11, 'change': 1}
2025-07-06 15:41:24,579 : EventManager : Event: ======'machine_var_audits_shots_shot_target_g'====== Args={'value': 8, 'prev_value': 7, 'change': 1}
2025-07-06 15:41:24,579 : EventManager : Event: ======'player_score'====== Args={'value': 13300, 'prev_value': 13200, 'change': 100, 'player_num': 1}
2025-07-06 15:41:24,579 : EventManager : Event: ======'player_score'====== Args={'value': 14300, 'prev_value': 13300, 'change': 1000, 'player_num': 1}
2025-07-06 15:41:24,749 : EventManager : Event: ======'machine_var_audits_switches_s_target_g'====== Args={'value': 13, 'prev_value': 12, 'change': 1}
2025-07-06 15:41:24,749 : EventManager : Event: ======'machine_var_audits_shots_shot_target_g'====== Args={'value': 9, 'prev_value': 8, 'change': 1}
2025-07-06 15:41:24,749 : EventManager : Event: ======'player_score'====== Args={'value': 14400, 'prev_value': 14300, 'change': 100, 'player_num': 1}
2025-07-06 15:41:24,749 : EventManager : Event: ======'player_score'====== Args={'value': 15400, 'prev_value': 14400, 'change': 1000, 'player_num': 1}
2025-07-06 15:41:25,890 : EventManager : Event: ======'machine_var_audits_switches_s_target_r'====== Args={'value': 6, 'prev_value': 5, 'change': 1}
2025-07-06 15:41:25,890 : EventManager : Event: ======'machine_var_audits_shots_shot_target_r'====== Args={'value': 6, 'prev_value': 5, 'change': 1}
2025-07-06 15:41:25,890 : EventManager : Event: ======'player_score'====== Args={'value': 15500, 'prev_value': 15400, 'change': 100, 'player_num': 1}
2025-07-06 15:41:25,890 : EventManager : Event: ======'player_score'====== Args={'value': 16500, 'prev_value': 15500, 'change': 1000, 'player_num': 1}
2025-07-06 15:41:26,801 : EventManager : Event: ======'machine_var_audits_switches_s_right_scoop'====== Args={'value': 1, 'prev_value': 0, 'change': 1}
2025-07-06 15:41:26,801 : EventManager : Event: ======'player_shot_shot_right_scoop'====== Args={'value': 1, 'prev_value': 0, 'change': 1, 'player_num': 1}
2025-07-06 15:41:26,801 : EventManager : Event: ======'machine_var_audits_shots_shot_right_scoop'====== Args={'value': 1, 'prev_value': None, 'change': True}
2025-07-06 15:41:28,404 : EventManager : Event: ======'machine_var_audits_switches_s_target_r'====== Args={'value': 7, 'prev_value': 6, 'change': 1}
2025-07-06 15:41:28,404 : EventManager : Event: ======'machine_var_audits_shots_shot_target_r'====== Args={'value': 7, 'prev_value': 6, 'change': 1}
2025-07-06 15:41:28,416 : EventManager : Event: ======'player_score'====== Args={'value': 16600, 'prev_value': 16500, 'change': 100, 'player_num': 1}
2025-07-06 15:41:28,417 : EventManager : Event: ======'player_score'====== Args={'value': 17600, 'prev_value': 16600, 'change': 1000, 'player_num': 1}
2025-07-06 15:41:28,901 : EventManager : Event: ======'machine_var_audits_switches_s_target_g'====== Args={'value': 14, 'prev_value': 13, 'change': 1}
2025-07-06 15:41:28,901 : EventManager : Event: ======'machine_var_audits_shots_shot_target_g'====== Args={'value': 10, 'prev_value': 9, 'change': 1}
2025-07-06 15:41:28,901 : EventManager : Event: ======'player_score'====== Args={'value': 17700, 'prev_value': 17600, 'change': 100, 'player_num': 1}
2025-07-06 15:41:28,901 : EventManager : Event: ======'player_score'====== Args={'value': 18700, 'prev_value': 17700, 'change': 1000, 'player_num': 1}
2025-07-06 15:41:29,375 : EventManager : Event: ======'machine_var_audits_switches_s_target_r'====== Args={'value': 8, 'prev_value': 7, 'change': 1}
2025-07-06 15:41:29,375 : EventManager : Event: ======'machine_var_audits_shots_shot_target_r'====== Args={'value': 8, 'prev_value': 7, 'change': 1}
2025-07-06 15:41:29,375 : EventManager : Event: ======'player_score'====== Args={'value': 18800, 'prev_value': 18700, 'change': 100, 'player_num': 1}
2025-07-06 15:41:29,375 : EventManager : Event: ======'player_score'====== Args={'value': 19800, 'prev_value': 18800, 'change': 1000, 'player_num': 1}
2025-07-06 15:41:30,291 : EventManager : Event: ======'machine_var_audits_switches_s_right_scoop'====== Args={'value': 2, 'prev_value': 1, 'change': 1}
2025-07-06 15:41:30,292 : EventManager : Event: ======'machine_var_audits_shots_shot_right_scoop'====== Args={'value': 2, 'prev_value': 1, 'change': 1}
2025-07-06 15:41:30,463 : EventManager : Event: ======'machine_var_audits_switches_s_right_scoop'====== Args={'value': 3, 'prev_value': 2, 'change': 1}
2025-07-06 15:41:30,463 : EventManager : Event: ======'machine_var_audits_shots_shot_right_scoop'====== Args={'value': 3, 'prev_value': 2, 'change': 1}
2025-07-06 15:41:30,635 : EventManager : Event: ======'machine_var_audits_switches_s_right_scoop'====== Args={'value': 4, 'prev_value': 3, 'change': 1}
2025-07-06 15:41:30,635 : EventManager : Event: ======'machine_var_audits_shots_shot_right_scoop'====== Args={'value': 4, 'prev_value': 3, 'change': 1}
2025-07-06 15:41:58,826 : EventManager : Event: ======'machine_var_audits_switches_s_target_r'====== Args={'value': 9, 'prev_value': 8, 'change': 1}
2025-07-06 15:41:58,826 : EventManager : Event: ======'machine_var_audits_shots_shot_target_r'====== Args={'value': 9, 'prev_value': 8, 'change': 1}
2025-07-06 15:41:58,826 : EventManager : Event: ======'player_score'====== Args={'value': 19900, 'prev_value': 19800, 'change': 100, 'player_num': 1}
2025-07-06 15:41:58,826 : EventManager : Event: ======'player_score'====== Args={'value': 20900, 'prev_value': 19900, 'change': 1000, 'player_num': 1}
2025-07-06 15:41:58,968 : EventManager : Event: ======'machine_var_audits_switches_s_target_r'====== Args={'value': 10, 'prev_value': 9, 'change': 1}
2025-07-06 15:41:58,968 : EventManager : Event: ======'machine_var_audits_shots_shot_target_r'====== Args={'value': 10, 'prev_value': 9, 'change': 1}
2025-07-06 15:41:58,968 : EventManager : Event: ======'player_score'====== Args={'value': 21000, 'prev_value': 20900, 'change': 100, 'player_num': 1}
2025-07-06 15:41:58,968 : EventManager : Event: ======'player_score'====== Args={'value': 22000, 'prev_value': 21000, 'change': 1000, 'player_num': 1}
2025-07-06 15:41:59,113 : EventManager : Event: ======'machine_var_audits_switches_s_target_r'====== Args={'value': 11, 'prev_value': 10, 'change': 1}
2025-07-06 15:41:59,113 : EventManager : Event: ======'machine_var_audits_shots_shot_target_r'====== Args={'value': 11, 'prev_value': 10, 'change': 1}
2025-07-06 15:41:59,113 : EventManager : Event: ======'player_score'====== Args={'value': 22100, 'prev_value': 22000, 'change': 100, 'player_num': 1}
2025-07-06 15:41:59,113 : EventManager : Event: ======'player_score'====== Args={'value': 23100, 'prev_value': 22100, 'change': 1000, 'player_num': 1}
2025-07-06 15:41:59,257 : EventManager : Event: ======'machine_var_audits_switches_s_target_r'====== Args={'value': 12, 'prev_value': 11, 'change': 1}
2025-07-06 15:41:59,270 : EventManager : Event: ======'machine_var_audits_shots_shot_target_r'====== Args={'value': 12, 'prev_value': 11, 'change': 1}
2025-07-06 15:41:59,271 : EventManager : Event: ======'player_score'====== Args={'value': 23200, 'prev_value': 23100, 'change': 100, 'player_num': 1}
2025-07-06 15:41:59,271 : EventManager : Event: ======'player_score'====== Args={'value': 24200, 'prev_value': 23200, 'change': 1000, 'player_num': 1}
2025-07-06 15:41:59,403 : EventManager : Event: ======'machine_var_audits_switches_s_target_r'====== Args={'value': 13, 'prev_value': 12, 'change': 1}
2025-07-06 15:41:59,403 : EventManager : Event: ======'machine_var_audits_shots_shot_target_r'====== Args={'value': 13, 'prev_value': 12, 'change': 1}
2025-07-06 15:41:59,403 : EventManager : Event: ======'player_score'====== Args={'value': 24300, 'prev_value': 24200, 'change': 100, 'player_num': 1}
2025-07-06 15:41:59,403 : EventManager : Event: ======'player_score'====== Args={'value': 25300, 'prev_value': 24300, 'change': 1000, 'player_num': 1}
2025-07-06 15:42:00,592 : EventManager : Event: ======'machine_var_audits_switches_s_left_slingshot'====== Args={'value': 412, 'prev_value': 411, 'change': 1}
2025-07-06 15:42:00,592 : EventManager : Event: ======'sounds_play'====== Args={'settings': {'slingshot': {'action': 'play', 'priority': None, 'block': False, 'delay': None, 'track': None, 'volume': None, 'ducking': {}, 'pan': None, 'loops': None, 'start_at': None, 'fade_in': None, 'fade_out': None, 'about_to_finish_time': -1.0, 'max_queue_time': -1.0, 'events_when_played': ['use_sound_setting'], 'events_when_stopped': ['use_sound_setting'], 'events_when_looping': ['use_sound_setting'], 'events_when_about_to_finish': ['use_sound_setting'], 'mode_end_action': 'use_sound_setting', 'key': 'use_sound_setting'}}, 'context': 'base', 'calling_context': 's_left_slingshot_active', 'priority': 100}
2025-07-06 15:42:00,829 : EventManager : Event: ======'machine_var_audits_switches_s_left_slingshot'====== Args={'value': 413, 'prev_value': 412, 'change': 1}
2025-07-06 15:42:00,829 : EventManager : Event: ======'sounds_play'====== Args={'settings': {'slingshot': {'action': 'play', 'priority': None, 'block': False, 'delay': None, 'track': None, 'volume': None, 'ducking': {}, 'pan': None, 'loops': None, 'start_at': None, 'fade_in': None, 'fade_out': None, 'about_to_finish_time': -1.0, 'max_queue_time': -1.0, 'events_when_played': ['use_sound_setting'], 'events_when_stopped': ['use_sound_setting'], 'events_when_looping': ['use_sound_setting'], 'events_when_about_to_finish': ['use_sound_setting'], 'mode_end_action': 'use_sound_setting', 'key': 'use_sound_setting'}}, 'context': 'base', 'calling_context': 's_left_slingshot_active', 'priority': 100}
2025-07-06 15:42:01,001 : EventManager : Event: ======'machine_var_audits_switches_s_left_slingshot'====== Args={'value': 414, 'prev_value': 413, 'change': 1}
2025-07-06 15:42:01,001 : EventManager : Event: ======'sounds_play'====== Args={'settings': {'slingshot': {'action': 'play', 'priority': None, 'block': False, 'delay': None, 'track': None, 'volume': None, 'ducking': {}, 'pan': None, 'loops': None, 'start_at': None, 'fade_in': None, 'fade_out': None, 'about_to_finish_time': -1.0, 'max_queue_time': -1.0, 'events_when_played': ['use_sound_setting'], 'events_when_stopped': ['use_sound_setting'], 'events_when_looping': ['use_sound_setting'], 'events_when_about_to_finish': ['use_sound_setting'], 'mode_end_action': 'use_sound_setting', 'key': 'use_sound_setting'}}, 'context': 'base', 'calling_context': 's_left_slingshot_active', 'priority': 100}
2025-07-06 15:42:01,157 : EventManager : Event: ======'machine_var_audits_switches_s_left_slingshot'====== Args={'value': 415, 'prev_value': 414, 'change': 1}
2025-07-06 15:42:01,157 : EventManager : Event: ======'sounds_play'====== Args={'settings': {'slingshot': {'action': 'play', 'priority': None, 'block': False, 'delay': None, 'track': None, 'volume': None, 'ducking': {}, 'pan': None, 'loops': None, 'start_at': None, 'fade_in': None, 'fade_out': None, 'about_to_finish_time': -1.0, 'max_queue_time': -1.0, 'events_when_played': ['use_sound_setting'], 'events_when_stopped': ['use_sound_setting'], 'events_when_looping': ['use_sound_setting'], 'events_when_about_to_finish': ['use_sound_setting'], 'mode_end_action': 'use_sound_setting', 'key': 'use_sound_setting'}}, 'context': 'base', 'calling_context': 's_left_slingshot_active', 'priority': 100}
2025-07-06 15:42:01,301 : EventManager : Event: ======'machine_var_audits_switches_s_left_slingshot'====== Args={'value': 416, 'prev_value': 415, 'change': 1}
2025-07-06 15:42:01,301 : EventManager : Event: ======'sounds_play'====== Args={'settings': {'slingshot': {'action': 'play', 'priority': None, 'block': False, 'delay': None, 'track': None, 'volume': None, 'ducking': {}, 'pan': None, 'loops': None, 'start_at': None, 'fade_in': None, 'fade_out': None, 'about_to_finish_time': -1.0, 'max_queue_time': -1.0, 'events_when_played': ['use_sound_setting'], 'events_when_stopped': ['use_sound_setting'], 'events_when_looping': ['use_sound_setting'], 'events_when_about_to_finish': ['use_sound_setting'], 'mode_end_action': 'use_sound_setting', 'key': 'use_sound_setting'}}, 'context': 'base', 'calling_context': 's_left_slingshot_active', 'priority': 100}
2025-07-06 15:42:01,459 : EventManager : Event: ======'machine_var_audits_switches_s_left_slingshot'====== Args={'value': 417, 'prev_value': 416, 'change': 1}
2025-07-06 15:42:01,459 : EventManager : Event: ======'sounds_play'====== Args={'settings': {'slingshot': {'action': 'play', 'priority': None, 'block': False, 'delay': None, 'track': None, 'volume': None, 'ducking': {}, 'pan': None, 'loops': None, 'start_at': None, 'fade_in': None, 'fade_out': None, 'about_to_finish_time': -1.0, 'max_queue_time': -1.0, 'events_when_played': ['use_sound_setting'], 'events_when_stopped': ['use_sound_setting'], 'events_when_looping': ['use_sound_setting'], 'events_when_about_to_finish': ['use_sound_setting'], 'mode_end_action': 'use_sound_setting', 'key': 'use_sound_setting'}}, 'context': 'base', 'calling_context': 's_left_slingshot_active', 'priority': 100}
2025-07-06 15:42:01,604 : EventManager : Event: ======'machine_var_audits_switches_s_left_slingshot'====== Args={'value': 418, 'prev_value': 417, 'change': 1}
2025-07-06 15:42:01,604 : EventManager : Event: ======'sounds_play'====== Args={'settings': {'slingshot': {'action': 'play', 'priority': None, 'block': False, 'delay': None, 'track': None, 'volume': None, 'ducking': {}, 'pan': None, 'loops': None, 'start_at': None, 'fade_in': None, 'fade_out': None, 'about_to_finish_time': -1.0, 'max_queue_time': -1.0, 'events_when_played': ['use_sound_setting'], 'events_when_stopped': ['use_sound_setting'], 'events_when_looping': ['use_sound_setting'], 'events_when_about_to_finish': ['use_sound_setting'], 'mode_end_action': 'use_sound_setting', 'key': 'use_sound_setting'}}, 'context': 'base', 'calling_context': 's_left_slingshot_active', 'priority': 100}
2025-07-06 15:42:01,775 : EventManager : Event: ======'machine_var_audits_switches_s_left_slingshot'====== Args={'value': 419, 'prev_value': 418, 'change': 1}
2025-07-06 15:42:01,775 : EventManager : Event: ======'sounds_play'====== Args={'settings': {'slingshot': {'action': 'play', 'priority': None, 'block': False, 'delay': None, 'track': None, 'volume': None, 'ducking': {}, 'pan': None, 'loops': None, 'start_at': None, 'fade_in': None, 'fade_out': None, 'about_to_finish_time': -1.0, 'max_queue_time': -1.0, 'events_when_played': ['use_sound_setting'], 'events_when_stopped': ['use_sound_setting'], 'events_when_looping': ['use_sound_setting'], 'events_when_about_to_finish': ['use_sound_setting'], 'mode_end_action': 'use_sound_setting', 'key': 'use_sound_setting'}}, 'context': 'base', 'calling_context': 's_left_slingshot_active', 'priority': 100}
2025-07-06 15:42:01,920 : EventManager : Event: ======'machine_var_audits_switches_s_left_slingshot'====== Args={'value': 420, 'prev_value': 419, 'change': 1}
2025-07-06 15:42:01,920 : EventManager : Event: ======'sounds_play'====== Args={'settings': {'slingshot': {'action': 'play', 'priority': None, 'block': False, 'delay': None, 'track': None, 'volume': None, 'ducking': {}, 'pan': None, 'loops': None, 'start_at': None, 'fade_in': None, 'fade_out': None, 'about_to_finish_time': -1.0, 'max_queue_time': -1.0, 'events_when_played': ['use_sound_setting'], 'events_when_stopped': ['use_sound_setting'], 'events_when_looping': ['use_sound_setting'], 'events_when_about_to_finish': ['use_sound_setting'], 'mode_end_action': 'use_sound_setting', 'key': 'use_sound_setting'}}, 'context': 'base', 'calling_context': 's_left_slingshot_active', 'priority': 100}
2025-07-06 15:42:03,056 : EventManager : Event: ======'machine_var_audits_switches_s_target_g'====== Args={'value': 15, 'prev_value': 14, 'change': 1}
2025-07-06 15:42:03,056 : EventManager : Event: ======'machine_var_audits_shots_shot_target_g'====== Args={'value': 11, 'prev_value': 10, 'change': 1}
2025-07-06 15:42:03,057 : EventManager : Event: ======'player_score'====== Args={'value': 25400, 'prev_value': 25300, 'change': 100, 'player_num': 1}
2025-07-06 15:42:03,057 : EventManager : Event: ======'player_score'====== Args={'value': 26400, 'prev_value': 25400, 'change': 1000, 'player_num': 1}
2025-07-06 15:42:03,235 : EventManager : Event: ======'machine_var_audits_switches_s_target_g'====== Args={'value': 16, 'prev_value': 15, 'change': 1}
2025-07-06 15:42:03,235 : EventManager : Event: ======'machine_var_audits_shots_shot_target_g'====== Args={'value': 12, 'prev_value': 11, 'change': 1}
2025-07-06 15:42:03,235 : EventManager : Event: ======'player_score'====== Args={'value': 26500, 'prev_value': 26400, 'change': 100, 'player_num': 1}
2025-07-06 15:42:03,235 : EventManager : Event: ======'player_score'====== Args={'value': 27500, 'prev_value': 26500, 'change': 1000, 'player_num': 1}
2025-07-06 15:42:03,405 : EventManager : Event: ======'machine_var_audits_switches_s_target_g'====== Args={'value': 17, 'prev_value': 16, 'change': 1}
2025-07-06 15:42:03,405 : EventManager : Event: ======'machine_var_audits_shots_shot_target_g'====== Args={'value': 13, 'prev_value': 12, 'change': 1}
2025-07-06 15:42:03,405 : EventManager : Event: ======'player_score'====== Args={'value': 27600, 'prev_value': 27500, 'change': 100, 'player_num': 1}
2025-07-06 15:42:03,405 : EventManager : Event: ======'player_score'====== Args={'value': 28600, 'prev_value': 27600, 'change': 1000, 'player_num': 1}
2025-07-06 15:42:03,564 : EventManager : Event: ======'machine_var_audits_switches_s_target_g'====== Args={'value': 18, 'prev_value': 17, 'change': 1}
2025-07-06 15:42:03,564 : EventManager : Event: ======'machine_var_audits_shots_shot_target_g'====== Args={'value': 14, 'prev_value': 13, 'change': 1}
2025-07-06 15:42:03,564 : EventManager : Event: ======'player_score'====== Args={'value': 28700, 'prev_value': 28600, 'change': 100, 'player_num': 1}
2025-07-06 15:42:03,564 : EventManager : Event: ======'player_score'====== Args={'value': 29700, 'prev_value': 28700, 'change': 1000, 'player_num': 1}
2025-07-06 15:42:07,510 : kivy : Base: Leaving application in progress...
2025-07-06 15:42:07,511 : mpfmc : Stopping...
2025-07-06 15:42:07,511 : EventManager : Event: ======'shutdown'====== Args={}
2025-07-06 15:42:07,511 : AudioInterface : Disabling audio playback
2025-07-06 15:42:07,611 : MPF-MC BCP Server : Stopping BCP sending thread
2025-07-06 15:42:07,612 : mpfmc : Loop rate 75.04 Hz
2025-07-06 15:42:07,614 : root : MC run loop ended.
2025-07-06 15:42:07,614 : root : Stopping child threads... (3 remaining)
2025-07-06 15:42:07,615 : mpfmc : Stopping...
2025-07-06 15:42:07,616 : EventManager : Event: ======'shutdown'====== Args={}
2025-07-06 15:42:07,616 : mpfmc : Loop rate 75.03 Hz
2025-07-06 15:42:08,222 : root : All child threads stopped.
