2025-06-16 09:09:27,916 : INFO : root : Loading config.
2025-06-16 09:09:27,916 : INFO : YamlMultifileConfigLoader : Machine config file #1: config.yaml
2025-06-16 09:09:27,932 : INFO : ConfigProcessor : Loading config from cache: C:\Users\ruben\AppData\Local\Temp\a17888e5e1df298d67e07ada0b1bff4a.mpf_cache
2025-06-16 09:09:28,064 : INFO : ConfigProcessor : Loading config from cache: C:\Users\ruben\AppData\Local\Temp\67cf8ffee0fce2d4fcb5ef0bb894d8de.mpf_cache
2025-06-16 09:09:28,064 : INFO : ConfigProcessor : Loading config from cache: C:\Users\ruben\AppData\Local\Temp\25321780674732dcacb77a8f5b2a53cd.mpf_cache
2025-06-16 09:09:28,079 : INFO : ConfigProcessor : Loading config from cache: C:\Users\ruben\AppData\Local\Temp\195f66f1d07408d279921a878741edf5.mpf_cache
2025-06-16 09:09:28,079 : INFO : Machine : Mission Pinball Framework Core Engine v0.56.0
2025-06-16 09:09:28,079 : INFO : Machine : Command line arguments: {'no_load_cache': False, 'create_config_cache': True, 'bcp': True, 'configfile': ['config.yaml'], 'force_assets_load': False, 'jsonlogging': False, 'logfile': 'logs\\2025-06-16-09-09-27-mpf-DESKTOP-11MEIVG.log', 'pause': False, 'production': False, 'text_ui': True, 'loglevel': 15, 'consoleloglevel': 20, 'force_platform': None, 'syslog_address': None, 'mc_file_name': None, 'no_sound': False}
2025-06-16 09:09:28,079 : INFO : Machine : MPF path: C:\Users\ruben\.local\pipx\venvs\mpf\lib\site-packages\mpf
2025-06-16 09:09:28,079 : INFO : Machine : Machine path: C:\pinball\my_machine
2025-06-16 09:09:28,079 : INFO : Machine : Platform: win32
2025-06-16 09:09:28,079 : INFO : Machine : Python executable location: C:\Users\ruben\.local\pipx\venvs\mpf\Scripts\python.exe
2025-06-16 09:09:28,079 : INFO : Machine : Python version: 3.9.13 (64-bit)
2025-06-16 09:09:28,079 : INFO : Machine : Initialise MPF.
2025-06-16 09:09:28,408 : INFO : OPP : Connecting to com3 at 115200bps
2025-06-16 09:09:28,482 : INFO : OPP : Init of OPP board 1 done
2025-06-16 09:09:28,482 : INFO : OPP : Connecting to com4 at 115200bps
2025-06-16 09:09:28,633 : INFO : OPP : Init of OPP board 0 done
2025-06-16 09:09:28,634 : INFO : EventManager : Event: ======'machine_var_credits_string'====== Args={'value': 'FREE PLAY', 'prev_value': None, 'change': True}
2025-06-16 09:09:28,735 : INFO : EventManager : Event: ======'machine_var_master_volume'====== Args={'value': 0.5, 'prev_value': None, 'change': True}
2025-06-16 09:09:28,736 : INFO : EventManager : Event: ======'machine_var_player1_score'====== Args={'value': 0, 'prev_value': None, 'change': True}
2025-06-16 09:09:28,736 : INFO : EventManager : Event: ======'machine_var_mpf_version'====== Args={'value': 'MPF v0.56.0', 'prev_value': None, 'change': True}
2025-06-16 09:09:28,736 : INFO : EventManager : Event: ======'machine_var_mpf_extended_version'====== Args={'value': 'MPF v0.56.0, Config version:5, Show version: 5, BCP version:1.1', 'prev_value': None, 'change': True}
2025-06-16 09:09:28,736 : INFO : EventManager : Event: ======'machine_var_python_version'====== Args={'value': '3.9.13', 'prev_value': None, 'change': True}
2025-06-16 09:09:28,750 : INFO : EventManager : Event: ======'machine_var_platform'====== Args={'value': 'Windows-10-10.0.19045-SP0', 'prev_value': None, 'change': True}
2025-06-16 09:09:28,751 : INFO : EventManager : Event: ======'machine_var_platform_system'====== Args={'value': 'Windows', 'prev_value': None, 'change': True}
2025-06-16 09:09:28,751 : INFO : EventManager : Event: ======'machine_var_platform_release'====== Args={'value': '10', 'prev_value': None, 'change': True}
2025-06-16 09:09:28,751 : INFO : EventManager : Event: ======'machine_var_platform_version'====== Args={'value': '10.0.19045', 'prev_value': None, 'change': True}
2025-06-16 09:09:28,751 : INFO : EventManager : Event: ======'machine_var_platform_machine'====== Args={'value': 'AMD64', 'prev_value': None, 'change': True}
2025-06-16 09:09:28,751 : INFO : EventManager : Event: ======'init_phase_1'====== Args={}
2025-06-16 09:09:28,784 : INFO : EventManager : Event: ======'init_phase_2'====== Args={}
2025-06-16 09:09:28,789 : INFO : EventManager : Event: ======'bcp_connection_attempt'====== Args={'name': 'local_display', 'host': 'localhost', 'port': 5050}
2025-06-16 09:09:28,792 : INFO : BCPClientSocket : Connecting BCP to 'local_display' at localhost:5050...
2025-06-16 09:09:31,362 : INFO : BCPClientSocket : Connected BCP to 'local_display' localhost:5050
2025-06-16 09:09:31,365 : INFO : EventManager : Event: ======'bcp_clients_connected'====== Args={}
2025-06-16 09:09:31,369 : INFO : EventManager : Event: ======'machine_var_mc_version'====== Args={'value': 'MPF-MC v0.56.1', 'prev_value': None, 'change': True}
2025-06-16 09:09:31,372 : INFO : EventManager : Event: ======'machine_var_mc_extended_version'====== Args={'value': 'MPF-MC v0.56.1 (config_version=5, BCP v1.1,                      Requires MPF API compatibility v0.56.0 or newer)', 'prev_value': None, 'change': True}
2025-06-16 09:09:31,470 : INFO : ball_device.bd_trough : BCH: Initial count: 0
2025-06-16 09:09:31,471 : INFO : ball_device.bd_trough : State: idle
2025-06-16 09:09:31,501 : INFO : EventManager : Event: ======'init_phase_3'====== Args={}
2025-06-16 09:09:31,505 : INFO : EventManager : Event: ======'init_phase_4'====== Args={}
2025-06-16 09:09:31,506 : INFO : BallController : Initial balls found: 0
2025-06-16 09:09:31,507 : INFO : EventManager : Event: ======'machine_var_audits_events_game_ended'====== Args={'value': 50, 'prev_value': None, 'change': True}
2025-06-16 09:09:31,508 : INFO : EventManager : Event: ======'machine_var_audits_events_game_started'====== Args={'value': 98, 'prev_value': None, 'change': True}
2025-06-16 09:09:31,509 : INFO : EventManager : Event: ======'machine_var_audits_missing_switches_s_left_flipper'====== Args={'value': 8, 'prev_value': None, 'change': True}
2025-06-16 09:09:31,510 : INFO : EventManager : Event: ======'machine_var_audits_missing_switches_s_left_inlane1'====== Args={'value': 8, 'prev_value': None, 'change': True}
2025-06-16 09:09:31,510 : INFO : EventManager : Event: ======'machine_var_audits_missing_switches_s_left_inlane2'====== Args={'value': 8, 'prev_value': None, 'change': True}
2025-06-16 09:09:31,511 : INFO : EventManager : Event: ======'machine_var_audits_missing_switches_s_left_outlane'====== Args={'value': 9, 'prev_value': None, 'change': True}
2025-06-16 09:09:31,511 : INFO : EventManager : Event: ======'machine_var_audits_missing_switches_s_left_slingshot'====== Args={'value': 9, 'prev_value': None, 'change': True}
2025-06-16 09:09:31,512 : INFO : EventManager : Event: ======'machine_var_audits_missing_switches_s_pop1'====== Args={'value': 9, 'prev_value': None, 'change': True}
2025-06-16 09:09:31,512 : INFO : EventManager : Event: ======'machine_var_audits_missing_switches_s_pop2'====== Args={'value': 9, 'prev_value': None, 'change': True}
2025-06-16 09:09:31,513 : INFO : EventManager : Event: ======'machine_var_audits_missing_switches_s_pop3'====== Args={'value': 9, 'prev_value': None, 'change': True}
2025-06-16 09:09:31,513 : INFO : EventManager : Event: ======'machine_var_audits_missing_switches_s_pop4'====== Args={'value': 8, 'prev_value': None, 'change': True}
2025-06-16 09:09:31,513 : INFO : EventManager : Event: ======'machine_var_audits_missing_switches_s_pop5'====== Args={'value': 8, 'prev_value': None, 'change': True}
2025-06-16 09:09:31,513 : INFO : EventManager : Event: ======'machine_var_audits_missing_switches_s_right_inlane'====== Args={'value': 9, 'prev_value': None, 'change': True}
2025-06-16 09:09:31,514 : INFO : EventManager : Event: ======'machine_var_audits_missing_switches_s_right_outlane'====== Args={'value': 9, 'prev_value': None, 'change': True}
2025-06-16 09:09:31,514 : INFO : EventManager : Event: ======'machine_var_audits_missing_switches_s_right_slingshot'====== Args={'value': 9, 'prev_value': None, 'change': True}
2025-06-16 09:09:31,514 : INFO : EventManager : Event: ======'machine_var_audits_missing_switches_s_scoop_center'====== Args={'value': 8, 'prev_value': None, 'change': True}
2025-06-16 09:09:31,514 : INFO : EventManager : Event: ======'machine_var_audits_missing_switches_s_scoop_right'====== Args={'value': 9, 'prev_value': None, 'change': True}
2025-06-16 09:09:31,515 : INFO : EventManager : Event: ======'machine_var_audits_missing_switches_s_startButton'====== Args={'value': 9, 'prev_value': None, 'change': True}
2025-06-16 09:09:31,515 : INFO : EventManager : Event: ======'machine_var_audits_missing_switches_s_trough1'====== Args={'value': 9, 'prev_value': None, 'change': True}
2025-06-16 09:09:31,515 : INFO : EventManager : Event: ======'machine_var_audits_missing_switches_s_trough2'====== Args={'value': 9, 'prev_value': None, 'change': True}
2025-06-16 09:09:31,516 : INFO : EventManager : Event: ======'machine_var_audits_missing_switches_s_trough3'====== Args={'value': 9, 'prev_value': None, 'change': True}
2025-06-16 09:09:31,516 : INFO : EventManager : Event: ======'machine_var_audits_missing_switches_s_trough4'====== Args={'value': 9, 'prev_value': None, 'change': True}
2025-06-16 09:09:31,516 : INFO : EventManager : Event: ======'machine_var_audits_missing_switches_s_trough5'====== Args={'value': 8, 'prev_value': None, 'change': True}
2025-06-16 09:09:31,516 : INFO : EventManager : Event: ======'machine_var_audits_player_score'====== Args={'value': {'average': 0.0, 'top': [0, 0, 0, 0, 0, 0, 0, 0, 0, 0], 'total': 50}, 'prev_value': None, 'change': True}
2025-06-16 09:09:31,517 : INFO : EventManager : Event: ======'machine_var_audits_switches_s_drop_bank1'====== Args={'value': 140, 'prev_value': None, 'change': True}
2025-06-16 09:09:31,517 : INFO : EventManager : Event: ======'machine_var_audits_switches_s_left_flipper'====== Args={'value': 2280, 'prev_value': None, 'change': True}
2025-06-16 09:09:31,517 : INFO : EventManager : Event: ======'machine_var_audits_switches_s_left_inlane1'====== Args={'value': 1, 'prev_value': None, 'change': True}
2025-06-16 09:09:31,518 : INFO : EventManager : Event: ======'machine_var_audits_switches_s_left_inlane2'====== Args={'value': 1, 'prev_value': None, 'change': True}
2025-06-16 09:09:31,518 : INFO : EventManager : Event: ======'machine_var_audits_switches_s_left_outlane'====== Args={'value': 0, 'prev_value': None, 'change': True}
2025-06-16 09:09:31,518 : INFO : EventManager : Event: ======'machine_var_audits_switches_s_left_slingshot'====== Args={'value': 290, 'prev_value': None, 'change': True}
2025-06-16 09:09:31,519 : INFO : EventManager : Event: ======'machine_var_audits_switches_s_plunger'====== Args={'value': 5, 'prev_value': None, 'change': True}
2025-06-16 09:09:31,519 : INFO : EventManager : Event: ======'machine_var_audits_switches_s_pop1'====== Args={'value': 0, 'prev_value': None, 'change': True}
2025-06-16 09:09:31,519 : INFO : EventManager : Event: ======'machine_var_audits_switches_s_pop2'====== Args={'value': 0, 'prev_value': None, 'change': True}
2025-06-16 09:09:31,520 : INFO : EventManager : Event: ======'machine_var_audits_switches_s_pop3'====== Args={'value': 0, 'prev_value': None, 'change': True}
2025-06-16 09:09:31,520 : INFO : EventManager : Event: ======'machine_var_audits_switches_s_pop4'====== Args={'value': 1, 'prev_value': None, 'change': True}
2025-06-16 09:09:31,521 : INFO : EventManager : Event: ======'machine_var_audits_switches_s_pop5'====== Args={'value': 1, 'prev_value': None, 'change': True}
2025-06-16 09:09:31,521 : INFO : EventManager : Event: ======'machine_var_audits_switches_s_pop_bot'====== Args={'value': 426, 'prev_value': None, 'change': True}
2025-06-16 09:09:31,521 : INFO : EventManager : Event: ======'machine_var_audits_switches_s_pop_mid'====== Args={'value': 351, 'prev_value': None, 'change': True}
2025-06-16 09:09:31,521 : INFO : EventManager : Event: ======'machine_var_audits_switches_s_pop_top'====== Args={'value': 302, 'prev_value': None, 'change': True}
2025-06-16 09:09:31,522 : INFO : EventManager : Event: ======'machine_var_audits_switches_s_right_flipper'====== Args={'value': 2332, 'prev_value': None, 'change': True}
2025-06-16 09:09:31,522 : INFO : EventManager : Event: ======'machine_var_audits_switches_s_right_inlane'====== Args={'value': 57, 'prev_value': None, 'change': True}
2025-06-16 09:09:31,522 : INFO : EventManager : Event: ======'machine_var_audits_switches_s_right_outlane'====== Args={'value': 0, 'prev_value': None, 'change': True}
2025-06-16 09:09:31,523 : INFO : EventManager : Event: ======'machine_var_audits_switches_s_right_slingshot'====== Args={'value': 255, 'prev_value': None, 'change': True}
2025-06-16 09:09:31,523 : INFO : EventManager : Event: ======'machine_var_audits_switches_s_scoop_center'====== Args={'value': 1, 'prev_value': None, 'change': True}
2025-06-16 09:09:31,523 : INFO : EventManager : Event: ======'machine_var_audits_switches_s_scoop_lower'====== Args={'value': 220, 'prev_value': None, 'change': True}
2025-06-16 09:09:31,524 : INFO : EventManager : Event: ======'machine_var_audits_switches_s_scoop_right'====== Args={'value': 0, 'prev_value': None, 'change': True}
2025-06-16 09:09:31,524 : INFO : EventManager : Event: ======'machine_var_audits_switches_s_shooter_lane'====== Args={'value': 8, 'prev_value': None, 'change': True}
2025-06-16 09:09:31,525 : INFO : EventManager : Event: ======'machine_var_audits_switches_s_startButton'====== Args={'value': 34, 'prev_value': None, 'change': True}
2025-06-16 09:09:31,526 : INFO : EventManager : Event: ======'machine_var_audits_switches_s_trough1'====== Args={'value': 303, 'prev_value': None, 'change': True}
2025-06-16 09:09:31,527 : INFO : EventManager : Event: ======'machine_var_audits_switches_s_trough2'====== Args={'value': 1, 'prev_value': None, 'change': True}
2025-06-16 09:09:31,527 : INFO : EventManager : Event: ======'machine_var_audits_switches_s_trough3'====== Args={'value': 1, 'prev_value': None, 'change': True}
2025-06-16 09:09:31,527 : INFO : EventManager : Event: ======'machine_var_audits_switches_s_trough4'====== Args={'value': 1, 'prev_value': None, 'change': True}
2025-06-16 09:09:31,528 : INFO : EventManager : Event: ======'machine_var_audits_switches_s_trough5'====== Args={'value': 1, 'prev_value': None, 'change': True}
2025-06-16 09:09:31,529 : INFO : EventManager : Event: ======'init_phase_5'====== Args={}
2025-06-16 09:09:31,532 : INFO : EventManager : Event: ======'init_done'====== Args={}
2025-06-16 09:09:31,533 : INFO : EventManager : Event: ======'machine_reset_phase_1'====== Args={}
2025-06-16 09:09:31,543 : INFO : EventManager : Event: ======'slide_welcome_slide_removed'====== Args={'_from_bcp': True}
2025-06-16 09:09:31,547 : INFO : EventManager : Event: ======'slide_welcome_slide_created'====== Args={'_from_bcp': True}
2025-06-16 09:09:31,551 : INFO : EventManager : Event: ======'machine_reset_phase_2'====== Args={}
2025-06-16 09:09:31,551 : INFO : EventManager : Event: ======'slide_welcome_slide_active'====== Args={'_from_bcp': True}
2025-06-16 09:09:31,552 : INFO : EventManager : Event: ======'machine_reset_phase_3'====== Args={}
2025-06-16 09:09:31,555 : INFO : EventManager : Event: ======'reset_complete'====== Args={}
2025-06-16 09:09:31,556 : INFO : EventManager : Event: ======'mode_attract_will_start'====== Args={}
2025-06-16 09:09:31,557 : INFO : EventManager : Event: ======'mode_attract_starting'====== Args={}
2025-06-16 09:09:31,557 : INFO : Mode.attract : Started. Priority: 10
2025-06-16 09:09:31,558 : INFO : EventManager : Event: ======'modes_active_modes_changed'====== Args={}
2025-06-16 09:09:31,558 : INFO : EventManager : Event: ======'mode_attract_started'====== Args={}
2025-06-16 09:09:31,558 : INFO : EventManager : Event: ======'collecting_balls_complete'====== Args={}
2025-06-16 09:09:31,582 : INFO : EventManager : Event: ======'slide_attract_started_created'====== Args={'_from_bcp': True}
2025-06-16 09:09:31,582 : INFO : EventManager : Event: ======'slide_attract_started_active'====== Args={'_from_bcp': True}
2025-06-16 09:09:31,583 : INFO : Machine : Starting the main run loop.
2025-06-16 09:09:34,485 : INFO : SwitchController : <<<<<<< 's_pop2' active >>>>>>>
2025-06-16 09:09:34,486 : INFO : EventManager : Event: ======'playfield_active'====== Args={}
2025-06-16 09:09:34,486 : INFO : EventManager : Event: ======'unexpected_ball_on_playfield'====== Args={}
2025-06-16 09:09:34,594 : INFO : SwitchController : <<<<<<< 's_pop2' inactive >>>>>>>
2025-06-16 09:09:34,720 : INFO : SwitchController : <<<<<<< 's_pop2' active >>>>>>>
2025-06-16 09:09:34,720 : INFO : EventManager : Event: ======'playfield_active'====== Args={}
2025-06-16 09:09:34,720 : INFO : EventManager : Event: ======'unexpected_ball_on_playfield'====== Args={}
2025-06-16 09:09:34,834 : INFO : SwitchController : <<<<<<< 's_pop2' inactive >>>>>>>
2025-06-16 09:09:34,910 : INFO : SwitchController : <<<<<<< 's_pop2' active >>>>>>>
2025-06-16 09:09:34,911 : INFO : EventManager : Event: ======'playfield_active'====== Args={}
2025-06-16 09:09:34,911 : INFO : EventManager : Event: ======'unexpected_ball_on_playfield'====== Args={}
2025-06-16 09:09:35,008 : INFO : SwitchController : <<<<<<< 's_pop2' inactive >>>>>>>
2025-06-16 09:09:35,087 : INFO : SwitchController : <<<<<<< 's_pop2' active >>>>>>>
2025-06-16 09:09:35,088 : INFO : EventManager : Event: ======'playfield_active'====== Args={}
2025-06-16 09:09:35,088 : INFO : EventManager : Event: ======'unexpected_ball_on_playfield'====== Args={}
2025-06-16 09:09:35,201 : INFO : SwitchController : <<<<<<< 's_pop2' inactive >>>>>>>
2025-06-16 09:09:35,250 : INFO : SwitchController : <<<<<<< 's_pop2' active >>>>>>>
2025-06-16 09:09:35,251 : INFO : EventManager : Event: ======'playfield_active'====== Args={}
2025-06-16 09:09:35,251 : INFO : EventManager : Event: ======'unexpected_ball_on_playfield'====== Args={}
2025-06-16 09:09:35,357 : INFO : SwitchController : <<<<<<< 's_pop2' inactive >>>>>>>
2025-06-16 09:09:35,411 : INFO : SwitchController : <<<<<<< 's_pop2' active >>>>>>>
2025-06-16 09:09:35,411 : INFO : EventManager : Event: ======'playfield_active'====== Args={}
2025-06-16 09:09:35,412 : INFO : EventManager : Event: ======'unexpected_ball_on_playfield'====== Args={}
2025-06-16 09:09:35,521 : INFO : SwitchController : <<<<<<< 's_pop2' inactive >>>>>>>
2025-06-16 09:09:35,567 : INFO : SwitchController : <<<<<<< 's_pop2' active >>>>>>>
2025-06-16 09:09:35,568 : INFO : EventManager : Event: ======'playfield_active'====== Args={}
2025-06-16 09:09:35,568 : INFO : EventManager : Event: ======'unexpected_ball_on_playfield'====== Args={}
2025-06-16 09:09:35,795 : INFO : SwitchController : <<<<<<< 's_pop2' inactive >>>>>>>
2025-06-16 09:09:35,870 : INFO : SwitchController : <<<<<<< 's_pop2' active >>>>>>>
2025-06-16 09:09:35,870 : INFO : EventManager : Event: ======'playfield_active'====== Args={}
2025-06-16 09:09:35,871 : INFO : EventManager : Event: ======'unexpected_ball_on_playfield'====== Args={}
2025-06-16 09:09:35,978 : INFO : SwitchController : <<<<<<< 's_pop2' inactive >>>>>>>
2025-06-16 09:09:36,016 : INFO : SwitchController : <<<<<<< 's_pop2' active >>>>>>>
2025-06-16 09:09:36,017 : INFO : EventManager : Event: ======'playfield_active'====== Args={}
2025-06-16 09:09:36,017 : INFO : EventManager : Event: ======'unexpected_ball_on_playfield'====== Args={}
2025-06-16 09:09:36,152 : INFO : SwitchController : <<<<<<< 's_pop2' inactive >>>>>>>
2025-06-16 09:09:36,168 : INFO : SwitchController : <<<<<<< 's_pop2' active >>>>>>>
2025-06-16 09:09:36,168 : INFO : EventManager : Event: ======'playfield_active'====== Args={}
2025-06-16 09:09:36,168 : INFO : EventManager : Event: ======'unexpected_ball_on_playfield'====== Args={}
2025-06-16 09:09:36,308 : INFO : SwitchController : <<<<<<< 's_pop2' inactive >>>>>>>
2025-06-16 09:09:36,369 : INFO : SwitchController : <<<<<<< 's_pop2' active >>>>>>>
2025-06-16 09:09:36,369 : INFO : EventManager : Event: ======'playfield_active'====== Args={}
2025-06-16 09:09:36,369 : INFO : EventManager : Event: ======'unexpected_ball_on_playfield'====== Args={}
2025-06-16 09:09:36,455 : INFO : SwitchController : <<<<<<< 's_pop2' inactive >>>>>>>
2025-06-16 09:09:36,719 : INFO : SwitchController : <<<<<<< 's_pop2' active >>>>>>>
2025-06-16 09:09:36,720 : INFO : EventManager : Event: ======'playfield_active'====== Args={}
2025-06-16 09:09:36,720 : INFO : EventManager : Event: ======'unexpected_ball_on_playfield'====== Args={}
2025-06-16 09:09:36,745 : INFO : SwitchController : <<<<<<< 's_pop2' inactive >>>>>>>
2025-06-16 09:09:36,988 : INFO : SwitchController : <<<<<<< 's_pop2' active >>>>>>>
2025-06-16 09:09:36,988 : INFO : EventManager : Event: ======'playfield_active'====== Args={}
2025-06-16 09:09:36,988 : INFO : EventManager : Event: ======'unexpected_ball_on_playfield'====== Args={}
2025-06-16 09:09:37,101 : INFO : SwitchController : <<<<<<< 's_pop2' inactive >>>>>>>
2025-06-16 09:09:37,178 : INFO : SwitchController : <<<<<<< 's_pop2' active >>>>>>>
2025-06-16 09:09:37,178 : INFO : EventManager : Event: ======'playfield_active'====== Args={}
2025-06-16 09:09:37,178 : INFO : EventManager : Event: ======'unexpected_ball_on_playfield'====== Args={}
2025-06-16 09:09:37,266 : INFO : SwitchController : <<<<<<< 's_pop2' inactive >>>>>>>
2025-06-16 09:09:37,348 : INFO : SwitchController : <<<<<<< 's_pop2' active >>>>>>>
2025-06-16 09:09:37,348 : INFO : EventManager : Event: ======'playfield_active'====== Args={}
2025-06-16 09:09:37,348 : INFO : EventManager : Event: ======'unexpected_ball_on_playfield'====== Args={}
2025-06-16 09:09:37,410 : INFO : SwitchController : <<<<<<< 's_pop2' inactive >>>>>>>
2025-06-16 09:09:37,516 : INFO : SwitchController : <<<<<<< 's_pop2' active >>>>>>>
2025-06-16 09:09:37,517 : INFO : EventManager : Event: ======'playfield_active'====== Args={}
2025-06-16 09:09:37,517 : INFO : EventManager : Event: ======'unexpected_ball_on_playfield'====== Args={}
2025-06-16 09:09:37,580 : INFO : SwitchController : <<<<<<< 's_pop2' inactive >>>>>>>
2025-06-16 09:09:37,659 : INFO : SwitchController : <<<<<<< 's_pop2' active >>>>>>>
2025-06-16 09:09:37,659 : INFO : EventManager : Event: ======'playfield_active'====== Args={}
2025-06-16 09:09:37,660 : INFO : EventManager : Event: ======'unexpected_ball_on_playfield'====== Args={}
2025-06-16 09:09:37,738 : INFO : SwitchController : <<<<<<< 's_pop2' inactive >>>>>>>
2025-06-16 09:09:37,800 : INFO : SwitchController : <<<<<<< 's_pop2' active >>>>>>>
2025-06-16 09:09:37,800 : INFO : EventManager : Event: ======'playfield_active'====== Args={}
2025-06-16 09:09:37,801 : INFO : EventManager : Event: ======'unexpected_ball_on_playfield'====== Args={}
2025-06-16 09:09:37,847 : INFO : SwitchController : <<<<<<< 's_pop2' inactive >>>>>>>
2025-06-16 09:09:42,201 : INFO : Machine : Shutting down...
2025-06-16 09:09:42,201 : INFO : EventManager : Event: ======'shutdown'====== Args={}
2025-06-16 09:09:42,205 : ERROR : OPP : Stop called on serial connection com3
2025-06-16 09:09:42,229 : ERROR : OPP : Stop called on serial connection com4
2025-06-16 09:09:42,230 : ERROR : asyncio : Exception in callback Util.raise_exceptions(<Task finishe...ection lost')>) at C:\Users\ruben\.local\pipx\venvs\mpf\lib\site-packages\mpf\core\utility_functions.py:759
handle: <Handle Util.raise_exceptions(<Task finishe...ection lost')>) at C:\Users\ruben\.local\pipx\venvs\mpf\lib\site-packages\mpf\core\utility_functions.py:759>
Traceback (most recent call last):
  File "C:\Users\ruben\AppData\Local\Programs\Python\Python39\lib\asyncio\events.py", line 80, in _run
    self._context.run(self._callback, *self._args)
  File "C:\Users\ruben\.local\pipx\venvs\mpf\lib\site-packages\mpf\core\utility_functions.py", line 767, in raise_exceptions
    future.result()
  File "C:\Users\ruben\.local\pipx\venvs\mpf\lib\site-packages\mpf\platforms\opp\opp.py", line 965, in _poll_sender
    await self.opp_connection[chain_serial].writer.drain()
  File "C:\Users\ruben\AppData\Local\Programs\Python\Python39\lib\asyncio\streams.py", line 387, in drain
    await self._protocol._drain_helper()
  File "C:\Users\ruben\AppData\Local\Programs\Python\Python39\lib\asyncio\streams.py", line 190, in _drain_helper
    raise ConnectionResetError('Connection lost')
ConnectionResetError: Connection lost
2025-06-16 09:09:42,504 : WARNING : OPP : Poll took more than 250.0ms for 0
2025-06-16 09:09:42,505 : ERROR : asyncio : Exception in callback Util.raise_exceptions(<Task finishe...ute 'write'")>) at C:\Users\ruben\.local\pipx\venvs\mpf\lib\site-packages\mpf\core\utility_functions.py:759
handle: <Handle Util.raise_exceptions(<Task finishe...ute 'write'")>) at C:\Users\ruben\.local\pipx\venvs\mpf\lib\site-packages\mpf\core\utility_functions.py:759>
Traceback (most recent call last):
  File "C:\Users\ruben\AppData\Local\Programs\Python\Python39\lib\asyncio\events.py", line 80, in _run
    self._context.run(self._callback, *self._args)
  File "C:\Users\ruben\.local\pipx\venvs\mpf\lib\site-packages\mpf\core\utility_functions.py", line 767, in raise_exceptions
    future.result()
  File "C:\Users\ruben\.local\pipx\venvs\mpf\lib\site-packages\mpf\platforms\opp\opp.py", line 964, in _poll_sender
    self.send_to_processor(chain_serial, self.read_input_msg[chain_serial])
  File "C:\Users\ruben\.local\pipx\venvs\mpf\lib\site-packages\mpf\platforms\opp\opp.py", line 345, in send_to_processor
    self.opp_connection[chain_serial].send(msg)
  File "C:\Users\ruben\.local\pipx\venvs\mpf\lib\site-packages\mpf\platforms\base_serial_communicator.py", line 160, in send
    self.writer.write(msg)
AttributeError: 'NoneType' object has no attribute 'write'
2025-06-16 09:09:42,517 : INFO : root : MPF run loop ended.
