2025-05-29 08:45:02,472 : INFO : root : Loading config.
2025-05-29 08:45:02,472 : INFO : YamlMultifileConfigLoader : Machine config file #1: config.yaml
2025-05-29 08:45:02,472 : WARNING : ConfigProcessor : Config file in cache changed: C:\pinball\my_machine\config\config.yaml
2025-05-29 08:45:02,472 : INFO : ConfigProcessor : Loading config from file C:\Users\ruben\.local\pipx\venvs\mpf\lib\site-packages\mpf\mpfconfig.yaml.
2025-05-29 08:45:02,607 : INFO : ConfigProcessor : Loading config: C:\Users\ruben\.local\pipx\venvs\mpf\lib\site-packages\mpf\mpfconfig.yaml
2025-05-29 08:45:02,607 : INFO : ConfigProcessor : Loading config from file C:\pinball\my_machine\config\config.yaml.
2025-05-29 08:45:02,657 : INFO : ConfigProcessor : Loading config: C:\pinball\my_machine\config\config.yaml
2025-05-29 08:45:02,657 : INFO : ConfigProcessor : Config file cache created: C:\Users\ruben\AppData\Local\Temp\a17888e5e1df298d67e07ada0b1bff4a.mpf_cache
2025-05-29 08:45:02,823 : INFO : ConfigProcessor : Loading config from cache: C:\Users\ruben\AppData\Local\Temp\67cf8ffee0fce2d4fcb5ef0bb894d8de.mpf_cache
2025-05-29 08:45:02,823 : INFO : ConfigProcessor : Loading config from cache: C:\Users\ruben\AppData\Local\Temp\25321780674732dcacb77a8f5b2a53cd.mpf_cache
2025-05-29 08:45:02,823 : INFO : Machine : Mission Pinball Framework Core Engine v0.56.0
2025-05-29 08:45:02,823 : INFO : Machine : Command line arguments: {'no_load_cache': False, 'create_config_cache': True, 'bcp': True, 'configfile': ['config.yaml'], 'force_assets_load': False, 'jsonlogging': False, 'logfile': 'logs\\2025-05-29-08-45-02-mpf-DESKTOP-11MEIVG.log', 'pause': False, 'production': False, 'text_ui': True, 'loglevel': 15, 'consoleloglevel': 20, 'force_platform': 'smart_virtual', 'syslog_address': None, 'mc_file_name': None, 'no_sound': False}
2025-05-29 08:45:02,823 : INFO : Machine : MPF path: C:\Users\ruben\.local\pipx\venvs\mpf\lib\site-packages\mpf
2025-05-29 08:45:02,823 : INFO : Machine : Machine path: C:\pinball\my_machine
2025-05-29 08:45:02,823 : INFO : Machine : Platform: win32
2025-05-29 08:45:02,823 : INFO : Machine : Python executable location: C:\Users\ruben\.local\pipx\venvs\mpf\Scripts\python.exe
2025-05-29 08:45:02,823 : INFO : Machine : Python version: 3.9.13 (64-bit)
2025-05-29 08:45:02,823 : INFO : Machine : Initialise MPF.
2025-05-29 08:45:03,124 : INFO : EventManager : Event: ======'machine_var_credits_string'====== Args={'value': 'FREE PLAY', 'prev_value': None, 'change': True}
2025-05-29 08:45:03,222 : INFO : EventManager : Event: ======'machine_var_master_volume'====== Args={'value': 0.5, 'prev_value': None, 'change': True}
2025-05-29 08:45:03,222 : INFO : EventManager : Event: ======'machine_var_player1_score'====== Args={'value': 0, 'prev_value': None, 'change': True}
2025-05-29 08:45:03,222 : INFO : EventManager : Event: ======'machine_var_mpf_version'====== Args={'value': 'MPF v0.56.0', 'prev_value': None, 'change': True}
2025-05-29 08:45:03,223 : INFO : EventManager : Event: ======'machine_var_mpf_extended_version'====== Args={'value': 'MPF v0.56.0, Config version:5, Show version: 5, BCP version:1.1', 'prev_value': None, 'change': True}
2025-05-29 08:45:03,223 : INFO : EventManager : Event: ======'machine_var_python_version'====== Args={'value': '3.9.13', 'prev_value': None, 'change': True}
2025-05-29 08:45:03,239 : INFO : EventManager : Event: ======'machine_var_platform'====== Args={'value': 'Windows-10-10.0.19045-SP0', 'prev_value': None, 'change': True}
2025-05-29 08:45:03,239 : INFO : EventManager : Event: ======'machine_var_platform_system'====== Args={'value': 'Windows', 'prev_value': None, 'change': True}
2025-05-29 08:45:03,239 : INFO : EventManager : Event: ======'machine_var_platform_release'====== Args={'value': '10', 'prev_value': None, 'change': True}
2025-05-29 08:45:03,239 : INFO : EventManager : Event: ======'machine_var_platform_version'====== Args={'value': '10.0.19045', 'prev_value': None, 'change': True}
2025-05-29 08:45:03,239 : INFO : EventManager : Event: ======'machine_var_platform_machine'====== Args={'value': 'AMD64', 'prev_value': None, 'change': True}
2025-05-29 08:45:03,239 : INFO : EventManager : Event: ======'init_phase_1'====== Args={}
2025-05-29 08:45:03,255 : INFO : EventManager : Event: ======'drop_target_bank_vuk_bank_up'====== Args={}
2025-05-29 08:45:03,255 : INFO : EventManager : Event: ======'init_phase_2'====== Args={}
2025-05-29 08:45:03,272 : INFO : EventManager : Event: ======'bcp_connection_attempt'====== Args={'name': 'local_display', 'host': 'localhost', 'port': 5050}
2025-05-29 08:45:03,272 : INFO : BCPClientSocket : Connecting BCP to 'local_display' at localhost:5050...
2025-05-29 08:45:06,349 : INFO : BCPClientSocket : Connected BCP to 'local_display' localhost:5050
2025-05-29 08:45:06,352 : INFO : EventManager : Event: ======'bcp_clients_connected'====== Args={}
2025-05-29 08:45:06,387 : INFO : ball_device.bd_trough : BCH: Initial count: 0
2025-05-29 08:45:06,388 : INFO : EventManager : Event: ======'machine_var_mc_version'====== Args={'value': 'MPF-MC v0.56.1', 'prev_value': None, 'change': True}
2025-05-29 08:45:06,389 : INFO : EventManager : Event: ======'machine_var_mc_extended_version'====== Args={'value': 'MPF-MC v0.56.1 (config_version=5, BCP v1.1,                      Requires MPF API compatibility v0.56.0 or newer)', 'prev_value': None, 'change': True}
2025-05-29 08:45:06,393 : INFO : ball_device.bd_trough : State: idle
2025-05-29 08:45:06,423 : INFO : ball_device.bd_scoop_lower : BCH: Initial count: 0
2025-05-29 08:45:06,424 : INFO : ball_device.bd_scoop_lower : State: idle
2025-05-29 08:45:06,445 : INFO : EventManager : Event: ======'init_phase_3'====== Args={}
2025-05-29 08:45:06,450 : INFO : EventManager : Event: ======'init_phase_4'====== Args={}
2025-05-29 08:45:06,450 : INFO : BallController : Initial balls found: 0
2025-05-29 08:45:06,453 : INFO : EventManager : Event: ======'machine_var_audits_events_game_ended'====== Args={'value': 50, 'prev_value': None, 'change': True}
2025-05-29 08:45:06,454 : INFO : EventManager : Event: ======'machine_var_audits_events_game_started'====== Args={'value': 76, 'prev_value': None, 'change': True}
2025-05-29 08:45:06,454 : INFO : EventManager : Event: ======'machine_var_audits_player_score'====== Args={'value': {'average': 0.0, 'top': [0, 0, 0, 0, 0, 0, 0, 0, 0, 0], 'total': 50}, 'prev_value': None, 'change': True}
2025-05-29 08:45:06,454 : INFO : EventManager : Event: ======'machine_var_audits_switches_s_drop_bank1'====== Args={'value': 140, 'prev_value': None, 'change': True}
2025-05-29 08:45:06,455 : INFO : EventManager : Event: ======'machine_var_audits_switches_s_left_flipper'====== Args={'value': 1988, 'prev_value': None, 'change': True}
2025-05-29 08:45:06,455 : INFO : EventManager : Event: ======'machine_var_audits_switches_s_left_slingshot'====== Args={'value': 290, 'prev_value': None, 'change': True}
2025-05-29 08:45:06,455 : INFO : EventManager : Event: ======'machine_var_audits_switches_s_pop_bot'====== Args={'value': 426, 'prev_value': None, 'change': True}
2025-05-29 08:45:06,455 : INFO : EventManager : Event: ======'machine_var_audits_switches_s_pop_mid'====== Args={'value': 351, 'prev_value': None, 'change': True}
2025-05-29 08:45:06,455 : INFO : EventManager : Event: ======'machine_var_audits_switches_s_pop_top'====== Args={'value': 302, 'prev_value': None, 'change': True}
2025-05-29 08:45:06,456 : INFO : EventManager : Event: ======'machine_var_audits_switches_s_right_flipper'====== Args={'value': 2005, 'prev_value': None, 'change': True}
2025-05-29 08:45:06,456 : INFO : EventManager : Event: ======'machine_var_audits_switches_s_right_inlane'====== Args={'value': 0, 'prev_value': None, 'change': True}
2025-05-29 08:45:06,456 : INFO : EventManager : Event: ======'machine_var_audits_switches_s_right_slingshot'====== Args={'value': 255, 'prev_value': None, 'change': True}
2025-05-29 08:45:06,456 : INFO : EventManager : Event: ======'machine_var_audits_switches_s_scoop_lower'====== Args={'value': 220, 'prev_value': None, 'change': True}
2025-05-29 08:45:06,457 : INFO : EventManager : Event: ======'machine_var_audits_switches_s_startButton'====== Args={'value': 11, 'prev_value': None, 'change': True}
2025-05-29 08:45:06,457 : INFO : EventManager : Event: ======'machine_var_audits_switches_s_trough1'====== Args={'value': 302, 'prev_value': None, 'change': True}
2025-05-29 08:45:06,458 : INFO : EventManager : Event: ======'init_phase_5'====== Args={}
2025-05-29 08:45:06,460 : INFO : EventManager : Event: ======'init_done'====== Args={}
2025-05-29 08:45:06,461 : INFO : EventManager : Event: ======'machine_reset_phase_1'====== Args={}
2025-05-29 08:45:06,465 : INFO : EventManager : Event: ======'slide_welcome_slide_removed'====== Args={'_from_bcp': True}
2025-05-29 08:45:06,469 : INFO : EventManager : Event: ======'slide_welcome_slide_created'====== Args={'_from_bcp': True}
2025-05-29 08:45:06,470 : INFO : EventManager : Event: ======'machine_reset_phase_2'====== Args={}
2025-05-29 08:45:06,470 : INFO : EventManager : Event: ======'machine_reset_phase_3'====== Args={}
2025-05-29 08:45:06,472 : INFO : drop_target_bank.vuk_bank : All targets are already up. Will not reset bank.
2025-05-29 08:45:06,473 : INFO : EventManager : Event: ======'slide_welcome_slide_active'====== Args={'_from_bcp': True}
2025-05-29 08:45:06,473 : INFO : EventManager : Event: ======'reset_complete'====== Args={}
2025-05-29 08:45:06,473 : INFO : EventManager : Event: ======'mode_attract_will_start'====== Args={}
2025-05-29 08:45:06,474 : INFO : EventManager : Event: ======'mode_attract_starting'====== Args={}
2025-05-29 08:45:06,474 : INFO : Mode.attract : Started. Priority: 10
2025-05-29 08:45:06,475 : INFO : EventManager : Event: ======'modes_active_modes_changed'====== Args={}
2025-05-29 08:45:06,475 : INFO : EventManager : Event: ======'mode_attract_started'====== Args={}
2025-05-29 08:45:06,476 : INFO : EventManager : Event: ======'collecting_balls_complete'====== Args={}
2025-05-29 08:45:06,491 : INFO : Machine : Starting the main run loop.
2025-05-29 08:45:06,492 : INFO : EventManager : Event: ======'slide_attract_started_created'====== Args={'_from_bcp': True}
2025-05-29 08:45:06,493 : INFO : EventManager : Event: ======'slide_attract_started_active'====== Args={'_from_bcp': True}
2025-05-29 08:45:11,455 : INFO : SwitchController : <<<<<<< 's_startButton' active >>>>>>>
2025-05-29 08:45:11,561 : INFO : SwitchController : <<<<<<< 's_startButton' inactive >>>>>>>
2025-05-29 08:45:11,561 : INFO : EventManager : Event: ======'request_to_start_game'====== Args={}
2025-05-29 08:45:11,562 : INFO : BallController : Known balls: 0
2025-05-29 08:45:11,562 : INFO : BallController : bd_trough contains 0 balls. Tags ['trough', 'home', 'drain']
2025-05-29 08:45:11,562 : INFO : BallController : bd_scoop_lower contains 0 balls. Tags []
2025-05-29 08:45:11,562 : INFO : BallController : playfield contains 0 balls. Tags ['default']
2025-05-29 08:45:11,563 : WARNING : BallController : BallController denies game start. Not enough balls. 0 found. 1 required
2025-05-29 08:45:11,563 : INFO : BallController : Triggering ball search.
2025-05-29 08:45:18,739 : INFO : SwitchController : <<<<<<< 's_startButton' active >>>>>>>
2025-05-29 08:45:18,883 : INFO : SwitchController : <<<<<<< 's_startButton' inactive >>>>>>>
2025-05-29 08:45:18,883 : INFO : EventManager : Event: ======'request_to_start_game'====== Args={}
2025-05-29 08:45:18,884 : INFO : BallController : Known balls: 0
2025-05-29 08:45:18,884 : INFO : BallController : bd_trough contains 0 balls. Tags ['trough', 'home', 'drain']
2025-05-29 08:45:18,884 : INFO : BallController : bd_scoop_lower contains 0 balls. Tags []
2025-05-29 08:45:18,884 : INFO : BallController : playfield contains 0 balls. Tags ['default']
2025-05-29 08:45:18,884 : WARNING : BallController : BallController denies game start. Not enough balls. 0 found. 1 required
2025-05-29 08:45:18,885 : INFO : BallController : Triggering ball search.
2025-05-29 08:45:19,299 : INFO : SwitchController : <<<<<<< 's_startButton' active >>>>>>>
2025-05-29 08:45:19,456 : INFO : SwitchController : <<<<<<< 's_startButton' inactive >>>>>>>
2025-05-29 08:45:19,457 : INFO : EventManager : Event: ======'request_to_start_game'====== Args={}
2025-05-29 08:45:19,457 : INFO : BallController : Known balls: 0
2025-05-29 08:45:19,458 : INFO : BallController : bd_trough contains 0 balls. Tags ['trough', 'home', 'drain']
2025-05-29 08:45:19,458 : INFO : BallController : bd_scoop_lower contains 0 balls. Tags []
2025-05-29 08:45:19,458 : INFO : BallController : playfield contains 0 balls. Tags ['default']
2025-05-29 08:45:19,458 : WARNING : BallController : BallController denies game start. Not enough balls. 0 found. 1 required
2025-05-29 08:45:19,459 : INFO : BallController : Triggering ball search.
2025-05-29 08:45:19,690 : INFO : SwitchController : <<<<<<< 's_startButton' active >>>>>>>
2025-05-29 08:45:19,837 : INFO : SwitchController : <<<<<<< 's_startButton' inactive >>>>>>>
2025-05-29 08:45:19,838 : INFO : EventManager : Event: ======'request_to_start_game'====== Args={}
2025-05-29 08:45:19,839 : INFO : BallController : Known balls: 0
2025-05-29 08:45:19,839 : INFO : BallController : bd_trough contains 0 balls. Tags ['trough', 'home', 'drain']
2025-05-29 08:45:19,839 : INFO : BallController : bd_scoop_lower contains 0 balls. Tags []
2025-05-29 08:45:19,839 : INFO : BallController : playfield contains 0 balls. Tags ['default']
2025-05-29 08:45:19,840 : WARNING : BallController : BallController denies game start. Not enough balls. 0 found. 1 required
2025-05-29 08:45:19,840 : INFO : BallController : Triggering ball search.
2025-05-29 08:45:20,388 : INFO : SwitchController : <<<<<<< 's_startButton' active >>>>>>>
2025-05-29 08:45:20,496 : INFO : SwitchController : <<<<<<< 's_startButton' inactive >>>>>>>
2025-05-29 08:45:20,497 : INFO : EventManager : Event: ======'request_to_start_game'====== Args={}
2025-05-29 08:45:20,497 : INFO : BallController : Known balls: 0
2025-05-29 08:45:20,497 : INFO : BallController : bd_trough contains 0 balls. Tags ['trough', 'home', 'drain']
2025-05-29 08:45:20,497 : INFO : BallController : bd_scoop_lower contains 0 balls. Tags []
2025-05-29 08:45:20,498 : INFO : BallController : playfield contains 0 balls. Tags ['default']
2025-05-29 08:45:20,498 : WARNING : BallController : BallController denies game start. Not enough balls. 0 found. 1 required
2025-05-29 08:45:20,498 : INFO : BallController : Triggering ball search.
2025-05-29 08:45:20,632 : INFO : SwitchController : <<<<<<< 's_startButton' active >>>>>>>
2025-05-29 08:45:20,752 : INFO : SwitchController : <<<<<<< 's_startButton' inactive >>>>>>>
2025-05-29 08:45:20,753 : INFO : EventManager : Event: ======'request_to_start_game'====== Args={}
2025-05-29 08:45:20,753 : INFO : BallController : Known balls: 0
2025-05-29 08:45:20,754 : INFO : BallController : bd_trough contains 0 balls. Tags ['trough', 'home', 'drain']
2025-05-29 08:45:20,754 : INFO : BallController : bd_scoop_lower contains 0 balls. Tags []
2025-05-29 08:45:20,754 : INFO : BallController : playfield contains 0 balls. Tags ['default']
2025-05-29 08:45:20,754 : WARNING : BallController : BallController denies game start. Not enough balls. 0 found. 1 required
2025-05-29 08:45:20,754 : INFO : BallController : Triggering ball search.
2025-05-29 08:45:20,875 : INFO : SwitchController : <<<<<<< 's_startButton' active >>>>>>>
2025-05-29 08:45:20,984 : INFO : SwitchController : <<<<<<< 's_startButton' inactive >>>>>>>
2025-05-29 08:45:20,984 : INFO : EventManager : Event: ======'request_to_start_game'====== Args={}
2025-05-29 08:45:20,985 : INFO : BallController : Known balls: 0
2025-05-29 08:45:20,985 : INFO : BallController : bd_trough contains 0 balls. Tags ['trough', 'home', 'drain']
2025-05-29 08:45:20,985 : INFO : BallController : bd_scoop_lower contains 0 balls. Tags []
2025-05-29 08:45:20,985 : INFO : BallController : playfield contains 0 balls. Tags ['default']
2025-05-29 08:45:20,985 : WARNING : BallController : BallController denies game start. Not enough balls. 0 found. 1 required
2025-05-29 08:45:20,986 : INFO : BallController : Triggering ball search.
2025-05-29 08:45:21,144 : INFO : SwitchController : <<<<<<< 's_startButton' active >>>>>>>
2025-05-29 08:45:21,253 : INFO : SwitchController : <<<<<<< 's_startButton' inactive >>>>>>>
2025-05-29 08:45:21,254 : INFO : EventManager : Event: ======'request_to_start_game'====== Args={}
2025-05-29 08:45:21,254 : INFO : BallController : Known balls: 0
2025-05-29 08:45:21,255 : INFO : BallController : bd_trough contains 0 balls. Tags ['trough', 'home', 'drain']
2025-05-29 08:45:21,255 : INFO : BallController : bd_scoop_lower contains 0 balls. Tags []
2025-05-29 08:45:21,255 : INFO : BallController : playfield contains 0 balls. Tags ['default']
2025-05-29 08:45:21,256 : WARNING : BallController : BallController denies game start. Not enough balls. 0 found. 1 required
2025-05-29 08:45:21,256 : INFO : BallController : Triggering ball search.
2025-05-29 08:45:22,023 : INFO : SwitchController : <<<<<<< 's_startButton' active >>>>>>>
2025-05-29 08:45:22,169 : INFO : SwitchController : <<<<<<< 's_startButton' inactive >>>>>>>
2025-05-29 08:45:22,170 : INFO : EventManager : Event: ======'request_to_start_game'====== Args={}
2025-05-29 08:45:22,170 : INFO : BallController : Known balls: 0
2025-05-29 08:45:22,171 : INFO : BallController : bd_trough contains 0 balls. Tags ['trough', 'home', 'drain']
2025-05-29 08:45:22,171 : INFO : BallController : bd_scoop_lower contains 0 balls. Tags []
2025-05-29 08:45:22,171 : INFO : BallController : playfield contains 0 balls. Tags ['default']
2025-05-29 08:45:22,171 : WARNING : BallController : BallController denies game start. Not enough balls. 0 found. 1 required
2025-05-29 08:45:22,172 : INFO : BallController : Triggering ball search.
2025-05-29 08:45:23,455 : INFO : SwitchController : <<<<<<< 's_startButton' active >>>>>>>
2025-05-29 08:45:23,562 : INFO : SwitchController : <<<<<<< 's_startButton' inactive >>>>>>>
2025-05-29 08:45:23,562 : INFO : EventManager : Event: ======'request_to_start_game'====== Args={}
2025-05-29 08:45:23,563 : INFO : BallController : Known balls: 0
2025-05-29 08:45:23,563 : INFO : BallController : bd_trough contains 0 balls. Tags ['trough', 'home', 'drain']
2025-05-29 08:45:23,563 : INFO : BallController : bd_scoop_lower contains 0 balls. Tags []
2025-05-29 08:45:23,563 : INFO : BallController : playfield contains 0 balls. Tags ['default']
2025-05-29 08:45:23,563 : WARNING : BallController : BallController denies game start. Not enough balls. 0 found. 1 required
2025-05-29 08:45:23,564 : INFO : BallController : Triggering ball search.
2025-05-29 08:45:24,791 : INFO : SwitchController : <<<<<<< 's_startButton' active >>>>>>>
2025-05-29 08:45:24,940 : INFO : SwitchController : <<<<<<< 's_startButton' inactive >>>>>>>
2025-05-29 08:45:24,940 : INFO : EventManager : Event: ======'request_to_start_game'====== Args={}
2025-05-29 08:45:24,954 : INFO : BallController : Known balls: 0
2025-05-29 08:45:24,955 : INFO : BallController : bd_trough contains 0 balls. Tags ['trough', 'home', 'drain']
2025-05-29 08:45:24,956 : INFO : BallController : bd_scoop_lower contains 0 balls. Tags []
2025-05-29 08:45:24,957 : INFO : BallController : playfield contains 0 balls. Tags ['default']
2025-05-29 08:45:24,957 : WARNING : BallController : BallController denies game start. Not enough balls. 0 found. 1 required
2025-05-29 08:45:24,958 : INFO : BallController : Triggering ball search.
2025-05-29 08:45:25,096 : INFO : SwitchController : <<<<<<< 's_startButton' active >>>>>>>
2025-05-29 08:45:25,206 : INFO : SwitchController : <<<<<<< 's_startButton' inactive >>>>>>>
2025-05-29 08:45:25,207 : INFO : EventManager : Event: ======'request_to_start_game'====== Args={}
2025-05-29 08:45:25,208 : INFO : BallController : Known balls: 0
2025-05-29 08:45:25,208 : INFO : BallController : bd_trough contains 0 balls. Tags ['trough', 'home', 'drain']
2025-05-29 08:45:25,208 : INFO : BallController : bd_scoop_lower contains 0 balls. Tags []
2025-05-29 08:45:25,208 : INFO : BallController : playfield contains 0 balls. Tags ['default']
2025-05-29 08:45:25,209 : WARNING : BallController : BallController denies game start. Not enough balls. 0 found. 1 required
2025-05-29 08:45:25,209 : INFO : BallController : Triggering ball search.
2025-05-29 08:45:25,339 : INFO : SwitchController : <<<<<<< 's_startButton' active >>>>>>>
2025-05-29 08:45:25,461 : INFO : SwitchController : <<<<<<< 's_startButton' inactive >>>>>>>
2025-05-29 08:45:25,462 : INFO : EventManager : Event: ======'request_to_start_game'====== Args={}
2025-05-29 08:45:25,462 : INFO : BallController : Known balls: 0
2025-05-29 08:45:25,463 : INFO : BallController : bd_trough contains 0 balls. Tags ['trough', 'home', 'drain']
2025-05-29 08:45:25,463 : INFO : BallController : bd_scoop_lower contains 0 balls. Tags []
2025-05-29 08:45:25,463 : INFO : BallController : playfield contains 0 balls. Tags ['default']
2025-05-29 08:45:25,463 : WARNING : BallController : BallController denies game start. Not enough balls. 0 found. 1 required
2025-05-29 08:45:25,464 : INFO : BallController : Triggering ball search.
2025-05-29 08:45:25,595 : INFO : SwitchController : <<<<<<< 's_startButton' active >>>>>>>
2025-05-29 08:45:25,703 : INFO : SwitchController : <<<<<<< 's_startButton' inactive >>>>>>>
2025-05-29 08:45:25,704 : INFO : EventManager : Event: ======'request_to_start_game'====== Args={}
2025-05-29 08:45:25,704 : INFO : BallController : Known balls: 0
2025-05-29 08:45:25,705 : INFO : BallController : bd_trough contains 0 balls. Tags ['trough', 'home', 'drain']
2025-05-29 08:45:25,705 : INFO : BallController : bd_scoop_lower contains 0 balls. Tags []
2025-05-29 08:45:25,705 : INFO : BallController : playfield contains 0 balls. Tags ['default']
2025-05-29 08:45:25,706 : WARNING : BallController : BallController denies game start. Not enough balls. 0 found. 1 required
2025-05-29 08:45:25,706 : INFO : BallController : Triggering ball search.
2025-05-29 08:45:26,024 : INFO : SwitchController : <<<<<<< 's_startButton' active >>>>>>>
2025-05-29 08:45:26,130 : INFO : SwitchController : <<<<<<< 's_startButton' inactive >>>>>>>
2025-05-29 08:45:26,130 : INFO : EventManager : Event: ======'request_to_start_game'====== Args={}
2025-05-29 08:45:26,131 : INFO : BallController : Known balls: 0
2025-05-29 08:45:26,131 : INFO : BallController : bd_trough contains 0 balls. Tags ['trough', 'home', 'drain']
2025-05-29 08:45:26,131 : INFO : BallController : bd_scoop_lower contains 0 balls. Tags []
2025-05-29 08:45:26,131 : INFO : BallController : playfield contains 0 balls. Tags ['default']
2025-05-29 08:45:26,131 : WARNING : BallController : BallController denies game start. Not enough balls. 0 found. 1 required
2025-05-29 08:45:26,131 : INFO : BallController : Triggering ball search.
2025-05-29 08:45:26,290 : INFO : SwitchController : <<<<<<< 's_startButton' active >>>>>>>
2025-05-29 08:45:26,412 : INFO : SwitchController : <<<<<<< 's_startButton' inactive >>>>>>>
2025-05-29 08:45:26,412 : INFO : EventManager : Event: ======'request_to_start_game'====== Args={}
2025-05-29 08:45:26,413 : INFO : BallController : Known balls: 0
2025-05-29 08:45:26,413 : INFO : BallController : bd_trough contains 0 balls. Tags ['trough', 'home', 'drain']
2025-05-29 08:45:26,413 : INFO : BallController : bd_scoop_lower contains 0 balls. Tags []
2025-05-29 08:45:26,414 : INFO : BallController : playfield contains 0 balls. Tags ['default']
2025-05-29 08:45:26,414 : WARNING : BallController : BallController denies game start. Not enough balls. 0 found. 1 required
2025-05-29 08:45:26,414 : INFO : BallController : Triggering ball search.
2025-05-29 08:45:26,521 : INFO : SwitchController : <<<<<<< 's_startButton' active >>>>>>>
2025-05-29 08:45:26,630 : INFO : SwitchController : <<<<<<< 's_startButton' inactive >>>>>>>
2025-05-29 08:45:26,631 : INFO : EventManager : Event: ======'request_to_start_game'====== Args={}
2025-05-29 08:45:26,631 : INFO : BallController : Known balls: 0
2025-05-29 08:45:26,632 : INFO : BallController : bd_trough contains 0 balls. Tags ['trough', 'home', 'drain']
2025-05-29 08:45:26,632 : INFO : BallController : bd_scoop_lower contains 0 balls. Tags []
2025-05-29 08:45:26,632 : INFO : BallController : playfield contains 0 balls. Tags ['default']
2025-05-29 08:45:26,633 : WARNING : BallController : BallController denies game start. Not enough balls. 0 found. 1 required
2025-05-29 08:45:26,633 : INFO : BallController : Triggering ball search.
2025-05-29 08:45:27,056 : INFO : SwitchController : <<<<<<< 's_right_flipper' active >>>>>>>
2025-05-29 08:45:27,167 : INFO : SwitchController : <<<<<<< 's_right_flipper' inactive >>>>>>>
2025-05-29 08:45:27,389 : INFO : SwitchController : <<<<<<< 's_right_flipper' active >>>>>>>
2025-05-29 08:45:27,497 : INFO : SwitchController : <<<<<<< 's_right_flipper' inactive >>>>>>>
2025-05-29 08:45:27,524 : INFO : SwitchController : <<<<<<< 's_left_flipper' active >>>>>>>
2025-05-29 08:45:27,656 : INFO : SwitchController : <<<<<<< 's_right_flipper' active >>>>>>>
2025-05-29 08:45:27,657 : INFO : EventManager : Event: ======'flipper_cancel'====== Args={'triggering_group': 2, 'triggering_switch': 's_right_flipper'}
2025-05-29 08:45:27,694 : INFO : SwitchController : <<<<<<< 's_left_flipper' inactive >>>>>>>
2025-05-29 08:45:27,694 : INFO : EventManager : Event: ======'both_flippers_one'====== Args={'triggering_group': 1, 'triggering_switch': 's_left_flipper'}
2025-05-29 08:45:27,768 : INFO : SwitchController : <<<<<<< 's_right_flipper' inactive >>>>>>>
2025-05-29 08:45:27,769 : INFO : EventManager : Event: ======'both_flippers_inactive'====== Args={'triggering_group': 2, 'triggering_switch': 's_right_flipper'}
2025-05-29 08:45:27,790 : INFO : SwitchController : <<<<<<< 's_left_flipper' active >>>>>>>
2025-05-29 08:45:27,929 : INFO : SwitchController : <<<<<<< 's_left_flipper' inactive >>>>>>>
2025-05-29 08:45:27,929 : INFO : SwitchController : <<<<<<< 's_right_flipper' active >>>>>>>
2025-05-29 08:45:27,989 : INFO : SwitchController : <<<<<<< 's_right_flipper' inactive >>>>>>>
2025-05-29 08:45:28,015 : INFO : SwitchController : <<<<<<< 's_left_flipper' active >>>>>>>
2025-05-29 08:45:28,160 : INFO : SwitchController : <<<<<<< 's_left_flipper' inactive >>>>>>>
2025-05-29 08:45:28,180 : INFO : SwitchController : <<<<<<< 's_right_flipper' active >>>>>>>
2025-05-29 08:45:28,269 : INFO : SwitchController : <<<<<<< 's_right_flipper' inactive >>>>>>>
2025-05-29 08:45:28,288 : INFO : SwitchController : <<<<<<< 's_left_flipper' active >>>>>>>
2025-05-29 08:45:28,381 : INFO : SwitchController : <<<<<<< 's_right_flipper' active >>>>>>>
2025-05-29 08:45:28,381 : INFO : EventManager : Event: ======'flipper_cancel'====== Args={'triggering_group': 2, 'triggering_switch': 's_right_flipper'}
2025-05-29 08:45:28,418 : INFO : SwitchController : <<<<<<< 's_left_flipper' inactive >>>>>>>
2025-05-29 08:45:28,418 : INFO : EventManager : Event: ======'both_flippers_one'====== Args={'triggering_group': 1, 'triggering_switch': 's_left_flipper'}
2025-05-29 08:45:28,493 : INFO : SwitchController : <<<<<<< 's_right_flipper' inactive >>>>>>>
2025-05-29 08:45:28,493 : INFO : EventManager : Event: ======'both_flippers_inactive'====== Args={'triggering_group': 2, 'triggering_switch': 's_right_flipper'}
2025-05-29 08:45:28,494 : INFO : SwitchController : <<<<<<< 's_left_flipper' active >>>>>>>
2025-05-29 08:45:28,638 : INFO : SwitchController : <<<<<<< 's_left_flipper' inactive >>>>>>>
2025-05-29 08:45:28,761 : INFO : SwitchController : <<<<<<< 's_startButton' active >>>>>>>
2025-05-29 08:45:28,869 : INFO : SwitchController : <<<<<<< 's_startButton' inactive >>>>>>>
2025-05-29 08:45:28,869 : INFO : EventManager : Event: ======'request_to_start_game'====== Args={}
2025-05-29 08:45:28,869 : INFO : BallController : Known balls: 0
2025-05-29 08:45:28,869 : INFO : BallController : bd_trough contains 0 balls. Tags ['trough', 'home', 'drain']
2025-05-29 08:45:28,870 : INFO : BallController : bd_scoop_lower contains 0 balls. Tags []
2025-05-29 08:45:28,870 : INFO : BallController : playfield contains 0 balls. Tags ['default']
2025-05-29 08:45:28,870 : WARNING : BallController : BallController denies game start. Not enough balls. 0 found. 1 required
2025-05-29 08:45:28,870 : INFO : BallController : Triggering ball search.
2025-05-29 08:45:28,970 : INFO : SwitchController : <<<<<<< 's_startButton' active >>>>>>>
2025-05-29 08:45:29,073 : INFO : SwitchController : <<<<<<< 's_startButton' inactive >>>>>>>
2025-05-29 08:45:29,073 : INFO : EventManager : Event: ======'request_to_start_game'====== Args={}
2025-05-29 08:45:29,073 : INFO : BallController : Known balls: 0
2025-05-29 08:45:29,073 : INFO : BallController : bd_trough contains 0 balls. Tags ['trough', 'home', 'drain']
2025-05-29 08:45:29,073 : INFO : BallController : bd_scoop_lower contains 0 balls. Tags []
2025-05-29 08:45:29,073 : INFO : BallController : playfield contains 0 balls. Tags ['default']
2025-05-29 08:45:29,074 : WARNING : BallController : BallController denies game start. Not enough balls. 0 found. 1 required
2025-05-29 08:45:29,074 : INFO : BallController : Triggering ball search.
2025-05-29 08:45:29,162 : INFO : SwitchController : <<<<<<< 's_startButton' active >>>>>>>
2025-05-29 08:45:29,264 : INFO : SwitchController : <<<<<<< 's_startButton' inactive >>>>>>>
2025-05-29 08:45:29,264 : INFO : EventManager : Event: ======'request_to_start_game'====== Args={}
2025-05-29 08:45:29,264 : INFO : BallController : Known balls: 0
2025-05-29 08:45:29,264 : INFO : BallController : bd_trough contains 0 balls. Tags ['trough', 'home', 'drain']
2025-05-29 08:45:29,264 : INFO : BallController : bd_scoop_lower contains 0 balls. Tags []
2025-05-29 08:45:29,264 : INFO : BallController : playfield contains 0 balls. Tags ['default']
2025-05-29 08:45:29,265 : WARNING : BallController : BallController denies game start. Not enough balls. 0 found. 1 required
2025-05-29 08:45:29,265 : INFO : BallController : Triggering ball search.
2025-05-29 08:45:29,352 : INFO : SwitchController : <<<<<<< 's_startButton' active >>>>>>>
2025-05-29 08:45:29,463 : INFO : SwitchController : <<<<<<< 's_startButton' inactive >>>>>>>
2025-05-29 08:45:29,464 : INFO : EventManager : Event: ======'request_to_start_game'====== Args={}
2025-05-29 08:45:29,464 : INFO : BallController : Known balls: 0
2025-05-29 08:45:29,465 : INFO : BallController : bd_trough contains 0 balls. Tags ['trough', 'home', 'drain']
2025-05-29 08:45:29,465 : INFO : BallController : bd_scoop_lower contains 0 balls. Tags []
2025-05-29 08:45:29,465 : INFO : BallController : playfield contains 0 balls. Tags ['default']
2025-05-29 08:45:29,465 : WARNING : BallController : BallController denies game start. Not enough balls. 0 found. 1 required
2025-05-29 08:45:29,465 : INFO : BallController : Triggering ball search.
2025-05-29 08:45:29,563 : INFO : SwitchController : <<<<<<< 's_startButton' active >>>>>>>
2025-05-29 08:45:29,638 : INFO : SwitchController : <<<<<<< 's_right_flipper' active >>>>>>>
2025-05-29 08:45:29,686 : INFO : SwitchController : <<<<<<< 's_startButton' inactive >>>>>>>
2025-05-29 08:45:29,687 : INFO : EventManager : Event: ======'request_to_start_game'====== Args={}
2025-05-29 08:45:29,688 : INFO : BallController : Known balls: 0
2025-05-29 08:45:29,688 : INFO : BallController : bd_trough contains 0 balls. Tags ['trough', 'home', 'drain']
2025-05-29 08:45:29,688 : INFO : BallController : bd_scoop_lower contains 0 balls. Tags []
2025-05-29 08:45:29,689 : INFO : BallController : playfield contains 0 balls. Tags ['default']
2025-05-29 08:45:29,689 : WARNING : BallController : BallController denies game start. Not enough balls. 0 found. 1 required
2025-05-29 08:45:29,689 : INFO : BallController : Triggering ball search.
2025-05-29 08:45:29,747 : INFO : SwitchController : <<<<<<< 's_right_flipper' inactive >>>>>>>
2025-05-29 08:45:29,765 : INFO : SwitchController : <<<<<<< 's_left_flipper' active >>>>>>>
2025-05-29 08:45:29,909 : INFO : SwitchController : <<<<<<< 's_right_flipper' active >>>>>>>
2025-05-29 08:45:29,909 : INFO : EventManager : Event: ======'flipper_cancel'====== Args={'triggering_group': 2, 'triggering_switch': 's_right_flipper'}
2025-05-29 08:45:29,954 : INFO : SwitchController : <<<<<<< 's_left_flipper' inactive >>>>>>>
2025-05-29 08:45:29,954 : INFO : EventManager : Event: ======'both_flippers_one'====== Args={'triggering_group': 1, 'triggering_switch': 's_left_flipper'}
2025-05-29 08:45:30,065 : INFO : SwitchController : <<<<<<< 's_right_flipper' inactive >>>>>>>
2025-05-29 08:45:30,065 : INFO : EventManager : Event: ======'both_flippers_inactive'====== Args={'triggering_group': 2, 'triggering_switch': 's_right_flipper'}
2025-05-29 08:45:30,066 : INFO : SwitchController : <<<<<<< 's_left_flipper' active >>>>>>>
2025-05-29 08:45:30,165 : INFO : SwitchController : <<<<<<< 's_right_flipper' active >>>>>>>
2025-05-29 08:45:30,166 : INFO : EventManager : Event: ======'flipper_cancel'====== Args={'triggering_group': 2, 'triggering_switch': 's_right_flipper'}
2025-05-29 08:45:30,201 : INFO : SwitchController : <<<<<<< 's_left_flipper' inactive >>>>>>>
2025-05-29 08:45:30,201 : INFO : EventManager : Event: ======'both_flippers_one'====== Args={'triggering_group': 1, 'triggering_switch': 's_left_flipper'}
2025-05-29 08:45:30,273 : INFO : SwitchController : <<<<<<< 's_right_flipper' inactive >>>>>>>
2025-05-29 08:45:30,273 : INFO : EventManager : Event: ======'both_flippers_inactive'====== Args={'triggering_group': 2, 'triggering_switch': 's_right_flipper'}
2025-05-29 08:45:30,292 : INFO : SwitchController : <<<<<<< 's_left_flipper' active >>>>>>>
2025-05-29 08:45:30,384 : INFO : SwitchController : <<<<<<< 's_right_flipper' active >>>>>>>
2025-05-29 08:45:30,384 : INFO : EventManager : Event: ======'flipper_cancel'====== Args={'triggering_group': 2, 'triggering_switch': 's_right_flipper'}
2025-05-29 08:45:30,420 : INFO : SwitchController : <<<<<<< 's_left_flipper' inactive >>>>>>>
2025-05-29 08:45:30,421 : INFO : EventManager : Event: ======'both_flippers_one'====== Args={'triggering_group': 1, 'triggering_switch': 's_left_flipper'}
2025-05-29 08:45:30,495 : INFO : SwitchController : <<<<<<< 's_right_flipper' inactive >>>>>>>
2025-05-29 08:45:30,495 : INFO : EventManager : Event: ======'both_flippers_inactive'====== Args={'triggering_group': 2, 'triggering_switch': 's_right_flipper'}
2025-05-29 08:45:30,514 : INFO : SwitchController : <<<<<<< 's_left_flipper' active >>>>>>>
2025-05-29 08:45:30,618 : INFO : SwitchController : <<<<<<< 's_right_flipper' active >>>>>>>
2025-05-29 08:45:30,619 : INFO : EventManager : Event: ======'flipper_cancel'====== Args={'triggering_group': 2, 'triggering_switch': 's_right_flipper'}
2025-05-29 08:45:30,657 : INFO : SwitchController : <<<<<<< 's_left_flipper' inactive >>>>>>>
2025-05-29 08:45:30,657 : INFO : EventManager : Event: ======'both_flippers_one'====== Args={'triggering_group': 1, 'triggering_switch': 's_left_flipper'}
2025-05-29 08:45:30,718 : INFO : SwitchController : <<<<<<< 's_right_flipper' inactive >>>>>>>
2025-05-29 08:45:30,719 : INFO : EventManager : Event: ======'both_flippers_inactive'====== Args={'triggering_group': 2, 'triggering_switch': 's_right_flipper'}
2025-05-29 08:45:30,791 : INFO : SwitchController : <<<<<<< 's_startButton' active >>>>>>>
2025-05-29 08:45:30,942 : INFO : SwitchController : <<<<<<< 's_startButton' inactive >>>>>>>
2025-05-29 08:45:30,943 : INFO : EventManager : Event: ======'request_to_start_game'====== Args={}
2025-05-29 08:45:30,954 : INFO : BallController : Known balls: 0
2025-05-29 08:45:30,955 : INFO : BallController : bd_trough contains 0 balls. Tags ['trough', 'home', 'drain']
2025-05-29 08:45:30,955 : INFO : BallController : bd_scoop_lower contains 0 balls. Tags []
2025-05-29 08:45:30,955 : INFO : BallController : playfield contains 0 balls. Tags ['default']
2025-05-29 08:45:30,955 : WARNING : BallController : BallController denies game start. Not enough balls. 0 found. 1 required
2025-05-29 08:45:30,955 : INFO : BallController : Triggering ball search.
2025-05-29 08:45:31,000 : INFO : SwitchController : <<<<<<< 's_startButton' active >>>>>>>
2025-05-29 08:45:31,108 : INFO : SwitchController : <<<<<<< 's_startButton' inactive >>>>>>>
2025-05-29 08:45:31,108 : INFO : EventManager : Event: ======'request_to_start_game'====== Args={}
2025-05-29 08:45:31,109 : INFO : BallController : Known balls: 0
2025-05-29 08:45:31,109 : INFO : BallController : bd_trough contains 0 balls. Tags ['trough', 'home', 'drain']
2025-05-29 08:45:31,109 : INFO : BallController : bd_scoop_lower contains 0 balls. Tags []
2025-05-29 08:45:31,109 : INFO : BallController : playfield contains 0 balls. Tags ['default']
2025-05-29 08:45:31,109 : WARNING : BallController : BallController denies game start. Not enough balls. 0 found. 1 required
2025-05-29 08:45:31,109 : INFO : BallController : Triggering ball search.
2025-05-29 08:45:31,184 : INFO : SwitchController : <<<<<<< 's_startButton' active >>>>>>>
2025-05-29 08:45:31,290 : INFO : SwitchController : <<<<<<< 's_startButton' inactive >>>>>>>
2025-05-29 08:45:31,291 : INFO : EventManager : Event: ======'request_to_start_game'====== Args={}
2025-05-29 08:45:31,291 : INFO : BallController : Known balls: 0
2025-05-29 08:45:31,292 : INFO : BallController : bd_trough contains 0 balls. Tags ['trough', 'home', 'drain']
2025-05-29 08:45:31,292 : INFO : BallController : bd_scoop_lower contains 0 balls. Tags []
2025-05-29 08:45:31,292 : INFO : BallController : playfield contains 0 balls. Tags ['default']
2025-05-29 08:45:31,293 : WARNING : BallController : BallController denies game start. Not enough balls. 0 found. 1 required
2025-05-29 08:45:31,293 : INFO : BallController : Triggering ball search.
2025-05-29 08:45:31,363 : INFO : SwitchController : <<<<<<< 's_startButton' active >>>>>>>
2025-05-29 08:45:31,471 : INFO : SwitchController : <<<<<<< 's_startButton' inactive >>>>>>>
2025-05-29 08:45:31,471 : INFO : EventManager : Event: ======'request_to_start_game'====== Args={}
2025-05-29 08:45:31,472 : INFO : BallController : Known balls: 0
2025-05-29 08:45:31,472 : INFO : BallController : bd_trough contains 0 balls. Tags ['trough', 'home', 'drain']
2025-05-29 08:45:31,473 : INFO : BallController : bd_scoop_lower contains 0 balls. Tags []
2025-05-29 08:45:31,473 : INFO : BallController : playfield contains 0 balls. Tags ['default']
2025-05-29 08:45:31,473 : WARNING : BallController : BallController denies game start. Not enough balls. 0 found. 1 required
2025-05-29 08:45:31,473 : INFO : BallController : Triggering ball search.
2025-05-29 08:45:31,567 : INFO : SwitchController : <<<<<<< 's_startButton' active >>>>>>>
2025-05-29 08:45:31,654 : INFO : SwitchController : <<<<<<< 's_startButton' inactive >>>>>>>
2025-05-29 08:45:31,654 : INFO : EventManager : Event: ======'request_to_start_game'====== Args={}
2025-05-29 08:45:31,655 : INFO : BallController : Known balls: 0
2025-05-29 08:45:31,655 : INFO : BallController : bd_trough contains 0 balls. Tags ['trough', 'home', 'drain']
2025-05-29 08:45:31,656 : INFO : BallController : bd_scoop_lower contains 0 balls. Tags []
2025-05-29 08:45:31,656 : INFO : BallController : playfield contains 0 balls. Tags ['default']
2025-05-29 08:45:31,656 : WARNING : BallController : BallController denies game start. Not enough balls. 0 found. 1 required
2025-05-29 08:45:31,657 : INFO : BallController : Triggering ball search.
2025-05-29 08:45:31,674 : INFO : SwitchController : <<<<<<< 's_right_flipper' active >>>>>>>
2025-05-29 08:45:31,760 : INFO : SwitchController : <<<<<<< 's_right_flipper' inactive >>>>>>>
2025-05-29 08:45:31,782 : INFO : SwitchController : <<<<<<< 's_left_flipper' active >>>>>>>
2025-05-29 08:45:31,909 : INFO : SwitchController : <<<<<<< 's_left_flipper' inactive >>>>>>>
2025-05-29 08:45:31,909 : INFO : SwitchController : <<<<<<< 's_right_flipper' active >>>>>>>
2025-05-29 08:45:32,059 : INFO : SwitchController : <<<<<<< 's_right_flipper' inactive >>>>>>>
2025-05-29 08:45:32,059 : INFO : SwitchController : <<<<<<< 's_left_flipper' active >>>>>>>
2025-05-29 08:45:32,170 : INFO : SwitchController : <<<<<<< 's_right_flipper' active >>>>>>>
2025-05-29 08:45:32,170 : INFO : EventManager : Event: ======'flipper_cancel'====== Args={'triggering_group': 2, 'triggering_switch': 's_right_flipper'}
2025-05-29 08:45:32,208 : INFO : SwitchController : <<<<<<< 's_left_flipper' inactive >>>>>>>
2025-05-29 08:45:32,208 : INFO : EventManager : Event: ======'both_flippers_one'====== Args={'triggering_group': 1, 'triggering_switch': 's_left_flipper'}
2025-05-29 08:45:32,282 : INFO : SwitchController : <<<<<<< 's_right_flipper' inactive >>>>>>>
2025-05-29 08:45:32,282 : INFO : EventManager : Event: ======'both_flippers_inactive'====== Args={'triggering_group': 2, 'triggering_switch': 's_right_flipper'}
2025-05-29 08:45:32,299 : INFO : SwitchController : <<<<<<< 's_left_flipper' active >>>>>>>
2025-05-29 08:45:32,381 : INFO : SwitchController : <<<<<<< 's_right_flipper' active >>>>>>>
2025-05-29 08:45:32,382 : INFO : EventManager : Event: ======'flipper_cancel'====== Args={'triggering_group': 2, 'triggering_switch': 's_right_flipper'}
2025-05-29 08:45:32,418 : INFO : SwitchController : <<<<<<< 's_left_flipper' inactive >>>>>>>
2025-05-29 08:45:32,418 : INFO : EventManager : Event: ======'both_flippers_one'====== Args={'triggering_group': 1, 'triggering_switch': 's_left_flipper'}
2025-05-29 08:45:32,492 : INFO : SwitchController : <<<<<<< 's_right_flipper' inactive >>>>>>>
2025-05-29 08:45:32,492 : INFO : EventManager : Event: ======'both_flippers_inactive'====== Args={'triggering_group': 2, 'triggering_switch': 's_right_flipper'}
2025-05-29 08:45:45,679 : INFO : SwitchController : <<<<<<< 's_left_flipper' active >>>>>>>
2025-05-29 08:45:45,825 : INFO : SwitchController : <<<<<<< 's_left_flipper' inactive >>>>>>>
2025-05-29 08:45:45,887 : INFO : SwitchController : <<<<<<< 's_right_flipper' active >>>>>>>
2025-05-29 08:45:46,035 : INFO : SwitchController : <<<<<<< 's_right_flipper' inactive >>>>>>>
2025-05-29 08:45:46,053 : INFO : SwitchController : <<<<<<< 's_left_flipper' active >>>>>>>
2025-05-29 08:45:46,144 : INFO : SwitchController : <<<<<<< 's_right_flipper' active >>>>>>>
2025-05-29 08:45:46,144 : INFO : EventManager : Event: ======'flipper_cancel'====== Args={'triggering_group': 2, 'triggering_switch': 's_right_flipper'}
2025-05-29 08:45:46,181 : INFO : SwitchController : <<<<<<< 's_left_flipper' inactive >>>>>>>
2025-05-29 08:45:46,181 : INFO : EventManager : Event: ======'both_flippers_one'====== Args={'triggering_group': 1, 'triggering_switch': 's_left_flipper'}
2025-05-29 08:45:46,254 : INFO : SwitchController : <<<<<<< 's_right_flipper' inactive >>>>>>>
2025-05-29 08:45:46,254 : INFO : EventManager : Event: ======'both_flippers_inactive'====== Args={'triggering_group': 2, 'triggering_switch': 's_right_flipper'}
2025-05-29 08:45:46,274 : INFO : SwitchController : <<<<<<< 's_left_flipper' active >>>>>>>
2025-05-29 08:45:46,364 : INFO : SwitchController : <<<<<<< 's_right_flipper' active >>>>>>>
2025-05-29 08:45:46,365 : INFO : EventManager : Event: ======'flipper_cancel'====== Args={'triggering_group': 2, 'triggering_switch': 's_right_flipper'}
2025-05-29 08:45:46,414 : INFO : SwitchController : <<<<<<< 's_left_flipper' inactive >>>>>>>
2025-05-29 08:45:46,414 : INFO : EventManager : Event: ======'both_flippers_one'====== Args={'triggering_group': 1, 'triggering_switch': 's_left_flipper'}
2025-05-29 08:45:46,476 : INFO : SwitchController : <<<<<<< 's_right_flipper' inactive >>>>>>>
2025-05-29 08:45:46,476 : INFO : EventManager : Event: ======'both_flippers_inactive'====== Args={'triggering_group': 2, 'triggering_switch': 's_right_flipper'}
2025-05-29 08:45:46,497 : INFO : SwitchController : <<<<<<< 's_left_flipper' active >>>>>>>
2025-05-29 08:45:46,596 : INFO : SwitchController : <<<<<<< 's_right_flipper' active >>>>>>>
2025-05-29 08:45:46,597 : INFO : EventManager : Event: ======'flipper_cancel'====== Args={'triggering_group': 2, 'triggering_switch': 's_right_flipper'}
2025-05-29 08:45:46,648 : INFO : SwitchController : <<<<<<< 's_left_flipper' inactive >>>>>>>
2025-05-29 08:45:46,649 : INFO : EventManager : Event: ======'both_flippers_one'====== Args={'triggering_group': 1, 'triggering_switch': 's_left_flipper'}
2025-05-29 08:45:46,744 : INFO : SwitchController : <<<<<<< 's_right_flipper' inactive >>>>>>>
2025-05-29 08:45:46,745 : INFO : EventManager : Event: ======'both_flippers_inactive'====== Args={'triggering_group': 2, 'triggering_switch': 's_right_flipper'}
2025-05-29 08:45:46,916 : INFO : SwitchController : <<<<<<< 's_startButton' active >>>>>>>
2025-05-29 08:45:47,036 : INFO : SwitchController : <<<<<<< 's_startButton' inactive >>>>>>>
2025-05-29 08:45:47,037 : INFO : EventManager : Event: ======'request_to_start_game'====== Args={}
2025-05-29 08:45:47,037 : INFO : BallController : Known balls: 0
2025-05-29 08:45:47,038 : INFO : BallController : bd_trough contains 0 balls. Tags ['trough', 'home', 'drain']
2025-05-29 08:45:47,038 : INFO : BallController : bd_scoop_lower contains 0 balls. Tags []
2025-05-29 08:45:47,038 : INFO : BallController : playfield contains 0 balls. Tags ['default']
2025-05-29 08:45:47,039 : WARNING : BallController : BallController denies game start. Not enough balls. 0 found. 1 required
2025-05-29 08:45:47,039 : INFO : BallController : Triggering ball search.
2025-05-29 08:45:47,134 : INFO : SwitchController : <<<<<<< 's_startButton' active >>>>>>>
2025-05-29 08:45:47,247 : INFO : SwitchController : <<<<<<< 's_startButton' inactive >>>>>>>
2025-05-29 08:45:47,248 : INFO : EventManager : Event: ======'request_to_start_game'====== Args={}
2025-05-29 08:45:47,248 : INFO : BallController : Known balls: 0
2025-05-29 08:45:47,248 : INFO : BallController : bd_trough contains 0 balls. Tags ['trough', 'home', 'drain']
2025-05-29 08:45:47,248 : INFO : BallController : bd_scoop_lower contains 0 balls. Tags []
2025-05-29 08:45:47,249 : INFO : BallController : playfield contains 0 balls. Tags ['default']
2025-05-29 08:45:47,249 : WARNING : BallController : BallController denies game start. Not enough balls. 0 found. 1 required
2025-05-29 08:45:47,249 : INFO : BallController : Triggering ball search.
2025-05-29 08:45:47,321 : INFO : SwitchController : <<<<<<< 's_startButton' active >>>>>>>
2025-05-29 08:45:47,430 : INFO : SwitchController : <<<<<<< 's_startButton' inactive >>>>>>>
2025-05-29 08:45:47,431 : INFO : EventManager : Event: ======'request_to_start_game'====== Args={}
2025-05-29 08:45:47,431 : INFO : BallController : Known balls: 0
2025-05-29 08:45:47,432 : INFO : BallController : bd_trough contains 0 balls. Tags ['trough', 'home', 'drain']
2025-05-29 08:45:47,432 : INFO : BallController : bd_scoop_lower contains 0 balls. Tags []
2025-05-29 08:45:47,432 : INFO : BallController : playfield contains 0 balls. Tags ['default']
2025-05-29 08:45:47,432 : WARNING : BallController : BallController denies game start. Not enough balls. 0 found. 1 required
2025-05-29 08:45:47,433 : INFO : BallController : Triggering ball search.
2025-05-29 08:45:47,528 : INFO : SwitchController : <<<<<<< 's_startButton' active >>>>>>>
2025-05-29 08:45:47,598 : INFO : SwitchController : <<<<<<< 's_startButton' inactive >>>>>>>
2025-05-29 08:45:47,598 : INFO : EventManager : Event: ======'request_to_start_game'====== Args={}
2025-05-29 08:45:47,599 : INFO : BallController : Known balls: 0
2025-05-29 08:45:47,599 : INFO : BallController : bd_trough contains 0 balls. Tags ['trough', 'home', 'drain']
2025-05-29 08:45:47,599 : INFO : BallController : bd_scoop_lower contains 0 balls. Tags []
2025-05-29 08:45:47,599 : INFO : BallController : playfield contains 0 balls. Tags ['default']
2025-05-29 08:45:47,600 : WARNING : BallController : BallController denies game start. Not enough balls. 0 found. 1 required
2025-05-29 08:45:47,600 : INFO : BallController : Triggering ball search.
2025-05-29 08:45:47,707 : INFO : SwitchController : <<<<<<< 's_startButton' active >>>>>>>
2025-05-29 08:45:47,817 : INFO : SwitchController : <<<<<<< 's_startButton' inactive >>>>>>>
2025-05-29 08:45:47,818 : INFO : EventManager : Event: ======'request_to_start_game'====== Args={}
2025-05-29 08:45:47,818 : INFO : BallController : Known balls: 0
2025-05-29 08:45:47,818 : INFO : BallController : bd_trough contains 0 balls. Tags ['trough', 'home', 'drain']
2025-05-29 08:45:47,819 : INFO : BallController : bd_scoop_lower contains 0 balls. Tags []
2025-05-29 08:45:47,819 : INFO : BallController : playfield contains 0 balls. Tags ['default']
2025-05-29 08:45:47,819 : WARNING : BallController : BallController denies game start. Not enough balls. 0 found. 1 required
2025-05-29 08:45:47,819 : INFO : BallController : Triggering ball search.
2025-05-29 08:45:52,959 : INFO : SwitchController : <<<<<<< 's_right_flipper' active >>>>>>>
2025-05-29 08:45:53,135 : INFO : SwitchController : <<<<<<< 's_right_flipper' inactive >>>>>>>
2025-05-29 08:45:53,221 : INFO : SwitchController : <<<<<<< 's_left_flipper' active >>>>>>>
2025-05-29 08:45:53,403 : INFO : SwitchController : <<<<<<< 's_left_flipper' inactive >>>>>>>
2025-05-29 08:45:53,441 : INFO : SwitchController : <<<<<<< 's_right_flipper' active >>>>>>>
2025-05-29 08:45:53,575 : INFO : SwitchController : <<<<<<< 's_right_flipper' inactive >>>>>>>
2025-05-29 08:45:53,603 : INFO : SwitchController : <<<<<<< 's_left_flipper' active >>>>>>>
2025-05-29 08:45:53,719 : INFO : SwitchController : <<<<<<< 's_left_flipper' inactive >>>>>>>
2025-05-29 08:45:53,739 : INFO : SwitchController : <<<<<<< 's_right_flipper' active >>>>>>>
2025-05-29 08:45:53,830 : INFO : SwitchController : <<<<<<< 's_right_flipper' inactive >>>>>>>
2025-05-29 08:45:53,830 : INFO : SwitchController : <<<<<<< 's_left_flipper' active >>>>>>>
2025-05-29 08:45:53,945 : INFO : SwitchController : <<<<<<< 's_right_flipper' active >>>>>>>
2025-05-29 08:45:53,946 : INFO : EventManager : Event: ======'flipper_cancel'====== Args={'triggering_group': 2, 'triggering_switch': 's_right_flipper'}
2025-05-29 08:45:53,974 : INFO : SwitchController : <<<<<<< 's_left_flipper' inactive >>>>>>>
2025-05-29 08:45:53,975 : INFO : EventManager : Event: ======'both_flippers_one'====== Args={'triggering_group': 1, 'triggering_switch': 's_left_flipper'}
2025-05-29 08:45:54,085 : INFO : SwitchController : <<<<<<< 's_right_flipper' inactive >>>>>>>
2025-05-29 08:45:54,086 : INFO : EventManager : Event: ======'both_flippers_inactive'====== Args={'triggering_group': 2, 'triggering_switch': 's_right_flipper'}
2025-05-29 08:45:54,087 : INFO : SwitchController : <<<<<<< 's_left_flipper' active >>>>>>>
2025-05-29 08:45:54,218 : INFO : SwitchController : <<<<<<< 's_left_flipper' inactive >>>>>>>
2025-05-29 08:45:54,245 : INFO : SwitchController : <<<<<<< 's_right_flipper' active >>>>>>>
2025-05-29 08:45:54,363 : INFO : SwitchController : <<<<<<< 's_right_flipper' inactive >>>>>>>
2025-05-29 08:45:54,425 : INFO : SwitchController : <<<<<<< 's_left_flipper' active >>>>>>>
2025-05-29 08:45:54,593 : INFO : SwitchController : <<<<<<< 's_left_flipper' inactive >>>>>>>
2025-05-29 08:45:54,622 : INFO : SwitchController : <<<<<<< 's_right_flipper' active >>>>>>>
2025-05-29 08:45:54,792 : INFO : SwitchController : <<<<<<< 's_right_flipper' inactive >>>>>>>
2025-05-29 08:45:54,792 : INFO : SwitchController : <<<<<<< 's_left_flipper' active >>>>>>>
2025-05-29 08:45:54,939 : INFO : SwitchController : <<<<<<< 's_left_flipper' inactive >>>>>>>
2025-05-29 08:45:54,960 : INFO : SwitchController : <<<<<<< 's_right_flipper' active >>>>>>>
2025-05-29 08:45:55,080 : INFO : SwitchController : <<<<<<< 's_right_flipper' inactive >>>>>>>
2025-05-29 08:45:55,098 : INFO : SwitchController : <<<<<<< 's_left_flipper' active >>>>>>>
2025-05-29 08:45:55,227 : INFO : SwitchController : <<<<<<< 's_left_flipper' inactive >>>>>>>
2025-05-29 08:45:55,235 : INFO : SwitchController : <<<<<<< 's_right_flipper' active >>>>>>>
2025-05-29 08:45:55,375 : INFO : SwitchController : <<<<<<< 's_right_flipper' inactive >>>>>>>
2025-05-29 08:45:55,392 : INFO : SwitchController : <<<<<<< 's_left_flipper' active >>>>>>>
2025-05-29 08:45:55,508 : INFO : SwitchController : <<<<<<< 's_left_flipper' inactive >>>>>>>
2025-05-29 08:45:55,529 : INFO : SwitchController : <<<<<<< 's_right_flipper' active >>>>>>>
2025-05-29 08:45:55,655 : INFO : SwitchController : <<<<<<< 's_right_flipper' inactive >>>>>>>
2025-05-29 08:45:55,677 : INFO : SwitchController : <<<<<<< 's_left_flipper' active >>>>>>>
2025-05-29 08:45:55,840 : INFO : SwitchController : <<<<<<< 's_left_flipper' inactive >>>>>>>
2025-05-29 08:45:59,527 : INFO : SwitchController : <<<<<<< 's_left_flipper' active >>>>>>>
2025-05-29 08:45:59,697 : INFO : SwitchController : <<<<<<< 's_left_flipper' inactive >>>>>>>
2025-05-29 08:45:59,747 : INFO : SwitchController : <<<<<<< 's_right_flipper' active >>>>>>>
2025-05-29 08:45:59,895 : INFO : SwitchController : <<<<<<< 's_left_flipper' active >>>>>>>
2025-05-29 08:45:59,895 : INFO : EventManager : Event: ======'flipper_cancel'====== Args={'triggering_group': 1, 'triggering_switch': 's_left_flipper'}
2025-05-29 08:45:59,935 : INFO : SwitchController : <<<<<<< 's_right_flipper' inactive >>>>>>>
2025-05-29 08:45:59,935 : INFO : EventManager : Event: ======'both_flippers_one'====== Args={'triggering_group': 2, 'triggering_switch': 's_right_flipper'}
2025-05-29 08:46:00,042 : INFO : SwitchController : <<<<<<< 's_left_flipper' inactive >>>>>>>
2025-05-29 08:46:00,042 : INFO : EventManager : Event: ======'both_flippers_inactive'====== Args={'triggering_group': 1, 'triggering_switch': 's_left_flipper'}
2025-05-29 08:46:00,061 : INFO : SwitchController : <<<<<<< 's_right_flipper' active >>>>>>>
2025-05-29 08:46:00,194 : INFO : SwitchController : <<<<<<< 's_right_flipper' inactive >>>>>>>
2025-05-29 08:46:00,195 : INFO : SwitchController : <<<<<<< 's_left_flipper' active >>>>>>>
2025-05-29 08:46:00,328 : INFO : SwitchController : <<<<<<< 's_left_flipper' inactive >>>>>>>
2025-05-29 08:46:00,365 : INFO : SwitchController : <<<<<<< 's_right_flipper' active >>>>>>>
2025-05-29 08:46:00,499 : INFO : SwitchController : <<<<<<< 's_right_flipper' inactive >>>>>>>
2025-05-29 08:46:00,708 : INFO : SwitchController : <<<<<<< 's_startButton' active >>>>>>>
2025-05-29 08:46:00,889 : INFO : SwitchController : <<<<<<< 's_startButton' inactive >>>>>>>
2025-05-29 08:46:00,890 : INFO : EventManager : Event: ======'request_to_start_game'====== Args={}
2025-05-29 08:46:00,890 : INFO : BallController : Known balls: 0
2025-05-29 08:46:00,891 : INFO : BallController : bd_trough contains 0 balls. Tags ['trough', 'home', 'drain']
2025-05-29 08:46:00,891 : INFO : BallController : bd_scoop_lower contains 0 balls. Tags []
2025-05-29 08:46:00,891 : INFO : BallController : playfield contains 0 balls. Tags ['default']
2025-05-29 08:46:00,891 : WARNING : BallController : BallController denies game start. Not enough balls. 0 found. 1 required
2025-05-29 08:46:00,892 : INFO : BallController : Triggering ball search.
2025-05-29 08:46:00,985 : INFO : SwitchController : <<<<<<< 's_startButton' active >>>>>>>
2025-05-29 08:46:01,130 : INFO : SwitchController : <<<<<<< 's_startButton' inactive >>>>>>>
2025-05-29 08:46:01,130 : INFO : EventManager : Event: ======'request_to_start_game'====== Args={}
2025-05-29 08:46:01,131 : INFO : BallController : Known balls: 0
2025-05-29 08:46:01,131 : INFO : BallController : bd_trough contains 0 balls. Tags ['trough', 'home', 'drain']
2025-05-29 08:46:01,131 : INFO : BallController : bd_scoop_lower contains 0 balls. Tags []
2025-05-29 08:46:01,131 : INFO : BallController : playfield contains 0 balls. Tags ['default']
2025-05-29 08:46:01,132 : WARNING : BallController : BallController denies game start. Not enough balls. 0 found. 1 required
2025-05-29 08:46:01,132 : INFO : BallController : Triggering ball search.
2025-05-29 08:46:01,252 : INFO : SwitchController : <<<<<<< 's_startButton' active >>>>>>>
2025-05-29 08:46:01,360 : INFO : SwitchController : <<<<<<< 's_startButton' inactive >>>>>>>
2025-05-29 08:46:01,361 : INFO : EventManager : Event: ======'request_to_start_game'====== Args={}
2025-05-29 08:46:01,361 : INFO : BallController : Known balls: 0
2025-05-29 08:46:01,361 : INFO : BallController : bd_trough contains 0 balls. Tags ['trough', 'home', 'drain']
2025-05-29 08:46:01,362 : INFO : BallController : bd_scoop_lower contains 0 balls. Tags []
2025-05-29 08:46:01,362 : INFO : BallController : playfield contains 0 balls. Tags ['default']
2025-05-29 08:46:01,362 : WARNING : BallController : BallController denies game start. Not enough balls. 0 found. 1 required
2025-05-29 08:46:01,363 : INFO : BallController : Triggering ball search.
2025-05-29 08:46:01,433 : INFO : SwitchController : <<<<<<< 's_startButton' active >>>>>>>
2025-05-29 08:46:01,577 : INFO : SwitchController : <<<<<<< 's_startButton' inactive >>>>>>>
2025-05-29 08:46:01,578 : INFO : EventManager : Event: ======'request_to_start_game'====== Args={}
2025-05-29 08:46:01,578 : INFO : BallController : Known balls: 0
2025-05-29 08:46:01,579 : INFO : BallController : bd_trough contains 0 balls. Tags ['trough', 'home', 'drain']
2025-05-29 08:46:01,579 : INFO : BallController : bd_scoop_lower contains 0 balls. Tags []
2025-05-29 08:46:01,579 : INFO : BallController : playfield contains 0 balls. Tags ['default']
2025-05-29 08:46:01,579 : WARNING : BallController : BallController denies game start. Not enough balls. 0 found. 1 required
2025-05-29 08:46:01,580 : INFO : BallController : Triggering ball search.
2025-05-29 08:46:01,662 : INFO : SwitchController : <<<<<<< 's_startButton' active >>>>>>>
2025-05-29 08:46:01,783 : INFO : SwitchController : <<<<<<< 's_startButton' inactive >>>>>>>
2025-05-29 08:46:01,783 : INFO : EventManager : Event: ======'request_to_start_game'====== Args={}
2025-05-29 08:46:01,784 : INFO : BallController : Known balls: 0
2025-05-29 08:46:01,784 : INFO : BallController : bd_trough contains 0 balls. Tags ['trough', 'home', 'drain']
2025-05-29 08:46:01,785 : INFO : BallController : bd_scoop_lower contains 0 balls. Tags []
2025-05-29 08:46:01,785 : INFO : BallController : playfield contains 0 balls. Tags ['default']
2025-05-29 08:46:01,785 : WARNING : BallController : BallController denies game start. Not enough balls. 0 found. 1 required
2025-05-29 08:46:01,785 : INFO : BallController : Triggering ball search.
2025-05-29 08:47:04,912 : INFO : SwitchController : <<<<<<< 's_startButton' active >>>>>>>
2025-05-29 08:47:05,058 : INFO : SwitchController : <<<<<<< 's_startButton' inactive >>>>>>>
2025-05-29 08:47:05,059 : INFO : EventManager : Event: ======'request_to_start_game'====== Args={}
2025-05-29 08:47:05,059 : INFO : BallController : Known balls: 0
2025-05-29 08:47:05,059 : INFO : BallController : bd_trough contains 0 balls. Tags ['trough', 'home', 'drain']
2025-05-29 08:47:05,059 : INFO : BallController : bd_scoop_lower contains 0 balls. Tags []
2025-05-29 08:47:05,059 : INFO : BallController : playfield contains 0 balls. Tags ['default']
2025-05-29 08:47:05,060 : WARNING : BallController : BallController denies game start. Not enough balls. 0 found. 1 required
2025-05-29 08:47:05,060 : INFO : BallController : Triggering ball search.
2025-05-29 08:47:05,193 : INFO : SwitchController : <<<<<<< 's_startButton' active >>>>>>>
2025-05-29 08:47:05,302 : INFO : SwitchController : <<<<<<< 's_startButton' inactive >>>>>>>
2025-05-29 08:47:05,302 : INFO : EventManager : Event: ======'request_to_start_game'====== Args={}
2025-05-29 08:47:05,303 : INFO : BallController : Known balls: 0
2025-05-29 08:47:05,303 : INFO : BallController : bd_trough contains 0 balls. Tags ['trough', 'home', 'drain']
2025-05-29 08:47:05,304 : INFO : BallController : bd_scoop_lower contains 0 balls. Tags []
2025-05-29 08:47:05,304 : INFO : BallController : playfield contains 0 balls. Tags ['default']
2025-05-29 08:47:05,304 : WARNING : BallController : BallController denies game start. Not enough balls. 0 found. 1 required
2025-05-29 08:47:05,305 : INFO : BallController : Triggering ball search.
2025-05-29 08:47:05,411 : INFO : SwitchController : <<<<<<< 's_startButton' active >>>>>>>
2025-05-29 08:47:05,520 : INFO : SwitchController : <<<<<<< 's_startButton' inactive >>>>>>>
2025-05-29 08:47:05,521 : INFO : EventManager : Event: ======'request_to_start_game'====== Args={}
2025-05-29 08:47:05,521 : INFO : BallController : Known balls: 0
2025-05-29 08:47:05,521 : INFO : BallController : bd_trough contains 0 balls. Tags ['trough', 'home', 'drain']
2025-05-29 08:47:05,522 : INFO : BallController : bd_scoop_lower contains 0 balls. Tags []
2025-05-29 08:47:05,522 : INFO : BallController : playfield contains 0 balls. Tags ['default']
2025-05-29 08:47:05,522 : WARNING : BallController : BallController denies game start. Not enough balls. 0 found. 1 required
2025-05-29 08:47:05,522 : INFO : BallController : Triggering ball search.
2025-05-29 08:47:05,629 : INFO : SwitchController : <<<<<<< 's_startButton' active >>>>>>>
2025-05-29 08:47:05,737 : INFO : SwitchController : <<<<<<< 's_startButton' inactive >>>>>>>
2025-05-29 08:47:05,738 : INFO : EventManager : Event: ======'request_to_start_game'====== Args={}
2025-05-29 08:47:05,738 : INFO : BallController : Known balls: 0
2025-05-29 08:47:05,739 : INFO : BallController : bd_trough contains 0 balls. Tags ['trough', 'home', 'drain']
2025-05-29 08:47:05,739 : INFO : BallController : bd_scoop_lower contains 0 balls. Tags []
2025-05-29 08:47:05,739 : INFO : BallController : playfield contains 0 balls. Tags ['default']
2025-05-29 08:47:05,739 : WARNING : BallController : BallController denies game start. Not enough balls. 0 found. 1 required
2025-05-29 08:47:05,740 : INFO : BallController : Triggering ball search.
2025-05-29 08:47:05,858 : INFO : SwitchController : <<<<<<< 's_startButton' active >>>>>>>
2025-05-29 08:47:06,003 : INFO : SwitchController : <<<<<<< 's_startButton' inactive >>>>>>>
2025-05-29 08:47:06,004 : INFO : EventManager : Event: ======'request_to_start_game'====== Args={}
2025-05-29 08:47:06,004 : INFO : BallController : Known balls: 0
2025-05-29 08:47:06,004 : INFO : BallController : bd_trough contains 0 balls. Tags ['trough', 'home', 'drain']
2025-05-29 08:47:06,004 : INFO : BallController : bd_scoop_lower contains 0 balls. Tags []
2025-05-29 08:47:06,004 : INFO : BallController : playfield contains 0 balls. Tags ['default']
2025-05-29 08:47:06,005 : WARNING : BallController : BallController denies game start. Not enough balls. 0 found. 1 required
2025-05-29 08:47:06,005 : INFO : BallController : Triggering ball search.
2025-05-29 08:47:06,088 : INFO : SwitchController : <<<<<<< 's_startButton' active >>>>>>>
2025-05-29 08:47:06,200 : INFO : SwitchController : <<<<<<< 's_startButton' inactive >>>>>>>
2025-05-29 08:47:06,200 : INFO : EventManager : Event: ======'request_to_start_game'====== Args={}
2025-05-29 08:47:06,200 : INFO : BallController : Known balls: 0
2025-05-29 08:47:06,200 : INFO : BallController : bd_trough contains 0 balls. Tags ['trough', 'home', 'drain']
2025-05-29 08:47:06,200 : INFO : BallController : bd_scoop_lower contains 0 balls. Tags []
2025-05-29 08:47:06,200 : INFO : BallController : playfield contains 0 balls. Tags ['default']
2025-05-29 08:47:06,200 : WARNING : BallController : BallController denies game start. Not enough balls. 0 found. 1 required
2025-05-29 08:47:06,201 : INFO : BallController : Triggering ball search.
2025-05-29 08:47:06,311 : INFO : SwitchController : <<<<<<< 's_startButton' active >>>>>>>
2025-05-29 08:47:06,422 : INFO : SwitchController : <<<<<<< 's_startButton' inactive >>>>>>>
2025-05-29 08:47:06,422 : INFO : EventManager : Event: ======'request_to_start_game'====== Args={}
2025-05-29 08:47:06,422 : INFO : BallController : Known balls: 0
2025-05-29 08:47:06,422 : INFO : BallController : bd_trough contains 0 balls. Tags ['trough', 'home', 'drain']
2025-05-29 08:47:06,422 : INFO : BallController : bd_scoop_lower contains 0 balls. Tags []
2025-05-29 08:47:06,422 : INFO : BallController : playfield contains 0 balls. Tags ['default']
2025-05-29 08:47:06,423 : WARNING : BallController : BallController denies game start. Not enough balls. 0 found. 1 required
2025-05-29 08:47:06,423 : INFO : BallController : Triggering ball search.
2025-05-29 08:47:06,521 : INFO : SwitchController : <<<<<<< 's_startButton' active >>>>>>>
2025-05-29 08:47:06,620 : INFO : SwitchController : <<<<<<< 's_startButton' inactive >>>>>>>
2025-05-29 08:47:06,620 : INFO : EventManager : Event: ======'request_to_start_game'====== Args={}
2025-05-29 08:47:06,620 : INFO : BallController : Known balls: 0
2025-05-29 08:47:06,620 : INFO : BallController : bd_trough contains 0 balls. Tags ['trough', 'home', 'drain']
2025-05-29 08:47:06,620 : INFO : BallController : bd_scoop_lower contains 0 balls. Tags []
2025-05-29 08:47:06,620 : INFO : BallController : playfield contains 0 balls. Tags ['default']
2025-05-29 08:47:06,621 : WARNING : BallController : BallController denies game start. Not enough balls. 0 found. 1 required
2025-05-29 08:47:06,621 : INFO : BallController : Triggering ball search.
2025-05-29 08:47:10,665 : INFO : SwitchController : <<<<<<< 's_startButton' active >>>>>>>
2025-05-29 08:47:10,848 : INFO : SwitchController : <<<<<<< 's_startButton' inactive >>>>>>>
2025-05-29 08:47:10,849 : INFO : EventManager : Event: ======'request_to_start_game'====== Args={}
2025-05-29 08:47:10,849 : INFO : BallController : Known balls: 0
2025-05-29 08:47:10,850 : INFO : BallController : bd_trough contains 0 balls. Tags ['trough', 'home', 'drain']
2025-05-29 08:47:10,850 : INFO : BallController : bd_scoop_lower contains 0 balls. Tags []
2025-05-29 08:47:10,850 : INFO : BallController : playfield contains 0 balls. Tags ['default']
2025-05-29 08:47:10,851 : WARNING : BallController : BallController denies game start. Not enough balls. 0 found. 1 required
2025-05-29 08:47:10,851 : INFO : BallController : Triggering ball search.
2025-05-29 08:47:11,245 : INFO : SwitchController : <<<<<<< 's_startButton' active >>>>>>>
2025-05-29 08:47:11,390 : INFO : SwitchController : <<<<<<< 's_startButton' inactive >>>>>>>
2025-05-29 08:47:11,390 : INFO : EventManager : Event: ======'request_to_start_game'====== Args={}
2025-05-29 08:47:11,391 : INFO : BallController : Known balls: 0
2025-05-29 08:47:11,391 : INFO : BallController : bd_trough contains 0 balls. Tags ['trough', 'home', 'drain']
2025-05-29 08:47:11,391 : INFO : BallController : bd_scoop_lower contains 0 balls. Tags []
2025-05-29 08:47:11,391 : INFO : BallController : playfield contains 0 balls. Tags ['default']
2025-05-29 08:47:11,391 : WARNING : BallController : BallController denies game start. Not enough balls. 0 found. 1 required
2025-05-29 08:47:11,392 : INFO : BallController : Triggering ball search.
2025-05-29 08:47:11,500 : INFO : SwitchController : <<<<<<< 's_startButton' active >>>>>>>
2025-05-29 08:47:11,611 : INFO : SwitchController : <<<<<<< 's_startButton' inactive >>>>>>>
2025-05-29 08:47:11,612 : INFO : EventManager : Event: ======'request_to_start_game'====== Args={}
2025-05-29 08:47:11,612 : INFO : BallController : Known balls: 0
2025-05-29 08:47:11,612 : INFO : BallController : bd_trough contains 0 balls. Tags ['trough', 'home', 'drain']
2025-05-29 08:47:11,613 : INFO : BallController : bd_scoop_lower contains 0 balls. Tags []
2025-05-29 08:47:11,613 : INFO : BallController : playfield contains 0 balls. Tags ['default']
2025-05-29 08:47:11,613 : WARNING : BallController : BallController denies game start. Not enough balls. 0 found. 1 required
2025-05-29 08:47:11,613 : INFO : BallController : Triggering ball search.
2025-05-29 08:47:11,708 : INFO : SwitchController : <<<<<<< 's_startButton' active >>>>>>>
2025-05-29 08:47:11,819 : INFO : SwitchController : <<<<<<< 's_startButton' inactive >>>>>>>
2025-05-29 08:47:11,820 : INFO : EventManager : Event: ======'request_to_start_game'====== Args={}
2025-05-29 08:47:11,820 : INFO : BallController : Known balls: 0
2025-05-29 08:47:11,821 : INFO : BallController : bd_trough contains 0 balls. Tags ['trough', 'home', 'drain']
2025-05-29 08:47:11,821 : INFO : BallController : bd_scoop_lower contains 0 balls. Tags []
2025-05-29 08:47:11,821 : INFO : BallController : playfield contains 0 balls. Tags ['default']
2025-05-29 08:47:11,821 : WARNING : BallController : BallController denies game start. Not enough balls. 0 found. 1 required
2025-05-29 08:47:11,822 : INFO : BallController : Triggering ball search.
2025-05-29 08:47:11,903 : INFO : SwitchController : <<<<<<< 's_startButton' active >>>>>>>
2025-05-29 08:47:12,013 : INFO : SwitchController : <<<<<<< 's_startButton' inactive >>>>>>>
2025-05-29 08:47:12,013 : INFO : EventManager : Event: ======'request_to_start_game'====== Args={}
2025-05-29 08:47:12,013 : INFO : BallController : Known balls: 0
2025-05-29 08:47:12,014 : INFO : BallController : bd_trough contains 0 balls. Tags ['trough', 'home', 'drain']
2025-05-29 08:47:12,014 : INFO : BallController : bd_scoop_lower contains 0 balls. Tags []
2025-05-29 08:47:12,014 : INFO : BallController : playfield contains 0 balls. Tags ['default']
2025-05-29 08:47:12,014 : WARNING : BallController : BallController denies game start. Not enough balls. 0 found. 1 required
2025-05-29 08:47:12,014 : INFO : BallController : Triggering ball search.
2025-05-29 08:47:12,138 : INFO : SwitchController : <<<<<<< 's_startButton' active >>>>>>>
2025-05-29 08:47:12,249 : INFO : SwitchController : <<<<<<< 's_startButton' inactive >>>>>>>
2025-05-29 08:47:12,250 : INFO : EventManager : Event: ======'request_to_start_game'====== Args={}
2025-05-29 08:47:12,251 : INFO : BallController : Known balls: 0
2025-05-29 08:47:12,251 : INFO : BallController : bd_trough contains 0 balls. Tags ['trough', 'home', 'drain']
2025-05-29 08:47:12,251 : INFO : BallController : bd_scoop_lower contains 0 balls. Tags []
2025-05-29 08:47:12,252 : INFO : BallController : playfield contains 0 balls. Tags ['default']
2025-05-29 08:47:12,252 : WARNING : BallController : BallController denies game start. Not enough balls. 0 found. 1 required
2025-05-29 08:47:12,252 : INFO : BallController : Triggering ball search.
2025-05-29 08:47:12,370 : INFO : SwitchController : <<<<<<< 's_startButton' active >>>>>>>
2025-05-29 08:47:12,483 : INFO : SwitchController : <<<<<<< 's_startButton' inactive >>>>>>>
2025-05-29 08:47:12,484 : INFO : EventManager : Event: ======'request_to_start_game'====== Args={}
2025-05-29 08:47:12,485 : INFO : BallController : Known balls: 0
2025-05-29 08:47:12,486 : INFO : BallController : bd_trough contains 0 balls. Tags ['trough', 'home', 'drain']
2025-05-29 08:47:12,486 : INFO : BallController : bd_scoop_lower contains 0 balls. Tags []
2025-05-29 08:47:12,487 : INFO : BallController : playfield contains 0 balls. Tags ['default']
2025-05-29 08:47:12,487 : WARNING : BallController : BallController denies game start. Not enough balls. 0 found. 1 required
2025-05-29 08:47:12,488 : INFO : BallController : Triggering ball search.
2025-05-29 08:47:12,611 : INFO : SwitchController : <<<<<<< 's_startButton' active >>>>>>>
2025-05-29 08:47:12,722 : INFO : SwitchController : <<<<<<< 's_startButton' inactive >>>>>>>
2025-05-29 08:47:12,722 : INFO : EventManager : Event: ======'request_to_start_game'====== Args={}
2025-05-29 08:47:12,722 : INFO : BallController : Known balls: 0
2025-05-29 08:47:12,723 : INFO : BallController : bd_trough contains 0 balls. Tags ['trough', 'home', 'drain']
2025-05-29 08:47:12,723 : INFO : BallController : bd_scoop_lower contains 0 balls. Tags []
2025-05-29 08:47:12,723 : INFO : BallController : playfield contains 0 balls. Tags ['default']
2025-05-29 08:47:12,723 : WARNING : BallController : BallController denies game start. Not enough balls. 0 found. 1 required
2025-05-29 08:47:12,723 : INFO : BallController : Triggering ball search.
2025-05-29 08:47:12,832 : INFO : SwitchController : <<<<<<< 's_startButton' active >>>>>>>
2025-05-29 08:47:12,947 : INFO : SwitchController : <<<<<<< 's_startButton' inactive >>>>>>>
2025-05-29 08:47:12,947 : INFO : EventManager : Event: ======'request_to_start_game'====== Args={}
2025-05-29 08:47:12,954 : INFO : BallController : Known balls: 0
2025-05-29 08:47:12,955 : INFO : BallController : bd_trough contains 0 balls. Tags ['trough', 'home', 'drain']
2025-05-29 08:47:12,955 : INFO : BallController : bd_scoop_lower contains 0 balls. Tags []
2025-05-29 08:47:12,955 : INFO : BallController : playfield contains 0 balls. Tags ['default']
2025-05-29 08:47:12,955 : WARNING : BallController : BallController denies game start. Not enough balls. 0 found. 1 required
2025-05-29 08:47:12,955 : INFO : BallController : Triggering ball search.
2025-05-29 08:47:13,057 : INFO : SwitchController : <<<<<<< 's_startButton' active >>>>>>>
2025-05-29 08:47:13,167 : INFO : SwitchController : <<<<<<< 's_startButton' inactive >>>>>>>
2025-05-29 08:47:13,167 : INFO : EventManager : Event: ======'request_to_start_game'====== Args={}
2025-05-29 08:47:13,168 : INFO : BallController : Known balls: 0
2025-05-29 08:47:13,168 : INFO : BallController : bd_trough contains 0 balls. Tags ['trough', 'home', 'drain']
2025-05-29 08:47:13,168 : INFO : BallController : bd_scoop_lower contains 0 balls. Tags []
2025-05-29 08:47:13,168 : INFO : BallController : playfield contains 0 balls. Tags ['default']
2025-05-29 08:47:13,168 : WARNING : BallController : BallController denies game start. Not enough balls. 0 found. 1 required
2025-05-29 08:47:13,168 : INFO : BallController : Triggering ball search.
2025-05-29 08:49:27,321 : INFO : Machine : Shutting down...
2025-05-29 08:49:27,322 : INFO : EventManager : Event: ======'shutdown'====== Args={}
2025-05-29 08:49:27,334 : INFO : root : MPF run loop ended.
