2025-06-29 08:35:47,120 : INFO : root : Loading config.
2025-06-29 08:35:47,136 : INFO : YamlMultifileConfigLoader : Machine config file #1: config.yaml
2025-06-29 08:35:47,136 : INFO : ConfigProcessor : Loading config from cache: C:\Users\ruben\AppData\Local\Temp\ea592b2e59251eb1324fb8d8ecdf3742.mpf_cache
2025-06-29 08:35:47,152 : WARNING : ConfigProcessor : Config file in cache changed: C:\pinball\my_machine\config\lights.yaml
2025-06-29 08:35:47,152 : INFO : ConfigProcessor : Loading config from file C:\Users\ruben\AppData\Local\Programs\Python\Python39\lib\site-packages\mpf\mpfconfig.yaml.
2025-06-29 08:35:47,167 : INFO : ConfigProcessor : Loading config: C:\Users\ruben\AppData\Local\Programs\Python\Python39\lib\site-packages\mpf\mpfconfig.yaml
2025-06-29 08:35:47,167 : INFO : ConfigProcessor : Loading config from file C:\pinball\my_machine\config\config.yaml.
2025-06-29 08:35:47,167 : INFO : ConfigProcessor : Loading config: C:\pinball\my_machine\config\config.yaml
2025-06-29 08:35:47,167 : INFO : ConfigProcessor : Loading config: C:\pinball\my_machine\config\hardware.yaml
2025-06-29 08:35:47,167 : INFO : ConfigProcessor : Loading config: C:\pinball\my_machine\config\switches.yaml
2025-06-29 08:35:47,183 : INFO : ConfigProcessor : Loading config: C:\pinball\my_machine\config\coils.yaml
2025-06-29 08:35:47,183 : INFO : ConfigProcessor : Loading config: C:\pinball\my_machine\config\lights.yaml
2025-06-29 08:35:47,183 : INFO : ConfigProcessor : Loading config: C:\pinball\my_machine\config\devices.yaml
2025-06-29 08:35:47,198 : INFO : ConfigProcessor : Loading config: C:\pinball\my_machine\config\images.yaml
2025-06-29 08:35:47,198 : INFO : ConfigProcessor : Loading config: C:\pinball\my_machine\config\displays.yaml
2025-06-29 08:35:47,198 : INFO : ConfigProcessor : Loading config: C:\pinball\my_machine\config\slides.yaml
2025-06-29 08:35:47,214 : INFO : ConfigProcessor : Config file cache created: C:\Users\ruben\AppData\Local\Temp\ea592b2e59251eb1324fb8d8ecdf3742.mpf_cache
2025-06-29 08:35:47,372 : INFO : ConfigProcessor : Loading config from cache: C:\Users\ruben\AppData\Local\Temp\de22d214a8e6fb7753c0be2dfb8deb7c.mpf_cache
2025-06-29 08:35:47,374 : INFO : ConfigProcessor : Loading config from cache: C:\Users\ruben\AppData\Local\Temp\76bc62f652ae2965f03127125af6e953.mpf_cache
2025-06-29 08:35:47,375 : INFO : ConfigProcessor : Loading config from cache: C:\Users\ruben\AppData\Local\Temp\195f66f1d07408d279921a878741edf5.mpf_cache
2025-06-29 08:35:47,376 : INFO : ConfigProcessor : Loading config from cache: C:\Users\ruben\AppData\Local\Temp\de22d214a8e6fb7753c0be2dfb8deb7c.mpf_cache
2025-06-29 08:35:47,378 : INFO : Machine : Mission Pinball Framework Core Engine v0.57.3
2025-06-29 08:35:47,378 : INFO : Machine : Command line arguments: {'no_load_cache': False, 'create_config_cache': True, 'bcp': True, 'configfile': ['config.yaml'], 'force_assets_load': False, 'platform_integration_test': False, 'jsonlogging': False, 'logfile': 'logs\\2025-06-29-08-35-47-mpf-DESKTOP-11MEIVG.log', 'pause': False, 'production': False, 'text_ui': True, 'loglevel': 15, 'consoleloglevel': 20, 'force_platform': None, 'syslog_address': None, 'mc_file_name': None, 'no_sound': False}
2025-06-29 08:35:47,378 : INFO : Machine : MPF path: C:\Users\ruben\AppData\Local\Programs\Python\Python39\lib\site-packages\mpf
2025-06-29 08:35:47,378 : INFO : Machine : Machine path: C:\pinball\my_machine
2025-06-29 08:35:47,378 : INFO : Machine : Platform: win32
2025-06-29 08:35:47,378 : INFO : Machine : Python executable location: C:\Users\ruben\AppData\Local\Programs\Python\Python39\python.exe
2025-06-29 08:35:47,378 : INFO : Machine : Python version: 3.9.13 (64-bit)
2025-06-29 08:35:47,381 : INFO : Machine : Initializing MPF...
2025-06-29 08:35:47,672 : INFO : OPP : Connecting to com3 at 115200bps
2025-06-29 08:35:47,753 : INFO : OPP : Init of OPP board 1 done
2025-06-29 08:35:47,754 : INFO : OPP : Connecting to com4 at 115200bps
2025-06-29 08:35:47,872 : INFO : OPP : Init of OPP board 0 done
2025-06-29 08:35:47,872 : INFO : EventManager : Event: ======'machine_var_credits_string'====== Args={'value': 'FREE PLAY', 'prev_value': None, 'change': True}
2025-06-29 08:35:47,986 : INFO : EventManager : Event: ======'machine_var_master_volume'====== Args={'value': 0.5, 'prev_value': None, 'change': True}
2025-06-29 08:35:47,987 : INFO : EventManager : Event: ======'machine_var_player1_score'====== Args={'value': 0, 'prev_value': None, 'change': True}
2025-06-29 08:35:47,987 : INFO : EventManager : Event: ======'machine_var_mpf_version'====== Args={'value': 'Mission Pinball Framework v0.57.3', 'prev_value': None, 'change': True}
2025-06-29 08:35:47,987 : INFO : EventManager : Event: ======'machine_var_mpf_extended_version'====== Args={'value': 'Mission Pinball Framework v0.57.3, Config version:6, Show version: 6, BCP version:1.1', 'prev_value': None, 'change': True}
2025-06-29 08:35:47,987 : INFO : EventManager : Event: ======'machine_var_python_version'====== Args={'value': '3.9.13', 'prev_value': None, 'change': True}
2025-06-29 08:35:48,001 : INFO : EventManager : Event: ======'machine_var_platform'====== Args={'value': 'Windows-10-10.0.19045-SP0', 'prev_value': None, 'change': True}
2025-06-29 08:35:48,002 : INFO : EventManager : Event: ======'machine_var_platform_system'====== Args={'value': 'Windows', 'prev_value': None, 'change': True}
2025-06-29 08:35:48,002 : INFO : EventManager : Event: ======'machine_var_platform_release'====== Args={'value': '10', 'prev_value': None, 'change': True}
2025-06-29 08:35:48,002 : INFO : EventManager : Event: ======'machine_var_platform_version'====== Args={'value': '10.0.19045', 'prev_value': None, 'change': True}
2025-06-29 08:35:48,002 : INFO : EventManager : Event: ======'machine_var_platform_machine'====== Args={'value': 'AMD64', 'prev_value': None, 'change': True}
2025-06-29 08:35:48,002 : INFO : EventManager : Event: ======'init_phase_1'====== Args={}
2025-06-29 08:35:48,049 : INFO : EventManager : Event: ======'init_phase_2'====== Args={}
2025-06-29 08:35:48,055 : INFO : EventManager : Event: ======'bcp_connection_attempt'====== Args={'name': 'local_display', 'host': 'localhost', 'port': 5050}
2025-06-29 08:35:48,057 : INFO : BCPClientSocket : Connecting BCP to 'local_display' at localhost:5050...
2025-06-29 08:35:50,605 : INFO : BCPClientSocket : Connected BCP to 'local_display' localhost:5050
2025-06-29 08:35:50,606 : INFO : EventManager : Event: ======'bcp_clients_connected'====== Args={}
2025-06-29 08:35:50,787 : INFO : ball_device.bd_trough : BCH: Initial count: 0
2025-06-29 08:35:50,788 : INFO : EventManager : Event: ======'machine_var_mc_version'====== Args={'value': 'MPF-MC v0.57.1', 'prev_value': None, 'change': True}
2025-06-29 08:35:50,788 : INFO : EventManager : Event: ======'machine_var_mc_extended_version'====== Args={'value': 'MPF-MC v0.57.1 (config_version=6, BCP v1.1,                      Requires MPF API compatibility v0.57.0 or newer)', 'prev_value': None, 'change': True}
2025-06-29 08:35:50,792 : INFO : ball_device.bd_trough : State: idle
2025-06-29 08:35:50,863 : INFO : EventManager : Event: ======'init_phase_3'====== Args={}
2025-06-29 08:35:50,868 : INFO : EventManager : Event: ======'init_phase_4'====== Args={}
2025-06-29 08:35:50,869 : INFO : BallController : Initial balls found: 0
2025-06-29 08:35:50,871 : ERROR : asyncio : Exception in callback EventManager._queue_task_done(<Task finishe...t_inlane_2>")>)
handle: <Handle EventManager._queue_task_done(<Task finishe...t_inlane_2>")>)>
Traceback (most recent call last):
  File "C:\Users\ruben\AppData\Local\Programs\Python\Python39\lib\asyncio\events.py", line 80, in _run
    self._context.run(self._callback, *self._args)
  File "C:\Users\ruben\AppData\Local\Programs\Python\Python39\lib\site-packages\mpf\core\events.py", line 795, in _queue_task_done
    future.result()
  File "C:\Users\ruben\AppData\Local\Programs\Python\Python39\lib\site-packages\mpf\core\events.py", line 708, in _run_handlers_sequential
    handler.callback(queue=queue, **merged_kwargs)
  File "C:\Users\ruben\AppData\Local\Programs\Python\Python39\lib\site-packages\mpf\devices\light.py", line 136, in _check_duplicate_light_numbers
    raise ConfigFileError(f"Duplicate number {type(driver)} {driver.number} for light {light}",
mpf.exceptions.config_file_error.ConfigFileError: Config File Error in light: Duplicate number <class 'mpf.platforms.opp.opp_modern_lights.OPPModernLightChannel'> 1-0-120 for light <light.led_left_inlane_2> Context: (None, '1-0-120', <class 'mpf.platforms.opp.opp_modern_lights.OPPModernLightChannel'>) Error Code: CFE-light-10 (https://missionpinball.org/logs)
2025-06-29 08:35:50,874 : INFO : Machine : Starting the main run loop with active modes: []
2025-06-29 08:35:50,874 : WARNING : Machine : Attract mode is not active, game will not be playable. Please check your attract mode configuration.
2025-06-29 08:35:50,875 : INFO : Machine : Shutting down...
2025-06-29 08:35:50,876 : INFO : EventManager : Event: ======'shutdown'====== Args={}
2025-06-29 08:35:50,877 : ERROR : OPP : Stop called on serial connection com4
2025-06-29 08:35:50,881 : ERROR : OPP : Stop called on serial connection com3
2025-06-29 08:35:51,966 : ERROR : Machine : Runtime Exception
Traceback (most recent call last):
  File "C:\Users\ruben\AppData\Local\Programs\Python\Python39\lib\site-packages\mpf\core\machine.py", line 808, in _run_loop
    raise self._exception['exception']
  File "C:\Users\ruben\AppData\Local\Programs\Python\Python39\lib\asyncio\events.py", line 80, in _run
    self._context.run(self._callback, *self._args)
  File "C:\Users\ruben\AppData\Local\Programs\Python\Python39\lib\site-packages\mpf\core\events.py", line 795, in _queue_task_done
    future.result()
  File "C:\Users\ruben\AppData\Local\Programs\Python\Python39\lib\site-packages\mpf\core\events.py", line 708, in _run_handlers_sequential
    handler.callback(queue=queue, **merged_kwargs)
  File "C:\Users\ruben\AppData\Local\Programs\Python\Python39\lib\site-packages\mpf\devices\light.py", line 136, in _check_duplicate_light_numbers
    raise ConfigFileError(f"Duplicate number {type(driver)} {driver.number} for light {light}",
mpf.exceptions.config_file_error.ConfigFileError: Config File Error in light: Duplicate number <class 'mpf.platforms.opp.opp_modern_lights.OPPModernLightChannel'> 1-0-120 for light <light.led_left_inlane_2> Context: (None, '1-0-120', <class 'mpf.platforms.opp.opp_modern_lights.OPPModernLightChannel'>) Error Code: CFE-light-10 (https://missionpinball.org/logs)
2025-06-29 08:36:02,481 : ERROR : root : 
Traceback (most recent call last):
  File "C:\Users\ruben\AppData\Local\Programs\Python\Python39\lib\site-packages\mpf\core\machine.py", line 808, in _run_loop
    raise self._exception['exception']
  File "C:\Users\ruben\AppData\Local\Programs\Python\Python39\lib\asyncio\events.py", line 80, in _run
    self._context.run(self._callback, *self._args)
  File "C:\Users\ruben\AppData\Local\Programs\Python\Python39\lib\site-packages\mpf\core\events.py", line 795, in _queue_task_done
    future.result()
  File "C:\Users\ruben\AppData\Local\Programs\Python\Python39\lib\site-packages\mpf\core\events.py", line 708, in _run_handlers_sequential
    handler.callback(queue=queue, **merged_kwargs)
  File "C:\Users\ruben\AppData\Local\Programs\Python\Python39\lib\site-packages\mpf\devices\light.py", line 136, in _check_duplicate_light_numbers
    raise ConfigFileError(f"Duplicate number {type(driver)} {driver.number} for light {light}",
mpf.exceptions.config_file_error.ConfigFileError: Config File Error in light: Duplicate number <class 'mpf.platforms.opp.opp_modern_lights.OPPModernLightChannel'> 1-0-120 for light <light.led_left_inlane_2> Context: (None, '1-0-120', <class 'mpf.platforms.opp.opp_modern_lights.OPPModernLightChannel'>) Error Code: CFE-light-10 (https://missionpinball.org/logs)

During handling of the above exception, another exception occurred:

Traceback (most recent call last):
  File "C:\Users\ruben\AppData\Local\Programs\Python\Python39\lib\site-packages\mpf\commands\game.py", line 240, in __init__
    self.machine.run()
  File "C:\Users\ruben\AppData\Local\Programs\Python\Python39\lib\site-packages\mpf\core\machine.py", line 704, in run
    self._run_loop()
  File "C:\Users\ruben\AppData\Local\Programs\Python\Python39\lib\site-packages\mpf\core\machine.py", line 811, in _run_loop
    report_crash(self._exception['exception'], "exception_during_run", self.config)
  File "C:\Users\ruben\AppData\Local\Programs\Python\Python39\lib\site-packages\mpf\core\crash_reporter.py", line 236, in report_crash
    response = input("Do you want to report the crash to the MPF team (yes/no/show)? ")
EOFError
