2025-06-16 07:48:10,516 : INFO : root : Loading config.
2025-06-16 07:48:10,516 : INFO : YamlMultifileConfigLoader : Machine config file #1: config.yaml
2025-06-16 07:48:10,516 : INFO : ConfigProcessor : Loading config from cache: C:\Users\ruben\AppData\Local\Temp\a17888e5e1df298d67e07ada0b1bff4a.mpf_cache
2025-06-16 07:48:10,532 : WARNING : ConfigProcessor : Config file in cache changed: C:\pinball\my_machine\config\switches.yaml
2025-06-16 07:48:10,532 : INFO : ConfigProcessor : Loading config from file C:\Users\ruben\.local\pipx\venvs\mpf\lib\site-packages\mpf\mpfconfig.yaml.
2025-06-16 07:48:10,657 : INFO : ConfigProcessor : Loading config: C:\Users\ruben\.local\pipx\venvs\mpf\lib\site-packages\mpf\mpfconfig.yaml
2025-06-16 07:48:10,657 : INFO : ConfigProcessor : Loading config from file C:\pinball\my_machine\config\config.yaml.
2025-06-16 07:48:10,657 : INFO : ConfigProcessor : Loading config: C:\pinball\my_machine\config\config.yaml
2025-06-16 07:48:10,657 : INFO : ConfigProcessor : Loading config: C:\pinball\my_machine\config\hardware.yaml
2025-06-16 07:48:10,673 : INFO : ConfigProcessor : Loading config: C:\pinball\my_machine\config\switches.yaml
2025-06-16 07:48:10,686 : INFO : ConfigProcessor : Loading config: C:\pinball\my_machine\config\coils.yaml
2025-06-16 07:48:10,696 : INFO : ConfigProcessor : Loading config: C:\pinball\my_machine\config\devices.yaml
2025-06-16 07:48:10,699 : INFO : ConfigProcessor : Loading config: C:\pinball\my_machine\config\displays.yaml
2025-06-16 07:48:10,702 : INFO : ConfigProcessor : Loading config: C:\pinball\my_machine\config\slides.yaml
2025-06-16 07:48:10,702 : INFO : ConfigProcessor : Config file cache created: C:\Users\ruben\AppData\Local\Temp\a17888e5e1df298d67e07ada0b1bff4a.mpf_cache
2025-06-16 07:48:10,827 : INFO : ConfigProcessor : Loading config from cache: C:\Users\ruben\AppData\Local\Temp\67cf8ffee0fce2d4fcb5ef0bb894d8de.mpf_cache
2025-06-16 07:48:10,827 : INFO : ConfigProcessor : Loading config from cache: C:\Users\ruben\AppData\Local\Temp\25321780674732dcacb77a8f5b2a53cd.mpf_cache
2025-06-16 07:48:10,827 : INFO : ConfigProcessor : Loading config from cache: C:\Users\ruben\AppData\Local\Temp\195f66f1d07408d279921a878741edf5.mpf_cache
2025-06-16 07:48:10,827 : INFO : Machine : Mission Pinball Framework Core Engine v0.56.0
2025-06-16 07:48:10,827 : INFO : Machine : Command line arguments: {'no_load_cache': False, 'create_config_cache': True, 'bcp': True, 'configfile': ['config.yaml'], 'force_assets_load': False, 'jsonlogging': False, 'logfile': 'logs\\2025-06-16-07-48-10-mpf-DESKTOP-11MEIVG.log', 'pause': False, 'production': False, 'text_ui': True, 'loglevel': 15, 'consoleloglevel': 20, 'force_platform': None, 'syslog_address': None, 'mc_file_name': None, 'no_sound': False}
2025-06-16 07:48:10,827 : INFO : Machine : MPF path: C:\Users\ruben\.local\pipx\venvs\mpf\lib\site-packages\mpf
2025-06-16 07:48:10,827 : INFO : Machine : Machine path: C:\pinball\my_machine
2025-06-16 07:48:10,827 : INFO : Machine : Platform: win32
2025-06-16 07:48:10,827 : INFO : Machine : Python executable location: C:\Users\ruben\.local\pipx\venvs\mpf\Scripts\python.exe
2025-06-16 07:48:10,827 : INFO : Machine : Python version: 3.9.13 (64-bit)
2025-06-16 07:48:10,843 : INFO : Machine : Initialise MPF.
2025-06-16 07:48:11,170 : INFO : OPP : Connecting to com3 at 115200bps
2025-06-16 07:48:11,318 : INFO : OPP : Init of OPP board 1 done
2025-06-16 07:48:11,319 : INFO : OPP : Connecting to com4 at 115200bps
2025-06-16 07:48:11,398 : INFO : OPP : Init of OPP board 0 done
2025-06-16 07:48:11,399 : INFO : EventManager : Event: ======'machine_var_credits_string'====== Args={'value': 'FREE PLAY', 'prev_value': None, 'change': True}
2025-06-16 07:48:11,475 : INFO : EventManager : Event: ======'machine_var_master_volume'====== Args={'value': 0.5, 'prev_value': None, 'change': True}
2025-06-16 07:48:11,475 : INFO : EventManager : Event: ======'machine_var_player1_score'====== Args={'value': 0, 'prev_value': None, 'change': True}
2025-06-16 07:48:11,475 : INFO : EventManager : Event: ======'machine_var_mpf_version'====== Args={'value': 'MPF v0.56.0', 'prev_value': None, 'change': True}
2025-06-16 07:48:11,475 : INFO : EventManager : Event: ======'machine_var_mpf_extended_version'====== Args={'value': 'MPF v0.56.0, Config version:5, Show version: 5, BCP version:1.1', 'prev_value': None, 'change': True}
2025-06-16 07:48:11,475 : INFO : EventManager : Event: ======'machine_var_python_version'====== Args={'value': '3.9.13', 'prev_value': None, 'change': True}
2025-06-16 07:48:11,490 : INFO : EventManager : Event: ======'machine_var_platform'====== Args={'value': 'Windows-10-10.0.19045-SP0', 'prev_value': None, 'change': True}
2025-06-16 07:48:11,490 : INFO : EventManager : Event: ======'machine_var_platform_system'====== Args={'value': 'Windows', 'prev_value': None, 'change': True}
2025-06-16 07:48:11,490 : INFO : EventManager : Event: ======'machine_var_platform_release'====== Args={'value': '10', 'prev_value': None, 'change': True}
2025-06-16 07:48:11,491 : INFO : EventManager : Event: ======'machine_var_platform_version'====== Args={'value': '10.0.19045', 'prev_value': None, 'change': True}
2025-06-16 07:48:11,491 : INFO : EventManager : Event: ======'machine_var_platform_machine'====== Args={'value': 'AMD64', 'prev_value': None, 'change': True}
2025-06-16 07:48:11,491 : INFO : EventManager : Event: ======'init_phase_1'====== Args={}
2025-06-16 07:48:11,519 : INFO : EventManager : Event: ======'init_phase_2'====== Args={}
2025-06-16 07:48:11,524 : INFO : EventManager : Event: ======'bcp_connection_attempt'====== Args={'name': 'local_display', 'host': 'localhost', 'port': 5050}
2025-06-16 07:48:11,526 : INFO : BCPClientSocket : Connecting BCP to 'local_display' at localhost:5050...
2025-06-16 07:48:14,066 : INFO : BCPClientSocket : Connected BCP to 'local_display' localhost:5050
2025-06-16 07:48:14,068 : INFO : EventManager : Event: ======'bcp_clients_connected'====== Args={}
2025-06-16 07:48:14,081 : INFO : ball_device.bd_trough : BCH: Initial count: 0
2025-06-16 07:48:14,083 : INFO : ball_device.bd_trough : State: idle
2025-06-16 07:48:14,108 : INFO : EventManager : Event: ======'init_phase_3'====== Args={}
2025-06-16 07:48:14,113 : INFO : EventManager : Event: ======'machine_var_mc_version'====== Args={'value': 'MPF-MC v0.56.1', 'prev_value': None, 'change': True}
2025-06-16 07:48:14,114 : INFO : EventManager : Event: ======'machine_var_mc_extended_version'====== Args={'value': 'MPF-MC v0.56.1 (config_version=5, BCP v1.1,                      Requires MPF API compatibility v0.56.0 or newer)', 'prev_value': None, 'change': True}
2025-06-16 07:48:14,116 : INFO : EventManager : Event: ======'init_phase_4'====== Args={}
2025-06-16 07:48:14,140 : INFO : BallController : Initial balls found: 0
2025-06-16 07:48:14,142 : INFO : EventManager : Event: ======'machine_var_audits_events_game_ended'====== Args={'value': 50, 'prev_value': None, 'change': True}
2025-06-16 07:48:14,142 : INFO : EventManager : Event: ======'machine_var_audits_events_game_started'====== Args={'value': 98, 'prev_value': None, 'change': True}
2025-06-16 07:48:14,142 : INFO : EventManager : Event: ======'machine_var_audits_missing_switches_s_left_flipper'====== Args={'value': 8, 'prev_value': None, 'change': True}
2025-06-16 07:48:14,143 : INFO : EventManager : Event: ======'machine_var_audits_missing_switches_s_left_inlane1'====== Args={'value': 8, 'prev_value': None, 'change': True}
2025-06-16 07:48:14,144 : INFO : EventManager : Event: ======'machine_var_audits_missing_switches_s_left_inlane2'====== Args={'value': 8, 'prev_value': None, 'change': True}
2025-06-16 07:48:14,145 : INFO : EventManager : Event: ======'machine_var_audits_missing_switches_s_left_outlane'====== Args={'value': 9, 'prev_value': None, 'change': True}
2025-06-16 07:48:14,145 : INFO : EventManager : Event: ======'machine_var_audits_missing_switches_s_left_slingshot'====== Args={'value': 9, 'prev_value': None, 'change': True}
2025-06-16 07:48:14,145 : INFO : EventManager : Event: ======'machine_var_audits_missing_switches_s_pop1'====== Args={'value': 9, 'prev_value': None, 'change': True}
2025-06-16 07:48:14,146 : INFO : EventManager : Event: ======'machine_var_audits_missing_switches_s_pop2'====== Args={'value': 9, 'prev_value': None, 'change': True}
2025-06-16 07:48:14,147 : INFO : EventManager : Event: ======'machine_var_audits_missing_switches_s_pop3'====== Args={'value': 9, 'prev_value': None, 'change': True}
2025-06-16 07:48:14,147 : INFO : EventManager : Event: ======'machine_var_audits_missing_switches_s_pop4'====== Args={'value': 8, 'prev_value': None, 'change': True}
2025-06-16 07:48:14,147 : INFO : EventManager : Event: ======'machine_var_audits_missing_switches_s_pop5'====== Args={'value': 8, 'prev_value': None, 'change': True}
2025-06-16 07:48:14,147 : INFO : EventManager : Event: ======'machine_var_audits_missing_switches_s_right_inlane'====== Args={'value': 9, 'prev_value': None, 'change': True}
2025-06-16 07:48:14,148 : INFO : EventManager : Event: ======'machine_var_audits_missing_switches_s_right_outlane'====== Args={'value': 9, 'prev_value': None, 'change': True}
2025-06-16 07:48:14,148 : INFO : EventManager : Event: ======'machine_var_audits_missing_switches_s_right_slingshot'====== Args={'value': 9, 'prev_value': None, 'change': True}
2025-06-16 07:48:14,148 : INFO : EventManager : Event: ======'machine_var_audits_missing_switches_s_scoop_center'====== Args={'value': 8, 'prev_value': None, 'change': True}
2025-06-16 07:48:14,149 : INFO : EventManager : Event: ======'machine_var_audits_missing_switches_s_scoop_right'====== Args={'value': 9, 'prev_value': None, 'change': True}
2025-06-16 07:48:14,149 : INFO : EventManager : Event: ======'machine_var_audits_missing_switches_s_startButton'====== Args={'value': 9, 'prev_value': None, 'change': True}
2025-06-16 07:48:14,150 : INFO : EventManager : Event: ======'machine_var_audits_missing_switches_s_trough1'====== Args={'value': 9, 'prev_value': None, 'change': True}
2025-06-16 07:48:14,150 : INFO : EventManager : Event: ======'machine_var_audits_missing_switches_s_trough2'====== Args={'value': 9, 'prev_value': None, 'change': True}
2025-06-16 07:48:14,151 : INFO : EventManager : Event: ======'machine_var_audits_missing_switches_s_trough3'====== Args={'value': 9, 'prev_value': None, 'change': True}
2025-06-16 07:48:14,151 : INFO : EventManager : Event: ======'machine_var_audits_missing_switches_s_trough4'====== Args={'value': 9, 'prev_value': None, 'change': True}
2025-06-16 07:48:14,151 : INFO : EventManager : Event: ======'machine_var_audits_missing_switches_s_trough5'====== Args={'value': 8, 'prev_value': None, 'change': True}
2025-06-16 07:48:14,152 : INFO : EventManager : Event: ======'machine_var_audits_player_score'====== Args={'value': {'average': 0.0, 'top': [0, 0, 0, 0, 0, 0, 0, 0, 0, 0], 'total': 50}, 'prev_value': None, 'change': True}
2025-06-16 07:48:14,152 : INFO : EventManager : Event: ======'machine_var_audits_switches_s_drop_bank1'====== Args={'value': 140, 'prev_value': None, 'change': True}
2025-06-16 07:48:14,153 : INFO : EventManager : Event: ======'machine_var_audits_switches_s_left_flipper'====== Args={'value': 2280, 'prev_value': None, 'change': True}
2025-06-16 07:48:14,153 : INFO : EventManager : Event: ======'machine_var_audits_switches_s_left_inlane1'====== Args={'value': 1, 'prev_value': None, 'change': True}
2025-06-16 07:48:14,154 : INFO : EventManager : Event: ======'machine_var_audits_switches_s_left_inlane2'====== Args={'value': 1, 'prev_value': None, 'change': True}
2025-06-16 07:48:14,154 : INFO : EventManager : Event: ======'machine_var_audits_switches_s_left_outlane'====== Args={'value': 0, 'prev_value': None, 'change': True}
2025-06-16 07:48:14,155 : INFO : EventManager : Event: ======'machine_var_audits_switches_s_left_slingshot'====== Args={'value': 290, 'prev_value': None, 'change': True}
2025-06-16 07:48:14,155 : INFO : EventManager : Event: ======'machine_var_audits_switches_s_plunger'====== Args={'value': 5, 'prev_value': None, 'change': True}
2025-06-16 07:48:14,156 : INFO : EventManager : Event: ======'machine_var_audits_switches_s_pop1'====== Args={'value': 0, 'prev_value': None, 'change': True}
2025-06-16 07:48:14,156 : INFO : EventManager : Event: ======'machine_var_audits_switches_s_pop2'====== Args={'value': 0, 'prev_value': None, 'change': True}
2025-06-16 07:48:14,157 : INFO : EventManager : Event: ======'machine_var_audits_switches_s_pop3'====== Args={'value': 0, 'prev_value': None, 'change': True}
2025-06-16 07:48:14,157 : INFO : EventManager : Event: ======'machine_var_audits_switches_s_pop4'====== Args={'value': 1, 'prev_value': None, 'change': True}
2025-06-16 07:48:14,157 : INFO : EventManager : Event: ======'machine_var_audits_switches_s_pop5'====== Args={'value': 1, 'prev_value': None, 'change': True}
2025-06-16 07:48:14,158 : INFO : EventManager : Event: ======'machine_var_audits_switches_s_pop_bot'====== Args={'value': 426, 'prev_value': None, 'change': True}
2025-06-16 07:48:14,158 : INFO : EventManager : Event: ======'machine_var_audits_switches_s_pop_mid'====== Args={'value': 351, 'prev_value': None, 'change': True}
2025-06-16 07:48:14,158 : INFO : EventManager : Event: ======'machine_var_audits_switches_s_pop_top'====== Args={'value': 302, 'prev_value': None, 'change': True}
2025-06-16 07:48:14,159 : INFO : EventManager : Event: ======'machine_var_audits_switches_s_right_flipper'====== Args={'value': 2332, 'prev_value': None, 'change': True}
2025-06-16 07:48:14,159 : INFO : EventManager : Event: ======'machine_var_audits_switches_s_right_inlane'====== Args={'value': 57, 'prev_value': None, 'change': True}
2025-06-16 07:48:14,159 : INFO : EventManager : Event: ======'machine_var_audits_switches_s_right_outlane'====== Args={'value': 0, 'prev_value': None, 'change': True}
2025-06-16 07:48:14,161 : INFO : EventManager : Event: ======'machine_var_audits_switches_s_right_slingshot'====== Args={'value': 255, 'prev_value': None, 'change': True}
2025-06-16 07:48:14,163 : INFO : EventManager : Event: ======'machine_var_audits_switches_s_scoop_center'====== Args={'value': 1, 'prev_value': None, 'change': True}
2025-06-16 07:48:14,163 : INFO : EventManager : Event: ======'machine_var_audits_switches_s_scoop_lower'====== Args={'value': 220, 'prev_value': None, 'change': True}
2025-06-16 07:48:14,164 : INFO : EventManager : Event: ======'machine_var_audits_switches_s_scoop_right'====== Args={'value': 0, 'prev_value': None, 'change': True}
2025-06-16 07:48:14,164 : INFO : EventManager : Event: ======'machine_var_audits_switches_s_shooter_lane'====== Args={'value': 8, 'prev_value': None, 'change': True}
2025-06-16 07:48:14,164 : INFO : EventManager : Event: ======'machine_var_audits_switches_s_startButton'====== Args={'value': 34, 'prev_value': None, 'change': True}
2025-06-16 07:48:14,165 : INFO : EventManager : Event: ======'machine_var_audits_switches_s_trough1'====== Args={'value': 303, 'prev_value': None, 'change': True}
2025-06-16 07:48:14,165 : INFO : EventManager : Event: ======'machine_var_audits_switches_s_trough2'====== Args={'value': 1, 'prev_value': None, 'change': True}
2025-06-16 07:48:14,165 : INFO : EventManager : Event: ======'machine_var_audits_switches_s_trough3'====== Args={'value': 1, 'prev_value': None, 'change': True}
2025-06-16 07:48:14,166 : INFO : EventManager : Event: ======'machine_var_audits_switches_s_trough4'====== Args={'value': 1, 'prev_value': None, 'change': True}
2025-06-16 07:48:14,166 : INFO : EventManager : Event: ======'machine_var_audits_switches_s_trough5'====== Args={'value': 1, 'prev_value': None, 'change': True}
2025-06-16 07:48:14,167 : INFO : EventManager : Event: ======'init_phase_5'====== Args={}
2025-06-16 07:48:14,171 : INFO : EventManager : Event: ======'init_done'====== Args={}
2025-06-16 07:48:14,172 : INFO : EventManager : Event: ======'machine_reset_phase_1'====== Args={}
2025-06-16 07:48:14,185 : INFO : EventManager : Event: ======'slide_welcome_slide_removed'====== Args={'_from_bcp': True}
2025-06-16 07:48:14,191 : INFO : EventManager : Event: ======'slide_welcome_slide_created'====== Args={'_from_bcp': True}
2025-06-16 07:48:14,193 : INFO : EventManager : Event: ======'machine_reset_phase_2'====== Args={}
2025-06-16 07:48:14,194 : INFO : EventManager : Event: ======'machine_reset_phase_3'====== Args={}
2025-06-16 07:48:14,200 : INFO : EventManager : Event: ======'slide_welcome_slide_active'====== Args={'_from_bcp': True}
2025-06-16 07:48:14,201 : INFO : EventManager : Event: ======'reset_complete'====== Args={}
2025-06-16 07:48:14,202 : INFO : EventManager : Event: ======'mode_attract_will_start'====== Args={}
2025-06-16 07:48:14,203 : INFO : EventManager : Event: ======'mode_attract_starting'====== Args={}
2025-06-16 07:48:14,203 : INFO : Mode.attract : Started. Priority: 10
2025-06-16 07:48:14,203 : INFO : EventManager : Event: ======'modes_active_modes_changed'====== Args={}
2025-06-16 07:48:14,203 : INFO : EventManager : Event: ======'mode_attract_started'====== Args={}
2025-06-16 07:48:14,204 : INFO : EventManager : Event: ======'collecting_balls_complete'====== Args={}
2025-06-16 07:48:14,229 : INFO : EventManager : Event: ======'slide_attract_started_created'====== Args={'_from_bcp': True}
2025-06-16 07:48:14,230 : INFO : EventManager : Event: ======'slide_attract_started_active'====== Args={'_from_bcp': True}
2025-06-16 07:48:14,230 : INFO : Machine : Starting the main run loop.
2025-06-16 07:48:21,989 : INFO : SwitchController : <<<<<<< 's_pop3' active >>>>>>>
2025-06-16 07:48:21,990 : INFO : EventManager : Event: ======'playfield_active'====== Args={}
2025-06-16 07:48:21,990 : INFO : EventManager : Event: ======'unexpected_ball_on_playfield'====== Args={}
2025-06-16 07:48:22,059 : INFO : SwitchController : <<<<<<< 's_pop3' inactive >>>>>>>
2025-06-16 07:48:22,710 : INFO : SwitchController : <<<<<<< 's_pop3' active >>>>>>>
2025-06-16 07:48:22,710 : INFO : EventManager : Event: ======'playfield_active'====== Args={}
2025-06-16 07:48:22,710 : INFO : EventManager : Event: ======'unexpected_ball_on_playfield'====== Args={}
2025-06-16 07:48:22,791 : INFO : SwitchController : <<<<<<< 's_pop3' inactive >>>>>>>
2025-06-16 07:48:23,176 : INFO : SwitchController : <<<<<<< 's_pop3' active >>>>>>>
2025-06-16 07:48:23,177 : INFO : EventManager : Event: ======'playfield_active'====== Args={}
2025-06-16 07:48:23,177 : INFO : EventManager : Event: ======'unexpected_ball_on_playfield'====== Args={}
2025-06-16 07:48:23,194 : INFO : SwitchController : <<<<<<< 's_pop3' inactive >>>>>>>
2025-06-16 07:48:24,423 : INFO : SwitchController : <<<<<<< 's_pop5' active >>>>>>>
2025-06-16 07:48:24,423 : INFO : EventManager : Event: ======'playfield_active'====== Args={}
2025-06-16 07:48:24,424 : INFO : EventManager : Event: ======'unexpected_ball_on_playfield'====== Args={}
2025-06-16 07:48:24,474 : INFO : SwitchController : <<<<<<< 's_pop5' inactive >>>>>>>
2025-06-16 07:48:24,611 : INFO : SwitchController : <<<<<<< 's_pop5' active >>>>>>>
2025-06-16 07:48:24,612 : INFO : EventManager : Event: ======'playfield_active'====== Args={}
2025-06-16 07:48:24,612 : INFO : EventManager : Event: ======'unexpected_ball_on_playfield'====== Args={}
2025-06-16 07:48:24,626 : INFO : SwitchController : <<<<<<< 's_pop5' inactive >>>>>>>
2025-06-16 07:48:24,720 : INFO : SwitchController : <<<<<<< 's_pop5' active >>>>>>>
2025-06-16 07:48:24,720 : INFO : EventManager : Event: ======'playfield_active'====== Args={}
2025-06-16 07:48:24,720 : INFO : EventManager : Event: ======'unexpected_ball_on_playfield'====== Args={}
2025-06-16 07:48:24,752 : INFO : SwitchController : <<<<<<< 's_pop5' inactive >>>>>>>
2025-06-16 07:48:24,785 : INFO : SwitchController : <<<<<<< 's_pop5' active >>>>>>>
2025-06-16 07:48:24,785 : INFO : EventManager : Event: ======'playfield_active'====== Args={}
2025-06-16 07:48:24,785 : INFO : EventManager : Event: ======'unexpected_ball_on_playfield'====== Args={}
2025-06-16 07:48:24,935 : INFO : SwitchController : <<<<<<< 's_pop5' inactive >>>>>>>
2025-06-16 07:48:25,568 : INFO : SwitchController : <<<<<<< 's_pop1' active >>>>>>>
2025-06-16 07:48:25,569 : INFO : EventManager : Event: ======'playfield_active'====== Args={}
2025-06-16 07:48:25,569 : INFO : EventManager : Event: ======'unexpected_ball_on_playfield'====== Args={}
2025-06-16 07:48:25,624 : INFO : SwitchController : <<<<<<< 's_pop1' inactive >>>>>>>
2025-06-16 07:48:26,543 : INFO : SwitchController : <<<<<<< 's_pop2' active >>>>>>>
2025-06-16 07:48:26,543 : INFO : EventManager : Event: ======'playfield_active'====== Args={}
2025-06-16 07:48:26,544 : INFO : EventManager : Event: ======'unexpected_ball_on_playfield'====== Args={}
2025-06-16 07:48:26,589 : INFO : SwitchController : <<<<<<< 's_pop2' inactive >>>>>>>
2025-06-16 07:48:27,011 : INFO : SwitchController : <<<<<<< 's_pop2' active >>>>>>>
2025-06-16 07:48:27,011 : INFO : EventManager : Event: ======'playfield_active'====== Args={}
2025-06-16 07:48:27,012 : INFO : EventManager : Event: ======'unexpected_ball_on_playfield'====== Args={}
2025-06-16 07:48:27,134 : INFO : SwitchController : <<<<<<< 's_pop2' inactive >>>>>>>
2025-06-16 07:48:27,866 : INFO : SwitchController : <<<<<<< 's_pop4' active >>>>>>>
2025-06-16 07:48:27,867 : INFO : EventManager : Event: ======'playfield_active'====== Args={}
2025-06-16 07:48:27,867 : INFO : EventManager : Event: ======'unexpected_ball_on_playfield'====== Args={}
2025-06-16 07:48:27,946 : INFO : SwitchController : <<<<<<< 's_pop4' inactive >>>>>>>
2025-06-16 07:48:29,039 : INFO : SwitchController : <<<<<<< 's_pop3' active >>>>>>>
2025-06-16 07:48:29,039 : INFO : EventManager : Event: ======'playfield_active'====== Args={}
2025-06-16 07:48:29,040 : INFO : EventManager : Event: ======'unexpected_ball_on_playfield'====== Args={}
2025-06-16 07:48:29,135 : INFO : SwitchController : <<<<<<< 's_pop3' inactive >>>>>>>
2025-06-16 07:48:35,325 : INFO : SwitchController : <<<<<<< 's_pop5' active >>>>>>>
2025-06-16 07:48:35,326 : INFO : EventManager : Event: ======'playfield_active'====== Args={}
2025-06-16 07:48:35,326 : INFO : EventManager : Event: ======'unexpected_ball_on_playfield'====== Args={}
2025-06-16 07:48:35,389 : INFO : SwitchController : <<<<<<< 's_pop5' inactive >>>>>>>
2025-06-16 07:48:35,620 : INFO : SwitchController : <<<<<<< 's_pop5' active >>>>>>>
2025-06-16 07:48:35,621 : INFO : EventManager : Event: ======'playfield_active'====== Args={}
2025-06-16 07:48:35,621 : INFO : EventManager : Event: ======'unexpected_ball_on_playfield'====== Args={}
2025-06-16 07:48:35,689 : INFO : SwitchController : <<<<<<< 's_pop5' inactive >>>>>>>
2025-06-16 07:48:48,908 : INFO : SwitchController : <<<<<<< 's_pop1' active >>>>>>>
2025-06-16 07:48:48,909 : INFO : EventManager : Event: ======'playfield_active'====== Args={}
2025-06-16 07:48:48,909 : INFO : EventManager : Event: ======'unexpected_ball_on_playfield'====== Args={}
2025-06-16 07:48:48,966 : INFO : SwitchController : <<<<<<< 's_pop1' inactive >>>>>>>
2025-06-16 07:48:49,868 : INFO : SwitchController : <<<<<<< 's_pop1' active >>>>>>>
2025-06-16 07:48:49,868 : INFO : EventManager : Event: ======'playfield_active'====== Args={}
2025-06-16 07:48:49,869 : INFO : EventManager : Event: ======'unexpected_ball_on_playfield'====== Args={}
2025-06-16 07:48:49,945 : INFO : SwitchController : <<<<<<< 's_pop1' inactive >>>>>>>
2025-06-16 07:48:51,084 : INFO : SwitchController : <<<<<<< 's_pop5' active >>>>>>>
2025-06-16 07:48:51,084 : INFO : EventManager : Event: ======'playfield_active'====== Args={}
2025-06-16 07:48:51,085 : INFO : EventManager : Event: ======'unexpected_ball_on_playfield'====== Args={}
2025-06-16 07:48:51,105 : INFO : SwitchController : <<<<<<< 's_pop5' inactive >>>>>>>
2025-06-16 07:48:51,552 : INFO : SwitchController : <<<<<<< 's_pop5' active >>>>>>>
2025-06-16 07:48:51,552 : INFO : EventManager : Event: ======'playfield_active'====== Args={}
2025-06-16 07:48:51,552 : INFO : EventManager : Event: ======'unexpected_ball_on_playfield'====== Args={}
2025-06-16 07:48:51,645 : INFO : SwitchController : <<<<<<< 's_pop5' inactive >>>>>>>
2025-06-16 07:48:51,896 : INFO : SwitchController : <<<<<<< 's_pop5' active >>>>>>>
2025-06-16 07:48:51,896 : INFO : EventManager : Event: ======'playfield_active'====== Args={}
2025-06-16 07:48:51,897 : INFO : EventManager : Event: ======'unexpected_ball_on_playfield'====== Args={}
2025-06-16 07:48:51,988 : INFO : SwitchController : <<<<<<< 's_pop5' inactive >>>>>>>
2025-06-16 07:48:52,162 : INFO : SwitchController : <<<<<<< 's_pop5' active >>>>>>>
2025-06-16 07:48:52,162 : INFO : EventManager : Event: ======'playfield_active'====== Args={}
2025-06-16 07:48:52,162 : INFO : EventManager : Event: ======'unexpected_ball_on_playfield'====== Args={}
2025-06-16 07:48:52,256 : INFO : SwitchController : <<<<<<< 's_pop5' inactive >>>>>>>
2025-06-16 07:48:52,384 : INFO : SwitchController : <<<<<<< 's_pop5' active >>>>>>>
2025-06-16 07:48:52,384 : INFO : EventManager : Event: ======'playfield_active'====== Args={}
2025-06-16 07:48:52,385 : INFO : EventManager : Event: ======'unexpected_ball_on_playfield'====== Args={}
2025-06-16 07:48:52,491 : INFO : SwitchController : <<<<<<< 's_pop5' inactive >>>>>>>
2025-06-16 07:48:55,771 : INFO : SwitchController : <<<<<<< 's_pop4' active >>>>>>>
2025-06-16 07:48:55,772 : INFO : EventManager : Event: ======'playfield_active'====== Args={}
2025-06-16 07:48:55,772 : INFO : EventManager : Event: ======'unexpected_ball_on_playfield'====== Args={}
2025-06-16 07:48:55,853 : INFO : SwitchController : <<<<<<< 's_pop4' inactive >>>>>>>
2025-06-16 07:48:56,184 : INFO : SwitchController : <<<<<<< 's_pop4' active >>>>>>>
2025-06-16 07:48:56,184 : INFO : EventManager : Event: ======'playfield_active'====== Args={}
2025-06-16 07:48:56,185 : INFO : EventManager : Event: ======'unexpected_ball_on_playfield'====== Args={}
2025-06-16 07:48:56,215 : INFO : SwitchController : <<<<<<< 's_pop4' inactive >>>>>>>
2025-06-16 07:48:56,931 : INFO : SwitchController : <<<<<<< 's_pop4' active >>>>>>>
2025-06-16 07:48:56,931 : INFO : EventManager : Event: ======'playfield_active'====== Args={}
2025-06-16 07:48:56,932 : INFO : EventManager : Event: ======'unexpected_ball_on_playfield'====== Args={}
2025-06-16 07:48:57,009 : INFO : SwitchController : <<<<<<< 's_pop4' inactive >>>>>>>
2025-06-16 07:48:57,477 : INFO : SwitchController : <<<<<<< 's_pop4' active >>>>>>>
2025-06-16 07:48:57,478 : INFO : EventManager : Event: ======'playfield_active'====== Args={}
2025-06-16 07:48:57,478 : INFO : EventManager : Event: ======'unexpected_ball_on_playfield'====== Args={}
2025-06-16 07:48:57,572 : INFO : SwitchController : <<<<<<< 's_pop4' inactive >>>>>>>
2025-06-16 07:49:03,948 : INFO : Machine : Shutting down...
2025-06-16 07:49:03,948 : INFO : EventManager : Event: ======'shutdown'====== Args={}
2025-06-16 07:49:03,952 : ERROR : OPP : Stop called on serial connection com3
2025-06-16 07:49:03,958 : ERROR : OPP : Stop called on serial connection com4
2025-06-16 07:49:03,958 : ERROR : asyncio : Exception in callback Util.raise_exceptions(<Task finishe...ection lost')>) at C:\Users\ruben\.local\pipx\venvs\mpf\lib\site-packages\mpf\core\utility_functions.py:759
handle: <Handle Util.raise_exceptions(<Task finishe...ection lost')>) at C:\Users\ruben\.local\pipx\venvs\mpf\lib\site-packages\mpf\core\utility_functions.py:759>
Traceback (most recent call last):
  File "C:\Users\ruben\AppData\Local\Programs\Python\Python39\lib\asyncio\events.py", line 80, in _run
    self._context.run(self._callback, *self._args)
  File "C:\Users\ruben\.local\pipx\venvs\mpf\lib\site-packages\mpf\core\utility_functions.py", line 767, in raise_exceptions
    future.result()
  File "C:\Users\ruben\.local\pipx\venvs\mpf\lib\site-packages\mpf\platforms\opp\opp.py", line 965, in _poll_sender
    await self.opp_connection[chain_serial].writer.drain()
  File "C:\Users\ruben\AppData\Local\Programs\Python\Python39\lib\asyncio\streams.py", line 387, in drain
    await self._protocol._drain_helper()
  File "C:\Users\ruben\AppData\Local\Programs\Python\Python39\lib\asyncio\streams.py", line 190, in _drain_helper
    raise ConnectionResetError('Connection lost')
ConnectionResetError: Connection lost
2025-06-16 07:49:04,236 : WARNING : OPP : Poll took more than 250.0ms for 0
2025-06-16 07:49:04,238 : ERROR : asyncio : Exception in callback Util.raise_exceptions(<Task finishe...ute 'write'")>) at C:\Users\ruben\.local\pipx\venvs\mpf\lib\site-packages\mpf\core\utility_functions.py:759
handle: <Handle Util.raise_exceptions(<Task finishe...ute 'write'")>) at C:\Users\ruben\.local\pipx\venvs\mpf\lib\site-packages\mpf\core\utility_functions.py:759>
Traceback (most recent call last):
  File "C:\Users\ruben\AppData\Local\Programs\Python\Python39\lib\asyncio\events.py", line 80, in _run
    self._context.run(self._callback, *self._args)
  File "C:\Users\ruben\.local\pipx\venvs\mpf\lib\site-packages\mpf\core\utility_functions.py", line 767, in raise_exceptions
    future.result()
  File "C:\Users\ruben\.local\pipx\venvs\mpf\lib\site-packages\mpf\platforms\opp\opp.py", line 964, in _poll_sender
    self.send_to_processor(chain_serial, self.read_input_msg[chain_serial])
  File "C:\Users\ruben\.local\pipx\venvs\mpf\lib\site-packages\mpf\platforms\opp\opp.py", line 345, in send_to_processor
    self.opp_connection[chain_serial].send(msg)
  File "C:\Users\ruben\.local\pipx\venvs\mpf\lib\site-packages\mpf\platforms\base_serial_communicator.py", line 160, in send
    self.writer.write(msg)
AttributeError: 'NoneType' object has no attribute 'write'
2025-06-16 07:49:04,266 : INFO : root : MPF run loop ended.
