2025-06-16 08:18:35,517 : INFO : root : Loading config.
2025-06-16 08:18:35,517 : INFO : YamlMultifileConfigLoader : Machine config file #1: config.yaml
2025-06-16 08:18:35,517 : INFO : ConfigProcessor : Loading config from cache: C:\Users\ruben\AppData\Local\Temp\a17888e5e1df298d67e07ada0b1bff4a.mpf_cache
2025-06-16 08:18:35,532 : WARNING : ConfigProcessor : Config file in cache changed: C:\pinball\my_machine\config\coils.yaml
2025-06-16 08:18:35,532 : INFO : ConfigProcessor : Loading config from file C:\Users\ruben\.local\pipx\venvs\mpf\lib\site-packages\mpf\mpfconfig.yaml.
2025-06-16 08:18:35,704 : INFO : ConfigProcessor : Loading config: C:\Users\ruben\.local\pipx\venvs\mpf\lib\site-packages\mpf\mpfconfig.yaml
2025-06-16 08:18:35,704 : INFO : ConfigProcessor : Loading config from file C:\pinball\my_machine\config\config.yaml.
2025-06-16 08:18:35,704 : INFO : ConfigProcessor : Loading config: C:\pinball\my_machine\config\config.yaml
2025-06-16 08:18:35,704 : INFO : ConfigProcessor : Loading config: C:\pinball\my_machine\config\hardware.yaml
2025-06-16 08:18:35,720 : INFO : ConfigProcessor : Loading config: C:\pinball\my_machine\config\switches.yaml
2025-06-16 08:18:35,736 : INFO : ConfigProcessor : Loading config: C:\pinball\my_machine\config\coils.yaml
2025-06-16 08:18:35,769 : INFO : ConfigProcessor : Loading config: C:\pinball\my_machine\config\devices.yaml
2025-06-16 08:18:35,773 : INFO : ConfigProcessor : Loading config: C:\pinball\my_machine\config\displays.yaml
2025-06-16 08:18:35,773 : INFO : ConfigProcessor : Loading config: C:\pinball\my_machine\config\slides.yaml
2025-06-16 08:18:35,773 : INFO : ConfigProcessor : Config file cache created: C:\Users\ruben\AppData\Local\Temp\a17888e5e1df298d67e07ada0b1bff4a.mpf_cache
2025-06-16 08:18:35,930 : INFO : ConfigProcessor : Loading config from cache: C:\Users\ruben\AppData\Local\Temp\67cf8ffee0fce2d4fcb5ef0bb894d8de.mpf_cache
2025-06-16 08:18:35,930 : INFO : ConfigProcessor : Loading config from cache: C:\Users\ruben\AppData\Local\Temp\25321780674732dcacb77a8f5b2a53cd.mpf_cache
2025-06-16 08:18:35,930 : INFO : ConfigProcessor : Loading config from cache: C:\Users\ruben\AppData\Local\Temp\195f66f1d07408d279921a878741edf5.mpf_cache
2025-06-16 08:18:35,930 : INFO : Machine : Mission Pinball Framework Core Engine v0.56.0
2025-06-16 08:18:35,930 : INFO : Machine : Command line arguments: {'no_load_cache': False, 'create_config_cache': True, 'bcp': True, 'configfile': ['config.yaml'], 'force_assets_load': False, 'jsonlogging': False, 'logfile': 'logs\\2025-06-16-08-18-35-mpf-DESKTOP-11MEIVG.log', 'pause': False, 'production': False, 'text_ui': True, 'loglevel': 15, 'consoleloglevel': 20, 'force_platform': None, 'syslog_address': None, 'mc_file_name': None, 'no_sound': False}
2025-06-16 08:18:35,930 : INFO : Machine : MPF path: C:\Users\ruben\.local\pipx\venvs\mpf\lib\site-packages\mpf
2025-06-16 08:18:35,930 : INFO : Machine : Machine path: C:\pinball\my_machine
2025-06-16 08:18:35,930 : INFO : Machine : Platform: win32
2025-06-16 08:18:35,930 : INFO : Machine : Python executable location: C:\Users\ruben\.local\pipx\venvs\mpf\Scripts\python.exe
2025-06-16 08:18:35,930 : INFO : Machine : Python version: 3.9.13 (64-bit)
2025-06-16 08:18:35,930 : INFO : Machine : Initialise MPF.
2025-06-16 08:18:36,257 : INFO : OPP : Connecting to com3 at 115200bps
2025-06-16 08:18:36,339 : INFO : OPP : Init of OPP board 1 done
2025-06-16 08:18:36,339 : INFO : OPP : Connecting to com4 at 115200bps
2025-06-16 08:18:36,500 : INFO : OPP : Init of OPP board 0 done
2025-06-16 08:18:36,501 : INFO : EventManager : Event: ======'machine_var_credits_string'====== Args={'value': 'FREE PLAY', 'prev_value': None, 'change': True}
2025-06-16 08:18:36,585 : INFO : EventManager : Event: ======'machine_var_master_volume'====== Args={'value': 0.5, 'prev_value': None, 'change': True}
2025-06-16 08:18:36,585 : INFO : EventManager : Event: ======'machine_var_player1_score'====== Args={'value': 0, 'prev_value': None, 'change': True}
2025-06-16 08:18:36,585 : INFO : EventManager : Event: ======'machine_var_mpf_version'====== Args={'value': 'MPF v0.56.0', 'prev_value': None, 'change': True}
2025-06-16 08:18:36,586 : INFO : EventManager : Event: ======'machine_var_mpf_extended_version'====== Args={'value': 'MPF v0.56.0, Config version:5, Show version: 5, BCP version:1.1', 'prev_value': None, 'change': True}
2025-06-16 08:18:36,586 : INFO : EventManager : Event: ======'machine_var_python_version'====== Args={'value': '3.9.13', 'prev_value': None, 'change': True}
2025-06-16 08:18:36,599 : INFO : EventManager : Event: ======'machine_var_platform'====== Args={'value': 'Windows-10-10.0.19045-SP0', 'prev_value': None, 'change': True}
2025-06-16 08:18:36,599 : INFO : EventManager : Event: ======'machine_var_platform_system'====== Args={'value': 'Windows', 'prev_value': None, 'change': True}
2025-06-16 08:18:36,599 : INFO : EventManager : Event: ======'machine_var_platform_release'====== Args={'value': '10', 'prev_value': None, 'change': True}
2025-06-16 08:18:36,599 : INFO : EventManager : Event: ======'machine_var_platform_version'====== Args={'value': '10.0.19045', 'prev_value': None, 'change': True}
2025-06-16 08:18:36,599 : INFO : EventManager : Event: ======'machine_var_platform_machine'====== Args={'value': 'AMD64', 'prev_value': None, 'change': True}
2025-06-16 08:18:36,600 : INFO : EventManager : Event: ======'init_phase_1'====== Args={}
2025-06-16 08:18:36,628 : INFO : EventManager : Event: ======'init_phase_2'====== Args={}
2025-06-16 08:18:36,633 : INFO : EventManager : Event: ======'bcp_connection_attempt'====== Args={'name': 'local_display', 'host': 'localhost', 'port': 5050}
2025-06-16 08:18:36,635 : INFO : BCPClientSocket : Connecting BCP to 'local_display' at localhost:5050...
2025-06-16 08:18:39,183 : INFO : BCPClientSocket : Connected BCP to 'local_display' localhost:5050
2025-06-16 08:18:39,186 : INFO : EventManager : Event: ======'bcp_clients_connected'====== Args={}
2025-06-16 08:18:39,228 : INFO : ball_device.bd_trough : BCH: Initial count: 0
2025-06-16 08:18:39,237 : INFO : EventManager : Event: ======'machine_var_mc_version'====== Args={'value': 'MPF-MC v0.56.1', 'prev_value': None, 'change': True}
2025-06-16 08:18:39,239 : INFO : EventManager : Event: ======'machine_var_mc_extended_version'====== Args={'value': 'MPF-MC v0.56.1 (config_version=5, BCP v1.1,                      Requires MPF API compatibility v0.56.0 or newer)', 'prev_value': None, 'change': True}
2025-06-16 08:18:39,249 : INFO : ball_device.bd_trough : State: idle
2025-06-16 08:18:39,319 : INFO : EventManager : Event: ======'init_phase_3'====== Args={}
2025-06-16 08:18:39,324 : INFO : EventManager : Event: ======'init_phase_4'====== Args={}
2025-06-16 08:18:39,325 : INFO : BallController : Initial balls found: 0
2025-06-16 08:18:39,326 : INFO : EventManager : Event: ======'machine_var_audits_events_game_ended'====== Args={'value': 50, 'prev_value': None, 'change': True}
2025-06-16 08:18:39,327 : INFO : EventManager : Event: ======'machine_var_audits_events_game_started'====== Args={'value': 98, 'prev_value': None, 'change': True}
2025-06-16 08:18:39,327 : INFO : EventManager : Event: ======'machine_var_audits_missing_switches_s_left_flipper'====== Args={'value': 8, 'prev_value': None, 'change': True}
2025-06-16 08:18:39,327 : INFO : EventManager : Event: ======'machine_var_audits_missing_switches_s_left_inlane1'====== Args={'value': 8, 'prev_value': None, 'change': True}
2025-06-16 08:18:39,327 : INFO : EventManager : Event: ======'machine_var_audits_missing_switches_s_left_inlane2'====== Args={'value': 8, 'prev_value': None, 'change': True}
2025-06-16 08:18:39,328 : INFO : EventManager : Event: ======'machine_var_audits_missing_switches_s_left_outlane'====== Args={'value': 9, 'prev_value': None, 'change': True}
2025-06-16 08:18:39,328 : INFO : EventManager : Event: ======'machine_var_audits_missing_switches_s_left_slingshot'====== Args={'value': 9, 'prev_value': None, 'change': True}
2025-06-16 08:18:39,328 : INFO : EventManager : Event: ======'machine_var_audits_missing_switches_s_pop1'====== Args={'value': 9, 'prev_value': None, 'change': True}
2025-06-16 08:18:39,328 : INFO : EventManager : Event: ======'machine_var_audits_missing_switches_s_pop2'====== Args={'value': 9, 'prev_value': None, 'change': True}
2025-06-16 08:18:39,328 : INFO : EventManager : Event: ======'machine_var_audits_missing_switches_s_pop3'====== Args={'value': 9, 'prev_value': None, 'change': True}
2025-06-16 08:18:39,329 : INFO : EventManager : Event: ======'machine_var_audits_missing_switches_s_pop4'====== Args={'value': 8, 'prev_value': None, 'change': True}
2025-06-16 08:18:39,329 : INFO : EventManager : Event: ======'machine_var_audits_missing_switches_s_pop5'====== Args={'value': 8, 'prev_value': None, 'change': True}
2025-06-16 08:18:39,329 : INFO : EventManager : Event: ======'machine_var_audits_missing_switches_s_right_inlane'====== Args={'value': 9, 'prev_value': None, 'change': True}
2025-06-16 08:18:39,329 : INFO : EventManager : Event: ======'machine_var_audits_missing_switches_s_right_outlane'====== Args={'value': 9, 'prev_value': None, 'change': True}
2025-06-16 08:18:39,330 : INFO : EventManager : Event: ======'machine_var_audits_missing_switches_s_right_slingshot'====== Args={'value': 9, 'prev_value': None, 'change': True}
2025-06-16 08:18:39,330 : INFO : EventManager : Event: ======'machine_var_audits_missing_switches_s_scoop_center'====== Args={'value': 8, 'prev_value': None, 'change': True}
2025-06-16 08:18:39,330 : INFO : EventManager : Event: ======'machine_var_audits_missing_switches_s_scoop_right'====== Args={'value': 9, 'prev_value': None, 'change': True}
2025-06-16 08:18:39,331 : INFO : EventManager : Event: ======'machine_var_audits_missing_switches_s_startButton'====== Args={'value': 9, 'prev_value': None, 'change': True}
2025-06-16 08:18:39,331 : INFO : EventManager : Event: ======'machine_var_audits_missing_switches_s_trough1'====== Args={'value': 9, 'prev_value': None, 'change': True}
2025-06-16 08:18:39,332 : INFO : EventManager : Event: ======'machine_var_audits_missing_switches_s_trough2'====== Args={'value': 9, 'prev_value': None, 'change': True}
2025-06-16 08:18:39,332 : INFO : EventManager : Event: ======'machine_var_audits_missing_switches_s_trough3'====== Args={'value': 9, 'prev_value': None, 'change': True}
2025-06-16 08:18:39,333 : INFO : EventManager : Event: ======'machine_var_audits_missing_switches_s_trough4'====== Args={'value': 9, 'prev_value': None, 'change': True}
2025-06-16 08:18:39,333 : INFO : EventManager : Event: ======'machine_var_audits_missing_switches_s_trough5'====== Args={'value': 8, 'prev_value': None, 'change': True}
2025-06-16 08:18:39,333 : INFO : EventManager : Event: ======'machine_var_audits_player_score'====== Args={'value': {'average': 0.0, 'top': [0, 0, 0, 0, 0, 0, 0, 0, 0, 0], 'total': 50}, 'prev_value': None, 'change': True}
2025-06-16 08:18:39,334 : INFO : EventManager : Event: ======'machine_var_audits_switches_s_drop_bank1'====== Args={'value': 140, 'prev_value': None, 'change': True}
2025-06-16 08:18:39,334 : INFO : EventManager : Event: ======'machine_var_audits_switches_s_left_flipper'====== Args={'value': 2280, 'prev_value': None, 'change': True}
2025-06-16 08:18:39,334 : INFO : EventManager : Event: ======'machine_var_audits_switches_s_left_inlane1'====== Args={'value': 1, 'prev_value': None, 'change': True}
2025-06-16 08:18:39,335 : INFO : EventManager : Event: ======'machine_var_audits_switches_s_left_inlane2'====== Args={'value': 1, 'prev_value': None, 'change': True}
2025-06-16 08:18:39,335 : INFO : EventManager : Event: ======'machine_var_audits_switches_s_left_outlane'====== Args={'value': 0, 'prev_value': None, 'change': True}
2025-06-16 08:18:39,335 : INFO : EventManager : Event: ======'machine_var_audits_switches_s_left_slingshot'====== Args={'value': 290, 'prev_value': None, 'change': True}
2025-06-16 08:18:39,335 : INFO : EventManager : Event: ======'machine_var_audits_switches_s_plunger'====== Args={'value': 5, 'prev_value': None, 'change': True}
2025-06-16 08:18:39,336 : INFO : EventManager : Event: ======'machine_var_audits_switches_s_pop1'====== Args={'value': 0, 'prev_value': None, 'change': True}
2025-06-16 08:18:39,336 : INFO : EventManager : Event: ======'machine_var_audits_switches_s_pop2'====== Args={'value': 0, 'prev_value': None, 'change': True}
2025-06-16 08:18:39,336 : INFO : EventManager : Event: ======'machine_var_audits_switches_s_pop3'====== Args={'value': 0, 'prev_value': None, 'change': True}
2025-06-16 08:18:39,337 : INFO : EventManager : Event: ======'machine_var_audits_switches_s_pop4'====== Args={'value': 1, 'prev_value': None, 'change': True}
2025-06-16 08:18:39,337 : INFO : EventManager : Event: ======'machine_var_audits_switches_s_pop5'====== Args={'value': 1, 'prev_value': None, 'change': True}
2025-06-16 08:18:39,337 : INFO : EventManager : Event: ======'machine_var_audits_switches_s_pop_bot'====== Args={'value': 426, 'prev_value': None, 'change': True}
2025-06-16 08:18:39,337 : INFO : EventManager : Event: ======'machine_var_audits_switches_s_pop_mid'====== Args={'value': 351, 'prev_value': None, 'change': True}
2025-06-16 08:18:39,338 : INFO : EventManager : Event: ======'machine_var_audits_switches_s_pop_top'====== Args={'value': 302, 'prev_value': None, 'change': True}
2025-06-16 08:18:39,338 : INFO : EventManager : Event: ======'machine_var_audits_switches_s_right_flipper'====== Args={'value': 2332, 'prev_value': None, 'change': True}
2025-06-16 08:18:39,338 : INFO : EventManager : Event: ======'machine_var_audits_switches_s_right_inlane'====== Args={'value': 57, 'prev_value': None, 'change': True}
2025-06-16 08:18:39,339 : INFO : EventManager : Event: ======'machine_var_audits_switches_s_right_outlane'====== Args={'value': 0, 'prev_value': None, 'change': True}
2025-06-16 08:18:39,339 : INFO : EventManager : Event: ======'machine_var_audits_switches_s_right_slingshot'====== Args={'value': 255, 'prev_value': None, 'change': True}
2025-06-16 08:18:39,339 : INFO : EventManager : Event: ======'machine_var_audits_switches_s_scoop_center'====== Args={'value': 1, 'prev_value': None, 'change': True}
2025-06-16 08:18:39,340 : INFO : EventManager : Event: ======'machine_var_audits_switches_s_scoop_lower'====== Args={'value': 220, 'prev_value': None, 'change': True}
2025-06-16 08:18:39,340 : INFO : EventManager : Event: ======'machine_var_audits_switches_s_scoop_right'====== Args={'value': 0, 'prev_value': None, 'change': True}
2025-06-16 08:18:39,340 : INFO : EventManager : Event: ======'machine_var_audits_switches_s_shooter_lane'====== Args={'value': 8, 'prev_value': None, 'change': True}
2025-06-16 08:18:39,340 : INFO : EventManager : Event: ======'machine_var_audits_switches_s_startButton'====== Args={'value': 34, 'prev_value': None, 'change': True}
2025-06-16 08:18:39,341 : INFO : EventManager : Event: ======'machine_var_audits_switches_s_trough1'====== Args={'value': 303, 'prev_value': None, 'change': True}
2025-06-16 08:18:39,342 : INFO : EventManager : Event: ======'machine_var_audits_switches_s_trough2'====== Args={'value': 1, 'prev_value': None, 'change': True}
2025-06-16 08:18:39,342 : INFO : EventManager : Event: ======'machine_var_audits_switches_s_trough3'====== Args={'value': 1, 'prev_value': None, 'change': True}
2025-06-16 08:18:39,342 : INFO : EventManager : Event: ======'machine_var_audits_switches_s_trough4'====== Args={'value': 1, 'prev_value': None, 'change': True}
2025-06-16 08:18:39,343 : INFO : EventManager : Event: ======'machine_var_audits_switches_s_trough5'====== Args={'value': 1, 'prev_value': None, 'change': True}
2025-06-16 08:18:39,344 : INFO : EventManager : Event: ======'init_phase_5'====== Args={}
2025-06-16 08:18:39,348 : INFO : EventManager : Event: ======'init_done'====== Args={}
2025-06-16 08:18:39,349 : INFO : EventManager : Event: ======'machine_reset_phase_1'====== Args={}
2025-06-16 08:18:39,364 : INFO : EventManager : Event: ======'slide_welcome_slide_removed'====== Args={'_from_bcp': True}
2025-06-16 08:18:39,369 : INFO : EventManager : Event: ======'slide_welcome_slide_created'====== Args={'_from_bcp': True}
2025-06-16 08:18:39,371 : INFO : EventManager : Event: ======'machine_reset_phase_2'====== Args={}
2025-06-16 08:18:39,372 : INFO : EventManager : Event: ======'machine_reset_phase_3'====== Args={}
2025-06-16 08:18:39,375 : INFO : EventManager : Event: ======'slide_welcome_slide_active'====== Args={'_from_bcp': True}
2025-06-16 08:18:39,376 : INFO : EventManager : Event: ======'reset_complete'====== Args={}
2025-06-16 08:18:39,377 : INFO : EventManager : Event: ======'mode_attract_will_start'====== Args={}
2025-06-16 08:18:39,378 : INFO : EventManager : Event: ======'mode_attract_starting'====== Args={}
2025-06-16 08:18:39,379 : INFO : Mode.attract : Started. Priority: 10
2025-06-16 08:18:39,379 : INFO : EventManager : Event: ======'modes_active_modes_changed'====== Args={}
2025-06-16 08:18:39,379 : INFO : EventManager : Event: ======'mode_attract_started'====== Args={}
2025-06-16 08:18:39,379 : INFO : EventManager : Event: ======'collecting_balls_complete'====== Args={}
2025-06-16 08:18:39,403 : INFO : EventManager : Event: ======'slide_attract_started_created'====== Args={'_from_bcp': True}
2025-06-16 08:18:39,403 : INFO : EventManager : Event: ======'slide_attract_started_active'====== Args={'_from_bcp': True}
2025-06-16 08:18:39,403 : INFO : Machine : Starting the main run loop.
2025-06-16 08:18:40,041 : INFO : SwitchController : <<<<<<< 's_pop3' active >>>>>>>
2025-06-16 08:18:40,042 : INFO : EventManager : Event: ======'playfield_active'====== Args={}
2025-06-16 08:18:40,042 : INFO : EventManager : Event: ======'unexpected_ball_on_playfield'====== Args={}
2025-06-16 08:18:40,208 : INFO : SwitchController : <<<<<<< 's_pop3' inactive >>>>>>>
2025-06-16 08:18:40,318 : INFO : SwitchController : <<<<<<< 's_pop3' active >>>>>>>
2025-06-16 08:18:40,318 : INFO : EventManager : Event: ======'playfield_active'====== Args={}
2025-06-16 08:18:40,319 : INFO : EventManager : Event: ======'unexpected_ball_on_playfield'====== Args={}
2025-06-16 08:18:40,413 : INFO : SwitchController : <<<<<<< 's_pop3' inactive >>>>>>>
2025-06-16 08:18:40,504 : INFO : SwitchController : <<<<<<< 's_pop3' active >>>>>>>
2025-06-16 08:18:40,505 : INFO : EventManager : Event: ======'playfield_active'====== Args={}
2025-06-16 08:18:40,505 : INFO : EventManager : Event: ======'unexpected_ball_on_playfield'====== Args={}
2025-06-16 08:18:40,613 : INFO : SwitchController : <<<<<<< 's_pop3' inactive >>>>>>>
2025-06-16 08:18:40,690 : INFO : SwitchController : <<<<<<< 's_pop3' active >>>>>>>
2025-06-16 08:18:40,691 : INFO : EventManager : Event: ======'playfield_active'====== Args={}
2025-06-16 08:18:40,691 : INFO : EventManager : Event: ======'unexpected_ball_on_playfield'====== Args={}
2025-06-16 08:18:40,784 : INFO : SwitchController : <<<<<<< 's_pop3' inactive >>>>>>>
2025-06-16 08:18:41,081 : INFO : SwitchController : <<<<<<< 's_pop3' active >>>>>>>
2025-06-16 08:18:41,082 : INFO : EventManager : Event: ======'playfield_active'====== Args={}
2025-06-16 08:18:41,082 : INFO : EventManager : Event: ======'unexpected_ball_on_playfield'====== Args={}
2025-06-16 08:18:41,191 : INFO : SwitchController : <<<<<<< 's_pop3' inactive >>>>>>>
2025-06-16 08:18:41,695 : INFO : SwitchController : <<<<<<< 's_pop3' active >>>>>>>
2025-06-16 08:18:41,696 : INFO : EventManager : Event: ======'playfield_active'====== Args={}
2025-06-16 08:18:41,696 : INFO : EventManager : Event: ======'unexpected_ball_on_playfield'====== Args={}
2025-06-16 08:18:41,806 : INFO : SwitchController : <<<<<<< 's_pop3' inactive >>>>>>>
2025-06-16 08:18:41,895 : INFO : SwitchController : <<<<<<< 's_pop3' active >>>>>>>
2025-06-16 08:18:41,895 : INFO : EventManager : Event: ======'playfield_active'====== Args={}
2025-06-16 08:18:41,896 : INFO : EventManager : Event: ======'unexpected_ball_on_playfield'====== Args={}
2025-06-16 08:18:42,069 : INFO : SwitchController : <<<<<<< 's_pop3' inactive >>>>>>>
2025-06-16 08:18:42,320 : INFO : SwitchController : <<<<<<< 's_pop3' active >>>>>>>
2025-06-16 08:18:42,321 : INFO : EventManager : Event: ======'playfield_active'====== Args={}
2025-06-16 08:18:42,321 : INFO : EventManager : Event: ======'unexpected_ball_on_playfield'====== Args={}
2025-06-16 08:18:42,492 : INFO : SwitchController : <<<<<<< 's_pop3' inactive >>>>>>>
2025-06-16 08:18:42,506 : INFO : SwitchController : <<<<<<< 's_pop3' active >>>>>>>
2025-06-16 08:18:42,506 : INFO : EventManager : Event: ======'playfield_active'====== Args={}
2025-06-16 08:18:42,507 : INFO : EventManager : Event: ======'unexpected_ball_on_playfield'====== Args={}
2025-06-16 08:18:42,772 : INFO : SwitchController : <<<<<<< 's_pop3' inactive >>>>>>>
2025-06-16 08:18:42,914 : INFO : SwitchController : <<<<<<< 's_pop3' active >>>>>>>
2025-06-16 08:18:42,915 : INFO : EventManager : Event: ======'playfield_active'====== Args={}
2025-06-16 08:18:42,915 : INFO : EventManager : Event: ======'unexpected_ball_on_playfield'====== Args={}
2025-06-16 08:18:43,036 : INFO : SwitchController : <<<<<<< 's_pop3' inactive >>>>>>>
2025-06-16 08:18:43,162 : INFO : SwitchController : <<<<<<< 's_pop3' active >>>>>>>
2025-06-16 08:18:43,162 : INFO : EventManager : Event: ======'playfield_active'====== Args={}
2025-06-16 08:18:43,163 : INFO : EventManager : Event: ======'unexpected_ball_on_playfield'====== Args={}
2025-06-16 08:18:43,334 : INFO : SwitchController : <<<<<<< 's_pop3' inactive >>>>>>>
2025-06-16 08:18:43,371 : INFO : SwitchController : <<<<<<< 's_pop3' active >>>>>>>
2025-06-16 08:18:43,371 : INFO : EventManager : Event: ======'playfield_active'====== Args={}
2025-06-16 08:18:43,372 : INFO : EventManager : Event: ======'unexpected_ball_on_playfield'====== Args={}
2025-06-16 08:18:43,561 : INFO : SwitchController : <<<<<<< 's_pop3' inactive >>>>>>>
2025-06-16 08:18:43,682 : INFO : SwitchController : <<<<<<< 's_pop3' active >>>>>>>
2025-06-16 08:18:43,682 : INFO : EventManager : Event: ======'playfield_active'====== Args={}
2025-06-16 08:18:43,682 : INFO : EventManager : Event: ======'unexpected_ball_on_playfield'====== Args={}
2025-06-16 08:18:43,856 : INFO : SwitchController : <<<<<<< 's_pop3' inactive >>>>>>>
2025-06-16 08:18:43,932 : INFO : SwitchController : <<<<<<< 's_pop3' active >>>>>>>
2025-06-16 08:18:43,932 : INFO : EventManager : Event: ======'playfield_active'====== Args={}
2025-06-16 08:18:43,933 : INFO : EventManager : Event: ======'unexpected_ball_on_playfield'====== Args={}
2025-06-16 08:18:43,978 : INFO : SwitchController : <<<<<<< 's_pop3' inactive >>>>>>>
2025-06-16 08:18:44,031 : INFO : SwitchController : <<<<<<< 's_pop3' active >>>>>>>
2025-06-16 08:18:44,031 : INFO : EventManager : Event: ======'playfield_active'====== Args={}
2025-06-16 08:18:44,031 : INFO : EventManager : Event: ======'unexpected_ball_on_playfield'====== Args={}
2025-06-16 08:18:44,134 : INFO : SwitchController : <<<<<<< 's_pop3' inactive >>>>>>>
2025-06-16 08:18:44,243 : INFO : SwitchController : <<<<<<< 's_pop3' active >>>>>>>
2025-06-16 08:18:44,243 : INFO : EventManager : Event: ======'playfield_active'====== Args={}
2025-06-16 08:18:44,243 : INFO : EventManager : Event: ======'unexpected_ball_on_playfield'====== Args={}
2025-06-16 08:18:44,337 : INFO : SwitchController : <<<<<<< 's_pop3' inactive >>>>>>>
2025-06-16 08:18:49,052 : INFO : Machine : Shutting down...
2025-06-16 08:18:49,053 : INFO : EventManager : Event: ======'shutdown'====== Args={}
2025-06-16 08:18:49,062 : ERROR : OPP : Stop called on serial connection com3
2025-06-16 08:18:49,090 : ERROR : OPP : Stop called on serial connection com4
2025-06-16 08:18:49,099 : INFO : root : MPF run loop ended.
