2025-07-06 16:58:08,517 : INFO : root : Loading config.
2025-07-06 16:58:08,519 : INFO : YamlMultifileConfigLoader : Machine config file #1: config.yaml
2025-07-06 16:58:08,519 : INFO : ConfigProcessor : Loading config from cache: /var/folders/9g/7xjb17l959g1fnq4pjl5c5p80000gn/T/1941ac2cbc7f60a15b77e866ee64bff5.mpf_cache
2025-07-06 16:58:08,538 : INFO : ConfigProcessor : Loading config from cache: /var/folders/9g/7xjb17l959g1fnq4pjl5c5p80000gn/T/f574f59b1e0fcbb2258348220f26b9cc.mpf_cache
2025-07-06 16:58:08,538 : INFO : ConfigProcessor : Loading config from cache: /var/folders/9g/7xjb17l959g1fnq4pjl5c5p80000gn/T/edcc5f1d3215b377c9faab88c62e4ce0.mpf_cache
2025-07-06 16:58:08,538 : INFO : ConfigProcessor : Loading config from cache: /var/folders/9g/7xjb17l959g1fnq4pjl5c5p80000gn/T/174d451d321a0971202b746018364536.mpf_cache
2025-07-06 16:58:08,539 : INFO : ConfigProcessor : Loading config from cache: /var/folders/9g/7xjb17l959g1fnq4pjl5c5p80000gn/T/f574f59b1e0fcbb2258348220f26b9cc.mpf_cache
2025-07-06 16:58:08,539 : WARNING : ConfigProcessor : Config file in cache changed: /Users/ruben/Pinball/mpf-pinball/modes/grave_targets/config/grave_targets.yaml
2025-07-06 16:58:08,539 : INFO : ConfigProcessor : Loading config from file /Users/ruben/Pinball/mpf-pinball/modes/grave_targets/config/grave_targets.yaml.
2025-07-06 16:58:08,540 : INFO : ConfigProcessor : Loading config: /Users/ruben/Pinball/mpf-pinball/modes/grave_targets/config/grave_targets.yaml
2025-07-06 16:58:08,541 : INFO : ConfigProcessor : Config file cache created: /var/folders/9g/7xjb17l959g1fnq4pjl5c5p80000gn/T/c284941e722380023d767d5e99e91837.mpf_cache
2025-07-06 16:58:08,541 : INFO : ConfigProcessor : Loading config from cache: /var/folders/9g/7xjb17l959g1fnq4pjl5c5p80000gn/T/eb471d6ccb0819d362663d6a8f2acf38.mpf_cache
2025-07-06 16:58:08,541 : INFO : ConfigProcessor : Loading config from cache: /var/folders/9g/7xjb17l959g1fnq4pjl5c5p80000gn/T/d59102b8edab9d29c936bc5103c31ce3.mpf_cache
2025-07-06 16:58:08,541 : INFO : ConfigProcessor : Loading config from cache: /var/folders/9g/7xjb17l959g1fnq4pjl5c5p80000gn/T/47fef8a1453daf1c032af9b266173dc7.mpf_cache
2025-07-06 16:58:08,541 : INFO : ConfigProcessor : Loading config from cache: /var/folders/9g/7xjb17l959g1fnq4pjl5c5p80000gn/T/099d4b18c0884da431b87dd690bf4c32.mpf_cache
2025-07-06 16:58:08,542 : INFO : ConfigProcessor : Loading config from cache: /var/folders/9g/7xjb17l959g1fnq4pjl5c5p80000gn/T/598981ad252bde5d57763e28fc8e8246.mpf_cache
2025-07-06 16:58:08,542 : INFO : ConfigProcessor : Loading config from cache: /var/folders/9g/7xjb17l959g1fnq4pjl5c5p80000gn/T/7d84a1dad0271550171325475a6e1af4.mpf_cache
2025-07-06 16:58:08,542 : INFO : ConfigProcessor : Loading config from cache: /var/folders/9g/7xjb17l959g1fnq4pjl5c5p80000gn/T/f238ae40b962a84c30d7301a20ca1dae.mpf_cache
2025-07-06 16:58:08,542 : INFO : ConfigProcessor : Loading config from cache: /var/folders/9g/7xjb17l959g1fnq4pjl5c5p80000gn/T/a93e216f51b341135614380ce5b2c95b.mpf_cache
2025-07-06 16:58:08,542 : INFO : ConfigProcessor : Loading config from cache: /var/folders/9g/7xjb17l959g1fnq4pjl5c5p80000gn/T/e915b2173a980311df13d8013999f00c.mpf_cache
2025-07-06 16:58:08,542 : INFO : ConfigProcessor : Loading config from cache: /var/folders/9g/7xjb17l959g1fnq4pjl5c5p80000gn/T/b77620ad9425e89373db73baff92c60d.mpf_cache
2025-07-06 16:58:08,542 : INFO : Machine : Mission Pinball Framework Core Engine v0.57.3
2025-07-06 16:58:08,542 : INFO : Machine : Command line arguments: {'no_load_cache': False, 'create_config_cache': True, 'bcp': True, 'configfile': ['config.yaml'], 'force_assets_load': False, 'platform_integration_test': False, 'jsonlogging': False, 'logfile': 'logs/2025-07-06-16-58-08-mpf-ruben.home.log', 'pause': False, 'production': False, 'text_ui': True, 'loglevel': 15, 'consoleloglevel': 20, 'force_platform': 'smart_virtual', 'syslog_address': None, 'mc_file_name': None, 'no_sound': False}
2025-07-06 16:58:08,542 : INFO : Machine : MPF path: /Library/Frameworks/Python.framework/Versions/3.9/lib/python3.9/site-packages/mpf
2025-07-06 16:58:08,542 : INFO : Machine : Machine path: /Users/ruben/Pinball/mpf-pinball
2025-07-06 16:58:08,542 : INFO : Machine : Platform: darwin
2025-07-06 16:58:08,542 : INFO : Machine : Python executable location: /Library/Frameworks/Python.framework/Versions/3.9/bin/python3.9
2025-07-06 16:58:08,542 : INFO : Machine : Python version: 3.9.13 (64-bit)
2025-07-06 16:58:08,543 : INFO : Machine : Initializing MPF...
2025-07-06 16:58:08,558 : INFO : EventManager : Event: ======'machine_var_credits_string'====== Args={'value': 'FREE PLAY', 'prev_value': None, 'change': True}
2025-07-06 16:58:08,572 : INFO : EventManager : Event: ======'machine_var_master_volume'====== Args={'value': 0.5, 'prev_value': None, 'change': True}
2025-07-06 16:58:08,572 : INFO : EventManager : Event: ======'machine_var_player1_score'====== Args={'value': 0, 'prev_value': None, 'change': True}
2025-07-06 16:58:08,572 : INFO : EventManager : Event: ======'machine_var_mpf_version'====== Args={'value': 'Mission Pinball Framework v0.57.3', 'prev_value': None, 'change': True}
2025-07-06 16:58:08,572 : INFO : EventManager : Event: ======'machine_var_mpf_extended_version'====== Args={'value': 'Mission Pinball Framework v0.57.3, Config version:6, Show version: 6, BCP version:1.1', 'prev_value': None, 'change': True}
2025-07-06 16:58:08,572 : INFO : EventManager : Event: ======'machine_var_python_version'====== Args={'value': '3.9.13', 'prev_value': None, 'change': True}
2025-07-06 16:58:08,580 : INFO : EventManager : Event: ======'machine_var_platform'====== Args={'value': 'macOS-15.5-arm64-arm-64bit', 'prev_value': None, 'change': True}
2025-07-06 16:58:08,581 : INFO : EventManager : Event: ======'machine_var_platform_system'====== Args={'value': 'Darwin', 'prev_value': None, 'change': True}
2025-07-06 16:58:08,581 : INFO : EventManager : Event: ======'machine_var_platform_release'====== Args={'value': '24.5.0', 'prev_value': None, 'change': True}
2025-07-06 16:58:08,581 : INFO : EventManager : Event: ======'machine_var_platform_version'====== Args={'value': 'Darwin Kernel Version 24.5.0: Tue Apr 22 19:54:49 PDT 2025; root:xnu-11417.121.6~2/RELEASE_ARM64_T6000', 'prev_value': None, 'change': True}
2025-07-06 16:58:08,581 : INFO : EventManager : Event: ======'machine_var_platform_machine'====== Args={'value': 'arm64', 'prev_value': None, 'change': True}
2025-07-06 16:58:08,581 : INFO : EventManager : Event: ======'init_phase_1'====== Args={}
2025-07-06 16:58:08,592 : INFO : EventManager : Event: ======'init_phase_2'====== Args={}
2025-07-06 16:58:08,595 : INFO : EventManager : Event: ======'bcp_connection_attempt'====== Args={'name': 'local_display', 'host': 'localhost', 'port': 5050}
2025-07-06 16:58:08,596 : INFO : BCPClientSocket : Connecting BCP to 'local_display' at localhost:5050...
2025-07-06 16:58:09,618 : INFO : BCPClientSocket : Connected BCP to 'local_display' localhost:5050
2025-07-06 16:58:09,618 : INFO : EventManager : Event: ======'bcp_clients_connected'====== Args={}
2025-07-06 16:58:09,619 : INFO : ball_device.bd_trough : BCH: Initial count: 0
2025-07-06 16:58:09,620 : INFO : ball_device.bd_trough : State: idle
2025-07-06 16:58:09,623 : INFO : EventManager : Event: ======'init_phase_3'====== Args={}
2025-07-06 16:58:09,628 : INFO : EventManager : Event: ======'init_phase_4'====== Args={}
2025-07-06 16:58:09,628 : INFO : EventManager : Event: ======'machine_var_mc_version'====== Args={'value': 'MPF-MC v0.57.1', 'prev_value': None, 'change': True}
2025-07-06 16:58:09,628 : INFO : EventManager : Event: ======'machine_var_mc_extended_version'====== Args={'value': 'MPF-MC v0.57.1 (config_version=6, BCP v1.1,                      Requires MPF API compatibility v0.57.0 or newer)', 'prev_value': None, 'change': True}
2025-07-06 16:58:09,634 : INFO : BallController : Initial balls found: 0
2025-07-06 16:58:09,634 : INFO : EventManager : Event: ======'machine_var_audits_events_game_ended'====== Args={'value': 53, 'prev_value': None, 'change': True}
2025-07-06 16:58:09,634 : INFO : EventManager : Event: ======'machine_var_audits_events_game_started'====== Args={'value': 173, 'prev_value': None, 'change': True}
2025-07-06 16:58:09,635 : INFO : EventManager : Event: ======'machine_var_audits_missing_switches_s_center_scoop'====== Args={'value': 21, 'prev_value': None, 'change': True}
2025-07-06 16:58:09,635 : INFO : EventManager : Event: ======'machine_var_audits_missing_switches_s_left_flipper'====== Args={'value': 73, 'prev_value': None, 'change': True}
2025-07-06 16:58:09,635 : INFO : EventManager : Event: ======'machine_var_audits_missing_switches_s_left_inlane_1'====== Args={'value': 23, 'prev_value': None, 'change': True}
2025-07-06 16:58:09,635 : INFO : EventManager : Event: ======'machine_var_audits_missing_switches_s_left_inlane_2'====== Args={'value': 23, 'prev_value': None, 'change': True}
2025-07-06 16:58:09,635 : INFO : EventManager : Event: ======'machine_var_audits_missing_switches_s_left_outlane'====== Args={'value': 23, 'prev_value': None, 'change': True}
2025-07-06 16:58:09,635 : INFO : EventManager : Event: ======'machine_var_audits_missing_switches_s_left_slingshot'====== Args={'value': 21, 'prev_value': None, 'change': True}
2025-07-06 16:58:09,635 : INFO : EventManager : Event: ======'machine_var_audits_missing_switches_s_pop1'====== Args={'value': 84, 'prev_value': None, 'change': True}
2025-07-06 16:58:09,635 : INFO : EventManager : Event: ======'machine_var_audits_missing_switches_s_pop2'====== Args={'value': 84, 'prev_value': None, 'change': True}
2025-07-06 16:58:09,635 : INFO : EventManager : Event: ======'machine_var_audits_missing_switches_s_pop3'====== Args={'value': 84, 'prev_value': None, 'change': True}
2025-07-06 16:58:09,635 : INFO : EventManager : Event: ======'machine_var_audits_missing_switches_s_pop4'====== Args={'value': 73, 'prev_value': None, 'change': True}
2025-07-06 16:58:09,635 : INFO : EventManager : Event: ======'machine_var_audits_missing_switches_s_pop5'====== Args={'value': 27, 'prev_value': None, 'change': True}
2025-07-06 16:58:09,636 : INFO : EventManager : Event: ======'machine_var_audits_missing_switches_s_right_flipper'====== Args={'value': 72, 'prev_value': None, 'change': True}
2025-07-06 16:58:09,636 : INFO : EventManager : Event: ======'machine_var_audits_missing_switches_s_right_inlane'====== Args={'value': 22, 'prev_value': None, 'change': True}
2025-07-06 16:58:09,636 : INFO : EventManager : Event: ======'machine_var_audits_missing_switches_s_right_outlane'====== Args={'value': 23, 'prev_value': None, 'change': True}
2025-07-06 16:58:09,636 : INFO : EventManager : Event: ======'machine_var_audits_missing_switches_s_right_scoop'====== Args={'value': 1, 'prev_value': None, 'change': True}
2025-07-06 16:58:09,636 : INFO : EventManager : Event: ======'machine_var_audits_missing_switches_s_right_slingshot'====== Args={'value': 21, 'prev_value': None, 'change': True}
2025-07-06 16:58:09,636 : INFO : EventManager : Event: ======'machine_var_audits_missing_switches_s_startButton'====== Args={'value': 63, 'prev_value': None, 'change': True}
2025-07-06 16:58:09,636 : INFO : EventManager : Event: ======'machine_var_audits_missing_switches_s_target_r'====== Args={'value': 1, 'prev_value': None, 'change': True}
2025-07-06 16:58:09,636 : INFO : EventManager : Event: ======'machine_var_audits_missing_switches_s_trough1'====== Args={'value': 66, 'prev_value': None, 'change': True}
2025-07-06 16:58:09,636 : INFO : EventManager : Event: ======'machine_var_audits_missing_switches_s_trough2'====== Args={'value': 10, 'prev_value': None, 'change': True}
2025-07-06 16:58:09,636 : INFO : EventManager : Event: ======'machine_var_audits_missing_switches_s_trough3'====== Args={'value': 10, 'prev_value': None, 'change': True}
2025-07-06 16:58:09,636 : INFO : EventManager : Event: ======'machine_var_audits_missing_switches_s_trough4'====== Args={'value': 10, 'prev_value': None, 'change': True}
2025-07-06 16:58:09,636 : INFO : EventManager : Event: ======'machine_var_audits_missing_switches_s_trough5'====== Args={'value': 9, 'prev_value': None, 'change': True}
2025-07-06 16:58:09,637 : INFO : EventManager : Event: ======'machine_var_audits_player_score'====== Args={'value': {'average': 0, 'top': [0, 0, 0, 0, 0, 0, 0, 0, 0, 0], 'total': 53}, 'prev_value': None, 'change': True}
2025-07-06 16:58:09,637 : INFO : EventManager : Event: ======'machine_var_audits_shots_my_first_shot'====== Args={'value': 5, 'prev_value': None, 'change': True}
2025-07-06 16:58:09,637 : INFO : EventManager : Event: ======'machine_var_audits_shots_shot_right_inlane'====== Args={'value': 1, 'prev_value': None, 'change': True}
2025-07-06 16:58:09,637 : INFO : EventManager : Event: ======'machine_var_audits_shots_shot_right_scoop'====== Args={'value': 1158343, 'prev_value': None, 'change': True}
2025-07-06 16:58:09,637 : INFO : EventManager : Event: ======'machine_var_audits_shots_shot_target_g'====== Args={'value': 55, 'prev_value': None, 'change': True}
2025-07-06 16:58:09,637 : INFO : EventManager : Event: ======'machine_var_audits_shots_shot_target_r'====== Args={'value': 36, 'prev_value': None, 'change': True}
2025-07-06 16:58:09,637 : INFO : EventManager : Event: ======'machine_var_audits_switches_s_center_scoop'====== Args={'value': 4, 'prev_value': None, 'change': True}
2025-07-06 16:58:09,637 : INFO : EventManager : Event: ======'machine_var_audits_switches_s_drop_bank1'====== Args={'value': 140, 'prev_value': None, 'change': True}
2025-07-06 16:58:09,637 : INFO : EventManager : Event: ======'machine_var_audits_switches_s_left_flipper'====== Args={'value': 2284, 'prev_value': None, 'change': True}
2025-07-06 16:58:09,637 : INFO : EventManager : Event: ======'machine_var_audits_switches_s_left_inlane1'====== Args={'value': 2, 'prev_value': None, 'change': True}
2025-07-06 16:58:09,638 : INFO : EventManager : Event: ======'machine_var_audits_switches_s_left_inlane2'====== Args={'value': 2, 'prev_value': None, 'change': True}
2025-07-06 16:58:09,638 : INFO : EventManager : Event: ======'machine_var_audits_switches_s_left_inlane_1'====== Args={'value': 1, 'prev_value': None, 'change': True}
2025-07-06 16:58:09,638 : INFO : EventManager : Event: ======'machine_var_audits_switches_s_left_inlane_2'====== Args={'value': 2, 'prev_value': None, 'change': True}
2025-07-06 16:58:09,638 : INFO : EventManager : Event: ======'machine_var_audits_switches_s_left_outlane'====== Args={'value': 1, 'prev_value': None, 'change': True}
2025-07-06 16:58:09,638 : INFO : EventManager : Event: ======'machine_var_audits_switches_s_left_slingshot'====== Args={'value': 420, 'prev_value': None, 'change': True}
2025-07-06 16:58:09,638 : INFO : EventManager : Event: ======'machine_var_audits_switches_s_plunger'====== Args={'value': 5, 'prev_value': None, 'change': True}
2025-07-06 16:58:09,639 : INFO : EventManager : Event: ======'machine_var_audits_switches_s_pop1'====== Args={'value': 0, 'prev_value': None, 'change': True}
2025-07-06 16:58:09,639 : INFO : EventManager : Event: ======'machine_var_audits_switches_s_pop2'====== Args={'value': 0, 'prev_value': None, 'change': True}
2025-07-06 16:58:09,639 : INFO : EventManager : Event: ======'machine_var_audits_switches_s_pop3'====== Args={'value': 0, 'prev_value': None, 'change': True}
2025-07-06 16:58:09,640 : INFO : EventManager : Event: ======'machine_var_audits_switches_s_pop4'====== Args={'value': 3, 'prev_value': None, 'change': True}
2025-07-06 16:58:09,640 : INFO : EventManager : Event: ======'machine_var_audits_switches_s_pop5'====== Args={'value': 4, 'prev_value': None, 'change': True}
2025-07-06 16:58:09,640 : INFO : EventManager : Event: ======'machine_var_audits_switches_s_pop_bot'====== Args={'value': 426, 'prev_value': None, 'change': True}
2025-07-06 16:58:09,640 : INFO : EventManager : Event: ======'machine_var_audits_switches_s_pop_mid'====== Args={'value': 351, 'prev_value': None, 'change': True}
2025-07-06 16:58:09,640 : INFO : EventManager : Event: ======'machine_var_audits_switches_s_pop_top'====== Args={'value': 302, 'prev_value': None, 'change': True}
2025-07-06 16:58:09,641 : INFO : EventManager : Event: ======'machine_var_audits_switches_s_right_flipper'====== Args={'value': 2339, 'prev_value': None, 'change': True}
2025-07-06 16:58:09,641 : INFO : EventManager : Event: ======'machine_var_audits_switches_s_right_inlane'====== Args={'value': 88, 'prev_value': None, 'change': True}
2025-07-06 16:58:09,642 : INFO : EventManager : Event: ======'machine_var_audits_switches_s_right_outlane'====== Args={'value': 4, 'prev_value': None, 'change': True}
2025-07-06 16:58:09,642 : INFO : EventManager : Event: ======'machine_var_audits_switches_s_right_scoop'====== Args={'value': 160, 'prev_value': None, 'change': True}
2025-07-06 16:58:09,642 : INFO : EventManager : Event: ======'machine_var_audits_switches_s_right_slingshot'====== Args={'value': 367, 'prev_value': None, 'change': True}
2025-07-06 16:58:09,642 : INFO : EventManager : Event: ======'machine_var_audits_switches_s_scoop_center'====== Args={'value': 2, 'prev_value': None, 'change': True}
2025-07-06 16:58:09,642 : INFO : EventManager : Event: ======'machine_var_audits_switches_s_scoop_lower'====== Args={'value': 220, 'prev_value': None, 'change': True}
2025-07-06 16:58:09,642 : INFO : EventManager : Event: ======'machine_var_audits_switches_s_scoop_right'====== Args={'value': 1, 'prev_value': None, 'change': True}
2025-07-06 16:58:09,642 : INFO : EventManager : Event: ======'machine_var_audits_switches_s_shooter_lane'====== Args={'value': 15, 'prev_value': None, 'change': True}
2025-07-06 16:58:09,643 : INFO : EventManager : Event: ======'machine_var_audits_switches_s_startButton'====== Args={'value': 37, 'prev_value': None, 'change': True}
2025-07-06 16:58:09,643 : INFO : EventManager : Event: ======'machine_var_audits_switches_s_target_g'====== Args={'value': 59, 'prev_value': None, 'change': True}
2025-07-06 16:58:09,643 : INFO : EventManager : Event: ======'machine_var_audits_switches_s_target_r'====== Args={'value': 36, 'prev_value': None, 'change': True}
2025-07-06 16:58:09,643 : INFO : EventManager : Event: ======'machine_var_audits_switches_s_trough1'====== Args={'value': 318, 'prev_value': None, 'change': True}
2025-07-06 16:58:09,643 : INFO : EventManager : Event: ======'machine_var_audits_switches_s_trough2'====== Args={'value': 1, 'prev_value': None, 'change': True}
2025-07-06 16:58:09,643 : INFO : EventManager : Event: ======'machine_var_audits_switches_s_trough3'====== Args={'value': 1, 'prev_value': None, 'change': True}
2025-07-06 16:58:09,644 : INFO : EventManager : Event: ======'machine_var_audits_switches_s_trough4'====== Args={'value': 1, 'prev_value': None, 'change': True}
2025-07-06 16:58:09,644 : INFO : EventManager : Event: ======'machine_var_audits_switches_s_trough5'====== Args={'value': 1, 'prev_value': None, 'change': True}
2025-07-06 16:58:09,644 : INFO : EventManager : Event: ======'init_phase_5'====== Args={}
2025-07-06 16:58:09,646 : INFO : EventManager : Event: ======'init_done'====== Args={}
2025-07-06 16:58:09,647 : INFO : EventManager : Event: ======'machine_reset_phase_1'====== Args={}
2025-07-06 16:58:09,652 : INFO : EventManager : Event: ======'machine_reset_phase_2'====== Args={}
2025-07-06 16:58:09,652 : INFO : EventManager : Event: ======'machine_reset_phase_3'====== Args={}
2025-07-06 16:58:09,653 : INFO : EventManager : Event: ======'reset_complete'====== Args={}
2025-07-06 16:58:09,653 : INFO : EventManager : Event: ======'mode_attract_will_start'====== Args={}
2025-07-06 16:58:09,653 : INFO : EventManager : Event: ======'mode_attract_starting'====== Args={}
2025-07-06 16:58:09,653 : INFO : Mode.attract : Started. Priority: 10
2025-07-06 16:58:09,653 : INFO : EventManager : Event: ======'modes_active_modes_changed'====== Args={}
2025-07-06 16:58:09,653 : INFO : EventManager : Event: ======'mode_attract_started'====== Args={}
2025-07-06 16:58:09,654 : INFO : EventManager : Event: ======'collecting_balls_complete'====== Args={}
2025-07-06 16:58:09,654 : INFO : Machine : Starting the main run loop with active modes: [<Mode.attract>]
2025-07-06 16:58:09,667 : INFO : EventManager : Event: ======'slide_awesome_slide_created'====== Args={'_from_bcp': True}
2025-07-06 16:58:09,678 : INFO : EventManager : Event: ======'slide_awesome_slide_active'====== Args={'_from_bcp': True}
2025-07-06 16:58:10,092 : INFO : BcpServer : New client connected.
2025-07-06 16:58:12,675 : INFO : EventManager : Event: ======'slide_press_start_created'====== Args={'_from_bcp': True}
2025-07-06 16:58:12,693 : INFO : EventManager : Event: ======'slide_press_start_active'====== Args={'_from_bcp': True}
2025-07-06 16:58:13,968 : INFO : SwitchController : <<<<<<< 's_trough1' active >>>>>>>
2025-07-06 16:58:14,471 : INFO : EventManager : Event: ======'balldevice_bd_trough_ball_count_changed'====== Args={'balls': 1}
2025-07-06 16:58:14,472 : INFO : ball_device.bd_trough : Received unexpected ball
2025-07-06 16:58:14,472 : INFO : EventManager : Event: ======'balldevice_captured_from_playfield'====== Args={'balls': 1}
2025-07-06 16:58:14,472 : INFO : EventManager : Event: ======'sw_playfield_active'====== Args={'balls': 1}
2025-07-06 16:58:14,473 : INFO : EventManager : Event: ======'playfield_active'====== Args={'source': None}
2025-07-06 16:58:14,473 : INFO : EventManager : Event: ======'unexpected_ball_on_playfield'====== Args={}
2025-07-06 16:58:14,474 : INFO : EventManager : Event: ======'playfield_ball_count_change'====== Args={'balls': -1, 'change': -1}
2025-07-06 16:58:14,474 : INFO : EventManager : Event: ======'balldevice_playfield_ball_enter'====== Args={'new_balls': 1, 'unclaimed_balls': 1, 'device': <playfield.playfield>}
2025-07-06 16:58:14,475 : INFO : EventManager : Event: ======'playfield_ball_count_change'====== Args={'balls': 0, 'change': 1}
2025-07-06 16:58:14,475 : INFO : BallController : Found a new ball which was captured from playfield. Known balls: 1
2025-07-06 16:58:14,475 : INFO : EventManager : Event: ======'found_new_ball'====== Args={}
2025-07-06 16:58:14,475 : INFO : EventManager : Event: ======'balldevice_bd_trough_ball_enter'====== Args={'new_balls': 1, 'unclaimed_balls': 1, 'new_available_balls': 1, 'device': <ball_device.bd_trough>}
2025-07-06 16:58:14,476 : INFO : EventManager : Event: ======'ball_drain'====== Args={'device': <ball_device.bd_trough>, 'balls': 1}
2025-07-06 16:58:14,476 : INFO : EventManager : Event: ======'balldevice_balls_available'====== Args={}
2025-07-06 16:58:14,477 : INFO : EventManager : Event: ======'balldevice_bd_trough_ball_entered'====== Args={'new_balls': 1, 'device': <ball_device.bd_trough>}
2025-07-06 16:58:14,909 : INFO : SwitchController : <<<<<<< 's_startButton' active >>>>>>>
2025-07-06 16:58:15,002 : INFO : SwitchController : <<<<<<< 's_startButton' inactive >>>>>>>
2025-07-06 16:58:15,002 : INFO : EventManager : Event: ======'request_to_start_game'====== Args={}
2025-07-06 16:58:15,003 : INFO : EventManager : Event: ======'game_start'====== Args={'buttons': [], 'hold_time': 0.093127709}
2025-07-06 16:58:15,003 : INFO : EventManager : Event: ======'mode_game_will_start'====== Args={'buttons': [], 'hold_time': 0.093127709}
2025-07-06 16:58:15,004 : INFO : EventManager : Event: ======'mode_game_starting'====== Args={'buttons': [], 'hold_time': 0.093127709}
2025-07-06 16:58:15,004 : INFO : EventManager : Event: ======'mode_attract_will_stop'====== Args={}
2025-07-06 16:58:15,005 : INFO : EventManager : Event: ======'mode_attract_stopping'====== Args={}
2025-07-06 16:58:15,005 : INFO : Mode.attract : Stopped.
2025-07-06 16:58:15,005 : INFO : EventManager : Event: ======'modes_active_modes_changed'====== Args={}
2025-07-06 16:58:15,006 : INFO : EventManager : Event: ======'mode_attract_stopped'====== Args={}
2025-07-06 16:58:15,006 : INFO : EventManager : Event: ======'clear'====== Args={'key': 'attract'}
2025-07-06 16:58:15,007 : INFO : Mode.game : Started. Priority: 20
2025-07-06 16:58:15,007 : INFO : EventManager : Event: ======'modes_active_modes_changed'====== Args={}
2025-07-06 16:58:15,007 : INFO : EventManager : Event: ======'mode_game_started'====== Args={'buttons': [], 'hold_time': 0.093127709}
2025-07-06 16:58:15,008 : INFO : EventManager : Event: ======'game_will_start'====== Args={}
2025-07-06 16:58:15,009 : INFO : EventManager : Event: ======'game_starting'====== Args={'game': <Mode.game>}
2025-07-06 16:58:15,009 : INFO : EventManager : Unordered handler for class <Auditor> on event game_ended with priority 1. Handlers: [RegisteredHandler(callback=<bound method Auditor.disable of <Auditor>>, priority=1, kwargs={}, key=UUID('07d1b93b-e87b-4a3a-96da-88bac05b4198'), condition=None, blocking_facility=None), RegisteredHandler(callback=<bound method Auditor._save_audits of <Auditor>>, priority=1, kwargs={}, key=UUID('05c7e389-f572-423a-b90c-f31811753ca3'), condition=None, blocking_facility=None)]. The order of those handlers is not defined and they will be executed in random order. This might lead to race conditions and potential bugs.
2025-07-06 16:58:15,010 : INFO : EventManager : Event: ======'player_add_request'====== Args={}
2025-07-06 16:58:15,010 : INFO : EventManager : Event: ======'player_will_add'====== Args={'number': 1}
2025-07-06 16:58:15,010 : INFO : EventManager : Event: ======'player_adding'====== Args={'player': <Player 1>, 'number': 1}
2025-07-06 16:58:15,010 : INFO : EventManager : Event: ======'player_added'====== Args={'player': <Player 1>, 'num': 1}
2025-07-06 16:58:15,010 : INFO : Mode.game : Player added successfully. Total players: 1
2025-07-06 16:58:15,011 : INFO : EventManager : Event: ======'player_index'====== Args={'value': 0, 'prev_value': 0, 'change': 0, 'player_num': 1}
2025-07-06 16:58:15,011 : INFO : EventManager : Event: ======'player_number'====== Args={'value': 1, 'prev_value': 1, 'change': 0, 'player_num': 1}
2025-07-06 16:58:15,011 : INFO : EventManager : Event: ======'player_score'====== Args={'value': 0, 'prev_value': 0, 'change': 0, 'player_num': 1}
2025-07-06 16:58:15,012 : INFO : EventManager : Event: ======'game_started'====== Args={}
2025-07-06 16:58:15,012 : INFO : EventManager : Event: ======'player_turn_will_start'====== Args={'player': <Player 1>, 'number': 1}
2025-07-06 16:58:15,013 : INFO : EventManager : Event: ======'slide_awesome_slide_removed'====== Args={'_from_bcp': True}
2025-07-06 16:58:15,013 : INFO : EventManager : Event: ======'slide_press_start_removed'====== Args={'_from_bcp': True}
2025-07-06 16:58:15,013 : INFO : EventManager : Event: ======'slide_window_blank_active'====== Args={'_from_bcp': True}
2025-07-06 16:58:15,021 : INFO : EventManager : Event: ======'player_turn_starting'====== Args={'player': <Player 1>, 'number': 1}
2025-07-06 16:58:15,022 : INFO : EventManager : Event: ======'player_ball'====== Args={'value': 1, 'prev_value': 0, 'change': 1, 'player_num': 1}
2025-07-06 16:58:15,022 : INFO : EventManager : Event: ======'player_turn_started'====== Args={'player': <Player 1>, 'number': 1}
2025-07-06 16:58:15,023 : INFO : EventManager : Event: ======'ball_will_start'====== Args={'player': 1, 'ball': 1, 'balls_remaining': 2, 'is_extra_ball': False}
2025-07-06 16:58:15,024 : INFO : EventManager : Event: ======'ball_starting'====== Args={'player': 1, 'ball': 1, 'balls_remaining': 2, 'is_extra_ball': False}
2025-07-06 16:58:15,024 : INFO : EventManager : Event: ======'mode_grave_targets_will_start'====== Args={'queue': <QueuedEvent>, 'player': 1, 'ball': 1, 'balls_remaining': 2, 'is_extra_ball': False}
2025-07-06 16:58:15,024 : INFO : EventManager : Event: ======'grave_targets_group_complete'====== Args={'state': 'None'}
2025-07-06 16:58:15,024 : INFO : EventManager : Event: ======'grave_targets_group_None_complete'====== Args={}
2025-07-06 16:58:15,025 : INFO : EventManager : Event: ======'player_shot_shot_target_g_enabled'====== Args={'value': True, 'prev_value': 0, 'change': 1, 'player_num': 1}
2025-07-06 16:58:15,025 : INFO : EventManager : Event: ======'player_shot_shot_target_r_enabled'====== Args={'value': True, 'prev_value': 0, 'change': 1, 'player_num': 1}
2025-07-06 16:58:15,025 : INFO : EventManager : Event: ======'player_shot_shot_right_scoop_enabled'====== Args={'value': True, 'prev_value': 0, 'change': 1, 'player_num': 1}
2025-07-06 16:58:15,026 : INFO : EventManager : Event: ======'mode_grave_targets_starting'====== Args={'queue': <QueuedEvent>, 'player': 1, 'ball': 1, 'balls_remaining': 2, 'is_extra_ball': False}
2025-07-06 16:58:15,026 : INFO : EventManager : Event: ======'mode_base_will_start'====== Args={'queue': <QueuedEvent>, 'player': 1, 'ball': 1, 'balls_remaining': 2, 'is_extra_ball': False}
2025-07-06 16:58:15,027 : INFO : EventManager : Event: ======'player_shot_shot_right_outlane_enabled'====== Args={'value': True, 'prev_value': 0, 'change': 1, 'player_num': 1}
2025-07-06 16:58:15,027 : INFO : EventManager : Event: ======'player_shot_shot_right_inlane_enabled'====== Args={'value': True, 'prev_value': 0, 'change': 1, 'player_num': 1}
2025-07-06 16:58:15,028 : INFO : EventManager : Event: ======'player_shot_shot_left_inlane_1_enabled'====== Args={'value': True, 'prev_value': 0, 'change': 1, 'player_num': 1}
2025-07-06 16:58:15,028 : INFO : EventManager : Event: ======'player_shot_shot_left_inlane_2_enabled'====== Args={'value': True, 'prev_value': 0, 'change': 1, 'player_num': 1}
2025-07-06 16:58:15,028 : INFO : EventManager : Event: ======'player_shot_shot_left_outlane_enabled'====== Args={'value': True, 'prev_value': 0, 'change': 1, 'player_num': 1}
2025-07-06 16:58:15,029 : INFO : EventManager : Event: ======'player_shot_shot_pop1_enabled'====== Args={'value': True, 'prev_value': 0, 'change': 1, 'player_num': 1}
2025-07-06 16:58:15,029 : INFO : EventManager : Event: ======'player_shot_shot_pop2_enabled'====== Args={'value': True, 'prev_value': 0, 'change': 1, 'player_num': 1}
2025-07-06 16:58:15,029 : INFO : EventManager : Event: ======'player_shot_shot_pop3_enabled'====== Args={'value': True, 'prev_value': 0, 'change': 1, 'player_num': 1}
2025-07-06 16:58:15,030 : INFO : EventManager : Event: ======'player_shot_shot_pop4_enabled'====== Args={'value': True, 'prev_value': 0, 'change': 1, 'player_num': 1}
2025-07-06 16:58:15,030 : INFO : EventManager : Event: ======'player_shot_shot_pop5_enabled'====== Args={'value': True, 'prev_value': 0, 'change': 1, 'player_num': 1}
2025-07-06 16:58:15,032 : INFO : EventManager : Event: ======'mode_base_starting'====== Args={'queue': <QueuedEvent>, 'player': 1, 'ball': 1, 'balls_remaining': 2, 'is_extra_ball': False}
2025-07-06 16:58:15,032 : INFO : Mode.base : Started. Priority: 100
2025-07-06 16:58:15,032 : INFO : EventManager : Event: ======'modes_active_modes_changed'====== Args={}
2025-07-06 16:58:15,032 : INFO : EventManager : Event: ======'mode_base_started'====== Args={'queue': <QueuedEvent>, 'player': 1, 'ball': 1, 'balls_remaining': 2, 'is_extra_ball': False}
2025-07-06 16:58:15,033 : INFO : Mode.grave_targets : Started. Priority: 200
2025-07-06 16:58:15,033 : INFO : EventManager : Event: ======'modes_active_modes_changed'====== Args={}
2025-07-06 16:58:15,033 : INFO : EventManager : Event: ======'mode_grave_targets_started'====== Args={'queue': <QueuedEvent>, 'player': 1, 'ball': 1, 'balls_remaining': 2, 'is_extra_ball': False}
2025-07-06 16:58:15,033 : INFO : EventManager : Event: ======'reset_targets'====== Args={'priority': 0}
2025-07-06 16:58:15,034 : INFO : EventManager : Event: ======'balls_in_play'====== Args={'balls': 1}
2025-07-06 16:58:15,034 : INFO : EventManager : Event: ======'ball_started'====== Args={'player': 1, 'ball': 1, 'balls_remaining': 2, 'is_extra_ball': False}
2025-07-06 16:58:15,037 : INFO : EventManager : Event: ======'single_player_ball_started'====== Args={}
2025-07-06 16:58:15,037 : INFO : EventManager : Event: ======'ball_start_target'====== Args={'target': 'playfield'}
2025-07-06 16:58:15,037 : INFO : ball_device.bd_trough : Setting up player-controlled eject. Balls: 1, Target: <playfield.playfield>, player_controlled_eject_event: None
2025-07-06 16:58:15,037 : INFO : ball_device.bd_trough : Adding 1 ball(s) to the eject_queue with target <playfield.playfield>.
2025-07-06 16:58:15,038 : INFO : EventManager : Event: ======'balldevice_balls_available'====== Args={}
2025-07-06 16:58:15,038 : INFO : ball_device.bd_trough : State: waiting_for_target_ready
2025-07-06 16:58:15,038 : INFO : EventManager : Event: ======'balldevice_bd_trough_ball_eject_attempt'====== Args={'balls': 1, 'target': <playfield.playfield>, 'source': <ball_device.bd_trough>, 'mechanical_eject': False, 'num_attempts': 0}
2025-07-06 16:58:15,038 : INFO : ball_device.bd_trough : State: ejecting
2025-07-06 16:58:15,038 : INFO : ball_device.bd_trough : Ejecting ball to <playfield.playfield>
2025-07-06 16:58:15,039 : INFO : EventManager : Event: ======'balldevice_bd_trough_ejecting_ball'====== Args={'balls': 1, 'target': <playfield.playfield>, 'source': <ball_device.bd_trough>, 'mechanical_eject': False, 'num_attempts': 0}
2025-07-06 16:58:15,039 : INFO : ball_device.bd_trough : Wait for ball to leave device
2025-07-06 16:58:15,039 : INFO : coil.c_trough_eject : Pulsing Driver for 35ms (1.0 pulse_power)
2025-07-06 16:58:15,039 : INFO : SwitchController : <<<<<<< 's_trough1' inactive >>>>>>>
2025-07-06 16:58:15,040 : INFO : ball_device.bd_trough : State: ball_left
2025-07-06 16:58:15,040 : INFO : ball_device.bd_trough : Ball left
2025-07-06 16:58:15,040 : INFO : ball_device.bd_trough : Wait for confirm with timeout 10.0
2025-07-06 16:58:15,052 : INFO : EventManager : Event: ======'slide_base.slide_player-mode_base_started_created'====== Args={'_from_bcp': True}
2025-07-06 16:58:15,052 : INFO : EventManager : Event: ======'slide_base.slide_player-mode_base_started_active'====== Args={'_from_bcp': True}
2025-07-06 16:58:16,425 : INFO : SwitchController : <<<<<<< 's_target_r' active >>>>>>>
2025-07-06 16:58:16,426 : INFO : EventManager : Event: ======'playfield_active'====== Args={'source': 'shot_target_r'}
2025-07-06 16:58:16,426 : INFO : EventManager : Event: ======'s_target_r_active'====== Args={}
2025-07-06 16:58:16,426 : INFO : EventManager : Event: ======'sw_playfield_active'====== Args={}
2025-07-06 16:58:16,426 : INFO : EventManager : Event: ======'machine_var_audits_switches_s_target_r'====== Args={'value': 37, 'prev_value': 36, 'change': 1}
2025-07-06 16:58:16,427 : INFO : EventManager : Event: ======'player_shot_shot_target_r'====== Args={'value': 1, 'prev_value': 0, 'change': 1, 'player_num': 1}
2025-07-06 16:58:16,429 : INFO : EventManager : Event: ======'machine_var_audits_shots_shot_target_r'====== Args={'value': 37, 'prev_value': 36, 'change': 1}
2025-07-06 16:58:16,430 : INFO : EventManager : Event: ======'shot_target_r_hit'====== Args={'profile': 'target_profile', 'state': 'unlit', 'advancing': True}
2025-07-06 16:58:16,430 : INFO : EventManager : Event: ======'shot_target_r_target_profile_hit'====== Args={'profile': 'target_profile', 'state': 'unlit', 'advancing': True}
2025-07-06 16:58:16,430 : INFO : EventManager : Event: ======'shot_target_r_target_profile_unlit_hit'====== Args={'profile': 'target_profile', 'state': 'unlit', 'advancing': True}
2025-07-06 16:58:16,430 : INFO : EventManager : Event: ======'shot_target_r_unlit_hit'====== Args={'profile': 'target_profile', 'state': 'unlit', 'advancing': True}
2025-07-06 16:58:16,430 : INFO : EventManager : Event: ======'player_score'====== Args={'value': 100, 'prev_value': 0, 'change': 100, 'player_num': 1, 'source': 'grave_targets'}
2025-07-06 16:58:16,430 : INFO : EventManager : Event: ======'player_score'====== Args={'value': 1100, 'prev_value': 100, 'change': 1000, 'player_num': 1, 'source': 'base'}
2025-07-06 16:58:16,431 : INFO : EventManager : Event: ======'grave_targets_group_hit'====== Args={}
2025-07-06 16:58:16,431 : INFO : EventManager : Event: ======'grave_targets_group_unlit_hit'====== Args={}
2025-07-06 16:58:16,431 : INFO : EventManager : Event: ======'playfield_active'====== Args={'source': None}
2025-07-06 16:58:16,432 : INFO : ball_device.bd_trough : Got eject confirm
2025-07-06 16:58:16,432 : INFO : ball_device.bd_trough : Eject successful
2025-07-06 16:58:16,432 : INFO : EventManager : Event: ======'balldevice_bd_trough_ball_eject_success'====== Args={'balls': 1, 'target': <playfield.playfield>}
2025-07-06 16:58:16,432 : INFO : EventManager : Event: ======'balldevice_playfield_ball_enter'====== Args={'new_balls': 1, 'unclaimed_balls': 1, 'device': <playfield.playfield>}
2025-07-06 16:58:16,432 : INFO : EventManager : Event: ======'playfield_ball_count_change'====== Args={'balls': 1, 'change': 1}
2025-07-06 16:58:16,433 : INFO : EventManager : Event: ======'balldevice_bd_trough_ball_count_changed'====== Args={'balls': 0}
2025-07-06 16:58:16,433 : INFO : ball_device.bd_trough : State: idle
2025-07-06 16:58:16,531 : INFO : SwitchController : <<<<<<< 's_target_r' inactive >>>>>>>
2025-07-06 16:58:17,352 : INFO : SwitchController : <<<<<<< 's_target_g' active >>>>>>>
2025-07-06 16:58:17,352 : INFO : EventManager : Event: ======'s_target_g_active'====== Args={}
2025-07-06 16:58:17,353 : INFO : EventManager : Event: ======'sw_playfield_active'====== Args={}
2025-07-06 16:58:17,353 : INFO : EventManager : Event: ======'machine_var_audits_switches_s_target_g'====== Args={'value': 60, 'prev_value': 59, 'change': 1}
2025-07-06 16:58:17,354 : INFO : EventManager : Event: ======'player_shot_shot_target_g'====== Args={'value': 1, 'prev_value': 0, 'change': 1, 'player_num': 1}
2025-07-06 16:58:17,355 : INFO : EventManager : Event: ======'machine_var_audits_shots_shot_target_g'====== Args={'value': 56, 'prev_value': 55, 'change': 1}
2025-07-06 16:58:17,355 : INFO : EventManager : Event: ======'shot_target_g_hit'====== Args={'profile': 'target_profile', 'state': 'unlit', 'advancing': True}
2025-07-06 16:58:17,356 : INFO : EventManager : Event: ======'shot_target_g_target_profile_hit'====== Args={'profile': 'target_profile', 'state': 'unlit', 'advancing': True}
2025-07-06 16:58:17,356 : INFO : EventManager : Event: ======'shot_target_g_target_profile_unlit_hit'====== Args={'profile': 'target_profile', 'state': 'unlit', 'advancing': True}
2025-07-06 16:58:17,356 : INFO : EventManager : Event: ======'shot_target_g_unlit_hit'====== Args={'profile': 'target_profile', 'state': 'unlit', 'advancing': True}
2025-07-06 16:58:17,356 : INFO : EventManager : Event: ======'grave_targets_group_complete'====== Args={'state': 'lit'}
2025-07-06 16:58:17,357 : INFO : EventManager : Event: ======'grave_targets_group_lit_complete'====== Args={}
2025-07-06 16:58:17,357 : INFO : EventManager : Event: ======'player_score'====== Args={'value': 1200, 'prev_value': 1100, 'change': 100, 'player_num': 1, 'source': 'grave_targets'}
2025-07-06 16:58:17,357 : INFO : EventManager : Event: ======'player_score'====== Args={'value': 2200, 'prev_value': 1200, 'change': 1000, 'player_num': 1, 'source': 'base'}
2025-07-06 16:58:17,358 : INFO : EventManager : Event: ======'grave_targets_group_hit'====== Args={}
2025-07-06 16:58:17,358 : INFO : EventManager : Event: ======'grave_targets_group_unlit_hit'====== Args={}
2025-07-06 16:58:17,463 : INFO : SwitchController : <<<<<<< 's_target_g' inactive >>>>>>>
2025-07-06 16:58:18,787 : INFO : SwitchController : <<<<<<< 's_right_scoop' active >>>>>>>
2025-07-06 16:58:18,788 : INFO : EventManager : Event: ======'s_right_scoop_active'====== Args={}
2025-07-06 16:58:18,788 : INFO : EventManager : Event: ======'sw_playfield_active'====== Args={}
2025-07-06 16:58:18,788 : INFO : EventManager : Event: ======'machine_var_audits_switches_s_right_scoop'====== Args={'value': 161, 'prev_value': 160, 'change': 1}
2025-07-06 16:58:18,789 : INFO : EventManager : Event: ======'player_shot_shot_right_scoop'====== Args={'value': 1, 'prev_value': 0, 'change': 1, 'player_num': 1}
2025-07-06 16:58:18,789 : INFO : EventManager : Event: ======'machine_var_audits_shots_shot_right_scoop'====== Args={'value': 1158344, 'prev_value': 1158343, 'change': 1}
2025-07-06 16:58:18,793 : INFO : EventManager : Event: ======'shot_right_scoop_hit'====== Args={'profile': 'scoop_profile', 'state': 'unlit', 'advancing': True}
2025-07-06 16:58:18,793 : INFO : EventManager : Event: ======'shot_right_scoop_scoop_profile_hit'====== Args={'profile': 'scoop_profile', 'state': 'unlit', 'advancing': True}
2025-07-06 16:58:18,793 : INFO : EventManager : Event: ======'shot_right_scoop_scoop_profile_unlit_hit'====== Args={'profile': 'scoop_profile', 'state': 'unlit', 'advancing': True}
2025-07-06 16:58:18,793 : INFO : EventManager : Event: ======'shot_right_scoop_unlit_hit'====== Args={'profile': 'scoop_profile', 'state': 'unlit', 'advancing': True}
2025-07-06 16:58:18,793 : INFO : EventManager : Event: ======'player_score'====== Args={'value': 2300, 'prev_value': 2200, 'change': 100, 'player_num': 1, 'source': 'grave_targets'}
2025-07-06 16:58:18,892 : INFO : SwitchController : <<<<<<< 's_right_scoop' inactive >>>>>>>
2025-07-06 16:58:19,665 : INFO : SwitchController : <<<<<<< 's_right_scoop' active >>>>>>>
2025-07-06 16:58:19,665 : INFO : EventManager : Event: ======'s_right_scoop_active'====== Args={}
2025-07-06 16:58:19,665 : INFO : EventManager : Event: ======'sw_playfield_active'====== Args={}
2025-07-06 16:58:19,666 : INFO : EventManager : Event: ======'machine_var_audits_switches_s_right_scoop'====== Args={'value': 162, 'prev_value': 161, 'change': 1}
2025-07-06 16:58:19,667 : INFO : EventManager : Event: ======'machine_var_audits_shots_shot_right_scoop'====== Args={'value': 1158345, 'prev_value': 1158344, 'change': 1}
2025-07-06 16:58:19,667 : INFO : EventManager : Event: ======'shot_right_scoop_hit'====== Args={'profile': 'scoop_profile', 'state': 'lit', 'advancing': False}
2025-07-06 16:58:19,668 : INFO : EventManager : Event: ======'shot_right_scoop_scoop_profile_hit'====== Args={'profile': 'scoop_profile', 'state': 'lit', 'advancing': False}
2025-07-06 16:58:19,668 : INFO : EventManager : Event: ======'shot_right_scoop_scoop_profile_lit_hit'====== Args={'profile': 'scoop_profile', 'state': 'lit', 'advancing': False}
2025-07-06 16:58:19,668 : INFO : EventManager : Event: ======'shot_right_scoop_lit_hit'====== Args={'profile': 'scoop_profile', 'state': 'lit', 'advancing': False}
2025-07-06 16:58:19,668 : INFO : EventManager : Event: ======'player_score'====== Args={'value': 22300, 'prev_value': 2300, 'change': 20000, 'player_num': 1, 'source': 'grave_targets'}
2025-07-06 16:58:19,771 : INFO : SwitchController : <<<<<<< 's_right_scoop' inactive >>>>>>>
2025-07-06 16:58:20,137 : INFO : SwitchController : <<<<<<< 's_right_scoop' active >>>>>>>
2025-07-06 16:58:20,138 : INFO : EventManager : Event: ======'s_right_scoop_active'====== Args={}
2025-07-06 16:58:20,138 : INFO : EventManager : Event: ======'sw_playfield_active'====== Args={}
2025-07-06 16:58:20,138 : INFO : EventManager : Event: ======'machine_var_audits_switches_s_right_scoop'====== Args={'value': 163, 'prev_value': 162, 'change': 1}
2025-07-06 16:58:20,139 : INFO : EventManager : Event: ======'machine_var_audits_shots_shot_right_scoop'====== Args={'value': 1158346, 'prev_value': 1158345, 'change': 1}
2025-07-06 16:58:20,140 : INFO : EventManager : Event: ======'shot_right_scoop_hit'====== Args={'profile': 'scoop_profile', 'state': 'lit', 'advancing': False}
2025-07-06 16:58:20,140 : INFO : EventManager : Event: ======'shot_right_scoop_scoop_profile_hit'====== Args={'profile': 'scoop_profile', 'state': 'lit', 'advancing': False}
2025-07-06 16:58:20,140 : INFO : EventManager : Event: ======'shot_right_scoop_scoop_profile_lit_hit'====== Args={'profile': 'scoop_profile', 'state': 'lit', 'advancing': False}
2025-07-06 16:58:20,140 : INFO : EventManager : Event: ======'shot_right_scoop_lit_hit'====== Args={'profile': 'scoop_profile', 'state': 'lit', 'advancing': False}
2025-07-06 16:58:20,141 : INFO : EventManager : Event: ======'player_score'====== Args={'value': 42300, 'prev_value': 22300, 'change': 20000, 'player_num': 1, 'source': 'grave_targets'}
2025-07-06 16:58:20,238 : INFO : SwitchController : <<<<<<< 's_right_scoop' inactive >>>>>>>
2025-07-06 16:58:20,580 : INFO : SwitchController : <<<<<<< 's_right_scoop' active >>>>>>>
2025-07-06 16:58:20,580 : INFO : EventManager : Event: ======'s_right_scoop_active'====== Args={}
2025-07-06 16:58:20,580 : INFO : EventManager : Event: ======'sw_playfield_active'====== Args={}
2025-07-06 16:58:20,580 : INFO : EventManager : Event: ======'machine_var_audits_switches_s_right_scoop'====== Args={'value': 164, 'prev_value': 163, 'change': 1}
2025-07-06 16:58:20,581 : INFO : EventManager : Event: ======'machine_var_audits_shots_shot_right_scoop'====== Args={'value': 1158347, 'prev_value': 1158346, 'change': 1}
2025-07-06 16:58:20,581 : INFO : EventManager : Event: ======'shot_right_scoop_hit'====== Args={'profile': 'scoop_profile', 'state': 'lit', 'advancing': False}
2025-07-06 16:58:20,581 : INFO : EventManager : Event: ======'shot_right_scoop_scoop_profile_hit'====== Args={'profile': 'scoop_profile', 'state': 'lit', 'advancing': False}
2025-07-06 16:58:20,581 : INFO : EventManager : Event: ======'shot_right_scoop_scoop_profile_lit_hit'====== Args={'profile': 'scoop_profile', 'state': 'lit', 'advancing': False}
2025-07-06 16:58:20,581 : INFO : EventManager : Event: ======'shot_right_scoop_lit_hit'====== Args={'profile': 'scoop_profile', 'state': 'lit', 'advancing': False}
2025-07-06 16:58:20,582 : INFO : EventManager : Event: ======'player_score'====== Args={'value': 62300, 'prev_value': 42300, 'change': 20000, 'player_num': 1, 'source': 'grave_targets'}
2025-07-06 16:58:20,676 : INFO : SwitchController : <<<<<<< 's_right_scoop' inactive >>>>>>>
2025-07-06 16:58:20,958 : INFO : SwitchController : <<<<<<< 's_right_scoop' active >>>>>>>
2025-07-06 16:58:20,958 : INFO : EventManager : Event: ======'s_right_scoop_active'====== Args={}
2025-07-06 16:58:20,958 : INFO : EventManager : Event: ======'sw_playfield_active'====== Args={}
2025-07-06 16:58:20,958 : INFO : EventManager : Event: ======'machine_var_audits_switches_s_right_scoop'====== Args={'value': 165, 'prev_value': 164, 'change': 1}
2025-07-06 16:58:20,959 : INFO : EventManager : Event: ======'machine_var_audits_shots_shot_right_scoop'====== Args={'value': 1158348, 'prev_value': 1158347, 'change': 1}
2025-07-06 16:58:20,959 : INFO : EventManager : Event: ======'shot_right_scoop_hit'====== Args={'profile': 'scoop_profile', 'state': 'lit', 'advancing': False}
2025-07-06 16:58:20,959 : INFO : EventManager : Event: ======'shot_right_scoop_scoop_profile_hit'====== Args={'profile': 'scoop_profile', 'state': 'lit', 'advancing': False}
2025-07-06 16:58:20,959 : INFO : EventManager : Event: ======'shot_right_scoop_scoop_profile_lit_hit'====== Args={'profile': 'scoop_profile', 'state': 'lit', 'advancing': False}
2025-07-06 16:58:20,959 : INFO : EventManager : Event: ======'shot_right_scoop_lit_hit'====== Args={'profile': 'scoop_profile', 'state': 'lit', 'advancing': False}
2025-07-06 16:58:20,960 : INFO : EventManager : Event: ======'player_score'====== Args={'value': 82300, 'prev_value': 62300, 'change': 20000, 'player_num': 1, 'source': 'grave_targets'}
2025-07-06 16:58:21,076 : INFO : SwitchController : <<<<<<< 's_right_scoop' inactive >>>>>>>
2025-07-06 16:58:21,241 : INFO : SwitchController : <<<<<<< 's_right_scoop' active >>>>>>>
2025-07-06 16:58:21,241 : INFO : EventManager : Event: ======'s_right_scoop_active'====== Args={}
2025-07-06 16:58:21,242 : INFO : EventManager : Event: ======'sw_playfield_active'====== Args={}
2025-07-06 16:58:21,242 : INFO : EventManager : Event: ======'machine_var_audits_switches_s_right_scoop'====== Args={'value': 166, 'prev_value': 165, 'change': 1}
2025-07-06 16:58:21,243 : INFO : EventManager : Event: ======'machine_var_audits_shots_shot_right_scoop'====== Args={'value': 1158349, 'prev_value': 1158348, 'change': 1}
2025-07-06 16:58:21,243 : INFO : EventManager : Event: ======'shot_right_scoop_hit'====== Args={'profile': 'scoop_profile', 'state': 'lit', 'advancing': False}
2025-07-06 16:58:21,243 : INFO : EventManager : Event: ======'shot_right_scoop_scoop_profile_hit'====== Args={'profile': 'scoop_profile', 'state': 'lit', 'advancing': False}
2025-07-06 16:58:21,243 : INFO : EventManager : Event: ======'shot_right_scoop_scoop_profile_lit_hit'====== Args={'profile': 'scoop_profile', 'state': 'lit', 'advancing': False}
2025-07-06 16:58:21,243 : INFO : EventManager : Event: ======'shot_right_scoop_lit_hit'====== Args={'profile': 'scoop_profile', 'state': 'lit', 'advancing': False}
2025-07-06 16:58:21,243 : INFO : EventManager : Event: ======'player_score'====== Args={'value': 102300, 'prev_value': 82300, 'change': 20000, 'player_num': 1, 'source': 'grave_targets'}
2025-07-06 16:58:21,380 : INFO : SwitchController : <<<<<<< 's_right_scoop' inactive >>>>>>>
2025-07-06 16:58:21,556 : INFO : SwitchController : <<<<<<< 's_right_scoop' active >>>>>>>
2025-07-06 16:58:21,556 : INFO : EventManager : Event: ======'s_right_scoop_active'====== Args={}
2025-07-06 16:58:21,556 : INFO : EventManager : Event: ======'sw_playfield_active'====== Args={}
2025-07-06 16:58:21,557 : INFO : EventManager : Event: ======'machine_var_audits_switches_s_right_scoop'====== Args={'value': 167, 'prev_value': 166, 'change': 1}
2025-07-06 16:58:21,557 : INFO : EventManager : Event: ======'machine_var_audits_shots_shot_right_scoop'====== Args={'value': 1158350, 'prev_value': 1158349, 'change': 1}
2025-07-06 16:58:21,558 : INFO : EventManager : Event: ======'shot_right_scoop_hit'====== Args={'profile': 'scoop_profile', 'state': 'lit', 'advancing': False}
2025-07-06 16:58:21,559 : INFO : EventManager : Event: ======'shot_right_scoop_scoop_profile_hit'====== Args={'profile': 'scoop_profile', 'state': 'lit', 'advancing': False}
2025-07-06 16:58:21,559 : INFO : EventManager : Event: ======'shot_right_scoop_scoop_profile_lit_hit'====== Args={'profile': 'scoop_profile', 'state': 'lit', 'advancing': False}
2025-07-06 16:58:21,559 : INFO : EventManager : Event: ======'shot_right_scoop_lit_hit'====== Args={'profile': 'scoop_profile', 'state': 'lit', 'advancing': False}
2025-07-06 16:58:21,560 : INFO : EventManager : Event: ======'player_score'====== Args={'value': 122300, 'prev_value': 102300, 'change': 20000, 'player_num': 1, 'source': 'grave_targets'}
2025-07-06 16:58:21,671 : INFO : SwitchController : <<<<<<< 's_right_scoop' inactive >>>>>>>
2025-07-06 16:58:21,919 : INFO : SwitchController : <<<<<<< 's_right_scoop' active >>>>>>>
2025-07-06 16:58:21,919 : INFO : EventManager : Event: ======'s_right_scoop_active'====== Args={}
2025-07-06 16:58:21,919 : INFO : EventManager : Event: ======'sw_playfield_active'====== Args={}
2025-07-06 16:58:21,920 : INFO : EventManager : Event: ======'machine_var_audits_switches_s_right_scoop'====== Args={'value': 168, 'prev_value': 167, 'change': 1}
2025-07-06 16:58:21,921 : INFO : EventManager : Event: ======'machine_var_audits_shots_shot_right_scoop'====== Args={'value': 1158351, 'prev_value': 1158350, 'change': 1}
2025-07-06 16:58:21,922 : INFO : EventManager : Event: ======'shot_right_scoop_hit'====== Args={'profile': 'scoop_profile', 'state': 'lit', 'advancing': False}
2025-07-06 16:58:21,922 : INFO : EventManager : Event: ======'shot_right_scoop_scoop_profile_hit'====== Args={'profile': 'scoop_profile', 'state': 'lit', 'advancing': False}
2025-07-06 16:58:21,922 : INFO : EventManager : Event: ======'shot_right_scoop_scoop_profile_lit_hit'====== Args={'profile': 'scoop_profile', 'state': 'lit', 'advancing': False}
2025-07-06 16:58:21,923 : INFO : EventManager : Event: ======'shot_right_scoop_lit_hit'====== Args={'profile': 'scoop_profile', 'state': 'lit', 'advancing': False}
2025-07-06 16:58:21,923 : INFO : EventManager : Event: ======'player_score'====== Args={'value': 142300, 'prev_value': 122300, 'change': 20000, 'player_num': 1, 'source': 'grave_targets'}
2025-07-06 16:58:22,038 : INFO : SwitchController : <<<<<<< 's_right_scoop' inactive >>>>>>>
2025-07-06 16:58:22,391 : INFO : SwitchController : <<<<<<< 's_right_scoop' active >>>>>>>
2025-07-06 16:58:22,391 : INFO : EventManager : Event: ======'s_right_scoop_active'====== Args={}
2025-07-06 16:58:22,391 : INFO : EventManager : Event: ======'sw_playfield_active'====== Args={}
2025-07-06 16:58:22,391 : INFO : EventManager : Event: ======'machine_var_audits_switches_s_right_scoop'====== Args={'value': 169, 'prev_value': 168, 'change': 1}
2025-07-06 16:58:22,392 : INFO : EventManager : Event: ======'machine_var_audits_shots_shot_right_scoop'====== Args={'value': 1158352, 'prev_value': 1158351, 'change': 1}
2025-07-06 16:58:22,393 : INFO : EventManager : Event: ======'shot_right_scoop_hit'====== Args={'profile': 'scoop_profile', 'state': 'lit', 'advancing': False}
2025-07-06 16:58:22,393 : INFO : EventManager : Event: ======'shot_right_scoop_scoop_profile_hit'====== Args={'profile': 'scoop_profile', 'state': 'lit', 'advancing': False}
2025-07-06 16:58:22,394 : INFO : EventManager : Event: ======'shot_right_scoop_scoop_profile_lit_hit'====== Args={'profile': 'scoop_profile', 'state': 'lit', 'advancing': False}
2025-07-06 16:58:22,394 : INFO : EventManager : Event: ======'shot_right_scoop_lit_hit'====== Args={'profile': 'scoop_profile', 'state': 'lit', 'advancing': False}
2025-07-06 16:58:22,394 : INFO : EventManager : Event: ======'player_score'====== Args={'value': 162300, 'prev_value': 142300, 'change': 20000, 'player_num': 1, 'source': 'grave_targets'}
2025-07-06 16:58:22,505 : INFO : SwitchController : <<<<<<< 's_right_scoop' inactive >>>>>>>
2025-07-06 16:58:52,569 : INFO : Machine : Shutting down...
2025-07-06 16:58:52,570 : INFO : EventManager : Event: ======'shutdown'====== Args={}
2025-07-06 16:58:52,572 : INFO : EventManager : Event: ======'mode_game_will_stop'====== Args={}
2025-07-06 16:58:52,572 : INFO : EventManager : Event: ======'mode_game_stopping'====== Args={}
2025-07-06 16:58:52,572 : INFO : EventManager : Event: ======'mode_grave_targets_will_stop'====== Args={}
2025-07-06 16:58:52,573 : INFO : EventManager : Event: ======'mode_grave_targets_stopping'====== Args={}
2025-07-06 16:58:52,573 : INFO : EventManager : Event: ======'mode_base_will_stop'====== Args={}
2025-07-06 16:58:52,573 : INFO : EventManager : Event: ======'mode_base_stopping'====== Args={}
2025-07-06 16:58:52,573 : INFO : Mode.base : Stopped.
2025-07-06 16:58:52,573 : INFO : EventManager : Event: ======'modes_active_modes_changed'====== Args={}
2025-07-06 16:58:52,573 : INFO : EventManager : Event: ======'mode_base_stopped'====== Args={}
2025-07-06 16:58:52,573 : INFO : EventManager : Event: ======'clear'====== Args={'key': 'base'}
2025-07-06 16:58:52,574 : INFO : Mode.grave_targets : Stopped.
2025-07-06 16:58:52,574 : INFO : EventManager : Event: ======'modes_active_modes_changed'====== Args={}
2025-07-06 16:58:52,575 : INFO : EventManager : Event: ======'mode_grave_targets_stopped'====== Args={}
2025-07-06 16:58:52,575 : INFO : EventManager : Event: ======'clear'====== Args={'key': 'grave_targets'}
2025-07-06 16:58:52,576 : INFO : Mode.game : Stopped.
2025-07-06 16:58:52,576 : INFO : EventManager : Event: ======'modes_active_modes_changed'====== Args={}
2025-07-06 16:58:52,576 : INFO : EventManager : Event: ======'mode_game_stopped'====== Args={}
2025-07-06 16:58:52,576 : INFO : EventManager : Event: ======'clear'====== Args={'key': 'game'}
2025-07-06 16:58:52,577 : INFO : root : MPF run loop ended.
