2025-06-03 18:27:59,408 : kivy : Kivy: v2.2.1
2025-06-03 18:27:59,408 : kivy : Kivy: Installed at "/Library/Frameworks/Python.framework/Versions/3.9/lib/python3.9/site-packages/kivy/__init__.py"
2025-06-03 18:27:59,408 : kivy : Python: v3.9.13 (v3.9.13:6de2ca5339, May 17 2022, 11:37:23) 
[Clang 13.0.0 (clang-1300.0.29.30)]
2025-06-03 18:27:59,408 : kivy : Python: Interpreter at "/Library/Frameworks/Python.framework/Versions/3.9/bin/python3.9"
2025-06-03 18:27:59,413 : kivy : Factory: 190 symbols loaded
2025-06-03 18:27:59,501 : kivy : ImageLoaderFFPy: Using ffpyplayer 4.5.1
2025-06-03 18:27:59,501 : kivy : Image: Providers: img_tex, img_imageio, img_dds, img_sdl2, img_pil, img_ffpyplayer 
2025-06-03 18:27:59,569 : kivy : VideoFFPy: Using ffpyplayer 4.5.1
2025-06-03 18:27:59,570 : kivy : Video: Provider: ffpyplayer(['video_ffmpeg'] ignored)
2025-06-03 18:27:59,586 : root : Loading MPF-MC controller
2025-06-03 18:27:59,588 : YamlMultifileConfigLoader : Machine config file #1: config
2025-06-03 18:27:59,588 : ConfigProcessor : Config file in cache changed: /Users/ruben/Pinball/mpf-pinball/config/config
2025-06-03 18:27:59,588 : ConfigProcessor : Loading config from file /Library/Frameworks/Python.framework/Versions/3.9/lib/python3.9/site-packages/mpfmc/mcconfig.yaml.
2025-06-03 18:27:59,593 : ConfigProcessor : Loading config: /Library/Frameworks/Python.framework/Versions/3.9/lib/python3.9/site-packages/mpfmc/mcconfig.yaml
2025-06-03 18:27:59,593 : ConfigProcessor : Loading config from file /Users/ruben/Pinball/mpf-pinball/config/config.
2025-06-03 18:27:59,595 : ConfigProcessor : Loading config: /Users/ruben/Pinball/mpf-pinball/config/config
2025-06-03 18:27:59,596 : ConfigProcessor : Config file cache created: /var/folders/9g/7xjb17l959g1fnq4pjl5c5p80000gn/T/195f11bb22def72033a5ba91cfdec8f0.mpf_cache
2025-06-03 18:27:59,596 : ConfigProcessor : Loading config from cache: /var/folders/9g/7xjb17l959g1fnq4pjl5c5p80000gn/T/c7af4841f7c2cabb0f971746daddf284.mpf_cache
2025-06-03 18:27:59,596 : ConfigProcessor : Loading config from cache: /var/folders/9g/7xjb17l959g1fnq4pjl5c5p80000gn/T/edcc5f1d3215b377c9faab88c62e4ce0.mpf_cache
2025-06-03 18:27:59,596 : mpfmc : Mission Pinball Framework Media Controller (MPF-MC) v0.57.1. Requires MPF v0.57.0 or newer.
2025-06-03 18:27:59,596 : mpfmc : Found MPF v0.57.3
2025-06-03 18:27:59,596 : mpfmc : Machine path: /Users/ruben/Pinball/mpf-pinball
2025-06-03 18:27:59,596 : mpfmc : Starting clock at 60.0Hz
2025-06-03 18:27:59,601 : kivy : Text: Provider: sdl2
2025-06-03 18:27:59,612 : kivy : Window: Provider: sdl2
2025-06-03 18:27:59,716 : kivy : GL: Using the "OpenGL ES 2" graphics system
2025-06-03 18:27:59,716 : kivy : GL: Backend used <sdl2>
2025-06-03 18:27:59,716 : kivy : GL: OpenGL version <b'2.1 Metal - 88.1'>
2025-06-03 18:27:59,716 : kivy : GL: OpenGL vendor <b'Apple'>
2025-06-03 18:27:59,716 : kivy : GL: OpenGL renderer <b'Apple M1 Pro'>
2025-06-03 18:27:59,716 : kivy : GL: OpenGL parsed version: 2, 1
2025-06-03 18:27:59,716 : kivy : GL: Shading version <b'1.20'>
2025-06-03 18:27:59,716 : kivy : GL: Texture max size <16384>
2025-06-03 18:27:59,716 : kivy : GL: Texture max units <16>
2025-06-03 18:27:59,728 : kivy : Window: auto add sdl2 input provider
2025-06-03 18:27:59,728 : kivy : Window: virtual keyboard not allowed, single mode, not docked
2025-06-03 18:27:59,730 : SoundSystem : SoundSystem: Using default 'sound_system' settings
2025-06-03 18:27:59,950 : AudioInterface : Initialized
2025-06-03 18:27:59,951 : AudioInterface : Loaded SDL 2.32.8
2025-06-03 18:27:59,951 : AudioInterface : Loaded SDL_Mixer 2.8.1
2025-06-03 18:27:59,951 : AudioInterface : Loaded GStreamer 1.26.2.0
2025-06-03 18:27:59,951 : AudioInterface : Loaded GLib 2.84.2
2025-06-03 18:27:59,951 : AudioInterface : Settings requested - rate: 44100, channels: 1, buffer: 2048 samples
2025-06-03 18:27:59,951 : AudioInterface : Settings in use - rate: 44100, channels: 1, buffer: 2048 samples (4096 bytes @ 2 bytes per sample)
2025-06-03 18:27:59,951 : SoundSystem : No audio tracks are specified in your machine config file. a track named 'default' has been created.
2025-06-03 18:27:59,951 : SoundSystem : Setting master volume to 0.0
2025-06-03 18:27:59,951 : AudioInterface : Enabling audio playback
2025-06-03 18:27:59,953 : kivy : Base: Start application main loop
2025-06-03 18:27:59,953 : EventManager : Event: ======'display_window_initialized'====== Args={}
2025-06-03 18:28:00,287 : mpfmc : Display: Setting 'window' as default display
2025-06-03 18:28:00,289 : EventManager : Event: ======'displays_initialized'====== Args={}
2025-06-03 18:28:00,290 : EventManager : Event: ======'slide_window_blank_created'====== Args={}
2025-06-03 18:28:00,290 : EventManager : Event: ======'display_window_ready'====== Args={}
2025-06-03 18:28:00,292 : EventManager : Event: ======'init_phase_1'====== Args={}
2025-06-03 18:28:00,294 : EventManager : Event: ======'mc_ready'====== Args={}
2025-06-03 18:28:00,294 : EventManager : Event: ======'init_phase_2'====== Args={}
2025-06-03 18:28:00,295 : EventManager : Event: ======'init_phase_3'====== Args={}
2025-06-03 18:28:00,295 : EventManager : Event: ======'init_phase_4'====== Args={}
2025-06-03 18:28:00,295 : EventManager : Event: ======'init_phase_5'====== Args={}
2025-06-03 18:28:00,295 : EventManager : Event: ======'init_done'====== Args={}
2025-06-03 18:28:00,295 : MPF-MC BCP Server : Starting up on localhost port 5050
2025-06-03 18:28:00,296 : MPF-MC BCP Server : Waiting for a connection...
2025-06-03 18:28:00,299 : kivy : GL: NPOT texture support is available
2025-06-03 18:28:00,299 : EventManager : Event: ======'slide_welcome_slide_created'====== Args={}
2025-06-03 18:28:00,301 : EventManager : Event: ======'slide_welcome_slide_active'====== Args={}
2025-06-03 18:28:00,315 : EventManager : Event: ======'client_disconnected'====== Args={'host': '127.0.0.1', 'port': 5050}
2025-06-03 18:28:03,870 : kivy : Base: Leaving application in progress...
2025-06-03 18:28:03,871 : mpfmc : Stopping...
2025-06-03 18:28:03,871 : EventManager : Event: ======'shutdown'====== Args={}
2025-06-03 18:28:03,872 : AudioInterface : Disabling audio playback
2025-06-03 18:28:03,945 : mpfmc : Loop rate 64.86 Hz
2025-06-03 18:28:03,946 : root : MC run loop ended.
2025-06-03 18:28:03,946 : root : Stopping child threads... (3 remaining)
2025-06-03 18:28:04,301 : MPF-MC BCP Server : Stopping BCP listener thread
2025-06-03 18:28:04,313 : MPF-MC BCP Server : Stopping BCP sending thread
2025-06-03 18:28:04,350 : root : All child threads stopped.
