2025-06-29 08:08:08,376 : kivy : deps: Successfully imported "kivy_deps.gstreamer" 0.3.3
2025-06-29 08:08:08,376 : kivy : deps: Successfully imported "kivy_deps.angle" 0.3.3
2025-06-29 08:08:08,376 : kivy : deps: Successfully imported "kivy_deps.glew" 0.3.1
2025-06-29 08:08:08,376 : kivy : deps: Successfully imported "kivy_deps.sdl2" 0.6.0
2025-06-29 08:08:08,376 : kivy : Kivy: v2.2.1
2025-06-29 08:08:08,376 : kivy : Kivy: Installed at "C:\Users\ruben\AppData\Local\Programs\Python\Python39\lib\site-packages\kivy\__init__.py"
2025-06-29 08:08:08,376 : kivy : Python: v3.9.13 (tags/v3.9.13:6de2ca5, May 17 2022, 16:36:42) [MSC v.1929 64 bit (AMD64)]
2025-06-29 08:08:08,376 : kivy : Python: Interpreter at "C:\Users\ruben\AppData\Local\Programs\Python\Python39\python.exe"
2025-06-29 08:08:08,963 : kivy : Factory: 190 symbols loaded
2025-06-29 08:08:11,057 : kivy : ImageLoaderFFPy: Using ffpyplayer 4.5.1
2025-06-29 08:08:11,057 : kivy : Image: Providers: img_tex, img_dds, img_sdl2, img_pil, img_ffpyplayer 
2025-06-29 08:08:11,901 : kivy : VideoGstplayer: Using Gstreamer 1.18.5.0
2025-06-29 08:08:11,902 : kivy : Video: Provider: gstplayer
2025-06-29 08:08:12,259 : root : Loading MPF-MC controller
2025-06-29 08:08:12,278 : YamlMultifileConfigLoader : Machine config file #1: config
2025-06-29 08:08:12,279 : ConfigProcessor : Config file in cache changed: C:\pinball\my_machine\config\config
2025-06-29 08:08:12,279 : ConfigProcessor : Loading config from file C:\Users\ruben\AppData\Local\Programs\Python\Python39\lib\site-packages\mpfmc\mcconfig.yaml.
2025-06-29 08:08:12,294 : ConfigProcessor : Loading config: C:\Users\ruben\AppData\Local\Programs\Python\Python39\lib\site-packages\mpfmc\mcconfig.yaml
2025-06-29 08:08:12,295 : ConfigProcessor : Loading config from file C:\pinball\my_machine\config\config.
2025-06-29 08:08:12,296 : ConfigProcessor : Loading config: C:\pinball\my_machine\config\config
2025-06-29 08:08:12,297 : ConfigProcessor : Loading config: C:\pinball\my_machine\config\hardware.yaml
2025-06-29 08:08:12,299 : ConfigProcessor : Loading config: C:\pinball\my_machine\config\switches.yaml
2025-06-29 08:08:12,302 : ConfigProcessor : Loading config: C:\pinball\my_machine\config\coils.yaml
2025-06-29 08:08:12,309 : ConfigProcessor : Loading config: C:\pinball\my_machine\config\lights.yaml
2025-06-29 08:08:12,312 : ConfigProcessor : Loading config: C:\pinball\my_machine\config\devices.yaml
2025-06-29 08:08:12,313 : ConfigProcessor : Loading config: C:\pinball\my_machine\config\images.yaml
2025-06-29 08:08:12,316 : ConfigProcessor : Loading config: C:\pinball\my_machine\config\displays.yaml
2025-06-29 08:08:12,318 : ConfigProcessor : Loading config: C:\pinball\my_machine\config\slides.yaml
2025-06-29 08:08:12,320 : ConfigProcessor : Config file cache created: C:\Users\ruben\AppData\Local\Temp\abbaf7ebf6530f7229115378792f7a93.mpf_cache
2025-06-29 08:08:12,321 : ConfigProcessor : Loading config from cache: C:\Users\ruben\AppData\Local\Temp\de22d214a8e6fb7753c0be2dfb8deb7c.mpf_cache
2025-06-29 08:08:12,322 : ConfigProcessor : Loading config from cache: C:\Users\ruben\AppData\Local\Temp\76bc62f652ae2965f03127125af6e953.mpf_cache
2025-06-29 08:08:12,323 : ConfigProcessor : Loading config from cache: C:\Users\ruben\AppData\Local\Temp\195f66f1d07408d279921a878741edf5.mpf_cache
2025-06-29 08:08:12,324 : ConfigProcessor : Loading config from cache: C:\Users\ruben\AppData\Local\Temp\de22d214a8e6fb7753c0be2dfb8deb7c.mpf_cache
2025-06-29 08:08:12,325 : mpfmc : Mission Pinball Framework Media Controller (MPF-MC) v0.57.1. Requires MPF v0.57.0 or newer.
2025-06-29 08:08:12,325 : mpfmc : Found MPF v0.57.3
2025-06-29 08:08:12,325 : mpfmc : Machine path: C:\pinball\my_machine
2025-06-29 08:08:12,325 : mpfmc : Starting clock at 60.0Hz
2025-06-29 08:08:12,475 : kivy : Text: Provider: sdl2
2025-06-29 08:08:12,597 : kivy : Window: Provider: sdl2
2025-06-29 08:08:13,861 : kivy : GL: Using the "OpenGL" graphics system
2025-06-29 08:08:13,868 : kivy : GL: GLEW initialization succeeded
2025-06-29 08:08:13,868 : kivy : GL: Backend used <glew>
2025-06-29 08:08:13,868 : kivy : GL: OpenGL version <b'4.5.0 NVIDIA 376.54'>
2025-06-29 08:08:13,868 : kivy : GL: OpenGL vendor <b'NVIDIA Corporation'>
2025-06-29 08:08:13,868 : kivy : GL: OpenGL renderer <b'GeForce GT 630M/PCIe/SSE2'>
2025-06-29 08:08:13,868 : kivy : GL: OpenGL parsed version: 4, 5
2025-06-29 08:08:13,868 : kivy : GL: Shading version <b'4.50 NVIDIA'>
2025-06-29 08:08:13,869 : kivy : GL: Texture max size <16384>
2025-06-29 08:08:13,869 : kivy : GL: Texture max units <32>
2025-06-29 08:08:13,895 : kivy : Window: auto add sdl2 input provider
2025-06-29 08:08:13,896 : kivy : Window: virtual keyboard not allowed, single mode, not docked
2025-06-29 08:08:13,909 : SoundSystem : SoundSystem: Using default 'sound_system' settings
2025-06-29 08:08:20,300 : AudioInterface : Initialized
2025-06-29 08:08:20,300 : AudioInterface : Loaded SDL 2.26.4
2025-06-29 08:08:20,300 : AudioInterface : Loaded SDL_Mixer 2.6.3
2025-06-29 08:08:20,300 : AudioInterface : Loaded GStreamer 1.18.5.0
2025-06-29 08:08:20,300 : AudioInterface : Loaded GLib 2.62.6
2025-06-29 08:08:20,300 : AudioInterface : Settings requested - rate: 44100, channels: 1, buffer: 2048 samples
2025-06-29 08:08:20,300 : AudioInterface : Settings in use - rate: 44100, channels: 1, buffer: 2048 samples (4096 bytes @ 2 bytes per sample)
2025-06-29 08:08:20,301 : SoundSystem : No audio tracks are specified in your machine config file. a track named 'default' has been created.
2025-06-29 08:08:20,301 : SoundSystem : Setting master volume to 0.0
2025-06-29 08:08:20,301 : AudioInterface : Enabling audio playback
2025-06-29 08:08:20,304 : kivy : Base: Start application main loop
2025-06-29 08:08:20,304 : EventManager : Event: ======'display_window_initialized'====== Args={}
2025-06-29 08:08:20,317 : mpfmc : Display: Setting 'window' as default display
2025-06-29 08:08:20,329 : EventManager : Event: ======'displays_initialized'====== Args={}
2025-06-29 08:08:20,331 : EventManager : Event: ======'slide_window_blank_created'====== Args={}
2025-06-29 08:08:20,332 : EventManager : Event: ======'display_window_ready'====== Args={}
2025-06-29 08:08:20,359 : EventManager : Event: ======'init_phase_1'====== Args={}
2025-06-29 08:08:20,370 : EventManager : Event: ======'mc_ready'====== Args={}
2025-06-29 08:08:20,370 : EventManager : Event: ======'init_phase_2'====== Args={}
2025-06-29 08:08:20,377 : EventManager : Event: ======'init_phase_3'====== Args={}
2025-06-29 08:08:20,381 : EventManager : Event: ======'init_phase_4'====== Args={}
2025-06-29 08:08:20,381 : EventManager : Event: ======'init_phase_5'====== Args={}
2025-06-29 08:08:20,534 : EventManager : Event: ======'loading_assets'====== Args={'total': 1, 'loaded': 1, 'remaining': 0, 'percent': 100}
2025-06-29 08:08:20,534 : AssetManager : Asset loading took: 0.23286652565002441
2025-06-29 08:08:20,535 : EventManager : Event: ======'asset_loading_complete'====== Args={}
2025-06-29 08:08:20,535 : AssetManager : Loading assets: 1/1 (100%)
2025-06-29 08:08:20,535 : EventManager : Event: ======'init_done'====== Args={}
2025-06-29 08:08:20,535 : MPF-MC BCP Server : Starting up on localhost port 5050
2025-06-29 08:08:20,540 : MPF-MC BCP Server : Waiting for a connection...
2025-06-29 08:08:20,541 : EventManager : Event: ======'client_disconnected'====== Args={'host': '127.0.0.1', 'port': 5050}
2025-06-29 08:08:20,648 : MPF-MC BCP Server : Received connection from: 127.0.0.1:62758
2025-06-29 08:08:20,654 : EventManager : Event: ======'client_connected'====== Args={'host': '127.0.0.1', 'port': 62758}
2025-06-29 08:08:20,793 : EventManager : Event: ======'machine_var_credits_string'====== Args={'value': 'FREE PLAY', 'prev_value': None, 'change': True}
2025-06-29 08:08:20,793 : EventManager : Event: ======'machine_var_master_volume'====== Args={'value': 0.5, 'prev_value': None, 'change': True}
2025-06-29 08:08:20,793 : EventManager : Event: ======'machine_var_player1_score'====== Args={'value': 0, 'prev_value': None, 'change': True}
2025-06-29 08:08:20,793 : EventManager : Event: ======'machine_var_mpf_version'====== Args={'value': 'Mission Pinball Framework v0.57.3', 'prev_value': None, 'change': True}
2025-06-29 08:08:20,794 : EventManager : Event: ======'machine_var_mpf_extended_version'====== Args={'value': 'Mission Pinball Framework v0.57.3, Config version:6, Show version: 6, BCP version:1.1', 'prev_value': None, 'change': True}
2025-06-29 08:08:20,794 : EventManager : Event: ======'machine_var_python_version'====== Args={'value': '3.9.13', 'prev_value': None, 'change': True}
2025-06-29 08:08:20,794 : EventManager : Event: ======'machine_var_platform'====== Args={'value': 'Windows-10-10.0.19045-SP0', 'prev_value': None, 'change': True}
2025-06-29 08:08:20,794 : EventManager : Event: ======'machine_var_platform_system'====== Args={'value': 'Windows', 'prev_value': None, 'change': True}
2025-06-29 08:08:20,794 : EventManager : Event: ======'machine_var_platform_release'====== Args={'value': '10', 'prev_value': None, 'change': True}
2025-06-29 08:08:20,794 : EventManager : Event: ======'machine_var_platform_version'====== Args={'value': '10.0.19045', 'prev_value': None, 'change': True}
2025-06-29 08:08:20,795 : EventManager : Event: ======'machine_var_platform_machine'====== Args={'value': 'AMD64', 'prev_value': None, 'change': True}
2025-06-29 08:08:20,795 : EventManager : Event: ======'machine_var_mc_version'====== Args={'value': 'MPF-MC v0.57.1', 'prev_value': None, 'change': True}
2025-06-29 08:08:20,795 : EventManager : Event: ======'machine_var_mc_extended_version'====== Args={'value': 'MPF-MC v0.57.1 (config_version=6, BCP v1.1,                      Requires MPF API compatibility v0.57.0 or newer)', 'prev_value': None, 'change': True}
2025-06-29 08:08:20,795 : EventManager : Event: ======'machine_var_credits_string'====== Args={'value': 'FREE PLAY', 'prev_value': None, 'change': True}
2025-06-29 08:08:20,795 : EventManager : Event: ======'machine_var_master_volume'====== Args={'value': 0.5, 'prev_value': None, 'change': True}
2025-06-29 08:08:20,795 : EventManager : Event: ======'machine_var_player1_score'====== Args={'value': 0, 'prev_value': None, 'change': True}
2025-06-29 08:08:20,796 : EventManager : Event: ======'machine_var_mpf_version'====== Args={'value': 'Mission Pinball Framework v0.57.3', 'prev_value': None, 'change': True}
2025-06-29 08:08:20,796 : EventManager : Event: ======'machine_var_mpf_extended_version'====== Args={'value': 'Mission Pinball Framework v0.57.3, Config version:6, Show version: 6, BCP version:1.1', 'prev_value': None, 'change': True}
2025-06-29 08:08:20,796 : EventManager : Event: ======'machine_var_python_version'====== Args={'value': '3.9.13', 'prev_value': None, 'change': True}
2025-06-29 08:08:20,796 : EventManager : Event: ======'machine_var_platform'====== Args={'value': 'Windows-10-10.0.19045-SP0', 'prev_value': None, 'change': True}
2025-06-29 08:08:20,796 : EventManager : Event: ======'machine_var_platform_system'====== Args={'value': 'Windows', 'prev_value': None, 'change': True}
2025-06-29 08:08:20,797 : EventManager : Event: ======'machine_var_platform_release'====== Args={'value': '10', 'prev_value': None, 'change': True}
2025-06-29 08:08:20,797 : EventManager : Event: ======'machine_var_platform_version'====== Args={'value': '10.0.19045', 'prev_value': None, 'change': True}
2025-06-29 08:08:20,797 : EventManager : Event: ======'machine_var_platform_machine'====== Args={'value': 'AMD64', 'prev_value': None, 'change': True}
2025-06-29 08:08:20,797 : EventManager : Event: ======'machine_var_mc_version'====== Args={'value': 'MPF-MC v0.57.1', 'prev_value': None, 'change': True}
2025-06-29 08:08:20,797 : EventManager : Event: ======'machine_var_mc_extended_version'====== Args={'value': 'MPF-MC v0.57.1 (config_version=6, BCP v1.1,                      Requires MPF API compatibility v0.57.0 or newer)', 'prev_value': None, 'change': True}
2025-06-29 08:08:20,798 : EventManager : Event: ======'machine_var_credits_string'====== Args={'value': 'FREE PLAY', 'prev_value': None, 'change': True}
2025-06-29 08:08:20,798 : EventManager : Event: ======'machine_var_master_volume'====== Args={'value': 0.5, 'prev_value': None, 'change': True}
2025-06-29 08:08:20,798 : EventManager : Event: ======'machine_var_player1_score'====== Args={'value': 0, 'prev_value': None, 'change': True}
2025-06-29 08:08:20,798 : EventManager : Event: ======'machine_var_mpf_version'====== Args={'value': 'Mission Pinball Framework v0.57.3', 'prev_value': None, 'change': True}
2025-06-29 08:08:20,798 : EventManager : Event: ======'machine_var_mpf_extended_version'====== Args={'value': 'Mission Pinball Framework v0.57.3, Config version:6, Show version: 6, BCP version:1.1', 'prev_value': None, 'change': True}
2025-06-29 08:08:20,798 : EventManager : Event: ======'machine_var_python_version'====== Args={'value': '3.9.13', 'prev_value': None, 'change': True}
2025-06-29 08:08:20,798 : EventManager : Event: ======'machine_var_platform'====== Args={'value': 'Windows-10-10.0.19045-SP0', 'prev_value': None, 'change': True}
2025-06-29 08:08:20,798 : EventManager : Event: ======'machine_var_platform_system'====== Args={'value': 'Windows', 'prev_value': None, 'change': True}
2025-06-29 08:08:20,798 : EventManager : Event: ======'machine_var_platform_release'====== Args={'value': '10', 'prev_value': None, 'change': True}
2025-06-29 08:08:20,799 : EventManager : Event: ======'machine_var_platform_version'====== Args={'value': '10.0.19045', 'prev_value': None, 'change': True}
2025-06-29 08:08:20,799 : EventManager : Event: ======'machine_var_platform_machine'====== Args={'value': 'AMD64', 'prev_value': None, 'change': True}
2025-06-29 08:08:20,799 : EventManager : Event: ======'machine_var_mc_version'====== Args={'value': 'MPF-MC v0.57.1', 'prev_value': None, 'change': True}
2025-06-29 08:08:20,799 : EventManager : Event: ======'machine_var_mc_extended_version'====== Args={'value': 'MPF-MC v0.57.1 (config_version=6, BCP v1.1,                      Requires MPF API compatibility v0.57.0 or newer)', 'prev_value': None, 'change': True}
2025-06-29 08:08:20,799 : EventManager : Event: ======'machine_var_credits_string'====== Args={'value': 'FREE PLAY', 'prev_value': None, 'change': True}
2025-06-29 08:08:20,799 : EventManager : Event: ======'machine_var_master_volume'====== Args={'value': 0.5, 'prev_value': None, 'change': True}
2025-06-29 08:08:20,799 : EventManager : Event: ======'machine_var_player1_score'====== Args={'value': 0, 'prev_value': None, 'change': True}
2025-06-29 08:08:20,799 : EventManager : Event: ======'machine_var_mpf_version'====== Args={'value': 'Mission Pinball Framework v0.57.3', 'prev_value': None, 'change': True}
2025-06-29 08:08:20,799 : EventManager : Event: ======'machine_var_mpf_extended_version'====== Args={'value': 'Mission Pinball Framework v0.57.3, Config version:6, Show version: 6, BCP version:1.1', 'prev_value': None, 'change': True}
2025-06-29 08:08:20,799 : EventManager : Event: ======'machine_var_python_version'====== Args={'value': '3.9.13', 'prev_value': None, 'change': True}
2025-06-29 08:08:20,800 : EventManager : Event: ======'machine_var_platform'====== Args={'value': 'Windows-10-10.0.19045-SP0', 'prev_value': None, 'change': True}
2025-06-29 08:08:20,800 : EventManager : Event: ======'machine_var_platform_system'====== Args={'value': 'Windows', 'prev_value': None, 'change': True}
2025-06-29 08:08:20,800 : EventManager : Event: ======'machine_var_platform_release'====== Args={'value': '10', 'prev_value': None, 'change': True}
2025-06-29 08:08:20,800 : EventManager : Event: ======'machine_var_platform_version'====== Args={'value': '10.0.19045', 'prev_value': None, 'change': True}
2025-06-29 08:08:20,800 : EventManager : Event: ======'machine_var_platform_machine'====== Args={'value': 'AMD64', 'prev_value': None, 'change': True}
2025-06-29 08:08:20,800 : EventManager : Event: ======'machine_var_mc_version'====== Args={'value': 'MPF-MC v0.57.1', 'prev_value': None, 'change': True}
2025-06-29 08:08:20,800 : EventManager : Event: ======'machine_var_mc_extended_version'====== Args={'value': 'MPF-MC v0.57.1 (config_version=6, BCP v1.1,                      Requires MPF API compatibility v0.57.0 or newer)', 'prev_value': None, 'change': True}
2025-06-29 08:08:20,800 : SoundSystem : Setting master volume to 0.5
2025-06-29 08:08:20,801 : SoundSystem : Setting master volume to 0.5
2025-06-29 08:08:20,801 : SoundSystem : Setting master volume to 0.5
2025-06-29 08:08:20,801 : SoundSystem : Setting master volume to 0.5
2025-06-29 08:08:20,917 : mpfmc : Stopping...
2025-06-29 08:08:20,917 : EventManager : Event: ======'shutdown'====== Args={}
2025-06-29 08:08:20,917 : AudioInterface : Disabling audio playback
2025-06-29 08:08:21,060 : mpfmc : Loop rate 46.2 Hz
2025-06-29 08:08:21,060 : kivy : Base: Leaving application in progress...
2025-06-29 08:08:21,072 : mpfmc : Stopping...
2025-06-29 08:08:21,072 : EventManager : Event: ======'shutdown'====== Args={}
2025-06-29 08:08:21,072 : mpfmc : Loop rate 46.77 Hz
2025-06-29 08:08:21,073 : root : MC run loop ended.
2025-06-29 08:08:21,073 : root : Stopping child threads... (3 remaining)
2025-06-29 08:08:21,660 : MPF-MC BCP Server : Stopping BCP sending thread
2025-06-29 08:08:21,775 : root : All child threads stopped.
