2025-07-06 16:06:56,521 : INFO : root : Loading config.
2025-07-06 16:06:56,522 : INFO : YamlMultifileConfigLoader : Machine config file #1: config.yaml
2025-07-06 16:06:56,523 : INFO : ConfigProcessor : Loading config from cache: /var/folders/9g/7xjb17l959g1fnq4pjl5c5p80000gn/T/1941ac2cbc7f60a15b77e866ee64bff5.mpf_cache
2025-07-06 16:06:56,551 : INFO : ConfigProcessor : Loading config from cache: /var/folders/9g/7xjb17l959g1fnq4pjl5c5p80000gn/T/f574f59b1e0fcbb2258348220f26b9cc.mpf_cache
2025-07-06 16:06:56,551 : INFO : ConfigProcessor : Loading config from cache: /var/folders/9g/7xjb17l959g1fnq4pjl5c5p80000gn/T/edcc5f1d3215b377c9faab88c62e4ce0.mpf_cache
2025-07-06 16:06:56,552 : INFO : ConfigProcessor : Loading config from cache: /var/folders/9g/7xjb17l959g1fnq4pjl5c5p80000gn/T/174d451d321a0971202b746018364536.mpf_cache
2025-07-06 16:06:56,552 : INFO : ConfigProcessor : Loading config from cache: /var/folders/9g/7xjb17l959g1fnq4pjl5c5p80000gn/T/f574f59b1e0fcbb2258348220f26b9cc.mpf_cache
2025-07-06 16:06:56,552 : WARNING : ConfigProcessor : Config file in cache changed: /Users/ruben/Pinball/mpf-pinball/modes/grave_targets/config/grave_targets.yaml
2025-07-06 16:06:56,552 : INFO : ConfigProcessor : Loading config from file /Users/ruben/Pinball/mpf-pinball/modes/grave_targets/config/grave_targets.yaml.
2025-07-06 16:06:56,553 : INFO : ConfigProcessor : Loading config: /Users/ruben/Pinball/mpf-pinball/modes/grave_targets/config/grave_targets.yaml
2025-07-06 16:06:56,554 : INFO : ConfigProcessor : Config file cache created: /var/folders/9g/7xjb17l959g1fnq4pjl5c5p80000gn/T/c284941e722380023d767d5e99e91837.mpf_cache
2025-07-06 16:06:56,554 : INFO : ConfigProcessor : Loading config from cache: /var/folders/9g/7xjb17l959g1fnq4pjl5c5p80000gn/T/eb471d6ccb0819d362663d6a8f2acf38.mpf_cache
2025-07-06 16:06:56,555 : INFO : ConfigProcessor : Loading config from cache: /var/folders/9g/7xjb17l959g1fnq4pjl5c5p80000gn/T/d59102b8edab9d29c936bc5103c31ce3.mpf_cache
2025-07-06 16:06:56,555 : INFO : ConfigProcessor : Loading config from cache: /var/folders/9g/7xjb17l959g1fnq4pjl5c5p80000gn/T/47fef8a1453daf1c032af9b266173dc7.mpf_cache
2025-07-06 16:06:56,555 : INFO : ConfigProcessor : Loading config from cache: /var/folders/9g/7xjb17l959g1fnq4pjl5c5p80000gn/T/099d4b18c0884da431b87dd690bf4c32.mpf_cache
2025-07-06 16:06:56,555 : INFO : ConfigProcessor : Loading config from cache: /var/folders/9g/7xjb17l959g1fnq4pjl5c5p80000gn/T/598981ad252bde5d57763e28fc8e8246.mpf_cache
2025-07-06 16:06:56,557 : INFO : ConfigProcessor : Loading config from cache: /var/folders/9g/7xjb17l959g1fnq4pjl5c5p80000gn/T/7d84a1dad0271550171325475a6e1af4.mpf_cache
2025-07-06 16:06:56,557 : INFO : ConfigProcessor : Loading config from cache: /var/folders/9g/7xjb17l959g1fnq4pjl5c5p80000gn/T/f238ae40b962a84c30d7301a20ca1dae.mpf_cache
2025-07-06 16:06:56,557 : INFO : ConfigProcessor : Loading config from cache: /var/folders/9g/7xjb17l959g1fnq4pjl5c5p80000gn/T/a93e216f51b341135614380ce5b2c95b.mpf_cache
2025-07-06 16:06:56,557 : INFO : ConfigProcessor : Loading config from cache: /var/folders/9g/7xjb17l959g1fnq4pjl5c5p80000gn/T/e915b2173a980311df13d8013999f00c.mpf_cache
2025-07-06 16:06:56,558 : INFO : ConfigProcessor : Loading config from cache: /var/folders/9g/7xjb17l959g1fnq4pjl5c5p80000gn/T/b77620ad9425e89373db73baff92c60d.mpf_cache
2025-07-06 16:06:56,558 : INFO : Machine : Mission Pinball Framework Core Engine v0.57.3
2025-07-06 16:06:56,558 : INFO : Machine : Command line arguments: {'no_load_cache': False, 'create_config_cache': True, 'bcp': True, 'configfile': ['config.yaml'], 'force_assets_load': False, 'platform_integration_test': False, 'jsonlogging': False, 'logfile': 'logs/2025-07-06-16-06-56-mpf-ruben.home.log', 'pause': False, 'production': False, 'text_ui': True, 'loglevel': 15, 'consoleloglevel': 20, 'force_platform': 'smart_virtual', 'syslog_address': None, 'mc_file_name': None, 'no_sound': False}
2025-07-06 16:06:56,558 : INFO : Machine : MPF path: /Library/Frameworks/Python.framework/Versions/3.9/lib/python3.9/site-packages/mpf
2025-07-06 16:06:56,558 : INFO : Machine : Machine path: /Users/ruben/Pinball/mpf-pinball
2025-07-06 16:06:56,558 : INFO : Machine : Platform: darwin
2025-07-06 16:06:56,558 : INFO : Machine : Python executable location: /Library/Frameworks/Python.framework/Versions/3.9/bin/python3.9
2025-07-06 16:06:56,558 : INFO : Machine : Python version: 3.9.13 (64-bit)
2025-07-06 16:06:56,558 : INFO : Machine : Initializing MPF...
2025-07-06 16:06:56,585 : INFO : EventManager : Event: ======'machine_var_credits_string'====== Args={'value': 'FREE PLAY', 'prev_value': None, 'change': True}
2025-07-06 16:06:56,602 : INFO : EventManager : Event: ======'machine_var_master_volume'====== Args={'value': 0.5, 'prev_value': None, 'change': True}
2025-07-06 16:06:56,602 : INFO : EventManager : Event: ======'machine_var_player1_score'====== Args={'value': 0, 'prev_value': None, 'change': True}
2025-07-06 16:06:56,602 : INFO : EventManager : Event: ======'machine_var_mpf_version'====== Args={'value': 'Mission Pinball Framework v0.57.3', 'prev_value': None, 'change': True}
2025-07-06 16:06:56,602 : INFO : EventManager : Event: ======'machine_var_mpf_extended_version'====== Args={'value': 'Mission Pinball Framework v0.57.3, Config version:6, Show version: 6, BCP version:1.1', 'prev_value': None, 'change': True}
2025-07-06 16:06:56,602 : INFO : EventManager : Event: ======'machine_var_python_version'====== Args={'value': '3.9.13', 'prev_value': None, 'change': True}
2025-07-06 16:06:56,610 : INFO : EventManager : Event: ======'machine_var_platform'====== Args={'value': 'macOS-15.5-arm64-arm-64bit', 'prev_value': None, 'change': True}
2025-07-06 16:06:56,610 : INFO : EventManager : Event: ======'machine_var_platform_system'====== Args={'value': 'Darwin', 'prev_value': None, 'change': True}
2025-07-06 16:06:56,610 : INFO : EventManager : Event: ======'machine_var_platform_release'====== Args={'value': '24.5.0', 'prev_value': None, 'change': True}
2025-07-06 16:06:56,610 : INFO : EventManager : Event: ======'machine_var_platform_version'====== Args={'value': 'Darwin Kernel Version 24.5.0: Tue Apr 22 19:54:49 PDT 2025; root:xnu-11417.121.6~2/RELEASE_ARM64_T6000', 'prev_value': None, 'change': True}
2025-07-06 16:06:56,610 : INFO : EventManager : Event: ======'machine_var_platform_machine'====== Args={'value': 'arm64', 'prev_value': None, 'change': True}
2025-07-06 16:06:56,610 : INFO : EventManager : Event: ======'init_phase_1'====== Args={}
2025-07-06 16:06:56,622 : INFO : EventManager : Event: ======'init_phase_2'====== Args={}
2025-07-06 16:06:56,625 : INFO : EventManager : Event: ======'bcp_connection_attempt'====== Args={'name': 'local_display', 'host': 'localhost', 'port': 5050}
2025-07-06 16:06:56,626 : INFO : BCPClientSocket : Connecting BCP to 'local_display' at localhost:5050...
2025-07-06 16:06:57,548 : INFO : BCPClientSocket : Connected BCP to 'local_display' localhost:5050
2025-07-06 16:06:57,548 : INFO : EventManager : Event: ======'bcp_clients_connected'====== Args={}
2025-07-06 16:06:57,549 : INFO : ball_device.bd_trough : BCH: Initial count: 0
2025-07-06 16:06:57,550 : INFO : ball_device.bd_trough : State: idle
2025-07-06 16:06:57,553 : INFO : EventManager : Event: ======'init_phase_3'====== Args={}
2025-07-06 16:06:57,558 : INFO : EventManager : Event: ======'init_phase_4'====== Args={}
2025-07-06 16:06:57,558 : INFO : BallController : Initial balls found: 0
2025-07-06 16:06:57,559 : INFO : EventManager : Event: ======'machine_var_audits_events_game_ended'====== Args={'value': 53, 'prev_value': None, 'change': True}
2025-07-06 16:06:57,559 : INFO : EventManager : Event: ======'machine_var_audits_events_game_started'====== Args={'value': 159, 'prev_value': None, 'change': True}
2025-07-06 16:06:57,559 : INFO : EventManager : Event: ======'machine_var_audits_missing_switches_s_center_scoop'====== Args={'value': 7, 'prev_value': None, 'change': True}
2025-07-06 16:06:57,559 : INFO : EventManager : Event: ======'machine_var_audits_missing_switches_s_left_flipper'====== Args={'value': 59, 'prev_value': None, 'change': True}
2025-07-06 16:06:57,559 : INFO : EventManager : Event: ======'machine_var_audits_missing_switches_s_left_inlane_1'====== Args={'value': 9, 'prev_value': None, 'change': True}
2025-07-06 16:06:57,560 : INFO : EventManager : Event: ======'machine_var_audits_missing_switches_s_left_inlane_2'====== Args={'value': 9, 'prev_value': None, 'change': True}
2025-07-06 16:06:57,560 : INFO : EventManager : Event: ======'machine_var_audits_missing_switches_s_left_outlane'====== Args={'value': 9, 'prev_value': None, 'change': True}
2025-07-06 16:06:57,560 : INFO : EventManager : Event: ======'machine_var_audits_missing_switches_s_left_slingshot'====== Args={'value': 7, 'prev_value': None, 'change': True}
2025-07-06 16:06:57,560 : INFO : EventManager : Event: ======'machine_var_audits_missing_switches_s_pop1'====== Args={'value': 70, 'prev_value': None, 'change': True}
2025-07-06 16:06:57,560 : INFO : EventManager : Event: ======'machine_var_audits_missing_switches_s_pop2'====== Args={'value': 70, 'prev_value': None, 'change': True}
2025-07-06 16:06:57,560 : INFO : EventManager : Event: ======'machine_var_audits_missing_switches_s_pop3'====== Args={'value': 70, 'prev_value': None, 'change': True}
2025-07-06 16:06:57,560 : INFO : EventManager : Event: ======'machine_var_audits_missing_switches_s_pop4'====== Args={'value': 59, 'prev_value': None, 'change': True}
2025-07-06 16:06:57,560 : INFO : EventManager : Event: ======'machine_var_audits_missing_switches_s_pop5'====== Args={'value': 13, 'prev_value': None, 'change': True}
2025-07-06 16:06:57,560 : INFO : EventManager : Event: ======'machine_var_audits_missing_switches_s_right_flipper'====== Args={'value': 58, 'prev_value': None, 'change': True}
2025-07-06 16:06:57,560 : INFO : EventManager : Event: ======'machine_var_audits_missing_switches_s_right_inlane'====== Args={'value': 8, 'prev_value': None, 'change': True}
2025-07-06 16:06:57,560 : INFO : EventManager : Event: ======'machine_var_audits_missing_switches_s_right_outlane'====== Args={'value': 9, 'prev_value': None, 'change': True}
2025-07-06 16:06:57,560 : INFO : EventManager : Event: ======'machine_var_audits_missing_switches_s_right_slingshot'====== Args={'value': 7, 'prev_value': None, 'change': True}
2025-07-06 16:06:57,560 : INFO : EventManager : Event: ======'machine_var_audits_missing_switches_s_startButton'====== Args={'value': 49, 'prev_value': None, 'change': True}
2025-07-06 16:06:57,560 : INFO : EventManager : Event: ======'machine_var_audits_missing_switches_s_trough1'====== Args={'value': 52, 'prev_value': None, 'change': True}
2025-07-06 16:06:57,560 : INFO : EventManager : Event: ======'machine_var_audits_missing_switches_s_trough2'====== Args={'value': 10, 'prev_value': None, 'change': True}
2025-07-06 16:06:57,560 : INFO : EventManager : Event: ======'machine_var_audits_missing_switches_s_trough3'====== Args={'value': 10, 'prev_value': None, 'change': True}
2025-07-06 16:06:57,560 : INFO : EventManager : Event: ======'machine_var_audits_missing_switches_s_trough4'====== Args={'value': 10, 'prev_value': None, 'change': True}
2025-07-06 16:06:57,560 : INFO : EventManager : Event: ======'machine_var_audits_missing_switches_s_trough5'====== Args={'value': 9, 'prev_value': None, 'change': True}
2025-07-06 16:06:57,560 : INFO : EventManager : Event: ======'machine_var_audits_player_score'====== Args={'value': {'average': 0, 'top': [0, 0, 0, 0, 0, 0, 0, 0, 0, 0], 'total': 53}, 'prev_value': None, 'change': True}
2025-07-06 16:06:57,560 : INFO : EventManager : Event: ======'machine_var_audits_shots_my_first_shot'====== Args={'value': 5, 'prev_value': None, 'change': True}
2025-07-06 16:06:57,561 : INFO : EventManager : Event: ======'machine_var_audits_shots_shot_right_inlane'====== Args={'value': 1, 'prev_value': None, 'change': True}
2025-07-06 16:06:57,561 : INFO : EventManager : Event: ======'machine_var_audits_shots_shot_right_scoop'====== Args={'value': 38, 'prev_value': None, 'change': True}
2025-07-06 16:06:57,561 : INFO : EventManager : Event: ======'machine_var_audits_shots_shot_target_g'====== Args={'value': 24, 'prev_value': None, 'change': True}
2025-07-06 16:06:57,561 : INFO : EventManager : Event: ======'machine_var_audits_shots_shot_target_r'====== Args={'value': 28, 'prev_value': None, 'change': True}
2025-07-06 16:06:57,561 : INFO : EventManager : Event: ======'machine_var_audits_switches_s_center_scoop'====== Args={'value': 4, 'prev_value': None, 'change': True}
2025-07-06 16:06:57,561 : INFO : EventManager : Event: ======'machine_var_audits_switches_s_drop_bank1'====== Args={'value': 140, 'prev_value': None, 'change': True}
2025-07-06 16:06:57,561 : INFO : EventManager : Event: ======'machine_var_audits_switches_s_left_flipper'====== Args={'value': 2284, 'prev_value': None, 'change': True}
2025-07-06 16:06:57,561 : INFO : EventManager : Event: ======'machine_var_audits_switches_s_left_inlane1'====== Args={'value': 2, 'prev_value': None, 'change': True}
2025-07-06 16:06:57,561 : INFO : EventManager : Event: ======'machine_var_audits_switches_s_left_inlane2'====== Args={'value': 2, 'prev_value': None, 'change': True}
2025-07-06 16:06:57,561 : INFO : EventManager : Event: ======'machine_var_audits_switches_s_left_inlane_1'====== Args={'value': 1, 'prev_value': None, 'change': True}
2025-07-06 16:06:57,561 : INFO : EventManager : Event: ======'machine_var_audits_switches_s_left_inlane_2'====== Args={'value': 2, 'prev_value': None, 'change': True}
2025-07-06 16:06:57,561 : INFO : EventManager : Event: ======'machine_var_audits_switches_s_left_outlane'====== Args={'value': 1, 'prev_value': None, 'change': True}
2025-07-06 16:06:57,561 : INFO : EventManager : Event: ======'machine_var_audits_switches_s_left_slingshot'====== Args={'value': 420, 'prev_value': None, 'change': True}
2025-07-06 16:06:57,561 : INFO : EventManager : Event: ======'machine_var_audits_switches_s_plunger'====== Args={'value': 5, 'prev_value': None, 'change': True}
2025-07-06 16:06:57,562 : INFO : EventManager : Event: ======'machine_var_audits_switches_s_pop1'====== Args={'value': 0, 'prev_value': None, 'change': True}
2025-07-06 16:06:57,562 : INFO : EventManager : Event: ======'machine_var_audits_switches_s_pop2'====== Args={'value': 0, 'prev_value': None, 'change': True}
2025-07-06 16:06:57,562 : INFO : EventManager : Event: ======'machine_var_audits_switches_s_pop3'====== Args={'value': 0, 'prev_value': None, 'change': True}
2025-07-06 16:06:57,562 : INFO : EventManager : Event: ======'machine_var_audits_switches_s_pop4'====== Args={'value': 3, 'prev_value': None, 'change': True}
2025-07-06 16:06:57,562 : INFO : EventManager : Event: ======'machine_var_audits_switches_s_pop5'====== Args={'value': 4, 'prev_value': None, 'change': True}
2025-07-06 16:06:57,562 : INFO : EventManager : Event: ======'machine_var_audits_switches_s_pop_bot'====== Args={'value': 426, 'prev_value': None, 'change': True}
2025-07-06 16:06:57,562 : INFO : EventManager : Event: ======'machine_var_audits_switches_s_pop_mid'====== Args={'value': 351, 'prev_value': None, 'change': True}
2025-07-06 16:06:57,562 : INFO : EventManager : Event: ======'machine_var_audits_switches_s_pop_top'====== Args={'value': 302, 'prev_value': None, 'change': True}
2025-07-06 16:06:57,562 : INFO : EventManager : Event: ======'machine_var_audits_switches_s_right_flipper'====== Args={'value': 2339, 'prev_value': None, 'change': True}
2025-07-06 16:06:57,562 : INFO : EventManager : Event: ======'machine_var_audits_switches_s_right_inlane'====== Args={'value': 88, 'prev_value': None, 'change': True}
2025-07-06 16:06:57,562 : INFO : EventManager : Event: ======'machine_var_audits_switches_s_right_outlane'====== Args={'value': 4, 'prev_value': None, 'change': True}
2025-07-06 16:06:57,562 : INFO : EventManager : Event: ======'machine_var_audits_switches_s_right_scoop'====== Args={'value': 38, 'prev_value': None, 'change': True}
2025-07-06 16:06:57,563 : INFO : EventManager : Event: ======'machine_var_audits_switches_s_right_slingshot'====== Args={'value': 367, 'prev_value': None, 'change': True}
2025-07-06 16:06:57,563 : INFO : EventManager : Event: ======'machine_var_audits_switches_s_scoop_center'====== Args={'value': 2, 'prev_value': None, 'change': True}
2025-07-06 16:06:57,563 : INFO : EventManager : Event: ======'machine_var_audits_switches_s_scoop_lower'====== Args={'value': 220, 'prev_value': None, 'change': True}
2025-07-06 16:06:57,563 : INFO : EventManager : Event: ======'machine_var_audits_switches_s_scoop_right'====== Args={'value': 1, 'prev_value': None, 'change': True}
2025-07-06 16:06:57,563 : INFO : EventManager : Event: ======'machine_var_audits_switches_s_shooter_lane'====== Args={'value': 15, 'prev_value': None, 'change': True}
2025-07-06 16:06:57,563 : INFO : EventManager : Event: ======'machine_var_audits_switches_s_startButton'====== Args={'value': 37, 'prev_value': None, 'change': True}
2025-07-06 16:06:57,563 : INFO : EventManager : Event: ======'machine_var_audits_switches_s_target_g'====== Args={'value': 28, 'prev_value': None, 'change': True}
2025-07-06 16:06:57,563 : INFO : EventManager : Event: ======'machine_var_audits_switches_s_target_r'====== Args={'value': 28, 'prev_value': None, 'change': True}
2025-07-06 16:06:57,563 : INFO : EventManager : Event: ======'machine_var_audits_switches_s_trough1'====== Args={'value': 318, 'prev_value': None, 'change': True}
2025-07-06 16:06:57,563 : INFO : EventManager : Event: ======'machine_var_audits_switches_s_trough2'====== Args={'value': 1, 'prev_value': None, 'change': True}
2025-07-06 16:06:57,563 : INFO : EventManager : Event: ======'machine_var_audits_switches_s_trough3'====== Args={'value': 1, 'prev_value': None, 'change': True}
2025-07-06 16:06:57,564 : INFO : EventManager : Event: ======'machine_var_audits_switches_s_trough4'====== Args={'value': 1, 'prev_value': None, 'change': True}
2025-07-06 16:06:57,564 : INFO : EventManager : Event: ======'machine_var_audits_switches_s_trough5'====== Args={'value': 1, 'prev_value': None, 'change': True}
2025-07-06 16:06:57,564 : INFO : EventManager : Event: ======'init_phase_5'====== Args={}
2025-07-06 16:06:57,568 : INFO : EventManager : Event: ======'init_done'====== Args={}
2025-07-06 16:06:57,569 : INFO : EventManager : Event: ======'machine_reset_phase_1'====== Args={}
2025-07-06 16:06:57,578 : INFO : EventManager : Event: ======'machine_var_mc_version'====== Args={'value': 'MPF-MC v0.57.1', 'prev_value': None, 'change': True}
2025-07-06 16:06:57,579 : INFO : EventManager : Event: ======'machine_var_mc_extended_version'====== Args={'value': 'MPF-MC v0.57.1 (config_version=6, BCP v1.1,                      Requires MPF API compatibility v0.57.0 or newer)', 'prev_value': None, 'change': True}
2025-07-06 16:06:57,583 : INFO : EventManager : Event: ======'machine_reset_phase_2'====== Args={}
2025-07-06 16:06:57,584 : INFO : EventManager : Event: ======'machine_reset_phase_3'====== Args={}
2025-07-06 16:06:57,584 : INFO : EventManager : Event: ======'reset_complete'====== Args={}
2025-07-06 16:06:57,584 : INFO : EventManager : Event: ======'mode_attract_will_start'====== Args={}
2025-07-06 16:06:57,585 : INFO : EventManager : Event: ======'mode_attract_starting'====== Args={}
2025-07-06 16:06:57,585 : INFO : Mode.attract : Started. Priority: 10
2025-07-06 16:06:57,585 : INFO : EventManager : Event: ======'modes_active_modes_changed'====== Args={}
2025-07-06 16:06:57,585 : INFO : EventManager : Event: ======'mode_attract_started'====== Args={}
2025-07-06 16:06:57,585 : INFO : EventManager : Event: ======'collecting_balls_complete'====== Args={}
2025-07-06 16:06:57,586 : INFO : Machine : Starting the main run loop with active modes: [<Mode.attract>]
2025-07-06 16:06:57,599 : INFO : EventManager : Event: ======'slide_awesome_slide_created'====== Args={'_from_bcp': True}
2025-07-06 16:06:57,617 : INFO : EventManager : Event: ======'slide_awesome_slide_active'====== Args={'_from_bcp': True}
2025-07-06 16:06:58,111 : INFO : BcpServer : New client connected.
2025-07-06 16:07:00,507 : INFO : SwitchController : <<<<<<< 's_trough1' active >>>>>>>
2025-07-06 16:07:00,607 : INFO : EventManager : Event: ======'slide_press_start_created'====== Args={'_from_bcp': True}
2025-07-06 16:07:00,620 : INFO : EventManager : Event: ======'slide_press_start_active'====== Args={'_from_bcp': True}
2025-07-06 16:07:01,008 : INFO : EventManager : Event: ======'balldevice_bd_trough_ball_count_changed'====== Args={'balls': 1}
2025-07-06 16:07:01,008 : INFO : ball_device.bd_trough : Received unexpected ball
2025-07-06 16:07:01,008 : INFO : EventManager : Event: ======'balldevice_captured_from_playfield'====== Args={'balls': 1}
2025-07-06 16:07:01,009 : INFO : EventManager : Event: ======'sw_playfield_active'====== Args={'balls': 1}
2025-07-06 16:07:01,009 : INFO : EventManager : Event: ======'playfield_active'====== Args={'source': None}
2025-07-06 16:07:01,009 : INFO : EventManager : Event: ======'unexpected_ball_on_playfield'====== Args={}
2025-07-06 16:07:01,009 : INFO : EventManager : Event: ======'playfield_ball_count_change'====== Args={'balls': -1, 'change': -1}
2025-07-06 16:07:01,010 : INFO : EventManager : Event: ======'balldevice_playfield_ball_enter'====== Args={'new_balls': 1, 'unclaimed_balls': 1, 'device': <playfield.playfield>}
2025-07-06 16:07:01,010 : INFO : EventManager : Event: ======'playfield_ball_count_change'====== Args={'balls': 0, 'change': 1}
2025-07-06 16:07:01,010 : INFO : BallController : Found a new ball which was captured from playfield. Known balls: 1
2025-07-06 16:07:01,010 : INFO : EventManager : Event: ======'found_new_ball'====== Args={}
2025-07-06 16:07:01,010 : INFO : EventManager : Event: ======'balldevice_bd_trough_ball_enter'====== Args={'new_balls': 1, 'unclaimed_balls': 1, 'new_available_balls': 1, 'device': <ball_device.bd_trough>}
2025-07-06 16:07:01,011 : INFO : EventManager : Event: ======'ball_drain'====== Args={'device': <ball_device.bd_trough>, 'balls': 1}
2025-07-06 16:07:01,011 : INFO : EventManager : Event: ======'balldevice_balls_available'====== Args={}
2025-07-06 16:07:01,011 : INFO : EventManager : Event: ======'balldevice_bd_trough_ball_entered'====== Args={'new_balls': 1, 'device': <ball_device.bd_trough>}
2025-07-06 16:07:01,489 : INFO : SwitchController : <<<<<<< 's_startButton' active >>>>>>>
2025-07-06 16:07:01,595 : INFO : SwitchController : <<<<<<< 's_startButton' inactive >>>>>>>
2025-07-06 16:07:01,595 : INFO : EventManager : Event: ======'request_to_start_game'====== Args={}
2025-07-06 16:07:01,596 : INFO : EventManager : Event: ======'game_start'====== Args={'buttons': [], 'hold_time': 0.10625237499999951}
2025-07-06 16:07:01,596 : INFO : EventManager : Event: ======'mode_game_will_start'====== Args={'buttons': [], 'hold_time': 0.10625237499999951}
2025-07-06 16:07:01,596 : INFO : EventManager : Event: ======'mode_game_starting'====== Args={'buttons': [], 'hold_time': 0.10625237499999951}
2025-07-06 16:07:01,597 : INFO : EventManager : Event: ======'mode_attract_will_stop'====== Args={}
2025-07-06 16:07:01,597 : INFO : EventManager : Event: ======'mode_attract_stopping'====== Args={}
2025-07-06 16:07:01,597 : INFO : Mode.attract : Stopped.
2025-07-06 16:07:01,597 : INFO : EventManager : Event: ======'modes_active_modes_changed'====== Args={}
2025-07-06 16:07:01,598 : INFO : EventManager : Event: ======'mode_attract_stopped'====== Args={}
2025-07-06 16:07:01,598 : INFO : EventManager : Event: ======'clear'====== Args={'key': 'attract'}
2025-07-06 16:07:01,599 : INFO : Mode.game : Started. Priority: 20
2025-07-06 16:07:01,599 : INFO : EventManager : Event: ======'modes_active_modes_changed'====== Args={}
2025-07-06 16:07:01,599 : INFO : EventManager : Event: ======'mode_game_started'====== Args={'buttons': [], 'hold_time': 0.10625237499999951}
2025-07-06 16:07:01,599 : INFO : EventManager : Event: ======'game_will_start'====== Args={}
2025-07-06 16:07:01,600 : INFO : EventManager : Event: ======'game_starting'====== Args={'game': <Mode.game>}
2025-07-06 16:07:01,601 : INFO : EventManager : Unordered handler for class <Auditor> on event game_ended with priority 1. Handlers: [RegisteredHandler(callback=<bound method Auditor.disable of <Auditor>>, priority=1, kwargs={}, key=UUID('90b89d8a-4eef-4874-b69d-f12d085cf93b'), condition=None, blocking_facility=None), RegisteredHandler(callback=<bound method Auditor._save_audits of <Auditor>>, priority=1, kwargs={}, key=UUID('cb718e36-cc2a-49de-ae36-39419e0edd3a'), condition=None, blocking_facility=None)]. The order of those handlers is not defined and they will be executed in random order. This might lead to race conditions and potential bugs.
2025-07-06 16:07:01,601 : INFO : EventManager : Event: ======'player_add_request'====== Args={}
2025-07-06 16:07:01,601 : INFO : EventManager : Event: ======'player_will_add'====== Args={'number': 1}
2025-07-06 16:07:01,601 : INFO : EventManager : Event: ======'player_adding'====== Args={'player': <Player 1>, 'number': 1}
2025-07-06 16:07:01,601 : INFO : EventManager : Event: ======'player_added'====== Args={'player': <Player 1>, 'num': 1}
2025-07-06 16:07:01,602 : INFO : Mode.game : Player added successfully. Total players: 1
2025-07-06 16:07:01,602 : INFO : EventManager : Event: ======'player_index'====== Args={'value': 0, 'prev_value': 0, 'change': 0, 'player_num': 1}
2025-07-06 16:07:01,602 : INFO : EventManager : Event: ======'player_number'====== Args={'value': 1, 'prev_value': 1, 'change': 0, 'player_num': 1}
2025-07-06 16:07:01,602 : INFO : EventManager : Event: ======'player_score'====== Args={'value': 0, 'prev_value': 0, 'change': 0, 'player_num': 1}
2025-07-06 16:07:01,603 : INFO : EventManager : Event: ======'game_started'====== Args={}
2025-07-06 16:07:01,603 : INFO : EventManager : Event: ======'player_turn_will_start'====== Args={'player': <Player 1>, 'number': 1}
2025-07-06 16:07:01,604 : INFO : EventManager : Event: ======'slide_awesome_slide_removed'====== Args={'_from_bcp': True}
2025-07-06 16:07:01,604 : INFO : EventManager : Event: ======'slide_press_start_removed'====== Args={'_from_bcp': True}
2025-07-06 16:07:01,604 : INFO : EventManager : Event: ======'slide_window_blank_active'====== Args={'_from_bcp': True}
2025-07-06 16:07:01,604 : INFO : EventManager : Event: ======'player_turn_starting'====== Args={'player': <Player 1>, 'number': 1}
2025-07-06 16:07:01,611 : INFO : EventManager : Event: ======'player_ball'====== Args={'value': 1, 'prev_value': 0, 'change': 1, 'player_num': 1}
2025-07-06 16:07:01,611 : INFO : EventManager : Event: ======'player_turn_started'====== Args={'player': <Player 1>, 'number': 1}
2025-07-06 16:07:01,612 : INFO : EventManager : Event: ======'ball_will_start'====== Args={'player': 1, 'ball': 1, 'balls_remaining': 2, 'is_extra_ball': False}
2025-07-06 16:07:01,612 : INFO : EventManager : Event: ======'ball_starting'====== Args={'player': 1, 'ball': 1, 'balls_remaining': 2, 'is_extra_ball': False}
2025-07-06 16:07:01,612 : INFO : EventManager : Event: ======'mode_grave_targets_will_start'====== Args={'queue': <QueuedEvent>, 'player': 1, 'ball': 1, 'balls_remaining': 2, 'is_extra_ball': False}
2025-07-06 16:07:01,613 : INFO : EventManager : Event: ======'grave_targets_group_complete'====== Args={'state': 'None'}
2025-07-06 16:07:01,613 : INFO : EventManager : Event: ======'grave_targets_group_None_complete'====== Args={}
2025-07-06 16:07:01,613 : INFO : EventManager : Event: ======'player_shot_shot_target_g_enabled'====== Args={'value': True, 'prev_value': 0, 'change': 1, 'player_num': 1}
2025-07-06 16:07:01,613 : INFO : EventManager : Event: ======'player_shot_shot_target_r_enabled'====== Args={'value': True, 'prev_value': 0, 'change': 1, 'player_num': 1}
2025-07-06 16:07:01,614 : INFO : EventManager : Event: ======'player_shot_shot_right_scoop_enabled'====== Args={'value': True, 'prev_value': 0, 'change': 1, 'player_num': 1}
2025-07-06 16:07:01,614 : INFO : EventManager : Event: ======'mode_grave_targets_starting'====== Args={'queue': <QueuedEvent>, 'player': 1, 'ball': 1, 'balls_remaining': 2, 'is_extra_ball': False}
2025-07-06 16:07:01,615 : INFO : EventManager : Event: ======'mode_base_will_start'====== Args={'queue': <QueuedEvent>, 'player': 1, 'ball': 1, 'balls_remaining': 2, 'is_extra_ball': False}
2025-07-06 16:07:01,615 : INFO : EventManager : Event: ======'player_shot_shot_right_outlane_enabled'====== Args={'value': True, 'prev_value': 0, 'change': 1, 'player_num': 1}
2025-07-06 16:07:01,615 : INFO : EventManager : Event: ======'player_shot_shot_right_inlane_enabled'====== Args={'value': True, 'prev_value': 0, 'change': 1, 'player_num': 1}
2025-07-06 16:07:01,615 : INFO : EventManager : Event: ======'player_shot_shot_left_inlane_1_enabled'====== Args={'value': True, 'prev_value': 0, 'change': 1, 'player_num': 1}
2025-07-06 16:07:01,616 : INFO : EventManager : Event: ======'player_shot_shot_left_inlane_2_enabled'====== Args={'value': True, 'prev_value': 0, 'change': 1, 'player_num': 1}
2025-07-06 16:07:01,616 : INFO : EventManager : Event: ======'player_shot_shot_left_outlane_enabled'====== Args={'value': True, 'prev_value': 0, 'change': 1, 'player_num': 1}
2025-07-06 16:07:01,616 : INFO : EventManager : Event: ======'player_shot_shot_pop1_enabled'====== Args={'value': True, 'prev_value': 0, 'change': 1, 'player_num': 1}
2025-07-06 16:07:01,616 : INFO : EventManager : Event: ======'player_shot_shot_pop2_enabled'====== Args={'value': True, 'prev_value': 0, 'change': 1, 'player_num': 1}
2025-07-06 16:07:01,617 : INFO : EventManager : Event: ======'player_shot_shot_pop3_enabled'====== Args={'value': True, 'prev_value': 0, 'change': 1, 'player_num': 1}
2025-07-06 16:07:01,617 : INFO : EventManager : Event: ======'player_shot_shot_pop4_enabled'====== Args={'value': True, 'prev_value': 0, 'change': 1, 'player_num': 1}
2025-07-06 16:07:01,617 : INFO : EventManager : Event: ======'player_shot_shot_pop5_enabled'====== Args={'value': True, 'prev_value': 0, 'change': 1, 'player_num': 1}
2025-07-06 16:07:01,618 : INFO : EventManager : Event: ======'mode_base_starting'====== Args={'queue': <QueuedEvent>, 'player': 1, 'ball': 1, 'balls_remaining': 2, 'is_extra_ball': False}
2025-07-06 16:07:01,618 : INFO : EventManager : Event: ======'player_shot_shot_right_scoop'====== Args={'value': 1, 'prev_value': 0, 'change': 1, 'player_num': 1}
2025-07-06 16:07:01,619 : INFO : Mode.base : Started. Priority: 100
2025-07-06 16:07:01,619 : INFO : EventManager : Event: ======'modes_active_modes_changed'====== Args={}
2025-07-06 16:07:01,619 : INFO : EventManager : Event: ======'mode_base_started'====== Args={'queue': <QueuedEvent>, 'player': 1, 'ball': 1, 'balls_remaining': 2, 'is_extra_ball': False}
2025-07-06 16:07:01,620 : INFO : Mode.grave_targets : Started. Priority: 200
2025-07-06 16:07:01,620 : INFO : EventManager : Event: ======'modes_active_modes_changed'====== Args={}
2025-07-06 16:07:01,620 : INFO : EventManager : Event: ======'mode_grave_targets_started'====== Args={'queue': <QueuedEvent>, 'player': 1, 'ball': 1, 'balls_remaining': 2, 'is_extra_ball': False}
2025-07-06 16:07:01,620 : INFO : EventManager : Event: ======'balls_in_play'====== Args={'balls': 1}
2025-07-06 16:07:01,620 : INFO : EventManager : Event: ======'ball_started'====== Args={'player': 1, 'ball': 1, 'balls_remaining': 2, 'is_extra_ball': False}
2025-07-06 16:07:01,621 : INFO : EventManager : Event: ======'single_player_ball_started'====== Args={}
2025-07-06 16:07:01,621 : INFO : EventManager : Event: ======'ball_start_target'====== Args={'target': 'playfield'}
2025-07-06 16:07:01,621 : INFO : ball_device.bd_trough : Setting up player-controlled eject. Balls: 1, Target: <playfield.playfield>, player_controlled_eject_event: None
2025-07-06 16:07:01,621 : INFO : ball_device.bd_trough : Adding 1 ball(s) to the eject_queue with target <playfield.playfield>.
2025-07-06 16:07:01,622 : INFO : EventManager : Event: ======'balldevice_balls_available'====== Args={}
2025-07-06 16:07:01,622 : INFO : ball_device.bd_trough : State: waiting_for_target_ready
2025-07-06 16:07:01,622 : INFO : EventManager : Event: ======'balldevice_bd_trough_ball_eject_attempt'====== Args={'balls': 1, 'target': <playfield.playfield>, 'source': <ball_device.bd_trough>, 'mechanical_eject': False, 'num_attempts': 0}
2025-07-06 16:07:01,625 : INFO : ball_device.bd_trough : State: ejecting
2025-07-06 16:07:01,625 : INFO : ball_device.bd_trough : Ejecting ball to <playfield.playfield>
2025-07-06 16:07:01,625 : INFO : EventManager : Event: ======'balldevice_bd_trough_ejecting_ball'====== Args={'balls': 1, 'target': <playfield.playfield>, 'source': <ball_device.bd_trough>, 'mechanical_eject': False, 'num_attempts': 0}
2025-07-06 16:07:01,626 : INFO : ball_device.bd_trough : Wait for ball to leave device
2025-07-06 16:07:01,626 : INFO : coil.c_trough_eject : Pulsing Driver for 35ms (1.0 pulse_power)
2025-07-06 16:07:01,626 : INFO : SwitchController : <<<<<<< 's_trough1' inactive >>>>>>>
2025-07-06 16:07:01,626 : INFO : ball_device.bd_trough : State: ball_left
2025-07-06 16:07:01,626 : INFO : ball_device.bd_trough : Ball left
2025-07-06 16:07:01,626 : INFO : ball_device.bd_trough : Wait for confirm with timeout 10.0
2025-07-06 16:07:01,632 : INFO : EventManager : Event: ======'slide_base.slide_player-mode_base_started_created'====== Args={'_from_bcp': True}
2025-07-06 16:07:01,633 : INFO : EventManager : Event: ======'slide_base.slide_player-mode_base_started_active'====== Args={'_from_bcp': True}
2025-07-06 16:07:03,446 : INFO : SwitchController : <<<<<<< 's_target_g' active >>>>>>>
2025-07-06 16:07:03,446 : INFO : EventManager : Event: ======'playfield_active'====== Args={'source': 'shot_target_g'}
2025-07-06 16:07:03,447 : INFO : EventManager : Event: ======'s_target_g_active'====== Args={}
2025-07-06 16:07:03,447 : INFO : EventManager : Event: ======'sw_playfield_active'====== Args={}
2025-07-06 16:07:03,448 : INFO : EventManager : Event: ======'machine_var_audits_switches_s_target_g'====== Args={'value': 29, 'prev_value': 28, 'change': 1}
2025-07-06 16:07:03,449 : INFO : EventManager : Event: ======'player_shot_shot_target_g'====== Args={'value': 1, 'prev_value': 0, 'change': 1, 'player_num': 1}
2025-07-06 16:07:03,455 : INFO : EventManager : Event: ======'machine_var_audits_shots_shot_target_g'====== Args={'value': 25, 'prev_value': 24, 'change': 1}
2025-07-06 16:07:03,455 : INFO : EventManager : Event: ======'shot_target_g_hit'====== Args={'profile': 'target_profile', 'state': 'unlit', 'advancing': True}
2025-07-06 16:07:03,456 : INFO : EventManager : Event: ======'shot_target_g_target_profile_hit'====== Args={'profile': 'target_profile', 'state': 'unlit', 'advancing': True}
2025-07-06 16:07:03,456 : INFO : EventManager : Event: ======'shot_target_g_target_profile_unlit_hit'====== Args={'profile': 'target_profile', 'state': 'unlit', 'advancing': True}
2025-07-06 16:07:03,456 : INFO : EventManager : Event: ======'shot_target_g_unlit_hit'====== Args={'profile': 'target_profile', 'state': 'unlit', 'advancing': True}
2025-07-06 16:07:03,456 : INFO : EventManager : Event: ======'player_score'====== Args={'value': 100, 'prev_value': 0, 'change': 100, 'player_num': 1, 'source': 'grave_targets'}
2025-07-06 16:07:03,456 : INFO : EventManager : Event: ======'player_score'====== Args={'value': 1100, 'prev_value': 100, 'change': 1000, 'player_num': 1, 'source': 'base'}
2025-07-06 16:07:03,457 : INFO : EventManager : Event: ======'grave_targets_group_hit'====== Args={}
2025-07-06 16:07:03,457 : INFO : EventManager : Event: ======'grave_targets_group_unlit_hit'====== Args={}
2025-07-06 16:07:03,458 : INFO : EventManager : Event: ======'playfield_active'====== Args={'source': None}
2025-07-06 16:07:03,463 : INFO : ball_device.bd_trough : Got eject confirm
2025-07-06 16:07:03,463 : INFO : ball_device.bd_trough : Eject successful
2025-07-06 16:07:03,463 : INFO : EventManager : Event: ======'balldevice_bd_trough_ball_eject_success'====== Args={'balls': 1, 'target': <playfield.playfield>}
2025-07-06 16:07:03,464 : INFO : EventManager : Event: ======'balldevice_playfield_ball_enter'====== Args={'new_balls': 1, 'unclaimed_balls': 1, 'device': <playfield.playfield>}
2025-07-06 16:07:03,464 : INFO : EventManager : Event: ======'playfield_ball_count_change'====== Args={'balls': 1, 'change': 1}
2025-07-06 16:07:03,464 : INFO : EventManager : Event: ======'balldevice_bd_trough_ball_count_changed'====== Args={'balls': 0}
2025-07-06 16:07:03,464 : INFO : ball_device.bd_trough : State: idle
2025-07-06 16:07:03,583 : INFO : SwitchController : <<<<<<< 's_target_g' inactive >>>>>>>
2025-07-06 16:07:04,294 : INFO : SwitchController : <<<<<<< 's_target_r' active >>>>>>>
2025-07-06 16:07:04,294 : INFO : EventManager : Event: ======'s_target_r_active'====== Args={}
2025-07-06 16:07:04,294 : INFO : EventManager : Event: ======'sw_playfield_active'====== Args={}
2025-07-06 16:07:04,295 : INFO : EventManager : Event: ======'machine_var_audits_switches_s_target_r'====== Args={'value': 29, 'prev_value': 28, 'change': 1}
2025-07-06 16:07:04,296 : INFO : EventManager : Event: ======'player_shot_shot_target_r'====== Args={'value': 1, 'prev_value': 0, 'change': 1, 'player_num': 1}
2025-07-06 16:07:04,297 : INFO : EventManager : Event: ======'machine_var_audits_shots_shot_target_r'====== Args={'value': 29, 'prev_value': 28, 'change': 1}
2025-07-06 16:07:04,298 : INFO : EventManager : Event: ======'shot_target_r_hit'====== Args={'profile': 'target_profile', 'state': 'unlit', 'advancing': True}
2025-07-06 16:07:04,298 : INFO : EventManager : Event: ======'shot_target_r_target_profile_hit'====== Args={'profile': 'target_profile', 'state': 'unlit', 'advancing': True}
2025-07-06 16:07:04,298 : INFO : EventManager : Event: ======'shot_target_r_target_profile_unlit_hit'====== Args={'profile': 'target_profile', 'state': 'unlit', 'advancing': True}
2025-07-06 16:07:04,298 : INFO : EventManager : Event: ======'shot_target_r_unlit_hit'====== Args={'profile': 'target_profile', 'state': 'unlit', 'advancing': True}
2025-07-06 16:07:04,298 : INFO : EventManager : Event: ======'grave_targets_group_complete'====== Args={'state': 'lit'}
2025-07-06 16:07:04,299 : INFO : EventManager : Event: ======'grave_targets_group_lit_complete'====== Args={}
2025-07-06 16:07:04,299 : INFO : EventManager : Event: ======'player_score'====== Args={'value': 1200, 'prev_value': 1100, 'change': 100, 'player_num': 1, 'source': 'grave_targets'}
2025-07-06 16:07:04,300 : INFO : EventManager : Event: ======'player_score'====== Args={'value': 2200, 'prev_value': 1200, 'change': 1000, 'player_num': 1, 'source': 'base'}
2025-07-06 16:07:04,300 : INFO : EventManager : Event: ======'grave_targets_group_hit'====== Args={}
2025-07-06 16:07:04,300 : INFO : EventManager : Event: ======'grave_targets_group_unlit_hit'====== Args={}
2025-07-06 16:07:04,404 : INFO : SwitchController : <<<<<<< 's_target_r' inactive >>>>>>>
2025-07-06 16:07:05,307 : INFO : SwitchController : <<<<<<< 's_right_scoop' active >>>>>>>
2025-07-06 16:07:05,308 : INFO : EventManager : Event: ======'s_right_scoop_active'====== Args={}
2025-07-06 16:07:05,308 : INFO : EventManager : Event: ======'sw_playfield_active'====== Args={}
2025-07-06 16:07:05,308 : INFO : EventManager : Event: ======'machine_var_audits_switches_s_right_scoop'====== Args={'value': 39, 'prev_value': 38, 'change': 1}
2025-07-06 16:07:05,309 : INFO : EventManager : Event: ======'machine_var_audits_shots_shot_right_scoop'====== Args={'value': 39, 'prev_value': 38, 'change': 1}
2025-07-06 16:07:05,310 : INFO : EventManager : Event: ======'shot_right_scoop_hit'====== Args={'profile': 'scoop_profile', 'state': 'lit', 'advancing': False}
2025-07-06 16:07:05,310 : INFO : EventManager : Event: ======'shot_right_scoop_scoop_profile_hit'====== Args={'profile': 'scoop_profile', 'state': 'lit', 'advancing': False}
2025-07-06 16:07:05,311 : INFO : EventManager : Event: ======'shot_right_scoop_scoop_profile_lit_hit'====== Args={'profile': 'scoop_profile', 'state': 'lit', 'advancing': False}
2025-07-06 16:07:05,311 : INFO : EventManager : Event: ======'shot_right_scoop_lit_hit'====== Args={'profile': 'scoop_profile', 'state': 'lit', 'advancing': False}
2025-07-06 16:07:05,311 : INFO : EventManager : Event: ======'player_shot_shot_right_scoop'====== Args={'value': 0, 'prev_value': 1, 'change': -1, 'player_num': 1}
2025-07-06 16:07:05,312 : INFO : EventManager : Event: ======'player_score'====== Args={'value': 22200, 'prev_value': 2200, 'change': 20000, 'player_num': 1, 'source': 'grave_targets'}
2025-07-06 16:07:05,429 : INFO : SwitchController : <<<<<<< 's_right_scoop' inactive >>>>>>>
2025-07-06 16:07:06,596 : INFO : SwitchController : <<<<<<< 's_right_scoop' active >>>>>>>
2025-07-06 16:07:06,596 : INFO : EventManager : Event: ======'s_right_scoop_active'====== Args={}
2025-07-06 16:07:06,597 : INFO : EventManager : Event: ======'sw_playfield_active'====== Args={}
2025-07-06 16:07:06,597 : INFO : EventManager : Event: ======'machine_var_audits_switches_s_right_scoop'====== Args={'value': 40, 'prev_value': 39, 'change': 1}
2025-07-06 16:07:06,598 : INFO : EventManager : Event: ======'player_shot_shot_right_scoop'====== Args={'value': 1, 'prev_value': 0, 'change': 1, 'player_num': 1}
2025-07-06 16:07:06,600 : INFO : EventManager : Event: ======'machine_var_audits_shots_shot_right_scoop'====== Args={'value': 40, 'prev_value': 39, 'change': 1}
2025-07-06 16:07:06,600 : INFO : EventManager : Event: ======'shot_right_scoop_hit'====== Args={'profile': 'scoop_profile', 'state': 'unlit', 'advancing': True}
2025-07-06 16:07:06,600 : INFO : EventManager : Event: ======'shot_right_scoop_scoop_profile_hit'====== Args={'profile': 'scoop_profile', 'state': 'unlit', 'advancing': True}
2025-07-06 16:07:06,600 : INFO : EventManager : Event: ======'shot_right_scoop_scoop_profile_unlit_hit'====== Args={'profile': 'scoop_profile', 'state': 'unlit', 'advancing': True}
2025-07-06 16:07:06,601 : INFO : EventManager : Event: ======'shot_right_scoop_unlit_hit'====== Args={'profile': 'scoop_profile', 'state': 'unlit', 'advancing': True}
2025-07-06 16:07:06,601 : INFO : EventManager : Event: ======'player_score'====== Args={'value': 22300, 'prev_value': 22200, 'change': 100, 'player_num': 1, 'source': 'grave_targets'}
2025-07-06 16:07:06,817 : INFO : SwitchController : <<<<<<< 's_right_scoop' inactive >>>>>>>
2025-07-06 16:07:07,050 : INFO : SwitchController : <<<<<<< 's_right_scoop' active >>>>>>>
2025-07-06 16:07:07,050 : INFO : EventManager : Event: ======'s_right_scoop_active'====== Args={}
2025-07-06 16:07:07,050 : INFO : EventManager : Event: ======'sw_playfield_active'====== Args={}
2025-07-06 16:07:07,051 : INFO : EventManager : Event: ======'machine_var_audits_switches_s_right_scoop'====== Args={'value': 41, 'prev_value': 40, 'change': 1}
2025-07-06 16:07:07,052 : INFO : EventManager : Event: ======'machine_var_audits_shots_shot_right_scoop'====== Args={'value': 41, 'prev_value': 40, 'change': 1}
2025-07-06 16:07:07,053 : INFO : EventManager : Event: ======'shot_right_scoop_hit'====== Args={'profile': 'scoop_profile', 'state': 'lit', 'advancing': False}
2025-07-06 16:07:07,053 : INFO : EventManager : Event: ======'shot_right_scoop_scoop_profile_hit'====== Args={'profile': 'scoop_profile', 'state': 'lit', 'advancing': False}
2025-07-06 16:07:07,053 : INFO : EventManager : Event: ======'shot_right_scoop_scoop_profile_lit_hit'====== Args={'profile': 'scoop_profile', 'state': 'lit', 'advancing': False}
2025-07-06 16:07:07,053 : INFO : EventManager : Event: ======'shot_right_scoop_lit_hit'====== Args={'profile': 'scoop_profile', 'state': 'lit', 'advancing': False}
2025-07-06 16:07:07,054 : INFO : EventManager : Event: ======'player_shot_shot_right_scoop'====== Args={'value': 0, 'prev_value': 1, 'change': -1, 'player_num': 1}
2025-07-06 16:07:07,055 : INFO : EventManager : Event: ======'player_score'====== Args={'value': 42300, 'prev_value': 22300, 'change': 20000, 'player_num': 1, 'source': 'grave_targets'}
2025-07-06 16:07:07,142 : INFO : SwitchController : <<<<<<< 's_right_scoop' inactive >>>>>>>
2025-07-06 16:07:07,306 : INFO : SwitchController : <<<<<<< 's_right_scoop' active >>>>>>>
2025-07-06 16:07:07,306 : INFO : EventManager : Event: ======'s_right_scoop_active'====== Args={}
2025-07-06 16:07:07,306 : INFO : EventManager : Event: ======'sw_playfield_active'====== Args={}
2025-07-06 16:07:07,307 : INFO : EventManager : Event: ======'machine_var_audits_switches_s_right_scoop'====== Args={'value': 42, 'prev_value': 41, 'change': 1}
2025-07-06 16:07:07,307 : INFO : EventManager : Event: ======'player_shot_shot_right_scoop'====== Args={'value': 1, 'prev_value': 0, 'change': 1, 'player_num': 1}
2025-07-06 16:07:07,308 : INFO : EventManager : Event: ======'machine_var_audits_shots_shot_right_scoop'====== Args={'value': 42, 'prev_value': 41, 'change': 1}
2025-07-06 16:07:07,309 : INFO : EventManager : Event: ======'shot_right_scoop_hit'====== Args={'profile': 'scoop_profile', 'state': 'unlit', 'advancing': True}
2025-07-06 16:07:07,309 : INFO : EventManager : Event: ======'shot_right_scoop_scoop_profile_hit'====== Args={'profile': 'scoop_profile', 'state': 'unlit', 'advancing': True}
2025-07-06 16:07:07,309 : INFO : EventManager : Event: ======'shot_right_scoop_scoop_profile_unlit_hit'====== Args={'profile': 'scoop_profile', 'state': 'unlit', 'advancing': True}
2025-07-06 16:07:07,309 : INFO : EventManager : Event: ======'shot_right_scoop_unlit_hit'====== Args={'profile': 'scoop_profile', 'state': 'unlit', 'advancing': True}
2025-07-06 16:07:07,310 : INFO : EventManager : Event: ======'player_score'====== Args={'value': 42400, 'prev_value': 42300, 'change': 100, 'player_num': 1, 'source': 'grave_targets'}
2025-07-06 16:07:07,408 : INFO : SwitchController : <<<<<<< 's_right_scoop' inactive >>>>>>>
2025-07-06 16:07:07,598 : INFO : SwitchController : <<<<<<< 's_right_scoop' active >>>>>>>
2025-07-06 16:07:07,598 : INFO : EventManager : Event: ======'s_right_scoop_active'====== Args={}
2025-07-06 16:07:07,598 : INFO : EventManager : Event: ======'sw_playfield_active'====== Args={}
2025-07-06 16:07:07,598 : INFO : EventManager : Event: ======'machine_var_audits_switches_s_right_scoop'====== Args={'value': 43, 'prev_value': 42, 'change': 1}
2025-07-06 16:07:07,599 : INFO : EventManager : Event: ======'machine_var_audits_shots_shot_right_scoop'====== Args={'value': 43, 'prev_value': 42, 'change': 1}
2025-07-06 16:07:07,599 : INFO : EventManager : Event: ======'shot_right_scoop_hit'====== Args={'profile': 'scoop_profile', 'state': 'lit', 'advancing': False}
2025-07-06 16:07:07,600 : INFO : EventManager : Event: ======'shot_right_scoop_scoop_profile_hit'====== Args={'profile': 'scoop_profile', 'state': 'lit', 'advancing': False}
2025-07-06 16:07:07,600 : INFO : EventManager : Event: ======'shot_right_scoop_scoop_profile_lit_hit'====== Args={'profile': 'scoop_profile', 'state': 'lit', 'advancing': False}
2025-07-06 16:07:07,600 : INFO : EventManager : Event: ======'shot_right_scoop_lit_hit'====== Args={'profile': 'scoop_profile', 'state': 'lit', 'advancing': False}
2025-07-06 16:07:07,600 : INFO : EventManager : Event: ======'player_shot_shot_right_scoop'====== Args={'value': 0, 'prev_value': 1, 'change': -1, 'player_num': 1}
2025-07-06 16:07:07,601 : INFO : EventManager : Event: ======'player_score'====== Args={'value': 62400, 'prev_value': 42400, 'change': 20000, 'player_num': 1, 'source': 'grave_targets'}
2025-07-06 16:07:07,700 : INFO : SwitchController : <<<<<<< 's_right_scoop' inactive >>>>>>>
2025-07-06 16:07:07,796 : INFO : SwitchController : <<<<<<< 's_right_scoop' active >>>>>>>
2025-07-06 16:07:07,796 : INFO : EventManager : Event: ======'s_right_scoop_active'====== Args={}
2025-07-06 16:07:07,797 : INFO : EventManager : Event: ======'sw_playfield_active'====== Args={}
2025-07-06 16:07:07,797 : INFO : EventManager : Event: ======'machine_var_audits_switches_s_right_scoop'====== Args={'value': 44, 'prev_value': 43, 'change': 1}
2025-07-06 16:07:07,797 : INFO : EventManager : Event: ======'player_shot_shot_right_scoop'====== Args={'value': 1, 'prev_value': 0, 'change': 1, 'player_num': 1}
2025-07-06 16:07:07,798 : INFO : EventManager : Event: ======'machine_var_audits_shots_shot_right_scoop'====== Args={'value': 44, 'prev_value': 43, 'change': 1}
2025-07-06 16:07:07,798 : INFO : EventManager : Event: ======'shot_right_scoop_hit'====== Args={'profile': 'scoop_profile', 'state': 'unlit', 'advancing': True}
2025-07-06 16:07:07,799 : INFO : EventManager : Event: ======'shot_right_scoop_scoop_profile_hit'====== Args={'profile': 'scoop_profile', 'state': 'unlit', 'advancing': True}
2025-07-06 16:07:07,799 : INFO : EventManager : Event: ======'shot_right_scoop_scoop_profile_unlit_hit'====== Args={'profile': 'scoop_profile', 'state': 'unlit', 'advancing': True}
2025-07-06 16:07:07,799 : INFO : EventManager : Event: ======'shot_right_scoop_unlit_hit'====== Args={'profile': 'scoop_profile', 'state': 'unlit', 'advancing': True}
2025-07-06 16:07:07,800 : INFO : EventManager : Event: ======'player_score'====== Args={'value': 62500, 'prev_value': 62400, 'change': 100, 'player_num': 1, 'source': 'grave_targets'}
2025-07-06 16:07:07,887 : INFO : SwitchController : <<<<<<< 's_right_scoop' inactive >>>>>>>
2025-07-06 16:07:07,975 : INFO : SwitchController : <<<<<<< 's_right_scoop' active >>>>>>>
2025-07-06 16:07:07,975 : INFO : EventManager : Event: ======'s_right_scoop_active'====== Args={}
2025-07-06 16:07:07,975 : INFO : EventManager : Event: ======'sw_playfield_active'====== Args={}
2025-07-06 16:07:07,976 : INFO : EventManager : Event: ======'machine_var_audits_switches_s_right_scoop'====== Args={'value': 45, 'prev_value': 44, 'change': 1}
2025-07-06 16:07:07,976 : INFO : EventManager : Event: ======'machine_var_audits_shots_shot_right_scoop'====== Args={'value': 45, 'prev_value': 44, 'change': 1}
2025-07-06 16:07:07,976 : INFO : EventManager : Event: ======'shot_right_scoop_hit'====== Args={'profile': 'scoop_profile', 'state': 'lit', 'advancing': False}
2025-07-06 16:07:07,976 : INFO : EventManager : Event: ======'shot_right_scoop_scoop_profile_hit'====== Args={'profile': 'scoop_profile', 'state': 'lit', 'advancing': False}
2025-07-06 16:07:07,977 : INFO : EventManager : Event: ======'shot_right_scoop_scoop_profile_lit_hit'====== Args={'profile': 'scoop_profile', 'state': 'lit', 'advancing': False}
2025-07-06 16:07:07,977 : INFO : EventManager : Event: ======'shot_right_scoop_lit_hit'====== Args={'profile': 'scoop_profile', 'state': 'lit', 'advancing': False}
2025-07-06 16:07:07,977 : INFO : EventManager : Event: ======'player_shot_shot_right_scoop'====== Args={'value': 0, 'prev_value': 1, 'change': -1, 'player_num': 1}
2025-07-06 16:07:07,977 : INFO : EventManager : Event: ======'player_score'====== Args={'value': 82500, 'prev_value': 62500, 'change': 20000, 'player_num': 1, 'source': 'grave_targets'}
2025-07-06 16:07:08,071 : INFO : SwitchController : <<<<<<< 's_right_scoop' inactive >>>>>>>
2025-07-06 16:07:08,146 : INFO : SwitchController : <<<<<<< 's_right_scoop' active >>>>>>>
2025-07-06 16:07:08,146 : INFO : EventManager : Event: ======'s_right_scoop_active'====== Args={}
2025-07-06 16:07:08,146 : INFO : EventManager : Event: ======'sw_playfield_active'====== Args={}
2025-07-06 16:07:08,146 : INFO : EventManager : Event: ======'machine_var_audits_switches_s_right_scoop'====== Args={'value': 46, 'prev_value': 45, 'change': 1}
2025-07-06 16:07:08,147 : INFO : EventManager : Event: ======'player_shot_shot_right_scoop'====== Args={'value': 1, 'prev_value': 0, 'change': 1, 'player_num': 1}
2025-07-06 16:07:08,147 : INFO : EventManager : Event: ======'machine_var_audits_shots_shot_right_scoop'====== Args={'value': 46, 'prev_value': 45, 'change': 1}
2025-07-06 16:07:08,148 : INFO : EventManager : Event: ======'shot_right_scoop_hit'====== Args={'profile': 'scoop_profile', 'state': 'unlit', 'advancing': True}
2025-07-06 16:07:08,148 : INFO : EventManager : Event: ======'shot_right_scoop_scoop_profile_hit'====== Args={'profile': 'scoop_profile', 'state': 'unlit', 'advancing': True}
2025-07-06 16:07:08,148 : INFO : EventManager : Event: ======'shot_right_scoop_scoop_profile_unlit_hit'====== Args={'profile': 'scoop_profile', 'state': 'unlit', 'advancing': True}
2025-07-06 16:07:08,148 : INFO : EventManager : Event: ======'shot_right_scoop_unlit_hit'====== Args={'profile': 'scoop_profile', 'state': 'unlit', 'advancing': True}
2025-07-06 16:07:08,149 : INFO : EventManager : Event: ======'player_score'====== Args={'value': 82600, 'prev_value': 82500, 'change': 100, 'player_num': 1, 'source': 'grave_targets'}
2025-07-06 16:07:08,241 : INFO : SwitchController : <<<<<<< 's_right_scoop' inactive >>>>>>>
2025-07-06 16:07:08,312 : INFO : SwitchController : <<<<<<< 's_right_scoop' active >>>>>>>
2025-07-06 16:07:08,312 : INFO : EventManager : Event: ======'s_right_scoop_active'====== Args={}
2025-07-06 16:07:08,313 : INFO : EventManager : Event: ======'sw_playfield_active'====== Args={}
2025-07-06 16:07:08,313 : INFO : EventManager : Event: ======'machine_var_audits_switches_s_right_scoop'====== Args={'value': 47, 'prev_value': 46, 'change': 1}
2025-07-06 16:07:08,313 : INFO : EventManager : Event: ======'machine_var_audits_shots_shot_right_scoop'====== Args={'value': 47, 'prev_value': 46, 'change': 1}
2025-07-06 16:07:08,314 : INFO : EventManager : Event: ======'shot_right_scoop_hit'====== Args={'profile': 'scoop_profile', 'state': 'lit', 'advancing': False}
2025-07-06 16:07:08,314 : INFO : EventManager : Event: ======'shot_right_scoop_scoop_profile_hit'====== Args={'profile': 'scoop_profile', 'state': 'lit', 'advancing': False}
2025-07-06 16:07:08,314 : INFO : EventManager : Event: ======'shot_right_scoop_scoop_profile_lit_hit'====== Args={'profile': 'scoop_profile', 'state': 'lit', 'advancing': False}
2025-07-06 16:07:08,314 : INFO : EventManager : Event: ======'shot_right_scoop_lit_hit'====== Args={'profile': 'scoop_profile', 'state': 'lit', 'advancing': False}
2025-07-06 16:07:08,314 : INFO : EventManager : Event: ======'player_shot_shot_right_scoop'====== Args={'value': 0, 'prev_value': 1, 'change': -1, 'player_num': 1}
2025-07-06 16:07:08,314 : INFO : EventManager : Event: ======'player_score'====== Args={'value': 102600, 'prev_value': 82600, 'change': 20000, 'player_num': 1, 'source': 'grave_targets'}
2025-07-06 16:07:08,404 : INFO : SwitchController : <<<<<<< 's_right_scoop' inactive >>>>>>>
2025-07-06 16:07:08,475 : INFO : SwitchController : <<<<<<< 's_right_scoop' active >>>>>>>
2025-07-06 16:07:08,475 : INFO : EventManager : Event: ======'s_right_scoop_active'====== Args={}
2025-07-06 16:07:08,475 : INFO : EventManager : Event: ======'sw_playfield_active'====== Args={}
2025-07-06 16:07:08,475 : INFO : EventManager : Event: ======'machine_var_audits_switches_s_right_scoop'====== Args={'value': 48, 'prev_value': 47, 'change': 1}
2025-07-06 16:07:08,476 : INFO : EventManager : Event: ======'player_shot_shot_right_scoop'====== Args={'value': 1, 'prev_value': 0, 'change': 1, 'player_num': 1}
2025-07-06 16:07:08,476 : INFO : EventManager : Event: ======'machine_var_audits_shots_shot_right_scoop'====== Args={'value': 48, 'prev_value': 47, 'change': 1}
2025-07-06 16:07:08,477 : INFO : EventManager : Event: ======'shot_right_scoop_hit'====== Args={'profile': 'scoop_profile', 'state': 'unlit', 'advancing': True}
2025-07-06 16:07:08,477 : INFO : EventManager : Event: ======'shot_right_scoop_scoop_profile_hit'====== Args={'profile': 'scoop_profile', 'state': 'unlit', 'advancing': True}
2025-07-06 16:07:08,477 : INFO : EventManager : Event: ======'shot_right_scoop_scoop_profile_unlit_hit'====== Args={'profile': 'scoop_profile', 'state': 'unlit', 'advancing': True}
2025-07-06 16:07:08,477 : INFO : EventManager : Event: ======'shot_right_scoop_unlit_hit'====== Args={'profile': 'scoop_profile', 'state': 'unlit', 'advancing': True}
2025-07-06 16:07:08,478 : INFO : EventManager : Event: ======'player_score'====== Args={'value': 102700, 'prev_value': 102600, 'change': 100, 'player_num': 1, 'source': 'grave_targets'}
2025-07-06 16:07:08,566 : INFO : SwitchController : <<<<<<< 's_right_scoop' inactive >>>>>>>
2025-07-06 16:07:08,646 : INFO : SwitchController : <<<<<<< 's_right_scoop' active >>>>>>>
2025-07-06 16:07:08,646 : INFO : EventManager : Event: ======'s_right_scoop_active'====== Args={}
2025-07-06 16:07:08,646 : INFO : EventManager : Event: ======'sw_playfield_active'====== Args={}
2025-07-06 16:07:08,646 : INFO : EventManager : Event: ======'machine_var_audits_switches_s_right_scoop'====== Args={'value': 49, 'prev_value': 48, 'change': 1}
2025-07-06 16:07:08,646 : INFO : EventManager : Event: ======'machine_var_audits_shots_shot_right_scoop'====== Args={'value': 49, 'prev_value': 48, 'change': 1}
2025-07-06 16:07:08,647 : INFO : EventManager : Event: ======'shot_right_scoop_hit'====== Args={'profile': 'scoop_profile', 'state': 'lit', 'advancing': False}
2025-07-06 16:07:08,647 : INFO : EventManager : Event: ======'shot_right_scoop_scoop_profile_hit'====== Args={'profile': 'scoop_profile', 'state': 'lit', 'advancing': False}
2025-07-06 16:07:08,647 : INFO : EventManager : Event: ======'shot_right_scoop_scoop_profile_lit_hit'====== Args={'profile': 'scoop_profile', 'state': 'lit', 'advancing': False}
2025-07-06 16:07:08,647 : INFO : EventManager : Event: ======'shot_right_scoop_lit_hit'====== Args={'profile': 'scoop_profile', 'state': 'lit', 'advancing': False}
2025-07-06 16:07:08,647 : INFO : EventManager : Event: ======'player_shot_shot_right_scoop'====== Args={'value': 0, 'prev_value': 1, 'change': -1, 'player_num': 1}
2025-07-06 16:07:08,648 : INFO : EventManager : Event: ======'player_score'====== Args={'value': 122700, 'prev_value': 102700, 'change': 20000, 'player_num': 1, 'source': 'grave_targets'}
2025-07-06 16:07:08,737 : INFO : SwitchController : <<<<<<< 's_right_scoop' inactive >>>>>>>
2025-07-06 16:07:08,817 : INFO : SwitchController : <<<<<<< 's_right_scoop' active >>>>>>>
2025-07-06 16:07:08,817 : INFO : EventManager : Event: ======'s_right_scoop_active'====== Args={}
2025-07-06 16:07:08,817 : INFO : EventManager : Event: ======'sw_playfield_active'====== Args={}
2025-07-06 16:07:08,817 : INFO : EventManager : Event: ======'machine_var_audits_switches_s_right_scoop'====== Args={'value': 50, 'prev_value': 49, 'change': 1}
2025-07-06 16:07:08,818 : INFO : EventManager : Event: ======'player_shot_shot_right_scoop'====== Args={'value': 1, 'prev_value': 0, 'change': 1, 'player_num': 1}
2025-07-06 16:07:08,818 : INFO : EventManager : Event: ======'machine_var_audits_shots_shot_right_scoop'====== Args={'value': 50, 'prev_value': 49, 'change': 1}
2025-07-06 16:07:08,819 : INFO : EventManager : Event: ======'shot_right_scoop_hit'====== Args={'profile': 'scoop_profile', 'state': 'unlit', 'advancing': True}
2025-07-06 16:07:08,819 : INFO : EventManager : Event: ======'shot_right_scoop_scoop_profile_hit'====== Args={'profile': 'scoop_profile', 'state': 'unlit', 'advancing': True}
2025-07-06 16:07:08,819 : INFO : EventManager : Event: ======'shot_right_scoop_scoop_profile_unlit_hit'====== Args={'profile': 'scoop_profile', 'state': 'unlit', 'advancing': True}
2025-07-06 16:07:08,819 : INFO : EventManager : Event: ======'shot_right_scoop_unlit_hit'====== Args={'profile': 'scoop_profile', 'state': 'unlit', 'advancing': True}
2025-07-06 16:07:08,820 : INFO : EventManager : Event: ======'player_score'====== Args={'value': 122800, 'prev_value': 122700, 'change': 100, 'player_num': 1, 'source': 'grave_targets'}
2025-07-06 16:07:08,904 : INFO : SwitchController : <<<<<<< 's_right_scoop' inactive >>>>>>>
2025-07-06 16:07:08,980 : INFO : SwitchController : <<<<<<< 's_right_scoop' active >>>>>>>
2025-07-06 16:07:08,980 : INFO : EventManager : Event: ======'s_right_scoop_active'====== Args={}
2025-07-06 16:07:08,980 : INFO : EventManager : Event: ======'sw_playfield_active'====== Args={}
2025-07-06 16:07:08,980 : INFO : EventManager : Event: ======'machine_var_audits_switches_s_right_scoop'====== Args={'value': 51, 'prev_value': 50, 'change': 1}
2025-07-06 16:07:08,981 : INFO : EventManager : Event: ======'machine_var_audits_shots_shot_right_scoop'====== Args={'value': 51, 'prev_value': 50, 'change': 1}
2025-07-06 16:07:08,981 : INFO : EventManager : Event: ======'shot_right_scoop_hit'====== Args={'profile': 'scoop_profile', 'state': 'lit', 'advancing': False}
2025-07-06 16:07:08,981 : INFO : EventManager : Event: ======'shot_right_scoop_scoop_profile_hit'====== Args={'profile': 'scoop_profile', 'state': 'lit', 'advancing': False}
2025-07-06 16:07:08,981 : INFO : EventManager : Event: ======'shot_right_scoop_scoop_profile_lit_hit'====== Args={'profile': 'scoop_profile', 'state': 'lit', 'advancing': False}
2025-07-06 16:07:08,981 : INFO : EventManager : Event: ======'shot_right_scoop_lit_hit'====== Args={'profile': 'scoop_profile', 'state': 'lit', 'advancing': False}
2025-07-06 16:07:08,981 : INFO : EventManager : Event: ======'player_shot_shot_right_scoop'====== Args={'value': 0, 'prev_value': 1, 'change': -1, 'player_num': 1}
2025-07-06 16:07:08,982 : INFO : EventManager : Event: ======'player_score'====== Args={'value': 142800, 'prev_value': 122800, 'change': 20000, 'player_num': 1, 'source': 'grave_targets'}
2025-07-06 16:07:09,083 : INFO : SwitchController : <<<<<<< 's_right_scoop' inactive >>>>>>>
2025-07-06 16:07:09,158 : INFO : SwitchController : <<<<<<< 's_right_scoop' active >>>>>>>
2025-07-06 16:07:09,159 : INFO : EventManager : Event: ======'s_right_scoop_active'====== Args={}
2025-07-06 16:07:09,159 : INFO : EventManager : Event: ======'sw_playfield_active'====== Args={}
2025-07-06 16:07:09,159 : INFO : EventManager : Event: ======'machine_var_audits_switches_s_right_scoop'====== Args={'value': 52, 'prev_value': 51, 'change': 1}
2025-07-06 16:07:09,159 : INFO : EventManager : Event: ======'player_shot_shot_right_scoop'====== Args={'value': 1, 'prev_value': 0, 'change': 1, 'player_num': 1}
2025-07-06 16:07:09,160 : INFO : EventManager : Event: ======'machine_var_audits_shots_shot_right_scoop'====== Args={'value': 52, 'prev_value': 51, 'change': 1}
2025-07-06 16:07:09,160 : INFO : EventManager : Event: ======'shot_right_scoop_hit'====== Args={'profile': 'scoop_profile', 'state': 'unlit', 'advancing': True}
2025-07-06 16:07:09,160 : INFO : EventManager : Event: ======'shot_right_scoop_scoop_profile_hit'====== Args={'profile': 'scoop_profile', 'state': 'unlit', 'advancing': True}
2025-07-06 16:07:09,160 : INFO : EventManager : Event: ======'shot_right_scoop_scoop_profile_unlit_hit'====== Args={'profile': 'scoop_profile', 'state': 'unlit', 'advancing': True}
2025-07-06 16:07:09,160 : INFO : EventManager : Event: ======'shot_right_scoop_unlit_hit'====== Args={'profile': 'scoop_profile', 'state': 'unlit', 'advancing': True}
2025-07-06 16:07:09,161 : INFO : EventManager : Event: ======'player_score'====== Args={'value': 142900, 'prev_value': 142800, 'change': 100, 'player_num': 1, 'source': 'grave_targets'}
2025-07-06 16:07:09,229 : INFO : SwitchController : <<<<<<< 's_right_scoop' inactive >>>>>>>
2025-07-06 16:07:09,321 : INFO : SwitchController : <<<<<<< 's_right_scoop' active >>>>>>>
2025-07-06 16:07:09,321 : INFO : EventManager : Event: ======'s_right_scoop_active'====== Args={}
2025-07-06 16:07:09,321 : INFO : EventManager : Event: ======'sw_playfield_active'====== Args={}
2025-07-06 16:07:09,321 : INFO : EventManager : Event: ======'machine_var_audits_switches_s_right_scoop'====== Args={'value': 53, 'prev_value': 52, 'change': 1}
2025-07-06 16:07:09,322 : INFO : EventManager : Event: ======'machine_var_audits_shots_shot_right_scoop'====== Args={'value': 53, 'prev_value': 52, 'change': 1}
2025-07-06 16:07:09,322 : INFO : EventManager : Event: ======'shot_right_scoop_hit'====== Args={'profile': 'scoop_profile', 'state': 'lit', 'advancing': False}
2025-07-06 16:07:09,322 : INFO : EventManager : Event: ======'shot_right_scoop_scoop_profile_hit'====== Args={'profile': 'scoop_profile', 'state': 'lit', 'advancing': False}
2025-07-06 16:07:09,322 : INFO : EventManager : Event: ======'shot_right_scoop_scoop_profile_lit_hit'====== Args={'profile': 'scoop_profile', 'state': 'lit', 'advancing': False}
2025-07-06 16:07:09,322 : INFO : EventManager : Event: ======'shot_right_scoop_lit_hit'====== Args={'profile': 'scoop_profile', 'state': 'lit', 'advancing': False}
2025-07-06 16:07:09,323 : INFO : EventManager : Event: ======'player_shot_shot_right_scoop'====== Args={'value': 0, 'prev_value': 1, 'change': -1, 'player_num': 1}
2025-07-06 16:07:09,323 : INFO : EventManager : Event: ======'player_score'====== Args={'value': 162900, 'prev_value': 142900, 'change': 20000, 'player_num': 1, 'source': 'grave_targets'}
2025-07-06 16:07:09,400 : INFO : SwitchController : <<<<<<< 's_right_scoop' inactive >>>>>>>
2025-07-06 16:07:09,770 : INFO : SwitchController : <<<<<<< 's_right_scoop' active >>>>>>>
2025-07-06 16:07:09,770 : INFO : EventManager : Event: ======'s_right_scoop_active'====== Args={}
2025-07-06 16:07:09,770 : INFO : EventManager : Event: ======'sw_playfield_active'====== Args={}
2025-07-06 16:07:09,771 : INFO : EventManager : Event: ======'machine_var_audits_switches_s_right_scoop'====== Args={'value': 54, 'prev_value': 53, 'change': 1}
2025-07-06 16:07:09,772 : INFO : EventManager : Event: ======'player_shot_shot_right_scoop'====== Args={'value': 1, 'prev_value': 0, 'change': 1, 'player_num': 1}
2025-07-06 16:07:09,773 : INFO : EventManager : Event: ======'machine_var_audits_shots_shot_right_scoop'====== Args={'value': 54, 'prev_value': 53, 'change': 1}
2025-07-06 16:07:09,773 : INFO : EventManager : Event: ======'shot_right_scoop_hit'====== Args={'profile': 'scoop_profile', 'state': 'unlit', 'advancing': True}
2025-07-06 16:07:09,774 : INFO : EventManager : Event: ======'shot_right_scoop_scoop_profile_hit'====== Args={'profile': 'scoop_profile', 'state': 'unlit', 'advancing': True}
2025-07-06 16:07:09,774 : INFO : EventManager : Event: ======'shot_right_scoop_scoop_profile_unlit_hit'====== Args={'profile': 'scoop_profile', 'state': 'unlit', 'advancing': True}
2025-07-06 16:07:09,775 : INFO : EventManager : Event: ======'shot_right_scoop_unlit_hit'====== Args={'profile': 'scoop_profile', 'state': 'unlit', 'advancing': True}
2025-07-06 16:07:09,776 : INFO : EventManager : Event: ======'player_score'====== Args={'value': 163000, 'prev_value': 162900, 'change': 100, 'player_num': 1, 'source': 'grave_targets'}
2025-07-06 16:07:09,883 : INFO : SwitchController : <<<<<<< 's_right_scoop' inactive >>>>>>>
2025-07-06 16:07:10,181 : INFO : SwitchController : <<<<<<< 's_right_scoop' active >>>>>>>
2025-07-06 16:07:10,181 : INFO : EventManager : Event: ======'s_right_scoop_active'====== Args={}
2025-07-06 16:07:10,181 : INFO : EventManager : Event: ======'sw_playfield_active'====== Args={}
2025-07-06 16:07:10,181 : INFO : EventManager : Event: ======'machine_var_audits_switches_s_right_scoop'====== Args={'value': 55, 'prev_value': 54, 'change': 1}
2025-07-06 16:07:10,182 : INFO : EventManager : Event: ======'machine_var_audits_shots_shot_right_scoop'====== Args={'value': 55, 'prev_value': 54, 'change': 1}
2025-07-06 16:07:10,183 : INFO : EventManager : Event: ======'shot_right_scoop_hit'====== Args={'profile': 'scoop_profile', 'state': 'lit', 'advancing': False}
2025-07-06 16:07:10,183 : INFO : EventManager : Event: ======'shot_right_scoop_scoop_profile_hit'====== Args={'profile': 'scoop_profile', 'state': 'lit', 'advancing': False}
2025-07-06 16:07:10,183 : INFO : EventManager : Event: ======'shot_right_scoop_scoop_profile_lit_hit'====== Args={'profile': 'scoop_profile', 'state': 'lit', 'advancing': False}
2025-07-06 16:07:10,183 : INFO : EventManager : Event: ======'shot_right_scoop_lit_hit'====== Args={'profile': 'scoop_profile', 'state': 'lit', 'advancing': False}
2025-07-06 16:07:10,184 : INFO : EventManager : Event: ======'player_shot_shot_right_scoop'====== Args={'value': 0, 'prev_value': 1, 'change': -1, 'player_num': 1}
2025-07-06 16:07:10,184 : INFO : EventManager : Event: ======'player_score'====== Args={'value': 183000, 'prev_value': 163000, 'change': 20000, 'player_num': 1, 'source': 'grave_targets'}
2025-07-06 16:07:10,300 : INFO : SwitchController : <<<<<<< 's_right_scoop' inactive >>>>>>>
2025-07-06 16:07:10,511 : INFO : SwitchController : <<<<<<< 's_right_scoop' active >>>>>>>
2025-07-06 16:07:10,511 : INFO : EventManager : Event: ======'s_right_scoop_active'====== Args={}
2025-07-06 16:07:10,512 : INFO : EventManager : Event: ======'sw_playfield_active'====== Args={}
2025-07-06 16:07:10,512 : INFO : EventManager : Event: ======'machine_var_audits_switches_s_right_scoop'====== Args={'value': 56, 'prev_value': 55, 'change': 1}
2025-07-06 16:07:10,513 : INFO : EventManager : Event: ======'player_shot_shot_right_scoop'====== Args={'value': 1, 'prev_value': 0, 'change': 1, 'player_num': 1}
2025-07-06 16:07:10,514 : INFO : EventManager : Event: ======'machine_var_audits_shots_shot_right_scoop'====== Args={'value': 56, 'prev_value': 55, 'change': 1}
2025-07-06 16:07:10,515 : INFO : EventManager : Event: ======'shot_right_scoop_hit'====== Args={'profile': 'scoop_profile', 'state': 'unlit', 'advancing': True}
2025-07-06 16:07:10,515 : INFO : EventManager : Event: ======'shot_right_scoop_scoop_profile_hit'====== Args={'profile': 'scoop_profile', 'state': 'unlit', 'advancing': True}
2025-07-06 16:07:10,515 : INFO : EventManager : Event: ======'shot_right_scoop_scoop_profile_unlit_hit'====== Args={'profile': 'scoop_profile', 'state': 'unlit', 'advancing': True}
2025-07-06 16:07:10,515 : INFO : EventManager : Event: ======'shot_right_scoop_unlit_hit'====== Args={'profile': 'scoop_profile', 'state': 'unlit', 'advancing': True}
2025-07-06 16:07:10,516 : INFO : EventManager : Event: ======'player_score'====== Args={'value': 183100, 'prev_value': 183000, 'change': 100, 'player_num': 1, 'source': 'grave_targets'}
2025-07-06 16:07:10,654 : INFO : SwitchController : <<<<<<< 's_right_scoop' inactive >>>>>>>
2025-07-06 16:07:10,817 : INFO : SwitchController : <<<<<<< 's_right_scoop' active >>>>>>>
2025-07-06 16:07:10,817 : INFO : EventManager : Event: ======'s_right_scoop_active'====== Args={}
2025-07-06 16:07:10,817 : INFO : EventManager : Event: ======'sw_playfield_active'====== Args={}
2025-07-06 16:07:10,818 : INFO : EventManager : Event: ======'machine_var_audits_switches_s_right_scoop'====== Args={'value': 57, 'prev_value': 56, 'change': 1}
2025-07-06 16:07:10,818 : INFO : EventManager : Event: ======'machine_var_audits_shots_shot_right_scoop'====== Args={'value': 57, 'prev_value': 56, 'change': 1}
2025-07-06 16:07:10,818 : INFO : EventManager : Event: ======'shot_right_scoop_hit'====== Args={'profile': 'scoop_profile', 'state': 'lit', 'advancing': False}
2025-07-06 16:07:10,818 : INFO : EventManager : Event: ======'shot_right_scoop_scoop_profile_hit'====== Args={'profile': 'scoop_profile', 'state': 'lit', 'advancing': False}
2025-07-06 16:07:10,818 : INFO : EventManager : Event: ======'shot_right_scoop_scoop_profile_lit_hit'====== Args={'profile': 'scoop_profile', 'state': 'lit', 'advancing': False}
2025-07-06 16:07:10,819 : INFO : EventManager : Event: ======'shot_right_scoop_lit_hit'====== Args={'profile': 'scoop_profile', 'state': 'lit', 'advancing': False}
2025-07-06 16:07:10,819 : INFO : EventManager : Event: ======'player_shot_shot_right_scoop'====== Args={'value': 0, 'prev_value': 1, 'change': -1, 'player_num': 1}
2025-07-06 16:07:10,819 : INFO : EventManager : Event: ======'player_score'====== Args={'value': 203100, 'prev_value': 183100, 'change': 20000, 'player_num': 1, 'source': 'grave_targets'}
2025-07-06 16:07:10,937 : INFO : SwitchController : <<<<<<< 's_right_scoop' inactive >>>>>>>
2025-07-06 16:07:11,171 : INFO : SwitchController : <<<<<<< 's_right_scoop' active >>>>>>>
2025-07-06 16:07:11,171 : INFO : EventManager : Event: ======'s_right_scoop_active'====== Args={}
2025-07-06 16:07:11,172 : INFO : EventManager : Event: ======'sw_playfield_active'====== Args={}
2025-07-06 16:07:11,173 : INFO : EventManager : Event: ======'machine_var_audits_switches_s_right_scoop'====== Args={'value': 58, 'prev_value': 57, 'change': 1}
2025-07-06 16:07:11,174 : INFO : EventManager : Event: ======'player_shot_shot_right_scoop'====== Args={'value': 1, 'prev_value': 0, 'change': 1, 'player_num': 1}
2025-07-06 16:07:11,175 : INFO : EventManager : Event: ======'machine_var_audits_shots_shot_right_scoop'====== Args={'value': 58, 'prev_value': 57, 'change': 1}
2025-07-06 16:07:11,175 : INFO : EventManager : Event: ======'shot_right_scoop_hit'====== Args={'profile': 'scoop_profile', 'state': 'unlit', 'advancing': True}
2025-07-06 16:07:11,175 : INFO : EventManager : Event: ======'shot_right_scoop_scoop_profile_hit'====== Args={'profile': 'scoop_profile', 'state': 'unlit', 'advancing': True}
2025-07-06 16:07:11,175 : INFO : EventManager : Event: ======'shot_right_scoop_scoop_profile_unlit_hit'====== Args={'profile': 'scoop_profile', 'state': 'unlit', 'advancing': True}
2025-07-06 16:07:11,176 : INFO : EventManager : Event: ======'shot_right_scoop_unlit_hit'====== Args={'profile': 'scoop_profile', 'state': 'unlit', 'advancing': True}
2025-07-06 16:07:11,177 : INFO : EventManager : Event: ======'player_score'====== Args={'value': 203200, 'prev_value': 203100, 'change': 100, 'player_num': 1, 'source': 'grave_targets'}
2025-07-06 16:07:11,296 : INFO : SwitchController : <<<<<<< 's_right_scoop' inactive >>>>>>>
2025-07-06 16:07:11,460 : INFO : SwitchController : <<<<<<< 's_right_scoop' active >>>>>>>
2025-07-06 16:07:11,460 : INFO : EventManager : Event: ======'s_right_scoop_active'====== Args={}
2025-07-06 16:07:11,460 : INFO : EventManager : Event: ======'sw_playfield_active'====== Args={}
2025-07-06 16:07:11,461 : INFO : EventManager : Event: ======'machine_var_audits_switches_s_right_scoop'====== Args={'value': 59, 'prev_value': 58, 'change': 1}
2025-07-06 16:07:11,461 : INFO : EventManager : Event: ======'machine_var_audits_shots_shot_right_scoop'====== Args={'value': 59, 'prev_value': 58, 'change': 1}
2025-07-06 16:07:11,462 : INFO : EventManager : Event: ======'shot_right_scoop_hit'====== Args={'profile': 'scoop_profile', 'state': 'lit', 'advancing': False}
2025-07-06 16:07:11,462 : INFO : EventManager : Event: ======'shot_right_scoop_scoop_profile_hit'====== Args={'profile': 'scoop_profile', 'state': 'lit', 'advancing': False}
2025-07-06 16:07:11,462 : INFO : EventManager : Event: ======'shot_right_scoop_scoop_profile_lit_hit'====== Args={'profile': 'scoop_profile', 'state': 'lit', 'advancing': False}
2025-07-06 16:07:11,462 : INFO : EventManager : Event: ======'shot_right_scoop_lit_hit'====== Args={'profile': 'scoop_profile', 'state': 'lit', 'advancing': False}
2025-07-06 16:07:11,463 : INFO : EventManager : Event: ======'player_shot_shot_right_scoop'====== Args={'value': 0, 'prev_value': 1, 'change': -1, 'player_num': 1}
2025-07-06 16:07:11,463 : INFO : EventManager : Event: ======'player_score'====== Args={'value': 223200, 'prev_value': 203200, 'change': 20000, 'player_num': 1, 'source': 'grave_targets'}
2025-07-06 16:07:11,562 : INFO : SwitchController : <<<<<<< 's_right_scoop' inactive >>>>>>>
2025-07-06 16:07:11,642 : INFO : SwitchController : <<<<<<< 's_right_scoop' active >>>>>>>
2025-07-06 16:07:11,642 : INFO : EventManager : Event: ======'s_right_scoop_active'====== Args={}
2025-07-06 16:07:11,644 : INFO : EventManager : Event: ======'sw_playfield_active'====== Args={}
2025-07-06 16:07:11,644 : INFO : EventManager : Event: ======'machine_var_audits_switches_s_right_scoop'====== Args={'value': 60, 'prev_value': 59, 'change': 1}
2025-07-06 16:07:11,645 : INFO : EventManager : Event: ======'player_shot_shot_right_scoop'====== Args={'value': 1, 'prev_value': 0, 'change': 1, 'player_num': 1}
2025-07-06 16:07:11,646 : INFO : EventManager : Event: ======'machine_var_audits_shots_shot_right_scoop'====== Args={'value': 60, 'prev_value': 59, 'change': 1}
2025-07-06 16:07:11,646 : INFO : EventManager : Event: ======'shot_right_scoop_hit'====== Args={'profile': 'scoop_profile', 'state': 'unlit', 'advancing': True}
2025-07-06 16:07:11,646 : INFO : EventManager : Event: ======'shot_right_scoop_scoop_profile_hit'====== Args={'profile': 'scoop_profile', 'state': 'unlit', 'advancing': True}
2025-07-06 16:07:11,646 : INFO : EventManager : Event: ======'shot_right_scoop_scoop_profile_unlit_hit'====== Args={'profile': 'scoop_profile', 'state': 'unlit', 'advancing': True}
2025-07-06 16:07:11,646 : INFO : EventManager : Event: ======'shot_right_scoop_unlit_hit'====== Args={'profile': 'scoop_profile', 'state': 'unlit', 'advancing': True}
2025-07-06 16:07:11,647 : INFO : EventManager : Event: ======'player_score'====== Args={'value': 223300, 'prev_value': 223200, 'change': 100, 'player_num': 1, 'source': 'grave_targets'}
2025-07-06 16:07:11,728 : INFO : SwitchController : <<<<<<< 's_right_scoop' inactive >>>>>>>
2025-07-06 16:07:12,571 : INFO : SwitchController : <<<<<<< 's_target_r' active >>>>>>>
2025-07-06 16:07:12,571 : INFO : EventManager : Event: ======'s_target_r_active'====== Args={}
2025-07-06 16:07:12,572 : INFO : EventManager : Event: ======'sw_playfield_active'====== Args={}
2025-07-06 16:07:12,572 : INFO : EventManager : Event: ======'machine_var_audits_switches_s_target_r'====== Args={'value': 30, 'prev_value': 29, 'change': 1}
2025-07-06 16:07:12,572 : INFO : EventManager : Event: ======'machine_var_audits_shots_shot_target_r'====== Args={'value': 30, 'prev_value': 29, 'change': 1}
2025-07-06 16:07:12,573 : INFO : EventManager : Event: ======'shot_target_r_hit'====== Args={'profile': 'target_profile', 'state': 'lit', 'advancing': False}
2025-07-06 16:07:12,573 : INFO : EventManager : Event: ======'shot_target_r_target_profile_hit'====== Args={'profile': 'target_profile', 'state': 'lit', 'advancing': False}
2025-07-06 16:07:12,573 : INFO : EventManager : Event: ======'shot_target_r_target_profile_lit_hit'====== Args={'profile': 'target_profile', 'state': 'lit', 'advancing': False}
2025-07-06 16:07:12,573 : INFO : EventManager : Event: ======'shot_target_r_lit_hit'====== Args={'profile': 'target_profile', 'state': 'lit', 'advancing': False}
2025-07-06 16:07:12,573 : INFO : EventManager : Event: ======'player_score'====== Args={'value': 223400, 'prev_value': 223300, 'change': 100, 'player_num': 1, 'source': 'grave_targets'}
2025-07-06 16:07:12,573 : INFO : EventManager : Event: ======'player_score'====== Args={'value': 224400, 'prev_value': 223400, 'change': 1000, 'player_num': 1, 'source': 'base'}
2025-07-06 16:07:12,573 : INFO : EventManager : Event: ======'grave_targets_group_hit'====== Args={}
2025-07-06 16:07:12,574 : INFO : EventManager : Event: ======'grave_targets_group_lit_hit'====== Args={}
2025-07-06 16:07:12,654 : INFO : SwitchController : <<<<<<< 's_target_r' inactive >>>>>>>
2025-07-06 16:07:13,653 : INFO : SwitchController : <<<<<<< 's_target_g' active >>>>>>>
2025-07-06 16:07:13,653 : INFO : EventManager : Event: ======'s_target_g_active'====== Args={}
2025-07-06 16:07:13,654 : INFO : EventManager : Event: ======'sw_playfield_active'====== Args={}
2025-07-06 16:07:13,654 : INFO : EventManager : Event: ======'machine_var_audits_switches_s_target_g'====== Args={'value': 30, 'prev_value': 29, 'change': 1}
2025-07-06 16:07:13,654 : INFO : EventManager : Event: ======'machine_var_audits_shots_shot_target_g'====== Args={'value': 26, 'prev_value': 25, 'change': 1}
2025-07-06 16:07:13,655 : INFO : EventManager : Event: ======'shot_target_g_hit'====== Args={'profile': 'target_profile', 'state': 'lit', 'advancing': False}
2025-07-06 16:07:13,655 : INFO : EventManager : Event: ======'shot_target_g_target_profile_hit'====== Args={'profile': 'target_profile', 'state': 'lit', 'advancing': False}
2025-07-06 16:07:13,655 : INFO : EventManager : Event: ======'shot_target_g_target_profile_lit_hit'====== Args={'profile': 'target_profile', 'state': 'lit', 'advancing': False}
2025-07-06 16:07:13,655 : INFO : EventManager : Event: ======'shot_target_g_lit_hit'====== Args={'profile': 'target_profile', 'state': 'lit', 'advancing': False}
2025-07-06 16:07:13,657 : INFO : EventManager : Event: ======'player_score'====== Args={'value': 224500, 'prev_value': 224400, 'change': 100, 'player_num': 1, 'source': 'grave_targets'}
2025-07-06 16:07:13,657 : INFO : EventManager : Event: ======'player_score'====== Args={'value': 225500, 'prev_value': 224500, 'change': 1000, 'player_num': 1, 'source': 'base'}
2025-07-06 16:07:13,657 : INFO : EventManager : Event: ======'grave_targets_group_hit'====== Args={}
2025-07-06 16:07:13,657 : INFO : EventManager : Event: ======'grave_targets_group_lit_hit'====== Args={}
2025-07-06 16:07:13,770 : INFO : SwitchController : <<<<<<< 's_target_g' inactive >>>>>>>
2025-07-06 16:08:18,913 : INFO : Machine : Shutting down...
2025-07-06 16:08:18,913 : INFO : EventManager : Event: ======'shutdown'====== Args={}
2025-07-06 16:08:18,915 : INFO : EventManager : Event: ======'mode_game_will_stop'====== Args={}
2025-07-06 16:08:18,915 : INFO : EventManager : Event: ======'mode_game_stopping'====== Args={}
2025-07-06 16:08:18,916 : INFO : EventManager : Event: ======'mode_base_will_stop'====== Args={}
2025-07-06 16:08:18,916 : INFO : EventManager : Event: ======'mode_base_stopping'====== Args={}
2025-07-06 16:08:18,916 : INFO : EventManager : Event: ======'mode_grave_targets_will_stop'====== Args={}
2025-07-06 16:08:18,916 : INFO : EventManager : Event: ======'mode_grave_targets_stopping'====== Args={}
2025-07-06 16:08:18,916 : INFO : Mode.grave_targets : Stopped.
2025-07-06 16:08:18,916 : INFO : EventManager : Event: ======'modes_active_modes_changed'====== Args={}
2025-07-06 16:08:18,916 : INFO : EventManager : Event: ======'mode_grave_targets_stopped'====== Args={}
2025-07-06 16:08:18,916 : INFO : EventManager : Event: ======'clear'====== Args={'key': 'grave_targets'}
2025-07-06 16:08:18,917 : INFO : Mode.base : Stopped.
2025-07-06 16:08:18,917 : INFO : EventManager : Event: ======'modes_active_modes_changed'====== Args={}
2025-07-06 16:08:18,918 : INFO : EventManager : Event: ======'mode_base_stopped'====== Args={}
2025-07-06 16:08:18,918 : INFO : EventManager : Event: ======'clear'====== Args={'key': 'base'}
2025-07-06 16:08:18,919 : INFO : Mode.game : Stopped.
2025-07-06 16:08:18,919 : INFO : EventManager : Event: ======'modes_active_modes_changed'====== Args={}
2025-07-06 16:08:18,919 : INFO : EventManager : Event: ======'mode_game_stopped'====== Args={}
2025-07-06 16:08:18,919 : INFO : EventManager : Event: ======'clear'====== Args={'key': 'game'}
2025-07-06 16:08:18,932 : INFO : root : MPF run loop ended.
