2025-06-03 19:11:46,297 : INFO : root : Loading config.
2025-06-03 19:11:46,298 : INFO : YamlMultifileConfigLoader : Machine config file #1: config.yaml
2025-06-03 19:11:46,298 : WARNING : ConfigProcessor : Config file in cache changed: /Users/ruben/Pinball/mpf-pinball/config/config.yaml
2025-06-03 19:11:46,298 : INFO : ConfigProcessor : Loading config from file /Library/Frameworks/Python.framework/Versions/3.9/lib/python3.9/site-packages/mpf/mpfconfig.yaml.
2025-06-03 19:11:46,305 : INFO : ConfigProcessor : Loading config: /Library/Frameworks/Python.framework/Versions/3.9/lib/python3.9/site-packages/mpf/mpfconfig.yaml
2025-06-03 19:11:46,305 : INFO : ConfigProcessor : Loading config from file /Users/ruben/Pinball/mpf-pinball/config/config.yaml.
2025-06-03 19:11:46,307 : INFO : ConfigProcessor : Loading config: /Users/ruben/Pinball/mpf-pinball/config/config.yaml
2025-06-03 19:11:46,308 : INFO : ConfigProcessor : Config file cache created: /var/folders/9g/7xjb17l959g1fnq4pjl5c5p80000gn/T/1941ac2cbc7f60a15b77e866ee64bff5.mpf_cache
2025-06-03 19:11:46,326 : INFO : ConfigProcessor : Loading config from cache: /var/folders/9g/7xjb17l959g1fnq4pjl5c5p80000gn/T/c7af4841f7c2cabb0f971746daddf284.mpf_cache
2025-06-03 19:11:46,326 : INFO : ConfigProcessor : Loading config from cache: /var/folders/9g/7xjb17l959g1fnq4pjl5c5p80000gn/T/edcc5f1d3215b377c9faab88c62e4ce0.mpf_cache
2025-06-03 19:11:46,326 : INFO : Machine : Mission Pinball Framework Core Engine v0.57.3
2025-06-03 19:11:46,327 : INFO : Machine : Command line arguments: {'no_load_cache': False, 'create_config_cache': True, 'bcp': True, 'configfile': ['config.yaml'], 'force_assets_load': False, 'platform_integration_test': False, 'jsonlogging': False, 'logfile': 'logs/2025-06-03-19-11-46-mpf-ruben.home.log', 'pause': False, 'production': False, 'text_ui': True, 'loglevel': 15, 'consoleloglevel': 20, 'force_platform': 'smart_virtual', 'syslog_address': None, 'mc_file_name': None, 'no_sound': False}
2025-06-03 19:11:46,327 : INFO : Machine : MPF path: /Library/Frameworks/Python.framework/Versions/3.9/lib/python3.9/site-packages/mpf
2025-06-03 19:11:46,327 : INFO : Machine : Machine path: /Users/ruben/Pinball/mpf-pinball
2025-06-03 19:11:46,327 : INFO : Machine : Platform: darwin
2025-06-03 19:11:46,327 : INFO : Machine : Python executable location: /Library/Frameworks/Python.framework/Versions/3.9/bin/python3.9
2025-06-03 19:11:46,327 : INFO : Machine : Python version: 3.9.13 (64-bit)
2025-06-03 19:11:46,327 : INFO : Machine : Initializing MPF...
2025-06-03 19:11:46,344 : INFO : EventManager : Event: ======'machine_var_credits_string'====== Args={'value': 'FREE PLAY', 'prev_value': None, 'change': True}
2025-06-03 19:11:46,360 : INFO : EventManager : Event: ======'machine_var_master_volume'====== Args={'value': 0.5, 'prev_value': None, 'change': True}
2025-06-03 19:11:46,360 : INFO : EventManager : Event: ======'machine_var_player1_score'====== Args={'value': 0, 'prev_value': None, 'change': True}
2025-06-03 19:11:46,360 : INFO : EventManager : Event: ======'machine_var_mpf_version'====== Args={'value': 'Mission Pinball Framework v0.57.3', 'prev_value': None, 'change': True}
2025-06-03 19:11:46,360 : INFO : EventManager : Event: ======'machine_var_mpf_extended_version'====== Args={'value': 'Mission Pinball Framework v0.57.3, Config version:6, Show version: 6, BCP version:1.1', 'prev_value': None, 'change': True}
2025-06-03 19:11:46,360 : INFO : EventManager : Event: ======'machine_var_python_version'====== Args={'value': '3.9.13', 'prev_value': None, 'change': True}
2025-06-03 19:11:46,368 : INFO : EventManager : Event: ======'machine_var_platform'====== Args={'value': 'macOS-14.6.1-arm64-arm-64bit', 'prev_value': None, 'change': True}
2025-06-03 19:11:46,368 : INFO : EventManager : Event: ======'machine_var_platform_system'====== Args={'value': 'Darwin', 'prev_value': None, 'change': True}
2025-06-03 19:11:46,368 : INFO : EventManager : Event: ======'machine_var_platform_release'====== Args={'value': '23.6.0', 'prev_value': None, 'change': True}
2025-06-03 19:11:46,368 : INFO : EventManager : Event: ======'machine_var_platform_version'====== Args={'value': 'Darwin Kernel Version 23.6.0: Mon Jul 29 21:14:30 PDT 2024; root:xnu-10063.141.2~1/RELEASE_ARM64_T6000', 'prev_value': None, 'change': True}
2025-06-03 19:11:46,368 : INFO : EventManager : Event: ======'machine_var_platform_machine'====== Args={'value': 'arm64', 'prev_value': None, 'change': True}
2025-06-03 19:11:46,369 : INFO : EventManager : Event: ======'init_phase_1'====== Args={}
2025-06-03 19:11:46,376 : INFO : EventManager : Event: ======'drop_target_bank_vuk_bank_up'====== Args={}
2025-06-03 19:11:46,376 : INFO : EventManager : Event: ======'init_phase_2'====== Args={}
2025-06-03 19:11:46,377 : INFO : EventManager : Event: ======'bcp_connection_attempt'====== Args={'name': 'local_display', 'host': 'localhost', 'port': 5050}
2025-06-03 19:11:46,378 : INFO : BCPClientSocket : Connecting BCP to 'local_display' at localhost:5050...
2025-06-03 19:11:47,298 : INFO : BCPClientSocket : Connected BCP to 'local_display' localhost:5050
2025-06-03 19:11:47,299 : INFO : EventManager : Event: ======'bcp_clients_connected'====== Args={}
2025-06-03 19:11:47,300 : INFO : ball_device.bd_trough : BCH: Initial count: 0
2025-06-03 19:11:47,301 : INFO : ball_device.bd_trough : State: idle
2025-06-03 19:11:47,301 : INFO : ball_device.bd_scoop_lower : BCH: Initial count: 0
2025-06-03 19:11:47,301 : INFO : ball_device.bd_scoop_lower : State: idle
2025-06-03 19:11:47,309 : INFO : EventManager : Event: ======'init_phase_3'====== Args={}
2025-06-03 19:11:47,311 : INFO : EventManager : Event: ======'init_phase_4'====== Args={}
2025-06-03 19:11:47,316 : INFO : BallController : Initial balls found: 0
2025-06-03 19:11:47,317 : INFO : EventManager : Event: ======'machine_var_audits_events_game_ended'====== Args={'value': 50, 'prev_value': None, 'change': True}
2025-06-03 19:11:47,317 : INFO : EventManager : Event: ======'machine_var_audits_events_game_started'====== Args={'value': 89, 'prev_value': None, 'change': True}
2025-06-03 19:11:47,317 : INFO : EventManager : Event: ======'machine_var_audits_player_score'====== Args={'value': {'average': 0.0, 'top': [0, 0, 0, 0, 0, 0, 0, 0, 0, 0], 'total': 50}, 'prev_value': None, 'change': True}
2025-06-03 19:11:47,317 : INFO : EventManager : Event: ======'machine_var_audits_switches_s_drop_bank1'====== Args={'value': 140, 'prev_value': None, 'change': True}
2025-06-03 19:11:47,317 : INFO : EventManager : Event: ======'machine_var_audits_switches_s_left_flipper'====== Args={'value': 2279, 'prev_value': None, 'change': True}
2025-06-03 19:11:47,317 : INFO : EventManager : Event: ======'machine_var_audits_switches_s_left_slingshot'====== Args={'value': 290, 'prev_value': None, 'change': True}
2025-06-03 19:11:47,317 : INFO : EventManager : Event: ======'machine_var_audits_switches_s_plunger'====== Args={'value': 5, 'prev_value': None, 'change': True}
2025-06-03 19:11:47,317 : INFO : EventManager : Event: ======'machine_var_audits_switches_s_pop_bot'====== Args={'value': 426, 'prev_value': None, 'change': True}
2025-06-03 19:11:47,317 : INFO : EventManager : Event: ======'machine_var_audits_switches_s_pop_mid'====== Args={'value': 351, 'prev_value': None, 'change': True}
2025-06-03 19:11:47,317 : INFO : EventManager : Event: ======'machine_var_audits_switches_s_pop_top'====== Args={'value': 302, 'prev_value': None, 'change': True}
2025-06-03 19:11:47,317 : INFO : EventManager : Event: ======'machine_var_audits_switches_s_right_flipper'====== Args={'value': 2328, 'prev_value': None, 'change': True}
2025-06-03 19:11:47,317 : INFO : EventManager : Event: ======'machine_var_audits_switches_s_right_inlane'====== Args={'value': 57, 'prev_value': None, 'change': True}
2025-06-03 19:11:47,318 : INFO : EventManager : Event: ======'machine_var_audits_switches_s_right_slingshot'====== Args={'value': 255, 'prev_value': None, 'change': True}
2025-06-03 19:11:47,318 : INFO : EventManager : Event: ======'machine_var_audits_switches_s_scoop_center'====== Args={'value': 0, 'prev_value': None, 'change': True}
2025-06-03 19:11:47,318 : INFO : EventManager : Event: ======'machine_var_audits_switches_s_scoop_lower'====== Args={'value': 220, 'prev_value': None, 'change': True}
2025-06-03 19:11:47,318 : INFO : EventManager : Event: ======'machine_var_audits_switches_s_scoop_right'====== Args={'value': 0, 'prev_value': None, 'change': True}
2025-06-03 19:11:47,318 : INFO : EventManager : Event: ======'machine_var_audits_switches_s_startButton'====== Args={'value': 34, 'prev_value': None, 'change': True}
2025-06-03 19:11:47,318 : INFO : EventManager : Event: ======'machine_var_audits_switches_s_trough1'====== Args={'value': 303, 'prev_value': None, 'change': True}
2025-06-03 19:11:47,318 : INFO : EventManager : Event: ======'machine_var_audits_switches_s_trough2'====== Args={'value': 1, 'prev_value': None, 'change': True}
2025-06-03 19:11:47,318 : INFO : EventManager : Event: ======'machine_var_audits_switches_s_trough3'====== Args={'value': 1, 'prev_value': None, 'change': True}
2025-06-03 19:11:47,318 : INFO : EventManager : Event: ======'machine_var_audits_switches_s_trough4'====== Args={'value': 1, 'prev_value': None, 'change': True}
2025-06-03 19:11:47,318 : INFO : EventManager : Event: ======'machine_var_audits_switches_s_trough5'====== Args={'value': 0, 'prev_value': None, 'change': True}
2025-06-03 19:11:47,318 : INFO : EventManager : Event: ======'machine_var_audits_switches_s_right_outlane'====== Args={'value': 0, 'prev_value': None, 'change': True}
2025-06-03 19:11:47,318 : INFO : EventManager : Event: ======'machine_var_audits_switches_s_pop1'====== Args={'value': 0, 'prev_value': None, 'change': True}
2025-06-03 19:11:47,318 : INFO : EventManager : Event: ======'machine_var_audits_switches_s_pop2'====== Args={'value': 0, 'prev_value': None, 'change': True}
2025-06-03 19:11:47,318 : INFO : EventManager : Event: ======'machine_var_audits_switches_s_pop4'====== Args={'value': 0, 'prev_value': None, 'change': True}
2025-06-03 19:11:47,319 : INFO : EventManager : Event: ======'machine_var_audits_switches_s_left_inlane2'====== Args={'value': 0, 'prev_value': None, 'change': True}
2025-06-03 19:11:47,319 : INFO : EventManager : Event: ======'machine_var_audits_switches_s_pop3'====== Args={'value': 0, 'prev_value': None, 'change': True}
2025-06-03 19:11:47,319 : INFO : EventManager : Event: ======'machine_var_audits_switches_s_pop5'====== Args={'value': 0, 'prev_value': None, 'change': True}
2025-06-03 19:11:47,319 : INFO : EventManager : Event: ======'machine_var_audits_switches_s_left_outlane'====== Args={'value': 0, 'prev_value': None, 'change': True}
2025-06-03 19:11:47,319 : INFO : EventManager : Event: ======'machine_var_audits_switches_s_left_inlane1'====== Args={'value': 0, 'prev_value': None, 'change': True}
2025-06-03 19:11:47,319 : INFO : EventManager : Event: ======'init_phase_5'====== Args={}
2025-06-03 19:11:47,320 : INFO : EventManager : Event: ======'init_done'====== Args={}
2025-06-03 19:11:47,320 : INFO : EventManager : Event: ======'machine_reset_phase_1'====== Args={}
2025-06-03 19:11:47,398 : INFO : EventManager : Event: ======'machine_var_mc_version'====== Args={'value': 'MPF-MC v0.57.1', 'prev_value': None, 'change': True}
2025-06-03 19:11:47,398 : INFO : EventManager : Event: ======'machine_var_mc_extended_version'====== Args={'value': 'MPF-MC v0.57.1 (config_version=6, BCP v1.1,                      Requires MPF API compatibility v0.57.0 or newer)', 'prev_value': None, 'change': True}
2025-06-03 19:11:47,402 : INFO : EventManager : Event: ======'slide_welcome_slide_removed'====== Args={'_from_bcp': True}
2025-06-03 19:11:47,402 : INFO : EventManager : Event: ======'slide_welcome_slide_created'====== Args={'_from_bcp': True}
2025-06-03 19:11:47,402 : INFO : EventManager : Event: ======'slide_welcome_slide_active'====== Args={'_from_bcp': True}
2025-06-03 19:11:47,402 : INFO : EventManager : Event: ======'machine_reset_phase_2'====== Args={}
2025-06-03 19:11:47,403 : INFO : EventManager : Event: ======'machine_reset_phase_3'====== Args={}
2025-06-03 19:11:47,403 : INFO : drop_target_bank.vuk_bank : All targets are already up. Will not reset bank.
2025-06-03 19:11:47,403 : INFO : EventManager : Event: ======'reset_complete'====== Args={}
2025-06-03 19:11:47,403 : INFO : EventManager : Event: ======'mode_attract_will_start'====== Args={}
2025-06-03 19:11:47,403 : INFO : EventManager : Event: ======'mode_attract_starting'====== Args={}
2025-06-03 19:11:47,403 : INFO : Mode.attract : Started. Priority: 10
2025-06-03 19:11:47,403 : INFO : EventManager : Event: ======'modes_active_modes_changed'====== Args={}
2025-06-03 19:11:47,403 : INFO : EventManager : Event: ======'mode_attract_started'====== Args={}
2025-06-03 19:11:47,404 : INFO : EventManager : Event: ======'collecting_balls_complete'====== Args={}
2025-06-03 19:11:47,404 : INFO : Machine : Starting the main run loop with active modes: [<Mode.attract>]
2025-06-03 19:11:47,413 : INFO : EventManager : Event: ======'slide_attract_started_created'====== Args={'_from_bcp': True}
2025-06-03 19:11:47,413 : INFO : EventManager : Event: ======'slide_attract_started_active'====== Args={'_from_bcp': True}
2025-06-03 19:11:53,847 : INFO : BcpServer : New client connected.
2025-06-03 19:12:12,533 : INFO : SwitchController : <<<<<<< 's_left_outlane' active >>>>>>>
2025-06-03 19:12:12,594 : INFO : SwitchController : <<<<<<< 's_left_outlane' inactive >>>>>>>
2025-06-03 19:12:19,403 : INFO : SwitchController : <<<<<<< 's_left_outlane' active >>>>>>>
2025-06-03 19:12:19,464 : INFO : SwitchController : <<<<<<< 's_left_outlane' inactive >>>>>>>
2025-06-03 19:12:19,955 : INFO : SwitchController : <<<<<<< 's_left_outlane' active >>>>>>>
2025-06-03 19:12:27,012 : INFO : SwitchController : <<<<<<< 's_left_outlane' inactive >>>>>>>
2025-06-03 19:12:31,877 : INFO : SwitchController : <<<<<<< 's_left_inlane2' active >>>>>>>
2025-06-03 19:12:38,859 : INFO : SwitchController : <<<<<<< 's_left_inlane2' inactive >>>>>>>
2025-06-03 19:12:42,890 : INFO : SwitchController : <<<<<<< 's_left_inlane1' active >>>>>>>
2025-06-03 19:12:48,343 : INFO : SwitchController : <<<<<<< 's_left_inlane2' active >>>>>>>
2025-06-03 19:12:53,349 : INFO : SwitchController : <<<<<<< 's_right_outlane' active >>>>>>>
2025-06-03 19:12:58,384 : INFO : SwitchController : <<<<<<< 's_right_inlane' active >>>>>>>
2025-06-03 19:13:02,263 : INFO : SwitchController : <<<<<<< 's_right_slingshot' active >>>>>>>
2025-06-03 19:13:02,383 : INFO : SwitchController : <<<<<<< 's_right_slingshot' inactive >>>>>>>
2025-06-03 19:13:02,725 : INFO : SwitchController : <<<<<<< 's_right_slingshot' active >>>>>>>
2025-06-03 19:13:05,925 : INFO : SwitchController : <<<<<<< 's_left_slingshot' active >>>>>>>
2025-06-03 19:13:21,309 : INFO : Machine : Shutting down...
2025-06-03 19:13:21,309 : INFO : EventManager : Event: ======'shutdown'====== Args={}
2025-06-03 19:13:21,312 : INFO : root : MPF run loop ended.
