2025-06-17 09:38:04,432 : INFO : root : Loading config.
2025-06-17 09:38:04,448 : INFO : YamlMultifileConfigLoader : Machine config file #1: config.yaml
2025-06-17 09:38:04,448 : INFO : ConfigProcessor : Loading config from cache: C:\Users\ruben\AppData\Local\Temp\a17888e5e1df298d67e07ada0b1bff4a.mpf_cache
2025-06-17 09:38:04,464 : WARNING : ConfigProcessor : Config file in cache changed: C:\pinball\my_machine\config\coils.yaml
2025-06-17 09:38:04,464 : INFO : ConfigProcessor : Loading config from file C:\Users\ruben\.local\pipx\venvs\mpf\lib\site-packages\mpf\mpfconfig.yaml.
2025-06-17 09:38:04,573 : INFO : ConfigProcessor : Loading config: C:\Users\ruben\.local\pipx\venvs\mpf\lib\site-packages\mpf\mpfconfig.yaml
2025-06-17 09:38:04,573 : INFO : ConfigProcessor : Loading config from file C:\pinball\my_machine\config\config.yaml.
2025-06-17 09:38:04,589 : INFO : ConfigProcessor : Loading config: C:\pinball\my_machine\config\config.yaml
2025-06-17 09:38:04,589 : INFO : ConfigProcessor : Loading config: C:\pinball\my_machine\config\hardware.yaml
2025-06-17 09:38:04,589 : INFO : ConfigProcessor : Loading config: C:\pinball\my_machine\config\switches.yaml
2025-06-17 09:38:04,604 : INFO : ConfigProcessor : Loading config: C:\pinball\my_machine\config\coils.yaml
2025-06-17 09:38:04,620 : INFO : ConfigProcessor : Loading config: C:\pinball\my_machine\config\devices.yaml
2025-06-17 09:38:04,620 : INFO : ConfigProcessor : Loading config: C:\pinball\my_machine\config\displays.yaml
2025-06-17 09:38:04,635 : INFO : ConfigProcessor : Loading config: C:\pinball\my_machine\config\slides.yaml
2025-06-17 09:38:04,635 : INFO : ConfigProcessor : Config file cache created: C:\Users\ruben\AppData\Local\Temp\a17888e5e1df298d67e07ada0b1bff4a.mpf_cache
2025-06-17 09:38:04,761 : INFO : ConfigProcessor : Loading config from cache: C:\Users\ruben\AppData\Local\Temp\67cf8ffee0fce2d4fcb5ef0bb894d8de.mpf_cache
2025-06-17 09:38:04,761 : INFO : ConfigProcessor : Loading config from cache: C:\Users\ruben\AppData\Local\Temp\25321780674732dcacb77a8f5b2a53cd.mpf_cache
2025-06-17 09:38:04,761 : INFO : ConfigProcessor : Loading config from cache: C:\Users\ruben\AppData\Local\Temp\195f66f1d07408d279921a878741edf5.mpf_cache
2025-06-17 09:38:04,761 : INFO : Machine : Mission Pinball Framework Core Engine v0.56.0
2025-06-17 09:38:04,761 : INFO : Machine : Command line arguments: {'no_load_cache': False, 'create_config_cache': True, 'bcp': True, 'configfile': ['config.yaml'], 'force_assets_load': False, 'jsonlogging': False, 'logfile': 'logs\\2025-06-17-09-38-04-mpf-DESKTOP-11MEIVG.log', 'pause': False, 'production': False, 'text_ui': True, 'loglevel': 15, 'consoleloglevel': 20, 'force_platform': None, 'syslog_address': None, 'mc_file_name': None, 'no_sound': False}
2025-06-17 09:38:04,761 : INFO : Machine : MPF path: C:\Users\ruben\.local\pipx\venvs\mpf\lib\site-packages\mpf
2025-06-17 09:38:04,761 : INFO : Machine : Machine path: C:\pinball\my_machine
2025-06-17 09:38:04,761 : INFO : Machine : Platform: win32
2025-06-17 09:38:04,761 : INFO : Machine : Python executable location: C:\Users\ruben\.local\pipx\venvs\mpf\Scripts\python.exe
2025-06-17 09:38:04,761 : INFO : Machine : Python version: 3.9.13 (64-bit)
2025-06-17 09:38:04,761 : INFO : Machine : Initialise MPF.
2025-06-17 09:38:05,129 : INFO : OPP : Connecting to com3 at 115200bps
2025-06-17 09:38:05,293 : INFO : OPP : Init of OPP board 1 done
2025-06-17 09:38:05,293 : INFO : OPP : Connecting to com4 at 115200bps
2025-06-17 09:38:05,403 : INFO : OPP : Init of OPP board 0 done
2025-06-17 09:38:05,404 : INFO : EventManager : Event: ======'machine_var_credits_string'====== Args={'value': 'FREE PLAY', 'prev_value': None, 'change': True}
2025-06-17 09:38:05,480 : INFO : EventManager : Event: ======'machine_var_master_volume'====== Args={'value': 0.5, 'prev_value': None, 'change': True}
2025-06-17 09:38:05,480 : INFO : EventManager : Event: ======'machine_var_player1_score'====== Args={'value': 0, 'prev_value': None, 'change': True}
2025-06-17 09:38:05,481 : INFO : EventManager : Event: ======'machine_var_mpf_version'====== Args={'value': 'MPF v0.56.0', 'prev_value': None, 'change': True}
2025-06-17 09:38:05,481 : INFO : EventManager : Event: ======'machine_var_mpf_extended_version'====== Args={'value': 'MPF v0.56.0, Config version:5, Show version: 5, BCP version:1.1', 'prev_value': None, 'change': True}
2025-06-17 09:38:05,481 : INFO : EventManager : Event: ======'machine_var_python_version'====== Args={'value': '3.9.13', 'prev_value': None, 'change': True}
2025-06-17 09:38:05,494 : INFO : EventManager : Event: ======'machine_var_platform'====== Args={'value': 'Windows-10-10.0.19045-SP0', 'prev_value': None, 'change': True}
2025-06-17 09:38:05,494 : INFO : EventManager : Event: ======'machine_var_platform_system'====== Args={'value': 'Windows', 'prev_value': None, 'change': True}
2025-06-17 09:38:05,495 : INFO : EventManager : Event: ======'machine_var_platform_release'====== Args={'value': '10', 'prev_value': None, 'change': True}
2025-06-17 09:38:05,495 : INFO : EventManager : Event: ======'machine_var_platform_version'====== Args={'value': '10.0.19045', 'prev_value': None, 'change': True}
2025-06-17 09:38:05,495 : INFO : EventManager : Event: ======'machine_var_platform_machine'====== Args={'value': 'AMD64', 'prev_value': None, 'change': True}
2025-06-17 09:38:05,495 : INFO : EventManager : Event: ======'init_phase_1'====== Args={}
2025-06-17 09:38:05,529 : INFO : EventManager : Event: ======'init_phase_2'====== Args={}
2025-06-17 09:38:05,534 : INFO : EventManager : Event: ======'bcp_connection_attempt'====== Args={'name': 'local_display', 'host': 'localhost', 'port': 5050}
2025-06-17 09:38:05,536 : INFO : BCPClientSocket : Connecting BCP to 'local_display' at localhost:5050...
2025-06-17 09:38:08,073 : INFO : BCPClientSocket : Connected BCP to 'local_display' localhost:5050
2025-06-17 09:38:08,074 : INFO : EventManager : Event: ======'bcp_clients_connected'====== Args={}
2025-06-17 09:38:08,106 : INFO : EventManager : Event: ======'machine_var_mc_version'====== Args={'value': 'MPF-MC v0.56.1', 'prev_value': None, 'change': True}
2025-06-17 09:38:08,111 : INFO : EventManager : Event: ======'machine_var_mc_extended_version'====== Args={'value': 'MPF-MC v0.56.1 (config_version=5, BCP v1.1,                      Requires MPF API compatibility v0.56.0 or newer)', 'prev_value': None, 'change': True}
2025-06-17 09:38:08,117 : INFO : ball_device.bd_trough : BCH: Initial count: 0
2025-06-17 09:38:08,150 : INFO : ball_device.bd_trough : State: idle
2025-06-17 09:38:08,180 : INFO : EventManager : Event: ======'init_phase_3'====== Args={}
2025-06-17 09:38:08,183 : INFO : EventManager : Event: ======'init_phase_4'====== Args={}
2025-06-17 09:38:08,184 : INFO : BallController : Initial balls found: 0
2025-06-17 09:38:08,186 : INFO : EventManager : Event: ======'machine_var_audits_events_game_ended'====== Args={'value': 50, 'prev_value': None, 'change': True}
2025-06-17 09:38:08,187 : INFO : EventManager : Event: ======'machine_var_audits_events_game_started'====== Args={'value': 98, 'prev_value': None, 'change': True}
2025-06-17 09:38:08,187 : INFO : EventManager : Event: ======'machine_var_audits_missing_switches_s_left_flipper'====== Args={'value': 8, 'prev_value': None, 'change': True}
2025-06-17 09:38:08,188 : INFO : EventManager : Event: ======'machine_var_audits_missing_switches_s_left_inlane1'====== Args={'value': 8, 'prev_value': None, 'change': True}
2025-06-17 09:38:08,188 : INFO : EventManager : Event: ======'machine_var_audits_missing_switches_s_left_inlane2'====== Args={'value': 8, 'prev_value': None, 'change': True}
2025-06-17 09:38:08,188 : INFO : EventManager : Event: ======'machine_var_audits_missing_switches_s_left_outlane'====== Args={'value': 9, 'prev_value': None, 'change': True}
2025-06-17 09:38:08,189 : INFO : EventManager : Event: ======'machine_var_audits_missing_switches_s_left_slingshot'====== Args={'value': 9, 'prev_value': None, 'change': True}
2025-06-17 09:38:08,189 : INFO : EventManager : Event: ======'machine_var_audits_missing_switches_s_pop1'====== Args={'value': 9, 'prev_value': None, 'change': True}
2025-06-17 09:38:08,189 : INFO : EventManager : Event: ======'machine_var_audits_missing_switches_s_pop2'====== Args={'value': 9, 'prev_value': None, 'change': True}
2025-06-17 09:38:08,190 : INFO : EventManager : Event: ======'machine_var_audits_missing_switches_s_pop3'====== Args={'value': 9, 'prev_value': None, 'change': True}
2025-06-17 09:38:08,190 : INFO : EventManager : Event: ======'machine_var_audits_missing_switches_s_pop4'====== Args={'value': 8, 'prev_value': None, 'change': True}
2025-06-17 09:38:08,190 : INFO : EventManager : Event: ======'machine_var_audits_missing_switches_s_pop5'====== Args={'value': 8, 'prev_value': None, 'change': True}
2025-06-17 09:38:08,190 : INFO : EventManager : Event: ======'machine_var_audits_missing_switches_s_right_inlane'====== Args={'value': 9, 'prev_value': None, 'change': True}
2025-06-17 09:38:08,191 : INFO : EventManager : Event: ======'machine_var_audits_missing_switches_s_right_outlane'====== Args={'value': 9, 'prev_value': None, 'change': True}
2025-06-17 09:38:08,191 : INFO : EventManager : Event: ======'machine_var_audits_missing_switches_s_right_slingshot'====== Args={'value': 9, 'prev_value': None, 'change': True}
2025-06-17 09:38:08,191 : INFO : EventManager : Event: ======'machine_var_audits_missing_switches_s_scoop_center'====== Args={'value': 8, 'prev_value': None, 'change': True}
2025-06-17 09:38:08,191 : INFO : EventManager : Event: ======'machine_var_audits_missing_switches_s_scoop_right'====== Args={'value': 9, 'prev_value': None, 'change': True}
2025-06-17 09:38:08,192 : INFO : EventManager : Event: ======'machine_var_audits_missing_switches_s_startButton'====== Args={'value': 9, 'prev_value': None, 'change': True}
2025-06-17 09:38:08,192 : INFO : EventManager : Event: ======'machine_var_audits_missing_switches_s_trough1'====== Args={'value': 9, 'prev_value': None, 'change': True}
2025-06-17 09:38:08,192 : INFO : EventManager : Event: ======'machine_var_audits_missing_switches_s_trough2'====== Args={'value': 9, 'prev_value': None, 'change': True}
2025-06-17 09:38:08,192 : INFO : EventManager : Event: ======'machine_var_audits_missing_switches_s_trough3'====== Args={'value': 9, 'prev_value': None, 'change': True}
2025-06-17 09:38:08,193 : INFO : EventManager : Event: ======'machine_var_audits_missing_switches_s_trough4'====== Args={'value': 9, 'prev_value': None, 'change': True}
2025-06-17 09:38:08,193 : INFO : EventManager : Event: ======'machine_var_audits_missing_switches_s_trough5'====== Args={'value': 8, 'prev_value': None, 'change': True}
2025-06-17 09:38:08,193 : INFO : EventManager : Event: ======'machine_var_audits_player_score'====== Args={'value': {'average': 0.0, 'top': [0, 0, 0, 0, 0, 0, 0, 0, 0, 0], 'total': 50}, 'prev_value': None, 'change': True}
2025-06-17 09:38:08,193 : INFO : EventManager : Event: ======'machine_var_audits_switches_s_drop_bank1'====== Args={'value': 140, 'prev_value': None, 'change': True}
2025-06-17 09:38:08,194 : INFO : EventManager : Event: ======'machine_var_audits_switches_s_left_flipper'====== Args={'value': 2280, 'prev_value': None, 'change': True}
2025-06-17 09:38:08,194 : INFO : EventManager : Event: ======'machine_var_audits_switches_s_left_inlane1'====== Args={'value': 1, 'prev_value': None, 'change': True}
2025-06-17 09:38:08,194 : INFO : EventManager : Event: ======'machine_var_audits_switches_s_left_inlane2'====== Args={'value': 1, 'prev_value': None, 'change': True}
2025-06-17 09:38:08,195 : INFO : EventManager : Event: ======'machine_var_audits_switches_s_left_outlane'====== Args={'value': 0, 'prev_value': None, 'change': True}
2025-06-17 09:38:08,195 : INFO : EventManager : Event: ======'machine_var_audits_switches_s_left_slingshot'====== Args={'value': 290, 'prev_value': None, 'change': True}
2025-06-17 09:38:08,195 : INFO : EventManager : Event: ======'machine_var_audits_switches_s_plunger'====== Args={'value': 5, 'prev_value': None, 'change': True}
2025-06-17 09:38:08,196 : INFO : EventManager : Event: ======'machine_var_audits_switches_s_pop1'====== Args={'value': 0, 'prev_value': None, 'change': True}
2025-06-17 09:38:08,196 : INFO : EventManager : Event: ======'machine_var_audits_switches_s_pop2'====== Args={'value': 0, 'prev_value': None, 'change': True}
2025-06-17 09:38:08,196 : INFO : EventManager : Event: ======'machine_var_audits_switches_s_pop3'====== Args={'value': 0, 'prev_value': None, 'change': True}
2025-06-17 09:38:08,196 : INFO : EventManager : Event: ======'machine_var_audits_switches_s_pop4'====== Args={'value': 1, 'prev_value': None, 'change': True}
2025-06-17 09:38:08,197 : INFO : EventManager : Event: ======'machine_var_audits_switches_s_pop5'====== Args={'value': 1, 'prev_value': None, 'change': True}
2025-06-17 09:38:08,197 : INFO : EventManager : Event: ======'machine_var_audits_switches_s_pop_bot'====== Args={'value': 426, 'prev_value': None, 'change': True}
2025-06-17 09:38:08,197 : INFO : EventManager : Event: ======'machine_var_audits_switches_s_pop_mid'====== Args={'value': 351, 'prev_value': None, 'change': True}
2025-06-17 09:38:08,198 : INFO : EventManager : Event: ======'machine_var_audits_switches_s_pop_top'====== Args={'value': 302, 'prev_value': None, 'change': True}
2025-06-17 09:38:08,198 : INFO : EventManager : Event: ======'machine_var_audits_switches_s_right_flipper'====== Args={'value': 2332, 'prev_value': None, 'change': True}
2025-06-17 09:38:08,198 : INFO : EventManager : Event: ======'machine_var_audits_switches_s_right_inlane'====== Args={'value': 57, 'prev_value': None, 'change': True}
2025-06-17 09:38:08,198 : INFO : EventManager : Event: ======'machine_var_audits_switches_s_right_outlane'====== Args={'value': 0, 'prev_value': None, 'change': True}
2025-06-17 09:38:08,199 : INFO : EventManager : Event: ======'machine_var_audits_switches_s_right_slingshot'====== Args={'value': 255, 'prev_value': None, 'change': True}
2025-06-17 09:38:08,199 : INFO : EventManager : Event: ======'machine_var_audits_switches_s_scoop_center'====== Args={'value': 1, 'prev_value': None, 'change': True}
2025-06-17 09:38:08,199 : INFO : EventManager : Event: ======'machine_var_audits_switches_s_scoop_lower'====== Args={'value': 220, 'prev_value': None, 'change': True}
2025-06-17 09:38:08,200 : INFO : EventManager : Event: ======'machine_var_audits_switches_s_scoop_right'====== Args={'value': 0, 'prev_value': None, 'change': True}
2025-06-17 09:38:08,200 : INFO : EventManager : Event: ======'machine_var_audits_switches_s_shooter_lane'====== Args={'value': 8, 'prev_value': None, 'change': True}
2025-06-17 09:38:08,201 : INFO : EventManager : Event: ======'machine_var_audits_switches_s_startButton'====== Args={'value': 34, 'prev_value': None, 'change': True}
2025-06-17 09:38:08,201 : INFO : EventManager : Event: ======'machine_var_audits_switches_s_trough1'====== Args={'value': 303, 'prev_value': None, 'change': True}
2025-06-17 09:38:08,201 : INFO : EventManager : Event: ======'machine_var_audits_switches_s_trough2'====== Args={'value': 1, 'prev_value': None, 'change': True}
2025-06-17 09:38:08,202 : INFO : EventManager : Event: ======'machine_var_audits_switches_s_trough3'====== Args={'value': 1, 'prev_value': None, 'change': True}
2025-06-17 09:38:08,202 : INFO : EventManager : Event: ======'machine_var_audits_switches_s_trough4'====== Args={'value': 1, 'prev_value': None, 'change': True}
2025-06-17 09:38:08,202 : INFO : EventManager : Event: ======'machine_var_audits_switches_s_trough5'====== Args={'value': 1, 'prev_value': None, 'change': True}
2025-06-17 09:38:08,205 : INFO : EventManager : Event: ======'init_phase_5'====== Args={}
2025-06-17 09:38:08,208 : INFO : EventManager : Event: ======'init_done'====== Args={}
2025-06-17 09:38:08,209 : INFO : EventManager : Event: ======'machine_reset_phase_1'====== Args={}
2025-06-17 09:38:08,215 : INFO : EventManager : Event: ======'slide_welcome_slide_removed'====== Args={'_from_bcp': True}
2025-06-17 09:38:08,220 : INFO : EventManager : Event: ======'slide_welcome_slide_created'====== Args={'_from_bcp': True}
2025-06-17 09:38:08,222 : INFO : EventManager : Event: ======'machine_reset_phase_2'====== Args={}
2025-06-17 09:38:08,223 : INFO : EventManager : Event: ======'machine_reset_phase_3'====== Args={}
2025-06-17 09:38:08,224 : INFO : EventManager : Event: ======'slide_welcome_slide_active'====== Args={'_from_bcp': True}
2025-06-17 09:38:08,227 : INFO : EventManager : Event: ======'reset_complete'====== Args={}
2025-06-17 09:38:08,228 : INFO : EventManager : Event: ======'mode_attract_will_start'====== Args={}
2025-06-17 09:38:08,229 : INFO : EventManager : Event: ======'mode_attract_starting'====== Args={}
2025-06-17 09:38:08,229 : INFO : Mode.attract : Started. Priority: 10
2025-06-17 09:38:08,229 : INFO : EventManager : Event: ======'modes_active_modes_changed'====== Args={}
2025-06-17 09:38:08,229 : INFO : EventManager : Event: ======'mode_attract_started'====== Args={}
2025-06-17 09:38:08,230 : INFO : EventManager : Event: ======'collecting_balls_complete'====== Args={}
2025-06-17 09:38:08,247 : INFO : EventManager : Event: ======'slide_attract_started_created'====== Args={'_from_bcp': True}
2025-06-17 09:38:08,247 : INFO : EventManager : Event: ======'slide_attract_started_active'====== Args={'_from_bcp': True}
2025-06-17 09:38:08,248 : INFO : Machine : Starting the main run loop.
2025-06-17 09:38:14,004 : INFO : SwitchController : <<<<<<< 's_right_flipper' active >>>>>>>
2025-06-17 09:38:14,067 : INFO : SwitchController : <<<<<<< 's_right_flipper' inactive >>>>>>>
2025-06-17 09:38:14,767 : INFO : SwitchController : <<<<<<< 's_right_flipper' active >>>>>>>
2025-06-17 09:38:14,830 : INFO : SwitchController : <<<<<<< 's_right_flipper' inactive >>>>>>>
2025-06-17 09:38:16,446 : INFO : SwitchController : <<<<<<< 's_right_flipper' active >>>>>>>
2025-06-17 09:38:16,575 : INFO : SwitchController : <<<<<<< 's_right_flipper' inactive >>>>>>>
2025-06-17 09:38:17,081 : INFO : SwitchController : <<<<<<< 's_right_flipper' active >>>>>>>
2025-06-17 09:38:17,405 : INFO : SwitchController : <<<<<<< 's_right_flipper' inactive >>>>>>>
2025-06-17 09:38:17,836 : INFO : SwitchController : <<<<<<< 's_right_flipper' active >>>>>>>
2025-06-17 09:38:18,224 : INFO : SwitchController : <<<<<<< 's_right_flipper' inactive >>>>>>>
2025-06-17 09:38:21,613 : INFO : SwitchController : <<<<<<< 's_right_flipper' active >>>>>>>
2025-06-17 09:38:21,767 : INFO : SwitchController : <<<<<<< 's_right_flipper' inactive >>>>>>>
2025-06-17 09:38:22,131 : INFO : SwitchController : <<<<<<< 's_right_flipper' active >>>>>>>
2025-06-17 09:38:22,283 : INFO : SwitchController : <<<<<<< 's_right_flipper' inactive >>>>>>>
2025-06-17 09:39:00,708 : INFO : SwitchController : <<<<<<< 's_right_flipper' active >>>>>>>
2025-06-17 09:39:01,639 : INFO : SwitchController : <<<<<<< 's_right_flipper' inactive >>>>>>>
2025-06-17 09:39:02,041 : INFO : SwitchController : <<<<<<< 's_right_flipper' active >>>>>>>
2025-06-17 09:39:02,492 : INFO : SwitchController : <<<<<<< 's_right_flipper' inactive >>>>>>>
2025-06-17 09:39:03,467 : INFO : SwitchController : <<<<<<< 's_right_flipper' active >>>>>>>
2025-06-17 09:39:03,843 : INFO : SwitchController : <<<<<<< 's_right_flipper' inactive >>>>>>>
2025-06-17 09:39:06,395 : INFO : SwitchController : <<<<<<< 's_right_flipper' active >>>>>>>
2025-06-17 09:39:06,555 : INFO : SwitchController : <<<<<<< 's_right_flipper' inactive >>>>>>>
2025-06-17 09:39:06,884 : INFO : SwitchController : <<<<<<< 's_right_flipper' active >>>>>>>
2025-06-17 09:39:07,011 : INFO : SwitchController : <<<<<<< 's_right_flipper' inactive >>>>>>>
2025-06-17 09:39:17,327 : INFO : SwitchController : <<<<<<< 's_right_flipper' active >>>>>>>
2025-06-17 09:39:17,339 : INFO : SwitchController : <<<<<<< 's_right_flipper' inactive >>>>>>>
2025-06-17 09:39:17,348 : INFO : SwitchController : <<<<<<< 's_right_flipper' active >>>>>>>
2025-06-17 09:39:17,514 : INFO : SwitchController : <<<<<<< 's_right_flipper' inactive >>>>>>>
2025-06-17 09:39:38,050 : INFO : SwitchController : <<<<<<< 's_right_flipper' active >>>>>>>
2025-06-17 09:39:38,113 : INFO : SwitchController : <<<<<<< 's_right_flipper' inactive >>>>>>>
2025-06-17 09:39:38,351 : INFO : SwitchController : <<<<<<< 's_right_flipper' active >>>>>>>
2025-06-17 09:39:38,629 : INFO : SwitchController : <<<<<<< 's_right_flipper' inactive >>>>>>>
2025-06-17 09:39:41,586 : INFO : SwitchController : <<<<<<< 's_right_flipper' active >>>>>>>
2025-06-17 09:39:41,743 : INFO : SwitchController : <<<<<<< 's_right_flipper' inactive >>>>>>>
2025-06-17 09:39:44,345 : INFO : SwitchController : <<<<<<< 's_right_flipper' active >>>>>>>
2025-06-17 09:39:44,493 : INFO : SwitchController : <<<<<<< 's_right_flipper' inactive >>>>>>>
2025-06-17 09:39:46,774 : INFO : SwitchController : <<<<<<< 's_right_flipper' active >>>>>>>
2025-06-17 09:39:46,980 : INFO : SwitchController : <<<<<<< 's_right_flipper' inactive >>>>>>>
2025-06-17 09:39:51,439 : INFO : SwitchController : <<<<<<< 's_right_flipper' active >>>>>>>
2025-06-17 09:39:51,625 : INFO : SwitchController : <<<<<<< 's_right_flipper' inactive >>>>>>>
2025-06-17 09:39:52,301 : INFO : SwitchController : <<<<<<< 's_right_flipper' active >>>>>>>
2025-06-17 09:39:52,516 : INFO : SwitchController : <<<<<<< 's_right_flipper' inactive >>>>>>>
2025-06-17 09:39:53,598 : INFO : SwitchController : <<<<<<< 's_right_flipper' active >>>>>>>
2025-06-17 09:39:53,771 : INFO : SwitchController : <<<<<<< 's_right_flipper' inactive >>>>>>>
2025-06-17 09:39:58,502 : INFO : SwitchController : <<<<<<< 's_right_flipper' active >>>>>>>
2025-06-17 09:39:58,655 : INFO : SwitchController : <<<<<<< 's_right_flipper' inactive >>>>>>>
2025-06-17 09:39:59,446 : INFO : SwitchController : <<<<<<< 's_right_flipper' active >>>>>>>
2025-06-17 09:39:59,641 : INFO : SwitchController : <<<<<<< 's_right_flipper' inactive >>>>>>>
2025-06-17 09:40:00,954 : INFO : SwitchController : <<<<<<< 's_right_flipper' active >>>>>>>
2025-06-17 09:40:01,759 : INFO : SwitchController : <<<<<<< 's_right_flipper' inactive >>>>>>>
2025-06-17 09:40:01,881 : INFO : SwitchController : <<<<<<< 's_right_flipper' active >>>>>>>
2025-06-17 09:40:02,070 : INFO : SwitchController : <<<<<<< 's_right_flipper' inactive >>>>>>>
2025-06-17 09:40:04,624 : INFO : SwitchController : <<<<<<< 's_right_flipper' active >>>>>>>
2025-06-17 09:40:04,765 : INFO : SwitchController : <<<<<<< 's_right_flipper' inactive >>>>>>>
2025-06-17 09:40:08,512 : INFO : SwitchController : <<<<<<< 's_left_flipper' active >>>>>>>
2025-06-17 09:40:08,634 : INFO : SwitchController : <<<<<<< 's_left_flipper' inactive >>>>>>>
2025-06-17 09:40:10,022 : INFO : SwitchController : <<<<<<< 's_left_slingshot' active >>>>>>>
2025-06-17 09:40:10,022 : INFO : EventManager : Event: ======'playfield_active'====== Args={}
2025-06-17 09:40:10,022 : INFO : EventManager : Event: ======'unexpected_ball_on_playfield'====== Args={}
2025-06-17 09:40:10,041 : INFO : SwitchController : <<<<<<< 's_left_slingshot' inactive >>>>>>>
2025-06-17 09:40:10,649 : INFO : SwitchController : <<<<<<< 's_left_flipper' active >>>>>>>
2025-06-17 09:40:10,821 : INFO : SwitchController : <<<<<<< 's_left_flipper' inactive >>>>>>>
2025-06-17 09:40:11,119 : INFO : SwitchController : <<<<<<< 's_right_flipper' active >>>>>>>
2025-06-17 09:40:11,445 : INFO : SwitchController : <<<<<<< 's_right_flipper' inactive >>>>>>>
2025-06-17 09:40:11,467 : INFO : SwitchController : <<<<<<< 's_right_flipper' active >>>>>>>
2025-06-17 09:40:11,599 : INFO : SwitchController : <<<<<<< 's_right_flipper' inactive >>>>>>>
2025-06-17 09:40:11,859 : INFO : SwitchController : <<<<<<< 's_right_flipper' active >>>>>>>
2025-06-17 09:40:11,983 : INFO : SwitchController : <<<<<<< 's_right_flipper' inactive >>>>>>>
2025-06-17 09:40:16,235 : INFO : SwitchController : <<<<<<< 's_left_flipper' active >>>>>>>
2025-06-17 09:40:16,394 : INFO : SwitchController : <<<<<<< 's_left_flipper' inactive >>>>>>>
2025-06-17 09:40:18,001 : INFO : SwitchController : <<<<<<< 's_right_slingshot' active >>>>>>>
2025-06-17 09:40:18,002 : INFO : EventManager : Event: ======'playfield_active'====== Args={}
2025-06-17 09:40:18,002 : INFO : EventManager : Event: ======'unexpected_ball_on_playfield'====== Args={}
2025-06-17 09:40:18,016 : INFO : SwitchController : <<<<<<< 's_right_slingshot' inactive >>>>>>>
2025-06-17 09:40:18,025 : INFO : SwitchController : <<<<<<< 's_right_flipper' active >>>>>>>
2025-06-17 09:40:18,134 : INFO : SwitchController : <<<<<<< 's_right_flipper' inactive >>>>>>>
2025-06-17 09:40:18,153 : INFO : SwitchController : <<<<<<< 's_left_slingshot' active >>>>>>>
2025-06-17 09:40:18,153 : INFO : EventManager : Event: ======'playfield_active'====== Args={}
2025-06-17 09:40:18,153 : INFO : EventManager : Event: ======'unexpected_ball_on_playfield'====== Args={}
2025-06-17 09:40:18,172 : INFO : SwitchController : <<<<<<< 's_left_slingshot' inactive >>>>>>>
2025-06-17 09:40:21,791 : INFO : SwitchController : <<<<<<< 's_right_flipper' active >>>>>>>
2025-06-17 09:40:22,946 : INFO : SwitchController : <<<<<<< 's_right_flipper' inactive >>>>>>>
2025-06-17 09:40:24,297 : INFO : SwitchController : <<<<<<< 's_right_flipper' active >>>>>>>
2025-06-17 09:40:24,435 : INFO : SwitchController : <<<<<<< 's_right_flipper' inactive >>>>>>>
2025-06-17 09:40:28,300 : INFO : SwitchController : <<<<<<< 's_left_flipper' active >>>>>>>
2025-06-17 09:40:28,443 : INFO : SwitchController : <<<<<<< 's_left_flipper' inactive >>>>>>>
2025-06-17 09:40:30,756 : INFO : SwitchController : <<<<<<< 's_right_flipper' active >>>>>>>
2025-06-17 09:40:30,851 : INFO : SwitchController : <<<<<<< 's_right_flipper' inactive >>>>>>>
2025-06-17 09:41:00,404 : INFO : SwitchController : <<<<<<< 's_right_flipper' active >>>>>>>
2025-06-17 09:41:01,656 : INFO : SwitchController : <<<<<<< 's_right_flipper' inactive >>>>>>>
2025-06-17 09:41:06,143 : INFO : SwitchController : <<<<<<< 's_right_flipper' active >>>>>>>
2025-06-17 09:41:06,261 : INFO : SwitchController : <<<<<<< 's_right_flipper' inactive >>>>>>>
2025-06-17 09:41:09,497 : INFO : SwitchController : <<<<<<< 's_right_flipper' active >>>>>>>
2025-06-17 09:41:09,619 : INFO : SwitchController : <<<<<<< 's_right_flipper' inactive >>>>>>>
2025-06-17 09:41:14,272 : INFO : SwitchController : <<<<<<< 's_right_flipper' active >>>>>>>
2025-06-17 09:41:14,396 : INFO : SwitchController : <<<<<<< 's_right_flipper' inactive >>>>>>>
2025-06-17 09:41:18,718 : INFO : SwitchController : <<<<<<< 's_right_flipper' active >>>>>>>
2025-06-17 09:41:18,853 : INFO : SwitchController : <<<<<<< 's_right_flipper' inactive >>>>>>>
2025-06-17 09:45:48,624 : INFO : Machine : Shutting down...
2025-06-17 09:45:48,625 : INFO : EventManager : Event: ======'shutdown'====== Args={}
2025-06-17 09:45:48,630 : ERROR : OPP : Stop called on serial connection com3
2025-06-17 09:45:48,636 : ERROR : OPP : Stop called on serial connection com4
2025-06-17 09:45:48,637 : ERROR : asyncio : Exception in callback Util.raise_exceptions(<Task finishe...ection lost')>) at C:\Users\ruben\.local\pipx\venvs\mpf\lib\site-packages\mpf\core\utility_functions.py:759
handle: <Handle Util.raise_exceptions(<Task finishe...ection lost')>) at C:\Users\ruben\.local\pipx\venvs\mpf\lib\site-packages\mpf\core\utility_functions.py:759>
Traceback (most recent call last):
  File "C:\Users\ruben\AppData\Local\Programs\Python\Python39\lib\asyncio\events.py", line 80, in _run
    self._context.run(self._callback, *self._args)
  File "C:\Users\ruben\.local\pipx\venvs\mpf\lib\site-packages\mpf\core\utility_functions.py", line 767, in raise_exceptions
    future.result()
  File "C:\Users\ruben\.local\pipx\venvs\mpf\lib\site-packages\mpf\platforms\opp\opp.py", line 965, in _poll_sender
    await self.opp_connection[chain_serial].writer.drain()
  File "C:\Users\ruben\AppData\Local\Programs\Python\Python39\lib\asyncio\streams.py", line 387, in drain
    await self._protocol._drain_helper()
  File "C:\Users\ruben\AppData\Local\Programs\Python\Python39\lib\asyncio\streams.py", line 190, in _drain_helper
    raise ConnectionResetError('Connection lost')
ConnectionResetError: Connection lost
2025-06-17 09:45:48,910 : WARNING : OPP : Poll took more than 250.0ms for 0
2025-06-17 09:45:48,910 : ERROR : asyncio : Exception in callback Util.raise_exceptions(<Task finishe...ute 'write'")>) at C:\Users\ruben\.local\pipx\venvs\mpf\lib\site-packages\mpf\core\utility_functions.py:759
handle: <Handle Util.raise_exceptions(<Task finishe...ute 'write'")>) at C:\Users\ruben\.local\pipx\venvs\mpf\lib\site-packages\mpf\core\utility_functions.py:759>
Traceback (most recent call last):
  File "C:\Users\ruben\AppData\Local\Programs\Python\Python39\lib\asyncio\events.py", line 80, in _run
    self._context.run(self._callback, *self._args)
  File "C:\Users\ruben\.local\pipx\venvs\mpf\lib\site-packages\mpf\core\utility_functions.py", line 767, in raise_exceptions
    future.result()
  File "C:\Users\ruben\.local\pipx\venvs\mpf\lib\site-packages\mpf\platforms\opp\opp.py", line 964, in _poll_sender
    self.send_to_processor(chain_serial, self.read_input_msg[chain_serial])
  File "C:\Users\ruben\.local\pipx\venvs\mpf\lib\site-packages\mpf\platforms\opp\opp.py", line 345, in send_to_processor
    self.opp_connection[chain_serial].send(msg)
  File "C:\Users\ruben\.local\pipx\venvs\mpf\lib\site-packages\mpf\platforms\base_serial_communicator.py", line 160, in send
    self.writer.write(msg)
AttributeError: 'NoneType' object has no attribute 'write'
2025-06-17 09:45:48,913 : INFO : root : MPF run loop ended.
