2025-06-03 22:01:34,716 : INFO : root : Loading config.
2025-06-03 22:01:34,718 : INFO : YamlMultifileConfigLoader : Machine config file #1: config.yaml
2025-06-03 22:01:34,718 : INFO : ConfigProcessor : Loading config from cache: /var/folders/9g/7xjb17l959g1fnq4pjl5c5p80000gn/T/1941ac2cbc7f60a15b77e866ee64bff5.mpf_cache
2025-06-03 22:01:34,738 : INFO : ConfigProcessor : Loading config from cache: /var/folders/9g/7xjb17l959g1fnq4pjl5c5p80000gn/T/c7af4841f7c2cabb0f971746daddf284.mpf_cache
2025-06-03 22:01:34,738 : INFO : ConfigProcessor : Loading config from cache: /var/folders/9g/7xjb17l959g1fnq4pjl5c5p80000gn/T/edcc5f1d3215b377c9faab88c62e4ce0.mpf_cache
2025-06-03 22:01:34,738 : WARNING : ConfigProcessor : Config file in cache changed: /Users/ruben/Pinball/mpf-pinball/modes/base/config/base.yaml
2025-06-03 22:01:34,738 : INFO : ConfigProcessor : Loading config from file /Users/ruben/Pinball/mpf-pinball/modes/base/config/base.yaml.
2025-06-03 22:01:34,740 : INFO : ConfigProcessor : Loading config: /Users/ruben/Pinball/mpf-pinball/modes/base/config/base.yaml
2025-06-03 22:01:34,740 : INFO : ConfigProcessor : Config file cache created: /var/folders/9g/7xjb17l959g1fnq4pjl5c5p80000gn/T/174d451d321a0971202b746018364536.mpf_cache
2025-06-03 22:01:34,740 : INFO : Machine : Mission Pinball Framework Core Engine v0.57.3
2025-06-03 22:01:34,740 : INFO : Machine : Command line arguments: {'no_load_cache': False, 'create_config_cache': True, 'bcp': True, 'configfile': ['config.yaml'], 'force_assets_load': False, 'platform_integration_test': False, 'jsonlogging': False, 'logfile': 'logs/2025-06-03-22-01-34-mpf-ruben.home.log', 'pause': False, 'production': False, 'text_ui': True, 'loglevel': 15, 'consoleloglevel': 20, 'force_platform': 'smart_virtual', 'syslog_address': None, 'mc_file_name': None, 'no_sound': False}
2025-06-03 22:01:34,740 : INFO : Machine : MPF path: /Library/Frameworks/Python.framework/Versions/3.9/lib/python3.9/site-packages/mpf
2025-06-03 22:01:34,740 : INFO : Machine : Machine path: /Users/ruben/Pinball/mpf-pinball
2025-06-03 22:01:34,740 : INFO : Machine : Platform: darwin
2025-06-03 22:01:34,740 : INFO : Machine : Python executable location: /Library/Frameworks/Python.framework/Versions/3.9/bin/python3.9
2025-06-03 22:01:34,740 : INFO : Machine : Python version: 3.9.13 (64-bit)
2025-06-03 22:01:34,741 : INFO : Machine : Initializing MPF...
2025-06-03 22:01:34,757 : INFO : EventManager : Event: ======'machine_var_credits_string'====== Args={'value': 'FREE PLAY', 'prev_value': None, 'change': True}
2025-06-03 22:01:34,772 : INFO : EventManager : Event: ======'machine_var_master_volume'====== Args={'value': 0.5, 'prev_value': None, 'change': True}
2025-06-03 22:01:34,772 : INFO : EventManager : Event: ======'machine_var_player1_score'====== Args={'value': 0, 'prev_value': None, 'change': True}
2025-06-03 22:01:34,772 : INFO : EventManager : Event: ======'machine_var_mpf_version'====== Args={'value': 'Mission Pinball Framework v0.57.3', 'prev_value': None, 'change': True}
2025-06-03 22:01:34,772 : INFO : EventManager : Event: ======'machine_var_mpf_extended_version'====== Args={'value': 'Mission Pinball Framework v0.57.3, Config version:6, Show version: 6, BCP version:1.1', 'prev_value': None, 'change': True}
2025-06-03 22:01:34,772 : INFO : EventManager : Event: ======'machine_var_python_version'====== Args={'value': '3.9.13', 'prev_value': None, 'change': True}
2025-06-03 22:01:34,779 : INFO : EventManager : Event: ======'machine_var_platform'====== Args={'value': 'macOS-14.6.1-arm64-arm-64bit', 'prev_value': None, 'change': True}
2025-06-03 22:01:34,779 : INFO : EventManager : Event: ======'machine_var_platform_system'====== Args={'value': 'Darwin', 'prev_value': None, 'change': True}
2025-06-03 22:01:34,779 : INFO : EventManager : Event: ======'machine_var_platform_release'====== Args={'value': '23.6.0', 'prev_value': None, 'change': True}
2025-06-03 22:01:34,779 : INFO : EventManager : Event: ======'machine_var_platform_version'====== Args={'value': 'Darwin Kernel Version 23.6.0: Mon Jul 29 21:14:30 PDT 2024; root:xnu-10063.141.2~1/RELEASE_ARM64_T6000', 'prev_value': None, 'change': True}
2025-06-03 22:01:34,779 : INFO : EventManager : Event: ======'machine_var_platform_machine'====== Args={'value': 'arm64', 'prev_value': None, 'change': True}
2025-06-03 22:01:34,779 : INFO : EventManager : Event: ======'init_phase_1'====== Args={}
2025-06-03 22:01:34,787 : INFO : EventManager : Event: ======'init_phase_2'====== Args={}
2025-06-03 22:01:34,788 : INFO : EventManager : Event: ======'bcp_connection_attempt'====== Args={'name': 'local_display', 'host': 'localhost', 'port': 5050}
2025-06-03 22:01:34,789 : INFO : BCPClientSocket : Connecting BCP to 'local_display' at localhost:5050...
2025-06-03 22:01:35,611 : INFO : BCPClientSocket : Connected BCP to 'local_display' localhost:5050
2025-06-03 22:01:35,611 : INFO : EventManager : Event: ======'bcp_clients_connected'====== Args={}
2025-06-03 22:01:35,612 : INFO : ball_device.bd_trough : BCH: Initial count: 0
2025-06-03 22:01:35,613 : INFO : ball_device.bd_trough : State: idle
2025-06-03 22:01:35,616 : INFO : EventManager : Event: ======'init_phase_3'====== Args={}
2025-06-03 22:01:35,617 : INFO : EventManager : Event: ======'init_phase_4'====== Args={}
2025-06-03 22:01:35,617 : INFO : BallController : Initial balls found: 0
2025-06-03 22:01:35,618 : INFO : EventManager : Event: ======'machine_var_audits_events_game_ended'====== Args={'value': 50, 'prev_value': None, 'change': True}
2025-06-03 22:01:35,618 : INFO : EventManager : Event: ======'machine_var_audits_events_game_started'====== Args={'value': 97, 'prev_value': None, 'change': True}
2025-06-03 22:01:35,618 : INFO : EventManager : Event: ======'machine_var_audits_missing_switches_s_left_flipper'====== Args={'value': 7, 'prev_value': None, 'change': True}
2025-06-03 22:01:35,618 : INFO : EventManager : Event: ======'machine_var_audits_missing_switches_s_left_inlane1'====== Args={'value': 7, 'prev_value': None, 'change': True}
2025-06-03 22:01:35,619 : INFO : EventManager : Event: ======'machine_var_audits_missing_switches_s_left_inlane2'====== Args={'value': 7, 'prev_value': None, 'change': True}
2025-06-03 22:01:35,619 : INFO : EventManager : Event: ======'machine_var_audits_missing_switches_s_left_outlane'====== Args={'value': 8, 'prev_value': None, 'change': True}
2025-06-03 22:01:35,619 : INFO : EventManager : Event: ======'machine_var_audits_missing_switches_s_left_slingshot'====== Args={'value': 8, 'prev_value': None, 'change': True}
2025-06-03 22:01:35,619 : INFO : EventManager : Event: ======'machine_var_audits_missing_switches_s_pop1'====== Args={'value': 8, 'prev_value': None, 'change': True}
2025-06-03 22:01:35,619 : INFO : EventManager : Event: ======'machine_var_audits_missing_switches_s_pop2'====== Args={'value': 8, 'prev_value': None, 'change': True}
2025-06-03 22:01:35,619 : INFO : EventManager : Event: ======'machine_var_audits_missing_switches_s_pop3'====== Args={'value': 8, 'prev_value': None, 'change': True}
2025-06-03 22:01:35,619 : INFO : EventManager : Event: ======'machine_var_audits_missing_switches_s_pop4'====== Args={'value': 7, 'prev_value': None, 'change': True}
2025-06-03 22:01:35,619 : INFO : EventManager : Event: ======'machine_var_audits_missing_switches_s_pop5'====== Args={'value': 7, 'prev_value': None, 'change': True}
2025-06-03 22:01:35,619 : INFO : EventManager : Event: ======'machine_var_audits_missing_switches_s_right_flipper'====== Args={'value': 7, 'prev_value': None, 'change': True}
2025-06-03 22:01:35,619 : INFO : EventManager : Event: ======'machine_var_audits_missing_switches_s_right_inlane'====== Args={'value': 8, 'prev_value': None, 'change': True}
2025-06-03 22:01:35,619 : INFO : EventManager : Event: ======'machine_var_audits_missing_switches_s_right_outlane'====== Args={'value': 8, 'prev_value': None, 'change': True}
2025-06-03 22:01:35,619 : INFO : EventManager : Event: ======'machine_var_audits_missing_switches_s_right_slingshot'====== Args={'value': 8, 'prev_value': None, 'change': True}
2025-06-03 22:01:35,619 : INFO : EventManager : Event: ======'machine_var_audits_missing_switches_s_scoop_center'====== Args={'value': 7, 'prev_value': None, 'change': True}
2025-06-03 22:01:35,619 : INFO : EventManager : Event: ======'machine_var_audits_missing_switches_s_scoop_right'====== Args={'value': 8, 'prev_value': None, 'change': True}
2025-06-03 22:01:35,619 : INFO : EventManager : Event: ======'machine_var_audits_missing_switches_s_shooter_lane'====== Args={'value': 1, 'prev_value': None, 'change': True}
2025-06-03 22:01:35,619 : INFO : EventManager : Event: ======'machine_var_audits_missing_switches_s_startButton'====== Args={'value': 8, 'prev_value': None, 'change': True}
2025-06-03 22:01:35,619 : INFO : EventManager : Event: ======'machine_var_audits_missing_switches_s_trough1'====== Args={'value': 8, 'prev_value': None, 'change': True}
2025-06-03 22:01:35,619 : INFO : EventManager : Event: ======'machine_var_audits_missing_switches_s_trough2'====== Args={'value': 8, 'prev_value': None, 'change': True}
2025-06-03 22:01:35,619 : INFO : EventManager : Event: ======'machine_var_audits_missing_switches_s_trough3'====== Args={'value': 8, 'prev_value': None, 'change': True}
2025-06-03 22:01:35,620 : INFO : EventManager : Event: ======'machine_var_audits_missing_switches_s_trough4'====== Args={'value': 8, 'prev_value': None, 'change': True}
2025-06-03 22:01:35,620 : INFO : EventManager : Event: ======'machine_var_audits_missing_switches_s_trough5'====== Args={'value': 7, 'prev_value': None, 'change': True}
2025-06-03 22:01:35,620 : INFO : EventManager : Event: ======'machine_var_audits_player_score'====== Args={'value': {'average': 0.0, 'top': [0, 0, 0, 0, 0, 0, 0, 0, 0, 0], 'total': 50}, 'prev_value': None, 'change': True}
2025-06-03 22:01:35,620 : INFO : EventManager : Event: ======'machine_var_audits_switches_s_drop_bank1'====== Args={'value': 140, 'prev_value': None, 'change': True}
2025-06-03 22:01:35,620 : INFO : EventManager : Event: ======'machine_var_audits_switches_s_left_flipper'====== Args={'value': 2280, 'prev_value': None, 'change': True}
2025-06-03 22:01:35,620 : INFO : EventManager : Event: ======'machine_var_audits_switches_s_left_inlane1'====== Args={'value': 1, 'prev_value': None, 'change': True}
2025-06-03 22:01:35,620 : INFO : EventManager : Event: ======'machine_var_audits_switches_s_left_inlane2'====== Args={'value': 1, 'prev_value': None, 'change': True}
2025-06-03 22:01:35,620 : INFO : EventManager : Event: ======'machine_var_audits_switches_s_left_outlane'====== Args={'value': 0, 'prev_value': None, 'change': True}
2025-06-03 22:01:35,620 : INFO : EventManager : Event: ======'machine_var_audits_switches_s_left_slingshot'====== Args={'value': 290, 'prev_value': None, 'change': True}
2025-06-03 22:01:35,620 : INFO : EventManager : Event: ======'machine_var_audits_switches_s_plunger'====== Args={'value': 5, 'prev_value': None, 'change': True}
2025-06-03 22:01:35,620 : INFO : EventManager : Event: ======'machine_var_audits_switches_s_pop1'====== Args={'value': 0, 'prev_value': None, 'change': True}
2025-06-03 22:01:35,621 : INFO : EventManager : Event: ======'machine_var_audits_switches_s_pop2'====== Args={'value': 0, 'prev_value': None, 'change': True}
2025-06-03 22:01:35,621 : INFO : EventManager : Event: ======'machine_var_audits_switches_s_pop3'====== Args={'value': 0, 'prev_value': None, 'change': True}
2025-06-03 22:01:35,621 : INFO : EventManager : Event: ======'machine_var_audits_switches_s_pop4'====== Args={'value': 1, 'prev_value': None, 'change': True}
2025-06-03 22:01:35,621 : INFO : EventManager : Event: ======'machine_var_audits_switches_s_pop5'====== Args={'value': 1, 'prev_value': None, 'change': True}
2025-06-03 22:01:35,621 : INFO : EventManager : Event: ======'machine_var_audits_switches_s_pop_bot'====== Args={'value': 426, 'prev_value': None, 'change': True}
2025-06-03 22:01:35,621 : INFO : EventManager : Event: ======'machine_var_audits_switches_s_pop_mid'====== Args={'value': 351, 'prev_value': None, 'change': True}
2025-06-03 22:01:35,621 : INFO : EventManager : Event: ======'machine_var_audits_switches_s_pop_top'====== Args={'value': 302, 'prev_value': None, 'change': True}
2025-06-03 22:01:35,621 : INFO : EventManager : Event: ======'machine_var_audits_switches_s_right_flipper'====== Args={'value': 2329, 'prev_value': None, 'change': True}
2025-06-03 22:01:35,621 : INFO : EventManager : Event: ======'machine_var_audits_switches_s_right_inlane'====== Args={'value': 57, 'prev_value': None, 'change': True}
2025-06-03 22:01:35,621 : INFO : EventManager : Event: ======'machine_var_audits_switches_s_right_outlane'====== Args={'value': 0, 'prev_value': None, 'change': True}
2025-06-03 22:01:35,621 : INFO : EventManager : Event: ======'machine_var_audits_switches_s_right_slingshot'====== Args={'value': 255, 'prev_value': None, 'change': True}
2025-06-03 22:01:35,621 : INFO : EventManager : Event: ======'machine_var_audits_switches_s_scoop_center'====== Args={'value': 1, 'prev_value': None, 'change': True}
2025-06-03 22:01:35,622 : INFO : EventManager : Event: ======'machine_var_audits_switches_s_scoop_lower'====== Args={'value': 220, 'prev_value': None, 'change': True}
2025-06-03 22:01:35,622 : INFO : EventManager : Event: ======'machine_var_audits_switches_s_scoop_right'====== Args={'value': 0, 'prev_value': None, 'change': True}
2025-06-03 22:01:35,622 : INFO : EventManager : Event: ======'machine_var_audits_switches_s_shooter_lane'====== Args={'value': 4, 'prev_value': None, 'change': True}
2025-06-03 22:01:35,622 : INFO : EventManager : Event: ======'machine_var_audits_switches_s_startButton'====== Args={'value': 34, 'prev_value': None, 'change': True}
2025-06-03 22:01:35,622 : INFO : EventManager : Event: ======'machine_var_audits_switches_s_trough1'====== Args={'value': 303, 'prev_value': None, 'change': True}
2025-06-03 22:01:35,622 : INFO : EventManager : Event: ======'machine_var_audits_switches_s_trough2'====== Args={'value': 1, 'prev_value': None, 'change': True}
2025-06-03 22:01:35,622 : INFO : EventManager : Event: ======'machine_var_audits_switches_s_trough3'====== Args={'value': 1, 'prev_value': None, 'change': True}
2025-06-03 22:01:35,622 : INFO : EventManager : Event: ======'machine_var_audits_switches_s_trough4'====== Args={'value': 1, 'prev_value': None, 'change': True}
2025-06-03 22:01:35,622 : INFO : EventManager : Event: ======'machine_var_audits_switches_s_trough5'====== Args={'value': 1, 'prev_value': None, 'change': True}
2025-06-03 22:01:35,623 : INFO : EventManager : Event: ======'init_phase_5'====== Args={}
2025-06-03 22:01:35,628 : INFO : EventManager : Event: ======'init_done'====== Args={}
2025-06-03 22:01:35,629 : INFO : EventManager : Event: ======'machine_reset_phase_1'====== Args={}
2025-06-03 22:01:35,643 : INFO : EventManager : Event: ======'machine_var_mc_version'====== Args={'value': 'MPF-MC v0.57.1', 'prev_value': None, 'change': True}
2025-06-03 22:01:35,644 : INFO : EventManager : Event: ======'machine_var_mc_extended_version'====== Args={'value': 'MPF-MC v0.57.1 (config_version=6, BCP v1.1,                      Requires MPF API compatibility v0.57.0 or newer)', 'prev_value': None, 'change': True}
2025-06-03 22:01:35,647 : INFO : EventManager : Event: ======'slide_welcome_slide_removed'====== Args={'_from_bcp': True}
2025-06-03 22:01:35,647 : INFO : EventManager : Event: ======'slide_welcome_slide_created'====== Args={'_from_bcp': True}
2025-06-03 22:01:35,647 : INFO : EventManager : Event: ======'slide_welcome_slide_active'====== Args={'_from_bcp': True}
2025-06-03 22:01:35,647 : INFO : EventManager : Event: ======'machine_reset_phase_2'====== Args={}
2025-06-03 22:01:35,648 : INFO : EventManager : Event: ======'machine_reset_phase_3'====== Args={}
2025-06-03 22:01:35,648 : INFO : EventManager : Event: ======'reset_complete'====== Args={}
2025-06-03 22:01:35,648 : INFO : EventManager : Event: ======'mode_attract_will_start'====== Args={}
2025-06-03 22:01:35,648 : INFO : EventManager : Event: ======'mode_attract_starting'====== Args={}
2025-06-03 22:01:35,648 : INFO : Mode.attract : Started. Priority: 10
2025-06-03 22:01:35,648 : INFO : EventManager : Event: ======'modes_active_modes_changed'====== Args={}
2025-06-03 22:01:35,648 : INFO : EventManager : Event: ======'mode_attract_started'====== Args={}
2025-06-03 22:01:35,648 : INFO : EventManager : Event: ======'collecting_balls_complete'====== Args={}
2025-06-03 22:01:35,649 : INFO : Machine : Starting the main run loop with active modes: [<Mode.attract>]
2025-06-03 22:01:35,674 : INFO : EventManager : Event: ======'slide_attract_started_created'====== Args={'_from_bcp': True}
2025-06-03 22:01:35,675 : INFO : EventManager : Event: ======'slide_attract_started_active'====== Args={'_from_bcp': True}
2025-06-03 22:01:36,173 : INFO : BcpServer : New client connected.
2025-06-03 22:01:43,496 : INFO : SwitchController : <<<<<<< 's_trough1' active >>>>>>>
2025-06-03 22:01:43,997 : INFO : EventManager : Event: ======'balldevice_bd_trough_ball_count_changed'====== Args={'balls': 1}
2025-06-03 22:01:43,998 : INFO : ball_device.bd_trough : Received unexpected ball
2025-06-03 22:01:43,998 : INFO : EventManager : Event: ======'balldevice_captured_from_playfield'====== Args={'balls': 1}
2025-06-03 22:01:43,999 : INFO : EventManager : Event: ======'sw_playfield_active'====== Args={'balls': 1}
2025-06-03 22:01:43,999 : INFO : EventManager : Event: ======'playfield_active'====== Args={'source': None}
2025-06-03 22:01:43,999 : INFO : EventManager : Event: ======'unexpected_ball_on_playfield'====== Args={}
2025-06-03 22:01:43,999 : INFO : EventManager : Event: ======'playfield_ball_count_change'====== Args={'balls': -1, 'change': -1}
2025-06-03 22:01:44,000 : INFO : EventManager : Event: ======'balldevice_playfield_ball_enter'====== Args={'new_balls': 1, 'unclaimed_balls': 1, 'device': <playfield.playfield>}
2025-06-03 22:01:44,000 : INFO : EventManager : Event: ======'playfield_ball_count_change'====== Args={'balls': 0, 'change': 1}
2025-06-03 22:01:44,001 : INFO : BallController : Found a new ball which was captured from playfield. Known balls: 1
2025-06-03 22:01:44,001 : INFO : EventManager : Event: ======'found_new_ball'====== Args={}
2025-06-03 22:01:44,001 : INFO : EventManager : Event: ======'balldevice_bd_trough_ball_enter'====== Args={'new_balls': 1, 'unclaimed_balls': 1, 'new_available_balls': 1, 'device': <ball_device.bd_trough>}
2025-06-03 22:01:44,001 : INFO : EventManager : Event: ======'ball_drain'====== Args={'device': <ball_device.bd_trough>, 'balls': 1}
2025-06-03 22:01:44,002 : INFO : EventManager : Event: ======'balldevice_balls_available'====== Args={}
2025-06-03 22:01:44,002 : INFO : EventManager : Event: ======'balldevice_bd_trough_ball_entered'====== Args={'new_balls': 1, 'device': <ball_device.bd_trough>}
2025-06-03 22:01:44,391 : INFO : SwitchController : <<<<<<< 's_startButton' active >>>>>>>
2025-06-03 22:01:44,469 : INFO : SwitchController : <<<<<<< 's_startButton' inactive >>>>>>>
2025-06-03 22:01:44,470 : INFO : EventManager : Event: ======'request_to_start_game'====== Args={}
2025-06-03 22:01:44,471 : INFO : EventManager : Event: ======'game_start'====== Args={'buttons': [], 'hold_time': 0.07889404200000172}
2025-06-03 22:01:44,471 : INFO : EventManager : Event: ======'mode_game_will_start'====== Args={'buttons': [], 'hold_time': 0.07889404200000172}
2025-06-03 22:01:44,472 : INFO : EventManager : Event: ======'mode_game_starting'====== Args={'buttons': [], 'hold_time': 0.07889404200000172}
2025-06-03 22:01:44,472 : INFO : EventManager : Event: ======'mode_attract_will_stop'====== Args={}
2025-06-03 22:01:44,472 : INFO : EventManager : Event: ======'mode_attract_stopping'====== Args={}
2025-06-03 22:01:44,472 : INFO : Mode.attract : Stopped.
2025-06-03 22:01:44,472 : INFO : EventManager : Event: ======'modes_active_modes_changed'====== Args={}
2025-06-03 22:01:44,472 : INFO : EventManager : Event: ======'mode_attract_stopped'====== Args={}
2025-06-03 22:01:44,472 : INFO : EventManager : Event: ======'clear'====== Args={'key': 'attract'}
2025-06-03 22:01:44,473 : INFO : Mode.game : Started. Priority: 20
2025-06-03 22:01:44,473 : INFO : EventManager : Event: ======'modes_active_modes_changed'====== Args={}
2025-06-03 22:01:44,473 : INFO : EventManager : Event: ======'mode_game_started'====== Args={'buttons': [], 'hold_time': 0.07889404200000172}
2025-06-03 22:01:44,473 : INFO : EventManager : Event: ======'game_will_start'====== Args={}
2025-06-03 22:01:44,474 : INFO : EventManager : Event: ======'game_starting'====== Args={'game': <Mode.game>}
2025-06-03 22:01:44,474 : INFO : EventManager : Unordered handler for class <Auditor> on event game_ended with priority 1. Handlers: [RegisteredHandler(callback=<bound method Auditor.disable of <Auditor>>, priority=1, kwargs={}, key=UUID('6b75b61a-1c45-42b1-90d6-a4d0f5808498'), condition=None, blocking_facility=None), RegisteredHandler(callback=<bound method Auditor._save_audits of <Auditor>>, priority=1, kwargs={}, key=UUID('4aac152b-6e01-4a94-abad-d8651a66f11a'), condition=None, blocking_facility=None)]. The order of those handlers is not defined and they will be executed in random order. This might lead to race conditions and potential bugs.
2025-06-03 22:01:44,475 : INFO : EventManager : Event: ======'player_add_request'====== Args={}
2025-06-03 22:01:44,475 : INFO : EventManager : Event: ======'player_will_add'====== Args={'number': 1}
2025-06-03 22:01:44,475 : INFO : EventManager : Event: ======'player_adding'====== Args={'player': <Player 1>, 'number': 1}
2025-06-03 22:01:44,475 : INFO : EventManager : Event: ======'player_added'====== Args={'player': <Player 1>, 'num': 1}
2025-06-03 22:01:44,475 : INFO : Mode.game : Player added successfully. Total players: 1
2025-06-03 22:01:44,475 : INFO : EventManager : Event: ======'player_index'====== Args={'value': 0, 'prev_value': 0, 'change': 0, 'player_num': 1}
2025-06-03 22:01:44,476 : INFO : EventManager : Event: ======'player_number'====== Args={'value': 1, 'prev_value': 1, 'change': 0, 'player_num': 1}
2025-06-03 22:01:44,476 : INFO : EventManager : Event: ======'player_score'====== Args={'value': 0, 'prev_value': 0, 'change': 0, 'player_num': 1}
2025-06-03 22:01:44,476 : INFO : EventManager : Event: ======'game_started'====== Args={}
2025-06-03 22:01:44,476 : INFO : EventManager : Event: ======'player_turn_will_start'====== Args={'player': <Player 1>, 'number': 1}
2025-06-03 22:01:44,477 : INFO : EventManager : Event: ======'player_turn_starting'====== Args={'player': <Player 1>, 'number': 1}
2025-06-03 22:01:44,479 : INFO : EventManager : Event: ======'player_ball'====== Args={'value': 1, 'prev_value': 0, 'change': 1, 'player_num': 1}
2025-06-03 22:01:44,479 : INFO : EventManager : Event: ======'player_turn_started'====== Args={'player': <Player 1>, 'number': 1}
2025-06-03 22:01:44,479 : INFO : EventManager : Event: ======'ball_will_start'====== Args={'player': 1, 'ball': 1, 'balls_remaining': 2, 'is_extra_ball': False}
2025-06-03 22:01:44,479 : INFO : EventManager : Event: ======'ball_starting'====== Args={'player': 1, 'ball': 1, 'balls_remaining': 2, 'is_extra_ball': False}
2025-06-03 22:01:44,480 : INFO : EventManager : Event: ======'mode_base_will_start'====== Args={'queue': <QueuedEvent>, 'player': 1, 'ball': 1, 'balls_remaining': 2, 'is_extra_ball': False}
2025-06-03 22:01:44,480 : INFO : EventManager : Event: ======'mode_base_starting'====== Args={'queue': <QueuedEvent>, 'player': 1, 'ball': 1, 'balls_remaining': 2, 'is_extra_ball': False}
2025-06-03 22:01:44,480 : INFO : Mode.base : Started. Priority: 100
2025-06-03 22:01:44,480 : INFO : EventManager : Event: ======'modes_active_modes_changed'====== Args={}
2025-06-03 22:01:44,480 : INFO : EventManager : Event: ======'mode_base_started'====== Args={'queue': <QueuedEvent>, 'player': 1, 'ball': 1, 'balls_remaining': 2, 'is_extra_ball': False}
2025-06-03 22:01:44,481 : INFO : EventManager : Event: ======'balls_in_play'====== Args={'balls': 1}
2025-06-03 22:01:44,481 : INFO : EventManager : Event: ======'ball_started'====== Args={'player': 1, 'ball': 1, 'balls_remaining': 2, 'is_extra_ball': False}
2025-06-03 22:01:44,487 : INFO : EventManager : Event: ======'single_player_ball_started'====== Args={}
2025-06-03 22:01:44,488 : INFO : EventManager : Event: ======'ball_start_target'====== Args={'target': 'playfield'}
2025-06-03 22:01:44,488 : INFO : ball_device.bd_trough : Setting up player-controlled eject. Balls: 1, Target: <playfield.playfield>, player_controlled_eject_event: None
2025-06-03 22:01:44,488 : INFO : ball_device.bd_trough : Adding 1 ball(s) to the eject_queue with target <playfield.playfield>.
2025-06-03 22:01:44,488 : INFO : EventManager : Event: ======'balldevice_balls_available'====== Args={}
2025-06-03 22:01:44,488 : INFO : ball_device.bd_trough : State: waiting_for_target_ready
2025-06-03 22:01:44,488 : INFO : EventManager : Event: ======'balldevice_bd_trough_ball_eject_attempt'====== Args={'balls': 1, 'target': <playfield.playfield>, 'source': <ball_device.bd_trough>, 'mechanical_eject': False, 'num_attempts': 0}
2025-06-03 22:01:44,489 : INFO : ball_device.bd_trough : State: ejecting
2025-06-03 22:01:44,489 : INFO : ball_device.bd_trough : Ejecting ball to <playfield.playfield>
2025-06-03 22:01:44,489 : INFO : EventManager : Event: ======'balldevice_bd_trough_ejecting_ball'====== Args={'balls': 1, 'target': <playfield.playfield>, 'source': <ball_device.bd_trough>, 'mechanical_eject': False, 'num_attempts': 0}
2025-06-03 22:01:44,489 : INFO : ball_device.bd_trough : Wait for ball to leave device
2025-06-03 22:01:44,489 : INFO : coil.c_trough_eject : Pulsing Driver for 35ms (1.0 pulse_power)
2025-06-03 22:01:44,489 : INFO : SwitchController : <<<<<<< 's_trough1' inactive >>>>>>>
2025-06-03 22:01:44,490 : INFO : ball_device.bd_trough : State: ball_left
2025-06-03 22:01:44,490 : INFO : ball_device.bd_trough : Ball left
2025-06-03 22:01:44,490 : INFO : ball_device.bd_trough : Wait for confirm with timeout 10.0
2025-06-03 22:01:44,491 : INFO : EventManager : Event: ======'slide_base.slide_player-mode_base_started_created'====== Args={'_from_bcp': True}
2025-06-03 22:01:44,494 : INFO : EventManager : Event: ======'slide__global.slide_player-ball_started_created'====== Args={'_from_bcp': True}
2025-06-03 22:01:44,494 : INFO : EventManager : Event: ======'slide_base.slide_player-mode_base_started_active'====== Args={'_from_bcp': True}
2025-06-03 22:01:47,054 : INFO : SwitchController : <<<<<<< 's_shooter_lane' active >>>>>>>
2025-06-03 22:01:47,054 : INFO : EventManager : Event: ======'sw_playfield_active'====== Args={}
2025-06-03 22:01:47,055 : INFO : EventManager : Event: ======'machine_var_audits_switches_s_shooter_lane'====== Args={'value': 5, 'prev_value': 4, 'change': 1}
2025-06-03 22:01:47,056 : INFO : EventManager : Event: ======'playfield_active'====== Args={'source': None}
2025-06-03 22:01:47,061 : INFO : ball_device.bd_trough : Got eject confirm
2025-06-03 22:01:47,061 : INFO : ball_device.bd_trough : Eject successful
2025-06-03 22:01:47,061 : INFO : EventManager : Event: ======'balldevice_bd_trough_ball_eject_success'====== Args={'balls': 1, 'target': <playfield.playfield>}
2025-06-03 22:01:47,061 : INFO : EventManager : Event: ======'balldevice_playfield_ball_enter'====== Args={'new_balls': 1, 'unclaimed_balls': 1, 'device': <playfield.playfield>}
2025-06-03 22:01:47,062 : INFO : EventManager : Event: ======'playfield_ball_count_change'====== Args={'balls': 1, 'change': 1}
2025-06-03 22:01:47,062 : INFO : EventManager : Event: ======'balldevice_bd_trough_ball_count_changed'====== Args={'balls': 0}
2025-06-03 22:01:47,062 : INFO : ball_device.bd_trough : State: idle
2025-06-03 22:01:47,162 : INFO : SwitchController : <<<<<<< 's_shooter_lane' inactive >>>>>>>
2025-06-03 22:01:47,749 : INFO : SwitchController : <<<<<<< 's_shooter_lane' active >>>>>>>
2025-06-03 22:01:47,750 : INFO : EventManager : Event: ======'sw_playfield_active'====== Args={}
2025-06-03 22:01:47,750 : INFO : EventManager : Event: ======'machine_var_audits_switches_s_shooter_lane'====== Args={'value': 6, 'prev_value': 5, 'change': 1}
2025-06-03 22:01:47,816 : INFO : SwitchController : <<<<<<< 's_shooter_lane' inactive >>>>>>>
2025-06-03 22:01:47,910 : INFO : SwitchController : <<<<<<< 's_shooter_lane' active >>>>>>>
2025-06-03 22:01:47,911 : INFO : EventManager : Event: ======'sw_playfield_active'====== Args={}
2025-06-03 22:01:47,911 : INFO : EventManager : Event: ======'machine_var_audits_switches_s_shooter_lane'====== Args={'value': 7, 'prev_value': 6, 'change': 1}
2025-06-03 22:01:47,997 : INFO : SwitchController : <<<<<<< 's_shooter_lane' inactive >>>>>>>
2025-06-03 22:01:48,086 : INFO : SwitchController : <<<<<<< 's_shooter_lane' active >>>>>>>
2025-06-03 22:01:48,086 : INFO : EventManager : Event: ======'sw_playfield_active'====== Args={}
2025-06-03 22:01:48,086 : INFO : EventManager : Event: ======'machine_var_audits_switches_s_shooter_lane'====== Args={'value': 8, 'prev_value': 7, 'change': 1}
2025-06-03 22:01:48,183 : INFO : SwitchController : <<<<<<< 's_shooter_lane' inactive >>>>>>>
2025-06-03 22:01:49,710 : INFO : SwitchController : <<<<<<< 's_right_flipper' active >>>>>>>
2025-06-03 22:01:49,711 : INFO : EventManager : Event: ======'machine_var_audits_switches_s_right_flipper'====== Args={'value': 2330, 'prev_value': 2329, 'change': 1}
2025-06-03 22:01:49,796 : INFO : SwitchController : <<<<<<< 's_right_flipper' inactive >>>>>>>
2025-06-03 22:01:49,900 : INFO : SwitchController : <<<<<<< 's_right_flipper' active >>>>>>>
2025-06-03 22:01:49,900 : INFO : EventManager : Event: ======'machine_var_audits_switches_s_right_flipper'====== Args={'value': 2331, 'prev_value': 2330, 'change': 1}
2025-06-03 22:01:49,970 : INFO : SwitchController : <<<<<<< 's_right_flipper' inactive >>>>>>>
2025-06-03 22:01:50,043 : INFO : SwitchController : <<<<<<< 's_right_flipper' active >>>>>>>
2025-06-03 22:01:50,044 : INFO : EventManager : Event: ======'machine_var_audits_switches_s_right_flipper'====== Args={'value': 2332, 'prev_value': 2331, 'change': 1}
2025-06-03 22:01:50,124 : INFO : SwitchController : <<<<<<< 's_right_flipper' inactive >>>>>>>
2025-06-03 22:02:01,786 : INFO : Machine : Shutting down...
2025-06-03 22:02:01,786 : INFO : EventManager : Event: ======'shutdown'====== Args={}
2025-06-03 22:02:01,788 : INFO : EventManager : Event: ======'mode_game_will_stop'====== Args={}
2025-06-03 22:02:01,788 : INFO : EventManager : Event: ======'mode_game_stopping'====== Args={}
2025-06-03 22:02:01,789 : INFO : EventManager : Event: ======'mode_base_will_stop'====== Args={}
2025-06-03 22:02:01,789 : INFO : EventManager : Event: ======'mode_base_stopping'====== Args={}
2025-06-03 22:02:01,789 : INFO : Mode.base : Stopped.
2025-06-03 22:02:01,789 : INFO : EventManager : Event: ======'modes_active_modes_changed'====== Args={}
2025-06-03 22:02:01,790 : INFO : EventManager : Event: ======'mode_base_stopped'====== Args={}
2025-06-03 22:02:01,790 : INFO : EventManager : Event: ======'clear'====== Args={'key': 'base'}
2025-06-03 22:02:01,790 : INFO : Mode.game : Stopped.
2025-06-03 22:02:01,790 : INFO : EventManager : Event: ======'modes_active_modes_changed'====== Args={}
2025-06-03 22:02:01,790 : INFO : EventManager : Event: ======'mode_game_stopped'====== Args={}
2025-06-03 22:02:01,790 : INFO : EventManager : Event: ======'clear'====== Args={'key': 'game'}
2025-06-03 22:02:01,795 : INFO : root : MPF run loop ended.
