2025-06-29 07:19:07,478 : kivy : deps: Successfully imported "kivy_deps.gstreamer" 0.3.3
2025-06-29 07:19:07,478 : kivy : deps: Successfully imported "kivy_deps.angle" 0.3.3
2025-06-29 07:19:07,478 : kivy : deps: Successfully imported "kivy_deps.glew" 0.3.1
2025-06-29 07:19:07,478 : kivy : deps: Successfully imported "kivy_deps.sdl2" 0.6.0
2025-06-29 07:19:07,478 : kivy : Kivy: v2.2.1
2025-06-29 07:19:07,478 : kivy : Kivy: Installed at "C:\Users\ruben\AppData\Local\Programs\Python\Python39\lib\site-packages\kivy\__init__.py"
2025-06-29 07:19:07,478 : kivy : Python: v3.9.13 (tags/v3.9.13:6de2ca5, May 17 2022, 16:36:42) [MSC v.1929 64 bit (AMD64)]
2025-06-29 07:19:07,478 : kivy : Python: Interpreter at "C:\Users\ruben\AppData\Local\Programs\Python\Python39\python.exe"
2025-06-29 07:19:07,561 : kivy : Factory: 190 symbols loaded
2025-06-29 07:19:07,893 : kivy : ImageLoaderFFPy: Using ffpyplayer 4.5.1
2025-06-29 07:19:07,893 : kivy : Image: Providers: img_tex, img_dds, img_sdl2, img_pil, img_ffpyplayer 
2025-06-29 07:19:08,196 : kivy : VideoGstplayer: Using Gstreamer 1.18.5.0
2025-06-29 07:19:08,196 : kivy : Video: Provider: gstplayer
2025-06-29 07:19:08,272 : root : Loading MPF-MC controller
2025-06-29 07:19:08,295 : YamlMultifileConfigLoader : Machine config file #1: config
2025-06-29 07:19:08,296 : ConfigProcessor : Config file in cache changed: C:\pinball\my_machine\config\config
2025-06-29 07:19:08,296 : ConfigProcessor : Loading config from file C:\Users\ruben\AppData\Local\Programs\Python\Python39\lib\site-packages\mpfmc\mcconfig.yaml.
2025-06-29 07:19:08,317 : ConfigProcessor : Loading config: C:\Users\ruben\AppData\Local\Programs\Python\Python39\lib\site-packages\mpfmc\mcconfig.yaml
2025-06-29 07:19:08,318 : ConfigProcessor : Loading config from file C:\pinball\my_machine\config\config.
2025-06-29 07:19:08,320 : ConfigProcessor : Loading config: C:\pinball\my_machine\config\config
2025-06-29 07:19:08,322 : ConfigProcessor : Loading config: C:\pinball\my_machine\config\hardware.yaml
2025-06-29 07:19:08,325 : ConfigProcessor : Loading config: C:\pinball\my_machine\config\switches.yaml
2025-06-29 07:19:08,329 : ConfigProcessor : Loading config: C:\pinball\my_machine\config\coils.yaml
2025-06-29 07:19:08,338 : ConfigProcessor : Loading config: C:\pinball\my_machine\config\lights.yaml
2025-06-29 07:19:08,342 : ConfigProcessor : Loading config: C:\pinball\my_machine\config\devices.yaml
2025-06-29 07:19:08,345 : ConfigProcessor : Loading config: C:\pinball\my_machine\config\images.yaml
2025-06-29 07:19:08,349 : ConfigProcessor : Loading config: C:\pinball\my_machine\config\displays.yaml
2025-06-29 07:19:08,353 : ConfigProcessor : Loading config: C:\pinball\my_machine\config\slides.yaml
2025-06-29 07:19:08,356 : ConfigProcessor : Config file cache created: C:\Users\ruben\AppData\Local\Temp\abbaf7ebf6530f7229115378792f7a93.mpf_cache
2025-06-29 07:19:08,357 : ConfigProcessor : Loading config from cache: C:\Users\ruben\AppData\Local\Temp\de22d214a8e6fb7753c0be2dfb8deb7c.mpf_cache
2025-06-29 07:19:08,359 : ConfigProcessor : Loading config from cache: C:\Users\ruben\AppData\Local\Temp\76bc62f652ae2965f03127125af6e953.mpf_cache
2025-06-29 07:19:08,360 : ConfigProcessor : Loading config from cache: C:\Users\ruben\AppData\Local\Temp\195f66f1d07408d279921a878741edf5.mpf_cache
2025-06-29 07:19:08,362 : ConfigProcessor : Loading config from cache: C:\Users\ruben\AppData\Local\Temp\de22d214a8e6fb7753c0be2dfb8deb7c.mpf_cache
2025-06-29 07:19:08,362 : mpfmc : Mission Pinball Framework Media Controller (MPF-MC) v0.57.1. Requires MPF v0.57.0 or newer.
2025-06-29 07:19:08,363 : mpfmc : Found MPF v0.57.3
2025-06-29 07:19:08,363 : mpfmc : Machine path: C:\pinball\my_machine
2025-06-29 07:19:08,363 : mpfmc : Starting clock at 60.0Hz
2025-06-29 07:19:08,397 : kivy : Text: Provider: sdl2
2025-06-29 07:19:08,512 : kivy : Window: Provider: sdl2
2025-06-29 07:19:10,125 : kivy : GL: Using the "OpenGL" graphics system
2025-06-29 07:19:10,137 : kivy : GL: GLEW initialization succeeded
2025-06-29 07:19:10,138 : kivy : GL: Backend used <glew>
2025-06-29 07:19:10,138 : kivy : GL: OpenGL version <b'4.5.0 NVIDIA 376.54'>
2025-06-29 07:19:10,139 : kivy : GL: OpenGL vendor <b'NVIDIA Corporation'>
2025-06-29 07:19:10,139 : kivy : GL: OpenGL renderer <b'GeForce GT 630M/PCIe/SSE2'>
2025-06-29 07:19:10,139 : kivy : GL: OpenGL parsed version: 4, 5
2025-06-29 07:19:10,139 : kivy : GL: Shading version <b'4.50 NVIDIA'>
2025-06-29 07:19:10,139 : kivy : GL: Texture max size <16384>
2025-06-29 07:19:10,140 : kivy : GL: Texture max units <32>
2025-06-29 07:19:10,182 : kivy : Window: auto add sdl2 input provider
2025-06-29 07:19:10,183 : kivy : Window: virtual keyboard not allowed, single mode, not docked
2025-06-29 07:19:10,212 : SoundSystem : SoundSystem: Using default 'sound_system' settings
2025-06-29 07:19:11,383 : AudioInterface : Initialized
2025-06-29 07:19:11,383 : AudioInterface : Loaded SDL 2.26.4
2025-06-29 07:19:11,383 : AudioInterface : Loaded SDL_Mixer 2.6.3
2025-06-29 07:19:11,384 : AudioInterface : Loaded GStreamer 1.18.5.0
2025-06-29 07:19:11,384 : AudioInterface : Loaded GLib 2.62.6
2025-06-29 07:19:11,384 : AudioInterface : Settings requested - rate: 44100, channels: 1, buffer: 2048 samples
2025-06-29 07:19:11,384 : AudioInterface : Settings in use - rate: 44100, channels: 1, buffer: 2048 samples (4096 bytes @ 2 bytes per sample)
2025-06-29 07:19:11,384 : SoundSystem : No audio tracks are specified in your machine config file. a track named 'default' has been created.
2025-06-29 07:19:11,385 : SoundSystem : Setting master volume to 0.0
2025-06-29 07:19:11,385 : AudioInterface : Enabling audio playback
2025-06-29 07:19:11,391 : kivy : Base: Start application main loop
2025-06-29 07:19:11,391 : EventManager : Event: ======'display_window_initialized'====== Args={}
2025-06-29 07:19:11,413 : mpfmc : Display: Setting 'window' as default display
2025-06-29 07:19:11,427 : EventManager : Event: ======'displays_initialized'====== Args={}
2025-06-29 07:19:11,430 : EventManager : Event: ======'slide_window_blank_created'====== Args={}
2025-06-29 07:19:11,430 : EventManager : Event: ======'display_window_ready'====== Args={}
2025-06-29 07:19:11,474 : EventManager : Event: ======'init_phase_1'====== Args={}
2025-06-29 07:19:11,485 : EventManager : Event: ======'mc_ready'====== Args={}
2025-06-29 07:19:11,485 : EventManager : Event: ======'init_phase_2'====== Args={}
2025-06-29 07:19:11,492 : EventManager : Event: ======'init_phase_3'====== Args={}
2025-06-29 07:19:11,496 : EventManager : Event: ======'init_phase_4'====== Args={}
2025-06-29 07:19:11,496 : EventManager : Event: ======'init_phase_5'====== Args={}
2025-06-29 07:19:11,672 : EventManager : Event: ======'loading_assets'====== Args={'total': 1, 'loaded': 1, 'remaining': 0, 'percent': 100}
2025-06-29 07:19:11,672 : AssetManager : Asset loading took: 0.28601932525634766
2025-06-29 07:19:11,672 : EventManager : Event: ======'asset_loading_complete'====== Args={}
2025-06-29 07:19:11,673 : AssetManager : Loading assets: 1/1 (100%)
2025-06-29 07:19:11,673 : EventManager : Event: ======'init_done'====== Args={}
2025-06-29 07:19:11,673 : MPF-MC BCP Server : Starting up on localhost port 5050
2025-06-29 07:19:11,679 : MPF-MC BCP Server : Waiting for a connection...
2025-06-29 07:19:11,681 : EventManager : Event: ======'client_disconnected'====== Args={'host': '127.0.0.1', 'port': 5050}
2025-06-29 07:19:13,346 : kivy : Base: Leaving application in progress...
2025-06-29 07:19:13,346 : mpfmc : Stopping...
2025-06-29 07:19:13,346 : EventManager : Event: ======'shutdown'====== Args={}
2025-06-29 07:19:13,347 : AudioInterface : Disabling audio playback
2025-06-29 07:19:13,499 : mpfmc : Loop rate 61.17 Hz
2025-06-29 07:19:13,500 : root : MC run loop ended.
2025-06-29 07:19:13,500 : root : Stopping child threads... (2 remaining)
2025-06-29 07:19:13,679 : MPF-MC BCP Server : Stopping BCP sending thread
2025-06-29 07:19:13,680 : MPF-MC BCP Server : Stopping BCP listener thread
2025-06-29 07:19:13,701 : root : All child threads stopped.
