2025-06-28 18:07:50,002 : kivy : Kivy: v2.2.1
2025-06-28 18:07:50,002 : kivy : Kivy: Installed at "/Library/Frameworks/Python.framework/Versions/3.9/lib/python3.9/site-packages/kivy/__init__.py"
2025-06-28 18:07:50,003 : kivy : Python: v3.9.13 (v3.9.13:6de2ca5339, May 17 2022, 11:37:23) 
[Clang 13.0.0 (clang-1300.0.29.30)]
2025-06-28 18:07:50,003 : kivy : Python: Interpreter at "/Library/Frameworks/Python.framework/Versions/3.9/bin/python3.9"
2025-06-28 18:07:50,185 : kivy : Factory: 190 symbols loaded
2025-06-28 18:07:51,617 : kivy : ImageLoaderFFPy: Using ffpyplayer 4.5.1
2025-06-28 18:07:51,617 : kivy : Image: Providers: img_tex, img_imageio, img_dds, img_sdl2, img_pil, img_ffpyplayer 
2025-06-28 18:07:52,550 : kivy : VideoFFPy: Using ffpyplayer 4.5.1
2025-06-28 18:07:52,550 : kivy : Video: Provider: ffpyplayer(['video_ffmpeg'] ignored)
2025-06-28 18:07:53,080 : root : Loading MPF-MC controller
2025-06-28 18:07:53,090 : YamlMultifileConfigLoader : Machine config file #1: config
2025-06-28 18:07:53,090 : ConfigProcessor : Loading config from file /Library/Frameworks/Python.framework/Versions/3.9/lib/python3.9/site-packages/mpfmc/mcconfig.yaml.
2025-06-28 18:07:53,095 : ConfigProcessor : Loading config: /Library/Frameworks/Python.framework/Versions/3.9/lib/python3.9/site-packages/mpfmc/mcconfig.yaml
2025-06-28 18:07:53,096 : ConfigProcessor : Loading config from file /Users/ruben/Pinball/mpf-pinball/config/config.
2025-06-28 18:07:53,096 : ConfigProcessor : Loading config: /Users/ruben/Pinball/mpf-pinball/config/config
2025-06-28 18:07:53,097 : ConfigProcessor : Loading config: /Users/ruben/Pinball/mpf-pinball/config/hardware.yaml
2025-06-28 18:07:53,097 : ConfigProcessor : Loading config: /Users/ruben/Pinball/mpf-pinball/config/switches.yaml
2025-06-28 18:07:53,099 : ConfigProcessor : Loading config: /Users/ruben/Pinball/mpf-pinball/config/coils.yaml
2025-06-28 18:07:53,100 : ConfigProcessor : Loading config: /Users/ruben/Pinball/mpf-pinball/config/lights.yaml
2025-06-28 18:07:53,101 : ConfigProcessor : Loading config: /Users/ruben/Pinball/mpf-pinball/config/devices.yaml
2025-06-28 18:07:53,102 : ConfigProcessor : Loading config: /Users/ruben/Pinball/mpf-pinball/config/images.yaml
2025-06-28 18:07:53,103 : ConfigProcessor : Loading config: /Users/ruben/Pinball/mpf-pinball/config/displays.yaml
2025-06-28 18:07:53,103 : ConfigProcessor : Loading config: /Users/ruben/Pinball/mpf-pinball/config/slides.yaml
2025-06-28 18:07:53,104 : ConfigProcessor : Config file cache created: /var/folders/9g/7xjb17l959g1fnq4pjl5c5p80000gn/T/195f11bb22def72033a5ba91cfdec8f0.mpf_cache
2025-06-28 18:07:53,105 : ConfigProcessor : Loading config from cache: /var/folders/9g/7xjb17l959g1fnq4pjl5c5p80000gn/T/f574f59b1e0fcbb2258348220f26b9cc.mpf_cache
2025-06-28 18:07:53,105 : ConfigProcessor : Loading config from cache: /var/folders/9g/7xjb17l959g1fnq4pjl5c5p80000gn/T/edcc5f1d3215b377c9faab88c62e4ce0.mpf_cache
2025-06-28 18:07:53,105 : ConfigProcessor : Loading config from cache: /var/folders/9g/7xjb17l959g1fnq4pjl5c5p80000gn/T/174d451d321a0971202b746018364536.mpf_cache
2025-06-28 18:07:53,105 : ConfigProcessor : Loading config from cache: /var/folders/9g/7xjb17l959g1fnq4pjl5c5p80000gn/T/f574f59b1e0fcbb2258348220f26b9cc.mpf_cache
2025-06-28 18:07:53,105 : mpfmc : Mission Pinball Framework Media Controller (MPF-MC) v0.57.1. Requires MPF v0.57.0 or newer.
2025-06-28 18:07:53,105 : mpfmc : Found MPF v0.57.3
2025-06-28 18:07:53,105 : mpfmc : Machine path: /Users/ruben/Pinball/mpf-pinball
2025-06-28 18:07:53,105 : mpfmc : Starting clock at 60.0Hz
2025-06-28 18:07:53,152 : kivy : Text: Provider: sdl2
2025-06-28 18:07:53,196 : kivy : Window: Provider: sdl2
2025-06-28 18:07:53,391 : kivy : GL: Using the "OpenGL ES 2" graphics system
2025-06-28 18:07:53,391 : kivy : GL: Backend used <sdl2>
2025-06-28 18:07:53,391 : kivy : GL: OpenGL version <b'2.1 Metal - 89.4'>
2025-06-28 18:07:53,391 : kivy : GL: OpenGL vendor <b'Apple'>
2025-06-28 18:07:53,392 : kivy : GL: OpenGL renderer <b'Apple M1 Pro'>
2025-06-28 18:07:53,392 : kivy : GL: OpenGL parsed version: 2, 1
2025-06-28 18:07:53,392 : kivy : GL: Shading version <b'1.20'>
2025-06-28 18:07:53,392 : kivy : GL: Texture max size <16384>
2025-06-28 18:07:53,392 : kivy : GL: Texture max units <16>
2025-06-28 18:07:53,407 : kivy : Window: auto add sdl2 input provider
2025-06-28 18:07:53,407 : kivy : Window: virtual keyboard not allowed, single mode, not docked
2025-06-28 18:07:53,411 : SoundSystem : SoundSystem: Using default 'sound_system' settings
2025-06-28 18:07:53,576 : AudioInterface : Initialized
2025-06-28 18:07:53,576 : AudioInterface : Loaded SDL 2.32.8
2025-06-28 18:07:53,576 : AudioInterface : Loaded SDL_Mixer 2.8.1
2025-06-28 18:07:53,576 : AudioInterface : Loaded GStreamer 1.26.2.0
2025-06-28 18:07:53,576 : AudioInterface : Loaded GLib 2.84.2
2025-06-28 18:07:53,576 : AudioInterface : Settings requested - rate: 44100, channels: 1, buffer: 2048 samples
2025-06-28 18:07:53,576 : AudioInterface : Settings in use - rate: 44100, channels: 1, buffer: 2048 samples (4096 bytes @ 2 bytes per sample)
2025-06-28 18:07:53,576 : SoundSystem : No audio tracks are specified in your machine config file. a track named 'default' has been created.
2025-06-28 18:07:53,576 : SoundSystem : Setting master volume to 0.0
2025-06-28 18:07:53,576 : AudioInterface : Enabling audio playback
2025-06-28 18:07:53,578 : kivy : Base: Start application main loop
2025-06-28 18:07:53,578 : EventManager : Event: ======'display_window_initialized'====== Args={}
2025-06-28 18:07:53,926 : mpfmc : Display: Setting 'window' as default display
2025-06-28 18:07:53,932 : EventManager : Event: ======'displays_initialized'====== Args={}
2025-06-28 18:07:53,933 : EventManager : Event: ======'slide_window_blank_created'====== Args={}
2025-06-28 18:07:53,933 : EventManager : Event: ======'display_window_ready'====== Args={}
2025-06-28 18:07:53,938 : EventManager : Event: ======'init_phase_1'====== Args={}
2025-06-28 18:07:53,940 : EventManager : Event: ======'mc_ready'====== Args={}
2025-06-28 18:07:53,940 : EventManager : Event: ======'init_phase_2'====== Args={}
2025-06-28 18:07:53,942 : EventManager : Event: ======'init_phase_3'====== Args={}
2025-06-28 18:07:53,942 : EventManager : Event: ======'init_phase_4'====== Args={}
2025-06-28 18:07:53,942 : EventManager : Event: ======'init_phase_5'====== Args={}
2025-06-28 18:07:53,952 : EventManager : Event: ======'loading_assets'====== Args={'total': 1, 'loaded': 1, 'remaining': 0, 'percent': 100}
2025-06-28 18:07:53,952 : AssetManager : Asset loading took: 0.3751671314239502
2025-06-28 18:07:53,952 : EventManager : Event: ======'asset_loading_complete'====== Args={}
2025-06-28 18:07:53,952 : AssetManager : Loading assets: 1/1 (100%)
2025-06-28 18:07:53,952 : EventManager : Event: ======'init_done'====== Args={}
2025-06-28 18:07:53,952 : MPF-MC BCP Server : Starting up on localhost port 5050
2025-06-28 18:07:53,953 : MPF-MC BCP Server : Waiting for a connection...
2025-06-28 18:07:53,994 : EventManager : Event: ======'client_disconnected'====== Args={'host': '127.0.0.1', 'port': 5050}
2025-06-28 18:07:54,031 : MPF-MC BCP Server : Received connection from: 127.0.0.1:57296
2025-06-28 18:07:54,033 : EventManager : Event: ======'client_connected'====== Args={'host': '127.0.0.1', 'port': 57296}
2025-06-28 18:07:54,046 : EventManager : Event: ======'machine_var_credits_string'====== Args={'value': 'FREE PLAY', 'prev_value': None, 'change': True}
2025-06-28 18:07:54,046 : EventManager : Event: ======'machine_var_master_volume'====== Args={'value': 0.5, 'prev_value': None, 'change': True}
2025-06-28 18:07:54,046 : EventManager : Event: ======'machine_var_player1_score'====== Args={'value': 0, 'prev_value': None, 'change': True}
2025-06-28 18:07:54,046 : EventManager : Event: ======'machine_var_mpf_version'====== Args={'value': 'Mission Pinball Framework v0.57.3', 'prev_value': None, 'change': True}
2025-06-28 18:07:54,046 : EventManager : Event: ======'machine_var_mpf_extended_version'====== Args={'value': 'Mission Pinball Framework v0.57.3, Config version:6, Show version: 6, BCP version:1.1', 'prev_value': None, 'change': True}
2025-06-28 18:07:54,046 : EventManager : Event: ======'machine_var_python_version'====== Args={'value': '3.9.13', 'prev_value': None, 'change': True}
2025-06-28 18:07:54,046 : EventManager : Event: ======'machine_var_platform'====== Args={'value': 'macOS-15.5-arm64-arm-64bit', 'prev_value': None, 'change': True}
2025-06-28 18:07:54,046 : EventManager : Event: ======'machine_var_platform_system'====== Args={'value': 'Darwin', 'prev_value': None, 'change': True}
2025-06-28 18:07:54,046 : EventManager : Event: ======'machine_var_platform_release'====== Args={'value': '24.5.0', 'prev_value': None, 'change': True}
2025-06-28 18:07:54,047 : EventManager : Event: ======'machine_var_platform_version'====== Args={'value': 'Darwin Kernel Version 24.5.0: Tue Apr 22 19:54:49 PDT 2025; root:xnu-11417.121.6~2/RELEASE_ARM64_T6000', 'prev_value': None, 'change': True}
2025-06-28 18:07:54,047 : EventManager : Event: ======'machine_var_platform_machine'====== Args={'value': 'arm64', 'prev_value': None, 'change': True}
2025-06-28 18:07:54,047 : EventManager : Event: ======'machine_var_mc_version'====== Args={'value': 'MPF-MC v0.57.1', 'prev_value': None, 'change': True}
2025-06-28 18:07:54,047 : EventManager : Event: ======'machine_var_mc_extended_version'====== Args={'value': 'MPF-MC v0.57.1 (config_version=6, BCP v1.1,                      Requires MPF API compatibility v0.57.0 or newer)', 'prev_value': None, 'change': True}
2025-06-28 18:07:54,047 : EventManager : Event: ======'machine_var_credits_string'====== Args={'value': 'FREE PLAY', 'prev_value': None, 'change': True}
2025-06-28 18:07:54,047 : EventManager : Event: ======'machine_var_master_volume'====== Args={'value': 0.5, 'prev_value': None, 'change': True}
2025-06-28 18:07:54,047 : EventManager : Event: ======'machine_var_player1_score'====== Args={'value': 0, 'prev_value': None, 'change': True}
2025-06-28 18:07:54,047 : EventManager : Event: ======'machine_var_mpf_version'====== Args={'value': 'Mission Pinball Framework v0.57.3', 'prev_value': None, 'change': True}
2025-06-28 18:07:54,047 : EventManager : Event: ======'machine_var_mpf_extended_version'====== Args={'value': 'Mission Pinball Framework v0.57.3, Config version:6, Show version: 6, BCP version:1.1', 'prev_value': None, 'change': True}
2025-06-28 18:07:54,047 : EventManager : Event: ======'machine_var_python_version'====== Args={'value': '3.9.13', 'prev_value': None, 'change': True}
2025-06-28 18:07:54,047 : EventManager : Event: ======'machine_var_platform'====== Args={'value': 'macOS-15.5-arm64-arm-64bit', 'prev_value': None, 'change': True}
2025-06-28 18:07:54,047 : EventManager : Event: ======'machine_var_platform_system'====== Args={'value': 'Darwin', 'prev_value': None, 'change': True}
2025-06-28 18:07:54,047 : EventManager : Event: ======'machine_var_platform_release'====== Args={'value': '24.5.0', 'prev_value': None, 'change': True}
2025-06-28 18:07:54,047 : EventManager : Event: ======'machine_var_platform_version'====== Args={'value': 'Darwin Kernel Version 24.5.0: Tue Apr 22 19:54:49 PDT 2025; root:xnu-11417.121.6~2/RELEASE_ARM64_T6000', 'prev_value': None, 'change': True}
2025-06-28 18:07:54,047 : EventManager : Event: ======'machine_var_platform_machine'====== Args={'value': 'arm64', 'prev_value': None, 'change': True}
2025-06-28 18:07:54,047 : EventManager : Event: ======'machine_var_mc_version'====== Args={'value': 'MPF-MC v0.57.1', 'prev_value': None, 'change': True}
2025-06-28 18:07:54,047 : EventManager : Event: ======'machine_var_mc_extended_version'====== Args={'value': 'MPF-MC v0.57.1 (config_version=6, BCP v1.1,                      Requires MPF API compatibility v0.57.0 or newer)', 'prev_value': None, 'change': True}
2025-06-28 18:07:54,047 : EventManager : Event: ======'machine_var_credits_string'====== Args={'value': 'FREE PLAY', 'prev_value': None, 'change': True}
2025-06-28 18:07:54,047 : EventManager : Event: ======'machine_var_master_volume'====== Args={'value': 0.5, 'prev_value': None, 'change': True}
2025-06-28 18:07:54,047 : EventManager : Event: ======'machine_var_player1_score'====== Args={'value': 0, 'prev_value': None, 'change': True}
2025-06-28 18:07:54,047 : EventManager : Event: ======'machine_var_mpf_version'====== Args={'value': 'Mission Pinball Framework v0.57.3', 'prev_value': None, 'change': True}
2025-06-28 18:07:54,047 : EventManager : Event: ======'machine_var_mpf_extended_version'====== Args={'value': 'Mission Pinball Framework v0.57.3, Config version:6, Show version: 6, BCP version:1.1', 'prev_value': None, 'change': True}
2025-06-28 18:07:54,047 : EventManager : Event: ======'machine_var_python_version'====== Args={'value': '3.9.13', 'prev_value': None, 'change': True}
2025-06-28 18:07:54,047 : EventManager : Event: ======'machine_var_platform'====== Args={'value': 'macOS-15.5-arm64-arm-64bit', 'prev_value': None, 'change': True}
2025-06-28 18:07:54,047 : EventManager : Event: ======'machine_var_platform_system'====== Args={'value': 'Darwin', 'prev_value': None, 'change': True}
2025-06-28 18:07:54,047 : EventManager : Event: ======'machine_var_platform_release'====== Args={'value': '24.5.0', 'prev_value': None, 'change': True}
2025-06-28 18:07:54,047 : EventManager : Event: ======'machine_var_platform_version'====== Args={'value': 'Darwin Kernel Version 24.5.0: Tue Apr 22 19:54:49 PDT 2025; root:xnu-11417.121.6~2/RELEASE_ARM64_T6000', 'prev_value': None, 'change': True}
2025-06-28 18:07:54,047 : EventManager : Event: ======'machine_var_platform_machine'====== Args={'value': 'arm64', 'prev_value': None, 'change': True}
2025-06-28 18:07:54,047 : EventManager : Event: ======'machine_var_mc_version'====== Args={'value': 'MPF-MC v0.57.1', 'prev_value': None, 'change': True}
2025-06-28 18:07:54,048 : EventManager : Event: ======'machine_var_mc_extended_version'====== Args={'value': 'MPF-MC v0.57.1 (config_version=6, BCP v1.1,                      Requires MPF API compatibility v0.57.0 or newer)', 'prev_value': None, 'change': True}
2025-06-28 18:07:54,048 : EventManager : Event: ======'machine_var_credits_string'====== Args={'value': 'FREE PLAY', 'prev_value': None, 'change': True}
2025-06-28 18:07:54,048 : EventManager : Event: ======'machine_var_master_volume'====== Args={'value': 0.5, 'prev_value': None, 'change': True}
2025-06-28 18:07:54,048 : EventManager : Event: ======'machine_var_player1_score'====== Args={'value': 0, 'prev_value': None, 'change': True}
2025-06-28 18:07:54,048 : EventManager : Event: ======'machine_var_mpf_version'====== Args={'value': 'Mission Pinball Framework v0.57.3', 'prev_value': None, 'change': True}
2025-06-28 18:07:54,048 : EventManager : Event: ======'machine_var_mpf_extended_version'====== Args={'value': 'Mission Pinball Framework v0.57.3, Config version:6, Show version: 6, BCP version:1.1', 'prev_value': None, 'change': True}
2025-06-28 18:07:54,048 : EventManager : Event: ======'machine_var_python_version'====== Args={'value': '3.9.13', 'prev_value': None, 'change': True}
2025-06-28 18:07:54,048 : EventManager : Event: ======'machine_var_platform'====== Args={'value': 'macOS-15.5-arm64-arm-64bit', 'prev_value': None, 'change': True}
2025-06-28 18:07:54,048 : EventManager : Event: ======'machine_var_platform_system'====== Args={'value': 'Darwin', 'prev_value': None, 'change': True}
2025-06-28 18:07:54,048 : EventManager : Event: ======'machine_var_platform_release'====== Args={'value': '24.5.0', 'prev_value': None, 'change': True}
2025-06-28 18:07:54,048 : EventManager : Event: ======'machine_var_platform_version'====== Args={'value': 'Darwin Kernel Version 24.5.0: Tue Apr 22 19:54:49 PDT 2025; root:xnu-11417.121.6~2/RELEASE_ARM64_T6000', 'prev_value': None, 'change': True}
2025-06-28 18:07:54,048 : EventManager : Event: ======'machine_var_platform_machine'====== Args={'value': 'arm64', 'prev_value': None, 'change': True}
2025-06-28 18:07:54,048 : EventManager : Event: ======'machine_var_mc_version'====== Args={'value': 'MPF-MC v0.57.1', 'prev_value': None, 'change': True}
2025-06-28 18:07:54,048 : EventManager : Event: ======'machine_var_mc_extended_version'====== Args={'value': 'MPF-MC v0.57.1 (config_version=6, BCP v1.1,                      Requires MPF API compatibility v0.57.0 or newer)', 'prev_value': None, 'change': True}
2025-06-28 18:07:54,048 : EventManager : Event: ======'machine_var_audits_events_game_ended'====== Args={'value': 53, 'prev_value': None, 'change': True}
2025-06-28 18:07:54,048 : EventManager : Event: ======'machine_var_audits_events_game_started'====== Args={'value': 106, 'prev_value': None, 'change': True}
2025-06-28 18:07:54,048 : EventManager : Event: ======'machine_var_audits_missing_switches_s_left_flipper'====== Args={'value': 6, 'prev_value': None, 'change': True}
2025-06-28 18:07:54,048 : EventManager : Event: ======'machine_var_audits_missing_switches_s_left_outlane'====== Args={'value': 10, 'prev_value': None, 'change': True}
2025-06-28 18:07:54,048 : EventManager : Event: ======'machine_var_audits_missing_switches_s_left_slingshot'====== Args={'value': 6, 'prev_value': None, 'change': True}
2025-06-28 18:07:54,048 : EventManager : Event: ======'machine_var_audits_missing_switches_s_pop1'====== Args={'value': 17, 'prev_value': None, 'change': True}
2025-06-28 18:07:54,048 : EventManager : Event: ======'machine_var_audits_missing_switches_s_pop2'====== Args={'value': 17, 'prev_value': None, 'change': True}
2025-06-28 18:07:54,048 : EventManager : Event: ======'machine_var_audits_missing_switches_s_pop3'====== Args={'value': 17, 'prev_value': None, 'change': True}
2025-06-28 18:07:54,048 : EventManager : Event: ======'machine_var_audits_missing_switches_s_pop4'====== Args={'value': 6, 'prev_value': None, 'change': True}
2025-06-28 18:07:54,048 : EventManager : Event: ======'machine_var_audits_missing_switches_s_pop5'====== Args={'value': 6, 'prev_value': None, 'change': True}
2025-06-28 18:07:54,048 : EventManager : Event: ======'machine_var_audits_missing_switches_s_right_flipper'====== Args={'value': 5, 'prev_value': None, 'change': True}
2025-06-28 18:07:54,048 : EventManager : Event: ======'machine_var_audits_missing_switches_s_right_inlane'====== Args={'value': 3, 'prev_value': None, 'change': True}
2025-06-28 18:07:54,048 : EventManager : Event: ======'machine_var_audits_missing_switches_s_right_outlane'====== Args={'value': 10, 'prev_value': None, 'change': True}
2025-06-28 18:07:54,048 : EventManager : Event: ======'machine_var_audits_missing_switches_s_right_slingshot'====== Args={'value': 6, 'prev_value': None, 'change': True}
2025-06-28 18:07:54,048 : EventManager : Event: ======'machine_var_audits_missing_switches_s_startButton'====== Args={'value': 6, 'prev_value': None, 'change': True}
2025-06-28 18:07:54,048 : EventManager : Event: ======'machine_var_audits_missing_switches_s_trough1'====== Args={'value': 3, 'prev_value': None, 'change': True}
2025-06-28 18:07:54,048 : EventManager : Event: ======'machine_var_audits_missing_switches_s_trough2'====== Args={'value': 10, 'prev_value': None, 'change': True}
2025-06-28 18:07:54,049 : EventManager : Event: ======'machine_var_audits_missing_switches_s_trough3'====== Args={'value': 10, 'prev_value': None, 'change': True}
2025-06-28 18:07:54,049 : EventManager : Event: ======'machine_var_audits_missing_switches_s_trough4'====== Args={'value': 10, 'prev_value': None, 'change': True}
2025-06-28 18:07:54,049 : EventManager : Event: ======'machine_var_audits_missing_switches_s_trough5'====== Args={'value': 9, 'prev_value': None, 'change': True}
2025-06-28 18:07:54,049 : EventManager : Event: ======'machine_var_audits_player_score'====== Args={'value': {'average': 0, 'top': [0, 0, 0, 0, 0, 0, 0, 0, 0, 0], 'total': 53}, 'prev_value': None, 'change': True}
2025-06-28 18:07:54,049 : EventManager : Event: ======'machine_var_audits_switches_s_drop_bank1'====== Args={'value': 140, 'prev_value': None, 'change': True}
2025-06-28 18:07:54,049 : EventManager : Event: ======'machine_var_audits_switches_s_left_flipper'====== Args={'value': 2284, 'prev_value': None, 'change': True}
2025-06-28 18:07:54,049 : EventManager : Event: ======'machine_var_audits_switches_s_left_inlane1'====== Args={'value': 2, 'prev_value': None, 'change': True}
2025-06-28 18:07:54,049 : EventManager : Event: ======'machine_var_audits_switches_s_left_inlane2'====== Args={'value': 2, 'prev_value': None, 'change': True}
2025-06-28 18:07:54,049 : EventManager : Event: ======'machine_var_audits_switches_s_left_outlane'====== Args={'value': 0, 'prev_value': None, 'change': True}
2025-06-28 18:07:54,049 : EventManager : Event: ======'machine_var_audits_switches_s_left_slingshot'====== Args={'value': 295, 'prev_value': None, 'change': True}
2025-06-28 18:07:54,049 : EventManager : Event: ======'machine_var_audits_switches_s_plunger'====== Args={'value': 5, 'prev_value': None, 'change': True}
2025-06-28 18:07:54,049 : EventManager : Event: ======'machine_var_audits_switches_s_pop1'====== Args={'value': 0, 'prev_value': None, 'change': True}
2025-06-28 18:07:54,049 : EventManager : Event: ======'machine_var_audits_switches_s_pop2'====== Args={'value': 0, 'prev_value': None, 'change': True}
2025-06-28 18:07:54,049 : EventManager : Event: ======'machine_var_audits_switches_s_pop3'====== Args={'value': 0, 'prev_value': None, 'change': True}
2025-06-28 18:07:54,049 : EventManager : Event: ======'machine_var_audits_switches_s_pop4'====== Args={'value': 3, 'prev_value': None, 'change': True}
2025-06-28 18:07:54,049 : EventManager : Event: ======'machine_var_audits_switches_s_pop5'====== Args={'value': 3, 'prev_value': None, 'change': True}
2025-06-28 18:07:54,049 : EventManager : Event: ======'machine_var_audits_switches_s_pop_bot'====== Args={'value': 426, 'prev_value': None, 'change': True}
2025-06-28 18:07:54,049 : EventManager : Event: ======'machine_var_audits_switches_s_pop_mid'====== Args={'value': 351, 'prev_value': None, 'change': True}
2025-06-28 18:07:54,049 : EventManager : Event: ======'machine_var_audits_switches_s_pop_top'====== Args={'value': 302, 'prev_value': None, 'change': True}
2025-06-28 18:07:54,049 : EventManager : Event: ======'machine_var_audits_switches_s_right_flipper'====== Args={'value': 2339, 'prev_value': None, 'change': True}
2025-06-28 18:07:54,049 : EventManager : Event: ======'machine_var_audits_switches_s_right_inlane'====== Args={'value': 66, 'prev_value': None, 'change': True}
2025-06-28 18:07:54,049 : EventManager : Event: ======'machine_var_audits_switches_s_right_outlane'====== Args={'value': 0, 'prev_value': None, 'change': True}
2025-06-28 18:07:54,049 : EventManager : Event: ======'machine_var_audits_switches_s_right_slingshot'====== Args={'value': 258, 'prev_value': None, 'change': True}
2025-06-28 18:07:54,049 : EventManager : Event: ======'machine_var_audits_switches_s_scoop_center'====== Args={'value': 2, 'prev_value': None, 'change': True}
2025-06-28 18:07:54,049 : EventManager : Event: ======'machine_var_audits_switches_s_scoop_lower'====== Args={'value': 220, 'prev_value': None, 'change': True}
2025-06-28 18:07:54,049 : EventManager : Event: ======'machine_var_audits_switches_s_scoop_right'====== Args={'value': 1, 'prev_value': None, 'change': True}
2025-06-28 18:07:54,049 : SoundSystem : Setting master volume to 0.5
2025-06-28 18:07:54,049 : SoundSystem : Setting master volume to 0.5
2025-06-28 18:07:54,049 : SoundSystem : Setting master volume to 0.5
2025-06-28 18:07:54,049 : SoundSystem : Setting master volume to 0.5
2025-06-28 18:07:54,059 : EventManager : Event: ======'machine_var_audits_switches_s_shooter_lane'====== Args={'value': 15, 'prev_value': None, 'change': True}
2025-06-28 18:07:54,059 : EventManager : Event: ======'machine_var_audits_switches_s_startButton'====== Args={'value': 35, 'prev_value': None, 'change': True}
2025-06-28 18:07:54,059 : EventManager : Event: ======'machine_var_audits_switches_s_trough1'====== Args={'value': 316, 'prev_value': None, 'change': True}
2025-06-28 18:07:54,059 : EventManager : Event: ======'machine_var_audits_switches_s_trough2'====== Args={'value': 1, 'prev_value': None, 'change': True}
2025-06-28 18:07:54,060 : EventManager : Event: ======'machine_var_audits_switches_s_trough3'====== Args={'value': 1, 'prev_value': None, 'change': True}
2025-06-28 18:07:54,060 : EventManager : Event: ======'machine_var_audits_switches_s_trough4'====== Args={'value': 1, 'prev_value': None, 'change': True}
2025-06-28 18:07:54,060 : EventManager : Event: ======'machine_var_audits_switches_s_trough5'====== Args={'value': 1, 'prev_value': None, 'change': True}
2025-06-28 18:07:54,060 : EventManager : Event: ======'mc_reset_phase_1'====== Args={}
2025-06-28 18:07:54,060 : EventManager : Event: ======'mc_reset_phase_2'====== Args={}
2025-06-28 18:07:54,060 : EventManager : Event: ======'mc_reset_phase_3'====== Args={}
2025-06-28 18:07:54,060 : EventManager : Event: ======'mc_reset_complete'====== Args={}
2025-06-28 18:07:54,073 : EventManager : Event: ======'slides_play'====== Args={'settings': {'attract_image_slide': {'target': None, 'background_color': [0.0, 0.0, 0.0, 1.0], 'priority': None, 'show': True, 'force': False, 'expire': None, 'slide': None, 'tokens': {}, 'action': 'play'}}, 'context': 'attract', 'calling_context': 'mode_attract_started', 'priority': 10}
2025-06-28 18:07:54,074 : EventManager : Event: ======'slide_attract_image_slide_created'====== Args={}
2025-06-28 18:07:54,074 : EventManager : Event: ======'slide_attract_image_slide_active'====== Args={}
2025-06-28 18:07:54,084 : kivy : GL: NPOT texture support is available
2025-06-28 18:07:54,086 : EventManager : Event: ======'loading_assets'====== Args={'total': 1, 'loaded': 1, 'remaining': 0, 'percent': 100}
2025-06-28 18:07:54,086 : AssetManager : Asset loading took: 0.5089747905731201
2025-06-28 18:07:54,086 : EventManager : Event: ======'asset_loading_complete'====== Args={}
2025-06-28 18:07:54,086 : AssetManager : Loading assets: 1/1 (100%)
2025-06-28 18:37:00,556 : kivy : Base: Leaving application in progress...
2025-06-28 18:37:00,559 : mpfmc : Stopping...
2025-06-28 18:37:00,559 : EventManager : Event: ======'shutdown'====== Args={}
2025-06-28 18:37:00,560 : AudioInterface : Disabling audio playback
2025-06-28 18:37:00,659 : mpfmc : Loop rate 76.03 Hz
