2025-06-29 08:34:09,798 : kivy : deps: Successfully imported "kivy_deps.gstreamer" 0.3.3
2025-06-29 08:34:09,798 : kivy : deps: Successfully imported "kivy_deps.angle" 0.3.3
2025-06-29 08:34:09,798 : kivy : deps: Successfully imported "kivy_deps.glew" 0.3.1
2025-06-29 08:34:09,798 : kivy : deps: Successfully imported "kivy_deps.sdl2" 0.6.0
2025-06-29 08:34:09,799 : kivy : Kivy: v2.2.1
2025-06-29 08:34:09,800 : kivy : Kivy: Installed at "C:\Users\ruben\AppData\Local\Programs\Python\Python39\lib\site-packages\kivy\__init__.py"
2025-06-29 08:34:09,800 : kivy : Python: v3.9.13 (tags/v3.9.13:6de2ca5, May 17 2022, 16:36:42) [MSC v.1929 64 bit (AMD64)]
2025-06-29 08:34:09,801 : kivy : Python: Interpreter at "C:\Users\ruben\AppData\Local\Programs\Python\Python39\python.exe"
2025-06-29 08:34:09,846 : kivy : Factory: 190 symbols loaded
2025-06-29 08:34:10,157 : kivy : ImageLoaderFFPy: Using ffpyplayer 4.5.1
2025-06-29 08:34:10,157 : kivy : Image: Providers: img_tex, img_dds, img_sdl2, img_pil, img_ffpyplayer 
2025-06-29 08:34:10,444 : kivy : VideoGstplayer: Using Gstreamer 1.18.5.0
2025-06-29 08:34:10,445 : kivy : Video: Provider: gstplayer
2025-06-29 08:34:10,495 : root : Loading MPF-MC controller
2025-06-29 08:34:10,522 : YamlMultifileConfigLoader : Machine config file #1: config
2025-06-29 08:34:10,523 : ConfigProcessor : Config file in cache changed: C:\pinball\my_machine\config\config
2025-06-29 08:34:10,523 : ConfigProcessor : Loading config from file C:\Users\ruben\AppData\Local\Programs\Python\Python39\lib\site-packages\mpfmc\mcconfig.yaml.
2025-06-29 08:34:10,537 : ConfigProcessor : Loading config: C:\Users\ruben\AppData\Local\Programs\Python\Python39\lib\site-packages\mpfmc\mcconfig.yaml
2025-06-29 08:34:10,537 : ConfigProcessor : Loading config from file C:\pinball\my_machine\config\config.
2025-06-29 08:34:10,538 : ConfigProcessor : Loading config: C:\pinball\my_machine\config\config
2025-06-29 08:34:10,540 : ConfigProcessor : Loading config: C:\pinball\my_machine\config\hardware.yaml
2025-06-29 08:34:10,541 : ConfigProcessor : Loading config: C:\pinball\my_machine\config\switches.yaml
2025-06-29 08:34:10,544 : ConfigProcessor : Loading config: C:\pinball\my_machine\config\coils.yaml
2025-06-29 08:34:10,552 : ConfigProcessor : Loading config: C:\pinball\my_machine\config\lights.yaml
2025-06-29 08:34:10,555 : ConfigProcessor : Loading config: C:\pinball\my_machine\config\devices.yaml
2025-06-29 08:34:10,557 : ConfigProcessor : Loading config: C:\pinball\my_machine\config\images.yaml
2025-06-29 08:34:10,558 : ConfigProcessor : Loading config: C:\pinball\my_machine\config\displays.yaml
2025-06-29 08:34:10,561 : ConfigProcessor : Loading config: C:\pinball\my_machine\config\slides.yaml
2025-06-29 08:34:10,564 : ConfigProcessor : Config file cache created: C:\Users\ruben\AppData\Local\Temp\abbaf7ebf6530f7229115378792f7a93.mpf_cache
2025-06-29 08:34:10,566 : ConfigProcessor : Loading config from cache: C:\Users\ruben\AppData\Local\Temp\de22d214a8e6fb7753c0be2dfb8deb7c.mpf_cache
2025-06-29 08:34:10,567 : ConfigProcessor : Loading config from cache: C:\Users\ruben\AppData\Local\Temp\76bc62f652ae2965f03127125af6e953.mpf_cache
2025-06-29 08:34:10,567 : ConfigProcessor : Loading config from cache: C:\Users\ruben\AppData\Local\Temp\195f66f1d07408d279921a878741edf5.mpf_cache
2025-06-29 08:34:10,568 : ConfigProcessor : Loading config from cache: C:\Users\ruben\AppData\Local\Temp\de22d214a8e6fb7753c0be2dfb8deb7c.mpf_cache
2025-06-29 08:34:10,569 : mpfmc : Mission Pinball Framework Media Controller (MPF-MC) v0.57.1. Requires MPF v0.57.0 or newer.
2025-06-29 08:34:10,569 : mpfmc : Found MPF v0.57.3
2025-06-29 08:34:10,569 : mpfmc : Machine path: C:\pinball\my_machine
2025-06-29 08:34:10,569 : mpfmc : Starting clock at 60.0Hz
2025-06-29 08:34:10,592 : kivy : Text: Provider: sdl2
2025-06-29 08:34:10,666 : kivy : Window: Provider: sdl2
2025-06-29 08:34:11,828 : kivy : GL: Using the "OpenGL" graphics system
2025-06-29 08:34:11,836 : kivy : GL: GLEW initialization succeeded
2025-06-29 08:34:11,836 : kivy : GL: Backend used <glew>
2025-06-29 08:34:11,836 : kivy : GL: OpenGL version <b'4.5.0 NVIDIA 376.54'>
2025-06-29 08:34:11,836 : kivy : GL: OpenGL vendor <b'NVIDIA Corporation'>
2025-06-29 08:34:11,836 : kivy : GL: OpenGL renderer <b'GeForce GT 630M/PCIe/SSE2'>
2025-06-29 08:34:11,836 : kivy : GL: OpenGL parsed version: 4, 5
2025-06-29 08:34:11,836 : kivy : GL: Shading version <b'4.50 NVIDIA'>
2025-06-29 08:34:11,837 : kivy : GL: Texture max size <16384>
2025-06-29 08:34:11,837 : kivy : GL: Texture max units <32>
2025-06-29 08:34:11,860 : kivy : Window: auto add sdl2 input provider
2025-06-29 08:34:11,862 : kivy : Window: virtual keyboard not allowed, single mode, not docked
2025-06-29 08:34:11,874 : SoundSystem : SoundSystem: Using default 'sound_system' settings
2025-06-29 08:34:12,513 : AudioInterface : Initialized
2025-06-29 08:34:12,513 : AudioInterface : Loaded SDL 2.26.4
2025-06-29 08:34:12,513 : AudioInterface : Loaded SDL_Mixer 2.6.3
2025-06-29 08:34:12,514 : AudioInterface : Loaded GStreamer 1.18.5.0
2025-06-29 08:34:12,514 : AudioInterface : Loaded GLib 2.62.6
2025-06-29 08:34:12,514 : AudioInterface : Settings requested - rate: 44100, channels: 1, buffer: 2048 samples
2025-06-29 08:34:12,514 : AudioInterface : Settings in use - rate: 44100, channels: 1, buffer: 2048 samples (4096 bytes @ 2 bytes per sample)
2025-06-29 08:34:12,514 : SoundSystem : No audio tracks are specified in your machine config file. a track named 'default' has been created.
2025-06-29 08:34:12,514 : SoundSystem : Setting master volume to 0.0
2025-06-29 08:34:12,515 : AudioInterface : Enabling audio playback
2025-06-29 08:34:12,517 : kivy : Base: Start application main loop
2025-06-29 08:34:12,518 : EventManager : Event: ======'display_window_initialized'====== Args={}
2025-06-29 08:34:12,530 : mpfmc : Display: Setting 'window' as default display
2025-06-29 08:34:12,542 : EventManager : Event: ======'displays_initialized'====== Args={}
2025-06-29 08:34:12,545 : EventManager : Event: ======'slide_window_blank_created'====== Args={}
2025-06-29 08:34:12,545 : EventManager : Event: ======'display_window_ready'====== Args={}
2025-06-29 08:34:12,588 : EventManager : Event: ======'init_phase_1'====== Args={}
2025-06-29 08:34:12,598 : EventManager : Event: ======'mc_ready'====== Args={}
2025-06-29 08:34:12,598 : EventManager : Event: ======'init_phase_2'====== Args={}
2025-06-29 08:34:12,602 : EventManager : Event: ======'init_phase_3'====== Args={}
2025-06-29 08:34:12,606 : EventManager : Event: ======'init_phase_4'====== Args={}
2025-06-29 08:34:12,606 : EventManager : Event: ======'init_phase_5'====== Args={}
2025-06-29 08:34:12,703 : EventManager : Event: ======'loading_assets'====== Args={'total': 1, 'loaded': 1, 'remaining': 0, 'percent': 100}
2025-06-29 08:34:12,703 : AssetManager : Asset loading took: 0.1878831386566162
2025-06-29 08:34:12,703 : EventManager : Event: ======'asset_loading_complete'====== Args={}
2025-06-29 08:34:12,703 : AssetManager : Loading assets: 1/1 (100%)
2025-06-29 08:34:12,703 : EventManager : Event: ======'init_done'====== Args={}
2025-06-29 08:34:12,704 : MPF-MC BCP Server : Starting up on localhost port 5050
2025-06-29 08:34:12,710 : MPF-MC BCP Server : Waiting for a connection...
2025-06-29 08:34:12,712 : EventManager : Event: ======'client_disconnected'====== Args={'host': '127.0.0.1', 'port': 5050}
2025-06-29 08:34:12,800 : MPF-MC BCP Server : Received connection from: 127.0.0.1:62858
2025-06-29 08:34:12,802 : EventManager : Event: ======'client_connected'====== Args={'host': '127.0.0.1', 'port': 62858}
2025-06-29 08:34:12,965 : EventManager : Event: ======'machine_var_credits_string'====== Args={'value': 'FREE PLAY', 'prev_value': None, 'change': True}
2025-06-29 08:34:12,965 : EventManager : Event: ======'machine_var_master_volume'====== Args={'value': 0.5, 'prev_value': None, 'change': True}
2025-06-29 08:34:12,965 : EventManager : Event: ======'machine_var_player1_score'====== Args={'value': 0, 'prev_value': None, 'change': True}
2025-06-29 08:34:12,966 : EventManager : Event: ======'machine_var_mpf_version'====== Args={'value': 'Mission Pinball Framework v0.57.3', 'prev_value': None, 'change': True}
2025-06-29 08:34:12,966 : EventManager : Event: ======'machine_var_mpf_extended_version'====== Args={'value': 'Mission Pinball Framework v0.57.3, Config version:6, Show version: 6, BCP version:1.1', 'prev_value': None, 'change': True}
2025-06-29 08:34:12,966 : EventManager : Event: ======'machine_var_python_version'====== Args={'value': '3.9.13', 'prev_value': None, 'change': True}
2025-06-29 08:34:12,966 : EventManager : Event: ======'machine_var_platform'====== Args={'value': 'Windows-10-10.0.19045-SP0', 'prev_value': None, 'change': True}
2025-06-29 08:34:12,966 : EventManager : Event: ======'machine_var_platform_system'====== Args={'value': 'Windows', 'prev_value': None, 'change': True}
2025-06-29 08:34:12,966 : EventManager : Event: ======'machine_var_platform_release'====== Args={'value': '10', 'prev_value': None, 'change': True}
2025-06-29 08:34:12,966 : EventManager : Event: ======'machine_var_platform_version'====== Args={'value': '10.0.19045', 'prev_value': None, 'change': True}
2025-06-29 08:34:12,967 : EventManager : Event: ======'machine_var_platform_machine'====== Args={'value': 'AMD64', 'prev_value': None, 'change': True}
2025-06-29 08:34:12,967 : EventManager : Event: ======'machine_var_mc_version'====== Args={'value': 'MPF-MC v0.57.1', 'prev_value': None, 'change': True}
2025-06-29 08:34:12,967 : EventManager : Event: ======'machine_var_mc_extended_version'====== Args={'value': 'MPF-MC v0.57.1 (config_version=6, BCP v1.1,                      Requires MPF API compatibility v0.57.0 or newer)', 'prev_value': None, 'change': True}
2025-06-29 08:34:12,967 : EventManager : Event: ======'machine_var_credits_string'====== Args={'value': 'FREE PLAY', 'prev_value': None, 'change': True}
2025-06-29 08:34:12,967 : EventManager : Event: ======'machine_var_master_volume'====== Args={'value': 0.5, 'prev_value': None, 'change': True}
2025-06-29 08:34:12,967 : EventManager : Event: ======'machine_var_player1_score'====== Args={'value': 0, 'prev_value': None, 'change': True}
2025-06-29 08:34:12,967 : EventManager : Event: ======'machine_var_mpf_version'====== Args={'value': 'Mission Pinball Framework v0.57.3', 'prev_value': None, 'change': True}
2025-06-29 08:34:12,967 : EventManager : Event: ======'machine_var_mpf_extended_version'====== Args={'value': 'Mission Pinball Framework v0.57.3, Config version:6, Show version: 6, BCP version:1.1', 'prev_value': None, 'change': True}
2025-06-29 08:34:12,967 : EventManager : Event: ======'machine_var_python_version'====== Args={'value': '3.9.13', 'prev_value': None, 'change': True}
2025-06-29 08:34:12,967 : EventManager : Event: ======'machine_var_platform'====== Args={'value': 'Windows-10-10.0.19045-SP0', 'prev_value': None, 'change': True}
2025-06-29 08:34:12,968 : EventManager : Event: ======'machine_var_platform_system'====== Args={'value': 'Windows', 'prev_value': None, 'change': True}
2025-06-29 08:34:12,968 : EventManager : Event: ======'machine_var_platform_release'====== Args={'value': '10', 'prev_value': None, 'change': True}
2025-06-29 08:34:12,968 : EventManager : Event: ======'machine_var_platform_version'====== Args={'value': '10.0.19045', 'prev_value': None, 'change': True}
2025-06-29 08:34:12,968 : EventManager : Event: ======'machine_var_platform_machine'====== Args={'value': 'AMD64', 'prev_value': None, 'change': True}
2025-06-29 08:34:12,968 : EventManager : Event: ======'machine_var_mc_version'====== Args={'value': 'MPF-MC v0.57.1', 'prev_value': None, 'change': True}
2025-06-29 08:34:12,968 : EventManager : Event: ======'machine_var_mc_extended_version'====== Args={'value': 'MPF-MC v0.57.1 (config_version=6, BCP v1.1,                      Requires MPF API compatibility v0.57.0 or newer)', 'prev_value': None, 'change': True}
2025-06-29 08:34:12,968 : EventManager : Event: ======'machine_var_credits_string'====== Args={'value': 'FREE PLAY', 'prev_value': None, 'change': True}
2025-06-29 08:34:12,968 : EventManager : Event: ======'machine_var_master_volume'====== Args={'value': 0.5, 'prev_value': None, 'change': True}
2025-06-29 08:34:12,968 : EventManager : Event: ======'machine_var_player1_score'====== Args={'value': 0, 'prev_value': None, 'change': True}
2025-06-29 08:34:12,969 : EventManager : Event: ======'machine_var_mpf_version'====== Args={'value': 'Mission Pinball Framework v0.57.3', 'prev_value': None, 'change': True}
2025-06-29 08:34:12,969 : EventManager : Event: ======'machine_var_mpf_extended_version'====== Args={'value': 'Mission Pinball Framework v0.57.3, Config version:6, Show version: 6, BCP version:1.1', 'prev_value': None, 'change': True}
2025-06-29 08:34:12,969 : EventManager : Event: ======'machine_var_python_version'====== Args={'value': '3.9.13', 'prev_value': None, 'change': True}
2025-06-29 08:34:12,969 : EventManager : Event: ======'machine_var_platform'====== Args={'value': 'Windows-10-10.0.19045-SP0', 'prev_value': None, 'change': True}
2025-06-29 08:34:12,969 : EventManager : Event: ======'machine_var_platform_system'====== Args={'value': 'Windows', 'prev_value': None, 'change': True}
2025-06-29 08:34:12,969 : EventManager : Event: ======'machine_var_platform_release'====== Args={'value': '10', 'prev_value': None, 'change': True}
2025-06-29 08:34:12,969 : EventManager : Event: ======'machine_var_platform_version'====== Args={'value': '10.0.19045', 'prev_value': None, 'change': True}
2025-06-29 08:34:12,969 : EventManager : Event: ======'machine_var_platform_machine'====== Args={'value': 'AMD64', 'prev_value': None, 'change': True}
2025-06-29 08:34:12,969 : EventManager : Event: ======'machine_var_mc_version'====== Args={'value': 'MPF-MC v0.57.1', 'prev_value': None, 'change': True}
2025-06-29 08:34:12,969 : EventManager : Event: ======'machine_var_mc_extended_version'====== Args={'value': 'MPF-MC v0.57.1 (config_version=6, BCP v1.1,                      Requires MPF API compatibility v0.57.0 or newer)', 'prev_value': None, 'change': True}
2025-06-29 08:34:12,970 : EventManager : Event: ======'machine_var_credits_string'====== Args={'value': 'FREE PLAY', 'prev_value': None, 'change': True}
2025-06-29 08:34:12,970 : EventManager : Event: ======'machine_var_master_volume'====== Args={'value': 0.5, 'prev_value': None, 'change': True}
2025-06-29 08:34:12,970 : EventManager : Event: ======'machine_var_player1_score'====== Args={'value': 0, 'prev_value': None, 'change': True}
2025-06-29 08:34:12,970 : EventManager : Event: ======'machine_var_mpf_version'====== Args={'value': 'Mission Pinball Framework v0.57.3', 'prev_value': None, 'change': True}
2025-06-29 08:34:12,970 : EventManager : Event: ======'machine_var_mpf_extended_version'====== Args={'value': 'Mission Pinball Framework v0.57.3, Config version:6, Show version: 6, BCP version:1.1', 'prev_value': None, 'change': True}
2025-06-29 08:34:12,970 : EventManager : Event: ======'machine_var_python_version'====== Args={'value': '3.9.13', 'prev_value': None, 'change': True}
2025-06-29 08:34:12,970 : EventManager : Event: ======'machine_var_platform'====== Args={'value': 'Windows-10-10.0.19045-SP0', 'prev_value': None, 'change': True}
2025-06-29 08:34:12,970 : EventManager : Event: ======'machine_var_platform_system'====== Args={'value': 'Windows', 'prev_value': None, 'change': True}
2025-06-29 08:34:12,970 : EventManager : Event: ======'machine_var_platform_release'====== Args={'value': '10', 'prev_value': None, 'change': True}
2025-06-29 08:34:12,970 : EventManager : Event: ======'machine_var_platform_version'====== Args={'value': '10.0.19045', 'prev_value': None, 'change': True}
2025-06-29 08:34:12,970 : EventManager : Event: ======'machine_var_platform_machine'====== Args={'value': 'AMD64', 'prev_value': None, 'change': True}
2025-06-29 08:34:12,971 : EventManager : Event: ======'machine_var_mc_version'====== Args={'value': 'MPF-MC v0.57.1', 'prev_value': None, 'change': True}
2025-06-29 08:34:12,971 : EventManager : Event: ======'machine_var_mc_extended_version'====== Args={'value': 'MPF-MC v0.57.1 (config_version=6, BCP v1.1,                      Requires MPF API compatibility v0.57.0 or newer)', 'prev_value': None, 'change': True}
2025-06-29 08:34:12,971 : SoundSystem : Setting master volume to 0.5
2025-06-29 08:34:12,971 : SoundSystem : Setting master volume to 0.5
2025-06-29 08:34:12,972 : SoundSystem : Setting master volume to 0.5
2025-06-29 08:34:12,972 : SoundSystem : Setting master volume to 0.5
2025-06-29 08:34:13,049 : mpfmc : Stopping...
2025-06-29 08:34:13,050 : EventManager : Event: ======'shutdown'====== Args={}
2025-06-29 08:34:13,050 : AudioInterface : Disabling audio playback
2025-06-29 08:34:13,204 : mpfmc : Loop rate 46.59 Hz
2025-06-29 08:34:13,205 : kivy : Base: Leaving application in progress...
2025-06-29 08:34:13,216 : mpfmc : Stopping...
2025-06-29 08:34:13,216 : EventManager : Event: ======'shutdown'====== Args={}
2025-06-29 08:34:13,217 : mpfmc : Loop rate 47.16 Hz
2025-06-29 08:34:13,218 : root : MC run loop ended.
2025-06-29 08:34:13,218 : root : Stopping child threads... (2 remaining)
2025-06-29 08:34:13,803 : MPF-MC BCP Server : Stopping BCP sending thread
2025-06-29 08:34:13,821 : root : All child threads stopped.
