2025-06-16 08:42:36,197 : INFO : root : Loading config.
2025-06-16 08:42:36,197 : INFO : YamlMultifileConfigLoader : Machine config file #1: config.yaml
2025-06-16 08:42:36,197 : INFO : ConfigProcessor : Loading config from cache: C:\Users\ruben\AppData\Local\Temp\a17888e5e1df298d67e07ada0b1bff4a.mpf_cache
2025-06-16 08:42:36,213 : WARNING : ConfigProcessor : Config file in cache changed: C:\pinball\my_machine\config\switches.yaml
2025-06-16 08:42:36,213 : INFO : ConfigProcessor : Loading config from file C:\Users\ruben\.local\pipx\venvs\mpf\lib\site-packages\mpf\mpfconfig.yaml.
2025-06-16 08:42:36,323 : INFO : ConfigProcessor : Loading config: C:\Users\ruben\.local\pipx\venvs\mpf\lib\site-packages\mpf\mpfconfig.yaml
2025-06-16 08:42:36,323 : INFO : ConfigProcessor : Loading config from file C:\pinball\my_machine\config\config.yaml.
2025-06-16 08:42:36,338 : INFO : ConfigProcessor : Loading config: C:\pinball\my_machine\config\config.yaml
2025-06-16 08:42:36,338 : INFO : ConfigProcessor : Loading config: C:\pinball\my_machine\config\hardware.yaml
2025-06-16 08:42:36,338 : INFO : ConfigProcessor : Loading config: C:\pinball\my_machine\config\switches.yaml
2025-06-16 08:42:36,354 : INFO : ConfigProcessor : Loading config: C:\pinball\my_machine\config\coils.yaml
2025-06-16 08:42:36,370 : INFO : ConfigProcessor : Loading config: C:\pinball\my_machine\config\devices.yaml
2025-06-16 08:42:36,370 : INFO : ConfigProcessor : Loading config: C:\pinball\my_machine\config\displays.yaml
2025-06-16 08:42:36,370 : INFO : ConfigProcessor : Loading config: C:\pinball\my_machine\config\slides.yaml
2025-06-16 08:42:36,385 : INFO : ConfigProcessor : Config file cache created: C:\Users\ruben\AppData\Local\Temp\a17888e5e1df298d67e07ada0b1bff4a.mpf_cache
2025-06-16 08:42:36,510 : INFO : ConfigProcessor : Loading config from cache: C:\Users\ruben\AppData\Local\Temp\67cf8ffee0fce2d4fcb5ef0bb894d8de.mpf_cache
2025-06-16 08:42:36,510 : INFO : ConfigProcessor : Loading config from cache: C:\Users\ruben\AppData\Local\Temp\25321780674732dcacb77a8f5b2a53cd.mpf_cache
2025-06-16 08:42:36,510 : INFO : ConfigProcessor : Loading config from cache: C:\Users\ruben\AppData\Local\Temp\195f66f1d07408d279921a878741edf5.mpf_cache
2025-06-16 08:42:36,510 : INFO : Machine : Mission Pinball Framework Core Engine v0.56.0
2025-06-16 08:42:36,510 : INFO : Machine : Command line arguments: {'no_load_cache': False, 'create_config_cache': True, 'bcp': True, 'configfile': ['config.yaml'], 'force_assets_load': False, 'jsonlogging': False, 'logfile': 'logs\\2025-06-16-08-42-36-mpf-DESKTOP-11MEIVG.log', 'pause': False, 'production': False, 'text_ui': True, 'loglevel': 15, 'consoleloglevel': 20, 'force_platform': None, 'syslog_address': None, 'mc_file_name': None, 'no_sound': False}
2025-06-16 08:42:36,510 : INFO : Machine : MPF path: C:\Users\ruben\.local\pipx\venvs\mpf\lib\site-packages\mpf
2025-06-16 08:42:36,510 : INFO : Machine : Machine path: C:\pinball\my_machine
2025-06-16 08:42:36,510 : INFO : Machine : Platform: win32
2025-06-16 08:42:36,510 : INFO : Machine : Python executable location: C:\Users\ruben\.local\pipx\venvs\mpf\Scripts\python.exe
2025-06-16 08:42:36,510 : INFO : Machine : Python version: 3.9.13 (64-bit)
2025-06-16 08:42:36,510 : INFO : Machine : Initialise MPF.
2025-06-16 08:42:36,959 : INFO : OPP : Connecting to com3 at 115200bps
2025-06-16 08:42:37,057 : INFO : OPP : Init of OPP board 1 done
2025-06-16 08:42:37,057 : INFO : OPP : Connecting to com4 at 115200bps
2025-06-16 08:42:37,218 : INFO : OPP : Init of OPP board 0 done
2025-06-16 08:42:37,219 : INFO : EventManager : Event: ======'machine_var_credits_string'====== Args={'value': 'FREE PLAY', 'prev_value': None, 'change': True}
2025-06-16 08:42:37,301 : INFO : EventManager : Event: ======'machine_var_master_volume'====== Args={'value': 0.5, 'prev_value': None, 'change': True}
2025-06-16 08:42:37,302 : INFO : EventManager : Event: ======'machine_var_player1_score'====== Args={'value': 0, 'prev_value': None, 'change': True}
2025-06-16 08:42:37,302 : INFO : EventManager : Event: ======'machine_var_mpf_version'====== Args={'value': 'MPF v0.56.0', 'prev_value': None, 'change': True}
2025-06-16 08:42:37,302 : INFO : EventManager : Event: ======'machine_var_mpf_extended_version'====== Args={'value': 'MPF v0.56.0, Config version:5, Show version: 5, BCP version:1.1', 'prev_value': None, 'change': True}
2025-06-16 08:42:37,302 : INFO : EventManager : Event: ======'machine_var_python_version'====== Args={'value': '3.9.13', 'prev_value': None, 'change': True}
2025-06-16 08:42:37,316 : INFO : EventManager : Event: ======'machine_var_platform'====== Args={'value': 'Windows-10-10.0.19045-SP0', 'prev_value': None, 'change': True}
2025-06-16 08:42:37,316 : INFO : EventManager : Event: ======'machine_var_platform_system'====== Args={'value': 'Windows', 'prev_value': None, 'change': True}
2025-06-16 08:42:37,317 : INFO : EventManager : Event: ======'machine_var_platform_release'====== Args={'value': '10', 'prev_value': None, 'change': True}
2025-06-16 08:42:37,317 : INFO : EventManager : Event: ======'machine_var_platform_version'====== Args={'value': '10.0.19045', 'prev_value': None, 'change': True}
2025-06-16 08:42:37,317 : INFO : EventManager : Event: ======'machine_var_platform_machine'====== Args={'value': 'AMD64', 'prev_value': None, 'change': True}
2025-06-16 08:42:37,317 : INFO : EventManager : Event: ======'init_phase_1'====== Args={}
2025-06-16 08:42:37,347 : INFO : EventManager : Event: ======'init_phase_2'====== Args={}
2025-06-16 08:42:37,352 : INFO : EventManager : Event: ======'bcp_connection_attempt'====== Args={'name': 'local_display', 'host': 'localhost', 'port': 5050}
2025-06-16 08:42:37,354 : INFO : BCPClientSocket : Connecting BCP to 'local_display' at localhost:5050...
2025-06-16 08:42:39,900 : INFO : BCPClientSocket : Connected BCP to 'local_display' localhost:5050
2025-06-16 08:42:39,901 : INFO : EventManager : Event: ======'bcp_clients_connected'====== Args={}
2025-06-16 08:42:39,912 : INFO : ball_device.bd_trough : BCH: Initial count: 0
2025-06-16 08:42:39,913 : INFO : EventManager : Event: ======'machine_var_mc_version'====== Args={'value': 'MPF-MC v0.56.1', 'prev_value': None, 'change': True}
2025-06-16 08:42:39,914 : INFO : EventManager : Event: ======'machine_var_mc_extended_version'====== Args={'value': 'MPF-MC v0.56.1 (config_version=5, BCP v1.1,                      Requires MPF API compatibility v0.56.0 or newer)', 'prev_value': None, 'change': True}
2025-06-16 08:42:39,917 : INFO : ball_device.bd_trough : State: idle
2025-06-16 08:42:39,966 : INFO : EventManager : Event: ======'init_phase_3'====== Args={}
2025-06-16 08:42:39,970 : INFO : EventManager : Event: ======'init_phase_4'====== Args={}
2025-06-16 08:42:39,970 : INFO : BallController : Initial balls found: 0
2025-06-16 08:42:39,973 : INFO : EventManager : Event: ======'machine_var_audits_events_game_ended'====== Args={'value': 50, 'prev_value': None, 'change': True}
2025-06-16 08:42:39,974 : INFO : EventManager : Event: ======'machine_var_audits_events_game_started'====== Args={'value': 98, 'prev_value': None, 'change': True}
2025-06-16 08:42:39,975 : INFO : EventManager : Event: ======'machine_var_audits_missing_switches_s_left_flipper'====== Args={'value': 8, 'prev_value': None, 'change': True}
2025-06-16 08:42:39,975 : INFO : EventManager : Event: ======'machine_var_audits_missing_switches_s_left_inlane1'====== Args={'value': 8, 'prev_value': None, 'change': True}
2025-06-16 08:42:39,975 : INFO : EventManager : Event: ======'machine_var_audits_missing_switches_s_left_inlane2'====== Args={'value': 8, 'prev_value': None, 'change': True}
2025-06-16 08:42:39,975 : INFO : EventManager : Event: ======'machine_var_audits_missing_switches_s_left_outlane'====== Args={'value': 9, 'prev_value': None, 'change': True}
2025-06-16 08:42:39,976 : INFO : EventManager : Event: ======'machine_var_audits_missing_switches_s_left_slingshot'====== Args={'value': 9, 'prev_value': None, 'change': True}
2025-06-16 08:42:39,976 : INFO : EventManager : Event: ======'machine_var_audits_missing_switches_s_pop1'====== Args={'value': 9, 'prev_value': None, 'change': True}
2025-06-16 08:42:39,976 : INFO : EventManager : Event: ======'machine_var_audits_missing_switches_s_pop2'====== Args={'value': 9, 'prev_value': None, 'change': True}
2025-06-16 08:42:39,976 : INFO : EventManager : Event: ======'machine_var_audits_missing_switches_s_pop3'====== Args={'value': 9, 'prev_value': None, 'change': True}
2025-06-16 08:42:39,976 : INFO : EventManager : Event: ======'machine_var_audits_missing_switches_s_pop4'====== Args={'value': 8, 'prev_value': None, 'change': True}
2025-06-16 08:42:39,977 : INFO : EventManager : Event: ======'machine_var_audits_missing_switches_s_pop5'====== Args={'value': 8, 'prev_value': None, 'change': True}
2025-06-16 08:42:39,977 : INFO : EventManager : Event: ======'machine_var_audits_missing_switches_s_right_inlane'====== Args={'value': 9, 'prev_value': None, 'change': True}
2025-06-16 08:42:39,977 : INFO : EventManager : Event: ======'machine_var_audits_missing_switches_s_right_outlane'====== Args={'value': 9, 'prev_value': None, 'change': True}
2025-06-16 08:42:39,977 : INFO : EventManager : Event: ======'machine_var_audits_missing_switches_s_right_slingshot'====== Args={'value': 9, 'prev_value': None, 'change': True}
2025-06-16 08:42:39,977 : INFO : EventManager : Event: ======'machine_var_audits_missing_switches_s_scoop_center'====== Args={'value': 8, 'prev_value': None, 'change': True}
2025-06-16 08:42:39,978 : INFO : EventManager : Event: ======'machine_var_audits_missing_switches_s_scoop_right'====== Args={'value': 9, 'prev_value': None, 'change': True}
2025-06-16 08:42:39,978 : INFO : EventManager : Event: ======'machine_var_audits_missing_switches_s_startButton'====== Args={'value': 9, 'prev_value': None, 'change': True}
2025-06-16 08:42:39,978 : INFO : EventManager : Event: ======'machine_var_audits_missing_switches_s_trough1'====== Args={'value': 9, 'prev_value': None, 'change': True}
2025-06-16 08:42:39,978 : INFO : EventManager : Event: ======'machine_var_audits_missing_switches_s_trough2'====== Args={'value': 9, 'prev_value': None, 'change': True}
2025-06-16 08:42:39,979 : INFO : EventManager : Event: ======'machine_var_audits_missing_switches_s_trough3'====== Args={'value': 9, 'prev_value': None, 'change': True}
2025-06-16 08:42:39,979 : INFO : EventManager : Event: ======'machine_var_audits_missing_switches_s_trough4'====== Args={'value': 9, 'prev_value': None, 'change': True}
2025-06-16 08:42:39,979 : INFO : EventManager : Event: ======'machine_var_audits_missing_switches_s_trough5'====== Args={'value': 8, 'prev_value': None, 'change': True}
2025-06-16 08:42:39,979 : INFO : EventManager : Event: ======'machine_var_audits_player_score'====== Args={'value': {'average': 0.0, 'top': [0, 0, 0, 0, 0, 0, 0, 0, 0, 0], 'total': 50}, 'prev_value': None, 'change': True}
2025-06-16 08:42:39,980 : INFO : EventManager : Event: ======'machine_var_audits_switches_s_drop_bank1'====== Args={'value': 140, 'prev_value': None, 'change': True}
2025-06-16 08:42:39,980 : INFO : EventManager : Event: ======'machine_var_audits_switches_s_left_flipper'====== Args={'value': 2280, 'prev_value': None, 'change': True}
2025-06-16 08:42:39,980 : INFO : EventManager : Event: ======'machine_var_audits_switches_s_left_inlane1'====== Args={'value': 1, 'prev_value': None, 'change': True}
2025-06-16 08:42:39,981 : INFO : EventManager : Event: ======'machine_var_audits_switches_s_left_inlane2'====== Args={'value': 1, 'prev_value': None, 'change': True}
2025-06-16 08:42:39,981 : INFO : EventManager : Event: ======'machine_var_audits_switches_s_left_outlane'====== Args={'value': 0, 'prev_value': None, 'change': True}
2025-06-16 08:42:39,981 : INFO : EventManager : Event: ======'machine_var_audits_switches_s_left_slingshot'====== Args={'value': 290, 'prev_value': None, 'change': True}
2025-06-16 08:42:39,981 : INFO : EventManager : Event: ======'machine_var_audits_switches_s_plunger'====== Args={'value': 5, 'prev_value': None, 'change': True}
2025-06-16 08:42:39,982 : INFO : EventManager : Event: ======'machine_var_audits_switches_s_pop1'====== Args={'value': 0, 'prev_value': None, 'change': True}
2025-06-16 08:42:39,982 : INFO : EventManager : Event: ======'machine_var_audits_switches_s_pop2'====== Args={'value': 0, 'prev_value': None, 'change': True}
2025-06-16 08:42:39,983 : INFO : EventManager : Event: ======'machine_var_audits_switches_s_pop3'====== Args={'value': 0, 'prev_value': None, 'change': True}
2025-06-16 08:42:39,984 : INFO : EventManager : Event: ======'machine_var_audits_switches_s_pop4'====== Args={'value': 1, 'prev_value': None, 'change': True}
2025-06-16 08:42:39,984 : INFO : EventManager : Event: ======'machine_var_audits_switches_s_pop5'====== Args={'value': 1, 'prev_value': None, 'change': True}
2025-06-16 08:42:39,985 : INFO : EventManager : Event: ======'machine_var_audits_switches_s_pop_bot'====== Args={'value': 426, 'prev_value': None, 'change': True}
2025-06-16 08:42:39,985 : INFO : EventManager : Event: ======'machine_var_audits_switches_s_pop_mid'====== Args={'value': 351, 'prev_value': None, 'change': True}
2025-06-16 08:42:39,986 : INFO : EventManager : Event: ======'machine_var_audits_switches_s_pop_top'====== Args={'value': 302, 'prev_value': None, 'change': True}
2025-06-16 08:42:39,986 : INFO : EventManager : Event: ======'machine_var_audits_switches_s_right_flipper'====== Args={'value': 2332, 'prev_value': None, 'change': True}
2025-06-16 08:42:39,986 : INFO : EventManager : Event: ======'machine_var_audits_switches_s_right_inlane'====== Args={'value': 57, 'prev_value': None, 'change': True}
2025-06-16 08:42:39,987 : INFO : EventManager : Event: ======'machine_var_audits_switches_s_right_outlane'====== Args={'value': 0, 'prev_value': None, 'change': True}
2025-06-16 08:42:39,987 : INFO : EventManager : Event: ======'machine_var_audits_switches_s_right_slingshot'====== Args={'value': 255, 'prev_value': None, 'change': True}
2025-06-16 08:42:39,987 : INFO : EventManager : Event: ======'machine_var_audits_switches_s_scoop_center'====== Args={'value': 1, 'prev_value': None, 'change': True}
2025-06-16 08:42:39,987 : INFO : EventManager : Event: ======'machine_var_audits_switches_s_scoop_lower'====== Args={'value': 220, 'prev_value': None, 'change': True}
2025-06-16 08:42:39,988 : INFO : EventManager : Event: ======'machine_var_audits_switches_s_scoop_right'====== Args={'value': 0, 'prev_value': None, 'change': True}
2025-06-16 08:42:39,988 : INFO : EventManager : Event: ======'machine_var_audits_switches_s_shooter_lane'====== Args={'value': 8, 'prev_value': None, 'change': True}
2025-06-16 08:42:39,988 : INFO : EventManager : Event: ======'machine_var_audits_switches_s_startButton'====== Args={'value': 34, 'prev_value': None, 'change': True}
2025-06-16 08:42:39,989 : INFO : EventManager : Event: ======'machine_var_audits_switches_s_trough1'====== Args={'value': 303, 'prev_value': None, 'change': True}
2025-06-16 08:42:39,989 : INFO : EventManager : Event: ======'machine_var_audits_switches_s_trough2'====== Args={'value': 1, 'prev_value': None, 'change': True}
2025-06-16 08:42:39,989 : INFO : EventManager : Event: ======'machine_var_audits_switches_s_trough3'====== Args={'value': 1, 'prev_value': None, 'change': True}
2025-06-16 08:42:39,990 : INFO : EventManager : Event: ======'machine_var_audits_switches_s_trough4'====== Args={'value': 1, 'prev_value': None, 'change': True}
2025-06-16 08:42:39,990 : INFO : EventManager : Event: ======'machine_var_audits_switches_s_trough5'====== Args={'value': 1, 'prev_value': None, 'change': True}
2025-06-16 08:42:39,992 : INFO : EventManager : Event: ======'init_phase_5'====== Args={}
2025-06-16 08:42:39,995 : INFO : EventManager : Event: ======'init_done'====== Args={}
2025-06-16 08:42:39,997 : INFO : EventManager : Event: ======'machine_reset_phase_1'====== Args={}
2025-06-16 08:42:40,004 : INFO : EventManager : Event: ======'slide_welcome_slide_removed'====== Args={'_from_bcp': True}
2025-06-16 08:42:40,009 : INFO : EventManager : Event: ======'slide_welcome_slide_created'====== Args={'_from_bcp': True}
2025-06-16 08:42:40,010 : INFO : EventManager : Event: ======'machine_reset_phase_2'====== Args={}
2025-06-16 08:42:40,011 : INFO : EventManager : Event: ======'slide_welcome_slide_active'====== Args={'_from_bcp': True}
2025-06-16 08:42:40,011 : INFO : EventManager : Event: ======'machine_reset_phase_3'====== Args={}
2025-06-16 08:42:40,015 : INFO : EventManager : Event: ======'reset_complete'====== Args={}
2025-06-16 08:42:40,016 : INFO : EventManager : Event: ======'mode_attract_will_start'====== Args={}
2025-06-16 08:42:40,017 : INFO : EventManager : Event: ======'mode_attract_starting'====== Args={}
2025-06-16 08:42:40,017 : INFO : Mode.attract : Started. Priority: 10
2025-06-16 08:42:40,017 : INFO : EventManager : Event: ======'modes_active_modes_changed'====== Args={}
2025-06-16 08:42:40,018 : INFO : EventManager : Event: ======'mode_attract_started'====== Args={}
2025-06-16 08:42:40,018 : INFO : EventManager : Event: ======'collecting_balls_complete'====== Args={}
2025-06-16 08:42:40,041 : INFO : EventManager : Event: ======'slide_attract_started_created'====== Args={'_from_bcp': True}
2025-06-16 08:42:40,041 : INFO : EventManager : Event: ======'slide_attract_started_active'====== Args={'_from_bcp': True}
2025-06-16 08:42:40,042 : INFO : Machine : Starting the main run loop.
2025-06-16 08:42:42,651 : INFO : SwitchController : <<<<<<< 's_pop4' active >>>>>>>
2025-06-16 08:42:42,651 : INFO : EventManager : Event: ======'playfield_active'====== Args={}
2025-06-16 08:42:42,651 : INFO : EventManager : Event: ======'unexpected_ball_on_playfield'====== Args={}
2025-06-16 08:42:42,667 : INFO : SwitchController : <<<<<<< 's_pop4' inactive >>>>>>>
2025-06-16 08:42:43,672 : INFO : SwitchController : <<<<<<< 's_pop4' active >>>>>>>
2025-06-16 08:42:43,673 : INFO : EventManager : Event: ======'playfield_active'====== Args={}
2025-06-16 08:42:43,673 : INFO : EventManager : Event: ======'unexpected_ball_on_playfield'====== Args={}
2025-06-16 08:42:43,688 : INFO : SwitchController : <<<<<<< 's_pop4' inactive >>>>>>>
2025-06-16 08:42:44,695 : INFO : SwitchController : <<<<<<< 's_pop2' active >>>>>>>
2025-06-16 08:42:44,695 : INFO : EventManager : Event: ======'playfield_active'====== Args={}
2025-06-16 08:42:44,695 : INFO : EventManager : Event: ======'unexpected_ball_on_playfield'====== Args={}
2025-06-16 08:42:44,706 : INFO : SwitchController : <<<<<<< 's_pop2' inactive >>>>>>>
2025-06-16 08:42:45,192 : INFO : SwitchController : <<<<<<< 's_pop2' active >>>>>>>
2025-06-16 08:42:45,192 : INFO : EventManager : Event: ======'playfield_active'====== Args={}
2025-06-16 08:42:45,193 : INFO : EventManager : Event: ======'unexpected_ball_on_playfield'====== Args={}
2025-06-16 08:42:45,208 : INFO : SwitchController : <<<<<<< 's_pop2' inactive >>>>>>>
2025-06-16 08:42:45,255 : INFO : SwitchController : <<<<<<< 's_pop2' active >>>>>>>
2025-06-16 08:42:45,256 : INFO : EventManager : Event: ======'playfield_active'====== Args={}
2025-06-16 08:42:45,256 : INFO : EventManager : Event: ======'unexpected_ball_on_playfield'====== Args={}
2025-06-16 08:42:45,364 : INFO : SwitchController : <<<<<<< 's_pop2' inactive >>>>>>>
2025-06-16 08:42:50,615 : INFO : Machine : Shutting down...
2025-06-16 08:42:50,616 : INFO : EventManager : Event: ======'shutdown'====== Args={}
2025-06-16 08:42:50,620 : ERROR : OPP : Stop called on serial connection com3
2025-06-16 08:42:50,651 : ERROR : OPP : Stop called on serial connection com4
2025-06-16 08:42:50,653 : ERROR : asyncio : Exception in callback Util.raise_exceptions(<Task finishe...ection lost')>) at C:\Users\ruben\.local\pipx\venvs\mpf\lib\site-packages\mpf\core\utility_functions.py:759
handle: <Handle Util.raise_exceptions(<Task finishe...ection lost')>) at C:\Users\ruben\.local\pipx\venvs\mpf\lib\site-packages\mpf\core\utility_functions.py:759>
Traceback (most recent call last):
  File "C:\Users\ruben\AppData\Local\Programs\Python\Python39\lib\asyncio\events.py", line 80, in _run
    self._context.run(self._callback, *self._args)
  File "C:\Users\ruben\.local\pipx\venvs\mpf\lib\site-packages\mpf\core\utility_functions.py", line 767, in raise_exceptions
    future.result()
  File "C:\Users\ruben\.local\pipx\venvs\mpf\lib\site-packages\mpf\platforms\opp\opp.py", line 965, in _poll_sender
    await self.opp_connection[chain_serial].writer.drain()
  File "C:\Users\ruben\AppData\Local\Programs\Python\Python39\lib\asyncio\streams.py", line 387, in drain
    await self._protocol._drain_helper()
  File "C:\Users\ruben\AppData\Local\Programs\Python\Python39\lib\asyncio\streams.py", line 190, in _drain_helper
    raise ConnectionResetError('Connection lost')
ConnectionResetError: Connection lost
2025-06-16 08:42:50,910 : WARNING : OPP : Poll took more than 250.0ms for 0
2025-06-16 08:42:50,910 : ERROR : asyncio : Exception in callback Util.raise_exceptions(<Task finishe...ute 'write'")>) at C:\Users\ruben\.local\pipx\venvs\mpf\lib\site-packages\mpf\core\utility_functions.py:759
handle: <Handle Util.raise_exceptions(<Task finishe...ute 'write'")>) at C:\Users\ruben\.local\pipx\venvs\mpf\lib\site-packages\mpf\core\utility_functions.py:759>
Traceback (most recent call last):
  File "C:\Users\ruben\AppData\Local\Programs\Python\Python39\lib\asyncio\events.py", line 80, in _run
    self._context.run(self._callback, *self._args)
  File "C:\Users\ruben\.local\pipx\venvs\mpf\lib\site-packages\mpf\core\utility_functions.py", line 767, in raise_exceptions
    future.result()
  File "C:\Users\ruben\.local\pipx\venvs\mpf\lib\site-packages\mpf\platforms\opp\opp.py", line 964, in _poll_sender
    self.send_to_processor(chain_serial, self.read_input_msg[chain_serial])
  File "C:\Users\ruben\.local\pipx\venvs\mpf\lib\site-packages\mpf\platforms\opp\opp.py", line 345, in send_to_processor
    self.opp_connection[chain_serial].send(msg)
  File "C:\Users\ruben\.local\pipx\venvs\mpf\lib\site-packages\mpf\platforms\base_serial_communicator.py", line 160, in send
    self.writer.write(msg)
AttributeError: 'NoneType' object has no attribute 'write'
2025-06-16 08:42:50,913 : INFO : root : MPF run loop ended.
