2025-05-29 08:52:31,292 : kivy : Factory: 189 symbols loaded
2025-05-29 08:52:31,636 : kivy : ImageLoaderFFPy: Using ffpyplayer 4.3.5
2025-05-29 08:52:31,636 : kivy : Image: Providers: img_tex, img_dds, img_sdl2, img_pil, img_ffpyplayer 
2025-05-29 08:52:31,695 : kivy : VideoGstplayer: Using Gstreamer 1.18.5.0
2025-05-29 08:52:31,695 : kivy : Video: Provider: gstplayer
2025-05-29 08:52:31,920 : kivy : Loading MPF-MC controller
2025-05-29 08:52:31,925 : YamlMultifileConfigLoader : Machine config file #1: config
2025-05-29 08:52:31,926 : ConfigProcessor : Config file in cache changed: C:\pinball\my_machine\config\config
2025-05-29 08:52:31,927 : ConfigProcessor : Loading config from file C:\Users\ruben\.local\pipx\venvs\mpf\lib\site-packages\mpfmc\mcconfig.yaml.
2025-05-29 08:52:31,985 : ConfigProcessor : Loading config: C:\Users\ruben\.local\pipx\venvs\mpf\lib\site-packages\mpfmc\mcconfig.yaml
2025-05-29 08:52:31,986 : ConfigProcessor : Loading config from file C:\pinball\my_machine\config\config.
2025-05-29 08:52:32,026 : ConfigProcessor : Loading config: C:\pinball\my_machine\config\config
2025-05-29 08:52:32,028 : ConfigProcessor : Config file cache created: C:\Users\ruben\AppData\Local\Temp\5edbcd24fbe704f5401fb4c9e1e1d8f8.mpf_cache
2025-05-29 08:52:32,029 : ConfigProcessor : Loading config from cache: C:\Users\ruben\AppData\Local\Temp\67cf8ffee0fce2d4fcb5ef0bb894d8de.mpf_cache
2025-05-29 08:52:32,030 : ConfigProcessor : Loading config from cache: C:\Users\ruben\AppData\Local\Temp\25321780674732dcacb77a8f5b2a53cd.mpf_cache
2025-05-29 08:52:32,031 : mpfmc : Mission Pinball Framework Media Controller v0.56.1
2025-05-29 08:52:32,031 : mpfmc : Mission Pinball Framework Game Engine v0.56.0
2025-05-29 08:52:32,031 : mpfmc : Machine path: C:\pinball\my_machine
2025-05-29 08:52:32,031 : mpfmc : Starting clock at 60.0Hz
2025-05-29 08:52:32,052 : kivy : Text: Provider: sdl2
2025-05-29 08:52:32,122 : kivy : Window: Provider: sdl2
2025-05-29 08:52:33,264 : kivy : GL: Using the "OpenGL" graphics system
2025-05-29 08:52:33,273 : kivy : GL: GLEW initialization succeeded
2025-05-29 08:52:33,273 : kivy : GL: Backend used <glew>
2025-05-29 08:52:33,273 : kivy : GL: OpenGL version <b'4.5.0 NVIDIA 376.54'>
2025-05-29 08:52:33,274 : kivy : GL: OpenGL vendor <b'NVIDIA Corporation'>
2025-05-29 08:52:33,274 : kivy : GL: OpenGL renderer <b'GeForce GT 630M/PCIe/SSE2'>
2025-05-29 08:52:33,274 : kivy : GL: OpenGL parsed version: 4, 5
2025-05-29 08:52:33,274 : kivy : GL: Shading version <b'4.50 NVIDIA'>
2025-05-29 08:52:33,274 : kivy : GL: Texture max size <16384>
2025-05-29 08:52:33,274 : kivy : GL: Texture max units <32>
2025-05-29 08:52:33,299 : kivy : Window: auto add sdl2 input provider
2025-05-29 08:52:33,300 : kivy : Window: virtual keyboard not allowed, single mode, not docked
2025-05-29 08:52:33,314 : SoundSystem : SoundSystem: Using default 'sound_system' settings
2025-05-29 08:52:33,746 : AudioInterface : Initialized
2025-05-29 08:52:33,747 : AudioInterface : Loaded SDL 2.0.20
2025-05-29 08:52:33,747 : AudioInterface : Loaded SDL_Mixer 2.0.4
2025-05-29 08:52:33,747 : AudioInterface : Loaded GStreamer 1.18.5.0
2025-05-29 08:52:33,747 : AudioInterface : Loaded GLib 2.62.6
2025-05-29 08:52:33,747 : AudioInterface : Settings requested - rate: 44100, channels: 1, buffer: 2048 samples
2025-05-29 08:52:33,747 : AudioInterface : Settings in use - rate: 44100, channels: 1, buffer: 2048 samples (4096 bytes @ 2 bytes per sample)
2025-05-29 08:52:33,748 : SoundSystem : No audio tracks are specified in your machine config file. a track named 'default' has been created.
2025-05-29 08:52:33,748 : SoundSystem : Setting master volume to 0.0
2025-05-29 08:52:33,748 : SoundSystem : master_volume in sound_system is deprecated and will be removed in the future.
2025-05-29 08:52:33,748 : AudioInterface : Enabling audio playback
2025-05-29 08:52:33,753 : kivy : Base: Start application main loop
2025-05-29 08:52:33,754 : EventManager : Event: ======'display_window_initialized'====== Args={}
2025-05-29 08:52:33,763 : mpfmc : Display: Setting 'window' as default display
2025-05-29 08:52:33,777 : EventManager : Event: ======'displays_initialized'====== Args={}
2025-05-29 08:52:33,779 : EventManager : Event: ======'slide_window_blank_created'====== Args={}
2025-05-29 08:52:33,780 : EventManager : Event: ======'display_window_ready'====== Args={}
2025-05-29 08:52:33,815 : EventManager : Event: ======'init_phase_1'====== Args={}
2025-05-29 08:52:33,829 : EventManager : Event: ======'mc_ready'====== Args={}
2025-05-29 08:52:33,829 : EventManager : Event: ======'init_phase_2'====== Args={}
2025-05-29 08:52:33,832 : EventManager : Event: ======'init_phase_3'====== Args={}
2025-05-29 08:52:33,834 : EventManager : Event: ======'init_phase_4'====== Args={}
2025-05-29 08:52:33,835 : EventManager : Event: ======'init_phase_5'====== Args={}
2025-05-29 08:52:33,835 : EventManager : Event: ======'init_done'====== Args={}
2025-05-29 08:52:33,835 : MPF-MC BCP Server : Starting up on localhost port 5050
2025-05-29 08:52:33,843 : MPF-MC BCP Server : Waiting for a connection...
2025-05-29 08:52:33,843 : mpfmc : SlidePlayer: Play called with settings={'slides': {welcome_slide-None-None: {'priority': None, 'target': None, 'background_color': [0.0, 0.0, 0.0, 1.0], 'show': True, 'force': False, 'expire': None, 'slide': None, 'tokens': {}, 'action': 'play', 'transition': None, 'transition_out': None}}}
2025-05-29 08:52:33,927 : kivy : GL: NPOT texture support is available
2025-05-29 08:52:33,928 : EventManager : Event: ======'slide_welcome_slide_created'====== Args={}
2025-05-29 08:52:33,932 : EventManager : Event: ======'slide_welcome_slide_active'====== Args={}
2025-05-29 08:52:33,937 : EventManager : Event: ======'client_disconnected'====== Args={'host': '127.0.0.1', 'port': 5050}
2025-05-29 08:53:19,376 : kivy : Base: Leaving application in progress...
