2025-05-30 06:35:35,410 : kivy : Factory: 189 symbols loaded
2025-05-30 06:35:35,757 : kivy : ImageLoaderFFPy: Using ffpyplayer 4.3.5
2025-05-30 06:35:35,757 : kivy : Image: Providers: img_tex, img_dds, img_sdl2, img_pil, img_ffpyplayer 
2025-05-30 06:35:35,818 : kivy : VideoGstplayer: Using Gstreamer 1.18.5.0
2025-05-30 06:35:35,819 : kivy : Video: Provider: gstplayer
2025-05-30 06:35:36,048 : kivy : Loading MPF-MC controller
2025-05-30 06:35:36,052 : YamlMultifileConfigLoader : Machine config file #1: config
2025-05-30 06:35:36,053 : ConfigProcessor : Config file in cache changed: C:\pinball\my_machine\config\config
2025-05-30 06:35:36,054 : ConfigProcessor : Loading config from file C:\Users\ruben\.local\pipx\venvs\mpf\lib\site-packages\mpfmc\mcconfig.yaml.
2025-05-30 06:35:36,108 : ConfigProcessor : Loading config: C:\Users\ruben\.local\pipx\venvs\mpf\lib\site-packages\mpfmc\mcconfig.yaml
2025-05-30 06:35:36,109 : ConfigProcessor : Loading config from file C:\pinball\my_machine\config\config.
2025-05-30 06:35:36,150 : ConfigProcessor : Loading config: C:\pinball\my_machine\config\config
2025-05-30 06:35:36,152 : ConfigProcessor : Config file cache created: C:\Users\ruben\AppData\Local\Temp\5edbcd24fbe704f5401fb4c9e1e1d8f8.mpf_cache
2025-05-30 06:35:36,153 : ConfigProcessor : Loading config from cache: C:\Users\ruben\AppData\Local\Temp\67cf8ffee0fce2d4fcb5ef0bb894d8de.mpf_cache
2025-05-30 06:35:36,155 : ConfigProcessor : Loading config from cache: C:\Users\ruben\AppData\Local\Temp\25321780674732dcacb77a8f5b2a53cd.mpf_cache
2025-05-30 06:35:36,155 : mpfmc : Mission Pinball Framework Media Controller v0.56.1
2025-05-30 06:35:36,156 : mpfmc : Mission Pinball Framework Game Engine v0.56.0
2025-05-30 06:35:36,156 : mpfmc : Machine path: C:\pinball\my_machine
2025-05-30 06:35:36,156 : mpfmc : Starting clock at 60.0Hz
2025-05-30 06:35:36,179 : kivy : Text: Provider: sdl2
2025-05-30 06:35:36,247 : kivy : Window: Provider: sdl2
2025-05-30 06:35:37,427 : kivy : GL: Using the "OpenGL" graphics system
2025-05-30 06:35:37,437 : kivy : GL: GLEW initialization succeeded
2025-05-30 06:35:37,437 : kivy : GL: Backend used <glew>
2025-05-30 06:35:37,437 : kivy : GL: OpenGL version <b'4.5.0 NVIDIA 376.54'>
2025-05-30 06:35:37,437 : kivy : GL: OpenGL vendor <b'NVIDIA Corporation'>
2025-05-30 06:35:37,437 : kivy : GL: OpenGL renderer <b'GeForce GT 630M/PCIe/SSE2'>
2025-05-30 06:35:37,437 : kivy : GL: OpenGL parsed version: 4, 5
2025-05-30 06:35:37,437 : kivy : GL: Shading version <b'4.50 NVIDIA'>
2025-05-30 06:35:37,438 : kivy : GL: Texture max size <16384>
2025-05-30 06:35:37,438 : kivy : GL: Texture max units <32>
2025-05-30 06:35:37,469 : kivy : Window: auto add sdl2 input provider
2025-05-30 06:35:37,469 : kivy : Window: virtual keyboard not allowed, single mode, not docked
2025-05-30 06:35:37,486 : SoundSystem : SoundSystem: Using default 'sound_system' settings
2025-05-30 06:35:37,891 : AudioInterface : Initialized
2025-05-30 06:35:37,892 : AudioInterface : Loaded SDL 2.0.20
2025-05-30 06:35:37,892 : AudioInterface : Loaded SDL_Mixer 2.0.4
2025-05-30 06:35:37,892 : AudioInterface : Loaded GStreamer 1.18.5.0
2025-05-30 06:35:37,892 : AudioInterface : Loaded GLib 2.62.6
2025-05-30 06:35:37,892 : AudioInterface : Settings requested - rate: 44100, channels: 1, buffer: 2048 samples
2025-05-30 06:35:37,892 : AudioInterface : Settings in use - rate: 44100, channels: 1, buffer: 2048 samples (4096 bytes @ 2 bytes per sample)
2025-05-30 06:35:37,893 : SoundSystem : No audio tracks are specified in your machine config file. a track named 'default' has been created.
2025-05-30 06:35:37,893 : SoundSystem : Setting master volume to 0.0
2025-05-30 06:35:37,893 : SoundSystem : master_volume in sound_system is deprecated and will be removed in the future.
2025-05-30 06:35:37,893 : AudioInterface : Enabling audio playback
2025-05-30 06:35:37,896 : kivy : Base: Start application main loop
2025-05-30 06:35:37,897 : EventManager : Event: ======'display_window_initialized'====== Args={}
2025-05-30 06:35:37,909 : mpfmc : Display: Setting 'window' as default display
2025-05-30 06:35:37,926 : EventManager : Event: ======'displays_initialized'====== Args={}
2025-05-30 06:35:37,928 : EventManager : Event: ======'slide_window_blank_created'====== Args={}
2025-05-30 06:35:37,928 : EventManager : Event: ======'display_window_ready'====== Args={}
2025-05-30 06:35:37,960 : EventManager : Event: ======'init_phase_1'====== Args={}
2025-05-30 06:35:37,977 : EventManager : Event: ======'mc_ready'====== Args={}
2025-05-30 06:35:37,977 : EventManager : Event: ======'init_phase_2'====== Args={}
2025-05-30 06:35:37,981 : EventManager : Event: ======'init_phase_3'====== Args={}
2025-05-30 06:35:37,984 : EventManager : Event: ======'init_phase_4'====== Args={}
2025-05-30 06:35:37,984 : EventManager : Event: ======'init_phase_5'====== Args={}
2025-05-30 06:35:37,984 : EventManager : Event: ======'init_done'====== Args={}
2025-05-30 06:35:37,985 : MPF-MC BCP Server : Starting up on localhost port 5050
2025-05-30 06:35:37,993 : MPF-MC BCP Server : Waiting for a connection...
2025-05-30 06:35:37,993 : mpfmc : SlidePlayer: Play called with settings={'slides': {welcome_slide-None-None: {'priority': None, 'target': None, 'background_color': [0.0, 0.0, 0.0, 1.0], 'show': True, 'force': False, 'expire': None, 'slide': None, 'tokens': {}, 'action': 'play', 'transition': None, 'transition_out': None}}}
2025-05-30 06:35:38,113 : kivy : GL: NPOT texture support is available
2025-05-30 06:35:38,117 : EventManager : Event: ======'slide_welcome_slide_created'====== Args={}
2025-05-30 06:35:38,121 : EventManager : Event: ======'slide_welcome_slide_active'====== Args={}
2025-05-30 06:35:38,126 : EventManager : Event: ======'client_disconnected'====== Args={'host': '127.0.0.1', 'port': 5050}
2025-05-30 06:36:31,649 : kivy : Base: Leaving application in progress...
