2025-06-18 16:57:18,315 : kivy : Kivy: v2.2.1
2025-06-18 16:57:18,315 : kivy : Kivy: Installed at "/Library/Frameworks/Python.framework/Versions/3.9/lib/python3.9/site-packages/kivy/__init__.py"
2025-06-18 16:57:18,315 : kivy : Python: v3.9.13 (v3.9.13:6de2ca5339, May 17 2022, 11:37:23) 
[Clang 13.0.0 (clang-1300.0.29.30)]
2025-06-18 16:57:18,315 : kivy : Python: Interpreter at "/Library/Frameworks/Python.framework/Versions/3.9/bin/python3.9"
2025-06-18 16:57:18,323 : kivy : Factory: 190 symbols loaded
2025-06-18 16:57:18,421 : kivy : ImageLoaderFFPy: Using ffpyplayer 4.5.1
2025-06-18 16:57:18,421 : kivy : Image: Providers: img_tex, img_imageio, img_dds, img_sdl2, img_pil, img_ffpyplayer 
2025-06-18 16:57:18,519 : kivy : VideoFFPy: Using ffpyplayer 4.5.1
2025-06-18 16:57:18,519 : kivy : Video: Provider: ffpyplayer(['video_ffmpeg'] ignored)
2025-06-18 16:57:18,545 : root : Loading MPF-MC controller
2025-06-18 16:57:18,552 : YamlMultifileConfigLoader : Machine config file #1: config
2025-06-18 16:57:18,553 : ConfigProcessor : Config file in cache changed: /Users/ruben/Pinball/mpf-pinball/config/config
2025-06-18 16:57:18,553 : ConfigProcessor : Loading config from file /Library/Frameworks/Python.framework/Versions/3.9/lib/python3.9/site-packages/mpfmc/mcconfig.yaml.
2025-06-18 16:57:18,557 : ConfigProcessor : Loading config: /Library/Frameworks/Python.framework/Versions/3.9/lib/python3.9/site-packages/mpfmc/mcconfig.yaml
2025-06-18 16:57:18,557 : ConfigProcessor : Loading config from file /Users/ruben/Pinball/mpf-pinball/config/config.
2025-06-18 16:57:18,557 : ConfigProcessor : Loading config: /Users/ruben/Pinball/mpf-pinball/config/config
2025-06-18 16:57:18,558 : ConfigProcessor : Loading config: /Users/ruben/Pinball/mpf-pinball/config/hardware.yaml
2025-06-18 16:57:18,558 : ConfigProcessor : Loading config: /Users/ruben/Pinball/mpf-pinball/config/switches.yaml
2025-06-18 16:57:18,559 : ConfigProcessor : Loading config: /Users/ruben/Pinball/mpf-pinball/config/coils.yaml
2025-06-18 16:57:18,559 : ConfigProcessor : Loading config: /Users/ruben/Pinball/mpf-pinball/config/devices.yaml
2025-06-18 16:57:18,560 : ConfigProcessor : Loading config: /Users/ruben/Pinball/mpf-pinball/config/displays.yaml
2025-06-18 16:57:18,560 : ConfigProcessor : Loading config: /Users/ruben/Pinball/mpf-pinball/config/slides.yaml
2025-06-18 16:57:18,561 : ConfigProcessor : Config file cache created: /var/folders/9g/7xjb17l959g1fnq4pjl5c5p80000gn/T/195f11bb22def72033a5ba91cfdec8f0.mpf_cache
2025-06-18 16:57:18,561 : ConfigProcessor : Loading config from cache: /var/folders/9g/7xjb17l959g1fnq4pjl5c5p80000gn/T/f574f59b1e0fcbb2258348220f26b9cc.mpf_cache
2025-06-18 16:57:18,561 : ConfigProcessor : Loading config from cache: /var/folders/9g/7xjb17l959g1fnq4pjl5c5p80000gn/T/edcc5f1d3215b377c9faab88c62e4ce0.mpf_cache
2025-06-18 16:57:18,561 : ConfigProcessor : Loading config from cache: /var/folders/9g/7xjb17l959g1fnq4pjl5c5p80000gn/T/174d451d321a0971202b746018364536.mpf_cache
2025-06-18 16:57:18,561 : mpfmc : Mission Pinball Framework Media Controller (MPF-MC) v0.57.1. Requires MPF v0.57.0 or newer.
2025-06-18 16:57:18,561 : mpfmc : Found MPF v0.57.3
2025-06-18 16:57:18,561 : mpfmc : Machine path: /Users/ruben/Pinball/mpf-pinball
2025-06-18 16:57:18,561 : mpfmc : Starting clock at 60.0Hz
2025-06-18 16:57:18,569 : kivy : Text: Provider: sdl2
2025-06-18 16:57:18,584 : kivy : Window: Provider: sdl2
2025-06-18 16:57:18,745 : kivy : GL: Using the "OpenGL ES 2" graphics system
2025-06-18 16:57:18,745 : kivy : GL: Backend used <sdl2>
2025-06-18 16:57:18,745 : kivy : GL: OpenGL version <b'2.1 Metal - 89.4'>
2025-06-18 16:57:18,745 : kivy : GL: OpenGL vendor <b'Apple'>
2025-06-18 16:57:18,745 : kivy : GL: OpenGL renderer <b'Apple M1 Pro'>
2025-06-18 16:57:18,745 : kivy : GL: OpenGL parsed version: 2, 1
2025-06-18 16:57:18,745 : kivy : GL: Shading version <b'1.20'>
2025-06-18 16:57:18,745 : kivy : GL: Texture max size <16384>
2025-06-18 16:57:18,745 : kivy : GL: Texture max units <16>
2025-06-18 16:57:18,757 : kivy : Window: auto add sdl2 input provider
2025-06-18 16:57:18,758 : kivy : Window: virtual keyboard not allowed, single mode, not docked
2025-06-18 16:57:18,759 : SoundSystem : SoundSystem: Using default 'sound_system' settings
2025-06-18 16:57:18,893 : AudioInterface : Initialized
2025-06-18 16:57:18,894 : AudioInterface : Loaded SDL 2.32.8
2025-06-18 16:57:18,894 : AudioInterface : Loaded SDL_Mixer 2.8.1
2025-06-18 16:57:18,894 : AudioInterface : Loaded GStreamer 1.26.2.0
2025-06-18 16:57:18,894 : AudioInterface : Loaded GLib 2.84.2
2025-06-18 16:57:18,894 : AudioInterface : Settings requested - rate: 44100, channels: 1, buffer: 2048 samples
2025-06-18 16:57:18,894 : AudioInterface : Settings in use - rate: 44100, channels: 1, buffer: 2048 samples (4096 bytes @ 2 bytes per sample)
2025-06-18 16:57:18,894 : SoundSystem : No audio tracks are specified in your machine config file. a track named 'default' has been created.
2025-06-18 16:57:18,894 : SoundSystem : Setting master volume to 0.0
2025-06-18 16:57:18,894 : AudioInterface : Enabling audio playback
2025-06-18 16:57:18,895 : kivy : Base: Start application main loop
2025-06-18 16:57:18,895 : EventManager : Event: ======'display_window_initialized'====== Args={}
2025-06-18 16:57:19,229 : mpfmc : Display: Setting 'window' as default display
2025-06-18 16:57:19,235 : mpfmc : ASPECT RATIO MISMATCH: The on-screen window is not the same aspect ratio as the display called 'window'. The logical display will be scaled from 1280x390 to the window size 1600x1200, and a black bar will make up the difference
2025-06-18 16:57:19,235 : EventManager : Event: ======'displays_initialized'====== Args={}
2025-06-18 16:57:19,236 : EventManager : Event: ======'slide_window_blank_created'====== Args={}
2025-06-18 16:57:19,236 : EventManager : Event: ======'display_window_ready'====== Args={}
2025-06-18 16:57:19,241 : EventManager : Event: ======'init_phase_1'====== Args={}
2025-06-18 16:57:19,244 : EventManager : Event: ======'mc_ready'====== Args={}
2025-06-18 16:57:19,244 : EventManager : Event: ======'init_phase_2'====== Args={}
2025-06-18 16:57:19,245 : EventManager : Event: ======'init_phase_3'====== Args={}
2025-06-18 16:57:19,245 : EventManager : Event: ======'init_phase_4'====== Args={}
2025-06-18 16:57:19,246 : EventManager : Event: ======'init_phase_5'====== Args={}
2025-06-18 16:57:19,246 : EventManager : Event: ======'init_done'====== Args={}
2025-06-18 16:57:19,246 : MPF-MC BCP Server : Starting up on localhost port 5050
2025-06-18 16:57:19,247 : MPF-MC BCP Server : Waiting for a connection...
2025-06-18 16:57:19,248 : kivy : Base: Leaving application in progress...
2025-06-18 16:57:19,248 : root : Exception while processing RegisteredHandler(callback=<bound method ConfigPlayer.config_play_callback of McConfigPlayer.slides>, priority=0, kwargs={'calling_context': 'init_done', 'mode': None, 'settings': {'slides': {attract_image_slide-None-None: {'priority': None, 'target': None, 'background_color': [0.0, 0.0, 0.0, 1.0], 'show': True, 'force': False, 'expire': None, 'slide': None, 'tokens': {}, 'action': 'play', 'transition': None, 'transition_out': None}}}}, key=UUID('e32401b4-48c2-4a3a-b27f-66002aff097e'), condition=None, blocking_facility=None) for event init_done. Tried to use an image 'test.jpeg' when the initial asset loading run has not yet been completed. Try to use 'init_done' as event to show your slides if you want to use images.
Traceback (most recent call last):
  File "/Library/Frameworks/Python.framework/Versions/3.9/lib/python3.9/site-packages/mpf/core/events.py", line 755, in _run_handlers
    result = handler.callback(**merged_kwargs)
  File "/Library/Frameworks/Python.framework/Versions/3.9/lib/python3.9/site-packages/mpf/core/config_player.py", line 348, in config_play_callback
    return self.play(settings=settings, context=context, calling_context=calling_context, priority=priority,
  File "/Library/Frameworks/Python.framework/Versions/3.9/lib/python3.9/site-packages/mpfmc/config_players/slide_player.py", line 155, in play
    target.show_slide(slide_name=slide, key=full_context, play_kwargs=s['tokens'], **s)
  File "/Library/Frameworks/Python.framework/Versions/3.9/lib/python3.9/site-packages/mpfmc/uix/display.py", line 358, in show_slide
    slide = self.add_slide(name=slide_name,
  File "/Library/Frameworks/Python.framework/Versions/3.9/lib/python3.9/site-packages/mpfmc/uix/display.py", line 316, in add_slide
    return Slide(mc=self.mc, name=name, target=self.name,
  File "/Library/Frameworks/Python.framework/Versions/3.9/lib/python3.9/site-packages/mpfmc/uix/slide.py", line 68, in __init__
    widgets = create_widget_objects_from_config(
  File "/Library/Frameworks/Python.framework/Versions/3.9/lib/python3.9/site-packages/mpfmc/uix/widget.py", line 901, in create_widget_objects_from_config
    widget_obj = mc.widgets.type_map[widget['type']](
  File "/Library/Frameworks/Python.framework/Versions/3.9/lib/python3.9/site-packages/mpfmc/widgets/image.py", line 47, in __init__
    raise ValueError("Tried to use an image '{}' when the initial asset loading run has not yet been "
ValueError: Tried to use an image 'test.jpeg' when the initial asset loading run has not yet been completed. Try to use 'init_done' as event to show your slides if you want to use images.

The above exception was the direct cause of the following exception:

Traceback (most recent call last):
  File "/Library/Frameworks/Python.framework/Versions/3.9/lib/python3.9/site-packages/mpfmc/commands/mc.py", line 215, in __init__
    MpfMc(options=vars(args),
  File "/Library/Frameworks/Python.framework/Versions/3.9/lib/python3.9/site-packages/kivy/app.py", line 956, in run
    runTouchApp()
  File "/Library/Frameworks/Python.framework/Versions/3.9/lib/python3.9/site-packages/kivy/base.py", line 574, in runTouchApp
    EventLoop.mainloop()
  File "/Library/Frameworks/Python.framework/Versions/3.9/lib/python3.9/site-packages/kivy/base.py", line 339, in mainloop
    self.idle()
  File "/Library/Frameworks/Python.framework/Versions/3.9/lib/python3.9/site-packages/kivy/base.py", line 379, in idle
    Clock.tick()
  File "/Library/Frameworks/Python.framework/Versions/3.9/lib/python3.9/site-packages/kivy/clock.py", line 733, in tick
    self.post_idle(ts, self.idle())
  File "/Library/Frameworks/Python.framework/Versions/3.9/lib/python3.9/site-packages/kivy/clock.py", line 776, in post_idle
    self._process_events()
  File "kivy/_clock.pyx", line 620, in kivy._clock.CyClockBase._process_events
  File "kivy/_clock.pyx", line 653, in kivy._clock.CyClockBase._process_events
  File "kivy/_clock.pyx", line 649, in kivy._clock.CyClockBase._process_events
  File "kivy/_clock.pyx", line 218, in kivy._clock.ClockEvent.tick
  File "/Library/Frameworks/Python.framework/Versions/3.9/lib/python3.9/site-packages/mpfmc/uix/display.py", line 211, in _displays_initialized
    self.mc.displays_initialized()
  File "/Library/Frameworks/Python.framework/Versions/3.9/lib/python3.9/site-packages/mpfmc/core/mc.py", line 347, in displays_initialized
    self._init()
  File "/Library/Frameworks/Python.framework/Versions/3.9/lib/python3.9/site-packages/mpfmc/core/mc.py", line 403, in _init
    self.clear_boot_hold('init')
  File "/Library/Frameworks/Python.framework/Versions/3.9/lib/python3.9/site-packages/mpfmc/core/mc.py", line 309, in clear_boot_hold
    self.init_done()
  File "/Library/Frameworks/Python.framework/Versions/3.9/lib/python3.9/site-packages/mpfmc/core/mc.py", line 414, in init_done
    self.events.process_event_queue()
  File "/Library/Frameworks/Python.framework/Versions/3.9/lib/python3.9/site-packages/mpf/core/events.py", line 846, in process_event_queue
    self._process_event(event=event[0],
  File "/Library/Frameworks/Python.framework/Versions/3.9/lib/python3.9/site-packages/mpf/core/events.py", line 808, in _process_event
    result = self._run_handlers(event, ev_type, kwargs)
  File "/Library/Frameworks/Python.framework/Versions/3.9/lib/python3.9/site-packages/mpf/core/events.py", line 757, in _run_handlers
    raise EventHandlerException(
mpf.core.events.EventHandlerException: Exception while processing RegisteredHandler(callback=<bound method ConfigPlayer.config_play_callback of McConfigPlayer.slides>, priority=0, kwargs={'calling_context': 'init_done', 'mode': None, 'settings': {'slides': {attract_image_slide-None-None: {'priority': None, 'target': None, 'background_color': [0.0, 0.0, 0.0, 1.0], 'show': True, 'force': False, 'expire': None, 'slide': None, 'tokens': {}, 'action': 'play', 'transition': None, 'transition_out': None}}}}, key=UUID('e32401b4-48c2-4a3a-b27f-66002aff097e'), condition=None, blocking_facility=None) for event init_done. Tried to use an image 'test.jpeg' when the initial asset loading run has not yet been completed. Try to use 'init_done' as event to show your slides if you want to use images.
2025-06-18 16:57:19,250 : root : Stopping child threads... (3 remaining)
2025-06-18 16:57:19,255 : MPF-MC BCP Server : Received connection from: 127.0.0.1:50093
2025-06-18 16:57:19,255 : mpfmc : Stopping...
2025-06-18 16:57:19,255 : EventManager : Event: ======'shutdown'====== Args={}
2025-06-18 16:57:19,255 : AudioInterface : Disabling audio playback
2025-06-18 16:57:19,316 : mpfmc : Loop rate 4.75 Hz
2025-06-18 16:57:20,252 : MPF-MC BCP Server : Stopping BCP sending thread
2025-06-18 16:57:20,259 : root : All child threads stopped.
