2025-05-30 09:28:38,927 : INFO : root : Loading config.
2025-05-30 09:28:38,927 : INFO : YamlMultifileConfigLoader : Machine config file #1: config.yaml
2025-05-30 09:28:38,927 : WARNING : ConfigProcessor : Config file in cache changed: C:\pinball\my_machine\config\config.yaml
2025-05-30 09:28:38,927 : INFO : ConfigProcessor : Loading config from file C:\Users\ruben\.local\pipx\venvs\mpf\lib\site-packages\mpf\mpfconfig.yaml.
2025-05-30 09:28:39,075 : INFO : ConfigProcessor : Loading config: C:\Users\ruben\.local\pipx\venvs\mpf\lib\site-packages\mpf\mpfconfig.yaml
2025-05-30 09:28:39,076 : INFO : ConfigProcessor : Loading config from file C:\pinball\my_machine\config\config.yaml.
2025-05-30 09:28:39,097 : INFO : ConfigProcessor : Loading config: C:\pinball\my_machine\config\config.yaml
2025-05-30 09:28:39,112 : INFO : ConfigProcessor : Config file cache created: C:\Users\ruben\AppData\Local\Temp\a17888e5e1df298d67e07ada0b1bff4a.mpf_cache
2025-05-30 09:28:39,237 : INFO : ConfigProcessor : Loading config from cache: C:\Users\ruben\AppData\Local\Temp\67cf8ffee0fce2d4fcb5ef0bb894d8de.mpf_cache
2025-05-30 09:28:39,237 : INFO : ConfigProcessor : Loading config from cache: C:\Users\ruben\AppData\Local\Temp\25321780674732dcacb77a8f5b2a53cd.mpf_cache
2025-05-30 09:28:39,237 : INFO : Machine : Mission Pinball Framework Core Engine v0.56.0
2025-05-30 09:28:39,237 : INFO : Machine : Command line arguments: {'no_load_cache': False, 'create_config_cache': True, 'bcp': True, 'configfile': ['config.yaml'], 'force_assets_load': False, 'jsonlogging': False, 'logfile': 'logs\\2025-05-30-09-28-38-mpf-DESKTOP-11MEIVG.log', 'pause': False, 'production': False, 'text_ui': True, 'loglevel': 15, 'consoleloglevel': 20, 'force_platform': None, 'syslog_address': None, 'mc_file_name': None, 'no_sound': False}
2025-05-30 09:28:39,237 : INFO : Machine : MPF path: C:\Users\ruben\.local\pipx\venvs\mpf\lib\site-packages\mpf
2025-05-30 09:28:39,237 : INFO : Machine : Machine path: C:\pinball\my_machine
2025-05-30 09:28:39,237 : INFO : Machine : Platform: win32
2025-05-30 09:28:39,237 : INFO : Machine : Python executable location: C:\Users\ruben\.local\pipx\venvs\mpf\Scripts\python.exe
2025-05-30 09:28:39,237 : INFO : Machine : Python version: 3.9.13 (64-bit)
2025-05-30 09:28:39,237 : INFO : Machine : Initialise MPF.
2025-05-30 09:28:39,431 : INFO : OPP : Connecting to com3 at 115200bps
2025-05-30 09:28:39,514 : INFO : OPP : Init of OPP board 1 done
2025-05-30 09:28:39,514 : INFO : OPP : Connecting to com4 at 115200bps
2025-05-30 09:28:39,644 : INFO : OPP : Init of OPP board 0 done
2025-05-30 09:28:39,644 : INFO : EventManager : Event: ======'machine_var_credits_string'====== Args={'value': 'FREE PLAY', 'prev_value': None, 'change': True}
2025-05-30 09:28:39,736 : INFO : EventManager : Event: ======'machine_var_master_volume'====== Args={'value': 0.5, 'prev_value': None, 'change': True}
2025-05-30 09:28:39,736 : INFO : EventManager : Event: ======'machine_var_player1_score'====== Args={'value': 0, 'prev_value': None, 'change': True}
2025-05-30 09:28:39,736 : INFO : EventManager : Event: ======'machine_var_mpf_version'====== Args={'value': 'MPF v0.56.0', 'prev_value': None, 'change': True}
2025-05-30 09:28:39,736 : INFO : EventManager : Event: ======'machine_var_mpf_extended_version'====== Args={'value': 'MPF v0.56.0, Config version:5, Show version: 5, BCP version:1.1', 'prev_value': None, 'change': True}
2025-05-30 09:28:39,736 : INFO : EventManager : Event: ======'machine_var_python_version'====== Args={'value': '3.9.13', 'prev_value': None, 'change': True}
2025-05-30 09:28:39,751 : INFO : EventManager : Event: ======'machine_var_platform'====== Args={'value': 'Windows-10-10.0.19045-SP0', 'prev_value': None, 'change': True}
2025-05-30 09:28:39,751 : INFO : EventManager : Event: ======'machine_var_platform_system'====== Args={'value': 'Windows', 'prev_value': None, 'change': True}
2025-05-30 09:28:39,751 : INFO : EventManager : Event: ======'machine_var_platform_release'====== Args={'value': '10', 'prev_value': None, 'change': True}
2025-05-30 09:28:39,751 : INFO : EventManager : Event: ======'machine_var_platform_version'====== Args={'value': '10.0.19045', 'prev_value': None, 'change': True}
2025-05-30 09:28:39,752 : INFO : EventManager : Event: ======'machine_var_platform_machine'====== Args={'value': 'AMD64', 'prev_value': None, 'change': True}
2025-05-30 09:28:39,752 : INFO : EventManager : Event: ======'init_phase_1'====== Args={}
2025-05-30 09:28:39,781 : INFO : EventManager : Event: ======'drop_target_bank_vuk_bank_up'====== Args={}
2025-05-30 09:28:39,782 : INFO : EventManager : Event: ======'init_phase_2'====== Args={}
2025-05-30 09:28:39,785 : INFO : EventManager : Event: ======'bcp_connection_attempt'====== Args={'name': 'local_display', 'host': 'localhost', 'port': 5050}
2025-05-30 09:28:39,788 : INFO : BCPClientSocket : Connecting BCP to 'local_display' at localhost:5050...
2025-05-30 09:28:42,328 : INFO : BCPClientSocket : Connected BCP to 'local_display' localhost:5050
2025-05-30 09:28:42,328 : INFO : EventManager : Event: ======'bcp_clients_connected'====== Args={}
2025-05-30 09:28:42,341 : INFO : ball_device.bd_trough : BCH: Initial count: 0
2025-05-30 09:28:42,342 : INFO : EventManager : Event: ======'machine_var_mc_version'====== Args={'value': 'MPF-MC v0.56.1', 'prev_value': None, 'change': True}
2025-05-30 09:28:42,342 : INFO : EventManager : Event: ======'machine_var_mc_extended_version'====== Args={'value': 'MPF-MC v0.56.1 (config_version=5, BCP v1.1,                      Requires MPF API compatibility v0.56.0 or newer)', 'prev_value': None, 'change': True}
2025-05-30 09:28:42,352 : INFO : ball_device.bd_trough : State: idle
2025-05-30 09:28:42,353 : INFO : ball_device.bd_scoop_lower : BCH: Initial count: 0
2025-05-30 09:28:42,353 : INFO : ball_device.bd_scoop_lower : State: idle
2025-05-30 09:28:42,373 : INFO : EventManager : Event: ======'init_phase_3'====== Args={}
2025-05-30 09:28:42,378 : INFO : EventManager : Event: ======'init_phase_4'====== Args={}
2025-05-30 09:28:42,380 : INFO : BallController : Initial balls found: 0
2025-05-30 09:28:42,384 : INFO : EventManager : Event: ======'machine_var_audits_events_game_ended'====== Args={'value': 50, 'prev_value': None, 'change': True}
2025-05-30 09:28:42,384 : INFO : EventManager : Event: ======'machine_var_audits_events_game_started'====== Args={'value': 89, 'prev_value': None, 'change': True}
2025-05-30 09:28:42,385 : INFO : EventManager : Event: ======'machine_var_audits_player_score'====== Args={'value': {'average': 0.0, 'top': [0, 0, 0, 0, 0, 0, 0, 0, 0, 0], 'total': 50}, 'prev_value': None, 'change': True}
2025-05-30 09:28:42,385 : INFO : EventManager : Event: ======'machine_var_audits_switches_s_drop_bank1'====== Args={'value': 140, 'prev_value': None, 'change': True}
2025-05-30 09:28:42,385 : INFO : EventManager : Event: ======'machine_var_audits_switches_s_left_flipper'====== Args={'value': 2279, 'prev_value': None, 'change': True}
2025-05-30 09:28:42,385 : INFO : EventManager : Event: ======'machine_var_audits_switches_s_left_slingshot'====== Args={'value': 290, 'prev_value': None, 'change': True}
2025-05-30 09:28:42,386 : INFO : EventManager : Event: ======'machine_var_audits_switches_s_plunger'====== Args={'value': 5, 'prev_value': None, 'change': True}
2025-05-30 09:28:42,386 : INFO : EventManager : Event: ======'machine_var_audits_switches_s_pop_bot'====== Args={'value': 426, 'prev_value': None, 'change': True}
2025-05-30 09:28:42,386 : INFO : EventManager : Event: ======'machine_var_audits_switches_s_pop_mid'====== Args={'value': 351, 'prev_value': None, 'change': True}
2025-05-30 09:28:42,386 : INFO : EventManager : Event: ======'machine_var_audits_switches_s_pop_top'====== Args={'value': 302, 'prev_value': None, 'change': True}
2025-05-30 09:28:42,386 : INFO : EventManager : Event: ======'machine_var_audits_switches_s_right_flipper'====== Args={'value': 2328, 'prev_value': None, 'change': True}
2025-05-30 09:28:42,387 : INFO : EventManager : Event: ======'machine_var_audits_switches_s_right_inlane'====== Args={'value': 57, 'prev_value': None, 'change': True}
2025-05-30 09:28:42,387 : INFO : EventManager : Event: ======'machine_var_audits_switches_s_right_slingshot'====== Args={'value': 255, 'prev_value': None, 'change': True}
2025-05-30 09:28:42,387 : INFO : EventManager : Event: ======'machine_var_audits_switches_s_scoop_center'====== Args={'value': 0, 'prev_value': None, 'change': True}
2025-05-30 09:28:42,387 : INFO : EventManager : Event: ======'machine_var_audits_switches_s_scoop_lower'====== Args={'value': 220, 'prev_value': None, 'change': True}
2025-05-30 09:28:42,388 : INFO : EventManager : Event: ======'machine_var_audits_switches_s_scoop_right'====== Args={'value': 0, 'prev_value': None, 'change': True}
2025-05-30 09:28:42,388 : INFO : EventManager : Event: ======'machine_var_audits_switches_s_startButton'====== Args={'value': 34, 'prev_value': None, 'change': True}
2025-05-30 09:28:42,388 : INFO : EventManager : Event: ======'machine_var_audits_switches_s_trough1'====== Args={'value': 303, 'prev_value': None, 'change': True}
2025-05-30 09:28:42,388 : INFO : EventManager : Event: ======'machine_var_audits_switches_s_trough2'====== Args={'value': 1, 'prev_value': None, 'change': True}
2025-05-30 09:28:42,389 : INFO : EventManager : Event: ======'machine_var_audits_switches_s_trough3'====== Args={'value': 1, 'prev_value': None, 'change': True}
2025-05-30 09:28:42,389 : INFO : EventManager : Event: ======'machine_var_audits_switches_s_trough4'====== Args={'value': 1, 'prev_value': None, 'change': True}
2025-05-30 09:28:42,391 : INFO : EventManager : Event: ======'machine_var_audits_switches_s_trough5'====== Args={'value': 0, 'prev_value': None, 'change': True}
2025-05-30 09:28:42,394 : INFO : EventManager : Event: ======'init_phase_5'====== Args={}
2025-05-30 09:28:42,398 : INFO : EventManager : Event: ======'init_done'====== Args={}
2025-05-30 09:28:42,400 : INFO : EventManager : Event: ======'machine_reset_phase_1'====== Args={}
2025-05-30 09:28:42,402 : INFO : EventManager : Event: ======'slide_welcome_slide_removed'====== Args={'_from_bcp': True}
2025-05-30 09:28:42,407 : INFO : EventManager : Event: ======'slide_welcome_slide_created'====== Args={'_from_bcp': True}
2025-05-30 09:28:42,411 : INFO : EventManager : Event: ======'slide_welcome_slide_active'====== Args={'_from_bcp': True}
2025-05-30 09:28:42,417 : INFO : EventManager : Event: ======'machine_reset_phase_2'====== Args={}
2025-05-30 09:28:42,418 : INFO : EventManager : Event: ======'machine_reset_phase_3'====== Args={}
2025-05-30 09:28:42,419 : INFO : drop_target_bank.vuk_bank : All targets are already up. Will not reset bank.
2025-05-30 09:28:42,420 : INFO : EventManager : Event: ======'reset_complete'====== Args={}
2025-05-30 09:28:42,420 : INFO : EventManager : Event: ======'mode_attract_will_start'====== Args={}
2025-05-30 09:28:42,421 : INFO : EventManager : Event: ======'mode_attract_starting'====== Args={}
2025-05-30 09:28:42,421 : INFO : Mode.attract : Started. Priority: 10
2025-05-30 09:28:42,421 : INFO : EventManager : Event: ======'modes_active_modes_changed'====== Args={}
2025-05-30 09:28:42,421 : INFO : EventManager : Event: ======'mode_attract_started'====== Args={}
2025-05-30 09:28:42,421 : INFO : EventManager : Event: ======'collecting_balls_complete'====== Args={}
2025-05-30 09:28:42,429 : INFO : Machine : Starting the main run loop.
2025-05-30 09:28:42,431 : INFO : EventManager : Event: ======'slide_attract_started_created'====== Args={'_from_bcp': True}
2025-05-30 09:28:42,433 : INFO : EventManager : Event: ======'slide_attract_started_active'====== Args={'_from_bcp': True}
2025-05-30 09:28:48,213 : INFO : SwitchController : <<<<<<< 's_left_flipper' active >>>>>>>
2025-05-30 09:28:48,455 : INFO : SwitchController : <<<<<<< 's_left_flipper' inactive >>>>>>>
2025-05-30 09:28:48,718 : INFO : SwitchController : <<<<<<< 's_left_flipper' active >>>>>>>
2025-05-30 09:28:48,857 : INFO : SwitchController : <<<<<<< 's_left_flipper' inactive >>>>>>>
2025-05-30 09:28:49,169 : INFO : SwitchController : <<<<<<< 's_left_flipper' active >>>>>>>
2025-05-30 09:28:49,295 : INFO : SwitchController : <<<<<<< 's_left_flipper' inactive >>>>>>>
2025-05-30 09:28:49,593 : INFO : SwitchController : <<<<<<< 's_left_flipper' active >>>>>>>
2025-05-30 09:28:49,802 : INFO : SwitchController : <<<<<<< 's_left_flipper' inactive >>>>>>>
2025-05-30 09:28:50,907 : INFO : SwitchController : <<<<<<< 's_left_flipper' active >>>>>>>
2025-05-30 09:28:51,287 : INFO : SwitchController : <<<<<<< 's_left_flipper' inactive >>>>>>>
2025-05-30 09:28:51,503 : INFO : SwitchController : <<<<<<< 's_right_flipper' active >>>>>>>
2025-05-30 09:28:51,648 : INFO : SwitchController : <<<<<<< 's_right_flipper' inactive >>>>>>>
2025-05-30 09:28:51,743 : INFO : SwitchController : <<<<<<< 's_left_flipper' active >>>>>>>
2025-05-30 09:28:51,764 : INFO : SwitchController : <<<<<<< 's_right_flipper' active >>>>>>>
2025-05-30 09:28:51,765 : INFO : EventManager : Event: ======'flipper_cancel'====== Args={'triggering_group': 2, 'triggering_switch': 's_right_flipper'}
2025-05-30 09:28:51,882 : INFO : SwitchController : <<<<<<< 's_right_flipper' inactive >>>>>>>
2025-05-30 09:28:51,883 : INFO : EventManager : Event: ======'both_flippers_one'====== Args={'triggering_group': 2, 'triggering_switch': 's_right_flipper'}
2025-05-30 09:28:51,890 : INFO : SwitchController : <<<<<<< 's_left_flipper' inactive >>>>>>>
2025-05-30 09:28:51,890 : INFO : EventManager : Event: ======'both_flippers_inactive'====== Args={'triggering_group': 1, 'triggering_switch': 's_left_flipper'}
2025-05-30 09:28:51,974 : INFO : SwitchController : <<<<<<< 's_right_flipper' active >>>>>>>
2025-05-30 09:28:51,974 : INFO : SwitchController : <<<<<<< 's_left_flipper' active >>>>>>>
2025-05-30 09:28:51,974 : INFO : EventManager : Event: ======'flipper_cancel'====== Args={'triggering_group': 1, 'triggering_switch': 's_left_flipper'}
2025-05-30 09:28:52,098 : INFO : SwitchController : <<<<<<< 's_right_flipper' inactive >>>>>>>
2025-05-30 09:28:52,098 : INFO : EventManager : Event: ======'both_flippers_one'====== Args={'triggering_group': 2, 'triggering_switch': 's_right_flipper'}
2025-05-30 09:28:52,101 : INFO : SwitchController : <<<<<<< 's_left_flipper' inactive >>>>>>>
2025-05-30 09:28:52,101 : INFO : EventManager : Event: ======'both_flippers_inactive'====== Args={'triggering_group': 1, 'triggering_switch': 's_left_flipper'}
2025-05-30 09:28:52,160 : INFO : SwitchController : <<<<<<< 's_right_flipper' active >>>>>>>
2025-05-30 09:28:52,222 : INFO : SwitchController : <<<<<<< 's_left_flipper' active >>>>>>>
2025-05-30 09:28:52,222 : INFO : EventManager : Event: ======'flipper_cancel'====== Args={'triggering_group': 1, 'triggering_switch': 's_left_flipper'}
2025-05-30 09:28:52,298 : INFO : SwitchController : <<<<<<< 's_right_flipper' inactive >>>>>>>
2025-05-30 09:28:52,298 : INFO : EventManager : Event: ======'both_flippers_one'====== Args={'triggering_group': 2, 'triggering_switch': 's_right_flipper'}
2025-05-30 09:28:52,301 : INFO : SwitchController : <<<<<<< 's_left_flipper' inactive >>>>>>>
2025-05-30 09:28:52,301 : INFO : EventManager : Event: ======'both_flippers_inactive'====== Args={'triggering_group': 1, 'triggering_switch': 's_left_flipper'}
2025-05-30 09:28:52,360 : INFO : SwitchController : <<<<<<< 's_right_flipper' active >>>>>>>
2025-05-30 09:28:52,422 : INFO : SwitchController : <<<<<<< 's_left_flipper' active >>>>>>>
2025-05-30 09:28:52,422 : INFO : EventManager : Event: ======'flipper_cancel'====== Args={'triggering_group': 1, 'triggering_switch': 's_left_flipper'}
2025-05-30 09:28:52,484 : INFO : SwitchController : <<<<<<< 's_right_flipper' inactive >>>>>>>
2025-05-30 09:28:52,485 : INFO : EventManager : Event: ======'both_flippers_one'====== Args={'triggering_group': 2, 'triggering_switch': 's_right_flipper'}
2025-05-30 09:28:52,531 : INFO : SwitchController : <<<<<<< 's_left_flipper' inactive >>>>>>>
2025-05-30 09:28:52,532 : INFO : EventManager : Event: ======'both_flippers_inactive'====== Args={'triggering_group': 1, 'triggering_switch': 's_left_flipper'}
2025-05-30 09:28:52,551 : INFO : SwitchController : <<<<<<< 's_right_flipper' active >>>>>>>
2025-05-30 09:28:52,623 : INFO : SwitchController : <<<<<<< 's_left_flipper' active >>>>>>>
2025-05-30 09:28:52,624 : INFO : EventManager : Event: ======'flipper_cancel'====== Args={'triggering_group': 1, 'triggering_switch': 's_left_flipper'}
2025-05-30 09:28:52,652 : INFO : SwitchController : <<<<<<< 's_right_flipper' inactive >>>>>>>
2025-05-30 09:28:52,653 : INFO : EventManager : Event: ======'both_flippers_one'====== Args={'triggering_group': 2, 'triggering_switch': 's_right_flipper'}
2025-05-30 09:28:52,718 : INFO : SwitchController : <<<<<<< 's_left_flipper' inactive >>>>>>>
2025-05-30 09:28:52,719 : INFO : EventManager : Event: ======'both_flippers_inactive'====== Args={'triggering_group': 1, 'triggering_switch': 's_left_flipper'}
2025-05-30 09:28:52,749 : INFO : SwitchController : <<<<<<< 's_right_flipper' active >>>>>>>
2025-05-30 09:28:52,828 : INFO : SwitchController : <<<<<<< 's_left_flipper' active >>>>>>>
2025-05-30 09:28:52,829 : INFO : EventManager : Event: ======'flipper_cancel'====== Args={'triggering_group': 1, 'triggering_switch': 's_left_flipper'}
2025-05-30 09:28:52,869 : INFO : SwitchController : <<<<<<< 's_right_flipper' inactive >>>>>>>
2025-05-30 09:28:52,870 : INFO : EventManager : Event: ======'both_flippers_one'====== Args={'triggering_group': 2, 'triggering_switch': 's_right_flipper'}
2025-05-30 09:28:52,899 : INFO : SwitchController : <<<<<<< 's_left_flipper' inactive >>>>>>>
2025-05-30 09:28:52,899 : INFO : EventManager : Event: ======'both_flippers_inactive'====== Args={'triggering_group': 1, 'triggering_switch': 's_left_flipper'}
2025-05-30 09:28:52,954 : INFO : SwitchController : <<<<<<< 's_right_flipper' active >>>>>>>
2025-05-30 09:28:52,988 : INFO : SwitchController : <<<<<<< 's_left_flipper' active >>>>>>>
2025-05-30 09:28:52,988 : INFO : EventManager : Event: ======'flipper_cancel'====== Args={'triggering_group': 1, 'triggering_switch': 's_left_flipper'}
2025-05-30 09:28:53,093 : INFO : SwitchController : <<<<<<< 's_right_flipper' inactive >>>>>>>
2025-05-30 09:28:53,094 : INFO : EventManager : Event: ======'both_flippers_one'====== Args={'triggering_group': 2, 'triggering_switch': 's_right_flipper'}
2025-05-30 09:28:53,111 : INFO : SwitchController : <<<<<<< 's_left_flipper' inactive >>>>>>>
2025-05-30 09:28:53,112 : INFO : EventManager : Event: ======'both_flippers_inactive'====== Args={'triggering_group': 1, 'triggering_switch': 's_left_flipper'}
2025-05-30 09:28:53,188 : INFO : SwitchController : <<<<<<< 's_right_flipper' active >>>>>>>
2025-05-30 09:28:53,247 : INFO : SwitchController : <<<<<<< 's_left_flipper' active >>>>>>>
2025-05-30 09:28:53,248 : INFO : EventManager : Event: ======'flipper_cancel'====== Args={'triggering_group': 1, 'triggering_switch': 's_left_flipper'}
2025-05-30 09:28:53,310 : INFO : SwitchController : <<<<<<< 's_right_flipper' inactive >>>>>>>
2025-05-30 09:28:53,310 : INFO : EventManager : Event: ======'both_flippers_one'====== Args={'triggering_group': 2, 'triggering_switch': 's_right_flipper'}
2025-05-30 09:28:53,433 : INFO : SwitchController : <<<<<<< 's_left_flipper' inactive >>>>>>>
2025-05-30 09:28:53,433 : INFO : EventManager : Event: ======'both_flippers_inactive'====== Args={'triggering_group': 1, 'triggering_switch': 's_left_flipper'}
2025-05-30 09:28:53,438 : INFO : SwitchController : <<<<<<< 's_right_flipper' active >>>>>>>
2025-05-30 09:28:53,557 : INFO : SwitchController : <<<<<<< 's_right_flipper' inactive >>>>>>>
2025-05-30 09:28:53,744 : INFO : SwitchController : <<<<<<< 's_right_flipper' active >>>>>>>
2025-05-30 09:28:53,810 : INFO : SwitchController : <<<<<<< 's_left_flipper' active >>>>>>>
2025-05-30 09:28:53,810 : INFO : EventManager : Event: ======'flipper_cancel'====== Args={'triggering_group': 1, 'triggering_switch': 's_left_flipper'}
2025-05-30 09:28:53,866 : INFO : SwitchController : <<<<<<< 's_right_flipper' inactive >>>>>>>
2025-05-30 09:28:53,867 : INFO : EventManager : Event: ======'both_flippers_one'====== Args={'triggering_group': 2, 'triggering_switch': 's_right_flipper'}
2025-05-30 09:28:53,983 : INFO : SwitchController : <<<<<<< 's_right_flipper' active >>>>>>>
2025-05-30 09:28:53,984 : INFO : EventManager : Event: ======'flipper_cancel'====== Args={'triggering_group': 2, 'triggering_switch': 's_right_flipper'}
2025-05-30 09:28:53,991 : INFO : SwitchController : <<<<<<< 's_left_flipper' inactive >>>>>>>
2025-05-30 09:28:53,991 : INFO : EventManager : Event: ======'both_flippers_one'====== Args={'triggering_group': 1, 'triggering_switch': 's_left_flipper'}
2025-05-30 09:28:54,123 : INFO : SwitchController : <<<<<<< 's_right_flipper' inactive >>>>>>>
2025-05-30 09:28:54,123 : INFO : EventManager : Event: ======'both_flippers_inactive'====== Args={'triggering_group': 2, 'triggering_switch': 's_right_flipper'}
2025-05-30 09:28:54,202 : INFO : SwitchController : <<<<<<< 's_right_flipper' active >>>>>>>
2025-05-30 09:28:54,209 : INFO : SwitchController : <<<<<<< 's_left_flipper' active >>>>>>>
2025-05-30 09:28:54,209 : INFO : EventManager : Event: ======'flipper_cancel'====== Args={'triggering_group': 1, 'triggering_switch': 's_left_flipper'}
2025-05-30 09:28:54,330 : INFO : SwitchController : <<<<<<< 's_right_flipper' inactive >>>>>>>
2025-05-30 09:28:54,331 : INFO : EventManager : Event: ======'both_flippers_one'====== Args={'triggering_group': 2, 'triggering_switch': 's_right_flipper'}
2025-05-30 09:28:54,376 : INFO : SwitchController : <<<<<<< 's_left_flipper' inactive >>>>>>>
2025-05-30 09:28:54,377 : INFO : EventManager : Event: ======'both_flippers_inactive'====== Args={'triggering_group': 1, 'triggering_switch': 's_left_flipper'}
2025-05-30 09:28:54,434 : INFO : SwitchController : <<<<<<< 's_right_flipper' active >>>>>>>
2025-05-30 09:28:54,533 : INFO : SwitchController : <<<<<<< 's_right_flipper' inactive >>>>>>>
2025-05-30 09:28:54,538 : INFO : SwitchController : <<<<<<< 's_left_flipper' active >>>>>>>
2025-05-30 09:28:54,653 : INFO : SwitchController : <<<<<<< 's_right_flipper' active >>>>>>>
2025-05-30 09:28:54,654 : INFO : EventManager : Event: ======'flipper_cancel'====== Args={'triggering_group': 2, 'triggering_switch': 's_right_flipper'}
2025-05-30 09:28:54,685 : INFO : SwitchController : <<<<<<< 's_left_flipper' inactive >>>>>>>
2025-05-30 09:28:54,686 : INFO : EventManager : Event: ======'both_flippers_one'====== Args={'triggering_group': 1, 'triggering_switch': 's_left_flipper'}
2025-05-30 09:28:54,728 : INFO : SwitchController : <<<<<<< 's_right_flipper' inactive >>>>>>>
2025-05-30 09:28:54,729 : INFO : EventManager : Event: ======'both_flippers_inactive'====== Args={'triggering_group': 2, 'triggering_switch': 's_right_flipper'}
2025-05-30 09:28:54,810 : INFO : SwitchController : <<<<<<< 's_right_flipper' active >>>>>>>
2025-05-30 09:28:54,855 : INFO : SwitchController : <<<<<<< 's_left_flipper' active >>>>>>>
2025-05-30 09:28:54,856 : INFO : EventManager : Event: ======'flipper_cancel'====== Args={'triggering_group': 1, 'triggering_switch': 's_left_flipper'}
2025-05-30 09:28:54,947 : INFO : SwitchController : <<<<<<< 's_right_flipper' inactive >>>>>>>
2025-05-30 09:28:54,947 : INFO : EventManager : Event: ======'both_flippers_one'====== Args={'triggering_group': 2, 'triggering_switch': 's_right_flipper'}
2025-05-30 09:28:55,025 : INFO : SwitchController : <<<<<<< 's_left_flipper' inactive >>>>>>>
2025-05-30 09:28:55,026 : INFO : EventManager : Event: ======'both_flippers_inactive'====== Args={'triggering_group': 1, 'triggering_switch': 's_left_flipper'}
2025-05-30 09:28:55,041 : INFO : SwitchController : <<<<<<< 's_right_flipper' active >>>>>>>
2025-05-30 09:28:55,137 : INFO : SwitchController : <<<<<<< 's_right_flipper' inactive >>>>>>>
2025-05-30 09:28:55,151 : INFO : SwitchController : <<<<<<< 's_left_flipper' active >>>>>>>
2025-05-30 09:28:55,341 : INFO : SwitchController : <<<<<<< 's_left_flipper' inactive >>>>>>>
2025-05-30 09:28:55,620 : INFO : SwitchController : <<<<<<< 's_right_flipper' active >>>>>>>
2025-05-30 09:28:55,761 : INFO : SwitchController : <<<<<<< 's_right_flipper' inactive >>>>>>>
2025-05-30 09:28:55,797 : INFO : SwitchController : <<<<<<< 's_left_flipper' active >>>>>>>
2025-05-30 09:28:55,970 : INFO : SwitchController : <<<<<<< 's_right_flipper' active >>>>>>>
2025-05-30 09:28:55,971 : INFO : EventManager : Event: ======'flipper_cancel'====== Args={'triggering_group': 2, 'triggering_switch': 's_right_flipper'}
2025-05-30 09:28:55,977 : INFO : SwitchController : <<<<<<< 's_left_flipper' inactive >>>>>>>
2025-05-30 09:28:55,978 : INFO : EventManager : Event: ======'both_flippers_one'====== Args={'triggering_group': 1, 'triggering_switch': 's_left_flipper'}
2025-05-30 09:28:56,136 : INFO : SwitchController : <<<<<<< 's_right_flipper' inactive >>>>>>>
2025-05-30 09:28:56,136 : INFO : EventManager : Event: ======'both_flippers_inactive'====== Args={'triggering_group': 2, 'triggering_switch': 's_right_flipper'}
2025-05-30 09:28:56,184 : INFO : SwitchController : <<<<<<< 's_left_flipper' active >>>>>>>
2025-05-30 09:28:56,293 : INFO : SwitchController : <<<<<<< 's_right_flipper' active >>>>>>>
2025-05-30 09:28:56,293 : INFO : EventManager : Event: ======'flipper_cancel'====== Args={'triggering_group': 2, 'triggering_switch': 's_right_flipper'}
2025-05-30 09:28:56,326 : INFO : SwitchController : <<<<<<< 's_left_flipper' inactive >>>>>>>
2025-05-30 09:28:56,326 : INFO : EventManager : Event: ======'both_flippers_one'====== Args={'triggering_group': 1, 'triggering_switch': 's_left_flipper'}
2025-05-30 09:28:56,450 : INFO : SwitchController : <<<<<<< 's_right_flipper' inactive >>>>>>>
2025-05-30 09:28:56,450 : INFO : EventManager : Event: ======'both_flippers_inactive'====== Args={'triggering_group': 2, 'triggering_switch': 's_right_flipper'}
2025-05-30 09:28:56,514 : INFO : SwitchController : <<<<<<< 's_left_flipper' active >>>>>>>
2025-05-30 09:28:56,684 : INFO : SwitchController : <<<<<<< 's_right_flipper' active >>>>>>>
2025-05-30 09:28:56,684 : INFO : EventManager : Event: ======'flipper_cancel'====== Args={'triggering_group': 2, 'triggering_switch': 's_right_flipper'}
2025-05-30 09:28:56,691 : INFO : SwitchController : <<<<<<< 's_left_flipper' inactive >>>>>>>
2025-05-30 09:28:56,692 : INFO : EventManager : Event: ======'both_flippers_one'====== Args={'triggering_group': 1, 'triggering_switch': 's_left_flipper'}
2025-05-30 09:28:56,871 : INFO : SwitchController : <<<<<<< 's_right_flipper' inactive >>>>>>>
2025-05-30 09:28:56,871 : INFO : EventManager : Event: ======'both_flippers_inactive'====== Args={'triggering_group': 2, 'triggering_switch': 's_right_flipper'}
2025-05-30 09:28:56,872 : INFO : SwitchController : <<<<<<< 's_left_flipper' active >>>>>>>
2025-05-30 09:28:57,027 : INFO : SwitchController : <<<<<<< 's_left_flipper' inactive >>>>>>>
2025-05-30 09:28:57,066 : INFO : SwitchController : <<<<<<< 's_right_flipper' active >>>>>>>
2025-05-30 09:28:57,229 : INFO : SwitchController : <<<<<<< 's_left_flipper' active >>>>>>>
2025-05-30 09:28:57,230 : INFO : EventManager : Event: ======'flipper_cancel'====== Args={'triggering_group': 1, 'triggering_switch': 's_left_flipper'}
2025-05-30 09:28:57,243 : INFO : SwitchController : <<<<<<< 's_right_flipper' inactive >>>>>>>
2025-05-30 09:28:57,243 : INFO : EventManager : Event: ======'both_flippers_one'====== Args={'triggering_group': 2, 'triggering_switch': 's_right_flipper'}
2025-05-30 09:28:57,372 : INFO : SwitchController : <<<<<<< 's_left_flipper' inactive >>>>>>>
2025-05-30 09:28:57,372 : INFO : EventManager : Event: ======'both_flippers_inactive'====== Args={'triggering_group': 1, 'triggering_switch': 's_left_flipper'}
2025-05-30 09:28:57,403 : INFO : SwitchController : <<<<<<< 's_right_flipper' active >>>>>>>
2025-05-30 09:28:57,606 : INFO : SwitchController : <<<<<<< 's_right_flipper' inactive >>>>>>>
2025-05-30 09:28:57,607 : INFO : SwitchController : <<<<<<< 's_left_flipper' active >>>>>>>
2025-05-30 09:28:57,741 : INFO : SwitchController : <<<<<<< 's_right_flipper' active >>>>>>>
2025-05-30 09:28:57,741 : INFO : EventManager : Event: ======'flipper_cancel'====== Args={'triggering_group': 2, 'triggering_switch': 's_right_flipper'}
2025-05-30 09:28:57,750 : INFO : SwitchController : <<<<<<< 's_left_flipper' inactive >>>>>>>
2025-05-30 09:28:57,750 : INFO : EventManager : Event: ======'both_flippers_one'====== Args={'triggering_group': 1, 'triggering_switch': 's_left_flipper'}
2025-05-30 09:28:57,935 : INFO : SwitchController : <<<<<<< 's_right_flipper' inactive >>>>>>>
2025-05-30 09:28:57,936 : INFO : EventManager : Event: ======'both_flippers_inactive'====== Args={'triggering_group': 2, 'triggering_switch': 's_right_flipper'}
2025-05-30 09:28:57,951 : INFO : SwitchController : <<<<<<< 's_left_flipper' active >>>>>>>
2025-05-30 09:28:58,127 : INFO : SwitchController : <<<<<<< 's_right_flipper' active >>>>>>>
2025-05-30 09:28:58,128 : INFO : EventManager : Event: ======'flipper_cancel'====== Args={'triggering_group': 2, 'triggering_switch': 's_right_flipper'}
2025-05-30 09:28:58,129 : INFO : SwitchController : <<<<<<< 's_left_flipper' inactive >>>>>>>
2025-05-30 09:28:58,129 : INFO : EventManager : Event: ======'both_flippers_one'====== Args={'triggering_group': 1, 'triggering_switch': 's_left_flipper'}
2025-05-30 09:28:58,298 : INFO : SwitchController : <<<<<<< 's_right_flipper' inactive >>>>>>>
2025-05-30 09:28:58,298 : INFO : EventManager : Event: ======'both_flippers_inactive'====== Args={'triggering_group': 2, 'triggering_switch': 's_right_flipper'}
2025-05-30 09:28:58,298 : INFO : SwitchController : <<<<<<< 's_left_flipper' active >>>>>>>
2025-05-30 09:28:58,484 : INFO : SwitchController : <<<<<<< 's_right_flipper' active >>>>>>>
2025-05-30 09:28:58,484 : INFO : EventManager : Event: ======'flipper_cancel'====== Args={'triggering_group': 2, 'triggering_switch': 's_right_flipper'}
2025-05-30 09:28:58,485 : INFO : SwitchController : <<<<<<< 's_left_flipper' inactive >>>>>>>
2025-05-30 09:28:58,485 : INFO : EventManager : Event: ======'both_flippers_one'====== Args={'triggering_group': 1, 'triggering_switch': 's_left_flipper'}
2025-05-30 09:28:58,654 : INFO : SwitchController : <<<<<<< 's_right_flipper' inactive >>>>>>>
2025-05-30 09:28:58,655 : INFO : EventManager : Event: ======'both_flippers_inactive'====== Args={'triggering_group': 2, 'triggering_switch': 's_right_flipper'}
2025-05-30 09:28:58,658 : INFO : SwitchController : <<<<<<< 's_left_flipper' active >>>>>>>
2025-05-30 09:28:58,807 : INFO : SwitchController : <<<<<<< 's_left_flipper' inactive >>>>>>>
2025-05-30 09:28:58,843 : INFO : SwitchController : <<<<<<< 's_right_flipper' active >>>>>>>
2025-05-30 09:28:59,013 : INFO : SwitchController : <<<<<<< 's_left_flipper' active >>>>>>>
2025-05-30 09:28:59,014 : INFO : EventManager : Event: ======'flipper_cancel'====== Args={'triggering_group': 1, 'triggering_switch': 's_left_flipper'}
2025-05-30 09:28:59,019 : INFO : SwitchController : <<<<<<< 's_right_flipper' inactive >>>>>>>
2025-05-30 09:28:59,020 : INFO : EventManager : Event: ======'both_flippers_one'====== Args={'triggering_group': 2, 'triggering_switch': 's_right_flipper'}
2025-05-30 09:28:59,142 : INFO : SwitchController : <<<<<<< 's_left_flipper' inactive >>>>>>>
2025-05-30 09:28:59,143 : INFO : EventManager : Event: ======'both_flippers_inactive'====== Args={'triggering_group': 1, 'triggering_switch': 's_left_flipper'}
2025-05-30 09:28:59,202 : INFO : SwitchController : <<<<<<< 's_right_flipper' active >>>>>>>
2025-05-30 09:28:59,376 : INFO : SwitchController : <<<<<<< 's_right_flipper' inactive >>>>>>>
2025-05-30 09:28:59,498 : INFO : SwitchController : <<<<<<< 's_left_flipper' active >>>>>>>
2025-05-30 09:28:59,622 : INFO : SwitchController : <<<<<<< 's_right_flipper' active >>>>>>>
2025-05-30 09:28:59,622 : INFO : EventManager : Event: ======'flipper_cancel'====== Args={'triggering_group': 2, 'triggering_switch': 's_right_flipper'}
2025-05-30 09:28:59,671 : INFO : SwitchController : <<<<<<< 's_left_flipper' inactive >>>>>>>
2025-05-30 09:28:59,672 : INFO : EventManager : Event: ======'both_flippers_one'====== Args={'triggering_group': 1, 'triggering_switch': 's_left_flipper'}
2025-05-30 09:28:59,783 : INFO : SwitchController : <<<<<<< 's_right_flipper' inactive >>>>>>>
2025-05-30 09:28:59,784 : INFO : EventManager : Event: ======'both_flippers_inactive'====== Args={'triggering_group': 2, 'triggering_switch': 's_right_flipper'}
2025-05-30 09:28:59,855 : INFO : SwitchController : <<<<<<< 's_left_flipper' active >>>>>>>
2025-05-30 09:28:59,870 : INFO : SwitchController : <<<<<<< 's_right_flipper' active >>>>>>>
2025-05-30 09:28:59,871 : INFO : EventManager : Event: ======'flipper_cancel'====== Args={'triggering_group': 2, 'triggering_switch': 's_right_flipper'}
2025-05-30 09:28:59,996 : INFO : SwitchController : <<<<<<< 's_right_flipper' inactive >>>>>>>
2025-05-30 09:28:59,997 : INFO : EventManager : Event: ======'both_flippers_one'====== Args={'triggering_group': 2, 'triggering_switch': 's_right_flipper'}
2025-05-30 09:29:00,005 : INFO : SwitchController : <<<<<<< 's_left_flipper' inactive >>>>>>>
2025-05-30 09:29:00,005 : INFO : EventManager : Event: ======'both_flippers_inactive'====== Args={'triggering_group': 1, 'triggering_switch': 's_left_flipper'}
2025-05-30 09:29:00,073 : INFO : SwitchController : <<<<<<< 's_right_flipper' active >>>>>>>
2025-05-30 09:29:00,150 : INFO : SwitchController : <<<<<<< 's_left_flipper' active >>>>>>>
2025-05-30 09:29:00,151 : INFO : EventManager : Event: ======'flipper_cancel'====== Args={'triggering_group': 1, 'triggering_switch': 's_left_flipper'}
2025-05-30 09:29:00,198 : INFO : SwitchController : <<<<<<< 's_right_flipper' inactive >>>>>>>
2025-05-30 09:29:00,199 : INFO : EventManager : Event: ======'both_flippers_one'====== Args={'triggering_group': 2, 'triggering_switch': 's_right_flipper'}
2025-05-30 09:29:00,290 : INFO : SwitchController : <<<<<<< 's_right_flipper' active >>>>>>>
2025-05-30 09:29:00,291 : INFO : EventManager : Event: ======'flipper_cancel'====== Args={'triggering_group': 2, 'triggering_switch': 's_right_flipper'}
2025-05-30 09:29:00,291 : INFO : SwitchController : <<<<<<< 's_left_flipper' inactive >>>>>>>
2025-05-30 09:29:00,291 : INFO : EventManager : Event: ======'both_flippers_one'====== Args={'triggering_group': 1, 'triggering_switch': 's_left_flipper'}
2025-05-30 09:29:00,368 : INFO : SwitchController : <<<<<<< 's_left_flipper' active >>>>>>>
2025-05-30 09:29:00,368 : INFO : EventManager : Event: ======'flipper_cancel'====== Args={'triggering_group': 1, 'triggering_switch': 's_left_flipper'}
2025-05-30 09:29:00,384 : INFO : SwitchController : <<<<<<< 's_right_flipper' inactive >>>>>>>
2025-05-30 09:29:00,384 : INFO : EventManager : Event: ======'both_flippers_one'====== Args={'triggering_group': 2, 'triggering_switch': 's_right_flipper'}
2025-05-30 09:29:00,445 : INFO : SwitchController : <<<<<<< 's_right_flipper' active >>>>>>>
2025-05-30 09:29:00,446 : INFO : EventManager : Event: ======'flipper_cancel'====== Args={'triggering_group': 2, 'triggering_switch': 's_right_flipper'}
2025-05-30 09:29:00,495 : INFO : SwitchController : <<<<<<< 's_left_flipper' inactive >>>>>>>
2025-05-30 09:29:00,495 : INFO : EventManager : Event: ======'both_flippers_one'====== Args={'triggering_group': 1, 'triggering_switch': 's_left_flipper'}
2025-05-30 09:29:00,569 : INFO : SwitchController : <<<<<<< 's_right_flipper' inactive >>>>>>>
2025-05-30 09:29:00,569 : INFO : EventManager : Event: ======'both_flippers_inactive'====== Args={'triggering_group': 2, 'triggering_switch': 's_right_flipper'}
2025-05-30 09:29:00,586 : INFO : SwitchController : <<<<<<< 's_left_flipper' active >>>>>>>
2025-05-30 09:29:00,604 : INFO : SwitchController : <<<<<<< 's_right_flipper' active >>>>>>>
2025-05-30 09:29:00,604 : INFO : EventManager : Event: ======'flipper_cancel'====== Args={'triggering_group': 2, 'triggering_switch': 's_right_flipper'}
2025-05-30 09:29:00,689 : INFO : SwitchController : <<<<<<< 's_left_flipper' inactive >>>>>>>
2025-05-30 09:29:00,690 : INFO : EventManager : Event: ======'both_flippers_one'====== Args={'triggering_group': 1, 'triggering_switch': 's_left_flipper'}
2025-05-30 09:29:00,696 : INFO : SwitchController : <<<<<<< 's_right_flipper' inactive >>>>>>>
2025-05-30 09:29:00,697 : INFO : EventManager : Event: ======'both_flippers_inactive'====== Args={'triggering_group': 2, 'triggering_switch': 's_right_flipper'}
2025-05-30 09:29:00,787 : INFO : SwitchController : <<<<<<< 's_right_flipper' active >>>>>>>
2025-05-30 09:29:00,790 : INFO : SwitchController : <<<<<<< 's_left_flipper' active >>>>>>>
2025-05-30 09:29:00,790 : INFO : EventManager : Event: ======'flipper_cancel'====== Args={'triggering_group': 1, 'triggering_switch': 's_left_flipper'}
2025-05-30 09:29:00,866 : INFO : SwitchController : <<<<<<< 's_right_flipper' inactive >>>>>>>
2025-05-30 09:29:00,867 : INFO : EventManager : Event: ======'both_flippers_one'====== Args={'triggering_group': 2, 'triggering_switch': 's_right_flipper'}
2025-05-30 09:29:00,895 : INFO : SwitchController : <<<<<<< 's_left_flipper' inactive >>>>>>>
2025-05-30 09:29:00,896 : INFO : EventManager : Event: ======'both_flippers_inactive'====== Args={'triggering_group': 1, 'triggering_switch': 's_left_flipper'}
2025-05-30 09:29:00,957 : INFO : SwitchController : <<<<<<< 's_right_flipper' active >>>>>>>
2025-05-30 09:29:01,005 : INFO : SwitchController : <<<<<<< 's_left_flipper' active >>>>>>>
2025-05-30 09:29:01,006 : INFO : EventManager : Event: ======'flipper_cancel'====== Args={'triggering_group': 1, 'triggering_switch': 's_left_flipper'}
2025-05-30 09:29:01,028 : INFO : SwitchController : <<<<<<< 's_right_flipper' inactive >>>>>>>
2025-05-30 09:29:01,028 : INFO : EventManager : Event: ======'both_flippers_one'====== Args={'triggering_group': 2, 'triggering_switch': 's_right_flipper'}
2025-05-30 09:29:01,097 : INFO : SwitchController : <<<<<<< 's_right_flipper' active >>>>>>>
2025-05-30 09:29:01,097 : INFO : EventManager : Event: ======'flipper_cancel'====== Args={'triggering_group': 2, 'triggering_switch': 's_right_flipper'}
2025-05-30 09:29:01,112 : INFO : SwitchController : <<<<<<< 's_left_flipper' inactive >>>>>>>
2025-05-30 09:29:01,113 : INFO : EventManager : Event: ======'both_flippers_one'====== Args={'triggering_group': 1, 'triggering_switch': 's_left_flipper'}
2025-05-30 09:29:01,181 : INFO : SwitchController : <<<<<<< 's_left_flipper' active >>>>>>>
2025-05-30 09:29:01,181 : INFO : EventManager : Event: ======'flipper_cancel'====== Args={'triggering_group': 1, 'triggering_switch': 's_left_flipper'}
2025-05-30 09:29:01,187 : INFO : SwitchController : <<<<<<< 's_right_flipper' inactive >>>>>>>
2025-05-30 09:29:01,187 : INFO : EventManager : Event: ======'both_flippers_one'====== Args={'triggering_group': 2, 'triggering_switch': 's_right_flipper'}
2025-05-30 09:29:01,274 : INFO : SwitchController : <<<<<<< 's_right_flipper' active >>>>>>>
2025-05-30 09:29:01,274 : INFO : EventManager : Event: ======'flipper_cancel'====== Args={'triggering_group': 2, 'triggering_switch': 's_right_flipper'}
2025-05-30 09:29:01,336 : INFO : SwitchController : <<<<<<< 's_left_flipper' inactive >>>>>>>
2025-05-30 09:29:01,336 : INFO : EventManager : Event: ======'both_flippers_one'====== Args={'triggering_group': 1, 'triggering_switch': 's_left_flipper'}
2025-05-30 09:29:01,357 : INFO : SwitchController : <<<<<<< 's_right_flipper' inactive >>>>>>>
2025-05-30 09:29:01,357 : INFO : EventManager : Event: ======'both_flippers_inactive'====== Args={'triggering_group': 2, 'triggering_switch': 's_right_flipper'}
2025-05-30 09:29:01,416 : INFO : SwitchController : <<<<<<< 's_left_flipper' active >>>>>>>
2025-05-30 09:29:01,422 : INFO : SwitchController : <<<<<<< 's_right_flipper' active >>>>>>>
2025-05-30 09:29:01,422 : INFO : EventManager : Event: ======'flipper_cancel'====== Args={'triggering_group': 2, 'triggering_switch': 's_right_flipper'}
2025-05-30 09:29:01,523 : INFO : SwitchController : <<<<<<< 's_right_flipper' inactive >>>>>>>
2025-05-30 09:29:01,523 : INFO : EventManager : Event: ======'both_flippers_one'====== Args={'triggering_group': 2, 'triggering_switch': 's_right_flipper'}
2025-05-30 09:29:01,528 : INFO : SwitchController : <<<<<<< 's_left_flipper' inactive >>>>>>>
2025-05-30 09:29:01,528 : INFO : EventManager : Event: ======'both_flippers_inactive'====== Args={'triggering_group': 1, 'triggering_switch': 's_left_flipper'}
2025-05-30 09:29:01,583 : INFO : SwitchController : <<<<<<< 's_right_flipper' active >>>>>>>
2025-05-30 09:29:01,628 : INFO : SwitchController : <<<<<<< 's_left_flipper' active >>>>>>>
2025-05-30 09:29:01,629 : INFO : EventManager : Event: ======'flipper_cancel'====== Args={'triggering_group': 1, 'triggering_switch': 's_left_flipper'}
2025-05-30 09:29:01,692 : INFO : SwitchController : <<<<<<< 's_right_flipper' inactive >>>>>>>
2025-05-30 09:29:01,693 : INFO : EventManager : Event: ======'both_flippers_one'====== Args={'triggering_group': 2, 'triggering_switch': 's_right_flipper'}
2025-05-30 09:29:01,727 : INFO : SwitchController : <<<<<<< 's_left_flipper' inactive >>>>>>>
2025-05-30 09:29:01,727 : INFO : EventManager : Event: ======'both_flippers_inactive'====== Args={'triggering_group': 1, 'triggering_switch': 's_left_flipper'}
2025-05-30 09:29:01,737 : INFO : SwitchController : <<<<<<< 's_right_flipper' active >>>>>>>
2025-05-30 09:29:01,847 : INFO : SwitchController : <<<<<<< 's_left_flipper' active >>>>>>>
2025-05-30 09:29:01,848 : INFO : EventManager : Event: ======'flipper_cancel'====== Args={'triggering_group': 1, 'triggering_switch': 's_left_flipper'}
2025-05-30 09:29:01,864 : INFO : SwitchController : <<<<<<< 's_right_flipper' inactive >>>>>>>
2025-05-30 09:29:01,864 : INFO : EventManager : Event: ======'both_flippers_one'====== Args={'triggering_group': 2, 'triggering_switch': 's_right_flipper'}
2025-05-30 09:29:01,896 : INFO : SwitchController : <<<<<<< 's_right_flipper' active >>>>>>>
2025-05-30 09:29:01,897 : INFO : EventManager : Event: ======'flipper_cancel'====== Args={'triggering_group': 2, 'triggering_switch': 's_right_flipper'}
2025-05-30 09:29:01,939 : INFO : SwitchController : <<<<<<< 's_left_flipper' inactive >>>>>>>
2025-05-30 09:29:01,939 : INFO : EventManager : Event: ======'both_flippers_one'====== Args={'triggering_group': 1, 'triggering_switch': 's_left_flipper'}
2025-05-30 09:29:02,017 : INFO : SwitchController : <<<<<<< 's_right_flipper' inactive >>>>>>>
2025-05-30 09:29:02,017 : INFO : EventManager : Event: ======'both_flippers_inactive'====== Args={'triggering_group': 2, 'triggering_switch': 's_right_flipper'}
2025-05-30 09:29:02,021 : INFO : SwitchController : <<<<<<< 's_left_flipper' active >>>>>>>
2025-05-30 09:29:02,037 : INFO : SwitchController : <<<<<<< 's_right_flipper' active >>>>>>>
2025-05-30 09:29:02,038 : INFO : EventManager : Event: ======'flipper_cancel'====== Args={'triggering_group': 2, 'triggering_switch': 's_right_flipper'}
2025-05-30 09:29:02,138 : INFO : SwitchController : <<<<<<< 's_left_flipper' inactive >>>>>>>
2025-05-30 09:29:02,139 : INFO : EventManager : Event: ======'both_flippers_one'====== Args={'triggering_group': 1, 'triggering_switch': 's_left_flipper'}
2025-05-30 09:29:02,152 : INFO : SwitchController : <<<<<<< 's_right_flipper' inactive >>>>>>>
2025-05-30 09:29:02,152 : INFO : EventManager : Event: ======'both_flippers_inactive'====== Args={'triggering_group': 2, 'triggering_switch': 's_right_flipper'}
2025-05-30 09:29:02,233 : INFO : SwitchController : <<<<<<< 's_right_flipper' active >>>>>>>
2025-05-30 09:29:02,234 : INFO : SwitchController : <<<<<<< 's_left_flipper' active >>>>>>>
2025-05-30 09:29:02,234 : INFO : EventManager : Event: ======'flipper_cancel'====== Args={'triggering_group': 1, 'triggering_switch': 's_left_flipper'}
2025-05-30 09:29:02,313 : INFO : SwitchController : <<<<<<< 's_right_flipper' inactive >>>>>>>
2025-05-30 09:29:02,314 : INFO : EventManager : Event: ======'both_flippers_one'====== Args={'triggering_group': 2, 'triggering_switch': 's_right_flipper'}
2025-05-30 09:29:02,328 : INFO : SwitchController : <<<<<<< 's_left_flipper' inactive >>>>>>>
2025-05-30 09:29:02,329 : INFO : EventManager : Event: ======'both_flippers_inactive'====== Args={'triggering_group': 1, 'triggering_switch': 's_left_flipper'}
2025-05-30 09:29:02,379 : INFO : SwitchController : <<<<<<< 's_right_flipper' active >>>>>>>
2025-05-30 09:29:02,454 : INFO : SwitchController : <<<<<<< 's_left_flipper' active >>>>>>>
2025-05-30 09:29:02,455 : INFO : EventManager : Event: ======'flipper_cancel'====== Args={'triggering_group': 1, 'triggering_switch': 's_left_flipper'}
2025-05-30 09:29:02,500 : INFO : SwitchController : <<<<<<< 's_right_flipper' inactive >>>>>>>
2025-05-30 09:29:02,501 : INFO : EventManager : Event: ======'both_flippers_one'====== Args={'triggering_group': 2, 'triggering_switch': 's_right_flipper'}
2025-05-30 09:29:02,522 : INFO : SwitchController : <<<<<<< 's_right_flipper' active >>>>>>>
2025-05-30 09:29:02,522 : INFO : EventManager : Event: ======'flipper_cancel'====== Args={'triggering_group': 2, 'triggering_switch': 's_right_flipper'}
2025-05-30 09:29:02,578 : INFO : SwitchController : <<<<<<< 's_left_flipper' inactive >>>>>>>
2025-05-30 09:29:02,578 : INFO : EventManager : Event: ======'both_flippers_one'====== Args={'triggering_group': 1, 'triggering_switch': 's_left_flipper'}
2025-05-30 09:29:02,678 : INFO : SwitchController : <<<<<<< 's_left_flipper' active >>>>>>>
2025-05-30 09:29:02,679 : INFO : EventManager : Event: ======'flipper_cancel'====== Args={'triggering_group': 1, 'triggering_switch': 's_left_flipper'}
2025-05-30 09:29:02,795 : INFO : SwitchController : <<<<<<< 's_right_flipper' inactive >>>>>>>
2025-05-30 09:29:02,796 : INFO : EventManager : Event: ======'both_flippers_one'====== Args={'triggering_group': 2, 'triggering_switch': 's_right_flipper'}
2025-05-30 09:29:02,814 : INFO : SwitchController : <<<<<<< 's_left_flipper' inactive >>>>>>>
2025-05-30 09:29:02,815 : INFO : EventManager : Event: ======'both_flippers_inactive'====== Args={'triggering_group': 1, 'triggering_switch': 's_left_flipper'}
2025-05-30 09:29:02,906 : INFO : SwitchController : <<<<<<< 's_right_flipper' active >>>>>>>
2025-05-30 09:29:02,939 : INFO : SwitchController : <<<<<<< 's_left_flipper' active >>>>>>>
2025-05-30 09:29:02,939 : INFO : EventManager : Event: ======'flipper_cancel'====== Args={'triggering_group': 1, 'triggering_switch': 's_left_flipper'}
2025-05-30 09:29:03,015 : INFO : SwitchController : <<<<<<< 's_right_flipper' inactive >>>>>>>
2025-05-30 09:29:03,016 : INFO : EventManager : Event: ======'both_flippers_one'====== Args={'triggering_group': 2, 'triggering_switch': 's_right_flipper'}
2025-05-30 09:29:03,060 : INFO : SwitchController : <<<<<<< 's_left_flipper' inactive >>>>>>>
2025-05-30 09:29:03,061 : INFO : EventManager : Event: ======'both_flippers_inactive'====== Args={'triggering_group': 1, 'triggering_switch': 's_left_flipper'}
2025-05-30 09:29:03,110 : INFO : SwitchController : <<<<<<< 's_right_flipper' active >>>>>>>
2025-05-30 09:29:03,150 : INFO : SwitchController : <<<<<<< 's_left_flipper' active >>>>>>>
2025-05-30 09:29:03,151 : INFO : EventManager : Event: ======'flipper_cancel'====== Args={'triggering_group': 1, 'triggering_switch': 's_left_flipper'}
2025-05-30 09:29:03,202 : INFO : SwitchController : <<<<<<< 's_right_flipper' inactive >>>>>>>
2025-05-30 09:29:03,203 : INFO : EventManager : Event: ======'both_flippers_one'====== Args={'triggering_group': 2, 'triggering_switch': 's_right_flipper'}
2025-05-30 09:29:03,279 : INFO : SwitchController : <<<<<<< 's_right_flipper' active >>>>>>>
2025-05-30 09:29:03,279 : INFO : EventManager : Event: ======'flipper_cancel'====== Args={'triggering_group': 2, 'triggering_switch': 's_right_flipper'}
2025-05-30 09:29:03,303 : INFO : SwitchController : <<<<<<< 's_left_flipper' inactive >>>>>>>
2025-05-30 09:29:03,304 : INFO : EventManager : Event: ======'both_flippers_one'====== Args={'triggering_group': 1, 'triggering_switch': 's_left_flipper'}
2025-05-30 09:29:03,360 : INFO : SwitchController : <<<<<<< 's_right_flipper' inactive >>>>>>>
2025-05-30 09:29:03,360 : INFO : EventManager : Event: ======'both_flippers_inactive'====== Args={'triggering_group': 2, 'triggering_switch': 's_right_flipper'}
2025-05-30 09:29:03,408 : INFO : SwitchController : <<<<<<< 's_left_flipper' active >>>>>>>
2025-05-30 09:29:03,455 : INFO : SwitchController : <<<<<<< 's_right_flipper' active >>>>>>>
2025-05-30 09:29:03,455 : INFO : EventManager : Event: ======'flipper_cancel'====== Args={'triggering_group': 2, 'triggering_switch': 's_right_flipper'}
2025-05-30 09:29:03,563 : INFO : SwitchController : <<<<<<< 's_right_flipper' inactive >>>>>>>
2025-05-30 09:29:03,563 : INFO : EventManager : Event: ======'both_flippers_one'====== Args={'triggering_group': 2, 'triggering_switch': 's_right_flipper'}
2025-05-30 09:29:03,564 : INFO : SwitchController : <<<<<<< 's_left_flipper' inactive >>>>>>>
2025-05-30 09:29:03,564 : INFO : EventManager : Event: ======'both_flippers_inactive'====== Args={'triggering_group': 1, 'triggering_switch': 's_left_flipper'}
2025-05-30 09:29:03,701 : INFO : SwitchController : <<<<<<< 's_right_flipper' active >>>>>>>
2025-05-30 09:29:03,702 : INFO : SwitchController : <<<<<<< 's_left_flipper' active >>>>>>>
2025-05-30 09:29:03,702 : INFO : EventManager : Event: ======'flipper_cancel'====== Args={'triggering_group': 1, 'triggering_switch': 's_left_flipper'}
2025-05-30 09:29:03,825 : INFO : SwitchController : <<<<<<< 's_right_flipper' inactive >>>>>>>
2025-05-30 09:29:03,825 : INFO : EventManager : Event: ======'both_flippers_one'====== Args={'triggering_group': 2, 'triggering_switch': 's_right_flipper'}
2025-05-30 09:29:03,826 : INFO : SwitchController : <<<<<<< 's_left_flipper' inactive >>>>>>>
2025-05-30 09:29:03,826 : INFO : EventManager : Event: ======'both_flippers_inactive'====== Args={'triggering_group': 1, 'triggering_switch': 's_left_flipper'}
2025-05-30 09:29:04,042 : INFO : SwitchController : <<<<<<< 's_right_flipper' active >>>>>>>
2025-05-30 09:29:04,083 : INFO : SwitchController : <<<<<<< 's_left_flipper' active >>>>>>>
2025-05-30 09:29:04,083 : INFO : EventManager : Event: ======'flipper_cancel'====== Args={'triggering_group': 1, 'triggering_switch': 's_left_flipper'}
2025-05-30 09:29:04,167 : INFO : SwitchController : <<<<<<< 's_right_flipper' inactive >>>>>>>
2025-05-30 09:29:04,167 : INFO : EventManager : Event: ======'both_flippers_one'====== Args={'triggering_group': 2, 'triggering_switch': 's_right_flipper'}
2025-05-30 09:29:04,260 : INFO : SwitchController : <<<<<<< 's_left_flipper' inactive >>>>>>>
2025-05-30 09:29:04,261 : INFO : EventManager : Event: ======'both_flippers_inactive'====== Args={'triggering_group': 1, 'triggering_switch': 's_left_flipper'}
2025-05-30 09:29:04,474 : INFO : SwitchController : <<<<<<< 's_left_flipper' active >>>>>>>
2025-05-30 09:29:04,497 : INFO : SwitchController : <<<<<<< 's_right_flipper' active >>>>>>>
2025-05-30 09:29:04,497 : INFO : EventManager : Event: ======'flipper_cancel'====== Args={'triggering_group': 2, 'triggering_switch': 's_right_flipper'}
2025-05-30 09:29:04,667 : INFO : SwitchController : <<<<<<< 's_right_flipper' inactive >>>>>>>
2025-05-30 09:29:04,667 : INFO : EventManager : Event: ======'both_flippers_one'====== Args={'triggering_group': 2, 'triggering_switch': 's_right_flipper'}
2025-05-30 09:29:04,849 : INFO : SwitchController : <<<<<<< 's_left_flipper' inactive >>>>>>>
2025-05-30 09:29:04,849 : INFO : EventManager : Event: ======'both_flippers_inactive'====== Args={'triggering_group': 1, 'triggering_switch': 's_left_flipper'}
2025-05-30 09:29:05,030 : INFO : SwitchController : <<<<<<< 's_left_flipper' active >>>>>>>
2025-05-30 09:29:05,072 : INFO : SwitchController : <<<<<<< 's_right_flipper' active >>>>>>>
2025-05-30 09:29:05,072 : INFO : EventManager : Event: ======'flipper_cancel'====== Args={'triggering_group': 2, 'triggering_switch': 's_right_flipper'}
2025-05-30 09:29:05,193 : INFO : SwitchController : <<<<<<< 's_right_flipper' inactive >>>>>>>
2025-05-30 09:29:05,193 : INFO : EventManager : Event: ======'both_flippers_one'====== Args={'triggering_group': 2, 'triggering_switch': 's_right_flipper'}
2025-05-30 09:29:05,275 : INFO : SwitchController : <<<<<<< 's_left_flipper' inactive >>>>>>>
2025-05-30 09:29:05,275 : INFO : EventManager : Event: ======'both_flippers_inactive'====== Args={'triggering_group': 1, 'triggering_switch': 's_left_flipper'}
2025-05-30 09:29:05,416 : INFO : SwitchController : <<<<<<< 's_left_flipper' active >>>>>>>
2025-05-30 09:29:05,420 : INFO : SwitchController : <<<<<<< 's_right_flipper' active >>>>>>>
2025-05-30 09:29:05,420 : INFO : EventManager : Event: ======'flipper_cancel'====== Args={'triggering_group': 2, 'triggering_switch': 's_right_flipper'}
2025-05-30 09:29:05,590 : INFO : SwitchController : <<<<<<< 's_right_flipper' inactive >>>>>>>
2025-05-30 09:29:05,590 : INFO : EventManager : Event: ======'both_flippers_one'====== Args={'triggering_group': 2, 'triggering_switch': 's_right_flipper'}
2025-05-30 09:29:05,590 : INFO : SwitchController : <<<<<<< 's_left_flipper' inactive >>>>>>>
2025-05-30 09:29:05,590 : INFO : EventManager : Event: ======'both_flippers_inactive'====== Args={'triggering_group': 1, 'triggering_switch': 's_left_flipper'}
2025-05-30 09:29:05,714 : INFO : SwitchController : <<<<<<< 's_left_flipper' active >>>>>>>
2025-05-30 09:29:05,731 : INFO : SwitchController : <<<<<<< 's_right_flipper' active >>>>>>>
2025-05-30 09:29:05,732 : INFO : EventManager : Event: ======'flipper_cancel'====== Args={'triggering_group': 2, 'triggering_switch': 's_right_flipper'}
2025-05-30 09:29:05,840 : INFO : SwitchController : <<<<<<< 's_right_flipper' inactive >>>>>>>
2025-05-30 09:29:05,840 : INFO : EventManager : Event: ======'both_flippers_one'====== Args={'triggering_group': 2, 'triggering_switch': 's_right_flipper'}
2025-05-30 09:29:05,869 : INFO : SwitchController : <<<<<<< 's_left_flipper' inactive >>>>>>>
2025-05-30 09:29:05,869 : INFO : EventManager : Event: ======'both_flippers_inactive'====== Args={'triggering_group': 1, 'triggering_switch': 's_left_flipper'}
2025-05-30 09:29:05,978 : INFO : SwitchController : <<<<<<< 's_left_flipper' active >>>>>>>
2025-05-30 09:29:06,022 : INFO : SwitchController : <<<<<<< 's_right_flipper' active >>>>>>>
2025-05-30 09:29:06,023 : INFO : EventManager : Event: ======'flipper_cancel'====== Args={'triggering_group': 2, 'triggering_switch': 's_right_flipper'}
2025-05-30 09:29:06,162 : INFO : SwitchController : <<<<<<< 's_right_flipper' inactive >>>>>>>
2025-05-30 09:29:06,162 : INFO : EventManager : Event: ======'both_flippers_one'====== Args={'triggering_group': 2, 'triggering_switch': 's_right_flipper'}
2025-05-30 09:29:06,292 : INFO : SwitchController : <<<<<<< 's_left_flipper' inactive >>>>>>>
2025-05-30 09:29:06,292 : INFO : EventManager : Event: ======'both_flippers_inactive'====== Args={'triggering_group': 1, 'triggering_switch': 's_left_flipper'}
2025-05-30 09:29:06,403 : INFO : SwitchController : <<<<<<< 's_right_flipper' active >>>>>>>
2025-05-30 09:29:06,511 : INFO : SwitchController : <<<<<<< 's_left_flipper' active >>>>>>>
2025-05-30 09:29:06,511 : INFO : EventManager : Event: ======'flipper_cancel'====== Args={'triggering_group': 1, 'triggering_switch': 's_left_flipper'}
2025-05-30 09:29:06,587 : INFO : SwitchController : <<<<<<< 's_right_flipper' inactive >>>>>>>
2025-05-30 09:29:06,587 : INFO : EventManager : Event: ======'both_flippers_one'====== Args={'triggering_group': 2, 'triggering_switch': 's_right_flipper'}
2025-05-30 09:29:06,746 : INFO : SwitchController : <<<<<<< 's_left_flipper' inactive >>>>>>>
2025-05-30 09:29:06,747 : INFO : EventManager : Event: ======'both_flippers_inactive'====== Args={'triggering_group': 1, 'triggering_switch': 's_left_flipper'}
2025-05-30 09:29:06,839 : INFO : SwitchController : <<<<<<< 's_right_flipper' active >>>>>>>
2025-05-30 09:29:07,041 : INFO : SwitchController : <<<<<<< 's_right_flipper' inactive >>>>>>>
2025-05-30 09:29:07,050 : INFO : SwitchController : <<<<<<< 's_left_flipper' active >>>>>>>
2025-05-30 09:29:07,307 : INFO : SwitchController : <<<<<<< 's_right_flipper' active >>>>>>>
2025-05-30 09:29:07,308 : INFO : EventManager : Event: ======'flipper_cancel'====== Args={'triggering_group': 2, 'triggering_switch': 's_right_flipper'}
2025-05-30 09:29:07,315 : INFO : SwitchController : <<<<<<< 's_left_flipper' inactive >>>>>>>
2025-05-30 09:29:07,315 : INFO : EventManager : Event: ======'both_flippers_one'====== Args={'triggering_group': 1, 'triggering_switch': 's_left_flipper'}
2025-05-30 09:29:07,474 : INFO : SwitchController : <<<<<<< 's_right_flipper' inactive >>>>>>>
2025-05-30 09:29:07,475 : INFO : EventManager : Event: ======'both_flippers_inactive'====== Args={'triggering_group': 2, 'triggering_switch': 's_right_flipper'}
2025-05-30 09:29:07,492 : INFO : SwitchController : <<<<<<< 's_left_flipper' active >>>>>>>
2025-05-30 09:29:07,700 : INFO : SwitchController : <<<<<<< 's_right_flipper' active >>>>>>>
2025-05-30 09:29:07,700 : INFO : EventManager : Event: ======'flipper_cancel'====== Args={'triggering_group': 2, 'triggering_switch': 's_right_flipper'}
2025-05-30 09:29:07,747 : INFO : SwitchController : <<<<<<< 's_left_flipper' inactive >>>>>>>
2025-05-30 09:29:07,747 : INFO : EventManager : Event: ======'both_flippers_one'====== Args={'triggering_group': 1, 'triggering_switch': 's_left_flipper'}
2025-05-30 09:29:07,872 : INFO : SwitchController : <<<<<<< 's_right_flipper' inactive >>>>>>>
2025-05-30 09:29:07,872 : INFO : EventManager : Event: ======'both_flippers_inactive'====== Args={'triggering_group': 2, 'triggering_switch': 's_right_flipper'}
2025-05-30 09:29:07,883 : INFO : SwitchController : <<<<<<< 's_left_flipper' active >>>>>>>
2025-05-30 09:29:08,029 : INFO : SwitchController : <<<<<<< 's_right_flipper' active >>>>>>>
2025-05-30 09:29:08,030 : INFO : EventManager : Event: ======'flipper_cancel'====== Args={'triggering_group': 2, 'triggering_switch': 's_right_flipper'}
2025-05-30 09:29:08,050 : INFO : SwitchController : <<<<<<< 's_left_flipper' inactive >>>>>>>
2025-05-30 09:29:08,051 : INFO : EventManager : Event: ======'both_flippers_one'====== Args={'triggering_group': 1, 'triggering_switch': 's_left_flipper'}
2025-05-30 09:29:08,137 : INFO : SwitchController : <<<<<<< 's_right_flipper' inactive >>>>>>>
2025-05-30 09:29:08,138 : INFO : EventManager : Event: ======'both_flippers_inactive'====== Args={'triggering_group': 2, 'triggering_switch': 's_right_flipper'}
2025-05-30 09:29:08,270 : INFO : SwitchController : <<<<<<< 's_right_flipper' active >>>>>>>
2025-05-30 09:29:08,431 : INFO : SwitchController : <<<<<<< 's_right_flipper' inactive >>>>>>>
2025-05-30 09:29:08,477 : INFO : SwitchController : <<<<<<< 's_right_flipper' active >>>>>>>
2025-05-30 09:29:08,481 : INFO : SwitchController : <<<<<<< 's_left_flipper' active >>>>>>>
2025-05-30 09:29:08,481 : INFO : EventManager : Event: ======'flipper_cancel'====== Args={'triggering_group': 1, 'triggering_switch': 's_left_flipper'}
2025-05-30 09:29:08,605 : INFO : SwitchController : <<<<<<< 's_right_flipper' inactive >>>>>>>
2025-05-30 09:29:08,605 : INFO : EventManager : Event: ======'both_flippers_one'====== Args={'triggering_group': 2, 'triggering_switch': 's_right_flipper'}
2025-05-30 09:29:08,664 : INFO : SwitchController : <<<<<<< 's_right_flipper' active >>>>>>>
2025-05-30 09:29:08,664 : INFO : EventManager : Event: ======'flipper_cancel'====== Args={'triggering_group': 2, 'triggering_switch': 's_right_flipper'}
2025-05-30 09:29:08,693 : INFO : SwitchController : <<<<<<< 's_left_flipper' inactive >>>>>>>
2025-05-30 09:29:08,694 : INFO : EventManager : Event: ======'both_flippers_one'====== Args={'triggering_group': 1, 'triggering_switch': 's_left_flipper'}
2025-05-30 09:29:08,804 : INFO : SwitchController : <<<<<<< 's_right_flipper' inactive >>>>>>>
2025-05-30 09:29:08,805 : INFO : EventManager : Event: ======'both_flippers_inactive'====== Args={'triggering_group': 2, 'triggering_switch': 's_right_flipper'}
2025-05-30 09:29:08,807 : INFO : SwitchController : <<<<<<< 's_left_flipper' active >>>>>>>
2025-05-30 09:29:08,869 : INFO : SwitchController : <<<<<<< 's_right_flipper' active >>>>>>>
2025-05-30 09:29:08,870 : INFO : EventManager : Event: ======'flipper_cancel'====== Args={'triggering_group': 2, 'triggering_switch': 's_right_flipper'}
2025-05-30 09:29:08,960 : INFO : SwitchController : <<<<<<< 's_right_flipper' inactive >>>>>>>
2025-05-30 09:29:08,961 : INFO : EventManager : Event: ======'both_flippers_one'====== Args={'triggering_group': 2, 'triggering_switch': 's_right_flipper'}
2025-05-30 09:29:08,961 : INFO : SwitchController : <<<<<<< 's_left_flipper' inactive >>>>>>>
2025-05-30 09:29:08,962 : INFO : EventManager : Event: ======'both_flippers_inactive'====== Args={'triggering_group': 1, 'triggering_switch': 's_left_flipper'}
2025-05-30 09:29:09,042 : INFO : SwitchController : <<<<<<< 's_left_flipper' active >>>>>>>
2025-05-30 09:29:09,063 : INFO : SwitchController : <<<<<<< 's_right_flipper' active >>>>>>>
2025-05-30 09:29:09,064 : INFO : EventManager : Event: ======'flipper_cancel'====== Args={'triggering_group': 2, 'triggering_switch': 's_right_flipper'}
2025-05-30 09:29:09,145 : INFO : SwitchController : <<<<<<< 's_right_flipper' inactive >>>>>>>
2025-05-30 09:29:09,145 : INFO : EventManager : Event: ======'both_flippers_one'====== Args={'triggering_group': 2, 'triggering_switch': 's_right_flipper'}
2025-05-30 09:29:09,170 : INFO : SwitchController : <<<<<<< 's_left_flipper' inactive >>>>>>>
2025-05-30 09:29:09,170 : INFO : EventManager : Event: ======'both_flippers_inactive'====== Args={'triggering_group': 1, 'triggering_switch': 's_left_flipper'}
2025-05-30 09:29:09,224 : INFO : SwitchController : <<<<<<< 's_right_flipper' active >>>>>>>
2025-05-30 09:29:09,301 : INFO : SwitchController : <<<<<<< 's_left_flipper' active >>>>>>>
2025-05-30 09:29:09,302 : INFO : EventManager : Event: ======'flipper_cancel'====== Args={'triggering_group': 1, 'triggering_switch': 's_left_flipper'}
2025-05-30 09:29:09,332 : INFO : SwitchController : <<<<<<< 's_right_flipper' inactive >>>>>>>
2025-05-30 09:29:09,333 : INFO : EventManager : Event: ======'both_flippers_one'====== Args={'triggering_group': 2, 'triggering_switch': 's_right_flipper'}
2025-05-30 09:29:09,397 : INFO : SwitchController : <<<<<<< 's_right_flipper' active >>>>>>>
2025-05-30 09:29:09,397 : INFO : EventManager : Event: ======'flipper_cancel'====== Args={'triggering_group': 2, 'triggering_switch': 's_right_flipper'}
2025-05-30 09:29:09,426 : INFO : SwitchController : <<<<<<< 's_left_flipper' inactive >>>>>>>
2025-05-30 09:29:09,427 : INFO : EventManager : Event: ======'both_flippers_one'====== Args={'triggering_group': 1, 'triggering_switch': 's_left_flipper'}
2025-05-30 09:29:09,475 : INFO : SwitchController : <<<<<<< 's_right_flipper' inactive >>>>>>>
2025-05-30 09:29:09,476 : INFO : EventManager : Event: ======'both_flippers_inactive'====== Args={'triggering_group': 2, 'triggering_switch': 's_right_flipper'}
2025-05-30 09:29:09,785 : INFO : SwitchController : <<<<<<< 's_right_flipper' active >>>>>>>
2025-05-30 09:29:09,863 : INFO : SwitchController : <<<<<<< 's_right_flipper' inactive >>>>>>>
2025-05-30 09:29:19,353 : INFO : Machine : Shutting down...
2025-05-30 09:29:19,353 : INFO : EventManager : Event: ======'shutdown'====== Args={}
2025-05-30 09:29:19,362 : ERROR : OPP : Stop called on serial connection com3
2025-05-30 09:29:19,384 : ERROR : OPP : Stop called on serial connection com4
2025-05-30 09:29:19,385 : ERROR : asyncio : Exception in callback Util.raise_exceptions(<Task finishe...ection lost')>) at C:\Users\ruben\.local\pipx\venvs\mpf\lib\site-packages\mpf\core\utility_functions.py:759
handle: <Handle Util.raise_exceptions(<Task finishe...ection lost')>) at C:\Users\ruben\.local\pipx\venvs\mpf\lib\site-packages\mpf\core\utility_functions.py:759>
Traceback (most recent call last):
  File "C:\Users\ruben\AppData\Local\Programs\Python\Python39\lib\asyncio\events.py", line 80, in _run
    self._context.run(self._callback, *self._args)
  File "C:\Users\ruben\.local\pipx\venvs\mpf\lib\site-packages\mpf\core\utility_functions.py", line 767, in raise_exceptions
    future.result()
  File "C:\Users\ruben\.local\pipx\venvs\mpf\lib\site-packages\mpf\platforms\opp\opp.py", line 965, in _poll_sender
    await self.opp_connection[chain_serial].writer.drain()
  File "C:\Users\ruben\AppData\Local\Programs\Python\Python39\lib\asyncio\streams.py", line 387, in drain
    await self._protocol._drain_helper()
  File "C:\Users\ruben\AppData\Local\Programs\Python\Python39\lib\asyncio\streams.py", line 190, in _drain_helper
    raise ConnectionResetError('Connection lost')
ConnectionResetError: Connection lost
2025-05-30 09:29:19,658 : WARNING : OPP : Poll took more than 250.0ms for 0
2025-05-30 09:29:19,659 : ERROR : asyncio : Exception in callback Util.raise_exceptions(<Task finishe...ute 'write'")>) at C:\Users\ruben\.local\pipx\venvs\mpf\lib\site-packages\mpf\core\utility_functions.py:759
handle: <Handle Util.raise_exceptions(<Task finishe...ute 'write'")>) at C:\Users\ruben\.local\pipx\venvs\mpf\lib\site-packages\mpf\core\utility_functions.py:759>
Traceback (most recent call last):
  File "C:\Users\ruben\AppData\Local\Programs\Python\Python39\lib\asyncio\events.py", line 80, in _run
    self._context.run(self._callback, *self._args)
  File "C:\Users\ruben\.local\pipx\venvs\mpf\lib\site-packages\mpf\core\utility_functions.py", line 767, in raise_exceptions
    future.result()
  File "C:\Users\ruben\.local\pipx\venvs\mpf\lib\site-packages\mpf\platforms\opp\opp.py", line 964, in _poll_sender
    self.send_to_processor(chain_serial, self.read_input_msg[chain_serial])
  File "C:\Users\ruben\.local\pipx\venvs\mpf\lib\site-packages\mpf\platforms\opp\opp.py", line 345, in send_to_processor
    self.opp_connection[chain_serial].send(msg)
  File "C:\Users\ruben\.local\pipx\venvs\mpf\lib\site-packages\mpf\platforms\base_serial_communicator.py", line 160, in send
    self.writer.write(msg)
AttributeError: 'NoneType' object has no attribute 'write'
2025-05-30 09:29:19,665 : INFO : root : MPF run loop ended.
