2025-06-26 12:13:35,373 : kivy : deps: Successfully imported "kivy_deps.gstreamer" 0.3.3
2025-06-26 12:13:35,373 : kivy : deps: Successfully imported "kivy_deps.angle" 0.3.3
2025-06-26 12:13:35,373 : kivy : deps: Successfully imported "kivy_deps.glew" 0.3.1
2025-06-26 12:13:35,373 : kivy : deps: Successfully imported "kivy_deps.sdl2" 0.6.0
2025-06-26 12:13:35,373 : kivy : Kivy: v2.2.1
2025-06-26 12:13:35,373 : kivy : Kivy: Installed at "C:\Users\ruben\AppData\Local\Programs\Python\Python39\lib\site-packages\kivy\__init__.py"
2025-06-26 12:13:35,373 : kivy : Python: v3.9.13 (tags/v3.9.13:6de2ca5, May 17 2022, 16:36:42) [MSC v.1929 64 bit (AMD64)]
2025-06-26 12:13:35,389 : kivy : Python: Interpreter at "C:\Users\ruben\AppData\Local\Programs\Python\Python39\python.exe"
2025-06-26 12:13:35,406 : kivy : Factory: 190 symbols loaded
2025-06-26 12:13:35,664 : kivy : ImageLoaderFFPy: Using ffpyplayer 4.5.1
2025-06-26 12:13:35,665 : kivy : Image: Providers: img_tex, img_dds, img_sdl2, img_pil, img_ffpyplayer 
2025-06-26 12:13:35,928 : kivy : VideoGstplayer: Using Gstreamer 1.18.5.0
2025-06-26 12:13:35,928 : kivy : Video: Provider: gstplayer
2025-06-26 12:13:35,975 : root : Loading MPF-MC controller
2025-06-26 12:13:35,994 : YamlMultifileConfigLoader : Machine config file #1: config
2025-06-26 12:13:35,995 : ConfigProcessor : Config file in cache changed: C:\pinball\my_machine\config\config
2025-06-26 12:13:35,995 : ConfigProcessor : Loading config from file C:\Users\ruben\AppData\Local\Programs\Python\Python39\lib\site-packages\mpfmc\mcconfig.yaml.
2025-06-26 12:13:36,007 : ConfigProcessor : Loading config: C:\Users\ruben\AppData\Local\Programs\Python\Python39\lib\site-packages\mpfmc\mcconfig.yaml
2025-06-26 12:13:36,008 : ConfigProcessor : Loading config from file C:\pinball\my_machine\config\config.
2025-06-26 12:13:36,009 : ConfigProcessor : Loading config: C:\pinball\my_machine\config\config
2025-06-26 12:13:36,010 : ConfigProcessor : Loading config: C:\pinball\my_machine\config\hardware.yaml
2025-06-26 12:13:36,012 : ConfigProcessor : Loading config: C:\pinball\my_machine\config\switches.yaml
2025-06-26 12:13:36,014 : ConfigProcessor : Loading config: C:\pinball\my_machine\config\coils.yaml
2025-06-26 12:13:36,016 : ConfigProcessor : Loading config: C:\pinball\my_machine\config\lights.yaml
2025-06-26 12:13:36,019 : ConfigProcessor : Loading config: C:\pinball\my_machine\config\devices.yaml
2025-06-26 12:13:36,020 : ConfigProcessor : Loading config: C:\pinball\my_machine\config\images.yaml
2025-06-26 12:13:36,022 : ConfigProcessor : Loading config: C:\pinball\my_machine\config\displays.yaml
2025-06-26 12:13:36,024 : ConfigProcessor : Loading config: C:\pinball\my_machine\config\slides.yaml
2025-06-26 12:13:36,026 : ConfigProcessor : Config file cache created: C:\Users\ruben\AppData\Local\Temp\abbaf7ebf6530f7229115378792f7a93.mpf_cache
2025-06-26 12:13:36,027 : ConfigProcessor : Loading config from cache: C:\Users\ruben\AppData\Local\Temp\de22d214a8e6fb7753c0be2dfb8deb7c.mpf_cache
2025-06-26 12:13:36,028 : ConfigProcessor : Loading config from cache: C:\Users\ruben\AppData\Local\Temp\76bc62f652ae2965f03127125af6e953.mpf_cache
2025-06-26 12:13:36,029 : ConfigProcessor : Loading config from cache: C:\Users\ruben\AppData\Local\Temp\195f66f1d07408d279921a878741edf5.mpf_cache
2025-06-26 12:13:36,030 : ConfigProcessor : Loading config from cache: C:\Users\ruben\AppData\Local\Temp\de22d214a8e6fb7753c0be2dfb8deb7c.mpf_cache
2025-06-26 12:13:36,031 : mpfmc : Mission Pinball Framework Media Controller (MPF-MC) v0.57.1. Requires MPF v0.57.0 or newer.
2025-06-26 12:13:36,031 : mpfmc : Found MPF v0.57.3
2025-06-26 12:13:36,031 : mpfmc : Machine path: C:\pinball\my_machine
2025-06-26 12:13:36,031 : mpfmc : Starting clock at 60.0Hz
2025-06-26 12:13:36,053 : kivy : Text: Provider: sdl2
2025-06-26 12:13:36,121 : kivy : Window: Provider: sdl2
2025-06-26 12:13:37,272 : kivy : GL: Using the "OpenGL" graphics system
2025-06-26 12:13:37,279 : kivy : GL: GLEW initialization succeeded
2025-06-26 12:13:37,280 : kivy : GL: Backend used <glew>
2025-06-26 12:13:37,280 : kivy : GL: OpenGL version <b'4.5.0 NVIDIA 376.54'>
2025-06-26 12:13:37,280 : kivy : GL: OpenGL vendor <b'NVIDIA Corporation'>
2025-06-26 12:13:37,280 : kivy : GL: OpenGL renderer <b'GeForce GT 630M/PCIe/SSE2'>
2025-06-26 12:13:37,280 : kivy : GL: OpenGL parsed version: 4, 5
2025-06-26 12:13:37,280 : kivy : GL: Shading version <b'4.50 NVIDIA'>
2025-06-26 12:13:37,280 : kivy : GL: Texture max size <16384>
2025-06-26 12:13:37,280 : kivy : GL: Texture max units <32>
2025-06-26 12:13:37,317 : kivy : Window: auto add sdl2 input provider
2025-06-26 12:13:37,317 : kivy : Window: virtual keyboard not allowed, single mode, not docked
2025-06-26 12:13:37,331 : SoundSystem : SoundSystem: Using default 'sound_system' settings
2025-06-26 12:13:37,933 : AudioInterface : Initialized
2025-06-26 12:13:37,933 : AudioInterface : Loaded SDL 2.26.4
2025-06-26 12:13:37,933 : AudioInterface : Loaded SDL_Mixer 2.6.3
2025-06-26 12:13:37,933 : AudioInterface : Loaded GStreamer 1.18.5.0
2025-06-26 12:13:37,933 : AudioInterface : Loaded GLib 2.62.6
2025-06-26 12:13:37,934 : AudioInterface : Settings requested - rate: 44100, channels: 1, buffer: 2048 samples
2025-06-26 12:13:37,934 : AudioInterface : Settings in use - rate: 44100, channels: 1, buffer: 2048 samples (4096 bytes @ 2 bytes per sample)
2025-06-26 12:13:37,934 : SoundSystem : No audio tracks are specified in your machine config file. a track named 'default' has been created.
2025-06-26 12:13:37,934 : SoundSystem : Setting master volume to 0.0
2025-06-26 12:13:37,934 : AudioInterface : Enabling audio playback
2025-06-26 12:13:37,939 : kivy : Base: Start application main loop
2025-06-26 12:13:37,939 : EventManager : Event: ======'display_window_initialized'====== Args={}
2025-06-26 12:13:37,952 : mpfmc : Display: Setting 'window' as default display
2025-06-26 12:13:37,963 : EventManager : Event: ======'displays_initialized'====== Args={}
2025-06-26 12:13:37,966 : EventManager : Event: ======'slide_window_blank_created'====== Args={}
2025-06-26 12:13:37,966 : EventManager : Event: ======'display_window_ready'====== Args={}
2025-06-26 12:13:37,998 : EventManager : Event: ======'init_phase_1'====== Args={}
2025-06-26 12:13:38,009 : EventManager : Event: ======'mc_ready'====== Args={}
2025-06-26 12:13:38,009 : EventManager : Event: ======'init_phase_2'====== Args={}
2025-06-26 12:13:38,015 : EventManager : Event: ======'init_phase_3'====== Args={}
2025-06-26 12:13:38,019 : EventManager : Event: ======'init_phase_4'====== Args={}
2025-06-26 12:13:38,019 : EventManager : Event: ======'init_phase_5'====== Args={}
2025-06-26 12:13:38,114 : EventManager : Event: ======'loading_assets'====== Args={'total': 1, 'loaded': 1, 'remaining': 0, 'percent': 100}
2025-06-26 12:13:38,114 : AssetManager : Asset loading took: 0.17988896369934082
2025-06-26 12:13:38,115 : EventManager : Event: ======'asset_loading_complete'====== Args={}
2025-06-26 12:13:38,115 : AssetManager : Loading assets: 1/1 (100%)
2025-06-26 12:13:38,115 : EventManager : Event: ======'init_done'====== Args={}
2025-06-26 12:13:38,115 : MPF-MC BCP Server : Starting up on localhost port 5050
2025-06-26 12:13:38,121 : MPF-MC BCP Server : Waiting for a connection...
2025-06-26 12:13:38,122 : EventManager : Event: ======'client_disconnected'====== Args={'host': '127.0.0.1', 'port': 5050}
2025-06-26 12:13:38,307 : MPF-MC BCP Server : Received connection from: 127.0.0.1:62513
2025-06-26 12:13:38,311 : EventManager : Event: ======'client_connected'====== Args={'host': '127.0.0.1', 'port': 62513}
2025-06-26 12:13:38,485 : EventManager : Event: ======'machine_var_credits_string'====== Args={'value': 'FREE PLAY', 'prev_value': None, 'change': True}
2025-06-26 12:13:38,485 : EventManager : Event: ======'machine_var_master_volume'====== Args={'value': 0.5, 'prev_value': None, 'change': True}
2025-06-26 12:13:38,485 : EventManager : Event: ======'machine_var_player1_score'====== Args={'value': 0, 'prev_value': None, 'change': True}
2025-06-26 12:13:38,485 : EventManager : Event: ======'machine_var_mpf_version'====== Args={'value': 'Mission Pinball Framework v0.57.3', 'prev_value': None, 'change': True}
2025-06-26 12:13:38,486 : EventManager : Event: ======'machine_var_mpf_extended_version'====== Args={'value': 'Mission Pinball Framework v0.57.3, Config version:6, Show version: 6, BCP version:1.1', 'prev_value': None, 'change': True}
2025-06-26 12:13:38,486 : EventManager : Event: ======'machine_var_python_version'====== Args={'value': '3.9.13', 'prev_value': None, 'change': True}
2025-06-26 12:13:38,486 : EventManager : Event: ======'machine_var_platform'====== Args={'value': 'Windows-10-10.0.19045-SP0', 'prev_value': None, 'change': True}
2025-06-26 12:13:38,486 : EventManager : Event: ======'machine_var_platform_system'====== Args={'value': 'Windows', 'prev_value': None, 'change': True}
2025-06-26 12:13:38,487 : EventManager : Event: ======'machine_var_platform_release'====== Args={'value': '10', 'prev_value': None, 'change': True}
2025-06-26 12:13:38,487 : EventManager : Event: ======'machine_var_platform_version'====== Args={'value': '10.0.19045', 'prev_value': None, 'change': True}
2025-06-26 12:13:38,487 : EventManager : Event: ======'machine_var_platform_machine'====== Args={'value': 'AMD64', 'prev_value': None, 'change': True}
2025-06-26 12:13:38,487 : EventManager : Event: ======'machine_var_mc_version'====== Args={'value': 'MPF-MC v0.57.1', 'prev_value': None, 'change': True}
2025-06-26 12:13:38,487 : EventManager : Event: ======'machine_var_mc_extended_version'====== Args={'value': 'MPF-MC v0.57.1 (config_version=6, BCP v1.1,                      Requires MPF API compatibility v0.57.0 or newer)', 'prev_value': None, 'change': True}
2025-06-26 12:13:38,488 : EventManager : Event: ======'machine_var_credits_string'====== Args={'value': 'FREE PLAY', 'prev_value': None, 'change': True}
2025-06-26 12:13:38,488 : EventManager : Event: ======'machine_var_master_volume'====== Args={'value': 0.5, 'prev_value': None, 'change': True}
2025-06-26 12:13:38,488 : EventManager : Event: ======'machine_var_player1_score'====== Args={'value': 0, 'prev_value': None, 'change': True}
2025-06-26 12:13:38,488 : EventManager : Event: ======'machine_var_mpf_version'====== Args={'value': 'Mission Pinball Framework v0.57.3', 'prev_value': None, 'change': True}
2025-06-26 12:13:38,488 : EventManager : Event: ======'machine_var_mpf_extended_version'====== Args={'value': 'Mission Pinball Framework v0.57.3, Config version:6, Show version: 6, BCP version:1.1', 'prev_value': None, 'change': True}
2025-06-26 12:13:38,488 : EventManager : Event: ======'machine_var_python_version'====== Args={'value': '3.9.13', 'prev_value': None, 'change': True}
2025-06-26 12:13:38,489 : EventManager : Event: ======'machine_var_platform'====== Args={'value': 'Windows-10-10.0.19045-SP0', 'prev_value': None, 'change': True}
2025-06-26 12:13:38,489 : EventManager : Event: ======'machine_var_platform_system'====== Args={'value': 'Windows', 'prev_value': None, 'change': True}
2025-06-26 12:13:38,489 : EventManager : Event: ======'machine_var_platform_release'====== Args={'value': '10', 'prev_value': None, 'change': True}
2025-06-26 12:13:38,489 : EventManager : Event: ======'machine_var_platform_version'====== Args={'value': '10.0.19045', 'prev_value': None, 'change': True}
2025-06-26 12:13:38,489 : EventManager : Event: ======'machine_var_platform_machine'====== Args={'value': 'AMD64', 'prev_value': None, 'change': True}
2025-06-26 12:13:38,489 : EventManager : Event: ======'machine_var_mc_version'====== Args={'value': 'MPF-MC v0.57.1', 'prev_value': None, 'change': True}
2025-06-26 12:13:38,489 : EventManager : Event: ======'machine_var_mc_extended_version'====== Args={'value': 'MPF-MC v0.57.1 (config_version=6, BCP v1.1,                      Requires MPF API compatibility v0.57.0 or newer)', 'prev_value': None, 'change': True}
2025-06-26 12:13:38,489 : EventManager : Event: ======'machine_var_credits_string'====== Args={'value': 'FREE PLAY', 'prev_value': None, 'change': True}
2025-06-26 12:13:38,489 : EventManager : Event: ======'machine_var_master_volume'====== Args={'value': 0.5, 'prev_value': None, 'change': True}
2025-06-26 12:13:38,489 : EventManager : Event: ======'machine_var_player1_score'====== Args={'value': 0, 'prev_value': None, 'change': True}
2025-06-26 12:13:38,490 : EventManager : Event: ======'machine_var_mpf_version'====== Args={'value': 'Mission Pinball Framework v0.57.3', 'prev_value': None, 'change': True}
2025-06-26 12:13:38,490 : EventManager : Event: ======'machine_var_mpf_extended_version'====== Args={'value': 'Mission Pinball Framework v0.57.3, Config version:6, Show version: 6, BCP version:1.1', 'prev_value': None, 'change': True}
2025-06-26 12:13:38,490 : EventManager : Event: ======'machine_var_python_version'====== Args={'value': '3.9.13', 'prev_value': None, 'change': True}
2025-06-26 12:13:38,490 : EventManager : Event: ======'machine_var_platform'====== Args={'value': 'Windows-10-10.0.19045-SP0', 'prev_value': None, 'change': True}
2025-06-26 12:13:38,490 : EventManager : Event: ======'machine_var_platform_system'====== Args={'value': 'Windows', 'prev_value': None, 'change': True}
2025-06-26 12:13:38,490 : EventManager : Event: ======'machine_var_platform_release'====== Args={'value': '10', 'prev_value': None, 'change': True}
2025-06-26 12:13:38,490 : EventManager : Event: ======'machine_var_platform_version'====== Args={'value': '10.0.19045', 'prev_value': None, 'change': True}
2025-06-26 12:13:38,490 : EventManager : Event: ======'machine_var_platform_machine'====== Args={'value': 'AMD64', 'prev_value': None, 'change': True}
2025-06-26 12:13:38,490 : EventManager : Event: ======'machine_var_mc_version'====== Args={'value': 'MPF-MC v0.57.1', 'prev_value': None, 'change': True}
2025-06-26 12:13:38,490 : EventManager : Event: ======'machine_var_mc_extended_version'====== Args={'value': 'MPF-MC v0.57.1 (config_version=6, BCP v1.1,                      Requires MPF API compatibility v0.57.0 or newer)', 'prev_value': None, 'change': True}
2025-06-26 12:13:38,491 : EventManager : Event: ======'machine_var_credits_string'====== Args={'value': 'FREE PLAY', 'prev_value': None, 'change': True}
2025-06-26 12:13:38,491 : EventManager : Event: ======'machine_var_master_volume'====== Args={'value': 0.5, 'prev_value': None, 'change': True}
2025-06-26 12:13:38,491 : EventManager : Event: ======'machine_var_player1_score'====== Args={'value': 0, 'prev_value': None, 'change': True}
2025-06-26 12:13:38,491 : EventManager : Event: ======'machine_var_mpf_version'====== Args={'value': 'Mission Pinball Framework v0.57.3', 'prev_value': None, 'change': True}
2025-06-26 12:13:38,491 : EventManager : Event: ======'machine_var_mpf_extended_version'====== Args={'value': 'Mission Pinball Framework v0.57.3, Config version:6, Show version: 6, BCP version:1.1', 'prev_value': None, 'change': True}
2025-06-26 12:13:38,491 : EventManager : Event: ======'machine_var_python_version'====== Args={'value': '3.9.13', 'prev_value': None, 'change': True}
2025-06-26 12:13:38,491 : EventManager : Event: ======'machine_var_platform'====== Args={'value': 'Windows-10-10.0.19045-SP0', 'prev_value': None, 'change': True}
2025-06-26 12:13:38,491 : EventManager : Event: ======'machine_var_platform_system'====== Args={'value': 'Windows', 'prev_value': None, 'change': True}
2025-06-26 12:13:38,491 : EventManager : Event: ======'machine_var_platform_release'====== Args={'value': '10', 'prev_value': None, 'change': True}
2025-06-26 12:13:38,491 : EventManager : Event: ======'machine_var_platform_version'====== Args={'value': '10.0.19045', 'prev_value': None, 'change': True}
2025-06-26 12:13:38,492 : EventManager : Event: ======'machine_var_platform_machine'====== Args={'value': 'AMD64', 'prev_value': None, 'change': True}
2025-06-26 12:13:38,492 : EventManager : Event: ======'machine_var_mc_version'====== Args={'value': 'MPF-MC v0.57.1', 'prev_value': None, 'change': True}
2025-06-26 12:13:38,492 : EventManager : Event: ======'machine_var_mc_extended_version'====== Args={'value': 'MPF-MC v0.57.1 (config_version=6, BCP v1.1,                      Requires MPF API compatibility v0.57.0 or newer)', 'prev_value': None, 'change': True}
2025-06-26 12:13:38,492 : SoundSystem : Setting master volume to 0.5
2025-06-26 12:13:38,492 : SoundSystem : Setting master volume to 0.5
2025-06-26 12:13:38,492 : SoundSystem : Setting master volume to 0.5
2025-06-26 12:13:38,492 : SoundSystem : Setting master volume to 0.5
2025-06-26 12:13:38,557 : EventManager : Event: ======'machine_var_audits_events_game_ended'====== Args={'value': 53, 'prev_value': None, 'change': True}
2025-06-26 12:13:38,582 : EventManager : Event: ======'machine_var_audits_events_game_started'====== Args={'value': 106, 'prev_value': None, 'change': True}
2025-06-26 12:13:38,582 : EventManager : Event: ======'machine_var_audits_missing_switches_s_left_flipper'====== Args={'value': 6, 'prev_value': None, 'change': True}
2025-06-26 12:13:38,582 : EventManager : Event: ======'machine_var_audits_missing_switches_s_left_outlane'====== Args={'value': 10, 'prev_value': None, 'change': True}
2025-06-26 12:13:38,582 : EventManager : Event: ======'machine_var_audits_missing_switches_s_left_slingshot'====== Args={'value': 6, 'prev_value': None, 'change': True}
2025-06-26 12:13:38,583 : EventManager : Event: ======'machine_var_audits_missing_switches_s_pop1'====== Args={'value': 17, 'prev_value': None, 'change': True}
2025-06-26 12:13:38,583 : EventManager : Event: ======'machine_var_audits_missing_switches_s_pop2'====== Args={'value': 17, 'prev_value': None, 'change': True}
2025-06-26 12:13:38,583 : EventManager : Event: ======'machine_var_audits_missing_switches_s_pop3'====== Args={'value': 17, 'prev_value': None, 'change': True}
2025-06-26 12:13:38,583 : EventManager : Event: ======'machine_var_audits_missing_switches_s_pop4'====== Args={'value': 6, 'prev_value': None, 'change': True}
2025-06-26 12:13:38,583 : EventManager : Event: ======'machine_var_audits_missing_switches_s_pop5'====== Args={'value': 6, 'prev_value': None, 'change': True}
2025-06-26 12:13:38,584 : EventManager : Event: ======'machine_var_audits_missing_switches_s_right_flipper'====== Args={'value': 5, 'prev_value': None, 'change': True}
2025-06-26 12:13:38,584 : EventManager : Event: ======'machine_var_audits_missing_switches_s_right_inlane'====== Args={'value': 3, 'prev_value': None, 'change': True}
2025-06-26 12:13:38,584 : EventManager : Event: ======'machine_var_audits_missing_switches_s_right_outlane'====== Args={'value': 10, 'prev_value': None, 'change': True}
2025-06-26 12:13:38,584 : EventManager : Event: ======'machine_var_audits_missing_switches_s_right_slingshot'====== Args={'value': 6, 'prev_value': None, 'change': True}
2025-06-26 12:13:38,584 : EventManager : Event: ======'machine_var_audits_missing_switches_s_startButton'====== Args={'value': 6, 'prev_value': None, 'change': True}
2025-06-26 12:13:38,584 : EventManager : Event: ======'machine_var_audits_missing_switches_s_trough1'====== Args={'value': 3, 'prev_value': None, 'change': True}
2025-06-26 12:13:38,584 : EventManager : Event: ======'machine_var_audits_missing_switches_s_trough2'====== Args={'value': 10, 'prev_value': None, 'change': True}
2025-06-26 12:13:38,584 : EventManager : Event: ======'machine_var_audits_missing_switches_s_trough3'====== Args={'value': 10, 'prev_value': None, 'change': True}
2025-06-26 12:13:38,584 : EventManager : Event: ======'machine_var_audits_missing_switches_s_trough4'====== Args={'value': 10, 'prev_value': None, 'change': True}
2025-06-26 12:13:38,584 : EventManager : Event: ======'machine_var_audits_missing_switches_s_trough5'====== Args={'value': 9, 'prev_value': None, 'change': True}
2025-06-26 12:13:38,585 : EventManager : Event: ======'machine_var_audits_player_score'====== Args={'value': {'average': 0, 'top': [0, 0, 0, 0, 0, 0, 0, 0, 0, 0], 'total': 53}, 'prev_value': None, 'change': True}
2025-06-26 12:13:38,585 : EventManager : Event: ======'machine_var_audits_switches_s_drop_bank1'====== Args={'value': 140, 'prev_value': None, 'change': True}
2025-06-26 12:13:38,585 : EventManager : Event: ======'machine_var_audits_switches_s_left_flipper'====== Args={'value': 2284, 'prev_value': None, 'change': True}
2025-06-26 12:13:38,585 : EventManager : Event: ======'machine_var_audits_switches_s_left_inlane1'====== Args={'value': 2, 'prev_value': None, 'change': True}
2025-06-26 12:13:38,585 : EventManager : Event: ======'machine_var_audits_switches_s_left_inlane2'====== Args={'value': 2, 'prev_value': None, 'change': True}
2025-06-26 12:13:38,585 : EventManager : Event: ======'machine_var_audits_switches_s_left_outlane'====== Args={'value': 0, 'prev_value': None, 'change': True}
2025-06-26 12:13:38,585 : EventManager : Event: ======'machine_var_audits_switches_s_left_slingshot'====== Args={'value': 295, 'prev_value': None, 'change': True}
2025-06-26 12:13:38,585 : EventManager : Event: ======'machine_var_audits_switches_s_plunger'====== Args={'value': 5, 'prev_value': None, 'change': True}
2025-06-26 12:13:38,585 : EventManager : Event: ======'machine_var_audits_switches_s_pop1'====== Args={'value': 0, 'prev_value': None, 'change': True}
2025-06-26 12:13:38,585 : EventManager : Event: ======'machine_var_audits_switches_s_pop2'====== Args={'value': 0, 'prev_value': None, 'change': True}
2025-06-26 12:13:38,586 : EventManager : Event: ======'machine_var_audits_switches_s_pop3'====== Args={'value': 0, 'prev_value': None, 'change': True}
2025-06-26 12:13:38,586 : EventManager : Event: ======'machine_var_audits_switches_s_pop4'====== Args={'value': 3, 'prev_value': None, 'change': True}
2025-06-26 12:13:38,586 : EventManager : Event: ======'machine_var_audits_switches_s_pop5'====== Args={'value': 3, 'prev_value': None, 'change': True}
2025-06-26 12:13:38,586 : EventManager : Event: ======'machine_var_audits_switches_s_pop_bot'====== Args={'value': 426, 'prev_value': None, 'change': True}
2025-06-26 12:13:38,586 : EventManager : Event: ======'machine_var_audits_switches_s_pop_mid'====== Args={'value': 351, 'prev_value': None, 'change': True}
2025-06-26 12:13:38,586 : EventManager : Event: ======'machine_var_audits_switches_s_pop_top'====== Args={'value': 302, 'prev_value': None, 'change': True}
2025-06-26 12:13:38,586 : EventManager : Event: ======'machine_var_audits_switches_s_right_flipper'====== Args={'value': 2339, 'prev_value': None, 'change': True}
2025-06-26 12:13:38,586 : EventManager : Event: ======'machine_var_audits_switches_s_right_inlane'====== Args={'value': 66, 'prev_value': None, 'change': True}
2025-06-26 12:13:38,586 : EventManager : Event: ======'machine_var_audits_switches_s_right_outlane'====== Args={'value': 0, 'prev_value': None, 'change': True}
2025-06-26 12:13:38,587 : EventManager : Event: ======'machine_var_audits_switches_s_right_slingshot'====== Args={'value': 258, 'prev_value': None, 'change': True}
2025-06-26 12:13:38,587 : EventManager : Event: ======'machine_var_audits_switches_s_scoop_center'====== Args={'value': 2, 'prev_value': None, 'change': True}
2025-06-26 12:13:38,587 : EventManager : Event: ======'machine_var_audits_switches_s_scoop_lower'====== Args={'value': 220, 'prev_value': None, 'change': True}
2025-06-26 12:13:38,587 : EventManager : Event: ======'machine_var_audits_switches_s_scoop_right'====== Args={'value': 1, 'prev_value': None, 'change': True}
2025-06-26 12:13:38,587 : EventManager : Event: ======'machine_var_audits_switches_s_shooter_lane'====== Args={'value': 15, 'prev_value': None, 'change': True}
2025-06-26 12:13:38,587 : EventManager : Event: ======'machine_var_audits_switches_s_startButton'====== Args={'value': 35, 'prev_value': None, 'change': True}
2025-06-26 12:13:38,587 : EventManager : Event: ======'machine_var_audits_switches_s_trough1'====== Args={'value': 316, 'prev_value': None, 'change': True}
2025-06-26 12:13:38,587 : EventManager : Event: ======'machine_var_audits_switches_s_trough2'====== Args={'value': 1, 'prev_value': None, 'change': True}
2025-06-26 12:13:38,587 : EventManager : Event: ======'machine_var_audits_switches_s_trough3'====== Args={'value': 1, 'prev_value': None, 'change': True}
2025-06-26 12:13:38,587 : EventManager : Event: ======'machine_var_audits_switches_s_trough4'====== Args={'value': 1, 'prev_value': None, 'change': True}
2025-06-26 12:13:38,588 : EventManager : Event: ======'machine_var_audits_switches_s_trough5'====== Args={'value': 1, 'prev_value': None, 'change': True}
2025-06-26 12:13:38,588 : EventManager : Event: ======'mc_reset_phase_1'====== Args={}
2025-06-26 12:13:38,588 : EventManager : Event: ======'mc_reset_phase_2'====== Args={}
2025-06-26 12:13:38,588 : EventManager : Event: ======'mc_reset_phase_3'====== Args={}
2025-06-26 12:13:38,588 : EventManager : Event: ======'mc_reset_complete'====== Args={}
2025-06-26 12:13:38,606 : EventManager : Event: ======'slides_play'====== Args={'settings': {'attract_image_slide': {'target': None, 'background_color': [0.0, 0.0, 0.0, 1.0], 'priority': None, 'show': True, 'force': False, 'expire': None, 'slide': None, 'tokens': {}, 'action': 'play'}}, 'context': 'attract', 'calling_context': 'mode_attract_started', 'priority': 10}
2025-06-26 12:13:38,608 : EventManager : Event: ======'slide_attract_image_slide_created'====== Args={}
2025-06-26 12:13:38,609 : EventManager : Event: ======'slide_attract_image_slide_active'====== Args={}
2025-06-26 12:13:38,696 : kivy : GL: NPOT texture support is available
2025-06-26 12:13:38,701 : EventManager : Event: ======'loading_assets'====== Args={'total': 1, 'loaded': 1, 'remaining': 0, 'percent': 100}
2025-06-26 12:13:38,701 : AssetManager : Asset loading took: 0.7663068771362305
2025-06-26 12:13:38,702 : EventManager : Event: ======'asset_loading_complete'====== Args={}
2025-06-26 12:13:38,702 : AssetManager : Loading assets: 1/1 (100%)
2025-06-26 12:14:18,513 : EventManager : Event: ======'led_off'====== Args={}
2025-06-26 12:14:18,873 : EventManager : Event: ======'led_code'====== Args={}
2025-06-26 12:14:19,403 : EventManager : Event: ======'led_name'====== Args={}
2025-06-26 12:14:20,138 : EventManager : Event: ======'led_fade'====== Args={}
2025-06-26 12:14:20,756 : EventManager : Event: ======'led_name'====== Args={}
2025-06-26 12:14:21,376 : EventManager : Event: ======'led_fade'====== Args={}
2025-06-26 12:14:22,475 : EventManager : Event: ======'led_fade'====== Args={}
2025-06-26 12:14:23,017 : EventManager : Event: ======'led_name'====== Args={}
2025-06-26 12:14:23,324 : EventManager : Event: ======'led_code'====== Args={}
2025-06-26 12:14:23,994 : EventManager : Event: ======'led_off'====== Args={}
2025-06-26 12:14:24,393 : EventManager : Event: ======'led_code'====== Args={}
2025-06-26 12:14:24,778 : EventManager : Event: ======'led_name'====== Args={}
2025-06-26 12:14:25,708 : EventManager : Event: ======'led_fade'====== Args={}
2025-06-26 12:14:26,509 : EventManager : Event: ======'led_name'====== Args={}
2025-06-26 12:14:26,844 : EventManager : Event: ======'led_code'====== Args={}
2025-06-26 12:14:27,166 : EventManager : Event: ======'led_off'====== Args={}
2025-06-26 12:14:27,542 : EventManager : Event: ======'led_code'====== Args={}
2025-06-26 12:14:27,916 : EventManager : Event: ======'led_name'====== Args={}
2025-06-26 12:14:28,612 : EventManager : Event: ======'led_fade'====== Args={}
2025-06-26 12:14:29,127 : EventManager : Event: ======'led_name'====== Args={}
2025-06-26 12:14:29,358 : EventManager : Event: ======'led_code'====== Args={}
2025-06-26 12:14:29,589 : EventManager : Event: ======'led_off'====== Args={}
2025-06-26 12:14:38,789 : EventManager : Event: ======'led_off'====== Args={}
2025-06-26 12:14:39,188 : EventManager : Event: ======'led_code'====== Args={}
2025-06-26 12:14:39,602 : EventManager : Event: ======'led_name'====== Args={}
2025-06-26 12:17:31,164 : EventManager : Event: ======'led_off'====== Args={}
2025-06-26 12:17:31,577 : EventManager : Event: ======'led_code'====== Args={}
2025-06-26 12:17:32,005 : EventManager : Event: ======'led_name'====== Args={}
2025-06-26 12:17:32,753 : EventManager : Event: ======'led_fade'====== Args={}
2025-06-26 12:18:30,045 : EventManager : Event: ======'led_code'====== Args={}
2025-06-26 12:18:30,431 : EventManager : Event: ======'led_name'====== Args={}
2025-06-26 12:18:31,141 : EventManager : Event: ======'led_fade'====== Args={}
2025-06-26 12:18:31,785 : EventManager : Event: ======'led_code'====== Args={}
2025-06-26 12:18:32,134 : EventManager : Event: ======'led_name'====== Args={}
2025-06-26 12:18:32,390 : EventManager : Event: ======'led_name'====== Args={}
2025-06-26 12:18:32,633 : EventManager : Event: ======'led_name'====== Args={}
2025-06-26 12:18:32,852 : EventManager : Event: ======'led_name'====== Args={}
2025-06-26 12:18:33,043 : EventManager : Event: ======'led_name'====== Args={}
2025-06-26 12:18:33,404 : EventManager : Event: ======'led_off'====== Args={}
2025-06-26 12:18:33,405 : EventManager : Event: ======'led_code'====== Args={}
2025-06-26 12:18:33,518 : EventManager : Event: ======'led_name'====== Args={}
2025-06-26 12:18:33,556 : EventManager : Event: ======'led_code'====== Args={}
2025-06-26 12:18:33,646 : EventManager : Event: ======'led_off'====== Args={}
2025-06-26 12:18:33,760 : EventManager : Event: ======'led_name'====== Args={}
2025-06-26 12:18:33,786 : EventManager : Event: ======'led_code'====== Args={}
2025-06-26 12:18:33,875 : EventManager : Event: ======'led_off'====== Args={}
2025-06-26 12:18:34,015 : EventManager : Event: ======'led_name'====== Args={}
2025-06-26 12:18:34,425 : EventManager : Event: ======'led_off'====== Args={}
2025-06-26 12:18:34,541 : EventManager : Event: ======'led_code'====== Args={}
2025-06-26 12:18:34,642 : EventManager : Event: ======'led_name'====== Args={}
2025-06-26 12:18:35,414 : EventManager : Event: ======'led_off'====== Args={}
2025-06-26 12:18:35,452 : EventManager : Event: ======'led_code'====== Args={}
2025-06-26 12:18:35,606 : EventManager : Event: ======'led_name'====== Args={}
2025-06-26 12:18:35,759 : EventManager : Event: ======'led_fade'====== Args={}
2025-06-26 12:18:36,327 : EventManager : Event: ======'led_code'====== Args={}
2025-06-26 12:18:36,365 : EventManager : Event: ======'led_off'====== Args={}
2025-06-26 12:18:36,495 : EventManager : Event: ======'led_name'====== Args={}
2025-06-26 12:18:36,518 : EventManager : Event: ======'led_code'====== Args={}
2025-06-26 12:19:01,507 : EventManager : Event: ======'led_off'====== Args={}
2025-06-26 12:19:01,792 : EventManager : Event: ======'led_code'====== Args={}
2025-06-26 12:19:02,063 : EventManager : Event: ======'led_name'====== Args={}
2025-06-26 12:19:02,705 : EventManager : Event: ======'led_fade'====== Args={}
2025-06-26 12:19:03,194 : EventManager : Event: ======'led_name'====== Args={}
2025-06-26 12:19:03,425 : EventManager : Event: ======'led_code'====== Args={}
2025-06-26 12:19:03,618 : EventManager : Event: ======'led_off'====== Args={}
2025-06-26 12:19:13,320 : EventManager : Event: ======'led_off'====== Args={}
2025-06-26 12:19:13,643 : EventManager : Event: ======'led_code'====== Args={}
2025-06-26 12:19:13,914 : EventManager : Event: ======'led_name'====== Args={}
2025-06-26 12:19:14,507 : EventManager : Event: ======'led_fade'====== Args={}
2025-06-26 12:19:15,746 : EventManager : Event: ======'led_fade'====== Args={}
2025-06-26 12:19:16,246 : EventManager : Event: ======'led_name'====== Args={}
2025-06-26 12:19:49,437 : EventManager : Event: ======'led_off'====== Args={}
2025-06-26 12:19:50,432 : EventManager : Event: ======'led_code'====== Args={}
2025-06-26 12:19:51,557 : EventManager : Event: ======'led_code'====== Args={}
2025-06-26 12:19:51,867 : EventManager : Event: ======'led_name'====== Args={}
2025-06-26 12:19:52,729 : EventManager : Event: ======'led_fade'====== Args={}
2025-06-26 12:19:53,168 : EventManager : Event: ======'led_fade'====== Args={}
2025-06-26 12:19:53,848 : EventManager : Event: ======'led_name'====== Args={}
2025-06-26 12:19:54,365 : EventManager : Event: ======'led_off'====== Args={}
2025-06-26 12:19:54,479 : EventManager : Event: ======'led_name'====== Args={}
2025-06-26 12:19:54,518 : EventManager : Event: ======'led_code'====== Args={}
2025-06-26 12:19:54,645 : EventManager : Event: ======'led_off'====== Args={}
2025-06-26 12:19:54,760 : EventManager : Event: ======'led_name'====== Args={}
2025-06-26 12:19:54,785 : EventManager : Event: ======'led_code'====== Args={}
2025-06-26 12:20:05,788 : EventManager : Event: ======'led_off'====== Args={}
2025-06-26 12:20:06,266 : EventManager : Event: ======'led_code'====== Args={}
2025-06-26 12:20:06,717 : EventManager : Event: ======'led_name'====== Args={}
2025-06-26 12:20:07,750 : EventManager : Event: ======'led_fade'====== Args={}
2025-06-26 12:20:08,407 : EventManager : Event: ======'led_fade'====== Args={}
2025-06-26 12:20:08,640 : EventManager : Event: ======'led_fade'====== Args={}
2025-06-26 12:20:11,229 : EventManager : Event: ======'led_off'====== Args={}
2025-06-26 12:20:11,979 : EventManager : Event: ======'led_off'====== Args={}
2025-06-26 12:20:12,287 : EventManager : Event: ======'led_code'====== Args={}
2025-06-26 12:20:12,633 : EventManager : Event: ======'led_name'====== Args={}
2025-06-26 12:20:12,982 : EventManager : Event: ======'led_name'====== Args={}
2025-06-26 12:20:13,601 : EventManager : Event: ======'led_fade'====== Args={}
2025-06-26 12:20:15,441 : EventManager : Event: ======'led_off'====== Args={}
2025-06-26 12:20:15,583 : EventManager : Event: ======'led_code'====== Args={}
2025-06-26 12:20:15,672 : EventManager : Event: ======'led_name'====== Args={}
2025-06-26 12:20:15,814 : EventManager : Event: ======'led_off'====== Args={}
2025-06-26 12:20:15,892 : EventManager : Event: ======'led_code'====== Args={}
2025-06-26 12:20:15,993 : EventManager : Event: ======'led_name'====== Args={}
2025-06-26 12:20:16,122 : EventManager : Event: ======'led_off'====== Args={}
2025-06-26 12:20:16,236 : EventManager : Event: ======'led_code'====== Args={}
2025-06-26 12:20:16,274 : EventManager : Event: ======'led_name'====== Args={}
2025-06-26 12:20:16,504 : EventManager : Event: ======'led_off'====== Args={}
2025-06-26 12:20:16,542 : EventManager : Event: ======'led_code'====== Args={}
2025-06-26 12:20:16,658 : EventManager : Event: ======'led_name'====== Args={}
2025-06-26 12:20:16,824 : EventManager : Event: ======'led_off'====== Args={}
2025-06-26 12:20:16,901 : EventManager : Event: ======'led_code'====== Args={}
2025-06-26 12:20:16,991 : EventManager : Event: ======'led_name'====== Args={}
2025-06-26 12:20:17,700 : EventManager : Event: ======'led_name'====== Args={}
2025-06-26 12:20:18,049 : EventManager : Event: ======'led_code'====== Args={}
2025-06-26 12:20:18,669 : EventManager : Event: ======'led_off'====== Args={}
2025-06-26 12:20:19,095 : EventManager : Event: ======'led_off'====== Args={}
2025-06-26 12:20:19,133 : EventManager : Event: ======'led_code'====== Args={}
2025-06-26 12:20:19,375 : EventManager : Event: ======'led_code'====== Args={}
2025-06-26 12:20:19,607 : EventManager : Event: ======'led_name'====== Args={}
2025-06-26 12:20:20,303 : EventManager : Event: ======'led_fade'====== Args={}
2025-06-26 12:20:20,457 : EventManager : Event: ======'led_fade'====== Args={}
2025-06-26 12:20:20,662 : EventManager : Event: ======'led_fade'====== Args={}
2025-06-26 12:20:21,269 : EventManager : Event: ======'led_off'====== Args={}
2025-06-26 12:20:21,270 : EventManager : Event: ======'led_code'====== Args={}
2025-06-26 12:20:21,372 : EventManager : Event: ======'led_name'====== Args={}
2025-06-26 12:20:21,576 : EventManager : Event: ======'led_off'====== Args={}
2025-06-26 12:20:21,653 : EventManager : Event: ======'led_code'====== Args={}
2025-06-26 12:20:21,754 : EventManager : Event: ======'led_name'====== Args={}
2025-06-26 12:20:21,921 : EventManager : Event: ======'led_off'====== Args={}
2025-06-26 12:20:21,946 : EventManager : Event: ======'led_code'====== Args={}
2025-06-26 12:20:34,343 : EventManager : Event: ======'led_off'====== Args={}
2025-06-26 12:20:34,652 : EventManager : Event: ======'led_code'====== Args={}
2025-06-26 12:20:34,948 : EventManager : Event: ======'led_name'====== Args={}
2025-06-26 12:20:35,567 : EventManager : Event: ======'led_fade'====== Args={}
2025-06-26 12:20:46,431 : EventManager : Event: ======'led_off'====== Args={}
2025-06-26 12:20:47,816 : EventManager : Event: ======'led_code'====== Args={}
2025-06-26 12:20:48,968 : EventManager : Event: ======'led_code'====== Args={}
2025-06-26 12:20:49,393 : EventManager : Event: ======'led_name'====== Args={}
2025-06-26 12:20:50,570 : EventManager : Event: ======'led_fade'====== Args={}
2025-06-26 12:20:53,260 : EventManager : Event: ======'led_fade'====== Args={}
2025-06-26 12:21:01,699 : EventManager : Event: ======'led_name'====== Args={}
2025-06-26 12:21:02,450 : EventManager : Event: ======'led_code'====== Args={}
2025-06-26 12:21:03,420 : EventManager : Event: ======'led_code'====== Args={}
2025-06-26 12:21:04,195 : EventManager : Event: ======'led_name'====== Args={}
2025-06-26 12:21:05,371 : EventManager : Event: ======'led_name'====== Args={}
2025-06-26 12:21:07,675 : EventManager : Event: ======'led_fade'====== Args={}
2025-06-26 12:21:09,837 : EventManager : Event: ======'led_fade'====== Args={}
2025-06-26 12:21:14,228 : EventManager : Event: ======'led_off'====== Args={}
2025-06-26 12:21:14,966 : EventManager : Event: ======'led_off'====== Args={}
2025-06-26 12:21:15,405 : EventManager : Event: ======'led_off'====== Args={}
2025-06-26 12:21:15,663 : EventManager : Event: ======'led_off'====== Args={}
2025-06-26 12:21:18,901 : EventManager : Event: ======'led_code'====== Args={}
2025-06-26 12:21:20,702 : EventManager : Event: ======'led_code'====== Args={}
2025-06-26 12:21:21,481 : EventManager : Event: ======'led_off'====== Args={}
2025-06-26 12:21:23,411 : EventManager : Event: ======'led_name'====== Args={}
2025-06-26 12:21:24,989 : EventManager : Event: ======'led_name'====== Args={}
2025-06-26 12:21:25,622 : EventManager : Event: ======'led_name'====== Args={}
2025-06-26 12:21:26,047 : EventManager : Event: ======'led_name'====== Args={}
2025-06-26 12:21:33,947 : EventManager : Event: ======'led_fade'====== Args={}
2025-06-26 12:21:35,392 : EventManager : Event: ======'led_fade'====== Args={}
2025-06-26 12:21:36,259 : EventManager : Event: ======'led_off'====== Args={}
2025-06-26 12:21:37,890 : EventManager : Event: ======'led_code'====== Args={}
2025-06-26 12:21:38,446 : EventManager : Event: ======'led_name'====== Args={}
2025-06-26 12:21:39,167 : EventManager : Event: ======'led_fade'====== Args={}
2025-06-26 12:21:39,448 : EventManager : Event: ======'led_fade'====== Args={}
2025-06-26 12:21:40,583 : EventManager : Event: ======'led_off'====== Args={}
2025-06-26 12:21:41,035 : EventManager : Event: ======'led_code'====== Args={}
2025-06-26 12:21:41,421 : EventManager : Event: ======'led_name'====== Args={}
2025-06-26 12:21:43,853 : EventManager : Event: ======'led_fade'====== Args={}
2025-06-26 12:21:45,678 : EventManager : Event: ======'led_code'====== Args={}
2025-06-26 12:21:46,818 : EventManager : Event: ======'led_name'====== Args={}
2025-06-26 12:21:47,628 : EventManager : Event: ======'led_fade'====== Args={}
2025-06-26 12:21:51,851 : EventManager : Event: ======'led_name'====== Args={}
2025-06-26 12:21:52,083 : EventManager : Event: ======'led_name'====== Args={}
2025-06-26 12:21:52,274 : EventManager : Event: ======'led_name'====== Args={}
2025-06-26 12:21:52,467 : EventManager : Event: ======'led_name'====== Args={}
2025-06-26 12:21:52,673 : EventManager : Event: ======'led_name'====== Args={}
2025-06-26 12:21:52,866 : EventManager : Event: ======'led_name'====== Args={}
2025-06-26 12:21:53,059 : EventManager : Event: ======'led_name'====== Args={}
2025-06-26 12:21:53,251 : EventManager : Event: ======'led_name'====== Args={}
2025-06-26 12:21:53,443 : EventManager : Event: ======'led_code'====== Args={}
2025-06-26 12:21:53,674 : EventManager : Event: ======'led_code'====== Args={}
2025-06-26 12:21:53,881 : EventManager : Event: ======'led_code'====== Args={}
2025-06-26 12:21:54,088 : EventManager : Event: ======'led_code'====== Args={}
2025-06-26 12:21:54,292 : EventManager : Event: ======'led_code'====== Args={}
2025-06-26 12:21:54,562 : EventManager : Event: ======'led_code'====== Args={}
2025-06-26 12:21:54,756 : EventManager : Event: ======'led_code'====== Args={}
2025-06-26 12:21:54,988 : EventManager : Event: ======'led_off'====== Args={}
2025-06-26 12:21:56,191 : EventManager : Event: ======'led_off'====== Args={}
2025-06-26 12:21:57,085 : EventManager : Event: ======'led_off'====== Args={}
2025-06-26 12:22:11,474 : EventManager : Event: ======'led_code'====== Args={}
2025-06-26 12:22:12,964 : EventManager : Event: ======'led_code'====== Args={}
2025-06-26 12:22:13,401 : EventManager : Event: ======'led_name'====== Args={}
2025-06-26 12:22:14,564 : EventManager : Event: ======'led_name'====== Args={}
2025-06-26 12:22:14,809 : EventManager : Event: ======'led_name'====== Args={}
2025-06-26 12:22:15,028 : EventManager : Event: ======'led_name'====== Args={}
2025-06-26 12:22:15,453 : EventManager : Event: ======'led_name'====== Args={}
2025-06-26 12:22:18,759 : EventManager : Event: ======'led_name'====== Args={}
2025-06-26 12:22:19,121 : EventManager : Event: ======'led_name'====== Args={}
2025-06-26 12:22:23,792 : EventManager : Event: ======'led_fade'====== Args={}
2025-06-26 12:22:24,051 : EventManager : Event: ======'led_fade'====== Args={}
2025-06-26 12:22:24,358 : EventManager : Event: ======'led_fade'====== Args={}
2025-06-26 12:22:24,617 : EventManager : Event: ======'led_fade'====== Args={}
2025-06-26 12:22:24,823 : EventManager : Event: ======'led_fade'====== Args={}
2025-06-26 12:22:25,055 : EventManager : Event: ======'led_fade'====== Args={}
2025-06-26 12:22:25,284 : EventManager : Event: ======'led_fade'====== Args={}
2025-06-26 12:22:25,579 : EventManager : Event: ======'led_fade'====== Args={}
2025-06-26 12:22:25,786 : EventManager : Event: ======'led_fade'====== Args={}
2025-06-26 12:22:26,029 : EventManager : Event: ======'led_fade'====== Args={}
2025-06-26 12:22:26,506 : EventManager : Event: ======'led_off'====== Args={}
2025-06-26 12:22:26,751 : EventManager : Event: ======'led_off'====== Args={}
2025-06-26 12:22:26,958 : EventManager : Event: ======'led_off'====== Args={}
2025-06-26 12:22:27,175 : EventManager : Event: ======'led_off'====== Args={}
2025-06-26 12:22:27,705 : EventManager : Event: ======'led_code'====== Args={}
2025-06-26 12:22:27,962 : EventManager : Event: ======'led_code'====== Args={}
2025-06-26 12:22:28,230 : EventManager : Event: ======'led_name'====== Args={}
2025-06-26 12:22:28,487 : EventManager : Event: ======'led_name'====== Args={}
2025-06-26 12:22:28,744 : EventManager : Event: ======'led_name'====== Args={}
2025-06-26 12:22:28,963 : EventManager : Event: ======'led_name'====== Args={}
2025-06-26 12:33:44,012 : EventManager : Event: ======'led_off'====== Args={}
2025-06-26 12:33:44,524 : EventManager : Event: ======'led_code'====== Args={}
2025-06-26 12:33:45,309 : EventManager : Event: ======'led_name'====== Args={}
2025-06-26 12:33:46,705 : EventManager : Event: ======'led_fade'====== Args={}
2025-06-26 12:33:47,360 : EventManager : Event: ======'led_code'====== Args={}
2025-06-26 12:33:48,378 : EventManager : Event: ======'led_code'====== Args={}
2025-06-26 12:33:48,712 : EventManager : Event: ======'led_name'====== Args={}
2025-06-26 12:33:49,497 : EventManager : Event: ======'led_fade'====== Args={}
2025-06-26 12:33:49,988 : EventManager : Event: ======'led_off'====== Args={}
2025-06-26 12:33:50,166 : EventManager : Event: ======'led_off'====== Args={}
2025-06-26 12:33:50,319 : EventManager : Event: ======'led_off'====== Args={}
2025-06-26 12:33:59,540 : EventManager : Event: ======'led_off'====== Args={}
2025-06-26 12:34:01,688 : EventManager : Event: ======'led_code'====== Args={}
2025-06-26 12:34:02,605 : EventManager : Event: ======'led_name'====== Args={}
2025-06-26 12:34:04,080 : EventManager : Event: ======'led_fade'====== Args={}
2025-06-26 12:34:04,815 : EventManager : Event: ======'led_fade'====== Args={}
2025-06-26 12:34:06,119 : EventManager : Event: ======'led_fade'====== Args={}
2025-06-26 12:34:06,596 : EventManager : Event: ======'led_off'====== Args={}
2025-06-26 12:34:06,750 : EventManager : Event: ======'led_off'====== Args={}
2025-06-26 12:34:07,137 : EventManager : Event: ======'led_code'====== Args={}
2025-06-26 12:34:07,511 : EventManager : Event: ======'led_name'====== Args={}
2025-06-26 12:34:08,270 : EventManager : Event: ======'led_fade'====== Args={}
2025-06-26 12:34:08,853 : EventManager : Event: ======'led_off'====== Args={}
2025-06-26 12:34:09,290 : EventManager : Event: ======'led_code'====== Args={}
2025-06-26 12:34:12,780 : EventManager : Event: ======'led_off'====== Args={}
2025-06-26 12:34:13,219 : EventManager : Event: ======'led_code'====== Args={}
2025-06-26 12:34:13,944 : EventManager : Event: ======'led_name'====== Args={}
2025-06-26 12:34:14,472 : EventManager : Event: ======'led_off'====== Args={}
2025-06-26 12:34:14,807 : EventManager : Event: ======'led_code'====== Args={}
2025-06-26 12:34:15,092 : EventManager : Event: ======'led_name'====== Args={}
2025-06-26 12:34:16,353 : EventManager : Event: ======'led_fade'====== Args={}
2025-06-26 12:34:17,785 : EventManager : Event: ======'led_fade'====== Args={}
2025-06-26 12:34:19,348 : EventManager : Event: ======'led_off'====== Args={}
2025-06-26 12:34:19,618 : EventManager : Event: ======'led_code'====== Args={}
2025-06-26 12:34:19,901 : EventManager : Event: ======'led_name'====== Args={}
2025-06-26 12:34:21,597 : EventManager : Event: ======'led_code'====== Args={}
2025-06-26 12:34:21,932 : EventManager : Event: ======'led_off'====== Args={}
2025-06-26 12:34:22,353 : EventManager : Event: ======'led_off'====== Args={}
2025-06-26 12:34:23,687 : EventManager : Event: ======'led_off'====== Args={}
2025-06-26 12:34:23,931 : EventManager : Event: ======'led_code'====== Args={}
2025-06-26 12:34:24,252 : EventManager : Event: ======'led_name'====== Args={}
2025-06-26 12:34:24,846 : EventManager : Event: ======'led_fade'====== Args={}
2025-06-26 12:34:25,991 : EventManager : Event: ======'led_off'====== Args={}
2025-06-26 12:34:29,872 : EventManager : Event: ======'led_off'====== Args={}
2025-06-26 12:34:30,255 : EventManager : Event: ======'led_code'====== Args={}
2025-06-26 12:34:30,707 : EventManager : Event: ======'led_name'====== Args={}
2025-06-26 12:34:31,441 : EventManager : Event: ======'led_fade'====== Args={}
2025-06-26 12:34:32,293 : EventManager : Event: ======'led_fade'====== Args={}
2025-06-26 12:34:34,203 : EventManager : Event: ======'led_fade'====== Args={}
2025-06-26 12:34:34,810 : EventManager : Event: ======'led_name'====== Args={}
2025-06-26 12:34:35,196 : EventManager : Event: ======'led_code'====== Args={}
2025-06-26 12:34:35,584 : EventManager : Event: ======'led_name'====== Args={}
2025-06-26 12:34:36,228 : EventManager : Event: ======'led_name'====== Args={}
2025-06-26 12:34:36,499 : EventManager : Event: ======'led_code'====== Args={}
2025-06-26 12:34:36,822 : EventManager : Event: ======'led_off'====== Args={}
2025-06-26 12:34:37,556 : EventManager : Event: ======'led_code'====== Args={}
2025-06-26 12:34:38,021 : EventManager : Event: ======'led_name'====== Args={}
2025-06-26 12:34:49,438 : EventManager : Event: ======'led_off'====== Args={}
2025-06-26 12:34:49,967 : EventManager : Event: ======'led_code'====== Args={}
2025-06-26 12:34:50,442 : EventManager : Event: ======'led_name'====== Args={}
2025-06-26 12:34:53,445 : EventManager : Event: ======'led_off'====== Args={}
2025-06-26 12:34:53,847 : EventManager : Event: ======'led_code'====== Args={}
2025-06-26 12:34:54,233 : EventManager : Event: ======'led_name'====== Args={}
2025-06-26 12:34:54,995 : EventManager : Event: ======'led_fade'====== Args={}
2025-06-26 12:34:56,321 : EventManager : Event: ======'led_fade'====== Args={}
2025-06-26 12:34:56,592 : EventManager : Event: ======'led_name'====== Args={}
2025-06-26 12:34:57,846 : EventManager : Event: ======'led_off'====== Args={}
2025-06-26 12:34:58,194 : EventManager : Event: ======'led_code'====== Args={}
2025-06-26 12:34:58,569 : EventManager : Event: ======'led_name'====== Args={}
2025-06-26 12:35:03,202 : EventManager : Event: ======'led_code'====== Args={}
2025-06-26 12:35:03,603 : EventManager : Event: ======'led_name'====== Args={}
2025-06-26 12:35:05,577 : EventManager : Event: ======'led_fade'====== Args={}
2025-06-26 12:35:07,738 : EventManager : Event: ======'led_off'====== Args={}
2025-06-26 12:35:08,163 : EventManager : Event: ======'led_code'====== Args={}
2025-06-26 13:20:28,724 : kivy : Base: Leaving application in progress...
2025-06-26 13:20:28,725 : mpfmc : Stopping...
2025-06-26 13:20:28,725 : EventManager : Event: ======'shutdown'====== Args={}
2025-06-26 13:20:28,726 : AudioInterface : Disabling audio playback
2025-06-26 13:20:28,838 : mpfmc : Loop rate 77.04 Hz
2025-06-26 13:20:28,839 : root : MC run loop ended.
2025-06-26 13:20:28,839 : root : Stopping child threads... (3 remaining)
2025-06-26 13:20:29,146 : mpfmc : Stopping...
2025-06-26 13:20:29,146 : EventManager : Event: ======'shutdown'====== Args={}
2025-06-26 13:20:29,146 : mpfmc : Loop rate 77.03 Hz
2025-06-26 13:20:29,153 : MPF-MC BCP Server : Stopping BCP sending thread
2025-06-26 13:20:29,244 : root : All child threads stopped.
