2025-07-06 16:48:56,121 : INFO : root : Loading config.
2025-07-06 16:48:56,122 : INFO : YamlMultifileConfigLoader : Machine config file #1: config.yaml
2025-07-06 16:48:56,122 : INFO : ConfigProcessor : Loading config from cache: /var/folders/9g/7xjb17l959g1fnq4pjl5c5p80000gn/T/1941ac2cbc7f60a15b77e866ee64bff5.mpf_cache
2025-07-06 16:48:56,140 : INFO : ConfigProcessor : Loading config from cache: /var/folders/9g/7xjb17l959g1fnq4pjl5c5p80000gn/T/f574f59b1e0fcbb2258348220f26b9cc.mpf_cache
2025-07-06 16:48:56,141 : INFO : ConfigProcessor : Loading config from cache: /var/folders/9g/7xjb17l959g1fnq4pjl5c5p80000gn/T/edcc5f1d3215b377c9faab88c62e4ce0.mpf_cache
2025-07-06 16:48:56,141 : INFO : ConfigProcessor : Loading config from cache: /var/folders/9g/7xjb17l959g1fnq4pjl5c5p80000gn/T/174d451d321a0971202b746018364536.mpf_cache
2025-07-06 16:48:56,141 : INFO : ConfigProcessor : Loading config from cache: /var/folders/9g/7xjb17l959g1fnq4pjl5c5p80000gn/T/f574f59b1e0fcbb2258348220f26b9cc.mpf_cache
2025-07-06 16:48:56,141 : INFO : ConfigProcessor : Loading config from cache: /var/folders/9g/7xjb17l959g1fnq4pjl5c5p80000gn/T/c284941e722380023d767d5e99e91837.mpf_cache
2025-07-06 16:48:56,142 : INFO : ConfigProcessor : Loading config from cache: /var/folders/9g/7xjb17l959g1fnq4pjl5c5p80000gn/T/eb471d6ccb0819d362663d6a8f2acf38.mpf_cache
2025-07-06 16:48:56,142 : INFO : ConfigProcessor : Loading config from cache: /var/folders/9g/7xjb17l959g1fnq4pjl5c5p80000gn/T/d59102b8edab9d29c936bc5103c31ce3.mpf_cache
2025-07-06 16:48:56,142 : INFO : ConfigProcessor : Loading config from cache: /var/folders/9g/7xjb17l959g1fnq4pjl5c5p80000gn/T/47fef8a1453daf1c032af9b266173dc7.mpf_cache
2025-07-06 16:48:56,143 : INFO : ConfigProcessor : Loading config from cache: /var/folders/9g/7xjb17l959g1fnq4pjl5c5p80000gn/T/099d4b18c0884da431b87dd690bf4c32.mpf_cache
2025-07-06 16:48:56,143 : INFO : ConfigProcessor : Loading config from cache: /var/folders/9g/7xjb17l959g1fnq4pjl5c5p80000gn/T/598981ad252bde5d57763e28fc8e8246.mpf_cache
2025-07-06 16:48:56,144 : INFO : ConfigProcessor : Loading config from cache: /var/folders/9g/7xjb17l959g1fnq4pjl5c5p80000gn/T/7d84a1dad0271550171325475a6e1af4.mpf_cache
2025-07-06 16:48:56,144 : INFO : ConfigProcessor : Loading config from cache: /var/folders/9g/7xjb17l959g1fnq4pjl5c5p80000gn/T/f238ae40b962a84c30d7301a20ca1dae.mpf_cache
2025-07-06 16:48:56,145 : INFO : ConfigProcessor : Loading config from cache: /var/folders/9g/7xjb17l959g1fnq4pjl5c5p80000gn/T/a93e216f51b341135614380ce5b2c95b.mpf_cache
2025-07-06 16:48:56,145 : INFO : ConfigProcessor : Loading config from cache: /var/folders/9g/7xjb17l959g1fnq4pjl5c5p80000gn/T/e915b2173a980311df13d8013999f00c.mpf_cache
2025-07-06 16:48:56,145 : INFO : ConfigProcessor : Loading config from cache: /var/folders/9g/7xjb17l959g1fnq4pjl5c5p80000gn/T/b77620ad9425e89373db73baff92c60d.mpf_cache
2025-07-06 16:48:56,145 : INFO : Machine : Mission Pinball Framework Core Engine v0.57.3
2025-07-06 16:48:56,145 : INFO : Machine : Command line arguments: {'no_load_cache': False, 'create_config_cache': True, 'bcp': True, 'configfile': ['config.yaml'], 'force_assets_load': False, 'platform_integration_test': False, 'jsonlogging': False, 'logfile': 'logs/2025-07-06-16-48-56-mpf-ruben.home.log', 'pause': False, 'production': False, 'text_ui': True, 'loglevel': 15, 'consoleloglevel': 20, 'force_platform': 'smart_virtual', 'syslog_address': None, 'mc_file_name': None, 'no_sound': False}
2025-07-06 16:48:56,145 : INFO : Machine : MPF path: /Library/Frameworks/Python.framework/Versions/3.9/lib/python3.9/site-packages/mpf
2025-07-06 16:48:56,145 : INFO : Machine : Machine path: /Users/ruben/Pinball/mpf-pinball
2025-07-06 16:48:56,145 : INFO : Machine : Platform: darwin
2025-07-06 16:48:56,145 : INFO : Machine : Python executable location: /Library/Frameworks/Python.framework/Versions/3.9/bin/python3.9
2025-07-06 16:48:56,145 : INFO : Machine : Python version: 3.9.13 (64-bit)
2025-07-06 16:48:56,146 : INFO : Machine : Initializing MPF...
2025-07-06 16:48:56,173 : INFO : EventManager : Event: ======'machine_var_credits_string'====== Args={'value': 'FREE PLAY', 'prev_value': None, 'change': True}
2025-07-06 16:48:56,190 : INFO : EventManager : Event: ======'machine_var_master_volume'====== Args={'value': 0.5, 'prev_value': None, 'change': True}
2025-07-06 16:48:56,190 : INFO : EventManager : Event: ======'machine_var_player1_score'====== Args={'value': 0, 'prev_value': None, 'change': True}
2025-07-06 16:48:56,190 : INFO : EventManager : Event: ======'machine_var_mpf_version'====== Args={'value': 'Mission Pinball Framework v0.57.3', 'prev_value': None, 'change': True}
2025-07-06 16:48:56,191 : INFO : EventManager : Event: ======'machine_var_mpf_extended_version'====== Args={'value': 'Mission Pinball Framework v0.57.3, Config version:6, Show version: 6, BCP version:1.1', 'prev_value': None, 'change': True}
2025-07-06 16:48:56,191 : INFO : EventManager : Event: ======'machine_var_python_version'====== Args={'value': '3.9.13', 'prev_value': None, 'change': True}
2025-07-06 16:48:56,201 : INFO : EventManager : Event: ======'machine_var_platform'====== Args={'value': 'macOS-15.5-arm64-arm-64bit', 'prev_value': None, 'change': True}
2025-07-06 16:48:56,201 : INFO : EventManager : Event: ======'machine_var_platform_system'====== Args={'value': 'Darwin', 'prev_value': None, 'change': True}
2025-07-06 16:48:56,201 : INFO : EventManager : Event: ======'machine_var_platform_release'====== Args={'value': '24.5.0', 'prev_value': None, 'change': True}
2025-07-06 16:48:56,201 : INFO : EventManager : Event: ======'machine_var_platform_version'====== Args={'value': 'Darwin Kernel Version 24.5.0: Tue Apr 22 19:54:49 PDT 2025; root:xnu-11417.121.6~2/RELEASE_ARM64_T6000', 'prev_value': None, 'change': True}
2025-07-06 16:48:56,201 : INFO : EventManager : Event: ======'machine_var_platform_machine'====== Args={'value': 'arm64', 'prev_value': None, 'change': True}
2025-07-06 16:48:56,201 : INFO : EventManager : Event: ======'init_phase_1'====== Args={}
2025-07-06 16:48:56,214 : INFO : EventManager : Event: ======'init_phase_2'====== Args={}
2025-07-06 16:48:56,215 : ERROR : asyncio : Exception in callback EventManager._queue_task_done(<Task finishe...ute 'items'")>)
handle: <Handle EventManager._queue_task_done(<Task finishe...ute 'items'")>)>
Traceback (most recent call last):
  File "/Library/Frameworks/Python.framework/Versions/3.9/lib/python3.9/asyncio/events.py", line 80, in _run
    self._context.run(self._callback, *self._args)
  File "/Library/Frameworks/Python.framework/Versions/3.9/lib/python3.9/site-packages/mpf/core/events.py", line 795, in _queue_task_done
    future.result()
  File "/Library/Frameworks/Python.framework/Versions/3.9/lib/python3.9/site-packages/mpf/core/events.py", line 708, in _run_handlers_sequential
    handler.callback(queue=queue, **merged_kwargs)
  File "/Library/Frameworks/Python.framework/Versions/3.9/lib/python3.9/site-packages/mpf/core/mode_controller.py", line 97, in initialize_modes
    item.method(config=mode.config[item.config_section],
  File "/Library/Frameworks/Python.framework/Versions/3.9/lib/python3.9/site-packages/mpf/core/config_player.py", line 150, in process_mode_config
    config = self.validate_config(config)
  File "/Library/Frameworks/Python.framework/Versions/3.9/lib/python3.9/site-packages/mpf/core/config_player.py", line 112, in validate_config
    for event, settings in config.items():
AttributeError: 'list' object has no attribute 'items'
2025-07-06 16:48:56,216 : INFO : Machine : Starting the main run loop with active modes: []
2025-07-06 16:48:56,216 : WARNING : Machine : Attract mode is not active, game will not be playable. Please check your attract mode configuration.
2025-07-06 16:48:56,217 : INFO : Machine : Shutting down...
2025-07-06 16:48:56,217 : INFO : EventManager : Event: ======'shutdown'====== Args={}
2025-07-06 16:48:57,218 : ERROR : Machine : Runtime Exception
Traceback (most recent call last):
  File "/Library/Frameworks/Python.framework/Versions/3.9/lib/python3.9/site-packages/mpf/core/machine.py", line 808, in _run_loop
    raise self._exception['exception']
  File "/Library/Frameworks/Python.framework/Versions/3.9/lib/python3.9/asyncio/events.py", line 80, in _run
    self._context.run(self._callback, *self._args)
  File "/Library/Frameworks/Python.framework/Versions/3.9/lib/python3.9/site-packages/mpf/core/events.py", line 795, in _queue_task_done
    future.result()
  File "/Library/Frameworks/Python.framework/Versions/3.9/lib/python3.9/site-packages/mpf/core/events.py", line 708, in _run_handlers_sequential
    handler.callback(queue=queue, **merged_kwargs)
  File "/Library/Frameworks/Python.framework/Versions/3.9/lib/python3.9/site-packages/mpf/core/mode_controller.py", line 97, in initialize_modes
    item.method(config=mode.config[item.config_section],
  File "/Library/Frameworks/Python.framework/Versions/3.9/lib/python3.9/site-packages/mpf/core/config_player.py", line 150, in process_mode_config
    config = self.validate_config(config)
  File "/Library/Frameworks/Python.framework/Versions/3.9/lib/python3.9/site-packages/mpf/core/config_player.py", line 112, in validate_config
    for event, settings in config.items():
AttributeError: 'list' object has no attribute 'items'
2025-07-06 16:49:54,904 : ERROR : root : Received second SIGINT. Will exit ungracefully!
Traceback (most recent call last):
  File "/Library/Frameworks/Python.framework/Versions/3.9/lib/python3.9/site-packages/mpf/core/machine.py", line 808, in _run_loop
    raise self._exception['exception']
  File "/Library/Frameworks/Python.framework/Versions/3.9/lib/python3.9/asyncio/events.py", line 80, in _run
    self._context.run(self._callback, *self._args)
  File "/Library/Frameworks/Python.framework/Versions/3.9/lib/python3.9/site-packages/mpf/core/events.py", line 795, in _queue_task_done
    future.result()
  File "/Library/Frameworks/Python.framework/Versions/3.9/lib/python3.9/site-packages/mpf/core/events.py", line 708, in _run_handlers_sequential
    handler.callback(queue=queue, **merged_kwargs)
  File "/Library/Frameworks/Python.framework/Versions/3.9/lib/python3.9/site-packages/mpf/core/mode_controller.py", line 97, in initialize_modes
    item.method(config=mode.config[item.config_section],
  File "/Library/Frameworks/Python.framework/Versions/3.9/lib/python3.9/site-packages/mpf/core/config_player.py", line 150, in process_mode_config
    config = self.validate_config(config)
  File "/Library/Frameworks/Python.framework/Versions/3.9/lib/python3.9/site-packages/mpf/core/config_player.py", line 112, in validate_config
    for event, settings in config.items():
AttributeError: 'list' object has no attribute 'items'
