2025-06-18 22:01:58,891 : kivy : Kivy: v2.2.1
2025-06-18 22:01:58,892 : kivy : Kivy: Installed at "/Library/Frameworks/Python.framework/Versions/3.9/lib/python3.9/site-packages/kivy/__init__.py"
2025-06-18 22:01:58,892 : kivy : Python: v3.9.13 (v3.9.13:6de2ca5339, May 17 2022, 11:37:23) 
[Clang 13.0.0 (clang-1300.0.29.30)]
2025-06-18 22:01:58,892 : kivy : Python: Interpreter at "/Library/Frameworks/Python.framework/Versions/3.9/bin/python3.9"
2025-06-18 22:01:58,899 : kivy : Factory: 190 symbols loaded
2025-06-18 22:01:58,996 : kivy : ImageLoaderFFPy: Using ffpyplayer 4.5.1
2025-06-18 22:01:58,996 : kivy : Image: Providers: img_tex, img_imageio, img_dds, img_sdl2, img_pil, img_ffpyplayer 
2025-06-18 22:01:59,096 : kivy : VideoFFPy: Using ffpyplayer 4.5.1
2025-06-18 22:01:59,096 : kivy : Video: Provider: ffpyplayer(['video_ffmpeg'] ignored)
2025-06-18 22:01:59,124 : root : Loading MPF-MC controller
2025-06-18 22:01:59,131 : YamlMultifileConfigLoader : Machine config file #1: config
2025-06-18 22:01:59,132 : ConfigProcessor : Config file in cache changed: /Users/ruben/Pinball/mpf-pinball/config/config
2025-06-18 22:01:59,132 : ConfigProcessor : Loading config from file /Library/Frameworks/Python.framework/Versions/3.9/lib/python3.9/site-packages/mpfmc/mcconfig.yaml.
2025-06-18 22:01:59,136 : ConfigProcessor : Loading config: /Library/Frameworks/Python.framework/Versions/3.9/lib/python3.9/site-packages/mpfmc/mcconfig.yaml
2025-06-18 22:01:59,136 : ConfigProcessor : Loading config from file /Users/ruben/Pinball/mpf-pinball/config/config.
2025-06-18 22:01:59,136 : ConfigProcessor : Loading config: /Users/ruben/Pinball/mpf-pinball/config/config
2025-06-18 22:01:59,136 : ConfigProcessor : Loading config: /Users/ruben/Pinball/mpf-pinball/config/hardware.yaml
2025-06-18 22:01:59,137 : ConfigProcessor : Loading config: /Users/ruben/Pinball/mpf-pinball/config/switches.yaml
2025-06-18 22:01:59,137 : ConfigProcessor : Loading config: /Users/ruben/Pinball/mpf-pinball/config/coils.yaml
2025-06-18 22:01:59,138 : ConfigProcessor : Loading config: /Users/ruben/Pinball/mpf-pinball/config/devices.yaml
2025-06-18 22:01:59,138 : ConfigProcessor : Loading config: /Users/ruben/Pinball/mpf-pinball/config/images.yaml
2025-06-18 22:01:59,139 : ConfigProcessor : Loading config: /Users/ruben/Pinball/mpf-pinball/config/displays.yaml
2025-06-18 22:01:59,139 : ConfigProcessor : Loading config: /Users/ruben/Pinball/mpf-pinball/config/slides.yaml
2025-06-18 22:01:59,140 : ConfigProcessor : Config file cache created: /var/folders/9g/7xjb17l959g1fnq4pjl5c5p80000gn/T/195f11bb22def72033a5ba91cfdec8f0.mpf_cache
2025-06-18 22:01:59,140 : ConfigProcessor : Loading config from cache: /var/folders/9g/7xjb17l959g1fnq4pjl5c5p80000gn/T/f574f59b1e0fcbb2258348220f26b9cc.mpf_cache
2025-06-18 22:01:59,140 : ConfigProcessor : Loading config from cache: /var/folders/9g/7xjb17l959g1fnq4pjl5c5p80000gn/T/edcc5f1d3215b377c9faab88c62e4ce0.mpf_cache
2025-06-18 22:01:59,140 : ConfigProcessor : Loading config from cache: /var/folders/9g/7xjb17l959g1fnq4pjl5c5p80000gn/T/174d451d321a0971202b746018364536.mpf_cache
2025-06-18 22:01:59,140 : ConfigProcessor : Loading config from cache: /var/folders/9g/7xjb17l959g1fnq4pjl5c5p80000gn/T/f574f59b1e0fcbb2258348220f26b9cc.mpf_cache
2025-06-18 22:01:59,141 : mpfmc : Mission Pinball Framework Media Controller (MPF-MC) v0.57.1. Requires MPF v0.57.0 or newer.
2025-06-18 22:01:59,141 : mpfmc : Found MPF v0.57.3
2025-06-18 22:01:59,141 : mpfmc : Machine path: /Users/ruben/Pinball/mpf-pinball
2025-06-18 22:01:59,141 : mpfmc : Starting clock at 60.0Hz
2025-06-18 22:01:59,148 : kivy : Text: Provider: sdl2
2025-06-18 22:01:59,163 : kivy : Window: Provider: sdl2
2025-06-18 22:01:59,335 : kivy : GL: Using the "OpenGL ES 2" graphics system
2025-06-18 22:01:59,335 : kivy : GL: Backend used <sdl2>
2025-06-18 22:01:59,335 : kivy : GL: OpenGL version <b'2.1 Metal - 89.4'>
2025-06-18 22:01:59,335 : kivy : GL: OpenGL vendor <b'Apple'>
2025-06-18 22:01:59,335 : kivy : GL: OpenGL renderer <b'Apple M1 Pro'>
2025-06-18 22:01:59,335 : kivy : GL: OpenGL parsed version: 2, 1
2025-06-18 22:01:59,335 : kivy : GL: Shading version <b'1.20'>
2025-06-18 22:01:59,335 : kivy : GL: Texture max size <16384>
2025-06-18 22:01:59,335 : kivy : GL: Texture max units <16>
2025-06-18 22:01:59,348 : kivy : Window: auto add sdl2 input provider
2025-06-18 22:01:59,348 : kivy : Window: virtual keyboard not allowed, single mode, not docked
2025-06-18 22:01:59,350 : SoundSystem : SoundSystem: Using default 'sound_system' settings
2025-06-18 22:01:59,496 : AudioInterface : Initialized
2025-06-18 22:01:59,496 : AudioInterface : Loaded SDL 2.32.8
2025-06-18 22:01:59,496 : AudioInterface : Loaded SDL_Mixer 2.8.1
2025-06-18 22:01:59,496 : AudioInterface : Loaded GStreamer 1.26.2.0
2025-06-18 22:01:59,496 : AudioInterface : Loaded GLib 2.84.2
2025-06-18 22:01:59,496 : AudioInterface : Settings requested - rate: 44100, channels: 1, buffer: 2048 samples
2025-06-18 22:01:59,496 : AudioInterface : Settings in use - rate: 44100, channels: 1, buffer: 2048 samples (4096 bytes @ 2 bytes per sample)
2025-06-18 22:01:59,496 : SoundSystem : No audio tracks are specified in your machine config file. a track named 'default' has been created.
2025-06-18 22:01:59,496 : SoundSystem : Setting master volume to 0.0
2025-06-18 22:01:59,496 : AudioInterface : Enabling audio playback
2025-06-18 22:01:59,498 : kivy : Base: Start application main loop
2025-06-18 22:01:59,498 : EventManager : Event: ======'display_window_initialized'====== Args={}
2025-06-18 22:01:59,830 : mpfmc : Display: Setting 'window' as default display
2025-06-18 22:01:59,836 : EventManager : Event: ======'displays_initialized'====== Args={}
2025-06-18 22:01:59,836 : EventManager : Event: ======'slide_window_blank_created'====== Args={}
2025-06-18 22:01:59,836 : EventManager : Event: ======'display_window_ready'====== Args={}
2025-06-18 22:01:59,840 : EventManager : Event: ======'init_phase_1'====== Args={}
2025-06-18 22:01:59,843 : EventManager : Event: ======'mc_ready'====== Args={}
2025-06-18 22:01:59,843 : EventManager : Event: ======'init_phase_2'====== Args={}
2025-06-18 22:01:59,844 : EventManager : Event: ======'init_phase_3'====== Args={}
2025-06-18 22:01:59,844 : EventManager : Event: ======'init_phase_4'====== Args={}
2025-06-18 22:01:59,845 : EventManager : Event: ======'init_phase_5'====== Args={}
2025-06-18 22:01:59,899 : EventManager : Event: ======'loading_assets'====== Args={'total': 1, 'loaded': 1, 'remaining': 0, 'percent': 100}
2025-06-18 22:01:59,900 : AssetManager : Asset loading took: 0.40304017066955566
2025-06-18 22:01:59,900 : EventManager : Event: ======'asset_loading_complete'====== Args={}
2025-06-18 22:01:59,900 : AssetManager : Loading assets: 1/1 (100%)
2025-06-18 22:01:59,900 : EventManager : Event: ======'init_done'====== Args={}
2025-06-18 22:01:59,900 : MPF-MC BCP Server : Starting up on localhost port 5050
2025-06-18 22:01:59,914 : MPF-MC BCP Server : Waiting for a connection...
2025-06-18 22:01:59,923 : EventManager : Event: ======'client_disconnected'====== Args={'host': '127.0.0.1', 'port': 5050}
2025-06-18 22:01:59,946 : MPF-MC BCP Server : Received connection from: 127.0.0.1:52528
2025-06-18 22:01:59,950 : EventManager : Event: ======'client_connected'====== Args={'host': '127.0.0.1', 'port': 52528}
2025-06-18 22:01:59,962 : EventManager : Event: ======'machine_var_credits_string'====== Args={'value': 'FREE PLAY', 'prev_value': None, 'change': True}
2025-06-18 22:01:59,962 : EventManager : Event: ======'machine_var_master_volume'====== Args={'value': 0.5, 'prev_value': None, 'change': True}
2025-06-18 22:01:59,962 : EventManager : Event: ======'machine_var_player1_score'====== Args={'value': 0, 'prev_value': None, 'change': True}
2025-06-18 22:01:59,962 : EventManager : Event: ======'machine_var_mpf_version'====== Args={'value': 'Mission Pinball Framework v0.57.3', 'prev_value': None, 'change': True}
2025-06-18 22:01:59,962 : EventManager : Event: ======'machine_var_mpf_extended_version'====== Args={'value': 'Mission Pinball Framework v0.57.3, Config version:6, Show version: 6, BCP version:1.1', 'prev_value': None, 'change': True}
2025-06-18 22:01:59,962 : EventManager : Event: ======'machine_var_python_version'====== Args={'value': '3.9.13', 'prev_value': None, 'change': True}
2025-06-18 22:01:59,962 : EventManager : Event: ======'machine_var_platform'====== Args={'value': 'macOS-15.5-arm64-arm-64bit', 'prev_value': None, 'change': True}
2025-06-18 22:01:59,962 : EventManager : Event: ======'machine_var_platform_system'====== Args={'value': 'Darwin', 'prev_value': None, 'change': True}
2025-06-18 22:01:59,962 : EventManager : Event: ======'machine_var_platform_release'====== Args={'value': '24.5.0', 'prev_value': None, 'change': True}
2025-06-18 22:01:59,962 : EventManager : Event: ======'machine_var_platform_version'====== Args={'value': 'Darwin Kernel Version 24.5.0: Tue Apr 22 19:54:49 PDT 2025; root:xnu-11417.121.6~2/RELEASE_ARM64_T6000', 'prev_value': None, 'change': True}
2025-06-18 22:01:59,962 : EventManager : Event: ======'machine_var_platform_machine'====== Args={'value': 'arm64', 'prev_value': None, 'change': True}
2025-06-18 22:01:59,962 : EventManager : Event: ======'machine_var_mc_version'====== Args={'value': 'MPF-MC v0.57.1', 'prev_value': None, 'change': True}
2025-06-18 22:01:59,963 : EventManager : Event: ======'machine_var_mc_extended_version'====== Args={'value': 'MPF-MC v0.57.1 (config_version=6, BCP v1.1,                      Requires MPF API compatibility v0.57.0 or newer)', 'prev_value': None, 'change': True}
2025-06-18 22:01:59,963 : EventManager : Event: ======'machine_var_credits_string'====== Args={'value': 'FREE PLAY', 'prev_value': None, 'change': True}
2025-06-18 22:01:59,963 : EventManager : Event: ======'machine_var_master_volume'====== Args={'value': 0.5, 'prev_value': None, 'change': True}
2025-06-18 22:01:59,963 : EventManager : Event: ======'machine_var_player1_score'====== Args={'value': 0, 'prev_value': None, 'change': True}
2025-06-18 22:01:59,963 : EventManager : Event: ======'machine_var_mpf_version'====== Args={'value': 'Mission Pinball Framework v0.57.3', 'prev_value': None, 'change': True}
2025-06-18 22:01:59,963 : EventManager : Event: ======'machine_var_mpf_extended_version'====== Args={'value': 'Mission Pinball Framework v0.57.3, Config version:6, Show version: 6, BCP version:1.1', 'prev_value': None, 'change': True}
2025-06-18 22:01:59,963 : EventManager : Event: ======'machine_var_python_version'====== Args={'value': '3.9.13', 'prev_value': None, 'change': True}
2025-06-18 22:01:59,963 : EventManager : Event: ======'machine_var_platform'====== Args={'value': 'macOS-15.5-arm64-arm-64bit', 'prev_value': None, 'change': True}
2025-06-18 22:01:59,963 : EventManager : Event: ======'machine_var_platform_system'====== Args={'value': 'Darwin', 'prev_value': None, 'change': True}
2025-06-18 22:01:59,963 : EventManager : Event: ======'machine_var_platform_release'====== Args={'value': '24.5.0', 'prev_value': None, 'change': True}
2025-06-18 22:01:59,963 : EventManager : Event: ======'machine_var_platform_version'====== Args={'value': 'Darwin Kernel Version 24.5.0: Tue Apr 22 19:54:49 PDT 2025; root:xnu-11417.121.6~2/RELEASE_ARM64_T6000', 'prev_value': None, 'change': True}
2025-06-18 22:01:59,963 : EventManager : Event: ======'machine_var_platform_machine'====== Args={'value': 'arm64', 'prev_value': None, 'change': True}
2025-06-18 22:01:59,963 : EventManager : Event: ======'machine_var_mc_version'====== Args={'value': 'MPF-MC v0.57.1', 'prev_value': None, 'change': True}
2025-06-18 22:01:59,963 : EventManager : Event: ======'machine_var_mc_extended_version'====== Args={'value': 'MPF-MC v0.57.1 (config_version=6, BCP v1.1,                      Requires MPF API compatibility v0.57.0 or newer)', 'prev_value': None, 'change': True}
2025-06-18 22:01:59,963 : EventManager : Event: ======'machine_var_credits_string'====== Args={'value': 'FREE PLAY', 'prev_value': None, 'change': True}
2025-06-18 22:01:59,963 : EventManager : Event: ======'machine_var_master_volume'====== Args={'value': 0.5, 'prev_value': None, 'change': True}
2025-06-18 22:01:59,963 : EventManager : Event: ======'machine_var_player1_score'====== Args={'value': 0, 'prev_value': None, 'change': True}
2025-06-18 22:01:59,963 : EventManager : Event: ======'machine_var_mpf_version'====== Args={'value': 'Mission Pinball Framework v0.57.3', 'prev_value': None, 'change': True}
2025-06-18 22:01:59,963 : EventManager : Event: ======'machine_var_mpf_extended_version'====== Args={'value': 'Mission Pinball Framework v0.57.3, Config version:6, Show version: 6, BCP version:1.1', 'prev_value': None, 'change': True}
2025-06-18 22:01:59,963 : EventManager : Event: ======'machine_var_python_version'====== Args={'value': '3.9.13', 'prev_value': None, 'change': True}
2025-06-18 22:01:59,963 : EventManager : Event: ======'machine_var_platform'====== Args={'value': 'macOS-15.5-arm64-arm-64bit', 'prev_value': None, 'change': True}
2025-06-18 22:01:59,963 : EventManager : Event: ======'machine_var_platform_system'====== Args={'value': 'Darwin', 'prev_value': None, 'change': True}
2025-06-18 22:01:59,963 : EventManager : Event: ======'machine_var_platform_release'====== Args={'value': '24.5.0', 'prev_value': None, 'change': True}
2025-06-18 22:01:59,963 : EventManager : Event: ======'machine_var_platform_version'====== Args={'value': 'Darwin Kernel Version 24.5.0: Tue Apr 22 19:54:49 PDT 2025; root:xnu-11417.121.6~2/RELEASE_ARM64_T6000', 'prev_value': None, 'change': True}
2025-06-18 22:01:59,963 : EventManager : Event: ======'machine_var_platform_machine'====== Args={'value': 'arm64', 'prev_value': None, 'change': True}
2025-06-18 22:01:59,963 : EventManager : Event: ======'machine_var_mc_version'====== Args={'value': 'MPF-MC v0.57.1', 'prev_value': None, 'change': True}
2025-06-18 22:01:59,963 : EventManager : Event: ======'machine_var_mc_extended_version'====== Args={'value': 'MPF-MC v0.57.1 (config_version=6, BCP v1.1,                      Requires MPF API compatibility v0.57.0 or newer)', 'prev_value': None, 'change': True}
2025-06-18 22:01:59,963 : EventManager : Event: ======'machine_var_credits_string'====== Args={'value': 'FREE PLAY', 'prev_value': None, 'change': True}
2025-06-18 22:01:59,963 : EventManager : Event: ======'machine_var_master_volume'====== Args={'value': 0.5, 'prev_value': None, 'change': True}
2025-06-18 22:01:59,963 : EventManager : Event: ======'machine_var_player1_score'====== Args={'value': 0, 'prev_value': None, 'change': True}
2025-06-18 22:01:59,963 : EventManager : Event: ======'machine_var_mpf_version'====== Args={'value': 'Mission Pinball Framework v0.57.3', 'prev_value': None, 'change': True}
2025-06-18 22:01:59,963 : EventManager : Event: ======'machine_var_mpf_extended_version'====== Args={'value': 'Mission Pinball Framework v0.57.3, Config version:6, Show version: 6, BCP version:1.1', 'prev_value': None, 'change': True}
2025-06-18 22:01:59,963 : EventManager : Event: ======'machine_var_python_version'====== Args={'value': '3.9.13', 'prev_value': None, 'change': True}
2025-06-18 22:01:59,963 : EventManager : Event: ======'machine_var_platform'====== Args={'value': 'macOS-15.5-arm64-arm-64bit', 'prev_value': None, 'change': True}
2025-06-18 22:01:59,963 : EventManager : Event: ======'machine_var_platform_system'====== Args={'value': 'Darwin', 'prev_value': None, 'change': True}
2025-06-18 22:01:59,963 : EventManager : Event: ======'machine_var_platform_release'====== Args={'value': '24.5.0', 'prev_value': None, 'change': True}
2025-06-18 22:01:59,963 : EventManager : Event: ======'machine_var_platform_version'====== Args={'value': 'Darwin Kernel Version 24.5.0: Tue Apr 22 19:54:49 PDT 2025; root:xnu-11417.121.6~2/RELEASE_ARM64_T6000', 'prev_value': None, 'change': True}
2025-06-18 22:01:59,963 : EventManager : Event: ======'machine_var_platform_machine'====== Args={'value': 'arm64', 'prev_value': None, 'change': True}
2025-06-18 22:01:59,964 : EventManager : Event: ======'machine_var_mc_version'====== Args={'value': 'MPF-MC v0.57.1', 'prev_value': None, 'change': True}
2025-06-18 22:01:59,964 : EventManager : Event: ======'machine_var_mc_extended_version'====== Args={'value': 'MPF-MC v0.57.1 (config_version=6, BCP v1.1,                      Requires MPF API compatibility v0.57.0 or newer)', 'prev_value': None, 'change': True}
2025-06-18 22:01:59,964 : EventManager : Event: ======'machine_var_audits_events_game_ended'====== Args={'value': 53, 'prev_value': None, 'change': True}
2025-06-18 22:01:59,964 : EventManager : Event: ======'machine_var_audits_events_game_started'====== Args={'value': 103, 'prev_value': None, 'change': True}
2025-06-18 22:01:59,964 : EventManager : Event: ======'machine_var_audits_missing_switches_s_left_flipper'====== Args={'value': 3, 'prev_value': None, 'change': True}
2025-06-18 22:01:59,964 : EventManager : Event: ======'machine_var_audits_missing_switches_s_left_outlane'====== Args={'value': 10, 'prev_value': None, 'change': True}
2025-06-18 22:01:59,964 : EventManager : Event: ======'machine_var_audits_missing_switches_s_left_slingshot'====== Args={'value': 3, 'prev_value': None, 'change': True}
2025-06-18 22:01:59,964 : EventManager : Event: ======'machine_var_audits_missing_switches_s_pop1'====== Args={'value': 14, 'prev_value': None, 'change': True}
2025-06-18 22:01:59,964 : EventManager : Event: ======'machine_var_audits_missing_switches_s_pop2'====== Args={'value': 14, 'prev_value': None, 'change': True}
2025-06-18 22:01:59,964 : EventManager : Event: ======'machine_var_audits_missing_switches_s_pop3'====== Args={'value': 14, 'prev_value': None, 'change': True}
2025-06-18 22:01:59,964 : EventManager : Event: ======'machine_var_audits_missing_switches_s_pop4'====== Args={'value': 3, 'prev_value': None, 'change': True}
2025-06-18 22:01:59,964 : EventManager : Event: ======'machine_var_audits_missing_switches_s_pop5'====== Args={'value': 3, 'prev_value': None, 'change': True}
2025-06-18 22:01:59,964 : EventManager : Event: ======'machine_var_audits_missing_switches_s_right_flipper'====== Args={'value': 2, 'prev_value': None, 'change': True}
2025-06-18 22:01:59,964 : EventManager : Event: ======'machine_var_audits_missing_switches_s_right_outlane'====== Args={'value': 10, 'prev_value': None, 'change': True}
2025-06-18 22:01:59,964 : EventManager : Event: ======'machine_var_audits_missing_switches_s_right_slingshot'====== Args={'value': 3, 'prev_value': None, 'change': True}
2025-06-18 22:01:59,964 : EventManager : Event: ======'machine_var_audits_missing_switches_s_startButton'====== Args={'value': 3, 'prev_value': None, 'change': True}
2025-06-18 22:01:59,964 : EventManager : Event: ======'machine_var_audits_missing_switches_s_trough2'====== Args={'value': 10, 'prev_value': None, 'change': True}
2025-06-18 22:01:59,964 : EventManager : Event: ======'machine_var_audits_missing_switches_s_trough3'====== Args={'value': 10, 'prev_value': None, 'change': True}
2025-06-18 22:01:59,964 : EventManager : Event: ======'machine_var_audits_missing_switches_s_trough4'====== Args={'value': 10, 'prev_value': None, 'change': True}
2025-06-18 22:01:59,964 : EventManager : Event: ======'machine_var_audits_missing_switches_s_trough5'====== Args={'value': 9, 'prev_value': None, 'change': True}
2025-06-18 22:01:59,964 : EventManager : Event: ======'machine_var_audits_player_score'====== Args={'value': {'average': 0, 'top': [0, 0, 0, 0, 0, 0, 0, 0, 0, 0], 'total': 53}, 'prev_value': None, 'change': True}
2025-06-18 22:01:59,964 : EventManager : Event: ======'machine_var_audits_switches_s_drop_bank1'====== Args={'value': 140, 'prev_value': None, 'change': True}
2025-06-18 22:01:59,964 : EventManager : Event: ======'machine_var_audits_switches_s_left_flipper'====== Args={'value': 2284, 'prev_value': None, 'change': True}
2025-06-18 22:01:59,964 : EventManager : Event: ======'machine_var_audits_switches_s_left_inlane1'====== Args={'value': 2, 'prev_value': None, 'change': True}
2025-06-18 22:01:59,964 : EventManager : Event: ======'machine_var_audits_switches_s_left_inlane2'====== Args={'value': 2, 'prev_value': None, 'change': True}
2025-06-18 22:01:59,964 : EventManager : Event: ======'machine_var_audits_switches_s_left_outlane'====== Args={'value': 0, 'prev_value': None, 'change': True}
2025-06-18 22:01:59,964 : EventManager : Event: ======'machine_var_audits_switches_s_left_slingshot'====== Args={'value': 295, 'prev_value': None, 'change': True}
2025-06-18 22:01:59,964 : EventManager : Event: ======'machine_var_audits_switches_s_plunger'====== Args={'value': 5, 'prev_value': None, 'change': True}
2025-06-18 22:01:59,964 : EventManager : Event: ======'machine_var_audits_switches_s_pop1'====== Args={'value': 0, 'prev_value': None, 'change': True}
2025-06-18 22:01:59,964 : EventManager : Event: ======'machine_var_audits_switches_s_pop2'====== Args={'value': 0, 'prev_value': None, 'change': True}
2025-06-18 22:01:59,964 : EventManager : Event: ======'machine_var_audits_switches_s_pop3'====== Args={'value': 0, 'prev_value': None, 'change': True}
2025-06-18 22:01:59,964 : EventManager : Event: ======'machine_var_audits_switches_s_pop4'====== Args={'value': 3, 'prev_value': None, 'change': True}
2025-06-18 22:01:59,964 : EventManager : Event: ======'machine_var_audits_switches_s_pop5'====== Args={'value': 3, 'prev_value': None, 'change': True}
2025-06-18 22:01:59,964 : EventManager : Event: ======'machine_var_audits_switches_s_pop_bot'====== Args={'value': 426, 'prev_value': None, 'change': True}
2025-06-18 22:01:59,964 : EventManager : Event: ======'machine_var_audits_switches_s_pop_mid'====== Args={'value': 351, 'prev_value': None, 'change': True}
2025-06-18 22:01:59,964 : EventManager : Event: ======'machine_var_audits_switches_s_pop_top'====== Args={'value': 302, 'prev_value': None, 'change': True}
2025-06-18 22:01:59,964 : EventManager : Event: ======'machine_var_audits_switches_s_right_flipper'====== Args={'value': 2339, 'prev_value': None, 'change': True}
2025-06-18 22:01:59,964 : EventManager : Event: ======'machine_var_audits_switches_s_right_inlane'====== Args={'value': 66, 'prev_value': None, 'change': True}
2025-06-18 22:01:59,964 : EventManager : Event: ======'machine_var_audits_switches_s_right_outlane'====== Args={'value': 0, 'prev_value': None, 'change': True}
2025-06-18 22:01:59,964 : EventManager : Event: ======'machine_var_audits_switches_s_right_slingshot'====== Args={'value': 258, 'prev_value': None, 'change': True}
2025-06-18 22:01:59,964 : EventManager : Event: ======'machine_var_audits_switches_s_scoop_center'====== Args={'value': 2, 'prev_value': None, 'change': True}
2025-06-18 22:01:59,964 : EventManager : Event: ======'machine_var_audits_switches_s_scoop_lower'====== Args={'value': 220, 'prev_value': None, 'change': True}
2025-06-18 22:01:59,964 : EventManager : Event: ======'machine_var_audits_switches_s_scoop_right'====== Args={'value': 1, 'prev_value': None, 'change': True}
2025-06-18 22:01:59,964 : EventManager : Event: ======'machine_var_audits_switches_s_shooter_lane'====== Args={'value': 15, 'prev_value': None, 'change': True}
2025-06-18 22:01:59,965 : EventManager : Event: ======'machine_var_audits_switches_s_startButton'====== Args={'value': 35, 'prev_value': None, 'change': True}
2025-06-18 22:01:59,965 : EventManager : Event: ======'machine_var_audits_switches_s_trough1'====== Args={'value': 316, 'prev_value': None, 'change': True}
2025-06-18 22:01:59,965 : EventManager : Event: ======'machine_var_audits_switches_s_trough2'====== Args={'value': 1, 'prev_value': None, 'change': True}
2025-06-18 22:01:59,965 : EventManager : Event: ======'machine_var_audits_switches_s_trough3'====== Args={'value': 1, 'prev_value': None, 'change': True}
2025-06-18 22:01:59,965 : EventManager : Event: ======'machine_var_audits_switches_s_trough4'====== Args={'value': 1, 'prev_value': None, 'change': True}
2025-06-18 22:01:59,965 : EventManager : Event: ======'machine_var_audits_switches_s_trough5'====== Args={'value': 1, 'prev_value': None, 'change': True}
2025-06-18 22:01:59,965 : SoundSystem : Setting master volume to 0.5
2025-06-18 22:01:59,965 : SoundSystem : Setting master volume to 0.5
2025-06-18 22:01:59,965 : SoundSystem : Setting master volume to 0.5
2025-06-18 22:01:59,965 : SoundSystem : Setting master volume to 0.5
2025-06-18 22:01:59,975 : EventManager : Event: ======'mc_reset_phase_1'====== Args={}
2025-06-18 22:01:59,975 : EventManager : Event: ======'mc_reset_phase_2'====== Args={}
2025-06-18 22:01:59,975 : EventManager : Event: ======'mc_reset_phase_3'====== Args={}
2025-06-18 22:01:59,975 : EventManager : Event: ======'mc_reset_complete'====== Args={}
2025-06-18 22:01:59,989 : EventManager : Event: ======'slides_play'====== Args={'settings': {'attract_image_slide': {'target': None, 'background_color': [0.0, 0.0, 0.0, 1.0], 'priority': None, 'show': True, 'force': False, 'expire': None, 'slide': None, 'tokens': {}, 'action': 'play'}}, 'context': 'attract', 'calling_context': 'mode_attract_started', 'priority': 10}
2025-06-18 22:01:59,989 : kivy : Base: Leaving application in progress...
2025-06-18 22:01:59,989 : root : Exception while processing RegisteredHandler(callback=<bound method McConfigPlayer.play_from_trigger of McConfigPlayer.slides>, priority=1, kwargs={}, key=UUID('ab183d9d-9e4a-4357-82ff-7d955cdb9357'), condition=None, blocking_facility=None) for event slides_play. Cannot add Image widget. Image 'af_stairs.jpg' is not a valid image name.
Traceback (most recent call last):
  File "/Library/Frameworks/Python.framework/Versions/3.9/lib/python3.9/site-packages/mpf/core/events.py", line 755, in _run_handlers
    result = handler.callback(**merged_kwargs)
  File "/Library/Frameworks/Python.framework/Versions/3.9/lib/python3.9/site-packages/mpfmc/core/mc_config_player.py", line 56, in play_from_trigger
    self.play(settings=settings, context=context, calling_context=calling_context, priority=priority, **kwargs)
  File "/Library/Frameworks/Python.framework/Versions/3.9/lib/python3.9/site-packages/mpfmc/config_players/slide_player.py", line 155, in play
    target.show_slide(slide_name=slide, key=full_context, play_kwargs=s['tokens'], **s)
  File "/Library/Frameworks/Python.framework/Versions/3.9/lib/python3.9/site-packages/mpfmc/uix/display.py", line 358, in show_slide
    slide = self.add_slide(name=slide_name,
  File "/Library/Frameworks/Python.framework/Versions/3.9/lib/python3.9/site-packages/mpfmc/uix/display.py", line 316, in add_slide
    return Slide(mc=self.mc, name=name, target=self.name,
  File "/Library/Frameworks/Python.framework/Versions/3.9/lib/python3.9/site-packages/mpfmc/uix/slide.py", line 68, in __init__
    widgets = create_widget_objects_from_config(
  File "/Library/Frameworks/Python.framework/Versions/3.9/lib/python3.9/site-packages/mpfmc/uix/widget.py", line 901, in create_widget_objects_from_config
    widget_obj = mc.widgets.type_map[widget['type']](
  File "/Library/Frameworks/Python.framework/Versions/3.9/lib/python3.9/site-packages/mpfmc/widgets/image.py", line 51, in __init__
    raise ValueError("Cannot add Image widget. Image '{}' is not a "
ValueError: Cannot add Image widget. Image 'af_stairs.jpg' is not a valid image name.

The above exception was the direct cause of the following exception:

Traceback (most recent call last):
  File "/Library/Frameworks/Python.framework/Versions/3.9/lib/python3.9/site-packages/mpfmc/commands/mc.py", line 215, in __init__
    MpfMc(options=vars(args),
  File "/Library/Frameworks/Python.framework/Versions/3.9/lib/python3.9/site-packages/kivy/app.py", line 956, in run
    runTouchApp()
  File "/Library/Frameworks/Python.framework/Versions/3.9/lib/python3.9/site-packages/kivy/base.py", line 574, in runTouchApp
    EventLoop.mainloop()
  File "/Library/Frameworks/Python.framework/Versions/3.9/lib/python3.9/site-packages/kivy/base.py", line 339, in mainloop
    self.idle()
  File "/Library/Frameworks/Python.framework/Versions/3.9/lib/python3.9/site-packages/kivy/base.py", line 379, in idle
    Clock.tick()
  File "/Library/Frameworks/Python.framework/Versions/3.9/lib/python3.9/site-packages/kivy/clock.py", line 733, in tick
    self.post_idle(ts, self.idle())
  File "/Library/Frameworks/Python.framework/Versions/3.9/lib/python3.9/site-packages/kivy/clock.py", line 776, in post_idle
    self._process_events()
  File "kivy/_clock.pyx", line 620, in kivy._clock.CyClockBase._process_events
  File "kivy/_clock.pyx", line 653, in kivy._clock.CyClockBase._process_events
  File "kivy/_clock.pyx", line 649, in kivy._clock.CyClockBase._process_events
  File "kivy/_clock.pyx", line 218, in kivy._clock.ClockEvent.tick
  File "/Library/Frameworks/Python.framework/Versions/3.9/lib/python3.9/site-packages/mpfmc/core/mc.py", line 570, in tick
    self.events.process_event_queue()
  File "/Library/Frameworks/Python.framework/Versions/3.9/lib/python3.9/site-packages/mpf/core/events.py", line 846, in process_event_queue
    self._process_event(event=event[0],
  File "/Library/Frameworks/Python.framework/Versions/3.9/lib/python3.9/site-packages/mpf/core/events.py", line 808, in _process_event
    result = self._run_handlers(event, ev_type, kwargs)
  File "/Library/Frameworks/Python.framework/Versions/3.9/lib/python3.9/site-packages/mpf/core/events.py", line 757, in _run_handlers
    raise EventHandlerException(
mpf.core.events.EventHandlerException: Exception while processing RegisteredHandler(callback=<bound method McConfigPlayer.play_from_trigger of McConfigPlayer.slides>, priority=1, kwargs={}, key=UUID('ab183d9d-9e4a-4357-82ff-7d955cdb9357'), condition=None, blocking_facility=None) for event slides_play. Cannot add Image widget. Image 'af_stairs.jpg' is not a valid image name.
2025-06-18 22:01:59,992 : root : Stopping child threads... (3 remaining)
2025-06-18 22:02:00,866 : mpfmc : Stopping...
2025-06-18 22:02:00,867 : EventManager : Event: ======'shutdown'====== Args={}
2025-06-18 22:02:00,867 : AudioInterface : Disabling audio playback
2025-06-18 22:02:00,943 : mpfmc : Loop rate 6.22 Hz
2025-06-18 22:02:00,977 : MPF-MC BCP Server : Stopping BCP sending thread
2025-06-18 22:02:01,043 : root : All child threads stopped.
