2025-06-17 05:07:00,771 : kivy : Factory: 189 symbols loaded
2025-06-17 05:07:01,183 : kivy : ImageLoaderFFPy: Using ffpyplayer 4.3.5
2025-06-17 05:07:01,183 : kivy : Image: Providers: img_tex, img_dds, img_sdl2, img_pil, img_ffpyplayer 
2025-06-17 05:07:01,245 : kivy : VideoGstplayer: Using Gstreamer 1.18.5.0
2025-06-17 05:07:01,245 : kivy : Video: Provider: gstplayer
2025-06-17 05:07:01,487 : kivy : Loading MPF-MC controller
2025-06-17 05:07:01,490 : YamlMultifileConfigLoader : Machine config file #1: config
2025-06-17 05:07:01,491 : ConfigProcessor : Config file in cache changed: C:\pinball\my_machine\config\config
2025-06-17 05:07:01,492 : ConfigProcessor : Loading config from file C:\Users\ruben\.local\pipx\venvs\mpf\lib\site-packages\mpfmc\mcconfig.yaml.
2025-06-17 05:07:01,554 : ConfigProcessor : Loading config: C:\Users\ruben\.local\pipx\venvs\mpf\lib\site-packages\mpfmc\mcconfig.yaml
2025-06-17 05:07:01,554 : ConfigProcessor : Loading config from file C:\pinball\my_machine\config\config.
2025-06-17 05:07:01,557 : ConfigProcessor : Loading config: C:\pinball\my_machine\config\config
2025-06-17 05:07:01,560 : ConfigProcessor : Loading config: C:\pinball\my_machine\config\hardware.yaml
2025-06-17 05:07:01,568 : ConfigProcessor : Loading config: C:\pinball\my_machine\config\switches.yaml
2025-06-17 05:07:01,578 : ConfigProcessor : Loading config: C:\pinball\my_machine\config\coils.yaml
2025-06-17 05:07:01,589 : ConfigProcessor : Loading config: C:\pinball\my_machine\config\devices.yaml
2025-06-17 05:07:01,592 : ConfigProcessor : Loading config: C:\pinball\my_machine\config\displays.yaml
2025-06-17 05:07:01,597 : ConfigProcessor : Loading config: C:\pinball\my_machine\config\slides.yaml
2025-06-17 05:07:01,599 : ConfigProcessor : Config file cache created: C:\Users\ruben\AppData\Local\Temp\5edbcd24fbe704f5401fb4c9e1e1d8f8.mpf_cache
2025-06-17 05:07:01,600 : ConfigProcessor : Loading config from cache: C:\Users\ruben\AppData\Local\Temp\67cf8ffee0fce2d4fcb5ef0bb894d8de.mpf_cache
2025-06-17 05:07:01,601 : ConfigProcessor : Loading config from cache: C:\Users\ruben\AppData\Local\Temp\25321780674732dcacb77a8f5b2a53cd.mpf_cache
2025-06-17 05:07:01,602 : ConfigProcessor : Loading config from cache: C:\Users\ruben\AppData\Local\Temp\195f66f1d07408d279921a878741edf5.mpf_cache
2025-06-17 05:07:01,602 : mpfmc : Mission Pinball Framework Media Controller v0.56.1
2025-06-17 05:07:01,602 : mpfmc : Mission Pinball Framework Game Engine v0.56.0
2025-06-17 05:07:01,603 : mpfmc : Machine path: C:\pinball\my_machine
2025-06-17 05:07:01,603 : mpfmc : Starting clock at 60.0Hz
2025-06-17 05:07:01,625 : kivy : Text: Provider: sdl2
2025-06-17 05:07:01,692 : kivy : Window: Provider: sdl2
2025-06-17 05:07:02,886 : kivy : GL: Using the "OpenGL" graphics system
2025-06-17 05:07:02,896 : kivy : GL: GLEW initialization succeeded
2025-06-17 05:07:02,896 : kivy : GL: Backend used <glew>
2025-06-17 05:07:02,896 : kivy : GL: OpenGL version <b'4.5.0 NVIDIA 376.54'>
2025-06-17 05:07:02,896 : kivy : GL: OpenGL vendor <b'NVIDIA Corporation'>
2025-06-17 05:07:02,897 : kivy : GL: OpenGL renderer <b'GeForce GT 630M/PCIe/SSE2'>
2025-06-17 05:07:02,897 : kivy : GL: OpenGL parsed version: 4, 5
2025-06-17 05:07:02,897 : kivy : GL: Shading version <b'4.50 NVIDIA'>
2025-06-17 05:07:02,897 : kivy : GL: Texture max size <16384>
2025-06-17 05:07:02,897 : kivy : GL: Texture max units <32>
2025-06-17 05:07:02,925 : kivy : Window: auto add sdl2 input provider
2025-06-17 05:07:02,926 : kivy : Window: virtual keyboard not allowed, single mode, not docked
2025-06-17 05:07:02,938 : SoundSystem : SoundSystem: Using default 'sound_system' settings
2025-06-17 05:07:03,309 : AudioInterface : Initialized
2025-06-17 05:07:03,309 : AudioInterface : Loaded SDL 2.0.20
2025-06-17 05:07:03,310 : AudioInterface : Loaded SDL_Mixer 2.0.4
2025-06-17 05:07:03,310 : AudioInterface : Loaded GStreamer 1.18.5.0
2025-06-17 05:07:03,310 : AudioInterface : Loaded GLib 2.62.6
2025-06-17 05:07:03,310 : AudioInterface : Settings requested - rate: 44100, channels: 1, buffer: 2048 samples
2025-06-17 05:07:03,310 : AudioInterface : Settings in use - rate: 44100, channels: 1, buffer: 2048 samples (4096 bytes @ 2 bytes per sample)
2025-06-17 05:07:03,310 : SoundSystem : No audio tracks are specified in your machine config file. a track named 'default' has been created.
2025-06-17 05:07:03,310 : SoundSystem : Setting master volume to 0.0
2025-06-17 05:07:03,310 : SoundSystem : master_volume in sound_system is deprecated and will be removed in the future.
2025-06-17 05:07:03,311 : AudioInterface : Enabling audio playback
2025-06-17 05:07:03,314 : kivy : Base: Start application main loop
2025-06-17 05:07:03,314 : EventManager : Event: ======'display_window_initialized'====== Args={}
2025-06-17 05:07:03,315 : EventManager : Event: ======'display_playfield_initialized'====== Args={}
2025-06-17 05:07:03,327 : mpfmc : Display: Setting 'window' as default display
2025-06-17 05:07:03,337 : mpfmc : ASPECT RATIO MISMATCH: The on-screen window is not the same aspect ratio as the display called 'window'. The logical display will be scaled from 1280x390 to the window size 800x600, and a black bar will make up the difference
2025-06-17 05:07:03,337 : EventManager : Event: ======'displays_initialized'====== Args={}
2025-06-17 05:07:03,341 : EventManager : Event: ======'slide_window_blank_created'====== Args={}
2025-06-17 05:07:03,342 : EventManager : Event: ======'display_window_ready'====== Args={}
2025-06-17 05:07:03,343 : EventManager : Event: ======'slide_playfield_blank_created'====== Args={}
2025-06-17 05:07:03,343 : EventManager : Event: ======'display_playfield_ready'====== Args={}
2025-06-17 05:07:03,374 : EventManager : Event: ======'init_phase_1'====== Args={}
2025-06-17 05:07:03,385 : EventManager : Event: ======'mc_ready'====== Args={}
2025-06-17 05:07:03,386 : EventManager : Event: ======'init_phase_2'====== Args={}
2025-06-17 05:07:03,391 : EventManager : Event: ======'init_phase_3'====== Args={}
2025-06-17 05:07:03,394 : EventManager : Event: ======'init_phase_4'====== Args={}
2025-06-17 05:07:03,394 : EventManager : Event: ======'init_phase_5'====== Args={}
2025-06-17 05:07:03,557 : kivy : GL: NPOT texture support is available
2025-06-17 05:07:03,574 : EventManager : Event: ======'loading_assets'====== Args={'total': 1, 'loaded': 1, 'remaining': 0, 'percent': 100}
2025-06-17 05:07:03,574 : AssetManager : Asset loading took: 0.26283860206604004
2025-06-17 05:07:03,574 : EventManager : Event: ======'asset_loading_complete'====== Args={}
2025-06-17 05:07:03,574 : AssetManager : Loading assets: 1/1 (100%)
2025-06-17 05:07:03,575 : EventManager : Event: ======'init_done'====== Args={}
2025-06-17 05:07:03,575 : MPF-MC BCP Server : Starting up on localhost port 5050
2025-06-17 05:07:03,579 : MPF-MC BCP Server : Waiting for a connection...
2025-06-17 05:07:03,579 : mpfmc : SlidePlayer: Play called with settings={'slides': {welcome_slide-None-None: {'priority': None, 'target': None, 'background_color': [0.0, 0.0, 0.0, 1.0], 'show': True, 'force': False, 'expire': None, 'slide': None, 'tokens': {}, 'action': 'play', 'transition': None, 'transition_out': None}}}
2025-06-17 05:07:03,586 : EventManager : Event: ======'slide_welcome_slide_created'====== Args={}
2025-06-17 05:07:03,587 : EventManager : Event: ======'slide_welcome_slide_active'====== Args={}
2025-06-17 05:07:03,591 : EventManager : Event: ======'client_disconnected'====== Args={'host': '127.0.0.1', 'port': 5050}
2025-06-17 05:07:03,989 : MPF-MC BCP Server : Received connection from: 127.0.0.1:57405
2025-06-17 05:07:03,990 : EventManager : Event: ======'client_connected'====== Args={'host': '127.0.0.1', 'port': 57405}
2025-06-17 05:07:04,089 : EventManager : Event: ======'machine_var_credits_string'====== Args={'value': 'FREE PLAY', 'prev_value': None, 'change': True}
2025-06-17 05:07:04,089 : EventManager : Event: ======'machine_var_master_volume'====== Args={'value': 0.5, 'prev_value': None, 'change': True}
2025-06-17 05:07:04,089 : EventManager : Event: ======'machine_var_player1_score'====== Args={'value': 0, 'prev_value': None, 'change': True}
2025-06-17 05:07:04,090 : EventManager : Event: ======'machine_var_mpf_version'====== Args={'value': 'MPF v0.56.0', 'prev_value': None, 'change': True}
2025-06-17 05:07:04,090 : EventManager : Event: ======'machine_var_mpf_extended_version'====== Args={'value': 'MPF v0.56.0, Config version:5, Show version: 5, BCP version:1.1', 'prev_value': None, 'change': True}
2025-06-17 05:07:04,090 : EventManager : Event: ======'machine_var_python_version'====== Args={'value': '3.9.13', 'prev_value': None, 'change': True}
2025-06-17 05:07:04,090 : EventManager : Event: ======'machine_var_platform'====== Args={'value': 'Windows-10-10.0.19045-SP0', 'prev_value': None, 'change': True}
2025-06-17 05:07:04,090 : EventManager : Event: ======'machine_var_platform_system'====== Args={'value': 'Windows', 'prev_value': None, 'change': True}
2025-06-17 05:07:04,090 : EventManager : Event: ======'machine_var_platform_release'====== Args={'value': '10', 'prev_value': None, 'change': True}
2025-06-17 05:07:04,091 : EventManager : Event: ======'machine_var_platform_version'====== Args={'value': '10.0.19045', 'prev_value': None, 'change': True}
2025-06-17 05:07:04,091 : EventManager : Event: ======'machine_var_platform_machine'====== Args={'value': 'AMD64', 'prev_value': None, 'change': True}
2025-06-17 05:07:04,091 : EventManager : Event: ======'machine_var_mc_version'====== Args={'value': 'MPF-MC v0.56.1', 'prev_value': None, 'change': True}
2025-06-17 05:07:04,091 : EventManager : Event: ======'machine_var_mc_extended_version'====== Args={'value': 'MPF-MC v0.56.1 (config_version=5, BCP v1.1,                      Requires MPF API compatibility v0.56.0 or newer)', 'prev_value': None, 'change': True}
2025-06-17 05:07:04,091 : SoundSystem : Setting master volume to 0.5
2025-06-17 05:07:04,140 : EventManager : Event: ======'machine_var_audits_events_game_ended'====== Args={'value': 50, 'prev_value': None, 'change': True}
2025-06-17 05:07:04,153 : EventManager : Event: ======'machine_var_audits_events_game_started'====== Args={'value': 98, 'prev_value': None, 'change': True}
2025-06-17 05:07:04,153 : EventManager : Event: ======'machine_var_audits_missing_switches_s_left_flipper'====== Args={'value': 8, 'prev_value': None, 'change': True}
2025-06-17 05:07:04,153 : EventManager : Event: ======'machine_var_audits_missing_switches_s_left_inlane1'====== Args={'value': 8, 'prev_value': None, 'change': True}
2025-06-17 05:07:04,153 : EventManager : Event: ======'machine_var_audits_missing_switches_s_left_inlane2'====== Args={'value': 8, 'prev_value': None, 'change': True}
2025-06-17 05:07:04,153 : EventManager : Event: ======'machine_var_audits_missing_switches_s_left_outlane'====== Args={'value': 9, 'prev_value': None, 'change': True}
2025-06-17 05:07:04,154 : EventManager : Event: ======'machine_var_audits_missing_switches_s_left_slingshot'====== Args={'value': 9, 'prev_value': None, 'change': True}
2025-06-17 05:07:04,154 : EventManager : Event: ======'machine_var_audits_missing_switches_s_pop1'====== Args={'value': 9, 'prev_value': None, 'change': True}
2025-06-17 05:07:04,154 : EventManager : Event: ======'machine_var_audits_missing_switches_s_pop2'====== Args={'value': 9, 'prev_value': None, 'change': True}
2025-06-17 05:07:04,154 : EventManager : Event: ======'machine_var_audits_missing_switches_s_pop3'====== Args={'value': 9, 'prev_value': None, 'change': True}
2025-06-17 05:07:04,154 : EventManager : Event: ======'machine_var_audits_missing_switches_s_pop4'====== Args={'value': 8, 'prev_value': None, 'change': True}
2025-06-17 05:07:04,154 : EventManager : Event: ======'machine_var_audits_missing_switches_s_pop5'====== Args={'value': 8, 'prev_value': None, 'change': True}
2025-06-17 05:07:04,154 : EventManager : Event: ======'machine_var_audits_missing_switches_s_right_inlane'====== Args={'value': 9, 'prev_value': None, 'change': True}
2025-06-17 05:07:04,154 : EventManager : Event: ======'machine_var_audits_missing_switches_s_right_outlane'====== Args={'value': 9, 'prev_value': None, 'change': True}
2025-06-17 05:07:04,155 : EventManager : Event: ======'machine_var_audits_missing_switches_s_right_slingshot'====== Args={'value': 9, 'prev_value': None, 'change': True}
2025-06-17 05:07:04,155 : EventManager : Event: ======'machine_var_audits_missing_switches_s_scoop_center'====== Args={'value': 8, 'prev_value': None, 'change': True}
2025-06-17 05:07:04,155 : EventManager : Event: ======'machine_var_audits_missing_switches_s_scoop_right'====== Args={'value': 9, 'prev_value': None, 'change': True}
2025-06-17 05:07:04,155 : EventManager : Event: ======'machine_var_audits_missing_switches_s_startButton'====== Args={'value': 9, 'prev_value': None, 'change': True}
2025-06-17 05:07:04,155 : EventManager : Event: ======'machine_var_audits_missing_switches_s_trough1'====== Args={'value': 9, 'prev_value': None, 'change': True}
2025-06-17 05:07:04,155 : EventManager : Event: ======'machine_var_audits_missing_switches_s_trough2'====== Args={'value': 9, 'prev_value': None, 'change': True}
2025-06-17 05:07:04,155 : EventManager : Event: ======'machine_var_audits_missing_switches_s_trough3'====== Args={'value': 9, 'prev_value': None, 'change': True}
2025-06-17 05:07:04,155 : EventManager : Event: ======'machine_var_audits_missing_switches_s_trough4'====== Args={'value': 9, 'prev_value': None, 'change': True}
2025-06-17 05:07:04,155 : EventManager : Event: ======'machine_var_audits_missing_switches_s_trough5'====== Args={'value': 8, 'prev_value': None, 'change': True}
2025-06-17 05:07:04,155 : EventManager : Event: ======'machine_var_audits_player_score'====== Args={'value': {'average': 0.0, 'top': [0, 0, 0, 0, 0, 0, 0, 0, 0, 0], 'total': 50}, 'prev_value': None, 'change': True}
2025-06-17 05:07:04,156 : EventManager : Event: ======'machine_var_audits_switches_s_drop_bank1'====== Args={'value': 140, 'prev_value': None, 'change': True}
2025-06-17 05:07:04,156 : EventManager : Event: ======'machine_var_audits_switches_s_left_flipper'====== Args={'value': 2280, 'prev_value': None, 'change': True}
2025-06-17 05:07:04,156 : EventManager : Event: ======'machine_var_audits_switches_s_left_inlane1'====== Args={'value': 1, 'prev_value': None, 'change': True}
2025-06-17 05:07:04,156 : EventManager : Event: ======'machine_var_audits_switches_s_left_inlane2'====== Args={'value': 1, 'prev_value': None, 'change': True}
2025-06-17 05:07:04,156 : EventManager : Event: ======'machine_var_audits_switches_s_left_outlane'====== Args={'value': 0, 'prev_value': None, 'change': True}
2025-06-17 05:07:04,156 : EventManager : Event: ======'machine_var_audits_switches_s_left_slingshot'====== Args={'value': 290, 'prev_value': None, 'change': True}
2025-06-17 05:07:04,156 : EventManager : Event: ======'machine_var_audits_switches_s_plunger'====== Args={'value': 5, 'prev_value': None, 'change': True}
2025-06-17 05:07:04,156 : EventManager : Event: ======'machine_var_audits_switches_s_pop1'====== Args={'value': 0, 'prev_value': None, 'change': True}
2025-06-17 05:07:04,156 : EventManager : Event: ======'machine_var_audits_switches_s_pop2'====== Args={'value': 0, 'prev_value': None, 'change': True}
2025-06-17 05:07:04,156 : EventManager : Event: ======'machine_var_audits_switches_s_pop3'====== Args={'value': 0, 'prev_value': None, 'change': True}
2025-06-17 05:07:04,157 : EventManager : Event: ======'machine_var_audits_switches_s_pop4'====== Args={'value': 1, 'prev_value': None, 'change': True}
2025-06-17 05:07:04,157 : EventManager : Event: ======'machine_var_audits_switches_s_pop5'====== Args={'value': 1, 'prev_value': None, 'change': True}
2025-06-17 05:07:04,157 : EventManager : Event: ======'machine_var_audits_switches_s_pop_bot'====== Args={'value': 426, 'prev_value': None, 'change': True}
2025-06-17 05:07:04,157 : EventManager : Event: ======'machine_var_audits_switches_s_pop_mid'====== Args={'value': 351, 'prev_value': None, 'change': True}
2025-06-17 05:07:04,157 : EventManager : Event: ======'machine_var_audits_switches_s_pop_top'====== Args={'value': 302, 'prev_value': None, 'change': True}
2025-06-17 05:07:04,157 : EventManager : Event: ======'machine_var_audits_switches_s_right_flipper'====== Args={'value': 2332, 'prev_value': None, 'change': True}
2025-06-17 05:07:04,157 : EventManager : Event: ======'machine_var_audits_switches_s_right_inlane'====== Args={'value': 57, 'prev_value': None, 'change': True}
2025-06-17 05:07:04,157 : EventManager : Event: ======'machine_var_audits_switches_s_right_outlane'====== Args={'value': 0, 'prev_value': None, 'change': True}
2025-06-17 05:07:04,157 : EventManager : Event: ======'machine_var_audits_switches_s_right_slingshot'====== Args={'value': 255, 'prev_value': None, 'change': True}
2025-06-17 05:07:04,158 : EventManager : Event: ======'machine_var_audits_switches_s_scoop_center'====== Args={'value': 1, 'prev_value': None, 'change': True}
2025-06-17 05:07:04,158 : EventManager : Event: ======'machine_var_audits_switches_s_scoop_lower'====== Args={'value': 220, 'prev_value': None, 'change': True}
2025-06-17 05:07:04,158 : EventManager : Event: ======'machine_var_audits_switches_s_scoop_right'====== Args={'value': 0, 'prev_value': None, 'change': True}
2025-06-17 05:07:04,158 : EventManager : Event: ======'machine_var_audits_switches_s_shooter_lane'====== Args={'value': 8, 'prev_value': None, 'change': True}
2025-06-17 05:07:04,158 : EventManager : Event: ======'machine_var_audits_switches_s_startButton'====== Args={'value': 34, 'prev_value': None, 'change': True}
2025-06-17 05:07:04,158 : EventManager : Event: ======'machine_var_audits_switches_s_trough1'====== Args={'value': 303, 'prev_value': None, 'change': True}
2025-06-17 05:07:04,158 : EventManager : Event: ======'machine_var_audits_switches_s_trough2'====== Args={'value': 1, 'prev_value': None, 'change': True}
2025-06-17 05:07:04,158 : EventManager : Event: ======'machine_var_audits_switches_s_trough3'====== Args={'value': 1, 'prev_value': None, 'change': True}
2025-06-17 05:07:04,158 : EventManager : Event: ======'machine_var_audits_switches_s_trough4'====== Args={'value': 1, 'prev_value': None, 'change': True}
2025-06-17 05:07:04,158 : EventManager : Event: ======'machine_var_audits_switches_s_trough5'====== Args={'value': 1, 'prev_value': None, 'change': True}
2025-06-17 05:07:04,159 : EventManager : Event: ======'slides_play'====== Args={'settings': {'welcome_slide': {'target': None, 'background_color': [0.0, 0.0, 0.0, 1.0], 'priority': None, 'show': True, 'force': False, 'expire': None, 'slide': None, 'tokens': {}, 'action': 'play'}}, 'context': '_global', 'calling_context': 'init_done', 'priority': 0}
2025-06-17 05:07:04,159 : mpfmc : SlidePlayer: Play called with settings={'welcome_slide': {'target': None, 'background_color': [0.0, 0.0, 0.0, 1.0], 'priority': None, 'show': True, 'force': False, 'expire': None, 'slide': None, 'tokens': {}, 'action': 'play'}}
2025-06-17 05:07:04,159 : EventManager : Event: ======'slide_welcome_slide_removed'====== Args={}
2025-06-17 05:07:04,165 : EventManager : Event: ======'slide_welcome_slide_created'====== Args={}
2025-06-17 05:07:04,166 : EventManager : Event: ======'slide_welcome_slide_active'====== Args={}
2025-06-17 05:07:04,171 : EventManager : Event: ======'mc_reset_phase_1'====== Args={}
2025-06-17 05:07:04,171 : EventManager : Event: ======'mc_reset_phase_2'====== Args={}
2025-06-17 05:07:04,171 : EventManager : Event: ======'mc_reset_phase_3'====== Args={}
2025-06-17 05:07:04,171 : EventManager : Event: ======'mc_reset_complete'====== Args={}
2025-06-17 05:07:04,195 : EventManager : Event: ======'slides_play'====== Args={'settings': {'attract_started': {'target': None, 'background_color': [0.0, 0.0, 0.0, 1.0], 'priority': None, 'show': True, 'force': False, 'expire': None, 'slide': None, 'tokens': {}, 'action': 'play'}}, 'context': '_global', 'calling_context': 'mode_attract_started', 'priority': 0}
2025-06-17 05:07:04,195 : mpfmc : SlidePlayer: Play called with settings={'attract_started': {'target': None, 'background_color': [0.0, 0.0, 0.0, 1.0], 'priority': None, 'show': True, 'force': False, 'expire': None, 'slide': None, 'tokens': {}, 'action': 'play'}}
2025-06-17 05:07:04,202 : EventManager : Event: ======'slide_attract_started_created'====== Args={}
2025-06-17 05:07:04,205 : EventManager : Event: ======'slide_attract_started_active'====== Args={}
2025-06-17 05:08:59,189 : mpfmc : Stopping...
2025-06-17 05:08:59,189 : EventManager : Event: ======'shutdown'====== Args={}
2025-06-17 05:08:59,189 : AudioInterface : Disabling audio playback
2025-06-17 05:08:59,326 : kivy : Base: Leaving application in progress...
2025-06-17 05:08:59,326 : mpfmc : Loop rate 79.9 Hz
2025-06-17 05:08:59,327 : kivy : Base: Leaving application in progress...
