2025-06-29 20:17:44,754 : INFO : root : Loading config.
2025-06-29 20:17:44,755 : INFO : YamlMultifileConfigLoader : Machine config file #1: config.yaml
2025-06-29 20:17:44,755 : INFO : ConfigProcessor : Loading config from cache: /var/folders/9g/7xjb17l959g1fnq4pjl5c5p80000gn/T/1941ac2cbc7f60a15b77e866ee64bff5.mpf_cache
2025-06-29 20:17:44,774 : INFO : ConfigProcessor : Loading config from cache: /var/folders/9g/7xjb17l959g1fnq4pjl5c5p80000gn/T/f574f59b1e0fcbb2258348220f26b9cc.mpf_cache
2025-06-29 20:17:44,774 : INFO : ConfigProcessor : Loading config from cache: /var/folders/9g/7xjb17l959g1fnq4pjl5c5p80000gn/T/edcc5f1d3215b377c9faab88c62e4ce0.mpf_cache
2025-06-29 20:17:44,774 : WARNING : ConfigProcessor : Config file in cache changed: /Users/ruben/Pinball/mpf-pinball/modes/base/config/base.yaml
2025-06-29 20:17:44,774 : INFO : ConfigProcessor : Loading config from file /Users/ruben/Pinball/mpf-pinball/modes/base/config/base.yaml.
2025-06-29 20:17:44,776 : INFO : ConfigProcessor : Loading config: /Users/ruben/Pinball/mpf-pinball/modes/base/config/base.yaml
2025-06-29 20:17:44,776 : INFO : ConfigProcessor : Config file cache created: /var/folders/9g/7xjb17l959g1fnq4pjl5c5p80000gn/T/174d451d321a0971202b746018364536.mpf_cache
2025-06-29 20:17:44,776 : INFO : ConfigProcessor : Loading config from cache: /var/folders/9g/7xjb17l959g1fnq4pjl5c5p80000gn/T/f574f59b1e0fcbb2258348220f26b9cc.mpf_cache
2025-06-29 20:17:44,776 : INFO : ConfigProcessor : Loading config from cache: /var/folders/9g/7xjb17l959g1fnq4pjl5c5p80000gn/T/b7f2db862b63bd340d405ba399073bac.mpf_cache
2025-06-29 20:17:44,777 : INFO : Machine : Mission Pinball Framework Core Engine v0.57.3
2025-06-29 20:17:44,777 : INFO : Machine : Command line arguments: {'no_load_cache': False, 'create_config_cache': True, 'bcp': True, 'configfile': ['config.yaml'], 'force_assets_load': False, 'platform_integration_test': False, 'jsonlogging': False, 'logfile': 'logs/2025-06-29-20-17-44-mpf-macbookpro-1.home.log', 'pause': False, 'production': False, 'text_ui': True, 'loglevel': 15, 'consoleloglevel': 20, 'force_platform': 'smart_virtual', 'syslog_address': None, 'mc_file_name': None, 'no_sound': False}
2025-06-29 20:17:44,777 : INFO : Machine : MPF path: /Library/Frameworks/Python.framework/Versions/3.9/lib/python3.9/site-packages/mpf
2025-06-29 20:17:44,777 : INFO : Machine : Machine path: /Users/ruben/Pinball/mpf-pinball
2025-06-29 20:17:44,777 : INFO : Machine : Platform: darwin
2025-06-29 20:17:44,777 : INFO : Machine : Python executable location: /Library/Frameworks/Python.framework/Versions/3.9/bin/python3.9
2025-06-29 20:17:44,777 : INFO : Machine : Python version: 3.9.13 (64-bit)
2025-06-29 20:17:44,777 : INFO : Machine : Initializing MPF...
2025-06-29 20:17:44,794 : INFO : EventManager : Event: ======'machine_var_credits_string'====== Args={'value': 'FREE PLAY', 'prev_value': None, 'change': True}
2025-06-29 20:17:44,809 : INFO : EventManager : Event: ======'machine_var_master_volume'====== Args={'value': 0.5, 'prev_value': None, 'change': True}
2025-06-29 20:17:44,809 : INFO : EventManager : Event: ======'machine_var_player1_score'====== Args={'value': 0, 'prev_value': None, 'change': True}
2025-06-29 20:17:44,809 : INFO : EventManager : Event: ======'machine_var_mpf_version'====== Args={'value': 'Mission Pinball Framework v0.57.3', 'prev_value': None, 'change': True}
2025-06-29 20:17:44,809 : INFO : EventManager : Event: ======'machine_var_mpf_extended_version'====== Args={'value': 'Mission Pinball Framework v0.57.3, Config version:6, Show version: 6, BCP version:1.1', 'prev_value': None, 'change': True}
2025-06-29 20:17:44,809 : INFO : EventManager : Event: ======'machine_var_python_version'====== Args={'value': '3.9.13', 'prev_value': None, 'change': True}
2025-06-29 20:17:44,817 : INFO : EventManager : Event: ======'machine_var_platform'====== Args={'value': 'macOS-15.5-arm64-arm-64bit', 'prev_value': None, 'change': True}
2025-06-29 20:17:44,817 : INFO : EventManager : Event: ======'machine_var_platform_system'====== Args={'value': 'Darwin', 'prev_value': None, 'change': True}
2025-06-29 20:17:44,817 : INFO : EventManager : Event: ======'machine_var_platform_release'====== Args={'value': '24.5.0', 'prev_value': None, 'change': True}
2025-06-29 20:17:44,817 : INFO : EventManager : Event: ======'machine_var_platform_version'====== Args={'value': 'Darwin Kernel Version 24.5.0: Tue Apr 22 19:54:49 PDT 2025; root:xnu-11417.121.6~2/RELEASE_ARM64_T6000', 'prev_value': None, 'change': True}
2025-06-29 20:17:44,818 : INFO : EventManager : Event: ======'machine_var_platform_machine'====== Args={'value': 'arm64', 'prev_value': None, 'change': True}
2025-06-29 20:17:44,818 : INFO : EventManager : Event: ======'init_phase_1'====== Args={}
2025-06-29 20:17:44,827 : INFO : EventManager : Event: ======'init_phase_2'====== Args={}
2025-06-29 20:17:44,829 : INFO : EventManager : Event: ======'bcp_connection_attempt'====== Args={'name': 'local_display', 'host': 'localhost', 'port': 5050}
2025-06-29 20:17:44,830 : INFO : BCPClientSocket : Connecting BCP to 'local_display' at localhost:5050...
2025-06-29 20:17:45,852 : INFO : BCPClientSocket : Connected BCP to 'local_display' localhost:5050
2025-06-29 20:17:45,853 : INFO : EventManager : Event: ======'bcp_clients_connected'====== Args={}
2025-06-29 20:17:45,854 : INFO : ball_device.bd_trough : BCH: Initial count: 0
2025-06-29 20:17:45,854 : INFO : ball_device.bd_trough : State: idle
2025-06-29 20:17:45,858 : INFO : EventManager : Event: ======'init_phase_3'====== Args={}
2025-06-29 20:17:45,859 : INFO : EventManager : Event: ======'machine_var_mc_version'====== Args={'value': 'MPF-MC v0.57.1', 'prev_value': None, 'change': True}
2025-06-29 20:17:45,859 : INFO : EventManager : Event: ======'machine_var_mc_extended_version'====== Args={'value': 'MPF-MC v0.57.1 (config_version=6, BCP v1.1,                      Requires MPF API compatibility v0.57.0 or newer)', 'prev_value': None, 'change': True}
2025-06-29 20:17:45,861 : INFO : EventManager : Event: ======'init_phase_4'====== Args={}
2025-06-29 20:17:45,861 : INFO : BallController : Initial balls found: 0
2025-06-29 20:17:45,862 : INFO : EventManager : Event: ======'machine_var_audits_events_game_ended'====== Args={'value': 53, 'prev_value': None, 'change': True}
2025-06-29 20:17:45,862 : INFO : EventManager : Event: ======'machine_var_audits_events_game_started'====== Args={'value': 106, 'prev_value': None, 'change': True}
2025-06-29 20:17:45,862 : INFO : EventManager : Event: ======'machine_var_audits_missing_switches_s_left_flipper'====== Args={'value': 6, 'prev_value': None, 'change': True}
2025-06-29 20:17:45,862 : INFO : EventManager : Event: ======'machine_var_audits_missing_switches_s_left_outlane'====== Args={'value': 10, 'prev_value': None, 'change': True}
2025-06-29 20:17:45,863 : INFO : EventManager : Event: ======'machine_var_audits_missing_switches_s_left_slingshot'====== Args={'value': 6, 'prev_value': None, 'change': True}
2025-06-29 20:17:45,863 : INFO : EventManager : Event: ======'machine_var_audits_missing_switches_s_pop1'====== Args={'value': 17, 'prev_value': None, 'change': True}
2025-06-29 20:17:45,863 : INFO : EventManager : Event: ======'machine_var_audits_missing_switches_s_pop2'====== Args={'value': 17, 'prev_value': None, 'change': True}
2025-06-29 20:17:45,863 : INFO : EventManager : Event: ======'machine_var_audits_missing_switches_s_pop3'====== Args={'value': 17, 'prev_value': None, 'change': True}
2025-06-29 20:17:45,863 : INFO : EventManager : Event: ======'machine_var_audits_missing_switches_s_pop4'====== Args={'value': 6, 'prev_value': None, 'change': True}
2025-06-29 20:17:45,864 : INFO : EventManager : Event: ======'machine_var_audits_missing_switches_s_pop5'====== Args={'value': 6, 'prev_value': None, 'change': True}
2025-06-29 20:17:45,864 : INFO : EventManager : Event: ======'machine_var_audits_missing_switches_s_right_flipper'====== Args={'value': 5, 'prev_value': None, 'change': True}
2025-06-29 20:17:45,864 : INFO : EventManager : Event: ======'machine_var_audits_missing_switches_s_right_inlane'====== Args={'value': 3, 'prev_value': None, 'change': True}
2025-06-29 20:17:45,864 : INFO : EventManager : Event: ======'machine_var_audits_missing_switches_s_right_outlane'====== Args={'value': 10, 'prev_value': None, 'change': True}
2025-06-29 20:17:45,864 : INFO : EventManager : Event: ======'machine_var_audits_missing_switches_s_right_slingshot'====== Args={'value': 6, 'prev_value': None, 'change': True}
2025-06-29 20:17:45,864 : INFO : EventManager : Event: ======'machine_var_audits_missing_switches_s_startButton'====== Args={'value': 6, 'prev_value': None, 'change': True}
2025-06-29 20:17:45,864 : INFO : EventManager : Event: ======'machine_var_audits_missing_switches_s_trough1'====== Args={'value': 3, 'prev_value': None, 'change': True}
2025-06-29 20:17:45,864 : INFO : EventManager : Event: ======'machine_var_audits_missing_switches_s_trough2'====== Args={'value': 10, 'prev_value': None, 'change': True}
2025-06-29 20:17:45,864 : INFO : EventManager : Event: ======'machine_var_audits_missing_switches_s_trough3'====== Args={'value': 10, 'prev_value': None, 'change': True}
2025-06-29 20:17:45,864 : INFO : EventManager : Event: ======'machine_var_audits_missing_switches_s_trough4'====== Args={'value': 10, 'prev_value': None, 'change': True}
2025-06-29 20:17:45,864 : INFO : EventManager : Event: ======'machine_var_audits_missing_switches_s_trough5'====== Args={'value': 9, 'prev_value': None, 'change': True}
2025-06-29 20:17:45,865 : INFO : EventManager : Event: ======'machine_var_audits_player_score'====== Args={'value': {'average': 0, 'top': [0, 0, 0, 0, 0, 0, 0, 0, 0, 0], 'total': 53}, 'prev_value': None, 'change': True}
2025-06-29 20:17:45,865 : INFO : EventManager : Event: ======'machine_var_audits_switches_s_drop_bank1'====== Args={'value': 140, 'prev_value': None, 'change': True}
2025-06-29 20:17:45,865 : INFO : EventManager : Event: ======'machine_var_audits_switches_s_left_flipper'====== Args={'value': 2284, 'prev_value': None, 'change': True}
2025-06-29 20:17:45,865 : INFO : EventManager : Event: ======'machine_var_audits_switches_s_left_inlane1'====== Args={'value': 2, 'prev_value': None, 'change': True}
2025-06-29 20:17:45,865 : INFO : EventManager : Event: ======'machine_var_audits_switches_s_left_inlane2'====== Args={'value': 2, 'prev_value': None, 'change': True}
2025-06-29 20:17:45,866 : INFO : EventManager : Event: ======'machine_var_audits_switches_s_left_outlane'====== Args={'value': 0, 'prev_value': None, 'change': True}
2025-06-29 20:17:45,866 : INFO : EventManager : Event: ======'machine_var_audits_switches_s_left_slingshot'====== Args={'value': 295, 'prev_value': None, 'change': True}
2025-06-29 20:17:45,867 : INFO : EventManager : Event: ======'machine_var_audits_switches_s_plunger'====== Args={'value': 5, 'prev_value': None, 'change': True}
2025-06-29 20:17:45,875 : INFO : EventManager : Event: ======'machine_var_audits_switches_s_pop1'====== Args={'value': 0, 'prev_value': None, 'change': True}
2025-06-29 20:17:45,876 : INFO : EventManager : Event: ======'machine_var_audits_switches_s_pop2'====== Args={'value': 0, 'prev_value': None, 'change': True}
2025-06-29 20:17:45,876 : INFO : EventManager : Event: ======'machine_var_audits_switches_s_pop3'====== Args={'value': 0, 'prev_value': None, 'change': True}
2025-06-29 20:17:45,876 : INFO : EventManager : Event: ======'machine_var_audits_switches_s_pop4'====== Args={'value': 3, 'prev_value': None, 'change': True}
2025-06-29 20:17:45,894 : INFO : EventManager : Event: ======'machine_var_audits_switches_s_pop5'====== Args={'value': 3, 'prev_value': None, 'change': True}
2025-06-29 20:17:45,894 : INFO : EventManager : Event: ======'machine_var_audits_switches_s_pop_bot'====== Args={'value': 426, 'prev_value': None, 'change': True}
2025-06-29 20:17:45,894 : INFO : EventManager : Event: ======'machine_var_audits_switches_s_pop_mid'====== Args={'value': 351, 'prev_value': None, 'change': True}
2025-06-29 20:17:45,894 : INFO : EventManager : Event: ======'machine_var_audits_switches_s_pop_top'====== Args={'value': 302, 'prev_value': None, 'change': True}
2025-06-29 20:17:45,894 : INFO : EventManager : Event: ======'machine_var_audits_switches_s_right_flipper'====== Args={'value': 2339, 'prev_value': None, 'change': True}
2025-06-29 20:17:45,894 : INFO : EventManager : Event: ======'machine_var_audits_switches_s_right_inlane'====== Args={'value': 66, 'prev_value': None, 'change': True}
2025-06-29 20:17:45,894 : INFO : EventManager : Event: ======'machine_var_audits_switches_s_right_outlane'====== Args={'value': 0, 'prev_value': None, 'change': True}
2025-06-29 20:17:45,894 : INFO : EventManager : Event: ======'machine_var_audits_switches_s_right_slingshot'====== Args={'value': 258, 'prev_value': None, 'change': True}
2025-06-29 20:17:45,895 : INFO : EventManager : Event: ======'machine_var_audits_switches_s_scoop_center'====== Args={'value': 2, 'prev_value': None, 'change': True}
2025-06-29 20:17:45,895 : INFO : EventManager : Event: ======'machine_var_audits_switches_s_scoop_lower'====== Args={'value': 220, 'prev_value': None, 'change': True}
2025-06-29 20:17:45,895 : INFO : EventManager : Event: ======'machine_var_audits_switches_s_scoop_right'====== Args={'value': 1, 'prev_value': None, 'change': True}
2025-06-29 20:17:45,895 : INFO : EventManager : Event: ======'machine_var_audits_switches_s_shooter_lane'====== Args={'value': 15, 'prev_value': None, 'change': True}
2025-06-29 20:17:45,895 : INFO : EventManager : Event: ======'machine_var_audits_switches_s_startButton'====== Args={'value': 35, 'prev_value': None, 'change': True}
2025-06-29 20:17:45,895 : INFO : EventManager : Event: ======'machine_var_audits_switches_s_trough1'====== Args={'value': 316, 'prev_value': None, 'change': True}
2025-06-29 20:17:45,896 : INFO : EventManager : Event: ======'machine_var_audits_switches_s_trough2'====== Args={'value': 1, 'prev_value': None, 'change': True}
2025-06-29 20:17:45,896 : INFO : EventManager : Event: ======'machine_var_audits_switches_s_trough3'====== Args={'value': 1, 'prev_value': None, 'change': True}
2025-06-29 20:17:45,896 : INFO : EventManager : Event: ======'machine_var_audits_switches_s_trough4'====== Args={'value': 1, 'prev_value': None, 'change': True}
2025-06-29 20:17:45,896 : INFO : EventManager : Event: ======'machine_var_audits_switches_s_trough5'====== Args={'value': 1, 'prev_value': None, 'change': True}
2025-06-29 20:17:45,896 : INFO : EventManager : Event: ======'init_phase_5'====== Args={}
2025-06-29 20:17:45,905 : INFO : EventManager : Event: ======'init_done'====== Args={}
2025-06-29 20:17:45,905 : INFO : EventManager : Event: ======'machine_reset_phase_1'====== Args={}
2025-06-29 20:17:45,909 : INFO : EventManager : Event: ======'machine_reset_phase_2'====== Args={}
2025-06-29 20:17:45,909 : INFO : EventManager : Event: ======'machine_reset_phase_3'====== Args={}
2025-06-29 20:17:45,910 : INFO : EventManager : Event: ======'reset_complete'====== Args={}
2025-06-29 20:17:45,910 : INFO : EventManager : Event: ======'mode_attract_will_start'====== Args={}
2025-06-29 20:17:45,910 : INFO : EventManager : Event: ======'mode_attract_starting'====== Args={}
2025-06-29 20:17:45,910 : INFO : Mode.attract : Started. Priority: 10
2025-06-29 20:17:45,910 : INFO : EventManager : Event: ======'modes_active_modes_changed'====== Args={}
2025-06-29 20:17:45,910 : INFO : EventManager : Event: ======'mode_attract_started'====== Args={}
2025-06-29 20:17:45,910 : INFO : EventManager : Event: ======'collecting_balls_complete'====== Args={}
2025-06-29 20:17:45,910 : INFO : Machine : Starting the main run loop with active modes: [<Mode.attract>]
2025-06-29 20:17:46,169 : INFO : BcpServer : New client connected.
2025-06-29 20:19:05,438 : INFO : SwitchController : <<<<<<< 's_startButton' active >>>>>>>
2025-06-29 20:19:05,548 : INFO : SwitchController : <<<<<<< 's_startButton' inactive >>>>>>>
2025-06-29 20:19:05,549 : INFO : EventManager : Event: ======'request_to_start_game'====== Args={}
2025-06-29 20:19:05,549 : INFO : BallController : Known balls: 0
2025-06-29 20:19:05,549 : INFO : BallController : bd_trough contains 0 balls. Tags ['trough', 'home', 'drain']
2025-06-29 20:19:05,549 : INFO : BallController : playfield contains 0 balls. Tags ['default']
2025-06-29 20:19:05,549 : WARNING : BallController : BallController denies game start. Not enough balls. 0 found. 1 required
2025-06-29 20:19:05,549 : INFO : BallController : Triggering ball search.
2025-06-29 20:19:08,873 : INFO : SwitchController : <<<<<<< 's_trough1' active >>>>>>>
2025-06-29 20:19:08,973 : INFO : SwitchController : <<<<<<< 's_trough1' inactive >>>>>>>
2025-06-29 20:19:09,688 : INFO : SwitchController : <<<<<<< 's_trough1' active >>>>>>>
2025-06-29 20:19:10,191 : INFO : EventManager : Event: ======'balldevice_bd_trough_ball_count_changed'====== Args={'balls': 1}
2025-06-29 20:19:10,192 : INFO : ball_device.bd_trough : Received unexpected ball
2025-06-29 20:19:10,192 : INFO : EventManager : Event: ======'balldevice_captured_from_playfield'====== Args={'balls': 1}
2025-06-29 20:19:10,193 : INFO : EventManager : Event: ======'sw_playfield_active'====== Args={'balls': 1}
2025-06-29 20:19:10,193 : INFO : EventManager : Event: ======'playfield_active'====== Args={'source': None}
2025-06-29 20:19:10,193 : INFO : EventManager : Event: ======'unexpected_ball_on_playfield'====== Args={}
2025-06-29 20:19:10,194 : INFO : EventManager : Event: ======'playfield_ball_count_change'====== Args={'balls': -1, 'change': -1}
2025-06-29 20:19:10,195 : INFO : EventManager : Event: ======'balldevice_playfield_ball_enter'====== Args={'new_balls': 1, 'unclaimed_balls': 1, 'device': <playfield.playfield>}
2025-06-29 20:19:10,195 : INFO : EventManager : Event: ======'playfield_ball_count_change'====== Args={'balls': 0, 'change': 1}
2025-06-29 20:19:10,196 : INFO : BallController : Found a new ball which was captured from playfield. Known balls: 1
2025-06-29 20:19:10,196 : INFO : EventManager : Event: ======'found_new_ball'====== Args={}
2025-06-29 20:19:10,196 : INFO : EventManager : Event: ======'balldevice_bd_trough_ball_enter'====== Args={'new_balls': 1, 'unclaimed_balls': 1, 'new_available_balls': 1, 'device': <ball_device.bd_trough>}
2025-06-29 20:19:10,196 : INFO : EventManager : Event: ======'ball_drain'====== Args={'device': <ball_device.bd_trough>, 'balls': 1}
2025-06-29 20:19:10,197 : INFO : EventManager : Event: ======'balldevice_balls_available'====== Args={}
2025-06-29 20:19:10,197 : INFO : EventManager : Event: ======'balldevice_bd_trough_ball_entered'====== Args={'new_balls': 1, 'device': <ball_device.bd_trough>}
2025-06-29 20:19:12,751 : INFO : SwitchController : <<<<<<< 's_right_inlane' active >>>>>>>
2025-06-29 20:19:12,752 : INFO : EventManager : Event: ======'sw_playfield_active'====== Args={}
2025-06-29 20:19:12,752 : INFO : EventManager : Event: ======'playfield_active'====== Args={'source': None}
2025-06-29 20:19:12,753 : INFO : EventManager : Event: ======'unexpected_ball_on_playfield'====== Args={}
2025-06-29 20:19:12,844 : INFO : SwitchController : <<<<<<< 's_right_inlane' inactive >>>>>>>
2025-06-29 20:19:17,022 : INFO : SwitchController : <<<<<<< 's_startButton' active >>>>>>>
2025-06-29 20:19:17,117 : INFO : SwitchController : <<<<<<< 's_startButton' inactive >>>>>>>
2025-06-29 20:19:17,117 : INFO : EventManager : Event: ======'request_to_start_game'====== Args={}
2025-06-29 20:19:17,118 : INFO : EventManager : Event: ======'game_start'====== Args={'buttons': [], 'hold_time': 0.09525387499999738}
2025-06-29 20:19:17,119 : INFO : EventManager : Event: ======'mode_game_will_start'====== Args={'buttons': [], 'hold_time': 0.09525387499999738}
2025-06-29 20:19:17,119 : INFO : EventManager : Event: ======'mode_game_starting'====== Args={'buttons': [], 'hold_time': 0.09525387499999738}
2025-06-29 20:19:17,119 : INFO : EventManager : Event: ======'mode_attract_will_stop'====== Args={}
2025-06-29 20:19:17,119 : INFO : EventManager : Event: ======'mode_attract_stopping'====== Args={}
2025-06-29 20:19:17,119 : INFO : Mode.attract : Stopped.
2025-06-29 20:19:17,119 : INFO : EventManager : Event: ======'modes_active_modes_changed'====== Args={}
2025-06-29 20:19:17,120 : INFO : EventManager : Event: ======'mode_attract_stopped'====== Args={}
2025-06-29 20:19:17,120 : INFO : EventManager : Event: ======'clear'====== Args={'key': 'attract'}
2025-06-29 20:19:17,120 : INFO : Mode.game : Started. Priority: 20
2025-06-29 20:19:17,120 : INFO : EventManager : Event: ======'modes_active_modes_changed'====== Args={}
2025-06-29 20:19:17,120 : INFO : EventManager : Event: ======'mode_game_started'====== Args={'buttons': [], 'hold_time': 0.09525387499999738}
2025-06-29 20:19:17,121 : INFO : EventManager : Event: ======'game_will_start'====== Args={}
2025-06-29 20:19:17,121 : INFO : EventManager : Event: ======'game_starting'====== Args={'game': <Mode.game>}
2025-06-29 20:19:17,122 : INFO : EventManager : Unordered handler for class <Auditor> on event game_ended with priority 1. Handlers: [RegisteredHandler(callback=<bound method Auditor.disable of <Auditor>>, priority=1, kwargs={}, key=UUID('0a9e0bde-9f98-454c-bf02-5af1e78ea8cd'), condition=None, blocking_facility=None), RegisteredHandler(callback=<bound method Auditor._save_audits of <Auditor>>, priority=1, kwargs={}, key=UUID('cfca3fad-119b-48df-a096-1fa3218828c4'), condition=None, blocking_facility=None)]. The order of those handlers is not defined and they will be executed in random order. This might lead to race conditions and potential bugs.
2025-06-29 20:19:17,122 : INFO : EventManager : Event: ======'player_add_request'====== Args={}
2025-06-29 20:19:17,122 : INFO : EventManager : Event: ======'player_will_add'====== Args={'number': 1}
2025-06-29 20:19:17,122 : INFO : EventManager : Event: ======'player_adding'====== Args={'player': <Player 1>, 'number': 1}
2025-06-29 20:19:17,122 : INFO : EventManager : Event: ======'player_added'====== Args={'player': <Player 1>, 'num': 1}
2025-06-29 20:19:17,122 : INFO : Mode.game : Player added successfully. Total players: 1
2025-06-29 20:19:17,123 : INFO : EventManager : Event: ======'player_index'====== Args={'value': 0, 'prev_value': 0, 'change': 0, 'player_num': 1}
2025-06-29 20:19:17,123 : INFO : EventManager : Event: ======'player_number'====== Args={'value': 1, 'prev_value': 1, 'change': 0, 'player_num': 1}
2025-06-29 20:19:17,123 : INFO : EventManager : Event: ======'player_score'====== Args={'value': 0, 'prev_value': 0, 'change': 0, 'player_num': 1}
2025-06-29 20:19:17,124 : INFO : EventManager : Event: ======'game_started'====== Args={}
2025-06-29 20:19:17,124 : INFO : EventManager : Event: ======'player_turn_will_start'====== Args={'player': <Player 1>, 'number': 1}
2025-06-29 20:19:17,124 : INFO : EventManager : Event: ======'player_turn_starting'====== Args={'player': <Player 1>, 'number': 1}
2025-06-29 20:19:17,124 : INFO : EventManager : Event: ======'player_ball'====== Args={'value': 1, 'prev_value': 0, 'change': 1, 'player_num': 1}
2025-06-29 20:19:17,126 : INFO : EventManager : Event: ======'player_turn_started'====== Args={'player': <Player 1>, 'number': 1}
2025-06-29 20:19:17,127 : INFO : EventManager : Event: ======'ball_will_start'====== Args={'player': 1, 'ball': 1, 'balls_remaining': 2, 'is_extra_ball': False}
2025-06-29 20:19:17,127 : INFO : EventManager : Event: ======'ball_starting'====== Args={'player': 1, 'ball': 1, 'balls_remaining': 2, 'is_extra_ball': False}
2025-06-29 20:19:17,127 : INFO : EventManager : Event: ======'mode_base_will_start'====== Args={'queue': <QueuedEvent>, 'player': 1, 'ball': 1, 'balls_remaining': 2, 'is_extra_ball': False}
2025-06-29 20:19:17,128 : INFO : EventManager : Event: ======'mode_base_starting'====== Args={'queue': <QueuedEvent>, 'player': 1, 'ball': 1, 'balls_remaining': 2, 'is_extra_ball': False}
2025-06-29 20:19:17,128 : INFO : Mode.base : Started. Priority: 100
2025-06-29 20:19:17,129 : INFO : EventManager : Event: ======'modes_active_modes_changed'====== Args={}
2025-06-29 20:19:17,129 : INFO : EventManager : Event: ======'mode_base_started'====== Args={'queue': <QueuedEvent>, 'player': 1, 'ball': 1, 'balls_remaining': 2, 'is_extra_ball': False}
2025-06-29 20:19:17,129 : INFO : EventManager : Event: ======'balls_in_play'====== Args={'balls': 1}
2025-06-29 20:19:17,130 : INFO : EventManager : Event: ======'ball_started'====== Args={'player': 1, 'ball': 1, 'balls_remaining': 2, 'is_extra_ball': False}
2025-06-29 20:19:17,134 : INFO : EventManager : Event: ======'single_player_ball_started'====== Args={}
2025-06-29 20:19:17,134 : INFO : EventManager : Event: ======'ball_start_target'====== Args={'target': 'playfield'}
2025-06-29 20:19:17,134 : INFO : ball_device.bd_trough : Setting up player-controlled eject. Balls: 1, Target: <playfield.playfield>, player_controlled_eject_event: None
2025-06-29 20:19:17,134 : INFO : ball_device.bd_trough : Adding 1 ball(s) to the eject_queue with target <playfield.playfield>.
2025-06-29 20:19:17,135 : INFO : EventManager : Event: ======'balldevice_balls_available'====== Args={}
2025-06-29 20:19:17,135 : INFO : ball_device.bd_trough : State: waiting_for_target_ready
2025-06-29 20:19:17,135 : INFO : EventManager : Event: ======'balldevice_bd_trough_ball_eject_attempt'====== Args={'balls': 1, 'target': <playfield.playfield>, 'source': <ball_device.bd_trough>, 'mechanical_eject': False, 'num_attempts': 0}
2025-06-29 20:19:17,135 : INFO : ball_device.bd_trough : State: ejecting
2025-06-29 20:19:17,136 : INFO : ball_device.bd_trough : Ejecting ball to <playfield.playfield>
2025-06-29 20:19:17,136 : INFO : EventManager : Event: ======'balldevice_bd_trough_ejecting_ball'====== Args={'balls': 1, 'target': <playfield.playfield>, 'source': <ball_device.bd_trough>, 'mechanical_eject': False, 'num_attempts': 0}
2025-06-29 20:19:17,136 : INFO : ball_device.bd_trough : Wait for ball to leave device
2025-06-29 20:19:17,136 : INFO : coil.c_trough_eject : Pulsing Driver for 35ms (1.0 pulse_power)
2025-06-29 20:19:17,137 : INFO : SwitchController : <<<<<<< 's_trough1' inactive >>>>>>>
2025-06-29 20:19:17,137 : INFO : ball_device.bd_trough : State: ball_left
2025-06-29 20:19:17,137 : INFO : ball_device.bd_trough : Ball left
2025-06-29 20:19:17,137 : INFO : ball_device.bd_trough : Wait for confirm with timeout 10.0
2025-06-29 20:19:17,146 : INFO : EventManager : Event: ======'slide_base.slide_player-mode_base_started_created'====== Args={'_from_bcp': True}
2025-06-29 20:19:17,150 : INFO : EventManager : Event: ======'slide_base.slide_player-mode_base_started_active'====== Args={'_from_bcp': True}
2025-06-29 20:19:27,139 : INFO : ball_device.bd_trough : State: failed_confirm
2025-06-29 20:19:27,140 : INFO : ball_device.bd_trough : Got timeout (10.0s) before confirm from <playfield.playfield>
2025-06-29 20:19:27,242 : INFO : ball_device.bd_trough : Confirming eject because target is playfield and ball did not return.
2025-06-29 20:19:27,242 : INFO : ball_device.bd_trough : Eject successful
2025-06-29 20:19:27,242 : INFO : EventManager : Event: ======'balldevice_bd_trough_ball_eject_success'====== Args={'balls': 1, 'target': <playfield.playfield>}
2025-06-29 20:19:27,244 : INFO : EventManager : Event: ======'balldevice_playfield_ball_enter'====== Args={'new_balls': 1, 'unclaimed_balls': 1, 'device': <playfield.playfield>}
2025-06-29 20:19:27,244 : INFO : EventManager : Event: ======'playfield_ball_count_change'====== Args={'balls': 1, 'change': 1}
2025-06-29 20:19:27,246 : INFO : EventManager : Event: ======'balldevice_bd_trough_ball_count_changed'====== Args={'balls': 0}
2025-06-29 20:19:27,246 : INFO : ball_device.bd_trough : State: idle
2025-06-29 20:19:35,108 : INFO : SwitchController : <<<<<<< 's_trough1' active >>>>>>>
2025-06-29 20:19:35,109 : INFO : EventManager : Event: ======'machine_var_audits_switches_s_trough1'====== Args={'value': 317, 'prev_value': 316, 'change': 1}
2025-06-29 20:19:35,220 : INFO : SwitchController : <<<<<<< 's_trough1' inactive >>>>>>>
2025-06-29 20:19:37,274 : INFO : SwitchController : <<<<<<< 's_right_inlane' active >>>>>>>
2025-06-29 20:19:37,274 : INFO : EventManager : Event: ======'sw_playfield_active'====== Args={}
2025-06-29 20:19:37,275 : INFO : EventManager : Event: ======'machine_var_audits_switches_s_right_inlane'====== Args={'value': 67, 'prev_value': 66, 'change': 1}
2025-06-29 20:19:37,361 : INFO : SwitchController : <<<<<<< 's_right_inlane' inactive >>>>>>>
2025-06-29 20:19:38,066 : INFO : SwitchController : <<<<<<< 's_trough1' active >>>>>>>
2025-06-29 20:19:38,067 : INFO : EventManager : Event: ======'machine_var_audits_switches_s_trough1'====== Args={'value': 318, 'prev_value': 317, 'change': 1}
2025-06-29 20:19:38,180 : INFO : SwitchController : <<<<<<< 's_trough1' inactive >>>>>>>
2025-06-29 20:19:46,977 : INFO : Machine : Shutting down...
2025-06-29 20:19:46,978 : INFO : EventManager : Event: ======'shutdown'====== Args={}
2025-06-29 20:19:46,980 : INFO : EventManager : Event: ======'mode_game_will_stop'====== Args={}
2025-06-29 20:19:46,980 : INFO : EventManager : Event: ======'mode_game_stopping'====== Args={}
2025-06-29 20:19:46,980 : INFO : EventManager : Event: ======'mode_base_will_stop'====== Args={}
2025-06-29 20:19:46,981 : INFO : EventManager : Event: ======'mode_base_stopping'====== Args={}
2025-06-29 20:19:46,981 : INFO : Mode.base : Stopped.
2025-06-29 20:19:46,981 : INFO : EventManager : Event: ======'modes_active_modes_changed'====== Args={}
2025-06-29 20:19:46,981 : INFO : EventManager : Event: ======'mode_base_stopped'====== Args={}
2025-06-29 20:19:46,981 : INFO : EventManager : Event: ======'clear'====== Args={'key': 'base'}
2025-06-29 20:19:46,982 : INFO : Mode.game : Stopped.
2025-06-29 20:19:46,982 : INFO : EventManager : Event: ======'modes_active_modes_changed'====== Args={}
2025-06-29 20:19:46,982 : INFO : EventManager : Event: ======'mode_game_stopped'====== Args={}
2025-06-29 20:19:46,982 : INFO : EventManager : Event: ======'clear'====== Args={'key': 'game'}
2025-06-29 20:19:46,983 : INFO : root : MPF run loop ended.
