2025-06-26 12:08:41,851 : kivy : deps: Successfully imported "kivy_deps.gstreamer" 0.3.3
2025-06-26 12:08:41,851 : kivy : deps: Successfully imported "kivy_deps.angle" 0.3.3
2025-06-26 12:08:41,851 : kivy : deps: Successfully imported "kivy_deps.glew" 0.3.1
2025-06-26 12:08:41,851 : kivy : deps: Successfully imported "kivy_deps.sdl2" 0.6.0
2025-06-26 12:08:41,851 : kivy : Kivy: v2.2.1
2025-06-26 12:08:41,851 : kivy : Kivy: Installed at "C:\Users\ruben\AppData\Local\Programs\Python\Python39\lib\site-packages\kivy\__init__.py"
2025-06-26 12:08:41,852 : kivy : Python: v3.9.13 (tags/v3.9.13:6de2ca5, May 17 2022, 16:36:42) [MSC v.1929 64 bit (AMD64)]
2025-06-26 12:08:41,852 : kivy : Python: Interpreter at "C:\Users\ruben\AppData\Local\Programs\Python\Python39\python.exe"
2025-06-26 12:08:41,857 : kivy : Factory: 190 symbols loaded
2025-06-26 12:08:42,133 : kivy : ImageLoaderFFPy: Using ffpyplayer 4.5.1
2025-06-26 12:08:42,133 : kivy : Image: Providers: img_tex, img_dds, img_sdl2, img_pil, img_ffpyplayer 
2025-06-26 12:08:42,380 : kivy : VideoGstplayer: Using Gstreamer 1.18.5.0
2025-06-26 12:08:42,380 : kivy : Video: Provider: gstplayer
2025-06-26 12:08:42,428 : root : Loading MPF-MC controller
2025-06-26 12:08:42,447 : YamlMultifileConfigLoader : Machine config file #1: config
2025-06-26 12:08:42,447 : ConfigProcessor : Config file in cache changed: C:\pinball\my_machine\config\config
2025-06-26 12:08:42,448 : ConfigProcessor : Loading config from file C:\Users\ruben\AppData\Local\Programs\Python\Python39\lib\site-packages\mpfmc\mcconfig.yaml.
2025-06-26 12:08:42,460 : ConfigProcessor : Loading config: C:\Users\ruben\AppData\Local\Programs\Python\Python39\lib\site-packages\mpfmc\mcconfig.yaml
2025-06-26 12:08:42,461 : ConfigProcessor : Loading config from file C:\pinball\my_machine\config\config.
2025-06-26 12:08:42,462 : ConfigProcessor : Loading config: C:\pinball\my_machine\config\config
2025-06-26 12:08:42,463 : ConfigProcessor : Loading config: C:\pinball\my_machine\config\hardware.yaml
2025-06-26 12:08:42,465 : ConfigProcessor : Loading config: C:\pinball\my_machine\config\switches.yaml
2025-06-26 12:08:42,468 : ConfigProcessor : Loading config: C:\pinball\my_machine\config\coils.yaml
2025-06-26 12:08:42,470 : ConfigProcessor : Loading config: C:\pinball\my_machine\config\lights.yaml
