2025-07-06 17:21:58,352 : kivy : Kivy: v2.2.1
2025-07-06 17:21:58,353 : kivy : Kivy: Installed at "/Library/Frameworks/Python.framework/Versions/3.9/lib/python3.9/site-packages/kivy/__init__.py"
2025-07-06 17:21:58,353 : kivy : Python: v3.9.13 (v3.9.13:6de2ca5339, May 17 2022, 11:37:23) 
[Clang 13.0.0 (clang-1300.0.29.30)]
2025-07-06 17:21:58,353 : kivy : Python: Interpreter at "/Library/Frameworks/Python.framework/Versions/3.9/bin/python3.9"
2025-07-06 17:21:58,360 : kivy : Factory: 190 symbols loaded
2025-07-06 17:21:58,459 : kivy : ImageLoaderFFPy: Using ffpyplayer 4.5.1
2025-07-06 17:21:58,460 : kivy : Image: Providers: img_tex, img_imageio, img_dds, img_sdl2, img_pil, img_ffpyplayer 
2025-07-06 17:21:58,559 : kivy : VideoFFPy: Using ffpyplayer 4.5.1
2025-07-06 17:21:58,560 : kivy : Video: Provider: ffpyplayer(['video_ffmpeg'] ignored)
2025-07-06 17:21:58,587 : root : Loading MPF-MC controller
2025-07-06 17:21:58,594 : YamlMultifileConfigLoader : Machine config file #1: config
2025-07-06 17:21:58,594 : ConfigProcessor : Config file in cache changed: /Users/ruben/Pinball/mpf-pinball/config/config
2025-07-06 17:21:58,594 : ConfigProcessor : Loading config from file /Library/Frameworks/Python.framework/Versions/3.9/lib/python3.9/site-packages/mpfmc/mcconfig.yaml.
2025-07-06 17:21:58,598 : ConfigProcessor : Loading config: /Library/Frameworks/Python.framework/Versions/3.9/lib/python3.9/site-packages/mpfmc/mcconfig.yaml
2025-07-06 17:21:58,598 : ConfigProcessor : Loading config from file /Users/ruben/Pinball/mpf-pinball/config/config.
2025-07-06 17:21:58,599 : ConfigProcessor : Loading config: /Users/ruben/Pinball/mpf-pinball/config/config
2025-07-06 17:21:58,599 : ConfigProcessor : Loading config: /Users/ruben/Pinball/mpf-pinball/config/hardware.yaml
2025-07-06 17:21:58,600 : ConfigProcessor : Loading config: /Users/ruben/Pinball/mpf-pinball/config/switches.yaml
2025-07-06 17:21:58,601 : ConfigProcessor : Loading config: /Users/ruben/Pinball/mpf-pinball/config/coils.yaml
2025-07-06 17:21:58,602 : ConfigProcessor : Loading config: /Users/ruben/Pinball/mpf-pinball/config/lights.yaml
2025-07-06 17:21:58,603 : ConfigProcessor : Loading config: /Users/ruben/Pinball/mpf-pinball/config/devices.yaml
2025-07-06 17:21:58,604 : ConfigProcessor : Loading config: /Users/ruben/Pinball/mpf-pinball/config/images.yaml
2025-07-06 17:21:58,604 : ConfigProcessor : Loading config: /Users/ruben/Pinball/mpf-pinball/config/displays.yaml
2025-07-06 17:21:58,605 : ConfigProcessor : Loading config: /Users/ruben/Pinball/mpf-pinball/config/slides.yaml
2025-07-06 17:21:58,605 : ConfigProcessor : Loading config: /Users/ruben/Pinball/mpf-pinball/config/sounds.yaml
2025-07-06 17:21:58,606 : ConfigProcessor : Config file cache created: /var/folders/9g/7xjb17l959g1fnq4pjl5c5p80000gn/T/195f11bb22def72033a5ba91cfdec8f0.mpf_cache
2025-07-06 17:21:58,606 : ConfigProcessor : Loading config from cache: /var/folders/9g/7xjb17l959g1fnq4pjl5c5p80000gn/T/f574f59b1e0fcbb2258348220f26b9cc.mpf_cache
2025-07-06 17:21:58,607 : ConfigProcessor : Loading config from cache: /var/folders/9g/7xjb17l959g1fnq4pjl5c5p80000gn/T/edcc5f1d3215b377c9faab88c62e4ce0.mpf_cache
2025-07-06 17:21:58,607 : ConfigProcessor : Loading config from cache: /var/folders/9g/7xjb17l959g1fnq4pjl5c5p80000gn/T/174d451d321a0971202b746018364536.mpf_cache
2025-07-06 17:21:58,607 : ConfigProcessor : Loading config from cache: /var/folders/9g/7xjb17l959g1fnq4pjl5c5p80000gn/T/f574f59b1e0fcbb2258348220f26b9cc.mpf_cache
2025-07-06 17:21:58,607 : ConfigProcessor : Loading config from cache: /var/folders/9g/7xjb17l959g1fnq4pjl5c5p80000gn/T/c284941e722380023d767d5e99e91837.mpf_cache
2025-07-06 17:21:58,607 : mpfmc : Mission Pinball Framework Media Controller (MPF-MC) v0.57.1. Requires MPF v0.57.0 or newer.
2025-07-06 17:21:58,607 : mpfmc : Found MPF v0.57.3
2025-07-06 17:21:58,607 : mpfmc : Machine path: /Users/ruben/Pinball/mpf-pinball
2025-07-06 17:21:58,607 : mpfmc : Starting clock at 60.0Hz
2025-07-06 17:21:58,614 : kivy : Text: Provider: sdl2
2025-07-06 17:21:58,630 : kivy : Window: Provider: sdl2
2025-07-06 17:21:58,792 : kivy : GL: Using the "OpenGL ES 2" graphics system
2025-07-06 17:21:58,792 : kivy : GL: Backend used <sdl2>
2025-07-06 17:21:58,792 : kivy : GL: OpenGL version <b'2.1 Metal - 89.4'>
2025-07-06 17:21:58,792 : kivy : GL: OpenGL vendor <b'Apple'>
2025-07-06 17:21:58,792 : kivy : GL: OpenGL renderer <b'Apple M1 Pro'>
2025-07-06 17:21:58,792 : kivy : GL: OpenGL parsed version: 2, 1
2025-07-06 17:21:58,792 : kivy : GL: Shading version <b'1.20'>
2025-07-06 17:21:58,792 : kivy : GL: Texture max size <16384>
2025-07-06 17:21:58,792 : kivy : GL: Texture max units <16>
2025-07-06 17:21:58,804 : kivy : Window: auto add sdl2 input provider
2025-07-06 17:21:58,804 : kivy : Window: virtual keyboard not allowed, single mode, not docked
2025-07-06 17:21:58,939 : AudioInterface : Initialized
2025-07-06 17:21:58,939 : AudioInterface : Loaded SDL 2.32.8
2025-07-06 17:21:58,939 : AudioInterface : Loaded SDL_Mixer 2.8.1
2025-07-06 17:21:58,939 : AudioInterface : Loaded GStreamer 1.26.2.0
2025-07-06 17:21:58,939 : AudioInterface : Loaded GLib 2.84.2
2025-07-06 17:21:58,939 : AudioInterface : Settings requested - rate: 44100, channels: 1, buffer: 2048 samples
2025-07-06 17:21:58,939 : AudioInterface : Settings in use - rate: 44100, channels: 1, buffer: 2048 samples (4096 bytes @ 2 bytes per sample)
2025-07-06 17:21:58,939 : SoundSystem : Setting master volume to 0.0
2025-07-06 17:21:58,939 : AudioInterface : Enabling audio playback
2025-07-06 17:21:58,940 : kivy : Base: Start application main loop
2025-07-06 17:21:58,940 : EventManager : Event: ======'display_window_initialized'====== Args={}
2025-07-06 17:21:59,270 : mpfmc : Display: Setting 'window' as default display
2025-07-06 17:21:59,275 : EventManager : Event: ======'displays_initialized'====== Args={}
2025-07-06 17:21:59,275 : EventManager : Event: ======'slide_window_blank_created'====== Args={}
2025-07-06 17:21:59,275 : EventManager : Event: ======'display_window_ready'====== Args={}
2025-07-06 17:21:59,279 : EventManager : Event: ======'init_phase_1'====== Args={}
2025-07-06 17:21:59,281 : EventManager : Event: ======'mc_ready'====== Args={}
2025-07-06 17:21:59,281 : EventManager : Event: ======'init_phase_2'====== Args={}
2025-07-06 17:21:59,283 : EventManager : Event: ======'init_phase_3'====== Args={}
2025-07-06 17:21:59,284 : EventManager : Event: ======'init_phase_4'====== Args={}
2025-07-06 17:21:59,284 : EventManager : Event: ======'init_phase_5'====== Args={}
2025-07-06 17:21:59,349 : EventManager : Event: ======'loading_assets'====== Args={'total': 1, 'loaded': 1, 'remaining': 0, 'percent': 100}
2025-07-06 17:21:59,349 : AssetManager : Asset loading took: 0.40999317169189453
2025-07-06 17:21:59,349 : EventManager : Event: ======'asset_loading_complete'====== Args={}
2025-07-06 17:21:59,349 : AssetManager : Loading assets: 1/1 (100%)
2025-07-06 17:21:59,349 : EventManager : Event: ======'init_done'====== Args={}
2025-07-06 17:21:59,349 : MPF-MC BCP Server : Starting up on localhost port 5050
2025-07-06 17:21:59,352 : MPF-MC BCP Server : Waiting for a connection...
2025-07-06 17:21:59,361 : EventManager : Event: ======'client_disconnected'====== Args={'host': '127.0.0.1', 'port': 5050}
2025-07-06 17:21:59,395 : MPF-MC BCP Server : Received connection from: 127.0.0.1:50533
2025-07-06 17:21:59,400 : EventManager : Event: ======'client_connected'====== Args={'host': '127.0.0.1', 'port': 50533}
2025-07-06 17:21:59,413 : EventManager : Event: ======'machine_var_credits_string'====== Args={'value': 'FREE PLAY', 'prev_value': None, 'change': True}
2025-07-06 17:21:59,413 : EventManager : Event: ======'machine_var_master_volume'====== Args={'value': 0.5, 'prev_value': None, 'change': True}
2025-07-06 17:21:59,413 : EventManager : Event: ======'machine_var_player1_score'====== Args={'value': 0, 'prev_value': None, 'change': True}
2025-07-06 17:21:59,413 : EventManager : Event: ======'machine_var_mpf_version'====== Args={'value': 'Mission Pinball Framework v0.57.3', 'prev_value': None, 'change': True}
2025-07-06 17:21:59,413 : EventManager : Event: ======'machine_var_mpf_extended_version'====== Args={'value': 'Mission Pinball Framework v0.57.3, Config version:6, Show version: 6, BCP version:1.1', 'prev_value': None, 'change': True}
2025-07-06 17:21:59,413 : EventManager : Event: ======'machine_var_python_version'====== Args={'value': '3.9.13', 'prev_value': None, 'change': True}
2025-07-06 17:21:59,413 : EventManager : Event: ======'machine_var_platform'====== Args={'value': 'macOS-15.5-arm64-arm-64bit', 'prev_value': None, 'change': True}
2025-07-06 17:21:59,413 : EventManager : Event: ======'machine_var_platform_system'====== Args={'value': 'Darwin', 'prev_value': None, 'change': True}
2025-07-06 17:21:59,414 : EventManager : Event: ======'machine_var_platform_release'====== Args={'value': '24.5.0', 'prev_value': None, 'change': True}
2025-07-06 17:21:59,414 : EventManager : Event: ======'machine_var_platform_version'====== Args={'value': 'Darwin Kernel Version 24.5.0: Tue Apr 22 19:54:49 PDT 2025; root:xnu-11417.121.6~2/RELEASE_ARM64_T6000', 'prev_value': None, 'change': True}
2025-07-06 17:21:59,414 : EventManager : Event: ======'machine_var_platform_machine'====== Args={'value': 'arm64', 'prev_value': None, 'change': True}
2025-07-06 17:21:59,414 : EventManager : Event: ======'machine_var_mc_version'====== Args={'value': 'MPF-MC v0.57.1', 'prev_value': None, 'change': True}
2025-07-06 17:21:59,414 : EventManager : Event: ======'machine_var_mc_extended_version'====== Args={'value': 'MPF-MC v0.57.1 (config_version=6, BCP v1.1,                      Requires MPF API compatibility v0.57.0 or newer)', 'prev_value': None, 'change': True}
2025-07-06 17:21:59,414 : EventManager : Event: ======'machine_var_credits_string'====== Args={'value': 'FREE PLAY', 'prev_value': None, 'change': True}
2025-07-06 17:21:59,414 : EventManager : Event: ======'machine_var_master_volume'====== Args={'value': 0.5, 'prev_value': None, 'change': True}
2025-07-06 17:21:59,414 : EventManager : Event: ======'machine_var_player1_score'====== Args={'value': 0, 'prev_value': None, 'change': True}
2025-07-06 17:21:59,414 : EventManager : Event: ======'machine_var_mpf_version'====== Args={'value': 'Mission Pinball Framework v0.57.3', 'prev_value': None, 'change': True}
2025-07-06 17:21:59,414 : EventManager : Event: ======'machine_var_mpf_extended_version'====== Args={'value': 'Mission Pinball Framework v0.57.3, Config version:6, Show version: 6, BCP version:1.1', 'prev_value': None, 'change': True}
2025-07-06 17:21:59,414 : EventManager : Event: ======'machine_var_python_version'====== Args={'value': '3.9.13', 'prev_value': None, 'change': True}
2025-07-06 17:21:59,414 : EventManager : Event: ======'machine_var_platform'====== Args={'value': 'macOS-15.5-arm64-arm-64bit', 'prev_value': None, 'change': True}
2025-07-06 17:21:59,414 : EventManager : Event: ======'machine_var_platform_system'====== Args={'value': 'Darwin', 'prev_value': None, 'change': True}
2025-07-06 17:21:59,414 : EventManager : Event: ======'machine_var_platform_release'====== Args={'value': '24.5.0', 'prev_value': None, 'change': True}
2025-07-06 17:21:59,414 : EventManager : Event: ======'machine_var_platform_version'====== Args={'value': 'Darwin Kernel Version 24.5.0: Tue Apr 22 19:54:49 PDT 2025; root:xnu-11417.121.6~2/RELEASE_ARM64_T6000', 'prev_value': None, 'change': True}
2025-07-06 17:21:59,414 : EventManager : Event: ======'machine_var_platform_machine'====== Args={'value': 'arm64', 'prev_value': None, 'change': True}
2025-07-06 17:21:59,414 : EventManager : Event: ======'machine_var_mc_version'====== Args={'value': 'MPF-MC v0.57.1', 'prev_value': None, 'change': True}
2025-07-06 17:21:59,414 : EventManager : Event: ======'machine_var_mc_extended_version'====== Args={'value': 'MPF-MC v0.57.1 (config_version=6, BCP v1.1,                      Requires MPF API compatibility v0.57.0 or newer)', 'prev_value': None, 'change': True}
2025-07-06 17:21:59,414 : EventManager : Event: ======'machine_var_credits_string'====== Args={'value': 'FREE PLAY', 'prev_value': None, 'change': True}
2025-07-06 17:21:59,414 : EventManager : Event: ======'machine_var_master_volume'====== Args={'value': 0.5, 'prev_value': None, 'change': True}
2025-07-06 17:21:59,414 : EventManager : Event: ======'machine_var_player1_score'====== Args={'value': 0, 'prev_value': None, 'change': True}
2025-07-06 17:21:59,414 : EventManager : Event: ======'machine_var_mpf_version'====== Args={'value': 'Mission Pinball Framework v0.57.3', 'prev_value': None, 'change': True}
2025-07-06 17:21:59,414 : EventManager : Event: ======'machine_var_mpf_extended_version'====== Args={'value': 'Mission Pinball Framework v0.57.3, Config version:6, Show version: 6, BCP version:1.1', 'prev_value': None, 'change': True}
2025-07-06 17:21:59,414 : EventManager : Event: ======'machine_var_python_version'====== Args={'value': '3.9.13', 'prev_value': None, 'change': True}
2025-07-06 17:21:59,414 : EventManager : Event: ======'machine_var_platform'====== Args={'value': 'macOS-15.5-arm64-arm-64bit', 'prev_value': None, 'change': True}
2025-07-06 17:21:59,414 : EventManager : Event: ======'machine_var_platform_system'====== Args={'value': 'Darwin', 'prev_value': None, 'change': True}
2025-07-06 17:21:59,414 : EventManager : Event: ======'machine_var_platform_release'====== Args={'value': '24.5.0', 'prev_value': None, 'change': True}
2025-07-06 17:21:59,414 : EventManager : Event: ======'machine_var_platform_version'====== Args={'value': 'Darwin Kernel Version 24.5.0: Tue Apr 22 19:54:49 PDT 2025; root:xnu-11417.121.6~2/RELEASE_ARM64_T6000', 'prev_value': None, 'change': True}
2025-07-06 17:21:59,414 : EventManager : Event: ======'machine_var_platform_machine'====== Args={'value': 'arm64', 'prev_value': None, 'change': True}
2025-07-06 17:21:59,414 : EventManager : Event: ======'machine_var_mc_version'====== Args={'value': 'MPF-MC v0.57.1', 'prev_value': None, 'change': True}
2025-07-06 17:21:59,414 : EventManager : Event: ======'machine_var_mc_extended_version'====== Args={'value': 'MPF-MC v0.57.1 (config_version=6, BCP v1.1,                      Requires MPF API compatibility v0.57.0 or newer)', 'prev_value': None, 'change': True}
2025-07-06 17:21:59,414 : EventManager : Event: ======'machine_var_credits_string'====== Args={'value': 'FREE PLAY', 'prev_value': None, 'change': True}
2025-07-06 17:21:59,414 : EventManager : Event: ======'machine_var_master_volume'====== Args={'value': 0.5, 'prev_value': None, 'change': True}
2025-07-06 17:21:59,414 : EventManager : Event: ======'machine_var_player1_score'====== Args={'value': 0, 'prev_value': None, 'change': True}
2025-07-06 17:21:59,414 : EventManager : Event: ======'machine_var_mpf_version'====== Args={'value': 'Mission Pinball Framework v0.57.3', 'prev_value': None, 'change': True}
2025-07-06 17:21:59,414 : EventManager : Event: ======'machine_var_mpf_extended_version'====== Args={'value': 'Mission Pinball Framework v0.57.3, Config version:6, Show version: 6, BCP version:1.1', 'prev_value': None, 'change': True}
2025-07-06 17:21:59,414 : EventManager : Event: ======'machine_var_python_version'====== Args={'value': '3.9.13', 'prev_value': None, 'change': True}
2025-07-06 17:21:59,414 : EventManager : Event: ======'machine_var_platform'====== Args={'value': 'macOS-15.5-arm64-arm-64bit', 'prev_value': None, 'change': True}
2025-07-06 17:21:59,414 : EventManager : Event: ======'machine_var_platform_system'====== Args={'value': 'Darwin', 'prev_value': None, 'change': True}
2025-07-06 17:21:59,414 : EventManager : Event: ======'machine_var_platform_release'====== Args={'value': '24.5.0', 'prev_value': None, 'change': True}
2025-07-06 17:21:59,414 : EventManager : Event: ======'machine_var_platform_version'====== Args={'value': 'Darwin Kernel Version 24.5.0: Tue Apr 22 19:54:49 PDT 2025; root:xnu-11417.121.6~2/RELEASE_ARM64_T6000', 'prev_value': None, 'change': True}
2025-07-06 17:21:59,414 : EventManager : Event: ======'machine_var_platform_machine'====== Args={'value': 'arm64', 'prev_value': None, 'change': True}
2025-07-06 17:21:59,415 : EventManager : Event: ======'machine_var_mc_version'====== Args={'value': 'MPF-MC v0.57.1', 'prev_value': None, 'change': True}
2025-07-06 17:21:59,415 : EventManager : Event: ======'machine_var_mc_extended_version'====== Args={'value': 'MPF-MC v0.57.1 (config_version=6, BCP v1.1,                      Requires MPF API compatibility v0.57.0 or newer)', 'prev_value': None, 'change': True}
2025-07-06 17:21:59,415 : EventManager : Event: ======'machine_var_audits_events_game_ended'====== Args={'value': 53, 'prev_value': None, 'change': True}
2025-07-06 17:21:59,415 : EventManager : Event: ======'machine_var_audits_events_game_started'====== Args={'value': 192, 'prev_value': None, 'change': True}
2025-07-06 17:21:59,415 : EventManager : Event: ======'machine_var_audits_missing_switches_s_center_scoop'====== Args={'value': 40, 'prev_value': None, 'change': True}
2025-07-06 17:21:59,415 : EventManager : Event: ======'machine_var_audits_missing_switches_s_left_flipper'====== Args={'value': 92, 'prev_value': None, 'change': True}
2025-07-06 17:21:59,415 : EventManager : Event: ======'machine_var_audits_missing_switches_s_left_inlane_1'====== Args={'value': 42, 'prev_value': None, 'change': True}
2025-07-06 17:21:59,415 : EventManager : Event: ======'machine_var_audits_missing_switches_s_left_inlane_2'====== Args={'value': 42, 'prev_value': None, 'change': True}
2025-07-06 17:21:59,415 : EventManager : Event: ======'machine_var_audits_missing_switches_s_left_outlane'====== Args={'value': 42, 'prev_value': None, 'change': True}
2025-07-06 17:21:59,415 : EventManager : Event: ======'machine_var_audits_missing_switches_s_left_slingshot'====== Args={'value': 40, 'prev_value': None, 'change': True}
2025-07-06 17:21:59,415 : EventManager : Event: ======'machine_var_audits_missing_switches_s_pop1'====== Args={'value': 103, 'prev_value': None, 'change': True}
2025-07-06 17:21:59,415 : EventManager : Event: ======'machine_var_audits_missing_switches_s_pop2'====== Args={'value': 103, 'prev_value': None, 'change': True}
2025-07-06 17:21:59,415 : EventManager : Event: ======'machine_var_audits_missing_switches_s_pop3'====== Args={'value': 103, 'prev_value': None, 'change': True}
2025-07-06 17:21:59,415 : EventManager : Event: ======'machine_var_audits_missing_switches_s_pop4'====== Args={'value': 92, 'prev_value': None, 'change': True}
2025-07-06 17:21:59,415 : EventManager : Event: ======'machine_var_audits_missing_switches_s_pop5'====== Args={'value': 46, 'prev_value': None, 'change': True}
2025-07-06 17:21:59,415 : EventManager : Event: ======'machine_var_audits_missing_switches_s_right_flipper'====== Args={'value': 91, 'prev_value': None, 'change': True}
2025-07-06 17:21:59,415 : EventManager : Event: ======'machine_var_audits_missing_switches_s_right_inlane'====== Args={'value': 41, 'prev_value': None, 'change': True}
2025-07-06 17:21:59,415 : EventManager : Event: ======'machine_var_audits_missing_switches_s_right_outlane'====== Args={'value': 42, 'prev_value': None, 'change': True}
2025-07-06 17:21:59,415 : EventManager : Event: ======'machine_var_audits_missing_switches_s_right_scoop'====== Args={'value': 1, 'prev_value': None, 'change': True}
2025-07-06 17:21:59,415 : EventManager : Event: ======'machine_var_audits_missing_switches_s_right_slingshot'====== Args={'value': 40, 'prev_value': None, 'change': True}
2025-07-06 17:21:59,415 : SoundSystem : Setting master volume to 0.5
2025-07-06 17:21:59,415 : SoundSystem : Setting master volume to 0.5
2025-07-06 17:21:59,415 : SoundSystem : Setting master volume to 0.5
2025-07-06 17:21:59,415 : SoundSystem : Setting master volume to 0.5
2025-07-06 17:21:59,426 : EventManager : Event: ======'machine_var_audits_missing_switches_s_startButton'====== Args={'value': 82, 'prev_value': None, 'change': True}
2025-07-06 17:21:59,427 : EventManager : Event: ======'machine_var_audits_missing_switches_s_trough1'====== Args={'value': 85, 'prev_value': None, 'change': True}
2025-07-06 17:21:59,427 : EventManager : Event: ======'machine_var_audits_missing_switches_s_trough2'====== Args={'value': 10, 'prev_value': None, 'change': True}
2025-07-06 17:21:59,427 : EventManager : Event: ======'machine_var_audits_missing_switches_s_trough3'====== Args={'value': 10, 'prev_value': None, 'change': True}
2025-07-06 17:21:59,427 : EventManager : Event: ======'machine_var_audits_missing_switches_s_trough4'====== Args={'value': 10, 'prev_value': None, 'change': True}
2025-07-06 17:21:59,427 : EventManager : Event: ======'machine_var_audits_missing_switches_s_trough5'====== Args={'value': 9, 'prev_value': None, 'change': True}
2025-07-06 17:21:59,427 : EventManager : Event: ======'machine_var_audits_player_score'====== Args={'value': {'average': 0, 'top': [0, 0, 0, 0, 0, 0, 0, 0, 0, 0], 'total': 53}, 'prev_value': None, 'change': True}
2025-07-06 17:21:59,427 : EventManager : Event: ======'machine_var_audits_shots_my_first_shot'====== Args={'value': 5, 'prev_value': None, 'change': True}
2025-07-06 17:21:59,427 : EventManager : Event: ======'machine_var_audits_shots_shot_right_inlane'====== Args={'value': 1, 'prev_value': None, 'change': True}
2025-07-06 17:21:59,427 : EventManager : Event: ======'machine_var_audits_shots_shot_right_scoop'====== Args={'value': 1158422, 'prev_value': None, 'change': True}
2025-07-06 17:21:59,427 : EventManager : Event: ======'machine_var_audits_shots_shot_target_g'====== Args={'value': 81, 'prev_value': None, 'change': True}
2025-07-06 17:21:59,427 : EventManager : Event: ======'machine_var_audits_shots_shot_target_r'====== Args={'value': 95, 'prev_value': None, 'change': True}
2025-07-06 17:21:59,427 : EventManager : Event: ======'machine_var_audits_switches_s_center_scoop'====== Args={'value': 4, 'prev_value': None, 'change': True}
2025-07-06 17:21:59,427 : EventManager : Event: ======'machine_var_audits_switches_s_drop_bank1'====== Args={'value': 140, 'prev_value': None, 'change': True}
2025-07-06 17:21:59,427 : EventManager : Event: ======'machine_var_audits_switches_s_left_flipper'====== Args={'value': 2284, 'prev_value': None, 'change': True}
2025-07-06 17:21:59,427 : EventManager : Event: ======'machine_var_audits_switches_s_left_inlane1'====== Args={'value': 2, 'prev_value': None, 'change': True}
2025-07-06 17:21:59,427 : EventManager : Event: ======'machine_var_audits_switches_s_left_inlane2'====== Args={'value': 2, 'prev_value': None, 'change': True}
2025-07-06 17:21:59,427 : EventManager : Event: ======'machine_var_audits_switches_s_left_inlane_1'====== Args={'value': 1, 'prev_value': None, 'change': True}
2025-07-06 17:21:59,427 : EventManager : Event: ======'machine_var_audits_switches_s_left_inlane_2'====== Args={'value': 2, 'prev_value': None, 'change': True}
2025-07-06 17:21:59,427 : EventManager : Event: ======'machine_var_audits_switches_s_left_outlane'====== Args={'value': 1, 'prev_value': None, 'change': True}
2025-07-06 17:21:59,427 : EventManager : Event: ======'machine_var_audits_switches_s_left_slingshot'====== Args={'value': 420, 'prev_value': None, 'change': True}
2025-07-06 17:21:59,427 : EventManager : Event: ======'machine_var_audits_switches_s_plunger'====== Args={'value': 5, 'prev_value': None, 'change': True}
2025-07-06 17:21:59,427 : EventManager : Event: ======'machine_var_audits_switches_s_pop1'====== Args={'value': 0, 'prev_value': None, 'change': True}
2025-07-06 17:21:59,427 : EventManager : Event: ======'machine_var_audits_switches_s_pop2'====== Args={'value': 0, 'prev_value': None, 'change': True}
2025-07-06 17:21:59,427 : EventManager : Event: ======'machine_var_audits_switches_s_pop3'====== Args={'value': 0, 'prev_value': None, 'change': True}
2025-07-06 17:21:59,427 : EventManager : Event: ======'machine_var_audits_switches_s_pop4'====== Args={'value': 3, 'prev_value': None, 'change': True}
2025-07-06 17:21:59,427 : EventManager : Event: ======'machine_var_audits_switches_s_pop5'====== Args={'value': 4, 'prev_value': None, 'change': True}
2025-07-06 17:21:59,427 : EventManager : Event: ======'machine_var_audits_switches_s_pop_bot'====== Args={'value': 426, 'prev_value': None, 'change': True}
2025-07-06 17:21:59,427 : EventManager : Event: ======'machine_var_audits_switches_s_pop_mid'====== Args={'value': 351, 'prev_value': None, 'change': True}
2025-07-06 17:21:59,427 : EventManager : Event: ======'machine_var_audits_switches_s_pop_top'====== Args={'value': 302, 'prev_value': None, 'change': True}
2025-07-06 17:21:59,427 : EventManager : Event: ======'machine_var_audits_switches_s_right_flipper'====== Args={'value': 2339, 'prev_value': None, 'change': True}
2025-07-06 17:21:59,427 : EventManager : Event: ======'machine_var_audits_switches_s_right_inlane'====== Args={'value': 88, 'prev_value': None, 'change': True}
2025-07-06 17:21:59,427 : EventManager : Event: ======'machine_var_audits_switches_s_right_outlane'====== Args={'value': 4, 'prev_value': None, 'change': True}
2025-07-06 17:21:59,427 : EventManager : Event: ======'machine_var_audits_switches_s_right_scoop'====== Args={'value': 239, 'prev_value': None, 'change': True}
2025-07-06 17:21:59,427 : EventManager : Event: ======'machine_var_audits_switches_s_right_slingshot'====== Args={'value': 367, 'prev_value': None, 'change': True}
2025-07-06 17:21:59,427 : EventManager : Event: ======'machine_var_audits_switches_s_scoop_center'====== Args={'value': 2, 'prev_value': None, 'change': True}
2025-07-06 17:21:59,427 : EventManager : Event: ======'machine_var_audits_switches_s_scoop_lower'====== Args={'value': 220, 'prev_value': None, 'change': True}
2025-07-06 17:21:59,427 : EventManager : Event: ======'machine_var_audits_switches_s_scoop_right'====== Args={'value': 1, 'prev_value': None, 'change': True}
2025-07-06 17:21:59,427 : EventManager : Event: ======'machine_var_audits_switches_s_shooter_lane'====== Args={'value': 15, 'prev_value': None, 'change': True}
2025-07-06 17:21:59,427 : EventManager : Event: ======'machine_var_audits_switches_s_startButton'====== Args={'value': 37, 'prev_value': None, 'change': True}
2025-07-06 17:21:59,427 : EventManager : Event: ======'machine_var_audits_switches_s_target_g'====== Args={'value': 85, 'prev_value': None, 'change': True}
2025-07-06 17:21:59,427 : EventManager : Event: ======'machine_var_audits_switches_s_target_r'====== Args={'value': 95, 'prev_value': None, 'change': True}
2025-07-06 17:21:59,427 : EventManager : Event: ======'machine_var_audits_switches_s_trough1'====== Args={'value': 318, 'prev_value': None, 'change': True}
2025-07-06 17:21:59,427 : EventManager : Event: ======'machine_var_audits_switches_s_trough2'====== Args={'value': 1, 'prev_value': None, 'change': True}
2025-07-06 17:21:59,427 : EventManager : Event: ======'machine_var_audits_switches_s_trough3'====== Args={'value': 1, 'prev_value': None, 'change': True}
2025-07-06 17:21:59,427 : EventManager : Event: ======'machine_var_audits_switches_s_trough4'====== Args={'value': 1, 'prev_value': None, 'change': True}
2025-07-06 17:21:59,427 : EventManager : Event: ======'machine_var_audits_switches_s_trough5'====== Args={'value': 1, 'prev_value': None, 'change': True}
2025-07-06 17:21:59,428 : EventManager : Event: ======'mc_reset_phase_1'====== Args={}
2025-07-06 17:21:59,428 : EventManager : Event: ======'mc_reset_phase_2'====== Args={}
2025-07-06 17:21:59,428 : EventManager : Event: ======'mc_reset_phase_3'====== Args={}
2025-07-06 17:21:59,428 : EventManager : Event: ======'mc_reset_complete'====== Args={}
2025-07-06 17:21:59,440 : EventManager : Event: ======'slides_play'====== Args={'settings': {'awesome_slide': {'widgets': [{'type': 'image', 'image': 'af_bg', '_default_settings': ['type', 'image'], 'x': None, 'y': None, 'anchor_x': 'center', 'anchor_y': 'center', 'round_anchor_x': None, 'round_anchor_y': None, 'opacity': 1.0, 'z': 0, 'reset_animations_events': {}, 'color': [1.0, 1.0, 1.0, 1.0], 'style': [], 'adjust_top': 0, 'adjust_bottom': 0, 'adjust_left': 0, 'adjust_right': 0, 'expire': None, 'key': None, 'widget': None, 'events_when_added': [], 'events_when_removed': [], 'fps': 10, 'loops': -1, 'auto_play': True, 'start_frame': 0, 'rotation': 0, 'scale': 1.0, 'animations': None}], 'transition': {'type': 'fade', 'duration': 1.0}, 'target': None, 'background_color': [0.0, 0.0, 0.0, 1.0], 'priority': None, 'show': True, 'force': False, 'expire': None, 'slide': None, 'tokens': {}, 'action': 'play'}}, 'context': 'show_7', 'calling_context': 0, 'priority': 10, 'show_tokens': {}, 'start_time': 1.358484708}
2025-07-06 17:21:59,440 : EventManager : Event: ======'sounds_play'====== Args={'settings': {'music_startuplong': {'action': 'play', 'loops': -1, 'priority': None, 'block': False, 'delay': None, 'track': None, 'volume': None, 'ducking': {}, 'pan': None, 'start_at': None, 'fade_in': None, 'fade_out': None, 'about_to_finish_time': -1.0, 'max_queue_time': -1.0, 'events_when_played': ['use_sound_setting'], 'events_when_stopped': ['use_sound_setting'], 'events_when_looping': ['use_sound_setting'], 'events_when_about_to_finish': ['use_sound_setting'], 'mode_end_action': 'use_sound_setting', 'key': 'use_sound_setting'}}, 'context': 'attract', 'calling_context': 'mode_attract_started', 'priority': 10}
2025-07-06 17:21:59,441 : EventManager : Event: ======'slide_awesome_slide_created'====== Args={}
2025-07-06 17:21:59,441 : kivy : GL: NPOT texture support is available
2025-07-06 17:21:59,452 : EventManager : Event: ======'slide_awesome_slide_active'====== Args={}
2025-07-06 17:21:59,464 : EventManager : Event: ======'loading_assets'====== Args={'total': 2, 'loaded': 1, 'remaining': 1, 'percent': 50}
2025-07-06 17:21:59,464 : AssetManager : Loading assets: 1/2 (50%)
2025-07-06 17:21:59,464 : EventManager : Event: ======'loading_assets'====== Args={'total': 2, 'loaded': 2, 'remaining': 0, 'percent': 100}
2025-07-06 17:21:59,464 : AssetManager : Asset loading took: 0.5246009826660156
2025-07-06 17:21:59,464 : EventManager : Event: ======'asset_loading_complete'====== Args={}
2025-07-06 17:21:59,464 : AssetManager : Loading assets: 2/2 (100%)
2025-07-06 17:22:02,438 : EventManager : Event: ======'slides_play'====== Args={'settings': {'press_start': {'widgets': [{'type': 'Text', 'text': 'PRESS START', 'color': [1.0, 1.0, 1.0, 1], 'font_size': 80, 'font_name': 'CinzelDecorative-Black', 'animations': {'pre_show_slide': [{'property': ['opacity'], 'value': ['0'], 'duration': 0.5, 'relative': False, 'timing': 'after_previous', 'repeat': False, 'easing': 'linear', 'step': 0.0}, {'property': ['opacity'], 'value': ['1'], 'duration': 1.0, 'relative': False, 'timing': 'after_previous', 'repeat': False, 'easing': 'linear', 'step': 0.0}, {'property': ['opacity'], 'value': ['0'], 'duration': 0.5, 'repeat': True, 'relative': False, 'timing': 'after_previous', 'easing': 'linear', 'step': 0.0}]}, '_default_settings': ['type', 'text', 'color', 'font_size', 'font_name', 'animations'], 'x': None, 'y': None, 'anchor_x': 'center', 'anchor_y': 'center', 'round_anchor_x': None, 'round_anchor_y': None, 'opacity': 1.0, 'z': 0, 'reset_animations_events': {}, 'style': [], 'adjust_top': 0, 'adjust_bottom': 0, 'adjust_left': 0, 'adjust_right': 0, 'expire': None, 'key': None, 'widget': None, 'events_when_added': [], 'events_when_removed': [], 'bitmap_font': False, 'font_kerning': True, 'bold': False, 'italic': False, 'number_grouping': False, 'min_digits': 0, 'halign': 'center', 'valign': 'middle', 'rotation': 0, 'scale': 1.0, 'casing': None, 'outline_color': [1.0, 1.0, 1.0, 1.0], 'outline_width': 0}, {'type': 'image', 'image': 'mansionv2', '_default_settings': ['type', 'image'], 'x': None, 'y': None, 'anchor_x': 'center', 'anchor_y': 'center', 'round_anchor_x': None, 'round_anchor_y': None, 'opacity': 1.0, 'z': 0, 'reset_animations_events': {}, 'color': [1.0, 1.0, 1.0, 1.0], 'style': [], 'adjust_top': 0, 'adjust_bottom': 0, 'adjust_left': 0, 'adjust_right': 0, 'expire': None, 'key': None, 'widget': None, 'events_when_added': [], 'events_when_removed': [], 'fps': 10, 'loops': -1, 'auto_play': True, 'start_frame': 0, 'rotation': 0, 'scale': 1.0, 'animations': None}], 'transition': {'type': 'fade', 'duration': 1.0}, 'target': None, 'background_color': [0.0, 0.0, 0.0, 1.0], 'priority': None, 'show': True, 'force': False, 'expire': None, 'slide': None, 'tokens': {}, 'action': 'play'}}, 'context': 'show_7', 'calling_context': 1, 'priority': 10, 'show_tokens': {}, 'start_time': 4.358484708}
2025-07-06 17:22:02,448 : EventManager : Event: ======'slide_press_start_created'====== Args={}
2025-07-06 17:22:02,464 : EventManager : Event: ======'slide_press_start_active'====== Args={}
2025-07-06 17:22:02,473 : EventManager : Event: ======'loading_assets'====== Args={'total': 1, 'loaded': 1, 'remaining': 0, 'percent': 100}
2025-07-06 17:22:02,474 : AssetManager : Asset loading took: 3.534440279006958
2025-07-06 17:22:02,474 : EventManager : Event: ======'asset_loading_complete'====== Args={}
2025-07-06 17:22:02,474 : AssetManager : Loading assets: 1/1 (100%)
2025-07-06 17:22:06,600 : kivy : Base: Leaving application in progress...
