2025-05-30 06:36:35,482 : INFO : root : Loading config.
2025-05-30 06:36:35,488 : INFO : YamlMultifileConfigLoader : Machine config file #1: config.yaml
2025-05-30 06:36:35,489 : WARNING : ConfigProcessor : Config file in cache changed: C:\pinball\my_machine\config\config.yaml
2025-05-30 06:36:35,489 : INFO : ConfigProcessor : Loading config from file C:\Users\ruben\.local\pipx\venvs\mpf\lib\site-packages\mpf\mpfconfig.yaml.
2025-05-30 06:36:35,626 : INFO : ConfigProcessor : Loading config: C:\Users\ruben\.local\pipx\venvs\mpf\lib\site-packages\mpf\mpfconfig.yaml
2025-05-30 06:36:35,628 : INFO : ConfigProcessor : Loading config from file C:\pinball\my_machine\config\config.yaml.
2025-05-30 06:36:35,676 : INFO : ConfigProcessor : Loading config: C:\pinball\my_machine\config\config.yaml
2025-05-30 06:36:35,678 : INFO : ConfigProcessor : Config file cache created: C:\Users\ruben\AppData\Local\Temp\a17888e5e1df298d67e07ada0b1bff4a.mpf_cache
2025-05-30 06:36:35,804 : INFO : ConfigProcessor : Loading config from cache: C:\Users\ruben\AppData\Local\Temp\67cf8ffee0fce2d4fcb5ef0bb894d8de.mpf_cache
2025-05-30 06:36:35,805 : INFO : ConfigProcessor : Loading config from cache: C:\Users\ruben\AppData\Local\Temp\25321780674732dcacb77a8f5b2a53cd.mpf_cache
2025-05-30 06:36:35,807 : INFO : Machine : Mission Pinball Framework Core Engine v0.56.0
2025-05-30 06:36:35,807 : INFO : Machine : Command line arguments: {'no_load_cache': False, 'create_config_cache': True, 'bcp': True, 'configfile': ['config.yaml'], 'force_assets_load': False, 'jsonlogging': False, 'logfile': 'logs\\2025-05-30-06-36-35-mpf-DESKTOP-11MEIVG.log', 'pause': False, 'production': False, 'text_ui': True, 'loglevel': 15, 'consoleloglevel': 20, 'force_platform': 'smart_virtual', 'syslog_address': None, 'mc_file_name': None, 'no_sound': False}
2025-05-30 06:36:35,807 : INFO : Machine : MPF path: C:\Users\ruben\.local\pipx\venvs\mpf\lib\site-packages\mpf
2025-05-30 06:36:35,807 : INFO : Machine : Machine path: C:\pinball\my_machine
2025-05-30 06:36:35,807 : INFO : Machine : Platform: win32
2025-05-30 06:36:35,807 : INFO : Machine : Python executable location: C:\Users\ruben\.local\pipx\venvs\mpf\Scripts\python.exe
2025-05-30 06:36:35,807 : INFO : Machine : Python version: 3.9.13 (64-bit)
2025-05-30 06:36:35,810 : INFO : Machine : Initialise MPF.
2025-05-30 06:36:36,028 : INFO : EventManager : Event: ======'machine_var_credits_string'====== Args={'value': 'FREE PLAY', 'prev_value': None, 'change': True}
2025-05-30 06:36:36,121 : INFO : EventManager : Event: ======'machine_var_master_volume'====== Args={'value': 0.5, 'prev_value': None, 'change': True}
2025-05-30 06:36:36,121 : INFO : EventManager : Event: ======'machine_var_player1_score'====== Args={'value': 0, 'prev_value': None, 'change': True}
2025-05-30 06:36:36,121 : INFO : EventManager : Event: ======'machine_var_mpf_version'====== Args={'value': 'MPF v0.56.0', 'prev_value': None, 'change': True}
2025-05-30 06:36:36,121 : INFO : EventManager : Event: ======'machine_var_mpf_extended_version'====== Args={'value': 'MPF v0.56.0, Config version:5, Show version: 5, BCP version:1.1', 'prev_value': None, 'change': True}
2025-05-30 06:36:36,121 : INFO : EventManager : Event: ======'machine_var_python_version'====== Args={'value': '3.9.13', 'prev_value': None, 'change': True}
2025-05-30 06:36:36,136 : INFO : EventManager : Event: ======'machine_var_platform'====== Args={'value': 'Windows-10-10.0.19045-SP0', 'prev_value': None, 'change': True}
2025-05-30 06:36:36,136 : INFO : EventManager : Event: ======'machine_var_platform_system'====== Args={'value': 'Windows', 'prev_value': None, 'change': True}
2025-05-30 06:36:36,136 : INFO : EventManager : Event: ======'machine_var_platform_release'====== Args={'value': '10', 'prev_value': None, 'change': True}
2025-05-30 06:36:36,136 : INFO : EventManager : Event: ======'machine_var_platform_version'====== Args={'value': '10.0.19045', 'prev_value': None, 'change': True}
2025-05-30 06:36:36,136 : INFO : EventManager : Event: ======'machine_var_platform_machine'====== Args={'value': 'AMD64', 'prev_value': None, 'change': True}
2025-05-30 06:36:36,137 : INFO : EventManager : Event: ======'init_phase_1'====== Args={}
2025-05-30 06:36:36,168 : INFO : EventManager : Event: ======'drop_target_bank_vuk_bank_up'====== Args={}
2025-05-30 06:36:36,169 : INFO : EventManager : Event: ======'init_phase_2'====== Args={}
2025-05-30 06:36:36,173 : INFO : EventManager : Event: ======'bcp_connection_attempt'====== Args={'name': 'local_display', 'host': 'localhost', 'port': 5050}
2025-05-30 06:36:36,176 : INFO : BCPClientSocket : Connecting BCP to 'local_display' at localhost:5050...
2025-05-30 06:36:38,730 : INFO : BCPClientSocket : Connected BCP to 'local_display' localhost:5050
2025-05-30 06:36:38,731 : INFO : EventManager : Event: ======'bcp_clients_connected'====== Args={}
2025-05-30 06:36:38,740 : INFO : ball_device.bd_trough : BCH: Initial count: 0
2025-05-30 06:36:38,741 : INFO : ball_device.bd_trough : State: idle
2025-05-30 06:36:38,743 : INFO : EventManager : Event: ======'machine_var_mc_version'====== Args={'value': 'MPF-MC v0.56.1', 'prev_value': None, 'change': True}
2025-05-30 06:36:38,743 : INFO : EventManager : Event: ======'machine_var_mc_extended_version'====== Args={'value': 'MPF-MC v0.56.1 (config_version=5, BCP v1.1,                      Requires MPF API compatibility v0.56.0 or newer)', 'prev_value': None, 'change': True}
2025-05-30 06:36:38,760 : INFO : ball_device.bd_scoop_center : BCH: Initial count: 0
2025-05-30 06:36:38,760 : INFO : ball_device.bd_scoop_center : State: idle
2025-05-30 06:36:38,760 : INFO : ball_device.bd_scoop_right : BCH: Initial count: 0
2025-05-30 06:36:38,761 : INFO : ball_device.bd_scoop_right : State: idle
2025-05-30 06:36:38,779 : INFO : EventManager : Event: ======'init_phase_3'====== Args={}
2025-05-30 06:36:38,783 : INFO : EventManager : Event: ======'init_phase_4'====== Args={}
2025-05-30 06:36:38,783 : INFO : BallController : Initial balls found: 0
2025-05-30 06:36:38,784 : INFO : EventManager : Event: ======'machine_var_audits_events_game_ended'====== Args={'value': 50, 'prev_value': None, 'change': True}
2025-05-30 06:36:38,785 : INFO : EventManager : Event: ======'machine_var_audits_events_game_started'====== Args={'value': 77, 'prev_value': None, 'change': True}
2025-05-30 06:36:38,785 : INFO : EventManager : Event: ======'machine_var_audits_player_score'====== Args={'value': {'average': 0.0, 'top': [0, 0, 0, 0, 0, 0, 0, 0, 0, 0], 'total': 50}, 'prev_value': None, 'change': True}
2025-05-30 06:36:38,785 : INFO : EventManager : Event: ======'machine_var_audits_switches_s_drop_bank1'====== Args={'value': 140, 'prev_value': None, 'change': True}
2025-05-30 06:36:38,786 : INFO : EventManager : Event: ======'machine_var_audits_switches_s_left_flipper'====== Args={'value': 2003, 'prev_value': None, 'change': True}
2025-05-30 06:36:38,786 : INFO : EventManager : Event: ======'machine_var_audits_switches_s_left_slingshot'====== Args={'value': 290, 'prev_value': None, 'change': True}
2025-05-30 06:36:38,787 : INFO : EventManager : Event: ======'machine_var_audits_switches_s_pop_bot'====== Args={'value': 426, 'prev_value': None, 'change': True}
2025-05-30 06:36:38,787 : INFO : EventManager : Event: ======'machine_var_audits_switches_s_pop_mid'====== Args={'value': 351, 'prev_value': None, 'change': True}
2025-05-30 06:36:38,788 : INFO : EventManager : Event: ======'machine_var_audits_switches_s_pop_top'====== Args={'value': 302, 'prev_value': None, 'change': True}
2025-05-30 06:36:38,788 : INFO : EventManager : Event: ======'machine_var_audits_switches_s_right_flipper'====== Args={'value': 2020, 'prev_value': None, 'change': True}
2025-05-30 06:36:38,789 : INFO : EventManager : Event: ======'machine_var_audits_switches_s_right_inlane'====== Args={'value': 0, 'prev_value': None, 'change': True}
2025-05-30 06:36:38,789 : INFO : EventManager : Event: ======'machine_var_audits_switches_s_right_slingshot'====== Args={'value': 255, 'prev_value': None, 'change': True}
2025-05-30 06:36:38,790 : INFO : EventManager : Event: ======'machine_var_audits_switches_s_scoop_lower'====== Args={'value': 220, 'prev_value': None, 'change': True}
2025-05-30 06:36:38,790 : INFO : EventManager : Event: ======'machine_var_audits_switches_s_startButton'====== Args={'value': 11, 'prev_value': None, 'change': True}
2025-05-30 06:36:38,790 : INFO : EventManager : Event: ======'machine_var_audits_switches_s_trough1'====== Args={'value': 302, 'prev_value': None, 'change': True}
2025-05-30 06:36:38,791 : INFO : EventManager : Event: ======'machine_var_audits_switches_s_scoop_center'====== Args={'value': 0, 'prev_value': None, 'change': True}
2025-05-30 06:36:38,791 : INFO : EventManager : Event: ======'machine_var_audits_switches_s_scoop_right'====== Args={'value': 0, 'prev_value': None, 'change': True}
2025-05-30 06:36:38,791 : INFO : EventManager : Event: ======'machine_var_audits_switches_s_trough2'====== Args={'value': 0, 'prev_value': None, 'change': True}
2025-05-30 06:36:38,792 : INFO : EventManager : Event: ======'machine_var_audits_switches_s_trough3'====== Args={'value': 0, 'prev_value': None, 'change': True}
2025-05-30 06:36:38,792 : INFO : EventManager : Event: ======'machine_var_audits_switches_s_trough4'====== Args={'value': 0, 'prev_value': None, 'change': True}
2025-05-30 06:36:38,792 : INFO : EventManager : Event: ======'machine_var_audits_switches_s_trough5'====== Args={'value': 0, 'prev_value': None, 'change': True}
2025-05-30 06:36:38,793 : INFO : EventManager : Event: ======'init_phase_5'====== Args={}
2025-05-30 06:36:38,796 : INFO : EventManager : Event: ======'init_done'====== Args={}
2025-05-30 06:36:38,796 : INFO : EventManager : Event: ======'machine_reset_phase_1'====== Args={}
2025-05-30 06:36:38,806 : INFO : EventManager : Event: ======'slide_welcome_slide_removed'====== Args={'_from_bcp': True}
2025-05-30 06:36:38,809 : INFO : EventManager : Event: ======'slide_welcome_slide_created'====== Args={'_from_bcp': True}
2025-05-30 06:36:38,811 : INFO : EventManager : Event: ======'machine_reset_phase_2'====== Args={}
2025-05-30 06:36:38,811 : INFO : EventManager : Event: ======'machine_reset_phase_3'====== Args={}
2025-05-30 06:36:38,813 : INFO : drop_target_bank.vuk_bank : All targets are already up. Will not reset bank.
2025-05-30 06:36:38,813 : INFO : EventManager : Event: ======'slide_welcome_slide_active'====== Args={'_from_bcp': True}
2025-05-30 06:36:38,814 : INFO : EventManager : Event: ======'reset_complete'====== Args={}
2025-05-30 06:36:38,814 : INFO : EventManager : Event: ======'mode_attract_will_start'====== Args={}
2025-05-30 06:36:38,815 : INFO : EventManager : Event: ======'mode_attract_starting'====== Args={}
2025-05-30 06:36:38,815 : INFO : Mode.attract : Started. Priority: 10
2025-05-30 06:36:38,815 : INFO : EventManager : Event: ======'modes_active_modes_changed'====== Args={}
2025-05-30 06:36:38,815 : INFO : EventManager : Event: ======'mode_attract_started'====== Args={}
2025-05-30 06:36:38,816 : INFO : EventManager : Event: ======'collecting_balls_complete'====== Args={}
2025-05-30 06:36:38,827 : INFO : Machine : Starting the main run loop.
2025-05-30 06:36:38,832 : INFO : EventManager : Event: ======'slide_attract_started_created'====== Args={'_from_bcp': True}
2025-05-30 06:36:38,834 : INFO : EventManager : Event: ======'slide_attract_started_active'====== Args={'_from_bcp': True}
2025-05-30 06:36:44,781 : INFO : SwitchController : <<<<<<< 's_startButton' active >>>>>>>
2025-05-30 06:36:44,925 : INFO : SwitchController : <<<<<<< 's_startButton' inactive >>>>>>>
2025-05-30 06:36:44,925 : INFO : EventManager : Event: ======'request_to_start_game'====== Args={}
2025-05-30 06:36:44,926 : INFO : BallController : Known balls: 0
2025-05-30 06:36:44,926 : INFO : BallController : bd_trough contains 0 balls. Tags ['trough', 'home', 'drain']
2025-05-30 06:36:44,926 : INFO : BallController : bd_scoop_center contains 0 balls. Tags []
2025-05-30 06:36:44,927 : INFO : BallController : bd_scoop_right contains 0 balls. Tags []
2025-05-30 06:36:44,927 : INFO : BallController : playfield contains 0 balls. Tags ['default']
2025-05-30 06:36:44,927 : WARNING : BallController : BallController denies game start. Not enough balls. 0 found. 1 required
2025-05-30 06:36:44,927 : INFO : BallController : Triggering ball search.
2025-05-30 06:36:47,538 : INFO : SwitchController : <<<<<<< 's_right_flipper' active >>>>>>>
2025-05-30 06:36:47,717 : INFO : SwitchController : <<<<<<< 's_right_flipper' inactive >>>>>>>
2025-05-30 06:36:47,988 : INFO : SwitchController : <<<<<<< 's_right_flipper' active >>>>>>>
2025-05-30 06:36:48,171 : INFO : SwitchController : <<<<<<< 's_right_flipper' inactive >>>>>>>
2025-05-30 06:36:48,282 : INFO : SwitchController : <<<<<<< 's_left_flipper' active >>>>>>>
2025-05-30 06:36:48,427 : INFO : SwitchController : <<<<<<< 's_left_flipper' inactive >>>>>>>
2025-05-30 06:36:48,502 : INFO : SwitchController : <<<<<<< 's_right_flipper' active >>>>>>>
2025-05-30 06:36:48,648 : INFO : SwitchController : <<<<<<< 's_right_flipper' inactive >>>>>>>
2025-05-30 06:36:49,126 : INFO : SwitchController : <<<<<<< 's_right_flipper' active >>>>>>>
2025-05-30 06:36:49,235 : INFO : SwitchController : <<<<<<< 's_right_flipper' inactive >>>>>>>
2025-05-30 06:36:49,251 : INFO : SwitchController : <<<<<<< 's_left_flipper' active >>>>>>>
2025-05-30 06:36:49,417 : INFO : SwitchController : <<<<<<< 's_left_flipper' inactive >>>>>>>
2025-05-30 06:36:49,492 : INFO : SwitchController : <<<<<<< 's_right_flipper' active >>>>>>>
2025-05-30 06:36:49,638 : INFO : SwitchController : <<<<<<< 's_right_flipper' inactive >>>>>>>
2025-05-30 06:36:49,665 : INFO : SwitchController : <<<<<<< 's_left_flipper' active >>>>>>>
2025-05-30 06:36:49,846 : INFO : SwitchController : <<<<<<< 's_left_flipper' inactive >>>>>>>
2025-05-30 06:36:49,883 : INFO : SwitchController : <<<<<<< 's_right_flipper' active >>>>>>>
2025-05-30 06:36:50,041 : INFO : SwitchController : <<<<<<< 's_right_flipper' inactive >>>>>>>
2025-05-30 06:36:50,054 : INFO : SwitchController : <<<<<<< 's_left_flipper' active >>>>>>>
2025-05-30 06:36:50,185 : INFO : SwitchController : <<<<<<< 's_left_flipper' inactive >>>>>>>
2025-05-30 06:36:50,210 : INFO : SwitchController : <<<<<<< 's_right_flipper' active >>>>>>>
2025-05-30 06:36:50,346 : INFO : SwitchController : <<<<<<< 's_right_flipper' inactive >>>>>>>
2025-05-30 06:36:50,546 : INFO : SwitchController : <<<<<<< 's_left_flipper' active >>>>>>>
2025-05-30 06:36:50,693 : INFO : SwitchController : <<<<<<< 's_left_flipper' inactive >>>>>>>
2025-05-30 06:36:50,814 : INFO : SwitchController : <<<<<<< 's_left_flipper' active >>>>>>>
2025-05-30 06:36:50,963 : INFO : SwitchController : <<<<<<< 's_left_flipper' inactive >>>>>>>
2025-05-30 06:36:51,083 : INFO : SwitchController : <<<<<<< 's_left_flipper' active >>>>>>>
2025-05-30 06:36:51,193 : INFO : SwitchController : <<<<<<< 's_left_flipper' inactive >>>>>>>
2025-05-30 06:36:51,365 : INFO : SwitchController : <<<<<<< 's_left_flipper' active >>>>>>>
2025-05-30 06:36:51,512 : INFO : SwitchController : <<<<<<< 's_left_flipper' inactive >>>>>>>
2025-05-30 06:36:53,563 : INFO : SwitchController : <<<<<<< 's_right_flipper' active >>>>>>>
2025-05-30 06:36:53,710 : INFO : SwitchController : <<<<<<< 's_right_flipper' inactive >>>>>>>
2025-05-30 06:36:53,936 : INFO : SwitchController : <<<<<<< 's_right_flipper' active >>>>>>>
2025-05-30 06:36:54,063 : INFO : SwitchController : <<<<<<< 's_right_flipper' inactive >>>>>>>
2025-05-30 06:36:54,200 : INFO : SwitchController : <<<<<<< 's_right_flipper' active >>>>>>>
2025-05-30 06:36:54,309 : INFO : SwitchController : <<<<<<< 's_right_flipper' inactive >>>>>>>
2025-05-30 06:36:56,545 : INFO : SwitchController : <<<<<<< 's_right_flipper' active >>>>>>>
2025-05-30 06:36:56,703 : INFO : SwitchController : <<<<<<< 's_right_flipper' inactive >>>>>>>
2025-05-30 06:36:56,812 : INFO : SwitchController : <<<<<<< 's_right_flipper' active >>>>>>>
2025-05-30 06:36:56,932 : INFO : SwitchController : <<<<<<< 's_right_flipper' inactive >>>>>>>
2025-05-30 06:36:57,034 : INFO : SwitchController : <<<<<<< 's_right_flipper' active >>>>>>>
2025-05-30 06:36:57,146 : INFO : SwitchController : <<<<<<< 's_right_flipper' inactive >>>>>>>
2025-05-30 06:36:57,231 : INFO : SwitchController : <<<<<<< 's_left_flipper' active >>>>>>>
2025-05-30 06:36:57,377 : INFO : SwitchController : <<<<<<< 's_left_flipper' inactive >>>>>>>
2025-05-30 06:36:57,474 : INFO : SwitchController : <<<<<<< 's_left_flipper' active >>>>>>>
2025-05-30 06:36:57,583 : INFO : SwitchController : <<<<<<< 's_left_flipper' inactive >>>>>>>
2025-05-30 06:36:57,692 : INFO : SwitchController : <<<<<<< 's_left_flipper' active >>>>>>>
2025-05-30 06:36:57,801 : INFO : SwitchController : <<<<<<< 's_left_flipper' inactive >>>>>>>
2025-05-30 06:36:57,926 : INFO : SwitchController : <<<<<<< 's_left_flipper' active >>>>>>>
2025-05-30 06:36:58,022 : INFO : SwitchController : <<<<<<< 's_left_flipper' inactive >>>>>>>
2025-05-30 06:36:58,104 : INFO : SwitchController : <<<<<<< 's_left_flipper' active >>>>>>>
2025-05-30 06:36:58,215 : INFO : SwitchController : <<<<<<< 's_left_flipper' inactive >>>>>>>
2025-05-30 06:36:58,301 : INFO : SwitchController : <<<<<<< 's_left_flipper' active >>>>>>>
2025-05-30 06:36:58,409 : INFO : SwitchController : <<<<<<< 's_left_flipper' inactive >>>>>>>
2025-05-30 06:36:58,642 : INFO : SwitchController : <<<<<<< 's_right_flipper' active >>>>>>>
2025-05-30 06:36:58,752 : INFO : SwitchController : <<<<<<< 's_right_flipper' inactive >>>>>>>
2025-05-30 06:36:58,862 : INFO : SwitchController : <<<<<<< 's_right_flipper' active >>>>>>>
2025-05-30 06:36:58,972 : INFO : SwitchController : <<<<<<< 's_right_flipper' inactive >>>>>>>
2025-05-30 06:36:59,071 : INFO : SwitchController : <<<<<<< 's_right_flipper' active >>>>>>>
2025-05-30 06:36:59,147 : INFO : SwitchController : <<<<<<< 's_right_flipper' inactive >>>>>>>
2025-05-30 06:36:59,281 : INFO : SwitchController : <<<<<<< 's_right_flipper' active >>>>>>>
2025-05-30 06:36:59,354 : INFO : SwitchController : <<<<<<< 's_right_flipper' inactive >>>>>>>
2025-05-30 06:36:59,487 : INFO : SwitchController : <<<<<<< 's_right_flipper' active >>>>>>>
2025-05-30 06:36:59,562 : INFO : SwitchController : <<<<<<< 's_right_flipper' inactive >>>>>>>
2025-05-30 06:36:59,697 : INFO : SwitchController : <<<<<<< 's_right_flipper' active >>>>>>>
2025-05-30 06:36:59,797 : INFO : SwitchController : <<<<<<< 's_right_flipper' inactive >>>>>>>
2025-05-30 06:37:01,720 : INFO : SwitchController : <<<<<<< 's_right_flipper' active >>>>>>>
2025-05-30 06:37:01,831 : INFO : SwitchController : <<<<<<< 's_right_flipper' inactive >>>>>>>
2025-05-30 06:37:01,855 : INFO : SwitchController : <<<<<<< 's_left_flipper' active >>>>>>>
2025-05-30 06:37:01,965 : INFO : SwitchController : <<<<<<< 's_right_flipper' active >>>>>>>
2025-05-30 06:37:01,965 : INFO : EventManager : Event: ======'flipper_cancel'====== Args={'triggering_group': 2, 'triggering_switch': 's_right_flipper'}
2025-05-30 06:37:01,990 : INFO : SwitchController : <<<<<<< 's_left_flipper' inactive >>>>>>>
2025-05-30 06:37:01,990 : INFO : EventManager : Event: ======'both_flippers_one'====== Args={'triggering_group': 1, 'triggering_switch': 's_left_flipper'}
2025-05-30 06:37:02,101 : INFO : SwitchController : <<<<<<< 's_right_flipper' inactive >>>>>>>
2025-05-30 06:37:02,101 : INFO : EventManager : Event: ======'both_flippers_inactive'====== Args={'triggering_group': 2, 'triggering_switch': 's_right_flipper'}
2025-05-30 06:37:02,115 : INFO : SwitchController : <<<<<<< 's_left_flipper' active >>>>>>>
2025-05-30 06:37:02,174 : INFO : SwitchController : <<<<<<< 's_right_flipper' active >>>>>>>
2025-05-30 06:37:02,174 : INFO : EventManager : Event: ======'flipper_cancel'====== Args={'triggering_group': 2, 'triggering_switch': 's_right_flipper'}
2025-05-30 06:37:02,211 : INFO : SwitchController : <<<<<<< 's_left_flipper' inactive >>>>>>>
2025-05-30 06:37:02,211 : INFO : EventManager : Event: ======'both_flippers_one'====== Args={'triggering_group': 1, 'triggering_switch': 's_left_flipper'}
2025-05-30 06:37:02,322 : INFO : SwitchController : <<<<<<< 's_right_flipper' inactive >>>>>>>
2025-05-30 06:37:02,322 : INFO : EventManager : Event: ======'both_flippers_inactive'====== Args={'triggering_group': 2, 'triggering_switch': 's_right_flipper'}
2025-05-30 06:37:02,335 : INFO : SwitchController : <<<<<<< 's_left_flipper' active >>>>>>>
2025-05-30 06:37:02,433 : INFO : SwitchController : <<<<<<< 's_left_flipper' inactive >>>>>>>
2025-05-30 06:37:02,448 : INFO : SwitchController : <<<<<<< 's_right_flipper' active >>>>>>>
2025-05-30 06:37:02,543 : INFO : SwitchController : <<<<<<< 's_right_flipper' inactive >>>>>>>
2025-05-30 06:37:02,543 : INFO : SwitchController : <<<<<<< 's_left_flipper' active >>>>>>>
2025-05-30 06:37:02,642 : INFO : SwitchController : <<<<<<< 's_left_flipper' inactive >>>>>>>
2025-05-30 06:37:02,659 : INFO : SwitchController : <<<<<<< 's_right_flipper' active >>>>>>>
2025-05-30 06:37:02,753 : INFO : SwitchController : <<<<<<< 's_right_flipper' inactive >>>>>>>
2025-05-30 06:37:02,766 : INFO : SwitchController : <<<<<<< 's_left_flipper' active >>>>>>>
2025-05-30 06:37:02,864 : INFO : SwitchController : <<<<<<< 's_left_flipper' inactive >>>>>>>
2025-05-30 06:37:02,879 : INFO : SwitchController : <<<<<<< 's_right_flipper' active >>>>>>>
2025-05-30 06:37:02,975 : INFO : SwitchController : <<<<<<< 's_right_flipper' inactive >>>>>>>
2025-05-30 06:37:03,102 : INFO : SwitchController : <<<<<<< 's_left_flipper' active >>>>>>>
2025-05-30 06:37:03,271 : INFO : SwitchController : <<<<<<< 's_left_flipper' inactive >>>>>>>
2025-05-30 06:37:03,344 : INFO : SwitchController : <<<<<<< 's_right_flipper' active >>>>>>>
2025-05-30 06:37:03,457 : INFO : SwitchController : <<<<<<< 's_right_flipper' inactive >>>>>>>
2025-05-30 06:37:03,542 : INFO : SwitchController : <<<<<<< 's_left_flipper' active >>>>>>>
2025-05-30 06:37:03,689 : INFO : SwitchController : <<<<<<< 's_left_flipper' inactive >>>>>>>
2025-05-30 06:37:03,764 : INFO : SwitchController : <<<<<<< 's_right_flipper' active >>>>>>>
2025-05-30 06:37:03,916 : INFO : SwitchController : <<<<<<< 's_right_flipper' inactive >>>>>>>
2025-05-30 06:37:03,935 : INFO : SwitchController : <<<<<<< 's_left_flipper' active >>>>>>>
2025-05-30 06:37:04,048 : INFO : SwitchController : <<<<<<< 's_left_flipper' inactive >>>>>>>
2025-05-30 06:37:04,074 : INFO : SwitchController : <<<<<<< 's_right_flipper' active >>>>>>>
2025-05-30 06:37:04,170 : INFO : SwitchController : <<<<<<< 's_right_flipper' inactive >>>>>>>
2025-05-30 06:37:04,183 : INFO : SwitchController : <<<<<<< 's_left_flipper' active >>>>>>>
2025-05-30 06:37:04,295 : INFO : SwitchController : <<<<<<< 's_right_flipper' active >>>>>>>
2025-05-30 06:37:04,296 : INFO : EventManager : Event: ======'flipper_cancel'====== Args={'triggering_group': 2, 'triggering_switch': 's_right_flipper'}
2025-05-30 06:37:04,332 : INFO : SwitchController : <<<<<<< 's_left_flipper' inactive >>>>>>>
2025-05-30 06:37:04,332 : INFO : EventManager : Event: ======'both_flippers_one'====== Args={'triggering_group': 1, 'triggering_switch': 's_left_flipper'}
2025-05-30 06:37:04,406 : INFO : SwitchController : <<<<<<< 's_right_flipper' inactive >>>>>>>
2025-05-30 06:37:04,407 : INFO : EventManager : Event: ======'both_flippers_inactive'====== Args={'triggering_group': 2, 'triggering_switch': 's_right_flipper'}
2025-05-30 06:37:04,431 : INFO : SwitchController : <<<<<<< 's_left_flipper' active >>>>>>>
2025-05-30 06:37:04,530 : INFO : SwitchController : <<<<<<< 's_right_flipper' active >>>>>>>
2025-05-30 06:37:04,531 : INFO : EventManager : Event: ======'flipper_cancel'====== Args={'triggering_group': 2, 'triggering_switch': 's_right_flipper'}
2025-05-30 06:37:04,567 : INFO : SwitchController : <<<<<<< 's_left_flipper' inactive >>>>>>>
2025-05-30 06:37:04,568 : INFO : EventManager : Event: ======'both_flippers_one'====== Args={'triggering_group': 1, 'triggering_switch': 's_left_flipper'}
2025-05-30 06:37:04,641 : INFO : SwitchController : <<<<<<< 's_right_flipper' inactive >>>>>>>
2025-05-30 06:37:04,642 : INFO : EventManager : Event: ======'both_flippers_inactive'====== Args={'triggering_group': 2, 'triggering_switch': 's_right_flipper'}
2025-05-30 06:37:04,798 : INFO : SwitchController : <<<<<<< 's_left_flipper' active >>>>>>>
2025-05-30 06:37:04,948 : INFO : SwitchController : <<<<<<< 's_left_flipper' inactive >>>>>>>
2025-05-30 06:37:05,010 : INFO : SwitchController : <<<<<<< 's_right_flipper' active >>>>>>>
2025-05-30 06:37:05,158 : INFO : SwitchController : <<<<<<< 's_right_flipper' inactive >>>>>>>
2025-05-30 06:37:05,183 : INFO : SwitchController : <<<<<<< 's_left_flipper' active >>>>>>>
2025-05-30 06:37:05,328 : INFO : SwitchController : <<<<<<< 's_left_flipper' inactive >>>>>>>
2025-05-30 06:37:05,343 : INFO : SwitchController : <<<<<<< 's_right_flipper' active >>>>>>>
2025-05-30 06:37:05,401 : INFO : SwitchController : <<<<<<< 's_right_flipper' inactive >>>>>>>
2025-05-30 06:37:05,440 : INFO : SwitchController : <<<<<<< 's_left_flipper' active >>>>>>>
2025-05-30 06:37:05,589 : INFO : SwitchController : <<<<<<< 's_left_flipper' inactive >>>>>>>
2025-05-30 06:37:05,590 : INFO : SwitchController : <<<<<<< 's_right_flipper' active >>>>>>>
2025-05-30 06:37:05,660 : INFO : SwitchController : <<<<<<< 's_right_flipper' inactive >>>>>>>
2025-05-30 06:37:05,677 : INFO : SwitchController : <<<<<<< 's_left_flipper' active >>>>>>>
2025-05-30 06:37:05,783 : INFO : SwitchController : <<<<<<< 's_right_flipper' active >>>>>>>
2025-05-30 06:37:05,783 : INFO : EventManager : Event: ======'flipper_cancel'====== Args={'triggering_group': 2, 'triggering_switch': 's_right_flipper'}
2025-05-30 06:37:05,817 : INFO : SwitchController : <<<<<<< 's_left_flipper' inactive >>>>>>>
2025-05-30 06:37:05,818 : INFO : EventManager : Event: ======'both_flippers_one'====== Args={'triggering_group': 1, 'triggering_switch': 's_left_flipper'}
2025-05-30 06:37:05,891 : INFO : SwitchController : <<<<<<< 's_right_flipper' inactive >>>>>>>
2025-05-30 06:37:05,891 : INFO : EventManager : Event: ======'both_flippers_inactive'====== Args={'triggering_group': 2, 'triggering_switch': 's_right_flipper'}
2025-05-30 06:37:05,919 : INFO : SwitchController : <<<<<<< 's_left_flipper' active >>>>>>>
2025-05-30 06:37:06,048 : INFO : SwitchController : <<<<<<< 's_left_flipper' inactive >>>>>>>
2025-05-30 06:37:06,076 : INFO : SwitchController : <<<<<<< 's_right_flipper' active >>>>>>>
2025-05-30 06:37:06,123 : INFO : SwitchController : <<<<<<< 's_right_flipper' inactive >>>>>>>
2025-05-30 06:37:06,148 : INFO : SwitchController : <<<<<<< 's_left_flipper' active >>>>>>>
2025-05-30 06:37:06,295 : INFO : SwitchController : <<<<<<< 's_left_flipper' inactive >>>>>>>
2025-05-30 06:37:06,295 : INFO : SwitchController : <<<<<<< 's_right_flipper' active >>>>>>>
2025-05-30 06:37:06,367 : INFO : SwitchController : <<<<<<< 's_right_flipper' inactive >>>>>>>
2025-05-30 06:37:06,383 : INFO : SwitchController : <<<<<<< 's_left_flipper' active >>>>>>>
2025-05-30 06:37:06,490 : INFO : SwitchController : <<<<<<< 's_right_flipper' active >>>>>>>
2025-05-30 06:37:06,491 : INFO : EventManager : Event: ======'flipper_cancel'====== Args={'triggering_group': 2, 'triggering_switch': 's_right_flipper'}
2025-05-30 06:37:06,539 : INFO : SwitchController : <<<<<<< 's_left_flipper' inactive >>>>>>>
2025-05-30 06:37:06,539 : INFO : EventManager : Event: ======'both_flippers_one'====== Args={'triggering_group': 1, 'triggering_switch': 's_left_flipper'}
2025-05-30 06:37:06,618 : INFO : SwitchController : <<<<<<< 's_right_flipper' inactive >>>>>>>
2025-05-30 06:37:06,619 : INFO : EventManager : Event: ======'both_flippers_inactive'====== Args={'triggering_group': 2, 'triggering_switch': 's_right_flipper'}
2025-05-30 06:37:06,636 : INFO : SwitchController : <<<<<<< 's_left_flipper' active >>>>>>>
2025-05-30 06:37:06,738 : INFO : SwitchController : <<<<<<< 's_right_flipper' active >>>>>>>
2025-05-30 06:37:06,739 : INFO : EventManager : Event: ======'flipper_cancel'====== Args={'triggering_group': 2, 'triggering_switch': 's_right_flipper'}
2025-05-30 06:37:06,780 : INFO : SwitchController : <<<<<<< 's_left_flipper' inactive >>>>>>>
2025-05-30 06:37:06,781 : INFO : EventManager : Event: ======'both_flippers_one'====== Args={'triggering_group': 1, 'triggering_switch': 's_left_flipper'}
2025-05-30 06:37:06,853 : INFO : SwitchController : <<<<<<< 's_right_flipper' inactive >>>>>>>
2025-05-30 06:37:06,854 : INFO : EventManager : Event: ======'both_flippers_inactive'====== Args={'triggering_group': 2, 'triggering_switch': 's_right_flipper'}
2025-05-30 06:37:06,879 : INFO : SwitchController : <<<<<<< 's_left_flipper' active >>>>>>>
2025-05-30 06:37:06,976 : INFO : SwitchController : <<<<<<< 's_right_flipper' active >>>>>>>
2025-05-30 06:37:06,977 : INFO : EventManager : Event: ======'flipper_cancel'====== Args={'triggering_group': 2, 'triggering_switch': 's_right_flipper'}
2025-05-30 06:37:07,025 : INFO : SwitchController : <<<<<<< 's_left_flipper' inactive >>>>>>>
2025-05-30 06:37:07,026 : INFO : EventManager : Event: ======'both_flippers_one'====== Args={'triggering_group': 1, 'triggering_switch': 's_left_flipper'}
2025-05-30 06:37:07,134 : INFO : SwitchController : <<<<<<< 's_right_flipper' inactive >>>>>>>
2025-05-30 06:37:07,135 : INFO : EventManager : Event: ======'both_flippers_inactive'====== Args={'triggering_group': 2, 'triggering_switch': 's_right_flipper'}
2025-05-30 06:37:07,150 : INFO : SwitchController : <<<<<<< 's_left_flipper' active >>>>>>>
2025-05-30 06:37:07,245 : INFO : SwitchController : <<<<<<< 's_left_flipper' inactive >>>>>>>
2025-05-30 06:37:07,245 : INFO : SwitchController : <<<<<<< 's_right_flipper' active >>>>>>>
2025-05-30 06:37:07,349 : INFO : SwitchController : <<<<<<< 's_right_flipper' inactive >>>>>>>
2025-05-30 06:37:07,374 : INFO : SwitchController : <<<<<<< 's_left_flipper' active >>>>>>>
2025-05-30 06:37:07,523 : INFO : SwitchController : <<<<<<< 's_left_flipper' inactive >>>>>>>
2025-05-30 06:37:07,524 : INFO : SwitchController : <<<<<<< 's_right_flipper' active >>>>>>>
2025-05-30 06:37:07,622 : INFO : SwitchController : <<<<<<< 's_right_flipper' inactive >>>>>>>
2025-05-30 06:37:07,635 : INFO : SwitchController : <<<<<<< 's_left_flipper' active >>>>>>>
2025-05-30 06:37:07,789 : INFO : SwitchController : <<<<<<< 's_left_flipper' inactive >>>>>>>
2025-05-30 06:37:07,790 : INFO : SwitchController : <<<<<<< 's_right_flipper' active >>>>>>>
2025-05-30 06:37:07,934 : INFO : SwitchController : <<<<<<< 's_right_flipper' inactive >>>>>>>
2025-05-30 06:37:07,999 : INFO : SwitchController : <<<<<<< 's_left_flipper' active >>>>>>>
2025-05-30 06:37:08,179 : INFO : SwitchController : <<<<<<< 's_left_flipper' inactive >>>>>>>
2025-05-30 06:37:08,203 : INFO : SwitchController : <<<<<<< 's_right_flipper' active >>>>>>>
2025-05-30 06:37:08,349 : INFO : SwitchController : <<<<<<< 's_right_flipper' inactive >>>>>>>
2025-05-30 06:38:10,068 : INFO : SwitchController : <<<<<<< 's_left_flipper' active >>>>>>>
2025-05-30 06:38:10,144 : INFO : SwitchController : <<<<<<< 's_left_flipper' inactive >>>>>>>
2025-05-30 06:38:10,304 : INFO : SwitchController : <<<<<<< 's_right_flipper' active >>>>>>>
2025-05-30 06:38:10,450 : INFO : SwitchController : <<<<<<< 's_right_flipper' inactive >>>>>>>
2025-05-30 06:38:10,645 : INFO : SwitchController : <<<<<<< 's_right_flipper' active >>>>>>>
2025-05-30 06:38:10,758 : INFO : SwitchController : <<<<<<< 's_right_flipper' inactive >>>>>>>
2025-05-30 06:38:10,853 : INFO : SwitchController : <<<<<<< 's_right_flipper' active >>>>>>>
2025-05-30 06:38:10,962 : INFO : SwitchController : <<<<<<< 's_right_flipper' inactive >>>>>>>
2025-05-30 06:38:11,023 : INFO : SwitchController : <<<<<<< 's_left_flipper' active >>>>>>>
2025-05-30 06:38:11,132 : INFO : SwitchController : <<<<<<< 's_left_flipper' inactive >>>>>>>
2025-05-30 06:38:11,153 : INFO : SwitchController : <<<<<<< 's_right_flipper' active >>>>>>>
2025-05-30 06:38:11,255 : INFO : SwitchController : <<<<<<< 's_right_flipper' inactive >>>>>>>
2025-05-30 06:38:11,287 : INFO : SwitchController : <<<<<<< 's_left_flipper' active >>>>>>>
2025-05-30 06:38:11,390 : INFO : SwitchController : <<<<<<< 's_left_flipper' inactive >>>>>>>
2025-05-30 06:38:11,406 : INFO : SwitchController : <<<<<<< 's_right_flipper' active >>>>>>>
2025-05-30 06:38:11,499 : INFO : SwitchController : <<<<<<< 's_right_flipper' inactive >>>>>>>
2025-05-30 06:38:11,499 : INFO : SwitchController : <<<<<<< 's_left_flipper' active >>>>>>>
2025-05-30 06:38:11,609 : INFO : SwitchController : <<<<<<< 's_left_flipper' inactive >>>>>>>
2025-05-30 06:38:11,630 : INFO : SwitchController : <<<<<<< 's_right_flipper' active >>>>>>>
2025-05-30 06:38:11,683 : INFO : SwitchController : <<<<<<< 's_right_flipper' inactive >>>>>>>
2025-05-30 06:38:11,711 : INFO : SwitchController : <<<<<<< 's_left_flipper' active >>>>>>>
2025-05-30 06:38:11,817 : INFO : SwitchController : <<<<<<< 's_left_flipper' inactive >>>>>>>
2025-05-30 06:38:11,817 : INFO : SwitchController : <<<<<<< 's_right_flipper' active >>>>>>>
2025-05-30 06:38:11,892 : INFO : SwitchController : <<<<<<< 's_right_flipper' inactive >>>>>>>
2025-05-30 06:38:11,892 : INFO : SwitchController : <<<<<<< 's_left_flipper' active >>>>>>>
2025-05-30 06:38:12,001 : INFO : SwitchController : <<<<<<< 's_left_flipper' inactive >>>>>>>
2025-05-30 06:38:12,022 : INFO : SwitchController : <<<<<<< 's_right_flipper' active >>>>>>>
2025-05-30 06:38:12,111 : INFO : SwitchController : <<<<<<< 's_right_flipper' inactive >>>>>>>
2025-05-30 06:38:12,128 : INFO : SwitchController : <<<<<<< 's_left_flipper' active >>>>>>>
2025-05-30 06:38:12,223 : INFO : SwitchController : <<<<<<< 's_left_flipper' inactive >>>>>>>
2025-05-30 06:38:12,223 : INFO : SwitchController : <<<<<<< 's_right_flipper' active >>>>>>>
2025-05-30 06:38:12,286 : INFO : SwitchController : <<<<<<< 's_right_flipper' inactive >>>>>>>
2025-05-30 06:38:12,302 : INFO : SwitchController : <<<<<<< 's_left_flipper' active >>>>>>>
2025-05-30 06:38:12,408 : INFO : SwitchController : <<<<<<< 's_left_flipper' inactive >>>>>>>
2025-05-30 06:38:12,408 : INFO : SwitchController : <<<<<<< 's_right_flipper' active >>>>>>>
2025-05-30 06:38:12,521 : INFO : SwitchController : <<<<<<< 's_right_flipper' inactive >>>>>>>
2025-05-30 06:38:12,521 : INFO : SwitchController : <<<<<<< 's_left_flipper' active >>>>>>>
2025-05-30 06:38:12,620 : INFO : SwitchController : <<<<<<< 's_left_flipper' inactive >>>>>>>
2025-05-30 06:38:12,636 : INFO : SwitchController : <<<<<<< 's_right_flipper' active >>>>>>>
2025-05-30 06:38:12,731 : INFO : SwitchController : <<<<<<< 's_right_flipper' inactive >>>>>>>
2025-05-30 06:38:12,754 : INFO : SwitchController : <<<<<<< 's_left_flipper' active >>>>>>>
2025-05-30 06:38:12,840 : INFO : SwitchController : <<<<<<< 's_left_flipper' inactive >>>>>>>
2025-05-30 06:38:12,840 : INFO : SwitchController : <<<<<<< 's_right_flipper' active >>>>>>>
2025-05-30 06:38:12,953 : INFO : SwitchController : <<<<<<< 's_right_flipper' inactive >>>>>>>
2025-05-30 06:38:12,954 : INFO : SwitchController : <<<<<<< 's_left_flipper' active >>>>>>>
2025-05-30 06:38:13,063 : INFO : SwitchController : <<<<<<< 's_right_flipper' active >>>>>>>
2025-05-30 06:38:13,063 : INFO : EventManager : Event: ======'flipper_cancel'====== Args={'triggering_group': 2, 'triggering_switch': 's_right_flipper'}
2025-05-30 06:38:13,100 : INFO : SwitchController : <<<<<<< 's_left_flipper' inactive >>>>>>>
2025-05-30 06:38:13,100 : INFO : EventManager : Event: ======'both_flippers_one'====== Args={'triggering_group': 1, 'triggering_switch': 's_left_flipper'}
2025-05-30 06:38:13,138 : INFO : SwitchController : <<<<<<< 's_right_flipper' inactive >>>>>>>
2025-05-30 06:38:13,138 : INFO : EventManager : Event: ======'both_flippers_inactive'====== Args={'triggering_group': 2, 'triggering_switch': 's_right_flipper'}
2025-05-30 06:38:13,174 : INFO : SwitchController : <<<<<<< 's_left_flipper' active >>>>>>>
2025-05-30 06:38:13,284 : INFO : SwitchController : <<<<<<< 's_right_flipper' active >>>>>>>
2025-05-30 06:38:13,284 : INFO : EventManager : Event: ======'flipper_cancel'====== Args={'triggering_group': 2, 'triggering_switch': 's_right_flipper'}
2025-05-30 06:38:13,332 : INFO : SwitchController : <<<<<<< 's_left_flipper' inactive >>>>>>>
2025-05-30 06:38:13,332 : INFO : EventManager : Event: ======'both_flippers_one'====== Args={'triggering_group': 1, 'triggering_switch': 's_left_flipper'}
2025-05-30 06:38:13,397 : INFO : SwitchController : <<<<<<< 's_right_flipper' inactive >>>>>>>
2025-05-30 06:38:13,397 : INFO : EventManager : Event: ======'both_flippers_inactive'====== Args={'triggering_group': 2, 'triggering_switch': 's_right_flipper'}
2025-05-30 06:38:13,397 : INFO : SwitchController : <<<<<<< 's_left_flipper' active >>>>>>>
2025-05-30 06:38:13,508 : INFO : SwitchController : <<<<<<< 's_right_flipper' active >>>>>>>
2025-05-30 06:38:13,508 : INFO : EventManager : Event: ======'flipper_cancel'====== Args={'triggering_group': 2, 'triggering_switch': 's_right_flipper'}
2025-05-30 06:38:13,544 : INFO : SwitchController : <<<<<<< 's_left_flipper' inactive >>>>>>>
2025-05-30 06:38:13,545 : INFO : EventManager : Event: ======'both_flippers_one'====== Args={'triggering_group': 1, 'triggering_switch': 's_left_flipper'}
2025-05-30 06:38:13,618 : INFO : SwitchController : <<<<<<< 's_right_flipper' inactive >>>>>>>
2025-05-30 06:38:13,619 : INFO : EventManager : Event: ======'both_flippers_inactive'====== Args={'triggering_group': 2, 'triggering_switch': 's_right_flipper'}
2025-05-30 06:38:13,636 : INFO : SwitchController : <<<<<<< 's_left_flipper' active >>>>>>>
2025-05-30 06:38:13,728 : INFO : SwitchController : <<<<<<< 's_right_flipper' active >>>>>>>
2025-05-30 06:38:13,729 : INFO : EventManager : Event: ======'flipper_cancel'====== Args={'triggering_group': 2, 'triggering_switch': 's_right_flipper'}
2025-05-30 06:38:13,765 : INFO : SwitchController : <<<<<<< 's_left_flipper' inactive >>>>>>>
2025-05-30 06:38:13,765 : INFO : EventManager : Event: ======'both_flippers_one'====== Args={'triggering_group': 1, 'triggering_switch': 's_left_flipper'}
2025-05-30 06:38:13,851 : INFO : SwitchController : <<<<<<< 's_right_flipper' inactive >>>>>>>
2025-05-30 06:38:13,852 : INFO : EventManager : Event: ======'both_flippers_inactive'====== Args={'triggering_group': 2, 'triggering_switch': 's_right_flipper'}
2025-05-30 06:38:13,871 : INFO : SwitchController : <<<<<<< 's_left_flipper' active >>>>>>>
2025-05-30 06:38:13,976 : INFO : SwitchController : <<<<<<< 's_right_flipper' active >>>>>>>
2025-05-30 06:38:13,976 : INFO : EventManager : Event: ======'flipper_cancel'====== Args={'triggering_group': 2, 'triggering_switch': 's_right_flipper'}
2025-05-30 06:38:14,012 : INFO : SwitchController : <<<<<<< 's_left_flipper' inactive >>>>>>>
2025-05-30 06:38:14,013 : INFO : EventManager : Event: ======'both_flippers_one'====== Args={'triggering_group': 1, 'triggering_switch': 's_left_flipper'}
2025-05-30 06:38:14,110 : INFO : SwitchController : <<<<<<< 's_right_flipper' inactive >>>>>>>
2025-05-30 06:38:14,111 : INFO : EventManager : Event: ======'both_flippers_inactive'====== Args={'triggering_group': 2, 'triggering_switch': 's_right_flipper'}
2025-05-30 06:38:14,159 : INFO : SwitchController : <<<<<<< 's_left_flipper' active >>>>>>>
2025-05-30 06:38:14,318 : INFO : SwitchController : <<<<<<< 's_left_flipper' inactive >>>>>>>
2025-05-30 06:38:14,318 : INFO : SwitchController : <<<<<<< 's_right_flipper' active >>>>>>>
2025-05-30 06:38:14,466 : INFO : SwitchController : <<<<<<< 's_right_flipper' inactive >>>>>>>
2025-05-30 06:38:14,467 : INFO : SwitchController : <<<<<<< 's_left_flipper' active >>>>>>>
2025-05-30 06:38:14,604 : INFO : SwitchController : <<<<<<< 's_left_flipper' inactive >>>>>>>
2025-05-30 06:38:14,767 : INFO : SwitchController : <<<<<<< 's_startButton' active >>>>>>>
2025-05-30 06:38:14,875 : INFO : SwitchController : <<<<<<< 's_startButton' inactive >>>>>>>
2025-05-30 06:38:14,876 : INFO : EventManager : Event: ======'request_to_start_game'====== Args={}
2025-05-30 06:38:14,876 : INFO : BallController : Known balls: 0
2025-05-30 06:38:14,876 : INFO : BallController : bd_trough contains 0 balls. Tags ['trough', 'home', 'drain']
2025-05-30 06:38:14,876 : INFO : BallController : bd_scoop_center contains 0 balls. Tags []
2025-05-30 06:38:14,876 : INFO : BallController : bd_scoop_right contains 0 balls. Tags []
2025-05-30 06:38:14,877 : INFO : BallController : playfield contains 0 balls. Tags ['default']
2025-05-30 06:38:14,877 : WARNING : BallController : BallController denies game start. Not enough balls. 0 found. 1 required
2025-05-30 06:38:14,877 : INFO : BallController : Triggering ball search.
2025-05-30 06:38:15,353 : INFO : SwitchController : <<<<<<< 's_startButton' active >>>>>>>
2025-05-30 06:38:15,463 : INFO : SwitchController : <<<<<<< 's_startButton' inactive >>>>>>>
2025-05-30 06:38:15,464 : INFO : EventManager : Event: ======'request_to_start_game'====== Args={}
2025-05-30 06:38:15,464 : INFO : BallController : Known balls: 0
2025-05-30 06:38:15,465 : INFO : BallController : bd_trough contains 0 balls. Tags ['trough', 'home', 'drain']
2025-05-30 06:38:15,465 : INFO : BallController : bd_scoop_center contains 0 balls. Tags []
2025-05-30 06:38:15,465 : INFO : BallController : bd_scoop_right contains 0 balls. Tags []
2025-05-30 06:38:15,465 : INFO : BallController : playfield contains 0 balls. Tags ['default']
2025-05-30 06:38:15,466 : WARNING : BallController : BallController denies game start. Not enough balls. 0 found. 1 required
2025-05-30 06:38:15,466 : INFO : BallController : Triggering ball search.
2025-05-30 06:38:16,231 : INFO : SwitchController : <<<<<<< 's_right_flipper' active >>>>>>>
2025-05-30 06:38:16,376 : INFO : SwitchController : <<<<<<< 's_right_flipper' inactive >>>>>>>
2025-05-30 06:38:16,394 : INFO : SwitchController : <<<<<<< 's_left_flipper' active >>>>>>>
2025-05-30 06:38:16,537 : INFO : SwitchController : <<<<<<< 's_left_flipper' inactive >>>>>>>
2025-05-30 06:38:16,537 : INFO : SwitchController : <<<<<<< 's_right_flipper' active >>>>>>>
2025-05-30 06:38:16,646 : INFO : SwitchController : <<<<<<< 's_right_flipper' inactive >>>>>>>
2025-05-30 06:38:16,663 : INFO : SwitchController : <<<<<<< 's_left_flipper' active >>>>>>>
2025-05-30 06:38:16,770 : INFO : SwitchController : <<<<<<< 's_right_flipper' active >>>>>>>
2025-05-30 06:38:16,771 : INFO : EventManager : Event: ======'flipper_cancel'====== Args={'triggering_group': 2, 'triggering_switch': 's_right_flipper'}
2025-05-30 06:38:16,806 : INFO : SwitchController : <<<<<<< 's_left_flipper' inactive >>>>>>>
2025-05-30 06:38:16,807 : INFO : EventManager : Event: ======'both_flippers_one'====== Args={'triggering_group': 1, 'triggering_switch': 's_left_flipper'}
2025-05-30 06:38:16,867 : INFO : SwitchController : <<<<<<< 's_right_flipper' inactive >>>>>>>
2025-05-30 06:38:16,868 : INFO : EventManager : Event: ======'both_flippers_inactive'====== Args={'triggering_group': 2, 'triggering_switch': 's_right_flipper'}
2025-05-30 06:38:30,466 : INFO : SwitchController : <<<<<<< 's_trough1' active >>>>>>>
2025-05-30 06:38:30,985 : INFO : EventManager : Event: ======'balldevice_bd_trough_ball_count_changed'====== Args={'balls': 1}
2025-05-30 06:38:30,986 : INFO : ball_device.bd_trough : Received unexpected ball
2025-05-30 06:38:30,987 : INFO : EventManager : Event: ======'balldevice_captured_from_playfield'====== Args={'balls': 1}
2025-05-30 06:38:30,990 : INFO : EventManager : Event: ======'sw_playfield_active'====== Args={'balls': 1}
2025-05-30 06:38:30,990 : INFO : EventManager : Event: ======'playfield_active'====== Args={}
2025-05-30 06:38:30,990 : INFO : EventManager : Event: ======'unexpected_ball_on_playfield'====== Args={}
2025-05-30 06:38:30,991 : INFO : EventManager : Event: ======'playfield_ball_count_change'====== Args={'balls': -1, 'change': -1}
2025-05-30 06:38:30,992 : INFO : EventManager : Event: ======'balldevice_playfield_ball_enter'====== Args={'new_balls': 1, 'unclaimed_balls': 1, 'device': <playfield.playfield>}
2025-05-30 06:38:30,992 : INFO : EventManager : Event: ======'playfield_ball_count_change'====== Args={'balls': 0, 'change': 1}
2025-05-30 06:38:30,992 : INFO : BallController : Found a new ball which was captured from playfield. Known balls: 1
2025-05-30 06:38:30,993 : INFO : EventManager : Event: ======'found_new_ball'====== Args={}
2025-05-30 06:38:30,993 : INFO : EventManager : Event: ======'balldevice_bd_trough_ball_enter'====== Args={'new_balls': 1, 'unclaimed_balls': 1, 'new_available_balls': 1, 'device': <ball_device.bd_trough>}
2025-05-30 06:38:30,993 : INFO : EventManager : Event: ======'ball_drain'====== Args={'device': <ball_device.bd_trough>, 'balls': 1}
2025-05-30 06:38:30,993 : INFO : EventManager : Event: ======'balldevice_balls_available'====== Args={}
2025-05-30 06:38:30,993 : INFO : EventManager : Event: ======'balldevice_bd_trough_ball_entered'====== Args={'new_balls': 1, 'device': <ball_device.bd_trough>}
2025-05-30 06:38:34,741 : INFO : SwitchController : <<<<<<< 's_trough1' inactive >>>>>>>
2025-05-30 06:38:36,108 : INFO : SwitchController : <<<<<<< 's_startButton' active >>>>>>>
2025-05-30 06:38:36,290 : INFO : SwitchController : <<<<<<< 's_startButton' inactive >>>>>>>
2025-05-30 06:38:36,291 : INFO : EventManager : Event: ======'request_to_start_game'====== Args={}
2025-05-30 06:38:36,292 : INFO : BallController : Known balls: 1
2025-05-30 06:38:36,292 : INFO : BallController : bd_trough contains 1 balls. Tags ['trough', 'home', 'drain']
2025-05-30 06:38:36,292 : INFO : BallController : bd_scoop_center contains 0 balls. Tags []
2025-05-30 06:38:36,292 : INFO : BallController : bd_scoop_right contains 0 balls. Tags []
2025-05-30 06:38:36,293 : INFO : BallController : playfield contains 0 balls. Tags ['default']
2025-05-30 06:38:36,293 : WARNING : BallController : BallController denies game start. Not enough balls. 0 found. 1 required
2025-05-30 06:38:36,293 : INFO : BallController : Triggering ball search.
2025-05-30 06:38:36,718 : INFO : SwitchController : <<<<<<< 's_startButton' active >>>>>>>
2025-05-30 06:38:36,910 : INFO : SwitchController : <<<<<<< 's_startButton' inactive >>>>>>>
2025-05-30 06:38:36,910 : INFO : EventManager : Event: ======'request_to_start_game'====== Args={}
2025-05-30 06:38:36,930 : INFO : BallController : Known balls: 1
2025-05-30 06:38:36,930 : INFO : BallController : bd_trough contains 1 balls. Tags ['trough', 'home', 'drain']
2025-05-30 06:38:36,930 : INFO : BallController : bd_scoop_center contains 0 balls. Tags []
2025-05-30 06:38:36,930 : INFO : BallController : bd_scoop_right contains 0 balls. Tags []
2025-05-30 06:38:36,930 : INFO : BallController : playfield contains 0 balls. Tags ['default']
2025-05-30 06:38:36,930 : WARNING : BallController : BallController denies game start. Not enough balls. 0 found. 1 required
2025-05-30 06:38:36,931 : INFO : BallController : Triggering ball search.
2025-05-30 06:38:37,244 : INFO : SwitchController : <<<<<<< 's_right_flipper' active >>>>>>>
2025-05-30 06:38:37,389 : INFO : SwitchController : <<<<<<< 's_right_flipper' inactive >>>>>>>
2025-05-30 06:38:37,410 : INFO : SwitchController : <<<<<<< 's_left_flipper' active >>>>>>>
2025-05-30 06:38:37,498 : INFO : SwitchController : <<<<<<< 's_right_flipper' active >>>>>>>
2025-05-30 06:38:37,499 : INFO : EventManager : Event: ======'flipper_cancel'====== Args={'triggering_group': 2, 'triggering_switch': 's_right_flipper'}
2025-05-30 06:38:37,535 : INFO : SwitchController : <<<<<<< 's_left_flipper' inactive >>>>>>>
2025-05-30 06:38:37,536 : INFO : EventManager : Event: ======'both_flippers_one'====== Args={'triggering_group': 1, 'triggering_switch': 's_left_flipper'}
2025-05-30 06:38:37,622 : INFO : SwitchController : <<<<<<< 's_right_flipper' inactive >>>>>>>
2025-05-30 06:38:37,623 : INFO : EventManager : Event: ======'both_flippers_inactive'====== Args={'triggering_group': 2, 'triggering_switch': 's_right_flipper'}
2025-05-30 06:38:37,633 : INFO : SwitchController : <<<<<<< 's_left_flipper' active >>>>>>>
2025-05-30 06:38:37,719 : INFO : SwitchController : <<<<<<< 's_right_flipper' active >>>>>>>
2025-05-30 06:38:37,720 : INFO : EventManager : Event: ======'flipper_cancel'====== Args={'triggering_group': 2, 'triggering_switch': 's_right_flipper'}
2025-05-30 06:38:37,755 : INFO : SwitchController : <<<<<<< 's_left_flipper' inactive >>>>>>>
2025-05-30 06:38:37,755 : INFO : EventManager : Event: ======'both_flippers_one'====== Args={'triggering_group': 1, 'triggering_switch': 's_left_flipper'}
2025-05-30 06:38:37,843 : INFO : SwitchController : <<<<<<< 's_right_flipper' inactive >>>>>>>
2025-05-30 06:38:37,844 : INFO : EventManager : Event: ======'both_flippers_inactive'====== Args={'triggering_group': 2, 'triggering_switch': 's_right_flipper'}
2025-05-30 06:38:37,854 : INFO : SwitchController : <<<<<<< 's_left_flipper' active >>>>>>>
2025-05-30 06:38:37,939 : INFO : SwitchController : <<<<<<< 's_right_flipper' active >>>>>>>
2025-05-30 06:38:37,939 : INFO : EventManager : Event: ======'flipper_cancel'====== Args={'triggering_group': 2, 'triggering_switch': 's_right_flipper'}
2025-05-30 06:38:37,976 : INFO : SwitchController : <<<<<<< 's_left_flipper' inactive >>>>>>>
2025-05-30 06:38:37,976 : INFO : EventManager : Event: ======'both_flippers_one'====== Args={'triggering_group': 1, 'triggering_switch': 's_left_flipper'}
2025-05-30 06:38:38,050 : INFO : SwitchController : <<<<<<< 's_right_flipper' inactive >>>>>>>
2025-05-30 06:38:38,051 : INFO : EventManager : Event: ======'both_flippers_inactive'====== Args={'triggering_group': 2, 'triggering_switch': 's_right_flipper'}
2025-05-30 06:38:38,074 : INFO : SwitchController : <<<<<<< 's_left_flipper' active >>>>>>>
2025-05-30 06:38:38,161 : INFO : SwitchController : <<<<<<< 's_right_flipper' active >>>>>>>
2025-05-30 06:38:38,161 : INFO : EventManager : Event: ======'flipper_cancel'====== Args={'triggering_group': 2, 'triggering_switch': 's_right_flipper'}
2025-05-30 06:38:38,196 : INFO : SwitchController : <<<<<<< 's_left_flipper' inactive >>>>>>>
2025-05-30 06:38:38,197 : INFO : EventManager : Event: ======'both_flippers_one'====== Args={'triggering_group': 1, 'triggering_switch': 's_left_flipper'}
2025-05-30 06:38:38,307 : INFO : SwitchController : <<<<<<< 's_right_flipper' inactive >>>>>>>
2025-05-30 06:38:38,308 : INFO : EventManager : Event: ======'both_flippers_inactive'====== Args={'triggering_group': 2, 'triggering_switch': 's_right_flipper'}
2025-05-30 06:38:38,308 : INFO : SwitchController : <<<<<<< 's_left_flipper' active >>>>>>>
2025-05-30 06:38:38,405 : INFO : SwitchController : <<<<<<< 's_left_flipper' inactive >>>>>>>
2025-05-30 06:38:38,429 : INFO : SwitchController : <<<<<<< 's_right_flipper' active >>>>>>>
2025-05-30 06:38:38,528 : INFO : SwitchController : <<<<<<< 's_right_flipper' inactive >>>>>>>
2025-05-30 06:38:38,528 : INFO : SwitchController : <<<<<<< 's_left_flipper' active >>>>>>>
2025-05-30 06:38:38,625 : INFO : SwitchController : <<<<<<< 's_right_flipper' active >>>>>>>
2025-05-30 06:38:38,625 : INFO : EventManager : Event: ======'flipper_cancel'====== Args={'triggering_group': 2, 'triggering_switch': 's_right_flipper'}
2025-05-30 06:38:38,662 : INFO : SwitchController : <<<<<<< 's_left_flipper' inactive >>>>>>>
2025-05-30 06:38:38,662 : INFO : EventManager : Event: ======'both_flippers_one'====== Args={'triggering_group': 1, 'triggering_switch': 's_left_flipper'}
2025-05-30 06:38:38,772 : INFO : SwitchController : <<<<<<< 's_right_flipper' inactive >>>>>>>
2025-05-30 06:38:38,772 : INFO : EventManager : Event: ======'both_flippers_inactive'====== Args={'triggering_group': 2, 'triggering_switch': 's_right_flipper'}
2025-05-30 06:38:38,773 : INFO : SwitchController : <<<<<<< 's_left_flipper' active >>>>>>>
2025-05-30 06:38:38,873 : INFO : SwitchController : <<<<<<< 's_left_flipper' inactive >>>>>>>
2025-05-30 06:38:38,890 : INFO : SwitchController : <<<<<<< 's_right_flipper' active >>>>>>>
2025-05-30 06:38:38,985 : INFO : SwitchController : <<<<<<< 's_right_flipper' inactive >>>>>>>
2025-05-30 06:38:39,007 : INFO : SwitchController : <<<<<<< 's_left_flipper' active >>>>>>>
2025-05-30 06:38:39,107 : INFO : SwitchController : <<<<<<< 's_right_flipper' active >>>>>>>
2025-05-30 06:38:39,107 : INFO : EventManager : Event: ======'flipper_cancel'====== Args={'triggering_group': 2, 'triggering_switch': 's_right_flipper'}
2025-05-30 06:38:39,143 : INFO : SwitchController : <<<<<<< 's_left_flipper' inactive >>>>>>>
2025-05-30 06:38:39,143 : INFO : EventManager : Event: ======'both_flippers_one'====== Args={'triggering_group': 1, 'triggering_switch': 's_left_flipper'}
2025-05-30 06:38:39,216 : INFO : SwitchController : <<<<<<< 's_right_flipper' inactive >>>>>>>
2025-05-30 06:38:39,216 : INFO : EventManager : Event: ======'both_flippers_inactive'====== Args={'triggering_group': 2, 'triggering_switch': 's_right_flipper'}
2025-05-30 06:38:39,416 : INFO : SwitchController : <<<<<<< 's_left_flipper' active >>>>>>>
2025-05-30 06:38:39,561 : INFO : SwitchController : <<<<<<< 's_left_flipper' inactive >>>>>>>
2025-05-30 06:38:39,652 : INFO : SwitchController : <<<<<<< 's_right_flipper' active >>>>>>>
2025-05-30 06:38:39,796 : INFO : SwitchController : <<<<<<< 's_right_flipper' inactive >>>>>>>
2025-05-30 06:38:39,834 : INFO : SwitchController : <<<<<<< 's_left_flipper' active >>>>>>>
2025-05-30 06:38:39,943 : INFO : SwitchController : <<<<<<< 's_right_flipper' active >>>>>>>
2025-05-30 06:38:39,944 : INFO : EventManager : Event: ======'flipper_cancel'====== Args={'triggering_group': 2, 'triggering_switch': 's_right_flipper'}
2025-05-30 06:38:39,981 : INFO : SwitchController : <<<<<<< 's_left_flipper' inactive >>>>>>>
2025-05-30 06:38:39,982 : INFO : EventManager : Event: ======'both_flippers_one'====== Args={'triggering_group': 1, 'triggering_switch': 's_left_flipper'}
2025-05-30 06:38:40,091 : INFO : SwitchController : <<<<<<< 's_right_flipper' inactive >>>>>>>
2025-05-30 06:38:40,091 : INFO : EventManager : Event: ======'both_flippers_inactive'====== Args={'triggering_group': 2, 'triggering_switch': 's_right_flipper'}
2025-05-30 06:38:40,091 : INFO : SwitchController : <<<<<<< 's_left_flipper' active >>>>>>>
2025-05-30 06:38:40,202 : INFO : SwitchController : <<<<<<< 's_right_flipper' active >>>>>>>
2025-05-30 06:38:40,202 : INFO : EventManager : Event: ======'flipper_cancel'====== Args={'triggering_group': 2, 'triggering_switch': 's_right_flipper'}
2025-05-30 06:38:40,241 : INFO : SwitchController : <<<<<<< 's_left_flipper' inactive >>>>>>>
2025-05-30 06:38:40,242 : INFO : EventManager : Event: ======'both_flippers_one'====== Args={'triggering_group': 1, 'triggering_switch': 's_left_flipper'}
2025-05-30 06:38:40,260 : INFO : EventManager : Event: ======'balldevice_bd_trough_ball_count_changed'====== Args={'balls': 0}
2025-05-30 06:38:40,261 : WARNING : ball_device.bd_trough : Ball disappeared while idle. This should not normally happen.
2025-05-30 06:38:40,261 : INFO : EventManager : Event: ======'balldevice_playfield_ball_enter'====== Args={'new_balls': 1, 'unclaimed_balls': 1, 'device': <playfield.playfield>}
2025-05-30 06:38:40,261 : INFO : EventManager : Event: ======'playfield_ball_count_change'====== Args={'balls': 1, 'change': 1}
2025-05-30 06:38:40,261 : INFO : ball_device.bd_trough : 1 ball(s) missing from device. Mechanical eject? False
2025-05-30 06:38:40,261 : INFO : EventManager : Event: ======'balldevice_bd_trough_ball_missing'====== Args={'balls': 1}
2025-05-30 06:38:40,262 : INFO : EventManager : Event: ======'balldevice_ball_missing'====== Args={'balls': 1, 'name': 'bd_trough'}
2025-05-30 06:38:40,315 : INFO : SwitchController : <<<<<<< 's_right_flipper' inactive >>>>>>>
2025-05-30 06:38:40,315 : INFO : EventManager : Event: ======'both_flippers_inactive'====== Args={'triggering_group': 2, 'triggering_switch': 's_right_flipper'}
2025-05-30 06:38:40,331 : INFO : SwitchController : <<<<<<< 's_left_flipper' active >>>>>>>
2025-05-30 06:38:40,475 : INFO : SwitchController : <<<<<<< 's_left_flipper' inactive >>>>>>>
2025-05-30 06:38:40,500 : INFO : SwitchController : <<<<<<< 's_right_flipper' active >>>>>>>
2025-05-30 06:38:40,585 : INFO : SwitchController : <<<<<<< 's_right_flipper' inactive >>>>>>>
2025-05-30 06:38:40,603 : INFO : SwitchController : <<<<<<< 's_left_flipper' active >>>>>>>
2025-05-30 06:38:40,745 : INFO : SwitchController : <<<<<<< 's_left_flipper' inactive >>>>>>>
2025-05-30 06:38:40,764 : INFO : SwitchController : <<<<<<< 's_right_flipper' active >>>>>>>
2025-05-30 06:38:40,855 : INFO : SwitchController : <<<<<<< 's_right_flipper' inactive >>>>>>>
2025-05-30 06:38:54,421 : WARNING : BcpInterface : Received BCP switch message with invalid switchname: 's_plunger'
2025-05-30 06:38:55,266 : INFO : SwitchController : <<<<<<< 's_right_flipper' active >>>>>>>
2025-05-30 06:38:55,424 : INFO : SwitchController : <<<<<<< 's_right_flipper' inactive >>>>>>>
2025-05-30 06:38:55,425 : INFO : SwitchController : <<<<<<< 's_left_flipper' active >>>>>>>
2025-05-30 06:38:55,556 : INFO : SwitchController : <<<<<<< 's_left_flipper' inactive >>>>>>>
2025-05-30 06:38:55,714 : INFO : SwitchController : <<<<<<< 's_right_flipper' active >>>>>>>
2025-05-30 06:38:55,860 : INFO : SwitchController : <<<<<<< 's_right_flipper' inactive >>>>>>>
2025-05-30 06:38:55,967 : INFO : SwitchController : <<<<<<< 's_left_flipper' active >>>>>>>
2025-05-30 06:38:56,067 : INFO : SwitchController : <<<<<<< 's_left_flipper' inactive >>>>>>>
2025-05-30 06:38:56,067 : INFO : SwitchController : <<<<<<< 's_right_flipper' active >>>>>>>
2025-05-30 06:38:56,167 : INFO : SwitchController : <<<<<<< 's_right_flipper' inactive >>>>>>>
2025-05-30 06:38:56,184 : INFO : SwitchController : <<<<<<< 's_left_flipper' active >>>>>>>
2025-05-30 06:38:56,279 : INFO : SwitchController : <<<<<<< 's_left_flipper' inactive >>>>>>>
2025-05-30 06:38:56,294 : INFO : SwitchController : <<<<<<< 's_right_flipper' active >>>>>>>
2025-05-30 06:38:56,392 : INFO : SwitchController : <<<<<<< 's_right_flipper' inactive >>>>>>>
2025-05-30 06:38:56,409 : INFO : SwitchController : <<<<<<< 's_left_flipper' active >>>>>>>
2025-05-30 06:38:56,505 : INFO : SwitchController : <<<<<<< 's_left_flipper' inactive >>>>>>>
2025-05-30 06:38:56,505 : INFO : SwitchController : <<<<<<< 's_right_flipper' active >>>>>>>
2025-05-30 06:38:56,566 : INFO : SwitchController : <<<<<<< 's_right_flipper' inactive >>>>>>>
2025-05-30 06:38:56,598 : INFO : SwitchController : <<<<<<< 's_left_flipper' active >>>>>>>
2025-05-30 06:38:56,703 : INFO : SwitchController : <<<<<<< 's_right_flipper' active >>>>>>>
2025-05-30 06:38:56,703 : INFO : EventManager : Event: ======'flipper_cancel'====== Args={'triggering_group': 2, 'triggering_switch': 's_right_flipper'}
2025-05-30 06:38:56,741 : INFO : SwitchController : <<<<<<< 's_left_flipper' inactive >>>>>>>
2025-05-30 06:38:56,741 : INFO : EventManager : Event: ======'both_flippers_one'====== Args={'triggering_group': 1, 'triggering_switch': 's_left_flipper'}
2025-05-30 06:38:56,814 : INFO : SwitchController : <<<<<<< 's_right_flipper' inactive >>>>>>>
2025-05-30 06:38:56,814 : INFO : EventManager : Event: ======'both_flippers_inactive'====== Args={'triggering_group': 2, 'triggering_switch': 's_right_flipper'}
2025-05-30 06:38:56,831 : INFO : SwitchController : <<<<<<< 's_left_flipper' active >>>>>>>
2025-05-30 06:38:56,926 : INFO : SwitchController : <<<<<<< 's_right_flipper' active >>>>>>>
2025-05-30 06:38:56,926 : INFO : EventManager : Event: ======'flipper_cancel'====== Args={'triggering_group': 2, 'triggering_switch': 's_right_flipper'}
2025-05-30 06:38:56,962 : INFO : SwitchController : <<<<<<< 's_left_flipper' inactive >>>>>>>
2025-05-30 06:38:56,962 : INFO : EventManager : Event: ======'both_flippers_one'====== Args={'triggering_group': 1, 'triggering_switch': 's_left_flipper'}
2025-05-30 06:38:57,038 : INFO : SwitchController : <<<<<<< 's_right_flipper' inactive >>>>>>>
2025-05-30 06:38:57,038 : INFO : EventManager : Event: ======'both_flippers_inactive'====== Args={'triggering_group': 2, 'triggering_switch': 's_right_flipper'}
2025-05-30 06:38:57,038 : INFO : SwitchController : <<<<<<< 's_left_flipper' active >>>>>>>
2025-05-30 06:38:57,138 : INFO : SwitchController : <<<<<<< 's_right_flipper' active >>>>>>>
2025-05-30 06:38:57,138 : INFO : EventManager : Event: ======'flipper_cancel'====== Args={'triggering_group': 2, 'triggering_switch': 's_right_flipper'}
2025-05-30 06:38:57,174 : INFO : SwitchController : <<<<<<< 's_left_flipper' inactive >>>>>>>
2025-05-30 06:38:57,174 : INFO : EventManager : Event: ======'both_flippers_one'====== Args={'triggering_group': 1, 'triggering_switch': 's_left_flipper'}
2025-05-30 06:38:57,247 : INFO : SwitchController : <<<<<<< 's_right_flipper' inactive >>>>>>>
2025-05-30 06:38:57,247 : INFO : EventManager : Event: ======'both_flippers_inactive'====== Args={'triggering_group': 2, 'triggering_switch': 's_right_flipper'}
2025-05-30 06:38:57,271 : INFO : SwitchController : <<<<<<< 's_left_flipper' active >>>>>>>
2025-05-30 06:38:57,454 : INFO : SwitchController : <<<<<<< 's_left_flipper' inactive >>>>>>>
2025-05-30 06:39:08,215 : INFO : Machine : Shutting down...
2025-05-30 06:39:08,215 : INFO : EventManager : Event: ======'shutdown'====== Args={}
2025-05-30 06:39:08,228 : INFO : root : MPF run loop ended.
