2025-05-30 07:27:12,826 : INFO : root : Loading config.
2025-05-30 07:27:12,833 : INFO : YamlMultifileConfigLoader : Machine config file #1: config.yaml
2025-05-30 07:27:12,835 : WARNING : ConfigProcessor : Config file in cache changed: C:\pinball\my_machine\config\config.yaml
2025-05-30 07:27:12,835 : INFO : ConfigProcessor : Loading config from file C:\Users\ruben\.local\pipx\venvs\mpf\lib\site-packages\mpf\mpfconfig.yaml.
2025-05-30 07:27:13,075 : INFO : ConfigProcessor : Loading config: C:\Users\ruben\.local\pipx\venvs\mpf\lib\site-packages\mpf\mpfconfig.yaml
2025-05-30 07:27:13,087 : INFO : ConfigProcessor : Loading config from file C:\pinball\my_machine\config\config.yaml.
2025-05-30 07:27:13,153 : INFO : ConfigProcessor : Loading config: C:\pinball\my_machine\config\config.yaml
2025-05-30 07:27:13,156 : INFO : ConfigProcessor : Config file cache created: C:\Users\ruben\AppData\Local\Temp\a17888e5e1df298d67e07ada0b1bff4a.mpf_cache
2025-05-30 07:27:13,353 : INFO : ConfigProcessor : Loading config from cache: C:\Users\ruben\AppData\Local\Temp\67cf8ffee0fce2d4fcb5ef0bb894d8de.mpf_cache
2025-05-30 07:27:13,353 : INFO : ConfigProcessor : Loading config from cache: C:\Users\ruben\AppData\Local\Temp\25321780674732dcacb77a8f5b2a53cd.mpf_cache
2025-05-30 07:27:13,353 : INFO : Machine : Mission Pinball Framework Core Engine v0.56.0
2025-05-30 07:27:13,353 : INFO : Machine : Command line arguments: {'no_load_cache': False, 'create_config_cache': True, 'bcp': True, 'configfile': ['config.yaml'], 'force_assets_load': False, 'jsonlogging': False, 'logfile': 'logs\\2025-05-30-07-27-12-mpf-DESKTOP-11MEIVG.log', 'pause': False, 'production': False, 'text_ui': True, 'loglevel': 15, 'consoleloglevel': 20, 'force_platform': None, 'syslog_address': None, 'mc_file_name': None, 'no_sound': False}
2025-05-30 07:27:13,353 : INFO : Machine : MPF path: C:\Users\ruben\.local\pipx\venvs\mpf\lib\site-packages\mpf
2025-05-30 07:27:13,353 : INFO : Machine : Machine path: C:\pinball\my_machine
2025-05-30 07:27:13,353 : INFO : Machine : Platform: win32
2025-05-30 07:27:13,353 : INFO : Machine : Python executable location: C:\Users\ruben\.local\pipx\venvs\mpf\Scripts\python.exe
2025-05-30 07:27:13,353 : INFO : Machine : Python version: 3.9.13 (64-bit)
2025-05-30 07:27:13,353 : INFO : Machine : Initialise MPF.
2025-05-30 07:27:13,814 : INFO : OPP : Connecting to com3 at 115200bps
2025-05-30 07:27:13,906 : INFO : OPP : Init of OPP board 1 done
2025-05-30 07:27:13,907 : INFO : OPP : Connecting to com4 at 115200bps
2025-05-30 07:27:14,029 : INFO : OPP : Init of OPP board 0 done
2025-05-30 07:27:14,030 : INFO : EventManager : Event: ======'machine_var_credits_string'====== Args={'value': 'FREE PLAY', 'prev_value': None, 'change': True}
2025-05-30 07:27:14,157 : INFO : EventManager : Event: ======'machine_var_master_volume'====== Args={'value': 0.5, 'prev_value': None, 'change': True}
2025-05-30 07:27:14,157 : INFO : EventManager : Event: ======'machine_var_player1_score'====== Args={'value': 0, 'prev_value': None, 'change': True}
2025-05-30 07:27:14,157 : INFO : EventManager : Event: ======'machine_var_mpf_version'====== Args={'value': 'MPF v0.56.0', 'prev_value': None, 'change': True}
2025-05-30 07:27:14,157 : INFO : EventManager : Event: ======'machine_var_mpf_extended_version'====== Args={'value': 'MPF v0.56.0, Config version:5, Show version: 5, BCP version:1.1', 'prev_value': None, 'change': True}
2025-05-30 07:27:14,158 : INFO : EventManager : Event: ======'machine_var_python_version'====== Args={'value': '3.9.13', 'prev_value': None, 'change': True}
2025-05-30 07:27:14,179 : INFO : EventManager : Event: ======'machine_var_platform'====== Args={'value': 'Windows-10-10.0.19045-SP0', 'prev_value': None, 'change': True}
2025-05-30 07:27:14,179 : INFO : EventManager : Event: ======'machine_var_platform_system'====== Args={'value': 'Windows', 'prev_value': None, 'change': True}
2025-05-30 07:27:14,179 : INFO : EventManager : Event: ======'machine_var_platform_release'====== Args={'value': '10', 'prev_value': None, 'change': True}
2025-05-30 07:27:14,179 : INFO : EventManager : Event: ======'machine_var_platform_version'====== Args={'value': '10.0.19045', 'prev_value': None, 'change': True}
2025-05-30 07:27:14,179 : INFO : EventManager : Event: ======'machine_var_platform_machine'====== Args={'value': 'AMD64', 'prev_value': None, 'change': True}
2025-05-30 07:27:14,179 : INFO : EventManager : Event: ======'init_phase_1'====== Args={}
2025-05-30 07:27:14,225 : INFO : EventManager : Event: ======'drop_target_bank_vuk_bank_up'====== Args={}
2025-05-30 07:27:14,227 : INFO : EventManager : Event: ======'init_phase_2'====== Args={}
2025-05-30 07:27:14,234 : INFO : EventManager : Event: ======'bcp_connection_attempt'====== Args={'name': 'local_display', 'host': 'localhost', 'port': 5050}
2025-05-30 07:27:14,237 : INFO : BCPClientSocket : Connecting BCP to 'local_display' at localhost:5050...
2025-05-30 07:27:17,303 : INFO : BCPClientSocket : Connected BCP to 'local_display' localhost:5050
2025-05-30 07:27:17,304 : INFO : EventManager : Event: ======'bcp_clients_connected'====== Args={}
2025-05-30 07:27:17,316 : INFO : ball_device.bd_plunger : BCH: Initial count: 0
2025-05-30 07:27:17,317 : INFO : EventManager : Event: ======'machine_var_mc_version'====== Args={'value': 'MPF-MC v0.56.1', 'prev_value': None, 'change': True}
2025-05-30 07:27:17,318 : INFO : EventManager : Event: ======'machine_var_mc_extended_version'====== Args={'value': 'MPF-MC v0.56.1 (config_version=5, BCP v1.1,                      Requires MPF API compatibility v0.56.0 or newer)', 'prev_value': None, 'change': True}
2025-05-30 07:27:17,323 : INFO : ball_device.bd_plunger : State: idle
2025-05-30 07:27:17,344 : INFO : ball_device.bd_trough : BCH: Initial count: 0
2025-05-30 07:27:17,345 : INFO : ball_device.bd_trough : State: idle
2025-05-30 07:27:17,347 : INFO : ball_device.bd_scoop_center : BCH: Initial count: 0
2025-05-30 07:27:17,349 : INFO : ball_device.bd_scoop_center : State: idle
2025-05-30 07:27:17,352 : INFO : ball_device.bd_scoop_right : BCH: Initial count: 0
2025-05-30 07:27:17,352 : INFO : ball_device.bd_scoop_right : State: idle
2025-05-30 07:27:17,393 : INFO : EventManager : Event: ======'init_phase_3'====== Args={}
2025-05-30 07:27:17,398 : INFO : EventManager : Event: ======'init_phase_4'====== Args={}
2025-05-30 07:27:17,399 : INFO : BallController : Initial balls found: 0
2025-05-30 07:27:17,400 : INFO : EventManager : Event: ======'machine_var_audits_events_game_ended'====== Args={'value': 50, 'prev_value': None, 'change': True}
2025-05-30 07:27:17,401 : INFO : EventManager : Event: ======'machine_var_audits_events_game_started'====== Args={'value': 85, 'prev_value': None, 'change': True}
2025-05-30 07:27:17,401 : INFO : EventManager : Event: ======'machine_var_audits_player_score'====== Args={'value': {'average': 0.0, 'top': [0, 0, 0, 0, 0, 0, 0, 0, 0, 0], 'total': 50}, 'prev_value': None, 'change': True}
2025-05-30 07:27:17,402 : INFO : EventManager : Event: ======'machine_var_audits_switches_s_drop_bank1'====== Args={'value': 140, 'prev_value': None, 'change': True}
2025-05-30 07:27:17,402 : INFO : EventManager : Event: ======'machine_var_audits_switches_s_left_flipper'====== Args={'value': 2256, 'prev_value': None, 'change': True}
2025-05-30 07:27:17,402 : INFO : EventManager : Event: ======'machine_var_audits_switches_s_left_slingshot'====== Args={'value': 290, 'prev_value': None, 'change': True}
2025-05-30 07:27:17,402 : INFO : EventManager : Event: ======'machine_var_audits_switches_s_plunger'====== Args={'value': 2, 'prev_value': None, 'change': True}
2025-05-30 07:27:17,402 : INFO : EventManager : Event: ======'machine_var_audits_switches_s_pop_bot'====== Args={'value': 426, 'prev_value': None, 'change': True}
2025-05-30 07:27:17,403 : INFO : EventManager : Event: ======'machine_var_audits_switches_s_pop_mid'====== Args={'value': 351, 'prev_value': None, 'change': True}
2025-05-30 07:27:17,403 : INFO : EventManager : Event: ======'machine_var_audits_switches_s_pop_top'====== Args={'value': 302, 'prev_value': None, 'change': True}
2025-05-30 07:27:17,403 : INFO : EventManager : Event: ======'machine_var_audits_switches_s_right_flipper'====== Args={'value': 2312, 'prev_value': None, 'change': True}
2025-05-30 07:27:17,403 : INFO : EventManager : Event: ======'machine_var_audits_switches_s_right_inlane'====== Args={'value': 51, 'prev_value': None, 'change': True}
2025-05-30 07:27:17,404 : INFO : EventManager : Event: ======'machine_var_audits_switches_s_right_slingshot'====== Args={'value': 255, 'prev_value': None, 'change': True}
2025-05-30 07:27:17,404 : INFO : EventManager : Event: ======'machine_var_audits_switches_s_scoop_center'====== Args={'value': 0, 'prev_value': None, 'change': True}
2025-05-30 07:27:17,404 : INFO : EventManager : Event: ======'machine_var_audits_switches_s_scoop_lower'====== Args={'value': 220, 'prev_value': None, 'change': True}
2025-05-30 07:27:17,404 : INFO : EventManager : Event: ======'machine_var_audits_switches_s_scoop_right'====== Args={'value': 0, 'prev_value': None, 'change': True}
2025-05-30 07:27:17,405 : INFO : EventManager : Event: ======'machine_var_audits_switches_s_startButton'====== Args={'value': 25, 'prev_value': None, 'change': True}
2025-05-30 07:27:17,405 : INFO : EventManager : Event: ======'machine_var_audits_switches_s_trough1'====== Args={'value': 303, 'prev_value': None, 'change': True}
2025-05-30 07:27:17,405 : INFO : EventManager : Event: ======'machine_var_audits_switches_s_trough2'====== Args={'value': 0, 'prev_value': None, 'change': True}
2025-05-30 07:27:17,406 : INFO : EventManager : Event: ======'machine_var_audits_switches_s_trough3'====== Args={'value': 0, 'prev_value': None, 'change': True}
2025-05-30 07:27:17,407 : INFO : EventManager : Event: ======'machine_var_audits_switches_s_trough4'====== Args={'value': 0, 'prev_value': None, 'change': True}
2025-05-30 07:27:17,407 : INFO : EventManager : Event: ======'machine_var_audits_switches_s_trough5'====== Args={'value': 0, 'prev_value': None, 'change': True}
2025-05-30 07:27:17,409 : INFO : EventManager : Event: ======'init_phase_5'====== Args={}
2025-05-30 07:27:17,412 : INFO : EventManager : Event: ======'init_done'====== Args={}
2025-05-30 07:27:17,414 : INFO : EventManager : Event: ======'machine_reset_phase_1'====== Args={}
2025-05-30 07:27:17,424 : INFO : EventManager : Event: ======'slide_welcome_slide_removed'====== Args={'_from_bcp': True}
2025-05-30 07:27:17,433 : INFO : EventManager : Event: ======'slide_welcome_slide_created'====== Args={'_from_bcp': True}
2025-05-30 07:27:17,447 : INFO : EventManager : Event: ======'machine_reset_phase_2'====== Args={}
2025-05-30 07:27:17,448 : INFO : EventManager : Event: ======'machine_reset_phase_3'====== Args={}
2025-05-30 07:27:17,448 : INFO : EventManager : Event: ======'slide_welcome_slide_active'====== Args={'_from_bcp': True}
2025-05-30 07:27:17,450 : INFO : drop_target_bank.vuk_bank : All targets are already up. Will not reset bank.
2025-05-30 07:27:17,451 : INFO : EventManager : Event: ======'reset_complete'====== Args={}
2025-05-30 07:27:17,451 : INFO : EventManager : Event: ======'mode_attract_will_start'====== Args={}
2025-05-30 07:27:17,452 : INFO : EventManager : Event: ======'mode_attract_starting'====== Args={}
2025-05-30 07:27:17,453 : INFO : Mode.attract : Started. Priority: 10
2025-05-30 07:27:17,453 : INFO : EventManager : Event: ======'modes_active_modes_changed'====== Args={}
2025-05-30 07:27:17,453 : INFO : EventManager : Event: ======'mode_attract_started'====== Args={}
2025-05-30 07:27:17,454 : INFO : EventManager : Event: ======'collecting_balls_complete'====== Args={}
2025-05-30 07:27:17,473 : INFO : Machine : Starting the main run loop.
2025-05-30 07:27:17,474 : INFO : EventManager : Event: ======'slide_attract_started_created'====== Args={'_from_bcp': True}
2025-05-30 07:27:17,476 : INFO : EventManager : Event: ======'slide_attract_started_active'====== Args={'_from_bcp': True}
2025-05-30 07:29:41,824 : INFO : Machine : Shutting down...
2025-05-30 07:29:41,825 : INFO : EventManager : Event: ======'shutdown'====== Args={}
2025-05-30 07:29:41,848 : ERROR : OPP : Stop called on serial connection com3
2025-05-30 07:29:41,871 : ERROR : OPP : Stop called on serial connection com4
2025-05-30 07:29:41,877 : INFO : root : MPF run loop ended.
