2025-05-30 06:54:33,728 : INFO : root : Loading config.
2025-05-30 06:54:33,744 : INFO : YamlMultifileConfigLoader : Machine config file #1: config.yaml
2025-05-30 06:54:33,744 : INFO : ConfigProcessor : Loading config from cache: C:\Users\ruben\AppData\Local\Temp\a17888e5e1df298d67e07ada0b1bff4a.mpf_cache
2025-05-30 06:54:33,884 : INFO : ConfigProcessor : Loading config from cache: C:\Users\ruben\AppData\Local\Temp\67cf8ffee0fce2d4fcb5ef0bb894d8de.mpf_cache
2025-05-30 06:54:33,884 : INFO : ConfigProcessor : Loading config from cache: C:\Users\ruben\AppData\Local\Temp\25321780674732dcacb77a8f5b2a53cd.mpf_cache
2025-05-30 06:54:33,884 : INFO : Machine : Mission Pinball Framework Core Engine v0.56.0
2025-05-30 06:54:33,884 : INFO : Machine : Command line arguments: {'no_load_cache': False, 'create_config_cache': True, 'bcp': True, 'configfile': ['config.yaml'], 'force_assets_load': False, 'jsonlogging': False, 'logfile': 'logs\\2025-05-30-06-54-33-mpf-DESKTOP-11MEIVG.log', 'pause': False, 'production': False, 'text_ui': True, 'loglevel': 15, 'consoleloglevel': 20, 'force_platform': None, 'syslog_address': None, 'mc_file_name': None, 'no_sound': False}
2025-05-30 06:54:33,884 : INFO : Machine : MPF path: C:\Users\ruben\.local\pipx\venvs\mpf\lib\site-packages\mpf
2025-05-30 06:54:33,884 : INFO : Machine : Machine path: C:\pinball\my_machine
2025-05-30 06:54:33,884 : INFO : Machine : Platform: win32
2025-05-30 06:54:33,884 : INFO : Machine : Python executable location: C:\Users\ruben\.local\pipx\venvs\mpf\Scripts\python.exe
2025-05-30 06:54:33,884 : INFO : Machine : Python version: 3.9.13 (64-bit)
2025-05-30 06:54:33,884 : INFO : Machine : Initialise MPF.
2025-05-30 06:54:34,282 : INFO : OPP : Connecting to com3 at 115200bps
2025-05-30 06:54:34,348 : INFO : OPP : Init of OPP board 1 done
2025-05-30 06:54:34,348 : INFO : OPP : Connecting to com4 at 115200bps
2025-05-30 06:54:34,495 : INFO : OPP : Init of OPP board 0 done
2025-05-30 06:54:34,495 : INFO : EventManager : Event: ======'machine_var_credits_string'====== Args={'value': 'FREE PLAY', 'prev_value': None, 'change': True}
2025-05-30 06:54:34,593 : INFO : EventManager : Event: ======'machine_var_master_volume'====== Args={'value': 0.5, 'prev_value': None, 'change': True}
2025-05-30 06:54:34,593 : INFO : EventManager : Event: ======'machine_var_player1_score'====== Args={'value': 0, 'prev_value': None, 'change': True}
2025-05-30 06:54:34,593 : INFO : EventManager : Event: ======'machine_var_mpf_version'====== Args={'value': 'MPF v0.56.0', 'prev_value': None, 'change': True}
2025-05-30 06:54:34,593 : INFO : EventManager : Event: ======'machine_var_mpf_extended_version'====== Args={'value': 'MPF v0.56.0, Config version:5, Show version: 5, BCP version:1.1', 'prev_value': None, 'change': True}
2025-05-30 06:54:34,593 : INFO : EventManager : Event: ======'machine_var_python_version'====== Args={'value': '3.9.13', 'prev_value': None, 'change': True}
2025-05-30 06:54:34,608 : INFO : EventManager : Event: ======'machine_var_platform'====== Args={'value': 'Windows-10-10.0.19045-SP0', 'prev_value': None, 'change': True}
2025-05-30 06:54:34,608 : INFO : EventManager : Event: ======'machine_var_platform_system'====== Args={'value': 'Windows', 'prev_value': None, 'change': True}
2025-05-30 06:54:34,608 : INFO : EventManager : Event: ======'machine_var_platform_release'====== Args={'value': '10', 'prev_value': None, 'change': True}
2025-05-30 06:54:34,608 : INFO : EventManager : Event: ======'machine_var_platform_version'====== Args={'value': '10.0.19045', 'prev_value': None, 'change': True}
2025-05-30 06:54:34,608 : INFO : EventManager : Event: ======'machine_var_platform_machine'====== Args={'value': 'AMD64', 'prev_value': None, 'change': True}
2025-05-30 06:54:34,608 : INFO : EventManager : Event: ======'init_phase_1'====== Args={}
2025-05-30 06:54:34,644 : INFO : EventManager : Event: ======'drop_target_bank_vuk_bank_up'====== Args={}
2025-05-30 06:54:34,646 : INFO : EventManager : Event: ======'init_phase_2'====== Args={}
2025-05-30 06:54:34,650 : INFO : EventManager : Event: ======'bcp_connection_attempt'====== Args={'name': 'local_display', 'host': 'localhost', 'port': 5050}
2025-05-30 06:54:34,652 : INFO : BCPClientSocket : Connecting BCP to 'local_display' at localhost:5050...
2025-05-30 06:54:37,712 : INFO : BCPClientSocket : Connected BCP to 'local_display' localhost:5050
2025-05-30 06:54:37,714 : INFO : EventManager : Event: ======'bcp_clients_connected'====== Args={}
2025-05-30 06:54:37,747 : INFO : ball_device.bd_trough : BCH: Initial count: 0
2025-05-30 06:54:37,749 : INFO : EventManager : Event: ======'machine_var_mc_version'====== Args={'value': 'MPF-MC v0.56.1', 'prev_value': None, 'change': True}
2025-05-30 06:54:37,750 : INFO : EventManager : Event: ======'machine_var_mc_extended_version'====== Args={'value': 'MPF-MC v0.56.1 (config_version=5, BCP v1.1,                      Requires MPF API compatibility v0.56.0 or newer)', 'prev_value': None, 'change': True}
2025-05-30 06:54:37,756 : INFO : ball_device.bd_trough : State: idle
2025-05-30 06:54:37,796 : INFO : ball_device.bd_scoop_center : BCH: Initial count: 0
2025-05-30 06:54:37,797 : INFO : ball_device.bd_scoop_center : State: idle
2025-05-30 06:54:37,798 : INFO : ball_device.bd_scoop_right : BCH: Initial count: 0
2025-05-30 06:54:37,798 : INFO : ball_device.bd_scoop_right : State: idle
2025-05-30 06:54:37,832 : INFO : EventManager : Event: ======'init_phase_3'====== Args={}
2025-05-30 06:54:37,836 : INFO : EventManager : Event: ======'init_phase_4'====== Args={}
2025-05-30 06:54:37,836 : INFO : BallController : Initial balls found: 0
2025-05-30 06:54:37,838 : INFO : EventManager : Event: ======'machine_var_audits_events_game_ended'====== Args={'value': 50, 'prev_value': None, 'change': True}
2025-05-30 06:54:37,839 : INFO : EventManager : Event: ======'machine_var_audits_events_game_started'====== Args={'value': 80, 'prev_value': None, 'change': True}
2025-05-30 06:54:37,840 : INFO : EventManager : Event: ======'machine_var_audits_player_score'====== Args={'value': {'average': 0.0, 'top': [0, 0, 0, 0, 0, 0, 0, 0, 0, 0], 'total': 50}, 'prev_value': None, 'change': True}
2025-05-30 06:54:37,840 : INFO : EventManager : Event: ======'machine_var_audits_switches_s_drop_bank1'====== Args={'value': 140, 'prev_value': None, 'change': True}
2025-05-30 06:54:37,841 : INFO : EventManager : Event: ======'machine_var_audits_switches_s_left_flipper'====== Args={'value': 2141, 'prev_value': None, 'change': True}
2025-05-30 06:54:37,841 : INFO : EventManager : Event: ======'machine_var_audits_switches_s_left_slingshot'====== Args={'value': 290, 'prev_value': None, 'change': True}
2025-05-30 06:54:37,842 : INFO : EventManager : Event: ======'machine_var_audits_switches_s_pop_bot'====== Args={'value': 426, 'prev_value': None, 'change': True}
2025-05-30 06:54:37,842 : INFO : EventManager : Event: ======'machine_var_audits_switches_s_pop_mid'====== Args={'value': 351, 'prev_value': None, 'change': True}
2025-05-30 06:54:37,842 : INFO : EventManager : Event: ======'machine_var_audits_switches_s_pop_top'====== Args={'value': 302, 'prev_value': None, 'change': True}
2025-05-30 06:54:37,842 : INFO : EventManager : Event: ======'machine_var_audits_switches_s_right_flipper'====== Args={'value': 2194, 'prev_value': None, 'change': True}
2025-05-30 06:54:37,843 : INFO : EventManager : Event: ======'machine_var_audits_switches_s_right_inlane'====== Args={'value': 0, 'prev_value': None, 'change': True}
2025-05-30 06:54:37,843 : INFO : EventManager : Event: ======'machine_var_audits_switches_s_right_slingshot'====== Args={'value': 255, 'prev_value': None, 'change': True}
2025-05-30 06:54:37,843 : INFO : EventManager : Event: ======'machine_var_audits_switches_s_scoop_center'====== Args={'value': 0, 'prev_value': None, 'change': True}
2025-05-30 06:54:37,843 : INFO : EventManager : Event: ======'machine_var_audits_switches_s_scoop_lower'====== Args={'value': 220, 'prev_value': None, 'change': True}
2025-05-30 06:54:37,844 : INFO : EventManager : Event: ======'machine_var_audits_switches_s_scoop_right'====== Args={'value': 0, 'prev_value': None, 'change': True}
2025-05-30 06:54:37,844 : INFO : EventManager : Event: ======'machine_var_audits_switches_s_startButton'====== Args={'value': 11, 'prev_value': None, 'change': True}
2025-05-30 06:54:37,844 : INFO : EventManager : Event: ======'machine_var_audits_switches_s_trough1'====== Args={'value': 303, 'prev_value': None, 'change': True}
2025-05-30 06:54:37,845 : INFO : EventManager : Event: ======'machine_var_audits_switches_s_trough2'====== Args={'value': 0, 'prev_value': None, 'change': True}
2025-05-30 06:54:37,846 : INFO : EventManager : Event: ======'machine_var_audits_switches_s_trough3'====== Args={'value': 0, 'prev_value': None, 'change': True}
2025-05-30 06:54:37,846 : INFO : EventManager : Event: ======'machine_var_audits_switches_s_trough4'====== Args={'value': 0, 'prev_value': None, 'change': True}
2025-05-30 06:54:37,846 : INFO : EventManager : Event: ======'machine_var_audits_switches_s_trough5'====== Args={'value': 0, 'prev_value': None, 'change': True}
2025-05-30 06:54:37,847 : INFO : EventManager : Event: ======'init_phase_5'====== Args={}
2025-05-30 06:54:37,853 : INFO : EventManager : Event: ======'init_done'====== Args={}
2025-05-30 06:54:37,855 : INFO : EventManager : Event: ======'machine_reset_phase_1'====== Args={}
2025-05-30 06:54:37,863 : INFO : EventManager : Event: ======'slide_welcome_slide_removed'====== Args={'_from_bcp': True}
2025-05-30 06:54:37,868 : INFO : EventManager : Event: ======'slide_welcome_slide_created'====== Args={'_from_bcp': True}
2025-05-30 06:54:37,870 : INFO : EventManager : Event: ======'machine_reset_phase_2'====== Args={}
2025-05-30 06:54:37,870 : INFO : EventManager : Event: ======'machine_reset_phase_3'====== Args={}
2025-05-30 06:54:37,871 : INFO : drop_target_bank.vuk_bank : All targets are already up. Will not reset bank.
2025-05-30 06:54:37,872 : INFO : EventManager : Event: ======'reset_complete'====== Args={}
2025-05-30 06:54:37,872 : INFO : EventManager : Event: ======'mode_attract_will_start'====== Args={}
2025-05-30 06:54:37,874 : INFO : EventManager : Event: ======'mode_attract_starting'====== Args={}
2025-05-30 06:54:37,874 : INFO : Mode.attract : Started. Priority: 10
2025-05-30 06:54:37,874 : INFO : EventManager : Event: ======'modes_active_modes_changed'====== Args={}
2025-05-30 06:54:37,874 : INFO : EventManager : Event: ======'mode_attract_started'====== Args={}
2025-05-30 06:54:37,875 : INFO : EventManager : Event: ======'collecting_balls_complete'====== Args={}
2025-05-30 06:54:37,876 : INFO : EventManager : Event: ======'slide_welcome_slide_active'====== Args={'_from_bcp': True}
2025-05-30 06:54:37,911 : INFO : EventManager : Event: ======'slide_attract_started_created'====== Args={'_from_bcp': True}
2025-05-30 06:54:37,911 : INFO : EventManager : Event: ======'slide_attract_started_active'====== Args={'_from_bcp': True}
2025-05-30 06:54:37,913 : INFO : Machine : Starting the main run loop.
2025-05-30 06:54:57,049 : INFO : SwitchController : <<<<<<< 's_left_flipper' active >>>>>>>
2025-05-30 06:54:57,185 : INFO : SwitchController : <<<<<<< 's_left_flipper' inactive >>>>>>>
2025-05-30 06:54:57,437 : INFO : SwitchController : <<<<<<< 's_right_flipper' active >>>>>>>
2025-05-30 06:54:57,581 : INFO : SwitchController : <<<<<<< 's_right_flipper' inactive >>>>>>>
2025-05-30 06:54:57,744 : INFO : SwitchController : <<<<<<< 's_right_flipper' active >>>>>>>
2025-05-30 06:54:57,853 : INFO : SwitchController : <<<<<<< 's_right_flipper' inactive >>>>>>>
2025-05-30 06:54:57,952 : INFO : SwitchController : <<<<<<< 's_right_flipper' active >>>>>>>
2025-05-30 06:54:58,064 : INFO : SwitchController : <<<<<<< 's_right_flipper' inactive >>>>>>>
2025-05-30 06:54:58,163 : INFO : SwitchController : <<<<<<< 's_left_flipper' active >>>>>>>
2025-05-30 06:54:58,312 : INFO : SwitchController : <<<<<<< 's_left_flipper' inactive >>>>>>>
2025-05-30 06:54:58,313 : INFO : SwitchController : <<<<<<< 's_right_flipper' active >>>>>>>
2025-05-30 06:54:58,411 : INFO : SwitchController : <<<<<<< 's_right_flipper' inactive >>>>>>>
2025-05-30 06:54:58,435 : INFO : SwitchController : <<<<<<< 's_left_flipper' active >>>>>>>
2025-05-30 06:54:58,535 : INFO : SwitchController : <<<<<<< 's_right_flipper' active >>>>>>>
2025-05-30 06:54:58,535 : INFO : EventManager : Event: ======'flipper_cancel'====== Args={'triggering_group': 2, 'triggering_switch': 's_right_flipper'}
2025-05-30 06:54:58,574 : INFO : SwitchController : <<<<<<< 's_left_flipper' inactive >>>>>>>
2025-05-30 06:54:58,574 : INFO : EventManager : Event: ======'both_flippers_one'====== Args={'triggering_group': 1, 'triggering_switch': 's_left_flipper'}
2025-05-30 06:54:58,647 : INFO : SwitchController : <<<<<<< 's_right_flipper' inactive >>>>>>>
2025-05-30 06:54:58,647 : INFO : EventManager : Event: ======'both_flippers_inactive'====== Args={'triggering_group': 2, 'triggering_switch': 's_right_flipper'}
2025-05-30 06:54:58,659 : INFO : SwitchController : <<<<<<< 's_left_flipper' active >>>>>>>
2025-05-30 06:54:58,797 : INFO : SwitchController : <<<<<<< 's_left_flipper' inactive >>>>>>>
2025-05-30 06:54:58,811 : INFO : SwitchController : <<<<<<< 's_right_flipper' active >>>>>>>
2025-05-30 06:54:58,908 : INFO : SwitchController : <<<<<<< 's_right_flipper' inactive >>>>>>>
2025-05-30 06:54:58,920 : INFO : SwitchController : <<<<<<< 's_left_flipper' active >>>>>>>
2025-05-30 06:54:59,055 : INFO : SwitchController : <<<<<<< 's_left_flipper' inactive >>>>>>>
2025-05-30 06:54:59,194 : INFO : SwitchController : <<<<<<< 's_startButton' active >>>>>>>
2025-05-30 06:54:59,304 : INFO : SwitchController : <<<<<<< 's_startButton' inactive >>>>>>>
2025-05-30 06:54:59,304 : INFO : EventManager : Event: ======'request_to_start_game'====== Args={}
2025-05-30 06:54:59,306 : INFO : BallController : Known balls: 0
2025-05-30 06:54:59,306 : INFO : BallController : bd_trough contains 0 balls. Tags ['trough', 'home', 'drain']
2025-05-30 06:54:59,306 : INFO : BallController : bd_scoop_center contains 0 balls. Tags []
2025-05-30 06:54:59,306 : INFO : BallController : bd_scoop_right contains 0 balls. Tags []
2025-05-30 06:54:59,306 : INFO : BallController : playfield contains 0 balls. Tags ['default']
2025-05-30 06:54:59,307 : WARNING : BallController : BallController denies game start. Not enough balls. 0 found. 1 required
2025-05-30 06:54:59,307 : INFO : BallController : Triggering ball search.
2025-05-30 06:54:59,639 : INFO : SwitchController : <<<<<<< 's_startButton' active >>>>>>>
2025-05-30 06:54:59,751 : INFO : SwitchController : <<<<<<< 's_startButton' inactive >>>>>>>
2025-05-30 06:54:59,751 : INFO : EventManager : Event: ======'request_to_start_game'====== Args={}
2025-05-30 06:54:59,753 : INFO : BallController : Known balls: 0
2025-05-30 06:54:59,753 : INFO : BallController : bd_trough contains 0 balls. Tags ['trough', 'home', 'drain']
2025-05-30 06:54:59,754 : INFO : BallController : bd_scoop_center contains 0 balls. Tags []
2025-05-30 06:54:59,754 : INFO : BallController : bd_scoop_right contains 0 balls. Tags []
2025-05-30 06:54:59,754 : INFO : BallController : playfield contains 0 balls. Tags ['default']
2025-05-30 06:54:59,754 : WARNING : BallController : BallController denies game start. Not enough balls. 0 found. 1 required
2025-05-30 06:54:59,755 : INFO : BallController : Triggering ball search.
2025-05-30 06:54:59,884 : INFO : SwitchController : <<<<<<< 's_startButton' active >>>>>>>
2025-05-30 06:54:59,994 : INFO : SwitchController : <<<<<<< 's_startButton' inactive >>>>>>>
2025-05-30 06:54:59,995 : INFO : EventManager : Event: ======'request_to_start_game'====== Args={}
2025-05-30 06:54:59,997 : INFO : BallController : Known balls: 0
2025-05-30 06:54:59,997 : INFO : BallController : bd_trough contains 0 balls. Tags ['trough', 'home', 'drain']
2025-05-30 06:54:59,997 : INFO : BallController : bd_scoop_center contains 0 balls. Tags []
2025-05-30 06:54:59,997 : INFO : BallController : bd_scoop_right contains 0 balls. Tags []
2025-05-30 06:54:59,998 : INFO : BallController : playfield contains 0 balls. Tags ['default']
2025-05-30 06:54:59,998 : WARNING : BallController : BallController denies game start. Not enough balls. 0 found. 1 required
2025-05-30 06:54:59,998 : INFO : BallController : Triggering ball search.
2025-05-30 06:55:00,116 : INFO : SwitchController : <<<<<<< 's_startButton' active >>>>>>>
2025-05-30 06:55:00,226 : INFO : SwitchController : <<<<<<< 's_startButton' inactive >>>>>>>
2025-05-30 06:55:00,226 : INFO : EventManager : Event: ======'request_to_start_game'====== Args={}
2025-05-30 06:55:00,227 : INFO : BallController : Known balls: 0
2025-05-30 06:55:00,227 : INFO : BallController : bd_trough contains 0 balls. Tags ['trough', 'home', 'drain']
2025-05-30 06:55:00,227 : INFO : BallController : bd_scoop_center contains 0 balls. Tags []
2025-05-30 06:55:00,227 : INFO : BallController : bd_scoop_right contains 0 balls. Tags []
2025-05-30 06:55:00,227 : INFO : BallController : playfield contains 0 balls. Tags ['default']
2025-05-30 06:55:00,227 : WARNING : BallController : BallController denies game start. Not enough balls. 0 found. 1 required
2025-05-30 06:55:00,227 : INFO : BallController : Triggering ball search.
2025-05-30 06:55:00,474 : INFO : SwitchController : <<<<<<< 's_startButton' active >>>>>>>
2025-05-30 06:55:00,590 : INFO : SwitchController : <<<<<<< 's_startButton' inactive >>>>>>>
2025-05-30 06:55:00,590 : INFO : EventManager : Event: ======'request_to_start_game'====== Args={}
2025-05-30 06:55:00,594 : INFO : BallController : Known balls: 0
2025-05-30 06:55:00,594 : INFO : BallController : bd_trough contains 0 balls. Tags ['trough', 'home', 'drain']
2025-05-30 06:55:00,594 : INFO : BallController : bd_scoop_center contains 0 balls. Tags []
2025-05-30 06:55:00,595 : INFO : BallController : bd_scoop_right contains 0 balls. Tags []
2025-05-30 06:55:00,595 : INFO : BallController : playfield contains 0 balls. Tags ['default']
2025-05-30 06:55:00,595 : WARNING : BallController : BallController denies game start. Not enough balls. 0 found. 1 required
2025-05-30 06:55:00,595 : INFO : BallController : Triggering ball search.
2025-05-30 06:55:00,697 : INFO : SwitchController : <<<<<<< 's_startButton' active >>>>>>>
2025-05-30 06:55:00,808 : INFO : SwitchController : <<<<<<< 's_startButton' inactive >>>>>>>
2025-05-30 06:55:00,809 : INFO : EventManager : Event: ======'request_to_start_game'====== Args={}
2025-05-30 06:55:00,810 : INFO : BallController : Known balls: 0
2025-05-30 06:55:00,811 : INFO : BallController : bd_trough contains 0 balls. Tags ['trough', 'home', 'drain']
2025-05-30 06:55:00,811 : INFO : BallController : bd_scoop_center contains 0 balls. Tags []
2025-05-30 06:55:00,811 : INFO : BallController : bd_scoop_right contains 0 balls. Tags []
2025-05-30 06:55:00,811 : INFO : BallController : playfield contains 0 balls. Tags ['default']
2025-05-30 06:55:00,811 : WARNING : BallController : BallController denies game start. Not enough balls. 0 found. 1 required
2025-05-30 06:55:00,812 : INFO : BallController : Triggering ball search.
2025-05-30 06:55:00,905 : INFO : SwitchController : <<<<<<< 's_startButton' active >>>>>>>
2025-05-30 06:55:01,017 : INFO : SwitchController : <<<<<<< 's_startButton' inactive >>>>>>>
2025-05-30 06:55:01,017 : INFO : EventManager : Event: ======'request_to_start_game'====== Args={}
2025-05-30 06:55:01,018 : INFO : BallController : Known balls: 0
2025-05-30 06:55:01,018 : INFO : BallController : bd_trough contains 0 balls. Tags ['trough', 'home', 'drain']
2025-05-30 06:55:01,018 : INFO : BallController : bd_scoop_center contains 0 balls. Tags []
2025-05-30 06:55:01,018 : INFO : BallController : bd_scoop_right contains 0 balls. Tags []
2025-05-30 06:55:01,018 : INFO : BallController : playfield contains 0 balls. Tags ['default']
2025-05-30 06:55:01,018 : WARNING : BallController : BallController denies game start. Not enough balls. 0 found. 1 required
2025-05-30 06:55:01,018 : INFO : BallController : Triggering ball search.
2025-05-30 06:55:01,692 : INFO : SwitchController : <<<<<<< 's_trough1' active >>>>>>>
2025-05-30 06:55:02,184 : INFO : EventManager : Event: ======'balldevice_bd_trough_ball_count_changed'====== Args={'balls': 1}
2025-05-30 06:55:02,184 : INFO : ball_device.bd_trough : Received unexpected ball
2025-05-30 06:55:02,184 : INFO : EventManager : Event: ======'balldevice_captured_from_playfield'====== Args={'balls': 1}
2025-05-30 06:55:02,185 : INFO : EventManager : Event: ======'sw_playfield_active'====== Args={'balls': 1}
2025-05-30 06:55:02,185 : INFO : EventManager : Event: ======'playfield_active'====== Args={}
2025-05-30 06:55:02,185 : INFO : EventManager : Event: ======'unexpected_ball_on_playfield'====== Args={}
2025-05-30 06:55:02,185 : INFO : EventManager : Event: ======'playfield_ball_count_change'====== Args={'balls': -1, 'change': -1}
2025-05-30 06:55:02,186 : INFO : EventManager : Event: ======'balldevice_playfield_ball_enter'====== Args={'new_balls': 1, 'unclaimed_balls': 1, 'device': <playfield.playfield>}
2025-05-30 06:55:02,186 : INFO : EventManager : Event: ======'playfield_ball_count_change'====== Args={'balls': 0, 'change': 1}
2025-05-30 06:55:02,186 : INFO : BallController : Found a new ball which was captured from playfield. Known balls: 1
2025-05-30 06:55:02,187 : INFO : EventManager : Event: ======'found_new_ball'====== Args={}
2025-05-30 06:55:02,187 : INFO : EventManager : Event: ======'balldevice_bd_trough_ball_enter'====== Args={'new_balls': 1, 'unclaimed_balls': 1, 'new_available_balls': 1, 'device': <ball_device.bd_trough>}
2025-05-30 06:55:02,187 : INFO : EventManager : Event: ======'ball_drain'====== Args={'device': <ball_device.bd_trough>, 'balls': 1}
2025-05-30 06:55:02,189 : INFO : EventManager : Event: ======'balldevice_balls_available'====== Args={}
2025-05-30 06:55:02,189 : INFO : EventManager : Event: ======'balldevice_bd_trough_ball_entered'====== Args={'new_balls': 1, 'device': <ball_device.bd_trough>}
2025-05-30 06:55:03,950 : INFO : SwitchController : <<<<<<< 's_startButton' active >>>>>>>
2025-05-30 06:55:04,062 : INFO : SwitchController : <<<<<<< 's_startButton' inactive >>>>>>>
2025-05-30 06:55:04,062 : INFO : EventManager : Event: ======'request_to_start_game'====== Args={}
2025-05-30 06:55:04,063 : INFO : EventManager : Event: ======'game_start'====== Args={'buttons': [], 'hold_time': 0.11000000000058208}
2025-05-30 06:55:04,063 : INFO : EventManager : Event: ======'mode_game_will_start'====== Args={'buttons': [], 'hold_time': 0.11000000000058208}
2025-05-30 06:55:04,064 : INFO : EventManager : Event: ======'mode_game_starting'====== Args={'buttons': [], 'hold_time': 0.11000000000058208}
2025-05-30 06:55:04,064 : INFO : EventManager : Event: ======'mode_attract_will_stop'====== Args={}
2025-05-30 06:55:04,064 : INFO : EventManager : Event: ======'mode_attract_stopping'====== Args={}
2025-05-30 06:55:04,064 : INFO : Mode.attract : Stopped.
2025-05-30 06:55:04,064 : INFO : EventManager : Event: ======'modes_active_modes_changed'====== Args={}
2025-05-30 06:55:04,064 : INFO : EventManager : Event: ======'mode_attract_stopped'====== Args={}
2025-05-30 06:55:04,065 : INFO : EventManager : Event: ======'clear'====== Args={'key': 'attract'}
2025-05-30 06:55:04,065 : INFO : Mode.game : Started. Priority: 20
2025-05-30 06:55:04,065 : INFO : EventManager : Event: ======'modes_active_modes_changed'====== Args={}
2025-05-30 06:55:04,065 : INFO : EventManager : Event: ======'mode_game_started'====== Args={'buttons': [], 'hold_time': 0.11000000000058208}
2025-05-30 06:55:04,072 : INFO : EventManager : Event: ======'game_will_start'====== Args={}
2025-05-30 06:55:04,073 : INFO : EventManager : Event: ======'game_starting'====== Args={'game': <Mode.game>}
2025-05-30 06:55:04,075 : INFO : EventManager : Event: ======'player_add_request'====== Args={}
2025-05-30 06:55:04,075 : INFO : EventManager : Event: ======'player_will_add'====== Args={'number': 1}
2025-05-30 06:55:04,075 : INFO : EventManager : Event: ======'player_adding'====== Args={'player': <Player 1>, 'number': 1}
2025-05-30 06:55:04,075 : INFO : EventManager : Event: ======'player_added'====== Args={'player': <Player 1>, 'num': 1}
2025-05-30 06:55:04,075 : INFO : Mode.game : Player added successfully. Total players: 1
2025-05-30 06:55:04,076 : INFO : EventManager : Event: ======'player_index'====== Args={'value': 0, 'prev_value': 0, 'change': 0, 'player_num': 1}
2025-05-30 06:55:04,076 : INFO : EventManager : Event: ======'player_number'====== Args={'value': 1, 'prev_value': 1, 'change': 0, 'player_num': 1}
2025-05-30 06:55:04,076 : INFO : EventManager : Event: ======'player_score'====== Args={'value': 0, 'prev_value': 0, 'change': 0, 'player_num': 1}
2025-05-30 06:55:04,078 : INFO : EventManager : Event: ======'game_started'====== Args={}
2025-05-30 06:55:04,097 : INFO : EventManager : Event: ======'player_turn_will_start'====== Args={'player': <Player 1>, 'number': 1}
2025-05-30 06:55:04,098 : INFO : EventManager : Event: ======'player_turn_starting'====== Args={'player': <Player 1>, 'number': 1}
2025-05-30 06:55:04,099 : INFO : EventManager : Event: ======'player_ball'====== Args={'value': 1, 'prev_value': 0, 'change': 1, 'player_num': 1}
2025-05-30 06:55:04,100 : INFO : EventManager : Event: ======'player_turn_started'====== Args={'player': <Player 1>, 'number': 1}
2025-05-30 06:55:04,102 : INFO : EventManager : Event: ======'ball_will_start'====== Args={'player': 1, 'ball': 1, 'balls_remaining': 2, 'is_extra_ball': False}
2025-05-30 06:55:04,106 : INFO : EventManager : Event: ======'ball_starting'====== Args={'player': 1, 'ball': 1, 'balls_remaining': 2, 'is_extra_ball': False}
2025-05-30 06:55:04,108 : INFO : drop_target_bank.vuk_bank : All targets are already up. Will not reset bank.
2025-05-30 06:55:04,109 : INFO : EventManager : Event: ======'balls_in_play'====== Args={'balls': 1}
2025-05-30 06:55:04,109 : INFO : EventManager : Event: ======'ball_started'====== Args={'player': 1, 'ball': 1, 'balls_remaining': 2, 'is_extra_ball': False}
2025-05-30 06:55:04,113 : INFO : EventManager : Event: ======'single_player_ball_started'====== Args={}
2025-05-30 06:55:04,115 : INFO : EventManager : Event: ======'ball_start_target'====== Args={'target': 'playfield'}
2025-05-30 06:55:04,116 : INFO : ball_device.bd_trough : Setting up player-controlled eject. Balls: 1, Target: <playfield.playfield>, player_controlled_eject_event: None
2025-05-30 06:55:04,116 : INFO : ball_device.bd_trough : Adding 1 ball(s) to the eject_queue with target <playfield.playfield>.
2025-05-30 06:55:04,116 : INFO : EventManager : Event: ======'balldevice_balls_available'====== Args={}
2025-05-30 06:55:04,118 : INFO : ball_device.bd_trough : State: waiting_for_target_ready
2025-05-30 06:55:04,118 : INFO : EventManager : Event: ======'balldevice_bd_trough_ball_eject_attempt'====== Args={'balls': 1, 'target': <playfield.playfield>, 'source': <ball_device.bd_trough>, 'mechanical_eject': False, 'num_attempts': 0}
2025-05-30 06:55:04,120 : INFO : ball_device.bd_trough : State: ejecting
2025-05-30 06:55:04,120 : INFO : ball_device.bd_trough : Ejecting ball to <playfield.playfield>
2025-05-30 06:55:04,120 : INFO : EventManager : Event: ======'balldevice_bd_trough_ejecting_ball'====== Args={'balls': 1, 'target': <playfield.playfield>, 'source': <ball_device.bd_trough>, 'mechanical_eject': False, 'num_attempts': 0}
2025-05-30 06:55:04,121 : INFO : ball_device.bd_trough : Wait for ball to leave device
2025-05-30 06:55:04,122 : INFO : coil.c_trough_eject : Pulsing Driver for 10ms (1.0 pulse_power)
2025-05-30 06:55:04,130 : INFO : EventManager : Event: ======'slide__global.slide_player-ball_started_created'====== Args={'_from_bcp': True}
2025-05-30 06:55:04,131 : INFO : EventManager : Event: ======'slide__global.slide_player-ball_started_active'====== Args={'_from_bcp': True}
2025-05-30 06:55:07,793 : WARNING : BcpInterface : Received BCP switch message with invalid switchname: 's_plunger'
2025-05-30 06:55:09,564 : WARNING : BcpInterface : Received BCP switch message with invalid switchname: 's_plunger'
2025-05-30 06:55:09,862 : WARNING : BcpInterface : Received BCP switch message with invalid switchname: 's_plunger'
2025-05-30 06:55:10,463 : WARNING : BcpInterface : Received BCP switch message with invalid switchname: 's_plunger'
2025-05-30 06:55:10,710 : WARNING : BcpInterface : Received BCP switch message with invalid switchname: 's_plunger'
2025-05-30 06:55:10,917 : WARNING : BcpInterface : Received BCP switch message with invalid switchname: 's_plunger'
2025-05-30 06:55:11,116 : WARNING : BcpInterface : Received BCP switch message with invalid switchname: 's_plunger'
2025-05-30 06:55:11,326 : WARNING : BcpInterface : Received BCP switch message with invalid switchname: 's_plunger'
2025-05-30 06:55:11,786 : WARNING : BcpInterface : Received BCP switch message with invalid switchname: 's_plunger'
2025-05-30 06:55:12,319 : WARNING : BcpInterface : Received BCP switch message with invalid switchname: 's_plunger'
2025-05-30 06:55:13,194 : WARNING : BcpInterface : Received BCP switch message with invalid switchname: 's_plunger'
2025-05-30 06:55:13,739 : WARNING : BcpInterface : Received BCP switch message with invalid switchname: 's_plunger'
2025-05-30 06:55:14,102 : INFO : EventManager : Event: ======'balldevice_bd_trough_ball_eject_failed'====== Args={'target': <playfield.playfield>, 'balls': 1, 'retry': True, 'num_attempts': 1}
2025-05-30 06:55:14,107 : INFO : ball_device.bd_trough : State: waiting_for_target_ready
2025-05-30 06:55:14,107 : INFO : EventManager : Event: ======'balldevice_bd_trough_ball_eject_attempt'====== Args={'balls': 1, 'target': <playfield.playfield>, 'source': <ball_device.bd_trough>, 'mechanical_eject': False, 'num_attempts': 1}
2025-05-30 06:55:14,109 : INFO : ball_device.bd_trough : State: ejecting
2025-05-30 06:55:14,109 : INFO : ball_device.bd_trough : Ejecting ball to <playfield.playfield>
2025-05-30 06:55:14,110 : INFO : EventManager : Event: ======'balldevice_bd_trough_ejecting_ball'====== Args={'balls': 1, 'target': <playfield.playfield>, 'source': <ball_device.bd_trough>, 'mechanical_eject': False, 'num_attempts': 1}
2025-05-30 06:55:14,113 : INFO : ball_device.bd_trough : Wait for ball to leave device
2025-05-30 06:55:14,113 : INFO : coil.c_trough_eject : Pulsing Driver for 10ms (1.0 pulse_power)
2025-05-30 06:55:14,558 : WARNING : BcpInterface : Received BCP switch message with invalid switchname: 's_plunger'
2025-05-30 06:55:14,793 : WARNING : BcpInterface : Received BCP switch message with invalid switchname: 's_plunger'
2025-05-30 06:55:18,458 : INFO : SwitchController : <<<<<<< 's_left_flipper' active >>>>>>>
2025-05-30 06:55:18,458 : INFO : EventManager : Event: ======'machine_var_audits_switches_s_left_flipper'====== Args={'value': 2142, 'prev_value': 2141, 'change': 1}
2025-05-30 06:55:18,495 : INFO : SwitchController : <<<<<<< 's_right_flipper' active >>>>>>>
2025-05-30 06:55:18,496 : INFO : EventManager : Event: ======'flipper_cancel'====== Args={'triggering_group': 2, 'triggering_switch': 's_right_flipper'}
2025-05-30 06:55:18,496 : INFO : EventManager : Event: ======'machine_var_audits_switches_s_right_flipper'====== Args={'value': 2195, 'prev_value': 2194, 'change': 1}
2025-05-30 06:55:18,570 : INFO : SwitchController : <<<<<<< 's_right_flipper' inactive >>>>>>>
2025-05-30 06:55:18,570 : INFO : EventManager : Event: ======'both_flippers_one'====== Args={'triggering_group': 2, 'triggering_switch': 's_right_flipper'}
2025-05-30 06:55:18,719 : INFO : SwitchController : <<<<<<< 's_left_flipper' inactive >>>>>>>
2025-05-30 06:55:18,719 : INFO : EventManager : Event: ======'both_flippers_inactive'====== Args={'triggering_group': 1, 'triggering_switch': 's_left_flipper'}
2025-05-30 06:55:18,768 : INFO : SwitchController : <<<<<<< 's_right_flipper' active >>>>>>>
2025-05-30 06:55:18,769 : INFO : EventManager : Event: ======'machine_var_audits_switches_s_right_flipper'====== Args={'value': 2196, 'prev_value': 2195, 'change': 1}
2025-05-30 06:55:18,917 : INFO : SwitchController : <<<<<<< 's_right_flipper' inactive >>>>>>>
2025-05-30 06:55:18,917 : INFO : SwitchController : <<<<<<< 's_left_flipper' active >>>>>>>
2025-05-30 06:55:18,918 : INFO : EventManager : Event: ======'machine_var_audits_switches_s_left_flipper'====== Args={'value': 2143, 'prev_value': 2142, 'change': 1}
2025-05-30 06:55:19,052 : INFO : SwitchController : <<<<<<< 's_left_flipper' inactive >>>>>>>
2025-05-30 06:55:19,064 : INFO : SwitchController : <<<<<<< 's_right_flipper' active >>>>>>>
2025-05-30 06:55:19,064 : INFO : EventManager : Event: ======'machine_var_audits_switches_s_right_flipper'====== Args={'value': 2197, 'prev_value': 2196, 'change': 1}
2025-05-30 06:55:19,201 : INFO : SwitchController : <<<<<<< 's_right_flipper' inactive >>>>>>>
2025-05-30 06:55:19,201 : INFO : SwitchController : <<<<<<< 's_left_flipper' active >>>>>>>
2025-05-30 06:55:19,201 : INFO : EventManager : Event: ======'machine_var_audits_switches_s_left_flipper'====== Args={'value': 2144, 'prev_value': 2143, 'change': 1}
2025-05-30 06:55:19,352 : INFO : SwitchController : <<<<<<< 's_left_flipper' inactive >>>>>>>
2025-05-30 06:55:19,352 : INFO : SwitchController : <<<<<<< 's_right_flipper' active >>>>>>>
2025-05-30 06:55:19,352 : INFO : EventManager : Event: ======'machine_var_audits_switches_s_right_flipper'====== Args={'value': 2198, 'prev_value': 2197, 'change': 1}
2025-05-30 06:55:19,501 : INFO : SwitchController : <<<<<<< 's_right_flipper' inactive >>>>>>>
2025-05-30 06:55:19,502 : INFO : SwitchController : <<<<<<< 's_left_flipper' active >>>>>>>
2025-05-30 06:55:19,502 : INFO : EventManager : Event: ======'machine_var_audits_switches_s_left_flipper'====== Args={'value': 2145, 'prev_value': 2144, 'change': 1}
2025-05-30 06:55:19,673 : INFO : SwitchController : <<<<<<< 's_left_flipper' inactive >>>>>>>
2025-05-30 06:55:19,673 : INFO : SwitchController : <<<<<<< 's_right_flipper' active >>>>>>>
2025-05-30 06:55:19,673 : INFO : EventManager : Event: ======'machine_var_audits_switches_s_right_flipper'====== Args={'value': 2199, 'prev_value': 2198, 'change': 1}
2025-05-30 06:55:19,822 : INFO : SwitchController : <<<<<<< 's_right_flipper' inactive >>>>>>>
2025-05-30 06:55:19,823 : INFO : SwitchController : <<<<<<< 's_left_flipper' active >>>>>>>
2025-05-30 06:55:19,823 : INFO : EventManager : Event: ======'machine_var_audits_switches_s_left_flipper'====== Args={'value': 2146, 'prev_value': 2145, 'change': 1}
2025-05-30 06:55:20,009 : INFO : SwitchController : <<<<<<< 's_left_flipper' inactive >>>>>>>
2025-05-30 06:55:20,296 : INFO : SwitchController : <<<<<<< 's_right_flipper' active >>>>>>>
2025-05-30 06:55:20,296 : INFO : EventManager : Event: ======'machine_var_audits_switches_s_right_flipper'====== Args={'value': 2200, 'prev_value': 2199, 'change': 1}
2025-05-30 06:55:20,444 : INFO : SwitchController : <<<<<<< 's_right_flipper' inactive >>>>>>>
2025-05-30 06:55:20,617 : INFO : SwitchController : <<<<<<< 's_left_flipper' active >>>>>>>
2025-05-30 06:55:20,617 : INFO : EventManager : Event: ======'machine_var_audits_switches_s_left_flipper'====== Args={'value': 2147, 'prev_value': 2146, 'change': 1}
2025-05-30 06:55:20,805 : INFO : SwitchController : <<<<<<< 's_left_flipper' inactive >>>>>>>
2025-05-30 06:55:21,175 : INFO : SwitchController : <<<<<<< 's_right_flipper' active >>>>>>>
2025-05-30 06:55:21,176 : INFO : EventManager : Event: ======'machine_var_audits_switches_s_right_flipper'====== Args={'value': 2201, 'prev_value': 2200, 'change': 1}
2025-05-30 06:55:21,323 : INFO : SwitchController : <<<<<<< 's_right_flipper' inactive >>>>>>>
2025-05-30 06:55:21,446 : INFO : SwitchController : <<<<<<< 's_right_flipper' active >>>>>>>
2025-05-30 06:55:21,446 : INFO : EventManager : Event: ======'machine_var_audits_switches_s_right_flipper'====== Args={'value': 2202, 'prev_value': 2201, 'change': 1}
2025-05-30 06:55:21,584 : INFO : SwitchController : <<<<<<< 's_right_flipper' inactive >>>>>>>
2025-05-30 06:55:21,785 : INFO : SwitchController : <<<<<<< 's_right_flipper' active >>>>>>>
2025-05-30 06:55:21,785 : INFO : EventManager : Event: ======'machine_var_audits_switches_s_right_flipper'====== Args={'value': 2203, 'prev_value': 2202, 'change': 1}
2025-05-30 06:55:21,918 : INFO : SwitchController : <<<<<<< 's_right_flipper' inactive >>>>>>>
2025-05-30 06:55:22,028 : INFO : SwitchController : <<<<<<< 's_left_flipper' active >>>>>>>
2025-05-30 06:55:22,028 : INFO : EventManager : Event: ======'machine_var_audits_switches_s_left_flipper'====== Args={'value': 2148, 'prev_value': 2147, 'change': 1}
2025-05-30 06:55:22,126 : INFO : SwitchController : <<<<<<< 's_left_flipper' inactive >>>>>>>
2025-05-30 06:55:22,199 : INFO : SwitchController : <<<<<<< 's_right_flipper' active >>>>>>>
2025-05-30 06:55:22,199 : INFO : EventManager : Event: ======'machine_var_audits_switches_s_right_flipper'====== Args={'value': 2204, 'prev_value': 2203, 'change': 1}
2025-05-30 06:55:22,346 : INFO : SwitchController : <<<<<<< 's_right_flipper' inactive >>>>>>>
2025-05-30 06:55:22,358 : INFO : SwitchController : <<<<<<< 's_left_flipper' active >>>>>>>
2025-05-30 06:55:22,358 : INFO : EventManager : Event: ======'machine_var_audits_switches_s_left_flipper'====== Args={'value': 2149, 'prev_value': 2148, 'change': 1}
2025-05-30 06:55:22,456 : INFO : SwitchController : <<<<<<< 's_left_flipper' inactive >>>>>>>
2025-05-30 06:55:22,456 : INFO : SwitchController : <<<<<<< 's_right_flipper' active >>>>>>>
2025-05-30 06:55:22,456 : INFO : EventManager : Event: ======'machine_var_audits_switches_s_right_flipper'====== Args={'value': 2205, 'prev_value': 2204, 'change': 1}
2025-05-30 06:55:22,604 : INFO : SwitchController : <<<<<<< 's_right_flipper' inactive >>>>>>>
2025-05-30 06:55:22,604 : INFO : SwitchController : <<<<<<< 's_left_flipper' active >>>>>>>
2025-05-30 06:55:22,605 : INFO : EventManager : Event: ======'machine_var_audits_switches_s_left_flipper'====== Args={'value': 2150, 'prev_value': 2149, 'change': 1}
2025-05-30 06:55:22,703 : INFO : SwitchController : <<<<<<< 's_right_flipper' active >>>>>>>
2025-05-30 06:55:22,703 : INFO : EventManager : Event: ======'flipper_cancel'====== Args={'triggering_group': 2, 'triggering_switch': 's_right_flipper'}
2025-05-30 06:55:22,703 : INFO : EventManager : Event: ======'machine_var_audits_switches_s_right_flipper'====== Args={'value': 2206, 'prev_value': 2205, 'change': 1}
2025-05-30 06:55:22,740 : INFO : SwitchController : <<<<<<< 's_left_flipper' inactive >>>>>>>
2025-05-30 06:55:22,740 : INFO : EventManager : Event: ======'both_flippers_one'====== Args={'triggering_group': 1, 'triggering_switch': 's_left_flipper'}
2025-05-30 06:55:22,815 : INFO : SwitchController : <<<<<<< 's_right_flipper' inactive >>>>>>>
2025-05-30 06:55:22,815 : INFO : EventManager : Event: ======'both_flippers_inactive'====== Args={'triggering_group': 2, 'triggering_switch': 's_right_flipper'}
2025-05-30 06:55:24,104 : INFO : EventManager : Event: ======'balldevice_bd_trough_ball_eject_failed'====== Args={'target': <playfield.playfield>, 'balls': 1, 'retry': True, 'num_attempts': 2}
2025-05-30 06:55:24,110 : INFO : ball_device.bd_trough : State: waiting_for_target_ready
2025-05-30 06:55:24,111 : INFO : EventManager : Event: ======'balldevice_bd_trough_ball_eject_attempt'====== Args={'balls': 1, 'target': <playfield.playfield>, 'source': <ball_device.bd_trough>, 'mechanical_eject': False, 'num_attempts': 2}
2025-05-30 06:55:24,113 : INFO : ball_device.bd_trough : State: ejecting
2025-05-30 06:55:24,113 : INFO : ball_device.bd_trough : Ejecting ball to <playfield.playfield>
2025-05-30 06:55:24,113 : INFO : EventManager : Event: ======'balldevice_bd_trough_ejecting_ball'====== Args={'balls': 1, 'target': <playfield.playfield>, 'source': <ball_device.bd_trough>, 'mechanical_eject': False, 'num_attempts': 2}
2025-05-30 06:55:24,119 : INFO : ball_device.bd_trough : Wait for ball to leave device
2025-05-30 06:55:24,120 : INFO : coil.c_trough_eject : Pulsing Driver for 10ms (1.0 pulse_power)
2025-05-30 06:55:30,018 : INFO : SwitchController : <<<<<<< 's_left_flipper' active >>>>>>>
2025-05-30 06:55:30,019 : INFO : EventManager : Event: ======'machine_var_audits_switches_s_left_flipper'====== Args={'value': 2151, 'prev_value': 2150, 'change': 1}
2025-05-30 06:55:30,190 : INFO : SwitchController : <<<<<<< 's_left_flipper' inactive >>>>>>>
2025-05-30 06:55:30,252 : INFO : SwitchController : <<<<<<< 's_right_flipper' active >>>>>>>
2025-05-30 06:55:30,252 : INFO : EventManager : Event: ======'machine_var_audits_switches_s_right_flipper'====== Args={'value': 2207, 'prev_value': 2206, 'change': 1}
2025-05-30 06:55:30,438 : INFO : SwitchController : <<<<<<< 's_right_flipper' inactive >>>>>>>
2025-05-30 06:55:30,598 : INFO : SwitchController : <<<<<<< 's_left_flipper' active >>>>>>>
2025-05-30 06:55:30,598 : INFO : EventManager : Event: ======'machine_var_audits_switches_s_left_flipper'====== Args={'value': 2152, 'prev_value': 2151, 'change': 1}
2025-05-30 06:55:30,771 : INFO : SwitchController : <<<<<<< 's_left_flipper' inactive >>>>>>>
2025-05-30 06:55:30,820 : INFO : SwitchController : <<<<<<< 's_right_flipper' active >>>>>>>
2025-05-30 06:55:30,820 : INFO : EventManager : Event: ======'machine_var_audits_switches_s_right_flipper'====== Args={'value': 2208, 'prev_value': 2207, 'change': 1}
2025-05-30 06:55:30,966 : INFO : SwitchController : <<<<<<< 's_right_flipper' inactive >>>>>>>
2025-05-30 06:55:31,081 : INFO : SwitchController : <<<<<<< 's_left_flipper' active >>>>>>>
2025-05-30 06:55:31,082 : INFO : EventManager : Event: ======'machine_var_audits_switches_s_left_flipper'====== Args={'value': 2153, 'prev_value': 2152, 'change': 1}
2025-05-30 06:55:31,265 : INFO : SwitchController : <<<<<<< 's_left_flipper' inactive >>>>>>>
2025-05-30 06:55:31,391 : INFO : SwitchController : <<<<<<< 's_right_flipper' active >>>>>>>
2025-05-30 06:55:31,391 : INFO : EventManager : Event: ======'machine_var_audits_switches_s_right_flipper'====== Args={'value': 2209, 'prev_value': 2208, 'change': 1}
2025-05-30 06:55:31,540 : INFO : SwitchController : <<<<<<< 's_right_flipper' inactive >>>>>>>
2025-05-30 06:55:31,614 : INFO : SwitchController : <<<<<<< 's_left_flipper' active >>>>>>>
2025-05-30 06:55:31,614 : INFO : EventManager : Event: ======'machine_var_audits_switches_s_left_flipper'====== Args={'value': 2154, 'prev_value': 2153, 'change': 1}
2025-05-30 06:55:31,763 : INFO : SwitchController : <<<<<<< 's_left_flipper' inactive >>>>>>>
2025-05-30 06:55:31,861 : INFO : SwitchController : <<<<<<< 's_right_flipper' active >>>>>>>
2025-05-30 06:55:31,861 : INFO : EventManager : Event: ======'machine_var_audits_switches_s_right_flipper'====== Args={'value': 2210, 'prev_value': 2209, 'change': 1}
2025-05-30 06:55:32,047 : INFO : SwitchController : <<<<<<< 's_right_flipper' inactive >>>>>>>
2025-05-30 06:55:32,121 : INFO : SwitchController : <<<<<<< 's_left_flipper' active >>>>>>>
2025-05-30 06:55:32,121 : INFO : EventManager : Event: ======'machine_var_audits_switches_s_left_flipper'====== Args={'value': 2155, 'prev_value': 2154, 'change': 1}
2025-05-30 06:55:32,307 : INFO : SwitchController : <<<<<<< 's_left_flipper' inactive >>>>>>>
2025-05-30 06:55:32,429 : INFO : SwitchController : <<<<<<< 's_right_flipper' active >>>>>>>
2025-05-30 06:55:32,430 : INFO : EventManager : Event: ======'machine_var_audits_switches_s_right_flipper'====== Args={'value': 2211, 'prev_value': 2210, 'change': 1}
2025-05-30 06:55:32,615 : INFO : SwitchController : <<<<<<< 's_right_flipper' inactive >>>>>>>
2025-05-30 06:55:32,676 : INFO : SwitchController : <<<<<<< 's_left_flipper' active >>>>>>>
2025-05-30 06:55:32,677 : INFO : EventManager : Event: ======'machine_var_audits_switches_s_left_flipper'====== Args={'value': 2156, 'prev_value': 2155, 'change': 1}
2025-05-30 06:55:32,862 : INFO : SwitchController : <<<<<<< 's_left_flipper' inactive >>>>>>>
2025-05-30 06:55:32,962 : INFO : SwitchController : <<<<<<< 's_right_flipper' active >>>>>>>
2025-05-30 06:55:32,962 : INFO : EventManager : Event: ======'machine_var_audits_switches_s_right_flipper'====== Args={'value': 2212, 'prev_value': 2211, 'change': 1}
2025-05-30 06:55:33,098 : INFO : SwitchController : <<<<<<< 's_right_flipper' inactive >>>>>>>
2025-05-30 06:55:33,278 : INFO : SwitchController : <<<<<<< 's_left_flipper' active >>>>>>>
2025-05-30 06:55:33,279 : INFO : EventManager : Event: ======'machine_var_audits_switches_s_left_flipper'====== Args={'value': 2157, 'prev_value': 2156, 'change': 1}
2025-05-30 06:55:33,465 : INFO : SwitchController : <<<<<<< 's_left_flipper' inactive >>>>>>>
2025-05-30 06:55:34,104 : INFO : EventManager : Event: ======'balldevice_bd_trough_ball_eject_failed'====== Args={'target': <playfield.playfield>, 'balls': 1, 'retry': True, 'num_attempts': 3}
2025-05-30 06:55:34,105 : INFO : ball_device.bd_trough : State: waiting_for_target_ready
2025-05-30 06:55:34,105 : INFO : EventManager : Event: ======'balldevice_bd_trough_ball_eject_attempt'====== Args={'balls': 1, 'target': <playfield.playfield>, 'source': <ball_device.bd_trough>, 'mechanical_eject': False, 'num_attempts': 3}
2025-05-30 06:55:34,107 : INFO : ball_device.bd_trough : State: ejecting
2025-05-30 06:55:34,107 : INFO : ball_device.bd_trough : Ejecting ball to <playfield.playfield>
2025-05-30 06:55:34,107 : INFO : EventManager : Event: ======'balldevice_bd_trough_ejecting_ball'====== Args={'balls': 1, 'target': <playfield.playfield>, 'source': <ball_device.bd_trough>, 'mechanical_eject': False, 'num_attempts': 3}
2025-05-30 06:55:34,108 : INFO : ball_device.bd_trough : Wait for ball to leave device
2025-05-30 06:55:34,108 : INFO : coil.c_trough_eject : Pulsing Driver for 10ms (1.0 pulse_power)
2025-05-30 06:55:44,104 : INFO : EventManager : Event: ======'balldevice_bd_trough_ball_eject_failed'====== Args={'target': <playfield.playfield>, 'balls': 1, 'retry': True, 'num_attempts': 4}
2025-05-30 06:55:44,107 : INFO : ball_device.bd_trough : State: waiting_for_target_ready
2025-05-30 06:55:44,107 : INFO : EventManager : Event: ======'balldevice_bd_trough_ball_eject_attempt'====== Args={'balls': 1, 'target': <playfield.playfield>, 'source': <ball_device.bd_trough>, 'mechanical_eject': False, 'num_attempts': 4}
2025-05-30 06:55:44,108 : INFO : ball_device.bd_trough : State: ejecting
2025-05-30 06:55:44,108 : INFO : ball_device.bd_trough : Ejecting ball to <playfield.playfield>
2025-05-30 06:55:44,108 : INFO : EventManager : Event: ======'balldevice_bd_trough_ejecting_ball'====== Args={'balls': 1, 'target': <playfield.playfield>, 'source': <ball_device.bd_trough>, 'mechanical_eject': False, 'num_attempts': 4}
2025-05-30 06:55:44,111 : INFO : ball_device.bd_trough : Wait for ball to leave device
2025-05-30 06:55:44,111 : INFO : coil.c_trough_eject : Pulsing Driver for 10ms (1.0 pulse_power)
2025-05-30 06:55:54,103 : INFO : EventManager : Event: ======'balldevice_bd_trough_ball_eject_failed'====== Args={'target': <playfield.playfield>, 'balls': 1, 'retry': True, 'num_attempts': 5}
2025-05-30 06:55:54,105 : INFO : ball_device.bd_trough : State: waiting_for_target_ready
2025-05-30 06:55:54,105 : INFO : EventManager : Event: ======'balldevice_bd_trough_ball_eject_attempt'====== Args={'balls': 1, 'target': <playfield.playfield>, 'source': <ball_device.bd_trough>, 'mechanical_eject': False, 'num_attempts': 5}
2025-05-30 06:55:54,106 : INFO : ball_device.bd_trough : State: ejecting
2025-05-30 06:55:54,106 : INFO : ball_device.bd_trough : Ejecting ball to <playfield.playfield>
2025-05-30 06:55:54,106 : INFO : EventManager : Event: ======'balldevice_bd_trough_ejecting_ball'====== Args={'balls': 1, 'target': <playfield.playfield>, 'source': <ball_device.bd_trough>, 'mechanical_eject': False, 'num_attempts': 5}
2025-05-30 06:55:54,108 : INFO : ball_device.bd_trough : Wait for ball to leave device
2025-05-30 06:55:54,108 : INFO : coil.c_trough_eject : Pulsing Driver for 10ms (1.0 pulse_power)
2025-05-30 06:56:04,111 : INFO : EventManager : Event: ======'balldevice_bd_trough_ball_eject_failed'====== Args={'target': <playfield.playfield>, 'balls': 1, 'retry': True, 'num_attempts': 6}
2025-05-30 06:56:04,114 : INFO : ball_device.bd_trough : State: waiting_for_target_ready
2025-05-30 06:56:04,115 : INFO : EventManager : Event: ======'balldevice_bd_trough_ball_eject_attempt'====== Args={'balls': 1, 'target': <playfield.playfield>, 'source': <ball_device.bd_trough>, 'mechanical_eject': False, 'num_attempts': 6}
2025-05-30 06:56:04,116 : INFO : ball_device.bd_trough : State: ejecting
2025-05-30 06:56:04,116 : INFO : ball_device.bd_trough : Ejecting ball to <playfield.playfield>
2025-05-30 06:56:04,116 : INFO : EventManager : Event: ======'balldevice_bd_trough_ejecting_ball'====== Args={'balls': 1, 'target': <playfield.playfield>, 'source': <ball_device.bd_trough>, 'mechanical_eject': False, 'num_attempts': 6}
2025-05-30 06:56:04,118 : INFO : ball_device.bd_trough : Wait for ball to leave device
2025-05-30 06:56:04,118 : INFO : coil.c_trough_eject : Pulsing Driver for 10ms (1.0 pulse_power)
2025-05-30 06:56:14,103 : INFO : EventManager : Event: ======'balldevice_bd_trough_ball_eject_failed'====== Args={'target': <playfield.playfield>, 'balls': 1, 'retry': True, 'num_attempts': 7}
2025-05-30 06:56:14,107 : INFO : ball_device.bd_trough : State: waiting_for_target_ready
2025-05-30 06:56:14,107 : INFO : EventManager : Event: ======'balldevice_bd_trough_ball_eject_attempt'====== Args={'balls': 1, 'target': <playfield.playfield>, 'source': <ball_device.bd_trough>, 'mechanical_eject': False, 'num_attempts': 7}
2025-05-30 06:56:14,108 : INFO : ball_device.bd_trough : State: ejecting
2025-05-30 06:56:14,109 : INFO : ball_device.bd_trough : Ejecting ball to <playfield.playfield>
2025-05-30 06:56:14,109 : INFO : EventManager : Event: ======'balldevice_bd_trough_ejecting_ball'====== Args={'balls': 1, 'target': <playfield.playfield>, 'source': <ball_device.bd_trough>, 'mechanical_eject': False, 'num_attempts': 7}
2025-05-30 06:56:14,112 : INFO : ball_device.bd_trough : Wait for ball to leave device
2025-05-30 06:56:14,112 : INFO : coil.c_trough_eject : Pulsing Driver for 10ms (1.0 pulse_power)
2025-05-30 06:56:24,103 : INFO : EventManager : Event: ======'balldevice_bd_trough_ball_eject_failed'====== Args={'target': <playfield.playfield>, 'balls': 1, 'retry': True, 'num_attempts': 8}
2025-05-30 06:56:24,110 : INFO : ball_device.bd_trough : State: waiting_for_target_ready
2025-05-30 06:56:24,110 : INFO : EventManager : Event: ======'balldevice_bd_trough_ball_eject_attempt'====== Args={'balls': 1, 'target': <playfield.playfield>, 'source': <ball_device.bd_trough>, 'mechanical_eject': False, 'num_attempts': 8}
2025-05-30 06:56:24,112 : INFO : ball_device.bd_trough : State: ejecting
2025-05-30 06:56:24,113 : INFO : ball_device.bd_trough : Ejecting ball to <playfield.playfield>
2025-05-30 06:56:24,113 : INFO : EventManager : Event: ======'balldevice_bd_trough_ejecting_ball'====== Args={'balls': 1, 'target': <playfield.playfield>, 'source': <ball_device.bd_trough>, 'mechanical_eject': False, 'num_attempts': 8}
2025-05-30 06:56:24,119 : INFO : ball_device.bd_trough : Wait for ball to leave device
2025-05-30 06:56:24,119 : INFO : coil.c_trough_eject : Pulsing Driver for 10ms (1.0 pulse_power)
2025-05-30 06:56:34,103 : INFO : EventManager : Event: ======'balldevice_bd_trough_ball_eject_failed'====== Args={'target': <playfield.playfield>, 'balls': 1, 'retry': True, 'num_attempts': 9}
2025-05-30 06:56:34,106 : INFO : ball_device.bd_trough : State: waiting_for_target_ready
2025-05-30 06:56:34,107 : INFO : EventManager : Event: ======'balldevice_bd_trough_ball_eject_attempt'====== Args={'balls': 1, 'target': <playfield.playfield>, 'source': <ball_device.bd_trough>, 'mechanical_eject': False, 'num_attempts': 9}
2025-05-30 06:56:34,108 : INFO : ball_device.bd_trough : State: ejecting
2025-05-30 06:56:34,108 : INFO : ball_device.bd_trough : Ejecting ball to <playfield.playfield>
2025-05-30 06:56:34,108 : INFO : EventManager : Event: ======'balldevice_bd_trough_ejecting_ball'====== Args={'balls': 1, 'target': <playfield.playfield>, 'source': <ball_device.bd_trough>, 'mechanical_eject': False, 'num_attempts': 9}
2025-05-30 06:56:34,109 : INFO : ball_device.bd_trough : Wait for ball to leave device
2025-05-30 06:56:34,110 : INFO : coil.c_trough_eject : Pulsing Driver for 10ms (1.0 pulse_power)
2025-05-30 06:56:44,111 : INFO : EventManager : Event: ======'balldevice_bd_trough_ball_eject_failed'====== Args={'target': <playfield.playfield>, 'balls': 1, 'retry': True, 'num_attempts': 10}
2025-05-30 06:56:44,118 : INFO : ball_device.bd_trough : State: waiting_for_target_ready
2025-05-30 06:56:44,118 : INFO : EventManager : Event: ======'balldevice_bd_trough_ball_eject_attempt'====== Args={'balls': 1, 'target': <playfield.playfield>, 'source': <ball_device.bd_trough>, 'mechanical_eject': False, 'num_attempts': 10}
2025-05-30 06:56:44,121 : INFO : ball_device.bd_trough : State: ejecting
2025-05-30 06:56:44,121 : INFO : ball_device.bd_trough : Ejecting ball to <playfield.playfield>
2025-05-30 06:56:44,122 : INFO : EventManager : Event: ======'balldevice_bd_trough_ejecting_ball'====== Args={'balls': 1, 'target': <playfield.playfield>, 'source': <ball_device.bd_trough>, 'mechanical_eject': False, 'num_attempts': 10}
2025-05-30 06:56:44,128 : INFO : ball_device.bd_trough : Wait for ball to leave device
2025-05-30 06:56:44,128 : INFO : coil.c_trough_eject : Pulsing Driver for 10ms (1.0 pulse_power)
2025-05-30 06:56:54,103 : INFO : EventManager : Event: ======'balldevice_bd_trough_ball_eject_failed'====== Args={'target': <playfield.playfield>, 'balls': 1, 'retry': True, 'num_attempts': 11}
2025-05-30 06:56:54,108 : INFO : ball_device.bd_trough : State: waiting_for_target_ready
2025-05-30 06:56:54,108 : INFO : EventManager : Event: ======'balldevice_bd_trough_ball_eject_attempt'====== Args={'balls': 1, 'target': <playfield.playfield>, 'source': <ball_device.bd_trough>, 'mechanical_eject': False, 'num_attempts': 11}
2025-05-30 06:56:54,111 : INFO : ball_device.bd_trough : State: ejecting
2025-05-30 06:56:54,112 : INFO : ball_device.bd_trough : Ejecting ball to <playfield.playfield>
2025-05-30 06:56:54,113 : INFO : EventManager : Event: ======'balldevice_bd_trough_ejecting_ball'====== Args={'balls': 1, 'target': <playfield.playfield>, 'source': <ball_device.bd_trough>, 'mechanical_eject': False, 'num_attempts': 11}
2025-05-30 06:56:54,117 : INFO : ball_device.bd_trough : Wait for ball to leave device
2025-05-30 06:56:54,117 : INFO : coil.c_trough_eject : Pulsing Driver for 10ms (1.0 pulse_power)
2025-05-30 06:57:04,102 : INFO : EventManager : Event: ======'balldevice_bd_trough_ball_eject_failed'====== Args={'target': <playfield.playfield>, 'balls': 1, 'retry': True, 'num_attempts': 12}
2025-05-30 06:57:04,106 : INFO : ball_device.bd_trough : State: waiting_for_target_ready
2025-05-30 06:57:04,106 : INFO : EventManager : Event: ======'balldevice_bd_trough_ball_eject_attempt'====== Args={'balls': 1, 'target': <playfield.playfield>, 'source': <ball_device.bd_trough>, 'mechanical_eject': False, 'num_attempts': 12}
2025-05-30 06:57:04,107 : INFO : ball_device.bd_trough : State: ejecting
2025-05-30 06:57:04,107 : INFO : ball_device.bd_trough : Ejecting ball to <playfield.playfield>
2025-05-30 06:57:04,108 : INFO : EventManager : Event: ======'balldevice_bd_trough_ejecting_ball'====== Args={'balls': 1, 'target': <playfield.playfield>, 'source': <ball_device.bd_trough>, 'mechanical_eject': False, 'num_attempts': 12}
2025-05-30 06:57:04,111 : INFO : ball_device.bd_trough : Wait for ball to leave device
2025-05-30 06:57:04,111 : INFO : coil.c_trough_eject : Pulsing Driver for 10ms (1.0 pulse_power)
2025-05-30 06:57:14,106 : INFO : EventManager : Event: ======'balldevice_bd_trough_ball_eject_failed'====== Args={'target': <playfield.playfield>, 'balls': 1, 'retry': True, 'num_attempts': 13}
2025-05-30 06:57:14,109 : INFO : ball_device.bd_trough : State: waiting_for_target_ready
2025-05-30 06:57:14,110 : INFO : EventManager : Event: ======'balldevice_bd_trough_ball_eject_attempt'====== Args={'balls': 1, 'target': <playfield.playfield>, 'source': <ball_device.bd_trough>, 'mechanical_eject': False, 'num_attempts': 13}
2025-05-30 06:57:14,110 : INFO : ball_device.bd_trough : State: ejecting
2025-05-30 06:57:14,110 : INFO : ball_device.bd_trough : Ejecting ball to <playfield.playfield>
2025-05-30 06:57:14,111 : INFO : EventManager : Event: ======'balldevice_bd_trough_ejecting_ball'====== Args={'balls': 1, 'target': <playfield.playfield>, 'source': <ball_device.bd_trough>, 'mechanical_eject': False, 'num_attempts': 13}
2025-05-30 06:57:14,113 : INFO : ball_device.bd_trough : Wait for ball to leave device
2025-05-30 06:57:14,114 : INFO : coil.c_trough_eject : Pulsing Driver for 10ms (1.0 pulse_power)
2025-05-30 06:57:24,103 : INFO : EventManager : Event: ======'balldevice_bd_trough_ball_eject_failed'====== Args={'target': <playfield.playfield>, 'balls': 1, 'retry': True, 'num_attempts': 14}
2025-05-30 06:57:24,109 : INFO : ball_device.bd_trough : State: waiting_for_target_ready
2025-05-30 06:57:24,109 : INFO : EventManager : Event: ======'balldevice_bd_trough_ball_eject_attempt'====== Args={'balls': 1, 'target': <playfield.playfield>, 'source': <ball_device.bd_trough>, 'mechanical_eject': False, 'num_attempts': 14}
2025-05-30 06:57:24,113 : INFO : ball_device.bd_trough : State: ejecting
2025-05-30 06:57:24,114 : INFO : ball_device.bd_trough : Ejecting ball to <playfield.playfield>
2025-05-30 06:57:24,114 : INFO : EventManager : Event: ======'balldevice_bd_trough_ejecting_ball'====== Args={'balls': 1, 'target': <playfield.playfield>, 'source': <ball_device.bd_trough>, 'mechanical_eject': False, 'num_attempts': 14}
2025-05-30 06:57:24,119 : INFO : ball_device.bd_trough : Wait for ball to leave device
2025-05-30 06:57:24,119 : INFO : coil.c_trough_eject : Pulsing Driver for 10ms (1.0 pulse_power)
2025-05-30 06:57:34,113 : INFO : EventManager : Event: ======'balldevice_bd_trough_ball_eject_failed'====== Args={'target': <playfield.playfield>, 'balls': 1, 'retry': True, 'num_attempts': 15}
2025-05-30 06:57:34,116 : INFO : ball_device.bd_trough : State: waiting_for_target_ready
2025-05-30 06:57:34,117 : INFO : EventManager : Event: ======'balldevice_bd_trough_ball_eject_attempt'====== Args={'balls': 1, 'target': <playfield.playfield>, 'source': <ball_device.bd_trough>, 'mechanical_eject': False, 'num_attempts': 15}
2025-05-30 06:57:34,118 : INFO : ball_device.bd_trough : State: ejecting
2025-05-30 06:57:34,118 : INFO : ball_device.bd_trough : Ejecting ball to <playfield.playfield>
2025-05-30 06:57:34,118 : INFO : EventManager : Event: ======'balldevice_bd_trough_ejecting_ball'====== Args={'balls': 1, 'target': <playfield.playfield>, 'source': <ball_device.bd_trough>, 'mechanical_eject': False, 'num_attempts': 15}
2025-05-30 06:57:34,120 : INFO : ball_device.bd_trough : Wait for ball to leave device
2025-05-30 06:57:34,121 : INFO : coil.c_trough_eject : Pulsing Driver for 10ms (1.0 pulse_power)
2025-05-30 06:57:42,293 : INFO : SwitchController : <<<<<<< 's_left_flipper' active >>>>>>>
2025-05-30 06:57:42,293 : INFO : EventManager : Event: ======'machine_var_audits_switches_s_left_flipper'====== Args={'value': 2158, 'prev_value': 2157, 'change': 1}
2025-05-30 06:57:42,366 : INFO : SwitchController : <<<<<<< 's_left_flipper' inactive >>>>>>>
2025-05-30 06:57:42,678 : INFO : SwitchController : <<<<<<< 's_right_flipper' active >>>>>>>
2025-05-30 06:57:42,678 : INFO : EventManager : Event: ======'machine_var_audits_switches_s_right_flipper'====== Args={'value': 2213, 'prev_value': 2212, 'change': 1}
2025-05-30 06:57:42,776 : INFO : SwitchController : <<<<<<< 's_right_flipper' inactive >>>>>>>
2025-05-30 06:57:43,073 : INFO : SwitchController : <<<<<<< 's_left_flipper' active >>>>>>>
2025-05-30 06:57:43,073 : INFO : EventManager : Event: ======'machine_var_audits_switches_s_left_flipper'====== Args={'value': 2159, 'prev_value': 2158, 'change': 1}
2025-05-30 06:57:43,148 : INFO : SwitchController : <<<<<<< 's_left_flipper' inactive >>>>>>>
2025-05-30 06:57:43,434 : INFO : SwitchController : <<<<<<< 's_right_flipper' active >>>>>>>
2025-05-30 06:57:43,434 : INFO : EventManager : Event: ======'machine_var_audits_switches_s_right_flipper'====== Args={'value': 2214, 'prev_value': 2213, 'change': 1}
2025-05-30 06:57:43,546 : INFO : SwitchController : <<<<<<< 's_right_flipper' inactive >>>>>>>
2025-05-30 06:57:43,910 : INFO : SwitchController : <<<<<<< 's_right_flipper' active >>>>>>>
2025-05-30 06:57:43,910 : INFO : EventManager : Event: ======'machine_var_audits_switches_s_right_flipper'====== Args={'value': 2215, 'prev_value': 2214, 'change': 1}
2025-05-30 06:57:44,022 : INFO : SwitchController : <<<<<<< 's_right_flipper' inactive >>>>>>>
2025-05-30 06:57:44,114 : INFO : EventManager : Event: ======'balldevice_bd_trough_ball_eject_failed'====== Args={'target': <playfield.playfield>, 'balls': 1, 'retry': True, 'num_attempts': 16}
2025-05-30 06:57:44,120 : INFO : ball_device.bd_trough : State: waiting_for_target_ready
2025-05-30 06:57:44,121 : INFO : EventManager : Event: ======'balldevice_bd_trough_ball_eject_attempt'====== Args={'balls': 1, 'target': <playfield.playfield>, 'source': <ball_device.bd_trough>, 'mechanical_eject': False, 'num_attempts': 16}
2025-05-30 06:57:44,123 : INFO : ball_device.bd_trough : State: ejecting
2025-05-30 06:57:44,123 : INFO : ball_device.bd_trough : Ejecting ball to <playfield.playfield>
2025-05-30 06:57:44,124 : INFO : EventManager : Event: ======'balldevice_bd_trough_ejecting_ball'====== Args={'balls': 1, 'target': <playfield.playfield>, 'source': <ball_device.bd_trough>, 'mechanical_eject': False, 'num_attempts': 16}
2025-05-30 06:57:44,129 : INFO : ball_device.bd_trough : Wait for ball to leave device
2025-05-30 06:57:44,130 : INFO : coil.c_trough_eject : Pulsing Driver for 10ms (1.0 pulse_power)
2025-05-30 06:57:44,256 : INFO : SwitchController : <<<<<<< 's_right_flipper' active >>>>>>>
2025-05-30 06:57:44,256 : INFO : EventManager : Event: ======'machine_var_audits_switches_s_right_flipper'====== Args={'value': 2216, 'prev_value': 2215, 'change': 1}
2025-05-30 06:57:44,369 : INFO : SwitchController : <<<<<<< 's_right_flipper' inactive >>>>>>>
2025-05-30 06:57:44,531 : INFO : SwitchController : <<<<<<< 's_left_flipper' active >>>>>>>
2025-05-30 06:57:44,532 : INFO : EventManager : Event: ======'machine_var_audits_switches_s_left_flipper'====== Args={'value': 2160, 'prev_value': 2159, 'change': 1}
2025-05-30 06:57:44,641 : INFO : SwitchController : <<<<<<< 's_left_flipper' inactive >>>>>>>
2025-05-30 06:57:44,788 : INFO : SwitchController : <<<<<<< 's_right_flipper' active >>>>>>>
2025-05-30 06:57:44,789 : INFO : EventManager : Event: ======'machine_var_audits_switches_s_right_flipper'====== Args={'value': 2217, 'prev_value': 2216, 'change': 1}
2025-05-30 06:57:44,900 : INFO : SwitchController : <<<<<<< 's_right_flipper' inactive >>>>>>>
2025-05-30 06:57:45,072 : INFO : SwitchController : <<<<<<< 's_left_flipper' active >>>>>>>
2025-05-30 06:57:45,072 : INFO : EventManager : Event: ======'machine_var_audits_switches_s_left_flipper'====== Args={'value': 2161, 'prev_value': 2160, 'change': 1}
2025-05-30 06:57:45,171 : INFO : SwitchController : <<<<<<< 's_left_flipper' inactive >>>>>>>
2025-05-30 06:57:45,257 : INFO : SwitchController : <<<<<<< 's_right_flipper' active >>>>>>>
2025-05-30 06:57:45,258 : INFO : EventManager : Event: ======'machine_var_audits_switches_s_right_flipper'====== Args={'value': 2218, 'prev_value': 2217, 'change': 1}
2025-05-30 06:57:45,376 : INFO : SwitchController : <<<<<<< 's_right_flipper' inactive >>>>>>>
2025-05-30 06:57:45,418 : INFO : SwitchController : <<<<<<< 's_left_flipper' active >>>>>>>
2025-05-30 06:57:45,418 : INFO : EventManager : Event: ======'machine_var_audits_switches_s_left_flipper'====== Args={'value': 2162, 'prev_value': 2161, 'change': 1}
2025-05-30 06:57:45,492 : INFO : SwitchController : <<<<<<< 's_left_flipper' inactive >>>>>>>
2025-05-30 06:57:45,504 : INFO : SwitchController : <<<<<<< 's_right_flipper' active >>>>>>>
2025-05-30 06:57:45,505 : INFO : EventManager : Event: ======'machine_var_audits_switches_s_right_flipper'====== Args={'value': 2219, 'prev_value': 2218, 'change': 1}
2025-05-30 06:57:45,604 : INFO : SwitchController : <<<<<<< 's_right_flipper' inactive >>>>>>>
2025-05-30 06:57:45,616 : INFO : SwitchController : <<<<<<< 's_left_flipper' active >>>>>>>
2025-05-30 06:57:45,617 : INFO : EventManager : Event: ======'machine_var_audits_switches_s_left_flipper'====== Args={'value': 2163, 'prev_value': 2162, 'change': 1}
2025-05-30 06:57:45,689 : INFO : SwitchController : <<<<<<< 's_left_flipper' inactive >>>>>>>
2025-05-30 06:57:45,738 : INFO : SwitchController : <<<<<<< 's_right_flipper' active >>>>>>>
2025-05-30 06:57:45,739 : INFO : EventManager : Event: ======'machine_var_audits_switches_s_right_flipper'====== Args={'value': 2220, 'prev_value': 2219, 'change': 1}
2025-05-30 06:57:45,813 : INFO : SwitchController : <<<<<<< 's_right_flipper' inactive >>>>>>>
2025-05-30 06:57:45,825 : INFO : SwitchController : <<<<<<< 's_left_flipper' active >>>>>>>
2025-05-30 06:57:45,825 : INFO : EventManager : Event: ======'machine_var_audits_switches_s_left_flipper'====== Args={'value': 2164, 'prev_value': 2163, 'change': 1}
2025-05-30 06:57:45,899 : INFO : SwitchController : <<<<<<< 's_left_flipper' inactive >>>>>>>
2025-05-30 06:57:45,949 : INFO : SwitchController : <<<<<<< 's_right_flipper' active >>>>>>>
2025-05-30 06:57:45,949 : INFO : EventManager : Event: ======'machine_var_audits_switches_s_right_flipper'====== Args={'value': 2221, 'prev_value': 2220, 'change': 1}
2025-05-30 06:57:46,023 : INFO : SwitchController : <<<<<<< 's_right_flipper' inactive >>>>>>>
2025-05-30 06:57:46,024 : INFO : SwitchController : <<<<<<< 's_left_flipper' active >>>>>>>
2025-05-30 06:57:46,025 : INFO : EventManager : Event: ======'machine_var_audits_switches_s_left_flipper'====== Args={'value': 2165, 'prev_value': 2164, 'change': 1}
2025-05-30 06:57:46,097 : INFO : SwitchController : <<<<<<< 's_left_flipper' inactive >>>>>>>
2025-05-30 06:57:46,146 : INFO : SwitchController : <<<<<<< 's_right_flipper' active >>>>>>>
2025-05-30 06:57:46,146 : INFO : EventManager : Event: ======'machine_var_audits_switches_s_right_flipper'====== Args={'value': 2222, 'prev_value': 2221, 'change': 1}
2025-05-30 06:57:46,220 : INFO : SwitchController : <<<<<<< 's_right_flipper' inactive >>>>>>>
2025-05-30 06:57:46,232 : INFO : SwitchController : <<<<<<< 's_left_flipper' active >>>>>>>
2025-05-30 06:57:46,232 : INFO : EventManager : Event: ======'machine_var_audits_switches_s_left_flipper'====== Args={'value': 2166, 'prev_value': 2165, 'change': 1}
2025-05-30 06:57:46,295 : INFO : SwitchController : <<<<<<< 's_left_flipper' inactive >>>>>>>
2025-05-30 06:57:46,348 : INFO : SwitchController : <<<<<<< 's_right_flipper' active >>>>>>>
2025-05-30 06:57:46,349 : INFO : EventManager : Event: ======'machine_var_audits_switches_s_right_flipper'====== Args={'value': 2223, 'prev_value': 2222, 'change': 1}
2025-05-30 06:57:46,409 : INFO : SwitchController : <<<<<<< 's_right_flipper' inactive >>>>>>>
2025-05-30 06:57:46,420 : INFO : SwitchController : <<<<<<< 's_left_flipper' active >>>>>>>
2025-05-30 06:57:46,420 : INFO : EventManager : Event: ======'machine_var_audits_switches_s_left_flipper'====== Args={'value': 2167, 'prev_value': 2166, 'change': 1}
2025-05-30 06:57:46,491 : INFO : SwitchController : <<<<<<< 's_left_flipper' inactive >>>>>>>
2025-05-30 06:57:46,540 : INFO : SwitchController : <<<<<<< 's_right_flipper' active >>>>>>>
2025-05-30 06:57:46,541 : INFO : EventManager : Event: ======'machine_var_audits_switches_s_right_flipper'====== Args={'value': 2224, 'prev_value': 2223, 'change': 1}
2025-05-30 06:57:46,614 : INFO : SwitchController : <<<<<<< 's_right_flipper' inactive >>>>>>>
2025-05-30 06:57:46,639 : INFO : SwitchController : <<<<<<< 's_left_flipper' active >>>>>>>
2025-05-30 06:57:46,640 : INFO : EventManager : Event: ======'machine_var_audits_switches_s_left_flipper'====== Args={'value': 2168, 'prev_value': 2167, 'change': 1}
2025-05-30 06:57:46,714 : INFO : SwitchController : <<<<<<< 's_left_flipper' inactive >>>>>>>
2025-05-30 06:57:46,754 : INFO : SwitchController : <<<<<<< 's_right_flipper' active >>>>>>>
2025-05-30 06:57:46,755 : INFO : EventManager : Event: ======'machine_var_audits_switches_s_right_flipper'====== Args={'value': 2225, 'prev_value': 2224, 'change': 1}
2025-05-30 06:57:46,825 : INFO : SwitchController : <<<<<<< 's_right_flipper' inactive >>>>>>>
2025-05-30 06:57:46,850 : INFO : SwitchController : <<<<<<< 's_left_flipper' active >>>>>>>
2025-05-30 06:57:46,850 : INFO : EventManager : Event: ======'machine_var_audits_switches_s_left_flipper'====== Args={'value': 2169, 'prev_value': 2168, 'change': 1}
2025-05-30 06:57:46,924 : INFO : SwitchController : <<<<<<< 's_left_flipper' inactive >>>>>>>
2025-05-30 06:57:46,975 : INFO : SwitchController : <<<<<<< 's_right_flipper' active >>>>>>>
2025-05-30 06:57:46,976 : INFO : EventManager : Event: ======'machine_var_audits_switches_s_right_flipper'====== Args={'value': 2226, 'prev_value': 2225, 'change': 1}
2025-05-30 06:57:47,047 : INFO : SwitchController : <<<<<<< 's_right_flipper' inactive >>>>>>>
2025-05-30 06:57:47,059 : INFO : SwitchController : <<<<<<< 's_left_flipper' active >>>>>>>
2025-05-30 06:57:47,059 : INFO : EventManager : Event: ======'machine_var_audits_switches_s_left_flipper'====== Args={'value': 2170, 'prev_value': 2169, 'change': 1}
2025-05-30 06:57:47,170 : INFO : SwitchController : <<<<<<< 's_left_flipper' inactive >>>>>>>
2025-05-30 06:57:47,182 : INFO : SwitchController : <<<<<<< 's_right_flipper' active >>>>>>>
2025-05-30 06:57:47,182 : INFO : EventManager : Event: ======'machine_var_audits_switches_s_right_flipper'====== Args={'value': 2227, 'prev_value': 2226, 'change': 1}
2025-05-30 06:57:47,295 : INFO : SwitchController : <<<<<<< 's_right_flipper' inactive >>>>>>>
2025-05-30 06:57:47,314 : INFO : SwitchController : <<<<<<< 's_left_flipper' active >>>>>>>
2025-05-30 06:57:47,315 : INFO : EventManager : Event: ======'machine_var_audits_switches_s_left_flipper'====== Args={'value': 2171, 'prev_value': 2170, 'change': 1}
2025-05-30 06:57:47,419 : INFO : SwitchController : <<<<<<< 's_left_flipper' inactive >>>>>>>
2025-05-30 06:57:47,419 : INFO : SwitchController : <<<<<<< 's_right_flipper' active >>>>>>>
2025-05-30 06:57:47,419 : INFO : EventManager : Event: ======'machine_var_audits_switches_s_right_flipper'====== Args={'value': 2228, 'prev_value': 2227, 'change': 1}
2025-05-30 06:57:47,504 : INFO : SwitchController : <<<<<<< 's_left_flipper' active >>>>>>>
2025-05-30 06:57:47,504 : INFO : EventManager : Event: ======'flipper_cancel'====== Args={'triggering_group': 1, 'triggering_switch': 's_left_flipper'}
2025-05-30 06:57:47,504 : INFO : EventManager : Event: ======'machine_var_audits_switches_s_left_flipper'====== Args={'value': 2172, 'prev_value': 2171, 'change': 1}
2025-05-30 06:57:47,541 : INFO : SwitchController : <<<<<<< 's_right_flipper' inactive >>>>>>>
2025-05-30 06:57:47,541 : INFO : EventManager : Event: ======'both_flippers_one'====== Args={'triggering_group': 2, 'triggering_switch': 's_right_flipper'}
2025-05-30 06:57:47,578 : INFO : SwitchController : <<<<<<< 's_left_flipper' inactive >>>>>>>
2025-05-30 06:57:47,578 : INFO : EventManager : Event: ======'both_flippers_inactive'====== Args={'triggering_group': 1, 'triggering_switch': 's_left_flipper'}
2025-05-30 06:57:54,102 : INFO : EventManager : Event: ======'balldevice_bd_trough_ball_eject_failed'====== Args={'target': <playfield.playfield>, 'balls': 1, 'retry': True, 'num_attempts': 17}
2025-05-30 06:57:54,106 : INFO : ball_device.bd_trough : State: waiting_for_target_ready
2025-05-30 06:57:54,106 : INFO : EventManager : Event: ======'balldevice_bd_trough_ball_eject_attempt'====== Args={'balls': 1, 'target': <playfield.playfield>, 'source': <ball_device.bd_trough>, 'mechanical_eject': False, 'num_attempts': 17}
2025-05-30 06:57:54,108 : INFO : ball_device.bd_trough : State: ejecting
2025-05-30 06:57:54,108 : INFO : ball_device.bd_trough : Ejecting ball to <playfield.playfield>
2025-05-30 06:57:54,108 : INFO : EventManager : Event: ======'balldevice_bd_trough_ejecting_ball'====== Args={'balls': 1, 'target': <playfield.playfield>, 'source': <ball_device.bd_trough>, 'mechanical_eject': False, 'num_attempts': 17}
2025-05-30 06:57:54,111 : INFO : ball_device.bd_trough : Wait for ball to leave device
2025-05-30 06:57:54,111 : INFO : coil.c_trough_eject : Pulsing Driver for 10ms (1.0 pulse_power)
2025-05-30 06:58:04,103 : INFO : EventManager : Event: ======'balldevice_bd_trough_ball_eject_failed'====== Args={'target': <playfield.playfield>, 'balls': 1, 'retry': True, 'num_attempts': 18}
2025-05-30 06:58:04,107 : INFO : ball_device.bd_trough : State: waiting_for_target_ready
2025-05-30 06:58:04,108 : INFO : EventManager : Event: ======'balldevice_bd_trough_ball_eject_attempt'====== Args={'balls': 1, 'target': <playfield.playfield>, 'source': <ball_device.bd_trough>, 'mechanical_eject': False, 'num_attempts': 18}
2025-05-30 06:58:04,110 : INFO : ball_device.bd_trough : State: ejecting
2025-05-30 06:58:04,111 : INFO : ball_device.bd_trough : Ejecting ball to <playfield.playfield>
2025-05-30 06:58:04,111 : INFO : EventManager : Event: ======'balldevice_bd_trough_ejecting_ball'====== Args={'balls': 1, 'target': <playfield.playfield>, 'source': <ball_device.bd_trough>, 'mechanical_eject': False, 'num_attempts': 18}
2025-05-30 06:58:04,115 : INFO : ball_device.bd_trough : Wait for ball to leave device
2025-05-30 06:58:04,116 : INFO : coil.c_trough_eject : Pulsing Driver for 10ms (1.0 pulse_power)
2025-05-30 06:58:14,105 : INFO : EventManager : Event: ======'balldevice_bd_trough_ball_eject_failed'====== Args={'target': <playfield.playfield>, 'balls': 1, 'retry': True, 'num_attempts': 19}
2025-05-30 06:58:14,107 : INFO : ball_device.bd_trough : State: waiting_for_target_ready
2025-05-30 06:58:14,107 : INFO : EventManager : Event: ======'balldevice_bd_trough_ball_eject_attempt'====== Args={'balls': 1, 'target': <playfield.playfield>, 'source': <ball_device.bd_trough>, 'mechanical_eject': False, 'num_attempts': 19}
2025-05-30 06:58:14,108 : INFO : ball_device.bd_trough : State: ejecting
2025-05-30 06:58:14,108 : INFO : ball_device.bd_trough : Ejecting ball to <playfield.playfield>
2025-05-30 06:58:14,108 : INFO : EventManager : Event: ======'balldevice_bd_trough_ejecting_ball'====== Args={'balls': 1, 'target': <playfield.playfield>, 'source': <ball_device.bd_trough>, 'mechanical_eject': False, 'num_attempts': 19}
2025-05-30 06:58:14,110 : INFO : ball_device.bd_trough : Wait for ball to leave device
2025-05-30 06:58:14,110 : INFO : coil.c_trough_eject : Pulsing Driver for 10ms (1.0 pulse_power)
2025-05-30 06:58:20,276 : ERROR : asyncio : Exception in callback SerialTransport._poll_read()
handle: <TimerHandle when=23480.9845 SerialTransport._poll_read()>
Traceback (most recent call last):
  File "C:\Users\ruben\AppData\Local\Programs\Python\Python39\lib\asyncio\events.py", line 80, in _run
    self._context.run(self._callback, *self._args)
  File "C:\Users\ruben\.local\pipx\venvs\mpf\lib\site-packages\serial_asyncio\__init__.py", line 275, in _poll_read
    if self.serial.in_waiting:
  File "C:\Users\ruben\.local\pipx\venvs\mpf\lib\site-packages\serial\serialwin32.py", line 259, in in_waiting
    raise SerialException("ClearCommError failed ({!r})".format(ctypes.WinError()))
serial.serialutil.SerialException: ClearCommError failed (PermissionError(13, 'The device does not recognize the command.', None, 22))
2025-05-30 06:58:20,282 : INFO : Machine : Shutting down...
2025-05-30 06:58:20,282 : INFO : EventManager : Event: ======'shutdown'====== Args={}
2025-05-30 06:58:20,284 : INFO : EventManager : Event: ======'mode_game_will_stop'====== Args={}
2025-05-30 06:58:20,285 : INFO : EventManager : Event: ======'mode_game_stopping'====== Args={}
2025-05-30 06:58:20,286 : INFO : Mode.game : Stopped.
2025-05-30 06:58:20,287 : INFO : EventManager : Event: ======'modes_active_modes_changed'====== Args={}
2025-05-30 06:58:20,287 : INFO : EventManager : Event: ======'mode_game_stopped'====== Args={}
2025-05-30 06:58:20,287 : INFO : EventManager : Event: ======'clear'====== Args={'key': 'game'}
2025-05-30 06:58:20,291 : ERROR : OPP : Stop called on serial connection com3
2025-05-30 06:58:20,323 : ERROR : OPP : Stop called on serial connection com4
2025-05-30 06:58:20,324 : ERROR : asyncio : Exception in callback Util.raise_exceptions(<Task finishe...ection lost')>) at C:\Users\ruben\.local\pipx\venvs\mpf\lib\site-packages\mpf\core\utility_functions.py:759
handle: <Handle Util.raise_exceptions(<Task finishe...ection lost')>) at C:\Users\ruben\.local\pipx\venvs\mpf\lib\site-packages\mpf\core\utility_functions.py:759>
Traceback (most recent call last):
  File "C:\Users\ruben\AppData\Local\Programs\Python\Python39\lib\asyncio\events.py", line 80, in _run
    self._context.run(self._callback, *self._args)
  File "C:\Users\ruben\.local\pipx\venvs\mpf\lib\site-packages\mpf\core\utility_functions.py", line 767, in raise_exceptions
    future.result()
  File "C:\Users\ruben\.local\pipx\venvs\mpf\lib\site-packages\mpf\platforms\opp\opp.py", line 965, in _poll_sender
    await self.opp_connection[chain_serial].writer.drain()
  File "C:\Users\ruben\AppData\Local\Programs\Python\Python39\lib\asyncio\streams.py", line 387, in drain
    await self._protocol._drain_helper()
  File "C:\Users\ruben\AppData\Local\Programs\Python\Python39\lib\asyncio\streams.py", line 190, in _drain_helper
    raise ConnectionResetError('Connection lost')
ConnectionResetError: Connection lost
2025-05-30 06:58:20,326 : ERROR : asyncio : Exception in callback SerialTransport._call_connection_lost(None)
handle: <Handle SerialTransport._call_connection_lost(None)>
Traceback (most recent call last):
  File "C:\Users\ruben\AppData\Local\Programs\Python\Python39\lib\asyncio\events.py", line 80, in _run
    self._context.run(self._callback, *self._args)
  File "C:\Users\ruben\.local\pipx\venvs\mpf\lib\site-packages\serial_asyncio\__init__.py", line 390, in _call_connection_lost
    self._serial.flush()
  File "C:\Users\ruben\.local\pipx\venvs\mpf\lib\site-packages\serial\serialwin32.py", line 345, in flush
    while self.out_waiting:
  File "C:\Users\ruben\.local\pipx\venvs\mpf\lib\site-packages\serial\serialwin32.py", line 447, in out_waiting
    raise SerialException("ClearCommError failed ({!r})".format(ctypes.WinError()))
serial.serialutil.SerialException: ClearCommError failed (PermissionError(13, 'The device does not recognize the command.', None, 22))
