2025-06-16 09:02:01,906 : INFO : root : Loading config.
2025-06-16 09:02:01,922 : INFO : YamlMultifileConfigLoader : Machine config file #1: config.yaml
2025-06-16 09:02:01,922 : INFO : ConfigProcessor : Loading config from cache: C:\Users\ruben\AppData\Local\Temp\a17888e5e1df298d67e07ada0b1bff4a.mpf_cache
2025-06-16 09:02:02,074 : INFO : ConfigProcessor : Loading config from cache: C:\Users\ruben\AppData\Local\Temp\67cf8ffee0fce2d4fcb5ef0bb894d8de.mpf_cache
2025-06-16 09:02:02,074 : INFO : ConfigProcessor : Loading config from cache: C:\Users\ruben\AppData\Local\Temp\25321780674732dcacb77a8f5b2a53cd.mpf_cache
2025-06-16 09:02:02,074 : INFO : ConfigProcessor : Loading config from cache: C:\Users\ruben\AppData\Local\Temp\195f66f1d07408d279921a878741edf5.mpf_cache
2025-06-16 09:02:02,074 : INFO : Machine : Mission Pinball Framework Core Engine v0.56.0
2025-06-16 09:02:02,074 : INFO : Machine : Command line arguments: {'no_load_cache': False, 'create_config_cache': True, 'bcp': True, 'configfile': ['config.yaml'], 'force_assets_load': False, 'jsonlogging': False, 'logfile': 'logs\\2025-06-16-09-02-01-mpf-DESKTOP-11MEIVG.log', 'pause': False, 'production': False, 'text_ui': True, 'loglevel': 15, 'consoleloglevel': 20, 'force_platform': None, 'syslog_address': None, 'mc_file_name': None, 'no_sound': False}
2025-06-16 09:02:02,074 : INFO : Machine : MPF path: C:\Users\ruben\.local\pipx\venvs\mpf\lib\site-packages\mpf
2025-06-16 09:02:02,074 : INFO : Machine : Machine path: C:\pinball\my_machine
2025-06-16 09:02:02,074 : INFO : Machine : Platform: win32
2025-06-16 09:02:02,074 : INFO : Machine : Python executable location: C:\Users\ruben\.local\pipx\venvs\mpf\Scripts\python.exe
2025-06-16 09:02:02,074 : INFO : Machine : Python version: 3.9.13 (64-bit)
2025-06-16 09:02:02,089 : INFO : Machine : Initialise MPF.
2025-06-16 09:02:02,624 : INFO : OPP : Connecting to com3 at 115200bps
2025-06-16 09:02:02,786 : INFO : OPP : Init of OPP board 1 done
2025-06-16 09:02:02,786 : INFO : OPP : Connecting to com4 at 115200bps
2025-06-16 09:02:02,880 : INFO : OPP : Init of OPP board 0 done
2025-06-16 09:02:02,880 : INFO : EventManager : Event: ======'machine_var_credits_string'====== Args={'value': 'FREE PLAY', 'prev_value': None, 'change': True}
2025-06-16 09:02:02,974 : INFO : EventManager : Event: ======'machine_var_master_volume'====== Args={'value': 0.5, 'prev_value': None, 'change': True}
2025-06-16 09:02:02,974 : INFO : EventManager : Event: ======'machine_var_player1_score'====== Args={'value': 0, 'prev_value': None, 'change': True}
2025-06-16 09:02:02,974 : INFO : EventManager : Event: ======'machine_var_mpf_version'====== Args={'value': 'MPF v0.56.0', 'prev_value': None, 'change': True}
2025-06-16 09:02:02,974 : INFO : EventManager : Event: ======'machine_var_mpf_extended_version'====== Args={'value': 'MPF v0.56.0, Config version:5, Show version: 5, BCP version:1.1', 'prev_value': None, 'change': True}
2025-06-16 09:02:02,974 : INFO : EventManager : Event: ======'machine_var_python_version'====== Args={'value': '3.9.13', 'prev_value': None, 'change': True}
2025-06-16 09:02:02,989 : INFO : EventManager : Event: ======'machine_var_platform'====== Args={'value': 'Windows-10-10.0.19045-SP0', 'prev_value': None, 'change': True}
2025-06-16 09:02:02,989 : INFO : EventManager : Event: ======'machine_var_platform_system'====== Args={'value': 'Windows', 'prev_value': None, 'change': True}
2025-06-16 09:02:02,989 : INFO : EventManager : Event: ======'machine_var_platform_release'====== Args={'value': '10', 'prev_value': None, 'change': True}
2025-06-16 09:02:02,989 : INFO : EventManager : Event: ======'machine_var_platform_version'====== Args={'value': '10.0.19045', 'prev_value': None, 'change': True}
2025-06-16 09:02:02,989 : INFO : EventManager : Event: ======'machine_var_platform_machine'====== Args={'value': 'AMD64', 'prev_value': None, 'change': True}
2025-06-16 09:02:02,989 : INFO : EventManager : Event: ======'init_phase_1'====== Args={}
2025-06-16 09:02:03,021 : INFO : EventManager : Event: ======'init_phase_2'====== Args={}
2025-06-16 09:02:03,021 : INFO : EventManager : Event: ======'bcp_connection_attempt'====== Args={'name': 'local_display', 'host': 'localhost', 'port': 5050}
2025-06-16 09:02:03,021 : INFO : BCPClientSocket : Connecting BCP to 'local_display' at localhost:5050...
2025-06-16 09:02:14,429 : INFO : BCPClientSocket : Connected BCP to 'local_display' localhost:5050
2025-06-16 09:02:14,431 : INFO : EventManager : Event: ======'bcp_clients_connected'====== Args={}
2025-06-16 09:02:14,433 : INFO : EventManager : Event: ======'machine_var_mc_version'====== Args={'value': 'MPF-MC v0.56.1', 'prev_value': None, 'change': True}
2025-06-16 09:02:14,463 : INFO : ball_device.bd_trough : BCH: Initial count: 0
2025-06-16 09:02:14,463 : INFO : EventManager : Event: ======'machine_var_mc_extended_version'====== Args={'value': 'MPF-MC v0.56.1 (config_version=5, BCP v1.1,                      Requires MPF API compatibility v0.56.0 or newer)', 'prev_value': None, 'change': True}
2025-06-16 09:02:14,465 : INFO : ball_device.bd_trough : State: idle
2025-06-16 09:02:14,503 : INFO : EventManager : Event: ======'init_phase_3'====== Args={}
2025-06-16 09:02:14,506 : INFO : EventManager : Event: ======'init_phase_4'====== Args={}
2025-06-16 09:02:14,508 : INFO : BallController : Initial balls found: 0
2025-06-16 09:02:14,510 : INFO : EventManager : Event: ======'machine_var_audits_events_game_ended'====== Args={'value': 50, 'prev_value': None, 'change': True}
2025-06-16 09:02:14,510 : INFO : EventManager : Event: ======'machine_var_audits_events_game_started'====== Args={'value': 98, 'prev_value': None, 'change': True}
2025-06-16 09:02:14,511 : INFO : EventManager : Event: ======'machine_var_audits_missing_switches_s_left_flipper'====== Args={'value': 8, 'prev_value': None, 'change': True}
2025-06-16 09:02:14,511 : INFO : EventManager : Event: ======'machine_var_audits_missing_switches_s_left_inlane1'====== Args={'value': 8, 'prev_value': None, 'change': True}
2025-06-16 09:02:14,511 : INFO : EventManager : Event: ======'machine_var_audits_missing_switches_s_left_inlane2'====== Args={'value': 8, 'prev_value': None, 'change': True}
2025-06-16 09:02:14,511 : INFO : EventManager : Event: ======'machine_var_audits_missing_switches_s_left_outlane'====== Args={'value': 9, 'prev_value': None, 'change': True}
2025-06-16 09:02:14,511 : INFO : EventManager : Event: ======'machine_var_audits_missing_switches_s_left_slingshot'====== Args={'value': 9, 'prev_value': None, 'change': True}
2025-06-16 09:02:14,512 : INFO : EventManager : Event: ======'machine_var_audits_missing_switches_s_pop1'====== Args={'value': 9, 'prev_value': None, 'change': True}
2025-06-16 09:02:14,512 : INFO : EventManager : Event: ======'machine_var_audits_missing_switches_s_pop2'====== Args={'value': 9, 'prev_value': None, 'change': True}
2025-06-16 09:02:14,512 : INFO : EventManager : Event: ======'machine_var_audits_missing_switches_s_pop3'====== Args={'value': 9, 'prev_value': None, 'change': True}
2025-06-16 09:02:14,512 : INFO : EventManager : Event: ======'machine_var_audits_missing_switches_s_pop4'====== Args={'value': 8, 'prev_value': None, 'change': True}
2025-06-16 09:02:14,512 : INFO : EventManager : Event: ======'machine_var_audits_missing_switches_s_pop5'====== Args={'value': 8, 'prev_value': None, 'change': True}
2025-06-16 09:02:14,513 : INFO : EventManager : Event: ======'machine_var_audits_missing_switches_s_right_inlane'====== Args={'value': 9, 'prev_value': None, 'change': True}
2025-06-16 09:02:14,513 : INFO : EventManager : Event: ======'machine_var_audits_missing_switches_s_right_outlane'====== Args={'value': 9, 'prev_value': None, 'change': True}
2025-06-16 09:02:14,513 : INFO : EventManager : Event: ======'machine_var_audits_missing_switches_s_right_slingshot'====== Args={'value': 9, 'prev_value': None, 'change': True}
2025-06-16 09:02:14,514 : INFO : EventManager : Event: ======'machine_var_audits_missing_switches_s_scoop_center'====== Args={'value': 8, 'prev_value': None, 'change': True}
2025-06-16 09:02:14,514 : INFO : EventManager : Event: ======'machine_var_audits_missing_switches_s_scoop_right'====== Args={'value': 9, 'prev_value': None, 'change': True}
2025-06-16 09:02:14,514 : INFO : EventManager : Event: ======'machine_var_audits_missing_switches_s_startButton'====== Args={'value': 9, 'prev_value': None, 'change': True}
2025-06-16 09:02:14,515 : INFO : EventManager : Event: ======'machine_var_audits_missing_switches_s_trough1'====== Args={'value': 9, 'prev_value': None, 'change': True}
2025-06-16 09:02:14,516 : INFO : EventManager : Event: ======'machine_var_audits_missing_switches_s_trough2'====== Args={'value': 9, 'prev_value': None, 'change': True}
2025-06-16 09:02:14,516 : INFO : EventManager : Event: ======'machine_var_audits_missing_switches_s_trough3'====== Args={'value': 9, 'prev_value': None, 'change': True}
2025-06-16 09:02:14,517 : INFO : EventManager : Event: ======'machine_var_audits_missing_switches_s_trough4'====== Args={'value': 9, 'prev_value': None, 'change': True}
2025-06-16 09:02:14,518 : INFO : EventManager : Event: ======'machine_var_audits_missing_switches_s_trough5'====== Args={'value': 8, 'prev_value': None, 'change': True}
2025-06-16 09:02:14,518 : INFO : EventManager : Event: ======'machine_var_audits_player_score'====== Args={'value': {'average': 0.0, 'top': [0, 0, 0, 0, 0, 0, 0, 0, 0, 0], 'total': 50}, 'prev_value': None, 'change': True}
2025-06-16 09:02:14,519 : INFO : EventManager : Event: ======'machine_var_audits_switches_s_drop_bank1'====== Args={'value': 140, 'prev_value': None, 'change': True}
2025-06-16 09:02:14,519 : INFO : EventManager : Event: ======'machine_var_audits_switches_s_left_flipper'====== Args={'value': 2280, 'prev_value': None, 'change': True}
2025-06-16 09:02:14,519 : INFO : EventManager : Event: ======'machine_var_audits_switches_s_left_inlane1'====== Args={'value': 1, 'prev_value': None, 'change': True}
2025-06-16 09:02:14,520 : INFO : EventManager : Event: ======'machine_var_audits_switches_s_left_inlane2'====== Args={'value': 1, 'prev_value': None, 'change': True}
2025-06-16 09:02:14,520 : INFO : EventManager : Event: ======'machine_var_audits_switches_s_left_outlane'====== Args={'value': 0, 'prev_value': None, 'change': True}
2025-06-16 09:02:14,520 : INFO : EventManager : Event: ======'machine_var_audits_switches_s_left_slingshot'====== Args={'value': 290, 'prev_value': None, 'change': True}
2025-06-16 09:02:14,521 : INFO : EventManager : Event: ======'machine_var_audits_switches_s_plunger'====== Args={'value': 5, 'prev_value': None, 'change': True}
2025-06-16 09:02:14,521 : INFO : EventManager : Event: ======'machine_var_audits_switches_s_pop1'====== Args={'value': 0, 'prev_value': None, 'change': True}
2025-06-16 09:02:14,521 : INFO : EventManager : Event: ======'machine_var_audits_switches_s_pop2'====== Args={'value': 0, 'prev_value': None, 'change': True}
2025-06-16 09:02:14,521 : INFO : EventManager : Event: ======'machine_var_audits_switches_s_pop3'====== Args={'value': 0, 'prev_value': None, 'change': True}
2025-06-16 09:02:14,522 : INFO : EventManager : Event: ======'machine_var_audits_switches_s_pop4'====== Args={'value': 1, 'prev_value': None, 'change': True}
2025-06-16 09:02:14,522 : INFO : EventManager : Event: ======'machine_var_audits_switches_s_pop5'====== Args={'value': 1, 'prev_value': None, 'change': True}
2025-06-16 09:02:14,522 : INFO : EventManager : Event: ======'machine_var_audits_switches_s_pop_bot'====== Args={'value': 426, 'prev_value': None, 'change': True}
2025-06-16 09:02:14,523 : INFO : EventManager : Event: ======'machine_var_audits_switches_s_pop_mid'====== Args={'value': 351, 'prev_value': None, 'change': True}
2025-06-16 09:02:14,523 : INFO : EventManager : Event: ======'machine_var_audits_switches_s_pop_top'====== Args={'value': 302, 'prev_value': None, 'change': True}
2025-06-16 09:02:14,524 : INFO : EventManager : Event: ======'machine_var_audits_switches_s_right_flipper'====== Args={'value': 2332, 'prev_value': None, 'change': True}
2025-06-16 09:02:14,524 : INFO : EventManager : Event: ======'machine_var_audits_switches_s_right_inlane'====== Args={'value': 57, 'prev_value': None, 'change': True}
2025-06-16 09:02:14,525 : INFO : EventManager : Event: ======'machine_var_audits_switches_s_right_outlane'====== Args={'value': 0, 'prev_value': None, 'change': True}
2025-06-16 09:02:14,526 : INFO : EventManager : Event: ======'machine_var_audits_switches_s_right_slingshot'====== Args={'value': 255, 'prev_value': None, 'change': True}
2025-06-16 09:02:14,526 : INFO : EventManager : Event: ======'machine_var_audits_switches_s_scoop_center'====== Args={'value': 1, 'prev_value': None, 'change': True}
2025-06-16 09:02:14,527 : INFO : EventManager : Event: ======'machine_var_audits_switches_s_scoop_lower'====== Args={'value': 220, 'prev_value': None, 'change': True}
2025-06-16 09:02:14,528 : INFO : EventManager : Event: ======'machine_var_audits_switches_s_scoop_right'====== Args={'value': 0, 'prev_value': None, 'change': True}
2025-06-16 09:02:14,528 : INFO : EventManager : Event: ======'machine_var_audits_switches_s_shooter_lane'====== Args={'value': 8, 'prev_value': None, 'change': True}
2025-06-16 09:02:14,528 : INFO : EventManager : Event: ======'machine_var_audits_switches_s_startButton'====== Args={'value': 34, 'prev_value': None, 'change': True}
2025-06-16 09:02:14,529 : INFO : EventManager : Event: ======'machine_var_audits_switches_s_trough1'====== Args={'value': 303, 'prev_value': None, 'change': True}
2025-06-16 09:02:14,529 : INFO : EventManager : Event: ======'machine_var_audits_switches_s_trough2'====== Args={'value': 1, 'prev_value': None, 'change': True}
2025-06-16 09:02:14,530 : INFO : EventManager : Event: ======'machine_var_audits_switches_s_trough3'====== Args={'value': 1, 'prev_value': None, 'change': True}
2025-06-16 09:02:14,530 : INFO : EventManager : Event: ======'machine_var_audits_switches_s_trough4'====== Args={'value': 1, 'prev_value': None, 'change': True}
2025-06-16 09:02:14,530 : INFO : EventManager : Event: ======'machine_var_audits_switches_s_trough5'====== Args={'value': 1, 'prev_value': None, 'change': True}
2025-06-16 09:02:14,532 : INFO : EventManager : Event: ======'init_phase_5'====== Args={}
2025-06-16 09:02:14,535 : INFO : EventManager : Event: ======'init_done'====== Args={}
2025-06-16 09:02:14,536 : INFO : EventManager : Event: ======'machine_reset_phase_1'====== Args={}
2025-06-16 09:02:14,542 : INFO : EventManager : Event: ======'slide_welcome_slide_removed'====== Args={'_from_bcp': True}
2025-06-16 09:02:14,547 : INFO : EventManager : Event: ======'slide_welcome_slide_created'====== Args={'_from_bcp': True}
2025-06-16 09:02:14,551 : INFO : EventManager : Event: ======'machine_reset_phase_2'====== Args={}
2025-06-16 09:02:14,552 : INFO : EventManager : Event: ======'slide_welcome_slide_active'====== Args={'_from_bcp': True}
2025-06-16 09:02:14,553 : INFO : EventManager : Event: ======'machine_reset_phase_3'====== Args={}
2025-06-16 09:02:14,555 : INFO : EventManager : Event: ======'reset_complete'====== Args={}
2025-06-16 09:02:14,556 : INFO : EventManager : Event: ======'mode_attract_will_start'====== Args={}
2025-06-16 09:02:14,557 : INFO : EventManager : Event: ======'mode_attract_starting'====== Args={}
2025-06-16 09:02:14,557 : INFO : Mode.attract : Started. Priority: 10
2025-06-16 09:02:14,557 : INFO : EventManager : Event: ======'modes_active_modes_changed'====== Args={}
2025-06-16 09:02:14,558 : INFO : EventManager : Event: ======'mode_attract_started'====== Args={}
2025-06-16 09:02:14,558 : INFO : EventManager : Event: ======'collecting_balls_complete'====== Args={}
2025-06-16 09:02:14,581 : INFO : EventManager : Event: ======'slide_attract_started_created'====== Args={'_from_bcp': True}
2025-06-16 09:02:14,582 : INFO : EventManager : Event: ======'slide_attract_started_active'====== Args={'_from_bcp': True}
2025-06-16 09:02:14,582 : INFO : Machine : Starting the main run loop.
2025-06-16 09:02:27,476 : INFO : SwitchController : <<<<<<< 's_pop4' active >>>>>>>
2025-06-16 09:02:27,476 : INFO : EventManager : Event: ======'playfield_active'====== Args={}
2025-06-16 09:02:27,476 : INFO : EventManager : Event: ======'unexpected_ball_on_playfield'====== Args={}
2025-06-16 09:02:27,520 : INFO : SwitchController : <<<<<<< 's_pop4' inactive >>>>>>>
2025-06-16 09:02:33,420 : INFO : SwitchController : <<<<<<< 's_pop2' active >>>>>>>
2025-06-16 09:02:33,421 : INFO : EventManager : Event: ======'playfield_active'====== Args={}
2025-06-16 09:02:33,421 : INFO : EventManager : Event: ======'unexpected_ball_on_playfield'====== Args={}
2025-06-16 09:02:33,475 : INFO : SwitchController : <<<<<<< 's_pop2' inactive >>>>>>>
2025-06-16 09:02:34,109 : INFO : SwitchController : <<<<<<< 's_pop1' active >>>>>>>
2025-06-16 09:02:34,110 : INFO : EventManager : Event: ======'playfield_active'====== Args={}
2025-06-16 09:02:34,110 : INFO : EventManager : Event: ======'unexpected_ball_on_playfield'====== Args={}
2025-06-16 09:02:34,124 : INFO : SwitchController : <<<<<<< 's_pop1' inactive >>>>>>>
2025-06-16 09:02:34,213 : INFO : SwitchController : <<<<<<< 's_pop4' active >>>>>>>
2025-06-16 09:02:34,213 : INFO : EventManager : Event: ======'playfield_active'====== Args={}
2025-06-16 09:02:34,213 : INFO : EventManager : Event: ======'unexpected_ball_on_playfield'====== Args={}
2025-06-16 09:02:34,228 : INFO : SwitchController : <<<<<<< 's_pop4' inactive >>>>>>>
2025-06-16 09:02:34,308 : INFO : SwitchController : <<<<<<< 's_pop3' active >>>>>>>
2025-06-16 09:02:34,308 : INFO : EventManager : Event: ======'playfield_active'====== Args={}
2025-06-16 09:02:34,308 : INFO : EventManager : Event: ======'unexpected_ball_on_playfield'====== Args={}
2025-06-16 09:02:34,337 : INFO : SwitchController : <<<<<<< 's_pop3' inactive >>>>>>>
2025-06-16 09:02:34,369 : INFO : SwitchController : <<<<<<< 's_pop1' active >>>>>>>
2025-06-16 09:02:34,370 : INFO : EventManager : Event: ======'playfield_active'====== Args={}
2025-06-16 09:02:34,370 : INFO : EventManager : Event: ======'unexpected_ball_on_playfield'====== Args={}
2025-06-16 09:02:34,377 : INFO : SwitchController : <<<<<<< 's_pop1' inactive >>>>>>>
2025-06-16 09:02:34,446 : INFO : SwitchController : <<<<<<< 's_pop3' active >>>>>>>
2025-06-16 09:02:34,446 : INFO : EventManager : Event: ======'playfield_active'====== Args={}
2025-06-16 09:02:34,447 : INFO : EventManager : Event: ======'unexpected_ball_on_playfield'====== Args={}
2025-06-16 09:02:34,452 : INFO : SwitchController : <<<<<<< 's_pop3' inactive >>>>>>>
2025-06-16 09:02:34,493 : INFO : SwitchController : <<<<<<< 's_pop2' active >>>>>>>
2025-06-16 09:02:34,494 : INFO : EventManager : Event: ======'playfield_active'====== Args={}
2025-06-16 09:02:34,494 : INFO : EventManager : Event: ======'unexpected_ball_on_playfield'====== Args={}
2025-06-16 09:02:34,509 : INFO : SwitchController : <<<<<<< 's_pop2' inactive >>>>>>>
2025-06-16 09:02:34,672 : INFO : SwitchController : <<<<<<< 's_pop1' active >>>>>>>
2025-06-16 09:02:34,673 : INFO : EventManager : Event: ======'playfield_active'====== Args={}
2025-06-16 09:02:34,673 : INFO : EventManager : Event: ======'unexpected_ball_on_playfield'====== Args={}
2025-06-16 09:02:34,696 : INFO : SwitchController : <<<<<<< 's_pop1' inactive >>>>>>>
2025-06-16 09:02:34,729 : INFO : SwitchController : <<<<<<< 's_pop4' active >>>>>>>
2025-06-16 09:02:34,729 : INFO : EventManager : Event: ======'playfield_active'====== Args={}
2025-06-16 09:02:34,729 : INFO : EventManager : Event: ======'unexpected_ball_on_playfield'====== Args={}
2025-06-16 09:02:34,744 : INFO : SwitchController : <<<<<<< 's_pop4' inactive >>>>>>>
2025-06-16 09:02:34,963 : INFO : SwitchController : <<<<<<< 's_pop5' active >>>>>>>
2025-06-16 09:02:34,964 : INFO : EventManager : Event: ======'playfield_active'====== Args={}
2025-06-16 09:02:34,964 : INFO : EventManager : Event: ======'unexpected_ball_on_playfield'====== Args={}
2025-06-16 09:02:34,985 : INFO : SwitchController : <<<<<<< 's_pop5' inactive >>>>>>>
2025-06-16 09:02:35,141 : INFO : SwitchController : <<<<<<< 's_pop1' active >>>>>>>
2025-06-16 09:02:35,142 : INFO : EventManager : Event: ======'playfield_active'====== Args={}
2025-06-16 09:02:35,142 : INFO : EventManager : Event: ======'unexpected_ball_on_playfield'====== Args={}
2025-06-16 09:02:35,162 : INFO : SwitchController : <<<<<<< 's_pop1' inactive >>>>>>>
2025-06-16 09:02:35,298 : INFO : SwitchController : <<<<<<< 's_pop5' active >>>>>>>
2025-06-16 09:02:35,298 : INFO : EventManager : Event: ======'playfield_active'====== Args={}
2025-06-16 09:02:35,298 : INFO : EventManager : Event: ======'unexpected_ball_on_playfield'====== Args={}
2025-06-16 09:02:35,316 : INFO : SwitchController : <<<<<<< 's_pop5' inactive >>>>>>>
2025-06-16 09:02:35,851 : INFO : SwitchController : <<<<<<< 's_pop5' active >>>>>>>
2025-06-16 09:02:35,851 : INFO : EventManager : Event: ======'playfield_active'====== Args={}
2025-06-16 09:02:35,851 : INFO : EventManager : Event: ======'unexpected_ball_on_playfield'====== Args={}
2025-06-16 09:02:35,881 : INFO : SwitchController : <<<<<<< 's_pop5' inactive >>>>>>>
2025-06-16 09:02:35,996 : INFO : SwitchController : <<<<<<< 's_pop2' active >>>>>>>
2025-06-16 09:02:35,996 : INFO : EventManager : Event: ======'playfield_active'====== Args={}
2025-06-16 09:02:35,996 : INFO : EventManager : Event: ======'unexpected_ball_on_playfield'====== Args={}
2025-06-16 09:02:36,015 : INFO : SwitchController : <<<<<<< 's_pop2' inactive >>>>>>>
2025-06-16 09:02:36,371 : INFO : SwitchController : <<<<<<< 's_pop1' active >>>>>>>
2025-06-16 09:02:36,372 : INFO : EventManager : Event: ======'playfield_active'====== Args={}
2025-06-16 09:02:36,372 : INFO : EventManager : Event: ======'unexpected_ball_on_playfield'====== Args={}
2025-06-16 09:02:36,382 : INFO : SwitchController : <<<<<<< 's_pop1' inactive >>>>>>>
2025-06-16 09:02:36,435 : INFO : SwitchController : <<<<<<< 's_pop2' active >>>>>>>
2025-06-16 09:02:36,436 : INFO : EventManager : Event: ======'playfield_active'====== Args={}
2025-06-16 09:02:36,436 : INFO : EventManager : Event: ======'unexpected_ball_on_playfield'====== Args={}
2025-06-16 09:02:36,452 : INFO : SwitchController : <<<<<<< 's_pop2' inactive >>>>>>>
2025-06-16 09:02:36,844 : INFO : SwitchController : <<<<<<< 's_pop5' active >>>>>>>
2025-06-16 09:02:36,844 : INFO : EventManager : Event: ======'playfield_active'====== Args={}
2025-06-16 09:02:36,845 : INFO : EventManager : Event: ======'unexpected_ball_on_playfield'====== Args={}
2025-06-16 09:02:36,864 : INFO : SwitchController : <<<<<<< 's_pop5' inactive >>>>>>>
2025-06-16 09:02:36,983 : INFO : SwitchController : <<<<<<< 's_pop2' active >>>>>>>
2025-06-16 09:02:36,984 : INFO : EventManager : Event: ======'playfield_active'====== Args={}
2025-06-16 09:02:36,984 : INFO : EventManager : Event: ======'unexpected_ball_on_playfield'====== Args={}
2025-06-16 09:02:37,022 : INFO : SwitchController : <<<<<<< 's_pop2' inactive >>>>>>>
2025-06-16 09:02:37,172 : INFO : SwitchController : <<<<<<< 's_pop4' active >>>>>>>
2025-06-16 09:02:37,172 : INFO : EventManager : Event: ======'playfield_active'====== Args={}
2025-06-16 09:02:37,172 : INFO : EventManager : Event: ======'unexpected_ball_on_playfield'====== Args={}
2025-06-16 09:02:37,190 : INFO : SwitchController : <<<<<<< 's_pop4' inactive >>>>>>>
2025-06-16 09:02:37,203 : INFO : SwitchController : <<<<<<< 's_pop4' active >>>>>>>
2025-06-16 09:02:37,203 : INFO : EventManager : Event: ======'playfield_active'====== Args={}
2025-06-16 09:02:37,203 : INFO : EventManager : Event: ======'unexpected_ball_on_playfield'====== Args={}
2025-06-16 09:02:37,221 : INFO : SwitchController : <<<<<<< 's_pop4' inactive >>>>>>>
2025-06-16 09:02:47,829 : INFO : SwitchController : <<<<<<< 's_pop2' active >>>>>>>
2025-06-16 09:02:47,830 : INFO : EventManager : Event: ======'playfield_active'====== Args={}
2025-06-16 09:02:47,830 : INFO : EventManager : Event: ======'unexpected_ball_on_playfield'====== Args={}
2025-06-16 09:02:47,845 : INFO : SwitchController : <<<<<<< 's_pop2' inactive >>>>>>>
2025-06-16 09:02:48,026 : INFO : SwitchController : <<<<<<< 's_pop2' active >>>>>>>
2025-06-16 09:02:48,026 : INFO : EventManager : Event: ======'playfield_active'====== Args={}
2025-06-16 09:02:48,027 : INFO : EventManager : Event: ======'unexpected_ball_on_playfield'====== Args={}
2025-06-16 09:02:48,143 : INFO : SwitchController : <<<<<<< 's_pop2' inactive >>>>>>>
2025-06-16 09:02:48,303 : INFO : SwitchController : <<<<<<< 's_pop2' active >>>>>>>
2025-06-16 09:02:48,304 : INFO : EventManager : Event: ======'playfield_active'====== Args={}
2025-06-16 09:02:48,304 : INFO : EventManager : Event: ======'unexpected_ball_on_playfield'====== Args={}
2025-06-16 09:02:48,363 : INFO : SwitchController : <<<<<<< 's_pop2' inactive >>>>>>>
2025-06-16 09:02:48,540 : INFO : SwitchController : <<<<<<< 's_pop2' active >>>>>>>
2025-06-16 09:02:48,541 : INFO : EventManager : Event: ======'playfield_active'====== Args={}
2025-06-16 09:02:48,541 : INFO : EventManager : Event: ======'unexpected_ball_on_playfield'====== Args={}
2025-06-16 09:02:48,634 : INFO : SwitchController : <<<<<<< 's_pop2' inactive >>>>>>>
2025-06-16 09:02:48,851 : INFO : SwitchController : <<<<<<< 's_pop2' active >>>>>>>
2025-06-16 09:02:48,852 : INFO : EventManager : Event: ======'playfield_active'====== Args={}
2025-06-16 09:02:48,852 : INFO : EventManager : Event: ======'unexpected_ball_on_playfield'====== Args={}
2025-06-16 09:02:48,916 : INFO : SwitchController : <<<<<<< 's_pop2' inactive >>>>>>>
2025-06-16 09:02:49,241 : INFO : SwitchController : <<<<<<< 's_pop2' active >>>>>>>
2025-06-16 09:02:49,241 : INFO : EventManager : Event: ======'playfield_active'====== Args={}
2025-06-16 09:02:49,241 : INFO : EventManager : Event: ======'unexpected_ball_on_playfield'====== Args={}
2025-06-16 09:02:49,405 : INFO : SwitchController : <<<<<<< 's_pop2' inactive >>>>>>>
2025-06-16 09:02:50,338 : INFO : SwitchController : <<<<<<< 's_pop2' active >>>>>>>
2025-06-16 09:02:50,338 : INFO : EventManager : Event: ======'playfield_active'====== Args={}
2025-06-16 09:02:50,338 : INFO : EventManager : Event: ======'unexpected_ball_on_playfield'====== Args={}
2025-06-16 09:02:50,433 : INFO : SwitchController : <<<<<<< 's_pop2' inactive >>>>>>>
2025-06-16 09:02:50,746 : INFO : SwitchController : <<<<<<< 's_pop2' active >>>>>>>
2025-06-16 09:02:50,746 : INFO : EventManager : Event: ======'playfield_active'====== Args={}
2025-06-16 09:02:50,746 : INFO : EventManager : Event: ======'unexpected_ball_on_playfield'====== Args={}
2025-06-16 09:02:51,045 : INFO : SwitchController : <<<<<<< 's_pop2' inactive >>>>>>>
2025-06-16 09:02:56,693 : INFO : SwitchController : <<<<<<< 's_pop2' active >>>>>>>
2025-06-16 09:02:56,693 : INFO : EventManager : Event: ======'playfield_active'====== Args={}
2025-06-16 09:02:56,694 : INFO : EventManager : Event: ======'unexpected_ball_on_playfield'====== Args={}
2025-06-16 09:02:56,838 : INFO : SwitchController : <<<<<<< 's_pop2' inactive >>>>>>>
2025-06-16 09:03:18,874 : INFO : SwitchController : <<<<<<< 's_pop2' active >>>>>>>
2025-06-16 09:03:18,874 : INFO : EventManager : Event: ======'playfield_active'====== Args={}
2025-06-16 09:03:18,875 : INFO : EventManager : Event: ======'unexpected_ball_on_playfield'====== Args={}
2025-06-16 09:03:19,300 : INFO : SwitchController : <<<<<<< 's_pop2' inactive >>>>>>>
2025-06-16 09:03:19,318 : INFO : SwitchController : <<<<<<< 's_pop2' active >>>>>>>
2025-06-16 09:03:19,319 : INFO : EventManager : Event: ======'playfield_active'====== Args={}
2025-06-16 09:03:19,320 : INFO : EventManager : Event: ======'unexpected_ball_on_playfield'====== Args={}
2025-06-16 09:03:19,614 : INFO : SwitchController : <<<<<<< 's_pop2' inactive >>>>>>>
2025-06-16 09:03:19,630 : INFO : SwitchController : <<<<<<< 's_pop2' active >>>>>>>
2025-06-16 09:03:19,630 : INFO : EventManager : Event: ======'playfield_active'====== Args={}
2025-06-16 09:03:19,631 : INFO : EventManager : Event: ======'unexpected_ball_on_playfield'====== Args={}
2025-06-16 09:03:19,641 : INFO : SwitchController : <<<<<<< 's_pop2' inactive >>>>>>>
2025-06-16 09:03:19,650 : INFO : SwitchController : <<<<<<< 's_pop2' active >>>>>>>
2025-06-16 09:03:19,650 : INFO : EventManager : Event: ======'playfield_active'====== Args={}
2025-06-16 09:03:19,650 : INFO : EventManager : Event: ======'unexpected_ball_on_playfield'====== Args={}
2025-06-16 09:03:19,660 : INFO : SwitchController : <<<<<<< 's_pop2' inactive >>>>>>>
2025-06-16 09:03:19,666 : INFO : SwitchController : <<<<<<< 's_pop2' active >>>>>>>
2025-06-16 09:03:19,666 : INFO : EventManager : Event: ======'playfield_active'====== Args={}
2025-06-16 09:03:19,666 : INFO : EventManager : Event: ======'unexpected_ball_on_playfield'====== Args={}
2025-06-16 09:03:19,726 : INFO : SwitchController : <<<<<<< 's_pop2' inactive >>>>>>>
2025-06-16 09:03:19,751 : INFO : SwitchController : <<<<<<< 's_pop2' active >>>>>>>
2025-06-16 09:03:19,751 : INFO : EventManager : Event: ======'playfield_active'====== Args={}
2025-06-16 09:03:19,752 : INFO : EventManager : Event: ======'unexpected_ball_on_playfield'====== Args={}
2025-06-16 09:03:19,828 : INFO : SwitchController : <<<<<<< 's_pop2' inactive >>>>>>>
2025-06-16 09:03:20,011 : INFO : SwitchController : <<<<<<< 's_pop2' active >>>>>>>
2025-06-16 09:03:20,012 : INFO : EventManager : Event: ======'playfield_active'====== Args={}
2025-06-16 09:03:20,012 : INFO : EventManager : Event: ======'unexpected_ball_on_playfield'====== Args={}
2025-06-16 09:03:20,146 : INFO : SwitchController : <<<<<<< 's_pop2' inactive >>>>>>>
2025-06-16 09:03:20,251 : INFO : SwitchController : <<<<<<< 's_pop2' active >>>>>>>
2025-06-16 09:03:20,251 : INFO : EventManager : Event: ======'playfield_active'====== Args={}
2025-06-16 09:03:20,252 : INFO : EventManager : Event: ======'unexpected_ball_on_playfield'====== Args={}
2025-06-16 09:03:20,273 : INFO : SwitchController : <<<<<<< 's_pop2' inactive >>>>>>>
2025-06-16 09:03:20,309 : INFO : SwitchController : <<<<<<< 's_pop2' active >>>>>>>
2025-06-16 09:03:20,310 : INFO : EventManager : Event: ======'playfield_active'====== Args={}
2025-06-16 09:03:20,310 : INFO : EventManager : Event: ======'unexpected_ball_on_playfield'====== Args={}
2025-06-16 09:03:20,340 : INFO : SwitchController : <<<<<<< 's_pop2' inactive >>>>>>>
2025-06-16 09:03:20,355 : INFO : SwitchController : <<<<<<< 's_pop2' active >>>>>>>
2025-06-16 09:03:20,355 : INFO : EventManager : Event: ======'playfield_active'====== Args={}
2025-06-16 09:03:20,355 : INFO : EventManager : Event: ======'unexpected_ball_on_playfield'====== Args={}
2025-06-16 09:03:20,527 : INFO : SwitchController : <<<<<<< 's_pop2' inactive >>>>>>>
2025-06-16 09:03:20,549 : INFO : SwitchController : <<<<<<< 's_pop2' active >>>>>>>
2025-06-16 09:03:20,550 : INFO : EventManager : Event: ======'playfield_active'====== Args={}
2025-06-16 09:03:20,550 : INFO : EventManager : Event: ======'unexpected_ball_on_playfield'====== Args={}
2025-06-16 09:03:20,827 : INFO : SwitchController : <<<<<<< 's_pop2' inactive >>>>>>>
2025-06-16 09:03:24,843 : INFO : SwitchController : <<<<<<< 's_pop2' active >>>>>>>
2025-06-16 09:03:24,844 : INFO : EventManager : Event: ======'playfield_active'====== Args={}
2025-06-16 09:03:24,844 : INFO : EventManager : Event: ======'unexpected_ball_on_playfield'====== Args={}
2025-06-16 09:03:24,865 : INFO : SwitchController : <<<<<<< 's_pop2' inactive >>>>>>>
2025-06-16 09:03:25,034 : INFO : SwitchController : <<<<<<< 's_pop2' active >>>>>>>
2025-06-16 09:03:25,034 : INFO : EventManager : Event: ======'playfield_active'====== Args={}
2025-06-16 09:03:25,035 : INFO : EventManager : Event: ======'unexpected_ball_on_playfield'====== Args={}
2025-06-16 09:03:25,056 : INFO : SwitchController : <<<<<<< 's_pop2' inactive >>>>>>>
2025-06-16 09:03:25,080 : INFO : SwitchController : <<<<<<< 's_pop2' active >>>>>>>
2025-06-16 09:03:25,081 : INFO : EventManager : Event: ======'playfield_active'====== Args={}
2025-06-16 09:03:25,081 : INFO : EventManager : Event: ======'unexpected_ball_on_playfield'====== Args={}
2025-06-16 09:03:25,096 : INFO : SwitchController : <<<<<<< 's_pop2' inactive >>>>>>>
2025-06-16 09:03:25,219 : INFO : SwitchController : <<<<<<< 's_pop2' active >>>>>>>
2025-06-16 09:03:25,219 : INFO : EventManager : Event: ======'playfield_active'====== Args={}
2025-06-16 09:03:25,220 : INFO : EventManager : Event: ======'unexpected_ball_on_playfield'====== Args={}
2025-06-16 09:03:25,249 : INFO : SwitchController : <<<<<<< 's_pop2' inactive >>>>>>>
2025-06-16 09:03:26,658 : INFO : SwitchController : <<<<<<< 's_pop2' active >>>>>>>
2025-06-16 09:03:26,658 : INFO : EventManager : Event: ======'playfield_active'====== Args={}
2025-06-16 09:03:26,658 : INFO : EventManager : Event: ======'unexpected_ball_on_playfield'====== Args={}
2025-06-16 09:03:26,719 : INFO : SwitchController : <<<<<<< 's_pop2' inactive >>>>>>>
2025-06-16 09:03:26,751 : INFO : SwitchController : <<<<<<< 's_pop2' active >>>>>>>
2025-06-16 09:03:26,751 : INFO : EventManager : Event: ======'playfield_active'====== Args={}
2025-06-16 09:03:26,751 : INFO : EventManager : Event: ======'unexpected_ball_on_playfield'====== Args={}
2025-06-16 09:03:26,864 : INFO : SwitchController : <<<<<<< 's_pop2' inactive >>>>>>>
2025-06-16 09:03:26,986 : INFO : SwitchController : <<<<<<< 's_pop2' active >>>>>>>
2025-06-16 09:03:26,986 : INFO : EventManager : Event: ======'playfield_active'====== Args={}
2025-06-16 09:03:26,986 : INFO : EventManager : Event: ======'unexpected_ball_on_playfield'====== Args={}
2025-06-16 09:03:27,094 : INFO : SwitchController : <<<<<<< 's_pop2' inactive >>>>>>>
2025-06-16 09:03:27,187 : INFO : SwitchController : <<<<<<< 's_pop2' active >>>>>>>
2025-06-16 09:03:27,187 : INFO : EventManager : Event: ======'playfield_active'====== Args={}
2025-06-16 09:03:27,188 : INFO : EventManager : Event: ======'unexpected_ball_on_playfield'====== Args={}
2025-06-16 09:03:27,206 : INFO : SwitchController : <<<<<<< 's_pop2' inactive >>>>>>>
2025-06-16 09:03:30,211 : INFO : SwitchController : <<<<<<< 's_pop2' active >>>>>>>
2025-06-16 09:03:30,212 : INFO : EventManager : Event: ======'playfield_active'====== Args={}
2025-06-16 09:03:30,212 : INFO : EventManager : Event: ======'unexpected_ball_on_playfield'====== Args={}
2025-06-16 09:03:30,226 : INFO : SwitchController : <<<<<<< 's_pop2' inactive >>>>>>>
2025-06-16 09:03:30,239 : INFO : SwitchController : <<<<<<< 's_pop2' active >>>>>>>
2025-06-16 09:03:30,240 : INFO : EventManager : Event: ======'playfield_active'====== Args={}
2025-06-16 09:03:30,240 : INFO : EventManager : Event: ======'unexpected_ball_on_playfield'====== Args={}
2025-06-16 09:03:30,371 : INFO : SwitchController : <<<<<<< 's_pop2' inactive >>>>>>>
2025-06-16 09:03:30,401 : INFO : SwitchController : <<<<<<< 's_pop2' active >>>>>>>
2025-06-16 09:03:30,402 : INFO : EventManager : Event: ======'playfield_active'====== Args={}
2025-06-16 09:03:30,402 : INFO : EventManager : Event: ======'unexpected_ball_on_playfield'====== Args={}
2025-06-16 09:03:30,575 : INFO : SwitchController : <<<<<<< 's_pop2' inactive >>>>>>>
2025-06-16 09:03:30,658 : INFO : SwitchController : <<<<<<< 's_pop2' active >>>>>>>
2025-06-16 09:03:30,658 : INFO : EventManager : Event: ======'playfield_active'====== Args={}
2025-06-16 09:03:30,658 : INFO : EventManager : Event: ======'unexpected_ball_on_playfield'====== Args={}
2025-06-16 09:03:30,779 : INFO : SwitchController : <<<<<<< 's_pop2' inactive >>>>>>>
2025-06-16 09:03:30,888 : INFO : SwitchController : <<<<<<< 's_pop2' active >>>>>>>
2025-06-16 09:03:30,888 : INFO : EventManager : Event: ======'playfield_active'====== Args={}
2025-06-16 09:03:30,888 : INFO : EventManager : Event: ======'unexpected_ball_on_playfield'====== Args={}
2025-06-16 09:03:30,955 : INFO : SwitchController : <<<<<<< 's_pop2' inactive >>>>>>>
2025-06-16 09:03:39,568 : INFO : Machine : Shutting down...
2025-06-16 09:03:39,569 : INFO : EventManager : Event: ======'shutdown'====== Args={}
2025-06-16 09:03:39,574 : ERROR : OPP : Stop called on serial connection com3
2025-06-16 09:03:39,579 : ERROR : OPP : Stop called on serial connection com4
2025-06-16 09:03:39,605 : INFO : root : MPF run loop ended.
