2025-06-29 08:36:09,243 : kivy : deps: Successfully imported "kivy_deps.gstreamer" 0.3.3
2025-06-29 08:36:09,243 : kivy : deps: Successfully imported "kivy_deps.angle" 0.3.3
2025-06-29 08:36:09,243 : kivy : deps: Successfully imported "kivy_deps.glew" 0.3.1
2025-06-29 08:36:09,244 : kivy : deps: Successfully imported "kivy_deps.sdl2" 0.6.0
2025-06-29 08:36:09,244 : kivy : Kivy: v2.2.1
2025-06-29 08:36:09,244 : kivy : Kivy: Installed at "C:\Users\ruben\AppData\Local\Programs\Python\Python39\lib\site-packages\kivy\__init__.py"
2025-06-29 08:36:09,244 : kivy : Python: v3.9.13 (tags/v3.9.13:6de2ca5, May 17 2022, 16:36:42) [MSC v.1929 64 bit (AMD64)]
2025-06-29 08:36:09,244 : kivy : Python: Interpreter at "C:\Users\ruben\AppData\Local\Programs\Python\Python39\python.exe"
2025-06-29 08:36:09,265 : kivy : Factory: 190 symbols loaded
2025-06-29 08:36:09,574 : kivy : ImageLoaderFFPy: Using ffpyplayer 4.5.1
2025-06-29 08:36:09,574 : kivy : Image: Providers: img_tex, img_dds, img_sdl2, img_pil, img_ffpyplayer 
2025-06-29 08:36:09,865 : kivy : VideoGstplayer: Using Gstreamer 1.18.5.0
2025-06-29 08:36:09,866 : kivy : Video: Provider: gstplayer
2025-06-29 08:36:09,916 : root : Loading MPF-MC controller
2025-06-29 08:36:09,936 : YamlMultifileConfigLoader : Machine config file #1: config
2025-06-29 08:36:09,936 : ConfigProcessor : Config file in cache changed: C:\pinball\my_machine\config\config
2025-06-29 08:36:09,937 : ConfigProcessor : Loading config from file C:\Users\ruben\AppData\Local\Programs\Python\Python39\lib\site-packages\mpfmc\mcconfig.yaml.
2025-06-29 08:36:09,953 : ConfigProcessor : Loading config: C:\Users\ruben\AppData\Local\Programs\Python\Python39\lib\site-packages\mpfmc\mcconfig.yaml
2025-06-29 08:36:09,953 : ConfigProcessor : Loading config from file C:\pinball\my_machine\config\config.
2025-06-29 08:36:09,955 : ConfigProcessor : Loading config: C:\pinball\my_machine\config\config
2025-06-29 08:36:09,956 : ConfigProcessor : Loading config: C:\pinball\my_machine\config\hardware.yaml
2025-06-29 08:36:09,957 : ConfigProcessor : Loading config: C:\pinball\my_machine\config\switches.yaml
2025-06-29 08:36:09,960 : ConfigProcessor : Loading config: C:\pinball\my_machine\config\coils.yaml
2025-06-29 08:36:09,969 : ConfigProcessor : Loading config: C:\pinball\my_machine\config\lights.yaml
2025-06-29 08:36:09,972 : ConfigProcessor : Loading config: C:\pinball\my_machine\config\devices.yaml
2025-06-29 08:36:09,974 : ConfigProcessor : Loading config: C:\pinball\my_machine\config\images.yaml
2025-06-29 08:36:09,976 : ConfigProcessor : Loading config: C:\pinball\my_machine\config\displays.yaml
2025-06-29 08:36:09,979 : ConfigProcessor : Loading config: C:\pinball\my_machine\config\slides.yaml
2025-06-29 08:36:09,982 : ConfigProcessor : Config file cache created: C:\Users\ruben\AppData\Local\Temp\abbaf7ebf6530f7229115378792f7a93.mpf_cache
2025-06-29 08:36:09,983 : ConfigProcessor : Loading config from cache: C:\Users\ruben\AppData\Local\Temp\de22d214a8e6fb7753c0be2dfb8deb7c.mpf_cache
2025-06-29 08:36:09,984 : ConfigProcessor : Loading config from cache: C:\Users\ruben\AppData\Local\Temp\76bc62f652ae2965f03127125af6e953.mpf_cache
2025-06-29 08:36:09,985 : ConfigProcessor : Loading config from cache: C:\Users\ruben\AppData\Local\Temp\195f66f1d07408d279921a878741edf5.mpf_cache
2025-06-29 08:36:09,986 : ConfigProcessor : Loading config from cache: C:\Users\ruben\AppData\Local\Temp\de22d214a8e6fb7753c0be2dfb8deb7c.mpf_cache
2025-06-29 08:36:09,987 : mpfmc : Mission Pinball Framework Media Controller (MPF-MC) v0.57.1. Requires MPF v0.57.0 or newer.
2025-06-29 08:36:09,987 : mpfmc : Found MPF v0.57.3
2025-06-29 08:36:09,987 : mpfmc : Machine path: C:\pinball\my_machine
2025-06-29 08:36:09,987 : mpfmc : Starting clock at 60.0Hz
2025-06-29 08:36:10,010 : kivy : Text: Provider: sdl2
2025-06-29 08:36:10,102 : kivy : Window: Provider: sdl2
2025-06-29 08:36:11,270 : kivy : GL: Using the "OpenGL" graphics system
2025-06-29 08:36:11,278 : kivy : GL: GLEW initialization succeeded
2025-06-29 08:36:11,279 : kivy : GL: Backend used <glew>
2025-06-29 08:36:11,279 : kivy : GL: OpenGL version <b'4.5.0 NVIDIA 376.54'>
2025-06-29 08:36:11,279 : kivy : GL: OpenGL vendor <b'NVIDIA Corporation'>
2025-06-29 08:36:11,279 : kivy : GL: OpenGL renderer <b'GeForce GT 630M/PCIe/SSE2'>
2025-06-29 08:36:11,279 : kivy : GL: OpenGL parsed version: 4, 5
2025-06-29 08:36:11,279 : kivy : GL: Shading version <b'4.50 NVIDIA'>
2025-06-29 08:36:11,279 : kivy : GL: Texture max size <16384>
2025-06-29 08:36:11,279 : kivy : GL: Texture max units <32>
2025-06-29 08:36:11,304 : kivy : Window: auto add sdl2 input provider
2025-06-29 08:36:11,304 : kivy : Window: virtual keyboard not allowed, single mode, not docked
2025-06-29 08:36:11,318 : SoundSystem : SoundSystem: Using default 'sound_system' settings
2025-06-29 08:36:11,985 : AudioInterface : Initialized
2025-06-29 08:36:11,985 : AudioInterface : Loaded SDL 2.26.4
2025-06-29 08:36:11,986 : AudioInterface : Loaded SDL_Mixer 2.6.3
2025-06-29 08:36:11,986 : AudioInterface : Loaded GStreamer 1.18.5.0
2025-06-29 08:36:11,986 : AudioInterface : Loaded GLib 2.62.6
2025-06-29 08:36:11,986 : AudioInterface : Settings requested - rate: 44100, channels: 1, buffer: 2048 samples
2025-06-29 08:36:11,986 : AudioInterface : Settings in use - rate: 44100, channels: 1, buffer: 2048 samples (4096 bytes @ 2 bytes per sample)
2025-06-29 08:36:11,986 : SoundSystem : No audio tracks are specified in your machine config file. a track named 'default' has been created.
2025-06-29 08:36:11,986 : SoundSystem : Setting master volume to 0.0
2025-06-29 08:36:11,986 : AudioInterface : Enabling audio playback
2025-06-29 08:36:11,990 : kivy : Base: Start application main loop
2025-06-29 08:36:11,991 : EventManager : Event: ======'display_window_initialized'====== Args={}
2025-06-29 08:36:12,004 : mpfmc : Display: Setting 'window' as default display
2025-06-29 08:36:12,018 : EventManager : Event: ======'displays_initialized'====== Args={}
2025-06-29 08:36:12,020 : EventManager : Event: ======'slide_window_blank_created'====== Args={}
2025-06-29 08:36:12,020 : EventManager : Event: ======'display_window_ready'====== Args={}
2025-06-29 08:36:12,059 : EventManager : Event: ======'init_phase_1'====== Args={}
2025-06-29 08:36:12,071 : EventManager : Event: ======'mc_ready'====== Args={}
2025-06-29 08:36:12,071 : EventManager : Event: ======'init_phase_2'====== Args={}
2025-06-29 08:36:12,079 : EventManager : Event: ======'init_phase_3'====== Args={}
2025-06-29 08:36:12,084 : EventManager : Event: ======'init_phase_4'====== Args={}
2025-06-29 08:36:12,084 : EventManager : Event: ======'init_phase_5'====== Args={}
2025-06-29 08:36:12,212 : EventManager : Event: ======'loading_assets'====== Args={'total': 1, 'loaded': 1, 'remaining': 0, 'percent': 100}
2025-06-29 08:36:12,212 : AssetManager : Asset loading took: 0.22486257553100586
2025-06-29 08:36:12,212 : EventManager : Event: ======'asset_loading_complete'====== Args={}
2025-06-29 08:36:12,212 : AssetManager : Loading assets: 1/1 (100%)
2025-06-29 08:36:12,212 : EventManager : Event: ======'init_done'====== Args={}
2025-06-29 08:36:12,213 : MPF-MC BCP Server : Starting up on localhost port 5050
2025-06-29 08:36:12,218 : MPF-MC BCP Server : Waiting for a connection...
2025-06-29 08:36:12,219 : MPF-MC BCP Server : Received connection from: 127.0.0.1:62871
2025-06-29 08:36:12,219 : EventManager : Event: ======'client_disconnected'====== Args={'host': '127.0.0.1', 'port': 5050}
2025-06-29 08:36:12,220 : EventManager : Event: ======'client_connected'====== Args={'host': '127.0.0.1', 'port': 62871}
2025-06-29 08:36:12,409 : kivy : Base: Leaving application in progress...
2025-06-29 08:36:12,409 : mpfmc : Stopping...
2025-06-29 08:36:12,409 : EventManager : Event: ======'shutdown'====== Args={}
2025-06-29 08:36:12,410 : AudioInterface : Disabling audio playback
2025-06-29 08:36:12,536 : mpfmc : Loop rate 23.78 Hz
2025-06-29 08:36:12,539 : root : MC run loop ended.
2025-06-29 08:36:12,539 : mpfmc : Stopping...
2025-06-29 08:36:12,539 : root : Stopping child threads... (3 remaining)
2025-06-29 08:36:12,539 : EventManager : Event: ======'shutdown'====== Args={}
2025-06-29 08:36:12,540 : mpfmc : Loop rate 23.6 Hz
2025-06-29 08:36:13,222 : MPF-MC BCP Server : Stopping BCP sending thread
2025-06-29 08:36:13,242 : root : All child threads stopped.
