2025-07-06 13:40:55,434 : INFO : root : Loading config.
2025-07-06 13:40:55,436 : INFO : YamlMultifileConfigLoader : Machine config file #1: config.yaml
2025-07-06 13:40:55,436 : INFO : ConfigProcessor : Loading config from cache: /var/folders/9g/7xjb17l959g1fnq4pjl5c5p80000gn/T/1941ac2cbc7f60a15b77e866ee64bff5.mpf_cache
2025-07-06 13:40:55,436 : WARNING : ConfigProcessor : Config file in cache changed: /Users/ruben/Pinball/mpf-pinball/config/sounds.yaml
2025-07-06 13:40:55,436 : INFO : ConfigProcessor : Loading config from file /Library/Frameworks/Python.framework/Versions/3.9/lib/python3.9/site-packages/mpf/mpfconfig.yaml.
2025-07-06 13:40:55,442 : INFO : ConfigProcessor : Loading config: /Library/Frameworks/Python.framework/Versions/3.9/lib/python3.9/site-packages/mpf/mpfconfig.yaml
2025-07-06 13:40:55,443 : INFO : ConfigProcessor : Loading config from file /Users/ruben/Pinball/mpf-pinball/config/config.yaml.
2025-07-06 13:40:55,443 : INFO : ConfigProcessor : Loading config: /Users/ruben/Pinball/mpf-pinball/config/config.yaml
2025-07-06 13:40:55,444 : INFO : ConfigProcessor : Loading config: /Users/ruben/Pinball/mpf-pinball/config/hardware.yaml
2025-07-06 13:40:55,444 : INFO : ConfigProcessor : Loading config: /Users/ruben/Pinball/mpf-pinball/config/switches.yaml
2025-07-06 13:40:55,445 : INFO : ConfigProcessor : Loading config: /Users/ruben/Pinball/mpf-pinball/config/coils.yaml
2025-07-06 13:40:55,447 : INFO : ConfigProcessor : Loading config: /Users/ruben/Pinball/mpf-pinball/config/lights.yaml
2025-07-06 13:40:55,448 : INFO : ConfigProcessor : Loading config: /Users/ruben/Pinball/mpf-pinball/config/devices.yaml
2025-07-06 13:40:55,448 : INFO : ConfigProcessor : Loading config: /Users/ruben/Pinball/mpf-pinball/config/images.yaml
2025-07-06 13:40:55,449 : INFO : ConfigProcessor : Loading config: /Users/ruben/Pinball/mpf-pinball/config/displays.yaml
2025-07-06 13:40:55,450 : INFO : ConfigProcessor : Loading config: /Users/ruben/Pinball/mpf-pinball/config/slides.yaml
2025-07-06 13:40:55,450 : INFO : ConfigProcessor : Loading config: /Users/ruben/Pinball/mpf-pinball/config/sounds.yaml
2025-07-06 13:40:55,452 : INFO : ConfigProcessor : Config file cache created: /var/folders/9g/7xjb17l959g1fnq4pjl5c5p80000gn/T/1941ac2cbc7f60a15b77e866ee64bff5.mpf_cache
2025-07-06 13:40:55,472 : INFO : ConfigProcessor : Loading config from cache: /var/folders/9g/7xjb17l959g1fnq4pjl5c5p80000gn/T/f574f59b1e0fcbb2258348220f26b9cc.mpf_cache
2025-07-06 13:40:55,472 : INFO : ConfigProcessor : Loading config from cache: /var/folders/9g/7xjb17l959g1fnq4pjl5c5p80000gn/T/edcc5f1d3215b377c9faab88c62e4ce0.mpf_cache
2025-07-06 13:40:55,472 : WARNING : ConfigProcessor : Config file in cache changed: /Users/ruben/Pinball/mpf-pinball/modes/base/config/base.yaml
2025-07-06 13:40:55,472 : INFO : ConfigProcessor : Loading config from file /Users/ruben/Pinball/mpf-pinball/modes/base/config/base.yaml.
2025-07-06 13:40:55,473 : INFO : ConfigProcessor : Loading config: /Users/ruben/Pinball/mpf-pinball/modes/base/config/base.yaml
2025-07-06 13:40:55,474 : INFO : ConfigProcessor : Config file cache created: /var/folders/9g/7xjb17l959g1fnq4pjl5c5p80000gn/T/174d451d321a0971202b746018364536.mpf_cache
2025-07-06 13:40:55,474 : INFO : ConfigProcessor : Loading config from cache: /var/folders/9g/7xjb17l959g1fnq4pjl5c5p80000gn/T/f574f59b1e0fcbb2258348220f26b9cc.mpf_cache
2025-07-06 13:40:55,474 : INFO : ConfigProcessor : Loading config from cache: /var/folders/9g/7xjb17l959g1fnq4pjl5c5p80000gn/T/eb471d6ccb0819d362663d6a8f2acf38.mpf_cache
2025-07-06 13:40:55,474 : INFO : ConfigProcessor : Loading config from cache: /var/folders/9g/7xjb17l959g1fnq4pjl5c5p80000gn/T/d59102b8edab9d29c936bc5103c31ce3.mpf_cache
2025-07-06 13:40:55,474 : INFO : ConfigProcessor : Loading config from cache: /var/folders/9g/7xjb17l959g1fnq4pjl5c5p80000gn/T/47fef8a1453daf1c032af9b266173dc7.mpf_cache
2025-07-06 13:40:55,474 : INFO : ConfigProcessor : Loading config from cache: /var/folders/9g/7xjb17l959g1fnq4pjl5c5p80000gn/T/099d4b18c0884da431b87dd690bf4c32.mpf_cache
2025-07-06 13:40:55,474 : INFO : ConfigProcessor : Loading config from cache: /var/folders/9g/7xjb17l959g1fnq4pjl5c5p80000gn/T/598981ad252bde5d57763e28fc8e8246.mpf_cache
2025-07-06 13:40:55,474 : INFO : ConfigProcessor : Loading config from cache: /var/folders/9g/7xjb17l959g1fnq4pjl5c5p80000gn/T/7d84a1dad0271550171325475a6e1af4.mpf_cache
2025-07-06 13:40:55,475 : INFO : ConfigProcessor : Loading config from cache: /var/folders/9g/7xjb17l959g1fnq4pjl5c5p80000gn/T/f238ae40b962a84c30d7301a20ca1dae.mpf_cache
2025-07-06 13:40:55,475 : INFO : ConfigProcessor : Loading config from cache: /var/folders/9g/7xjb17l959g1fnq4pjl5c5p80000gn/T/a93e216f51b341135614380ce5b2c95b.mpf_cache
2025-07-06 13:40:55,475 : INFO : ConfigProcessor : Loading config from cache: /var/folders/9g/7xjb17l959g1fnq4pjl5c5p80000gn/T/e915b2173a980311df13d8013999f00c.mpf_cache
2025-07-06 13:40:55,475 : INFO : ConfigProcessor : Loading config from cache: /var/folders/9g/7xjb17l959g1fnq4pjl5c5p80000gn/T/b77620ad9425e89373db73baff92c60d.mpf_cache
2025-07-06 13:40:55,475 : INFO : Machine : Mission Pinball Framework Core Engine v0.57.3
2025-07-06 13:40:55,475 : INFO : Machine : Command line arguments: {'no_load_cache': False, 'create_config_cache': True, 'bcp': True, 'configfile': ['config.yaml'], 'force_assets_load': False, 'platform_integration_test': False, 'jsonlogging': False, 'logfile': 'logs/2025-07-06-13-40-55-mpf-ruben.home.log', 'pause': False, 'production': False, 'text_ui': True, 'loglevel': 15, 'consoleloglevel': 20, 'force_platform': 'smart_virtual', 'syslog_address': None, 'mc_file_name': None, 'no_sound': False}
2025-07-06 13:40:55,475 : INFO : Machine : MPF path: /Library/Frameworks/Python.framework/Versions/3.9/lib/python3.9/site-packages/mpf
2025-07-06 13:40:55,475 : INFO : Machine : Machine path: /Users/ruben/Pinball/mpf-pinball
2025-07-06 13:40:55,475 : INFO : Machine : Platform: darwin
2025-07-06 13:40:55,475 : INFO : Machine : Python executable location: /Library/Frameworks/Python.framework/Versions/3.9/bin/python3.9
2025-07-06 13:40:55,475 : INFO : Machine : Python version: 3.9.13 (64-bit)
2025-07-06 13:40:55,475 : INFO : Machine : Initializing MPF...
2025-07-06 13:40:55,493 : INFO : EventManager : Event: ======'machine_var_credits_string'====== Args={'value': 'FREE PLAY', 'prev_value': None, 'change': True}
2025-07-06 13:40:55,509 : INFO : EventManager : Event: ======'machine_var_master_volume'====== Args={'value': 0.5, 'prev_value': None, 'change': True}
2025-07-06 13:40:55,509 : INFO : EventManager : Event: ======'machine_var_player1_score'====== Args={'value': 0, 'prev_value': None, 'change': True}
2025-07-06 13:40:55,509 : INFO : EventManager : Event: ======'machine_var_mpf_version'====== Args={'value': 'Mission Pinball Framework v0.57.3', 'prev_value': None, 'change': True}
2025-07-06 13:40:55,509 : INFO : EventManager : Event: ======'machine_var_mpf_extended_version'====== Args={'value': 'Mission Pinball Framework v0.57.3, Config version:6, Show version: 6, BCP version:1.1', 'prev_value': None, 'change': True}
2025-07-06 13:40:55,509 : INFO : EventManager : Event: ======'machine_var_python_version'====== Args={'value': '3.9.13', 'prev_value': None, 'change': True}
2025-07-06 13:40:55,519 : INFO : EventManager : Event: ======'machine_var_platform'====== Args={'value': 'macOS-15.5-arm64-arm-64bit', 'prev_value': None, 'change': True}
2025-07-06 13:40:55,519 : INFO : EventManager : Event: ======'machine_var_platform_system'====== Args={'value': 'Darwin', 'prev_value': None, 'change': True}
2025-07-06 13:40:55,519 : INFO : EventManager : Event: ======'machine_var_platform_release'====== Args={'value': '24.5.0', 'prev_value': None, 'change': True}
2025-07-06 13:40:55,519 : INFO : EventManager : Event: ======'machine_var_platform_version'====== Args={'value': 'Darwin Kernel Version 24.5.0: Tue Apr 22 19:54:49 PDT 2025; root:xnu-11417.121.6~2/RELEASE_ARM64_T6000', 'prev_value': None, 'change': True}
2025-07-06 13:40:55,519 : INFO : EventManager : Event: ======'machine_var_platform_machine'====== Args={'value': 'arm64', 'prev_value': None, 'change': True}
2025-07-06 13:40:55,519 : INFO : EventManager : Event: ======'init_phase_1'====== Args={}
2025-07-06 13:40:55,528 : INFO : EventManager : Event: ======'init_phase_2'====== Args={}
2025-07-06 13:40:55,531 : INFO : EventManager : Event: ======'bcp_connection_attempt'====== Args={'name': 'local_display', 'host': 'localhost', 'port': 5050}
2025-07-06 13:40:55,532 : INFO : BCPClientSocket : Connecting BCP to 'local_display' at localhost:5050...
2025-07-06 13:40:56,562 : INFO : BCPClientSocket : Connected BCP to 'local_display' localhost:5050
2025-07-06 13:40:56,562 : INFO : EventManager : Event: ======'bcp_clients_connected'====== Args={}
2025-07-06 13:40:56,563 : INFO : ball_device.bd_trough : BCH: Initial count: 0
2025-07-06 13:40:56,563 : INFO : ball_device.bd_trough : State: idle
2025-07-06 13:40:56,566 : INFO : EventManager : Event: ======'init_phase_3'====== Args={}
2025-07-06 13:40:56,571 : INFO : EventManager : Event: ======'init_phase_4'====== Args={}
2025-07-06 13:40:56,571 : INFO : BallController : Initial balls found: 0
2025-07-06 13:40:56,571 : INFO : EventManager : Event: ======'machine_var_mc_version'====== Args={'value': 'MPF-MC v0.57.1', 'prev_value': None, 'change': True}
2025-07-06 13:40:56,571 : INFO : EventManager : Event: ======'machine_var_mc_extended_version'====== Args={'value': 'MPF-MC v0.57.1 (config_version=6, BCP v1.1,                      Requires MPF API compatibility v0.57.0 or newer)', 'prev_value': None, 'change': True}
2025-07-06 13:40:56,577 : INFO : EventManager : Event: ======'machine_var_audits_events_game_ended'====== Args={'value': 53, 'prev_value': None, 'change': True}
2025-07-06 13:40:56,577 : INFO : EventManager : Event: ======'machine_var_audits_events_game_started'====== Args={'value': 146, 'prev_value': None, 'change': True}
2025-07-06 13:40:56,577 : INFO : EventManager : Event: ======'machine_var_audits_missing_switches_s_left_flipper'====== Args={'value': 46, 'prev_value': None, 'change': True}
2025-07-06 13:40:56,577 : INFO : EventManager : Event: ======'machine_var_audits_missing_switches_s_left_outlane'====== Args={'value': 10, 'prev_value': None, 'change': True}
2025-07-06 13:40:56,578 : INFO : EventManager : Event: ======'machine_var_audits_missing_switches_s_pop1'====== Args={'value': 57, 'prev_value': None, 'change': True}
2025-07-06 13:40:56,578 : INFO : EventManager : Event: ======'machine_var_audits_missing_switches_s_pop2'====== Args={'value': 57, 'prev_value': None, 'change': True}
2025-07-06 13:40:56,578 : INFO : EventManager : Event: ======'machine_var_audits_missing_switches_s_pop3'====== Args={'value': 57, 'prev_value': None, 'change': True}
2025-07-06 13:40:56,578 : INFO : EventManager : Event: ======'machine_var_audits_missing_switches_s_pop4'====== Args={'value': 46, 'prev_value': None, 'change': True}
2025-07-06 13:40:56,578 : INFO : EventManager : Event: ======'machine_var_audits_missing_switches_s_right_flipper'====== Args={'value': 45, 'prev_value': None, 'change': True}
2025-07-06 13:40:56,578 : INFO : EventManager : Event: ======'machine_var_audits_missing_switches_s_right_outlane'====== Args={'value': 10, 'prev_value': None, 'change': True}
2025-07-06 13:40:56,578 : INFO : EventManager : Event: ======'machine_var_audits_missing_switches_s_startButton'====== Args={'value': 36, 'prev_value': None, 'change': True}
2025-07-06 13:40:56,579 : INFO : EventManager : Event: ======'machine_var_audits_missing_switches_s_trough1'====== Args={'value': 39, 'prev_value': None, 'change': True}
2025-07-06 13:40:56,579 : INFO : EventManager : Event: ======'machine_var_audits_missing_switches_s_trough2'====== Args={'value': 10, 'prev_value': None, 'change': True}
2025-07-06 13:40:56,579 : INFO : EventManager : Event: ======'machine_var_audits_missing_switches_s_trough3'====== Args={'value': 10, 'prev_value': None, 'change': True}
2025-07-06 13:40:56,579 : INFO : EventManager : Event: ======'machine_var_audits_missing_switches_s_trough4'====== Args={'value': 10, 'prev_value': None, 'change': True}
2025-07-06 13:40:56,579 : INFO : EventManager : Event: ======'machine_var_audits_missing_switches_s_trough5'====== Args={'value': 9, 'prev_value': None, 'change': True}
2025-07-06 13:40:56,579 : INFO : EventManager : Event: ======'machine_var_audits_player_score'====== Args={'value': {'average': 0, 'top': [0, 0, 0, 0, 0, 0, 0, 0, 0, 0], 'total': 53}, 'prev_value': None, 'change': True}
2025-07-06 13:40:56,579 : INFO : EventManager : Event: ======'machine_var_audits_switches_s_drop_bank1'====== Args={'value': 140, 'prev_value': None, 'change': True}
2025-07-06 13:40:56,579 : INFO : EventManager : Event: ======'machine_var_audits_switches_s_left_flipper'====== Args={'value': 2284, 'prev_value': None, 'change': True}
2025-07-06 13:40:56,579 : INFO : EventManager : Event: ======'machine_var_audits_switches_s_left_inlane1'====== Args={'value': 2, 'prev_value': None, 'change': True}
2025-07-06 13:40:56,579 : INFO : EventManager : Event: ======'machine_var_audits_switches_s_left_inlane2'====== Args={'value': 2, 'prev_value': None, 'change': True}
2025-07-06 13:40:56,579 : INFO : EventManager : Event: ======'machine_var_audits_switches_s_left_outlane'====== Args={'value': 0, 'prev_value': None, 'change': True}
2025-07-06 13:40:56,580 : INFO : EventManager : Event: ======'machine_var_audits_switches_s_left_slingshot'====== Args={'value': 404, 'prev_value': None, 'change': True}
2025-07-06 13:40:56,580 : INFO : EventManager : Event: ======'machine_var_audits_switches_s_plunger'====== Args={'value': 5, 'prev_value': None, 'change': True}
2025-07-06 13:40:56,580 : INFO : EventManager : Event: ======'machine_var_audits_switches_s_pop1'====== Args={'value': 0, 'prev_value': None, 'change': True}
2025-07-06 13:40:56,580 : INFO : EventManager : Event: ======'machine_var_audits_switches_s_pop2'====== Args={'value': 0, 'prev_value': None, 'change': True}
2025-07-06 13:40:56,580 : INFO : EventManager : Event: ======'machine_var_audits_switches_s_pop3'====== Args={'value': 0, 'prev_value': None, 'change': True}
2025-07-06 13:40:56,580 : INFO : EventManager : Event: ======'machine_var_audits_switches_s_pop4'====== Args={'value': 3, 'prev_value': None, 'change': True}
2025-07-06 13:40:56,581 : INFO : EventManager : Event: ======'machine_var_audits_switches_s_pop5'====== Args={'value': 4, 'prev_value': None, 'change': True}
2025-07-06 13:40:56,581 : INFO : EventManager : Event: ======'machine_var_audits_switches_s_pop_bot'====== Args={'value': 426, 'prev_value': None, 'change': True}
2025-07-06 13:40:56,581 : INFO : EventManager : Event: ======'machine_var_audits_switches_s_pop_mid'====== Args={'value': 351, 'prev_value': None, 'change': True}
2025-07-06 13:40:56,581 : INFO : EventManager : Event: ======'machine_var_audits_switches_s_pop_top'====== Args={'value': 302, 'prev_value': None, 'change': True}
2025-07-06 13:40:56,581 : INFO : EventManager : Event: ======'machine_var_audits_switches_s_right_flipper'====== Args={'value': 2339, 'prev_value': None, 'change': True}
2025-07-06 13:40:56,581 : INFO : EventManager : Event: ======'machine_var_audits_switches_s_right_inlane'====== Args={'value': 73, 'prev_value': None, 'change': True}
2025-07-06 13:40:56,581 : INFO : EventManager : Event: ======'machine_var_audits_switches_s_right_outlane'====== Args={'value': 0, 'prev_value': None, 'change': True}
2025-07-06 13:40:56,581 : INFO : EventManager : Event: ======'machine_var_audits_switches_s_right_slingshot'====== Args={'value': 327, 'prev_value': None, 'change': True}
2025-07-06 13:40:56,582 : INFO : EventManager : Event: ======'machine_var_audits_switches_s_scoop_center'====== Args={'value': 2, 'prev_value': None, 'change': True}
2025-07-06 13:40:56,582 : INFO : EventManager : Event: ======'machine_var_audits_switches_s_scoop_lower'====== Args={'value': 220, 'prev_value': None, 'change': True}
2025-07-06 13:40:56,582 : INFO : EventManager : Event: ======'machine_var_audits_switches_s_scoop_right'====== Args={'value': 1, 'prev_value': None, 'change': True}
2025-07-06 13:40:56,582 : INFO : EventManager : Event: ======'machine_var_audits_switches_s_shooter_lane'====== Args={'value': 15, 'prev_value': None, 'change': True}
2025-07-06 13:40:56,582 : INFO : EventManager : Event: ======'machine_var_audits_switches_s_startButton'====== Args={'value': 37, 'prev_value': None, 'change': True}
2025-07-06 13:40:56,582 : INFO : EventManager : Event: ======'machine_var_audits_switches_s_trough1'====== Args={'value': 318, 'prev_value': None, 'change': True}
2025-07-06 13:40:56,582 : INFO : EventManager : Event: ======'machine_var_audits_switches_s_trough2'====== Args={'value': 1, 'prev_value': None, 'change': True}
2025-07-06 13:40:56,582 : INFO : EventManager : Event: ======'machine_var_audits_switches_s_trough3'====== Args={'value': 1, 'prev_value': None, 'change': True}
2025-07-06 13:40:56,582 : INFO : EventManager : Event: ======'machine_var_audits_switches_s_trough4'====== Args={'value': 1, 'prev_value': None, 'change': True}
2025-07-06 13:40:56,583 : INFO : EventManager : Event: ======'machine_var_audits_switches_s_trough5'====== Args={'value': 1, 'prev_value': None, 'change': True}
2025-07-06 13:40:56,583 : INFO : EventManager : Event: ======'init_phase_5'====== Args={}
2025-07-06 13:40:56,583 : INFO : EventManager : Event: ======'init_done'====== Args={}
2025-07-06 13:40:56,584 : INFO : EventManager : Event: ======'machine_reset_phase_1'====== Args={}
2025-07-06 13:40:56,586 : INFO : EventManager : Event: ======'machine_reset_phase_2'====== Args={}
2025-07-06 13:40:56,586 : INFO : EventManager : Event: ======'machine_reset_phase_3'====== Args={}
2025-07-06 13:40:56,587 : INFO : EventManager : Event: ======'reset_complete'====== Args={}
2025-07-06 13:40:56,587 : INFO : EventManager : Event: ======'mode_attract_will_start'====== Args={}
2025-07-06 13:40:56,587 : INFO : EventManager : Event: ======'mode_attract_starting'====== Args={}
2025-07-06 13:40:56,587 : INFO : Mode.attract : Started. Priority: 10
2025-07-06 13:40:56,587 : INFO : EventManager : Event: ======'modes_active_modes_changed'====== Args={}
2025-07-06 13:40:56,587 : INFO : EventManager : Event: ======'mode_attract_started'====== Args={}
2025-07-06 13:40:56,588 : INFO : EventManager : Event: ======'collecting_balls_complete'====== Args={}
2025-07-06 13:40:56,590 : INFO : Machine : Starting the main run loop with active modes: [<Mode.attract>]
2025-07-06 13:40:56,598 : INFO : EventManager : Event: ======'slide_awesome_slide_created'====== Args={'_from_bcp': True}
2025-07-06 13:40:56,611 : INFO : EventManager : Event: ======'slide_awesome_slide_active'====== Args={'_from_bcp': True}
2025-07-06 13:40:57,067 : INFO : BcpServer : New client connected.
2025-07-06 13:40:59,610 : INFO : EventManager : Event: ======'slide_press_start_created'====== Args={'_from_bcp': True}
2025-07-06 13:40:59,623 : INFO : EventManager : Event: ======'slide_press_start_active'====== Args={'_from_bcp': True}
2025-07-06 13:41:05,381 : INFO : SwitchController : <<<<<<< 's_trough1' active >>>>>>>
2025-07-06 13:41:05,882 : INFO : EventManager : Event: ======'balldevice_bd_trough_ball_count_changed'====== Args={'balls': 1}
2025-07-06 13:41:05,882 : INFO : ball_device.bd_trough : Received unexpected ball
2025-07-06 13:41:05,882 : INFO : EventManager : Event: ======'balldevice_captured_from_playfield'====== Args={'balls': 1}
2025-07-06 13:41:05,883 : INFO : EventManager : Event: ======'sw_playfield_active'====== Args={'balls': 1}
2025-07-06 13:41:05,883 : INFO : EventManager : Event: ======'playfield_active'====== Args={'source': None}
2025-07-06 13:41:05,884 : INFO : EventManager : Event: ======'unexpected_ball_on_playfield'====== Args={}
2025-07-06 13:41:05,884 : INFO : EventManager : Event: ======'playfield_ball_count_change'====== Args={'balls': -1, 'change': -1}
2025-07-06 13:41:05,886 : INFO : EventManager : Event: ======'balldevice_playfield_ball_enter'====== Args={'new_balls': 1, 'unclaimed_balls': 1, 'device': <playfield.playfield>}
2025-07-06 13:41:05,886 : INFO : EventManager : Event: ======'playfield_ball_count_change'====== Args={'balls': 0, 'change': 1}
2025-07-06 13:41:05,886 : INFO : BallController : Found a new ball which was captured from playfield. Known balls: 1
2025-07-06 13:41:05,886 : INFO : EventManager : Event: ======'found_new_ball'====== Args={}
2025-07-06 13:41:05,886 : INFO : EventManager : Event: ======'balldevice_bd_trough_ball_enter'====== Args={'new_balls': 1, 'unclaimed_balls': 1, 'new_available_balls': 1, 'device': <ball_device.bd_trough>}
2025-07-06 13:41:05,887 : INFO : EventManager : Event: ======'ball_drain'====== Args={'device': <ball_device.bd_trough>, 'balls': 1}
2025-07-06 13:41:05,887 : INFO : EventManager : Event: ======'balldevice_balls_available'====== Args={}
2025-07-06 13:41:05,888 : INFO : EventManager : Event: ======'balldevice_bd_trough_ball_entered'====== Args={'new_balls': 1, 'device': <ball_device.bd_trough>}
2025-07-06 13:41:07,277 : INFO : SwitchController : <<<<<<< 's_startButton' active >>>>>>>
2025-07-06 13:41:07,395 : INFO : SwitchController : <<<<<<< 's_startButton' inactive >>>>>>>
2025-07-06 13:41:07,395 : INFO : EventManager : Event: ======'request_to_start_game'====== Args={}
2025-07-06 13:41:07,396 : INFO : EventManager : Event: ======'game_start'====== Args={'buttons': [], 'hold_time': 0.11758166700000139}
2025-07-06 13:41:07,397 : INFO : EventManager : Event: ======'mode_game_will_start'====== Args={'buttons': [], 'hold_time': 0.11758166700000139}
2025-07-06 13:41:07,398 : INFO : EventManager : Event: ======'mode_game_starting'====== Args={'buttons': [], 'hold_time': 0.11758166700000139}
2025-07-06 13:41:07,398 : INFO : EventManager : Event: ======'mode_attract_will_stop'====== Args={}
2025-07-06 13:41:07,398 : INFO : EventManager : Event: ======'mode_attract_stopping'====== Args={}
2025-07-06 13:41:07,398 : INFO : Mode.attract : Stopped.
2025-07-06 13:41:07,398 : INFO : EventManager : Event: ======'modes_active_modes_changed'====== Args={}
2025-07-06 13:41:07,399 : INFO : EventManager : Event: ======'mode_attract_stopped'====== Args={}
2025-07-06 13:41:07,400 : INFO : EventManager : Event: ======'clear'====== Args={'key': 'attract'}
2025-07-06 13:41:07,400 : INFO : Mode.game : Started. Priority: 20
2025-07-06 13:41:07,400 : INFO : EventManager : Event: ======'modes_active_modes_changed'====== Args={}
2025-07-06 13:41:07,400 : INFO : EventManager : Event: ======'mode_game_started'====== Args={'buttons': [], 'hold_time': 0.11758166700000139}
2025-07-06 13:41:07,401 : INFO : EventManager : Event: ======'game_will_start'====== Args={}
2025-07-06 13:41:07,402 : INFO : EventManager : Event: ======'game_starting'====== Args={'game': <Mode.game>}
2025-07-06 13:41:07,402 : INFO : EventManager : Unordered handler for class <Auditor> on event game_ended with priority 1. Handlers: [RegisteredHandler(callback=<bound method Auditor.disable of <Auditor>>, priority=1, kwargs={}, key=UUID('ecf77d01-ae7e-4ac6-94fe-ec6fec39bc6a'), condition=None, blocking_facility=None), RegisteredHandler(callback=<bound method Auditor._save_audits of <Auditor>>, priority=1, kwargs={}, key=UUID('65e17b4d-d41d-4093-8dfb-c55396973a08'), condition=None, blocking_facility=None)]. The order of those handlers is not defined and they will be executed in random order. This might lead to race conditions and potential bugs.
2025-07-06 13:41:07,403 : INFO : EventManager : Event: ======'player_add_request'====== Args={}
2025-07-06 13:41:07,403 : INFO : EventManager : Event: ======'player_will_add'====== Args={'number': 1}
2025-07-06 13:41:07,403 : INFO : EventManager : Event: ======'player_adding'====== Args={'player': <Player 1>, 'number': 1}
2025-07-06 13:41:07,403 : INFO : EventManager : Event: ======'player_added'====== Args={'player': <Player 1>, 'num': 1}
2025-07-06 13:41:07,403 : INFO : Mode.game : Player added successfully. Total players: 1
2025-07-06 13:41:07,404 : INFO : EventManager : Event: ======'player_index'====== Args={'value': 0, 'prev_value': 0, 'change': 0, 'player_num': 1}
2025-07-06 13:41:07,404 : INFO : EventManager : Event: ======'player_number'====== Args={'value': 1, 'prev_value': 1, 'change': 0, 'player_num': 1}
2025-07-06 13:41:07,404 : INFO : EventManager : Event: ======'player_score'====== Args={'value': 0, 'prev_value': 0, 'change': 0, 'player_num': 1}
2025-07-06 13:41:07,405 : INFO : EventManager : Event: ======'game_started'====== Args={}
2025-07-06 13:41:07,405 : INFO : EventManager : Event: ======'player_turn_will_start'====== Args={'player': <Player 1>, 'number': 1}
2025-07-06 13:41:07,412 : INFO : EventManager : Event: ======'player_turn_starting'====== Args={'player': <Player 1>, 'number': 1}
2025-07-06 13:41:07,413 : INFO : EventManager : Event: ======'slide_awesome_slide_removed'====== Args={'_from_bcp': True}
2025-07-06 13:41:07,413 : INFO : EventManager : Event: ======'slide_press_start_removed'====== Args={'_from_bcp': True}
2025-07-06 13:41:07,414 : INFO : EventManager : Event: ======'slide_window_blank_active'====== Args={'_from_bcp': True}
2025-07-06 13:41:07,415 : INFO : EventManager : Event: ======'player_ball'====== Args={'value': 1, 'prev_value': 0, 'change': 1, 'player_num': 1}
2025-07-06 13:41:07,415 : INFO : EventManager : Event: ======'player_turn_started'====== Args={'player': <Player 1>, 'number': 1}
2025-07-06 13:41:07,416 : INFO : EventManager : Event: ======'ball_will_start'====== Args={'player': 1, 'ball': 1, 'balls_remaining': 2, 'is_extra_ball': False}
2025-07-06 13:41:07,416 : INFO : EventManager : Event: ======'ball_starting'====== Args={'player': 1, 'ball': 1, 'balls_remaining': 2, 'is_extra_ball': False}
2025-07-06 13:41:07,416 : INFO : EventManager : Event: ======'mode_base_will_start'====== Args={'queue': <QueuedEvent>, 'player': 1, 'ball': 1, 'balls_remaining': 2, 'is_extra_ball': False}
2025-07-06 13:41:07,417 : INFO : EventManager : Event: ======'mode_base_starting'====== Args={'queue': <QueuedEvent>, 'player': 1, 'ball': 1, 'balls_remaining': 2, 'is_extra_ball': False}
2025-07-06 13:41:07,417 : INFO : Mode.base : Started. Priority: 100
2025-07-06 13:41:07,417 : INFO : EventManager : Event: ======'modes_active_modes_changed'====== Args={}
2025-07-06 13:41:07,418 : INFO : EventManager : Event: ======'mode_base_started'====== Args={'queue': <QueuedEvent>, 'player': 1, 'ball': 1, 'balls_remaining': 2, 'is_extra_ball': False}
2025-07-06 13:41:07,418 : INFO : EventManager : Event: ======'balls_in_play'====== Args={'balls': 1}
2025-07-06 13:41:07,419 : INFO : EventManager : Event: ======'ball_started'====== Args={'player': 1, 'ball': 1, 'balls_remaining': 2, 'is_extra_ball': False}
2025-07-06 13:41:07,419 : INFO : EventManager : Event: ======'single_player_ball_started'====== Args={}
2025-07-06 13:41:07,419 : INFO : EventManager : Event: ======'ball_start_target'====== Args={'target': 'playfield'}
2025-07-06 13:41:07,420 : INFO : ball_device.bd_trough : Setting up player-controlled eject. Balls: 1, Target: <playfield.playfield>, player_controlled_eject_event: None
2025-07-06 13:41:07,420 : INFO : ball_device.bd_trough : Adding 1 ball(s) to the eject_queue with target <playfield.playfield>.
2025-07-06 13:41:07,420 : INFO : EventManager : Event: ======'balldevice_balls_available'====== Args={}
2025-07-06 13:41:07,421 : INFO : ball_device.bd_trough : State: waiting_for_target_ready
2025-07-06 13:41:07,421 : INFO : EventManager : Event: ======'balldevice_bd_trough_ball_eject_attempt'====== Args={'balls': 1, 'target': <playfield.playfield>, 'source': <ball_device.bd_trough>, 'mechanical_eject': False, 'num_attempts': 0}
2025-07-06 13:41:07,421 : INFO : ball_device.bd_trough : State: ejecting
2025-07-06 13:41:07,421 : INFO : ball_device.bd_trough : Ejecting ball to <playfield.playfield>
2025-07-06 13:41:07,421 : INFO : EventManager : Event: ======'balldevice_bd_trough_ejecting_ball'====== Args={'balls': 1, 'target': <playfield.playfield>, 'source': <ball_device.bd_trough>, 'mechanical_eject': False, 'num_attempts': 0}
2025-07-06 13:41:07,422 : INFO : ball_device.bd_trough : Wait for ball to leave device
2025-07-06 13:41:07,422 : INFO : coil.c_trough_eject : Pulsing Driver for 35ms (1.0 pulse_power)
2025-07-06 13:41:07,422 : INFO : SwitchController : <<<<<<< 's_trough1' inactive >>>>>>>
2025-07-06 13:41:07,423 : INFO : ball_device.bd_trough : State: ball_left
2025-07-06 13:41:07,423 : INFO : ball_device.bd_trough : Ball left
2025-07-06 13:41:07,423 : INFO : ball_device.bd_trough : Wait for confirm with timeout 10.0
2025-07-06 13:41:07,438 : INFO : EventManager : Event: ======'slide_base.slide_player-mode_base_started_created'====== Args={'_from_bcp': True}
2025-07-06 13:41:07,438 : INFO : EventManager : Event: ======'slide_base.slide_player-mode_base_started_active'====== Args={'_from_bcp': True}
2025-07-06 13:41:12,868 : INFO : SwitchController : <<<<<<< 's_left_slingshot' active >>>>>>>
2025-07-06 13:41:12,868 : INFO : EventManager : Event: ======'s_left_slingshot_active'====== Args={}
2025-07-06 13:41:12,869 : INFO : EventManager : Event: ======'playfield_active'====== Args={'source': 'left_slingshot'}
2025-07-06 13:41:12,869 : INFO : EventManager : Event: ======'machine_var_audits_switches_s_left_slingshot'====== Args={'value': 405, 'prev_value': 404, 'change': 1}
2025-07-06 13:41:12,874 : INFO : ball_device.bd_trough : Got eject confirm
2025-07-06 13:41:12,874 : INFO : ball_device.bd_trough : Eject successful
2025-07-06 13:41:12,875 : INFO : EventManager : Event: ======'balldevice_bd_trough_ball_eject_success'====== Args={'balls': 1, 'target': <playfield.playfield>}
2025-07-06 13:41:12,875 : INFO : EventManager : Event: ======'balldevice_playfield_ball_enter'====== Args={'new_balls': 1, 'unclaimed_balls': 1, 'device': <playfield.playfield>}
2025-07-06 13:41:12,875 : INFO : EventManager : Event: ======'playfield_ball_count_change'====== Args={'balls': 1, 'change': 1}
2025-07-06 13:41:12,876 : INFO : EventManager : Event: ======'balldevice_bd_trough_ball_count_changed'====== Args={'balls': 0}
2025-07-06 13:41:12,876 : INFO : ball_device.bd_trough : State: idle
2025-07-06 13:41:12,983 : INFO : SwitchController : <<<<<<< 's_left_slingshot' inactive >>>>>>>
2025-07-06 13:41:14,372 : INFO : SwitchController : <<<<<<< 's_right_slingshot' active >>>>>>>
2025-07-06 13:41:14,372 : INFO : EventManager : Event: ======'s_right_slingshot_active'====== Args={}
2025-07-06 13:41:14,373 : INFO : EventManager : Event: ======'machine_var_audits_switches_s_right_slingshot'====== Args={'value': 328, 'prev_value': 327, 'change': 1}
2025-07-06 13:41:14,505 : INFO : SwitchController : <<<<<<< 's_right_slingshot' inactive >>>>>>>
2025-07-06 13:41:15,579 : INFO : SwitchController : <<<<<<< 's_right_inlane' active >>>>>>>
2025-07-06 13:41:15,579 : INFO : EventManager : Event: ======'sw_playfield_active'====== Args={}
2025-07-06 13:41:15,579 : INFO : EventManager : Event: ======'machine_var_audits_switches_s_right_inlane'====== Args={'value': 74, 'prev_value': 73, 'change': 1}
2025-07-06 13:41:15,705 : INFO : SwitchController : <<<<<<< 's_right_inlane' inactive >>>>>>>
2025-07-06 13:41:15,891 : INFO : SwitchController : <<<<<<< 's_right_inlane' active >>>>>>>
2025-07-06 13:41:15,891 : INFO : EventManager : Event: ======'sw_playfield_active'====== Args={}
2025-07-06 13:41:15,892 : INFO : EventManager : Event: ======'machine_var_audits_switches_s_right_inlane'====== Args={'value': 75, 'prev_value': 74, 'change': 1}
2025-07-06 13:41:16,026 : INFO : SwitchController : <<<<<<< 's_right_inlane' inactive >>>>>>>
2025-07-06 13:41:16,242 : INFO : SwitchController : <<<<<<< 's_right_inlane' active >>>>>>>
2025-07-06 13:41:16,242 : INFO : EventManager : Event: ======'sw_playfield_active'====== Args={}
2025-07-06 13:41:16,243 : INFO : EventManager : Event: ======'machine_var_audits_switches_s_right_inlane'====== Args={'value': 76, 'prev_value': 75, 'change': 1}
2025-07-06 13:41:16,359 : INFO : SwitchController : <<<<<<< 's_right_inlane' inactive >>>>>>>
2025-07-06 13:41:16,620 : INFO : SwitchController : <<<<<<< 's_right_inlane' active >>>>>>>
2025-07-06 13:41:16,620 : INFO : EventManager : Event: ======'sw_playfield_active'====== Args={}
2025-07-06 13:41:16,621 : INFO : EventManager : Event: ======'machine_var_audits_switches_s_right_inlane'====== Args={'value': 77, 'prev_value': 76, 'change': 1}
2025-07-06 13:41:16,705 : INFO : SwitchController : <<<<<<< 's_right_inlane' inactive >>>>>>>
2025-07-06 13:41:16,789 : INFO : SwitchController : <<<<<<< 's_right_inlane' active >>>>>>>
2025-07-06 13:41:16,789 : INFO : EventManager : Event: ======'sw_playfield_active'====== Args={}
2025-07-06 13:41:16,789 : INFO : EventManager : Event: ======'machine_var_audits_switches_s_right_inlane'====== Args={'value': 78, 'prev_value': 77, 'change': 1}
2025-07-06 13:41:16,876 : INFO : SwitchController : <<<<<<< 's_right_inlane' inactive >>>>>>>
2025-07-06 13:41:16,960 : INFO : SwitchController : <<<<<<< 's_right_inlane' active >>>>>>>
2025-07-06 13:41:16,961 : INFO : EventManager : Event: ======'sw_playfield_active'====== Args={}
2025-07-06 13:41:16,961 : INFO : EventManager : Event: ======'machine_var_audits_switches_s_right_inlane'====== Args={'value': 79, 'prev_value': 78, 'change': 1}
2025-07-06 13:41:17,047 : INFO : SwitchController : <<<<<<< 's_right_inlane' inactive >>>>>>>
2025-07-06 13:41:17,266 : INFO : SwitchController : <<<<<<< 's_right_inlane' active >>>>>>>
2025-07-06 13:41:17,266 : INFO : EventManager : Event: ======'sw_playfield_active'====== Args={}
2025-07-06 13:41:17,266 : INFO : EventManager : Event: ======'machine_var_audits_switches_s_right_inlane'====== Args={'value': 80, 'prev_value': 79, 'change': 1}
2025-07-06 13:41:17,335 : INFO : SwitchController : <<<<<<< 's_right_inlane' inactive >>>>>>>
2025-07-06 13:41:53,567 : INFO : Machine : Shutting down...
2025-07-06 13:41:53,568 : INFO : EventManager : Event: ======'shutdown'====== Args={}
2025-07-06 13:41:53,570 : INFO : EventManager : Event: ======'mode_game_will_stop'====== Args={}
2025-07-06 13:41:53,570 : INFO : EventManager : Event: ======'mode_game_stopping'====== Args={}
2025-07-06 13:41:53,571 : INFO : EventManager : Event: ======'mode_base_will_stop'====== Args={}
2025-07-06 13:41:53,571 : INFO : EventManager : Event: ======'mode_base_stopping'====== Args={}
2025-07-06 13:41:53,571 : INFO : Mode.base : Stopped.
2025-07-06 13:41:53,571 : INFO : EventManager : Event: ======'modes_active_modes_changed'====== Args={}
2025-07-06 13:41:53,571 : INFO : EventManager : Event: ======'mode_base_stopped'====== Args={}
2025-07-06 13:41:53,572 : INFO : EventManager : Event: ======'clear'====== Args={'key': 'base'}
2025-07-06 13:41:53,572 : INFO : Mode.game : Stopped.
2025-07-06 13:41:53,572 : INFO : EventManager : Event: ======'modes_active_modes_changed'====== Args={}
2025-07-06 13:41:53,572 : INFO : EventManager : Event: ======'mode_game_stopped'====== Args={}
2025-07-06 13:41:53,572 : INFO : EventManager : Event: ======'clear'====== Args={'key': 'game'}
2025-07-06 13:41:53,582 : INFO : root : MPF run loop ended.
