2025-06-17 05:09:11,746 : INFO : root : Loading config.
2025-06-17 05:09:11,761 : INFO : YamlMultifileConfigLoader : Machine config file #1: config.yaml
2025-06-17 05:09:11,761 : INFO : ConfigProcessor : Loading config from cache: C:\Users\ruben\AppData\Local\Temp\a17888e5e1df298d67e07ada0b1bff4a.mpf_cache
2025-06-17 05:09:11,902 : INFO : ConfigProcessor : Loading config from cache: C:\Users\ruben\AppData\Local\Temp\67cf8ffee0fce2d4fcb5ef0bb894d8de.mpf_cache
2025-06-17 05:09:11,902 : INFO : ConfigProcessor : Loading config from cache: C:\Users\ruben\AppData\Local\Temp\25321780674732dcacb77a8f5b2a53cd.mpf_cache
2025-06-17 05:09:11,917 : INFO : ConfigProcessor : Loading config from cache: C:\Users\ruben\AppData\Local\Temp\195f66f1d07408d279921a878741edf5.mpf_cache
2025-06-17 05:09:11,917 : INFO : Machine : Mission Pinball Framework Core Engine v0.56.0
2025-06-17 05:09:11,917 : INFO : Machine : Command line arguments: {'no_load_cache': False, 'create_config_cache': True, 'bcp': True, 'configfile': ['config.yaml'], 'force_assets_load': False, 'jsonlogging': False, 'logfile': 'logs\\2025-06-17-05-09-11-mpf-DESKTOP-11MEIVG.log', 'pause': False, 'production': False, 'text_ui': True, 'loglevel': 15, 'consoleloglevel': 20, 'force_platform': None, 'syslog_address': None, 'mc_file_name': None, 'no_sound': False}
2025-06-17 05:09:11,917 : INFO : Machine : MPF path: C:\Users\ruben\.local\pipx\venvs\mpf\lib\site-packages\mpf
2025-06-17 05:09:11,917 : INFO : Machine : Machine path: C:\pinball\my_machine
2025-06-17 05:09:11,917 : INFO : Machine : Platform: win32
2025-06-17 05:09:11,917 : INFO : Machine : Python executable location: C:\Users\ruben\.local\pipx\venvs\mpf\Scripts\python.exe
2025-06-17 05:09:11,917 : INFO : Machine : Python version: 3.9.13 (64-bit)
2025-06-17 05:09:11,917 : INFO : Machine : Initialise MPF.
2025-06-17 05:09:12,279 : INFO : OPP : Connecting to com3 at 115200bps
2025-06-17 05:09:12,444 : INFO : OPP : Init of OPP board 1 done
2025-06-17 05:09:12,444 : INFO : OPP : Connecting to com4 at 115200bps
2025-06-17 05:09:12,510 : INFO : OPP : Init of OPP board 0 done
2025-06-17 05:09:12,511 : INFO : EventManager : Event: ======'machine_var_credits_string'====== Args={'value': 'FREE PLAY', 'prev_value': None, 'change': True}
2025-06-17 05:09:12,604 : INFO : EventManager : Event: ======'machine_var_master_volume'====== Args={'value': 0.5, 'prev_value': None, 'change': True}
2025-06-17 05:09:12,604 : INFO : EventManager : Event: ======'machine_var_player1_score'====== Args={'value': 0, 'prev_value': None, 'change': True}
2025-06-17 05:09:12,604 : INFO : EventManager : Event: ======'machine_var_mpf_version'====== Args={'value': 'MPF v0.56.0', 'prev_value': None, 'change': True}
2025-06-17 05:09:12,604 : INFO : EventManager : Event: ======'machine_var_mpf_extended_version'====== Args={'value': 'MPF v0.56.0, Config version:5, Show version: 5, BCP version:1.1', 'prev_value': None, 'change': True}
2025-06-17 05:09:12,604 : INFO : EventManager : Event: ======'machine_var_python_version'====== Args={'value': '3.9.13', 'prev_value': None, 'change': True}
2025-06-17 05:09:12,618 : INFO : EventManager : Event: ======'machine_var_platform'====== Args={'value': 'Windows-10-10.0.19045-SP0', 'prev_value': None, 'change': True}
2025-06-17 05:09:12,618 : INFO : EventManager : Event: ======'machine_var_platform_system'====== Args={'value': 'Windows', 'prev_value': None, 'change': True}
2025-06-17 05:09:12,619 : INFO : EventManager : Event: ======'machine_var_platform_release'====== Args={'value': '10', 'prev_value': None, 'change': True}
2025-06-17 05:09:12,619 : INFO : EventManager : Event: ======'machine_var_platform_version'====== Args={'value': '10.0.19045', 'prev_value': None, 'change': True}
2025-06-17 05:09:12,619 : INFO : EventManager : Event: ======'machine_var_platform_machine'====== Args={'value': 'AMD64', 'prev_value': None, 'change': True}
2025-06-17 05:09:12,619 : INFO : EventManager : Event: ======'init_phase_1'====== Args={}
2025-06-17 05:09:12,650 : INFO : EventManager : Event: ======'init_phase_2'====== Args={}
2025-06-17 05:09:12,655 : INFO : EventManager : Event: ======'bcp_connection_attempt'====== Args={'name': 'local_display', 'host': 'localhost', 'port': 5050}
2025-06-17 05:09:12,657 : INFO : BCPClientSocket : Connecting BCP to 'local_display' at localhost:5050...
2025-06-17 05:09:15,222 : INFO : BCPClientSocket : Connected BCP to 'local_display' localhost:5050
2025-06-17 05:09:15,223 : INFO : EventManager : Event: ======'bcp_clients_connected'====== Args={}
2025-06-17 05:09:15,234 : INFO : ball_device.bd_trough : BCH: Initial count: 0
2025-06-17 05:09:15,236 : INFO : ball_device.bd_trough : State: idle
2025-06-17 05:09:15,263 : INFO : EventManager : Event: ======'init_phase_3'====== Args={}
2025-06-17 05:09:15,267 : INFO : EventManager : Event: ======'machine_var_mc_version'====== Args={'value': 'MPF-MC v0.56.1', 'prev_value': None, 'change': True}
2025-06-17 05:09:15,267 : INFO : EventManager : Event: ======'machine_var_mc_extended_version'====== Args={'value': 'MPF-MC v0.56.1 (config_version=5, BCP v1.1,                      Requires MPF API compatibility v0.56.0 or newer)', 'prev_value': None, 'change': True}
2025-06-17 05:09:15,270 : INFO : EventManager : Event: ======'init_phase_4'====== Args={}
2025-06-17 05:09:15,293 : INFO : BallController : Initial balls found: 0
2025-06-17 05:09:15,295 : INFO : EventManager : Event: ======'machine_var_audits_events_game_ended'====== Args={'value': 50, 'prev_value': None, 'change': True}
2025-06-17 05:09:15,295 : INFO : EventManager : Event: ======'machine_var_audits_events_game_started'====== Args={'value': 98, 'prev_value': None, 'change': True}
2025-06-17 05:09:15,295 : INFO : EventManager : Event: ======'machine_var_audits_missing_switches_s_left_flipper'====== Args={'value': 8, 'prev_value': None, 'change': True}
2025-06-17 05:09:15,296 : INFO : EventManager : Event: ======'machine_var_audits_missing_switches_s_left_inlane1'====== Args={'value': 8, 'prev_value': None, 'change': True}
2025-06-17 05:09:15,296 : INFO : EventManager : Event: ======'machine_var_audits_missing_switches_s_left_inlane2'====== Args={'value': 8, 'prev_value': None, 'change': True}
2025-06-17 05:09:15,296 : INFO : EventManager : Event: ======'machine_var_audits_missing_switches_s_left_outlane'====== Args={'value': 9, 'prev_value': None, 'change': True}
2025-06-17 05:09:15,296 : INFO : EventManager : Event: ======'machine_var_audits_missing_switches_s_left_slingshot'====== Args={'value': 9, 'prev_value': None, 'change': True}
2025-06-17 05:09:15,296 : INFO : EventManager : Event: ======'machine_var_audits_missing_switches_s_pop1'====== Args={'value': 9, 'prev_value': None, 'change': True}
2025-06-17 05:09:15,297 : INFO : EventManager : Event: ======'machine_var_audits_missing_switches_s_pop2'====== Args={'value': 9, 'prev_value': None, 'change': True}
2025-06-17 05:09:15,297 : INFO : EventManager : Event: ======'machine_var_audits_missing_switches_s_pop3'====== Args={'value': 9, 'prev_value': None, 'change': True}
2025-06-17 05:09:15,297 : INFO : EventManager : Event: ======'machine_var_audits_missing_switches_s_pop4'====== Args={'value': 8, 'prev_value': None, 'change': True}
2025-06-17 05:09:15,297 : INFO : EventManager : Event: ======'machine_var_audits_missing_switches_s_pop5'====== Args={'value': 8, 'prev_value': None, 'change': True}
2025-06-17 05:09:15,298 : INFO : EventManager : Event: ======'machine_var_audits_missing_switches_s_right_inlane'====== Args={'value': 9, 'prev_value': None, 'change': True}
2025-06-17 05:09:15,298 : INFO : EventManager : Event: ======'machine_var_audits_missing_switches_s_right_outlane'====== Args={'value': 9, 'prev_value': None, 'change': True}
2025-06-17 05:09:15,298 : INFO : EventManager : Event: ======'machine_var_audits_missing_switches_s_right_slingshot'====== Args={'value': 9, 'prev_value': None, 'change': True}
2025-06-17 05:09:15,299 : INFO : EventManager : Event: ======'machine_var_audits_missing_switches_s_scoop_center'====== Args={'value': 8, 'prev_value': None, 'change': True}
2025-06-17 05:09:15,299 : INFO : EventManager : Event: ======'machine_var_audits_missing_switches_s_scoop_right'====== Args={'value': 9, 'prev_value': None, 'change': True}
2025-06-17 05:09:15,300 : INFO : EventManager : Event: ======'machine_var_audits_missing_switches_s_startButton'====== Args={'value': 9, 'prev_value': None, 'change': True}
2025-06-17 05:09:15,300 : INFO : EventManager : Event: ======'machine_var_audits_missing_switches_s_trough1'====== Args={'value': 9, 'prev_value': None, 'change': True}
2025-06-17 05:09:15,301 : INFO : EventManager : Event: ======'machine_var_audits_missing_switches_s_trough2'====== Args={'value': 9, 'prev_value': None, 'change': True}
2025-06-17 05:09:15,301 : INFO : EventManager : Event: ======'machine_var_audits_missing_switches_s_trough3'====== Args={'value': 9, 'prev_value': None, 'change': True}
2025-06-17 05:09:15,302 : INFO : EventManager : Event: ======'machine_var_audits_missing_switches_s_trough4'====== Args={'value': 9, 'prev_value': None, 'change': True}
2025-06-17 05:09:15,302 : INFO : EventManager : Event: ======'machine_var_audits_missing_switches_s_trough5'====== Args={'value': 8, 'prev_value': None, 'change': True}
2025-06-17 05:09:15,303 : INFO : EventManager : Event: ======'machine_var_audits_player_score'====== Args={'value': {'average': 0.0, 'top': [0, 0, 0, 0, 0, 0, 0, 0, 0, 0], 'total': 50}, 'prev_value': None, 'change': True}
2025-06-17 05:09:15,303 : INFO : EventManager : Event: ======'machine_var_audits_switches_s_drop_bank1'====== Args={'value': 140, 'prev_value': None, 'change': True}
2025-06-17 05:09:15,304 : INFO : EventManager : Event: ======'machine_var_audits_switches_s_left_flipper'====== Args={'value': 2280, 'prev_value': None, 'change': True}
2025-06-17 05:09:15,305 : INFO : EventManager : Event: ======'machine_var_audits_switches_s_left_inlane1'====== Args={'value': 1, 'prev_value': None, 'change': True}
2025-06-17 05:09:15,305 : INFO : EventManager : Event: ======'machine_var_audits_switches_s_left_inlane2'====== Args={'value': 1, 'prev_value': None, 'change': True}
2025-06-17 05:09:15,306 : INFO : EventManager : Event: ======'machine_var_audits_switches_s_left_outlane'====== Args={'value': 0, 'prev_value': None, 'change': True}
2025-06-17 05:09:15,307 : INFO : EventManager : Event: ======'machine_var_audits_switches_s_left_slingshot'====== Args={'value': 290, 'prev_value': None, 'change': True}
2025-06-17 05:09:15,307 : INFO : EventManager : Event: ======'machine_var_audits_switches_s_plunger'====== Args={'value': 5, 'prev_value': None, 'change': True}
2025-06-17 05:09:15,308 : INFO : EventManager : Event: ======'machine_var_audits_switches_s_pop1'====== Args={'value': 0, 'prev_value': None, 'change': True}
2025-06-17 05:09:15,308 : INFO : EventManager : Event: ======'machine_var_audits_switches_s_pop2'====== Args={'value': 0, 'prev_value': None, 'change': True}
2025-06-17 05:09:15,309 : INFO : EventManager : Event: ======'machine_var_audits_switches_s_pop3'====== Args={'value': 0, 'prev_value': None, 'change': True}
2025-06-17 05:09:15,310 : INFO : EventManager : Event: ======'machine_var_audits_switches_s_pop4'====== Args={'value': 1, 'prev_value': None, 'change': True}
2025-06-17 05:09:15,310 : INFO : EventManager : Event: ======'machine_var_audits_switches_s_pop5'====== Args={'value': 1, 'prev_value': None, 'change': True}
2025-06-17 05:09:15,311 : INFO : EventManager : Event: ======'machine_var_audits_switches_s_pop_bot'====== Args={'value': 426, 'prev_value': None, 'change': True}
2025-06-17 05:09:15,312 : INFO : EventManager : Event: ======'machine_var_audits_switches_s_pop_mid'====== Args={'value': 351, 'prev_value': None, 'change': True}
2025-06-17 05:09:15,312 : INFO : EventManager : Event: ======'machine_var_audits_switches_s_pop_top'====== Args={'value': 302, 'prev_value': None, 'change': True}
2025-06-17 05:09:15,313 : INFO : EventManager : Event: ======'machine_var_audits_switches_s_right_flipper'====== Args={'value': 2332, 'prev_value': None, 'change': True}
2025-06-17 05:09:15,314 : INFO : EventManager : Event: ======'machine_var_audits_switches_s_right_inlane'====== Args={'value': 57, 'prev_value': None, 'change': True}
2025-06-17 05:09:15,314 : INFO : EventManager : Event: ======'machine_var_audits_switches_s_right_outlane'====== Args={'value': 0, 'prev_value': None, 'change': True}
2025-06-17 05:09:15,315 : INFO : EventManager : Event: ======'machine_var_audits_switches_s_right_slingshot'====== Args={'value': 255, 'prev_value': None, 'change': True}
2025-06-17 05:09:15,315 : INFO : EventManager : Event: ======'machine_var_audits_switches_s_scoop_center'====== Args={'value': 1, 'prev_value': None, 'change': True}
2025-06-17 05:09:15,315 : INFO : EventManager : Event: ======'machine_var_audits_switches_s_scoop_lower'====== Args={'value': 220, 'prev_value': None, 'change': True}
2025-06-17 05:09:15,316 : INFO : EventManager : Event: ======'machine_var_audits_switches_s_scoop_right'====== Args={'value': 0, 'prev_value': None, 'change': True}
2025-06-17 05:09:15,316 : INFO : EventManager : Event: ======'machine_var_audits_switches_s_shooter_lane'====== Args={'value': 8, 'prev_value': None, 'change': True}
2025-06-17 05:09:15,317 : INFO : EventManager : Event: ======'machine_var_audits_switches_s_startButton'====== Args={'value': 34, 'prev_value': None, 'change': True}
2025-06-17 05:09:15,317 : INFO : EventManager : Event: ======'machine_var_audits_switches_s_trough1'====== Args={'value': 303, 'prev_value': None, 'change': True}
2025-06-17 05:09:15,317 : INFO : EventManager : Event: ======'machine_var_audits_switches_s_trough2'====== Args={'value': 1, 'prev_value': None, 'change': True}
2025-06-17 05:09:15,318 : INFO : EventManager : Event: ======'machine_var_audits_switches_s_trough3'====== Args={'value': 1, 'prev_value': None, 'change': True}
2025-06-17 05:09:15,318 : INFO : EventManager : Event: ======'machine_var_audits_switches_s_trough4'====== Args={'value': 1, 'prev_value': None, 'change': True}
2025-06-17 05:09:15,319 : INFO : EventManager : Event: ======'machine_var_audits_switches_s_trough5'====== Args={'value': 1, 'prev_value': None, 'change': True}
2025-06-17 05:09:15,322 : INFO : EventManager : Event: ======'init_phase_5'====== Args={}
2025-06-17 05:09:15,330 : INFO : EventManager : Event: ======'init_done'====== Args={}
2025-06-17 05:09:15,331 : INFO : EventManager : Event: ======'machine_reset_phase_1'====== Args={}
2025-06-17 05:09:15,334 : INFO : EventManager : Event: ======'slide_welcome_slide_removed'====== Args={'_from_bcp': True}
2025-06-17 05:09:15,343 : INFO : EventManager : Event: ======'slide_welcome_slide_created'====== Args={'_from_bcp': True}
2025-06-17 05:09:15,344 : INFO : EventManager : Event: ======'machine_reset_phase_2'====== Args={}
2025-06-17 05:09:15,345 : INFO : EventManager : Event: ======'machine_reset_phase_3'====== Args={}
2025-06-17 05:09:15,351 : INFO : EventManager : Event: ======'slide_welcome_slide_active'====== Args={'_from_bcp': True}
2025-06-17 05:09:15,351 : INFO : EventManager : Event: ======'reset_complete'====== Args={}
2025-06-17 05:09:15,352 : INFO : EventManager : Event: ======'mode_attract_will_start'====== Args={}
2025-06-17 05:09:15,353 : INFO : EventManager : Event: ======'mode_attract_starting'====== Args={}
2025-06-17 05:09:15,353 : INFO : Mode.attract : Started. Priority: 10
2025-06-17 05:09:15,354 : INFO : EventManager : Event: ======'modes_active_modes_changed'====== Args={}
2025-06-17 05:09:15,354 : INFO : EventManager : Event: ======'mode_attract_started'====== Args={}
2025-06-17 05:09:15,355 : INFO : EventManager : Event: ======'collecting_balls_complete'====== Args={}
2025-06-17 05:09:15,387 : INFO : EventManager : Event: ======'slide_attract_started_created'====== Args={'_from_bcp': True}
2025-06-17 05:09:15,388 : INFO : EventManager : Event: ======'slide_attract_started_active'====== Args={'_from_bcp': True}
2025-06-17 05:09:15,388 : INFO : Machine : Starting the main run loop.
2025-06-17 05:12:22,438 : INFO : SwitchController : <<<<<<< 's_right_slingshot' active >>>>>>>
2025-06-17 05:12:22,439 : INFO : EventManager : Event: ======'playfield_active'====== Args={}
2025-06-17 05:12:22,439 : INFO : EventManager : Event: ======'unexpected_ball_on_playfield'====== Args={}
2025-06-17 05:12:22,592 : INFO : SwitchController : <<<<<<< 's_right_slingshot' inactive >>>>>>>
2025-06-17 05:12:22,951 : INFO : SwitchController : <<<<<<< 's_right_slingshot' active >>>>>>>
2025-06-17 05:12:22,952 : INFO : EventManager : Event: ======'playfield_active'====== Args={}
2025-06-17 05:12:22,952 : INFO : EventManager : Event: ======'unexpected_ball_on_playfield'====== Args={}
2025-06-17 05:12:23,048 : INFO : SwitchController : <<<<<<< 's_right_slingshot' inactive >>>>>>>
2025-06-17 05:12:23,188 : INFO : SwitchController : <<<<<<< 's_right_slingshot' active >>>>>>>
2025-06-17 05:12:23,188 : INFO : EventManager : Event: ======'playfield_active'====== Args={}
2025-06-17 05:12:23,189 : INFO : EventManager : Event: ======'unexpected_ball_on_playfield'====== Args={}
2025-06-17 05:12:23,296 : INFO : SwitchController : <<<<<<< 's_right_slingshot' inactive >>>>>>>
2025-06-17 05:12:23,404 : INFO : SwitchController : <<<<<<< 's_right_slingshot' active >>>>>>>
2025-06-17 05:12:23,404 : INFO : EventManager : Event: ======'playfield_active'====== Args={}
2025-06-17 05:12:23,405 : INFO : EventManager : Event: ======'unexpected_ball_on_playfield'====== Args={}
2025-06-17 05:12:23,482 : INFO : SwitchController : <<<<<<< 's_right_slingshot' inactive >>>>>>>
2025-06-17 05:12:23,590 : INFO : SwitchController : <<<<<<< 's_right_slingshot' active >>>>>>>
2025-06-17 05:12:23,591 : INFO : EventManager : Event: ======'playfield_active'====== Args={}
2025-06-17 05:12:23,591 : INFO : EventManager : Event: ======'unexpected_ball_on_playfield'====== Args={}
2025-06-17 05:12:23,701 : INFO : SwitchController : <<<<<<< 's_right_slingshot' inactive >>>>>>>
2025-06-17 05:12:23,801 : INFO : SwitchController : <<<<<<< 's_right_slingshot' active >>>>>>>
2025-06-17 05:12:23,801 : INFO : EventManager : Event: ======'playfield_active'====== Args={}
2025-06-17 05:12:23,801 : INFO : EventManager : Event: ======'unexpected_ball_on_playfield'====== Args={}
2025-06-17 05:12:23,919 : INFO : SwitchController : <<<<<<< 's_right_slingshot' inactive >>>>>>>
2025-06-17 05:12:24,570 : INFO : SwitchController : <<<<<<< 's_right_slingshot' active >>>>>>>
2025-06-17 05:12:24,571 : INFO : EventManager : Event: ======'playfield_active'====== Args={}
2025-06-17 05:12:24,571 : INFO : EventManager : Event: ======'unexpected_ball_on_playfield'====== Args={}
2025-06-17 05:12:24,755 : INFO : SwitchController : <<<<<<< 's_right_slingshot' inactive >>>>>>>
2025-06-17 05:12:51,697 : INFO : SwitchController : <<<<<<< 's_left_slingshot' active >>>>>>>
2025-06-17 05:12:51,698 : INFO : EventManager : Event: ======'playfield_active'====== Args={}
2025-06-17 05:12:51,698 : INFO : EventManager : Event: ======'unexpected_ball_on_playfield'====== Args={}
2025-06-17 05:12:51,841 : INFO : SwitchController : <<<<<<< 's_left_slingshot' inactive >>>>>>>
2025-06-17 05:12:52,166 : INFO : SwitchController : <<<<<<< 's_left_slingshot' active >>>>>>>
2025-06-17 05:12:52,167 : INFO : EventManager : Event: ======'playfield_active'====== Args={}
2025-06-17 05:12:52,167 : INFO : EventManager : Event: ======'unexpected_ball_on_playfield'====== Args={}
2025-06-17 05:12:52,260 : INFO : SwitchController : <<<<<<< 's_left_slingshot' inactive >>>>>>>
2025-06-17 05:12:52,540 : INFO : SwitchController : <<<<<<< 's_left_slingshot' active >>>>>>>
2025-06-17 05:12:52,540 : INFO : EventManager : Event: ======'playfield_active'====== Args={}
2025-06-17 05:12:52,541 : INFO : EventManager : Event: ======'unexpected_ball_on_playfield'====== Args={}
2025-06-17 05:12:52,616 : INFO : SwitchController : <<<<<<< 's_left_slingshot' inactive >>>>>>>
2025-06-17 05:12:52,782 : INFO : SwitchController : <<<<<<< 's_left_slingshot' active >>>>>>>
2025-06-17 05:12:52,783 : INFO : EventManager : Event: ======'playfield_active'====== Args={}
2025-06-17 05:12:52,783 : INFO : EventManager : Event: ======'unexpected_ball_on_playfield'====== Args={}
2025-06-17 05:12:52,879 : INFO : SwitchController : <<<<<<< 's_left_slingshot' inactive >>>>>>>
2025-06-17 05:12:53,016 : INFO : SwitchController : <<<<<<< 's_left_slingshot' active >>>>>>>
2025-06-17 05:12:53,016 : INFO : EventManager : Event: ======'playfield_active'====== Args={}
2025-06-17 05:12:53,017 : INFO : EventManager : Event: ======'unexpected_ball_on_playfield'====== Args={}
2025-06-17 05:12:53,102 : INFO : SwitchController : <<<<<<< 's_left_slingshot' inactive >>>>>>>
2025-06-17 05:12:53,219 : INFO : SwitchController : <<<<<<< 's_left_slingshot' active >>>>>>>
2025-06-17 05:12:53,219 : INFO : EventManager : Event: ======'playfield_active'====== Args={}
2025-06-17 05:12:53,219 : INFO : EventManager : Event: ======'unexpected_ball_on_playfield'====== Args={}
2025-06-17 05:12:53,327 : INFO : SwitchController : <<<<<<< 's_left_slingshot' inactive >>>>>>>
2025-06-17 05:12:53,446 : INFO : SwitchController : <<<<<<< 's_left_slingshot' active >>>>>>>
2025-06-17 05:12:53,446 : INFO : EventManager : Event: ======'playfield_active'====== Args={}
2025-06-17 05:12:53,446 : INFO : EventManager : Event: ======'unexpected_ball_on_playfield'====== Args={}
2025-06-17 05:12:53,547 : INFO : SwitchController : <<<<<<< 's_left_slingshot' inactive >>>>>>>
2025-06-17 05:12:53,674 : INFO : SwitchController : <<<<<<< 's_left_slingshot' active >>>>>>>
2025-06-17 05:12:53,675 : INFO : EventManager : Event: ======'playfield_active'====== Args={}
2025-06-17 05:12:53,675 : INFO : EventManager : Event: ======'unexpected_ball_on_playfield'====== Args={}
2025-06-17 05:12:53,783 : INFO : SwitchController : <<<<<<< 's_left_slingshot' inactive >>>>>>>
2025-06-17 05:12:54,125 : INFO : SwitchController : <<<<<<< 's_left_slingshot' active >>>>>>>
2025-06-17 05:12:54,125 : INFO : EventManager : Event: ======'playfield_active'====== Args={}
2025-06-17 05:12:54,125 : INFO : EventManager : Event: ======'unexpected_ball_on_playfield'====== Args={}
2025-06-17 05:12:54,242 : INFO : SwitchController : <<<<<<< 's_left_slingshot' inactive >>>>>>>
2025-06-17 05:12:54,441 : INFO : SwitchController : <<<<<<< 's_left_slingshot' active >>>>>>>
2025-06-17 05:12:54,442 : INFO : EventManager : Event: ======'playfield_active'====== Args={}
2025-06-17 05:12:54,442 : INFO : EventManager : Event: ======'unexpected_ball_on_playfield'====== Args={}
2025-06-17 05:12:54,562 : INFO : SwitchController : <<<<<<< 's_left_slingshot' inactive >>>>>>>
2025-06-17 05:13:26,755 : INFO : SwitchController : <<<<<<< 's_left_flipper' active >>>>>>>
2025-06-17 05:13:26,960 : INFO : SwitchController : <<<<<<< 's_left_flipper' inactive >>>>>>>
2025-06-17 05:13:27,135 : INFO : SwitchController : <<<<<<< 's_left_flipper' active >>>>>>>
2025-06-17 05:13:27,279 : INFO : SwitchController : <<<<<<< 's_left_flipper' inactive >>>>>>>
2025-06-17 05:13:27,432 : INFO : SwitchController : <<<<<<< 's_left_flipper' active >>>>>>>
2025-06-17 05:13:27,510 : INFO : SwitchController : <<<<<<< 's_left_flipper' inactive >>>>>>>
2025-06-17 05:13:27,641 : INFO : SwitchController : <<<<<<< 's_left_flipper' active >>>>>>>
2025-06-17 05:13:27,772 : INFO : SwitchController : <<<<<<< 's_left_flipper' inactive >>>>>>>
2025-06-17 05:13:27,900 : INFO : SwitchController : <<<<<<< 's_left_flipper' active >>>>>>>
2025-06-17 05:13:28,049 : INFO : SwitchController : <<<<<<< 's_left_flipper' inactive >>>>>>>
2025-06-17 05:13:28,165 : INFO : SwitchController : <<<<<<< 's_left_flipper' active >>>>>>>
2025-06-17 05:13:28,276 : INFO : SwitchController : <<<<<<< 's_left_flipper' inactive >>>>>>>
2025-06-17 05:13:28,621 : INFO : SwitchController : <<<<<<< 's_left_flipper' active >>>>>>>
2025-06-17 05:13:28,778 : INFO : SwitchController : <<<<<<< 's_left_flipper' inactive >>>>>>>
2025-06-17 05:13:28,937 : INFO : SwitchController : <<<<<<< 's_left_flipper' active >>>>>>>
2025-06-17 05:13:29,089 : INFO : SwitchController : <<<<<<< 's_left_flipper' inactive >>>>>>>
2025-06-17 05:13:33,399 : INFO : SwitchController : <<<<<<< 's_left_slingshot' active >>>>>>>
2025-06-17 05:13:33,399 : INFO : EventManager : Event: ======'playfield_active'====== Args={}
2025-06-17 05:13:33,399 : INFO : EventManager : Event: ======'unexpected_ball_on_playfield'====== Args={}
2025-06-17 05:13:33,605 : INFO : SwitchController : <<<<<<< 's_left_slingshot' inactive >>>>>>>
2025-06-17 05:13:34,208 : INFO : SwitchController : <<<<<<< 's_left_slingshot' active >>>>>>>
2025-06-17 05:13:34,208 : INFO : EventManager : Event: ======'playfield_active'====== Args={}
2025-06-17 05:13:34,209 : INFO : EventManager : Event: ======'unexpected_ball_on_playfield'====== Args={}
2025-06-17 05:13:34,405 : INFO : SwitchController : <<<<<<< 's_left_slingshot' inactive >>>>>>>
2025-06-17 05:13:34,614 : INFO : SwitchController : <<<<<<< 's_left_slingshot' active >>>>>>>
2025-06-17 05:13:34,614 : INFO : EventManager : Event: ======'playfield_active'====== Args={}
2025-06-17 05:13:34,614 : INFO : EventManager : Event: ======'unexpected_ball_on_playfield'====== Args={}
2025-06-17 05:13:34,750 : INFO : SwitchController : <<<<<<< 's_left_slingshot' inactive >>>>>>>
2025-06-17 05:14:06,086 : INFO : SwitchController : <<<<<<< 's_right_slingshot' active >>>>>>>
2025-06-17 05:14:06,087 : INFO : EventManager : Event: ======'playfield_active'====== Args={}
2025-06-17 05:14:06,087 : INFO : EventManager : Event: ======'unexpected_ball_on_playfield'====== Args={}
2025-06-17 05:14:06,259 : INFO : SwitchController : <<<<<<< 's_right_slingshot' inactive >>>>>>>
2025-06-17 05:14:06,442 : INFO : SwitchController : <<<<<<< 's_right_slingshot' active >>>>>>>
2025-06-17 05:14:06,442 : INFO : EventManager : Event: ======'playfield_active'====== Args={}
2025-06-17 05:14:06,443 : INFO : EventManager : Event: ======'unexpected_ball_on_playfield'====== Args={}
2025-06-17 05:14:06,594 : INFO : SwitchController : <<<<<<< 's_right_slingshot' inactive >>>>>>>
2025-06-17 05:14:06,754 : INFO : SwitchController : <<<<<<< 's_right_slingshot' active >>>>>>>
2025-06-17 05:14:06,755 : INFO : EventManager : Event: ======'playfield_active'====== Args={}
2025-06-17 05:14:06,755 : INFO : EventManager : Event: ======'unexpected_ball_on_playfield'====== Args={}
2025-06-17 05:14:06,882 : INFO : SwitchController : <<<<<<< 's_right_slingshot' inactive >>>>>>>
2025-06-17 05:14:07,083 : INFO : SwitchController : <<<<<<< 's_right_slingshot' active >>>>>>>
2025-06-17 05:14:07,084 : INFO : EventManager : Event: ======'playfield_active'====== Args={}
2025-06-17 05:14:07,084 : INFO : EventManager : Event: ======'unexpected_ball_on_playfield'====== Args={}
2025-06-17 05:14:07,205 : INFO : SwitchController : <<<<<<< 's_right_slingshot' inactive >>>>>>>
2025-06-17 05:14:20,632 : INFO : SwitchController : <<<<<<< 's_startButton' active >>>>>>>
2025-06-17 05:14:20,786 : INFO : SwitchController : <<<<<<< 's_startButton' inactive >>>>>>>
2025-06-17 05:14:20,787 : INFO : EventManager : Event: ======'request_to_start_game'====== Args={}
2025-06-17 05:14:20,789 : INFO : BallController : Known balls: 0
2025-06-17 05:14:20,789 : INFO : BallController : bd_trough contains 0 balls. Tags ['trough', 'home', 'drain']
2025-06-17 05:14:20,790 : INFO : BallController : playfield contains 0 balls. Tags ['default']
2025-06-17 05:14:20,790 : WARNING : BallController : BallController denies game start. Not enough balls. 0 found. 1 required
2025-06-17 05:14:20,790 : INFO : BallController : Triggering ball search.
2025-06-17 05:14:20,881 : INFO : SwitchController : <<<<<<< 's_startButton' active >>>>>>>
2025-06-17 05:14:21,017 : INFO : SwitchController : <<<<<<< 's_startButton' inactive >>>>>>>
2025-06-17 05:14:21,018 : INFO : EventManager : Event: ======'request_to_start_game'====== Args={}
2025-06-17 05:14:21,019 : INFO : BallController : Known balls: 0
2025-06-17 05:14:21,019 : INFO : BallController : bd_trough contains 0 balls. Tags ['trough', 'home', 'drain']
2025-06-17 05:14:21,019 : INFO : BallController : playfield contains 0 balls. Tags ['default']
2025-06-17 05:14:21,019 : WARNING : BallController : BallController denies game start. Not enough balls. 0 found. 1 required
2025-06-17 05:14:21,019 : INFO : BallController : Triggering ball search.
2025-06-17 05:14:21,173 : INFO : SwitchController : <<<<<<< 's_startButton' active >>>>>>>
2025-06-17 05:14:21,281 : INFO : SwitchController : <<<<<<< 's_startButton' inactive >>>>>>>
2025-06-17 05:14:21,282 : INFO : EventManager : Event: ======'request_to_start_game'====== Args={}
2025-06-17 05:14:21,282 : INFO : BallController : Known balls: 0
2025-06-17 05:14:21,282 : INFO : BallController : bd_trough contains 0 balls. Tags ['trough', 'home', 'drain']
2025-06-17 05:14:21,282 : INFO : BallController : playfield contains 0 balls. Tags ['default']
2025-06-17 05:14:21,282 : WARNING : BallController : BallController denies game start. Not enough balls. 0 found. 1 required
2025-06-17 05:14:21,282 : INFO : BallController : Triggering ball search.
2025-06-17 05:15:32,530 : INFO : SwitchController : <<<<<<< 's_right_slingshot' active >>>>>>>
2025-06-17 05:15:32,530 : INFO : EventManager : Event: ======'playfield_active'====== Args={}
2025-06-17 05:15:32,530 : INFO : EventManager : Event: ======'unexpected_ball_on_playfield'====== Args={}
2025-06-17 05:15:32,680 : INFO : SwitchController : <<<<<<< 's_right_slingshot' inactive >>>>>>>
2025-06-17 05:15:32,821 : INFO : SwitchController : <<<<<<< 's_right_slingshot' active >>>>>>>
2025-06-17 05:15:32,822 : INFO : EventManager : Event: ======'playfield_active'====== Args={}
2025-06-17 05:15:32,822 : INFO : EventManager : Event: ======'unexpected_ball_on_playfield'====== Args={}
2025-06-17 05:15:32,928 : INFO : SwitchController : <<<<<<< 's_right_slingshot' inactive >>>>>>>
2025-06-17 05:15:32,983 : INFO : SwitchController : <<<<<<< 's_right_slingshot' active >>>>>>>
2025-06-17 05:15:32,983 : INFO : EventManager : Event: ======'playfield_active'====== Args={}
2025-06-17 05:15:32,983 : INFO : EventManager : Event: ======'unexpected_ball_on_playfield'====== Args={}
2025-06-17 05:15:33,090 : INFO : SwitchController : <<<<<<< 's_right_slingshot' inactive >>>>>>>
2025-06-17 05:15:33,211 : INFO : SwitchController : <<<<<<< 's_right_slingshot' active >>>>>>>
2025-06-17 05:15:33,211 : INFO : EventManager : Event: ======'playfield_active'====== Args={}
2025-06-17 05:15:33,212 : INFO : EventManager : Event: ======'unexpected_ball_on_playfield'====== Args={}
2025-06-17 05:15:33,318 : INFO : SwitchController : <<<<<<< 's_right_slingshot' inactive >>>>>>>
2025-06-17 05:15:33,427 : INFO : SwitchController : <<<<<<< 's_right_slingshot' active >>>>>>>
2025-06-17 05:15:33,427 : INFO : EventManager : Event: ======'playfield_active'====== Args={}
2025-06-17 05:15:33,428 : INFO : EventManager : Event: ======'unexpected_ball_on_playfield'====== Args={}
2025-06-17 05:15:33,491 : INFO : SwitchController : <<<<<<< 's_right_slingshot' inactive >>>>>>>
2025-06-17 05:15:33,593 : INFO : SwitchController : <<<<<<< 's_right_slingshot' active >>>>>>>
2025-06-17 05:15:33,593 : INFO : EventManager : Event: ======'playfield_active'====== Args={}
2025-06-17 05:15:33,593 : INFO : EventManager : Event: ======'unexpected_ball_on_playfield'====== Args={}
2025-06-17 05:15:33,709 : INFO : SwitchController : <<<<<<< 's_right_slingshot' inactive >>>>>>>
2025-06-17 05:15:33,801 : INFO : SwitchController : <<<<<<< 's_right_slingshot' active >>>>>>>
2025-06-17 05:15:33,802 : INFO : EventManager : Event: ======'playfield_active'====== Args={}
2025-06-17 05:15:33,802 : INFO : EventManager : Event: ======'unexpected_ball_on_playfield'====== Args={}
2025-06-17 05:15:33,864 : INFO : SwitchController : <<<<<<< 's_right_slingshot' inactive >>>>>>>
2025-06-17 05:15:34,917 : INFO : SwitchController : <<<<<<< 's_left_slingshot' active >>>>>>>
2025-06-17 05:15:34,917 : INFO : EventManager : Event: ======'playfield_active'====== Args={}
2025-06-17 05:15:34,917 : INFO : EventManager : Event: ======'unexpected_ball_on_playfield'====== Args={}
2025-06-17 05:15:35,060 : INFO : SwitchController : <<<<<<< 's_left_slingshot' inactive >>>>>>>
2025-06-17 05:15:35,198 : INFO : SwitchController : <<<<<<< 's_left_slingshot' active >>>>>>>
2025-06-17 05:15:35,199 : INFO : EventManager : Event: ======'playfield_active'====== Args={}
2025-06-17 05:15:35,199 : INFO : EventManager : Event: ======'unexpected_ball_on_playfield'====== Args={}
2025-06-17 05:15:35,324 : INFO : SwitchController : <<<<<<< 's_left_slingshot' inactive >>>>>>>
2025-06-17 05:15:35,419 : INFO : SwitchController : <<<<<<< 's_left_slingshot' active >>>>>>>
2025-06-17 05:15:35,419 : INFO : EventManager : Event: ======'playfield_active'====== Args={}
2025-06-17 05:15:35,419 : INFO : EventManager : Event: ======'unexpected_ball_on_playfield'====== Args={}
2025-06-17 05:15:35,527 : INFO : SwitchController : <<<<<<< 's_left_slingshot' inactive >>>>>>>
2025-06-17 05:15:35,843 : INFO : SwitchController : <<<<<<< 's_left_slingshot' active >>>>>>>
2025-06-17 05:15:35,843 : INFO : EventManager : Event: ======'playfield_active'====== Args={}
2025-06-17 05:15:35,843 : INFO : EventManager : Event: ======'unexpected_ball_on_playfield'====== Args={}
2025-06-17 05:15:35,952 : INFO : SwitchController : <<<<<<< 's_left_slingshot' inactive >>>>>>>
2025-06-17 05:16:02,820 : INFO : SwitchController : <<<<<<< 's_right_flipper' active >>>>>>>
2025-06-17 05:16:02,992 : INFO : SwitchController : <<<<<<< 's_right_flipper' inactive >>>>>>>
2025-06-17 05:16:03,541 : INFO : SwitchController : <<<<<<< 's_startButton' active >>>>>>>
2025-06-17 05:16:03,742 : INFO : SwitchController : <<<<<<< 's_startButton' inactive >>>>>>>
2025-06-17 05:16:03,742 : INFO : EventManager : Event: ======'request_to_start_game'====== Args={}
2025-06-17 05:16:03,743 : INFO : BallController : Known balls: 0
2025-06-17 05:16:03,743 : INFO : BallController : bd_trough contains 0 balls. Tags ['trough', 'home', 'drain']
2025-06-17 05:16:03,743 : INFO : BallController : playfield contains 0 balls. Tags ['default']
2025-06-17 05:16:03,743 : WARNING : BallController : BallController denies game start. Not enough balls. 0 found. 1 required
2025-06-17 05:16:03,743 : INFO : BallController : Triggering ball search.
2025-06-17 05:16:04,055 : INFO : SwitchController : <<<<<<< 's_right_flipper' active >>>>>>>
2025-06-17 05:16:04,190 : INFO : SwitchController : <<<<<<< 's_right_flipper' inactive >>>>>>>
2025-06-17 05:16:04,490 : INFO : SwitchController : <<<<<<< 's_startButton' active >>>>>>>
2025-06-17 05:16:04,692 : INFO : SwitchController : <<<<<<< 's_startButton' inactive >>>>>>>
2025-06-17 05:16:04,692 : INFO : EventManager : Event: ======'request_to_start_game'====== Args={}
2025-06-17 05:16:04,693 : INFO : BallController : Known balls: 0
2025-06-17 05:16:04,693 : INFO : BallController : bd_trough contains 0 balls. Tags ['trough', 'home', 'drain']
2025-06-17 05:16:04,693 : INFO : BallController : playfield contains 0 balls. Tags ['default']
2025-06-17 05:16:04,693 : WARNING : BallController : BallController denies game start. Not enough balls. 0 found. 1 required
2025-06-17 05:16:04,693 : INFO : BallController : Triggering ball search.
2025-06-17 05:16:04,769 : INFO : SwitchController : <<<<<<< 's_right_flipper' active >>>>>>>
2025-06-17 05:16:04,891 : INFO : SwitchController : <<<<<<< 's_right_flipper' inactive >>>>>>>
2025-06-17 05:16:04,982 : INFO : SwitchController : <<<<<<< 's_right_flipper' active >>>>>>>
2025-06-17 05:16:05,061 : INFO : SwitchController : <<<<<<< 's_right_flipper' inactive >>>>>>>
2025-06-17 05:16:05,151 : INFO : SwitchController : <<<<<<< 's_right_flipper' active >>>>>>>
2025-06-17 05:16:05,245 : INFO : SwitchController : <<<<<<< 's_right_flipper' inactive >>>>>>>
2025-06-17 05:16:05,292 : INFO : SwitchController : <<<<<<< 's_right_flipper' active >>>>>>>
2025-06-17 05:16:05,416 : INFO : SwitchController : <<<<<<< 's_right_flipper' inactive >>>>>>>
2025-06-17 05:16:05,509 : INFO : SwitchController : <<<<<<< 's_right_flipper' active >>>>>>>
2025-06-17 05:16:05,557 : INFO : SwitchController : <<<<<<< 's_right_flipper' inactive >>>>>>>
2025-06-17 05:16:06,086 : INFO : SwitchController : <<<<<<< 's_right_flipper' active >>>>>>>
2025-06-17 05:16:06,181 : INFO : SwitchController : <<<<<<< 's_right_flipper' inactive >>>>>>>
2025-06-17 05:16:06,468 : INFO : SwitchController : <<<<<<< 's_right_flipper' active >>>>>>>
2025-06-17 05:16:06,583 : INFO : SwitchController : <<<<<<< 's_right_flipper' inactive >>>>>>>
2025-06-17 05:16:06,907 : INFO : SwitchController : <<<<<<< 's_right_flipper' active >>>>>>>
2025-06-17 05:16:07,024 : INFO : SwitchController : <<<<<<< 's_right_flipper' inactive >>>>>>>
2025-06-17 05:16:07,662 : INFO : SwitchController : <<<<<<< 's_right_flipper' active >>>>>>>
2025-06-17 05:16:07,819 : INFO : SwitchController : <<<<<<< 's_right_flipper' inactive >>>>>>>
2025-06-17 05:16:07,916 : INFO : SwitchController : <<<<<<< 's_right_flipper' active >>>>>>>
2025-06-17 05:16:08,044 : INFO : SwitchController : <<<<<<< 's_right_flipper' inactive >>>>>>>
2025-06-17 05:16:08,133 : INFO : SwitchController : <<<<<<< 's_right_flipper' active >>>>>>>
2025-06-17 05:16:08,227 : INFO : SwitchController : <<<<<<< 's_right_flipper' inactive >>>>>>>
2025-06-17 05:16:12,210 : INFO : SwitchController : <<<<<<< 's_right_flipper' active >>>>>>>
2025-06-17 05:16:12,370 : INFO : SwitchController : <<<<<<< 's_right_flipper' inactive >>>>>>>
2025-06-17 05:16:12,574 : INFO : SwitchController : <<<<<<< 's_right_flipper' active >>>>>>>
2025-06-17 05:16:12,725 : INFO : SwitchController : <<<<<<< 's_right_flipper' inactive >>>>>>>
2025-06-17 05:16:13,873 : INFO : SwitchController : <<<<<<< 's_right_flipper' active >>>>>>>
2025-06-17 05:16:13,998 : INFO : SwitchController : <<<<<<< 's_right_flipper' inactive >>>>>>>
2025-06-17 05:16:18,761 : INFO : SwitchController : <<<<<<< 's_left_flipper' active >>>>>>>
2025-06-17 05:16:18,964 : INFO : SwitchController : <<<<<<< 's_left_flipper' inactive >>>>>>>
2025-06-17 05:16:19,115 : INFO : SwitchController : <<<<<<< 's_left_flipper' active >>>>>>>
2025-06-17 05:16:19,260 : INFO : SwitchController : <<<<<<< 's_left_flipper' inactive >>>>>>>
2025-06-17 05:16:19,514 : INFO : SwitchController : <<<<<<< 's_left_flipper' active >>>>>>>
2025-06-17 05:16:19,698 : INFO : SwitchController : <<<<<<< 's_right_flipper' active >>>>>>>
2025-06-17 05:16:19,699 : INFO : EventManager : Event: ======'flipper_cancel'====== Args={'triggering_group': 2, 'triggering_switch': 's_right_flipper'}
2025-06-17 05:16:19,729 : INFO : SwitchController : <<<<<<< 's_left_flipper' inactive >>>>>>>
2025-06-17 05:16:19,729 : INFO : EventManager : Event: ======'both_flippers_one'====== Args={'triggering_group': 1, 'triggering_switch': 's_left_flipper'}
2025-06-17 05:16:19,821 : INFO : SwitchController : <<<<<<< 's_right_flipper' inactive >>>>>>>
2025-06-17 05:16:19,821 : INFO : EventManager : Event: ======'both_flippers_inactive'====== Args={'triggering_group': 2, 'triggering_switch': 's_right_flipper'}
2025-06-17 05:16:21,395 : INFO : SwitchController : <<<<<<< 's_left_flipper' active >>>>>>>
2025-06-17 05:16:21,592 : INFO : SwitchController : <<<<<<< 's_left_flipper' inactive >>>>>>>
2025-06-17 05:16:21,603 : INFO : SwitchController : <<<<<<< 's_right_flipper' active >>>>>>>
2025-06-17 05:16:21,677 : INFO : SwitchController : <<<<<<< 's_right_flipper' inactive >>>>>>>
2025-06-17 05:16:22,501 : INFO : SwitchController : <<<<<<< 's_left_flipper' active >>>>>>>
2025-06-17 05:16:22,534 : INFO : SwitchController : <<<<<<< 's_right_flipper' active >>>>>>>
2025-06-17 05:16:22,534 : INFO : EventManager : Event: ======'flipper_cancel'====== Args={'triggering_group': 2, 'triggering_switch': 's_right_flipper'}
2025-06-17 05:16:22,657 : INFO : SwitchController : <<<<<<< 's_right_flipper' inactive >>>>>>>
2025-06-17 05:16:22,658 : INFO : EventManager : Event: ======'both_flippers_one'====== Args={'triggering_group': 2, 'triggering_switch': 's_right_flipper'}
2025-06-17 05:16:22,673 : INFO : SwitchController : <<<<<<< 's_left_flipper' inactive >>>>>>>
2025-06-17 05:16:22,673 : INFO : EventManager : Event: ======'both_flippers_inactive'====== Args={'triggering_group': 1, 'triggering_switch': 's_left_flipper'}
2025-06-17 05:16:22,783 : INFO : SwitchController : <<<<<<< 's_right_flipper' active >>>>>>>
2025-06-17 05:16:22,814 : INFO : SwitchController : <<<<<<< 's_left_flipper' active >>>>>>>
2025-06-17 05:16:22,814 : INFO : EventManager : Event: ======'flipper_cancel'====== Args={'triggering_group': 1, 'triggering_switch': 's_left_flipper'}
2025-06-17 05:16:22,874 : INFO : SwitchController : <<<<<<< 's_right_flipper' inactive >>>>>>>
2025-06-17 05:16:22,875 : INFO : EventManager : Event: ======'both_flippers_one'====== Args={'triggering_group': 2, 'triggering_switch': 's_right_flipper'}
2025-06-17 05:16:22,905 : INFO : SwitchController : <<<<<<< 's_left_flipper' inactive >>>>>>>
2025-06-17 05:16:22,905 : INFO : EventManager : Event: ======'both_flippers_inactive'====== Args={'triggering_group': 1, 'triggering_switch': 's_left_flipper'}
2025-06-17 05:16:22,997 : INFO : SwitchController : <<<<<<< 's_right_flipper' active >>>>>>>
2025-06-17 05:16:23,004 : INFO : SwitchController : <<<<<<< 's_left_flipper' active >>>>>>>
2025-06-17 05:16:23,005 : INFO : EventManager : Event: ======'flipper_cancel'====== Args={'triggering_group': 1, 'triggering_switch': 's_left_flipper'}
2025-06-17 05:16:23,074 : INFO : SwitchController : <<<<<<< 's_right_flipper' inactive >>>>>>>
2025-06-17 05:16:23,074 : INFO : EventManager : Event: ======'both_flippers_one'====== Args={'triggering_group': 2, 'triggering_switch': 's_right_flipper'}
2025-06-17 05:16:23,105 : INFO : SwitchController : <<<<<<< 's_left_flipper' inactive >>>>>>>
2025-06-17 05:16:23,106 : INFO : EventManager : Event: ======'both_flippers_inactive'====== Args={'triggering_group': 1, 'triggering_switch': 's_left_flipper'}
2025-06-17 05:16:23,153 : INFO : SwitchController : <<<<<<< 's_right_flipper' active >>>>>>>
2025-06-17 05:16:23,154 : INFO : SwitchController : <<<<<<< 's_left_flipper' active >>>>>>>
2025-06-17 05:16:23,154 : INFO : EventManager : Event: ======'flipper_cancel'====== Args={'triggering_group': 1, 'triggering_switch': 's_left_flipper'}
2025-06-17 05:16:23,246 : INFO : SwitchController : <<<<<<< 's_right_flipper' inactive >>>>>>>
2025-06-17 05:16:23,246 : INFO : EventManager : Event: ======'both_flippers_one'====== Args={'triggering_group': 2, 'triggering_switch': 's_right_flipper'}
2025-06-17 05:16:23,306 : INFO : SwitchController : <<<<<<< 's_left_flipper' inactive >>>>>>>
2025-06-17 05:16:23,307 : INFO : EventManager : Event: ======'both_flippers_inactive'====== Args={'triggering_group': 1, 'triggering_switch': 's_left_flipper'}
2025-06-17 05:16:23,353 : INFO : SwitchController : <<<<<<< 's_right_flipper' active >>>>>>>
2025-06-17 05:16:23,360 : INFO : SwitchController : <<<<<<< 's_left_flipper' active >>>>>>>
2025-06-17 05:16:23,360 : INFO : EventManager : Event: ======'flipper_cancel'====== Args={'triggering_group': 1, 'triggering_switch': 's_left_flipper'}
2025-06-17 05:16:23,461 : INFO : SwitchController : <<<<<<< 's_right_flipper' inactive >>>>>>>
2025-06-17 05:16:23,462 : INFO : EventManager : Event: ======'both_flippers_one'====== Args={'triggering_group': 2, 'triggering_switch': 's_right_flipper'}
2025-06-17 05:16:23,469 : INFO : SwitchController : <<<<<<< 's_left_flipper' inactive >>>>>>>
2025-06-17 05:16:23,469 : INFO : EventManager : Event: ======'both_flippers_inactive'====== Args={'triggering_group': 1, 'triggering_switch': 's_left_flipper'}
2025-06-17 05:16:23,539 : INFO : SwitchController : <<<<<<< 's_right_flipper' active >>>>>>>
2025-06-17 05:16:23,589 : INFO : SwitchController : <<<<<<< 's_left_flipper' active >>>>>>>
2025-06-17 05:16:23,590 : INFO : EventManager : Event: ======'flipper_cancel'====== Args={'triggering_group': 1, 'triggering_switch': 's_left_flipper'}
2025-06-17 05:16:23,646 : INFO : SwitchController : <<<<<<< 's_right_flipper' inactive >>>>>>>
2025-06-17 05:16:23,647 : INFO : EventManager : Event: ======'both_flippers_one'====== Args={'triggering_group': 2, 'triggering_switch': 's_right_flipper'}
2025-06-17 05:16:23,663 : INFO : SwitchController : <<<<<<< 's_left_flipper' inactive >>>>>>>
2025-06-17 05:16:23,663 : INFO : EventManager : Event: ======'both_flippers_inactive'====== Args={'triggering_group': 1, 'triggering_switch': 's_left_flipper'}
2025-06-17 05:16:23,727 : INFO : SwitchController : <<<<<<< 's_right_flipper' active >>>>>>>
2025-06-17 05:16:23,745 : INFO : SwitchController : <<<<<<< 's_left_flipper' active >>>>>>>
2025-06-17 05:16:23,745 : INFO : EventManager : Event: ======'flipper_cancel'====== Args={'triggering_group': 1, 'triggering_switch': 's_left_flipper'}
2025-06-17 05:16:23,849 : INFO : SwitchController : <<<<<<< 's_right_flipper' inactive >>>>>>>
2025-06-17 05:16:23,849 : INFO : EventManager : Event: ======'both_flippers_one'====== Args={'triggering_group': 2, 'triggering_switch': 's_right_flipper'}
2025-06-17 05:16:23,895 : INFO : SwitchController : <<<<<<< 's_left_flipper' inactive >>>>>>>
2025-06-17 05:16:23,895 : INFO : EventManager : Event: ======'both_flippers_inactive'====== Args={'triggering_group': 1, 'triggering_switch': 's_left_flipper'}
2025-06-17 05:16:24,160 : INFO : SwitchController : <<<<<<< 's_right_flipper' active >>>>>>>
2025-06-17 05:16:24,269 : INFO : SwitchController : <<<<<<< 's_right_flipper' inactive >>>>>>>
2025-06-17 05:16:24,393 : INFO : SwitchController : <<<<<<< 's_right_flipper' active >>>>>>>
2025-06-17 05:16:24,455 : INFO : SwitchController : <<<<<<< 's_right_flipper' inactive >>>>>>>
2025-06-17 05:16:24,533 : INFO : SwitchController : <<<<<<< 's_right_flipper' active >>>>>>>
2025-06-17 05:16:24,618 : INFO : SwitchController : <<<<<<< 's_right_flipper' inactive >>>>>>>
2025-06-17 05:16:24,674 : INFO : SwitchController : <<<<<<< 's_left_flipper' active >>>>>>>
2025-06-17 05:16:24,856 : INFO : SwitchController : <<<<<<< 's_left_flipper' inactive >>>>>>>
2025-06-17 05:16:24,971 : INFO : SwitchController : <<<<<<< 's_left_flipper' active >>>>>>>
2025-06-17 05:16:25,136 : INFO : SwitchController : <<<<<<< 's_left_flipper' inactive >>>>>>>
2025-06-17 05:16:25,198 : INFO : SwitchController : <<<<<<< 's_left_flipper' active >>>>>>>
2025-06-17 05:16:25,355 : INFO : SwitchController : <<<<<<< 's_left_flipper' inactive >>>>>>>
2025-06-17 05:16:25,494 : INFO : SwitchController : <<<<<<< 's_right_flipper' active >>>>>>>
2025-06-17 05:16:25,603 : INFO : SwitchController : <<<<<<< 's_right_flipper' inactive >>>>>>>
2025-06-17 05:16:25,632 : INFO : SwitchController : <<<<<<< 's_left_flipper' active >>>>>>>
2025-06-17 05:16:25,835 : INFO : SwitchController : <<<<<<< 's_right_flipper' active >>>>>>>
2025-06-17 05:16:25,836 : INFO : EventManager : Event: ======'flipper_cancel'====== Args={'triggering_group': 2, 'triggering_switch': 's_right_flipper'}
2025-06-17 05:16:25,836 : INFO : SwitchController : <<<<<<< 's_left_flipper' inactive >>>>>>>
2025-06-17 05:16:25,837 : INFO : EventManager : Event: ======'both_flippers_one'====== Args={'triggering_group': 1, 'triggering_switch': 's_left_flipper'}
2025-06-17 05:16:25,961 : INFO : SwitchController : <<<<<<< 's_right_flipper' inactive >>>>>>>
2025-06-17 05:16:25,962 : INFO : EventManager : Event: ======'both_flippers_inactive'====== Args={'triggering_group': 2, 'triggering_switch': 's_right_flipper'}
2025-06-17 05:16:25,979 : INFO : SwitchController : <<<<<<< 's_left_flipper' active >>>>>>>
2025-06-17 05:16:26,133 : INFO : SwitchController : <<<<<<< 's_right_flipper' active >>>>>>>
2025-06-17 05:16:26,134 : INFO : EventManager : Event: ======'flipper_cancel'====== Args={'triggering_group': 2, 'triggering_switch': 's_right_flipper'}
2025-06-17 05:16:26,180 : INFO : SwitchController : <<<<<<< 's_left_flipper' inactive >>>>>>>
2025-06-17 05:16:26,180 : INFO : EventManager : Event: ======'both_flippers_one'====== Args={'triggering_group': 1, 'triggering_switch': 's_left_flipper'}
2025-06-17 05:16:26,227 : INFO : SwitchController : <<<<<<< 's_right_flipper' inactive >>>>>>>
2025-06-17 05:16:26,227 : INFO : EventManager : Event: ======'both_flippers_inactive'====== Args={'triggering_group': 2, 'triggering_switch': 's_right_flipper'}
2025-06-17 05:16:26,565 : INFO : SwitchController : <<<<<<< 's_right_flipper' active >>>>>>>
2025-06-17 05:16:26,690 : INFO : SwitchController : <<<<<<< 's_right_flipper' inactive >>>>>>>
2025-06-17 05:16:26,944 : INFO : SwitchController : <<<<<<< 's_right_flipper' active >>>>>>>
2025-06-17 05:16:27,095 : INFO : SwitchController : <<<<<<< 's_right_flipper' inactive >>>>>>>
2025-06-17 05:16:27,334 : INFO : SwitchController : <<<<<<< 's_right_flipper' active >>>>>>>
2025-06-17 05:16:27,474 : INFO : SwitchController : <<<<<<< 's_right_flipper' inactive >>>>>>>
2025-06-17 05:16:27,874 : INFO : SwitchController : <<<<<<< 's_right_flipper' active >>>>>>>
2025-06-17 05:16:28,039 : INFO : SwitchController : <<<<<<< 's_right_flipper' inactive >>>>>>>
2025-06-17 05:16:28,345 : INFO : SwitchController : <<<<<<< 's_right_flipper' active >>>>>>>
2025-06-17 05:16:28,506 : INFO : SwitchController : <<<<<<< 's_right_flipper' inactive >>>>>>>
2025-06-17 05:16:28,803 : INFO : SwitchController : <<<<<<< 's_right_flipper' active >>>>>>>
2025-06-17 05:16:29,428 : INFO : SwitchController : <<<<<<< 's_right_flipper' inactive >>>>>>>
2025-06-17 05:16:29,722 : INFO : SwitchController : <<<<<<< 's_right_flipper' active >>>>>>>
2025-06-17 05:16:30,157 : INFO : SwitchController : <<<<<<< 's_right_flipper' inactive >>>>>>>
2025-06-17 05:16:30,366 : INFO : SwitchController : <<<<<<< 's_right_flipper' active >>>>>>>
2025-06-17 05:16:30,657 : INFO : SwitchController : <<<<<<< 's_right_flipper' inactive >>>>>>>
2025-06-17 05:16:30,881 : INFO : SwitchController : <<<<<<< 's_right_flipper' active >>>>>>>
2025-06-17 05:16:31,251 : INFO : SwitchController : <<<<<<< 's_right_flipper' inactive >>>>>>>
2025-06-17 05:16:31,529 : INFO : SwitchController : <<<<<<< 's_right_flipper' active >>>>>>>
2025-06-17 05:16:31,835 : INFO : SwitchController : <<<<<<< 's_right_flipper' inactive >>>>>>>
2025-06-17 05:16:32,114 : INFO : SwitchController : <<<<<<< 's_right_flipper' active >>>>>>>
2025-06-17 05:16:32,410 : INFO : SwitchController : <<<<<<< 's_right_flipper' inactive >>>>>>>
2025-06-17 05:16:32,736 : INFO : SwitchController : <<<<<<< 's_right_flipper' active >>>>>>>
2025-06-17 05:16:33,005 : INFO : SwitchController : <<<<<<< 's_right_flipper' inactive >>>>>>>
2025-06-17 05:16:33,314 : INFO : SwitchController : <<<<<<< 's_right_flipper' active >>>>>>>
2025-06-17 05:16:33,611 : INFO : SwitchController : <<<<<<< 's_right_flipper' inactive >>>>>>>
2025-06-17 05:16:33,905 : INFO : SwitchController : <<<<<<< 's_right_flipper' active >>>>>>>
2025-06-17 05:16:34,172 : INFO : SwitchController : <<<<<<< 's_right_flipper' inactive >>>>>>>
2025-06-17 05:16:34,451 : INFO : SwitchController : <<<<<<< 's_right_flipper' active >>>>>>>
2025-06-17 05:16:34,729 : INFO : SwitchController : <<<<<<< 's_right_flipper' inactive >>>>>>>
2025-06-17 05:16:35,016 : INFO : SwitchController : <<<<<<< 's_right_flipper' active >>>>>>>
2025-06-17 05:16:35,296 : INFO : SwitchController : <<<<<<< 's_right_flipper' inactive >>>>>>>
2025-06-17 05:16:35,580 : INFO : SwitchController : <<<<<<< 's_right_flipper' active >>>>>>>
2025-06-17 05:16:35,857 : INFO : SwitchController : <<<<<<< 's_right_flipper' inactive >>>>>>>
2025-06-17 05:16:36,136 : INFO : SwitchController : <<<<<<< 's_right_flipper' active >>>>>>>
2025-06-17 05:16:36,392 : INFO : SwitchController : <<<<<<< 's_right_flipper' inactive >>>>>>>
2025-06-17 05:16:36,667 : INFO : SwitchController : <<<<<<< 's_right_flipper' active >>>>>>>
2025-06-17 05:16:36,901 : INFO : SwitchController : <<<<<<< 's_right_flipper' inactive >>>>>>>
2025-06-17 05:16:44,537 : INFO : SwitchController : <<<<<<< 's_left_flipper' active >>>>>>>
2025-06-17 05:16:44,651 : INFO : SwitchController : <<<<<<< 's_left_flipper' inactive >>>>>>>
2025-06-17 05:16:45,284 : INFO : SwitchController : <<<<<<< 's_left_flipper' active >>>>>>>
2025-06-17 05:16:45,428 : INFO : SwitchController : <<<<<<< 's_left_flipper' inactive >>>>>>>
2025-06-17 05:16:45,789 : INFO : SwitchController : <<<<<<< 's_right_flipper' active >>>>>>>
2025-06-17 05:16:45,837 : INFO : SwitchController : <<<<<<< 's_right_flipper' inactive >>>>>>>
2025-06-17 05:16:46,301 : INFO : SwitchController : <<<<<<< 's_right_flipper' active >>>>>>>
2025-06-17 05:16:46,374 : INFO : SwitchController : <<<<<<< 's_right_flipper' inactive >>>>>>>
2025-06-17 05:16:47,176 : INFO : SwitchController : <<<<<<< 's_right_flipper' active >>>>>>>
2025-06-17 05:16:47,268 : INFO : SwitchController : <<<<<<< 's_right_flipper' inactive >>>>>>>
2025-06-17 05:16:47,577 : INFO : SwitchController : <<<<<<< 's_right_flipper' active >>>>>>>
2025-06-17 05:16:47,657 : INFO : SwitchController : <<<<<<< 's_right_flipper' inactive >>>>>>>
2025-06-17 05:16:48,294 : INFO : SwitchController : <<<<<<< 's_right_flipper' active >>>>>>>
2025-06-17 05:16:48,386 : INFO : SwitchController : <<<<<<< 's_right_flipper' inactive >>>>>>>
2025-06-17 05:16:49,660 : INFO : SwitchController : <<<<<<< 's_right_flipper' active >>>>>>>
2025-06-17 05:16:49,754 : INFO : SwitchController : <<<<<<< 's_right_flipper' inactive >>>>>>>
2025-06-17 05:16:50,159 : INFO : SwitchController : <<<<<<< 's_right_flipper' active >>>>>>>
2025-06-17 05:16:50,206 : INFO : SwitchController : <<<<<<< 's_right_flipper' inactive >>>>>>>
2025-06-17 05:16:50,551 : INFO : SwitchController : <<<<<<< 's_right_flipper' active >>>>>>>
2025-06-17 05:16:50,672 : INFO : SwitchController : <<<<<<< 's_right_flipper' inactive >>>>>>>
2025-06-17 05:16:51,186 : INFO : SwitchController : <<<<<<< 's_right_flipper' active >>>>>>>
2025-06-17 05:16:51,282 : INFO : SwitchController : <<<<<<< 's_right_flipper' inactive >>>>>>>
2025-06-17 05:16:53,604 : INFO : Machine : Shutting down...
2025-06-17 05:16:53,604 : INFO : EventManager : Event: ======'shutdown'====== Args={}
2025-06-17 05:16:53,608 : ERROR : OPP : Stop called on serial connection com3
2025-06-17 05:16:53,613 : ERROR : OPP : Stop called on serial connection com4
2025-06-17 05:16:53,613 : ERROR : asyncio : Exception in callback Util.raise_exceptions(<Task finishe...ection lost')>) at C:\Users\ruben\.local\pipx\venvs\mpf\lib\site-packages\mpf\core\utility_functions.py:759
handle: <Handle Util.raise_exceptions(<Task finishe...ection lost')>) at C:\Users\ruben\.local\pipx\venvs\mpf\lib\site-packages\mpf\core\utility_functions.py:759>
Traceback (most recent call last):
  File "C:\Users\ruben\AppData\Local\Programs\Python\Python39\lib\asyncio\events.py", line 80, in _run
    self._context.run(self._callback, *self._args)
  File "C:\Users\ruben\.local\pipx\venvs\mpf\lib\site-packages\mpf\core\utility_functions.py", line 767, in raise_exceptions
    future.result()
  File "C:\Users\ruben\.local\pipx\venvs\mpf\lib\site-packages\mpf\platforms\opp\opp.py", line 965, in _poll_sender
    await self.opp_connection[chain_serial].writer.drain()
  File "C:\Users\ruben\AppData\Local\Programs\Python\Python39\lib\asyncio\streams.py", line 387, in drain
    await self._protocol._drain_helper()
  File "C:\Users\ruben\AppData\Local\Programs\Python\Python39\lib\asyncio\streams.py", line 190, in _drain_helper
    raise ConnectionResetError('Connection lost')
ConnectionResetError: Connection lost
2025-06-17 05:16:53,871 : WARNING : OPP : Poll took more than 250.0ms for 0
2025-06-17 05:16:53,871 : ERROR : asyncio : Exception in callback Util.raise_exceptions(<Task finishe...ute 'write'")>) at C:\Users\ruben\.local\pipx\venvs\mpf\lib\site-packages\mpf\core\utility_functions.py:759
handle: <Handle Util.raise_exceptions(<Task finishe...ute 'write'")>) at C:\Users\ruben\.local\pipx\venvs\mpf\lib\site-packages\mpf\core\utility_functions.py:759>
Traceback (most recent call last):
  File "C:\Users\ruben\AppData\Local\Programs\Python\Python39\lib\asyncio\events.py", line 80, in _run
    self._context.run(self._callback, *self._args)
  File "C:\Users\ruben\.local\pipx\venvs\mpf\lib\site-packages\mpf\core\utility_functions.py", line 767, in raise_exceptions
    future.result()
  File "C:\Users\ruben\.local\pipx\venvs\mpf\lib\site-packages\mpf\platforms\opp\opp.py", line 964, in _poll_sender
    self.send_to_processor(chain_serial, self.read_input_msg[chain_serial])
  File "C:\Users\ruben\.local\pipx\venvs\mpf\lib\site-packages\mpf\platforms\opp\opp.py", line 345, in send_to_processor
    self.opp_connection[chain_serial].send(msg)
  File "C:\Users\ruben\.local\pipx\venvs\mpf\lib\site-packages\mpf\platforms\base_serial_communicator.py", line 160, in send
    self.writer.write(msg)
AttributeError: 'NoneType' object has no attribute 'write'
2025-06-17 05:16:53,873 : INFO : root : MPF run loop ended.
