2025-06-29 07:55:19,479 : kivy : deps: Successfully imported "kivy_deps.gstreamer" 0.3.3
2025-06-29 07:55:19,479 : kivy : deps: Successfully imported "kivy_deps.angle" 0.3.3
2025-06-29 07:55:19,480 : kivy : deps: Successfully imported "kivy_deps.glew" 0.3.1
2025-06-29 07:55:19,480 : kivy : deps: Successfully imported "kivy_deps.sdl2" 0.6.0
2025-06-29 07:55:19,480 : kivy : Kivy: v2.2.1
2025-06-29 07:55:19,480 : kivy : Kivy: Installed at "C:\Users\ruben\AppData\Local\Programs\Python\Python39\lib\site-packages\kivy\__init__.py"
2025-06-29 07:55:19,480 : kivy : Python: v3.9.13 (tags/v3.9.13:6de2ca5, May 17 2022, 16:36:42) [MSC v.1929 64 bit (AMD64)]
2025-06-29 07:55:19,481 : kivy : Python: Interpreter at "C:\Users\ruben\AppData\Local\Programs\Python\Python39\python.exe"
2025-06-29 07:55:19,510 : kivy : Factory: 190 symbols loaded
2025-06-29 07:55:19,800 : kivy : ImageLoaderFFPy: Using ffpyplayer 4.5.1
2025-06-29 07:55:19,800 : kivy : Image: Providers: img_tex, img_dds, img_sdl2, img_pil, img_ffpyplayer 
2025-06-29 07:55:20,088 : kivy : VideoGstplayer: Using Gstreamer 1.18.5.0
2025-06-29 07:55:20,089 : kivy : Video: Provider: gstplayer
2025-06-29 07:55:20,136 : root : Loading MPF-MC controller
2025-06-29 07:55:20,155 : YamlMultifileConfigLoader : Machine config file #1: config
2025-06-29 07:55:20,156 : ConfigProcessor : Config file in cache changed: C:\pinball\my_machine\config\config
2025-06-29 07:55:20,156 : ConfigProcessor : Loading config from file C:\Users\ruben\AppData\Local\Programs\Python\Python39\lib\site-packages\mpfmc\mcconfig.yaml.
2025-06-29 07:55:20,169 : ConfigProcessor : Loading config: C:\Users\ruben\AppData\Local\Programs\Python\Python39\lib\site-packages\mpfmc\mcconfig.yaml
2025-06-29 07:55:20,170 : ConfigProcessor : Loading config from file C:\pinball\my_machine\config\config.
2025-06-29 07:55:20,171 : ConfigProcessor : Loading config: C:\pinball\my_machine\config\config
2025-06-29 07:55:20,173 : ConfigProcessor : Loading config: C:\pinball\my_machine\config\hardware.yaml
2025-06-29 07:55:20,178 : ConfigProcessor : Loading config: C:\pinball\my_machine\config\switches.yaml
2025-06-29 07:55:20,182 : ConfigProcessor : Loading config: C:\pinball\my_machine\config\coils.yaml
2025-06-29 07:55:20,190 : ConfigProcessor : Loading config: C:\pinball\my_machine\config\lights.yaml
2025-06-29 07:55:20,193 : ConfigProcessor : Loading config: C:\pinball\my_machine\config\devices.yaml
2025-06-29 07:55:20,195 : ConfigProcessor : Loading config: C:\pinball\my_machine\config\images.yaml
2025-06-29 07:55:20,197 : ConfigProcessor : Loading config: C:\pinball\my_machine\config\displays.yaml
2025-06-29 07:55:20,199 : ConfigProcessor : Loading config: C:\pinball\my_machine\config\slides.yaml
2025-06-29 07:55:20,202 : ConfigProcessor : Config file cache created: C:\Users\ruben\AppData\Local\Temp\abbaf7ebf6530f7229115378792f7a93.mpf_cache
2025-06-29 07:55:20,202 : ConfigProcessor : Loading config from cache: C:\Users\ruben\AppData\Local\Temp\de22d214a8e6fb7753c0be2dfb8deb7c.mpf_cache
2025-06-29 07:55:20,203 : ConfigProcessor : Loading config from cache: C:\Users\ruben\AppData\Local\Temp\76bc62f652ae2965f03127125af6e953.mpf_cache
2025-06-29 07:55:20,205 : ConfigProcessor : Loading config from cache: C:\Users\ruben\AppData\Local\Temp\195f66f1d07408d279921a878741edf5.mpf_cache
2025-06-29 07:55:20,206 : ConfigProcessor : Loading config from cache: C:\Users\ruben\AppData\Local\Temp\de22d214a8e6fb7753c0be2dfb8deb7c.mpf_cache
2025-06-29 07:55:20,207 : mpfmc : Mission Pinball Framework Media Controller (MPF-MC) v0.57.1. Requires MPF v0.57.0 or newer.
2025-06-29 07:55:20,207 : mpfmc : Found MPF v0.57.3
2025-06-29 07:55:20,208 : mpfmc : Machine path: C:\pinball\my_machine
2025-06-29 07:55:20,208 : mpfmc : Starting clock at 60.0Hz
2025-06-29 07:55:20,230 : kivy : Text: Provider: sdl2
2025-06-29 07:55:20,301 : kivy : Window: Provider: sdl2
2025-06-29 07:55:21,915 : kivy : GL: Using the "OpenGL" graphics system
2025-06-29 07:55:21,923 : kivy : GL: GLEW initialization succeeded
2025-06-29 07:55:21,923 : kivy : GL: Backend used <glew>
2025-06-29 07:55:21,924 : kivy : GL: OpenGL version <b'4.5.0 NVIDIA 376.54'>
2025-06-29 07:55:21,924 : kivy : GL: OpenGL vendor <b'NVIDIA Corporation'>
2025-06-29 07:55:21,924 : kivy : GL: OpenGL renderer <b'GeForce GT 630M/PCIe/SSE2'>
2025-06-29 07:55:21,924 : kivy : GL: OpenGL parsed version: 4, 5
2025-06-29 07:55:21,924 : kivy : GL: Shading version <b'4.50 NVIDIA'>
2025-06-29 07:55:21,924 : kivy : GL: Texture max size <16384>
2025-06-29 07:55:21,924 : kivy : GL: Texture max units <32>
2025-06-29 07:55:21,948 : kivy : Window: auto add sdl2 input provider
2025-06-29 07:55:21,949 : kivy : Window: virtual keyboard not allowed, single mode, not docked
2025-06-29 07:55:21,963 : SoundSystem : SoundSystem: Using default 'sound_system' settings
2025-06-29 07:55:22,616 : AudioInterface : Initialized
2025-06-29 07:55:22,616 : AudioInterface : Loaded SDL 2.26.4
2025-06-29 07:55:22,617 : AudioInterface : Loaded SDL_Mixer 2.6.3
2025-06-29 07:55:22,617 : AudioInterface : Loaded GStreamer 1.18.5.0
2025-06-29 07:55:22,617 : AudioInterface : Loaded GLib 2.62.6
2025-06-29 07:55:22,617 : AudioInterface : Settings requested - rate: 44100, channels: 1, buffer: 2048 samples
2025-06-29 07:55:22,617 : AudioInterface : Settings in use - rate: 44100, channels: 1, buffer: 2048 samples (4096 bytes @ 2 bytes per sample)
2025-06-29 07:55:22,617 : SoundSystem : No audio tracks are specified in your machine config file. a track named 'default' has been created.
2025-06-29 07:55:22,618 : SoundSystem : Setting master volume to 0.0
2025-06-29 07:55:22,618 : AudioInterface : Enabling audio playback
2025-06-29 07:55:22,621 : kivy : Base: Start application main loop
2025-06-29 07:55:22,622 : EventManager : Event: ======'display_window_initialized'====== Args={}
2025-06-29 07:55:22,635 : mpfmc : Display: Setting 'window' as default display
2025-06-29 07:55:22,648 : EventManager : Event: ======'displays_initialized'====== Args={}
2025-06-29 07:55:22,651 : EventManager : Event: ======'slide_window_blank_created'====== Args={}
2025-06-29 07:55:22,651 : EventManager : Event: ======'display_window_ready'====== Args={}
2025-06-29 07:55:22,686 : EventManager : Event: ======'init_phase_1'====== Args={}
2025-06-29 07:55:22,697 : EventManager : Event: ======'mc_ready'====== Args={}
2025-06-29 07:55:22,697 : EventManager : Event: ======'init_phase_2'====== Args={}
2025-06-29 07:55:22,703 : EventManager : Event: ======'init_phase_3'====== Args={}
2025-06-29 07:55:22,707 : EventManager : Event: ======'init_phase_4'====== Args={}
2025-06-29 07:55:22,707 : EventManager : Event: ======'init_phase_5'====== Args={}
2025-06-29 07:55:22,807 : EventManager : Event: ======'loading_assets'====== Args={'total': 1, 'loaded': 1, 'remaining': 0, 'percent': 100}
2025-06-29 07:55:22,807 : AssetManager : Asset loading took: 0.18788504600524902
2025-06-29 07:55:22,807 : EventManager : Event: ======'asset_loading_complete'====== Args={}
2025-06-29 07:55:22,807 : AssetManager : Loading assets: 1/1 (100%)
2025-06-29 07:55:22,807 : EventManager : Event: ======'init_done'====== Args={}
2025-06-29 07:55:22,808 : MPF-MC BCP Server : Starting up on localhost port 5050
2025-06-29 07:55:22,813 : MPF-MC BCP Server : Waiting for a connection...
2025-06-29 07:55:22,814 : EventManager : Event: ======'client_disconnected'====== Args={'host': '127.0.0.1', 'port': 5050}
2025-06-29 07:55:22,941 : MPF-MC BCP Server : Received connection from: 127.0.0.1:62637
2025-06-29 07:55:22,943 : EventManager : Event: ======'client_connected'====== Args={'host': '127.0.0.1', 'port': 62637}
2025-06-29 07:55:23,045 : EventManager : Event: ======'machine_var_credits_string'====== Args={'value': 'FREE PLAY', 'prev_value': None, 'change': True}
2025-06-29 07:55:23,045 : EventManager : Event: ======'machine_var_master_volume'====== Args={'value': 0.5, 'prev_value': None, 'change': True}
2025-06-29 07:55:23,045 : EventManager : Event: ======'machine_var_player1_score'====== Args={'value': 0, 'prev_value': None, 'change': True}
2025-06-29 07:55:23,046 : EventManager : Event: ======'machine_var_mpf_version'====== Args={'value': 'Mission Pinball Framework v0.57.3', 'prev_value': None, 'change': True}
2025-06-29 07:55:23,046 : EventManager : Event: ======'machine_var_mpf_extended_version'====== Args={'value': 'Mission Pinball Framework v0.57.3, Config version:6, Show version: 6, BCP version:1.1', 'prev_value': None, 'change': True}
2025-06-29 07:55:23,046 : EventManager : Event: ======'machine_var_python_version'====== Args={'value': '3.9.13', 'prev_value': None, 'change': True}
2025-06-29 07:55:23,046 : EventManager : Event: ======'machine_var_platform'====== Args={'value': 'Windows-10-10.0.19045-SP0', 'prev_value': None, 'change': True}
2025-06-29 07:55:23,046 : EventManager : Event: ======'machine_var_platform_system'====== Args={'value': 'Windows', 'prev_value': None, 'change': True}
2025-06-29 07:55:23,046 : EventManager : Event: ======'machine_var_platform_release'====== Args={'value': '10', 'prev_value': None, 'change': True}
2025-06-29 07:55:23,046 : EventManager : Event: ======'machine_var_platform_version'====== Args={'value': '10.0.19045', 'prev_value': None, 'change': True}
2025-06-29 07:55:23,046 : EventManager : Event: ======'machine_var_platform_machine'====== Args={'value': 'AMD64', 'prev_value': None, 'change': True}
2025-06-29 07:55:23,046 : EventManager : Event: ======'machine_var_mc_version'====== Args={'value': 'MPF-MC v0.57.1', 'prev_value': None, 'change': True}
2025-06-29 07:55:23,047 : EventManager : Event: ======'machine_var_mc_extended_version'====== Args={'value': 'MPF-MC v0.57.1 (config_version=6, BCP v1.1,                      Requires MPF API compatibility v0.57.0 or newer)', 'prev_value': None, 'change': True}
2025-06-29 07:55:23,047 : EventManager : Event: ======'machine_var_credits_string'====== Args={'value': 'FREE PLAY', 'prev_value': None, 'change': True}
2025-06-29 07:55:23,047 : EventManager : Event: ======'machine_var_master_volume'====== Args={'value': 0.5, 'prev_value': None, 'change': True}
2025-06-29 07:55:23,047 : EventManager : Event: ======'machine_var_player1_score'====== Args={'value': 0, 'prev_value': None, 'change': True}
2025-06-29 07:55:23,047 : EventManager : Event: ======'machine_var_mpf_version'====== Args={'value': 'Mission Pinball Framework v0.57.3', 'prev_value': None, 'change': True}
2025-06-29 07:55:23,047 : EventManager : Event: ======'machine_var_mpf_extended_version'====== Args={'value': 'Mission Pinball Framework v0.57.3, Config version:6, Show version: 6, BCP version:1.1', 'prev_value': None, 'change': True}
2025-06-29 07:55:23,047 : EventManager : Event: ======'machine_var_python_version'====== Args={'value': '3.9.13', 'prev_value': None, 'change': True}
2025-06-29 07:55:23,047 : EventManager : Event: ======'machine_var_platform'====== Args={'value': 'Windows-10-10.0.19045-SP0', 'prev_value': None, 'change': True}
2025-06-29 07:55:23,047 : EventManager : Event: ======'machine_var_platform_system'====== Args={'value': 'Windows', 'prev_value': None, 'change': True}
2025-06-29 07:55:23,047 : EventManager : Event: ======'machine_var_platform_release'====== Args={'value': '10', 'prev_value': None, 'change': True}
2025-06-29 07:55:23,048 : EventManager : Event: ======'machine_var_platform_version'====== Args={'value': '10.0.19045', 'prev_value': None, 'change': True}
2025-06-29 07:55:23,048 : EventManager : Event: ======'machine_var_platform_machine'====== Args={'value': 'AMD64', 'prev_value': None, 'change': True}
2025-06-29 07:55:23,048 : EventManager : Event: ======'machine_var_mc_version'====== Args={'value': 'MPF-MC v0.57.1', 'prev_value': None, 'change': True}
2025-06-29 07:55:23,051 : EventManager : Event: ======'machine_var_mc_extended_version'====== Args={'value': 'MPF-MC v0.57.1 (config_version=6, BCP v1.1,                      Requires MPF API compatibility v0.57.0 or newer)', 'prev_value': None, 'change': True}
2025-06-29 07:55:23,052 : EventManager : Event: ======'machine_var_credits_string'====== Args={'value': 'FREE PLAY', 'prev_value': None, 'change': True}
2025-06-29 07:55:23,052 : EventManager : Event: ======'machine_var_master_volume'====== Args={'value': 0.5, 'prev_value': None, 'change': True}
2025-06-29 07:55:23,053 : EventManager : Event: ======'machine_var_player1_score'====== Args={'value': 0, 'prev_value': None, 'change': True}
2025-06-29 07:55:23,053 : EventManager : Event: ======'machine_var_mpf_version'====== Args={'value': 'Mission Pinball Framework v0.57.3', 'prev_value': None, 'change': True}
2025-06-29 07:55:23,053 : EventManager : Event: ======'machine_var_mpf_extended_version'====== Args={'value': 'Mission Pinball Framework v0.57.3, Config version:6, Show version: 6, BCP version:1.1', 'prev_value': None, 'change': True}
2025-06-29 07:55:23,053 : EventManager : Event: ======'machine_var_python_version'====== Args={'value': '3.9.13', 'prev_value': None, 'change': True}
2025-06-29 07:55:23,053 : EventManager : Event: ======'machine_var_platform'====== Args={'value': 'Windows-10-10.0.19045-SP0', 'prev_value': None, 'change': True}
2025-06-29 07:55:23,054 : EventManager : Event: ======'machine_var_platform_system'====== Args={'value': 'Windows', 'prev_value': None, 'change': True}
2025-06-29 07:55:23,054 : EventManager : Event: ======'machine_var_platform_release'====== Args={'value': '10', 'prev_value': None, 'change': True}
2025-06-29 07:55:23,054 : EventManager : Event: ======'machine_var_platform_version'====== Args={'value': '10.0.19045', 'prev_value': None, 'change': True}
2025-06-29 07:55:23,054 : EventManager : Event: ======'machine_var_platform_machine'====== Args={'value': 'AMD64', 'prev_value': None, 'change': True}
2025-06-29 07:55:23,054 : EventManager : Event: ======'machine_var_mc_version'====== Args={'value': 'MPF-MC v0.57.1', 'prev_value': None, 'change': True}
2025-06-29 07:55:23,054 : EventManager : Event: ======'machine_var_mc_extended_version'====== Args={'value': 'MPF-MC v0.57.1 (config_version=6, BCP v1.1,                      Requires MPF API compatibility v0.57.0 or newer)', 'prev_value': None, 'change': True}
2025-06-29 07:55:23,055 : EventManager : Event: ======'machine_var_credits_string'====== Args={'value': 'FREE PLAY', 'prev_value': None, 'change': True}
2025-06-29 07:55:23,055 : EventManager : Event: ======'machine_var_master_volume'====== Args={'value': 0.5, 'prev_value': None, 'change': True}
2025-06-29 07:55:23,055 : EventManager : Event: ======'machine_var_player1_score'====== Args={'value': 0, 'prev_value': None, 'change': True}
2025-06-29 07:55:23,055 : EventManager : Event: ======'machine_var_mpf_version'====== Args={'value': 'Mission Pinball Framework v0.57.3', 'prev_value': None, 'change': True}
2025-06-29 07:55:23,055 : EventManager : Event: ======'machine_var_mpf_extended_version'====== Args={'value': 'Mission Pinball Framework v0.57.3, Config version:6, Show version: 6, BCP version:1.1', 'prev_value': None, 'change': True}
2025-06-29 07:55:23,055 : EventManager : Event: ======'machine_var_python_version'====== Args={'value': '3.9.13', 'prev_value': None, 'change': True}
2025-06-29 07:55:23,056 : EventManager : Event: ======'machine_var_platform'====== Args={'value': 'Windows-10-10.0.19045-SP0', 'prev_value': None, 'change': True}
2025-06-29 07:55:23,056 : EventManager : Event: ======'machine_var_platform_system'====== Args={'value': 'Windows', 'prev_value': None, 'change': True}
2025-06-29 07:55:23,056 : EventManager : Event: ======'machine_var_platform_release'====== Args={'value': '10', 'prev_value': None, 'change': True}
2025-06-29 07:55:23,056 : EventManager : Event: ======'machine_var_platform_version'====== Args={'value': '10.0.19045', 'prev_value': None, 'change': True}
2025-06-29 07:55:23,056 : EventManager : Event: ======'machine_var_platform_machine'====== Args={'value': 'AMD64', 'prev_value': None, 'change': True}
2025-06-29 07:55:23,056 : EventManager : Event: ======'machine_var_mc_version'====== Args={'value': 'MPF-MC v0.57.1', 'prev_value': None, 'change': True}
2025-06-29 07:55:23,057 : EventManager : Event: ======'machine_var_mc_extended_version'====== Args={'value': 'MPF-MC v0.57.1 (config_version=6, BCP v1.1,                      Requires MPF API compatibility v0.57.0 or newer)', 'prev_value': None, 'change': True}
2025-06-29 07:55:23,057 : SoundSystem : Setting master volume to 0.5
2025-06-29 07:55:23,058 : SoundSystem : Setting master volume to 0.5
2025-06-29 07:55:23,058 : SoundSystem : Setting master volume to 0.5
2025-06-29 07:55:23,059 : SoundSystem : Setting master volume to 0.5
2025-06-29 07:55:23,122 : EventManager : Event: ======'machine_var_audits_events_game_ended'====== Args={'value': 53, 'prev_value': None, 'change': True}
2025-06-29 07:55:23,135 : EventManager : Event: ======'machine_var_audits_events_game_started'====== Args={'value': 106, 'prev_value': None, 'change': True}
2025-06-29 07:55:23,136 : EventManager : Event: ======'machine_var_audits_missing_switches_s_left_flipper'====== Args={'value': 6, 'prev_value': None, 'change': True}
2025-06-29 07:55:23,136 : EventManager : Event: ======'machine_var_audits_missing_switches_s_left_outlane'====== Args={'value': 10, 'prev_value': None, 'change': True}
2025-06-29 07:55:23,136 : EventManager : Event: ======'machine_var_audits_missing_switches_s_left_slingshot'====== Args={'value': 6, 'prev_value': None, 'change': True}
2025-06-29 07:55:23,136 : EventManager : Event: ======'machine_var_audits_missing_switches_s_pop1'====== Args={'value': 17, 'prev_value': None, 'change': True}
2025-06-29 07:55:23,136 : EventManager : Event: ======'machine_var_audits_missing_switches_s_pop2'====== Args={'value': 17, 'prev_value': None, 'change': True}
2025-06-29 07:55:23,136 : EventManager : Event: ======'machine_var_audits_missing_switches_s_pop3'====== Args={'value': 17, 'prev_value': None, 'change': True}
2025-06-29 07:55:23,136 : EventManager : Event: ======'machine_var_audits_missing_switches_s_pop4'====== Args={'value': 6, 'prev_value': None, 'change': True}
2025-06-29 07:55:23,136 : EventManager : Event: ======'machine_var_audits_missing_switches_s_pop5'====== Args={'value': 6, 'prev_value': None, 'change': True}
2025-06-29 07:55:23,137 : EventManager : Event: ======'machine_var_audits_missing_switches_s_right_flipper'====== Args={'value': 5, 'prev_value': None, 'change': True}
2025-06-29 07:55:23,137 : EventManager : Event: ======'machine_var_audits_missing_switches_s_right_inlane'====== Args={'value': 3, 'prev_value': None, 'change': True}
2025-06-29 07:55:23,137 : EventManager : Event: ======'machine_var_audits_missing_switches_s_right_outlane'====== Args={'value': 10, 'prev_value': None, 'change': True}
2025-06-29 07:55:23,137 : EventManager : Event: ======'machine_var_audits_missing_switches_s_right_slingshot'====== Args={'value': 6, 'prev_value': None, 'change': True}
2025-06-29 07:55:23,137 : EventManager : Event: ======'machine_var_audits_missing_switches_s_startButton'====== Args={'value': 6, 'prev_value': None, 'change': True}
2025-06-29 07:55:23,137 : EventManager : Event: ======'machine_var_audits_missing_switches_s_trough1'====== Args={'value': 3, 'prev_value': None, 'change': True}
2025-06-29 07:55:23,137 : EventManager : Event: ======'machine_var_audits_missing_switches_s_trough2'====== Args={'value': 10, 'prev_value': None, 'change': True}
2025-06-29 07:55:23,137 : EventManager : Event: ======'machine_var_audits_missing_switches_s_trough3'====== Args={'value': 10, 'prev_value': None, 'change': True}
2025-06-29 07:55:23,138 : EventManager : Event: ======'machine_var_audits_missing_switches_s_trough4'====== Args={'value': 10, 'prev_value': None, 'change': True}
2025-06-29 07:55:23,138 : EventManager : Event: ======'machine_var_audits_missing_switches_s_trough5'====== Args={'value': 9, 'prev_value': None, 'change': True}
2025-06-29 07:55:23,138 : EventManager : Event: ======'machine_var_audits_player_score'====== Args={'value': {'average': 0, 'top': [0, 0, 0, 0, 0, 0, 0, 0, 0, 0], 'total': 53}, 'prev_value': None, 'change': True}
2025-06-29 07:55:23,138 : EventManager : Event: ======'machine_var_audits_switches_s_drop_bank1'====== Args={'value': 140, 'prev_value': None, 'change': True}
2025-06-29 07:55:23,138 : EventManager : Event: ======'machine_var_audits_switches_s_left_flipper'====== Args={'value': 2284, 'prev_value': None, 'change': True}
2025-06-29 07:55:23,138 : EventManager : Event: ======'machine_var_audits_switches_s_left_inlane1'====== Args={'value': 2, 'prev_value': None, 'change': True}
2025-06-29 07:55:23,138 : EventManager : Event: ======'machine_var_audits_switches_s_left_inlane2'====== Args={'value': 2, 'prev_value': None, 'change': True}
2025-06-29 07:55:23,138 : EventManager : Event: ======'machine_var_audits_switches_s_left_outlane'====== Args={'value': 0, 'prev_value': None, 'change': True}
2025-06-29 07:55:23,138 : EventManager : Event: ======'machine_var_audits_switches_s_left_slingshot'====== Args={'value': 295, 'prev_value': None, 'change': True}
2025-06-29 07:55:23,138 : EventManager : Event: ======'machine_var_audits_switches_s_plunger'====== Args={'value': 5, 'prev_value': None, 'change': True}
2025-06-29 07:55:23,139 : EventManager : Event: ======'machine_var_audits_switches_s_pop1'====== Args={'value': 0, 'prev_value': None, 'change': True}
2025-06-29 07:55:23,139 : EventManager : Event: ======'machine_var_audits_switches_s_pop2'====== Args={'value': 0, 'prev_value': None, 'change': True}
2025-06-29 07:55:23,139 : EventManager : Event: ======'machine_var_audits_switches_s_pop3'====== Args={'value': 0, 'prev_value': None, 'change': True}
2025-06-29 07:55:23,139 : EventManager : Event: ======'machine_var_audits_switches_s_pop4'====== Args={'value': 3, 'prev_value': None, 'change': True}
2025-06-29 07:55:23,139 : EventManager : Event: ======'machine_var_audits_switches_s_pop5'====== Args={'value': 3, 'prev_value': None, 'change': True}
2025-06-29 07:55:23,139 : EventManager : Event: ======'machine_var_audits_switches_s_pop_bot'====== Args={'value': 426, 'prev_value': None, 'change': True}
2025-06-29 07:55:23,139 : EventManager : Event: ======'machine_var_audits_switches_s_pop_mid'====== Args={'value': 351, 'prev_value': None, 'change': True}
2025-06-29 07:55:23,139 : EventManager : Event: ======'machine_var_audits_switches_s_pop_top'====== Args={'value': 302, 'prev_value': None, 'change': True}
2025-06-29 07:55:23,139 : EventManager : Event: ======'machine_var_audits_switches_s_right_flipper'====== Args={'value': 2339, 'prev_value': None, 'change': True}
2025-06-29 07:55:23,139 : EventManager : Event: ======'machine_var_audits_switches_s_right_inlane'====== Args={'value': 66, 'prev_value': None, 'change': True}
2025-06-29 07:55:23,140 : EventManager : Event: ======'machine_var_audits_switches_s_right_outlane'====== Args={'value': 0, 'prev_value': None, 'change': True}
2025-06-29 07:55:23,140 : EventManager : Event: ======'machine_var_audits_switches_s_right_slingshot'====== Args={'value': 258, 'prev_value': None, 'change': True}
2025-06-29 07:55:23,140 : EventManager : Event: ======'machine_var_audits_switches_s_scoop_center'====== Args={'value': 2, 'prev_value': None, 'change': True}
2025-06-29 07:55:23,140 : EventManager : Event: ======'machine_var_audits_switches_s_scoop_lower'====== Args={'value': 220, 'prev_value': None, 'change': True}
2025-06-29 07:55:23,140 : EventManager : Event: ======'machine_var_audits_switches_s_scoop_right'====== Args={'value': 1, 'prev_value': None, 'change': True}
2025-06-29 07:55:23,140 : EventManager : Event: ======'machine_var_audits_switches_s_shooter_lane'====== Args={'value': 15, 'prev_value': None, 'change': True}
2025-06-29 07:55:23,140 : EventManager : Event: ======'machine_var_audits_switches_s_startButton'====== Args={'value': 35, 'prev_value': None, 'change': True}
2025-06-29 07:55:23,140 : EventManager : Event: ======'machine_var_audits_switches_s_trough1'====== Args={'value': 316, 'prev_value': None, 'change': True}
2025-06-29 07:55:23,140 : EventManager : Event: ======'machine_var_audits_switches_s_trough2'====== Args={'value': 1, 'prev_value': None, 'change': True}
2025-06-29 07:55:23,141 : EventManager : Event: ======'machine_var_audits_switches_s_trough3'====== Args={'value': 1, 'prev_value': None, 'change': True}
2025-06-29 07:55:23,141 : EventManager : Event: ======'machine_var_audits_switches_s_trough4'====== Args={'value': 1, 'prev_value': None, 'change': True}
2025-06-29 07:55:23,141 : EventManager : Event: ======'machine_var_audits_switches_s_trough5'====== Args={'value': 1, 'prev_value': None, 'change': True}
2025-06-29 07:55:23,141 : EventManager : Event: ======'mc_reset_phase_1'====== Args={}
2025-06-29 07:55:23,141 : EventManager : Event: ======'mc_reset_phase_2'====== Args={}
2025-06-29 07:55:23,141 : EventManager : Event: ======'mc_reset_phase_3'====== Args={}
2025-06-29 07:55:23,141 : EventManager : Event: ======'mc_reset_complete'====== Args={}
2025-06-29 07:55:23,160 : EventManager : Event: ======'slides_play'====== Args={'settings': {'attract_image_slide': {'target': None, 'background_color': [0.0, 0.0, 0.0, 1.0], 'priority': None, 'show': True, 'force': False, 'expire': None, 'slide': None, 'tokens': {}, 'action': 'play'}}, 'context': 'attract', 'calling_context': 'mode_attract_started', 'priority': 10}
2025-06-29 07:55:23,163 : EventManager : Event: ======'slide_attract_image_slide_created'====== Args={}
2025-06-29 07:55:23,164 : EventManager : Event: ======'slide_attract_image_slide_active'====== Args={}
2025-06-29 07:55:23,238 : kivy : GL: NPOT texture support is available
2025-06-29 07:55:23,246 : EventManager : Event: ======'loading_assets'====== Args={'total': 1, 'loaded': 1, 'remaining': 0, 'percent': 100}
2025-06-29 07:55:23,246 : AssetManager : Asset loading took: 0.6266129016876221
2025-06-29 07:55:23,246 : EventManager : Event: ======'asset_loading_complete'====== Args={}
2025-06-29 07:55:23,246 : AssetManager : Loading assets: 1/1 (100%)
2025-06-29 07:55:24,172 : EventManager : Event: ======'led_code'====== Args={}
2025-06-29 07:55:28,382 : kivy : Base: Leaving application in progress...
2025-06-29 07:55:28,382 : mpfmc : Stopping...
2025-06-29 07:55:28,382 : EventManager : Event: ======'shutdown'====== Args={}
2025-06-29 07:55:28,382 : AudioInterface : Disabling audio playback
2025-06-29 07:55:28,521 : mpfmc : Loop rate 71.35 Hz
2025-06-29 07:55:28,521 : root : MC run loop ended.
2025-06-29 07:55:28,521 : root : Stopping child threads... (3 remaining)
2025-06-29 07:55:29,364 : mpfmc : Stopping...
2025-06-29 07:55:29,364 : EventManager : Event: ======'shutdown'====== Args={}
2025-06-29 07:55:29,364 : mpfmc : Loop rate 62.44 Hz
2025-06-29 07:55:29,372 : MPF-MC BCP Server : Stopping BCP sending thread
2025-06-29 07:55:29,429 : root : All child threads stopped.
