2025-05-30 07:23:08,290 : kivy : Factory: 189 symbols loaded
2025-05-30 07:23:08,651 : kivy : ImageLoaderFFPy: Using ffpyplayer 4.3.5
2025-05-30 07:23:08,651 : kivy : Image: Providers: img_tex, img_dds, img_sdl2, img_pil, img_ffpyplayer 
2025-05-30 07:23:08,731 : kivy : VideoGstplayer: Using Gstreamer 1.18.5.0
2025-05-30 07:23:08,731 : kivy : Video: Provider: gstplayer
2025-05-30 07:23:08,996 : kivy : Loading MPF-MC controller
2025-05-30 07:23:09,000 : YamlMultifileConfigLoader : Machine config file #1: config
2025-05-30 07:23:09,001 : ConfigProcessor : Config file in cache changed: C:\pinball\my_machine\config\config
2025-05-30 07:23:09,001 : ConfigProcessor : Loading config from file C:\Users\ruben\.local\pipx\venvs\mpf\lib\site-packages\mpfmc\mcconfig.yaml.
2025-05-30 07:23:09,056 : ConfigProcessor : Loading config: C:\Users\ruben\.local\pipx\venvs\mpf\lib\site-packages\mpfmc\mcconfig.yaml
2025-05-30 07:23:09,057 : ConfigProcessor : Loading config from file C:\pinball\my_machine\config\config.
2025-05-30 07:23:09,111 : ConfigProcessor : Loading config: C:\pinball\my_machine\config\config
2025-05-30 07:23:09,113 : ConfigProcessor : Config file cache created: C:\Users\ruben\AppData\Local\Temp\5edbcd24fbe704f5401fb4c9e1e1d8f8.mpf_cache
2025-05-30 07:23:09,114 : ConfigProcessor : Loading config from cache: C:\Users\ruben\AppData\Local\Temp\67cf8ffee0fce2d4fcb5ef0bb894d8de.mpf_cache
2025-05-30 07:23:09,115 : ConfigProcessor : Loading config from cache: C:\Users\ruben\AppData\Local\Temp\25321780674732dcacb77a8f5b2a53cd.mpf_cache
2025-05-30 07:23:09,115 : mpfmc : Mission Pinball Framework Media Controller v0.56.1
2025-05-30 07:23:09,116 : mpfmc : Mission Pinball Framework Game Engine v0.56.0
2025-05-30 07:23:09,116 : mpfmc : Machine path: C:\pinball\my_machine
2025-05-30 07:23:09,116 : mpfmc : Starting clock at 60.0Hz
2025-05-30 07:23:09,143 : kivy : Text: Provider: sdl2
2025-05-30 07:23:09,224 : kivy : Window: Provider: sdl2
2025-05-30 07:23:10,419 : kivy : GL: Using the "OpenGL" graphics system
2025-05-30 07:23:10,426 : kivy : GL: GLEW initialization succeeded
2025-05-30 07:23:10,426 : kivy : GL: Backend used <glew>
2025-05-30 07:23:10,426 : kivy : GL: OpenGL version <b'4.5.0 NVIDIA 376.54'>
2025-05-30 07:23:10,426 : kivy : GL: OpenGL vendor <b'NVIDIA Corporation'>
2025-05-30 07:23:10,426 : kivy : GL: OpenGL renderer <b'GeForce GT 630M/PCIe/SSE2'>
2025-05-30 07:23:10,426 : kivy : GL: OpenGL parsed version: 4, 5
2025-05-30 07:23:10,426 : kivy : GL: Shading version <b'4.50 NVIDIA'>
2025-05-30 07:23:10,427 : kivy : GL: Texture max size <16384>
2025-05-30 07:23:10,427 : kivy : GL: Texture max units <32>
2025-05-30 07:23:10,457 : kivy : Window: auto add sdl2 input provider
2025-05-30 07:23:10,457 : kivy : Window: virtual keyboard not allowed, single mode, not docked
2025-05-30 07:23:10,473 : SoundSystem : SoundSystem: Using default 'sound_system' settings
2025-05-30 07:23:10,838 : AudioInterface : Initialized
2025-05-30 07:23:10,839 : AudioInterface : Loaded SDL 2.0.20
2025-05-30 07:23:10,839 : AudioInterface : Loaded SDL_Mixer 2.0.4
2025-05-30 07:23:10,839 : AudioInterface : Loaded GStreamer 1.18.5.0
2025-05-30 07:23:10,839 : AudioInterface : Loaded GLib 2.62.6
2025-05-30 07:23:10,839 : AudioInterface : Settings requested - rate: 44100, channels: 1, buffer: 2048 samples
2025-05-30 07:23:10,839 : AudioInterface : Settings in use - rate: 44100, channels: 1, buffer: 2048 samples (4096 bytes @ 2 bytes per sample)
2025-05-30 07:23:10,839 : SoundSystem : No audio tracks are specified in your machine config file. a track named 'default' has been created.
2025-05-30 07:23:10,839 : SoundSystem : Setting master volume to 0.0
2025-05-30 07:23:10,840 : SoundSystem : master_volume in sound_system is deprecated and will be removed in the future.
2025-05-30 07:23:10,840 : AudioInterface : Enabling audio playback
2025-05-30 07:23:10,842 : kivy : Base: Start application main loop
2025-05-30 07:23:10,843 : EventManager : Event: ======'display_window_initialized'====== Args={}
2025-05-30 07:23:10,856 : mpfmc : Display: Setting 'window' as default display
2025-05-30 07:23:10,869 : EventManager : Event: ======'displays_initialized'====== Args={}
2025-05-30 07:23:10,872 : EventManager : Event: ======'slide_window_blank_created'====== Args={}
2025-05-30 07:23:10,872 : EventManager : Event: ======'display_window_ready'====== Args={}
2025-05-30 07:23:10,907 : EventManager : Event: ======'init_phase_1'====== Args={}
2025-05-30 07:23:10,917 : EventManager : Event: ======'mc_ready'====== Args={}
2025-05-30 07:23:10,917 : EventManager : Event: ======'init_phase_2'====== Args={}
2025-05-30 07:23:10,919 : EventManager : Event: ======'init_phase_3'====== Args={}
2025-05-30 07:23:10,920 : EventManager : Event: ======'init_phase_4'====== Args={}
2025-05-30 07:23:10,921 : EventManager : Event: ======'init_phase_5'====== Args={}
2025-05-30 07:23:10,921 : EventManager : Event: ======'init_done'====== Args={}
2025-05-30 07:23:10,921 : MPF-MC BCP Server : Starting up on localhost port 5050
2025-05-30 07:23:10,928 : MPF-MC BCP Server : Waiting for a connection...
2025-05-30 07:23:10,928 : mpfmc : SlidePlayer: Play called with settings={'slides': {welcome_slide-None-None: {'priority': None, 'target': None, 'background_color': [0.0, 0.0, 0.0, 1.0], 'show': True, 'force': False, 'expire': None, 'slide': None, 'tokens': {}, 'action': 'play', 'transition': None, 'transition_out': None}}}
2025-05-30 07:23:11,011 : kivy : GL: NPOT texture support is available
2025-05-30 07:23:11,015 : EventManager : Event: ======'slide_welcome_slide_created'====== Args={}
2025-05-30 07:23:11,019 : EventManager : Event: ======'slide_welcome_slide_active'====== Args={}
2025-05-30 07:23:11,027 : EventManager : Event: ======'client_disconnected'====== Args={'host': '127.0.0.1', 'port': 5050}
2025-05-30 07:23:11,347 : MPF-MC BCP Server : Received connection from: 127.0.0.1:58074
2025-05-30 07:23:11,355 : EventManager : Event: ======'client_connected'====== Args={'host': '127.0.0.1', 'port': 58074}
2025-05-30 07:23:11,392 : EventManager : Event: ======'machine_var_credits_string'====== Args={'value': 'FREE PLAY', 'prev_value': None, 'change': True}
2025-05-30 07:23:11,392 : EventManager : Event: ======'machine_var_master_volume'====== Args={'value': 0.5, 'prev_value': None, 'change': True}
2025-05-30 07:23:11,392 : EventManager : Event: ======'machine_var_player1_score'====== Args={'value': 0, 'prev_value': None, 'change': True}
2025-05-30 07:23:11,392 : EventManager : Event: ======'machine_var_mpf_version'====== Args={'value': 'MPF v0.56.0', 'prev_value': None, 'change': True}
2025-05-30 07:23:11,393 : EventManager : Event: ======'machine_var_mpf_extended_version'====== Args={'value': 'MPF v0.56.0, Config version:5, Show version: 5, BCP version:1.1', 'prev_value': None, 'change': True}
2025-05-30 07:23:11,393 : EventManager : Event: ======'machine_var_python_version'====== Args={'value': '3.9.13', 'prev_value': None, 'change': True}
2025-05-30 07:23:11,393 : EventManager : Event: ======'machine_var_platform'====== Args={'value': 'Windows-10-10.0.19045-SP0', 'prev_value': None, 'change': True}
2025-05-30 07:23:11,393 : EventManager : Event: ======'machine_var_platform_system'====== Args={'value': 'Windows', 'prev_value': None, 'change': True}
2025-05-30 07:23:11,394 : EventManager : Event: ======'machine_var_platform_release'====== Args={'value': '10', 'prev_value': None, 'change': True}
2025-05-30 07:23:11,394 : EventManager : Event: ======'machine_var_platform_version'====== Args={'value': '10.0.19045', 'prev_value': None, 'change': True}
2025-05-30 07:23:11,395 : EventManager : Event: ======'machine_var_platform_machine'====== Args={'value': 'AMD64', 'prev_value': None, 'change': True}
2025-05-30 07:23:11,395 : EventManager : Event: ======'machine_var_mc_version'====== Args={'value': 'MPF-MC v0.56.1', 'prev_value': None, 'change': True}
2025-05-30 07:23:11,395 : EventManager : Event: ======'machine_var_mc_extended_version'====== Args={'value': 'MPF-MC v0.56.1 (config_version=5, BCP v1.1,                      Requires MPF API compatibility v0.56.0 or newer)', 'prev_value': None, 'change': True}
2025-05-30 07:23:11,396 : SoundSystem : Setting master volume to 0.5
2025-05-30 07:23:11,476 : mpfmc : Stopping...
2025-05-30 07:23:11,476 : EventManager : Event: ======'shutdown'====== Args={}
2025-05-30 07:23:11,476 : AudioInterface : Disabling audio playback
2025-05-30 07:23:11,584 : mpfmc : Loop rate 53.91 Hz
2025-05-30 07:23:11,584 : kivy : Base: Leaving application in progress...
2025-05-30 07:23:11,597 : mpfmc : Stopping...
2025-05-30 07:23:11,597 : EventManager : Event: ======'shutdown'====== Args={}
2025-05-30 07:23:11,598 : mpfmc : Loop rate 54.26 Hz
2025-05-30 07:23:11,598 : kivy : MC run loop ended.
2025-05-30 07:23:11,598 : kivy : Stopping child threads... (2 remaining)
2025-05-30 07:23:12,359 : MPF-MC BCP Server : Stopping BCP sending thread
2025-05-30 07:23:12,402 : kivy : All child threads stopped.
