2025-06-03 21:57:57,748 : kivy : Kivy: v2.2.1
2025-06-03 21:57:57,748 : kivy : Kivy: Installed at "/Library/Frameworks/Python.framework/Versions/3.9/lib/python3.9/site-packages/kivy/__init__.py"
2025-06-03 21:57:57,748 : kivy : Python: v3.9.13 (v3.9.13:6de2ca5339, May 17 2022, 11:37:23) 
[Clang 13.0.0 (clang-1300.0.29.30)]
2025-06-03 21:57:57,748 : kivy : Python: Interpreter at "/Library/Frameworks/Python.framework/Versions/3.9/bin/python3.9"
2025-06-03 21:57:57,752 : kivy : Factory: 190 symbols loaded
2025-06-03 21:57:57,840 : kivy : ImageLoaderFFPy: Using ffpyplayer 4.5.1
2025-06-03 21:57:57,840 : kivy : Image: Providers: img_tex, img_imageio, img_dds, img_sdl2, img_pil, img_ffpyplayer 
2025-06-03 21:57:57,909 : kivy : VideoFFPy: Using ffpyplayer 4.5.1
2025-06-03 21:57:57,909 : kivy : Video: Provider: ffpyplayer(['video_ffmpeg'] ignored)
2025-06-03 21:57:57,925 : root : Loading MPF-MC controller
2025-06-03 21:57:57,933 : YamlMultifileConfigLoader : Machine config file #1: config
2025-06-03 21:57:57,933 : ConfigProcessor : Config file in cache changed: /Users/ruben/Pinball/mpf-pinball/config/config
2025-06-03 21:57:57,933 : ConfigProcessor : Loading config from file /Library/Frameworks/Python.framework/Versions/3.9/lib/python3.9/site-packages/mpfmc/mcconfig.yaml.
2025-06-03 21:57:57,937 : ConfigProcessor : Loading config: /Library/Frameworks/Python.framework/Versions/3.9/lib/python3.9/site-packages/mpfmc/mcconfig.yaml
2025-06-03 21:57:57,937 : ConfigProcessor : Loading config from file /Users/ruben/Pinball/mpf-pinball/config/config.
2025-06-03 21:57:57,937 : ConfigProcessor : Loading config: /Users/ruben/Pinball/mpf-pinball/config/config
2025-06-03 21:57:57,938 : ConfigProcessor : Loading config: /Users/ruben/Pinball/mpf-pinball/config/hardware.yaml
2025-06-03 21:57:57,938 : ConfigProcessor : Loading config: /Users/ruben/Pinball/mpf-pinball/config/switches.yaml
2025-06-03 21:57:57,939 : ConfigProcessor : Loading config: /Users/ruben/Pinball/mpf-pinball/config/coils.yaml
2025-06-03 21:57:57,940 : ConfigProcessor : Loading config: /Users/ruben/Pinball/mpf-pinball/config/devices.yaml
2025-06-03 21:57:57,940 : ConfigProcessor : Loading config: /Users/ruben/Pinball/mpf-pinball/config/displays.yaml
2025-06-03 21:57:57,941 : ConfigProcessor : Loading config: /Users/ruben/Pinball/mpf-pinball/config/slides.yaml
2025-06-03 21:57:57,941 : ConfigProcessor : Config file cache created: /var/folders/9g/7xjb17l959g1fnq4pjl5c5p80000gn/T/195f11bb22def72033a5ba91cfdec8f0.mpf_cache
2025-06-03 21:57:57,941 : ConfigProcessor : Loading config from cache: /var/folders/9g/7xjb17l959g1fnq4pjl5c5p80000gn/T/c7af4841f7c2cabb0f971746daddf284.mpf_cache
2025-06-03 21:57:57,941 : ConfigProcessor : Loading config from cache: /var/folders/9g/7xjb17l959g1fnq4pjl5c5p80000gn/T/edcc5f1d3215b377c9faab88c62e4ce0.mpf_cache
2025-06-03 21:57:57,942 : ConfigProcessor : Loading config from cache: /var/folders/9g/7xjb17l959g1fnq4pjl5c5p80000gn/T/174d451d321a0971202b746018364536.mpf_cache
2025-06-03 21:57:57,942 : mpfmc : Mission Pinball Framework Media Controller (MPF-MC) v0.57.1. Requires MPF v0.57.0 or newer.
2025-06-03 21:57:57,942 : mpfmc : Found MPF v0.57.3
2025-06-03 21:57:57,942 : mpfmc : Machine path: /Users/ruben/Pinball/mpf-pinball
2025-06-03 21:57:57,942 : mpfmc : Starting clock at 60.0Hz
2025-06-03 21:57:57,946 : kivy : Text: Provider: sdl2
2025-06-03 21:57:57,957 : kivy : Window: Provider: sdl2
2025-06-03 21:57:58,058 : kivy : GL: Using the "OpenGL ES 2" graphics system
2025-06-03 21:57:58,058 : kivy : GL: Backend used <sdl2>
2025-06-03 21:57:58,058 : kivy : GL: OpenGL version <b'2.1 Metal - 88.1'>
2025-06-03 21:57:58,058 : kivy : GL: OpenGL vendor <b'Apple'>
2025-06-03 21:57:58,058 : kivy : GL: OpenGL renderer <b'Apple M1 Pro'>
2025-06-03 21:57:58,058 : kivy : GL: OpenGL parsed version: 2, 1
2025-06-03 21:57:58,058 : kivy : GL: Shading version <b'1.20'>
2025-06-03 21:57:58,058 : kivy : GL: Texture max size <16384>
2025-06-03 21:57:58,058 : kivy : GL: Texture max units <16>
2025-06-03 21:57:58,069 : kivy : Window: auto add sdl2 input provider
2025-06-03 21:57:58,069 : kivy : Window: virtual keyboard not allowed, single mode, not docked
2025-06-03 21:57:58,071 : SoundSystem : SoundSystem: Using default 'sound_system' settings
2025-06-03 21:57:58,201 : AudioInterface : Initialized
2025-06-03 21:57:58,202 : AudioInterface : Loaded SDL 2.32.8
2025-06-03 21:57:58,202 : AudioInterface : Loaded SDL_Mixer 2.8.1
2025-06-03 21:57:58,202 : AudioInterface : Loaded GStreamer 1.26.2.0
2025-06-03 21:57:58,202 : AudioInterface : Loaded GLib 2.84.2
2025-06-03 21:57:58,202 : AudioInterface : Settings requested - rate: 44100, channels: 1, buffer: 2048 samples
2025-06-03 21:57:58,202 : AudioInterface : Settings in use - rate: 44100, channels: 1, buffer: 2048 samples (4096 bytes @ 2 bytes per sample)
2025-06-03 21:57:58,202 : SoundSystem : No audio tracks are specified in your machine config file. a track named 'default' has been created.
2025-06-03 21:57:58,202 : SoundSystem : Setting master volume to 0.0
2025-06-03 21:57:58,202 : AudioInterface : Enabling audio playback
2025-06-03 21:57:58,203 : kivy : Base: Start application main loop
2025-06-03 21:57:58,203 : EventManager : Event: ======'display_window_initialized'====== Args={}
2025-06-03 21:57:58,203 : EventManager : Event: ======'display_playfield_initialized'====== Args={}
2025-06-03 21:57:58,532 : mpfmc : Display: Setting 'window' as default display
2025-06-03 21:57:58,535 : mpfmc : ASPECT RATIO MISMATCH: The on-screen window is not the same aspect ratio as the display called 'window'. The logical display will be scaled from 1280x390 to the window size 1600x1200, and a black bar will make up the difference
2025-06-03 21:57:58,535 : EventManager : Event: ======'displays_initialized'====== Args={}
2025-06-03 21:57:58,536 : EventManager : Event: ======'slide_window_blank_created'====== Args={}
2025-06-03 21:57:58,536 : EventManager : Event: ======'display_window_ready'====== Args={}
2025-06-03 21:57:58,536 : EventManager : Event: ======'slide_playfield_blank_created'====== Args={}
2025-06-03 21:57:58,536 : EventManager : Event: ======'display_playfield_ready'====== Args={}
2025-06-03 21:57:58,539 : EventManager : Event: ======'init_phase_1'====== Args={}
2025-06-03 21:57:58,540 : EventManager : Event: ======'mc_ready'====== Args={}
2025-06-03 21:57:58,540 : EventManager : Event: ======'init_phase_2'====== Args={}
2025-06-03 21:57:58,541 : EventManager : Event: ======'init_phase_3'====== Args={}
2025-06-03 21:57:58,541 : EventManager : Event: ======'init_phase_4'====== Args={}
2025-06-03 21:57:58,541 : EventManager : Event: ======'init_phase_5'====== Args={}
2025-06-03 21:57:58,541 : EventManager : Event: ======'init_done'====== Args={}
2025-06-03 21:57:58,542 : MPF-MC BCP Server : Starting up on localhost port 5050
2025-06-03 21:57:58,543 : MPF-MC BCP Server : Waiting for a connection...
2025-06-03 21:57:58,545 : kivy : GL: NPOT texture support is available
2025-06-03 21:57:58,546 : EventManager : Event: ======'slide_welcome_slide_created'====== Args={}
2025-06-03 21:57:58,548 : EventManager : Event: ======'slide_welcome_slide_active'====== Args={}
2025-06-03 21:57:58,582 : MPF-MC BCP Server : Received connection from: 127.0.0.1:50080
2025-06-03 21:57:58,601 : EventManager : Event: ======'client_disconnected'====== Args={'host': '127.0.0.1', 'port': 5050}
2025-06-03 21:57:58,601 : EventManager : Event: ======'client_connected'====== Args={'host': '127.0.0.1', 'port': 50080}
2025-06-03 21:57:58,614 : EventManager : Event: ======'slides_play'====== Args={'settings': {'welcome_slide': {'target': None, 'background_color': [0.0, 0.0, 0.0, 1.0], 'priority': None, 'show': True, 'force': False, 'expire': None, 'slide': None, 'tokens': {}, 'action': 'play'}}, 'context': '_global', 'calling_context': 'init_done', 'priority': 0}
2025-06-03 21:57:58,614 : EventManager : Event: ======'mc_reset_phase_1'====== Args={}
2025-06-03 21:57:58,614 : EventManager : Event: ======'slide_welcome_slide_removed'====== Args={}
2025-06-03 21:57:58,616 : EventManager : Event: ======'slide_welcome_slide_created'====== Args={}
2025-06-03 21:57:58,616 : EventManager : Event: ======'mc_reset_phase_2'====== Args={}
2025-06-03 21:57:58,616 : EventManager : Event: ======'mc_reset_phase_3'====== Args={}
2025-06-03 21:57:58,616 : EventManager : Event: ======'mc_reset_complete'====== Args={}
2025-06-03 21:57:58,616 : EventManager : Event: ======'machine_var_credits_string'====== Args={'value': 'FREE PLAY', 'prev_value': None, 'change': True}
2025-06-03 21:57:58,616 : EventManager : Event: ======'machine_var_master_volume'====== Args={'value': 0.5, 'prev_value': None, 'change': True}
2025-06-03 21:57:58,617 : EventManager : Event: ======'machine_var_player1_score'====== Args={'value': 0, 'prev_value': None, 'change': True}
2025-06-03 21:57:58,617 : EventManager : Event: ======'machine_var_mpf_version'====== Args={'value': 'Mission Pinball Framework v0.57.3', 'prev_value': None, 'change': True}
2025-06-03 21:57:58,617 : EventManager : Event: ======'machine_var_mpf_extended_version'====== Args={'value': 'Mission Pinball Framework v0.57.3, Config version:6, Show version: 6, BCP version:1.1', 'prev_value': None, 'change': True}
2025-06-03 21:57:58,617 : EventManager : Event: ======'machine_var_python_version'====== Args={'value': '3.9.13', 'prev_value': None, 'change': True}
2025-06-03 21:57:58,617 : EventManager : Event: ======'machine_var_platform'====== Args={'value': 'macOS-14.6.1-arm64-arm-64bit', 'prev_value': None, 'change': True}
2025-06-03 21:57:58,617 : EventManager : Event: ======'machine_var_platform_system'====== Args={'value': 'Darwin', 'prev_value': None, 'change': True}
2025-06-03 21:57:58,617 : EventManager : Event: ======'machine_var_platform_release'====== Args={'value': '23.6.0', 'prev_value': None, 'change': True}
2025-06-03 21:57:58,617 : EventManager : Event: ======'machine_var_platform_version'====== Args={'value': 'Darwin Kernel Version 23.6.0: Mon Jul 29 21:14:30 PDT 2024; root:xnu-10063.141.2~1/RELEASE_ARM64_T6000', 'prev_value': None, 'change': True}
2025-06-03 21:57:58,617 : EventManager : Event: ======'machine_var_platform_machine'====== Args={'value': 'arm64', 'prev_value': None, 'change': True}
2025-06-03 21:57:58,617 : EventManager : Event: ======'machine_var_audits_events_game_ended'====== Args={'value': 50, 'prev_value': None, 'change': True}
2025-06-03 21:57:58,617 : EventManager : Event: ======'machine_var_audits_events_game_started'====== Args={'value': 94, 'prev_value': None, 'change': True}
2025-06-03 21:57:58,617 : EventManager : Event: ======'machine_var_audits_missing_switches_s_left_flipper'====== Args={'value': 4, 'prev_value': None, 'change': True}
2025-06-03 21:57:58,617 : EventManager : Event: ======'machine_var_audits_missing_switches_s_left_inlane1'====== Args={'value': 4, 'prev_value': None, 'change': True}
2025-06-03 21:57:58,617 : EventManager : Event: ======'machine_var_audits_missing_switches_s_left_inlane2'====== Args={'value': 4, 'prev_value': None, 'change': True}
2025-06-03 21:57:58,617 : EventManager : Event: ======'machine_var_audits_missing_switches_s_left_outlane'====== Args={'value': 5, 'prev_value': None, 'change': True}
2025-06-03 21:57:58,617 : EventManager : Event: ======'machine_var_audits_missing_switches_s_left_slingshot'====== Args={'value': 5, 'prev_value': None, 'change': True}
2025-06-03 21:57:58,617 : EventManager : Event: ======'machine_var_audits_missing_switches_s_pop1'====== Args={'value': 5, 'prev_value': None, 'change': True}
2025-06-03 21:57:58,617 : EventManager : Event: ======'machine_var_audits_missing_switches_s_pop2'====== Args={'value': 5, 'prev_value': None, 'change': True}
2025-06-03 21:57:58,617 : EventManager : Event: ======'machine_var_audits_missing_switches_s_pop3'====== Args={'value': 5, 'prev_value': None, 'change': True}
2025-06-03 21:57:58,617 : EventManager : Event: ======'machine_var_audits_missing_switches_s_pop4'====== Args={'value': 4, 'prev_value': None, 'change': True}
2025-06-03 21:57:58,617 : EventManager : Event: ======'machine_var_audits_missing_switches_s_pop5'====== Args={'value': 4, 'prev_value': None, 'change': True}
2025-06-03 21:57:58,617 : EventManager : Event: ======'machine_var_audits_missing_switches_s_right_flipper'====== Args={'value': 4, 'prev_value': None, 'change': True}
2025-06-03 21:57:58,617 : EventManager : Event: ======'machine_var_audits_missing_switches_s_right_inlane'====== Args={'value': 5, 'prev_value': None, 'change': True}
2025-06-03 21:57:58,617 : EventManager : Event: ======'machine_var_audits_missing_switches_s_right_outlane'====== Args={'value': 5, 'prev_value': None, 'change': True}
2025-06-03 21:57:58,617 : EventManager : Event: ======'machine_var_audits_missing_switches_s_right_slingshot'====== Args={'value': 5, 'prev_value': None, 'change': True}
2025-06-03 21:57:58,617 : EventManager : Event: ======'machine_var_audits_missing_switches_s_scoop_center'====== Args={'value': 4, 'prev_value': None, 'change': True}
2025-06-03 21:57:58,617 : EventManager : Event: ======'machine_var_audits_missing_switches_s_scoop_right'====== Args={'value': 5, 'prev_value': None, 'change': True}
2025-06-03 21:57:58,617 : EventManager : Event: ======'machine_var_audits_missing_switches_s_shooter_lane'====== Args={'value': 5, 'prev_value': None, 'change': True}
2025-06-03 21:57:58,617 : EventManager : Event: ======'machine_var_audits_missing_switches_s_startButton'====== Args={'value': 5, 'prev_value': None, 'change': True}
2025-06-03 21:57:58,617 : EventManager : Event: ======'machine_var_audits_missing_switches_s_trough1'====== Args={'value': 5, 'prev_value': None, 'change': True}
2025-06-03 21:57:58,617 : EventManager : Event: ======'machine_var_audits_missing_switches_s_trough2'====== Args={'value': 5, 'prev_value': None, 'change': True}
2025-06-03 21:57:58,617 : EventManager : Event: ======'machine_var_audits_missing_switches_s_trough3'====== Args={'value': 5, 'prev_value': None, 'change': True}
2025-06-03 21:57:58,617 : EventManager : Event: ======'machine_var_audits_missing_switches_s_trough4'====== Args={'value': 5, 'prev_value': None, 'change': True}
2025-06-03 21:57:58,617 : EventManager : Event: ======'machine_var_audits_missing_switches_s_trough5'====== Args={'value': 4, 'prev_value': None, 'change': True}
2025-06-03 21:57:58,618 : EventManager : Event: ======'machine_var_audits_player_score'====== Args={'value': {'average': 0.0, 'top': [0, 0, 0, 0, 0, 0, 0, 0, 0, 0], 'total': 50}, 'prev_value': None, 'change': True}
2025-06-03 21:57:58,618 : EventManager : Event: ======'machine_var_audits_switches_s_drop_bank1'====== Args={'value': 140, 'prev_value': None, 'change': True}
2025-06-03 21:57:58,618 : EventManager : Event: ======'machine_var_audits_switches_s_left_flipper'====== Args={'value': 2280, 'prev_value': None, 'change': True}
2025-06-03 21:57:58,618 : EventManager : Event: ======'machine_var_audits_switches_s_left_inlane1'====== Args={'value': 1, 'prev_value': None, 'change': True}
2025-06-03 21:57:58,618 : EventManager : Event: ======'machine_var_audits_switches_s_left_inlane2'====== Args={'value': 1, 'prev_value': None, 'change': True}
2025-06-03 21:57:58,618 : EventManager : Event: ======'machine_var_audits_switches_s_left_outlane'====== Args={'value': 0, 'prev_value': None, 'change': True}
2025-06-03 21:57:58,618 : EventManager : Event: ======'machine_var_audits_switches_s_left_slingshot'====== Args={'value': 290, 'prev_value': None, 'change': True}
2025-06-03 21:57:58,618 : EventManager : Event: ======'machine_var_audits_switches_s_plunger'====== Args={'value': 5, 'prev_value': None, 'change': True}
2025-06-03 21:57:58,618 : EventManager : Event: ======'machine_var_audits_switches_s_pop1'====== Args={'value': 0, 'prev_value': None, 'change': True}
2025-06-03 21:57:58,618 : EventManager : Event: ======'machine_var_audits_switches_s_pop2'====== Args={'value': 0, 'prev_value': None, 'change': True}
2025-06-03 21:57:58,618 : EventManager : Event: ======'machine_var_audits_switches_s_pop3'====== Args={'value': 0, 'prev_value': None, 'change': True}
2025-06-03 21:57:58,618 : EventManager : Event: ======'machine_var_audits_switches_s_pop4'====== Args={'value': 1, 'prev_value': None, 'change': True}
2025-06-03 21:57:58,618 : EventManager : Event: ======'machine_var_audits_switches_s_pop5'====== Args={'value': 1, 'prev_value': None, 'change': True}
2025-06-03 21:57:58,618 : EventManager : Event: ======'machine_var_audits_switches_s_pop_bot'====== Args={'value': 426, 'prev_value': None, 'change': True}
2025-06-03 21:57:58,618 : EventManager : Event: ======'machine_var_audits_switches_s_pop_mid'====== Args={'value': 351, 'prev_value': None, 'change': True}
2025-06-03 21:57:58,618 : EventManager : Event: ======'machine_var_audits_switches_s_pop_top'====== Args={'value': 302, 'prev_value': None, 'change': True}
2025-06-03 21:57:58,618 : EventManager : Event: ======'machine_var_audits_switches_s_right_flipper'====== Args={'value': 2329, 'prev_value': None, 'change': True}
2025-06-03 21:57:58,618 : EventManager : Event: ======'machine_var_audits_switches_s_right_inlane'====== Args={'value': 57, 'prev_value': None, 'change': True}
2025-06-03 21:57:58,618 : EventManager : Event: ======'machine_var_audits_switches_s_right_outlane'====== Args={'value': 0, 'prev_value': None, 'change': True}
2025-06-03 21:57:58,618 : EventManager : Event: ======'machine_var_audits_switches_s_right_slingshot'====== Args={'value': 255, 'prev_value': None, 'change': True}
2025-06-03 21:57:58,618 : EventManager : Event: ======'machine_var_audits_switches_s_scoop_center'====== Args={'value': 1, 'prev_value': None, 'change': True}
2025-06-03 21:57:58,618 : EventManager : Event: ======'machine_var_audits_switches_s_scoop_lower'====== Args={'value': 220, 'prev_value': None, 'change': True}
2025-06-03 21:57:58,618 : EventManager : Event: ======'machine_var_audits_switches_s_scoop_right'====== Args={'value': 0, 'prev_value': None, 'change': True}
2025-06-03 21:57:58,618 : EventManager : Event: ======'machine_var_audits_switches_s_shooter_lane'====== Args={'value': 0, 'prev_value': None, 'change': True}
2025-06-03 21:57:58,618 : EventManager : Event: ======'machine_var_audits_switches_s_startButton'====== Args={'value': 34, 'prev_value': None, 'change': True}
2025-06-03 21:57:58,618 : EventManager : Event: ======'machine_var_audits_switches_s_trough1'====== Args={'value': 303, 'prev_value': None, 'change': True}
2025-06-03 21:57:58,618 : EventManager : Event: ======'machine_var_audits_switches_s_trough2'====== Args={'value': 1, 'prev_value': None, 'change': True}
2025-06-03 21:57:58,618 : EventManager : Event: ======'machine_var_audits_switches_s_trough3'====== Args={'value': 1, 'prev_value': None, 'change': True}
2025-06-03 21:57:58,618 : EventManager : Event: ======'machine_var_audits_switches_s_trough4'====== Args={'value': 1, 'prev_value': None, 'change': True}
2025-06-03 21:57:58,618 : EventManager : Event: ======'machine_var_audits_switches_s_trough5'====== Args={'value': 1, 'prev_value': None, 'change': True}
2025-06-03 21:57:58,618 : EventManager : Event: ======'machine_var_mc_version'====== Args={'value': 'MPF-MC v0.57.1', 'prev_value': None, 'change': True}
2025-06-03 21:57:58,618 : EventManager : Event: ======'machine_var_mc_extended_version'====== Args={'value': 'MPF-MC v0.57.1 (config_version=6, BCP v1.1,                      Requires MPF API compatibility v0.57.0 or newer)', 'prev_value': None, 'change': True}
2025-06-03 21:57:58,618 : EventManager : Event: ======'machine_var_credits_string'====== Args={'value': 'FREE PLAY', 'prev_value': None, 'change': True}
2025-06-03 21:57:58,618 : EventManager : Event: ======'machine_var_master_volume'====== Args={'value': 0.5, 'prev_value': None, 'change': True}
2025-06-03 21:57:58,618 : EventManager : Event: ======'machine_var_player1_score'====== Args={'value': 0, 'prev_value': None, 'change': True}
2025-06-03 21:57:58,618 : EventManager : Event: ======'machine_var_mpf_version'====== Args={'value': 'Mission Pinball Framework v0.57.3', 'prev_value': None, 'change': True}
2025-06-03 21:57:58,618 : EventManager : Event: ======'machine_var_mpf_extended_version'====== Args={'value': 'Mission Pinball Framework v0.57.3, Config version:6, Show version: 6, BCP version:1.1', 'prev_value': None, 'change': True}
2025-06-03 21:57:58,618 : EventManager : Event: ======'machine_var_python_version'====== Args={'value': '3.9.13', 'prev_value': None, 'change': True}
2025-06-03 21:57:58,618 : EventManager : Event: ======'machine_var_platform'====== Args={'value': 'macOS-14.6.1-arm64-arm-64bit', 'prev_value': None, 'change': True}
2025-06-03 21:57:58,618 : EventManager : Event: ======'machine_var_platform_system'====== Args={'value': 'Darwin', 'prev_value': None, 'change': True}
2025-06-03 21:57:58,618 : EventManager : Event: ======'machine_var_platform_release'====== Args={'value': '23.6.0', 'prev_value': None, 'change': True}
2025-06-03 21:57:58,618 : EventManager : Event: ======'machine_var_platform_version'====== Args={'value': 'Darwin Kernel Version 23.6.0: Mon Jul 29 21:14:30 PDT 2024; root:xnu-10063.141.2~1/RELEASE_ARM64_T6000', 'prev_value': None, 'change': True}
2025-06-03 21:57:58,618 : EventManager : Event: ======'machine_var_platform_machine'====== Args={'value': 'arm64', 'prev_value': None, 'change': True}
2025-06-03 21:57:58,618 : EventManager : Event: ======'machine_var_audits_events_game_ended'====== Args={'value': 50, 'prev_value': None, 'change': True}
2025-06-03 21:57:58,618 : EventManager : Event: ======'machine_var_audits_events_game_started'====== Args={'value': 94, 'prev_value': None, 'change': True}
2025-06-03 21:57:58,619 : EventManager : Event: ======'machine_var_audits_missing_switches_s_left_flipper'====== Args={'value': 4, 'prev_value': None, 'change': True}
2025-06-03 21:57:58,619 : EventManager : Event: ======'machine_var_audits_missing_switches_s_left_inlane1'====== Args={'value': 4, 'prev_value': None, 'change': True}
2025-06-03 21:57:58,619 : EventManager : Event: ======'machine_var_audits_missing_switches_s_left_inlane2'====== Args={'value': 4, 'prev_value': None, 'change': True}
2025-06-03 21:57:58,619 : EventManager : Event: ======'machine_var_audits_missing_switches_s_left_outlane'====== Args={'value': 5, 'prev_value': None, 'change': True}
2025-06-03 21:57:58,619 : EventManager : Event: ======'machine_var_audits_missing_switches_s_left_slingshot'====== Args={'value': 5, 'prev_value': None, 'change': True}
2025-06-03 21:57:58,619 : EventManager : Event: ======'machine_var_audits_missing_switches_s_pop1'====== Args={'value': 5, 'prev_value': None, 'change': True}
2025-06-03 21:57:58,619 : EventManager : Event: ======'machine_var_audits_missing_switches_s_pop2'====== Args={'value': 5, 'prev_value': None, 'change': True}
2025-06-03 21:57:58,619 : EventManager : Event: ======'machine_var_audits_missing_switches_s_pop3'====== Args={'value': 5, 'prev_value': None, 'change': True}
2025-06-03 21:57:58,619 : EventManager : Event: ======'machine_var_audits_missing_switches_s_pop4'====== Args={'value': 4, 'prev_value': None, 'change': True}
2025-06-03 21:57:58,619 : EventManager : Event: ======'machine_var_audits_missing_switches_s_pop5'====== Args={'value': 4, 'prev_value': None, 'change': True}
2025-06-03 21:57:58,619 : EventManager : Event: ======'machine_var_audits_missing_switches_s_right_flipper'====== Args={'value': 4, 'prev_value': None, 'change': True}
2025-06-03 21:57:58,619 : EventManager : Event: ======'machine_var_audits_missing_switches_s_right_inlane'====== Args={'value': 5, 'prev_value': None, 'change': True}
2025-06-03 21:57:58,619 : EventManager : Event: ======'machine_var_audits_missing_switches_s_right_outlane'====== Args={'value': 5, 'prev_value': None, 'change': True}
2025-06-03 21:57:58,619 : EventManager : Event: ======'machine_var_audits_missing_switches_s_right_slingshot'====== Args={'value': 5, 'prev_value': None, 'change': True}
2025-06-03 21:57:58,619 : EventManager : Event: ======'machine_var_audits_missing_switches_s_scoop_center'====== Args={'value': 4, 'prev_value': None, 'change': True}
2025-06-03 21:57:58,619 : EventManager : Event: ======'machine_var_audits_missing_switches_s_scoop_right'====== Args={'value': 5, 'prev_value': None, 'change': True}
2025-06-03 21:57:58,619 : EventManager : Event: ======'machine_var_audits_missing_switches_s_shooter_lane'====== Args={'value': 5, 'prev_value': None, 'change': True}
2025-06-03 21:57:58,619 : EventManager : Event: ======'machine_var_audits_missing_switches_s_startButton'====== Args={'value': 5, 'prev_value': None, 'change': True}
2025-06-03 21:57:58,619 : EventManager : Event: ======'machine_var_audits_missing_switches_s_trough1'====== Args={'value': 5, 'prev_value': None, 'change': True}
2025-06-03 21:57:58,619 : EventManager : Event: ======'machine_var_audits_missing_switches_s_trough2'====== Args={'value': 5, 'prev_value': None, 'change': True}
2025-06-03 21:57:58,619 : EventManager : Event: ======'machine_var_audits_missing_switches_s_trough3'====== Args={'value': 5, 'prev_value': None, 'change': True}
2025-06-03 21:57:58,619 : EventManager : Event: ======'machine_var_audits_missing_switches_s_trough4'====== Args={'value': 5, 'prev_value': None, 'change': True}
2025-06-03 21:57:58,619 : EventManager : Event: ======'machine_var_audits_missing_switches_s_trough5'====== Args={'value': 4, 'prev_value': None, 'change': True}
2025-06-03 21:57:58,619 : EventManager : Event: ======'machine_var_audits_player_score'====== Args={'value': {'average': 0.0, 'top': [0, 0, 0, 0, 0, 0, 0, 0, 0, 0], 'total': 50}, 'prev_value': None, 'change': True}
2025-06-03 21:57:58,619 : EventManager : Event: ======'machine_var_audits_switches_s_drop_bank1'====== Args={'value': 140, 'prev_value': None, 'change': True}
2025-06-03 21:57:58,619 : EventManager : Event: ======'machine_var_audits_switches_s_left_flipper'====== Args={'value': 2280, 'prev_value': None, 'change': True}
2025-06-03 21:57:58,619 : EventManager : Event: ======'machine_var_audits_switches_s_left_inlane1'====== Args={'value': 1, 'prev_value': None, 'change': True}
2025-06-03 21:57:58,619 : EventManager : Event: ======'machine_var_audits_switches_s_left_inlane2'====== Args={'value': 1, 'prev_value': None, 'change': True}
2025-06-03 21:57:58,619 : EventManager : Event: ======'machine_var_audits_switches_s_left_outlane'====== Args={'value': 0, 'prev_value': None, 'change': True}
2025-06-03 21:57:58,619 : EventManager : Event: ======'machine_var_audits_switches_s_left_slingshot'====== Args={'value': 290, 'prev_value': None, 'change': True}
2025-06-03 21:57:58,619 : EventManager : Event: ======'machine_var_audits_switches_s_plunger'====== Args={'value': 5, 'prev_value': None, 'change': True}
2025-06-03 21:57:58,619 : EventManager : Event: ======'machine_var_audits_switches_s_pop1'====== Args={'value': 0, 'prev_value': None, 'change': True}
2025-06-03 21:57:58,619 : EventManager : Event: ======'machine_var_audits_switches_s_pop2'====== Args={'value': 0, 'prev_value': None, 'change': True}
2025-06-03 21:57:58,619 : EventManager : Event: ======'machine_var_audits_switches_s_pop3'====== Args={'value': 0, 'prev_value': None, 'change': True}
2025-06-03 21:57:58,619 : EventManager : Event: ======'machine_var_audits_switches_s_pop4'====== Args={'value': 1, 'prev_value': None, 'change': True}
2025-06-03 21:57:58,619 : EventManager : Event: ======'machine_var_audits_switches_s_pop5'====== Args={'value': 1, 'prev_value': None, 'change': True}
2025-06-03 21:57:58,619 : EventManager : Event: ======'machine_var_audits_switches_s_pop_bot'====== Args={'value': 426, 'prev_value': None, 'change': True}
2025-06-03 21:57:58,619 : EventManager : Event: ======'machine_var_audits_switches_s_pop_mid'====== Args={'value': 351, 'prev_value': None, 'change': True}
2025-06-03 21:57:58,619 : EventManager : Event: ======'machine_var_audits_switches_s_pop_top'====== Args={'value': 302, 'prev_value': None, 'change': True}
2025-06-03 21:57:58,619 : EventManager : Event: ======'machine_var_audits_switches_s_right_flipper'====== Args={'value': 2329, 'prev_value': None, 'change': True}
2025-06-03 21:57:58,619 : EventManager : Event: ======'machine_var_audits_switches_s_right_inlane'====== Args={'value': 57, 'prev_value': None, 'change': True}
2025-06-03 21:57:58,619 : EventManager : Event: ======'machine_var_audits_switches_s_right_outlane'====== Args={'value': 0, 'prev_value': None, 'change': True}
2025-06-03 21:57:58,619 : EventManager : Event: ======'machine_var_audits_switches_s_right_slingshot'====== Args={'value': 255, 'prev_value': None, 'change': True}
2025-06-03 21:57:58,619 : EventManager : Event: ======'machine_var_audits_switches_s_scoop_center'====== Args={'value': 1, 'prev_value': None, 'change': True}
2025-06-03 21:57:58,619 : EventManager : Event: ======'machine_var_audits_switches_s_scoop_lower'====== Args={'value': 220, 'prev_value': None, 'change': True}
2025-06-03 21:57:58,619 : EventManager : Event: ======'machine_var_audits_switches_s_scoop_right'====== Args={'value': 0, 'prev_value': None, 'change': True}
2025-06-03 21:57:58,619 : EventManager : Event: ======'machine_var_audits_switches_s_shooter_lane'====== Args={'value': 0, 'prev_value': None, 'change': True}
2025-06-03 21:57:58,619 : EventManager : Event: ======'machine_var_audits_switches_s_startButton'====== Args={'value': 34, 'prev_value': None, 'change': True}
2025-06-03 21:57:58,620 : EventManager : Event: ======'machine_var_audits_switches_s_trough1'====== Args={'value': 303, 'prev_value': None, 'change': True}
2025-06-03 21:57:58,620 : EventManager : Event: ======'machine_var_audits_switches_s_trough2'====== Args={'value': 1, 'prev_value': None, 'change': True}
2025-06-03 21:57:58,620 : EventManager : Event: ======'machine_var_audits_switches_s_trough3'====== Args={'value': 1, 'prev_value': None, 'change': True}
2025-06-03 21:57:58,620 : EventManager : Event: ======'machine_var_audits_switches_s_trough4'====== Args={'value': 1, 'prev_value': None, 'change': True}
2025-06-03 21:57:58,620 : EventManager : Event: ======'machine_var_audits_switches_s_trough5'====== Args={'value': 1, 'prev_value': None, 'change': True}
2025-06-03 21:57:58,620 : EventManager : Event: ======'machine_var_mc_version'====== Args={'value': 'MPF-MC v0.57.1', 'prev_value': None, 'change': True}
2025-06-03 21:57:58,620 : EventManager : Event: ======'machine_var_mc_extended_version'====== Args={'value': 'MPF-MC v0.57.1 (config_version=6, BCP v1.1,                      Requires MPF API compatibility v0.57.0 or newer)', 'prev_value': None, 'change': True}
2025-06-03 21:57:58,620 : EventManager : Event: ======'machine_var_credits_string'====== Args={'value': 'FREE PLAY', 'prev_value': None, 'change': True}
2025-06-03 21:57:58,620 : EventManager : Event: ======'machine_var_master_volume'====== Args={'value': 0.5, 'prev_value': None, 'change': True}
2025-06-03 21:57:58,620 : EventManager : Event: ======'machine_var_player1_score'====== Args={'value': 0, 'prev_value': None, 'change': True}
2025-06-03 21:57:58,620 : EventManager : Event: ======'machine_var_mpf_version'====== Args={'value': 'Mission Pinball Framework v0.57.3', 'prev_value': None, 'change': True}
2025-06-03 21:57:58,620 : EventManager : Event: ======'machine_var_mpf_extended_version'====== Args={'value': 'Mission Pinball Framework v0.57.3, Config version:6, Show version: 6, BCP version:1.1', 'prev_value': None, 'change': True}
2025-06-03 21:57:58,620 : EventManager : Event: ======'machine_var_python_version'====== Args={'value': '3.9.13', 'prev_value': None, 'change': True}
2025-06-03 21:57:58,620 : EventManager : Event: ======'machine_var_platform'====== Args={'value': 'macOS-14.6.1-arm64-arm-64bit', 'prev_value': None, 'change': True}
2025-06-03 21:57:58,620 : EventManager : Event: ======'machine_var_platform_system'====== Args={'value': 'Darwin', 'prev_value': None, 'change': True}
2025-06-03 21:57:58,620 : EventManager : Event: ======'machine_var_platform_release'====== Args={'value': '23.6.0', 'prev_value': None, 'change': True}
2025-06-03 21:57:58,620 : EventManager : Event: ======'machine_var_platform_version'====== Args={'value': 'Darwin Kernel Version 23.6.0: Mon Jul 29 21:14:30 PDT 2024; root:xnu-10063.141.2~1/RELEASE_ARM64_T6000', 'prev_value': None, 'change': True}
2025-06-03 21:57:58,620 : EventManager : Event: ======'machine_var_platform_machine'====== Args={'value': 'arm64', 'prev_value': None, 'change': True}
2025-06-03 21:57:58,620 : EventManager : Event: ======'machine_var_audits_events_game_ended'====== Args={'value': 50, 'prev_value': None, 'change': True}
2025-06-03 21:57:58,620 : EventManager : Event: ======'machine_var_audits_events_game_started'====== Args={'value': 94, 'prev_value': None, 'change': True}
2025-06-03 21:57:58,620 : EventManager : Event: ======'machine_var_audits_missing_switches_s_left_flipper'====== Args={'value': 4, 'prev_value': None, 'change': True}
2025-06-03 21:57:58,620 : EventManager : Event: ======'machine_var_audits_missing_switches_s_left_inlane1'====== Args={'value': 4, 'prev_value': None, 'change': True}
2025-06-03 21:57:58,620 : EventManager : Event: ======'machine_var_audits_missing_switches_s_left_inlane2'====== Args={'value': 4, 'prev_value': None, 'change': True}
2025-06-03 21:57:58,620 : EventManager : Event: ======'machine_var_audits_missing_switches_s_left_outlane'====== Args={'value': 5, 'prev_value': None, 'change': True}
2025-06-03 21:57:58,620 : EventManager : Event: ======'machine_var_audits_missing_switches_s_left_slingshot'====== Args={'value': 5, 'prev_value': None, 'change': True}
2025-06-03 21:57:58,620 : EventManager : Event: ======'machine_var_audits_missing_switches_s_pop1'====== Args={'value': 5, 'prev_value': None, 'change': True}
2025-06-03 21:57:58,620 : EventManager : Event: ======'machine_var_audits_missing_switches_s_pop2'====== Args={'value': 5, 'prev_value': None, 'change': True}
2025-06-03 21:57:58,620 : EventManager : Event: ======'machine_var_audits_missing_switches_s_pop3'====== Args={'value': 5, 'prev_value': None, 'change': True}
2025-06-03 21:57:58,620 : EventManager : Event: ======'machine_var_audits_missing_switches_s_pop4'====== Args={'value': 4, 'prev_value': None, 'change': True}
2025-06-03 21:57:58,620 : EventManager : Event: ======'machine_var_audits_missing_switches_s_pop5'====== Args={'value': 4, 'prev_value': None, 'change': True}
2025-06-03 21:57:58,620 : EventManager : Event: ======'machine_var_audits_missing_switches_s_right_flipper'====== Args={'value': 4, 'prev_value': None, 'change': True}
2025-06-03 21:57:58,620 : EventManager : Event: ======'machine_var_audits_missing_switches_s_right_inlane'====== Args={'value': 5, 'prev_value': None, 'change': True}
2025-06-03 21:57:58,620 : EventManager : Event: ======'machine_var_audits_missing_switches_s_right_outlane'====== Args={'value': 5, 'prev_value': None, 'change': True}
2025-06-03 21:57:58,620 : EventManager : Event: ======'machine_var_audits_missing_switches_s_right_slingshot'====== Args={'value': 5, 'prev_value': None, 'change': True}
2025-06-03 21:57:58,620 : EventManager : Event: ======'machine_var_audits_missing_switches_s_scoop_center'====== Args={'value': 4, 'prev_value': None, 'change': True}
2025-06-03 21:57:58,620 : EventManager : Event: ======'machine_var_audits_missing_switches_s_scoop_right'====== Args={'value': 5, 'prev_value': None, 'change': True}
2025-06-03 21:57:58,620 : EventManager : Event: ======'machine_var_audits_missing_switches_s_shooter_lane'====== Args={'value': 5, 'prev_value': None, 'change': True}
2025-06-03 21:57:58,620 : EventManager : Event: ======'machine_var_audits_missing_switches_s_startButton'====== Args={'value': 5, 'prev_value': None, 'change': True}
2025-06-03 21:57:58,620 : EventManager : Event: ======'machine_var_audits_missing_switches_s_trough1'====== Args={'value': 5, 'prev_value': None, 'change': True}
2025-06-03 21:57:58,620 : EventManager : Event: ======'machine_var_audits_missing_switches_s_trough2'====== Args={'value': 5, 'prev_value': None, 'change': True}
2025-06-03 21:57:58,620 : EventManager : Event: ======'machine_var_audits_missing_switches_s_trough3'====== Args={'value': 5, 'prev_value': None, 'change': True}
2025-06-03 21:57:58,620 : EventManager : Event: ======'machine_var_audits_missing_switches_s_trough4'====== Args={'value': 5, 'prev_value': None, 'change': True}
2025-06-03 21:57:58,620 : EventManager : Event: ======'machine_var_audits_missing_switches_s_trough5'====== Args={'value': 4, 'prev_value': None, 'change': True}
2025-06-03 21:57:58,620 : EventManager : Event: ======'machine_var_audits_player_score'====== Args={'value': {'average': 0.0, 'top': [0, 0, 0, 0, 0, 0, 0, 0, 0, 0], 'total': 50}, 'prev_value': None, 'change': True}
2025-06-03 21:57:58,620 : EventManager : Event: ======'machine_var_audits_switches_s_drop_bank1'====== Args={'value': 140, 'prev_value': None, 'change': True}
2025-06-03 21:57:58,620 : EventManager : Event: ======'machine_var_audits_switches_s_left_flipper'====== Args={'value': 2280, 'prev_value': None, 'change': True}
2025-06-03 21:57:58,620 : EventManager : Event: ======'machine_var_audits_switches_s_left_inlane1'====== Args={'value': 1, 'prev_value': None, 'change': True}
2025-06-03 21:57:58,620 : EventManager : Event: ======'machine_var_audits_switches_s_left_inlane2'====== Args={'value': 1, 'prev_value': None, 'change': True}
2025-06-03 21:57:58,620 : EventManager : Event: ======'machine_var_audits_switches_s_left_outlane'====== Args={'value': 0, 'prev_value': None, 'change': True}
2025-06-03 21:57:58,620 : EventManager : Event: ======'machine_var_audits_switches_s_left_slingshot'====== Args={'value': 290, 'prev_value': None, 'change': True}
2025-06-03 21:57:58,620 : EventManager : Event: ======'machine_var_audits_switches_s_plunger'====== Args={'value': 5, 'prev_value': None, 'change': True}
2025-06-03 21:57:58,620 : EventManager : Event: ======'machine_var_audits_switches_s_pop1'====== Args={'value': 0, 'prev_value': None, 'change': True}
2025-06-03 21:57:58,621 : EventManager : Event: ======'machine_var_audits_switches_s_pop2'====== Args={'value': 0, 'prev_value': None, 'change': True}
2025-06-03 21:57:58,621 : EventManager : Event: ======'machine_var_audits_switches_s_pop3'====== Args={'value': 0, 'prev_value': None, 'change': True}
2025-06-03 21:57:58,621 : EventManager : Event: ======'machine_var_audits_switches_s_pop4'====== Args={'value': 1, 'prev_value': None, 'change': True}
2025-06-03 21:57:58,621 : EventManager : Event: ======'machine_var_audits_switches_s_pop5'====== Args={'value': 1, 'prev_value': None, 'change': True}
2025-06-03 21:57:58,621 : EventManager : Event: ======'machine_var_audits_switches_s_pop_bot'====== Args={'value': 426, 'prev_value': None, 'change': True}
2025-06-03 21:57:58,621 : EventManager : Event: ======'machine_var_audits_switches_s_pop_mid'====== Args={'value': 351, 'prev_value': None, 'change': True}
2025-06-03 21:57:58,621 : EventManager : Event: ======'machine_var_audits_switches_s_pop_top'====== Args={'value': 302, 'prev_value': None, 'change': True}
2025-06-03 21:57:58,621 : EventManager : Event: ======'machine_var_audits_switches_s_right_flipper'====== Args={'value': 2329, 'prev_value': None, 'change': True}
2025-06-03 21:57:58,621 : EventManager : Event: ======'machine_var_audits_switches_s_right_inlane'====== Args={'value': 57, 'prev_value': None, 'change': True}
2025-06-03 21:57:58,621 : EventManager : Event: ======'machine_var_audits_switches_s_right_outlane'====== Args={'value': 0, 'prev_value': None, 'change': True}
2025-06-03 21:57:58,621 : EventManager : Event: ======'machine_var_audits_switches_s_right_slingshot'====== Args={'value': 255, 'prev_value': None, 'change': True}
2025-06-03 21:57:58,621 : EventManager : Event: ======'machine_var_audits_switches_s_scoop_center'====== Args={'value': 1, 'prev_value': None, 'change': True}
2025-06-03 21:57:58,621 : EventManager : Event: ======'machine_var_audits_switches_s_scoop_lower'====== Args={'value': 220, 'prev_value': None, 'change': True}
2025-06-03 21:57:58,621 : EventManager : Event: ======'machine_var_audits_switches_s_scoop_right'====== Args={'value': 0, 'prev_value': None, 'change': True}
2025-06-03 21:57:58,621 : EventManager : Event: ======'machine_var_audits_switches_s_shooter_lane'====== Args={'value': 0, 'prev_value': None, 'change': True}
2025-06-03 21:57:58,621 : EventManager : Event: ======'machine_var_audits_switches_s_startButton'====== Args={'value': 34, 'prev_value': None, 'change': True}
2025-06-03 21:57:58,621 : EventManager : Event: ======'machine_var_audits_switches_s_trough1'====== Args={'value': 303, 'prev_value': None, 'change': True}
2025-06-03 21:57:58,621 : EventManager : Event: ======'machine_var_audits_switches_s_trough2'====== Args={'value': 1, 'prev_value': None, 'change': True}
2025-06-03 21:57:58,621 : EventManager : Event: ======'machine_var_audits_switches_s_trough3'====== Args={'value': 1, 'prev_value': None, 'change': True}
2025-06-03 21:57:58,621 : EventManager : Event: ======'machine_var_audits_switches_s_trough4'====== Args={'value': 1, 'prev_value': None, 'change': True}
2025-06-03 21:57:58,621 : EventManager : Event: ======'machine_var_audits_switches_s_trough5'====== Args={'value': 1, 'prev_value': None, 'change': True}
2025-06-03 21:57:58,621 : EventManager : Event: ======'machine_var_mc_version'====== Args={'value': 'MPF-MC v0.57.1', 'prev_value': None, 'change': True}
2025-06-03 21:57:58,621 : EventManager : Event: ======'machine_var_mc_extended_version'====== Args={'value': 'MPF-MC v0.57.1 (config_version=6, BCP v1.1,                      Requires MPF API compatibility v0.57.0 or newer)', 'prev_value': None, 'change': True}
2025-06-03 21:57:58,621 : EventManager : Event: ======'machine_var_credits_string'====== Args={'value': 'FREE PLAY', 'prev_value': None, 'change': True}
2025-06-03 21:57:58,621 : EventManager : Event: ======'machine_var_master_volume'====== Args={'value': 0.5, 'prev_value': None, 'change': True}
2025-06-03 21:57:58,621 : EventManager : Event: ======'machine_var_player1_score'====== Args={'value': 0, 'prev_value': None, 'change': True}
2025-06-03 21:57:58,621 : EventManager : Event: ======'machine_var_mpf_version'====== Args={'value': 'Mission Pinball Framework v0.57.3', 'prev_value': None, 'change': True}
2025-06-03 21:57:58,621 : EventManager : Event: ======'machine_var_mpf_extended_version'====== Args={'value': 'Mission Pinball Framework v0.57.3, Config version:6, Show version: 6, BCP version:1.1', 'prev_value': None, 'change': True}
2025-06-03 21:57:58,621 : EventManager : Event: ======'machine_var_python_version'====== Args={'value': '3.9.13', 'prev_value': None, 'change': True}
2025-06-03 21:57:58,621 : EventManager : Event: ======'machine_var_platform'====== Args={'value': 'macOS-14.6.1-arm64-arm-64bit', 'prev_value': None, 'change': True}
2025-06-03 21:57:58,621 : EventManager : Event: ======'machine_var_platform_system'====== Args={'value': 'Darwin', 'prev_value': None, 'change': True}
2025-06-03 21:57:58,621 : EventManager : Event: ======'machine_var_platform_release'====== Args={'value': '23.6.0', 'prev_value': None, 'change': True}
2025-06-03 21:57:58,621 : EventManager : Event: ======'machine_var_platform_version'====== Args={'value': 'Darwin Kernel Version 23.6.0: Mon Jul 29 21:14:30 PDT 2024; root:xnu-10063.141.2~1/RELEASE_ARM64_T6000', 'prev_value': None, 'change': True}
2025-06-03 21:57:58,621 : EventManager : Event: ======'machine_var_platform_machine'====== Args={'value': 'arm64', 'prev_value': None, 'change': True}
2025-06-03 21:57:58,621 : EventManager : Event: ======'machine_var_audits_events_game_ended'====== Args={'value': 50, 'prev_value': None, 'change': True}
2025-06-03 21:57:58,621 : EventManager : Event: ======'machine_var_audits_events_game_started'====== Args={'value': 94, 'prev_value': None, 'change': True}
2025-06-03 21:57:58,621 : EventManager : Event: ======'machine_var_audits_missing_switches_s_left_flipper'====== Args={'value': 4, 'prev_value': None, 'change': True}
2025-06-03 21:57:58,621 : EventManager : Event: ======'machine_var_audits_missing_switches_s_left_inlane1'====== Args={'value': 4, 'prev_value': None, 'change': True}
2025-06-03 21:57:58,621 : EventManager : Event: ======'machine_var_audits_missing_switches_s_left_inlane2'====== Args={'value': 4, 'prev_value': None, 'change': True}
2025-06-03 21:57:58,621 : EventManager : Event: ======'machine_var_audits_missing_switches_s_left_outlane'====== Args={'value': 5, 'prev_value': None, 'change': True}
2025-06-03 21:57:58,621 : EventManager : Event: ======'machine_var_audits_missing_switches_s_left_slingshot'====== Args={'value': 5, 'prev_value': None, 'change': True}
2025-06-03 21:57:58,621 : EventManager : Event: ======'machine_var_audits_missing_switches_s_pop1'====== Args={'value': 5, 'prev_value': None, 'change': True}
2025-06-03 21:57:58,621 : EventManager : Event: ======'machine_var_audits_missing_switches_s_pop2'====== Args={'value': 5, 'prev_value': None, 'change': True}
2025-06-03 21:57:58,621 : EventManager : Event: ======'machine_var_audits_missing_switches_s_pop3'====== Args={'value': 5, 'prev_value': None, 'change': True}
2025-06-03 21:57:58,621 : EventManager : Event: ======'machine_var_audits_missing_switches_s_pop4'====== Args={'value': 4, 'prev_value': None, 'change': True}
2025-06-03 21:57:58,621 : EventManager : Event: ======'machine_var_audits_missing_switches_s_pop5'====== Args={'value': 4, 'prev_value': None, 'change': True}
2025-06-03 21:57:58,621 : EventManager : Event: ======'machine_var_audits_missing_switches_s_right_flipper'====== Args={'value': 4, 'prev_value': None, 'change': True}
2025-06-03 21:57:58,621 : EventManager : Event: ======'machine_var_audits_missing_switches_s_right_inlane'====== Args={'value': 5, 'prev_value': None, 'change': True}
2025-06-03 21:57:58,621 : EventManager : Event: ======'machine_var_audits_missing_switches_s_right_outlane'====== Args={'value': 5, 'prev_value': None, 'change': True}
2025-06-03 21:57:58,621 : EventManager : Event: ======'machine_var_audits_missing_switches_s_right_slingshot'====== Args={'value': 5, 'prev_value': None, 'change': True}
2025-06-03 21:57:58,621 : EventManager : Event: ======'machine_var_audits_missing_switches_s_scoop_center'====== Args={'value': 4, 'prev_value': None, 'change': True}
2025-06-03 21:57:58,621 : EventManager : Event: ======'machine_var_audits_missing_switches_s_scoop_right'====== Args={'value': 5, 'prev_value': None, 'change': True}
2025-06-03 21:57:58,621 : EventManager : Event: ======'machine_var_audits_missing_switches_s_shooter_lane'====== Args={'value': 5, 'prev_value': None, 'change': True}
2025-06-03 21:57:58,621 : EventManager : Event: ======'machine_var_audits_missing_switches_s_startButton'====== Args={'value': 5, 'prev_value': None, 'change': True}
2025-06-03 21:57:58,621 : EventManager : Event: ======'machine_var_audits_missing_switches_s_trough1'====== Args={'value': 5, 'prev_value': None, 'change': True}
2025-06-03 21:57:58,622 : EventManager : Event: ======'machine_var_audits_missing_switches_s_trough2'====== Args={'value': 5, 'prev_value': None, 'change': True}
2025-06-03 21:57:58,622 : EventManager : Event: ======'machine_var_audits_missing_switches_s_trough3'====== Args={'value': 5, 'prev_value': None, 'change': True}
2025-06-03 21:57:58,622 : EventManager : Event: ======'machine_var_audits_missing_switches_s_trough4'====== Args={'value': 5, 'prev_value': None, 'change': True}
2025-06-03 21:57:58,622 : EventManager : Event: ======'machine_var_audits_missing_switches_s_trough5'====== Args={'value': 4, 'prev_value': None, 'change': True}
2025-06-03 21:57:58,622 : EventManager : Event: ======'machine_var_audits_player_score'====== Args={'value': {'average': 0.0, 'top': [0, 0, 0, 0, 0, 0, 0, 0, 0, 0], 'total': 50}, 'prev_value': None, 'change': True}
2025-06-03 21:57:58,622 : EventManager : Event: ======'machine_var_audits_switches_s_drop_bank1'====== Args={'value': 140, 'prev_value': None, 'change': True}
2025-06-03 21:57:58,622 : EventManager : Event: ======'machine_var_audits_switches_s_left_flipper'====== Args={'value': 2280, 'prev_value': None, 'change': True}
2025-06-03 21:57:58,622 : EventManager : Event: ======'machine_var_audits_switches_s_left_inlane1'====== Args={'value': 1, 'prev_value': None, 'change': True}
2025-06-03 21:57:58,622 : EventManager : Event: ======'machine_var_audits_switches_s_left_inlane2'====== Args={'value': 1, 'prev_value': None, 'change': True}
2025-06-03 21:57:58,622 : EventManager : Event: ======'machine_var_audits_switches_s_left_outlane'====== Args={'value': 0, 'prev_value': None, 'change': True}
2025-06-03 21:57:58,622 : EventManager : Event: ======'machine_var_audits_switches_s_left_slingshot'====== Args={'value': 290, 'prev_value': None, 'change': True}
2025-06-03 21:57:58,622 : EventManager : Event: ======'machine_var_audits_switches_s_plunger'====== Args={'value': 5, 'prev_value': None, 'change': True}
2025-06-03 21:57:58,622 : EventManager : Event: ======'machine_var_audits_switches_s_pop1'====== Args={'value': 0, 'prev_value': None, 'change': True}
2025-06-03 21:57:58,622 : EventManager : Event: ======'machine_var_audits_switches_s_pop2'====== Args={'value': 0, 'prev_value': None, 'change': True}
2025-06-03 21:57:58,622 : EventManager : Event: ======'machine_var_audits_switches_s_pop3'====== Args={'value': 0, 'prev_value': None, 'change': True}
2025-06-03 21:57:58,622 : EventManager : Event: ======'machine_var_audits_switches_s_pop4'====== Args={'value': 1, 'prev_value': None, 'change': True}
2025-06-03 21:57:58,622 : EventManager : Event: ======'machine_var_audits_switches_s_pop5'====== Args={'value': 1, 'prev_value': None, 'change': True}
2025-06-03 21:57:58,622 : EventManager : Event: ======'machine_var_audits_switches_s_pop_bot'====== Args={'value': 426, 'prev_value': None, 'change': True}
2025-06-03 21:57:58,622 : EventManager : Event: ======'machine_var_audits_switches_s_pop_mid'====== Args={'value': 351, 'prev_value': None, 'change': True}
2025-06-03 21:57:58,622 : EventManager : Event: ======'machine_var_audits_switches_s_pop_top'====== Args={'value': 302, 'prev_value': None, 'change': True}
2025-06-03 21:57:58,622 : EventManager : Event: ======'machine_var_audits_switches_s_right_flipper'====== Args={'value': 2329, 'prev_value': None, 'change': True}
2025-06-03 21:57:58,622 : EventManager : Event: ======'machine_var_audits_switches_s_right_inlane'====== Args={'value': 57, 'prev_value': None, 'change': True}
2025-06-03 21:57:58,622 : EventManager : Event: ======'machine_var_audits_switches_s_right_outlane'====== Args={'value': 0, 'prev_value': None, 'change': True}
2025-06-03 21:57:58,622 : EventManager : Event: ======'machine_var_audits_switches_s_right_slingshot'====== Args={'value': 255, 'prev_value': None, 'change': True}
2025-06-03 21:57:58,622 : EventManager : Event: ======'machine_var_audits_switches_s_scoop_center'====== Args={'value': 1, 'prev_value': None, 'change': True}
2025-06-03 21:57:58,622 : EventManager : Event: ======'machine_var_audits_switches_s_scoop_lower'====== Args={'value': 220, 'prev_value': None, 'change': True}
2025-06-03 21:57:58,622 : EventManager : Event: ======'machine_var_audits_switches_s_scoop_right'====== Args={'value': 0, 'prev_value': None, 'change': True}
2025-06-03 21:57:58,622 : EventManager : Event: ======'machine_var_audits_switches_s_shooter_lane'====== Args={'value': 0, 'prev_value': None, 'change': True}
2025-06-03 21:57:58,622 : EventManager : Event: ======'machine_var_audits_switches_s_startButton'====== Args={'value': 34, 'prev_value': None, 'change': True}
2025-06-03 21:57:58,622 : EventManager : Event: ======'machine_var_audits_switches_s_trough1'====== Args={'value': 303, 'prev_value': None, 'change': True}
2025-06-03 21:57:58,622 : EventManager : Event: ======'machine_var_audits_switches_s_trough2'====== Args={'value': 1, 'prev_value': None, 'change': True}
2025-06-03 21:57:58,622 : EventManager : Event: ======'machine_var_audits_switches_s_trough3'====== Args={'value': 1, 'prev_value': None, 'change': True}
2025-06-03 21:57:58,622 : EventManager : Event: ======'machine_var_audits_switches_s_trough4'====== Args={'value': 1, 'prev_value': None, 'change': True}
2025-06-03 21:57:58,622 : EventManager : Event: ======'machine_var_audits_switches_s_trough5'====== Args={'value': 1, 'prev_value': None, 'change': True}
2025-06-03 21:57:58,622 : EventManager : Event: ======'machine_var_mc_version'====== Args={'value': 'MPF-MC v0.57.1', 'prev_value': None, 'change': True}
2025-06-03 21:57:58,622 : EventManager : Event: ======'machine_var_mc_extended_version'====== Args={'value': 'MPF-MC v0.57.1 (config_version=6, BCP v1.1,                      Requires MPF API compatibility v0.57.0 or newer)', 'prev_value': None, 'change': True}
2025-06-03 21:57:58,622 : SoundSystem : Setting master volume to 0.5
2025-06-03 21:57:58,622 : SoundSystem : Setting master volume to 0.5
2025-06-03 21:57:58,622 : SoundSystem : Setting master volume to 0.5
2025-06-03 21:57:58,622 : SoundSystem : Setting master volume to 0.5
2025-06-03 21:57:58,623 : EventManager : Event: ======'slide_welcome_slide_active'====== Args={}
2025-06-03 21:57:58,624 : EventManager : Event: ======'slides_play'====== Args={'settings': {'attract_started': {'target': None, 'background_color': [0.0, 0.0, 0.0, 1.0], 'priority': None, 'show': True, 'force': False, 'expire': None, 'slide': None, 'tokens': {}, 'action': 'play'}}, 'context': '_global', 'calling_context': 'mode_attract_started', 'priority': 0}
2025-06-03 21:57:58,626 : EventManager : Event: ======'slide_attract_started_created'====== Args={}
2025-06-03 21:57:58,626 : EventManager : Event: ======'slide_attract_started_active'====== Args={}
2025-06-03 21:58:23,480 : EventManager : Event: ======'game_started'====== Args={}
2025-06-03 21:58:23,493 : EventManager : Event: ======'player_added'====== Args={'player': <Player 1>, 'num': 1}
2025-06-03 21:58:23,493 : EventManager : Event: ======'player_index'====== Args={'value': 0, 'prev_value': 0, 'change': 0, 'player_num': 1}
2025-06-03 21:58:23,493 : EventManager : Event: ======'player_number'====== Args={'value': 1, 'prev_value': 1, 'change': 0, 'player_num': 1}
2025-06-03 21:58:23,493 : EventManager : Event: ======'player_score'====== Args={'value': 0, 'prev_value': 0, 'change': 0, 'player_num': 1}
2025-06-03 21:58:23,506 : EventManager : Event: ======'player_ball'====== Args={'value': 1, 'prev_value': 0, 'change': 1, 'player_num': 1}
2025-06-03 21:58:23,506 : EventManager : Event: ======'player_turn_start'====== Args={'number': 1, 'player': <Player 1>}
2025-06-03 21:58:23,506 : EventManager : Event: ======'slides_play'====== Args={'settings': {'widgets': {'widgets': [{'type': 'image', 'image': 'af_background.jpg', 'z': 1, '_default_settings': ['type', 'image', 'z'], 'x': None, 'y': None, 'anchor_x': 'center', 'anchor_y': 'center', 'round_anchor_x': None, 'round_anchor_y': None, 'opacity': 1.0, 'reset_animations_events': {}, 'color': [1.0, 1.0, 1.0, 1.0], 'style': [], 'adjust_top': 0, 'adjust_bottom': 0, 'adjust_left': 0, 'adjust_right': 0, 'expire': None, 'key': None, 'widget': None, 'events_when_added': [], 'events_when_removed': [], 'fps': 10, 'loops': -1, 'auto_play': True, 'start_frame': 0, 'rotation': 0, 'scale': 1.0, 'animations': None}, {'type': 'text', 'text': '(score)', 'number_grouping': True, 'min_digits': 2, 'font_size': 100, 'z': 10, '_default_settings': ['type', 'text', 'number_grouping', 'min_digits', 'font_size', 'z'], 'x': None, 'y': None, 'anchor_x': 'center', 'anchor_y': 'center', 'round_anchor_x': None, 'round_anchor_y': None, 'opacity': 1.0, 'reset_animations_events': {}, 'color': [1.0, 1.0, 1.0, 1.0], 'style': [], 'adjust_top': 0, 'adjust_bottom': 0, 'adjust_left': 0, 'adjust_right': 0, 'expire': None, 'key': None, 'widget': None, 'events_when_added': [], 'events_when_removed': [], 'bitmap_font': False, 'font_kerning': True, 'bold': False, 'italic': False, 'halign': 'center', 'valign': 'middle', 'rotation': 0, 'scale': 1.0, 'casing': None, 'outline_color': [1.0, 1.0, 1.0, 1.0], 'outline_width': 0, 'animations': None}, {'type': 'text', 'text': 'PLAYER (number)', 'y': '10', 'x': '10', 'font_size': 50, 'anchor_x': 'left', 'anchor_y': 'bottom', 'z': 10, '_default_settings': ['type', 'text', 'y', 'x', 'font_size', 'anchor_x', 'anchor_y', 'z'], 'round_anchor_x': None, 'round_anchor_y': None, 'opacity': 1.0, 'reset_animations_events': {}, 'color': [1.0, 1.0, 1.0, 1.0], 'style': [], 'adjust_top': 0, 'adjust_bottom': 0, 'adjust_left': 0, 'adjust_right': 0, 'expire': None, 'key': None, 'widget': None, 'events_when_added': [], 'events_when_removed': [], 'bitmap_font': False, 'font_kerning': True, 'bold': False, 'italic': False, 'number_grouping': False, 'min_digits': 0, 'halign': 'center', 'valign': 'middle', 'rotation': 0, 'scale': 1.0, 'casing': None, 'outline_color': [1.0, 1.0, 1.0, 1.0], 'outline_width': 0, 'animations': None}, {'type': 'text', 'text': 'BALL (ball)', 'y': '10', 'x': 'right-10', 'anchor_x': 'right', 'anchor_y': 'bottom', 'font_size': 50, 'z': 10, '_default_settings': ['type', 'text', 'y', 'x', 'anchor_x', 'anchor_y', 'font_size', 'z'], 'round_anchor_x': None, 'round_anchor_y': None, 'opacity': 1.0, 'reset_animations_events': {}, 'color': [1.0, 1.0, 1.0, 1.0], 'style': [], 'adjust_top': 0, 'adjust_bottom': 0, 'adjust_left': 0, 'adjust_right': 0, 'expire': None, 'key': None, 'widget': None, 'events_when_added': [], 'events_when_removed': [], 'bitmap_font': False, 'font_kerning': True, 'bold': False, 'italic': False, 'number_grouping': False, 'min_digits': 0, 'halign': 'center', 'valign': 'middle', 'rotation': 0, 'scale': 1.0, 'casing': None, 'outline_color': [1.0, 1.0, 1.0, 1.0], 'outline_width': 0, 'animations': None}], 'target': None, 'background_color': [0.0, 0.0, 0.0, 1.0], 'priority': None, 'show': True, 'force': False, 'expire': None, 'slide': None, 'tokens': {}, 'action': 'play'}}, 'context': 'base', 'calling_context': 'mode_base_started', 'priority': 100, 'queue': '<QueuedEvent>', 'player': 1, 'ball': 1, 'balls_remaining': 2, 'is_extra_ball': False}
2025-06-03 21:58:23,506 : EventManager : Event: ======'slides_play'====== Args={'settings': {'widgets': {'widgets': [{'type': 'text', 'text': 'PLAYER (number) BALL (ball)', '_default_settings': ['type', 'text'], 'x': None, 'y': None, 'anchor_x': 'center', 'anchor_y': 'center', 'round_anchor_x': None, 'round_anchor_y': None, 'opacity': 1.0, 'z': 0, 'reset_animations_events': {}, 'color': [1.0, 1.0, 1.0, 1.0], 'style': [], 'adjust_top': 0, 'adjust_bottom': 0, 'adjust_left': 0, 'adjust_right': 0, 'expire': None, 'key': None, 'widget': None, 'events_when_added': [], 'events_when_removed': [], 'font_size': 15, 'bitmap_font': False, 'font_kerning': True, 'bold': False, 'italic': False, 'number_grouping': False, 'min_digits': 0, 'halign': 'center', 'valign': 'middle', 'rotation': 0, 'scale': 1.0, 'casing': None, 'outline_color': [1.0, 1.0, 1.0, 1.0], 'outline_width': 0, 'animations': None}], 'target': None, 'background_color': [0.0, 0.0, 0.0, 1.0], 'priority': None, 'show': True, 'force': False, 'expire': None, 'slide': None, 'tokens': {}, 'action': 'play'}}, 'context': '_global', 'calling_context': 'ball_started', 'priority': 0, 'player': 1, 'ball': 1, 'balls_remaining': 2, 'is_extra_ball': False}
2025-06-03 21:58:23,508 : kivy : Base: Leaving application in progress...
2025-06-03 21:58:23,508 : root : Exception while processing RegisteredHandler(callback=<bound method McConfigPlayer.play_from_trigger of McConfigPlayer.slides>, priority=1, kwargs={}, key=UUID('08a74213-8fd4-4a1c-83c4-7c612b86ef4a'), condition=None, blocking_facility=None) for event slides_play. Tried to use an image 'af_background.jpg' when the initial asset loading run has not yet been completed. Try to use 'init_done' as event to show your slides if you want to use images.
Traceback (most recent call last):
  File "/Library/Frameworks/Python.framework/Versions/3.9/lib/python3.9/site-packages/mpf/core/events.py", line 755, in _run_handlers
    result = handler.callback(**merged_kwargs)
  File "/Library/Frameworks/Python.framework/Versions/3.9/lib/python3.9/site-packages/mpfmc/core/mc_config_player.py", line 56, in play_from_trigger
    self.play(settings=settings, context=context, calling_context=calling_context, priority=priority, **kwargs)
  File "/Library/Frameworks/Python.framework/Versions/3.9/lib/python3.9/site-packages/mpfmc/config_players/slide_player.py", line 152, in play
    target.add_and_show_slide(key=full_context,
  File "/Library/Frameworks/Python.framework/Versions/3.9/lib/python3.9/site-packages/mpfmc/uix/display.py", line 432, in add_and_show_slide
    slide_obj = self.add_slide(name=slide_name,
  File "/Library/Frameworks/Python.framework/Versions/3.9/lib/python3.9/site-packages/mpfmc/uix/display.py", line 316, in add_slide
    return Slide(mc=self.mc, name=name, target=self.name,
  File "/Library/Frameworks/Python.framework/Versions/3.9/lib/python3.9/site-packages/mpfmc/uix/slide.py", line 68, in __init__
    widgets = create_widget_objects_from_config(
  File "/Library/Frameworks/Python.framework/Versions/3.9/lib/python3.9/site-packages/mpfmc/uix/widget.py", line 901, in create_widget_objects_from_config
    widget_obj = mc.widgets.type_map[widget['type']](
  File "/Library/Frameworks/Python.framework/Versions/3.9/lib/python3.9/site-packages/mpfmc/widgets/image.py", line 47, in __init__
    raise ValueError("Tried to use an image '{}' when the initial asset loading run has not yet been "
ValueError: Tried to use an image 'af_background.jpg' when the initial asset loading run has not yet been completed. Try to use 'init_done' as event to show your slides if you want to use images.

The above exception was the direct cause of the following exception:

Traceback (most recent call last):
  File "/Library/Frameworks/Python.framework/Versions/3.9/lib/python3.9/site-packages/mpfmc/commands/mc.py", line 215, in __init__
    MpfMc(options=vars(args),
  File "/Library/Frameworks/Python.framework/Versions/3.9/lib/python3.9/site-packages/kivy/app.py", line 956, in run
    runTouchApp()
  File "/Library/Frameworks/Python.framework/Versions/3.9/lib/python3.9/site-packages/kivy/base.py", line 574, in runTouchApp
    EventLoop.mainloop()
  File "/Library/Frameworks/Python.framework/Versions/3.9/lib/python3.9/site-packages/kivy/base.py", line 339, in mainloop
    self.idle()
  File "/Library/Frameworks/Python.framework/Versions/3.9/lib/python3.9/site-packages/kivy/base.py", line 379, in idle
    Clock.tick()
  File "/Library/Frameworks/Python.framework/Versions/3.9/lib/python3.9/site-packages/kivy/clock.py", line 733, in tick
    self.post_idle(ts, self.idle())
  File "/Library/Frameworks/Python.framework/Versions/3.9/lib/python3.9/site-packages/kivy/clock.py", line 776, in post_idle
    self._process_events()
  File "kivy/_clock.pyx", line 620, in kivy._clock.CyClockBase._process_events
  File "kivy/_clock.pyx", line 653, in kivy._clock.CyClockBase._process_events
  File "kivy/_clock.pyx", line 649, in kivy._clock.CyClockBase._process_events
  File "kivy/_clock.pyx", line 218, in kivy._clock.ClockEvent.tick
  File "/Library/Frameworks/Python.framework/Versions/3.9/lib/python3.9/site-packages/mpfmc/core/mc.py", line 570, in tick
    self.events.process_event_queue()
  File "/Library/Frameworks/Python.framework/Versions/3.9/lib/python3.9/site-packages/mpf/core/events.py", line 846, in process_event_queue
    self._process_event(event=event[0],
  File "/Library/Frameworks/Python.framework/Versions/3.9/lib/python3.9/site-packages/mpf/core/events.py", line 808, in _process_event
    result = self._run_handlers(event, ev_type, kwargs)
  File "/Library/Frameworks/Python.framework/Versions/3.9/lib/python3.9/site-packages/mpf/core/events.py", line 757, in _run_handlers
    raise EventHandlerException(
mpf.core.events.EventHandlerException: Exception while processing RegisteredHandler(callback=<bound method McConfigPlayer.play_from_trigger of McConfigPlayer.slides>, priority=1, kwargs={}, key=UUID('08a74213-8fd4-4a1c-83c4-7c612b86ef4a'), condition=None, blocking_facility=None) for event slides_play. Tried to use an image 'af_background.jpg' when the initial asset loading run has not yet been completed. Try to use 'init_done' as event to show your slides if you want to use images.
2025-06-03 21:58:23,510 : root : Stopping child threads... (3 remaining)
2025-06-03 21:58:23,719 : mpfmc : Stopping...
2025-06-03 21:58:23,720 : EventManager : Event: ======'shutdown'====== Args={}
2025-06-03 21:58:23,720 : AudioInterface : Disabling audio playback
2025-06-03 21:58:23,793 : MPF-MC BCP Server : Stopping BCP sending thread
2025-06-03 21:58:23,794 : mpfmc : Loop rate 74.01 Hz
2025-06-03 21:58:24,318 : root : All child threads stopped.
