2025-06-26 12:06:19,006 : kivy : deps: Successfully imported "kivy_deps.gstreamer" 0.3.3
2025-06-26 12:06:19,006 : kivy : deps: Successfully imported "kivy_deps.angle" 0.3.3
2025-06-26 12:06:19,006 : kivy : deps: Successfully imported "kivy_deps.glew" 0.3.1
2025-06-26 12:06:19,006 : kivy : deps: Successfully imported "kivy_deps.sdl2" 0.6.0
2025-06-26 12:06:19,006 : kivy : Kivy: v2.2.1
2025-06-26 12:06:19,006 : kivy : Kivy: Installed at "C:\Users\ruben\AppData\Local\Programs\Python\Python39\lib\site-packages\kivy\__init__.py"
2025-06-26 12:06:19,006 : kivy : Python: v3.9.13 (tags/v3.9.13:6de2ca5, May 17 2022, 16:36:42) [MSC v.1929 64 bit (AMD64)]
2025-06-26 12:06:19,006 : kivy : Python: Interpreter at "C:\Users\ruben\AppData\Local\Programs\Python\Python39\python.exe"
2025-06-26 12:06:19,055 : kivy : Factory: 190 symbols loaded
2025-06-26 12:06:19,327 : kivy : ImageLoaderFFPy: Using ffpyplayer 4.5.1
2025-06-26 12:06:19,327 : kivy : Image: Providers: img_tex, img_dds, img_sdl2, img_pil, img_ffpyplayer 
2025-06-26 12:06:19,611 : kivy : VideoGstplayer: Using Gstreamer 1.18.5.0
2025-06-26 12:06:19,611 : kivy : Video: Provider: gstplayer
2025-06-26 12:06:19,662 : root : Loading MPF-MC controller
2025-06-26 12:06:19,686 : YamlMultifileConfigLoader : Machine config file #1: config
2025-06-26 12:06:19,686 : ConfigProcessor : Config file in cache changed: C:\pinball\my_machine\config\config
2025-06-26 12:06:19,687 : ConfigProcessor : Loading config from file C:\Users\ruben\AppData\Local\Programs\Python\Python39\lib\site-packages\mpfmc\mcconfig.yaml.
2025-06-26 12:06:19,700 : ConfigProcessor : Loading config: C:\Users\ruben\AppData\Local\Programs\Python\Python39\lib\site-packages\mpfmc\mcconfig.yaml
2025-06-26 12:06:19,700 : ConfigProcessor : Loading config from file C:\pinball\my_machine\config\config.
2025-06-26 12:06:19,701 : ConfigProcessor : Loading config: C:\pinball\my_machine\config\config
2025-06-26 12:06:19,702 : ConfigProcessor : Loading config: C:\pinball\my_machine\config\hardware.yaml
2025-06-26 12:06:19,705 : ConfigProcessor : Loading config: C:\pinball\my_machine\config\switches.yaml
2025-06-26 12:06:19,708 : ConfigProcessor : Loading config: C:\pinball\my_machine\config\coils.yaml
2025-06-26 12:06:19,710 : ConfigProcessor : Loading config: C:\pinball\my_machine\config\lights.yaml
2025-06-26 12:06:19,713 : ConfigProcessor : Loading config: C:\pinball\my_machine\config\devices.yaml
2025-06-26 12:06:19,714 : ConfigProcessor : Loading config: C:\pinball\my_machine\config\images.yaml
2025-06-26 12:06:19,716 : ConfigProcessor : Loading config: C:\pinball\my_machine\config\displays.yaml
2025-06-26 12:06:19,718 : ConfigProcessor : Loading config: C:\pinball\my_machine\config\slides.yaml
2025-06-26 12:06:19,720 : ConfigProcessor : Config file cache created: C:\Users\ruben\AppData\Local\Temp\abbaf7ebf6530f7229115378792f7a93.mpf_cache
2025-06-26 12:06:19,721 : ConfigProcessor : Loading config from cache: C:\Users\ruben\AppData\Local\Temp\de22d214a8e6fb7753c0be2dfb8deb7c.mpf_cache
2025-06-26 12:06:19,722 : ConfigProcessor : Loading config from cache: C:\Users\ruben\AppData\Local\Temp\76bc62f652ae2965f03127125af6e953.mpf_cache
2025-06-26 12:06:19,723 : ConfigProcessor : Loading config from cache: C:\Users\ruben\AppData\Local\Temp\195f66f1d07408d279921a878741edf5.mpf_cache
2025-06-26 12:06:19,724 : ConfigProcessor : Loading config from cache: C:\Users\ruben\AppData\Local\Temp\de22d214a8e6fb7753c0be2dfb8deb7c.mpf_cache
2025-06-26 12:06:19,725 : mpfmc : Mission Pinball Framework Media Controller (MPF-MC) v0.57.1. Requires MPF v0.57.0 or newer.
2025-06-26 12:06:19,725 : mpfmc : Found MPF v0.57.3
2025-06-26 12:06:19,725 : mpfmc : Machine path: C:\pinball\my_machine
2025-06-26 12:06:19,725 : mpfmc : Starting clock at 60.0Hz
2025-06-26 12:06:19,746 : kivy : Text: Provider: sdl2
2025-06-26 12:06:19,816 : kivy : Window: Provider: sdl2
2025-06-26 12:06:21,024 : kivy : GL: Using the "OpenGL" graphics system
2025-06-26 12:06:21,032 : kivy : GL: GLEW initialization succeeded
2025-06-26 12:06:21,034 : kivy : GL: Backend used <glew>
2025-06-26 12:06:21,035 : kivy : GL: OpenGL version <b'4.5.0 NVIDIA 376.54'>
2025-06-26 12:06:21,035 : kivy : GL: OpenGL vendor <b'NVIDIA Corporation'>
2025-06-26 12:06:21,035 : kivy : GL: OpenGL renderer <b'GeForce GT 630M/PCIe/SSE2'>
2025-06-26 12:06:21,035 : kivy : GL: OpenGL parsed version: 4, 5
2025-06-26 12:06:21,036 : kivy : GL: Shading version <b'4.50 NVIDIA'>
2025-06-26 12:06:21,036 : kivy : GL: Texture max size <16384>
2025-06-26 12:06:21,036 : kivy : GL: Texture max units <32>
2025-06-26 12:06:21,062 : kivy : Window: auto add sdl2 input provider
2025-06-26 12:06:21,062 : kivy : Window: virtual keyboard not allowed, single mode, not docked
2025-06-26 12:06:21,076 : SoundSystem : SoundSystem: Using default 'sound_system' settings
2025-06-26 12:06:21,718 : AudioInterface : Initialized
2025-06-26 12:06:21,718 : AudioInterface : Loaded SDL 2.26.4
2025-06-26 12:06:21,718 : AudioInterface : Loaded SDL_Mixer 2.6.3
2025-06-26 12:06:21,718 : AudioInterface : Loaded GStreamer 1.18.5.0
2025-06-26 12:06:21,718 : AudioInterface : Loaded GLib 2.62.6
2025-06-26 12:06:21,718 : AudioInterface : Settings requested - rate: 44100, channels: 1, buffer: 2048 samples
2025-06-26 12:06:21,718 : AudioInterface : Settings in use - rate: 44100, channels: 1, buffer: 2048 samples (4096 bytes @ 2 bytes per sample)
2025-06-26 12:06:21,718 : SoundSystem : No audio tracks are specified in your machine config file. a track named 'default' has been created.
2025-06-26 12:06:21,719 : SoundSystem : Setting master volume to 0.0
2025-06-26 12:06:21,719 : AudioInterface : Enabling audio playback
2025-06-26 12:06:21,722 : kivy : Base: Start application main loop
2025-06-26 12:06:21,723 : EventManager : Event: ======'display_window_initialized'====== Args={}
2025-06-26 12:06:21,736 : mpfmc : Display: Setting 'window' as default display
2025-06-26 12:06:21,749 : EventManager : Event: ======'displays_initialized'====== Args={}
2025-06-26 12:06:21,751 : EventManager : Event: ======'slide_window_blank_created'====== Args={}
2025-06-26 12:06:21,751 : EventManager : Event: ======'display_window_ready'====== Args={}
2025-06-26 12:06:21,780 : EventManager : Event: ======'init_phase_1'====== Args={}
2025-06-26 12:06:21,793 : EventManager : Event: ======'mc_ready'====== Args={}
2025-06-26 12:06:21,793 : EventManager : Event: ======'init_phase_2'====== Args={}
2025-06-26 12:06:21,799 : EventManager : Event: ======'init_phase_3'====== Args={}
2025-06-26 12:06:21,802 : EventManager : Event: ======'init_phase_4'====== Args={}
2025-06-26 12:06:21,802 : EventManager : Event: ======'init_phase_5'====== Args={}
2025-06-26 12:06:21,904 : EventManager : Event: ======'loading_assets'====== Args={'total': 1, 'loaded': 1, 'remaining': 0, 'percent': 100}
2025-06-26 12:06:21,904 : AssetManager : Asset loading took: 0.18488430976867676
2025-06-26 12:06:21,905 : EventManager : Event: ======'asset_loading_complete'====== Args={}
2025-06-26 12:06:21,905 : AssetManager : Loading assets: 1/1 (100%)
2025-06-26 12:06:21,905 : EventManager : Event: ======'init_done'====== Args={}
2025-06-26 12:06:21,905 : MPF-MC BCP Server : Starting up on localhost port 5050
2025-06-26 12:06:21,911 : MPF-MC BCP Server : Waiting for a connection...
2025-06-26 12:06:21,913 : EventManager : Event: ======'client_disconnected'====== Args={'host': '127.0.0.1', 'port': 5050}
2025-06-26 12:08:38,432 : kivy : Base: Leaving application in progress...
