2025-06-29 08:32:40,241 : kivy : deps: Successfully imported "kivy_deps.gstreamer" 0.3.3
2025-06-29 08:32:40,241 : kivy : deps: Successfully imported "kivy_deps.angle" 0.3.3
2025-06-29 08:32:40,241 : kivy : deps: Successfully imported "kivy_deps.glew" 0.3.1
2025-06-29 08:32:40,241 : kivy : deps: Successfully imported "kivy_deps.sdl2" 0.6.0
2025-06-29 08:32:40,241 : kivy : Kivy: v2.2.1
2025-06-29 08:32:40,241 : kivy : Kivy: Installed at "C:\Users\ruben\AppData\Local\Programs\Python\Python39\lib\site-packages\kivy\__init__.py"
2025-06-29 08:32:40,241 : kivy : Python: v3.9.13 (tags/v3.9.13:6de2ca5, May 17 2022, 16:36:42) [MSC v.1929 64 bit (AMD64)]
2025-06-29 08:32:40,241 : kivy : Python: Interpreter at "C:\Users\ruben\AppData\Local\Programs\Python\Python39\python.exe"
2025-06-29 08:32:40,258 : kivy : Factory: 190 symbols loaded
2025-06-29 08:32:40,559 : kivy : ImageLoaderFFPy: Using ffpyplayer 4.5.1
2025-06-29 08:32:40,559 : kivy : Image: Providers: img_tex, img_dds, img_sdl2, img_pil, img_ffpyplayer 
2025-06-29 08:32:40,856 : kivy : VideoGstplayer: Using Gstreamer 1.18.5.0
2025-06-29 08:32:40,856 : kivy : Video: Provider: gstplayer
2025-06-29 08:32:40,903 : root : Loading MPF-MC controller
2025-06-29 08:32:40,926 : YamlMultifileConfigLoader : Machine config file #1: config
2025-06-29 08:32:40,927 : ConfigProcessor : Config file in cache changed: C:\pinball\my_machine\config\config
2025-06-29 08:32:40,927 : ConfigProcessor : Loading config from file C:\Users\ruben\AppData\Local\Programs\Python\Python39\lib\site-packages\mpfmc\mcconfig.yaml.
2025-06-29 08:32:40,942 : ConfigProcessor : Loading config: C:\Users\ruben\AppData\Local\Programs\Python\Python39\lib\site-packages\mpfmc\mcconfig.yaml
2025-06-29 08:32:40,943 : ConfigProcessor : Loading config from file C:\pinball\my_machine\config\config.
2025-06-29 08:32:40,944 : ConfigProcessor : Loading config: C:\pinball\my_machine\config\config
2025-06-29 08:32:40,945 : ConfigProcessor : Loading config: C:\pinball\my_machine\config\hardware.yaml
2025-06-29 08:32:40,947 : ConfigProcessor : Loading config: C:\pinball\my_machine\config\switches.yaml
2025-06-29 08:32:40,950 : ConfigProcessor : Loading config: C:\pinball\my_machine\config\coils.yaml
2025-06-29 08:32:40,958 : ConfigProcessor : Loading config: C:\pinball\my_machine\config\lights.yaml
2025-06-29 08:32:40,961 : ConfigProcessor : Loading config: C:\pinball\my_machine\config\devices.yaml
2025-06-29 08:32:40,963 : ConfigProcessor : Loading config: C:\pinball\my_machine\config\images.yaml
2025-06-29 08:32:40,964 : ConfigProcessor : Loading config: C:\pinball\my_machine\config\displays.yaml
2025-06-29 08:32:40,967 : ConfigProcessor : Loading config: C:\pinball\my_machine\config\slides.yaml
2025-06-29 08:32:40,970 : ConfigProcessor : Config file cache created: C:\Users\ruben\AppData\Local\Temp\abbaf7ebf6530f7229115378792f7a93.mpf_cache
2025-06-29 08:32:40,971 : ConfigProcessor : Loading config from cache: C:\Users\ruben\AppData\Local\Temp\de22d214a8e6fb7753c0be2dfb8deb7c.mpf_cache
2025-06-29 08:32:40,973 : ConfigProcessor : Loading config from cache: C:\Users\ruben\AppData\Local\Temp\76bc62f652ae2965f03127125af6e953.mpf_cache
2025-06-29 08:32:40,973 : ConfigProcessor : Loading config from cache: C:\Users\ruben\AppData\Local\Temp\195f66f1d07408d279921a878741edf5.mpf_cache
2025-06-29 08:32:40,974 : ConfigProcessor : Loading config from cache: C:\Users\ruben\AppData\Local\Temp\de22d214a8e6fb7753c0be2dfb8deb7c.mpf_cache
2025-06-29 08:32:40,975 : mpfmc : Mission Pinball Framework Media Controller (MPF-MC) v0.57.1. Requires MPF v0.57.0 or newer.
2025-06-29 08:32:40,975 : mpfmc : Found MPF v0.57.3
2025-06-29 08:32:40,975 : mpfmc : Machine path: C:\pinball\my_machine
2025-06-29 08:32:40,976 : mpfmc : Starting clock at 60.0Hz
2025-06-29 08:32:40,998 : kivy : Text: Provider: sdl2
2025-06-29 08:32:41,069 : kivy : Window: Provider: sdl2
2025-06-29 08:32:42,243 : kivy : GL: Using the "OpenGL" graphics system
2025-06-29 08:32:42,250 : kivy : GL: GLEW initialization succeeded
2025-06-29 08:32:42,251 : kivy : GL: Backend used <glew>
2025-06-29 08:32:42,251 : kivy : GL: OpenGL version <b'4.5.0 NVIDIA 376.54'>
2025-06-29 08:32:42,251 : kivy : GL: OpenGL vendor <b'NVIDIA Corporation'>
2025-06-29 08:32:42,251 : kivy : GL: OpenGL renderer <b'GeForce GT 630M/PCIe/SSE2'>
2025-06-29 08:32:42,251 : kivy : GL: OpenGL parsed version: 4, 5
2025-06-29 08:32:42,251 : kivy : GL: Shading version <b'4.50 NVIDIA'>
2025-06-29 08:32:42,251 : kivy : GL: Texture max size <16384>
2025-06-29 08:32:42,251 : kivy : GL: Texture max units <32>
2025-06-29 08:32:42,275 : kivy : Window: auto add sdl2 input provider
2025-06-29 08:32:42,275 : kivy : Window: virtual keyboard not allowed, single mode, not docked
2025-06-29 08:32:42,290 : SoundSystem : SoundSystem: Using default 'sound_system' settings
2025-06-29 08:32:42,967 : AudioInterface : Initialized
2025-06-29 08:32:42,967 : AudioInterface : Loaded SDL 2.26.4
2025-06-29 08:32:42,967 : AudioInterface : Loaded SDL_Mixer 2.6.3
2025-06-29 08:32:42,968 : AudioInterface : Loaded GStreamer 1.18.5.0
2025-06-29 08:32:42,968 : AudioInterface : Loaded GLib 2.62.6
2025-06-29 08:32:42,968 : AudioInterface : Settings requested - rate: 44100, channels: 1, buffer: 2048 samples
2025-06-29 08:32:42,968 : AudioInterface : Settings in use - rate: 44100, channels: 1, buffer: 2048 samples (4096 bytes @ 2 bytes per sample)
2025-06-29 08:32:42,968 : SoundSystem : No audio tracks are specified in your machine config file. a track named 'default' has been created.
2025-06-29 08:32:42,968 : SoundSystem : Setting master volume to 0.0
2025-06-29 08:32:42,969 : AudioInterface : Enabling audio playback
2025-06-29 08:32:42,973 : kivy : Base: Start application main loop
2025-06-29 08:32:42,973 : EventManager : Event: ======'display_window_initialized'====== Args={}
2025-06-29 08:32:42,990 : mpfmc : Display: Setting 'window' as default display
2025-06-29 08:32:43,003 : EventManager : Event: ======'displays_initialized'====== Args={}
2025-06-29 08:32:43,005 : EventManager : Event: ======'slide_window_blank_created'====== Args={}
2025-06-29 08:32:43,006 : EventManager : Event: ======'display_window_ready'====== Args={}
2025-06-29 08:32:43,036 : EventManager : Event: ======'init_phase_1'====== Args={}
2025-06-29 08:32:43,048 : EventManager : Event: ======'mc_ready'====== Args={}
2025-06-29 08:32:43,049 : EventManager : Event: ======'init_phase_2'====== Args={}
2025-06-29 08:32:43,056 : EventManager : Event: ======'init_phase_3'====== Args={}
2025-06-29 08:32:43,058 : EventManager : Event: ======'init_phase_4'====== Args={}
2025-06-29 08:32:43,059 : EventManager : Event: ======'init_phase_5'====== Args={}
2025-06-29 08:32:43,168 : EventManager : Event: ======'loading_assets'====== Args={'total': 1, 'loaded': 1, 'remaining': 0, 'percent': 100}
2025-06-29 08:32:43,169 : AssetManager : Asset loading took: 0.19887781143188477
2025-06-29 08:32:43,169 : EventManager : Event: ======'asset_loading_complete'====== Args={}
2025-06-29 08:32:43,169 : AssetManager : Loading assets: 1/1 (100%)
2025-06-29 08:32:43,169 : EventManager : Event: ======'init_done'====== Args={}
2025-06-29 08:32:43,169 : MPF-MC BCP Server : Starting up on localhost port 5050
2025-06-29 08:32:43,176 : MPF-MC BCP Server : Waiting for a connection...
2025-06-29 08:32:43,178 : EventManager : Event: ======'client_disconnected'====== Args={'host': '127.0.0.1', 'port': 5050}
2025-06-29 08:32:43,987 : kivy : Base: Leaving application in progress...
2025-06-29 08:32:43,987 : mpfmc : Stopping...
2025-06-29 08:32:43,987 : EventManager : Event: ======'shutdown'====== Args={}
2025-06-29 08:32:43,987 : AudioInterface : Disabling audio playback
2025-06-29 08:32:44,135 : mpfmc : Loop rate 55.04 Hz
2025-06-29 08:32:44,136 : root : MC run loop ended.
2025-06-29 08:32:44,136 : root : Stopping child threads... (2 remaining)
2025-06-29 08:32:44,177 : MPF-MC BCP Server : Stopping BCP sending thread
2025-06-29 08:32:44,178 : MPF-MC BCP Server : Stopping BCP listener thread
2025-06-29 08:32:44,237 : root : All child threads stopped.
