2025-06-29 19:48:13,416 : INFO : root : Loading config.
2025-06-29 19:48:13,418 : INFO : YamlMultifileConfigLoader : Machine config file #1: config.yaml
2025-06-29 19:48:13,418 : INFO : ConfigProcessor : Loading config from cache: /var/folders/9g/7xjb17l959g1fnq4pjl5c5p80000gn/T/1941ac2cbc7f60a15b77e866ee64bff5.mpf_cache
2025-06-29 19:48:13,438 : INFO : ConfigProcessor : Loading config from cache: /var/folders/9g/7xjb17l959g1fnq4pjl5c5p80000gn/T/f574f59b1e0fcbb2258348220f26b9cc.mpf_cache
2025-06-29 19:48:13,438 : INFO : ConfigProcessor : Loading config from cache: /var/folders/9g/7xjb17l959g1fnq4pjl5c5p80000gn/T/edcc5f1d3215b377c9faab88c62e4ce0.mpf_cache
2025-06-29 19:48:13,438 : INFO : ConfigProcessor : Loading config from cache: /var/folders/9g/7xjb17l959g1fnq4pjl5c5p80000gn/T/174d451d321a0971202b746018364536.mpf_cache
2025-06-29 19:48:13,439 : INFO : ConfigProcessor : Loading config from cache: /var/folders/9g/7xjb17l959g1fnq4pjl5c5p80000gn/T/f574f59b1e0fcbb2258348220f26b9cc.mpf_cache
2025-06-29 19:48:13,439 : INFO : ConfigProcessor : Loading config from cache: /var/folders/9g/7xjb17l959g1fnq4pjl5c5p80000gn/T/b7f2db862b63bd340d405ba399073bac.mpf_cache
2025-06-29 19:48:13,439 : INFO : Machine : Mission Pinball Framework Core Engine v0.57.3
2025-06-29 19:48:13,439 : INFO : Machine : Command line arguments: {'no_load_cache': False, 'create_config_cache': True, 'bcp': True, 'configfile': ['config.yaml'], 'force_assets_load': False, 'platform_integration_test': False, 'jsonlogging': False, 'logfile': 'logs/2025-06-29-19-48-13-mpf-macbookpro-1.home.log', 'pause': False, 'production': False, 'text_ui': True, 'loglevel': 15, 'consoleloglevel': 20, 'force_platform': 'smart_virtual', 'syslog_address': None, 'mc_file_name': None, 'no_sound': False}
2025-06-29 19:48:13,439 : INFO : Machine : MPF path: /Library/Frameworks/Python.framework/Versions/3.9/lib/python3.9/site-packages/mpf
2025-06-29 19:48:13,439 : INFO : Machine : Machine path: /Users/ruben/Pinball/mpf-pinball
2025-06-29 19:48:13,439 : INFO : Machine : Platform: darwin
2025-06-29 19:48:13,439 : INFO : Machine : Python executable location: /Library/Frameworks/Python.framework/Versions/3.9/bin/python3.9
2025-06-29 19:48:13,439 : INFO : Machine : Python version: 3.9.13 (64-bit)
2025-06-29 19:48:13,440 : INFO : Machine : Initializing MPF...
2025-06-29 19:48:13,457 : INFO : EventManager : Event: ======'machine_var_credits_string'====== Args={'value': 'FREE PLAY', 'prev_value': None, 'change': True}
2025-06-29 19:48:13,472 : INFO : EventManager : Event: ======'machine_var_master_volume'====== Args={'value': 0.5, 'prev_value': None, 'change': True}
2025-06-29 19:48:13,472 : INFO : EventManager : Event: ======'machine_var_player1_score'====== Args={'value': 0, 'prev_value': None, 'change': True}
2025-06-29 19:48:13,472 : INFO : EventManager : Event: ======'machine_var_mpf_version'====== Args={'value': 'Mission Pinball Framework v0.57.3', 'prev_value': None, 'change': True}
2025-06-29 19:48:13,472 : INFO : EventManager : Event: ======'machine_var_mpf_extended_version'====== Args={'value': 'Mission Pinball Framework v0.57.3, Config version:6, Show version: 6, BCP version:1.1', 'prev_value': None, 'change': True}
2025-06-29 19:48:13,472 : INFO : EventManager : Event: ======'machine_var_python_version'====== Args={'value': '3.9.13', 'prev_value': None, 'change': True}
2025-06-29 19:48:13,480 : INFO : EventManager : Event: ======'machine_var_platform'====== Args={'value': 'macOS-15.5-arm64-arm-64bit', 'prev_value': None, 'change': True}
2025-06-29 19:48:13,480 : INFO : EventManager : Event: ======'machine_var_platform_system'====== Args={'value': 'Darwin', 'prev_value': None, 'change': True}
2025-06-29 19:48:13,480 : INFO : EventManager : Event: ======'machine_var_platform_release'====== Args={'value': '24.5.0', 'prev_value': None, 'change': True}
2025-06-29 19:48:13,480 : INFO : EventManager : Event: ======'machine_var_platform_version'====== Args={'value': 'Darwin Kernel Version 24.5.0: Tue Apr 22 19:54:49 PDT 2025; root:xnu-11417.121.6~2/RELEASE_ARM64_T6000', 'prev_value': None, 'change': True}
2025-06-29 19:48:13,480 : INFO : EventManager : Event: ======'machine_var_platform_machine'====== Args={'value': 'arm64', 'prev_value': None, 'change': True}
2025-06-29 19:48:13,481 : INFO : EventManager : Event: ======'init_phase_1'====== Args={}
2025-06-29 19:48:13,490 : ERROR : asyncio : Task exception was never retrieved
future: <Task finished name='Task-36' coro=<SystemWideDevice.device_added_system_wide() done, defined at /Library/Frameworks/Python.framework/Versions/3.9/lib/python3.9/site-packages/mpf/core/system_wide_device.py:15> exception=ConfigFileError("Type rgb does not match channels [{'number': '1-0-34', 'subtype': 'gi', 'platform': None, 'platform_settings': {}}] for light led_gi_left_ball_guide_2")>
Traceback (most recent call last):
  File "/Library/Frameworks/Python.framework/Versions/3.9/lib/python3.9/site-packages/mpf/core/system_wide_device.py", line 17, in device_added_system_wide
    await self._initialize()
  File "/Library/Frameworks/Python.framework/Versions/3.9/lib/python3.9/site-packages/mpf/devices/light.py", line 315, in _initialize
    self._load_hw_drivers()
  File "/Library/Frameworks/Python.framework/Versions/3.9/lib/python3.9/site-packages/mpf/devices/light.py", line 248, in _load_hw_drivers
    channels = self._map_channels_to_colors(channel_list)
  File "/Library/Frameworks/Python.framework/Versions/3.9/lib/python3.9/site-packages/mpf/devices/light.py", line 156, in _map_channels_to_colors
    self.raise_config_error("Type {} does not match channels {} for light {}".format(
  File "/Library/Frameworks/Python.framework/Versions/3.9/lib/python3.9/site-packages/mpf/core/logging.py", line 174, in raise_config_error
    raise ConfigFileError(msg, error_no, self.log.name if self.log else "", context, self._url_base) \
mpf.exceptions.config_file_error.ConfigFileError: Config File Error in light.led_gi_left_ball_guide_2: Type rgb does not match channels [{'number': '1-0-34', 'subtype': 'gi', 'platform': None, 'platform_settings': {}}] for light led_gi_left_ball_guide_2 Error Code: CFE-light-12 (https://missionpinball.org/logs)
2025-06-29 19:48:13,491 : ERROR : asyncio : Task exception was never retrieved
future: <Task finished name='Task-37' coro=<SystemWideDevice.device_added_system_wide() done, defined at /Library/Frameworks/Python.framework/Versions/3.9/lib/python3.9/site-packages/mpf/core/system_wide_device.py:15> exception=ConfigFileError("Type rgb does not match channels [{'number': '1-0-35', 'subtype': 'gi', 'platform': None, 'platform_settings': {}}] for light led_gi_left_ball_guide_3")>
Traceback (most recent call last):
  File "/Library/Frameworks/Python.framework/Versions/3.9/lib/python3.9/site-packages/mpf/core/system_wide_device.py", line 17, in device_added_system_wide
    await self._initialize()
  File "/Library/Frameworks/Python.framework/Versions/3.9/lib/python3.9/site-packages/mpf/devices/light.py", line 315, in _initialize
    self._load_hw_drivers()
  File "/Library/Frameworks/Python.framework/Versions/3.9/lib/python3.9/site-packages/mpf/devices/light.py", line 248, in _load_hw_drivers
    channels = self._map_channels_to_colors(channel_list)
  File "/Library/Frameworks/Python.framework/Versions/3.9/lib/python3.9/site-packages/mpf/devices/light.py", line 156, in _map_channels_to_colors
    self.raise_config_error("Type {} does not match channels {} for light {}".format(
  File "/Library/Frameworks/Python.framework/Versions/3.9/lib/python3.9/site-packages/mpf/core/logging.py", line 174, in raise_config_error
    raise ConfigFileError(msg, error_no, self.log.name if self.log else "", context, self._url_base) \
mpf.exceptions.config_file_error.ConfigFileError: Config File Error in light.led_gi_left_ball_guide_3: Type rgb does not match channels [{'number': '1-0-35', 'subtype': 'gi', 'platform': None, 'platform_settings': {}}] for light led_gi_left_ball_guide_3 Error Code: CFE-light-12 (https://missionpinball.org/logs)
2025-06-29 19:48:13,491 : ERROR : asyncio : Task exception was never retrieved
future: <Task finished name='Task-38' coro=<SystemWideDevice.device_added_system_wide() done, defined at /Library/Frameworks/Python.framework/Versions/3.9/lib/python3.9/site-packages/mpf/core/system_wide_device.py:15> exception=ConfigFileError("Type rgb does not match channels [{'number': '1-0-3', 'subtype': 'gi', 'platform': None, 'platform_settings': {}}] for light led_gi_right_ball_guide_1")>
Traceback (most recent call last):
  File "/Library/Frameworks/Python.framework/Versions/3.9/lib/python3.9/site-packages/mpf/core/system_wide_device.py", line 17, in device_added_system_wide
    await self._initialize()
  File "/Library/Frameworks/Python.framework/Versions/3.9/lib/python3.9/site-packages/mpf/devices/light.py", line 315, in _initialize
    self._load_hw_drivers()
  File "/Library/Frameworks/Python.framework/Versions/3.9/lib/python3.9/site-packages/mpf/devices/light.py", line 248, in _load_hw_drivers
    channels = self._map_channels_to_colors(channel_list)
  File "/Library/Frameworks/Python.framework/Versions/3.9/lib/python3.9/site-packages/mpf/devices/light.py", line 156, in _map_channels_to_colors
    self.raise_config_error("Type {} does not match channels {} for light {}".format(
  File "/Library/Frameworks/Python.framework/Versions/3.9/lib/python3.9/site-packages/mpf/core/logging.py", line 174, in raise_config_error
    raise ConfigFileError(msg, error_no, self.log.name if self.log else "", context, self._url_base) \
mpf.exceptions.config_file_error.ConfigFileError: Config File Error in light.led_gi_right_ball_guide_1: Type rgb does not match channels [{'number': '1-0-3', 'subtype': 'gi', 'platform': None, 'platform_settings': {}}] for light led_gi_right_ball_guide_1 Error Code: CFE-light-12 (https://missionpinball.org/logs)
2025-06-29 19:48:13,491 : ERROR : asyncio : Task exception was never retrieved
future: <Task finished name='Task-39' coro=<SystemWideDevice.device_added_system_wide() done, defined at /Library/Frameworks/Python.framework/Versions/3.9/lib/python3.9/site-packages/mpf/core/system_wide_device.py:15> exception=ConfigFileError("Type rgb does not match channels [{'number': '1-0-4', 'subtype': 'gi', 'platform': None, 'platform_settings': {}}] for light led_gi_right_ball_guide_2")>
Traceback (most recent call last):
  File "/Library/Frameworks/Python.framework/Versions/3.9/lib/python3.9/site-packages/mpf/core/system_wide_device.py", line 17, in device_added_system_wide
    await self._initialize()
  File "/Library/Frameworks/Python.framework/Versions/3.9/lib/python3.9/site-packages/mpf/devices/light.py", line 315, in _initialize
    self._load_hw_drivers()
  File "/Library/Frameworks/Python.framework/Versions/3.9/lib/python3.9/site-packages/mpf/devices/light.py", line 248, in _load_hw_drivers
    channels = self._map_channels_to_colors(channel_list)
  File "/Library/Frameworks/Python.framework/Versions/3.9/lib/python3.9/site-packages/mpf/devices/light.py", line 156, in _map_channels_to_colors
    self.raise_config_error("Type {} does not match channels {} for light {}".format(
  File "/Library/Frameworks/Python.framework/Versions/3.9/lib/python3.9/site-packages/mpf/core/logging.py", line 174, in raise_config_error
    raise ConfigFileError(msg, error_no, self.log.name if self.log else "", context, self._url_base) \
mpf.exceptions.config_file_error.ConfigFileError: Config File Error in light.led_gi_right_ball_guide_2: Type rgb does not match channels [{'number': '1-0-4', 'subtype': 'gi', 'platform': None, 'platform_settings': {}}] for light led_gi_right_ball_guide_2 Error Code: CFE-light-12 (https://missionpinball.org/logs)
2025-06-29 19:48:13,491 : ERROR : asyncio : Task exception was never retrieved
future: <Task finished name='Task-40' coro=<SystemWideDevice.device_added_system_wide() done, defined at /Library/Frameworks/Python.framework/Versions/3.9/lib/python3.9/site-packages/mpf/core/system_wide_device.py:15> exception=ConfigFileError("Type rgb does not match channels [{'number': '1-0-36', 'subtype': 'gi', 'platform': None, 'platform_settings': {}}] for light led_gi_left_slingshot")>
Traceback (most recent call last):
  File "/Library/Frameworks/Python.framework/Versions/3.9/lib/python3.9/site-packages/mpf/core/system_wide_device.py", line 17, in device_added_system_wide
    await self._initialize()
  File "/Library/Frameworks/Python.framework/Versions/3.9/lib/python3.9/site-packages/mpf/devices/light.py", line 315, in _initialize
    self._load_hw_drivers()
  File "/Library/Frameworks/Python.framework/Versions/3.9/lib/python3.9/site-packages/mpf/devices/light.py", line 248, in _load_hw_drivers
    channels = self._map_channels_to_colors(channel_list)
  File "/Library/Frameworks/Python.framework/Versions/3.9/lib/python3.9/site-packages/mpf/devices/light.py", line 156, in _map_channels_to_colors
    self.raise_config_error("Type {} does not match channels {} for light {}".format(
  File "/Library/Frameworks/Python.framework/Versions/3.9/lib/python3.9/site-packages/mpf/core/logging.py", line 174, in raise_config_error
    raise ConfigFileError(msg, error_no, self.log.name if self.log else "", context, self._url_base) \
mpf.exceptions.config_file_error.ConfigFileError: Config File Error in light.led_gi_left_slingshot: Type rgb does not match channels [{'number': '1-0-36', 'subtype': 'gi', 'platform': None, 'platform_settings': {}}] for light led_gi_left_slingshot Error Code: CFE-light-12 (https://missionpinball.org/logs)
2025-06-29 19:48:13,491 : ERROR : asyncio : Task exception was never retrieved
future: <Task finished name='Task-41' coro=<SystemWideDevice.device_added_system_wide() done, defined at /Library/Frameworks/Python.framework/Versions/3.9/lib/python3.9/site-packages/mpf/core/system_wide_device.py:15> exception=ConfigFileError("Type rgb does not match channels [{'number': '1-0-2', 'subtype': 'gi', 'platform': None, 'platform_settings': {}}] for light led_gi_right_slingshot")>
Traceback (most recent call last):
  File "/Library/Frameworks/Python.framework/Versions/3.9/lib/python3.9/site-packages/mpf/core/system_wide_device.py", line 17, in device_added_system_wide
    await self._initialize()
  File "/Library/Frameworks/Python.framework/Versions/3.9/lib/python3.9/site-packages/mpf/devices/light.py", line 315, in _initialize
    self._load_hw_drivers()
  File "/Library/Frameworks/Python.framework/Versions/3.9/lib/python3.9/site-packages/mpf/devices/light.py", line 248, in _load_hw_drivers
    channels = self._map_channels_to_colors(channel_list)
  File "/Library/Frameworks/Python.framework/Versions/3.9/lib/python3.9/site-packages/mpf/devices/light.py", line 156, in _map_channels_to_colors
    self.raise_config_error("Type {} does not match channels {} for light {}".format(
  File "/Library/Frameworks/Python.framework/Versions/3.9/lib/python3.9/site-packages/mpf/core/logging.py", line 174, in raise_config_error
    raise ConfigFileError(msg, error_no, self.log.name if self.log else "", context, self._url_base) \
mpf.exceptions.config_file_error.ConfigFileError: Config File Error in light.led_gi_right_slingshot: Type rgb does not match channels [{'number': '1-0-2', 'subtype': 'gi', 'platform': None, 'platform_settings': {}}] for light led_gi_right_slingshot Error Code: CFE-light-12 (https://missionpinball.org/logs)
2025-06-29 19:48:13,491 : ERROR : asyncio : Task exception was never retrieved
future: <Task finished name='Task-35' coro=<SystemWideDevice.device_added_system_wide() done, defined at /Library/Frameworks/Python.framework/Versions/3.9/lib/python3.9/site-packages/mpf/core/system_wide_device.py:15> exception=ConfigFileError("Type rgb does not match channels [{'number': '1-0-33', 'subtype': 'gi', 'platform': None, 'platform_settings': {}}] for light led_gi_left_ball_guide_1")>
Traceback (most recent call last):
  File "/Library/Frameworks/Python.framework/Versions/3.9/lib/python3.9/site-packages/mpf/core/system_wide_device.py", line 17, in device_added_system_wide
    await self._initialize()
  File "/Library/Frameworks/Python.framework/Versions/3.9/lib/python3.9/site-packages/mpf/devices/light.py", line 315, in _initialize
    self._load_hw_drivers()
  File "/Library/Frameworks/Python.framework/Versions/3.9/lib/python3.9/site-packages/mpf/devices/light.py", line 248, in _load_hw_drivers
    channels = self._map_channels_to_colors(channel_list)
  File "/Library/Frameworks/Python.framework/Versions/3.9/lib/python3.9/site-packages/mpf/devices/light.py", line 156, in _map_channels_to_colors
    self.raise_config_error("Type {} does not match channels {} for light {}".format(
  File "/Library/Frameworks/Python.framework/Versions/3.9/lib/python3.9/site-packages/mpf/core/logging.py", line 174, in raise_config_error
    raise ConfigFileError(msg, error_no, self.log.name if self.log else "", context, self._url_base) \
mpf.exceptions.config_file_error.ConfigFileError: Config File Error in light.led_gi_left_ball_guide_1: Type rgb does not match channels [{'number': '1-0-33', 'subtype': 'gi', 'platform': None, 'platform_settings': {}}] for light led_gi_left_ball_guide_1 Error Code: CFE-light-12 (https://missionpinball.org/logs)
2025-06-29 19:48:13,492 : INFO : EventManager : Event: ======'init_phase_2'====== Args={}
2025-06-29 19:48:13,492 : INFO : Machine : Starting the main run loop with active modes: []
2025-06-29 19:48:13,492 : WARNING : Machine : Attract mode is not active, game will not be playable. Please check your attract mode configuration.
2025-06-29 19:48:13,492 : INFO : Machine : Shutting down...
2025-06-29 19:48:13,492 : INFO : EventManager : Event: ======'shutdown'====== Args={}
2025-06-29 19:48:13,494 : ERROR : asyncio : Exception in callback EventManager._queue_task_done(<Task finishe...olor gigigi')>)
handle: <Handle EventManager._queue_task_done(<Task finishe...olor gigigi')>)>
Traceback (most recent call last):
  File "/Library/Frameworks/Python.framework/Versions/3.9/lib/python3.9/site-packages/mpf/config_players/light_player.py", line 122, in _convert_color
    color = RGBColor(color)
  File "/Library/Frameworks/Python.framework/Versions/3.9/lib/python3.9/site-packages/mpf/core/rgb_color.py", line 177, in __init__
    self._color = RGBColor.string_to_rgb(color)
  File "/Library/Frameworks/Python.framework/Versions/3.9/lib/python3.9/site-packages/mpf/core/rgb_color.py", line 420, in string_to_rgb
    raise ColorException("Invalid RGB string: {}".format(value))
mpf.core.rgb_color.ColorException: Invalid RGB string: gigigi

The above exception was the direct cause of the following exception:

Traceback (most recent call last):
  File "/Library/Frameworks/Python.framework/Versions/3.9/lib/python3.9/asyncio/events.py", line 80, in _run
    self._context.run(self._callback, *self._args)
  File "/Library/Frameworks/Python.framework/Versions/3.9/lib/python3.9/site-packages/mpf/core/events.py", line 795, in _queue_task_done
    future.result()
  File "/Library/Frameworks/Python.framework/Versions/3.9/lib/python3.9/site-packages/mpf/core/events.py", line 708, in _run_handlers_sequential
    handler.callback(queue=queue, **merged_kwargs)
  File "/Library/Frameworks/Python.framework/Versions/3.9/lib/python3.9/site-packages/mpf/core/mode_controller.py", line 97, in initialize_modes
    item.method(config=mode.config[item.config_section],
  File "/Library/Frameworks/Python.framework/Versions/3.9/lib/python3.9/site-packages/mpf/core/config_player.py", line 150, in process_mode_config
    config = self.validate_config(config)
  File "/Library/Frameworks/Python.framework/Versions/3.9/lib/python3.9/site-packages/mpf/core/config_player.py", line 113, in validate_config
    validated_config[event] = self.validate_config_entry(settings, event)
  File "/Library/Frameworks/Python.framework/Versions/3.9/lib/python3.9/site-packages/mpf/config_players/device_config_player.py", line 56, in validate_config_entry
    raise e
  File "/Library/Frameworks/Python.framework/Versions/3.9/lib/python3.9/site-packages/mpf/config_players/device_config_player.py", line 52, in validate_config_entry
    self._validate_config_item(device, device_settings))
  File "/Library/Frameworks/Python.framework/Versions/3.9/lib/python3.9/site-packages/mpf/config_players/device_config_player.py", line 83, in _validate_config_item
    raise e
  File "/Library/Frameworks/Python.framework/Versions/3.9/lib/python3.9/site-packages/mpf/config_players/device_config_player.py", line 80, in _validate_config_item
    device_settings = self._expand_device_config(device_settings)
  File "/Library/Frameworks/Python.framework/Versions/3.9/lib/python3.9/site-packages/mpf/config_players/light_player.py", line 133, in _expand_device_config
    device_settings['color'] = self._convert_color(color)
  File "/Library/Frameworks/Python.framework/Versions/3.9/lib/python3.9/site-packages/mpf/config_players/light_player.py", line 124, in _convert_color
    self.raise_config_error("Invalid color {}".format(color), 1, source_exception=e, context=context)
  File "/Library/Frameworks/Python.framework/Versions/3.9/lib/python3.9/site-packages/mpf/core/logging.py", line 174, in raise_config_error
    raise ConfigFileError(msg, error_no, self.log.name if self.log else "", context, self._url_base) \
mpf.exceptions.config_file_error.ConfigFileError: Config File Error in light_player: Failed to load config player game_started:lights with settings {'lights': 'gi', 'color': 'white', 'fade': '1s'} >> Failed to expand entry "lights". >> Invalid color gigigi Error Code: CFE-light_player-1 (https://missionpinball.org/logs)
2025-06-29 19:48:14,494 : ERROR : Machine : Runtime Exception
Traceback (most recent call last):
  File "/Library/Frameworks/Python.framework/Versions/3.9/lib/python3.9/site-packages/mpf/core/machine.py", line 808, in _run_loop
    raise self._exception['exception']
  File "/Library/Frameworks/Python.framework/Versions/3.9/lib/python3.9/site-packages/mpf/core/system_wide_device.py", line 17, in device_added_system_wide
    await self._initialize()
  File "/Library/Frameworks/Python.framework/Versions/3.9/lib/python3.9/site-packages/mpf/devices/light.py", line 315, in _initialize
    self._load_hw_drivers()
  File "/Library/Frameworks/Python.framework/Versions/3.9/lib/python3.9/site-packages/mpf/devices/light.py", line 248, in _load_hw_drivers
    channels = self._map_channels_to_colors(channel_list)
  File "/Library/Frameworks/Python.framework/Versions/3.9/lib/python3.9/site-packages/mpf/devices/light.py", line 156, in _map_channels_to_colors
    self.raise_config_error("Type {} does not match channels {} for light {}".format(
  File "/Library/Frameworks/Python.framework/Versions/3.9/lib/python3.9/site-packages/mpf/core/logging.py", line 174, in raise_config_error
    raise ConfigFileError(msg, error_no, self.log.name if self.log else "", context, self._url_base) \
mpf.exceptions.config_file_error.ConfigFileError: Config File Error in light.led_gi_left_ball_guide_2: Type rgb does not match channels [{'number': '1-0-34', 'subtype': 'gi', 'platform': None, 'platform_settings': {}}] for light led_gi_left_ball_guide_2 Error Code: CFE-light-12 (https://missionpinball.org/logs)
2025-06-29 20:00:03,585 : ERROR : root : Received second SIGINT. Will exit ungracefully!
Traceback (most recent call last):
  File "/Library/Frameworks/Python.framework/Versions/3.9/lib/python3.9/site-packages/mpf/core/machine.py", line 808, in _run_loop
    raise self._exception['exception']
  File "/Library/Frameworks/Python.framework/Versions/3.9/lib/python3.9/site-packages/mpf/core/system_wide_device.py", line 17, in device_added_system_wide
    await self._initialize()
  File "/Library/Frameworks/Python.framework/Versions/3.9/lib/python3.9/site-packages/mpf/devices/light.py", line 315, in _initialize
    self._load_hw_drivers()
  File "/Library/Frameworks/Python.framework/Versions/3.9/lib/python3.9/site-packages/mpf/devices/light.py", line 248, in _load_hw_drivers
    channels = self._map_channels_to_colors(channel_list)
  File "/Library/Frameworks/Python.framework/Versions/3.9/lib/python3.9/site-packages/mpf/devices/light.py", line 156, in _map_channels_to_colors
    self.raise_config_error("Type {} does not match channels {} for light {}".format(
  File "/Library/Frameworks/Python.framework/Versions/3.9/lib/python3.9/site-packages/mpf/core/logging.py", line 174, in raise_config_error
    raise ConfigFileError(msg, error_no, self.log.name if self.log else "", context, self._url_base) \
mpf.exceptions.config_file_error.ConfigFileError: Config File Error in light.led_gi_left_ball_guide_2: Type rgb does not match channels [{'number': '1-0-34', 'subtype': 'gi', 'platform': None, 'platform_settings': {}}] for light led_gi_left_ball_guide_2 Error Code: CFE-light-12 (https://missionpinball.org/logs)
