2025-06-29 07:37:41,552 : kivy : deps: Successfully imported "kivy_deps.gstreamer" 0.3.3
2025-06-29 07:37:41,552 : kivy : deps: Successfully imported "kivy_deps.angle" 0.3.3
2025-06-29 07:37:41,552 : kivy : deps: Successfully imported "kivy_deps.glew" 0.3.1
2025-06-29 07:37:41,553 : kivy : deps: Successfully imported "kivy_deps.sdl2" 0.6.0
2025-06-29 07:37:41,553 : kivy : Kivy: v2.2.1
2025-06-29 07:37:41,553 : kivy : Kivy: Installed at "C:\Users\ruben\AppData\Local\Programs\Python\Python39\lib\site-packages\kivy\__init__.py"
2025-06-29 07:37:41,553 : kivy : Python: v3.9.13 (tags/v3.9.13:6de2ca5, May 17 2022, 16:36:42) [MSC v.1929 64 bit (AMD64)]
2025-06-29 07:37:41,554 : kivy : Python: Interpreter at "C:\Users\ruben\AppData\Local\Programs\Python\Python39\python.exe"
2025-06-29 07:37:41,590 : kivy : Factory: 190 symbols loaded
2025-06-29 07:37:41,850 : kivy : ImageLoaderFFPy: Using ffpyplayer 4.5.1
2025-06-29 07:37:41,850 : kivy : Image: Providers: img_tex, img_dds, img_sdl2, img_pil, img_ffpyplayer 
2025-06-29 07:37:42,121 : kivy : VideoGstplayer: Using Gstreamer 1.18.5.0
2025-06-29 07:37:42,121 : kivy : Video: Provider: gstplayer
2025-06-29 07:37:42,166 : root : Loading MPF-MC controller
2025-06-29 07:37:42,185 : YamlMultifileConfigLoader : Machine config file #1: config
2025-06-29 07:37:42,186 : ConfigProcessor : Config file in cache changed: C:\pinball\my_machine\config\config
2025-06-29 07:37:42,186 : ConfigProcessor : Loading config from file C:\Users\ruben\AppData\Local\Programs\Python\Python39\lib\site-packages\mpfmc\mcconfig.yaml.
2025-06-29 07:37:42,200 : ConfigProcessor : Loading config: C:\Users\ruben\AppData\Local\Programs\Python\Python39\lib\site-packages\mpfmc\mcconfig.yaml
2025-06-29 07:37:42,200 : ConfigProcessor : Loading config from file C:\pinball\my_machine\config\config.
2025-06-29 07:37:42,201 : ConfigProcessor : Loading config: C:\pinball\my_machine\config\config
2025-06-29 07:37:42,202 : ConfigProcessor : Loading config: C:\pinball\my_machine\config\hardware.yaml
2025-06-29 07:37:42,204 : ConfigProcessor : Loading config: C:\pinball\my_machine\config\switches.yaml
2025-06-29 07:37:42,207 : ConfigProcessor : Loading config: C:\pinball\my_machine\config\coils.yaml
2025-06-29 07:37:42,213 : ConfigProcessor : Loading config: C:\pinball\my_machine\config\lights.yaml
2025-06-29 07:37:42,216 : ConfigProcessor : Loading config: C:\pinball\my_machine\config\devices.yaml
2025-06-29 07:37:42,217 : ConfigProcessor : Loading config: C:\pinball\my_machine\config\images.yaml
2025-06-29 07:37:42,219 : ConfigProcessor : Loading config: C:\pinball\my_machine\config\displays.yaml
2025-06-29 07:37:42,221 : ConfigProcessor : Loading config: C:\pinball\my_machine\config\slides.yaml
2025-06-29 07:37:42,224 : ConfigProcessor : Config file cache created: C:\Users\ruben\AppData\Local\Temp\abbaf7ebf6530f7229115378792f7a93.mpf_cache
2025-06-29 07:37:42,225 : ConfigProcessor : Loading config from cache: C:\Users\ruben\AppData\Local\Temp\de22d214a8e6fb7753c0be2dfb8deb7c.mpf_cache
2025-06-29 07:37:42,226 : ConfigProcessor : Loading config from cache: C:\Users\ruben\AppData\Local\Temp\76bc62f652ae2965f03127125af6e953.mpf_cache
2025-06-29 07:37:42,226 : ConfigProcessor : Loading config from cache: C:\Users\ruben\AppData\Local\Temp\195f66f1d07408d279921a878741edf5.mpf_cache
2025-06-29 07:37:42,227 : ConfigProcessor : Loading config from cache: C:\Users\ruben\AppData\Local\Temp\de22d214a8e6fb7753c0be2dfb8deb7c.mpf_cache
2025-06-29 07:37:42,228 : mpfmc : Mission Pinball Framework Media Controller (MPF-MC) v0.57.1. Requires MPF v0.57.0 or newer.
2025-06-29 07:37:42,228 : mpfmc : Found MPF v0.57.3
2025-06-29 07:37:42,228 : mpfmc : Machine path: C:\pinball\my_machine
2025-06-29 07:37:42,228 : mpfmc : Starting clock at 60.0Hz
2025-06-29 07:37:42,249 : kivy : Text: Provider: sdl2
2025-06-29 07:37:42,314 : kivy : Window: Provider: sdl2
2025-06-29 07:37:43,477 : kivy : GL: Using the "OpenGL" graphics system
2025-06-29 07:37:43,488 : kivy : GL: GLEW initialization succeeded
2025-06-29 07:37:43,488 : kivy : GL: Backend used <glew>
2025-06-29 07:37:43,488 : kivy : GL: OpenGL version <b'4.5.0 NVIDIA 376.54'>
2025-06-29 07:37:43,489 : kivy : GL: OpenGL vendor <b'NVIDIA Corporation'>
2025-06-29 07:37:43,489 : kivy : GL: OpenGL renderer <b'GeForce GT 630M/PCIe/SSE2'>
2025-06-29 07:37:43,489 : kivy : GL: OpenGL parsed version: 4, 5
2025-06-29 07:37:43,489 : kivy : GL: Shading version <b'4.50 NVIDIA'>
2025-06-29 07:37:43,489 : kivy : GL: Texture max size <16384>
2025-06-29 07:37:43,489 : kivy : GL: Texture max units <32>
2025-06-29 07:37:43,517 : kivy : Window: auto add sdl2 input provider
2025-06-29 07:37:43,518 : kivy : Window: virtual keyboard not allowed, single mode, not docked
2025-06-29 07:37:43,536 : SoundSystem : SoundSystem: Using default 'sound_system' settings
2025-06-29 07:37:44,142 : AudioInterface : Initialized
2025-06-29 07:37:44,142 : AudioInterface : Loaded SDL 2.26.4
2025-06-29 07:37:44,142 : AudioInterface : Loaded SDL_Mixer 2.6.3
2025-06-29 07:37:44,142 : AudioInterface : Loaded GStreamer 1.18.5.0
2025-06-29 07:37:44,143 : AudioInterface : Loaded GLib 2.62.6
2025-06-29 07:37:44,143 : AudioInterface : Settings requested - rate: 44100, channels: 1, buffer: 2048 samples
2025-06-29 07:37:44,143 : AudioInterface : Settings in use - rate: 44100, channels: 1, buffer: 2048 samples (4096 bytes @ 2 bytes per sample)
2025-06-29 07:37:44,143 : SoundSystem : No audio tracks are specified in your machine config file. a track named 'default' has been created.
2025-06-29 07:37:44,143 : SoundSystem : Setting master volume to 0.0
2025-06-29 07:37:44,143 : AudioInterface : Enabling audio playback
2025-06-29 07:37:44,147 : kivy : Base: Start application main loop
2025-06-29 07:37:44,147 : EventManager : Event: ======'display_window_initialized'====== Args={}
2025-06-29 07:37:44,160 : mpfmc : Display: Setting 'window' as default display
2025-06-29 07:37:44,172 : EventManager : Event: ======'displays_initialized'====== Args={}
2025-06-29 07:37:44,174 : EventManager : Event: ======'slide_window_blank_created'====== Args={}
2025-06-29 07:37:44,174 : EventManager : Event: ======'display_window_ready'====== Args={}
2025-06-29 07:37:44,205 : EventManager : Event: ======'init_phase_1'====== Args={}
2025-06-29 07:37:44,214 : EventManager : Event: ======'mc_ready'====== Args={}
2025-06-29 07:37:44,214 : EventManager : Event: ======'init_phase_2'====== Args={}
2025-06-29 07:37:44,218 : EventManager : Event: ======'init_phase_3'====== Args={}
2025-06-29 07:37:44,220 : EventManager : Event: ======'init_phase_4'====== Args={}
2025-06-29 07:37:44,221 : EventManager : Event: ======'init_phase_5'====== Args={}
2025-06-29 07:37:44,329 : EventManager : Event: ======'loading_assets'====== Args={'total': 1, 'loaded': 1, 'remaining': 0, 'percent': 100}
2025-06-29 07:37:44,329 : AssetManager : Asset loading took: 0.18488550186157227
2025-06-29 07:37:44,330 : EventManager : Event: ======'asset_loading_complete'====== Args={}
2025-06-29 07:37:44,330 : AssetManager : Loading assets: 1/1 (100%)
2025-06-29 07:37:44,330 : EventManager : Event: ======'init_done'====== Args={}
2025-06-29 07:37:44,330 : MPF-MC BCP Server : Starting up on localhost port 5050
2025-06-29 07:37:44,336 : MPF-MC BCP Server : Waiting for a connection...
2025-06-29 07:37:44,337 : EventManager : Event: ======'client_disconnected'====== Args={'host': '127.0.0.1', 'port': 5050}
2025-06-29 07:37:44,532 : MPF-MC BCP Server : Received connection from: 127.0.0.1:62456
2025-06-29 07:37:44,540 : EventManager : Event: ======'client_connected'====== Args={'host': '127.0.0.1', 'port': 62456}
2025-06-29 07:37:44,656 : EventManager : Event: ======'machine_var_credits_string'====== Args={'value': 'FREE PLAY', 'prev_value': None, 'change': True}
2025-06-29 07:37:44,657 : EventManager : Event: ======'machine_var_master_volume'====== Args={'value': 0.5, 'prev_value': None, 'change': True}
2025-06-29 07:37:44,657 : EventManager : Event: ======'machine_var_player1_score'====== Args={'value': 0, 'prev_value': None, 'change': True}
2025-06-29 07:37:44,657 : EventManager : Event: ======'machine_var_mpf_version'====== Args={'value': 'Mission Pinball Framework v0.57.3', 'prev_value': None, 'change': True}
2025-06-29 07:37:44,657 : EventManager : Event: ======'machine_var_mpf_extended_version'====== Args={'value': 'Mission Pinball Framework v0.57.3, Config version:6, Show version: 6, BCP version:1.1', 'prev_value': None, 'change': True}
2025-06-29 07:37:44,657 : EventManager : Event: ======'machine_var_python_version'====== Args={'value': '3.9.13', 'prev_value': None, 'change': True}
2025-06-29 07:37:44,657 : EventManager : Event: ======'machine_var_platform'====== Args={'value': 'Windows-10-10.0.19045-SP0', 'prev_value': None, 'change': True}
2025-06-29 07:37:44,657 : EventManager : Event: ======'machine_var_platform_system'====== Args={'value': 'Windows', 'prev_value': None, 'change': True}
2025-06-29 07:37:44,657 : EventManager : Event: ======'machine_var_platform_release'====== Args={'value': '10', 'prev_value': None, 'change': True}
2025-06-29 07:37:44,658 : EventManager : Event: ======'machine_var_platform_version'====== Args={'value': '10.0.19045', 'prev_value': None, 'change': True}
2025-06-29 07:37:44,658 : EventManager : Event: ======'machine_var_platform_machine'====== Args={'value': 'AMD64', 'prev_value': None, 'change': True}
2025-06-29 07:37:44,658 : EventManager : Event: ======'machine_var_mc_version'====== Args={'value': 'MPF-MC v0.57.1', 'prev_value': None, 'change': True}
2025-06-29 07:37:44,658 : EventManager : Event: ======'machine_var_mc_extended_version'====== Args={'value': 'MPF-MC v0.57.1 (config_version=6, BCP v1.1,                      Requires MPF API compatibility v0.57.0 or newer)', 'prev_value': None, 'change': True}
2025-06-29 07:37:44,658 : EventManager : Event: ======'machine_var_credits_string'====== Args={'value': 'FREE PLAY', 'prev_value': None, 'change': True}
2025-06-29 07:37:44,659 : EventManager : Event: ======'machine_var_master_volume'====== Args={'value': 0.5, 'prev_value': None, 'change': True}
2025-06-29 07:37:44,659 : EventManager : Event: ======'machine_var_player1_score'====== Args={'value': 0, 'prev_value': None, 'change': True}
2025-06-29 07:37:44,659 : EventManager : Event: ======'machine_var_mpf_version'====== Args={'value': 'Mission Pinball Framework v0.57.3', 'prev_value': None, 'change': True}
2025-06-29 07:37:44,659 : EventManager : Event: ======'machine_var_mpf_extended_version'====== Args={'value': 'Mission Pinball Framework v0.57.3, Config version:6, Show version: 6, BCP version:1.1', 'prev_value': None, 'change': True}
2025-06-29 07:37:44,659 : EventManager : Event: ======'machine_var_python_version'====== Args={'value': '3.9.13', 'prev_value': None, 'change': True}
2025-06-29 07:37:44,660 : EventManager : Event: ======'machine_var_platform'====== Args={'value': 'Windows-10-10.0.19045-SP0', 'prev_value': None, 'change': True}
2025-06-29 07:37:44,661 : EventManager : Event: ======'machine_var_platform_system'====== Args={'value': 'Windows', 'prev_value': None, 'change': True}
2025-06-29 07:37:44,661 : EventManager : Event: ======'machine_var_platform_release'====== Args={'value': '10', 'prev_value': None, 'change': True}
2025-06-29 07:37:44,661 : EventManager : Event: ======'machine_var_platform_version'====== Args={'value': '10.0.19045', 'prev_value': None, 'change': True}
2025-06-29 07:37:44,661 : EventManager : Event: ======'machine_var_platform_machine'====== Args={'value': 'AMD64', 'prev_value': None, 'change': True}
2025-06-29 07:37:44,661 : EventManager : Event: ======'machine_var_mc_version'====== Args={'value': 'MPF-MC v0.57.1', 'prev_value': None, 'change': True}
2025-06-29 07:37:44,661 : EventManager : Event: ======'machine_var_mc_extended_version'====== Args={'value': 'MPF-MC v0.57.1 (config_version=6, BCP v1.1,                      Requires MPF API compatibility v0.57.0 or newer)', 'prev_value': None, 'change': True}
2025-06-29 07:37:44,662 : EventManager : Event: ======'machine_var_credits_string'====== Args={'value': 'FREE PLAY', 'prev_value': None, 'change': True}
2025-06-29 07:37:44,662 : EventManager : Event: ======'machine_var_master_volume'====== Args={'value': 0.5, 'prev_value': None, 'change': True}
2025-06-29 07:37:44,662 : EventManager : Event: ======'machine_var_player1_score'====== Args={'value': 0, 'prev_value': None, 'change': True}
2025-06-29 07:37:44,662 : EventManager : Event: ======'machine_var_mpf_version'====== Args={'value': 'Mission Pinball Framework v0.57.3', 'prev_value': None, 'change': True}
2025-06-29 07:37:44,662 : EventManager : Event: ======'machine_var_mpf_extended_version'====== Args={'value': 'Mission Pinball Framework v0.57.3, Config version:6, Show version: 6, BCP version:1.1', 'prev_value': None, 'change': True}
2025-06-29 07:37:44,662 : EventManager : Event: ======'machine_var_python_version'====== Args={'value': '3.9.13', 'prev_value': None, 'change': True}
2025-06-29 07:37:44,663 : EventManager : Event: ======'machine_var_platform'====== Args={'value': 'Windows-10-10.0.19045-SP0', 'prev_value': None, 'change': True}
2025-06-29 07:37:44,663 : EventManager : Event: ======'machine_var_platform_system'====== Args={'value': 'Windows', 'prev_value': None, 'change': True}
2025-06-29 07:37:44,663 : EventManager : Event: ======'machine_var_platform_release'====== Args={'value': '10', 'prev_value': None, 'change': True}
2025-06-29 07:37:44,663 : EventManager : Event: ======'machine_var_platform_version'====== Args={'value': '10.0.19045', 'prev_value': None, 'change': True}
2025-06-29 07:37:44,663 : EventManager : Event: ======'machine_var_platform_machine'====== Args={'value': 'AMD64', 'prev_value': None, 'change': True}
2025-06-29 07:37:44,663 : EventManager : Event: ======'machine_var_mc_version'====== Args={'value': 'MPF-MC v0.57.1', 'prev_value': None, 'change': True}
2025-06-29 07:37:44,664 : EventManager : Event: ======'machine_var_mc_extended_version'====== Args={'value': 'MPF-MC v0.57.1 (config_version=6, BCP v1.1,                      Requires MPF API compatibility v0.57.0 or newer)', 'prev_value': None, 'change': True}
2025-06-29 07:37:44,664 : EventManager : Event: ======'machine_var_credits_string'====== Args={'value': 'FREE PLAY', 'prev_value': None, 'change': True}
2025-06-29 07:37:44,664 : EventManager : Event: ======'machine_var_master_volume'====== Args={'value': 0.5, 'prev_value': None, 'change': True}
2025-06-29 07:37:44,664 : EventManager : Event: ======'machine_var_player1_score'====== Args={'value': 0, 'prev_value': None, 'change': True}
2025-06-29 07:37:44,664 : EventManager : Event: ======'machine_var_mpf_version'====== Args={'value': 'Mission Pinball Framework v0.57.3', 'prev_value': None, 'change': True}
2025-06-29 07:37:44,664 : EventManager : Event: ======'machine_var_mpf_extended_version'====== Args={'value': 'Mission Pinball Framework v0.57.3, Config version:6, Show version: 6, BCP version:1.1', 'prev_value': None, 'change': True}
2025-06-29 07:37:44,665 : EventManager : Event: ======'machine_var_python_version'====== Args={'value': '3.9.13', 'prev_value': None, 'change': True}
2025-06-29 07:37:44,665 : EventManager : Event: ======'machine_var_platform'====== Args={'value': 'Windows-10-10.0.19045-SP0', 'prev_value': None, 'change': True}
2025-06-29 07:37:44,665 : EventManager : Event: ======'machine_var_platform_system'====== Args={'value': 'Windows', 'prev_value': None, 'change': True}
2025-06-29 07:37:44,665 : EventManager : Event: ======'machine_var_platform_release'====== Args={'value': '10', 'prev_value': None, 'change': True}
2025-06-29 07:37:44,665 : EventManager : Event: ======'machine_var_platform_version'====== Args={'value': '10.0.19045', 'prev_value': None, 'change': True}
2025-06-29 07:37:44,665 : EventManager : Event: ======'machine_var_platform_machine'====== Args={'value': 'AMD64', 'prev_value': None, 'change': True}
2025-06-29 07:37:44,665 : EventManager : Event: ======'machine_var_mc_version'====== Args={'value': 'MPF-MC v0.57.1', 'prev_value': None, 'change': True}
2025-06-29 07:37:44,666 : EventManager : Event: ======'machine_var_mc_extended_version'====== Args={'value': 'MPF-MC v0.57.1 (config_version=6, BCP v1.1,                      Requires MPF API compatibility v0.57.0 or newer)', 'prev_value': None, 'change': True}
2025-06-29 07:37:44,666 : SoundSystem : Setting master volume to 0.5
2025-06-29 07:37:44,666 : SoundSystem : Setting master volume to 0.5
2025-06-29 07:37:44,667 : SoundSystem : Setting master volume to 0.5
2025-06-29 07:37:44,667 : SoundSystem : Setting master volume to 0.5
2025-06-29 07:37:44,727 : mpfmc : Stopping...
2025-06-29 07:37:44,727 : EventManager : Event: ======'shutdown'====== Args={}
2025-06-29 07:37:44,727 : AudioInterface : Disabling audio playback
2025-06-29 07:37:44,876 : mpfmc : Loop rate 47.95 Hz
2025-06-29 07:37:44,877 : kivy : Base: Leaving application in progress...
2025-06-29 07:37:44,888 : mpfmc : Stopping...
2025-06-29 07:37:44,888 : EventManager : Event: ======'shutdown'====== Args={}
2025-06-29 07:37:44,889 : mpfmc : Loop rate 48.46 Hz
2025-06-29 07:37:44,889 : root : MC run loop ended.
2025-06-29 07:37:44,890 : root : Stopping child threads... (2 remaining)
2025-06-29 07:37:45,541 : MPF-MC BCP Server : Stopping BCP sending thread
2025-06-29 07:37:45,592 : root : All child threads stopped.
