2025-06-03 21:20:55,847 : INFO : root : Loading config.
2025-06-03 21:20:55,849 : INFO : YamlMultifileConfigLoader : Machine config file #1: config.yaml
2025-06-03 21:20:55,850 : INFO : ConfigProcessor : Loading config from cache: /var/folders/9g/7xjb17l959g1fnq4pjl5c5p80000gn/T/1941ac2cbc7f60a15b77e866ee64bff5.mpf_cache
2025-06-03 21:20:55,850 : WARNING : ConfigProcessor : Config file in cache changed: /Users/ruben/Pinball/mpf-pinball/config/switches.yaml
2025-06-03 21:20:55,850 : INFO : ConfigProcessor : Loading config from file /Library/Frameworks/Python.framework/Versions/3.9/lib/python3.9/site-packages/mpf/mpfconfig.yaml.
2025-06-03 21:20:55,856 : INFO : ConfigProcessor : Loading config: /Library/Frameworks/Python.framework/Versions/3.9/lib/python3.9/site-packages/mpf/mpfconfig.yaml
2025-06-03 21:20:55,856 : INFO : ConfigProcessor : Loading config from file /Users/ruben/Pinball/mpf-pinball/config/config.yaml.
2025-06-03 21:20:55,857 : INFO : ConfigProcessor : Loading config: /Users/ruben/Pinball/mpf-pinball/config/config.yaml
2025-06-03 21:20:55,857 : INFO : ConfigProcessor : Loading config: /Users/ruben/Pinball/mpf-pinball/config/hardware.yaml
2025-06-03 21:20:55,858 : INFO : ConfigProcessor : Loading config: /Users/ruben/Pinball/mpf-pinball/config/switches.yaml
2025-06-03 21:20:55,859 : INFO : ConfigProcessor : Loading config: /Users/ruben/Pinball/mpf-pinball/config/coils.yaml
2025-06-03 21:20:55,859 : INFO : ConfigProcessor : Loading config: /Users/ruben/Pinball/mpf-pinball/config/devices.yaml
2025-06-03 21:20:55,860 : INFO : ConfigProcessor : Loading config: /Users/ruben/Pinball/mpf-pinball/config/displays.yaml
2025-06-03 21:20:55,860 : INFO : ConfigProcessor : Loading config: /Users/ruben/Pinball/mpf-pinball/config/slides.yaml
2025-06-03 21:20:55,861 : INFO : ConfigProcessor : Config file cache created: /var/folders/9g/7xjb17l959g1fnq4pjl5c5p80000gn/T/1941ac2cbc7f60a15b77e866ee64bff5.mpf_cache
2025-06-03 21:20:55,879 : INFO : ConfigProcessor : Loading config from cache: /var/folders/9g/7xjb17l959g1fnq4pjl5c5p80000gn/T/c7af4841f7c2cabb0f971746daddf284.mpf_cache
2025-06-03 21:20:55,880 : INFO : ConfigProcessor : Loading config from cache: /var/folders/9g/7xjb17l959g1fnq4pjl5c5p80000gn/T/edcc5f1d3215b377c9faab88c62e4ce0.mpf_cache
2025-06-03 21:20:55,880 : INFO : Machine : Mission Pinball Framework Core Engine v0.57.3
2025-06-03 21:20:55,880 : INFO : Machine : Command line arguments: {'no_load_cache': False, 'create_config_cache': True, 'bcp': True, 'configfile': ['config.yaml'], 'force_assets_load': False, 'platform_integration_test': False, 'jsonlogging': False, 'logfile': 'logs/2025-06-03-21-20-55-mpf-ruben.home.log', 'pause': False, 'production': False, 'text_ui': True, 'loglevel': 15, 'consoleloglevel': 20, 'force_platform': 'smart_virtual', 'syslog_address': None, 'mc_file_name': None, 'no_sound': False}
2025-06-03 21:20:55,880 : INFO : Machine : MPF path: /Library/Frameworks/Python.framework/Versions/3.9/lib/python3.9/site-packages/mpf
2025-06-03 21:20:55,880 : INFO : Machine : Machine path: /Users/ruben/Pinball/mpf-pinball
2025-06-03 21:20:55,880 : INFO : Machine : Platform: darwin
2025-06-03 21:20:55,880 : INFO : Machine : Python executable location: /Library/Frameworks/Python.framework/Versions/3.9/bin/python3.9
2025-06-03 21:20:55,880 : INFO : Machine : Python version: 3.9.13 (64-bit)
2025-06-03 21:20:55,880 : INFO : Machine : Initializing MPF...
2025-06-03 21:20:55,897 : INFO : EventManager : Event: ======'machine_var_credits_string'====== Args={'value': 'FREE PLAY', 'prev_value': None, 'change': True}
2025-06-03 21:20:55,912 : INFO : EventManager : Event: ======'machine_var_master_volume'====== Args={'value': 0.5, 'prev_value': None, 'change': True}
2025-06-03 21:20:55,912 : INFO : EventManager : Event: ======'machine_var_player1_score'====== Args={'value': 0, 'prev_value': None, 'change': True}
2025-06-03 21:20:55,913 : INFO : EventManager : Event: ======'machine_var_mpf_version'====== Args={'value': 'Mission Pinball Framework v0.57.3', 'prev_value': None, 'change': True}
2025-06-03 21:20:55,913 : INFO : EventManager : Event: ======'machine_var_mpf_extended_version'====== Args={'value': 'Mission Pinball Framework v0.57.3, Config version:6, Show version: 6, BCP version:1.1', 'prev_value': None, 'change': True}
2025-06-03 21:20:55,913 : INFO : EventManager : Event: ======'machine_var_python_version'====== Args={'value': '3.9.13', 'prev_value': None, 'change': True}
2025-06-03 21:20:55,919 : INFO : EventManager : Event: ======'machine_var_platform'====== Args={'value': 'macOS-14.6.1-arm64-arm-64bit', 'prev_value': None, 'change': True}
2025-06-03 21:20:55,919 : INFO : EventManager : Event: ======'machine_var_platform_system'====== Args={'value': 'Darwin', 'prev_value': None, 'change': True}
2025-06-03 21:20:55,919 : INFO : EventManager : Event: ======'machine_var_platform_release'====== Args={'value': '23.6.0', 'prev_value': None, 'change': True}
2025-06-03 21:20:55,920 : INFO : EventManager : Event: ======'machine_var_platform_version'====== Args={'value': 'Darwin Kernel Version 23.6.0: Mon Jul 29 21:14:30 PDT 2024; root:xnu-10063.141.2~1/RELEASE_ARM64_T6000', 'prev_value': None, 'change': True}
2025-06-03 21:20:55,920 : INFO : EventManager : Event: ======'machine_var_platform_machine'====== Args={'value': 'arm64', 'prev_value': None, 'change': True}
2025-06-03 21:20:55,920 : INFO : EventManager : Event: ======'init_phase_1'====== Args={}
2025-06-03 21:20:55,927 : INFO : EventManager : Event: ======'init_phase_2'====== Args={}
2025-06-03 21:20:55,928 : INFO : EventManager : Event: ======'bcp_connection_attempt'====== Args={'name': 'local_display', 'host': 'localhost', 'port': 5050}
2025-06-03 21:20:55,928 : INFO : BCPClientSocket : Connecting BCP to 'local_display' at localhost:5050...
2025-06-03 21:20:56,753 : INFO : BCPClientSocket : Connected BCP to 'local_display' localhost:5050
2025-06-03 21:20:56,753 : INFO : EventManager : Event: ======'bcp_clients_connected'====== Args={}
2025-06-03 21:20:56,754 : INFO : ball_device.bd_trough : BCH: Initial count: 0
2025-06-03 21:20:56,755 : INFO : ball_device.bd_trough : State: idle
2025-06-03 21:20:56,757 : INFO : EventManager : Event: ======'init_phase_3'====== Args={}
2025-06-03 21:20:56,759 : INFO : EventManager : Event: ======'init_phase_4'====== Args={}
2025-06-03 21:20:56,759 : INFO : BallController : Initial balls found: 0
2025-06-03 21:20:56,760 : INFO : EventManager : Event: ======'machine_var_audits_events_game_ended'====== Args={'value': 50, 'prev_value': None, 'change': True}
2025-06-03 21:20:56,760 : INFO : EventManager : Event: ======'machine_var_audits_events_game_started'====== Args={'value': 89, 'prev_value': None, 'change': True}
2025-06-03 21:20:56,760 : INFO : EventManager : Event: ======'machine_var_audits_player_score'====== Args={'value': {'average': 0.0, 'top': [0, 0, 0, 0, 0, 0, 0, 0, 0, 0], 'total': 50}, 'prev_value': None, 'change': True}
2025-06-03 21:20:56,760 : INFO : EventManager : Event: ======'machine_var_audits_switches_s_drop_bank1'====== Args={'value': 140, 'prev_value': None, 'change': True}
2025-06-03 21:20:56,760 : INFO : EventManager : Event: ======'machine_var_audits_switches_s_left_flipper'====== Args={'value': 2279, 'prev_value': None, 'change': True}
2025-06-03 21:20:56,760 : INFO : EventManager : Event: ======'machine_var_audits_switches_s_left_slingshot'====== Args={'value': 290, 'prev_value': None, 'change': True}
2025-06-03 21:20:56,760 : INFO : EventManager : Event: ======'machine_var_audits_switches_s_plunger'====== Args={'value': 5, 'prev_value': None, 'change': True}
2025-06-03 21:20:56,761 : INFO : EventManager : Event: ======'machine_var_audits_switches_s_pop_bot'====== Args={'value': 426, 'prev_value': None, 'change': True}
2025-06-03 21:20:56,761 : INFO : EventManager : Event: ======'machine_var_audits_switches_s_pop_mid'====== Args={'value': 351, 'prev_value': None, 'change': True}
2025-06-03 21:20:56,761 : INFO : EventManager : Event: ======'machine_var_audits_switches_s_pop_top'====== Args={'value': 302, 'prev_value': None, 'change': True}
2025-06-03 21:20:56,761 : INFO : EventManager : Event: ======'machine_var_audits_switches_s_right_flipper'====== Args={'value': 2328, 'prev_value': None, 'change': True}
2025-06-03 21:20:56,761 : INFO : EventManager : Event: ======'machine_var_audits_switches_s_right_inlane'====== Args={'value': 57, 'prev_value': None, 'change': True}
2025-06-03 21:20:56,761 : INFO : EventManager : Event: ======'machine_var_audits_switches_s_right_slingshot'====== Args={'value': 255, 'prev_value': None, 'change': True}
2025-06-03 21:20:56,761 : INFO : EventManager : Event: ======'machine_var_audits_switches_s_scoop_center'====== Args={'value': 0, 'prev_value': None, 'change': True}
2025-06-03 21:20:56,761 : INFO : EventManager : Event: ======'machine_var_audits_switches_s_scoop_lower'====== Args={'value': 220, 'prev_value': None, 'change': True}
2025-06-03 21:20:56,761 : INFO : EventManager : Event: ======'machine_var_audits_switches_s_scoop_right'====== Args={'value': 0, 'prev_value': None, 'change': True}
2025-06-03 21:20:56,761 : INFO : EventManager : Event: ======'machine_var_audits_switches_s_startButton'====== Args={'value': 34, 'prev_value': None, 'change': True}
2025-06-03 21:20:56,761 : INFO : EventManager : Event: ======'machine_var_audits_switches_s_trough1'====== Args={'value': 303, 'prev_value': None, 'change': True}
2025-06-03 21:20:56,761 : INFO : EventManager : Event: ======'machine_var_audits_switches_s_trough2'====== Args={'value': 1, 'prev_value': None, 'change': True}
2025-06-03 21:20:56,761 : INFO : EventManager : Event: ======'machine_var_audits_switches_s_trough3'====== Args={'value': 1, 'prev_value': None, 'change': True}
2025-06-03 21:20:56,762 : INFO : EventManager : Event: ======'machine_var_audits_switches_s_trough4'====== Args={'value': 1, 'prev_value': None, 'change': True}
2025-06-03 21:20:56,762 : INFO : EventManager : Event: ======'machine_var_audits_switches_s_trough5'====== Args={'value': 0, 'prev_value': None, 'change': True}
2025-06-03 21:20:56,762 : INFO : EventManager : Event: ======'machine_var_audits_switches_s_left_inlane2'====== Args={'value': 0, 'prev_value': None, 'change': True}
2025-06-03 21:20:56,762 : INFO : EventManager : Event: ======'machine_var_audits_switches_s_left_outlane'====== Args={'value': 0, 'prev_value': None, 'change': True}
2025-06-03 21:20:56,762 : INFO : EventManager : Event: ======'machine_var_audits_switches_s_pop1'====== Args={'value': 0, 'prev_value': None, 'change': True}
2025-06-03 21:20:56,762 : INFO : EventManager : Event: ======'machine_var_audits_switches_s_pop2'====== Args={'value': 0, 'prev_value': None, 'change': True}
2025-06-03 21:20:56,762 : INFO : EventManager : Event: ======'machine_var_audits_switches_s_pop4'====== Args={'value': 0, 'prev_value': None, 'change': True}
2025-06-03 21:20:56,762 : INFO : EventManager : Event: ======'machine_var_audits_switches_s_pop5'====== Args={'value': 0, 'prev_value': None, 'change': True}
2025-06-03 21:20:56,762 : INFO : EventManager : Event: ======'machine_var_audits_switches_s_left_inlane1'====== Args={'value': 0, 'prev_value': None, 'change': True}
2025-06-03 21:20:56,762 : INFO : EventManager : Event: ======'machine_var_audits_switches_s_right_outlane'====== Args={'value': 0, 'prev_value': None, 'change': True}
2025-06-03 21:20:56,763 : INFO : EventManager : Event: ======'machine_var_audits_switches_s_pop3'====== Args={'value': 0, 'prev_value': None, 'change': True}
2025-06-03 21:20:56,764 : INFO : EventManager : Event: ======'init_phase_5'====== Args={}
2025-06-03 21:20:56,764 : INFO : EventManager : Event: ======'init_done'====== Args={}
2025-06-03 21:20:56,771 : INFO : EventManager : Event: ======'machine_reset_phase_1'====== Args={}
2025-06-03 21:20:56,772 : INFO : EventManager : Event: ======'machine_var_mc_version'====== Args={'value': 'MPF-MC v0.57.1', 'prev_value': None, 'change': True}
2025-06-03 21:20:56,772 : INFO : EventManager : Event: ======'machine_var_mc_extended_version'====== Args={'value': 'MPF-MC v0.57.1 (config_version=6, BCP v1.1,                      Requires MPF API compatibility v0.57.0 or newer)', 'prev_value': None, 'change': True}
2025-06-03 21:20:56,775 : INFO : EventManager : Event: ======'slide_welcome_slide_removed'====== Args={'_from_bcp': True}
2025-06-03 21:20:56,775 : INFO : EventManager : Event: ======'slide_welcome_slide_created'====== Args={'_from_bcp': True}
2025-06-03 21:20:56,775 : INFO : EventManager : Event: ======'slide_welcome_slide_active'====== Args={'_from_bcp': True}
2025-06-03 21:20:56,823 : INFO : EventManager : Event: ======'machine_reset_phase_2'====== Args={}
2025-06-03 21:20:56,823 : INFO : EventManager : Event: ======'machine_reset_phase_3'====== Args={}
2025-06-03 21:20:56,823 : INFO : EventManager : Event: ======'reset_complete'====== Args={}
2025-06-03 21:20:56,823 : INFO : EventManager : Event: ======'mode_attract_will_start'====== Args={}
2025-06-03 21:20:56,824 : INFO : EventManager : Event: ======'mode_attract_starting'====== Args={}
2025-06-03 21:20:56,824 : INFO : Mode.attract : Started. Priority: 10
2025-06-03 21:20:56,824 : INFO : EventManager : Event: ======'modes_active_modes_changed'====== Args={}
2025-06-03 21:20:56,824 : INFO : EventManager : Event: ======'mode_attract_started'====== Args={}
2025-06-03 21:20:56,824 : INFO : EventManager : Event: ======'collecting_balls_complete'====== Args={}
2025-06-03 21:20:56,824 : INFO : Machine : Starting the main run loop with active modes: [<Mode.attract>]
2025-06-03 21:20:56,838 : INFO : EventManager : Event: ======'slide_attract_started_created'====== Args={'_from_bcp': True}
2025-06-03 21:20:56,838 : INFO : EventManager : Event: ======'slide_attract_started_active'====== Args={'_from_bcp': True}
2025-06-03 21:21:15,229 : INFO : BcpServer : New client connected.
2025-06-03 21:21:38,723 : INFO : SwitchController : <<<<<<< 's_startButton' active >>>>>>>
2025-06-03 21:21:38,842 : INFO : SwitchController : <<<<<<< 's_startButton' inactive >>>>>>>
2025-06-03 21:21:38,842 : INFO : EventManager : Event: ======'request_to_start_game'====== Args={}
2025-06-03 21:21:38,844 : INFO : BallController : Known balls: 0
2025-06-03 21:21:38,844 : INFO : BallController : bd_trough contains 0 balls. Tags ['trough', 'home', 'drain']
2025-06-03 21:21:38,844 : INFO : BallController : playfield contains 0 balls. Tags ['default']
2025-06-03 21:21:38,844 : WARNING : BallController : BallController denies game start. Not enough balls. 0 found. 1 required
2025-06-03 21:21:38,844 : INFO : BallController : Triggering ball search.
2025-06-03 21:21:51,840 : INFO : SwitchController : <<<<<<< 's_startButton' active >>>>>>>
2025-06-03 21:21:51,982 : INFO : SwitchController : <<<<<<< 's_startButton' inactive >>>>>>>
2025-06-03 21:21:51,982 : INFO : EventManager : Event: ======'request_to_start_game'====== Args={}
2025-06-03 21:21:51,982 : INFO : BallController : Known balls: 0
2025-06-03 21:21:51,982 : INFO : BallController : bd_trough contains 0 balls. Tags ['trough', 'home', 'drain']
2025-06-03 21:21:51,982 : INFO : BallController : playfield contains 0 balls. Tags ['default']
2025-06-03 21:21:51,982 : WARNING : BallController : BallController denies game start. Not enough balls. 0 found. 1 required
2025-06-03 21:21:51,982 : INFO : BallController : Triggering ball search.
2025-06-03 21:21:52,383 : INFO : SwitchController : <<<<<<< 's_startButton' active >>>>>>>
2025-06-03 21:21:52,460 : INFO : SwitchController : <<<<<<< 's_startButton' inactive >>>>>>>
2025-06-03 21:21:52,460 : INFO : EventManager : Event: ======'request_to_start_game'====== Args={}
2025-06-03 21:21:52,461 : INFO : BallController : Known balls: 0
2025-06-03 21:21:52,461 : INFO : BallController : bd_trough contains 0 balls. Tags ['trough', 'home', 'drain']
2025-06-03 21:21:52,461 : INFO : BallController : playfield contains 0 balls. Tags ['default']
2025-06-03 21:21:52,461 : WARNING : BallController : BallController denies game start. Not enough balls. 0 found. 1 required
2025-06-03 21:21:52,461 : INFO : BallController : Triggering ball search.
2025-06-03 21:21:52,731 : INFO : SwitchController : <<<<<<< 's_startButton' active >>>>>>>
2025-06-03 21:21:52,834 : INFO : SwitchController : <<<<<<< 's_startButton' inactive >>>>>>>
2025-06-03 21:21:52,835 : INFO : EventManager : Event: ======'request_to_start_game'====== Args={}
2025-06-03 21:21:52,836 : INFO : BallController : Known balls: 0
2025-06-03 21:21:52,836 : INFO : BallController : bd_trough contains 0 balls. Tags ['trough', 'home', 'drain']
2025-06-03 21:21:52,836 : INFO : BallController : playfield contains 0 balls. Tags ['default']
2025-06-03 21:21:52,836 : WARNING : BallController : BallController denies game start. Not enough balls. 0 found. 1 required
2025-06-03 21:21:52,836 : INFO : BallController : Triggering ball search.
2025-06-03 21:21:52,928 : INFO : SwitchController : <<<<<<< 's_startButton' active >>>>>>>
2025-06-03 21:21:53,019 : INFO : SwitchController : <<<<<<< 's_startButton' inactive >>>>>>>
2025-06-03 21:21:53,019 : INFO : EventManager : Event: ======'request_to_start_game'====== Args={}
2025-06-03 21:21:53,020 : INFO : BallController : Known balls: 0
2025-06-03 21:21:53,020 : INFO : BallController : bd_trough contains 0 balls. Tags ['trough', 'home', 'drain']
2025-06-03 21:21:53,020 : INFO : BallController : playfield contains 0 balls. Tags ['default']
2025-06-03 21:21:53,020 : WARNING : BallController : BallController denies game start. Not enough balls. 0 found. 1 required
2025-06-03 21:21:53,020 : INFO : BallController : Triggering ball search.
2025-06-03 21:21:53,110 : INFO : SwitchController : <<<<<<< 's_startButton' active >>>>>>>
2025-06-03 21:21:53,213 : INFO : SwitchController : <<<<<<< 's_startButton' inactive >>>>>>>
2025-06-03 21:21:53,214 : INFO : EventManager : Event: ======'request_to_start_game'====== Args={}
2025-06-03 21:21:53,215 : INFO : BallController : Known balls: 0
2025-06-03 21:21:53,215 : INFO : BallController : bd_trough contains 0 balls. Tags ['trough', 'home', 'drain']
2025-06-03 21:21:53,215 : INFO : BallController : playfield contains 0 balls. Tags ['default']
2025-06-03 21:21:53,215 : WARNING : BallController : BallController denies game start. Not enough balls. 0 found. 1 required
2025-06-03 21:21:53,215 : INFO : BallController : Triggering ball search.
2025-06-03 21:21:53,343 : INFO : SwitchController : <<<<<<< 's_startButton' active >>>>>>>
2025-06-03 21:21:53,426 : INFO : SwitchController : <<<<<<< 's_startButton' inactive >>>>>>>
2025-06-03 21:21:53,426 : INFO : EventManager : Event: ======'request_to_start_game'====== Args={}
2025-06-03 21:21:53,427 : INFO : BallController : Known balls: 0
2025-06-03 21:21:53,427 : INFO : BallController : bd_trough contains 0 balls. Tags ['trough', 'home', 'drain']
2025-06-03 21:21:53,427 : INFO : BallController : playfield contains 0 balls. Tags ['default']
2025-06-03 21:21:53,427 : WARNING : BallController : BallController denies game start. Not enough balls. 0 found. 1 required
2025-06-03 21:21:53,427 : INFO : BallController : Triggering ball search.
2025-06-03 21:21:53,684 : INFO : SwitchController : <<<<<<< 's_startButton' active >>>>>>>
2025-06-03 21:21:53,796 : INFO : SwitchController : <<<<<<< 's_startButton' inactive >>>>>>>
2025-06-03 21:21:53,797 : INFO : EventManager : Event: ======'request_to_start_game'====== Args={}
2025-06-03 21:21:53,798 : INFO : BallController : Known balls: 0
2025-06-03 21:21:53,798 : INFO : BallController : bd_trough contains 0 balls. Tags ['trough', 'home', 'drain']
2025-06-03 21:21:53,798 : INFO : BallController : playfield contains 0 balls. Tags ['default']
2025-06-03 21:21:53,798 : WARNING : BallController : BallController denies game start. Not enough balls. 0 found. 1 required
2025-06-03 21:21:53,798 : INFO : BallController : Triggering ball search.
2025-06-03 21:21:53,901 : INFO : SwitchController : <<<<<<< 's_startButton' active >>>>>>>
2025-06-03 21:21:53,976 : INFO : SwitchController : <<<<<<< 's_startButton' inactive >>>>>>>
2025-06-03 21:21:53,977 : INFO : EventManager : Event: ======'request_to_start_game'====== Args={}
2025-06-03 21:21:53,977 : INFO : BallController : Known balls: 0
2025-06-03 21:21:53,977 : INFO : BallController : bd_trough contains 0 balls. Tags ['trough', 'home', 'drain']
2025-06-03 21:21:53,977 : INFO : BallController : playfield contains 0 balls. Tags ['default']
2025-06-03 21:21:53,977 : WARNING : BallController : BallController denies game start. Not enough balls. 0 found. 1 required
2025-06-03 21:21:53,977 : INFO : BallController : Triggering ball search.
2025-06-03 21:21:54,072 : INFO : SwitchController : <<<<<<< 's_startButton' active >>>>>>>
2025-06-03 21:21:54,155 : INFO : SwitchController : <<<<<<< 's_startButton' inactive >>>>>>>
2025-06-03 21:21:54,156 : INFO : EventManager : Event: ======'request_to_start_game'====== Args={}
2025-06-03 21:21:54,156 : INFO : BallController : Known balls: 0
2025-06-03 21:21:54,156 : INFO : BallController : bd_trough contains 0 balls. Tags ['trough', 'home', 'drain']
2025-06-03 21:21:54,156 : INFO : BallController : playfield contains 0 balls. Tags ['default']
2025-06-03 21:21:54,156 : WARNING : BallController : BallController denies game start. Not enough balls. 0 found. 1 required
2025-06-03 21:21:54,156 : INFO : BallController : Triggering ball search.
2025-06-03 21:21:54,242 : INFO : SwitchController : <<<<<<< 's_startButton' active >>>>>>>
2025-06-03 21:21:54,329 : INFO : SwitchController : <<<<<<< 's_startButton' inactive >>>>>>>
2025-06-03 21:21:54,330 : INFO : EventManager : Event: ======'request_to_start_game'====== Args={}
2025-06-03 21:21:54,331 : INFO : BallController : Known balls: 0
2025-06-03 21:21:54,331 : INFO : BallController : bd_trough contains 0 balls. Tags ['trough', 'home', 'drain']
2025-06-03 21:21:54,331 : INFO : BallController : playfield contains 0 balls. Tags ['default']
2025-06-03 21:21:54,331 : WARNING : BallController : BallController denies game start. Not enough balls. 0 found. 1 required
2025-06-03 21:21:54,331 : INFO : BallController : Triggering ball search.
2025-06-03 21:21:54,430 : INFO : SwitchController : <<<<<<< 's_startButton' active >>>>>>>
2025-06-03 21:21:54,510 : INFO : SwitchController : <<<<<<< 's_startButton' inactive >>>>>>>
2025-06-03 21:21:54,510 : INFO : EventManager : Event: ======'request_to_start_game'====== Args={}
2025-06-03 21:21:54,511 : INFO : BallController : Known balls: 0
2025-06-03 21:21:54,511 : INFO : BallController : bd_trough contains 0 balls. Tags ['trough', 'home', 'drain']
2025-06-03 21:21:54,511 : INFO : BallController : playfield contains 0 balls. Tags ['default']
2025-06-03 21:21:54,511 : WARNING : BallController : BallController denies game start. Not enough balls. 0 found. 1 required
2025-06-03 21:21:54,511 : INFO : BallController : Triggering ball search.
2025-06-03 21:21:54,605 : INFO : SwitchController : <<<<<<< 's_startButton' active >>>>>>>
2025-06-03 21:21:54,705 : INFO : SwitchController : <<<<<<< 's_startButton' inactive >>>>>>>
2025-06-03 21:21:54,705 : INFO : EventManager : Event: ======'request_to_start_game'====== Args={}
2025-06-03 21:21:54,706 : INFO : BallController : Known balls: 0
2025-06-03 21:21:54,706 : INFO : BallController : bd_trough contains 0 balls. Tags ['trough', 'home', 'drain']
2025-06-03 21:21:54,706 : INFO : BallController : playfield contains 0 balls. Tags ['default']
2025-06-03 21:21:54,706 : WARNING : BallController : BallController denies game start. Not enough balls. 0 found. 1 required
2025-06-03 21:21:54,706 : INFO : BallController : Triggering ball search.
2025-06-03 21:21:54,799 : INFO : SwitchController : <<<<<<< 's_startButton' active >>>>>>>
2025-06-03 21:21:54,877 : INFO : SwitchController : <<<<<<< 's_startButton' inactive >>>>>>>
2025-06-03 21:21:54,877 : INFO : EventManager : Event: ======'request_to_start_game'====== Args={}
2025-06-03 21:21:54,877 : INFO : BallController : Known balls: 0
2025-06-03 21:21:54,877 : INFO : BallController : bd_trough contains 0 balls. Tags ['trough', 'home', 'drain']
2025-06-03 21:21:54,877 : INFO : BallController : playfield contains 0 balls. Tags ['default']
2025-06-03 21:21:54,877 : WARNING : BallController : BallController denies game start. Not enough balls. 0 found. 1 required
2025-06-03 21:21:54,877 : INFO : BallController : Triggering ball search.
2025-06-03 21:22:02,039 : INFO : SwitchController : <<<<<<< 's_right_outlane' active >>>>>>>
2025-06-03 21:22:02,142 : INFO : SwitchController : <<<<<<< 's_right_outlane' inactive >>>>>>>
2025-06-03 21:22:02,727 : INFO : SwitchController : <<<<<<< 's_right_inlane' active >>>>>>>
2025-06-03 21:22:02,830 : INFO : SwitchController : <<<<<<< 's_right_inlane' inactive >>>>>>>
2025-06-03 21:22:02,953 : INFO : SwitchController : <<<<<<< 's_right_inlane' active >>>>>>>
2025-06-03 21:22:03,034 : INFO : SwitchController : <<<<<<< 's_right_inlane' inactive >>>>>>>
2025-06-03 21:22:03,122 : INFO : SwitchController : <<<<<<< 's_right_inlane' active >>>>>>>
2025-06-03 21:22:03,213 : INFO : SwitchController : <<<<<<< 's_right_inlane' inactive >>>>>>>
2025-06-03 21:22:04,006 : INFO : SwitchController : <<<<<<< 's_right_slingshot' active >>>>>>>
2025-06-03 21:22:04,091 : INFO : SwitchController : <<<<<<< 's_right_slingshot' inactive >>>>>>>
2025-06-03 21:22:04,185 : INFO : SwitchController : <<<<<<< 's_right_slingshot' active >>>>>>>
2025-06-03 21:22:04,271 : INFO : SwitchController : <<<<<<< 's_right_slingshot' inactive >>>>>>>
2025-06-03 21:22:04,347 : INFO : SwitchController : <<<<<<< 's_right_slingshot' active >>>>>>>
2025-06-03 21:22:04,426 : INFO : SwitchController : <<<<<<< 's_right_slingshot' inactive >>>>>>>
2025-06-03 21:22:04,510 : INFO : SwitchController : <<<<<<< 's_right_slingshot' active >>>>>>>
2025-06-03 21:22:04,596 : INFO : SwitchController : <<<<<<< 's_right_slingshot' inactive >>>>>>>
2025-06-03 21:22:04,668 : INFO : SwitchController : <<<<<<< 's_right_slingshot' active >>>>>>>
2025-06-03 21:22:04,759 : INFO : SwitchController : <<<<<<< 's_right_slingshot' inactive >>>>>>>
2025-06-03 21:22:04,828 : INFO : SwitchController : <<<<<<< 's_right_slingshot' active >>>>>>>
2025-06-03 21:22:04,919 : INFO : SwitchController : <<<<<<< 's_right_slingshot' inactive >>>>>>>
2025-06-03 21:22:04,998 : INFO : SwitchController : <<<<<<< 's_right_slingshot' active >>>>>>>
2025-06-03 21:22:05,077 : INFO : SwitchController : <<<<<<< 's_right_slingshot' inactive >>>>>>>
2025-06-03 21:22:05,154 : INFO : SwitchController : <<<<<<< 's_right_slingshot' active >>>>>>>
2025-06-03 21:22:05,234 : INFO : SwitchController : <<<<<<< 's_right_slingshot' inactive >>>>>>>
2025-06-03 21:22:05,318 : INFO : SwitchController : <<<<<<< 's_right_slingshot' active >>>>>>>
2025-06-03 21:22:05,398 : INFO : SwitchController : <<<<<<< 's_right_slingshot' inactive >>>>>>>
2025-06-03 21:22:06,411 : INFO : SwitchController : <<<<<<< 's_right_flipper' active >>>>>>>
2025-06-03 21:22:06,528 : INFO : SwitchController : <<<<<<< 's_right_flipper' inactive >>>>>>>
2025-06-03 21:22:06,622 : INFO : SwitchController : <<<<<<< 's_right_flipper' active >>>>>>>
2025-06-03 21:22:06,710 : INFO : SwitchController : <<<<<<< 's_right_flipper' inactive >>>>>>>
2025-06-03 21:22:06,789 : INFO : SwitchController : <<<<<<< 's_right_flipper' active >>>>>>>
2025-06-03 21:22:06,880 : INFO : SwitchController : <<<<<<< 's_right_flipper' inactive >>>>>>>
2025-06-03 21:22:06,961 : INFO : SwitchController : <<<<<<< 's_right_flipper' active >>>>>>>
2025-06-03 21:22:07,052 : INFO : SwitchController : <<<<<<< 's_right_flipper' inactive >>>>>>>
2025-06-03 21:22:07,152 : INFO : SwitchController : <<<<<<< 's_right_flipper' active >>>>>>>
2025-06-03 21:22:07,250 : INFO : SwitchController : <<<<<<< 's_right_flipper' inactive >>>>>>>
2025-06-03 21:22:07,372 : INFO : SwitchController : <<<<<<< 's_right_flipper' active >>>>>>>
2025-06-03 21:22:07,463 : INFO : SwitchController : <<<<<<< 's_right_flipper' inactive >>>>>>>
2025-06-03 21:22:07,635 : INFO : SwitchController : <<<<<<< 's_right_flipper' active >>>>>>>
2025-06-03 21:22:07,738 : INFO : SwitchController : <<<<<<< 's_right_flipper' inactive >>>>>>>
2025-06-03 21:22:08,195 : INFO : SwitchController : <<<<<<< 's_right_flipper' active >>>>>>>
2025-06-03 21:22:08,322 : INFO : SwitchController : <<<<<<< 's_right_flipper' inactive >>>>>>>
2025-06-03 21:22:08,444 : INFO : SwitchController : <<<<<<< 's_right_flipper' active >>>>>>>
2025-06-03 21:22:08,539 : INFO : SwitchController : <<<<<<< 's_right_flipper' inactive >>>>>>>
2025-06-03 21:22:09,353 : INFO : SwitchController : <<<<<<< 's_left_flipper' active >>>>>>>
2025-06-03 21:22:09,455 : INFO : SwitchController : <<<<<<< 's_left_flipper' inactive >>>>>>>
2025-06-03 21:22:09,544 : INFO : SwitchController : <<<<<<< 's_left_flipper' active >>>>>>>
2025-06-03 21:22:09,619 : INFO : SwitchController : <<<<<<< 's_left_flipper' inactive >>>>>>>
2025-06-03 21:22:10,412 : INFO : SwitchController : <<<<<<< 's_startButton' active >>>>>>>
2025-06-03 21:22:10,538 : INFO : SwitchController : <<<<<<< 's_startButton' inactive >>>>>>>
2025-06-03 21:22:10,539 : INFO : EventManager : Event: ======'request_to_start_game'====== Args={}
2025-06-03 21:22:10,540 : INFO : BallController : Known balls: 0
2025-06-03 21:22:10,540 : INFO : BallController : bd_trough contains 0 balls. Tags ['trough', 'home', 'drain']
2025-06-03 21:22:10,540 : INFO : BallController : playfield contains 0 balls. Tags ['default']
2025-06-03 21:22:10,540 : WARNING : BallController : BallController denies game start. Not enough balls. 0 found. 1 required
2025-06-03 21:22:10,540 : INFO : BallController : Triggering ball search.
2025-06-03 21:22:10,635 : INFO : SwitchController : <<<<<<< 's_startButton' active >>>>>>>
2025-06-03 21:22:10,727 : INFO : SwitchController : <<<<<<< 's_startButton' inactive >>>>>>>
2025-06-03 21:22:10,727 : INFO : EventManager : Event: ======'request_to_start_game'====== Args={}
2025-06-03 21:22:10,728 : INFO : BallController : Known balls: 0
2025-06-03 21:22:10,728 : INFO : BallController : bd_trough contains 0 balls. Tags ['trough', 'home', 'drain']
2025-06-03 21:22:10,728 : INFO : BallController : playfield contains 0 balls. Tags ['default']
2025-06-03 21:22:10,728 : WARNING : BallController : BallController denies game start. Not enough balls. 0 found. 1 required
2025-06-03 21:22:10,728 : INFO : BallController : Triggering ball search.
2025-06-03 21:22:10,822 : INFO : SwitchController : <<<<<<< 's_startButton' active >>>>>>>
2025-06-03 21:22:10,913 : INFO : SwitchController : <<<<<<< 's_startButton' inactive >>>>>>>
2025-06-03 21:22:10,913 : INFO : EventManager : Event: ======'request_to_start_game'====== Args={}
2025-06-03 21:22:10,914 : INFO : BallController : Known balls: 0
2025-06-03 21:22:10,914 : INFO : BallController : bd_trough contains 0 balls. Tags ['trough', 'home', 'drain']
2025-06-03 21:22:10,914 : INFO : BallController : playfield contains 0 balls. Tags ['default']
2025-06-03 21:22:10,914 : WARNING : BallController : BallController denies game start. Not enough balls. 0 found. 1 required
2025-06-03 21:22:10,914 : INFO : BallController : Triggering ball search.
2025-06-03 21:22:11,007 : INFO : SwitchController : <<<<<<< 's_startButton' active >>>>>>>
2025-06-03 21:22:11,103 : INFO : SwitchController : <<<<<<< 's_startButton' inactive >>>>>>>
2025-06-03 21:22:11,103 : INFO : EventManager : Event: ======'request_to_start_game'====== Args={}
2025-06-03 21:22:11,103 : INFO : BallController : Known balls: 0
2025-06-03 21:22:11,104 : INFO : BallController : bd_trough contains 0 balls. Tags ['trough', 'home', 'drain']
2025-06-03 21:22:11,104 : INFO : BallController : playfield contains 0 balls. Tags ['default']
2025-06-03 21:22:11,104 : WARNING : BallController : BallController denies game start. Not enough balls. 0 found. 1 required
2025-06-03 21:22:11,104 : INFO : BallController : Triggering ball search.
2025-06-03 21:22:11,198 : INFO : SwitchController : <<<<<<< 's_startButton' active >>>>>>>
2025-06-03 21:22:11,301 : INFO : SwitchController : <<<<<<< 's_startButton' inactive >>>>>>>
2025-06-03 21:22:11,301 : INFO : EventManager : Event: ======'request_to_start_game'====== Args={}
2025-06-03 21:22:11,302 : INFO : BallController : Known balls: 0
2025-06-03 21:22:11,302 : INFO : BallController : bd_trough contains 0 balls. Tags ['trough', 'home', 'drain']
2025-06-03 21:22:11,303 : INFO : BallController : playfield contains 0 balls. Tags ['default']
2025-06-03 21:22:11,303 : WARNING : BallController : BallController denies game start. Not enough balls. 0 found. 1 required
2025-06-03 21:22:11,303 : INFO : BallController : Triggering ball search.
2025-06-03 21:22:11,397 : INFO : SwitchController : <<<<<<< 's_startButton' active >>>>>>>
2025-06-03 21:22:11,476 : INFO : SwitchController : <<<<<<< 's_startButton' inactive >>>>>>>
2025-06-03 21:22:11,477 : INFO : EventManager : Event: ======'request_to_start_game'====== Args={}
2025-06-03 21:22:11,478 : INFO : BallController : Known balls: 0
2025-06-03 21:22:11,478 : INFO : BallController : bd_trough contains 0 balls. Tags ['trough', 'home', 'drain']
2025-06-03 21:22:11,478 : INFO : BallController : playfield contains 0 balls. Tags ['default']
2025-06-03 21:22:11,478 : WARNING : BallController : BallController denies game start. Not enough balls. 0 found. 1 required
2025-06-03 21:22:11,478 : INFO : BallController : Triggering ball search.
2025-06-03 21:22:11,576 : INFO : SwitchController : <<<<<<< 's_startButton' active >>>>>>>
2025-06-03 21:22:11,647 : INFO : SwitchController : <<<<<<< 's_startButton' inactive >>>>>>>
2025-06-03 21:22:11,647 : INFO : EventManager : Event: ======'request_to_start_game'====== Args={}
2025-06-03 21:22:11,649 : INFO : BallController : Known balls: 0
2025-06-03 21:22:11,649 : INFO : BallController : bd_trough contains 0 balls. Tags ['trough', 'home', 'drain']
2025-06-03 21:22:11,649 : INFO : BallController : playfield contains 0 balls. Tags ['default']
2025-06-03 21:22:11,649 : WARNING : BallController : BallController denies game start. Not enough balls. 0 found. 1 required
2025-06-03 21:22:11,649 : INFO : BallController : Triggering ball search.
2025-06-03 21:22:11,731 : INFO : SwitchController : <<<<<<< 's_startButton' active >>>>>>>
2025-06-03 21:22:11,801 : INFO : SwitchController : <<<<<<< 's_startButton' inactive >>>>>>>
2025-06-03 21:22:11,802 : INFO : EventManager : Event: ======'request_to_start_game'====== Args={}
2025-06-03 21:22:11,803 : INFO : BallController : Known balls: 0
2025-06-03 21:22:11,803 : INFO : BallController : bd_trough contains 0 balls. Tags ['trough', 'home', 'drain']
2025-06-03 21:22:11,803 : INFO : BallController : playfield contains 0 balls. Tags ['default']
2025-06-03 21:22:11,803 : WARNING : BallController : BallController denies game start. Not enough balls. 0 found. 1 required
2025-06-03 21:22:11,803 : INFO : BallController : Triggering ball search.
2025-06-03 21:22:11,893 : INFO : SwitchController : <<<<<<< 's_startButton' active >>>>>>>
2025-06-03 21:22:11,970 : INFO : SwitchController : <<<<<<< 's_startButton' inactive >>>>>>>
2025-06-03 21:22:11,970 : INFO : EventManager : Event: ======'request_to_start_game'====== Args={}
2025-06-03 21:22:11,970 : INFO : BallController : Known balls: 0
2025-06-03 21:22:11,970 : INFO : BallController : bd_trough contains 0 balls. Tags ['trough', 'home', 'drain']
2025-06-03 21:22:11,970 : INFO : BallController : playfield contains 0 balls. Tags ['default']
2025-06-03 21:22:11,970 : WARNING : BallController : BallController denies game start. Not enough balls. 0 found. 1 required
2025-06-03 21:22:11,970 : INFO : BallController : Triggering ball search.
2025-06-03 21:22:12,066 : INFO : SwitchController : <<<<<<< 's_startButton' active >>>>>>>
2025-06-03 21:22:12,143 : INFO : SwitchController : <<<<<<< 's_startButton' inactive >>>>>>>
2025-06-03 21:22:12,144 : INFO : EventManager : Event: ======'request_to_start_game'====== Args={}
2025-06-03 21:22:12,144 : INFO : BallController : Known balls: 0
2025-06-03 21:22:12,144 : INFO : BallController : bd_trough contains 0 balls. Tags ['trough', 'home', 'drain']
2025-06-03 21:22:12,144 : INFO : BallController : playfield contains 0 balls. Tags ['default']
2025-06-03 21:22:12,144 : WARNING : BallController : BallController denies game start. Not enough balls. 0 found. 1 required
2025-06-03 21:22:12,145 : INFO : BallController : Triggering ball search.
2025-06-03 21:22:12,222 : INFO : SwitchController : <<<<<<< 's_startButton' active >>>>>>>
2025-06-03 21:22:12,314 : INFO : SwitchController : <<<<<<< 's_startButton' inactive >>>>>>>
2025-06-03 21:22:12,314 : INFO : EventManager : Event: ======'request_to_start_game'====== Args={}
2025-06-03 21:22:12,315 : INFO : BallController : Known balls: 0
2025-06-03 21:22:12,315 : INFO : BallController : bd_trough contains 0 balls. Tags ['trough', 'home', 'drain']
2025-06-03 21:22:12,315 : INFO : BallController : playfield contains 0 balls. Tags ['default']
2025-06-03 21:22:12,315 : WARNING : BallController : BallController denies game start. Not enough balls. 0 found. 1 required
2025-06-03 21:22:12,315 : INFO : BallController : Triggering ball search.
2025-06-03 21:22:12,393 : INFO : SwitchController : <<<<<<< 's_startButton' active >>>>>>>
2025-06-03 21:22:12,473 : INFO : SwitchController : <<<<<<< 's_startButton' inactive >>>>>>>
2025-06-03 21:22:12,473 : INFO : EventManager : Event: ======'request_to_start_game'====== Args={}
2025-06-03 21:22:12,474 : INFO : BallController : Known balls: 0
2025-06-03 21:22:12,475 : INFO : BallController : bd_trough contains 0 balls. Tags ['trough', 'home', 'drain']
2025-06-03 21:22:12,475 : INFO : BallController : playfield contains 0 balls. Tags ['default']
2025-06-03 21:22:12,475 : WARNING : BallController : BallController denies game start. Not enough balls. 0 found. 1 required
2025-06-03 21:22:12,475 : INFO : BallController : Triggering ball search.
2025-06-03 21:22:12,564 : INFO : SwitchController : <<<<<<< 's_startButton' active >>>>>>>
2025-06-03 21:22:12,650 : INFO : SwitchController : <<<<<<< 's_startButton' inactive >>>>>>>
2025-06-03 21:22:12,651 : INFO : EventManager : Event: ======'request_to_start_game'====== Args={}
2025-06-03 21:22:12,652 : INFO : BallController : Known balls: 0
2025-06-03 21:22:12,652 : INFO : BallController : bd_trough contains 0 balls. Tags ['trough', 'home', 'drain']
2025-06-03 21:22:12,652 : INFO : BallController : playfield contains 0 balls. Tags ['default']
2025-06-03 21:22:12,652 : WARNING : BallController : BallController denies game start. Not enough balls. 0 found. 1 required
2025-06-03 21:22:12,652 : INFO : BallController : Triggering ball search.
2025-06-03 21:22:12,743 : INFO : SwitchController : <<<<<<< 's_startButton' active >>>>>>>
2025-06-03 21:22:12,839 : INFO : SwitchController : <<<<<<< 's_startButton' inactive >>>>>>>
2025-06-03 21:22:12,839 : INFO : EventManager : Event: ======'request_to_start_game'====== Args={}
2025-06-03 21:22:12,840 : INFO : BallController : Known balls: 0
2025-06-03 21:22:12,840 : INFO : BallController : bd_trough contains 0 balls. Tags ['trough', 'home', 'drain']
2025-06-03 21:22:12,840 : INFO : BallController : playfield contains 0 balls. Tags ['default']
2025-06-03 21:22:12,840 : WARNING : BallController : BallController denies game start. Not enough balls. 0 found. 1 required
2025-06-03 21:22:12,840 : INFO : BallController : Triggering ball search.
2025-06-03 21:22:12,915 : INFO : SwitchController : <<<<<<< 's_startButton' active >>>>>>>
2025-06-03 21:22:13,019 : INFO : SwitchController : <<<<<<< 's_startButton' inactive >>>>>>>
2025-06-03 21:22:13,020 : INFO : EventManager : Event: ======'request_to_start_game'====== Args={}
2025-06-03 21:22:13,020 : INFO : BallController : Known balls: 0
2025-06-03 21:22:13,020 : INFO : BallController : bd_trough contains 0 balls. Tags ['trough', 'home', 'drain']
2025-06-03 21:22:13,020 : INFO : BallController : playfield contains 0 balls. Tags ['default']
2025-06-03 21:22:13,020 : WARNING : BallController : BallController denies game start. Not enough balls. 0 found. 1 required
2025-06-03 21:22:13,020 : INFO : BallController : Triggering ball search.
2025-06-03 21:22:13,095 : INFO : SwitchController : <<<<<<< 's_startButton' active >>>>>>>
2025-06-03 21:22:13,193 : INFO : SwitchController : <<<<<<< 's_startButton' inactive >>>>>>>
2025-06-03 21:22:13,194 : INFO : EventManager : Event: ======'request_to_start_game'====== Args={}
2025-06-03 21:22:13,195 : INFO : BallController : Known balls: 0
2025-06-03 21:22:13,195 : INFO : BallController : bd_trough contains 0 balls. Tags ['trough', 'home', 'drain']
2025-06-03 21:22:13,195 : INFO : BallController : playfield contains 0 balls. Tags ['default']
2025-06-03 21:22:13,195 : WARNING : BallController : BallController denies game start. Not enough balls. 0 found. 1 required
2025-06-03 21:22:13,195 : INFO : BallController : Triggering ball search.
2025-06-03 21:22:13,277 : INFO : SwitchController : <<<<<<< 's_startButton' active >>>>>>>
2025-06-03 21:22:13,363 : INFO : SwitchController : <<<<<<< 's_startButton' inactive >>>>>>>
2025-06-03 21:22:13,364 : INFO : EventManager : Event: ======'request_to_start_game'====== Args={}
2025-06-03 21:22:13,365 : INFO : BallController : Known balls: 0
2025-06-03 21:22:13,365 : INFO : BallController : bd_trough contains 0 balls. Tags ['trough', 'home', 'drain']
2025-06-03 21:22:13,365 : INFO : BallController : playfield contains 0 balls. Tags ['default']
2025-06-03 21:22:13,365 : WARNING : BallController : BallController denies game start. Not enough balls. 0 found. 1 required
2025-06-03 21:22:13,365 : INFO : BallController : Triggering ball search.
2025-06-03 21:22:13,440 : INFO : SwitchController : <<<<<<< 's_startButton' active >>>>>>>
2025-06-03 21:22:13,525 : INFO : SwitchController : <<<<<<< 's_startButton' inactive >>>>>>>
2025-06-03 21:22:13,526 : INFO : EventManager : Event: ======'request_to_start_game'====== Args={}
2025-06-03 21:22:13,526 : INFO : BallController : Known balls: 0
2025-06-03 21:22:13,526 : INFO : BallController : bd_trough contains 0 balls. Tags ['trough', 'home', 'drain']
2025-06-03 21:22:13,526 : INFO : BallController : playfield contains 0 balls. Tags ['default']
2025-06-03 21:22:13,527 : WARNING : BallController : BallController denies game start. Not enough balls. 0 found. 1 required
2025-06-03 21:22:13,527 : INFO : BallController : Triggering ball search.
2025-06-03 21:22:13,606 : INFO : SwitchController : <<<<<<< 's_startButton' active >>>>>>>
2025-06-03 21:22:13,697 : INFO : SwitchController : <<<<<<< 's_startButton' inactive >>>>>>>
2025-06-03 21:22:13,698 : INFO : EventManager : Event: ======'request_to_start_game'====== Args={}
2025-06-03 21:22:13,699 : INFO : BallController : Known balls: 0
2025-06-03 21:22:13,699 : INFO : BallController : bd_trough contains 0 balls. Tags ['trough', 'home', 'drain']
2025-06-03 21:22:13,699 : INFO : BallController : playfield contains 0 balls. Tags ['default']
2025-06-03 21:22:13,699 : WARNING : BallController : BallController denies game start. Not enough balls. 0 found. 1 required
2025-06-03 21:22:13,699 : INFO : BallController : Triggering ball search.
2025-06-03 21:22:13,767 : INFO : SwitchController : <<<<<<< 's_startButton' active >>>>>>>
2025-06-03 21:22:13,860 : INFO : SwitchController : <<<<<<< 's_startButton' inactive >>>>>>>
2025-06-03 21:22:13,860 : INFO : EventManager : Event: ======'request_to_start_game'====== Args={}
2025-06-03 21:22:13,861 : INFO : BallController : Known balls: 0
2025-06-03 21:22:13,861 : INFO : BallController : bd_trough contains 0 balls. Tags ['trough', 'home', 'drain']
2025-06-03 21:22:13,861 : INFO : BallController : playfield contains 0 balls. Tags ['default']
2025-06-03 21:22:13,861 : WARNING : BallController : BallController denies game start. Not enough balls. 0 found. 1 required
2025-06-03 21:22:13,861 : INFO : BallController : Triggering ball search.
2025-06-03 21:22:14,211 : INFO : SwitchController : <<<<<<< 's_startButton' active >>>>>>>
2025-06-03 21:22:14,370 : INFO : SwitchController : <<<<<<< 's_startButton' inactive >>>>>>>
2025-06-03 21:22:14,370 : INFO : EventManager : Event: ======'request_to_start_game'====== Args={}
2025-06-03 21:22:14,371 : INFO : BallController : Known balls: 0
2025-06-03 21:22:14,371 : INFO : BallController : bd_trough contains 0 balls. Tags ['trough', 'home', 'drain']
2025-06-03 21:22:14,371 : INFO : BallController : playfield contains 0 balls. Tags ['default']
2025-06-03 21:22:14,371 : WARNING : BallController : BallController denies game start. Not enough balls. 0 found. 1 required
2025-06-03 21:22:14,371 : INFO : BallController : Triggering ball search.
2025-06-03 21:22:14,710 : INFO : SwitchController : <<<<<<< 's_startButton' active >>>>>>>
2025-06-03 21:22:14,820 : INFO : SwitchController : <<<<<<< 's_startButton' inactive >>>>>>>
2025-06-03 21:22:14,820 : INFO : EventManager : Event: ======'request_to_start_game'====== Args={}
2025-06-03 21:22:14,820 : INFO : BallController : Known balls: 0
2025-06-03 21:22:14,820 : INFO : BallController : bd_trough contains 0 balls. Tags ['trough', 'home', 'drain']
2025-06-03 21:22:14,820 : INFO : BallController : playfield contains 0 balls. Tags ['default']
2025-06-03 21:22:14,820 : WARNING : BallController : BallController denies game start. Not enough balls. 0 found. 1 required
2025-06-03 21:22:14,820 : INFO : BallController : Triggering ball search.
2025-06-03 21:23:23,917 : INFO : SwitchController : <<<<<<< 's_startButton' active >>>>>>>
2025-06-03 21:23:24,033 : INFO : SwitchController : <<<<<<< 's_startButton' inactive >>>>>>>
2025-06-03 21:23:24,033 : INFO : EventManager : Event: ======'request_to_start_game'====== Args={}
2025-06-03 21:23:24,034 : INFO : BallController : Known balls: 0
2025-06-03 21:23:24,034 : INFO : BallController : bd_trough contains 0 balls. Tags ['trough', 'home', 'drain']
2025-06-03 21:23:24,034 : INFO : BallController : playfield contains 0 balls. Tags ['default']
2025-06-03 21:23:24,034 : WARNING : BallController : BallController denies game start. Not enough balls. 0 found. 1 required
2025-06-03 21:23:24,034 : INFO : BallController : Triggering ball search.
2025-06-03 21:23:24,434 : INFO : SwitchController : <<<<<<< 's_startButton' active >>>>>>>
2025-06-03 21:23:24,538 : INFO : SwitchController : <<<<<<< 's_startButton' inactive >>>>>>>
2025-06-03 21:23:24,539 : INFO : EventManager : Event: ======'request_to_start_game'====== Args={}
2025-06-03 21:23:24,539 : INFO : BallController : Known balls: 0
2025-06-03 21:23:24,539 : INFO : BallController : bd_trough contains 0 balls. Tags ['trough', 'home', 'drain']
2025-06-03 21:23:24,540 : INFO : BallController : playfield contains 0 balls. Tags ['default']
2025-06-03 21:23:24,540 : WARNING : BallController : BallController denies game start. Not enough balls. 0 found. 1 required
2025-06-03 21:23:24,540 : INFO : BallController : Triggering ball search.
2025-06-03 21:23:24,644 : INFO : SwitchController : <<<<<<< 's_startButton' active >>>>>>>
2025-06-03 21:23:24,732 : INFO : SwitchController : <<<<<<< 's_startButton' inactive >>>>>>>
2025-06-03 21:23:24,732 : INFO : EventManager : Event: ======'request_to_start_game'====== Args={}
2025-06-03 21:23:24,732 : INFO : BallController : Known balls: 0
2025-06-03 21:23:24,732 : INFO : BallController : bd_trough contains 0 balls. Tags ['trough', 'home', 'drain']
2025-06-03 21:23:24,732 : INFO : BallController : playfield contains 0 balls. Tags ['default']
2025-06-03 21:23:24,732 : WARNING : BallController : BallController denies game start. Not enough balls. 0 found. 1 required
2025-06-03 21:23:24,733 : INFO : BallController : Triggering ball search.
2025-06-03 21:23:24,815 : INFO : SwitchController : <<<<<<< 's_startButton' active >>>>>>>
2025-06-03 21:23:24,916 : INFO : SwitchController : <<<<<<< 's_startButton' inactive >>>>>>>
2025-06-03 21:23:24,916 : INFO : EventManager : Event: ======'request_to_start_game'====== Args={}
2025-06-03 21:23:24,916 : INFO : BallController : Known balls: 0
2025-06-03 21:23:24,916 : INFO : BallController : bd_trough contains 0 balls. Tags ['trough', 'home', 'drain']
2025-06-03 21:23:24,916 : INFO : BallController : playfield contains 0 balls. Tags ['default']
2025-06-03 21:23:24,916 : WARNING : BallController : BallController denies game start. Not enough balls. 0 found. 1 required
2025-06-03 21:23:24,916 : INFO : BallController : Triggering ball search.
2025-06-03 21:23:24,987 : INFO : SwitchController : <<<<<<< 's_startButton' active >>>>>>>
2025-06-03 21:23:25,079 : INFO : SwitchController : <<<<<<< 's_startButton' inactive >>>>>>>
2025-06-03 21:23:25,079 : INFO : EventManager : Event: ======'request_to_start_game'====== Args={}
2025-06-03 21:23:25,079 : INFO : BallController : Known balls: 0
2025-06-03 21:23:25,079 : INFO : BallController : bd_trough contains 0 balls. Tags ['trough', 'home', 'drain']
2025-06-03 21:23:25,079 : INFO : BallController : playfield contains 0 balls. Tags ['default']
2025-06-03 21:23:25,079 : WARNING : BallController : BallController denies game start. Not enough balls. 0 found. 1 required
2025-06-03 21:23:25,079 : INFO : BallController : Triggering ball search.
2025-06-03 21:23:25,167 : INFO : SwitchController : <<<<<<< 's_startButton' active >>>>>>>
2025-06-03 21:23:25,260 : INFO : SwitchController : <<<<<<< 's_startButton' inactive >>>>>>>
2025-06-03 21:23:25,260 : INFO : EventManager : Event: ======'request_to_start_game'====== Args={}
2025-06-03 21:23:25,260 : INFO : BallController : Known balls: 0
2025-06-03 21:23:25,260 : INFO : BallController : bd_trough contains 0 balls. Tags ['trough', 'home', 'drain']
2025-06-03 21:23:25,261 : INFO : BallController : playfield contains 0 balls. Tags ['default']
2025-06-03 21:23:25,261 : WARNING : BallController : BallController denies game start. Not enough balls. 0 found. 1 required
2025-06-03 21:23:25,261 : INFO : BallController : Triggering ball search.
2025-06-03 21:27:26,282 : INFO : Machine : Shutting down...
2025-06-03 21:27:26,282 : INFO : EventManager : Event: ======'shutdown'====== Args={}
2025-06-03 21:27:26,295 : INFO : root : MPF run loop ended.
