2025-06-29 07:49:09,414 : kivy : deps: Successfully imported "kivy_deps.gstreamer" 0.3.3
2025-06-29 07:49:09,414 : kivy : deps: Successfully imported "kivy_deps.angle" 0.3.3
2025-06-29 07:49:09,414 : kivy : deps: Successfully imported "kivy_deps.glew" 0.3.1
2025-06-29 07:49:09,414 : kivy : deps: Successfully imported "kivy_deps.sdl2" 0.6.0
2025-06-29 07:49:09,414 : kivy : Kivy: v2.2.1
2025-06-29 07:49:09,414 : kivy : Kivy: Installed at "C:\Users\ruben\AppData\Local\Programs\Python\Python39\lib\site-packages\kivy\__init__.py"
2025-06-29 07:49:09,414 : kivy : Python: v3.9.13 (tags/v3.9.13:6de2ca5, May 17 2022, 16:36:42) [MSC v.1929 64 bit (AMD64)]
2025-06-29 07:49:09,414 : kivy : Python: Interpreter at "C:\Users\ruben\AppData\Local\Programs\Python\Python39\python.exe"
2025-06-29 07:49:09,450 : kivy : Factory: 190 symbols loaded
2025-06-29 07:49:09,781 : kivy : ImageLoaderFFPy: Using ffpyplayer 4.5.1
2025-06-29 07:49:09,781 : kivy : Image: Providers: img_tex, img_dds, img_sdl2, img_pil, img_ffpyplayer 
2025-06-29 07:49:10,136 : kivy : VideoGstplayer: Using Gstreamer 1.18.5.0
2025-06-29 07:49:10,136 : kivy : Video: Provider: gstplayer
2025-06-29 07:49:10,192 : root : Loading MPF-MC controller
2025-06-29 07:49:10,215 : YamlMultifileConfigLoader : Machine config file #1: config
2025-06-29 07:49:10,215 : ConfigProcessor : Config file in cache changed: C:\pinball\my_machine\config\config
2025-06-29 07:49:10,215 : ConfigProcessor : Loading config from file C:\Users\ruben\AppData\Local\Programs\Python\Python39\lib\site-packages\mpfmc\mcconfig.yaml.
2025-06-29 07:49:10,231 : ConfigProcessor : Loading config: C:\Users\ruben\AppData\Local\Programs\Python\Python39\lib\site-packages\mpfmc\mcconfig.yaml
2025-06-29 07:49:10,231 : ConfigProcessor : Loading config from file C:\pinball\my_machine\config\config.
2025-06-29 07:49:10,233 : ConfigProcessor : Loading config: C:\pinball\my_machine\config\config
2025-06-29 07:49:10,235 : ConfigProcessor : Loading config: C:\pinball\my_machine\config\hardware.yaml
2025-06-29 07:49:10,236 : ConfigProcessor : Loading config: C:\pinball\my_machine\config\switches.yaml
2025-06-29 07:49:10,240 : ConfigProcessor : Loading config: C:\pinball\my_machine\config\coils.yaml
2025-06-29 07:49:10,256 : ConfigProcessor : Loading config: C:\pinball\my_machine\config\lights.yaml
2025-06-29 07:49:10,261 : ConfigProcessor : Loading config: C:\pinball\my_machine\config\devices.yaml
2025-06-29 07:49:10,266 : ConfigProcessor : Loading config: C:\pinball\my_machine\config\images.yaml
2025-06-29 07:49:10,269 : ConfigProcessor : Loading config: C:\pinball\my_machine\config\displays.yaml
2025-06-29 07:49:10,272 : ConfigProcessor : Loading config: C:\pinball\my_machine\config\slides.yaml
2025-06-29 07:49:10,275 : ConfigProcessor : Config file cache created: C:\Users\ruben\AppData\Local\Temp\abbaf7ebf6530f7229115378792f7a93.mpf_cache
2025-06-29 07:49:10,276 : ConfigProcessor : Loading config from cache: C:\Users\ruben\AppData\Local\Temp\de22d214a8e6fb7753c0be2dfb8deb7c.mpf_cache
2025-06-29 07:49:10,277 : ConfigProcessor : Loading config from cache: C:\Users\ruben\AppData\Local\Temp\76bc62f652ae2965f03127125af6e953.mpf_cache
2025-06-29 07:49:10,279 : ConfigProcessor : Loading config from cache: C:\Users\ruben\AppData\Local\Temp\195f66f1d07408d279921a878741edf5.mpf_cache
2025-06-29 07:49:10,280 : ConfigProcessor : Loading config from cache: C:\Users\ruben\AppData\Local\Temp\de22d214a8e6fb7753c0be2dfb8deb7c.mpf_cache
2025-06-29 07:49:10,281 : mpfmc : Mission Pinball Framework Media Controller (MPF-MC) v0.57.1. Requires MPF v0.57.0 or newer.
2025-06-29 07:49:10,281 : mpfmc : Found MPF v0.57.3
2025-06-29 07:49:10,282 : mpfmc : Machine path: C:\pinball\my_machine
2025-06-29 07:49:10,282 : mpfmc : Starting clock at 60.0Hz
2025-06-29 07:49:10,316 : kivy : Text: Provider: sdl2
2025-06-29 07:49:10,398 : kivy : Window: Provider: sdl2
2025-06-29 07:49:11,885 : kivy : GL: Using the "OpenGL" graphics system
2025-06-29 07:49:11,908 : kivy : GL: GLEW initialization succeeded
2025-06-29 07:49:11,909 : kivy : GL: Backend used <glew>
2025-06-29 07:49:11,909 : kivy : GL: OpenGL version <b'4.5.0 NVIDIA 376.54'>
2025-06-29 07:49:11,909 : kivy : GL: OpenGL vendor <b'NVIDIA Corporation'>
2025-06-29 07:49:11,909 : kivy : GL: OpenGL renderer <b'GeForce GT 630M/PCIe/SSE2'>
2025-06-29 07:49:11,909 : kivy : GL: OpenGL parsed version: 4, 5
2025-06-29 07:49:11,910 : kivy : GL: Shading version <b'4.50 NVIDIA'>
2025-06-29 07:49:11,910 : kivy : GL: Texture max size <16384>
2025-06-29 07:49:11,910 : kivy : GL: Texture max units <32>
2025-06-29 07:49:11,933 : kivy : Window: auto add sdl2 input provider
2025-06-29 07:49:11,933 : kivy : Window: virtual keyboard not allowed, single mode, not docked
2025-06-29 07:49:11,947 : SoundSystem : SoundSystem: Using default 'sound_system' settings
2025-06-29 07:49:12,556 : AudioInterface : Initialized
2025-06-29 07:49:12,556 : AudioInterface : Loaded SDL 2.26.4
2025-06-29 07:49:12,556 : AudioInterface : Loaded SDL_Mixer 2.6.3
2025-06-29 07:49:12,556 : AudioInterface : Loaded GStreamer 1.18.5.0
2025-06-29 07:49:12,556 : AudioInterface : Loaded GLib 2.62.6
2025-06-29 07:49:12,556 : AudioInterface : Settings requested - rate: 44100, channels: 1, buffer: 2048 samples
2025-06-29 07:49:12,556 : AudioInterface : Settings in use - rate: 44100, channels: 1, buffer: 2048 samples (4096 bytes @ 2 bytes per sample)
2025-06-29 07:49:12,557 : SoundSystem : No audio tracks are specified in your machine config file. a track named 'default' has been created.
2025-06-29 07:49:12,557 : SoundSystem : Setting master volume to 0.0
2025-06-29 07:49:12,557 : AudioInterface : Enabling audio playback
2025-06-29 07:49:12,560 : kivy : Base: Start application main loop
2025-06-29 07:49:12,561 : EventManager : Event: ======'display_window_initialized'====== Args={}
2025-06-29 07:49:12,573 : mpfmc : Display: Setting 'window' as default display
2025-06-29 07:49:12,585 : EventManager : Event: ======'displays_initialized'====== Args={}
2025-06-29 07:49:12,588 : EventManager : Event: ======'slide_window_blank_created'====== Args={}
2025-06-29 07:49:12,589 : EventManager : Event: ======'display_window_ready'====== Args={}
2025-06-29 07:49:12,618 : EventManager : Event: ======'init_phase_1'====== Args={}
2025-06-29 07:49:12,627 : EventManager : Event: ======'mc_ready'====== Args={}
2025-06-29 07:49:12,628 : EventManager : Event: ======'init_phase_2'====== Args={}
2025-06-29 07:49:12,633 : EventManager : Event: ======'init_phase_3'====== Args={}
2025-06-29 07:49:12,636 : EventManager : Event: ======'init_phase_4'====== Args={}
2025-06-29 07:49:12,636 : EventManager : Event: ======'init_phase_5'====== Args={}
2025-06-29 07:49:12,732 : EventManager : Event: ======'loading_assets'====== Args={'total': 1, 'loaded': 1, 'remaining': 0, 'percent': 100}
2025-06-29 07:49:12,732 : AssetManager : Asset loading took: 0.17489004135131836
2025-06-29 07:49:12,732 : EventManager : Event: ======'asset_loading_complete'====== Args={}
2025-06-29 07:49:12,732 : AssetManager : Loading assets: 1/1 (100%)
2025-06-29 07:49:12,732 : EventManager : Event: ======'init_done'====== Args={}
2025-06-29 07:49:12,733 : MPF-MC BCP Server : Starting up on localhost port 5050
2025-06-29 07:49:12,739 : MPF-MC BCP Server : Waiting for a connection...
2025-06-29 07:49:12,740 : EventManager : Event: ======'client_disconnected'====== Args={'host': '127.0.0.1', 'port': 5050}
2025-06-29 07:49:12,858 : MPF-MC BCP Server : Received connection from: 127.0.0.1:62586
2025-06-29 07:49:12,869 : EventManager : Event: ======'client_connected'====== Args={'host': '127.0.0.1', 'port': 62586}
2025-06-29 07:49:12,968 : EventManager : Event: ======'machine_var_credits_string'====== Args={'value': 'FREE PLAY', 'prev_value': None, 'change': True}
2025-06-29 07:49:12,968 : EventManager : Event: ======'machine_var_master_volume'====== Args={'value': 0.5, 'prev_value': None, 'change': True}
2025-06-29 07:49:12,968 : EventManager : Event: ======'machine_var_player1_score'====== Args={'value': 0, 'prev_value': None, 'change': True}
2025-06-29 07:49:12,968 : EventManager : Event: ======'machine_var_mpf_version'====== Args={'value': 'Mission Pinball Framework v0.57.3', 'prev_value': None, 'change': True}
2025-06-29 07:49:12,968 : EventManager : Event: ======'machine_var_mpf_extended_version'====== Args={'value': 'Mission Pinball Framework v0.57.3, Config version:6, Show version: 6, BCP version:1.1', 'prev_value': None, 'change': True}
2025-06-29 07:49:12,968 : EventManager : Event: ======'machine_var_python_version'====== Args={'value': '3.9.13', 'prev_value': None, 'change': True}
2025-06-29 07:49:12,969 : EventManager : Event: ======'machine_var_platform'====== Args={'value': 'Windows-10-10.0.19045-SP0', 'prev_value': None, 'change': True}
2025-06-29 07:49:12,969 : EventManager : Event: ======'machine_var_platform_system'====== Args={'value': 'Windows', 'prev_value': None, 'change': True}
2025-06-29 07:49:12,969 : EventManager : Event: ======'machine_var_platform_release'====== Args={'value': '10', 'prev_value': None, 'change': True}
2025-06-29 07:49:12,969 : EventManager : Event: ======'machine_var_platform_version'====== Args={'value': '10.0.19045', 'prev_value': None, 'change': True}
2025-06-29 07:49:12,969 : EventManager : Event: ======'machine_var_platform_machine'====== Args={'value': 'AMD64', 'prev_value': None, 'change': True}
2025-06-29 07:49:12,969 : EventManager : Event: ======'machine_var_mc_version'====== Args={'value': 'MPF-MC v0.57.1', 'prev_value': None, 'change': True}
2025-06-29 07:49:12,969 : EventManager : Event: ======'machine_var_mc_extended_version'====== Args={'value': 'MPF-MC v0.57.1 (config_version=6, BCP v1.1,                      Requires MPF API compatibility v0.57.0 or newer)', 'prev_value': None, 'change': True}
2025-06-29 07:49:12,969 : EventManager : Event: ======'machine_var_credits_string'====== Args={'value': 'FREE PLAY', 'prev_value': None, 'change': True}
2025-06-29 07:49:12,969 : EventManager : Event: ======'machine_var_master_volume'====== Args={'value': 0.5, 'prev_value': None, 'change': True}
2025-06-29 07:49:12,970 : EventManager : Event: ======'machine_var_player1_score'====== Args={'value': 0, 'prev_value': None, 'change': True}
2025-06-29 07:49:12,970 : EventManager : Event: ======'machine_var_mpf_version'====== Args={'value': 'Mission Pinball Framework v0.57.3', 'prev_value': None, 'change': True}
2025-06-29 07:49:12,970 : EventManager : Event: ======'machine_var_mpf_extended_version'====== Args={'value': 'Mission Pinball Framework v0.57.3, Config version:6, Show version: 6, BCP version:1.1', 'prev_value': None, 'change': True}
2025-06-29 07:49:12,970 : EventManager : Event: ======'machine_var_python_version'====== Args={'value': '3.9.13', 'prev_value': None, 'change': True}
2025-06-29 07:49:12,970 : EventManager : Event: ======'machine_var_platform'====== Args={'value': 'Windows-10-10.0.19045-SP0', 'prev_value': None, 'change': True}
2025-06-29 07:49:12,970 : EventManager : Event: ======'machine_var_platform_system'====== Args={'value': 'Windows', 'prev_value': None, 'change': True}
2025-06-29 07:49:12,971 : EventManager : Event: ======'machine_var_platform_release'====== Args={'value': '10', 'prev_value': None, 'change': True}
2025-06-29 07:49:12,971 : EventManager : Event: ======'machine_var_platform_version'====== Args={'value': '10.0.19045', 'prev_value': None, 'change': True}
2025-06-29 07:49:12,971 : EventManager : Event: ======'machine_var_platform_machine'====== Args={'value': 'AMD64', 'prev_value': None, 'change': True}
2025-06-29 07:49:12,971 : EventManager : Event: ======'machine_var_mc_version'====== Args={'value': 'MPF-MC v0.57.1', 'prev_value': None, 'change': True}
2025-06-29 07:49:12,971 : EventManager : Event: ======'machine_var_mc_extended_version'====== Args={'value': 'MPF-MC v0.57.1 (config_version=6, BCP v1.1,                      Requires MPF API compatibility v0.57.0 or newer)', 'prev_value': None, 'change': True}
2025-06-29 07:49:12,972 : EventManager : Event: ======'machine_var_credits_string'====== Args={'value': 'FREE PLAY', 'prev_value': None, 'change': True}
2025-06-29 07:49:12,972 : EventManager : Event: ======'machine_var_master_volume'====== Args={'value': 0.5, 'prev_value': None, 'change': True}
2025-06-29 07:49:12,972 : EventManager : Event: ======'machine_var_player1_score'====== Args={'value': 0, 'prev_value': None, 'change': True}
2025-06-29 07:49:12,972 : EventManager : Event: ======'machine_var_mpf_version'====== Args={'value': 'Mission Pinball Framework v0.57.3', 'prev_value': None, 'change': True}
2025-06-29 07:49:12,972 : EventManager : Event: ======'machine_var_mpf_extended_version'====== Args={'value': 'Mission Pinball Framework v0.57.3, Config version:6, Show version: 6, BCP version:1.1', 'prev_value': None, 'change': True}
2025-06-29 07:49:12,973 : EventManager : Event: ======'machine_var_python_version'====== Args={'value': '3.9.13', 'prev_value': None, 'change': True}
2025-06-29 07:49:12,973 : EventManager : Event: ======'machine_var_platform'====== Args={'value': 'Windows-10-10.0.19045-SP0', 'prev_value': None, 'change': True}
2025-06-29 07:49:12,973 : EventManager : Event: ======'machine_var_platform_system'====== Args={'value': 'Windows', 'prev_value': None, 'change': True}
2025-06-29 07:49:12,973 : EventManager : Event: ======'machine_var_platform_release'====== Args={'value': '10', 'prev_value': None, 'change': True}
2025-06-29 07:49:12,973 : EventManager : Event: ======'machine_var_platform_version'====== Args={'value': '10.0.19045', 'prev_value': None, 'change': True}
2025-06-29 07:49:12,973 : EventManager : Event: ======'machine_var_platform_machine'====== Args={'value': 'AMD64', 'prev_value': None, 'change': True}
2025-06-29 07:49:12,974 : EventManager : Event: ======'machine_var_mc_version'====== Args={'value': 'MPF-MC v0.57.1', 'prev_value': None, 'change': True}
2025-06-29 07:49:12,974 : EventManager : Event: ======'machine_var_mc_extended_version'====== Args={'value': 'MPF-MC v0.57.1 (config_version=6, BCP v1.1,                      Requires MPF API compatibility v0.57.0 or newer)', 'prev_value': None, 'change': True}
2025-06-29 07:49:12,974 : EventManager : Event: ======'machine_var_credits_string'====== Args={'value': 'FREE PLAY', 'prev_value': None, 'change': True}
2025-06-29 07:49:12,974 : EventManager : Event: ======'machine_var_master_volume'====== Args={'value': 0.5, 'prev_value': None, 'change': True}
2025-06-29 07:49:12,974 : EventManager : Event: ======'machine_var_player1_score'====== Args={'value': 0, 'prev_value': None, 'change': True}
2025-06-29 07:49:12,974 : EventManager : Event: ======'machine_var_mpf_version'====== Args={'value': 'Mission Pinball Framework v0.57.3', 'prev_value': None, 'change': True}
2025-06-29 07:49:12,974 : EventManager : Event: ======'machine_var_mpf_extended_version'====== Args={'value': 'Mission Pinball Framework v0.57.3, Config version:6, Show version: 6, BCP version:1.1', 'prev_value': None, 'change': True}
2025-06-29 07:49:12,975 : EventManager : Event: ======'machine_var_python_version'====== Args={'value': '3.9.13', 'prev_value': None, 'change': True}
2025-06-29 07:49:12,975 : EventManager : Event: ======'machine_var_platform'====== Args={'value': 'Windows-10-10.0.19045-SP0', 'prev_value': None, 'change': True}
2025-06-29 07:49:12,975 : EventManager : Event: ======'machine_var_platform_system'====== Args={'value': 'Windows', 'prev_value': None, 'change': True}
2025-06-29 07:49:12,975 : EventManager : Event: ======'machine_var_platform_release'====== Args={'value': '10', 'prev_value': None, 'change': True}
2025-06-29 07:49:12,975 : EventManager : Event: ======'machine_var_platform_version'====== Args={'value': '10.0.19045', 'prev_value': None, 'change': True}
2025-06-29 07:49:12,975 : EventManager : Event: ======'machine_var_platform_machine'====== Args={'value': 'AMD64', 'prev_value': None, 'change': True}
2025-06-29 07:49:12,975 : EventManager : Event: ======'machine_var_mc_version'====== Args={'value': 'MPF-MC v0.57.1', 'prev_value': None, 'change': True}
2025-06-29 07:49:12,976 : EventManager : Event: ======'machine_var_mc_extended_version'====== Args={'value': 'MPF-MC v0.57.1 (config_version=6, BCP v1.1,                      Requires MPF API compatibility v0.57.0 or newer)', 'prev_value': None, 'change': True}
2025-06-29 07:49:12,976 : SoundSystem : Setting master volume to 0.5
2025-06-29 07:49:12,976 : SoundSystem : Setting master volume to 0.5
2025-06-29 07:49:12,976 : SoundSystem : Setting master volume to 0.5
2025-06-29 07:49:12,976 : SoundSystem : Setting master volume to 0.5
2025-06-29 07:49:13,042 : EventManager : Event: ======'machine_var_audits_events_game_ended'====== Args={'value': 53, 'prev_value': None, 'change': True}
2025-06-29 07:49:13,054 : EventManager : Event: ======'machine_var_audits_events_game_started'====== Args={'value': 106, 'prev_value': None, 'change': True}
2025-06-29 07:49:13,054 : EventManager : Event: ======'machine_var_audits_missing_switches_s_left_flipper'====== Args={'value': 6, 'prev_value': None, 'change': True}
2025-06-29 07:49:13,055 : EventManager : Event: ======'machine_var_audits_missing_switches_s_left_outlane'====== Args={'value': 10, 'prev_value': None, 'change': True}
2025-06-29 07:49:13,055 : EventManager : Event: ======'machine_var_audits_missing_switches_s_left_slingshot'====== Args={'value': 6, 'prev_value': None, 'change': True}
2025-06-29 07:49:13,055 : EventManager : Event: ======'machine_var_audits_missing_switches_s_pop1'====== Args={'value': 17, 'prev_value': None, 'change': True}
2025-06-29 07:49:13,055 : EventManager : Event: ======'machine_var_audits_missing_switches_s_pop2'====== Args={'value': 17, 'prev_value': None, 'change': True}
2025-06-29 07:49:13,056 : EventManager : Event: ======'machine_var_audits_missing_switches_s_pop3'====== Args={'value': 17, 'prev_value': None, 'change': True}
2025-06-29 07:49:13,056 : EventManager : Event: ======'machine_var_audits_missing_switches_s_pop4'====== Args={'value': 6, 'prev_value': None, 'change': True}
2025-06-29 07:49:13,056 : EventManager : Event: ======'machine_var_audits_missing_switches_s_pop5'====== Args={'value': 6, 'prev_value': None, 'change': True}
2025-06-29 07:49:13,056 : EventManager : Event: ======'machine_var_audits_missing_switches_s_right_flipper'====== Args={'value': 5, 'prev_value': None, 'change': True}
2025-06-29 07:49:13,057 : EventManager : Event: ======'machine_var_audits_missing_switches_s_right_inlane'====== Args={'value': 3, 'prev_value': None, 'change': True}
2025-06-29 07:49:13,057 : EventManager : Event: ======'machine_var_audits_missing_switches_s_right_outlane'====== Args={'value': 10, 'prev_value': None, 'change': True}
2025-06-29 07:49:13,057 : EventManager : Event: ======'machine_var_audits_missing_switches_s_right_slingshot'====== Args={'value': 6, 'prev_value': None, 'change': True}
2025-06-29 07:49:13,057 : EventManager : Event: ======'machine_var_audits_missing_switches_s_startButton'====== Args={'value': 6, 'prev_value': None, 'change': True}
2025-06-29 07:49:13,057 : EventManager : Event: ======'machine_var_audits_missing_switches_s_trough1'====== Args={'value': 3, 'prev_value': None, 'change': True}
2025-06-29 07:49:13,057 : EventManager : Event: ======'machine_var_audits_missing_switches_s_trough2'====== Args={'value': 10, 'prev_value': None, 'change': True}
2025-06-29 07:49:13,058 : EventManager : Event: ======'machine_var_audits_missing_switches_s_trough3'====== Args={'value': 10, 'prev_value': None, 'change': True}
2025-06-29 07:49:13,058 : EventManager : Event: ======'machine_var_audits_missing_switches_s_trough4'====== Args={'value': 10, 'prev_value': None, 'change': True}
2025-06-29 07:49:13,058 : EventManager : Event: ======'machine_var_audits_missing_switches_s_trough5'====== Args={'value': 9, 'prev_value': None, 'change': True}
2025-06-29 07:49:13,058 : EventManager : Event: ======'machine_var_audits_player_score'====== Args={'value': {'average': 0, 'top': [0, 0, 0, 0, 0, 0, 0, 0, 0, 0], 'total': 53}, 'prev_value': None, 'change': True}
2025-06-29 07:49:13,058 : EventManager : Event: ======'machine_var_audits_switches_s_drop_bank1'====== Args={'value': 140, 'prev_value': None, 'change': True}
2025-06-29 07:49:13,058 : EventManager : Event: ======'machine_var_audits_switches_s_left_flipper'====== Args={'value': 2284, 'prev_value': None, 'change': True}
2025-06-29 07:49:13,058 : EventManager : Event: ======'machine_var_audits_switches_s_left_inlane1'====== Args={'value': 2, 'prev_value': None, 'change': True}
2025-06-29 07:49:13,058 : EventManager : Event: ======'machine_var_audits_switches_s_left_inlane2'====== Args={'value': 2, 'prev_value': None, 'change': True}
2025-06-29 07:49:13,058 : EventManager : Event: ======'machine_var_audits_switches_s_left_outlane'====== Args={'value': 0, 'prev_value': None, 'change': True}
2025-06-29 07:49:13,059 : EventManager : Event: ======'machine_var_audits_switches_s_left_slingshot'====== Args={'value': 295, 'prev_value': None, 'change': True}
2025-06-29 07:49:13,059 : EventManager : Event: ======'machine_var_audits_switches_s_plunger'====== Args={'value': 5, 'prev_value': None, 'change': True}
2025-06-29 07:49:13,059 : EventManager : Event: ======'machine_var_audits_switches_s_pop1'====== Args={'value': 0, 'prev_value': None, 'change': True}
2025-06-29 07:49:13,059 : EventManager : Event: ======'machine_var_audits_switches_s_pop2'====== Args={'value': 0, 'prev_value': None, 'change': True}
2025-06-29 07:49:13,059 : EventManager : Event: ======'machine_var_audits_switches_s_pop3'====== Args={'value': 0, 'prev_value': None, 'change': True}
2025-06-29 07:49:13,059 : EventManager : Event: ======'machine_var_audits_switches_s_pop4'====== Args={'value': 3, 'prev_value': None, 'change': True}
2025-06-29 07:49:13,059 : EventManager : Event: ======'machine_var_audits_switches_s_pop5'====== Args={'value': 3, 'prev_value': None, 'change': True}
2025-06-29 07:49:13,059 : EventManager : Event: ======'machine_var_audits_switches_s_pop_bot'====== Args={'value': 426, 'prev_value': None, 'change': True}
2025-06-29 07:49:13,059 : EventManager : Event: ======'machine_var_audits_switches_s_pop_mid'====== Args={'value': 351, 'prev_value': None, 'change': True}
2025-06-29 07:49:13,060 : EventManager : Event: ======'machine_var_audits_switches_s_pop_top'====== Args={'value': 302, 'prev_value': None, 'change': True}
2025-06-29 07:49:13,060 : EventManager : Event: ======'machine_var_audits_switches_s_right_flipper'====== Args={'value': 2339, 'prev_value': None, 'change': True}
2025-06-29 07:49:13,060 : EventManager : Event: ======'machine_var_audits_switches_s_right_inlane'====== Args={'value': 66, 'prev_value': None, 'change': True}
2025-06-29 07:49:13,060 : EventManager : Event: ======'machine_var_audits_switches_s_right_outlane'====== Args={'value': 0, 'prev_value': None, 'change': True}
2025-06-29 07:49:13,060 : EventManager : Event: ======'machine_var_audits_switches_s_right_slingshot'====== Args={'value': 258, 'prev_value': None, 'change': True}
2025-06-29 07:49:13,060 : EventManager : Event: ======'machine_var_audits_switches_s_scoop_center'====== Args={'value': 2, 'prev_value': None, 'change': True}
2025-06-29 07:49:13,060 : EventManager : Event: ======'machine_var_audits_switches_s_scoop_lower'====== Args={'value': 220, 'prev_value': None, 'change': True}
2025-06-29 07:49:13,060 : EventManager : Event: ======'machine_var_audits_switches_s_scoop_right'====== Args={'value': 1, 'prev_value': None, 'change': True}
2025-06-29 07:49:13,060 : EventManager : Event: ======'machine_var_audits_switches_s_shooter_lane'====== Args={'value': 15, 'prev_value': None, 'change': True}
2025-06-29 07:49:13,060 : EventManager : Event: ======'machine_var_audits_switches_s_startButton'====== Args={'value': 35, 'prev_value': None, 'change': True}
2025-06-29 07:49:13,061 : EventManager : Event: ======'machine_var_audits_switches_s_trough1'====== Args={'value': 316, 'prev_value': None, 'change': True}
2025-06-29 07:49:13,061 : EventManager : Event: ======'machine_var_audits_switches_s_trough2'====== Args={'value': 1, 'prev_value': None, 'change': True}
2025-06-29 07:49:13,061 : EventManager : Event: ======'machine_var_audits_switches_s_trough3'====== Args={'value': 1, 'prev_value': None, 'change': True}
2025-06-29 07:49:13,061 : EventManager : Event: ======'machine_var_audits_switches_s_trough4'====== Args={'value': 1, 'prev_value': None, 'change': True}
2025-06-29 07:49:13,061 : EventManager : Event: ======'machine_var_audits_switches_s_trough5'====== Args={'value': 1, 'prev_value': None, 'change': True}
2025-06-29 07:49:13,061 : EventManager : Event: ======'mc_reset_phase_1'====== Args={}
2025-06-29 07:49:13,061 : EventManager : Event: ======'mc_reset_phase_2'====== Args={}
2025-06-29 07:49:13,061 : EventManager : Event: ======'mc_reset_phase_3'====== Args={}
2025-06-29 07:49:13,061 : EventManager : Event: ======'mc_reset_complete'====== Args={}
2025-06-29 07:49:13,075 : EventManager : Event: ======'slides_play'====== Args={'settings': {'attract_image_slide': {'target': None, 'background_color': [0.0, 0.0, 0.0, 1.0], 'priority': None, 'show': True, 'force': False, 'expire': None, 'slide': None, 'tokens': {}, 'action': 'play'}}, 'context': 'attract', 'calling_context': 'mode_attract_started', 'priority': 10}
2025-06-29 07:49:13,078 : EventManager : Event: ======'slide_attract_image_slide_created'====== Args={}
2025-06-29 07:49:13,079 : EventManager : Event: ======'slide_attract_image_slide_active'====== Args={}
2025-06-29 07:49:13,156 : kivy : GL: NPOT texture support is available
2025-06-29 07:49:13,164 : EventManager : Event: ======'loading_assets'====== Args={'total': 1, 'loaded': 1, 'remaining': 0, 'percent': 100}
2025-06-29 07:49:13,164 : AssetManager : Asset loading took: 0.6068532466888428
2025-06-29 07:49:13,164 : EventManager : Event: ======'asset_loading_complete'====== Args={}
2025-06-29 07:49:13,164 : AssetManager : Loading assets: 1/1 (100%)
2025-06-29 07:49:14,653 : EventManager : Event: ======'led_code'====== Args={}
2025-06-29 07:49:15,375 : EventManager : Event: ======'led_code'====== Args={}
2025-06-29 07:49:16,033 : EventManager : Event: ======'led_code'====== Args={}
2025-06-29 07:49:17,552 : EventManager : Event: ======'led_code'====== Args={}
2025-06-29 07:49:19,122 : kivy : Base: Leaving application in progress...
2025-06-29 07:49:19,122 : mpfmc : Stopping...
2025-06-29 07:49:19,123 : EventManager : Event: ======'shutdown'====== Args={}
2025-06-29 07:49:19,123 : AudioInterface : Disabling audio playback
2025-06-29 07:49:19,264 : MPF-MC BCP Server : Stopping BCP sending thread
2025-06-29 07:49:19,264 : mpfmc : Loop rate 73.99 Hz
2025-06-29 07:49:19,264 : mpfmc : Stopping...
2025-06-29 07:49:19,265 : root : MC run loop ended.
2025-06-29 07:49:19,265 : EventManager : Event: ======'shutdown'====== Args={}
2025-06-29 07:49:19,265 : root : Stopping child threads... (3 remaining)
2025-06-29 07:49:19,266 : mpfmc : Loop rate 73.97 Hz
2025-06-29 07:49:20,168 : root : All child threads stopped.
