2025-06-16 08:12:12,935 : INFO : root : Loading config.
2025-06-16 08:12:12,935 : INFO : YamlMultifileConfigLoader : Machine config file #1: config.yaml
2025-06-16 08:12:12,935 : INFO : ConfigProcessor : Loading config from cache: C:\Users\ruben\AppData\Local\Temp\a17888e5e1df298d67e07ada0b1bff4a.mpf_cache
2025-06-16 08:12:12,935 : WARNING : ConfigProcessor : Config file in cache changed: C:\pinball\my_machine\config\devices.yaml
2025-06-16 08:12:12,935 : INFO : ConfigProcessor : Loading config from file C:\Users\ruben\.local\pipx\venvs\mpf\lib\site-packages\mpf\mpfconfig.yaml.
2025-06-16 08:12:13,078 : INFO : ConfigProcessor : Loading config: C:\Users\ruben\.local\pipx\venvs\mpf\lib\site-packages\mpf\mpfconfig.yaml
2025-06-16 08:12:13,078 : INFO : ConfigProcessor : Loading config from file C:\pinball\my_machine\config\config.yaml.
2025-06-16 08:12:13,078 : INFO : ConfigProcessor : Loading config: C:\pinball\my_machine\config\config.yaml
2025-06-16 08:12:13,078 : INFO : ConfigProcessor : Loading config: C:\pinball\my_machine\config\hardware.yaml
2025-06-16 08:12:13,093 : INFO : ConfigProcessor : Loading config: C:\pinball\my_machine\config\switches.yaml
2025-06-16 08:12:13,109 : INFO : ConfigProcessor : Loading config: C:\pinball\my_machine\config\coils.yaml
2025-06-16 08:12:13,125 : INFO : ConfigProcessor : Loading config: C:\pinball\my_machine\config\devices.yaml
2025-06-16 08:12:13,125 : INFO : ConfigProcessor : Loading config: C:\pinball\my_machine\config\displays.yaml
2025-06-16 08:12:13,125 : INFO : ConfigProcessor : Loading config: C:\pinball\my_machine\config\slides.yaml
2025-06-16 08:12:13,125 : INFO : ConfigProcessor : Config file cache created: C:\Users\ruben\AppData\Local\Temp\a17888e5e1df298d67e07ada0b1bff4a.mpf_cache
2025-06-16 08:12:13,250 : INFO : ConfigProcessor : Loading config from cache: C:\Users\ruben\AppData\Local\Temp\67cf8ffee0fce2d4fcb5ef0bb894d8de.mpf_cache
2025-06-16 08:12:13,250 : INFO : ConfigProcessor : Loading config from cache: C:\Users\ruben\AppData\Local\Temp\25321780674732dcacb77a8f5b2a53cd.mpf_cache
2025-06-16 08:12:13,250 : INFO : ConfigProcessor : Loading config from cache: C:\Users\ruben\AppData\Local\Temp\195f66f1d07408d279921a878741edf5.mpf_cache
2025-06-16 08:12:13,250 : INFO : Machine : Mission Pinball Framework Core Engine v0.56.0
2025-06-16 08:12:13,250 : INFO : Machine : Command line arguments: {'no_load_cache': False, 'create_config_cache': True, 'bcp': True, 'configfile': ['config.yaml'], 'force_assets_load': False, 'jsonlogging': False, 'logfile': 'logs\\2025-06-16-08-12-12-mpf-DESKTOP-11MEIVG.log', 'pause': False, 'production': False, 'text_ui': True, 'loglevel': 15, 'consoleloglevel': 20, 'force_platform': None, 'syslog_address': None, 'mc_file_name': None, 'no_sound': False}
2025-06-16 08:12:13,250 : INFO : Machine : MPF path: C:\Users\ruben\.local\pipx\venvs\mpf\lib\site-packages\mpf
2025-06-16 08:12:13,250 : INFO : Machine : Machine path: C:\pinball\my_machine
2025-06-16 08:12:13,250 : INFO : Machine : Platform: win32
2025-06-16 08:12:13,250 : INFO : Machine : Python executable location: C:\Users\ruben\.local\pipx\venvs\mpf\Scripts\python.exe
2025-06-16 08:12:13,250 : INFO : Machine : Python version: 3.9.13 (64-bit)
2025-06-16 08:12:13,265 : INFO : Machine : Initialise MPF.
2025-06-16 08:12:13,598 : INFO : OPP : Connecting to com3 at 115200bps
2025-06-16 08:12:13,744 : INFO : OPP : Init of OPP board 1 done
2025-06-16 08:12:13,744 : INFO : OPP : Connecting to com4 at 115200bps
2025-06-16 08:12:13,839 : INFO : OPP : Init of OPP board 0 done
2025-06-16 08:12:13,840 : INFO : EventManager : Event: ======'machine_var_credits_string'====== Args={'value': 'FREE PLAY', 'prev_value': None, 'change': True}
2025-06-16 08:12:13,918 : INFO : EventManager : Event: ======'machine_var_master_volume'====== Args={'value': 0.5, 'prev_value': None, 'change': True}
2025-06-16 08:12:13,918 : INFO : EventManager : Event: ======'machine_var_player1_score'====== Args={'value': 0, 'prev_value': None, 'change': True}
2025-06-16 08:12:13,918 : INFO : EventManager : Event: ======'machine_var_mpf_version'====== Args={'value': 'MPF v0.56.0', 'prev_value': None, 'change': True}
2025-06-16 08:12:13,918 : INFO : EventManager : Event: ======'machine_var_mpf_extended_version'====== Args={'value': 'MPF v0.56.0, Config version:5, Show version: 5, BCP version:1.1', 'prev_value': None, 'change': True}
2025-06-16 08:12:13,918 : INFO : EventManager : Event: ======'machine_var_python_version'====== Args={'value': '3.9.13', 'prev_value': None, 'change': True}
2025-06-16 08:12:13,932 : INFO : EventManager : Event: ======'machine_var_platform'====== Args={'value': 'Windows-10-10.0.19045-SP0', 'prev_value': None, 'change': True}
2025-06-16 08:12:13,932 : INFO : EventManager : Event: ======'machine_var_platform_system'====== Args={'value': 'Windows', 'prev_value': None, 'change': True}
2025-06-16 08:12:13,932 : INFO : EventManager : Event: ======'machine_var_platform_release'====== Args={'value': '10', 'prev_value': None, 'change': True}
2025-06-16 08:12:13,932 : INFO : EventManager : Event: ======'machine_var_platform_version'====== Args={'value': '10.0.19045', 'prev_value': None, 'change': True}
2025-06-16 08:12:13,932 : INFO : EventManager : Event: ======'machine_var_platform_machine'====== Args={'value': 'AMD64', 'prev_value': None, 'change': True}
2025-06-16 08:12:13,932 : INFO : EventManager : Event: ======'init_phase_1'====== Args={}
2025-06-16 08:12:13,959 : INFO : EventManager : Event: ======'init_phase_2'====== Args={}
2025-06-16 08:12:13,963 : INFO : EventManager : Event: ======'bcp_connection_attempt'====== Args={'name': 'local_display', 'host': 'localhost', 'port': 5050}
2025-06-16 08:12:13,965 : INFO : BCPClientSocket : Connecting BCP to 'local_display' at localhost:5050...
2025-06-16 08:12:17,023 : INFO : BCPClientSocket : Connected BCP to 'local_display' localhost:5050
2025-06-16 08:12:17,024 : INFO : EventManager : Event: ======'bcp_clients_connected'====== Args={}
2025-06-16 08:12:17,038 : INFO : ball_device.bd_trough : BCH: Initial count: 0
2025-06-16 08:12:17,039 : INFO : EventManager : Event: ======'machine_var_mc_version'====== Args={'value': 'MPF-MC v0.56.1', 'prev_value': None, 'change': True}
2025-06-16 08:12:17,040 : INFO : EventManager : Event: ======'machine_var_mc_extended_version'====== Args={'value': 'MPF-MC v0.56.1 (config_version=5, BCP v1.1,                      Requires MPF API compatibility v0.56.0 or newer)', 'prev_value': None, 'change': True}
2025-06-16 08:12:17,046 : INFO : ball_device.bd_trough : State: idle
2025-06-16 08:12:17,112 : INFO : EventManager : Event: ======'init_phase_3'====== Args={}
2025-06-16 08:12:17,119 : INFO : EventManager : Event: ======'init_phase_4'====== Args={}
2025-06-16 08:12:17,120 : INFO : BallController : Initial balls found: 0
2025-06-16 08:12:17,122 : INFO : EventManager : Event: ======'machine_var_audits_events_game_ended'====== Args={'value': 50, 'prev_value': None, 'change': True}
2025-06-16 08:12:17,123 : INFO : EventManager : Event: ======'machine_var_audits_events_game_started'====== Args={'value': 98, 'prev_value': None, 'change': True}
2025-06-16 08:12:17,124 : INFO : EventManager : Event: ======'machine_var_audits_missing_switches_s_left_flipper'====== Args={'value': 8, 'prev_value': None, 'change': True}
2025-06-16 08:12:17,124 : INFO : EventManager : Event: ======'machine_var_audits_missing_switches_s_left_inlane1'====== Args={'value': 8, 'prev_value': None, 'change': True}
2025-06-16 08:12:17,124 : INFO : EventManager : Event: ======'machine_var_audits_missing_switches_s_left_inlane2'====== Args={'value': 8, 'prev_value': None, 'change': True}
2025-06-16 08:12:17,125 : INFO : EventManager : Event: ======'machine_var_audits_missing_switches_s_left_outlane'====== Args={'value': 9, 'prev_value': None, 'change': True}
2025-06-16 08:12:17,125 : INFO : EventManager : Event: ======'machine_var_audits_missing_switches_s_left_slingshot'====== Args={'value': 9, 'prev_value': None, 'change': True}
2025-06-16 08:12:17,126 : INFO : EventManager : Event: ======'machine_var_audits_missing_switches_s_pop1'====== Args={'value': 9, 'prev_value': None, 'change': True}
2025-06-16 08:12:17,126 : INFO : EventManager : Event: ======'machine_var_audits_missing_switches_s_pop2'====== Args={'value': 9, 'prev_value': None, 'change': True}
2025-06-16 08:12:17,127 : INFO : EventManager : Event: ======'machine_var_audits_missing_switches_s_pop3'====== Args={'value': 9, 'prev_value': None, 'change': True}
2025-06-16 08:12:17,127 : INFO : EventManager : Event: ======'machine_var_audits_missing_switches_s_pop4'====== Args={'value': 8, 'prev_value': None, 'change': True}
2025-06-16 08:12:17,128 : INFO : EventManager : Event: ======'machine_var_audits_missing_switches_s_pop5'====== Args={'value': 8, 'prev_value': None, 'change': True}
2025-06-16 08:12:17,128 : INFO : EventManager : Event: ======'machine_var_audits_missing_switches_s_right_inlane'====== Args={'value': 9, 'prev_value': None, 'change': True}
2025-06-16 08:12:17,128 : INFO : EventManager : Event: ======'machine_var_audits_missing_switches_s_right_outlane'====== Args={'value': 9, 'prev_value': None, 'change': True}
2025-06-16 08:12:17,129 : INFO : EventManager : Event: ======'machine_var_audits_missing_switches_s_right_slingshot'====== Args={'value': 9, 'prev_value': None, 'change': True}
2025-06-16 08:12:17,129 : INFO : EventManager : Event: ======'machine_var_audits_missing_switches_s_scoop_center'====== Args={'value': 8, 'prev_value': None, 'change': True}
2025-06-16 08:12:17,130 : INFO : EventManager : Event: ======'machine_var_audits_missing_switches_s_scoop_right'====== Args={'value': 9, 'prev_value': None, 'change': True}
2025-06-16 08:12:17,131 : INFO : EventManager : Event: ======'machine_var_audits_missing_switches_s_startButton'====== Args={'value': 9, 'prev_value': None, 'change': True}
2025-06-16 08:12:17,131 : INFO : EventManager : Event: ======'machine_var_audits_missing_switches_s_trough1'====== Args={'value': 9, 'prev_value': None, 'change': True}
2025-06-16 08:12:17,132 : INFO : EventManager : Event: ======'machine_var_audits_missing_switches_s_trough2'====== Args={'value': 9, 'prev_value': None, 'change': True}
2025-06-16 08:12:17,132 : INFO : EventManager : Event: ======'machine_var_audits_missing_switches_s_trough3'====== Args={'value': 9, 'prev_value': None, 'change': True}
2025-06-16 08:12:17,133 : INFO : EventManager : Event: ======'machine_var_audits_missing_switches_s_trough4'====== Args={'value': 9, 'prev_value': None, 'change': True}
2025-06-16 08:12:17,133 : INFO : EventManager : Event: ======'machine_var_audits_missing_switches_s_trough5'====== Args={'value': 8, 'prev_value': None, 'change': True}
2025-06-16 08:12:17,134 : INFO : EventManager : Event: ======'machine_var_audits_player_score'====== Args={'value': {'average': 0.0, 'top': [0, 0, 0, 0, 0, 0, 0, 0, 0, 0], 'total': 50}, 'prev_value': None, 'change': True}
2025-06-16 08:12:17,135 : INFO : EventManager : Event: ======'machine_var_audits_switches_s_drop_bank1'====== Args={'value': 140, 'prev_value': None, 'change': True}
2025-06-16 08:12:17,136 : INFO : EventManager : Event: ======'machine_var_audits_switches_s_left_flipper'====== Args={'value': 2280, 'prev_value': None, 'change': True}
2025-06-16 08:12:17,136 : INFO : EventManager : Event: ======'machine_var_audits_switches_s_left_inlane1'====== Args={'value': 1, 'prev_value': None, 'change': True}
2025-06-16 08:12:17,136 : INFO : EventManager : Event: ======'machine_var_audits_switches_s_left_inlane2'====== Args={'value': 1, 'prev_value': None, 'change': True}
2025-06-16 08:12:17,136 : INFO : EventManager : Event: ======'machine_var_audits_switches_s_left_outlane'====== Args={'value': 0, 'prev_value': None, 'change': True}
2025-06-16 08:12:17,137 : INFO : EventManager : Event: ======'machine_var_audits_switches_s_left_slingshot'====== Args={'value': 290, 'prev_value': None, 'change': True}
2025-06-16 08:12:17,137 : INFO : EventManager : Event: ======'machine_var_audits_switches_s_plunger'====== Args={'value': 5, 'prev_value': None, 'change': True}
2025-06-16 08:12:17,137 : INFO : EventManager : Event: ======'machine_var_audits_switches_s_pop1'====== Args={'value': 0, 'prev_value': None, 'change': True}
2025-06-16 08:12:17,138 : INFO : EventManager : Event: ======'machine_var_audits_switches_s_pop2'====== Args={'value': 0, 'prev_value': None, 'change': True}
2025-06-16 08:12:17,138 : INFO : EventManager : Event: ======'machine_var_audits_switches_s_pop3'====== Args={'value': 0, 'prev_value': None, 'change': True}
2025-06-16 08:12:17,138 : INFO : EventManager : Event: ======'machine_var_audits_switches_s_pop4'====== Args={'value': 1, 'prev_value': None, 'change': True}
2025-06-16 08:12:17,139 : INFO : EventManager : Event: ======'machine_var_audits_switches_s_pop5'====== Args={'value': 1, 'prev_value': None, 'change': True}
2025-06-16 08:12:17,139 : INFO : EventManager : Event: ======'machine_var_audits_switches_s_pop_bot'====== Args={'value': 426, 'prev_value': None, 'change': True}
2025-06-16 08:12:17,139 : INFO : EventManager : Event: ======'machine_var_audits_switches_s_pop_mid'====== Args={'value': 351, 'prev_value': None, 'change': True}
2025-06-16 08:12:17,140 : INFO : EventManager : Event: ======'machine_var_audits_switches_s_pop_top'====== Args={'value': 302, 'prev_value': None, 'change': True}
2025-06-16 08:12:17,140 : INFO : EventManager : Event: ======'machine_var_audits_switches_s_right_flipper'====== Args={'value': 2332, 'prev_value': None, 'change': True}
2025-06-16 08:12:17,140 : INFO : EventManager : Event: ======'machine_var_audits_switches_s_right_inlane'====== Args={'value': 57, 'prev_value': None, 'change': True}
2025-06-16 08:12:17,140 : INFO : EventManager : Event: ======'machine_var_audits_switches_s_right_outlane'====== Args={'value': 0, 'prev_value': None, 'change': True}
2025-06-16 08:12:17,141 : INFO : EventManager : Event: ======'machine_var_audits_switches_s_right_slingshot'====== Args={'value': 255, 'prev_value': None, 'change': True}
2025-06-16 08:12:17,141 : INFO : EventManager : Event: ======'machine_var_audits_switches_s_scoop_center'====== Args={'value': 1, 'prev_value': None, 'change': True}
2025-06-16 08:12:17,142 : INFO : EventManager : Event: ======'machine_var_audits_switches_s_scoop_lower'====== Args={'value': 220, 'prev_value': None, 'change': True}
2025-06-16 08:12:17,142 : INFO : EventManager : Event: ======'machine_var_audits_switches_s_scoop_right'====== Args={'value': 0, 'prev_value': None, 'change': True}
2025-06-16 08:12:17,142 : INFO : EventManager : Event: ======'machine_var_audits_switches_s_shooter_lane'====== Args={'value': 8, 'prev_value': None, 'change': True}
2025-06-16 08:12:17,143 : INFO : EventManager : Event: ======'machine_var_audits_switches_s_startButton'====== Args={'value': 34, 'prev_value': None, 'change': True}
2025-06-16 08:12:17,143 : INFO : EventManager : Event: ======'machine_var_audits_switches_s_trough1'====== Args={'value': 303, 'prev_value': None, 'change': True}
2025-06-16 08:12:17,143 : INFO : EventManager : Event: ======'machine_var_audits_switches_s_trough2'====== Args={'value': 1, 'prev_value': None, 'change': True}
2025-06-16 08:12:17,144 : INFO : EventManager : Event: ======'machine_var_audits_switches_s_trough3'====== Args={'value': 1, 'prev_value': None, 'change': True}
2025-06-16 08:12:17,144 : INFO : EventManager : Event: ======'machine_var_audits_switches_s_trough4'====== Args={'value': 1, 'prev_value': None, 'change': True}
2025-06-16 08:12:17,144 : INFO : EventManager : Event: ======'machine_var_audits_switches_s_trough5'====== Args={'value': 1, 'prev_value': None, 'change': True}
2025-06-16 08:12:17,146 : INFO : EventManager : Event: ======'init_phase_5'====== Args={}
2025-06-16 08:12:17,152 : INFO : EventManager : Event: ======'init_done'====== Args={}
2025-06-16 08:12:17,154 : INFO : EventManager : Event: ======'machine_reset_phase_1'====== Args={}
2025-06-16 08:12:17,167 : INFO : EventManager : Event: ======'slide_welcome_slide_removed'====== Args={'_from_bcp': True}
2025-06-16 08:12:17,180 : INFO : EventManager : Event: ======'slide_welcome_slide_created'====== Args={'_from_bcp': True}
2025-06-16 08:12:17,183 : INFO : EventManager : Event: ======'machine_reset_phase_2'====== Args={}
2025-06-16 08:12:17,185 : INFO : EventManager : Event: ======'machine_reset_phase_3'====== Args={}
2025-06-16 08:12:17,185 : INFO : EventManager : Event: ======'slide_welcome_slide_active'====== Args={'_from_bcp': True}
2025-06-16 08:12:17,189 : INFO : EventManager : Event: ======'reset_complete'====== Args={}
2025-06-16 08:12:17,190 : INFO : EventManager : Event: ======'mode_attract_will_start'====== Args={}
2025-06-16 08:12:17,191 : INFO : EventManager : Event: ======'mode_attract_starting'====== Args={}
2025-06-16 08:12:17,191 : INFO : Mode.attract : Started. Priority: 10
2025-06-16 08:12:17,191 : INFO : EventManager : Event: ======'modes_active_modes_changed'====== Args={}
2025-06-16 08:12:17,192 : INFO : EventManager : Event: ======'mode_attract_started'====== Args={}
2025-06-16 08:12:17,193 : INFO : EventManager : Event: ======'collecting_balls_complete'====== Args={}
2025-06-16 08:12:17,223 : INFO : EventManager : Event: ======'slide_attract_started_created'====== Args={'_from_bcp': True}
2025-06-16 08:12:17,223 : INFO : EventManager : Event: ======'slide_attract_started_active'====== Args={'_from_bcp': True}
2025-06-16 08:12:17,224 : INFO : Machine : Starting the main run loop.
2025-06-16 08:12:21,772 : INFO : SwitchController : <<<<<<< 's_pop1' active >>>>>>>
2025-06-16 08:12:21,772 : INFO : EventManager : Event: ======'playfield_active'====== Args={}
2025-06-16 08:12:21,773 : INFO : EventManager : Event: ======'unexpected_ball_on_playfield'====== Args={}
2025-06-16 08:12:21,927 : INFO : SwitchController : <<<<<<< 's_pop1' inactive >>>>>>>
2025-06-16 08:12:22,052 : INFO : SwitchController : <<<<<<< 's_pop1' active >>>>>>>
2025-06-16 08:12:22,052 : INFO : EventManager : Event: ======'playfield_active'====== Args={}
2025-06-16 08:12:22,052 : INFO : EventManager : Event: ======'unexpected_ball_on_playfield'====== Args={}
2025-06-16 08:12:22,176 : INFO : SwitchController : <<<<<<< 's_pop1' inactive >>>>>>>
2025-06-16 08:12:22,233 : INFO : SwitchController : <<<<<<< 's_pop1' active >>>>>>>
2025-06-16 08:12:22,234 : INFO : EventManager : Event: ======'playfield_active'====== Args={}
2025-06-16 08:12:22,234 : INFO : EventManager : Event: ======'unexpected_ball_on_playfield'====== Args={}
2025-06-16 08:12:22,380 : INFO : SwitchController : <<<<<<< 's_pop1' inactive >>>>>>>
2025-06-16 08:12:22,429 : INFO : SwitchController : <<<<<<< 's_pop1' active >>>>>>>
2025-06-16 08:12:22,430 : INFO : EventManager : Event: ======'playfield_active'====== Args={}
2025-06-16 08:12:22,430 : INFO : EventManager : Event: ======'unexpected_ball_on_playfield'====== Args={}
2025-06-16 08:12:22,584 : INFO : SwitchController : <<<<<<< 's_pop1' inactive >>>>>>>
2025-06-16 08:12:22,608 : INFO : SwitchController : <<<<<<< 's_pop1' active >>>>>>>
2025-06-16 08:12:22,609 : INFO : EventManager : Event: ======'playfield_active'====== Args={}
2025-06-16 08:12:22,609 : INFO : EventManager : Event: ======'unexpected_ball_on_playfield'====== Args={}
2025-06-16 08:12:22,725 : INFO : SwitchController : <<<<<<< 's_pop1' inactive >>>>>>>
2025-06-16 08:12:22,804 : INFO : SwitchController : <<<<<<< 's_pop1' active >>>>>>>
2025-06-16 08:12:22,805 : INFO : EventManager : Event: ======'playfield_active'====== Args={}
2025-06-16 08:12:22,805 : INFO : EventManager : Event: ======'unexpected_ball_on_playfield'====== Args={}
2025-06-16 08:12:22,898 : INFO : SwitchController : <<<<<<< 's_pop1' inactive >>>>>>>
2025-06-16 08:12:23,257 : INFO : SwitchController : <<<<<<< 's_pop5' active >>>>>>>
2025-06-16 08:12:23,447 : INFO : SwitchController : <<<<<<< 's_pop5' inactive >>>>>>>
2025-06-16 08:12:23,498 : INFO : SwitchController : <<<<<<< 's_pop5' active >>>>>>>
2025-06-16 08:12:23,683 : INFO : SwitchController : <<<<<<< 's_pop5' inactive >>>>>>>
2025-06-16 08:12:23,728 : INFO : SwitchController : <<<<<<< 's_pop5' active >>>>>>>
2025-06-16 08:12:23,848 : INFO : SwitchController : <<<<<<< 's_pop5' inactive >>>>>>>
2025-06-16 08:12:27,531 : INFO : SwitchController : <<<<<<< 's_pop3' active >>>>>>>
2025-06-16 08:12:27,654 : INFO : SwitchController : <<<<<<< 's_pop3' inactive >>>>>>>
2025-06-16 08:12:27,729 : INFO : SwitchController : <<<<<<< 's_pop3' active >>>>>>>
2025-06-16 08:12:27,907 : INFO : SwitchController : <<<<<<< 's_pop3' inactive >>>>>>>
2025-06-16 08:12:27,945 : INFO : SwitchController : <<<<<<< 's_pop3' active >>>>>>>
2025-06-16 08:12:28,080 : INFO : SwitchController : <<<<<<< 's_pop3' inactive >>>>>>>
2025-06-16 08:12:29,644 : INFO : SwitchController : <<<<<<< 's_pop5' active >>>>>>>
2025-06-16 08:12:29,786 : INFO : SwitchController : <<<<<<< 's_pop5' inactive >>>>>>>
2025-06-16 08:12:29,882 : INFO : SwitchController : <<<<<<< 's_pop5' active >>>>>>>
2025-06-16 08:12:30,057 : INFO : SwitchController : <<<<<<< 's_pop5' inactive >>>>>>>
2025-06-16 08:12:30,183 : INFO : SwitchController : <<<<<<< 's_pop5' active >>>>>>>
2025-06-16 08:12:30,279 : INFO : SwitchController : <<<<<<< 's_pop5' inactive >>>>>>>
2025-06-16 08:12:30,435 : INFO : SwitchController : <<<<<<< 's_pop5' active >>>>>>>
2025-06-16 08:12:30,534 : INFO : SwitchController : <<<<<<< 's_pop5' inactive >>>>>>>
2025-06-16 08:12:30,690 : INFO : SwitchController : <<<<<<< 's_pop5' active >>>>>>>
2025-06-16 08:12:30,798 : INFO : SwitchController : <<<<<<< 's_pop5' inactive >>>>>>>
2025-06-16 08:12:30,953 : INFO : SwitchController : <<<<<<< 's_pop5' active >>>>>>>
2025-06-16 08:12:31,064 : INFO : SwitchController : <<<<<<< 's_pop5' inactive >>>>>>>
2025-06-16 08:12:31,173 : INFO : SwitchController : <<<<<<< 's_pop5' active >>>>>>>
2025-06-16 08:12:31,265 : INFO : SwitchController : <<<<<<< 's_pop5' inactive >>>>>>>
2025-06-16 08:12:32,279 : INFO : SwitchController : <<<<<<< 's_pop1' active >>>>>>>
2025-06-16 08:12:32,279 : INFO : EventManager : Event: ======'playfield_active'====== Args={}
2025-06-16 08:12:32,280 : INFO : EventManager : Event: ======'unexpected_ball_on_playfield'====== Args={}
2025-06-16 08:12:32,450 : INFO : SwitchController : <<<<<<< 's_pop1' inactive >>>>>>>
2025-06-16 08:12:32,561 : INFO : SwitchController : <<<<<<< 's_pop1' active >>>>>>>
2025-06-16 08:12:32,561 : INFO : EventManager : Event: ======'playfield_active'====== Args={}
2025-06-16 08:12:32,562 : INFO : EventManager : Event: ======'unexpected_ball_on_playfield'====== Args={}
2025-06-16 08:12:32,700 : INFO : SwitchController : <<<<<<< 's_pop1' inactive >>>>>>>
2025-06-16 08:12:32,766 : INFO : SwitchController : <<<<<<< 's_pop1' active >>>>>>>
2025-06-16 08:12:32,766 : INFO : EventManager : Event: ======'playfield_active'====== Args={}
2025-06-16 08:12:32,766 : INFO : EventManager : Event: ======'unexpected_ball_on_playfield'====== Args={}
2025-06-16 08:12:32,939 : INFO : SwitchController : <<<<<<< 's_pop1' inactive >>>>>>>
2025-06-16 08:14:14,799 : INFO : SwitchController : <<<<<<< 's_pop5' active >>>>>>>
2025-06-16 08:14:14,992 : INFO : SwitchController : <<<<<<< 's_pop5' inactive >>>>>>>
2025-06-16 08:14:15,196 : INFO : SwitchController : <<<<<<< 's_pop5' active >>>>>>>
2025-06-16 08:14:15,478 : INFO : SwitchController : <<<<<<< 's_pop5' inactive >>>>>>>
2025-06-16 08:14:17,037 : INFO : SwitchController : <<<<<<< 's_pop1' active >>>>>>>
2025-06-16 08:14:17,038 : INFO : EventManager : Event: ======'playfield_active'====== Args={}
2025-06-16 08:14:17,038 : INFO : EventManager : Event: ======'unexpected_ball_on_playfield'====== Args={}
2025-06-16 08:14:17,225 : INFO : SwitchController : <<<<<<< 's_pop1' inactive >>>>>>>
2025-06-16 08:14:17,698 : INFO : SwitchController : <<<<<<< 's_pop1' active >>>>>>>
2025-06-16 08:14:17,699 : INFO : EventManager : Event: ======'playfield_active'====== Args={}
2025-06-16 08:14:17,699 : INFO : EventManager : Event: ======'unexpected_ball_on_playfield'====== Args={}
2025-06-16 08:14:17,836 : INFO : SwitchController : <<<<<<< 's_pop1' inactive >>>>>>>
2025-06-16 08:14:19,149 : INFO : SwitchController : <<<<<<< 's_pop1' active >>>>>>>
2025-06-16 08:14:19,149 : INFO : EventManager : Event: ======'playfield_active'====== Args={}
2025-06-16 08:14:19,150 : INFO : EventManager : Event: ======'unexpected_ball_on_playfield'====== Args={}
2025-06-16 08:14:19,472 : INFO : SwitchController : <<<<<<< 's_pop1' inactive >>>>>>>
2025-06-16 08:14:19,782 : INFO : SwitchController : <<<<<<< 's_pop1' active >>>>>>>
2025-06-16 08:14:19,782 : INFO : EventManager : Event: ======'playfield_active'====== Args={}
2025-06-16 08:14:19,782 : INFO : EventManager : Event: ======'unexpected_ball_on_playfield'====== Args={}
2025-06-16 08:14:19,994 : INFO : SwitchController : <<<<<<< 's_pop1' inactive >>>>>>>
2025-06-16 08:14:20,538 : INFO : SwitchController : <<<<<<< 's_pop1' active >>>>>>>
2025-06-16 08:14:20,539 : INFO : EventManager : Event: ======'playfield_active'====== Args={}
2025-06-16 08:14:20,539 : INFO : EventManager : Event: ======'unexpected_ball_on_playfield'====== Args={}
2025-06-16 08:14:21,589 : INFO : SwitchController : <<<<<<< 's_pop1' inactive >>>>>>>
2025-06-16 08:14:22,019 : INFO : SwitchController : <<<<<<< 's_pop1' active >>>>>>>
2025-06-16 08:14:22,019 : INFO : EventManager : Event: ======'playfield_active'====== Args={}
2025-06-16 08:14:22,020 : INFO : EventManager : Event: ======'unexpected_ball_on_playfield'====== Args={}
2025-06-16 08:14:22,177 : INFO : SwitchController : <<<<<<< 's_pop1' inactive >>>>>>>
2025-06-16 08:14:22,494 : INFO : SwitchController : <<<<<<< 's_pop1' active >>>>>>>
2025-06-16 08:14:22,495 : INFO : EventManager : Event: ======'playfield_active'====== Args={}
2025-06-16 08:14:22,495 : INFO : EventManager : Event: ======'unexpected_ball_on_playfield'====== Args={}
2025-06-16 08:14:22,521 : INFO : SwitchController : <<<<<<< 's_pop1' inactive >>>>>>>
2025-06-16 08:14:23,184 : INFO : SwitchController : <<<<<<< 's_pop5' active >>>>>>>
2025-06-16 08:14:23,313 : INFO : SwitchController : <<<<<<< 's_pop5' inactive >>>>>>>
2025-06-16 08:14:23,782 : INFO : SwitchController : <<<<<<< 's_pop5' active >>>>>>>
2025-06-16 08:14:23,908 : INFO : SwitchController : <<<<<<< 's_pop5' inactive >>>>>>>
2025-06-16 08:14:23,928 : INFO : SwitchController : <<<<<<< 's_pop5' active >>>>>>>
2025-06-16 08:14:24,002 : INFO : SwitchController : <<<<<<< 's_pop5' inactive >>>>>>>
2025-06-16 08:14:24,328 : INFO : SwitchController : <<<<<<< 's_pop5' active >>>>>>>
2025-06-16 08:14:24,705 : INFO : SwitchController : <<<<<<< 's_pop5' inactive >>>>>>>
2025-06-16 08:14:25,027 : INFO : SwitchController : <<<<<<< 's_pop5' active >>>>>>>
2025-06-16 08:14:25,272 : INFO : SwitchController : <<<<<<< 's_pop5' inactive >>>>>>>
2025-06-16 08:14:25,557 : INFO : SwitchController : <<<<<<< 's_pop5' active >>>>>>>
2025-06-16 08:14:25,682 : INFO : SwitchController : <<<<<<< 's_pop5' inactive >>>>>>>
2025-06-16 08:14:25,891 : INFO : SwitchController : <<<<<<< 's_pop5' active >>>>>>>
2025-06-16 08:14:26,019 : INFO : SwitchController : <<<<<<< 's_pop5' inactive >>>>>>>
2025-06-16 08:14:28,166 : INFO : SwitchController : <<<<<<< 's_pop1' active >>>>>>>
2025-06-16 08:14:28,167 : INFO : EventManager : Event: ======'playfield_active'====== Args={}
2025-06-16 08:14:28,167 : INFO : EventManager : Event: ======'unexpected_ball_on_playfield'====== Args={}
2025-06-16 08:14:28,407 : INFO : SwitchController : <<<<<<< 's_pop1' inactive >>>>>>>
2025-06-16 08:14:28,496 : INFO : SwitchController : <<<<<<< 's_pop1' active >>>>>>>
2025-06-16 08:14:28,497 : INFO : EventManager : Event: ======'playfield_active'====== Args={}
2025-06-16 08:14:28,497 : INFO : EventManager : Event: ======'unexpected_ball_on_playfield'====== Args={}
2025-06-16 08:14:28,684 : INFO : SwitchController : <<<<<<< 's_pop1' inactive >>>>>>>
2025-06-16 08:14:28,839 : INFO : SwitchController : <<<<<<< 's_pop1' active >>>>>>>
2025-06-16 08:14:28,840 : INFO : EventManager : Event: ======'playfield_active'====== Args={}
2025-06-16 08:14:28,840 : INFO : EventManager : Event: ======'unexpected_ball_on_playfield'====== Args={}
2025-06-16 08:14:28,967 : INFO : SwitchController : <<<<<<< 's_pop1' inactive >>>>>>>
2025-06-16 08:14:28,978 : INFO : SwitchController : <<<<<<< 's_pop1' active >>>>>>>
2025-06-16 08:14:28,978 : INFO : EventManager : Event: ======'playfield_active'====== Args={}
2025-06-16 08:14:28,979 : INFO : EventManager : Event: ======'unexpected_ball_on_playfield'====== Args={}
2025-06-16 08:14:28,991 : INFO : SwitchController : <<<<<<< 's_pop1' inactive >>>>>>>
2025-06-16 08:14:29,016 : INFO : SwitchController : <<<<<<< 's_pop1' active >>>>>>>
2025-06-16 08:14:29,016 : INFO : EventManager : Event: ======'playfield_active'====== Args={}
2025-06-16 08:14:29,017 : INFO : EventManager : Event: ======'unexpected_ball_on_playfield'====== Args={}
2025-06-16 08:14:29,031 : INFO : SwitchController : <<<<<<< 's_pop1' inactive >>>>>>>
2025-06-16 08:14:29,098 : INFO : SwitchController : <<<<<<< 's_pop1' active >>>>>>>
2025-06-16 08:14:29,098 : INFO : EventManager : Event: ======'playfield_active'====== Args={}
2025-06-16 08:14:29,099 : INFO : EventManager : Event: ======'unexpected_ball_on_playfield'====== Args={}
2025-06-16 08:14:29,206 : INFO : SwitchController : <<<<<<< 's_pop1' inactive >>>>>>>
2025-06-16 08:14:29,218 : INFO : SwitchController : <<<<<<< 's_pop1' active >>>>>>>
2025-06-16 08:14:29,218 : INFO : EventManager : Event: ======'playfield_active'====== Args={}
2025-06-16 08:14:29,218 : INFO : EventManager : Event: ======'unexpected_ball_on_playfield'====== Args={}
2025-06-16 08:14:29,231 : INFO : SwitchController : <<<<<<< 's_pop1' inactive >>>>>>>
2025-06-16 08:14:30,381 : INFO : SwitchController : <<<<<<< 's_pop5' active >>>>>>>
2025-06-16 08:14:30,638 : INFO : SwitchController : <<<<<<< 's_pop5' inactive >>>>>>>
2025-06-16 08:14:31,072 : INFO : SwitchController : <<<<<<< 's_pop5' active >>>>>>>
2025-06-16 08:14:31,350 : INFO : SwitchController : <<<<<<< 's_pop5' inactive >>>>>>>
2025-06-16 08:14:31,547 : INFO : SwitchController : <<<<<<< 's_pop5' active >>>>>>>
2025-06-16 08:14:31,705 : INFO : SwitchController : <<<<<<< 's_pop5' inactive >>>>>>>
2025-06-16 08:14:31,845 : INFO : SwitchController : <<<<<<< 's_pop5' active >>>>>>>
2025-06-16 08:14:32,001 : INFO : SwitchController : <<<<<<< 's_pop5' inactive >>>>>>>
2025-06-16 08:14:32,157 : INFO : SwitchController : <<<<<<< 's_pop5' active >>>>>>>
2025-06-16 08:14:32,298 : INFO : SwitchController : <<<<<<< 's_pop5' inactive >>>>>>>
2025-06-16 08:14:32,425 : INFO : SwitchController : <<<<<<< 's_pop5' active >>>>>>>
2025-06-16 08:14:32,598 : INFO : SwitchController : <<<<<<< 's_pop5' inactive >>>>>>>
2025-06-16 08:14:32,759 : INFO : SwitchController : <<<<<<< 's_pop5' active >>>>>>>
2025-06-16 08:14:32,900 : INFO : SwitchController : <<<<<<< 's_pop5' inactive >>>>>>>
2025-06-16 08:14:33,057 : INFO : SwitchController : <<<<<<< 's_pop5' active >>>>>>>
2025-06-16 08:14:33,211 : INFO : SwitchController : <<<<<<< 's_pop5' inactive >>>>>>>
2025-06-16 08:14:33,322 : INFO : SwitchController : <<<<<<< 's_pop5' active >>>>>>>
2025-06-16 08:14:33,542 : INFO : SwitchController : <<<<<<< 's_pop5' inactive >>>>>>>
2025-06-16 08:14:39,333 : ERROR : asyncio : Exception in callback SerialTransport._poll_read()
handle: <TimerHandle when=394.0315 SerialTransport._poll_read()>
Traceback (most recent call last):
  File "C:\Users\ruben\AppData\Local\Programs\Python\Python39\lib\asyncio\events.py", line 80, in _run
    self._context.run(self._callback, *self._args)
  File "C:\Users\ruben\.local\pipx\venvs\mpf\lib\site-packages\serial_asyncio\__init__.py", line 275, in _poll_read
    if self.serial.in_waiting:
  File "C:\Users\ruben\.local\pipx\venvs\mpf\lib\site-packages\serial\serialwin32.py", line 259, in in_waiting
    raise SerialException("ClearCommError failed ({!r})".format(ctypes.WinError()))
serial.serialutil.SerialException: ClearCommError failed (PermissionError(13, 'The device does not recognize the command.', None, 22))
2025-06-16 08:14:39,410 : INFO : Machine : Shutting down...
2025-06-16 08:14:39,411 : INFO : EventManager : Event: ======'shutdown'====== Args={}
2025-06-16 08:14:39,414 : ERROR : OPP : Stop called on serial connection com3
2025-06-16 08:14:39,415 : ERROR : asyncio : Exception in callback SerialTransport._call_connection_lost(None)
handle: <Handle SerialTransport._call_connection_lost(None)>
Traceback (most recent call last):
  File "C:\Users\ruben\AppData\Local\Programs\Python\Python39\lib\asyncio\events.py", line 80, in _run
    self._context.run(self._callback, *self._args)
  File "C:\Users\ruben\.local\pipx\venvs\mpf\lib\site-packages\serial_asyncio\__init__.py", line 390, in _call_connection_lost
    self._serial.flush()
  File "C:\Users\ruben\.local\pipx\venvs\mpf\lib\site-packages\serial\serialwin32.py", line 345, in flush
    while self.out_waiting:
  File "C:\Users\ruben\.local\pipx\venvs\mpf\lib\site-packages\serial\serialwin32.py", line 447, in out_waiting
    raise SerialException("ClearCommError failed ({!r})".format(ctypes.WinError()))
serial.serialutil.SerialException: ClearCommError failed (PermissionError(13, 'The device does not recognize the command.', None, 22))
2025-06-16 08:14:40,381 : ERROR : asyncio : Exception in callback SerialTransport._poll_read()
handle: <TimerHandle when=395.0935 SerialTransport._poll_read()>
Traceback (most recent call last):
  File "C:\Users\ruben\AppData\Local\Programs\Python\Python39\lib\asyncio\events.py", line 80, in _run
    self._context.run(self._callback, *self._args)
  File "C:\Users\ruben\.local\pipx\venvs\mpf\lib\site-packages\serial_asyncio\__init__.py", line 275, in _poll_read
    if self.serial.in_waiting:
  File "C:\Users\ruben\.local\pipx\venvs\mpf\lib\site-packages\serial\serialwin32.py", line 259, in in_waiting
    raise SerialException("ClearCommError failed ({!r})".format(ctypes.WinError()))
serial.serialutil.SerialException: ClearCommError failed (PermissionError(13, 'The device does not recognize the command.', None, 22))
2025-06-16 08:14:40,577 : WARNING : OPP : Poll took more than 250.0ms for 0
2025-06-16 08:14:40,577 : ERROR : asyncio : Fatal write error on serial transport
protocol: <asyncio.streams.StreamReaderProtocol object at 0x00000246E0C31DF0>
transport: SerialTransport(<ProactorEventLoop running=True closed=False debug=False>, <asyncio.streams.StreamReaderProtocol object at 0x00000246E0C31DF0>, Serial<id=0x246e0c31dc0, open=True>(port='com4', baudrate=115200, bytesize=8, parity='N', stopbits=1, timeout=0, xonxoff=False, rtscts=False, dsrdtr=False))
Traceback (most recent call last):
  File "C:\Users\ruben\.local\pipx\venvs\mpf\lib\site-packages\serial_asyncio\__init__.py", line 120, in write
    n = self._serial.write(data)
  File "C:\Users\ruben\.local\pipx\venvs\mpf\lib\site-packages\serial\serialwin32.py", line 336, in write
    raise SerialException("WriteFile failed ({!r})".format(ctypes.WinError()))
serial.serialutil.SerialException: WriteFile failed (PermissionError(13, 'The device does not recognize the command.', None, 22))
2025-06-16 08:14:40,591 : ERROR : asyncio : Exception in callback SerialTransport._call_connection_lost(SerialExcepti..., None, 22))"))
handle: <Handle SerialTransport._call_connection_lost(SerialExcepti..., None, 22))"))>
Traceback (most recent call last):
  File "C:\Users\ruben\AppData\Local\Programs\Python\Python39\lib\asyncio\events.py", line 80, in _run
    self._context.run(self._callback, *self._args)
  File "C:\Users\ruben\.local\pipx\venvs\mpf\lib\site-packages\serial_asyncio\__init__.py", line 390, in _call_connection_lost
    self._serial.flush()
  File "C:\Users\ruben\.local\pipx\venvs\mpf\lib\site-packages\serial\serialwin32.py", line 345, in flush
    while self.out_waiting:
  File "C:\Users\ruben\.local\pipx\venvs\mpf\lib\site-packages\serial\serialwin32.py", line 447, in out_waiting
    raise SerialException("ClearCommError failed ({!r})".format(ctypes.WinError()))
serial.serialutil.SerialException: ClearCommError failed (PermissionError(13, 'The device does not recognize the command.', None, 22))
2025-06-16 08:14:40,877 : WARNING : OPP : Poll took more than 250.0ms for 0
2025-06-16 08:14:41,162 : WARNING : OPP : Poll took more than 250.0ms for 0
2025-06-16 08:14:41,452 : WARNING : OPP : Poll took more than 250.0ms for 0
2025-06-16 08:14:41,725 : WARNING : OPP : Poll took more than 250.0ms for 0
2025-06-16 08:14:42,019 : WARNING : OPP : Poll took more than 250.0ms for 0
2025-06-16 08:14:42,286 : WARNING : OPP : Poll took more than 250.0ms for 0
2025-06-16 08:14:42,552 : WARNING : OPP : Poll took more than 250.0ms for 0
2025-06-16 08:14:42,819 : WARNING : OPP : Poll took more than 250.0ms for 0
2025-06-16 08:14:43,099 : WARNING : OPP : Poll took more than 250.0ms for 0
2025-06-16 08:14:43,388 : WARNING : OPP : Poll took more than 250.0ms for 0
2025-06-16 08:14:43,666 : WARNING : OPP : Poll took more than 250.0ms for 0
2025-06-16 08:14:43,946 : WARNING : OPP : Poll took more than 250.0ms for 0
2025-06-16 08:14:44,226 : WARNING : OPP : Poll took more than 250.0ms for 0
2025-06-16 08:14:44,506 : WARNING : OPP : Poll took more than 250.0ms for 0
2025-06-16 08:14:44,787 : WARNING : OPP : Poll took more than 250.0ms for 0
2025-06-16 08:14:45,056 : WARNING : OPP : Poll took more than 250.0ms for 0
2025-06-16 08:14:45,338 : WARNING : OPP : Poll took more than 250.0ms for 0
2025-06-16 08:14:45,607 : WARNING : OPP : Poll took more than 250.0ms for 0
2025-06-16 08:14:45,877 : WARNING : OPP : Poll took more than 250.0ms for 0
2025-06-16 08:14:46,167 : WARNING : OPP : Poll took more than 250.0ms for 0
2025-06-16 08:14:46,439 : WARNING : OPP : Poll took more than 250.0ms for 0
2025-06-16 08:14:46,704 : WARNING : OPP : Poll took more than 250.0ms for 0
2025-06-16 08:14:46,982 : WARNING : OPP : Poll took more than 250.0ms for 0
2025-06-16 08:14:47,258 : WARNING : OPP : Poll took more than 250.0ms for 0
2025-06-16 08:14:47,533 : WARNING : OPP : Poll took more than 250.0ms for 0
2025-06-16 08:14:47,805 : WARNING : OPP : Poll took more than 250.0ms for 0
2025-06-16 08:14:48,081 : WARNING : OPP : Poll took more than 250.0ms for 0
2025-06-16 08:14:48,345 : WARNING : OPP : Poll took more than 250.0ms for 0
2025-06-16 08:14:48,568 : ERROR : root : Received second SIGINT. Will exit ungracefully!
NoneType: None
