2025-07-06 17:11:11,334 : INFO : root : Loading config.
2025-07-06 17:11:11,336 : INFO : YamlMultifileConfigLoader : Machine config file #1: config.yaml
2025-07-06 17:11:11,336 : INFO : ConfigProcessor : Loading config from cache: /var/folders/9g/7xjb17l959g1fnq4pjl5c5p80000gn/T/1941ac2cbc7f60a15b77e866ee64bff5.mpf_cache
2025-07-06 17:11:11,336 : WARNING : ConfigProcessor : Config file in cache changed: /Users/ruben/Pinball/mpf-pinball/config/lights.yaml
2025-07-06 17:11:11,336 : INFO : ConfigProcessor : Loading config from file /Library/Frameworks/Python.framework/Versions/3.9/lib/python3.9/site-packages/mpf/mpfconfig.yaml.
2025-07-06 17:11:11,342 : INFO : ConfigProcessor : Loading config: /Library/Frameworks/Python.framework/Versions/3.9/lib/python3.9/site-packages/mpf/mpfconfig.yaml
2025-07-06 17:11:11,343 : INFO : ConfigProcessor : Loading config from file /Users/ruben/Pinball/mpf-pinball/config/config.yaml.
2025-07-06 17:11:11,343 : INFO : ConfigProcessor : Loading config: /Users/ruben/Pinball/mpf-pinball/config/config.yaml
2025-07-06 17:11:11,344 : INFO : ConfigProcessor : Loading config: /Users/ruben/Pinball/mpf-pinball/config/hardware.yaml
2025-07-06 17:11:11,345 : INFO : ConfigProcessor : Loading config: /Users/ruben/Pinball/mpf-pinball/config/switches.yaml
2025-07-06 17:11:11,346 : INFO : ConfigProcessor : Loading config: /Users/ruben/Pinball/mpf-pinball/config/coils.yaml
2025-07-06 17:11:11,348 : INFO : ConfigProcessor : Loading config: /Users/ruben/Pinball/mpf-pinball/config/lights.yaml
2025-07-06 17:11:11,348 : INFO : ConfigProcessor : Loading config: /Users/ruben/Pinball/mpf-pinball/config/devices.yaml
2025-07-06 17:11:11,349 : INFO : ConfigProcessor : Loading config: /Users/ruben/Pinball/mpf-pinball/config/images.yaml
2025-07-06 17:11:11,350 : INFO : ConfigProcessor : Loading config: /Users/ruben/Pinball/mpf-pinball/config/displays.yaml
2025-07-06 17:11:11,350 : INFO : ConfigProcessor : Loading config: /Users/ruben/Pinball/mpf-pinball/config/slides.yaml
2025-07-06 17:11:11,351 : INFO : ConfigProcessor : Loading config: /Users/ruben/Pinball/mpf-pinball/config/sounds.yaml
2025-07-06 17:11:11,352 : INFO : ConfigProcessor : Config file cache created: /var/folders/9g/7xjb17l959g1fnq4pjl5c5p80000gn/T/1941ac2cbc7f60a15b77e866ee64bff5.mpf_cache
2025-07-06 17:11:11,371 : INFO : ConfigProcessor : Loading config from cache: /var/folders/9g/7xjb17l959g1fnq4pjl5c5p80000gn/T/f574f59b1e0fcbb2258348220f26b9cc.mpf_cache
2025-07-06 17:11:11,371 : INFO : ConfigProcessor : Loading config from cache: /var/folders/9g/7xjb17l959g1fnq4pjl5c5p80000gn/T/edcc5f1d3215b377c9faab88c62e4ce0.mpf_cache
2025-07-06 17:11:11,371 : INFO : ConfigProcessor : Loading config from cache: /var/folders/9g/7xjb17l959g1fnq4pjl5c5p80000gn/T/174d451d321a0971202b746018364536.mpf_cache
2025-07-06 17:11:11,371 : INFO : ConfigProcessor : Loading config from cache: /var/folders/9g/7xjb17l959g1fnq4pjl5c5p80000gn/T/f574f59b1e0fcbb2258348220f26b9cc.mpf_cache
2025-07-06 17:11:11,372 : WARNING : ConfigProcessor : Config file in cache changed: /Users/ruben/Pinball/mpf-pinball/modes/grave_targets/config/grave_targets.yaml
2025-07-06 17:11:11,372 : INFO : ConfigProcessor : Loading config from file /Users/ruben/Pinball/mpf-pinball/modes/grave_targets/config/grave_targets.yaml.
2025-07-06 17:11:11,372 : INFO : ConfigProcessor : Loading config: /Users/ruben/Pinball/mpf-pinball/modes/grave_targets/config/grave_targets.yaml
2025-07-06 17:11:11,373 : INFO : ConfigProcessor : Config file cache created: /var/folders/9g/7xjb17l959g1fnq4pjl5c5p80000gn/T/c284941e722380023d767d5e99e91837.mpf_cache
2025-07-06 17:11:11,373 : INFO : ConfigProcessor : Loading config from cache: /var/folders/9g/7xjb17l959g1fnq4pjl5c5p80000gn/T/eb471d6ccb0819d362663d6a8f2acf38.mpf_cache
2025-07-06 17:11:11,373 : INFO : ConfigProcessor : Loading config from cache: /var/folders/9g/7xjb17l959g1fnq4pjl5c5p80000gn/T/d59102b8edab9d29c936bc5103c31ce3.mpf_cache
2025-07-06 17:11:11,373 : INFO : ConfigProcessor : Loading config from cache: /var/folders/9g/7xjb17l959g1fnq4pjl5c5p80000gn/T/47fef8a1453daf1c032af9b266173dc7.mpf_cache
2025-07-06 17:11:11,373 : INFO : ConfigProcessor : Loading config from cache: /var/folders/9g/7xjb17l959g1fnq4pjl5c5p80000gn/T/099d4b18c0884da431b87dd690bf4c32.mpf_cache
2025-07-06 17:11:11,374 : INFO : ConfigProcessor : Loading config from cache: /var/folders/9g/7xjb17l959g1fnq4pjl5c5p80000gn/T/598981ad252bde5d57763e28fc8e8246.mpf_cache
2025-07-06 17:11:11,374 : INFO : ConfigProcessor : Loading config from cache: /var/folders/9g/7xjb17l959g1fnq4pjl5c5p80000gn/T/7d84a1dad0271550171325475a6e1af4.mpf_cache
2025-07-06 17:11:11,374 : INFO : ConfigProcessor : Loading config from cache: /var/folders/9g/7xjb17l959g1fnq4pjl5c5p80000gn/T/f238ae40b962a84c30d7301a20ca1dae.mpf_cache
2025-07-06 17:11:11,374 : INFO : ConfigProcessor : Loading config from cache: /var/folders/9g/7xjb17l959g1fnq4pjl5c5p80000gn/T/a93e216f51b341135614380ce5b2c95b.mpf_cache
2025-07-06 17:11:11,374 : INFO : ConfigProcessor : Loading config from cache: /var/folders/9g/7xjb17l959g1fnq4pjl5c5p80000gn/T/e915b2173a980311df13d8013999f00c.mpf_cache
2025-07-06 17:11:11,374 : INFO : ConfigProcessor : Loading config from cache: /var/folders/9g/7xjb17l959g1fnq4pjl5c5p80000gn/T/b77620ad9425e89373db73baff92c60d.mpf_cache
2025-07-06 17:11:11,374 : INFO : Machine : Mission Pinball Framework Core Engine v0.57.3
2025-07-06 17:11:11,375 : INFO : Machine : Command line arguments: {'no_load_cache': False, 'create_config_cache': True, 'bcp': True, 'configfile': ['config.yaml'], 'force_assets_load': False, 'platform_integration_test': False, 'jsonlogging': False, 'logfile': 'logs/2025-07-06-17-11-11-mpf-ruben.home.log', 'pause': False, 'production': False, 'text_ui': True, 'loglevel': 15, 'consoleloglevel': 20, 'force_platform': 'smart_virtual', 'syslog_address': None, 'mc_file_name': None, 'no_sound': False}
2025-07-06 17:11:11,375 : INFO : Machine : MPF path: /Library/Frameworks/Python.framework/Versions/3.9/lib/python3.9/site-packages/mpf
2025-07-06 17:11:11,375 : INFO : Machine : Machine path: /Users/ruben/Pinball/mpf-pinball
2025-07-06 17:11:11,375 : INFO : Machine : Platform: darwin
2025-07-06 17:11:11,375 : INFO : Machine : Python executable location: /Library/Frameworks/Python.framework/Versions/3.9/bin/python3.9
2025-07-06 17:11:11,375 : INFO : Machine : Python version: 3.9.13 (64-bit)
2025-07-06 17:11:11,375 : INFO : Machine : Initializing MPF...
2025-07-06 17:11:11,392 : INFO : EventManager : Event: ======'machine_var_credits_string'====== Args={'value': 'FREE PLAY', 'prev_value': None, 'change': True}
2025-07-06 17:11:11,406 : INFO : EventManager : Event: ======'machine_var_master_volume'====== Args={'value': 0.5, 'prev_value': None, 'change': True}
2025-07-06 17:11:11,406 : INFO : EventManager : Event: ======'machine_var_player1_score'====== Args={'value': 0, 'prev_value': None, 'change': True}
2025-07-06 17:11:11,406 : INFO : EventManager : Event: ======'machine_var_mpf_version'====== Args={'value': 'Mission Pinball Framework v0.57.3', 'prev_value': None, 'change': True}
2025-07-06 17:11:11,406 : INFO : EventManager : Event: ======'machine_var_mpf_extended_version'====== Args={'value': 'Mission Pinball Framework v0.57.3, Config version:6, Show version: 6, BCP version:1.1', 'prev_value': None, 'change': True}
2025-07-06 17:11:11,406 : INFO : EventManager : Event: ======'machine_var_python_version'====== Args={'value': '3.9.13', 'prev_value': None, 'change': True}
2025-07-06 17:11:11,414 : INFO : EventManager : Event: ======'machine_var_platform'====== Args={'value': 'macOS-15.5-arm64-arm-64bit', 'prev_value': None, 'change': True}
2025-07-06 17:11:11,414 : INFO : EventManager : Event: ======'machine_var_platform_system'====== Args={'value': 'Darwin', 'prev_value': None, 'change': True}
2025-07-06 17:11:11,414 : INFO : EventManager : Event: ======'machine_var_platform_release'====== Args={'value': '24.5.0', 'prev_value': None, 'change': True}
2025-07-06 17:11:11,414 : INFO : EventManager : Event: ======'machine_var_platform_version'====== Args={'value': 'Darwin Kernel Version 24.5.0: Tue Apr 22 19:54:49 PDT 2025; root:xnu-11417.121.6~2/RELEASE_ARM64_T6000', 'prev_value': None, 'change': True}
2025-07-06 17:11:11,414 : INFO : EventManager : Event: ======'machine_var_platform_machine'====== Args={'value': 'arm64', 'prev_value': None, 'change': True}
2025-07-06 17:11:11,414 : INFO : EventManager : Event: ======'init_phase_1'====== Args={}
2025-07-06 17:11:11,425 : INFO : EventManager : Event: ======'init_phase_2'====== Args={}
2025-07-06 17:11:11,428 : INFO : EventManager : Event: ======'bcp_connection_attempt'====== Args={'name': 'local_display', 'host': 'localhost', 'port': 5050}
2025-07-06 17:11:11,429 : INFO : BCPClientSocket : Connecting BCP to 'local_display' at localhost:5050...
2025-07-06 17:11:12,454 : INFO : BCPClientSocket : Connected BCP to 'local_display' localhost:5050
2025-07-06 17:11:12,454 : INFO : EventManager : Event: ======'bcp_clients_connected'====== Args={}
2025-07-06 17:11:12,455 : INFO : ball_device.bd_trough : BCH: Initial count: 0
2025-07-06 17:11:12,456 : INFO : ball_device.bd_trough : State: idle
2025-07-06 17:11:12,459 : INFO : EventManager : Event: ======'init_phase_3'====== Args={}
2025-07-06 17:11:12,464 : INFO : EventManager : Event: ======'init_phase_4'====== Args={}
2025-07-06 17:11:12,464 : INFO : EventManager : Event: ======'machine_var_mc_version'====== Args={'value': 'MPF-MC v0.57.1', 'prev_value': None, 'change': True}
2025-07-06 17:11:12,464 : INFO : EventManager : Event: ======'machine_var_mc_extended_version'====== Args={'value': 'MPF-MC v0.57.1 (config_version=6, BCP v1.1,                      Requires MPF API compatibility v0.57.0 or newer)', 'prev_value': None, 'change': True}
2025-07-06 17:11:12,470 : INFO : BallController : Initial balls found: 0
2025-07-06 17:11:12,471 : INFO : EventManager : Event: ======'machine_var_audits_events_game_ended'====== Args={'value': 53, 'prev_value': None, 'change': True}
2025-07-06 17:11:12,471 : INFO : EventManager : Event: ======'machine_var_audits_events_game_started'====== Args={'value': 183, 'prev_value': None, 'change': True}
2025-07-06 17:11:12,471 : INFO : EventManager : Event: ======'machine_var_audits_missing_switches_s_center_scoop'====== Args={'value': 31, 'prev_value': None, 'change': True}
2025-07-06 17:11:12,472 : INFO : EventManager : Event: ======'machine_var_audits_missing_switches_s_left_flipper'====== Args={'value': 83, 'prev_value': None, 'change': True}
2025-07-06 17:11:12,472 : INFO : EventManager : Event: ======'machine_var_audits_missing_switches_s_left_inlane_1'====== Args={'value': 33, 'prev_value': None, 'change': True}
2025-07-06 17:11:12,472 : INFO : EventManager : Event: ======'machine_var_audits_missing_switches_s_left_inlane_2'====== Args={'value': 33, 'prev_value': None, 'change': True}
2025-07-06 17:11:12,472 : INFO : EventManager : Event: ======'machine_var_audits_missing_switches_s_left_outlane'====== Args={'value': 33, 'prev_value': None, 'change': True}
2025-07-06 17:11:12,472 : INFO : EventManager : Event: ======'machine_var_audits_missing_switches_s_left_slingshot'====== Args={'value': 31, 'prev_value': None, 'change': True}
2025-07-06 17:11:12,472 : INFO : EventManager : Event: ======'machine_var_audits_missing_switches_s_pop1'====== Args={'value': 94, 'prev_value': None, 'change': True}
2025-07-06 17:11:12,472 : INFO : EventManager : Event: ======'machine_var_audits_missing_switches_s_pop2'====== Args={'value': 94, 'prev_value': None, 'change': True}
2025-07-06 17:11:12,472 : INFO : EventManager : Event: ======'machine_var_audits_missing_switches_s_pop3'====== Args={'value': 94, 'prev_value': None, 'change': True}
2025-07-06 17:11:12,473 : INFO : EventManager : Event: ======'machine_var_audits_missing_switches_s_pop4'====== Args={'value': 83, 'prev_value': None, 'change': True}
2025-07-06 17:11:12,473 : INFO : EventManager : Event: ======'machine_var_audits_missing_switches_s_pop5'====== Args={'value': 37, 'prev_value': None, 'change': True}
2025-07-06 17:11:12,473 : INFO : EventManager : Event: ======'machine_var_audits_missing_switches_s_right_flipper'====== Args={'value': 82, 'prev_value': None, 'change': True}
2025-07-06 17:11:12,473 : INFO : EventManager : Event: ======'machine_var_audits_missing_switches_s_right_inlane'====== Args={'value': 32, 'prev_value': None, 'change': True}
2025-07-06 17:11:12,473 : INFO : EventManager : Event: ======'machine_var_audits_missing_switches_s_right_outlane'====== Args={'value': 33, 'prev_value': None, 'change': True}
2025-07-06 17:11:12,473 : INFO : EventManager : Event: ======'machine_var_audits_missing_switches_s_right_scoop'====== Args={'value': 1, 'prev_value': None, 'change': True}
2025-07-06 17:11:12,473 : INFO : EventManager : Event: ======'machine_var_audits_missing_switches_s_right_slingshot'====== Args={'value': 31, 'prev_value': None, 'change': True}
2025-07-06 17:11:12,473 : INFO : EventManager : Event: ======'machine_var_audits_missing_switches_s_startButton'====== Args={'value': 73, 'prev_value': None, 'change': True}
2025-07-06 17:11:12,473 : INFO : EventManager : Event: ======'machine_var_audits_missing_switches_s_trough1'====== Args={'value': 76, 'prev_value': None, 'change': True}
2025-07-06 17:11:12,474 : INFO : EventManager : Event: ======'machine_var_audits_missing_switches_s_trough2'====== Args={'value': 10, 'prev_value': None, 'change': True}
2025-07-06 17:11:12,474 : INFO : EventManager : Event: ======'machine_var_audits_missing_switches_s_trough3'====== Args={'value': 10, 'prev_value': None, 'change': True}
2025-07-06 17:11:12,474 : INFO : EventManager : Event: ======'machine_var_audits_missing_switches_s_trough4'====== Args={'value': 10, 'prev_value': None, 'change': True}
2025-07-06 17:11:12,474 : INFO : EventManager : Event: ======'machine_var_audits_missing_switches_s_trough5'====== Args={'value': 9, 'prev_value': None, 'change': True}
2025-07-06 17:11:12,474 : INFO : EventManager : Event: ======'machine_var_audits_player_score'====== Args={'value': {'average': 0, 'top': [0, 0, 0, 0, 0, 0, 0, 0, 0, 0], 'total': 53}, 'prev_value': None, 'change': True}
2025-07-06 17:11:12,474 : INFO : EventManager : Event: ======'machine_var_audits_shots_my_first_shot'====== Args={'value': 5, 'prev_value': None, 'change': True}
2025-07-06 17:11:12,474 : INFO : EventManager : Event: ======'machine_var_audits_shots_shot_right_inlane'====== Args={'value': 1, 'prev_value': None, 'change': True}
2025-07-06 17:11:12,475 : INFO : EventManager : Event: ======'machine_var_audits_shots_shot_right_scoop'====== Args={'value': 1158416, 'prev_value': None, 'change': True}
2025-07-06 17:11:12,475 : INFO : EventManager : Event: ======'machine_var_audits_shots_shot_target_g'====== Args={'value': 73, 'prev_value': None, 'change': True}
2025-07-06 17:11:12,475 : INFO : EventManager : Event: ======'machine_var_audits_shots_shot_target_r'====== Args={'value': 87, 'prev_value': None, 'change': True}
2025-07-06 17:11:12,475 : INFO : EventManager : Event: ======'machine_var_audits_switches_s_center_scoop'====== Args={'value': 4, 'prev_value': None, 'change': True}
2025-07-06 17:11:12,475 : INFO : EventManager : Event: ======'machine_var_audits_switches_s_drop_bank1'====== Args={'value': 140, 'prev_value': None, 'change': True}
2025-07-06 17:11:12,475 : INFO : EventManager : Event: ======'machine_var_audits_switches_s_left_flipper'====== Args={'value': 2284, 'prev_value': None, 'change': True}
2025-07-06 17:11:12,475 : INFO : EventManager : Event: ======'machine_var_audits_switches_s_left_inlane1'====== Args={'value': 2, 'prev_value': None, 'change': True}
2025-07-06 17:11:12,475 : INFO : EventManager : Event: ======'machine_var_audits_switches_s_left_inlane2'====== Args={'value': 2, 'prev_value': None, 'change': True}
2025-07-06 17:11:12,476 : INFO : EventManager : Event: ======'machine_var_audits_switches_s_left_inlane_1'====== Args={'value': 1, 'prev_value': None, 'change': True}
2025-07-06 17:11:12,476 : INFO : EventManager : Event: ======'machine_var_audits_switches_s_left_inlane_2'====== Args={'value': 2, 'prev_value': None, 'change': True}
2025-07-06 17:11:12,476 : INFO : EventManager : Event: ======'machine_var_audits_switches_s_left_outlane'====== Args={'value': 1, 'prev_value': None, 'change': True}
2025-07-06 17:11:12,476 : INFO : EventManager : Event: ======'machine_var_audits_switches_s_left_slingshot'====== Args={'value': 420, 'prev_value': None, 'change': True}
2025-07-06 17:11:12,476 : INFO : EventManager : Event: ======'machine_var_audits_switches_s_plunger'====== Args={'value': 5, 'prev_value': None, 'change': True}
2025-07-06 17:11:12,476 : INFO : EventManager : Event: ======'machine_var_audits_switches_s_pop1'====== Args={'value': 0, 'prev_value': None, 'change': True}
2025-07-06 17:11:12,477 : INFO : EventManager : Event: ======'machine_var_audits_switches_s_pop2'====== Args={'value': 0, 'prev_value': None, 'change': True}
2025-07-06 17:11:12,477 : INFO : EventManager : Event: ======'machine_var_audits_switches_s_pop3'====== Args={'value': 0, 'prev_value': None, 'change': True}
2025-07-06 17:11:12,477 : INFO : EventManager : Event: ======'machine_var_audits_switches_s_pop4'====== Args={'value': 3, 'prev_value': None, 'change': True}
2025-07-06 17:11:12,477 : INFO : EventManager : Event: ======'machine_var_audits_switches_s_pop5'====== Args={'value': 4, 'prev_value': None, 'change': True}
2025-07-06 17:11:12,477 : INFO : EventManager : Event: ======'machine_var_audits_switches_s_pop_bot'====== Args={'value': 426, 'prev_value': None, 'change': True}
2025-07-06 17:11:12,477 : INFO : EventManager : Event: ======'machine_var_audits_switches_s_pop_mid'====== Args={'value': 351, 'prev_value': None, 'change': True}
2025-07-06 17:11:12,477 : INFO : EventManager : Event: ======'machine_var_audits_switches_s_pop_top'====== Args={'value': 302, 'prev_value': None, 'change': True}
2025-07-06 17:11:12,478 : INFO : EventManager : Event: ======'machine_var_audits_switches_s_right_flipper'====== Args={'value': 2339, 'prev_value': None, 'change': True}
2025-07-06 17:11:12,478 : INFO : EventManager : Event: ======'machine_var_audits_switches_s_right_inlane'====== Args={'value': 88, 'prev_value': None, 'change': True}
2025-07-06 17:11:12,478 : INFO : EventManager : Event: ======'machine_var_audits_switches_s_right_outlane'====== Args={'value': 4, 'prev_value': None, 'change': True}
2025-07-06 17:11:12,478 : INFO : EventManager : Event: ======'machine_var_audits_switches_s_right_scoop'====== Args={'value': 233, 'prev_value': None, 'change': True}
2025-07-06 17:11:12,478 : INFO : EventManager : Event: ======'machine_var_audits_switches_s_right_slingshot'====== Args={'value': 367, 'prev_value': None, 'change': True}
2025-07-06 17:11:12,479 : INFO : EventManager : Event: ======'machine_var_audits_switches_s_scoop_center'====== Args={'value': 2, 'prev_value': None, 'change': True}
2025-07-06 17:11:12,479 : INFO : EventManager : Event: ======'machine_var_audits_switches_s_scoop_lower'====== Args={'value': 220, 'prev_value': None, 'change': True}
2025-07-06 17:11:12,479 : INFO : EventManager : Event: ======'machine_var_audits_switches_s_scoop_right'====== Args={'value': 1, 'prev_value': None, 'change': True}
2025-07-06 17:11:12,479 : INFO : EventManager : Event: ======'machine_var_audits_switches_s_shooter_lane'====== Args={'value': 15, 'prev_value': None, 'change': True}
2025-07-06 17:11:12,479 : INFO : EventManager : Event: ======'machine_var_audits_switches_s_startButton'====== Args={'value': 37, 'prev_value': None, 'change': True}
2025-07-06 17:11:12,479 : INFO : EventManager : Event: ======'machine_var_audits_switches_s_target_g'====== Args={'value': 77, 'prev_value': None, 'change': True}
2025-07-06 17:11:12,479 : INFO : EventManager : Event: ======'machine_var_audits_switches_s_target_r'====== Args={'value': 87, 'prev_value': None, 'change': True}
2025-07-06 17:11:12,480 : INFO : EventManager : Event: ======'machine_var_audits_switches_s_trough1'====== Args={'value': 318, 'prev_value': None, 'change': True}
2025-07-06 17:11:12,480 : INFO : EventManager : Event: ======'machine_var_audits_switches_s_trough2'====== Args={'value': 1, 'prev_value': None, 'change': True}
2025-07-06 17:11:12,480 : INFO : EventManager : Event: ======'machine_var_audits_switches_s_trough3'====== Args={'value': 1, 'prev_value': None, 'change': True}
2025-07-06 17:11:12,480 : INFO : EventManager : Event: ======'machine_var_audits_switches_s_trough4'====== Args={'value': 1, 'prev_value': None, 'change': True}
2025-07-06 17:11:12,480 : INFO : EventManager : Event: ======'machine_var_audits_switches_s_trough5'====== Args={'value': 1, 'prev_value': None, 'change': True}
2025-07-06 17:11:12,481 : INFO : EventManager : Event: ======'init_phase_5'====== Args={}
2025-07-06 17:11:12,481 : INFO : EventManager : Event: ======'init_done'====== Args={}
2025-07-06 17:11:12,483 : INFO : EventManager : Event: ======'machine_reset_phase_1'====== Args={}
2025-07-06 17:11:12,487 : INFO : EventManager : Event: ======'machine_reset_phase_2'====== Args={}
2025-07-06 17:11:12,487 : INFO : EventManager : Event: ======'machine_reset_phase_3'====== Args={}
2025-07-06 17:11:12,487 : INFO : EventManager : Event: ======'reset_complete'====== Args={}
2025-07-06 17:11:12,488 : INFO : EventManager : Event: ======'mode_attract_will_start'====== Args={}
2025-07-06 17:11:12,488 : INFO : EventManager : Event: ======'mode_attract_starting'====== Args={}
2025-07-06 17:11:12,488 : INFO : Mode.attract : Started. Priority: 10
2025-07-06 17:11:12,488 : INFO : EventManager : Event: ======'modes_active_modes_changed'====== Args={}
2025-07-06 17:11:12,488 : INFO : EventManager : Event: ======'mode_attract_started'====== Args={}
2025-07-06 17:11:12,489 : INFO : EventManager : Event: ======'collecting_balls_complete'====== Args={}
2025-07-06 17:11:12,489 : INFO : Machine : Starting the main run loop with active modes: [<Mode.attract>]
2025-07-06 17:11:12,502 : INFO : EventManager : Event: ======'slide_awesome_slide_created'====== Args={'_from_bcp': True}
2025-07-06 17:11:12,512 : INFO : EventManager : Event: ======'slide_awesome_slide_active'====== Args={'_from_bcp': True}
2025-07-06 17:11:13,086 : INFO : BcpServer : New client connected.
2025-07-06 17:11:14,539 : INFO : SwitchController : <<<<<<< 's_trough1' active >>>>>>>
2025-07-06 17:11:14,609 : INFO : SwitchController : <<<<<<< 's_trough1' inactive >>>>>>>
2025-07-06 17:11:15,435 : INFO : SwitchController : <<<<<<< 's_startButton' active >>>>>>>
2025-07-06 17:11:15,501 : INFO : EventManager : Event: ======'slide_press_start_created'====== Args={'_from_bcp': True}
2025-07-06 17:11:15,513 : INFO : SwitchController : <<<<<<< 's_startButton' inactive >>>>>>>
2025-07-06 17:11:15,514 : INFO : EventManager : Event: ======'request_to_start_game'====== Args={}
2025-07-06 17:11:15,514 : INFO : BallController : Known balls: 0
2025-07-06 17:11:15,514 : INFO : BallController : bd_trough contains 0 balls. Tags ['trough', 'home', 'drain']
2025-07-06 17:11:15,514 : INFO : BallController : playfield contains 0 balls. Tags ['default']
2025-07-06 17:11:15,514 : WARNING : BallController : BallController denies game start. Not enough balls. 0 found. 1 required
2025-07-06 17:11:15,514 : INFO : BallController : Triggering ball search.
2025-07-06 17:11:15,519 : INFO : EventManager : Event: ======'slide_press_start_active'====== Args={'_from_bcp': True}
2025-07-06 17:11:18,255 : INFO : SwitchController : <<<<<<< 's_trough1' active >>>>>>>
2025-07-06 17:11:18,330 : INFO : SwitchController : <<<<<<< 's_trough1' inactive >>>>>>>
2025-07-06 17:11:23,503 : INFO : EventManager : Event: ======'slide_last_game_score_slide_created'====== Args={'_from_bcp': True}
2025-07-06 17:11:23,506 : INFO : EventManager : Event: ======'slide_last_game_score_slide_active'====== Args={'_from_bcp': True}
2025-07-06 17:11:23,870 : INFO : SwitchController : <<<<<<< 's_trough1' active >>>>>>>
2025-07-06 17:11:24,372 : INFO : EventManager : Event: ======'balldevice_bd_trough_ball_count_changed'====== Args={'balls': 1}
2025-07-06 17:11:24,373 : INFO : ball_device.bd_trough : Received unexpected ball
2025-07-06 17:11:24,373 : INFO : EventManager : Event: ======'balldevice_captured_from_playfield'====== Args={'balls': 1}
2025-07-06 17:11:24,373 : INFO : EventManager : Event: ======'sw_playfield_active'====== Args={'balls': 1}
2025-07-06 17:11:24,374 : INFO : EventManager : Event: ======'playfield_active'====== Args={'source': None}
2025-07-06 17:11:24,374 : INFO : EventManager : Event: ======'unexpected_ball_on_playfield'====== Args={}
2025-07-06 17:11:24,374 : INFO : EventManager : Event: ======'playfield_ball_count_change'====== Args={'balls': -1, 'change': -1}
2025-07-06 17:11:24,375 : INFO : EventManager : Event: ======'balldevice_playfield_ball_enter'====== Args={'new_balls': 1, 'unclaimed_balls': 1, 'device': <playfield.playfield>}
2025-07-06 17:11:24,375 : INFO : EventManager : Event: ======'playfield_ball_count_change'====== Args={'balls': 0, 'change': 1}
2025-07-06 17:11:24,375 : INFO : BallController : Found a new ball which was captured from playfield. Known balls: 1
2025-07-06 17:11:24,375 : INFO : EventManager : Event: ======'found_new_ball'====== Args={}
2025-07-06 17:11:24,375 : INFO : EventManager : Event: ======'balldevice_bd_trough_ball_enter'====== Args={'new_balls': 1, 'unclaimed_balls': 1, 'new_available_balls': 1, 'device': <ball_device.bd_trough>}
2025-07-06 17:11:24,376 : INFO : EventManager : Event: ======'ball_drain'====== Args={'device': <ball_device.bd_trough>, 'balls': 1}
2025-07-06 17:11:24,376 : INFO : EventManager : Event: ======'balldevice_balls_available'====== Args={}
2025-07-06 17:11:24,376 : INFO : EventManager : Event: ======'balldevice_bd_trough_ball_entered'====== Args={'new_balls': 1, 'device': <ball_device.bd_trough>}
2025-07-06 17:11:24,998 : INFO : SwitchController : <<<<<<< 's_startButton' active >>>>>>>
2025-07-06 17:11:25,098 : INFO : SwitchController : <<<<<<< 's_startButton' inactive >>>>>>>
2025-07-06 17:11:25,099 : INFO : EventManager : Event: ======'request_to_start_game'====== Args={}
2025-07-06 17:11:25,099 : INFO : EventManager : Event: ======'game_start'====== Args={'buttons': [], 'hold_time': 0.10004266600000022}
2025-07-06 17:11:25,099 : INFO : EventManager : Event: ======'mode_game_will_start'====== Args={'buttons': [], 'hold_time': 0.10004266600000022}
2025-07-06 17:11:25,099 : INFO : EventManager : Event: ======'mode_game_starting'====== Args={'buttons': [], 'hold_time': 0.10004266600000022}
2025-07-06 17:11:25,100 : INFO : EventManager : Event: ======'mode_attract_will_stop'====== Args={}
2025-07-06 17:11:25,100 : INFO : EventManager : Event: ======'mode_attract_stopping'====== Args={}
2025-07-06 17:11:25,100 : INFO : Mode.attract : Stopped.
2025-07-06 17:11:25,100 : INFO : EventManager : Event: ======'modes_active_modes_changed'====== Args={}
2025-07-06 17:11:25,100 : INFO : EventManager : Event: ======'mode_attract_stopped'====== Args={}
2025-07-06 17:11:25,100 : INFO : EventManager : Event: ======'clear'====== Args={'key': 'attract'}
2025-07-06 17:11:25,101 : INFO : Mode.game : Started. Priority: 20
2025-07-06 17:11:25,101 : INFO : EventManager : Event: ======'modes_active_modes_changed'====== Args={}
2025-07-06 17:11:25,101 : INFO : EventManager : Event: ======'mode_game_started'====== Args={'buttons': [], 'hold_time': 0.10004266600000022}
2025-07-06 17:11:25,101 : INFO : EventManager : Event: ======'game_will_start'====== Args={}
2025-07-06 17:11:25,102 : INFO : EventManager : Event: ======'game_starting'====== Args={'game': <Mode.game>}
2025-07-06 17:11:25,102 : INFO : EventManager : Unordered handler for class <Auditor> on event game_ended with priority 1. Handlers: [RegisteredHandler(callback=<bound method Auditor.disable of <Auditor>>, priority=1, kwargs={}, key=UUID('8c76396d-828b-4f76-9407-53c28fb3dd19'), condition=None, blocking_facility=None), RegisteredHandler(callback=<bound method Auditor._save_audits of <Auditor>>, priority=1, kwargs={}, key=UUID('dce4130e-c559-4884-b9cf-037d83018cec'), condition=None, blocking_facility=None)]. The order of those handlers is not defined and they will be executed in random order. This might lead to race conditions and potential bugs.
2025-07-06 17:11:25,102 : INFO : EventManager : Event: ======'player_add_request'====== Args={}
2025-07-06 17:11:25,102 : INFO : EventManager : Event: ======'player_will_add'====== Args={'number': 1}
2025-07-06 17:11:25,103 : INFO : EventManager : Event: ======'player_adding'====== Args={'player': <Player 1>, 'number': 1}
2025-07-06 17:11:25,103 : INFO : EventManager : Event: ======'player_added'====== Args={'player': <Player 1>, 'num': 1}
2025-07-06 17:11:25,103 : INFO : Mode.game : Player added successfully. Total players: 1
2025-07-06 17:11:25,103 : INFO : EventManager : Event: ======'player_index'====== Args={'value': 0, 'prev_value': 0, 'change': 0, 'player_num': 1}
2025-07-06 17:11:25,103 : INFO : EventManager : Event: ======'player_number'====== Args={'value': 1, 'prev_value': 1, 'change': 0, 'player_num': 1}
2025-07-06 17:11:25,103 : INFO : EventManager : Event: ======'player_score'====== Args={'value': 0, 'prev_value': 0, 'change': 0, 'player_num': 1}
2025-07-06 17:11:25,104 : INFO : EventManager : Event: ======'game_started'====== Args={}
2025-07-06 17:11:25,104 : INFO : EventManager : Event: ======'player_turn_will_start'====== Args={'player': <Player 1>, 'number': 1}
2025-07-06 17:11:25,106 : INFO : EventManager : Event: ======'player_turn_starting'====== Args={'player': <Player 1>, 'number': 1}
2025-07-06 17:11:25,106 : INFO : EventManager : Event: ======'player_ball'====== Args={'value': 1, 'prev_value': 0, 'change': 1, 'player_num': 1}
2025-07-06 17:11:25,106 : INFO : EventManager : Event: ======'player_turn_started'====== Args={'player': <Player 1>, 'number': 1}
2025-07-06 17:11:25,107 : INFO : EventManager : Event: ======'ball_will_start'====== Args={'player': 1, 'ball': 1, 'balls_remaining': 2, 'is_extra_ball': False}
2025-07-06 17:11:25,107 : INFO : EventManager : Event: ======'ball_starting'====== Args={'player': 1, 'ball': 1, 'balls_remaining': 2, 'is_extra_ball': False}
2025-07-06 17:11:25,107 : INFO : EventManager : Event: ======'mode_grave_targets_will_start'====== Args={'queue': <QueuedEvent>, 'player': 1, 'ball': 1, 'balls_remaining': 2, 'is_extra_ball': False}
2025-07-06 17:11:25,107 : INFO : EventManager : Event: ======'grave_targets_group_complete'====== Args={'state': 'None'}
2025-07-06 17:11:25,107 : INFO : EventManager : Event: ======'grave_targets_group_None_complete'====== Args={}
2025-07-06 17:11:25,108 : INFO : EventManager : Event: ======'player_shot_shot_target_g_enabled'====== Args={'value': True, 'prev_value': 0, 'change': 1, 'player_num': 1}
2025-07-06 17:11:25,108 : INFO : EventManager : Event: ======'player_shot_shot_target_r_enabled'====== Args={'value': True, 'prev_value': 0, 'change': 1, 'player_num': 1}
2025-07-06 17:11:25,108 : INFO : EventManager : Event: ======'player_shot_shot_right_scoop_enabled'====== Args={'value': True, 'prev_value': 0, 'change': 1, 'player_num': 1}
2025-07-06 17:11:25,108 : ERROR : asyncio : Exception in callback EventManager._queue_task_done(<Task finishe...e'} with {}")>)
handle: <Handle EventManager._queue_task_done(<Task finishe...e'} with {}")>)>
Traceback (most recent call last):
  File "/Library/Frameworks/Python.framework/Versions/3.9/lib/python3.9/site-packages/mpf/core/placeholder_manager.py", line 250, in format_field
    return super().format_field(value, format_spec)
  File "/Library/Frameworks/Python.framework/Versions/3.9/lib/python3.9/string.py", line 235, in format_field
    return format(value, format_spec)
ValueError: Invalid format specifier

The above exception was the direct cause of the following exception:

Traceback (most recent call last):
  File "/Library/Frameworks/Python.framework/Versions/3.9/lib/python3.9/site-packages/mpf/core/placeholder_manager.py", line 271, in evaluate
    return f.format(self.text)
  File "/Library/Frameworks/Python.framework/Versions/3.9/lib/python3.9/string.py", line 161, in format
    return self.vformat(format_string, args, kwargs)
  File "/Library/Frameworks/Python.framework/Versions/3.9/lib/python3.9/string.py", line 165, in vformat
    result, _ = self._vformat(format_string, args, kwargs, used_args, 2)
  File "/Library/Frameworks/Python.framework/Versions/3.9/lib/python3.9/string.py", line 218, in _vformat
    result.append(self.format_field(obj, format_spec))
  File "/Library/Frameworks/Python.framework/Versions/3.9/lib/python3.9/site-packages/mpf/core/placeholder_manager.py", line 252, in format_field
    raise AssertionError("Could not format {} with {}".format(format_spec, value)) from e
AssertionError: Could not format  -1, 'lights': 'led_letter_e' with loop

The above exception was the direct cause of the following exception:

Traceback (most recent call last):
  File "/Library/Frameworks/Python.framework/Versions/3.9/lib/python3.9/asyncio/events.py", line 80, in _run
    self._context.run(self._callback, *self._args)
  File "/Library/Frameworks/Python.framework/Versions/3.9/lib/python3.9/site-packages/mpf/core/events.py", line 795, in _queue_task_done
    future.result()
  File "/Library/Frameworks/Python.framework/Versions/3.9/lib/python3.9/site-packages/mpf/core/events.py", line 708, in _run_handlers_sequential
    handler.callback(queue=queue, **merged_kwargs)
  File "/Library/Frameworks/Python.framework/Versions/3.9/lib/python3.9/site-packages/mpf/core/mode.py", line 198, in start
    self._add_mode_devices()
  File "/Library/Frameworks/Python.framework/Versions/3.9/lib/python3.9/site-packages/mpf/core/mode.py", line 408, in _add_mode_devices
    device.device_loaded_in_mode(mode=self, player=self.player)
  File "/Library/Frameworks/Python.framework/Versions/3.9/lib/python3.9/site-packages/mpf/devices/shot.py", line 75, in device_loaded_in_mode
    self._update_show()
  File "/Library/Frameworks/Python.framework/Versions/3.9/lib/python3.9/site-packages/mpf/devices/shot.py", line 214, in _update_show
    self._play_show(settings=state_settings)
  File "/Library/Frameworks/Python.framework/Versions/3.9/lib/python3.9/site-packages/mpf/devices/shot.py", line 247, in _play_show
    show_tokens = {k: v.evaluate({})
  File "/Library/Frameworks/Python.framework/Versions/3.9/lib/python3.9/site-packages/mpf/devices/shot.py", line 247, in <dictcomp>
    show_tokens = {k: v.evaluate({})
  File "/Library/Frameworks/Python.framework/Versions/3.9/lib/python3.9/site-packages/mpf/core/placeholder_manager.py", line 273, in evaluate
    raise AssertionError("Failed to format {} with {}".format(self.text, parameters)) from e
AssertionError: Failed to format {'loop': -1, 'lights': 'led_letter_e'} with {}
2025-07-06 17:11:25,113 : INFO : Machine : Shutting down...
2025-07-06 17:11:25,113 : INFO : EventManager : Event: ======'shutdown'====== Args={}
2025-07-06 17:11:25,114 : INFO : EventManager : Event: ======'mode_game_will_stop'====== Args={}
2025-07-06 17:11:25,114 : INFO : EventManager : Event: ======'mode_game_stopping'====== Args={}
2025-07-06 17:11:25,114 : INFO : Mode.game : Stopped.
2025-07-06 17:11:25,114 : INFO : EventManager : Event: ======'modes_active_modes_changed'====== Args={}
2025-07-06 17:11:25,114 : INFO : EventManager : Event: ======'mode_game_stopped'====== Args={}
2025-07-06 17:11:25,114 : INFO : EventManager : Event: ======'clear'====== Args={'key': 'game'}
2025-07-06 17:11:25,123 : ERROR : Machine : Runtime Exception
Traceback (most recent call last):
  File "/Library/Frameworks/Python.framework/Versions/3.9/lib/python3.9/site-packages/mpf/core/placeholder_manager.py", line 250, in format_field
    return super().format_field(value, format_spec)
  File "/Library/Frameworks/Python.framework/Versions/3.9/lib/python3.9/string.py", line 235, in format_field
    return format(value, format_spec)
ValueError: Invalid format specifier

The above exception was the direct cause of the following exception:

Traceback (most recent call last):
  File "/Library/Frameworks/Python.framework/Versions/3.9/lib/python3.9/site-packages/mpf/core/placeholder_manager.py", line 271, in evaluate
    return f.format(self.text)
  File "/Library/Frameworks/Python.framework/Versions/3.9/lib/python3.9/string.py", line 161, in format
    return self.vformat(format_string, args, kwargs)
  File "/Library/Frameworks/Python.framework/Versions/3.9/lib/python3.9/string.py", line 165, in vformat
    result, _ = self._vformat(format_string, args, kwargs, used_args, 2)
  File "/Library/Frameworks/Python.framework/Versions/3.9/lib/python3.9/string.py", line 218, in _vformat
    result.append(self.format_field(obj, format_spec))
  File "/Library/Frameworks/Python.framework/Versions/3.9/lib/python3.9/site-packages/mpf/core/placeholder_manager.py", line 252, in format_field
    raise AssertionError("Could not format {} with {}".format(format_spec, value)) from e
AssertionError: Could not format  -1, 'lights': 'led_letter_e' with loop

The above exception was the direct cause of the following exception:

Traceback (most recent call last):
  File "/Library/Frameworks/Python.framework/Versions/3.9/lib/python3.9/site-packages/mpf/core/machine.py", line 808, in _run_loop
    raise self._exception['exception']
  File "/Library/Frameworks/Python.framework/Versions/3.9/lib/python3.9/asyncio/events.py", line 80, in _run
    self._context.run(self._callback, *self._args)
  File "/Library/Frameworks/Python.framework/Versions/3.9/lib/python3.9/site-packages/mpf/core/events.py", line 795, in _queue_task_done
    future.result()
  File "/Library/Frameworks/Python.framework/Versions/3.9/lib/python3.9/site-packages/mpf/core/events.py", line 708, in _run_handlers_sequential
    handler.callback(queue=queue, **merged_kwargs)
  File "/Library/Frameworks/Python.framework/Versions/3.9/lib/python3.9/site-packages/mpf/core/mode.py", line 198, in start
    self._add_mode_devices()
  File "/Library/Frameworks/Python.framework/Versions/3.9/lib/python3.9/site-packages/mpf/core/mode.py", line 408, in _add_mode_devices
    device.device_loaded_in_mode(mode=self, player=self.player)
  File "/Library/Frameworks/Python.framework/Versions/3.9/lib/python3.9/site-packages/mpf/devices/shot.py", line 75, in device_loaded_in_mode
    self._update_show()
  File "/Library/Frameworks/Python.framework/Versions/3.9/lib/python3.9/site-packages/mpf/devices/shot.py", line 214, in _update_show
    self._play_show(settings=state_settings)
  File "/Library/Frameworks/Python.framework/Versions/3.9/lib/python3.9/site-packages/mpf/devices/shot.py", line 247, in _play_show
    show_tokens = {k: v.evaluate({})
  File "/Library/Frameworks/Python.framework/Versions/3.9/lib/python3.9/site-packages/mpf/devices/shot.py", line 247, in <dictcomp>
    show_tokens = {k: v.evaluate({})
  File "/Library/Frameworks/Python.framework/Versions/3.9/lib/python3.9/site-packages/mpf/core/placeholder_manager.py", line 273, in evaluate
    raise AssertionError("Failed to format {} with {}".format(self.text, parameters)) from e
AssertionError: Failed to format {'loop': -1, 'lights': 'led_letter_e'} with {}
2025-07-06 17:12:37,821 : ERROR : root : Received second SIGINT. Will exit ungracefully!
Traceback (most recent call last):
  File "/Library/Frameworks/Python.framework/Versions/3.9/lib/python3.9/site-packages/mpf/core/placeholder_manager.py", line 250, in format_field
    return super().format_field(value, format_spec)
  File "/Library/Frameworks/Python.framework/Versions/3.9/lib/python3.9/string.py", line 235, in format_field
    return format(value, format_spec)
ValueError: Invalid format specifier

The above exception was the direct cause of the following exception:

Traceback (most recent call last):
  File "/Library/Frameworks/Python.framework/Versions/3.9/lib/python3.9/site-packages/mpf/core/placeholder_manager.py", line 271, in evaluate
    return f.format(self.text)
  File "/Library/Frameworks/Python.framework/Versions/3.9/lib/python3.9/string.py", line 161, in format
    return self.vformat(format_string, args, kwargs)
  File "/Library/Frameworks/Python.framework/Versions/3.9/lib/python3.9/string.py", line 165, in vformat
    result, _ = self._vformat(format_string, args, kwargs, used_args, 2)
  File "/Library/Frameworks/Python.framework/Versions/3.9/lib/python3.9/string.py", line 218, in _vformat
    result.append(self.format_field(obj, format_spec))
  File "/Library/Frameworks/Python.framework/Versions/3.9/lib/python3.9/site-packages/mpf/core/placeholder_manager.py", line 252, in format_field
    raise AssertionError("Could not format {} with {}".format(format_spec, value)) from e
AssertionError: Could not format  -1, 'lights': 'led_letter_e' with loop

The above exception was the direct cause of the following exception:

Traceback (most recent call last):
  File "/Library/Frameworks/Python.framework/Versions/3.9/lib/python3.9/site-packages/mpf/core/machine.py", line 808, in _run_loop
    raise self._exception['exception']
  File "/Library/Frameworks/Python.framework/Versions/3.9/lib/python3.9/asyncio/events.py", line 80, in _run
    self._context.run(self._callback, *self._args)
  File "/Library/Frameworks/Python.framework/Versions/3.9/lib/python3.9/site-packages/mpf/core/events.py", line 795, in _queue_task_done
    future.result()
  File "/Library/Frameworks/Python.framework/Versions/3.9/lib/python3.9/site-packages/mpf/core/events.py", line 708, in _run_handlers_sequential
    handler.callback(queue=queue, **merged_kwargs)
  File "/Library/Frameworks/Python.framework/Versions/3.9/lib/python3.9/site-packages/mpf/core/mode.py", line 198, in start
    self._add_mode_devices()
  File "/Library/Frameworks/Python.framework/Versions/3.9/lib/python3.9/site-packages/mpf/core/mode.py", line 408, in _add_mode_devices
    device.device_loaded_in_mode(mode=self, player=self.player)
  File "/Library/Frameworks/Python.framework/Versions/3.9/lib/python3.9/site-packages/mpf/devices/shot.py", line 75, in device_loaded_in_mode
    self._update_show()
  File "/Library/Frameworks/Python.framework/Versions/3.9/lib/python3.9/site-packages/mpf/devices/shot.py", line 214, in _update_show
    self._play_show(settings=state_settings)
  File "/Library/Frameworks/Python.framework/Versions/3.9/lib/python3.9/site-packages/mpf/devices/shot.py", line 247, in _play_show
    show_tokens = {k: v.evaluate({})
  File "/Library/Frameworks/Python.framework/Versions/3.9/lib/python3.9/site-packages/mpf/devices/shot.py", line 247, in <dictcomp>
    show_tokens = {k: v.evaluate({})
  File "/Library/Frameworks/Python.framework/Versions/3.9/lib/python3.9/site-packages/mpf/core/placeholder_manager.py", line 273, in evaluate
    raise AssertionError("Failed to format {} with {}".format(self.text, parameters)) from e
AssertionError: Failed to format {'loop': -1, 'lights': 'led_letter_e'} with {}
