2025-06-29 21:29:09,126 : INFO : root : Loading config.
2025-06-29 21:29:09,128 : INFO : YamlMultifileConfigLoader : Machine config file #1: config.yaml
2025-06-29 21:29:09,128 : INFO : ConfigProcessor : Loading config from cache: /var/folders/9g/7xjb17l959g1fnq4pjl5c5p80000gn/T/1941ac2cbc7f60a15b77e866ee64bff5.mpf_cache
2025-06-29 21:29:09,147 : INFO : ConfigProcessor : Loading config from cache: /var/folders/9g/7xjb17l959g1fnq4pjl5c5p80000gn/T/f574f59b1e0fcbb2258348220f26b9cc.mpf_cache
2025-06-29 21:29:09,148 : INFO : ConfigProcessor : Loading config from cache: /var/folders/9g/7xjb17l959g1fnq4pjl5c5p80000gn/T/edcc5f1d3215b377c9faab88c62e4ce0.mpf_cache
2025-06-29 21:29:09,148 : INFO : ConfigProcessor : Loading config from cache: /var/folders/9g/7xjb17l959g1fnq4pjl5c5p80000gn/T/174d451d321a0971202b746018364536.mpf_cache
2025-06-29 21:29:09,148 : INFO : ConfigProcessor : Loading config from cache: /var/folders/9g/7xjb17l959g1fnq4pjl5c5p80000gn/T/f574f59b1e0fcbb2258348220f26b9cc.mpf_cache
2025-06-29 21:29:09,148 : INFO : ConfigProcessor : Loading config from cache: /var/folders/9g/7xjb17l959g1fnq4pjl5c5p80000gn/T/07dacdd8f13527fd10d0485d3faf338c.mpf_cache
2025-06-29 21:29:09,148 : INFO : ConfigProcessor : Loading config from cache: /var/folders/9g/7xjb17l959g1fnq4pjl5c5p80000gn/T/28e98af730e077ff4855d107c7cccd38.mpf_cache
2025-06-29 21:29:09,149 : INFO : ConfigProcessor : Loading config from cache: /var/folders/9g/7xjb17l959g1fnq4pjl5c5p80000gn/T/60fe1f8fc49016c2b454880842844885.mpf_cache
2025-06-29 21:29:09,149 : INFO : ConfigProcessor : Loading config from cache: /var/folders/9g/7xjb17l959g1fnq4pjl5c5p80000gn/T/5687b0aa1e3fbb14a73f3c4ee9bb8491.mpf_cache
2025-06-29 21:29:09,149 : INFO : ConfigProcessor : Loading config from cache: /var/folders/9g/7xjb17l959g1fnq4pjl5c5p80000gn/T/22167e30a1dc6dc96e4b5d51c380ed43.mpf_cache
2025-06-29 21:29:09,149 : INFO : Machine : Mission Pinball Framework Core Engine v0.57.3
2025-06-29 21:29:09,149 : INFO : Machine : Command line arguments: {'no_load_cache': False, 'create_config_cache': True, 'bcp': True, 'configfile': ['config.yaml'], 'force_assets_load': False, 'platform_integration_test': False, 'jsonlogging': False, 'logfile': 'logs/2025-06-29-21-29-09-mpf-macbookpro-1.home.log', 'pause': False, 'production': False, 'text_ui': True, 'loglevel': 15, 'consoleloglevel': 20, 'force_platform': 'smart_virtual', 'syslog_address': None, 'mc_file_name': None, 'no_sound': False}
2025-06-29 21:29:09,149 : INFO : Machine : MPF path: /Library/Frameworks/Python.framework/Versions/3.9/lib/python3.9/site-packages/mpf
2025-06-29 21:29:09,149 : INFO : Machine : Machine path: /Users/ruben/Pinball/mpf-pinball
2025-06-29 21:29:09,149 : INFO : Machine : Platform: darwin
2025-06-29 21:29:09,149 : INFO : Machine : Python executable location: /Library/Frameworks/Python.framework/Versions/3.9/bin/python3.9
2025-06-29 21:29:09,149 : INFO : Machine : Python version: 3.9.13 (64-bit)
2025-06-29 21:29:09,150 : INFO : Machine : Initializing MPF...
2025-06-29 21:29:09,165 : INFO : EventManager : Event: ======'machine_var_credits_string'====== Args={'value': 'FREE PLAY', 'prev_value': None, 'change': True}
2025-06-29 21:29:09,180 : INFO : EventManager : Event: ======'machine_var_master_volume'====== Args={'value': 0.5, 'prev_value': None, 'change': True}
2025-06-29 21:29:09,180 : INFO : EventManager : Event: ======'machine_var_player1_score'====== Args={'value': 0, 'prev_value': None, 'change': True}
2025-06-29 21:29:09,180 : INFO : EventManager : Event: ======'machine_var_mpf_version'====== Args={'value': 'Mission Pinball Framework v0.57.3', 'prev_value': None, 'change': True}
2025-06-29 21:29:09,180 : INFO : EventManager : Event: ======'machine_var_mpf_extended_version'====== Args={'value': 'Mission Pinball Framework v0.57.3, Config version:6, Show version: 6, BCP version:1.1', 'prev_value': None, 'change': True}
2025-06-29 21:29:09,180 : INFO : EventManager : Event: ======'machine_var_python_version'====== Args={'value': '3.9.13', 'prev_value': None, 'change': True}
2025-06-29 21:29:09,188 : INFO : EventManager : Event: ======'machine_var_platform'====== Args={'value': 'macOS-15.5-arm64-arm-64bit', 'prev_value': None, 'change': True}
2025-06-29 21:29:09,189 : INFO : EventManager : Event: ======'machine_var_platform_system'====== Args={'value': 'Darwin', 'prev_value': None, 'change': True}
2025-06-29 21:29:09,189 : INFO : EventManager : Event: ======'machine_var_platform_release'====== Args={'value': '24.5.0', 'prev_value': None, 'change': True}
2025-06-29 21:29:09,189 : INFO : EventManager : Event: ======'machine_var_platform_version'====== Args={'value': 'Darwin Kernel Version 24.5.0: Tue Apr 22 19:54:49 PDT 2025; root:xnu-11417.121.6~2/RELEASE_ARM64_T6000', 'prev_value': None, 'change': True}
2025-06-29 21:29:09,189 : INFO : EventManager : Event: ======'machine_var_platform_machine'====== Args={'value': 'arm64', 'prev_value': None, 'change': True}
2025-06-29 21:29:09,189 : INFO : EventManager : Event: ======'init_phase_1'====== Args={}
2025-06-29 21:29:09,199 : INFO : EventManager : Event: ======'init_phase_2'====== Args={}
2025-06-29 21:29:09,202 : INFO : EventManager : Event: ======'bcp_connection_attempt'====== Args={'name': 'local_display', 'host': 'localhost', 'port': 5050}
2025-06-29 21:29:09,202 : INFO : BCPClientSocket : Connecting BCP to 'local_display' at localhost:5050...
2025-06-29 21:29:10,225 : INFO : BCPClientSocket : Connected BCP to 'local_display' localhost:5050
2025-06-29 21:29:10,225 : INFO : EventManager : Event: ======'bcp_clients_connected'====== Args={}
2025-06-29 21:29:10,226 : INFO : ball_device.bd_trough : BCH: Initial count: 0
2025-06-29 21:29:10,227 : INFO : ball_device.bd_trough : State: idle
2025-06-29 21:29:10,230 : INFO : EventManager : Event: ======'init_phase_3'====== Args={}
2025-06-29 21:29:10,233 : INFO : EventManager : Event: ======'init_phase_4'====== Args={}
2025-06-29 21:29:10,233 : INFO : BallController : Initial balls found: 0
2025-06-29 21:29:10,234 : INFO : EventManager : Event: ======'machine_var_audits_events_game_ended'====== Args={'value': 53, 'prev_value': None, 'change': True}
2025-06-29 21:29:10,234 : INFO : EventManager : Event: ======'machine_var_audits_events_game_started'====== Args={'value': 107, 'prev_value': None, 'change': True}
2025-06-29 21:29:10,234 : INFO : EventManager : Event: ======'machine_var_audits_missing_switches_s_left_flipper'====== Args={'value': 7, 'prev_value': None, 'change': True}
2025-06-29 21:29:10,234 : INFO : EventManager : Event: ======'machine_var_audits_missing_switches_s_left_outlane'====== Args={'value': 10, 'prev_value': None, 'change': True}
2025-06-29 21:29:10,234 : INFO : EventManager : Event: ======'machine_var_audits_missing_switches_s_left_slingshot'====== Args={'value': 7, 'prev_value': None, 'change': True}
2025-06-29 21:29:10,234 : INFO : EventManager : Event: ======'machine_var_audits_missing_switches_s_pop1'====== Args={'value': 18, 'prev_value': None, 'change': True}
2025-06-29 21:29:10,234 : INFO : EventManager : Event: ======'machine_var_audits_missing_switches_s_pop2'====== Args={'value': 18, 'prev_value': None, 'change': True}
2025-06-29 21:29:10,234 : INFO : EventManager : Event: ======'machine_var_audits_missing_switches_s_pop3'====== Args={'value': 18, 'prev_value': None, 'change': True}
2025-06-29 21:29:10,234 : INFO : EventManager : Event: ======'machine_var_audits_missing_switches_s_pop4'====== Args={'value': 7, 'prev_value': None, 'change': True}
2025-06-29 21:29:10,235 : INFO : EventManager : Event: ======'machine_var_audits_missing_switches_s_pop5'====== Args={'value': 7, 'prev_value': None, 'change': True}
2025-06-29 21:29:10,235 : INFO : EventManager : Event: ======'machine_var_audits_missing_switches_s_right_flipper'====== Args={'value': 6, 'prev_value': None, 'change': True}
2025-06-29 21:29:10,235 : INFO : EventManager : Event: ======'machine_var_audits_missing_switches_s_right_outlane'====== Args={'value': 10, 'prev_value': None, 'change': True}
2025-06-29 21:29:10,235 : INFO : EventManager : Event: ======'machine_var_audits_missing_switches_s_right_slingshot'====== Args={'value': 7, 'prev_value': None, 'change': True}
2025-06-29 21:29:10,235 : INFO : EventManager : Event: ======'machine_var_audits_missing_switches_s_startButton'====== Args={'value': 7, 'prev_value': None, 'change': True}
2025-06-29 21:29:10,235 : INFO : EventManager : Event: ======'machine_var_audits_missing_switches_s_trough2'====== Args={'value': 10, 'prev_value': None, 'change': True}
2025-06-29 21:29:10,235 : INFO : EventManager : Event: ======'machine_var_audits_missing_switches_s_trough3'====== Args={'value': 10, 'prev_value': None, 'change': True}
2025-06-29 21:29:10,235 : INFO : EventManager : Event: ======'machine_var_audits_missing_switches_s_trough4'====== Args={'value': 10, 'prev_value': None, 'change': True}
2025-06-29 21:29:10,235 : INFO : EventManager : Event: ======'machine_var_audits_missing_switches_s_trough5'====== Args={'value': 9, 'prev_value': None, 'change': True}
2025-06-29 21:29:10,235 : INFO : EventManager : Event: ======'machine_var_audits_player_score'====== Args={'value': {'average': 0, 'top': [0, 0, 0, 0, 0, 0, 0, 0, 0, 0], 'total': 53}, 'prev_value': None, 'change': True}
2025-06-29 21:29:10,235 : INFO : EventManager : Event: ======'machine_var_audits_switches_s_drop_bank1'====== Args={'value': 140, 'prev_value': None, 'change': True}
2025-06-29 21:29:10,235 : INFO : EventManager : Event: ======'machine_var_audits_switches_s_left_flipper'====== Args={'value': 2284, 'prev_value': None, 'change': True}
2025-06-29 21:29:10,235 : INFO : EventManager : Event: ======'machine_var_audits_switches_s_left_inlane1'====== Args={'value': 2, 'prev_value': None, 'change': True}
2025-06-29 21:29:10,235 : INFO : EventManager : Event: ======'machine_var_audits_switches_s_left_inlane2'====== Args={'value': 2, 'prev_value': None, 'change': True}
2025-06-29 21:29:10,235 : INFO : EventManager : Event: ======'machine_var_audits_switches_s_left_outlane'====== Args={'value': 0, 'prev_value': None, 'change': True}
2025-06-29 21:29:10,235 : INFO : EventManager : Event: ======'machine_var_audits_switches_s_left_slingshot'====== Args={'value': 295, 'prev_value': None, 'change': True}
2025-06-29 21:29:10,236 : INFO : EventManager : Event: ======'machine_var_audits_switches_s_plunger'====== Args={'value': 5, 'prev_value': None, 'change': True}
2025-06-29 21:29:10,236 : INFO : EventManager : Event: ======'machine_var_audits_switches_s_pop1'====== Args={'value': 0, 'prev_value': None, 'change': True}
2025-06-29 21:29:10,236 : INFO : EventManager : Event: ======'machine_var_audits_switches_s_pop2'====== Args={'value': 0, 'prev_value': None, 'change': True}
2025-06-29 21:29:10,236 : INFO : EventManager : Event: ======'machine_var_audits_switches_s_pop3'====== Args={'value': 0, 'prev_value': None, 'change': True}
2025-06-29 21:29:10,236 : INFO : EventManager : Event: ======'machine_var_audits_switches_s_pop4'====== Args={'value': 3, 'prev_value': None, 'change': True}
2025-06-29 21:29:10,236 : INFO : EventManager : Event: ======'machine_var_audits_switches_s_pop5'====== Args={'value': 3, 'prev_value': None, 'change': True}
2025-06-29 21:29:10,236 : INFO : EventManager : Event: ======'machine_var_audits_switches_s_pop_bot'====== Args={'value': 426, 'prev_value': None, 'change': True}
2025-06-29 21:29:10,236 : INFO : EventManager : Event: ======'machine_var_audits_switches_s_pop_mid'====== Args={'value': 351, 'prev_value': None, 'change': True}
2025-06-29 21:29:10,236 : INFO : EventManager : Event: ======'machine_var_audits_switches_s_pop_top'====== Args={'value': 302, 'prev_value': None, 'change': True}
2025-06-29 21:29:10,236 : INFO : EventManager : Event: ======'machine_var_audits_switches_s_right_flipper'====== Args={'value': 2339, 'prev_value': None, 'change': True}
2025-06-29 21:29:10,236 : INFO : EventManager : Event: ======'machine_var_audits_switches_s_right_inlane'====== Args={'value': 67, 'prev_value': None, 'change': True}
2025-06-29 21:29:10,236 : INFO : EventManager : Event: ======'machine_var_audits_switches_s_right_outlane'====== Args={'value': 0, 'prev_value': None, 'change': True}
2025-06-29 21:29:10,237 : INFO : EventManager : Event: ======'machine_var_audits_switches_s_right_slingshot'====== Args={'value': 258, 'prev_value': None, 'change': True}
2025-06-29 21:29:10,237 : INFO : EventManager : Event: ======'machine_var_audits_switches_s_scoop_center'====== Args={'value': 2, 'prev_value': None, 'change': True}
2025-06-29 21:29:10,237 : INFO : EventManager : Event: ======'machine_var_audits_switches_s_scoop_lower'====== Args={'value': 220, 'prev_value': None, 'change': True}
2025-06-29 21:29:10,237 : INFO : EventManager : Event: ======'machine_var_audits_switches_s_scoop_right'====== Args={'value': 1, 'prev_value': None, 'change': True}
2025-06-29 21:29:10,237 : INFO : EventManager : Event: ======'machine_var_audits_switches_s_shooter_lane'====== Args={'value': 15, 'prev_value': None, 'change': True}
2025-06-29 21:29:10,237 : INFO : EventManager : Event: ======'machine_var_audits_switches_s_startButton'====== Args={'value': 35, 'prev_value': None, 'change': True}
2025-06-29 21:29:10,237 : INFO : EventManager : Event: ======'machine_var_audits_switches_s_trough1'====== Args={'value': 318, 'prev_value': None, 'change': True}
2025-06-29 21:29:10,237 : INFO : EventManager : Event: ======'machine_var_audits_switches_s_trough2'====== Args={'value': 1, 'prev_value': None, 'change': True}
2025-06-29 21:29:10,237 : INFO : EventManager : Event: ======'machine_var_audits_switches_s_trough3'====== Args={'value': 1, 'prev_value': None, 'change': True}
2025-06-29 21:29:10,237 : INFO : EventManager : Event: ======'machine_var_audits_switches_s_trough4'====== Args={'value': 1, 'prev_value': None, 'change': True}
2025-06-29 21:29:10,237 : INFO : EventManager : Event: ======'machine_var_audits_switches_s_trough5'====== Args={'value': 1, 'prev_value': None, 'change': True}
2025-06-29 21:29:10,238 : INFO : EventManager : Event: ======'init_phase_5'====== Args={}
2025-06-29 21:29:10,242 : INFO : EventManager : Event: ======'machine_var_mc_version'====== Args={'value': 'MPF-MC v0.57.1', 'prev_value': None, 'change': True}
2025-06-29 21:29:10,243 : INFO : EventManager : Event: ======'machine_var_mc_extended_version'====== Args={'value': 'MPF-MC v0.57.1 (config_version=6, BCP v1.1,                      Requires MPF API compatibility v0.57.0 or newer)', 'prev_value': None, 'change': True}
2025-06-29 21:29:10,247 : INFO : EventManager : Event: ======'init_done'====== Args={}
2025-06-29 21:29:10,247 : INFO : EventManager : Event: ======'machine_reset_phase_1'====== Args={}
2025-06-29 21:29:10,253 : INFO : EventManager : Event: ======'machine_reset_phase_2'====== Args={}
2025-06-29 21:29:10,254 : INFO : EventManager : Event: ======'machine_reset_phase_3'====== Args={}
2025-06-29 21:29:10,255 : INFO : EventManager : Event: ======'reset_complete'====== Args={}
2025-06-29 21:29:10,255 : INFO : EventManager : Event: ======'mode_attract_will_start'====== Args={}
2025-06-29 21:29:10,255 : INFO : EventManager : Event: ======'mode_attract_starting'====== Args={}
2025-06-29 21:29:10,255 : INFO : Mode.attract : Started. Priority: 10
2025-06-29 21:29:10,255 : INFO : EventManager : Event: ======'modes_active_modes_changed'====== Args={}
2025-06-29 21:29:10,255 : INFO : EventManager : Event: ======'mode_attract_started'====== Args={}
2025-06-29 21:29:10,255 : INFO : EventManager : Event: ======'collecting_balls_complete'====== Args={}
2025-06-29 21:29:10,256 : INFO : Machine : Starting the main run loop with active modes: [<Mode.attract>]
2025-06-29 21:29:10,713 : INFO : BcpServer : New client connected.
2025-06-29 21:30:43,375 : INFO : Machine : Shutting down...
2025-06-29 21:30:43,375 : INFO : EventManager : Event: ======'shutdown'====== Args={}
2025-06-29 21:30:43,377 : INFO : root : MPF run loop ended.
