2025-06-03 21:27:49,690 : INFO : root : Loading config.
2025-06-03 21:27:49,692 : INFO : YamlMultifileConfigLoader : Machine config file #1: config.yaml
2025-06-03 21:27:49,692 : INFO : ConfigProcessor : Loading config from cache: /var/folders/9g/7xjb17l959g1fnq4pjl5c5p80000gn/T/1941ac2cbc7f60a15b77e866ee64bff5.mpf_cache
2025-06-03 21:27:49,692 : WARNING : ConfigProcessor : Config file in cache changed: /Users/ruben/Pinball/mpf-pinball/config/switches.yaml
2025-06-03 21:27:49,692 : INFO : ConfigProcessor : Loading config from file /Library/Frameworks/Python.framework/Versions/3.9/lib/python3.9/site-packages/mpf/mpfconfig.yaml.
2025-06-03 21:27:49,699 : INFO : ConfigProcessor : Loading config: /Library/Frameworks/Python.framework/Versions/3.9/lib/python3.9/site-packages/mpf/mpfconfig.yaml
2025-06-03 21:27:49,699 : INFO : ConfigProcessor : Loading config from file /Users/ruben/Pinball/mpf-pinball/config/config.yaml.
2025-06-03 21:27:49,699 : INFO : ConfigProcessor : Loading config: /Users/ruben/Pinball/mpf-pinball/config/config.yaml
2025-06-03 21:27:49,700 : INFO : ConfigProcessor : Loading config: /Users/ruben/Pinball/mpf-pinball/config/hardware.yaml
2025-06-03 21:27:49,700 : INFO : ConfigProcessor : Loading config: /Users/ruben/Pinball/mpf-pinball/config/switches.yaml
2025-06-03 21:27:49,701 : INFO : ConfigProcessor : Loading config: /Users/ruben/Pinball/mpf-pinball/config/coils.yaml
2025-06-03 21:27:49,702 : INFO : ConfigProcessor : Loading config: /Users/ruben/Pinball/mpf-pinball/config/devices.yaml
2025-06-03 21:27:49,702 : INFO : ConfigProcessor : Loading config: /Users/ruben/Pinball/mpf-pinball/config/displays.yaml
2025-06-03 21:27:49,703 : INFO : ConfigProcessor : Loading config: /Users/ruben/Pinball/mpf-pinball/config/slides.yaml
2025-06-03 21:27:49,704 : INFO : ConfigProcessor : Config file cache created: /var/folders/9g/7xjb17l959g1fnq4pjl5c5p80000gn/T/1941ac2cbc7f60a15b77e866ee64bff5.mpf_cache
2025-06-03 21:27:49,722 : INFO : ConfigProcessor : Loading config from cache: /var/folders/9g/7xjb17l959g1fnq4pjl5c5p80000gn/T/c7af4841f7c2cabb0f971746daddf284.mpf_cache
2025-06-03 21:27:49,722 : INFO : ConfigProcessor : Loading config from cache: /var/folders/9g/7xjb17l959g1fnq4pjl5c5p80000gn/T/edcc5f1d3215b377c9faab88c62e4ce0.mpf_cache
2025-06-03 21:27:49,722 : INFO : Machine : Mission Pinball Framework Core Engine v0.57.3
2025-06-03 21:27:49,722 : INFO : Machine : Command line arguments: {'no_load_cache': False, 'create_config_cache': True, 'bcp': True, 'configfile': ['config.yaml'], 'force_assets_load': False, 'platform_integration_test': False, 'jsonlogging': False, 'logfile': 'logs/2025-06-03-21-27-49-mpf-ruben.home.log', 'pause': False, 'production': False, 'text_ui': True, 'loglevel': 15, 'consoleloglevel': 20, 'force_platform': 'smart_virtual', 'syslog_address': None, 'mc_file_name': None, 'no_sound': False}
2025-06-03 21:27:49,722 : INFO : Machine : MPF path: /Library/Frameworks/Python.framework/Versions/3.9/lib/python3.9/site-packages/mpf
2025-06-03 21:27:49,722 : INFO : Machine : Machine path: /Users/ruben/Pinball/mpf-pinball
2025-06-03 21:27:49,722 : INFO : Machine : Platform: darwin
2025-06-03 21:27:49,722 : INFO : Machine : Python executable location: /Library/Frameworks/Python.framework/Versions/3.9/bin/python3.9
2025-06-03 21:27:49,722 : INFO : Machine : Python version: 3.9.13 (64-bit)
2025-06-03 21:27:49,723 : INFO : Machine : Initializing MPF...
2025-06-03 21:27:49,740 : INFO : EventManager : Event: ======'machine_var_credits_string'====== Args={'value': 'FREE PLAY', 'prev_value': None, 'change': True}
2025-06-03 21:27:49,755 : INFO : EventManager : Event: ======'machine_var_master_volume'====== Args={'value': 0.5, 'prev_value': None, 'change': True}
2025-06-03 21:27:49,755 : INFO : EventManager : Event: ======'machine_var_player1_score'====== Args={'value': 0, 'prev_value': None, 'change': True}
2025-06-03 21:27:49,755 : INFO : EventManager : Event: ======'machine_var_mpf_version'====== Args={'value': 'Mission Pinball Framework v0.57.3', 'prev_value': None, 'change': True}
2025-06-03 21:27:49,755 : INFO : EventManager : Event: ======'machine_var_mpf_extended_version'====== Args={'value': 'Mission Pinball Framework v0.57.3, Config version:6, Show version: 6, BCP version:1.1', 'prev_value': None, 'change': True}
2025-06-03 21:27:49,755 : INFO : EventManager : Event: ======'machine_var_python_version'====== Args={'value': '3.9.13', 'prev_value': None, 'change': True}
2025-06-03 21:27:49,762 : INFO : EventManager : Event: ======'machine_var_platform'====== Args={'value': 'macOS-14.6.1-arm64-arm-64bit', 'prev_value': None, 'change': True}
2025-06-03 21:27:49,762 : INFO : EventManager : Event: ======'machine_var_platform_system'====== Args={'value': 'Darwin', 'prev_value': None, 'change': True}
2025-06-03 21:27:49,762 : INFO : EventManager : Event: ======'machine_var_platform_release'====== Args={'value': '23.6.0', 'prev_value': None, 'change': True}
2025-06-03 21:27:49,762 : INFO : EventManager : Event: ======'machine_var_platform_version'====== Args={'value': 'Darwin Kernel Version 23.6.0: Mon Jul 29 21:14:30 PDT 2024; root:xnu-10063.141.2~1/RELEASE_ARM64_T6000', 'prev_value': None, 'change': True}
2025-06-03 21:27:49,762 : INFO : EventManager : Event: ======'machine_var_platform_machine'====== Args={'value': 'arm64', 'prev_value': None, 'change': True}
2025-06-03 21:27:49,762 : INFO : EventManager : Event: ======'init_phase_1'====== Args={}
2025-06-03 21:27:49,769 : INFO : EventManager : Event: ======'init_phase_2'====== Args={}
2025-06-03 21:27:49,770 : INFO : EventManager : Event: ======'bcp_connection_attempt'====== Args={'name': 'local_display', 'host': 'localhost', 'port': 5050}
2025-06-03 21:27:49,771 : INFO : BCPClientSocket : Connecting BCP to 'local_display' at localhost:5050...
2025-06-03 21:27:50,593 : INFO : BCPClientSocket : Connected BCP to 'local_display' localhost:5050
2025-06-03 21:27:50,593 : INFO : EventManager : Event: ======'bcp_clients_connected'====== Args={}
2025-06-03 21:27:50,594 : INFO : ball_device.bd_trough : BCH: Initial count: 0
2025-06-03 21:27:50,595 : INFO : ball_device.bd_trough : State: idle
2025-06-03 21:27:50,597 : INFO : EventManager : Event: ======'init_phase_3'====== Args={}
2025-06-03 21:27:50,598 : INFO : EventManager : Event: ======'machine_var_mc_version'====== Args={'value': 'MPF-MC v0.57.1', 'prev_value': None, 'change': True}
2025-06-03 21:27:50,598 : INFO : EventManager : Event: ======'machine_var_mc_extended_version'====== Args={'value': 'MPF-MC v0.57.1 (config_version=6, BCP v1.1,                      Requires MPF API compatibility v0.57.0 or newer)', 'prev_value': None, 'change': True}
2025-06-03 21:27:50,601 : INFO : EventManager : Event: ======'init_phase_4'====== Args={}
2025-06-03 21:27:50,601 : INFO : BallController : Initial balls found: 0
2025-06-03 21:27:50,602 : INFO : EventManager : Event: ======'machine_var_audits_events_game_ended'====== Args={'value': 50, 'prev_value': None, 'change': True}
2025-06-03 21:27:50,602 : INFO : EventManager : Event: ======'machine_var_audits_events_game_started'====== Args={'value': 89, 'prev_value': None, 'change': True}
2025-06-03 21:27:50,602 : INFO : EventManager : Event: ======'machine_var_audits_player_score'====== Args={'value': {'average': 0.0, 'top': [0, 0, 0, 0, 0, 0, 0, 0, 0, 0], 'total': 50}, 'prev_value': None, 'change': True}
2025-06-03 21:27:50,602 : INFO : EventManager : Event: ======'machine_var_audits_switches_s_drop_bank1'====== Args={'value': 140, 'prev_value': None, 'change': True}
2025-06-03 21:27:50,602 : INFO : EventManager : Event: ======'machine_var_audits_switches_s_left_flipper'====== Args={'value': 2279, 'prev_value': None, 'change': True}
2025-06-03 21:27:50,602 : INFO : EventManager : Event: ======'machine_var_audits_switches_s_left_slingshot'====== Args={'value': 290, 'prev_value': None, 'change': True}
2025-06-03 21:27:50,602 : INFO : EventManager : Event: ======'machine_var_audits_switches_s_plunger'====== Args={'value': 5, 'prev_value': None, 'change': True}
2025-06-03 21:27:50,602 : INFO : EventManager : Event: ======'machine_var_audits_switches_s_pop_bot'====== Args={'value': 426, 'prev_value': None, 'change': True}
2025-06-03 21:27:50,602 : INFO : EventManager : Event: ======'machine_var_audits_switches_s_pop_mid'====== Args={'value': 351, 'prev_value': None, 'change': True}
2025-06-03 21:27:50,602 : INFO : EventManager : Event: ======'machine_var_audits_switches_s_pop_top'====== Args={'value': 302, 'prev_value': None, 'change': True}
2025-06-03 21:27:50,603 : INFO : EventManager : Event: ======'machine_var_audits_switches_s_right_flipper'====== Args={'value': 2328, 'prev_value': None, 'change': True}
2025-06-03 21:27:50,603 : INFO : EventManager : Event: ======'machine_var_audits_switches_s_right_inlane'====== Args={'value': 57, 'prev_value': None, 'change': True}
2025-06-03 21:27:50,603 : INFO : EventManager : Event: ======'machine_var_audits_switches_s_right_slingshot'====== Args={'value': 255, 'prev_value': None, 'change': True}
2025-06-03 21:27:50,603 : INFO : EventManager : Event: ======'machine_var_audits_switches_s_scoop_center'====== Args={'value': 0, 'prev_value': None, 'change': True}
2025-06-03 21:27:50,603 : INFO : EventManager : Event: ======'machine_var_audits_switches_s_scoop_lower'====== Args={'value': 220, 'prev_value': None, 'change': True}
2025-06-03 21:27:50,603 : INFO : EventManager : Event: ======'machine_var_audits_switches_s_scoop_right'====== Args={'value': 0, 'prev_value': None, 'change': True}
2025-06-03 21:27:50,603 : INFO : EventManager : Event: ======'machine_var_audits_switches_s_startButton'====== Args={'value': 34, 'prev_value': None, 'change': True}
2025-06-03 21:27:50,604 : INFO : EventManager : Event: ======'machine_var_audits_switches_s_trough1'====== Args={'value': 303, 'prev_value': None, 'change': True}
2025-06-03 21:27:50,604 : INFO : EventManager : Event: ======'machine_var_audits_switches_s_trough2'====== Args={'value': 1, 'prev_value': None, 'change': True}
2025-06-03 21:27:50,604 : INFO : EventManager : Event: ======'machine_var_audits_switches_s_trough3'====== Args={'value': 1, 'prev_value': None, 'change': True}
2025-06-03 21:27:50,604 : INFO : EventManager : Event: ======'machine_var_audits_switches_s_trough4'====== Args={'value': 1, 'prev_value': None, 'change': True}
2025-06-03 21:27:50,604 : INFO : EventManager : Event: ======'machine_var_audits_switches_s_trough5'====== Args={'value': 0, 'prev_value': None, 'change': True}
2025-06-03 21:27:50,604 : INFO : EventManager : Event: ======'machine_var_audits_switches_s_pop3'====== Args={'value': 0, 'prev_value': None, 'change': True}
2025-06-03 21:27:50,604 : INFO : EventManager : Event: ======'machine_var_audits_switches_s_shooter_lane'====== Args={'value': 0, 'prev_value': None, 'change': True}
2025-06-03 21:27:50,604 : INFO : EventManager : Event: ======'machine_var_audits_switches_s_left_inlane1'====== Args={'value': 0, 'prev_value': None, 'change': True}
2025-06-03 21:27:50,605 : INFO : EventManager : Event: ======'machine_var_audits_switches_s_left_inlane2'====== Args={'value': 0, 'prev_value': None, 'change': True}
2025-06-03 21:27:50,605 : INFO : EventManager : Event: ======'machine_var_audits_switches_s_left_outlane'====== Args={'value': 0, 'prev_value': None, 'change': True}
2025-06-03 21:27:50,605 : INFO : EventManager : Event: ======'machine_var_audits_switches_s_pop4'====== Args={'value': 0, 'prev_value': None, 'change': True}
2025-06-03 21:27:50,605 : INFO : EventManager : Event: ======'machine_var_audits_switches_s_pop2'====== Args={'value': 0, 'prev_value': None, 'change': True}
2025-06-03 21:27:50,605 : INFO : EventManager : Event: ======'machine_var_audits_switches_s_pop1'====== Args={'value': 0, 'prev_value': None, 'change': True}
2025-06-03 21:27:50,605 : INFO : EventManager : Event: ======'machine_var_audits_switches_s_right_outlane'====== Args={'value': 0, 'prev_value': None, 'change': True}
2025-06-03 21:27:50,605 : INFO : EventManager : Event: ======'machine_var_audits_switches_s_pop5'====== Args={'value': 0, 'prev_value': None, 'change': True}
2025-06-03 21:27:50,605 : INFO : EventManager : Event: ======'init_phase_5'====== Args={}
2025-06-03 21:27:50,612 : INFO : EventManager : Event: ======'init_done'====== Args={}
2025-06-03 21:27:50,612 : INFO : EventManager : Event: ======'machine_reset_phase_1'====== Args={}
2025-06-03 21:27:50,622 : INFO : EventManager : Event: ======'slide_welcome_slide_removed'====== Args={'_from_bcp': True}
2025-06-03 21:27:50,623 : INFO : EventManager : Event: ======'slide_welcome_slide_created'====== Args={'_from_bcp': True}
2025-06-03 21:27:50,623 : INFO : EventManager : Event: ======'slide_welcome_slide_active'====== Args={'_from_bcp': True}
2025-06-03 21:27:50,623 : INFO : EventManager : Event: ======'machine_reset_phase_2'====== Args={}
2025-06-03 21:27:50,623 : INFO : EventManager : Event: ======'machine_reset_phase_3'====== Args={}
2025-06-03 21:27:50,624 : INFO : EventManager : Event: ======'reset_complete'====== Args={}
2025-06-03 21:27:50,624 : INFO : EventManager : Event: ======'mode_attract_will_start'====== Args={}
2025-06-03 21:27:50,624 : INFO : EventManager : Event: ======'mode_attract_starting'====== Args={}
2025-06-03 21:27:50,624 : INFO : Mode.attract : Started. Priority: 10
2025-06-03 21:27:50,624 : INFO : EventManager : Event: ======'modes_active_modes_changed'====== Args={}
2025-06-03 21:27:50,624 : INFO : EventManager : Event: ======'mode_attract_started'====== Args={}
2025-06-03 21:27:50,625 : INFO : EventManager : Event: ======'collecting_balls_complete'====== Args={}
2025-06-03 21:27:50,625 : INFO : Machine : Starting the main run loop with active modes: [<Mode.attract>]
2025-06-03 21:27:50,638 : INFO : EventManager : Event: ======'slide_attract_started_created'====== Args={'_from_bcp': True}
2025-06-03 21:27:50,639 : INFO : EventManager : Event: ======'slide_attract_started_active'====== Args={'_from_bcp': True}
2025-06-03 21:28:07,744 : INFO : BcpServer : New client connected.
2025-06-03 21:28:18,789 : INFO : SwitchController : <<<<<<< 's_shooter_lane' active >>>>>>>
2025-06-03 21:28:18,789 : INFO : EventManager : Event: ======'sw_playfield_active'====== Args={}
2025-06-03 21:28:18,789 : INFO : EventManager : Event: ======'playfield_active'====== Args={'source': None}
2025-06-03 21:28:18,789 : INFO : EventManager : Event: ======'unexpected_ball_on_playfield'====== Args={}
2025-06-03 21:28:21,577 : INFO : SwitchController : <<<<<<< 's_shooter_lane' inactive >>>>>>>
2025-06-03 21:28:21,725 : INFO : SwitchController : <<<<<<< 's_shooter_lane' active >>>>>>>
2025-06-03 21:28:21,725 : INFO : EventManager : Event: ======'sw_playfield_active'====== Args={}
2025-06-03 21:28:21,726 : INFO : EventManager : Event: ======'playfield_active'====== Args={'source': None}
2025-06-03 21:28:21,727 : INFO : EventManager : Event: ======'unexpected_ball_on_playfield'====== Args={}
2025-06-03 21:28:29,117 : INFO : SwitchController : <<<<<<< 's_startButton' active >>>>>>>
2025-06-03 21:28:29,209 : INFO : SwitchController : <<<<<<< 's_startButton' inactive >>>>>>>
2025-06-03 21:28:29,209 : INFO : EventManager : Event: ======'request_to_start_game'====== Args={}
2025-06-03 21:28:29,209 : INFO : BallController : Known balls: 0
2025-06-03 21:28:29,209 : INFO : BallController : bd_trough contains 0 balls. Tags ['trough', 'home', 'drain']
2025-06-03 21:28:29,210 : INFO : BallController : playfield contains 0 balls. Tags ['default']
2025-06-03 21:28:29,210 : WARNING : BallController : BallController denies game start. Not enough balls. 0 found. 1 required
2025-06-03 21:28:29,210 : INFO : BallController : Triggering ball search.
2025-06-03 21:28:32,508 : INFO : SwitchController : <<<<<<< 's_shooter_lane' inactive >>>>>>>
2025-06-03 21:28:32,644 : INFO : SwitchController : <<<<<<< 's_shooter_lane' active >>>>>>>
2025-06-03 21:28:32,645 : INFO : EventManager : Event: ======'sw_playfield_active'====== Args={}
2025-06-03 21:28:32,646 : INFO : EventManager : Event: ======'playfield_active'====== Args={'source': None}
2025-06-03 21:28:32,646 : INFO : EventManager : Event: ======'unexpected_ball_on_playfield'====== Args={}
2025-06-03 21:28:33,044 : INFO : SwitchController : <<<<<<< 's_shooter_lane' inactive >>>>>>>
2025-06-03 21:28:33,235 : INFO : SwitchController : <<<<<<< 's_shooter_lane' active >>>>>>>
2025-06-03 21:28:33,235 : INFO : EventManager : Event: ======'sw_playfield_active'====== Args={}
2025-06-03 21:28:33,236 : INFO : EventManager : Event: ======'playfield_active'====== Args={'source': None}
2025-06-03 21:28:33,236 : INFO : EventManager : Event: ======'unexpected_ball_on_playfield'====== Args={}
2025-06-03 21:28:33,575 : INFO : SwitchController : <<<<<<< 's_shooter_lane' inactive >>>>>>>
2025-06-03 21:28:35,023 : INFO : SwitchController : <<<<<<< 's_shooter_lane' active >>>>>>>
2025-06-03 21:28:35,023 : INFO : EventManager : Event: ======'sw_playfield_active'====== Args={}
2025-06-03 21:28:35,024 : INFO : EventManager : Event: ======'playfield_active'====== Args={'source': None}
2025-06-03 21:28:35,025 : INFO : EventManager : Event: ======'unexpected_ball_on_playfield'====== Args={}
2025-06-03 21:28:35,476 : INFO : SwitchController : <<<<<<< 's_shooter_lane' inactive >>>>>>>
2025-06-03 21:28:37,003 : INFO : SwitchController : <<<<<<< 's_startButton' active >>>>>>>
2025-06-03 21:28:37,127 : INFO : SwitchController : <<<<<<< 's_startButton' inactive >>>>>>>
2025-06-03 21:28:37,128 : INFO : EventManager : Event: ======'request_to_start_game'====== Args={}
2025-06-03 21:28:37,128 : INFO : BallController : Known balls: 0
2025-06-03 21:28:37,128 : INFO : BallController : bd_trough contains 0 balls. Tags ['trough', 'home', 'drain']
2025-06-03 21:28:37,128 : INFO : BallController : playfield contains 0 balls. Tags ['default']
2025-06-03 21:28:37,128 : WARNING : BallController : BallController denies game start. Not enough balls. 0 found. 1 required
2025-06-03 21:28:37,128 : INFO : BallController : Triggering ball search.
2025-06-03 21:28:37,830 : INFO : SwitchController : <<<<<<< 's_startButton' active >>>>>>>
2025-06-03 21:28:37,939 : INFO : SwitchController : <<<<<<< 's_startButton' inactive >>>>>>>
2025-06-03 21:28:37,940 : INFO : EventManager : Event: ======'request_to_start_game'====== Args={}
2025-06-03 21:28:37,940 : INFO : BallController : Known balls: 0
2025-06-03 21:28:37,940 : INFO : BallController : bd_trough contains 0 balls. Tags ['trough', 'home', 'drain']
2025-06-03 21:28:37,940 : INFO : BallController : playfield contains 0 balls. Tags ['default']
2025-06-03 21:28:37,940 : WARNING : BallController : BallController denies game start. Not enough balls. 0 found. 1 required
2025-06-03 21:28:37,940 : INFO : BallController : Triggering ball search.
2025-06-03 21:28:38,052 : INFO : SwitchController : <<<<<<< 's_startButton' active >>>>>>>
2025-06-03 21:28:38,132 : INFO : SwitchController : <<<<<<< 's_startButton' inactive >>>>>>>
2025-06-03 21:28:38,132 : INFO : EventManager : Event: ======'request_to_start_game'====== Args={}
2025-06-03 21:28:38,133 : INFO : BallController : Known balls: 0
2025-06-03 21:28:38,133 : INFO : BallController : bd_trough contains 0 balls. Tags ['trough', 'home', 'drain']
2025-06-03 21:28:38,133 : INFO : BallController : playfield contains 0 balls. Tags ['default']
2025-06-03 21:28:38,133 : WARNING : BallController : BallController denies game start. Not enough balls. 0 found. 1 required
2025-06-03 21:28:38,133 : INFO : BallController : Triggering ball search.
2025-06-03 21:28:38,231 : INFO : SwitchController : <<<<<<< 's_startButton' active >>>>>>>
2025-06-03 21:28:38,310 : INFO : SwitchController : <<<<<<< 's_startButton' inactive >>>>>>>
2025-06-03 21:28:38,310 : INFO : EventManager : Event: ======'request_to_start_game'====== Args={}
2025-06-03 21:28:38,311 : INFO : BallController : Known balls: 0
2025-06-03 21:28:38,311 : INFO : BallController : bd_trough contains 0 balls. Tags ['trough', 'home', 'drain']
2025-06-03 21:28:38,311 : INFO : BallController : playfield contains 0 balls. Tags ['default']
2025-06-03 21:28:38,311 : WARNING : BallController : BallController denies game start. Not enough balls. 0 found. 1 required
2025-06-03 21:28:38,311 : INFO : BallController : Triggering ball search.
2025-06-03 21:28:44,474 : INFO : SwitchController : <<<<<<< 's_startButton' active >>>>>>>
2025-06-03 21:28:44,585 : INFO : SwitchController : <<<<<<< 's_startButton' inactive >>>>>>>
2025-06-03 21:28:44,585 : INFO : EventManager : Event: ======'request_to_start_game'====== Args={}
2025-06-03 21:28:44,586 : INFO : BallController : Known balls: 0
2025-06-03 21:28:44,586 : INFO : BallController : bd_trough contains 0 balls. Tags ['trough', 'home', 'drain']
2025-06-03 21:28:44,586 : INFO : BallController : playfield contains 0 balls. Tags ['default']
2025-06-03 21:28:44,586 : WARNING : BallController : BallController denies game start. Not enough balls. 0 found. 1 required
2025-06-03 21:28:44,586 : INFO : BallController : Triggering ball search.
2025-06-03 21:28:46,379 : INFO : SwitchController : <<<<<<< 's_shooter_lane' active >>>>>>>
2025-06-03 21:28:46,379 : INFO : EventManager : Event: ======'sw_playfield_active'====== Args={}
2025-06-03 21:28:46,380 : INFO : EventManager : Event: ======'playfield_active'====== Args={'source': None}
2025-06-03 21:28:46,380 : INFO : EventManager : Event: ======'unexpected_ball_on_playfield'====== Args={}
2025-06-03 21:28:46,498 : INFO : SwitchController : <<<<<<< 's_shooter_lane' inactive >>>>>>>
2025-06-03 21:28:47,176 : INFO : SwitchController : <<<<<<< 's_shooter_lane' active >>>>>>>
2025-06-03 21:28:47,176 : INFO : EventManager : Event: ======'sw_playfield_active'====== Args={}
2025-06-03 21:28:47,177 : INFO : EventManager : Event: ======'playfield_active'====== Args={'source': None}
2025-06-03 21:28:47,177 : INFO : EventManager : Event: ======'unexpected_ball_on_playfield'====== Args={}
2025-06-03 21:28:47,270 : INFO : SwitchController : <<<<<<< 's_shooter_lane' inactive >>>>>>>
2025-06-03 21:28:47,536 : INFO : SwitchController : <<<<<<< 's_shooter_lane' active >>>>>>>
2025-06-03 21:28:47,536 : INFO : EventManager : Event: ======'sw_playfield_active'====== Args={}
2025-06-03 21:28:47,537 : INFO : EventManager : Event: ======'playfield_active'====== Args={'source': None}
2025-06-03 21:28:47,537 : INFO : EventManager : Event: ======'unexpected_ball_on_playfield'====== Args={}
2025-06-03 21:28:47,766 : INFO : SwitchController : <<<<<<< 's_shooter_lane' inactive >>>>>>>
2025-06-03 21:28:47,889 : INFO : SwitchController : <<<<<<< 's_shooter_lane' active >>>>>>>
2025-06-03 21:28:47,889 : INFO : EventManager : Event: ======'sw_playfield_active'====== Args={}
2025-06-03 21:28:47,890 : INFO : EventManager : Event: ======'playfield_active'====== Args={'source': None}
2025-06-03 21:28:47,890 : INFO : EventManager : Event: ======'unexpected_ball_on_playfield'====== Args={}
2025-06-03 21:28:48,000 : INFO : SwitchController : <<<<<<< 's_shooter_lane' inactive >>>>>>>
2025-06-03 21:28:48,123 : INFO : SwitchController : <<<<<<< 's_shooter_lane' active >>>>>>>
2025-06-03 21:28:48,123 : INFO : EventManager : Event: ======'sw_playfield_active'====== Args={}
2025-06-03 21:28:48,124 : INFO : EventManager : Event: ======'playfield_active'====== Args={'source': None}
2025-06-03 21:28:48,124 : INFO : EventManager : Event: ======'unexpected_ball_on_playfield'====== Args={}
2025-06-03 21:28:48,190 : INFO : SwitchController : <<<<<<< 's_shooter_lane' inactive >>>>>>>
2025-06-03 21:28:49,466 : INFO : SwitchController : <<<<<<< 's_shooter_lane' active >>>>>>>
2025-06-03 21:28:49,466 : INFO : EventManager : Event: ======'sw_playfield_active'====== Args={}
2025-06-03 21:28:49,467 : INFO : EventManager : Event: ======'playfield_active'====== Args={'source': None}
2025-06-03 21:28:49,467 : INFO : EventManager : Event: ======'unexpected_ball_on_playfield'====== Args={}
2025-06-03 21:28:51,699 : INFO : SwitchController : <<<<<<< 's_shooter_lane' inactive >>>>>>>
2025-06-03 21:29:07,503 : INFO : SwitchController : <<<<<<< 's_trough1' active >>>>>>>
2025-06-03 21:29:08,008 : INFO : EventManager : Event: ======'balldevice_bd_trough_ball_count_changed'====== Args={'balls': 1}
2025-06-03 21:29:08,009 : INFO : ball_device.bd_trough : Received unexpected ball
2025-06-03 21:29:08,009 : INFO : EventManager : Event: ======'balldevice_captured_from_playfield'====== Args={'balls': 1}
2025-06-03 21:29:08,009 : INFO : EventManager : Event: ======'sw_playfield_active'====== Args={'balls': 1}
2025-06-03 21:29:08,010 : INFO : EventManager : Event: ======'playfield_active'====== Args={'source': None}
2025-06-03 21:29:08,010 : INFO : EventManager : Event: ======'unexpected_ball_on_playfield'====== Args={}
2025-06-03 21:29:08,011 : INFO : EventManager : Event: ======'playfield_ball_count_change'====== Args={'balls': -1, 'change': -1}
2025-06-03 21:29:08,012 : INFO : EventManager : Event: ======'balldevice_playfield_ball_enter'====== Args={'new_balls': 1, 'unclaimed_balls': 1, 'device': <playfield.playfield>}
2025-06-03 21:29:08,012 : INFO : EventManager : Event: ======'playfield_ball_count_change'====== Args={'balls': 0, 'change': 1}
2025-06-03 21:29:08,013 : INFO : BallController : Found a new ball which was captured from playfield. Known balls: 1
2025-06-03 21:29:08,013 : INFO : EventManager : Event: ======'found_new_ball'====== Args={}
2025-06-03 21:29:08,013 : INFO : EventManager : Event: ======'balldevice_bd_trough_ball_enter'====== Args={'new_balls': 1, 'unclaimed_balls': 1, 'new_available_balls': 1, 'device': <ball_device.bd_trough>}
2025-06-03 21:29:08,014 : INFO : EventManager : Event: ======'ball_drain'====== Args={'device': <ball_device.bd_trough>, 'balls': 1}
2025-06-03 21:29:08,014 : INFO : EventManager : Event: ======'balldevice_balls_available'====== Args={}
2025-06-03 21:29:08,014 : INFO : EventManager : Event: ======'balldevice_bd_trough_ball_entered'====== Args={'new_balls': 1, 'device': <ball_device.bd_trough>}
2025-06-03 21:29:15,520 : INFO : SwitchController : <<<<<<< 's_trough2' active >>>>>>>
2025-06-03 21:29:16,022 : INFO : EventManager : Event: ======'balldevice_bd_trough_ball_count_changed'====== Args={'balls': 2}
2025-06-03 21:29:16,023 : INFO : ball_device.bd_trough : Received unexpected ball
2025-06-03 21:29:16,023 : INFO : EventManager : Event: ======'balldevice_captured_from_playfield'====== Args={'balls': 1}
2025-06-03 21:29:16,024 : INFO : EventManager : Event: ======'sw_playfield_active'====== Args={'balls': 1}
2025-06-03 21:29:16,024 : INFO : EventManager : Event: ======'playfield_active'====== Args={'source': None}
2025-06-03 21:29:16,025 : INFO : EventManager : Event: ======'unexpected_ball_on_playfield'====== Args={}
2025-06-03 21:29:16,025 : INFO : EventManager : Event: ======'playfield_ball_count_change'====== Args={'balls': -1, 'change': -1}
2025-06-03 21:29:16,026 : INFO : EventManager : Event: ======'balldevice_playfield_ball_enter'====== Args={'new_balls': 1, 'unclaimed_balls': 1, 'device': <playfield.playfield>}
2025-06-03 21:29:16,026 : INFO : EventManager : Event: ======'playfield_ball_count_change'====== Args={'balls': 0, 'change': 1}
2025-06-03 21:29:16,027 : INFO : BallController : Found a new ball which was captured from playfield. Known balls: 2
2025-06-03 21:29:16,027 : INFO : EventManager : Event: ======'found_new_ball'====== Args={}
2025-06-03 21:29:16,027 : INFO : EventManager : Event: ======'balldevice_bd_trough_ball_enter'====== Args={'new_balls': 1, 'unclaimed_balls': 1, 'new_available_balls': 1, 'device': <ball_device.bd_trough>}
2025-06-03 21:29:16,027 : INFO : EventManager : Event: ======'ball_drain'====== Args={'device': <ball_device.bd_trough>, 'balls': 1}
2025-06-03 21:29:16,028 : INFO : EventManager : Event: ======'balldevice_balls_available'====== Args={}
2025-06-03 21:29:16,028 : INFO : EventManager : Event: ======'balldevice_bd_trough_ball_entered'====== Args={'new_balls': 1, 'device': <ball_device.bd_trough>}
2025-06-03 21:29:21,164 : INFO : SwitchController : <<<<<<< 's_trough3' active >>>>>>>
2025-06-03 21:29:21,666 : INFO : EventManager : Event: ======'balldevice_bd_trough_ball_count_changed'====== Args={'balls': 3}
2025-06-03 21:29:21,667 : INFO : ball_device.bd_trough : Received unexpected ball
2025-06-03 21:29:21,667 : INFO : EventManager : Event: ======'balldevice_captured_from_playfield'====== Args={'balls': 1}
2025-06-03 21:29:21,668 : INFO : EventManager : Event: ======'sw_playfield_active'====== Args={'balls': 1}
2025-06-03 21:29:21,668 : INFO : EventManager : Event: ======'playfield_active'====== Args={'source': None}
2025-06-03 21:29:21,668 : INFO : EventManager : Event: ======'unexpected_ball_on_playfield'====== Args={}
2025-06-03 21:29:21,668 : INFO : EventManager : Event: ======'playfield_ball_count_change'====== Args={'balls': -1, 'change': -1}
2025-06-03 21:29:21,669 : INFO : EventManager : Event: ======'balldevice_playfield_ball_enter'====== Args={'new_balls': 1, 'unclaimed_balls': 1, 'device': <playfield.playfield>}
2025-06-03 21:29:21,669 : INFO : EventManager : Event: ======'playfield_ball_count_change'====== Args={'balls': 0, 'change': 1}
2025-06-03 21:29:21,670 : INFO : BallController : Found a new ball which was captured from playfield. Known balls: 3
2025-06-03 21:29:21,670 : INFO : EventManager : Event: ======'found_new_ball'====== Args={}
2025-06-03 21:29:21,670 : INFO : EventManager : Event: ======'balldevice_bd_trough_ball_enter'====== Args={'new_balls': 1, 'unclaimed_balls': 1, 'new_available_balls': 1, 'device': <ball_device.bd_trough>}
2025-06-03 21:29:21,671 : INFO : EventManager : Event: ======'ball_drain'====== Args={'device': <ball_device.bd_trough>, 'balls': 1}
2025-06-03 21:29:21,671 : INFO : EventManager : Event: ======'balldevice_balls_available'====== Args={}
2025-06-03 21:29:21,672 : INFO : EventManager : Event: ======'balldevice_bd_trough_ball_entered'====== Args={'new_balls': 1, 'device': <ball_device.bd_trough>}
2025-06-03 21:29:26,789 : INFO : SwitchController : <<<<<<< 's_trough4' active >>>>>>>
2025-06-03 21:29:27,292 : INFO : EventManager : Event: ======'balldevice_bd_trough_ball_count_changed'====== Args={'balls': 4}
2025-06-03 21:29:27,293 : INFO : ball_device.bd_trough : Received unexpected ball
2025-06-03 21:29:27,293 : INFO : EventManager : Event: ======'balldevice_captured_from_playfield'====== Args={'balls': 1}
2025-06-03 21:29:27,296 : INFO : EventManager : Event: ======'sw_playfield_active'====== Args={'balls': 1}
2025-06-03 21:29:27,297 : INFO : EventManager : Event: ======'playfield_active'====== Args={'source': None}
2025-06-03 21:29:27,297 : INFO : EventManager : Event: ======'unexpected_ball_on_playfield'====== Args={}
2025-06-03 21:29:27,297 : INFO : EventManager : Event: ======'playfield_ball_count_change'====== Args={'balls': -1, 'change': -1}
2025-06-03 21:29:27,298 : INFO : EventManager : Event: ======'balldevice_playfield_ball_enter'====== Args={'new_balls': 1, 'unclaimed_balls': 1, 'device': <playfield.playfield>}
2025-06-03 21:29:27,298 : INFO : EventManager : Event: ======'playfield_ball_count_change'====== Args={'balls': 0, 'change': 1}
2025-06-03 21:29:27,299 : INFO : BallController : Found a new ball which was captured from playfield. Known balls: 4
2025-06-03 21:29:27,299 : INFO : EventManager : Event: ======'found_new_ball'====== Args={}
2025-06-03 21:29:27,299 : INFO : EventManager : Event: ======'balldevice_bd_trough_ball_enter'====== Args={'new_balls': 1, 'unclaimed_balls': 1, 'new_available_balls': 1, 'device': <ball_device.bd_trough>}
2025-06-03 21:29:27,300 : INFO : EventManager : Event: ======'ball_drain'====== Args={'device': <ball_device.bd_trough>, 'balls': 1}
2025-06-03 21:29:27,300 : INFO : EventManager : Event: ======'balldevice_balls_available'====== Args={}
2025-06-03 21:29:27,301 : INFO : EventManager : Event: ======'balldevice_bd_trough_ball_entered'====== Args={'new_balls': 1, 'device': <ball_device.bd_trough>}
2025-06-03 21:29:29,537 : INFO : SwitchController : <<<<<<< 's_trough2' inactive >>>>>>>
2025-06-03 21:29:33,654 : INFO : SwitchController : <<<<<<< 's_trough3' inactive >>>>>>>
2025-06-03 21:29:38,228 : INFO : SwitchController : <<<<<<< 's_trough4' inactive >>>>>>>
2025-06-03 21:29:43,730 : INFO : EventManager : Event: ======'balldevice_bd_trough_ball_count_changed'====== Args={'balls': 1}
2025-06-03 21:29:43,730 : WARNING : ball_device.bd_trough : Ball disappeared while idle. This should not normally happen.
2025-06-03 21:29:43,730 : INFO : EventManager : Event: ======'balldevice_playfield_ball_enter'====== Args={'new_balls': 1, 'unclaimed_balls': 1, 'device': <playfield.playfield>}
2025-06-03 21:29:43,731 : INFO : EventManager : Event: ======'playfield_ball_count_change'====== Args={'balls': 1, 'change': 1}
2025-06-03 21:29:43,731 : INFO : ball_device.bd_trough : 1 ball(s) missing from device. Mechanical eject? False
2025-06-03 21:29:43,731 : INFO : EventManager : Event: ======'balldevice_bd_trough_ball_missing'====== Args={'balls': 1}
2025-06-03 21:29:43,731 : INFO : EventManager : Event: ======'balldevice_ball_missing'====== Args={'balls': 1, 'name': 'bd_trough'}
2025-06-03 21:29:43,731 : WARNING : ball_device.bd_trough : Ball disappeared while idle. This should not normally happen.
2025-06-03 21:29:43,732 : INFO : EventManager : Event: ======'balldevice_playfield_ball_enter'====== Args={'new_balls': 1, 'unclaimed_balls': 1, 'device': <playfield.playfield>}
2025-06-03 21:29:43,732 : INFO : EventManager : Event: ======'playfield_ball_count_change'====== Args={'balls': 2, 'change': 1}
2025-06-03 21:29:43,732 : INFO : ball_device.bd_trough : 1 ball(s) missing from device. Mechanical eject? False
2025-06-03 21:29:43,732 : INFO : EventManager : Event: ======'balldevice_bd_trough_ball_missing'====== Args={'balls': 1}
2025-06-03 21:29:43,732 : INFO : EventManager : Event: ======'balldevice_ball_missing'====== Args={'balls': 1, 'name': 'bd_trough'}
2025-06-03 21:29:43,732 : WARNING : ball_device.bd_trough : Ball disappeared while idle. This should not normally happen.
2025-06-03 21:29:43,732 : INFO : EventManager : Event: ======'balldevice_playfield_ball_enter'====== Args={'new_balls': 1, 'unclaimed_balls': 1, 'device': <playfield.playfield>}
2025-06-03 21:29:43,733 : INFO : EventManager : Event: ======'playfield_ball_count_change'====== Args={'balls': 3, 'change': 1}
2025-06-03 21:29:43,733 : INFO : ball_device.bd_trough : 1 ball(s) missing from device. Mechanical eject? False
2025-06-03 21:29:43,733 : INFO : EventManager : Event: ======'balldevice_bd_trough_ball_missing'====== Args={'balls': 1}
2025-06-03 21:29:43,733 : INFO : EventManager : Event: ======'balldevice_ball_missing'====== Args={'balls': 1, 'name': 'bd_trough'}
2025-06-03 21:29:44,396 : INFO : SwitchController : <<<<<<< 's_trough5' active >>>>>>>
2025-06-03 21:29:44,899 : INFO : EventManager : Event: ======'balldevice_bd_trough_ball_count_changed'====== Args={'balls': 2}
2025-06-03 21:29:44,900 : INFO : ball_device.bd_trough : Received unexpected ball
2025-06-03 21:29:44,902 : INFO : EventManager : Event: ======'balldevice_captured_from_playfield'====== Args={'balls': 1}
2025-06-03 21:29:44,903 : INFO : EventManager : Event: ======'sw_playfield_active'====== Args={'balls': 1}
2025-06-03 21:29:44,903 : INFO : EventManager : Event: ======'playfield_ball_count_change'====== Args={'balls': 2, 'change': -1}
2025-06-03 21:29:44,904 : INFO : EventManager : Event: ======'balldevice_bd_trough_ball_enter'====== Args={'new_balls': 1, 'unclaimed_balls': 1, 'new_available_balls': 1, 'device': <ball_device.bd_trough>}
2025-06-03 21:29:44,905 : INFO : EventManager : Event: ======'ball_drain'====== Args={'device': <ball_device.bd_trough>, 'balls': 1}
2025-06-03 21:29:44,905 : INFO : EventManager : Event: ======'balldevice_balls_available'====== Args={}
2025-06-03 21:29:44,906 : INFO : EventManager : Event: ======'balldevice_bd_trough_ball_entered'====== Args={'new_balls': 1, 'device': <ball_device.bd_trough>}
2025-06-03 21:29:48,223 : INFO : SwitchController : <<<<<<< 's_trough5' inactive >>>>>>>
2025-06-03 21:29:53,725 : INFO : EventManager : Event: ======'balldevice_bd_trough_ball_count_changed'====== Args={'balls': 1}
2025-06-03 21:29:53,726 : WARNING : ball_device.bd_trough : Ball disappeared while idle. This should not normally happen.
2025-06-03 21:29:53,726 : INFO : EventManager : Event: ======'balldevice_playfield_ball_enter'====== Args={'new_balls': 1, 'unclaimed_balls': 1, 'device': <playfield.playfield>}
2025-06-03 21:29:53,727 : INFO : EventManager : Event: ======'playfield_ball_count_change'====== Args={'balls': 3, 'change': 1}
2025-06-03 21:29:53,727 : INFO : ball_device.bd_trough : 1 ball(s) missing from device. Mechanical eject? False
2025-06-03 21:29:53,727 : INFO : EventManager : Event: ======'balldevice_bd_trough_ball_missing'====== Args={'balls': 1}
2025-06-03 21:29:53,728 : INFO : EventManager : Event: ======'balldevice_ball_missing'====== Args={'balls': 1, 'name': 'bd_trough'}
2025-06-03 21:30:07,462 : INFO : SwitchController : <<<<<<< 's_shooter_lane' active >>>>>>>
2025-06-03 21:30:07,462 : INFO : EventManager : Event: ======'sw_playfield_active'====== Args={}
2025-06-03 21:30:07,521 : INFO : SwitchController : <<<<<<< 's_shooter_lane' inactive >>>>>>>
2025-06-03 21:30:09,066 : INFO : SwitchController : <<<<<<< 's_trough1' inactive >>>>>>>
2025-06-03 21:30:13,471 : INFO : SwitchController : <<<<<<< 's_right_slingshot' active >>>>>>>
2025-06-03 21:30:13,575 : INFO : SwitchController : <<<<<<< 's_right_slingshot' inactive >>>>>>>
2025-06-03 21:30:14,138 : INFO : SwitchController : <<<<<<< 's_right_slingshot' active >>>>>>>
2025-06-03 21:30:14,261 : INFO : SwitchController : <<<<<<< 's_right_slingshot' inactive >>>>>>>
2025-06-03 21:30:14,354 : INFO : SwitchController : <<<<<<< 's_right_slingshot' active >>>>>>>
2025-06-03 21:30:14,450 : INFO : SwitchController : <<<<<<< 's_right_slingshot' inactive >>>>>>>
2025-06-03 21:30:14,569 : INFO : EventManager : Event: ======'balldevice_bd_trough_ball_count_changed'====== Args={'balls': 0}
2025-06-03 21:30:14,570 : WARNING : ball_device.bd_trough : Ball disappeared while idle. This should not normally happen.
2025-06-03 21:30:14,570 : INFO : EventManager : Event: ======'balldevice_playfield_ball_enter'====== Args={'new_balls': 1, 'unclaimed_balls': 1, 'device': <playfield.playfield>}
2025-06-03 21:30:14,571 : INFO : EventManager : Event: ======'playfield_ball_count_change'====== Args={'balls': 4, 'change': 1}
2025-06-03 21:30:14,571 : INFO : ball_device.bd_trough : 1 ball(s) missing from device. Mechanical eject? False
2025-06-03 21:30:14,571 : INFO : EventManager : Event: ======'balldevice_bd_trough_ball_missing'====== Args={'balls': 1}
2025-06-03 21:30:14,572 : INFO : EventManager : Event: ======'balldevice_ball_missing'====== Args={'balls': 1, 'name': 'bd_trough'}
2025-06-03 21:30:16,450 : INFO : SwitchController : <<<<<<< 's_left_slingshot' active >>>>>>>
2025-06-03 21:30:16,552 : INFO : SwitchController : <<<<<<< 's_left_slingshot' inactive >>>>>>>
2025-06-03 21:30:16,646 : INFO : SwitchController : <<<<<<< 's_left_slingshot' active >>>>>>>
2025-06-03 21:30:16,730 : INFO : SwitchController : <<<<<<< 's_left_slingshot' inactive >>>>>>>
2025-06-03 21:30:22,887 : INFO : SwitchController : <<<<<<< 's_trough5' active >>>>>>>
2025-06-03 21:30:22,990 : INFO : SwitchController : <<<<<<< 's_trough5' inactive >>>>>>>
2025-06-03 21:31:55,691 : INFO : Machine : Shutting down...
2025-06-03 21:31:55,691 : INFO : EventManager : Event: ======'shutdown'====== Args={}
2025-06-03 21:31:55,694 : INFO : root : MPF run loop ended.
