2025-07-06 17:01:39,916 : INFO : root : Loading config.
2025-07-06 17:01:39,918 : INFO : YamlMultifileConfigLoader : Machine config file #1: config.yaml
2025-07-06 17:01:39,918 : INFO : ConfigProcessor : Loading config from cache: /var/folders/9g/7xjb17l959g1fnq4pjl5c5p80000gn/T/1941ac2cbc7f60a15b77e866ee64bff5.mpf_cache
2025-07-06 17:01:39,937 : INFO : ConfigProcessor : Loading config from cache: /var/folders/9g/7xjb17l959g1fnq4pjl5c5p80000gn/T/f574f59b1e0fcbb2258348220f26b9cc.mpf_cache
2025-07-06 17:01:39,938 : INFO : ConfigProcessor : Loading config from cache: /var/folders/9g/7xjb17l959g1fnq4pjl5c5p80000gn/T/edcc5f1d3215b377c9faab88c62e4ce0.mpf_cache
2025-07-06 17:01:39,938 : INFO : ConfigProcessor : Loading config from cache: /var/folders/9g/7xjb17l959g1fnq4pjl5c5p80000gn/T/174d451d321a0971202b746018364536.mpf_cache
2025-07-06 17:01:39,938 : INFO : ConfigProcessor : Loading config from cache: /var/folders/9g/7xjb17l959g1fnq4pjl5c5p80000gn/T/f574f59b1e0fcbb2258348220f26b9cc.mpf_cache
2025-07-06 17:01:39,938 : WARNING : ConfigProcessor : Config file in cache changed: /Users/ruben/Pinball/mpf-pinball/modes/grave_targets/config/grave_targets.yaml
2025-07-06 17:01:39,938 : INFO : ConfigProcessor : Loading config from file /Users/ruben/Pinball/mpf-pinball/modes/grave_targets/config/grave_targets.yaml.
2025-07-06 17:01:39,940 : INFO : ConfigProcessor : Loading config: /Users/ruben/Pinball/mpf-pinball/modes/grave_targets/config/grave_targets.yaml
2025-07-06 17:01:39,940 : INFO : ConfigProcessor : Config file cache created: /var/folders/9g/7xjb17l959g1fnq4pjl5c5p80000gn/T/c284941e722380023d767d5e99e91837.mpf_cache
2025-07-06 17:01:39,940 : INFO : ConfigProcessor : Loading config from cache: /var/folders/9g/7xjb17l959g1fnq4pjl5c5p80000gn/T/eb471d6ccb0819d362663d6a8f2acf38.mpf_cache
2025-07-06 17:01:39,940 : INFO : ConfigProcessor : Loading config from cache: /var/folders/9g/7xjb17l959g1fnq4pjl5c5p80000gn/T/d59102b8edab9d29c936bc5103c31ce3.mpf_cache
2025-07-06 17:01:39,941 : INFO : ConfigProcessor : Loading config from cache: /var/folders/9g/7xjb17l959g1fnq4pjl5c5p80000gn/T/47fef8a1453daf1c032af9b266173dc7.mpf_cache
2025-07-06 17:01:39,941 : INFO : ConfigProcessor : Loading config from cache: /var/folders/9g/7xjb17l959g1fnq4pjl5c5p80000gn/T/099d4b18c0884da431b87dd690bf4c32.mpf_cache
2025-07-06 17:01:39,941 : INFO : ConfigProcessor : Loading config from cache: /var/folders/9g/7xjb17l959g1fnq4pjl5c5p80000gn/T/598981ad252bde5d57763e28fc8e8246.mpf_cache
2025-07-06 17:01:39,941 : INFO : ConfigProcessor : Loading config from cache: /var/folders/9g/7xjb17l959g1fnq4pjl5c5p80000gn/T/7d84a1dad0271550171325475a6e1af4.mpf_cache
2025-07-06 17:01:39,941 : INFO : ConfigProcessor : Loading config from cache: /var/folders/9g/7xjb17l959g1fnq4pjl5c5p80000gn/T/f238ae40b962a84c30d7301a20ca1dae.mpf_cache
2025-07-06 17:01:39,941 : INFO : ConfigProcessor : Loading config from cache: /var/folders/9g/7xjb17l959g1fnq4pjl5c5p80000gn/T/a93e216f51b341135614380ce5b2c95b.mpf_cache
2025-07-06 17:01:39,942 : INFO : ConfigProcessor : Loading config from cache: /var/folders/9g/7xjb17l959g1fnq4pjl5c5p80000gn/T/e915b2173a980311df13d8013999f00c.mpf_cache
2025-07-06 17:01:39,942 : INFO : ConfigProcessor : Loading config from cache: /var/folders/9g/7xjb17l959g1fnq4pjl5c5p80000gn/T/b77620ad9425e89373db73baff92c60d.mpf_cache
2025-07-06 17:01:39,942 : INFO : Machine : Mission Pinball Framework Core Engine v0.57.3
2025-07-06 17:01:39,942 : INFO : Machine : Command line arguments: {'no_load_cache': False, 'create_config_cache': True, 'bcp': True, 'configfile': ['config.yaml'], 'force_assets_load': False, 'platform_integration_test': False, 'jsonlogging': False, 'logfile': 'logs/2025-07-06-17-01-39-mpf-ruben.home.log', 'pause': False, 'production': False, 'text_ui': True, 'loglevel': 15, 'consoleloglevel': 20, 'force_platform': 'smart_virtual', 'syslog_address': None, 'mc_file_name': None, 'no_sound': False}
2025-07-06 17:01:39,942 : INFO : Machine : MPF path: /Library/Frameworks/Python.framework/Versions/3.9/lib/python3.9/site-packages/mpf
2025-07-06 17:01:39,942 : INFO : Machine : Machine path: /Users/ruben/Pinball/mpf-pinball
2025-07-06 17:01:39,942 : INFO : Machine : Platform: darwin
2025-07-06 17:01:39,942 : INFO : Machine : Python executable location: /Library/Frameworks/Python.framework/Versions/3.9/bin/python3.9
2025-07-06 17:01:39,942 : INFO : Machine : Python version: 3.9.13 (64-bit)
2025-07-06 17:01:39,942 : INFO : Machine : Initializing MPF...
2025-07-06 17:01:39,958 : INFO : EventManager : Event: ======'machine_var_credits_string'====== Args={'value': 'FREE PLAY', 'prev_value': None, 'change': True}
2025-07-06 17:01:39,972 : INFO : EventManager : Event: ======'machine_var_master_volume'====== Args={'value': 0.5, 'prev_value': None, 'change': True}
2025-07-06 17:01:39,972 : INFO : EventManager : Event: ======'machine_var_player1_score'====== Args={'value': 0, 'prev_value': None, 'change': True}
2025-07-06 17:01:39,972 : INFO : EventManager : Event: ======'machine_var_mpf_version'====== Args={'value': 'Mission Pinball Framework v0.57.3', 'prev_value': None, 'change': True}
2025-07-06 17:01:39,972 : INFO : EventManager : Event: ======'machine_var_mpf_extended_version'====== Args={'value': 'Mission Pinball Framework v0.57.3, Config version:6, Show version: 6, BCP version:1.1', 'prev_value': None, 'change': True}
2025-07-06 17:01:39,972 : INFO : EventManager : Event: ======'machine_var_python_version'====== Args={'value': '3.9.13', 'prev_value': None, 'change': True}
2025-07-06 17:01:39,980 : INFO : EventManager : Event: ======'machine_var_platform'====== Args={'value': 'macOS-15.5-arm64-arm-64bit', 'prev_value': None, 'change': True}
2025-07-06 17:01:39,980 : INFO : EventManager : Event: ======'machine_var_platform_system'====== Args={'value': 'Darwin', 'prev_value': None, 'change': True}
2025-07-06 17:01:39,980 : INFO : EventManager : Event: ======'machine_var_platform_release'====== Args={'value': '24.5.0', 'prev_value': None, 'change': True}
2025-07-06 17:01:39,980 : INFO : EventManager : Event: ======'machine_var_platform_version'====== Args={'value': 'Darwin Kernel Version 24.5.0: Tue Apr 22 19:54:49 PDT 2025; root:xnu-11417.121.6~2/RELEASE_ARM64_T6000', 'prev_value': None, 'change': True}
2025-07-06 17:01:39,980 : INFO : EventManager : Event: ======'machine_var_platform_machine'====== Args={'value': 'arm64', 'prev_value': None, 'change': True}
2025-07-06 17:01:39,981 : INFO : EventManager : Event: ======'init_phase_1'====== Args={}
2025-07-06 17:01:39,992 : INFO : EventManager : Event: ======'init_phase_2'====== Args={}
2025-07-06 17:01:39,995 : INFO : EventManager : Event: ======'bcp_connection_attempt'====== Args={'name': 'local_display', 'host': 'localhost', 'port': 5050}
2025-07-06 17:01:39,996 : INFO : BCPClientSocket : Connecting BCP to 'local_display' at localhost:5050...
2025-07-06 17:01:41,018 : INFO : BCPClientSocket : Connected BCP to 'local_display' localhost:5050
2025-07-06 17:01:41,018 : INFO : EventManager : Event: ======'bcp_clients_connected'====== Args={}
2025-07-06 17:01:41,019 : INFO : ball_device.bd_trough : BCH: Initial count: 0
2025-07-06 17:01:41,019 : INFO : ball_device.bd_trough : State: idle
2025-07-06 17:01:41,023 : INFO : EventManager : Event: ======'init_phase_3'====== Args={}
2025-07-06 17:01:41,028 : INFO : EventManager : Event: ======'init_phase_4'====== Args={}
2025-07-06 17:01:41,029 : INFO : BallController : Initial balls found: 0
2025-07-06 17:01:41,031 : INFO : EventManager : Event: ======'machine_var_mc_version'====== Args={'value': 'MPF-MC v0.57.1', 'prev_value': None, 'change': True}
2025-07-06 17:01:41,031 : INFO : EventManager : Event: ======'machine_var_mc_extended_version'====== Args={'value': 'MPF-MC v0.57.1 (config_version=6, BCP v1.1,                      Requires MPF API compatibility v0.57.0 or newer)', 'prev_value': None, 'change': True}
2025-07-06 17:01:41,032 : INFO : EventManager : Event: ======'machine_var_audits_events_game_ended'====== Args={'value': 53, 'prev_value': None, 'change': True}
2025-07-06 17:01:41,033 : INFO : EventManager : Event: ======'machine_var_audits_events_game_started'====== Args={'value': 177, 'prev_value': None, 'change': True}
2025-07-06 17:01:41,033 : INFO : EventManager : Event: ======'machine_var_audits_missing_switches_s_center_scoop'====== Args={'value': 25, 'prev_value': None, 'change': True}
2025-07-06 17:01:41,033 : INFO : EventManager : Event: ======'machine_var_audits_missing_switches_s_left_flipper'====== Args={'value': 77, 'prev_value': None, 'change': True}
2025-07-06 17:01:41,033 : INFO : EventManager : Event: ======'machine_var_audits_missing_switches_s_left_inlane_1'====== Args={'value': 27, 'prev_value': None, 'change': True}
2025-07-06 17:01:41,033 : INFO : EventManager : Event: ======'machine_var_audits_missing_switches_s_left_inlane_2'====== Args={'value': 27, 'prev_value': None, 'change': True}
2025-07-06 17:01:41,033 : INFO : EventManager : Event: ======'machine_var_audits_missing_switches_s_left_outlane'====== Args={'value': 27, 'prev_value': None, 'change': True}
2025-07-06 17:01:41,034 : INFO : EventManager : Event: ======'machine_var_audits_missing_switches_s_left_slingshot'====== Args={'value': 25, 'prev_value': None, 'change': True}
2025-07-06 17:01:41,034 : INFO : EventManager : Event: ======'machine_var_audits_missing_switches_s_pop1'====== Args={'value': 88, 'prev_value': None, 'change': True}
2025-07-06 17:01:41,034 : INFO : EventManager : Event: ======'machine_var_audits_missing_switches_s_pop2'====== Args={'value': 88, 'prev_value': None, 'change': True}
2025-07-06 17:01:41,034 : INFO : EventManager : Event: ======'machine_var_audits_missing_switches_s_pop3'====== Args={'value': 88, 'prev_value': None, 'change': True}
2025-07-06 17:01:41,034 : INFO : EventManager : Event: ======'machine_var_audits_missing_switches_s_pop4'====== Args={'value': 77, 'prev_value': None, 'change': True}
2025-07-06 17:01:41,034 : INFO : EventManager : Event: ======'machine_var_audits_missing_switches_s_pop5'====== Args={'value': 31, 'prev_value': None, 'change': True}
2025-07-06 17:01:41,034 : INFO : EventManager : Event: ======'machine_var_audits_missing_switches_s_right_flipper'====== Args={'value': 76, 'prev_value': None, 'change': True}
2025-07-06 17:01:41,034 : INFO : EventManager : Event: ======'machine_var_audits_missing_switches_s_right_inlane'====== Args={'value': 26, 'prev_value': None, 'change': True}
2025-07-06 17:01:41,034 : INFO : EventManager : Event: ======'machine_var_audits_missing_switches_s_right_outlane'====== Args={'value': 27, 'prev_value': None, 'change': True}
2025-07-06 17:01:41,034 : INFO : EventManager : Event: ======'machine_var_audits_missing_switches_s_right_slingshot'====== Args={'value': 25, 'prev_value': None, 'change': True}
2025-07-06 17:01:41,034 : INFO : EventManager : Event: ======'machine_var_audits_missing_switches_s_startButton'====== Args={'value': 67, 'prev_value': None, 'change': True}
2025-07-06 17:01:41,035 : INFO : EventManager : Event: ======'machine_var_audits_missing_switches_s_trough1'====== Args={'value': 70, 'prev_value': None, 'change': True}
2025-07-06 17:01:41,035 : INFO : EventManager : Event: ======'machine_var_audits_missing_switches_s_trough2'====== Args={'value': 10, 'prev_value': None, 'change': True}
2025-07-06 17:01:41,035 : INFO : EventManager : Event: ======'machine_var_audits_missing_switches_s_trough3'====== Args={'value': 10, 'prev_value': None, 'change': True}
2025-07-06 17:01:41,035 : INFO : EventManager : Event: ======'machine_var_audits_missing_switches_s_trough4'====== Args={'value': 10, 'prev_value': None, 'change': True}
2025-07-06 17:01:41,035 : INFO : EventManager : Event: ======'machine_var_audits_missing_switches_s_trough5'====== Args={'value': 9, 'prev_value': None, 'change': True}
2025-07-06 17:01:41,035 : INFO : EventManager : Event: ======'machine_var_audits_player_score'====== Args={'value': {'average': 0, 'top': [0, 0, 0, 0, 0, 0, 0, 0, 0, 0], 'total': 53}, 'prev_value': None, 'change': True}
2025-07-06 17:01:41,035 : INFO : EventManager : Event: ======'machine_var_audits_shots_my_first_shot'====== Args={'value': 5, 'prev_value': None, 'change': True}
2025-07-06 17:01:41,036 : INFO : EventManager : Event: ======'machine_var_audits_shots_shot_right_inlane'====== Args={'value': 1, 'prev_value': None, 'change': True}
2025-07-06 17:01:41,036 : INFO : EventManager : Event: ======'machine_var_audits_shots_shot_right_scoop'====== Args={'value': 1158374, 'prev_value': None, 'change': True}
2025-07-06 17:01:41,036 : INFO : EventManager : Event: ======'machine_var_audits_shots_shot_target_g'====== Args={'value': 60, 'prev_value': None, 'change': True}
2025-07-06 17:01:41,036 : INFO : EventManager : Event: ======'machine_var_audits_shots_shot_target_r'====== Args={'value': 44, 'prev_value': None, 'change': True}
2025-07-06 17:01:41,036 : INFO : EventManager : Event: ======'machine_var_audits_switches_s_center_scoop'====== Args={'value': 4, 'prev_value': None, 'change': True}
2025-07-06 17:01:41,036 : INFO : EventManager : Event: ======'machine_var_audits_switches_s_drop_bank1'====== Args={'value': 140, 'prev_value': None, 'change': True}
2025-07-06 17:01:41,036 : INFO : EventManager : Event: ======'machine_var_audits_switches_s_left_flipper'====== Args={'value': 2284, 'prev_value': None, 'change': True}
2025-07-06 17:01:41,037 : INFO : EventManager : Event: ======'machine_var_audits_switches_s_left_inlane1'====== Args={'value': 2, 'prev_value': None, 'change': True}
2025-07-06 17:01:41,037 : INFO : EventManager : Event: ======'machine_var_audits_switches_s_left_inlane2'====== Args={'value': 2, 'prev_value': None, 'change': True}
2025-07-06 17:01:41,037 : INFO : EventManager : Event: ======'machine_var_audits_switches_s_left_inlane_1'====== Args={'value': 1, 'prev_value': None, 'change': True}
2025-07-06 17:01:41,037 : INFO : EventManager : Event: ======'machine_var_audits_switches_s_left_inlane_2'====== Args={'value': 2, 'prev_value': None, 'change': True}
2025-07-06 17:01:41,037 : INFO : EventManager : Event: ======'machine_var_audits_switches_s_left_outlane'====== Args={'value': 1, 'prev_value': None, 'change': True}
2025-07-06 17:01:41,037 : INFO : EventManager : Event: ======'machine_var_audits_switches_s_left_slingshot'====== Args={'value': 420, 'prev_value': None, 'change': True}
2025-07-06 17:01:41,037 : INFO : EventManager : Event: ======'machine_var_audits_switches_s_plunger'====== Args={'value': 5, 'prev_value': None, 'change': True}
2025-07-06 17:01:41,038 : INFO : EventManager : Event: ======'machine_var_audits_switches_s_pop1'====== Args={'value': 0, 'prev_value': None, 'change': True}
2025-07-06 17:01:41,038 : INFO : EventManager : Event: ======'machine_var_audits_switches_s_pop2'====== Args={'value': 0, 'prev_value': None, 'change': True}
2025-07-06 17:01:41,038 : INFO : EventManager : Event: ======'machine_var_audits_switches_s_pop3'====== Args={'value': 0, 'prev_value': None, 'change': True}
2025-07-06 17:01:41,038 : INFO : EventManager : Event: ======'machine_var_audits_switches_s_pop4'====== Args={'value': 3, 'prev_value': None, 'change': True}
2025-07-06 17:01:41,038 : INFO : EventManager : Event: ======'machine_var_audits_switches_s_pop5'====== Args={'value': 4, 'prev_value': None, 'change': True}
2025-07-06 17:01:41,038 : INFO : EventManager : Event: ======'machine_var_audits_switches_s_pop_bot'====== Args={'value': 426, 'prev_value': None, 'change': True}
2025-07-06 17:01:41,038 : INFO : EventManager : Event: ======'machine_var_audits_switches_s_pop_mid'====== Args={'value': 351, 'prev_value': None, 'change': True}
2025-07-06 17:01:41,039 : INFO : EventManager : Event: ======'machine_var_audits_switches_s_pop_top'====== Args={'value': 302, 'prev_value': None, 'change': True}
2025-07-06 17:01:41,039 : INFO : EventManager : Event: ======'machine_var_audits_switches_s_right_flipper'====== Args={'value': 2339, 'prev_value': None, 'change': True}
2025-07-06 17:01:41,039 : INFO : EventManager : Event: ======'machine_var_audits_switches_s_right_inlane'====== Args={'value': 88, 'prev_value': None, 'change': True}
2025-07-06 17:01:41,039 : INFO : EventManager : Event: ======'machine_var_audits_switches_s_right_outlane'====== Args={'value': 4, 'prev_value': None, 'change': True}
2025-07-06 17:01:41,039 : INFO : EventManager : Event: ======'machine_var_audits_switches_s_right_scoop'====== Args={'value': 191, 'prev_value': None, 'change': True}
2025-07-06 17:01:41,040 : INFO : EventManager : Event: ======'machine_var_audits_switches_s_right_slingshot'====== Args={'value': 367, 'prev_value': None, 'change': True}
2025-07-06 17:01:41,040 : INFO : EventManager : Event: ======'machine_var_audits_switches_s_scoop_center'====== Args={'value': 2, 'prev_value': None, 'change': True}
2025-07-06 17:01:41,040 : INFO : EventManager : Event: ======'machine_var_audits_switches_s_scoop_lower'====== Args={'value': 220, 'prev_value': None, 'change': True}
2025-07-06 17:01:41,040 : INFO : EventManager : Event: ======'machine_var_audits_switches_s_scoop_right'====== Args={'value': 1, 'prev_value': None, 'change': True}
2025-07-06 17:01:41,040 : INFO : EventManager : Event: ======'machine_var_audits_switches_s_shooter_lane'====== Args={'value': 15, 'prev_value': None, 'change': True}
2025-07-06 17:01:41,040 : INFO : EventManager : Event: ======'machine_var_audits_switches_s_startButton'====== Args={'value': 37, 'prev_value': None, 'change': True}
2025-07-06 17:01:41,041 : INFO : EventManager : Event: ======'machine_var_audits_switches_s_target_g'====== Args={'value': 64, 'prev_value': None, 'change': True}
2025-07-06 17:01:41,041 : INFO : EventManager : Event: ======'machine_var_audits_switches_s_target_r'====== Args={'value': 44, 'prev_value': None, 'change': True}
2025-07-06 17:01:41,041 : INFO : EventManager : Event: ======'machine_var_audits_switches_s_trough1'====== Args={'value': 318, 'prev_value': None, 'change': True}
2025-07-06 17:01:41,041 : INFO : EventManager : Event: ======'machine_var_audits_switches_s_trough2'====== Args={'value': 1, 'prev_value': None, 'change': True}
2025-07-06 17:01:41,041 : INFO : EventManager : Event: ======'machine_var_audits_switches_s_trough3'====== Args={'value': 1, 'prev_value': None, 'change': True}
2025-07-06 17:01:41,041 : INFO : EventManager : Event: ======'machine_var_audits_switches_s_trough4'====== Args={'value': 1, 'prev_value': None, 'change': True}
2025-07-06 17:01:41,042 : INFO : EventManager : Event: ======'machine_var_audits_switches_s_trough5'====== Args={'value': 1, 'prev_value': None, 'change': True}
2025-07-06 17:01:41,042 : INFO : EventManager : Event: ======'init_phase_5'====== Args={}
2025-07-06 17:01:41,045 : INFO : EventManager : Event: ======'init_done'====== Args={}
2025-07-06 17:01:41,045 : INFO : EventManager : Event: ======'machine_reset_phase_1'====== Args={}
2025-07-06 17:01:41,057 : INFO : EventManager : Event: ======'machine_reset_phase_2'====== Args={}
2025-07-06 17:01:41,057 : INFO : EventManager : Event: ======'machine_reset_phase_3'====== Args={}
2025-07-06 17:01:41,057 : INFO : EventManager : Event: ======'reset_complete'====== Args={}
2025-07-06 17:01:41,057 : INFO : EventManager : Event: ======'mode_attract_will_start'====== Args={}
2025-07-06 17:01:41,058 : INFO : EventManager : Event: ======'mode_attract_starting'====== Args={}
2025-07-06 17:01:41,058 : INFO : Mode.attract : Started. Priority: 10
2025-07-06 17:01:41,058 : INFO : EventManager : Event: ======'modes_active_modes_changed'====== Args={}
2025-07-06 17:01:41,058 : INFO : EventManager : Event: ======'mode_attract_started'====== Args={}
2025-07-06 17:01:41,058 : INFO : EventManager : Event: ======'collecting_balls_complete'====== Args={}
2025-07-06 17:01:41,059 : INFO : Machine : Starting the main run loop with active modes: [<Mode.attract>]
2025-07-06 17:01:41,072 : INFO : EventManager : Event: ======'slide_awesome_slide_created'====== Args={'_from_bcp': True}
2025-07-06 17:01:41,083 : INFO : EventManager : Event: ======'slide_awesome_slide_active'====== Args={'_from_bcp': True}
2025-07-06 17:01:41,090 : INFO : BcpServer : New client connected.
2025-07-06 17:01:42,587 : INFO : SwitchController : <<<<<<< 's_trough1' active >>>>>>>
2025-07-06 17:01:43,089 : INFO : EventManager : Event: ======'balldevice_bd_trough_ball_count_changed'====== Args={'balls': 1}
2025-07-06 17:01:43,089 : INFO : ball_device.bd_trough : Received unexpected ball
2025-07-06 17:01:43,089 : INFO : EventManager : Event: ======'balldevice_captured_from_playfield'====== Args={'balls': 1}
2025-07-06 17:01:43,090 : INFO : EventManager : Event: ======'sw_playfield_active'====== Args={'balls': 1}
2025-07-06 17:01:43,091 : INFO : EventManager : Event: ======'playfield_active'====== Args={'source': None}
2025-07-06 17:01:43,091 : INFO : EventManager : Event: ======'unexpected_ball_on_playfield'====== Args={}
2025-07-06 17:01:43,091 : INFO : EventManager : Event: ======'playfield_ball_count_change'====== Args={'balls': -1, 'change': -1}
2025-07-06 17:01:43,092 : INFO : EventManager : Event: ======'balldevice_playfield_ball_enter'====== Args={'new_balls': 1, 'unclaimed_balls': 1, 'device': <playfield.playfield>}
2025-07-06 17:01:43,092 : INFO : EventManager : Event: ======'playfield_ball_count_change'====== Args={'balls': 0, 'change': 1}
2025-07-06 17:01:43,093 : INFO : BallController : Found a new ball which was captured from playfield. Known balls: 1
2025-07-06 17:01:43,093 : INFO : EventManager : Event: ======'found_new_ball'====== Args={}
2025-07-06 17:01:43,093 : INFO : EventManager : Event: ======'balldevice_bd_trough_ball_enter'====== Args={'new_balls': 1, 'unclaimed_balls': 1, 'new_available_balls': 1, 'device': <ball_device.bd_trough>}
2025-07-06 17:01:43,094 : INFO : EventManager : Event: ======'ball_drain'====== Args={'device': <ball_device.bd_trough>, 'balls': 1}
2025-07-06 17:01:43,095 : INFO : EventManager : Event: ======'balldevice_balls_available'====== Args={}
2025-07-06 17:01:43,095 : INFO : EventManager : Event: ======'balldevice_bd_trough_ball_entered'====== Args={'new_balls': 1, 'device': <ball_device.bd_trough>}
2025-07-06 17:01:43,725 : INFO : SwitchController : <<<<<<< 's_startButton' active >>>>>>>
2025-07-06 17:01:43,819 : INFO : SwitchController : <<<<<<< 's_startButton' inactive >>>>>>>
2025-07-06 17:01:43,819 : INFO : EventManager : Event: ======'request_to_start_game'====== Args={}
2025-07-06 17:01:43,820 : INFO : EventManager : Event: ======'game_start'====== Args={'buttons': [], 'hold_time': 0.09444391700000043}
2025-07-06 17:01:43,820 : INFO : EventManager : Event: ======'mode_game_will_start'====== Args={'buttons': [], 'hold_time': 0.09444391700000043}
2025-07-06 17:01:43,820 : INFO : EventManager : Event: ======'mode_game_starting'====== Args={'buttons': [], 'hold_time': 0.09444391700000043}
2025-07-06 17:01:43,820 : INFO : EventManager : Event: ======'mode_attract_will_stop'====== Args={}
2025-07-06 17:01:43,820 : INFO : EventManager : Event: ======'mode_attract_stopping'====== Args={}
2025-07-06 17:01:43,821 : INFO : Mode.attract : Stopped.
2025-07-06 17:01:43,821 : INFO : EventManager : Event: ======'modes_active_modes_changed'====== Args={}
2025-07-06 17:01:43,821 : INFO : EventManager : Event: ======'mode_attract_stopped'====== Args={}
2025-07-06 17:01:43,821 : INFO : EventManager : Event: ======'clear'====== Args={'key': 'attract'}
2025-07-06 17:01:43,821 : INFO : Mode.game : Started. Priority: 20
2025-07-06 17:01:43,821 : INFO : EventManager : Event: ======'modes_active_modes_changed'====== Args={}
2025-07-06 17:01:43,822 : INFO : EventManager : Event: ======'mode_game_started'====== Args={'buttons': [], 'hold_time': 0.09444391700000043}
2025-07-06 17:01:43,822 : INFO : EventManager : Event: ======'game_will_start'====== Args={}
2025-07-06 17:01:43,822 : INFO : EventManager : Event: ======'game_starting'====== Args={'game': <Mode.game>}
2025-07-06 17:01:43,823 : INFO : EventManager : Unordered handler for class <Auditor> on event game_ended with priority 1. Handlers: [RegisteredHandler(callback=<bound method Auditor.disable of <Auditor>>, priority=1, kwargs={}, key=UUID('49fbd72c-afb5-4327-9f00-5fd0f6c47b6c'), condition=None, blocking_facility=None), RegisteredHandler(callback=<bound method Auditor._save_audits of <Auditor>>, priority=1, kwargs={}, key=UUID('00312426-69aa-41b6-864f-683b5c1da3fc'), condition=None, blocking_facility=None)]. The order of those handlers is not defined and they will be executed in random order. This might lead to race conditions and potential bugs.
2025-07-06 17:01:43,823 : INFO : EventManager : Event: ======'player_add_request'====== Args={}
2025-07-06 17:01:43,823 : INFO : EventManager : Event: ======'player_will_add'====== Args={'number': 1}
2025-07-06 17:01:43,823 : INFO : EventManager : Event: ======'player_adding'====== Args={'player': <Player 1>, 'number': 1}
2025-07-06 17:01:43,824 : INFO : EventManager : Event: ======'player_added'====== Args={'player': <Player 1>, 'num': 1}
2025-07-06 17:01:43,824 : INFO : Mode.game : Player added successfully. Total players: 1
2025-07-06 17:01:43,824 : INFO : EventManager : Event: ======'player_index'====== Args={'value': 0, 'prev_value': 0, 'change': 0, 'player_num': 1}
2025-07-06 17:01:43,824 : INFO : EventManager : Event: ======'player_number'====== Args={'value': 1, 'prev_value': 1, 'change': 0, 'player_num': 1}
2025-07-06 17:01:43,824 : INFO : EventManager : Event: ======'player_score'====== Args={'value': 0, 'prev_value': 0, 'change': 0, 'player_num': 1}
2025-07-06 17:01:43,825 : INFO : EventManager : Event: ======'game_started'====== Args={}
2025-07-06 17:01:43,825 : INFO : EventManager : Event: ======'slide_awesome_slide_removed'====== Args={'_from_bcp': True}
2025-07-06 17:01:43,825 : INFO : EventManager : Event: ======'slide_window_blank_active'====== Args={'_from_bcp': True}
2025-07-06 17:01:43,826 : INFO : EventManager : Event: ======'player_turn_will_start'====== Args={'player': <Player 1>, 'number': 1}
2025-07-06 17:01:43,826 : INFO : EventManager : Event: ======'player_turn_starting'====== Args={'player': <Player 1>, 'number': 1}
2025-07-06 17:01:43,828 : INFO : EventManager : Event: ======'player_ball'====== Args={'value': 1, 'prev_value': 0, 'change': 1, 'player_num': 1}
2025-07-06 17:01:43,829 : INFO : EventManager : Event: ======'player_turn_started'====== Args={'player': <Player 1>, 'number': 1}
2025-07-06 17:01:43,829 : INFO : EventManager : Event: ======'ball_will_start'====== Args={'player': 1, 'ball': 1, 'balls_remaining': 2, 'is_extra_ball': False}
2025-07-06 17:01:43,829 : INFO : EventManager : Event: ======'ball_starting'====== Args={'player': 1, 'ball': 1, 'balls_remaining': 2, 'is_extra_ball': False}
2025-07-06 17:01:43,830 : INFO : EventManager : Event: ======'mode_grave_targets_will_start'====== Args={'queue': <QueuedEvent>, 'player': 1, 'ball': 1, 'balls_remaining': 2, 'is_extra_ball': False}
2025-07-06 17:01:43,830 : INFO : EventManager : Event: ======'grave_targets_group_complete'====== Args={'state': 'None'}
2025-07-06 17:01:43,830 : INFO : EventManager : Event: ======'grave_targets_group_None_complete'====== Args={}
2025-07-06 17:01:43,830 : INFO : EventManager : Event: ======'player_shot_shot_target_g_enabled'====== Args={'value': True, 'prev_value': 0, 'change': 1, 'player_num': 1}
2025-07-06 17:01:43,831 : INFO : EventManager : Event: ======'player_shot_shot_target_r_enabled'====== Args={'value': True, 'prev_value': 0, 'change': 1, 'player_num': 1}
2025-07-06 17:01:43,831 : INFO : EventManager : Event: ======'player_shot_shot_right_scoop_enabled'====== Args={'value': True, 'prev_value': 0, 'change': 1, 'player_num': 1}
2025-07-06 17:01:43,832 : INFO : EventManager : Event: ======'mode_grave_targets_starting'====== Args={'queue': <QueuedEvent>, 'player': 1, 'ball': 1, 'balls_remaining': 2, 'is_extra_ball': False}
2025-07-06 17:01:43,832 : INFO : EventManager : Event: ======'mode_base_will_start'====== Args={'queue': <QueuedEvent>, 'player': 1, 'ball': 1, 'balls_remaining': 2, 'is_extra_ball': False}
2025-07-06 17:01:43,832 : INFO : EventManager : Event: ======'player_shot_shot_right_outlane_enabled'====== Args={'value': True, 'prev_value': 0, 'change': 1, 'player_num': 1}
2025-07-06 17:01:43,832 : INFO : EventManager : Event: ======'player_shot_shot_right_inlane_enabled'====== Args={'value': True, 'prev_value': 0, 'change': 1, 'player_num': 1}
2025-07-06 17:01:43,833 : INFO : EventManager : Event: ======'player_shot_shot_left_inlane_1_enabled'====== Args={'value': True, 'prev_value': 0, 'change': 1, 'player_num': 1}
2025-07-06 17:01:43,833 : INFO : EventManager : Event: ======'player_shot_shot_left_inlane_2_enabled'====== Args={'value': True, 'prev_value': 0, 'change': 1, 'player_num': 1}
2025-07-06 17:01:43,833 : INFO : EventManager : Event: ======'player_shot_shot_left_outlane_enabled'====== Args={'value': True, 'prev_value': 0, 'change': 1, 'player_num': 1}
2025-07-06 17:01:43,833 : INFO : EventManager : Event: ======'player_shot_shot_pop1_enabled'====== Args={'value': True, 'prev_value': 0, 'change': 1, 'player_num': 1}
2025-07-06 17:01:43,834 : INFO : EventManager : Event: ======'player_shot_shot_pop2_enabled'====== Args={'value': True, 'prev_value': 0, 'change': 1, 'player_num': 1}
2025-07-06 17:01:43,834 : INFO : EventManager : Event: ======'player_shot_shot_pop3_enabled'====== Args={'value': True, 'prev_value': 0, 'change': 1, 'player_num': 1}
2025-07-06 17:01:43,834 : INFO : EventManager : Event: ======'player_shot_shot_pop4_enabled'====== Args={'value': True, 'prev_value': 0, 'change': 1, 'player_num': 1}
2025-07-06 17:01:43,835 : INFO : EventManager : Event: ======'player_shot_shot_pop5_enabled'====== Args={'value': True, 'prev_value': 0, 'change': 1, 'player_num': 1}
2025-07-06 17:01:43,835 : INFO : EventManager : Event: ======'mode_base_starting'====== Args={'queue': <QueuedEvent>, 'player': 1, 'ball': 1, 'balls_remaining': 2, 'is_extra_ball': False}
2025-07-06 17:01:43,836 : INFO : Mode.base : Started. Priority: 100
2025-07-06 17:01:43,836 : INFO : EventManager : Event: ======'modes_active_modes_changed'====== Args={}
2025-07-06 17:01:43,836 : INFO : EventManager : Event: ======'mode_base_started'====== Args={'queue': <QueuedEvent>, 'player': 1, 'ball': 1, 'balls_remaining': 2, 'is_extra_ball': False}
2025-07-06 17:01:43,836 : INFO : Mode.grave_targets : Started. Priority: 200
2025-07-06 17:01:43,836 : INFO : EventManager : Event: ======'modes_active_modes_changed'====== Args={}
2025-07-06 17:01:43,836 : INFO : EventManager : Event: ======'mode_grave_targets_started'====== Args={'queue': <QueuedEvent>, 'player': 1, 'ball': 1, 'balls_remaining': 2, 'is_extra_ball': False}
2025-07-06 17:01:43,837 : INFO : EventManager : Event: ======'reset_targets'====== Args={'priority': 0}
2025-07-06 17:01:43,837 : INFO : EventManager : Event: ======'balls_in_play'====== Args={'balls': 1}
2025-07-06 17:01:43,837 : INFO : EventManager : Event: ======'ball_started'====== Args={'player': 1, 'ball': 1, 'balls_remaining': 2, 'is_extra_ball': False}
2025-07-06 17:01:43,840 : INFO : EventManager : Event: ======'single_player_ball_started'====== Args={}
2025-07-06 17:01:43,841 : INFO : EventManager : Event: ======'ball_start_target'====== Args={'target': 'playfield'}
2025-07-06 17:01:43,841 : INFO : ball_device.bd_trough : Setting up player-controlled eject. Balls: 1, Target: <playfield.playfield>, player_controlled_eject_event: None
2025-07-06 17:01:43,841 : INFO : ball_device.bd_trough : Adding 1 ball(s) to the eject_queue with target <playfield.playfield>.
2025-07-06 17:01:43,841 : INFO : EventManager : Event: ======'balldevice_balls_available'====== Args={}
2025-07-06 17:01:43,841 : INFO : ball_device.bd_trough : State: waiting_for_target_ready
2025-07-06 17:01:43,841 : INFO : EventManager : Event: ======'balldevice_bd_trough_ball_eject_attempt'====== Args={'balls': 1, 'target': <playfield.playfield>, 'source': <ball_device.bd_trough>, 'mechanical_eject': False, 'num_attempts': 0}
2025-07-06 17:01:43,841 : INFO : ball_device.bd_trough : State: ejecting
2025-07-06 17:01:43,842 : INFO : ball_device.bd_trough : Ejecting ball to <playfield.playfield>
2025-07-06 17:01:43,842 : INFO : EventManager : Event: ======'balldevice_bd_trough_ejecting_ball'====== Args={'balls': 1, 'target': <playfield.playfield>, 'source': <ball_device.bd_trough>, 'mechanical_eject': False, 'num_attempts': 0}
2025-07-06 17:01:43,842 : INFO : ball_device.bd_trough : Wait for ball to leave device
2025-07-06 17:01:43,842 : INFO : coil.c_trough_eject : Pulsing Driver for 35ms (1.0 pulse_power)
2025-07-06 17:01:43,842 : INFO : SwitchController : <<<<<<< 's_trough1' inactive >>>>>>>
2025-07-06 17:01:43,843 : INFO : ball_device.bd_trough : State: ball_left
2025-07-06 17:01:43,843 : INFO : ball_device.bd_trough : Ball left
2025-07-06 17:01:43,843 : INFO : ball_device.bd_trough : Wait for confirm with timeout 10.0
2025-07-06 17:01:43,855 : INFO : EventManager : Event: ======'slide_base.slide_player-mode_base_started_created'====== Args={'_from_bcp': True}
2025-07-06 17:01:43,856 : INFO : EventManager : Event: ======'slide_base.slide_player-mode_base_started_active'====== Args={'_from_bcp': True}
2025-07-06 17:01:44,667 : INFO : SwitchController : <<<<<<< 's_target_r' active >>>>>>>
2025-07-06 17:01:44,667 : INFO : EventManager : Event: ======'playfield_active'====== Args={'source': 'shot_target_r'}
2025-07-06 17:01:44,668 : INFO : EventManager : Event: ======'s_target_r_active'====== Args={}
2025-07-06 17:01:44,668 : INFO : EventManager : Event: ======'sw_playfield_active'====== Args={}
2025-07-06 17:01:44,668 : INFO : EventManager : Event: ======'machine_var_audits_switches_s_target_r'====== Args={'value': 45, 'prev_value': 44, 'change': 1}
2025-07-06 17:01:44,669 : INFO : EventManager : Event: ======'player_shot_shot_target_r'====== Args={'value': 1, 'prev_value': 0, 'change': 1, 'player_num': 1}
2025-07-06 17:01:44,670 : INFO : EventManager : Event: ======'machine_var_audits_shots_shot_target_r'====== Args={'value': 45, 'prev_value': 44, 'change': 1}
2025-07-06 17:01:44,671 : INFO : EventManager : Event: ======'shot_target_r_hit'====== Args={'profile': 'target_profile', 'state': 'unlit', 'advancing': True}
2025-07-06 17:01:44,671 : INFO : EventManager : Event: ======'shot_target_r_target_profile_hit'====== Args={'profile': 'target_profile', 'state': 'unlit', 'advancing': True}
2025-07-06 17:01:44,672 : INFO : EventManager : Event: ======'shot_target_r_target_profile_unlit_hit'====== Args={'profile': 'target_profile', 'state': 'unlit', 'advancing': True}
2025-07-06 17:01:44,672 : INFO : EventManager : Event: ======'shot_target_r_unlit_hit'====== Args={'profile': 'target_profile', 'state': 'unlit', 'advancing': True}
2025-07-06 17:01:44,673 : INFO : EventManager : Event: ======'player_score'====== Args={'value': 100, 'prev_value': 0, 'change': 100, 'player_num': 1, 'source': 'grave_targets'}
2025-07-06 17:01:44,673 : INFO : EventManager : Event: ======'player_score'====== Args={'value': 1100, 'prev_value': 100, 'change': 1000, 'player_num': 1, 'source': 'base'}
2025-07-06 17:01:44,673 : INFO : EventManager : Event: ======'grave_targets_group_hit'====== Args={}
2025-07-06 17:01:44,674 : INFO : EventManager : Event: ======'grave_targets_group_unlit_hit'====== Args={}
2025-07-06 17:01:44,675 : INFO : EventManager : Event: ======'playfield_active'====== Args={'source': None}
2025-07-06 17:01:44,676 : INFO : ball_device.bd_trough : Got eject confirm
2025-07-06 17:01:44,676 : INFO : ball_device.bd_trough : Eject successful
2025-07-06 17:01:44,676 : INFO : EventManager : Event: ======'balldevice_bd_trough_ball_eject_success'====== Args={'balls': 1, 'target': <playfield.playfield>}
2025-07-06 17:01:44,677 : INFO : EventManager : Event: ======'balldevice_playfield_ball_enter'====== Args={'new_balls': 1, 'unclaimed_balls': 1, 'device': <playfield.playfield>}
2025-07-06 17:01:44,677 : INFO : EventManager : Event: ======'playfield_ball_count_change'====== Args={'balls': 1, 'change': 1}
2025-07-06 17:01:44,677 : INFO : EventManager : Event: ======'balldevice_bd_trough_ball_count_changed'====== Args={'balls': 0}
2025-07-06 17:01:44,678 : INFO : ball_device.bd_trough : State: idle
2025-07-06 17:01:44,790 : INFO : SwitchController : <<<<<<< 's_target_r' inactive >>>>>>>
2025-07-06 17:01:44,974 : INFO : SwitchController : <<<<<<< 's_target_r' active >>>>>>>
2025-07-06 17:01:44,975 : INFO : EventManager : Event: ======'s_target_r_active'====== Args={}
2025-07-06 17:01:44,975 : INFO : EventManager : Event: ======'sw_playfield_active'====== Args={}
2025-07-06 17:01:44,975 : INFO : EventManager : Event: ======'machine_var_audits_switches_s_target_r'====== Args={'value': 46, 'prev_value': 45, 'change': 1}
2025-07-06 17:01:44,976 : INFO : EventManager : Event: ======'machine_var_audits_shots_shot_target_r'====== Args={'value': 46, 'prev_value': 45, 'change': 1}
2025-07-06 17:01:44,977 : INFO : EventManager : Event: ======'shot_target_r_hit'====== Args={'profile': 'target_profile', 'state': 'lit', 'advancing': False}
2025-07-06 17:01:44,977 : INFO : EventManager : Event: ======'shot_target_r_target_profile_hit'====== Args={'profile': 'target_profile', 'state': 'lit', 'advancing': False}
2025-07-06 17:01:44,977 : INFO : EventManager : Event: ======'shot_target_r_target_profile_lit_hit'====== Args={'profile': 'target_profile', 'state': 'lit', 'advancing': False}
2025-07-06 17:01:44,977 : INFO : EventManager : Event: ======'shot_target_r_lit_hit'====== Args={'profile': 'target_profile', 'state': 'lit', 'advancing': False}
2025-07-06 17:01:44,978 : INFO : EventManager : Event: ======'player_score'====== Args={'value': 1200, 'prev_value': 1100, 'change': 100, 'player_num': 1, 'source': 'grave_targets'}
2025-07-06 17:01:44,978 : INFO : EventManager : Event: ======'player_score'====== Args={'value': 2200, 'prev_value': 1200, 'change': 1000, 'player_num': 1, 'source': 'base'}
2025-07-06 17:01:44,979 : INFO : EventManager : Event: ======'grave_targets_group_hit'====== Args={}
2025-07-06 17:01:44,979 : INFO : EventManager : Event: ======'grave_targets_group_lit_hit'====== Args={}
2025-07-06 17:01:45,082 : INFO : SwitchController : <<<<<<< 's_target_r' inactive >>>>>>>
2025-07-06 17:01:45,271 : INFO : SwitchController : <<<<<<< 's_target_r' active >>>>>>>
2025-07-06 17:01:45,271 : INFO : EventManager : Event: ======'s_target_r_active'====== Args={}
2025-07-06 17:01:45,272 : INFO : EventManager : Event: ======'sw_playfield_active'====== Args={}
2025-07-06 17:01:45,272 : INFO : EventManager : Event: ======'machine_var_audits_switches_s_target_r'====== Args={'value': 47, 'prev_value': 46, 'change': 1}
2025-07-06 17:01:45,273 : INFO : EventManager : Event: ======'machine_var_audits_shots_shot_target_r'====== Args={'value': 47, 'prev_value': 46, 'change': 1}
2025-07-06 17:01:45,274 : INFO : EventManager : Event: ======'shot_target_r_hit'====== Args={'profile': 'target_profile', 'state': 'lit', 'advancing': False}
2025-07-06 17:01:45,274 : INFO : EventManager : Event: ======'shot_target_r_target_profile_hit'====== Args={'profile': 'target_profile', 'state': 'lit', 'advancing': False}
2025-07-06 17:01:45,275 : INFO : EventManager : Event: ======'shot_target_r_target_profile_lit_hit'====== Args={'profile': 'target_profile', 'state': 'lit', 'advancing': False}
2025-07-06 17:01:45,275 : INFO : EventManager : Event: ======'shot_target_r_lit_hit'====== Args={'profile': 'target_profile', 'state': 'lit', 'advancing': False}
2025-07-06 17:01:45,275 : INFO : EventManager : Event: ======'player_score'====== Args={'value': 2300, 'prev_value': 2200, 'change': 100, 'player_num': 1, 'source': 'grave_targets'}
2025-07-06 17:01:45,275 : INFO : EventManager : Event: ======'player_score'====== Args={'value': 3300, 'prev_value': 2300, 'change': 1000, 'player_num': 1, 'source': 'base'}
2025-07-06 17:01:45,276 : INFO : EventManager : Event: ======'grave_targets_group_hit'====== Args={}
2025-07-06 17:01:45,276 : INFO : EventManager : Event: ======'grave_targets_group_lit_hit'====== Args={}
2025-07-06 17:01:45,398 : INFO : SwitchController : <<<<<<< 's_target_r' inactive >>>>>>>
2025-07-06 17:01:45,687 : INFO : SwitchController : <<<<<<< 's_target_r' active >>>>>>>
2025-07-06 17:01:45,688 : INFO : EventManager : Event: ======'s_target_r_active'====== Args={}
2025-07-06 17:01:45,688 : INFO : EventManager : Event: ======'sw_playfield_active'====== Args={}
2025-07-06 17:01:45,688 : INFO : EventManager : Event: ======'machine_var_audits_switches_s_target_r'====== Args={'value': 48, 'prev_value': 47, 'change': 1}
2025-07-06 17:01:45,689 : INFO : EventManager : Event: ======'machine_var_audits_shots_shot_target_r'====== Args={'value': 48, 'prev_value': 47, 'change': 1}
2025-07-06 17:01:45,690 : INFO : EventManager : Event: ======'shot_target_r_hit'====== Args={'profile': 'target_profile', 'state': 'lit', 'advancing': False}
2025-07-06 17:01:45,691 : INFO : EventManager : Event: ======'shot_target_r_target_profile_hit'====== Args={'profile': 'target_profile', 'state': 'lit', 'advancing': False}
2025-07-06 17:01:45,691 : INFO : EventManager : Event: ======'shot_target_r_target_profile_lit_hit'====== Args={'profile': 'target_profile', 'state': 'lit', 'advancing': False}
2025-07-06 17:01:45,691 : INFO : EventManager : Event: ======'shot_target_r_lit_hit'====== Args={'profile': 'target_profile', 'state': 'lit', 'advancing': False}
2025-07-06 17:01:45,691 : INFO : EventManager : Event: ======'player_score'====== Args={'value': 3400, 'prev_value': 3300, 'change': 100, 'player_num': 1, 'source': 'grave_targets'}
2025-07-06 17:01:45,692 : INFO : EventManager : Event: ======'player_score'====== Args={'value': 4400, 'prev_value': 3400, 'change': 1000, 'player_num': 1, 'source': 'base'}
2025-07-06 17:01:45,692 : INFO : EventManager : Event: ======'grave_targets_group_hit'====== Args={}
2025-07-06 17:01:45,693 : INFO : EventManager : Event: ======'grave_targets_group_lit_hit'====== Args={}
2025-07-06 17:01:45,765 : INFO : SwitchController : <<<<<<< 's_target_r' inactive >>>>>>>
2025-07-06 17:01:46,140 : INFO : SwitchController : <<<<<<< 's_target_r' active >>>>>>>
2025-07-06 17:01:46,141 : INFO : EventManager : Event: ======'s_target_r_active'====== Args={}
2025-07-06 17:01:46,141 : INFO : EventManager : Event: ======'sw_playfield_active'====== Args={}
2025-07-06 17:01:46,141 : INFO : EventManager : Event: ======'machine_var_audits_switches_s_target_r'====== Args={'value': 49, 'prev_value': 48, 'change': 1}
2025-07-06 17:01:46,142 : INFO : EventManager : Event: ======'machine_var_audits_shots_shot_target_r'====== Args={'value': 49, 'prev_value': 48, 'change': 1}
2025-07-06 17:01:46,143 : INFO : EventManager : Event: ======'shot_target_r_hit'====== Args={'profile': 'target_profile', 'state': 'lit', 'advancing': False}
2025-07-06 17:01:46,143 : INFO : EventManager : Event: ======'shot_target_r_target_profile_hit'====== Args={'profile': 'target_profile', 'state': 'lit', 'advancing': False}
2025-07-06 17:01:46,144 : INFO : EventManager : Event: ======'shot_target_r_target_profile_lit_hit'====== Args={'profile': 'target_profile', 'state': 'lit', 'advancing': False}
2025-07-06 17:01:46,144 : INFO : EventManager : Event: ======'shot_target_r_lit_hit'====== Args={'profile': 'target_profile', 'state': 'lit', 'advancing': False}
2025-07-06 17:01:46,144 : INFO : EventManager : Event: ======'player_score'====== Args={'value': 4500, 'prev_value': 4400, 'change': 100, 'player_num': 1, 'source': 'grave_targets'}
2025-07-06 17:01:46,144 : INFO : EventManager : Event: ======'player_score'====== Args={'value': 5500, 'prev_value': 4500, 'change': 1000, 'player_num': 1, 'source': 'base'}
2025-07-06 17:01:46,145 : INFO : EventManager : Event: ======'grave_targets_group_hit'====== Args={}
2025-07-06 17:01:46,145 : INFO : EventManager : Event: ======'grave_targets_group_lit_hit'====== Args={}
2025-07-06 17:01:46,223 : INFO : SwitchController : <<<<<<< 's_target_r' inactive >>>>>>>
2025-07-06 17:01:47,940 : INFO : SwitchController : <<<<<<< 's_target_g' active >>>>>>>
2025-07-06 17:01:47,940 : INFO : EventManager : Event: ======'s_target_g_active'====== Args={}
2025-07-06 17:01:47,940 : INFO : EventManager : Event: ======'sw_playfield_active'====== Args={}
2025-07-06 17:01:47,941 : INFO : EventManager : Event: ======'machine_var_audits_switches_s_target_g'====== Args={'value': 65, 'prev_value': 64, 'change': 1}
2025-07-06 17:01:47,942 : INFO : EventManager : Event: ======'player_shot_shot_target_g'====== Args={'value': 1, 'prev_value': 0, 'change': 1, 'player_num': 1}
2025-07-06 17:01:47,943 : INFO : EventManager : Event: ======'machine_var_audits_shots_shot_target_g'====== Args={'value': 61, 'prev_value': 60, 'change': 1}
2025-07-06 17:01:47,943 : INFO : EventManager : Event: ======'shot_target_g_hit'====== Args={'profile': 'target_profile', 'state': 'unlit', 'advancing': True}
2025-07-06 17:01:47,944 : INFO : EventManager : Event: ======'shot_target_g_target_profile_hit'====== Args={'profile': 'target_profile', 'state': 'unlit', 'advancing': True}
2025-07-06 17:01:47,949 : INFO : EventManager : Event: ======'shot_target_g_target_profile_unlit_hit'====== Args={'profile': 'target_profile', 'state': 'unlit', 'advancing': True}
2025-07-06 17:01:47,949 : INFO : EventManager : Event: ======'shot_target_g_unlit_hit'====== Args={'profile': 'target_profile', 'state': 'unlit', 'advancing': True}
2025-07-06 17:01:47,950 : INFO : EventManager : Event: ======'grave_targets_group_complete'====== Args={'state': 'lit'}
2025-07-06 17:01:47,950 : INFO : EventManager : Event: ======'grave_targets_group_lit_complete'====== Args={}
2025-07-06 17:01:47,950 : INFO : EventManager : Event: ======'player_score'====== Args={'value': 5600, 'prev_value': 5500, 'change': 100, 'player_num': 1, 'source': 'grave_targets'}
2025-07-06 17:01:47,950 : INFO : EventManager : Event: ======'player_score'====== Args={'value': 6600, 'prev_value': 5600, 'change': 1000, 'player_num': 1, 'source': 'base'}
2025-07-06 17:01:47,951 : INFO : EventManager : Event: ======'grave_targets_group_hit'====== Args={}
2025-07-06 17:01:47,951 : INFO : EventManager : Event: ======'grave_targets_group_unlit_hit'====== Args={}
2025-07-06 17:01:48,039 : INFO : SwitchController : <<<<<<< 's_target_g' inactive >>>>>>>
2025-07-06 17:01:49,020 : INFO : SwitchController : <<<<<<< 's_right_scoop' active >>>>>>>
2025-07-06 17:01:49,020 : INFO : EventManager : Event: ======'s_right_scoop_active'====== Args={}
2025-07-06 17:01:49,020 : INFO : EventManager : Event: ======'sw_playfield_active'====== Args={}
2025-07-06 17:01:49,020 : INFO : EventManager : Event: ======'machine_var_audits_switches_s_right_scoop'====== Args={'value': 192, 'prev_value': 191, 'change': 1}
2025-07-06 17:01:49,021 : INFO : EventManager : Event: ======'machine_var_audits_shots_shot_right_scoop'====== Args={'value': 1158375, 'prev_value': 1158374, 'change': 1}
2025-07-06 17:01:49,021 : INFO : EventManager : Event: ======'shot_right_scoop_hit'====== Args={'profile': 'scoop_profile', 'state': 'unlit', 'advancing': False}
2025-07-06 17:01:49,021 : INFO : EventManager : Event: ======'shot_right_scoop_scoop_profile_hit'====== Args={'profile': 'scoop_profile', 'state': 'unlit', 'advancing': False}
2025-07-06 17:01:49,021 : INFO : EventManager : Event: ======'shot_right_scoop_scoop_profile_unlit_hit'====== Args={'profile': 'scoop_profile', 'state': 'unlit', 'advancing': False}
2025-07-06 17:01:49,021 : INFO : EventManager : Event: ======'shot_right_scoop_unlit_hit'====== Args={'profile': 'scoop_profile', 'state': 'unlit', 'advancing': False}
2025-07-06 17:01:49,021 : INFO : EventManager : Event: ======'player_score'====== Args={'value': 6700, 'prev_value': 6600, 'change': 100, 'player_num': 1, 'source': 'grave_targets'}
2025-07-06 17:01:49,115 : INFO : SwitchController : <<<<<<< 's_right_scoop' inactive >>>>>>>
2025-07-06 17:01:49,881 : INFO : SwitchController : <<<<<<< 's_right_scoop' active >>>>>>>
2025-07-06 17:01:49,882 : INFO : EventManager : Event: ======'s_right_scoop_active'====== Args={}
2025-07-06 17:01:49,882 : INFO : EventManager : Event: ======'sw_playfield_active'====== Args={}
2025-07-06 17:01:49,883 : INFO : EventManager : Event: ======'machine_var_audits_switches_s_right_scoop'====== Args={'value': 193, 'prev_value': 192, 'change': 1}
2025-07-06 17:01:49,883 : INFO : EventManager : Event: ======'machine_var_audits_shots_shot_right_scoop'====== Args={'value': 1158376, 'prev_value': 1158375, 'change': 1}
2025-07-06 17:01:49,884 : INFO : EventManager : Event: ======'shot_right_scoop_hit'====== Args={'profile': 'scoop_profile', 'state': 'unlit', 'advancing': False}
2025-07-06 17:01:49,884 : INFO : EventManager : Event: ======'shot_right_scoop_scoop_profile_hit'====== Args={'profile': 'scoop_profile', 'state': 'unlit', 'advancing': False}
2025-07-06 17:01:49,884 : INFO : EventManager : Event: ======'shot_right_scoop_scoop_profile_unlit_hit'====== Args={'profile': 'scoop_profile', 'state': 'unlit', 'advancing': False}
2025-07-06 17:01:49,884 : INFO : EventManager : Event: ======'shot_right_scoop_unlit_hit'====== Args={'profile': 'scoop_profile', 'state': 'unlit', 'advancing': False}
2025-07-06 17:01:49,885 : INFO : EventManager : Event: ======'player_score'====== Args={'value': 6800, 'prev_value': 6700, 'change': 100, 'player_num': 1, 'source': 'grave_targets'}
2025-07-06 17:01:50,006 : INFO : SwitchController : <<<<<<< 's_right_scoop' inactive >>>>>>>
2025-07-06 17:01:50,136 : INFO : SwitchController : <<<<<<< 's_right_scoop' active >>>>>>>
2025-07-06 17:01:50,136 : INFO : EventManager : Event: ======'s_right_scoop_active'====== Args={}
2025-07-06 17:01:50,136 : INFO : EventManager : Event: ======'sw_playfield_active'====== Args={}
2025-07-06 17:01:50,136 : INFO : EventManager : Event: ======'machine_var_audits_switches_s_right_scoop'====== Args={'value': 194, 'prev_value': 193, 'change': 1}
2025-07-06 17:01:50,137 : INFO : EventManager : Event: ======'machine_var_audits_shots_shot_right_scoop'====== Args={'value': 1158377, 'prev_value': 1158376, 'change': 1}
2025-07-06 17:01:50,137 : INFO : EventManager : Event: ======'shot_right_scoop_hit'====== Args={'profile': 'scoop_profile', 'state': 'unlit', 'advancing': False}
2025-07-06 17:01:50,137 : INFO : EventManager : Event: ======'shot_right_scoop_scoop_profile_hit'====== Args={'profile': 'scoop_profile', 'state': 'unlit', 'advancing': False}
2025-07-06 17:01:50,137 : INFO : EventManager : Event: ======'shot_right_scoop_scoop_profile_unlit_hit'====== Args={'profile': 'scoop_profile', 'state': 'unlit', 'advancing': False}
2025-07-06 17:01:50,137 : INFO : EventManager : Event: ======'shot_right_scoop_unlit_hit'====== Args={'profile': 'scoop_profile', 'state': 'unlit', 'advancing': False}
2025-07-06 17:01:50,138 : INFO : EventManager : Event: ======'player_score'====== Args={'value': 6900, 'prev_value': 6800, 'change': 100, 'player_num': 1, 'source': 'grave_targets'}
2025-07-06 17:01:50,248 : INFO : SwitchController : <<<<<<< 's_right_scoop' inactive >>>>>>>
2025-07-06 17:01:50,637 : INFO : SwitchController : <<<<<<< 's_right_scoop' active >>>>>>>
2025-07-06 17:01:50,637 : INFO : EventManager : Event: ======'s_right_scoop_active'====== Args={}
2025-07-06 17:01:50,638 : INFO : EventManager : Event: ======'sw_playfield_active'====== Args={}
2025-07-06 17:01:50,638 : INFO : EventManager : Event: ======'machine_var_audits_switches_s_right_scoop'====== Args={'value': 195, 'prev_value': 194, 'change': 1}
2025-07-06 17:01:50,639 : INFO : EventManager : Event: ======'machine_var_audits_shots_shot_right_scoop'====== Args={'value': 1158378, 'prev_value': 1158377, 'change': 1}
2025-07-06 17:01:50,640 : INFO : EventManager : Event: ======'shot_right_scoop_hit'====== Args={'profile': 'scoop_profile', 'state': 'unlit', 'advancing': False}
2025-07-06 17:01:50,640 : INFO : EventManager : Event: ======'shot_right_scoop_scoop_profile_hit'====== Args={'profile': 'scoop_profile', 'state': 'unlit', 'advancing': False}
2025-07-06 17:01:50,641 : INFO : EventManager : Event: ======'shot_right_scoop_scoop_profile_unlit_hit'====== Args={'profile': 'scoop_profile', 'state': 'unlit', 'advancing': False}
2025-07-06 17:01:50,641 : INFO : EventManager : Event: ======'shot_right_scoop_unlit_hit'====== Args={'profile': 'scoop_profile', 'state': 'unlit', 'advancing': False}
2025-07-06 17:01:50,641 : INFO : EventManager : Event: ======'player_score'====== Args={'value': 7000, 'prev_value': 6900, 'change': 100, 'player_num': 1, 'source': 'grave_targets'}
2025-07-06 17:01:50,736 : INFO : SwitchController : <<<<<<< 's_right_scoop' inactive >>>>>>>
2025-07-06 17:01:50,926 : INFO : SwitchController : <<<<<<< 's_right_scoop' active >>>>>>>
2025-07-06 17:01:50,926 : INFO : EventManager : Event: ======'s_right_scoop_active'====== Args={}
2025-07-06 17:01:50,926 : INFO : EventManager : Event: ======'sw_playfield_active'====== Args={}
2025-07-06 17:01:50,926 : INFO : EventManager : Event: ======'machine_var_audits_switches_s_right_scoop'====== Args={'value': 196, 'prev_value': 195, 'change': 1}
2025-07-06 17:01:50,926 : INFO : EventManager : Event: ======'machine_var_audits_shots_shot_right_scoop'====== Args={'value': 1158379, 'prev_value': 1158378, 'change': 1}
2025-07-06 17:01:50,927 : INFO : EventManager : Event: ======'shot_right_scoop_hit'====== Args={'profile': 'scoop_profile', 'state': 'unlit', 'advancing': False}
2025-07-06 17:01:50,927 : INFO : EventManager : Event: ======'shot_right_scoop_scoop_profile_hit'====== Args={'profile': 'scoop_profile', 'state': 'unlit', 'advancing': False}
2025-07-06 17:01:50,927 : INFO : EventManager : Event: ======'shot_right_scoop_scoop_profile_unlit_hit'====== Args={'profile': 'scoop_profile', 'state': 'unlit', 'advancing': False}
2025-07-06 17:01:50,927 : INFO : EventManager : Event: ======'shot_right_scoop_unlit_hit'====== Args={'profile': 'scoop_profile', 'state': 'unlit', 'advancing': False}
2025-07-06 17:01:50,927 : INFO : EventManager : Event: ======'player_score'====== Args={'value': 7100, 'prev_value': 7000, 'change': 100, 'player_num': 1, 'source': 'grave_targets'}
2025-07-06 17:01:51,044 : INFO : SwitchController : <<<<<<< 's_right_scoop' inactive >>>>>>>
2025-07-06 17:01:51,321 : INFO : SwitchController : <<<<<<< 's_right_scoop' active >>>>>>>
2025-07-06 17:01:51,322 : INFO : EventManager : Event: ======'s_right_scoop_active'====== Args={}
2025-07-06 17:01:51,322 : INFO : EventManager : Event: ======'sw_playfield_active'====== Args={}
2025-07-06 17:01:51,323 : INFO : EventManager : Event: ======'machine_var_audits_switches_s_right_scoop'====== Args={'value': 197, 'prev_value': 196, 'change': 1}
2025-07-06 17:01:51,324 : INFO : EventManager : Event: ======'machine_var_audits_shots_shot_right_scoop'====== Args={'value': 1158380, 'prev_value': 1158379, 'change': 1}
2025-07-06 17:01:51,324 : INFO : EventManager : Event: ======'shot_right_scoop_hit'====== Args={'profile': 'scoop_profile', 'state': 'unlit', 'advancing': False}
2025-07-06 17:01:51,325 : INFO : EventManager : Event: ======'shot_right_scoop_scoop_profile_hit'====== Args={'profile': 'scoop_profile', 'state': 'unlit', 'advancing': False}
2025-07-06 17:01:51,325 : INFO : EventManager : Event: ======'shot_right_scoop_scoop_profile_unlit_hit'====== Args={'profile': 'scoop_profile', 'state': 'unlit', 'advancing': False}
2025-07-06 17:01:51,325 : INFO : EventManager : Event: ======'shot_right_scoop_unlit_hit'====== Args={'profile': 'scoop_profile', 'state': 'unlit', 'advancing': False}
2025-07-06 17:01:51,325 : INFO : EventManager : Event: ======'player_score'====== Args={'value': 7200, 'prev_value': 7100, 'change': 100, 'player_num': 1, 'source': 'grave_targets'}
2025-07-06 17:01:51,440 : INFO : SwitchController : <<<<<<< 's_right_scoop' inactive >>>>>>>
2025-07-06 17:01:51,785 : INFO : SwitchController : <<<<<<< 's_right_scoop' active >>>>>>>
2025-07-06 17:01:51,785 : INFO : EventManager : Event: ======'s_right_scoop_active'====== Args={}
2025-07-06 17:01:51,786 : INFO : EventManager : Event: ======'sw_playfield_active'====== Args={}
2025-07-06 17:01:51,786 : INFO : EventManager : Event: ======'machine_var_audits_switches_s_right_scoop'====== Args={'value': 198, 'prev_value': 197, 'change': 1}
2025-07-06 17:01:51,787 : INFO : EventManager : Event: ======'machine_var_audits_shots_shot_right_scoop'====== Args={'value': 1158381, 'prev_value': 1158380, 'change': 1}
2025-07-06 17:01:51,788 : INFO : EventManager : Event: ======'shot_right_scoop_hit'====== Args={'profile': 'scoop_profile', 'state': 'unlit', 'advancing': False}
2025-07-06 17:01:51,788 : INFO : EventManager : Event: ======'shot_right_scoop_scoop_profile_hit'====== Args={'profile': 'scoop_profile', 'state': 'unlit', 'advancing': False}
2025-07-06 17:01:51,788 : INFO : EventManager : Event: ======'shot_right_scoop_scoop_profile_unlit_hit'====== Args={'profile': 'scoop_profile', 'state': 'unlit', 'advancing': False}
2025-07-06 17:01:51,788 : INFO : EventManager : Event: ======'shot_right_scoop_unlit_hit'====== Args={'profile': 'scoop_profile', 'state': 'unlit', 'advancing': False}
2025-07-06 17:01:51,789 : INFO : EventManager : Event: ======'player_score'====== Args={'value': 7300, 'prev_value': 7200, 'change': 100, 'player_num': 1, 'source': 'grave_targets'}
2025-07-06 17:01:51,902 : INFO : SwitchController : <<<<<<< 's_right_scoop' inactive >>>>>>>
2025-07-06 17:01:52,032 : INFO : SwitchController : <<<<<<< 's_right_scoop' active >>>>>>>
2025-07-06 17:01:52,032 : INFO : EventManager : Event: ======'s_right_scoop_active'====== Args={}
2025-07-06 17:01:52,033 : INFO : EventManager : Event: ======'sw_playfield_active'====== Args={}
2025-07-06 17:01:52,033 : INFO : EventManager : Event: ======'machine_var_audits_switches_s_right_scoop'====== Args={'value': 199, 'prev_value': 198, 'change': 1}
2025-07-06 17:01:52,033 : INFO : EventManager : Event: ======'machine_var_audits_shots_shot_right_scoop'====== Args={'value': 1158382, 'prev_value': 1158381, 'change': 1}
2025-07-06 17:01:52,034 : INFO : EventManager : Event: ======'shot_right_scoop_hit'====== Args={'profile': 'scoop_profile', 'state': 'unlit', 'advancing': False}
2025-07-06 17:01:52,034 : INFO : EventManager : Event: ======'shot_right_scoop_scoop_profile_hit'====== Args={'profile': 'scoop_profile', 'state': 'unlit', 'advancing': False}
2025-07-06 17:01:52,034 : INFO : EventManager : Event: ======'shot_right_scoop_scoop_profile_unlit_hit'====== Args={'profile': 'scoop_profile', 'state': 'unlit', 'advancing': False}
2025-07-06 17:01:52,035 : INFO : EventManager : Event: ======'shot_right_scoop_unlit_hit'====== Args={'profile': 'scoop_profile', 'state': 'unlit', 'advancing': False}
2025-07-06 17:01:52,035 : INFO : EventManager : Event: ======'player_score'====== Args={'value': 7400, 'prev_value': 7300, 'change': 100, 'player_num': 1, 'source': 'grave_targets'}
2025-07-06 17:01:52,119 : INFO : SwitchController : <<<<<<< 's_right_scoop' inactive >>>>>>>
2025-07-06 17:01:52,300 : INFO : SwitchController : <<<<<<< 's_right_scoop' active >>>>>>>
2025-07-06 17:01:52,300 : INFO : EventManager : Event: ======'s_right_scoop_active'====== Args={}
2025-07-06 17:01:52,300 : INFO : EventManager : Event: ======'sw_playfield_active'====== Args={}
2025-07-06 17:01:52,301 : INFO : EventManager : Event: ======'machine_var_audits_switches_s_right_scoop'====== Args={'value': 200, 'prev_value': 199, 'change': 1}
2025-07-06 17:01:52,302 : INFO : EventManager : Event: ======'machine_var_audits_shots_shot_right_scoop'====== Args={'value': 1158383, 'prev_value': 1158382, 'change': 1}
2025-07-06 17:01:52,302 : INFO : EventManager : Event: ======'shot_right_scoop_hit'====== Args={'profile': 'scoop_profile', 'state': 'unlit', 'advancing': False}
2025-07-06 17:01:52,303 : INFO : EventManager : Event: ======'shot_right_scoop_scoop_profile_hit'====== Args={'profile': 'scoop_profile', 'state': 'unlit', 'advancing': False}
2025-07-06 17:01:52,303 : INFO : EventManager : Event: ======'shot_right_scoop_scoop_profile_unlit_hit'====== Args={'profile': 'scoop_profile', 'state': 'unlit', 'advancing': False}
2025-07-06 17:01:52,303 : INFO : EventManager : Event: ======'shot_right_scoop_unlit_hit'====== Args={'profile': 'scoop_profile', 'state': 'unlit', 'advancing': False}
2025-07-06 17:01:52,304 : INFO : EventManager : Event: ======'player_score'====== Args={'value': 7500, 'prev_value': 7400, 'change': 100, 'player_num': 1, 'source': 'grave_targets'}
2025-07-06 17:01:52,427 : INFO : SwitchController : <<<<<<< 's_right_scoop' inactive >>>>>>>
2025-07-06 17:01:52,627 : INFO : SwitchController : <<<<<<< 's_right_scoop' active >>>>>>>
2025-07-06 17:01:52,628 : INFO : EventManager : Event: ======'s_right_scoop_active'====== Args={}
2025-07-06 17:01:52,628 : INFO : EventManager : Event: ======'sw_playfield_active'====== Args={}
2025-07-06 17:01:52,628 : INFO : EventManager : Event: ======'machine_var_audits_switches_s_right_scoop'====== Args={'value': 201, 'prev_value': 200, 'change': 1}
2025-07-06 17:01:52,629 : INFO : EventManager : Event: ======'machine_var_audits_shots_shot_right_scoop'====== Args={'value': 1158384, 'prev_value': 1158383, 'change': 1}
2025-07-06 17:01:52,630 : INFO : EventManager : Event: ======'shot_right_scoop_hit'====== Args={'profile': 'scoop_profile', 'state': 'unlit', 'advancing': False}
2025-07-06 17:01:52,630 : INFO : EventManager : Event: ======'shot_right_scoop_scoop_profile_hit'====== Args={'profile': 'scoop_profile', 'state': 'unlit', 'advancing': False}
2025-07-06 17:01:52,630 : INFO : EventManager : Event: ======'shot_right_scoop_scoop_profile_unlit_hit'====== Args={'profile': 'scoop_profile', 'state': 'unlit', 'advancing': False}
2025-07-06 17:01:52,630 : INFO : EventManager : Event: ======'shot_right_scoop_unlit_hit'====== Args={'profile': 'scoop_profile', 'state': 'unlit', 'advancing': False}
2025-07-06 17:01:52,631 : INFO : EventManager : Event: ======'player_score'====== Args={'value': 7600, 'prev_value': 7500, 'change': 100, 'player_num': 1, 'source': 'grave_targets'}
2025-07-06 17:01:52,752 : INFO : SwitchController : <<<<<<< 's_right_scoop' inactive >>>>>>>
2025-07-06 17:02:18,977 : INFO : Machine : Shutting down...
2025-07-06 17:02:18,977 : INFO : EventManager : Event: ======'shutdown'====== Args={}
2025-07-06 17:02:18,978 : INFO : EventManager : Event: ======'mode_game_will_stop'====== Args={}
2025-07-06 17:02:18,978 : INFO : EventManager : Event: ======'mode_game_stopping'====== Args={}
2025-07-06 17:02:18,978 : INFO : EventManager : Event: ======'mode_grave_targets_will_stop'====== Args={}
2025-07-06 17:02:18,978 : INFO : EventManager : Event: ======'mode_grave_targets_stopping'====== Args={}
2025-07-06 17:02:18,978 : INFO : EventManager : Event: ======'mode_base_will_stop'====== Args={}
2025-07-06 17:02:18,978 : INFO : EventManager : Event: ======'mode_base_stopping'====== Args={}
2025-07-06 17:02:18,979 : INFO : Mode.base : Stopped.
2025-07-06 17:02:18,979 : INFO : EventManager : Event: ======'modes_active_modes_changed'====== Args={}
2025-07-06 17:02:18,979 : INFO : EventManager : Event: ======'mode_base_stopped'====== Args={}
2025-07-06 17:02:18,979 : INFO : EventManager : Event: ======'clear'====== Args={'key': 'base'}
2025-07-06 17:02:18,979 : INFO : Mode.grave_targets : Stopped.
2025-07-06 17:02:18,979 : INFO : EventManager : Event: ======'modes_active_modes_changed'====== Args={}
2025-07-06 17:02:18,979 : INFO : EventManager : Event: ======'mode_grave_targets_stopped'====== Args={}
2025-07-06 17:02:18,979 : INFO : EventManager : Event: ======'clear'====== Args={'key': 'grave_targets'}
2025-07-06 17:02:18,980 : INFO : Mode.game : Stopped.
2025-07-06 17:02:18,980 : INFO : EventManager : Event: ======'modes_active_modes_changed'====== Args={}
2025-07-06 17:02:18,980 : INFO : EventManager : Event: ======'mode_game_stopped'====== Args={}
2025-07-06 17:02:18,980 : INFO : EventManager : Event: ======'clear'====== Args={'key': 'game'}
2025-07-06 17:02:18,984 : INFO : root : MPF run loop ended.
