2025-06-17 09:34:47,630 : INFO : root : Loading config.
2025-06-17 09:34:47,646 : INFO : YamlMultifileConfigLoader : Machine config file #1: config.yaml
2025-06-17 09:34:47,646 : INFO : ConfigProcessor : Loading config from cache: C:\Users\ruben\AppData\Local\Temp\a17888e5e1df298d67e07ada0b1bff4a.mpf_cache
2025-06-17 09:34:47,661 : WARNING : ConfigProcessor : Config file in cache changed: C:\pinball\my_machine\config\coils.yaml
2025-06-17 09:34:47,661 : INFO : ConfigProcessor : Loading config from file C:\Users\ruben\.local\pipx\venvs\mpf\lib\site-packages\mpf\mpfconfig.yaml.
2025-06-17 09:34:47,787 : INFO : ConfigProcessor : Loading config: C:\Users\ruben\.local\pipx\venvs\mpf\lib\site-packages\mpf\mpfconfig.yaml
2025-06-17 09:34:47,787 : INFO : ConfigProcessor : Loading config from file C:\pinball\my_machine\config\config.yaml.
2025-06-17 09:34:47,787 : INFO : ConfigProcessor : Loading config: C:\pinball\my_machine\config\config.yaml
2025-06-17 09:34:47,787 : INFO : ConfigProcessor : Loading config: C:\pinball\my_machine\config\hardware.yaml
2025-06-17 09:34:47,803 : INFO : ConfigProcessor : Loading config: C:\pinball\my_machine\config\switches.yaml
2025-06-17 09:34:47,818 : INFO : ConfigProcessor : Loading config: C:\pinball\my_machine\config\coils.yaml
2025-06-17 09:34:47,834 : INFO : ConfigProcessor : Loading config: C:\pinball\my_machine\config\devices.yaml
2025-06-17 09:34:47,834 : INFO : ConfigProcessor : Loading config: C:\pinball\my_machine\config\displays.yaml
2025-06-17 09:34:47,834 : INFO : ConfigProcessor : Loading config: C:\pinball\my_machine\config\slides.yaml
2025-06-17 09:34:47,834 : INFO : ConfigProcessor : Config file cache created: C:\Users\ruben\AppData\Local\Temp\a17888e5e1df298d67e07ada0b1bff4a.mpf_cache
2025-06-17 09:34:47,959 : INFO : ConfigProcessor : Loading config from cache: C:\Users\ruben\AppData\Local\Temp\67cf8ffee0fce2d4fcb5ef0bb894d8de.mpf_cache
2025-06-17 09:34:47,959 : INFO : ConfigProcessor : Loading config from cache: C:\Users\ruben\AppData\Local\Temp\25321780674732dcacb77a8f5b2a53cd.mpf_cache
2025-06-17 09:34:47,959 : INFO : ConfigProcessor : Loading config from cache: C:\Users\ruben\AppData\Local\Temp\195f66f1d07408d279921a878741edf5.mpf_cache
2025-06-17 09:34:47,959 : INFO : Machine : Mission Pinball Framework Core Engine v0.56.0
2025-06-17 09:34:47,959 : INFO : Machine : Command line arguments: {'no_load_cache': False, 'create_config_cache': True, 'bcp': True, 'configfile': ['config.yaml'], 'force_assets_load': False, 'jsonlogging': False, 'logfile': 'logs\\2025-06-17-09-34-47-mpf-DESKTOP-11MEIVG.log', 'pause': False, 'production': False, 'text_ui': True, 'loglevel': 15, 'consoleloglevel': 20, 'force_platform': None, 'syslog_address': None, 'mc_file_name': None, 'no_sound': False}
2025-06-17 09:34:47,959 : INFO : Machine : MPF path: C:\Users\ruben\.local\pipx\venvs\mpf\lib\site-packages\mpf
2025-06-17 09:34:47,959 : INFO : Machine : Machine path: C:\pinball\my_machine
2025-06-17 09:34:47,959 : INFO : Machine : Platform: win32
2025-06-17 09:34:47,959 : INFO : Machine : Python executable location: C:\Users\ruben\.local\pipx\venvs\mpf\Scripts\python.exe
2025-06-17 09:34:47,959 : INFO : Machine : Python version: 3.9.13 (64-bit)
2025-06-17 09:34:47,975 : INFO : Machine : Initialise MPF.
2025-06-17 09:34:48,238 : INFO : OPP : Connecting to com3 at 115200bps
2025-06-17 09:34:48,417 : INFO : OPP : Init of OPP board 1 done
2025-06-17 09:34:48,417 : INFO : OPP : Connecting to com4 at 115200bps
2025-06-17 09:34:48,512 : INFO : OPP : Init of OPP board 0 done
2025-06-17 09:34:48,513 : INFO : EventManager : Event: ======'machine_var_credits_string'====== Args={'value': 'FREE PLAY', 'prev_value': None, 'change': True}
2025-06-17 09:34:48,593 : INFO : EventManager : Event: ======'machine_var_master_volume'====== Args={'value': 0.5, 'prev_value': None, 'change': True}
2025-06-17 09:34:48,593 : INFO : EventManager : Event: ======'machine_var_player1_score'====== Args={'value': 0, 'prev_value': None, 'change': True}
2025-06-17 09:34:48,593 : INFO : EventManager : Event: ======'machine_var_mpf_version'====== Args={'value': 'MPF v0.56.0', 'prev_value': None, 'change': True}
2025-06-17 09:34:48,593 : INFO : EventManager : Event: ======'machine_var_mpf_extended_version'====== Args={'value': 'MPF v0.56.0, Config version:5, Show version: 5, BCP version:1.1', 'prev_value': None, 'change': True}
2025-06-17 09:34:48,593 : INFO : EventManager : Event: ======'machine_var_python_version'====== Args={'value': '3.9.13', 'prev_value': None, 'change': True}
2025-06-17 09:34:48,607 : INFO : EventManager : Event: ======'machine_var_platform'====== Args={'value': 'Windows-10-10.0.19045-SP0', 'prev_value': None, 'change': True}
2025-06-17 09:34:48,607 : INFO : EventManager : Event: ======'machine_var_platform_system'====== Args={'value': 'Windows', 'prev_value': None, 'change': True}
2025-06-17 09:34:48,607 : INFO : EventManager : Event: ======'machine_var_platform_release'====== Args={'value': '10', 'prev_value': None, 'change': True}
2025-06-17 09:34:48,607 : INFO : EventManager : Event: ======'machine_var_platform_version'====== Args={'value': '10.0.19045', 'prev_value': None, 'change': True}
2025-06-17 09:34:48,608 : INFO : EventManager : Event: ======'machine_var_platform_machine'====== Args={'value': 'AMD64', 'prev_value': None, 'change': True}
2025-06-17 09:34:48,608 : INFO : EventManager : Event: ======'init_phase_1'====== Args={}
2025-06-17 09:34:48,638 : INFO : EventManager : Event: ======'init_phase_2'====== Args={}
2025-06-17 09:34:48,643 : INFO : EventManager : Event: ======'bcp_connection_attempt'====== Args={'name': 'local_display', 'host': 'localhost', 'port': 5050}
2025-06-17 09:34:48,646 : INFO : BCPClientSocket : Connecting BCP to 'local_display' at localhost:5050...
2025-06-17 09:34:51,189 : INFO : BCPClientSocket : Connected BCP to 'local_display' localhost:5050
2025-06-17 09:34:51,191 : INFO : EventManager : Event: ======'bcp_clients_connected'====== Args={}
2025-06-17 09:34:51,220 : INFO : ball_device.bd_trough : BCH: Initial count: 0
2025-06-17 09:34:51,223 : INFO : EventManager : Event: ======'machine_var_mc_version'====== Args={'value': 'MPF-MC v0.56.1', 'prev_value': None, 'change': True}
2025-06-17 09:34:51,223 : INFO : EventManager : Event: ======'machine_var_mc_extended_version'====== Args={'value': 'MPF-MC v0.56.1 (config_version=5, BCP v1.1,                      Requires MPF API compatibility v0.56.0 or newer)', 'prev_value': None, 'change': True}
2025-06-17 09:34:51,226 : INFO : ball_device.bd_trough : State: idle
2025-06-17 09:34:51,271 : INFO : EventManager : Event: ======'init_phase_3'====== Args={}
2025-06-17 09:34:51,274 : INFO : EventManager : Event: ======'init_phase_4'====== Args={}
2025-06-17 09:34:51,275 : INFO : BallController : Initial balls found: 0
2025-06-17 09:34:51,276 : INFO : EventManager : Event: ======'machine_var_audits_events_game_ended'====== Args={'value': 50, 'prev_value': None, 'change': True}
2025-06-17 09:34:51,277 : INFO : EventManager : Event: ======'machine_var_audits_events_game_started'====== Args={'value': 98, 'prev_value': None, 'change': True}
2025-06-17 09:34:51,277 : INFO : EventManager : Event: ======'machine_var_audits_missing_switches_s_left_flipper'====== Args={'value': 8, 'prev_value': None, 'change': True}
2025-06-17 09:34:51,277 : INFO : EventManager : Event: ======'machine_var_audits_missing_switches_s_left_inlane1'====== Args={'value': 8, 'prev_value': None, 'change': True}
2025-06-17 09:34:51,278 : INFO : EventManager : Event: ======'machine_var_audits_missing_switches_s_left_inlane2'====== Args={'value': 8, 'prev_value': None, 'change': True}
2025-06-17 09:34:51,278 : INFO : EventManager : Event: ======'machine_var_audits_missing_switches_s_left_outlane'====== Args={'value': 9, 'prev_value': None, 'change': True}
2025-06-17 09:34:51,278 : INFO : EventManager : Event: ======'machine_var_audits_missing_switches_s_left_slingshot'====== Args={'value': 9, 'prev_value': None, 'change': True}
2025-06-17 09:34:51,279 : INFO : EventManager : Event: ======'machine_var_audits_missing_switches_s_pop1'====== Args={'value': 9, 'prev_value': None, 'change': True}
2025-06-17 09:34:51,279 : INFO : EventManager : Event: ======'machine_var_audits_missing_switches_s_pop2'====== Args={'value': 9, 'prev_value': None, 'change': True}
2025-06-17 09:34:51,280 : INFO : EventManager : Event: ======'machine_var_audits_missing_switches_s_pop3'====== Args={'value': 9, 'prev_value': None, 'change': True}
2025-06-17 09:34:51,280 : INFO : EventManager : Event: ======'machine_var_audits_missing_switches_s_pop4'====== Args={'value': 8, 'prev_value': None, 'change': True}
2025-06-17 09:34:51,280 : INFO : EventManager : Event: ======'machine_var_audits_missing_switches_s_pop5'====== Args={'value': 8, 'prev_value': None, 'change': True}
2025-06-17 09:34:51,280 : INFO : EventManager : Event: ======'machine_var_audits_missing_switches_s_right_inlane'====== Args={'value': 9, 'prev_value': None, 'change': True}
2025-06-17 09:34:51,280 : INFO : EventManager : Event: ======'machine_var_audits_missing_switches_s_right_outlane'====== Args={'value': 9, 'prev_value': None, 'change': True}
2025-06-17 09:34:51,281 : INFO : EventManager : Event: ======'machine_var_audits_missing_switches_s_right_slingshot'====== Args={'value': 9, 'prev_value': None, 'change': True}
2025-06-17 09:34:51,281 : INFO : EventManager : Event: ======'machine_var_audits_missing_switches_s_scoop_center'====== Args={'value': 8, 'prev_value': None, 'change': True}
2025-06-17 09:34:51,281 : INFO : EventManager : Event: ======'machine_var_audits_missing_switches_s_scoop_right'====== Args={'value': 9, 'prev_value': None, 'change': True}
2025-06-17 09:34:51,281 : INFO : EventManager : Event: ======'machine_var_audits_missing_switches_s_startButton'====== Args={'value': 9, 'prev_value': None, 'change': True}
2025-06-17 09:34:51,282 : INFO : EventManager : Event: ======'machine_var_audits_missing_switches_s_trough1'====== Args={'value': 9, 'prev_value': None, 'change': True}
2025-06-17 09:34:51,282 : INFO : EventManager : Event: ======'machine_var_audits_missing_switches_s_trough2'====== Args={'value': 9, 'prev_value': None, 'change': True}
2025-06-17 09:34:51,282 : INFO : EventManager : Event: ======'machine_var_audits_missing_switches_s_trough3'====== Args={'value': 9, 'prev_value': None, 'change': True}
2025-06-17 09:34:51,283 : INFO : EventManager : Event: ======'machine_var_audits_missing_switches_s_trough4'====== Args={'value': 9, 'prev_value': None, 'change': True}
2025-06-17 09:34:51,283 : INFO : EventManager : Event: ======'machine_var_audits_missing_switches_s_trough5'====== Args={'value': 8, 'prev_value': None, 'change': True}
2025-06-17 09:34:51,284 : INFO : EventManager : Event: ======'machine_var_audits_player_score'====== Args={'value': {'average': 0.0, 'top': [0, 0, 0, 0, 0, 0, 0, 0, 0, 0], 'total': 50}, 'prev_value': None, 'change': True}
2025-06-17 09:34:51,284 : INFO : EventManager : Event: ======'machine_var_audits_switches_s_drop_bank1'====== Args={'value': 140, 'prev_value': None, 'change': True}
2025-06-17 09:34:51,284 : INFO : EventManager : Event: ======'machine_var_audits_switches_s_left_flipper'====== Args={'value': 2280, 'prev_value': None, 'change': True}
2025-06-17 09:34:51,285 : INFO : EventManager : Event: ======'machine_var_audits_switches_s_left_inlane1'====== Args={'value': 1, 'prev_value': None, 'change': True}
2025-06-17 09:34:51,285 : INFO : EventManager : Event: ======'machine_var_audits_switches_s_left_inlane2'====== Args={'value': 1, 'prev_value': None, 'change': True}
2025-06-17 09:34:51,286 : INFO : EventManager : Event: ======'machine_var_audits_switches_s_left_outlane'====== Args={'value': 0, 'prev_value': None, 'change': True}
2025-06-17 09:34:51,287 : INFO : EventManager : Event: ======'machine_var_audits_switches_s_left_slingshot'====== Args={'value': 290, 'prev_value': None, 'change': True}
2025-06-17 09:34:51,287 : INFO : EventManager : Event: ======'machine_var_audits_switches_s_plunger'====== Args={'value': 5, 'prev_value': None, 'change': True}
2025-06-17 09:34:51,287 : INFO : EventManager : Event: ======'machine_var_audits_switches_s_pop1'====== Args={'value': 0, 'prev_value': None, 'change': True}
2025-06-17 09:34:51,288 : INFO : EventManager : Event: ======'machine_var_audits_switches_s_pop2'====== Args={'value': 0, 'prev_value': None, 'change': True}
2025-06-17 09:34:51,288 : INFO : EventManager : Event: ======'machine_var_audits_switches_s_pop3'====== Args={'value': 0, 'prev_value': None, 'change': True}
2025-06-17 09:34:51,288 : INFO : EventManager : Event: ======'machine_var_audits_switches_s_pop4'====== Args={'value': 1, 'prev_value': None, 'change': True}
2025-06-17 09:34:51,289 : INFO : EventManager : Event: ======'machine_var_audits_switches_s_pop5'====== Args={'value': 1, 'prev_value': None, 'change': True}
2025-06-17 09:34:51,289 : INFO : EventManager : Event: ======'machine_var_audits_switches_s_pop_bot'====== Args={'value': 426, 'prev_value': None, 'change': True}
2025-06-17 09:34:51,289 : INFO : EventManager : Event: ======'machine_var_audits_switches_s_pop_mid'====== Args={'value': 351, 'prev_value': None, 'change': True}
2025-06-17 09:34:51,290 : INFO : EventManager : Event: ======'machine_var_audits_switches_s_pop_top'====== Args={'value': 302, 'prev_value': None, 'change': True}
2025-06-17 09:34:51,290 : INFO : EventManager : Event: ======'machine_var_audits_switches_s_right_flipper'====== Args={'value': 2332, 'prev_value': None, 'change': True}
2025-06-17 09:34:51,290 : INFO : EventManager : Event: ======'machine_var_audits_switches_s_right_inlane'====== Args={'value': 57, 'prev_value': None, 'change': True}
2025-06-17 09:34:51,290 : INFO : EventManager : Event: ======'machine_var_audits_switches_s_right_outlane'====== Args={'value': 0, 'prev_value': None, 'change': True}
2025-06-17 09:34:51,291 : INFO : EventManager : Event: ======'machine_var_audits_switches_s_right_slingshot'====== Args={'value': 255, 'prev_value': None, 'change': True}
2025-06-17 09:34:51,291 : INFO : EventManager : Event: ======'machine_var_audits_switches_s_scoop_center'====== Args={'value': 1, 'prev_value': None, 'change': True}
2025-06-17 09:34:51,291 : INFO : EventManager : Event: ======'machine_var_audits_switches_s_scoop_lower'====== Args={'value': 220, 'prev_value': None, 'change': True}
2025-06-17 09:34:51,292 : INFO : EventManager : Event: ======'machine_var_audits_switches_s_scoop_right'====== Args={'value': 0, 'prev_value': None, 'change': True}
2025-06-17 09:34:51,292 : INFO : EventManager : Event: ======'machine_var_audits_switches_s_shooter_lane'====== Args={'value': 8, 'prev_value': None, 'change': True}
2025-06-17 09:34:51,292 : INFO : EventManager : Event: ======'machine_var_audits_switches_s_startButton'====== Args={'value': 34, 'prev_value': None, 'change': True}
2025-06-17 09:34:51,293 : INFO : EventManager : Event: ======'machine_var_audits_switches_s_trough1'====== Args={'value': 303, 'prev_value': None, 'change': True}
2025-06-17 09:34:51,293 : INFO : EventManager : Event: ======'machine_var_audits_switches_s_trough2'====== Args={'value': 1, 'prev_value': None, 'change': True}
2025-06-17 09:34:51,293 : INFO : EventManager : Event: ======'machine_var_audits_switches_s_trough3'====== Args={'value': 1, 'prev_value': None, 'change': True}
2025-06-17 09:34:51,294 : INFO : EventManager : Event: ======'machine_var_audits_switches_s_trough4'====== Args={'value': 1, 'prev_value': None, 'change': True}
2025-06-17 09:34:51,294 : INFO : EventManager : Event: ======'machine_var_audits_switches_s_trough5'====== Args={'value': 1, 'prev_value': None, 'change': True}
2025-06-17 09:34:51,297 : INFO : EventManager : Event: ======'init_phase_5'====== Args={}
2025-06-17 09:34:51,300 : INFO : EventManager : Event: ======'init_done'====== Args={}
2025-06-17 09:34:51,301 : INFO : EventManager : Event: ======'machine_reset_phase_1'====== Args={}
2025-06-17 09:34:51,314 : INFO : EventManager : Event: ======'slide_welcome_slide_removed'====== Args={'_from_bcp': True}
2025-06-17 09:34:51,318 : INFO : EventManager : Event: ======'slide_welcome_slide_created'====== Args={'_from_bcp': True}
2025-06-17 09:34:51,322 : INFO : EventManager : Event: ======'machine_reset_phase_2'====== Args={}
2025-06-17 09:34:51,323 : INFO : EventManager : Event: ======'slide_welcome_slide_active'====== Args={'_from_bcp': True}
2025-06-17 09:34:51,324 : INFO : EventManager : Event: ======'machine_reset_phase_3'====== Args={}
2025-06-17 09:34:51,329 : INFO : EventManager : Event: ======'reset_complete'====== Args={}
2025-06-17 09:34:51,330 : INFO : EventManager : Event: ======'mode_attract_will_start'====== Args={}
2025-06-17 09:34:51,331 : INFO : EventManager : Event: ======'mode_attract_starting'====== Args={}
2025-06-17 09:34:51,331 : INFO : Mode.attract : Started. Priority: 10
2025-06-17 09:34:51,331 : INFO : EventManager : Event: ======'modes_active_modes_changed'====== Args={}
2025-06-17 09:34:51,331 : INFO : EventManager : Event: ======'mode_attract_started'====== Args={}
2025-06-17 09:34:51,331 : INFO : EventManager : Event: ======'collecting_balls_complete'====== Args={}
2025-06-17 09:34:51,348 : INFO : EventManager : Event: ======'slide_attract_started_created'====== Args={'_from_bcp': True}
2025-06-17 09:34:51,349 : INFO : EventManager : Event: ======'slide_attract_started_active'====== Args={'_from_bcp': True}
2025-06-17 09:34:51,349 : INFO : Machine : Starting the main run loop.
2025-06-17 09:35:06,856 : INFO : SwitchController : <<<<<<< 's_right_flipper' active >>>>>>>
2025-06-17 09:35:06,933 : INFO : SwitchController : <<<<<<< 's_right_flipper' inactive >>>>>>>
2025-06-17 09:35:08,218 : INFO : SwitchController : <<<<<<< 's_right_flipper' active >>>>>>>
2025-06-17 09:35:08,359 : INFO : SwitchController : <<<<<<< 's_right_flipper' inactive >>>>>>>
2025-06-17 09:35:09,360 : INFO : SwitchController : <<<<<<< 's_right_flipper' active >>>>>>>
2025-06-17 09:35:10,631 : INFO : SwitchController : <<<<<<< 's_right_flipper' inactive >>>>>>>
2025-06-17 09:35:12,023 : INFO : SwitchController : <<<<<<< 's_right_flipper' active >>>>>>>
2025-06-17 09:35:12,707 : INFO : SwitchController : <<<<<<< 's_right_flipper' inactive >>>>>>>
2025-06-17 09:35:17,772 : INFO : SwitchController : <<<<<<< 's_right_flipper' active >>>>>>>
2025-06-17 09:35:17,900 : INFO : SwitchController : <<<<<<< 's_right_flipper' inactive >>>>>>>
2025-06-17 09:35:18,223 : INFO : SwitchController : <<<<<<< 's_right_flipper' active >>>>>>>
2025-06-17 09:35:18,322 : INFO : SwitchController : <<<<<<< 's_right_flipper' inactive >>>>>>>
2025-06-17 09:35:18,681 : INFO : SwitchController : <<<<<<< 's_right_flipper' active >>>>>>>
2025-06-17 09:35:18,795 : INFO : SwitchController : <<<<<<< 's_right_flipper' inactive >>>>>>>
2025-06-17 09:35:19,125 : INFO : SwitchController : <<<<<<< 's_right_flipper' active >>>>>>>
2025-06-17 09:35:19,258 : INFO : SwitchController : <<<<<<< 's_right_flipper' inactive >>>>>>>
2025-06-17 09:35:20,106 : INFO : SwitchController : <<<<<<< 's_right_flipper' active >>>>>>>
2025-06-17 09:35:20,213 : INFO : SwitchController : <<<<<<< 's_right_flipper' inactive >>>>>>>
2025-06-17 09:35:20,807 : INFO : SwitchController : <<<<<<< 's_right_flipper' active >>>>>>>
2025-06-17 09:35:20,874 : INFO : SwitchController : <<<<<<< 's_right_flipper' inactive >>>>>>>
2025-06-17 09:35:21,827 : INFO : SwitchController : <<<<<<< 's_right_flipper' active >>>>>>>
2025-06-17 09:35:21,950 : INFO : SwitchController : <<<<<<< 's_right_flipper' inactive >>>>>>>
2025-06-17 09:35:22,582 : INFO : SwitchController : <<<<<<< 's_right_flipper' active >>>>>>>
2025-06-17 09:35:22,706 : INFO : SwitchController : <<<<<<< 's_right_flipper' inactive >>>>>>>
2025-06-17 09:35:23,564 : INFO : SwitchController : <<<<<<< 's_right_flipper' active >>>>>>>
2025-06-17 09:35:23,816 : INFO : SwitchController : <<<<<<< 's_right_flipper' inactive >>>>>>>
2025-06-17 09:35:36,743 : INFO : SwitchController : <<<<<<< 's_right_flipper' active >>>>>>>
2025-06-17 09:35:36,883 : INFO : SwitchController : <<<<<<< 's_right_flipper' inactive >>>>>>>
2025-06-17 09:35:42,085 : INFO : SwitchController : <<<<<<< 's_right_flipper' active >>>>>>>
2025-06-17 09:35:42,198 : INFO : SwitchController : <<<<<<< 's_right_flipper' inactive >>>>>>>
2025-06-17 09:35:45,942 : INFO : SwitchController : <<<<<<< 's_right_flipper' active >>>>>>>
2025-06-17 09:35:46,048 : INFO : SwitchController : <<<<<<< 's_right_flipper' inactive >>>>>>>
2025-06-17 09:35:48,434 : INFO : SwitchController : <<<<<<< 's_right_flipper' active >>>>>>>
2025-06-17 09:35:48,443 : INFO : SwitchController : <<<<<<< 's_right_flipper' inactive >>>>>>>
2025-06-17 09:35:48,878 : INFO : SwitchController : <<<<<<< 's_right_flipper' active >>>>>>>
2025-06-17 09:35:48,970 : INFO : SwitchController : <<<<<<< 's_right_flipper' inactive >>>>>>>
2025-06-17 09:35:49,452 : INFO : SwitchController : <<<<<<< 's_right_flipper' active >>>>>>>
2025-06-17 09:35:49,545 : INFO : SwitchController : <<<<<<< 's_right_flipper' inactive >>>>>>>
2025-06-17 09:35:51,878 : INFO : SwitchController : <<<<<<< 's_right_flipper' active >>>>>>>
2025-06-17 09:35:52,020 : INFO : SwitchController : <<<<<<< 's_right_flipper' inactive >>>>>>>
2025-06-17 09:35:55,546 : INFO : SwitchController : <<<<<<< 's_right_flipper' active >>>>>>>
2025-06-17 09:35:55,655 : INFO : SwitchController : <<<<<<< 's_right_flipper' inactive >>>>>>>
2025-06-17 09:36:00,432 : INFO : SwitchController : <<<<<<< 's_right_flipper' active >>>>>>>
2025-06-17 09:36:00,545 : INFO : SwitchController : <<<<<<< 's_right_flipper' inactive >>>>>>>
2025-06-17 09:36:10,886 : INFO : SwitchController : <<<<<<< 's_right_flipper' active >>>>>>>
2025-06-17 09:36:11,022 : INFO : SwitchController : <<<<<<< 's_right_flipper' inactive >>>>>>>
2025-06-17 09:36:13,726 : INFO : SwitchController : <<<<<<< 's_right_flipper' active >>>>>>>
2025-06-17 09:36:13,870 : INFO : SwitchController : <<<<<<< 's_right_flipper' inactive >>>>>>>
2025-06-17 09:36:14,578 : INFO : SwitchController : <<<<<<< 's_right_flipper' active >>>>>>>
2025-06-17 09:36:14,733 : INFO : SwitchController : <<<<<<< 's_right_flipper' inactive >>>>>>>
2025-06-17 09:36:31,574 : INFO : SwitchController : <<<<<<< 's_right_flipper' active >>>>>>>
2025-06-17 09:36:31,648 : INFO : SwitchController : <<<<<<< 's_right_flipper' inactive >>>>>>>
2025-06-17 09:36:32,101 : INFO : SwitchController : <<<<<<< 's_right_flipper' active >>>>>>>
2025-06-17 09:36:32,194 : INFO : SwitchController : <<<<<<< 's_right_flipper' inactive >>>>>>>
2025-06-17 09:36:36,379 : INFO : SwitchController : <<<<<<< 's_right_flipper' active >>>>>>>
2025-06-17 09:36:36,444 : INFO : SwitchController : <<<<<<< 's_right_flipper' inactive >>>>>>>
2025-06-17 09:36:36,884 : INFO : SwitchController : <<<<<<< 's_right_flipper' active >>>>>>>
2025-06-17 09:36:36,933 : INFO : SwitchController : <<<<<<< 's_right_flipper' inactive >>>>>>>
2025-06-17 09:36:44,286 : INFO : SwitchController : <<<<<<< 's_right_slingshot' active >>>>>>>
2025-06-17 09:36:44,286 : INFO : EventManager : Event: ======'playfield_active'====== Args={}
2025-06-17 09:36:44,286 : INFO : EventManager : Event: ======'unexpected_ball_on_playfield'====== Args={}
2025-06-17 09:36:44,299 : INFO : SwitchController : <<<<<<< 's_right_slingshot' inactive >>>>>>>
2025-06-17 09:36:50,674 : INFO : SwitchController : <<<<<<< 's_right_flipper' active >>>>>>>
2025-06-17 09:36:50,690 : INFO : SwitchController : <<<<<<< 's_right_flipper' inactive >>>>>>>
2025-06-17 09:36:50,702 : INFO : SwitchController : <<<<<<< 's_right_flipper' active >>>>>>>
2025-06-17 09:36:50,783 : INFO : SwitchController : <<<<<<< 's_right_flipper' inactive >>>>>>>
2025-06-17 09:36:53,271 : INFO : SwitchController : <<<<<<< 's_right_flipper' active >>>>>>>
2025-06-17 09:36:53,348 : INFO : SwitchController : <<<<<<< 's_right_flipper' inactive >>>>>>>
2025-06-17 09:36:54,113 : INFO : SwitchController : <<<<<<< 's_right_flipper' active >>>>>>>
2025-06-17 09:36:54,268 : INFO : SwitchController : <<<<<<< 's_right_flipper' inactive >>>>>>>
2025-06-17 09:36:54,907 : INFO : SwitchController : <<<<<<< 's_left_slingshot' active >>>>>>>
2025-06-17 09:36:54,907 : INFO : EventManager : Event: ======'playfield_active'====== Args={}
2025-06-17 09:36:54,908 : INFO : EventManager : Event: ======'unexpected_ball_on_playfield'====== Args={}
2025-06-17 09:36:54,922 : INFO : SwitchController : <<<<<<< 's_left_slingshot' inactive >>>>>>>
2025-06-17 09:36:55,078 : INFO : SwitchController : <<<<<<< 's_right_slingshot' active >>>>>>>
2025-06-17 09:36:55,079 : INFO : EventManager : Event: ======'playfield_active'====== Args={}
2025-06-17 09:36:55,079 : INFO : EventManager : Event: ======'unexpected_ball_on_playfield'====== Args={}
2025-06-17 09:36:55,104 : INFO : SwitchController : <<<<<<< 's_right_slingshot' inactive >>>>>>>
2025-06-17 09:36:55,310 : INFO : SwitchController : <<<<<<< 's_right_slingshot' active >>>>>>>
2025-06-17 09:36:55,311 : INFO : EventManager : Event: ======'playfield_active'====== Args={}
2025-06-17 09:36:55,311 : INFO : EventManager : Event: ======'unexpected_ball_on_playfield'====== Args={}
2025-06-17 09:36:55,330 : INFO : SwitchController : <<<<<<< 's_right_slingshot' inactive >>>>>>>
2025-06-17 09:37:00,139 : INFO : SwitchController : <<<<<<< 's_right_flipper' active >>>>>>>
2025-06-17 09:37:00,235 : INFO : SwitchController : <<<<<<< 's_right_flipper' inactive >>>>>>>
2025-06-17 09:37:03,466 : INFO : SwitchController : <<<<<<< 's_right_flipper' active >>>>>>>
2025-06-17 09:37:03,575 : INFO : SwitchController : <<<<<<< 's_right_flipper' inactive >>>>>>>
2025-06-17 09:37:07,802 : INFO : SwitchController : <<<<<<< 's_right_flipper' active >>>>>>>
2025-06-17 09:37:07,920 : INFO : SwitchController : <<<<<<< 's_right_flipper' inactive >>>>>>>
2025-06-17 09:37:10,729 : INFO : SwitchController : <<<<<<< 's_right_flipper' active >>>>>>>
2025-06-17 09:37:10,848 : INFO : SwitchController : <<<<<<< 's_right_flipper' inactive >>>>>>>
2025-06-17 09:37:11,201 : INFO : SwitchController : <<<<<<< 's_right_flipper' active >>>>>>>
2025-06-17 09:37:11,318 : INFO : SwitchController : <<<<<<< 's_right_flipper' inactive >>>>>>>
2025-06-17 09:37:14,160 : INFO : SwitchController : <<<<<<< 's_right_flipper' active >>>>>>>
2025-06-17 09:37:14,299 : INFO : SwitchController : <<<<<<< 's_right_flipper' inactive >>>>>>>
2025-06-17 09:37:18,755 : INFO : SwitchController : <<<<<<< 's_right_flipper' active >>>>>>>
2025-06-17 09:37:18,888 : INFO : SwitchController : <<<<<<< 's_right_flipper' inactive >>>>>>>
2025-06-17 09:37:24,086 : INFO : Machine : Shutting down...
2025-06-17 09:37:24,087 : INFO : EventManager : Event: ======'shutdown'====== Args={}
2025-06-17 09:37:24,095 : ERROR : OPP : Stop called on serial connection com3
2025-06-17 09:37:24,101 : ERROR : OPP : Stop called on serial connection com4
2025-06-17 09:37:24,142 : INFO : root : MPF run loop ended.
