2025-07-03 13:57:44,448 : INFO : root : Loading config.
2025-07-03 13:57:44,449 : INFO : YamlMultifileConfigLoader : Machine config file #1: config.yaml
2025-07-03 13:57:44,449 : WARNING : ConfigProcessor : Config file in cache changed: /Users/ruben/Pinball/mpf-pinball/config/config.yaml
2025-07-03 13:57:44,449 : INFO : ConfigProcessor : Loading config from file /Library/Frameworks/Python.framework/Versions/3.9/lib/python3.9/site-packages/mpf/mpfconfig.yaml.
2025-07-03 13:57:44,456 : INFO : ConfigProcessor : Loading config: /Library/Frameworks/Python.framework/Versions/3.9/lib/python3.9/site-packages/mpf/mpfconfig.yaml
2025-07-03 13:57:44,456 : INFO : ConfigProcessor : Loading config from file /Users/ruben/Pinball/mpf-pinball/config/config.yaml.
2025-07-03 13:57:44,456 : INFO : ConfigProcessor : Loading config: /Users/ruben/Pinball/mpf-pinball/config/config.yaml
2025-07-03 13:57:44,456 : INFO : ConfigProcessor : Loading config: /Users/ruben/Pinball/mpf-pinball/config/hardware.yaml
2025-07-03 13:57:44,457 : INFO : ConfigProcessor : Loading config: /Users/ruben/Pinball/mpf-pinball/config/switches.yaml
2025-07-03 13:57:44,458 : INFO : ConfigProcessor : Loading config: /Users/ruben/Pinball/mpf-pinball/config/coils.yaml
2025-07-03 13:57:44,459 : INFO : ConfigProcessor : Loading config: /Users/ruben/Pinball/mpf-pinball/config/lights.yaml
2025-07-03 13:57:44,460 : INFO : ConfigProcessor : Loading config: /Users/ruben/Pinball/mpf-pinball/config/devices.yaml
2025-07-03 13:57:44,461 : INFO : ConfigProcessor : Loading config: /Users/ruben/Pinball/mpf-pinball/config/images.yaml
2025-07-03 13:57:44,461 : INFO : ConfigProcessor : Loading config: /Users/ruben/Pinball/mpf-pinball/config/displays.yaml
2025-07-03 13:57:44,462 : INFO : ConfigProcessor : Loading config: /Users/ruben/Pinball/mpf-pinball/config/slides.yaml
2025-07-03 13:57:44,463 : INFO : ConfigProcessor : Config file cache created: /var/folders/9g/7xjb17l959g1fnq4pjl5c5p80000gn/T/1941ac2cbc7f60a15b77e866ee64bff5.mpf_cache
2025-07-03 13:57:44,482 : INFO : ConfigProcessor : Loading config from cache: /var/folders/9g/7xjb17l959g1fnq4pjl5c5p80000gn/T/f574f59b1e0fcbb2258348220f26b9cc.mpf_cache
2025-07-03 13:57:44,482 : INFO : ConfigProcessor : Loading config from cache: /var/folders/9g/7xjb17l959g1fnq4pjl5c5p80000gn/T/edcc5f1d3215b377c9faab88c62e4ce0.mpf_cache
2025-07-03 13:57:44,483 : INFO : ConfigProcessor : Loading config from cache: /var/folders/9g/7xjb17l959g1fnq4pjl5c5p80000gn/T/174d451d321a0971202b746018364536.mpf_cache
2025-07-03 13:57:44,483 : INFO : ConfigProcessor : Loading config from cache: /var/folders/9g/7xjb17l959g1fnq4pjl5c5p80000gn/T/f574f59b1e0fcbb2258348220f26b9cc.mpf_cache
2025-07-03 13:57:44,483 : INFO : ConfigProcessor : Loading config from cache: /var/folders/9g/7xjb17l959g1fnq4pjl5c5p80000gn/T/eb471d6ccb0819d362663d6a8f2acf38.mpf_cache
2025-07-03 13:57:44,483 : INFO : ConfigProcessor : Loading config from cache: /var/folders/9g/7xjb17l959g1fnq4pjl5c5p80000gn/T/d59102b8edab9d29c936bc5103c31ce3.mpf_cache
2025-07-03 13:57:44,483 : INFO : ConfigProcessor : Loading config from cache: /var/folders/9g/7xjb17l959g1fnq4pjl5c5p80000gn/T/47fef8a1453daf1c032af9b266173dc7.mpf_cache
2025-07-03 13:57:44,483 : INFO : ConfigProcessor : Loading config from cache: /var/folders/9g/7xjb17l959g1fnq4pjl5c5p80000gn/T/099d4b18c0884da431b87dd690bf4c32.mpf_cache
2025-07-03 13:57:44,483 : INFO : ConfigProcessor : Loading config from cache: /var/folders/9g/7xjb17l959g1fnq4pjl5c5p80000gn/T/598981ad252bde5d57763e28fc8e8246.mpf_cache
2025-07-03 13:57:44,483 : INFO : ConfigProcessor : Loading config from cache: /var/folders/9g/7xjb17l959g1fnq4pjl5c5p80000gn/T/7d84a1dad0271550171325475a6e1af4.mpf_cache
2025-07-03 13:57:44,484 : INFO : ConfigProcessor : Loading config from cache: /var/folders/9g/7xjb17l959g1fnq4pjl5c5p80000gn/T/f238ae40b962a84c30d7301a20ca1dae.mpf_cache
2025-07-03 13:57:44,484 : INFO : ConfigProcessor : Loading config from cache: /var/folders/9g/7xjb17l959g1fnq4pjl5c5p80000gn/T/a93e216f51b341135614380ce5b2c95b.mpf_cache
2025-07-03 13:57:44,484 : INFO : ConfigProcessor : Loading config from cache: /var/folders/9g/7xjb17l959g1fnq4pjl5c5p80000gn/T/e915b2173a980311df13d8013999f00c.mpf_cache
2025-07-03 13:57:44,484 : INFO : ConfigProcessor : Loading config from cache: /var/folders/9g/7xjb17l959g1fnq4pjl5c5p80000gn/T/b77620ad9425e89373db73baff92c60d.mpf_cache
2025-07-03 13:57:44,484 : INFO : Machine : Mission Pinball Framework Core Engine v0.57.3
2025-07-03 13:57:44,484 : INFO : Machine : Command line arguments: {'no_load_cache': False, 'create_config_cache': True, 'bcp': True, 'configfile': ['config.yaml'], 'force_assets_load': False, 'platform_integration_test': False, 'jsonlogging': False, 'logfile': 'logs/2025-07-03-13-57-44-mpf-macbookpro-1.home.log', 'pause': False, 'production': False, 'text_ui': True, 'loglevel': 15, 'consoleloglevel': 20, 'force_platform': 'smart_virtual', 'syslog_address': None, 'mc_file_name': None, 'no_sound': False}
2025-07-03 13:57:44,484 : INFO : Machine : MPF path: /Library/Frameworks/Python.framework/Versions/3.9/lib/python3.9/site-packages/mpf
2025-07-03 13:57:44,484 : INFO : Machine : Machine path: /Users/ruben/Pinball/mpf-pinball
2025-07-03 13:57:44,484 : INFO : Machine : Platform: darwin
2025-07-03 13:57:44,484 : INFO : Machine : Python executable location: /Library/Frameworks/Python.framework/Versions/3.9/bin/python3.9
2025-07-03 13:57:44,484 : INFO : Machine : Python version: 3.9.13 (64-bit)
2025-07-03 13:57:44,484 : INFO : Machine : Initializing MPF...
2025-07-03 13:57:44,501 : INFO : EventManager : Event: ======'machine_var_credits_string'====== Args={'value': 'FREE PLAY', 'prev_value': None, 'change': True}
2025-07-03 13:57:44,516 : INFO : EventManager : Event: ======'machine_var_master_volume'====== Args={'value': 0.5, 'prev_value': None, 'change': True}
2025-07-03 13:57:44,516 : INFO : EventManager : Event: ======'machine_var_player1_score'====== Args={'value': 0, 'prev_value': None, 'change': True}
2025-07-03 13:57:44,516 : INFO : EventManager : Event: ======'machine_var_mpf_version'====== Args={'value': 'Mission Pinball Framework v0.57.3', 'prev_value': None, 'change': True}
2025-07-03 13:57:44,516 : INFO : EventManager : Event: ======'machine_var_mpf_extended_version'====== Args={'value': 'Mission Pinball Framework v0.57.3, Config version:6, Show version: 6, BCP version:1.1', 'prev_value': None, 'change': True}
2025-07-03 13:57:44,516 : INFO : EventManager : Event: ======'machine_var_python_version'====== Args={'value': '3.9.13', 'prev_value': None, 'change': True}
2025-07-03 13:57:44,526 : INFO : EventManager : Event: ======'machine_var_platform'====== Args={'value': 'macOS-15.5-arm64-arm-64bit', 'prev_value': None, 'change': True}
2025-07-03 13:57:44,526 : INFO : EventManager : Event: ======'machine_var_platform_system'====== Args={'value': 'Darwin', 'prev_value': None, 'change': True}
2025-07-03 13:57:44,526 : INFO : EventManager : Event: ======'machine_var_platform_release'====== Args={'value': '24.5.0', 'prev_value': None, 'change': True}
2025-07-03 13:57:44,526 : INFO : EventManager : Event: ======'machine_var_platform_version'====== Args={'value': 'Darwin Kernel Version 24.5.0: Tue Apr 22 19:54:49 PDT 2025; root:xnu-11417.121.6~2/RELEASE_ARM64_T6000', 'prev_value': None, 'change': True}
2025-07-03 13:57:44,526 : INFO : EventManager : Event: ======'machine_var_platform_machine'====== Args={'value': 'arm64', 'prev_value': None, 'change': True}
2025-07-03 13:57:44,526 : INFO : EventManager : Event: ======'init_phase_1'====== Args={}
2025-07-03 13:57:44,535 : INFO : EventManager : Event: ======'init_phase_2'====== Args={}
2025-07-03 13:57:44,538 : INFO : EventManager : Event: ======'bcp_connection_attempt'====== Args={'name': 'local_display', 'host': 'localhost', 'port': 5050}
2025-07-03 13:57:44,538 : INFO : BCPClientSocket : Connecting BCP to 'local_display' at localhost:5050...
2025-07-03 13:57:45,665 : INFO : BCPClientSocket : Connected BCP to 'local_display' localhost:5050
2025-07-03 13:57:45,666 : INFO : EventManager : Event: ======'bcp_clients_connected'====== Args={}
2025-07-03 13:57:45,667 : INFO : ball_device.bd_trough : BCH: Initial count: 0
2025-07-03 13:57:45,667 : INFO : ball_device.bd_trough : State: idle
2025-07-03 13:57:45,671 : INFO : EventManager : Event: ======'init_phase_3'====== Args={}
2025-07-03 13:57:45,676 : INFO : EventManager : Event: ======'init_phase_4'====== Args={}
2025-07-03 13:57:45,676 : INFO : BallController : Initial balls found: 0
2025-07-03 13:57:45,678 : INFO : EventManager : Event: ======'machine_var_audits_events_game_ended'====== Args={'value': 53, 'prev_value': None, 'change': True}
2025-07-03 13:57:45,678 : INFO : EventManager : Event: ======'machine_var_audits_events_game_started'====== Args={'value': 121, 'prev_value': None, 'change': True}
2025-07-03 13:57:45,678 : INFO : EventManager : Event: ======'machine_var_audits_missing_switches_s_left_flipper'====== Args={'value': 21, 'prev_value': None, 'change': True}
2025-07-03 13:57:45,678 : INFO : EventManager : Event: ======'machine_var_audits_missing_switches_s_left_outlane'====== Args={'value': 10, 'prev_value': None, 'change': True}
2025-07-03 13:57:45,678 : INFO : EventManager : Event: ======'machine_var_audits_missing_switches_s_left_slingshot'====== Args={'value': 21, 'prev_value': None, 'change': True}
2025-07-03 13:57:45,678 : INFO : EventManager : Event: ======'machine_var_audits_missing_switches_s_pop1'====== Args={'value': 32, 'prev_value': None, 'change': True}
2025-07-03 13:57:45,678 : INFO : EventManager : Event: ======'machine_var_audits_missing_switches_s_pop2'====== Args={'value': 32, 'prev_value': None, 'change': True}
2025-07-03 13:57:45,678 : INFO : EventManager : Event: ======'machine_var_audits_missing_switches_s_pop3'====== Args={'value': 32, 'prev_value': None, 'change': True}
2025-07-03 13:57:45,679 : INFO : EventManager : Event: ======'machine_var_audits_missing_switches_s_pop4'====== Args={'value': 21, 'prev_value': None, 'change': True}
2025-07-03 13:57:45,679 : INFO : EventManager : Event: ======'machine_var_audits_missing_switches_s_pop5'====== Args={'value': 21, 'prev_value': None, 'change': True}
2025-07-03 13:57:45,679 : INFO : EventManager : Event: ======'machine_var_audits_missing_switches_s_right_flipper'====== Args={'value': 20, 'prev_value': None, 'change': True}
2025-07-03 13:57:45,679 : INFO : EventManager : Event: ======'machine_var_audits_missing_switches_s_right_inlane'====== Args={'value': 14, 'prev_value': None, 'change': True}
2025-07-03 13:57:45,679 : INFO : EventManager : Event: ======'machine_var_audits_missing_switches_s_right_outlane'====== Args={'value': 10, 'prev_value': None, 'change': True}
2025-07-03 13:57:45,679 : INFO : EventManager : Event: ======'machine_var_audits_missing_switches_s_right_slingshot'====== Args={'value': 21, 'prev_value': None, 'change': True}
2025-07-03 13:57:45,679 : INFO : EventManager : Event: ======'machine_var_audits_missing_switches_s_startButton'====== Args={'value': 11, 'prev_value': None, 'change': True}
2025-07-03 13:57:45,679 : INFO : EventManager : Event: ======'machine_var_audits_missing_switches_s_trough1'====== Args={'value': 14, 'prev_value': None, 'change': True}
2025-07-03 13:57:45,679 : INFO : EventManager : Event: ======'machine_var_audits_missing_switches_s_trough2'====== Args={'value': 10, 'prev_value': None, 'change': True}
2025-07-03 13:57:45,679 : INFO : EventManager : Event: ======'machine_var_audits_missing_switches_s_trough3'====== Args={'value': 10, 'prev_value': None, 'change': True}
2025-07-03 13:57:45,679 : INFO : EventManager : Event: ======'machine_var_audits_missing_switches_s_trough4'====== Args={'value': 10, 'prev_value': None, 'change': True}
2025-07-03 13:57:45,679 : INFO : EventManager : Event: ======'machine_var_audits_missing_switches_s_trough5'====== Args={'value': 9, 'prev_value': None, 'change': True}
2025-07-03 13:57:45,679 : INFO : EventManager : Event: ======'machine_var_audits_player_score'====== Args={'value': {'average': 0, 'top': [0, 0, 0, 0, 0, 0, 0, 0, 0, 0], 'total': 53}, 'prev_value': None, 'change': True}
2025-07-03 13:57:45,679 : INFO : EventManager : Event: ======'machine_var_audits_switches_s_drop_bank1'====== Args={'value': 140, 'prev_value': None, 'change': True}
2025-07-03 13:57:45,679 : INFO : EventManager : Event: ======'machine_var_audits_switches_s_left_flipper'====== Args={'value': 2284, 'prev_value': None, 'change': True}
2025-07-03 13:57:45,679 : INFO : EventManager : Event: ======'machine_var_audits_switches_s_left_inlane1'====== Args={'value': 2, 'prev_value': None, 'change': True}
2025-07-03 13:57:45,679 : INFO : EventManager : Event: ======'machine_var_audits_switches_s_left_inlane2'====== Args={'value': 2, 'prev_value': None, 'change': True}
2025-07-03 13:57:45,680 : INFO : EventManager : Event: ======'machine_var_audits_switches_s_left_outlane'====== Args={'value': 0, 'prev_value': None, 'change': True}
2025-07-03 13:57:45,680 : INFO : EventManager : Event: ======'machine_var_audits_switches_s_left_slingshot'====== Args={'value': 295, 'prev_value': None, 'change': True}
2025-07-03 13:57:45,680 : INFO : EventManager : Event: ======'machine_var_audits_switches_s_plunger'====== Args={'value': 5, 'prev_value': None, 'change': True}
2025-07-03 13:57:45,680 : INFO : EventManager : Event: ======'machine_var_audits_switches_s_pop1'====== Args={'value': 0, 'prev_value': None, 'change': True}
2025-07-03 13:57:45,680 : INFO : EventManager : Event: ======'machine_var_audits_switches_s_pop2'====== Args={'value': 0, 'prev_value': None, 'change': True}
2025-07-03 13:57:45,680 : INFO : EventManager : Event: ======'machine_var_audits_switches_s_pop3'====== Args={'value': 0, 'prev_value': None, 'change': True}
2025-07-03 13:57:45,680 : INFO : EventManager : Event: ======'machine_var_audits_switches_s_pop4'====== Args={'value': 3, 'prev_value': None, 'change': True}
2025-07-03 13:57:45,680 : INFO : EventManager : Event: ======'machine_var_audits_switches_s_pop5'====== Args={'value': 3, 'prev_value': None, 'change': True}
2025-07-03 13:57:45,680 : INFO : EventManager : Event: ======'machine_var_audits_switches_s_pop_bot'====== Args={'value': 426, 'prev_value': None, 'change': True}
2025-07-03 13:57:45,680 : INFO : EventManager : Event: ======'machine_var_audits_switches_s_pop_mid'====== Args={'value': 351, 'prev_value': None, 'change': True}
2025-07-03 13:57:45,680 : INFO : EventManager : Event: ======'machine_var_audits_switches_s_pop_top'====== Args={'value': 302, 'prev_value': None, 'change': True}
2025-07-03 13:57:45,680 : INFO : EventManager : Event: ======'machine_var_audits_switches_s_right_flipper'====== Args={'value': 2339, 'prev_value': None, 'change': True}
2025-07-03 13:57:45,681 : INFO : EventManager : Event: ======'machine_var_audits_switches_s_right_inlane'====== Args={'value': 67, 'prev_value': None, 'change': True}
2025-07-03 13:57:45,681 : INFO : EventManager : Event: ======'machine_var_audits_switches_s_right_outlane'====== Args={'value': 0, 'prev_value': None, 'change': True}
2025-07-03 13:57:45,681 : INFO : EventManager : Event: ======'machine_var_audits_switches_s_right_slingshot'====== Args={'value': 258, 'prev_value': None, 'change': True}
2025-07-03 13:57:45,681 : INFO : EventManager : Event: ======'machine_var_audits_switches_s_scoop_center'====== Args={'value': 2, 'prev_value': None, 'change': True}
2025-07-03 13:57:45,681 : INFO : EventManager : Event: ======'machine_var_audits_switches_s_scoop_lower'====== Args={'value': 220, 'prev_value': None, 'change': True}
2025-07-03 13:57:45,681 : INFO : EventManager : Event: ======'machine_var_audits_switches_s_scoop_right'====== Args={'value': 1, 'prev_value': None, 'change': True}
2025-07-03 13:57:45,681 : INFO : EventManager : Event: ======'machine_var_audits_switches_s_shooter_lane'====== Args={'value': 15, 'prev_value': None, 'change': True}
2025-07-03 13:57:45,681 : INFO : EventManager : Event: ======'machine_var_audits_switches_s_startButton'====== Args={'value': 37, 'prev_value': None, 'change': True}
2025-07-03 13:57:45,681 : INFO : EventManager : Event: ======'machine_var_audits_switches_s_trough1'====== Args={'value': 318, 'prev_value': None, 'change': True}
2025-07-03 13:57:45,681 : INFO : EventManager : Event: ======'machine_var_audits_switches_s_trough2'====== Args={'value': 1, 'prev_value': None, 'change': True}
2025-07-03 13:57:45,681 : INFO : EventManager : Event: ======'machine_var_audits_switches_s_trough3'====== Args={'value': 1, 'prev_value': None, 'change': True}
2025-07-03 13:57:45,681 : INFO : EventManager : Event: ======'machine_var_audits_switches_s_trough4'====== Args={'value': 1, 'prev_value': None, 'change': True}
2025-07-03 13:57:45,682 : INFO : EventManager : Event: ======'machine_var_audits_switches_s_trough5'====== Args={'value': 1, 'prev_value': None, 'change': True}
2025-07-03 13:57:45,682 : INFO : EventManager : Event: ======'init_phase_5'====== Args={}
2025-07-03 13:57:45,682 : INFO : EventManager : Event: ======'machine_var_mc_version'====== Args={'value': 'MPF-MC v0.57.1', 'prev_value': None, 'change': True}
2025-07-03 13:57:45,683 : INFO : EventManager : Event: ======'machine_var_mc_extended_version'====== Args={'value': 'MPF-MC v0.57.1 (config_version=6, BCP v1.1,                      Requires MPF API compatibility v0.57.0 or newer)', 'prev_value': None, 'change': True}
2025-07-03 13:57:45,687 : INFO : EventManager : Event: ======'init_done'====== Args={}
2025-07-03 13:57:45,687 : INFO : EventManager : Event: ======'machine_reset_phase_1'====== Args={}
2025-07-03 13:57:45,697 : INFO : EventManager : Event: ======'machine_reset_phase_2'====== Args={}
2025-07-03 13:57:45,697 : INFO : EventManager : Event: ======'machine_reset_phase_3'====== Args={}
2025-07-03 13:57:45,698 : INFO : EventManager : Event: ======'reset_complete'====== Args={}
2025-07-03 13:57:45,698 : INFO : EventManager : Event: ======'mode_attract_will_start'====== Args={}
2025-07-03 13:57:45,698 : INFO : EventManager : Event: ======'mode_attract_starting'====== Args={}
2025-07-03 13:57:45,699 : INFO : Mode.attract : Started. Priority: 10
2025-07-03 13:57:45,699 : INFO : EventManager : Event: ======'modes_active_modes_changed'====== Args={}
2025-07-03 13:57:45,699 : INFO : EventManager : Event: ======'mode_attract_started'====== Args={}
2025-07-03 13:57:45,699 : INFO : EventManager : Event: ======'collecting_balls_complete'====== Args={}
2025-07-03 13:57:45,699 : INFO : Machine : Starting the main run loop with active modes: [<Mode.attract>]
2025-07-03 13:57:45,706 : INFO : EventManager : Event: ======'slide_awesome_slide_created'====== Args={'_from_bcp': True}
2025-07-03 13:57:45,720 : INFO : EventManager : Event: ======'slide_awesome_slide_active'====== Args={'_from_bcp': True}
2025-07-03 13:57:46,423 : INFO : BcpServer : New client connected.
2025-07-03 13:57:47,672 : INFO : Machine : Shutting down...
2025-07-03 13:57:47,672 : INFO : EventManager : Event: ======'shutdown'====== Args={}
2025-07-03 13:57:47,685 : INFO : root : MPF run loop ended.
