2025-06-03 21:38:47,113 : INFO : root : Loading config.
2025-06-03 21:38:47,115 : INFO : YamlMultifileConfigLoader : Machine config file #1: config.yaml
2025-06-03 21:38:47,115 : INFO : ConfigProcessor : Loading config from cache: /var/folders/9g/7xjb17l959g1fnq4pjl5c5p80000gn/T/1941ac2cbc7f60a15b77e866ee64bff5.mpf_cache
2025-06-03 21:38:47,116 : WARNING : ConfigProcessor : Config file in cache changed: /Users/ruben/Pinball/mpf-pinball/config/slides.yaml
2025-06-03 21:38:47,116 : INFO : ConfigProcessor : Loading config from file /Library/Frameworks/Python.framework/Versions/3.9/lib/python3.9/site-packages/mpf/mpfconfig.yaml.
2025-06-03 21:38:47,122 : INFO : ConfigProcessor : Loading config: /Library/Frameworks/Python.framework/Versions/3.9/lib/python3.9/site-packages/mpf/mpfconfig.yaml
2025-06-03 21:38:47,123 : INFO : ConfigProcessor : Loading config from file /Users/ruben/Pinball/mpf-pinball/config/config.yaml.
2025-06-03 21:38:47,123 : INFO : ConfigProcessor : Loading config: /Users/ruben/Pinball/mpf-pinball/config/config.yaml
2025-06-03 21:38:47,123 : INFO : ConfigProcessor : Loading config: /Users/ruben/Pinball/mpf-pinball/config/hardware.yaml
2025-06-03 21:38:47,124 : INFO : ConfigProcessor : Loading config: /Users/ruben/Pinball/mpf-pinball/config/switches.yaml
2025-06-03 21:38:47,126 : INFO : ConfigProcessor : Loading config: /Users/ruben/Pinball/mpf-pinball/config/coils.yaml
2025-06-03 21:38:47,127 : INFO : ConfigProcessor : Loading config: /Users/ruben/Pinball/mpf-pinball/config/devices.yaml
2025-06-03 21:38:47,127 : INFO : ConfigProcessor : Loading config: /Users/ruben/Pinball/mpf-pinball/config/displays.yaml
2025-06-03 21:38:47,128 : INFO : ConfigProcessor : Loading config: /Users/ruben/Pinball/mpf-pinball/config/slides.yaml
2025-06-03 21:38:47,128 : INFO : ConfigProcessor : Config file cache created: /var/folders/9g/7xjb17l959g1fnq4pjl5c5p80000gn/T/1941ac2cbc7f60a15b77e866ee64bff5.mpf_cache
2025-06-03 21:38:47,147 : INFO : ConfigProcessor : Loading config from cache: /var/folders/9g/7xjb17l959g1fnq4pjl5c5p80000gn/T/c7af4841f7c2cabb0f971746daddf284.mpf_cache
2025-06-03 21:38:47,147 : INFO : ConfigProcessor : Loading config from cache: /var/folders/9g/7xjb17l959g1fnq4pjl5c5p80000gn/T/edcc5f1d3215b377c9faab88c62e4ce0.mpf_cache
2025-06-03 21:38:47,147 : INFO : Machine : Mission Pinball Framework Core Engine v0.57.3
2025-06-03 21:38:47,147 : INFO : Machine : Command line arguments: {'no_load_cache': False, 'create_config_cache': True, 'bcp': True, 'configfile': ['config.yaml'], 'force_assets_load': False, 'platform_integration_test': False, 'jsonlogging': False, 'logfile': 'logs/2025-06-03-21-38-47-mpf-ruben.home.log', 'pause': False, 'production': False, 'text_ui': True, 'loglevel': 15, 'consoleloglevel': 20, 'force_platform': 'smart_virtual', 'syslog_address': None, 'mc_file_name': None, 'no_sound': False}
2025-06-03 21:38:47,147 : INFO : Machine : MPF path: /Library/Frameworks/Python.framework/Versions/3.9/lib/python3.9/site-packages/mpf
2025-06-03 21:38:47,147 : INFO : Machine : Machine path: /Users/ruben/Pinball/mpf-pinball
2025-06-03 21:38:47,147 : INFO : Machine : Platform: darwin
2025-06-03 21:38:47,147 : INFO : Machine : Python executable location: /Library/Frameworks/Python.framework/Versions/3.9/bin/python3.9
2025-06-03 21:38:47,147 : INFO : Machine : Python version: 3.9.13 (64-bit)
2025-06-03 21:38:47,148 : INFO : Machine : Initializing MPF...
2025-06-03 21:38:47,171 : INFO : EventManager : Event: ======'machine_var_credits_string'====== Args={'value': 'FREE PLAY', 'prev_value': None, 'change': True}
2025-06-03 21:38:47,187 : INFO : EventManager : Event: ======'machine_var_master_volume'====== Args={'value': 0.5, 'prev_value': None, 'change': True}
2025-06-03 21:38:47,187 : INFO : EventManager : Event: ======'machine_var_player1_score'====== Args={'value': 0, 'prev_value': None, 'change': True}
2025-06-03 21:38:47,187 : INFO : EventManager : Event: ======'machine_var_mpf_version'====== Args={'value': 'Mission Pinball Framework v0.57.3', 'prev_value': None, 'change': True}
2025-06-03 21:38:47,187 : INFO : EventManager : Event: ======'machine_var_mpf_extended_version'====== Args={'value': 'Mission Pinball Framework v0.57.3, Config version:6, Show version: 6, BCP version:1.1', 'prev_value': None, 'change': True}
2025-06-03 21:38:47,187 : INFO : EventManager : Event: ======'machine_var_python_version'====== Args={'value': '3.9.13', 'prev_value': None, 'change': True}
2025-06-03 21:38:47,195 : INFO : EventManager : Event: ======'machine_var_platform'====== Args={'value': 'macOS-14.6.1-arm64-arm-64bit', 'prev_value': None, 'change': True}
2025-06-03 21:38:47,195 : INFO : EventManager : Event: ======'machine_var_platform_system'====== Args={'value': 'Darwin', 'prev_value': None, 'change': True}
2025-06-03 21:38:47,195 : INFO : EventManager : Event: ======'machine_var_platform_release'====== Args={'value': '23.6.0', 'prev_value': None, 'change': True}
2025-06-03 21:38:47,195 : INFO : EventManager : Event: ======'machine_var_platform_version'====== Args={'value': 'Darwin Kernel Version 23.6.0: Mon Jul 29 21:14:30 PDT 2024; root:xnu-10063.141.2~1/RELEASE_ARM64_T6000', 'prev_value': None, 'change': True}
2025-06-03 21:38:47,195 : INFO : EventManager : Event: ======'machine_var_platform_machine'====== Args={'value': 'arm64', 'prev_value': None, 'change': True}
2025-06-03 21:38:47,195 : INFO : EventManager : Event: ======'init_phase_1'====== Args={}
2025-06-03 21:38:47,203 : INFO : EventManager : Event: ======'init_phase_2'====== Args={}
2025-06-03 21:38:47,204 : INFO : EventManager : Event: ======'bcp_connection_attempt'====== Args={'name': 'local_display', 'host': 'localhost', 'port': 5050}
2025-06-03 21:38:47,205 : INFO : BCPClientSocket : Connecting BCP to 'local_display' at localhost:5050...
2025-06-03 21:38:48,036 : INFO : BCPClientSocket : Connected BCP to 'local_display' localhost:5050
2025-06-03 21:38:48,036 : INFO : EventManager : Event: ======'bcp_clients_connected'====== Args={}
2025-06-03 21:38:48,038 : INFO : ball_device.bd_trough : BCH: Initial count: 0
2025-06-03 21:38:48,038 : INFO : ball_device.bd_trough : State: idle
2025-06-03 21:38:48,041 : INFO : EventManager : Event: ======'init_phase_3'====== Args={}
2025-06-03 21:38:48,042 : INFO : EventManager : Event: ======'init_phase_4'====== Args={}
2025-06-03 21:38:48,043 : INFO : BallController : Initial balls found: 0
2025-06-03 21:38:48,044 : INFO : EventManager : Event: ======'machine_var_audits_events_game_ended'====== Args={'value': 50, 'prev_value': None, 'change': True}
2025-06-03 21:38:48,044 : INFO : EventManager : Event: ======'machine_var_audits_events_game_started'====== Args={'value': 89, 'prev_value': None, 'change': True}
2025-06-03 21:38:48,044 : INFO : EventManager : Event: ======'machine_var_audits_player_score'====== Args={'value': {'average': 0.0, 'top': [0, 0, 0, 0, 0, 0, 0, 0, 0, 0], 'total': 50}, 'prev_value': None, 'change': True}
2025-06-03 21:38:48,044 : INFO : EventManager : Event: ======'machine_var_audits_switches_s_drop_bank1'====== Args={'value': 140, 'prev_value': None, 'change': True}
2025-06-03 21:38:48,044 : INFO : EventManager : Event: ======'machine_var_audits_switches_s_left_flipper'====== Args={'value': 2279, 'prev_value': None, 'change': True}
2025-06-03 21:38:48,044 : INFO : EventManager : Event: ======'machine_var_audits_switches_s_left_slingshot'====== Args={'value': 290, 'prev_value': None, 'change': True}
2025-06-03 21:38:48,044 : INFO : EventManager : Event: ======'machine_var_audits_switches_s_plunger'====== Args={'value': 5, 'prev_value': None, 'change': True}
2025-06-03 21:38:48,044 : INFO : EventManager : Event: ======'machine_var_audits_switches_s_pop_bot'====== Args={'value': 426, 'prev_value': None, 'change': True}
2025-06-03 21:38:48,044 : INFO : EventManager : Event: ======'machine_var_audits_switches_s_pop_mid'====== Args={'value': 351, 'prev_value': None, 'change': True}
2025-06-03 21:38:48,044 : INFO : EventManager : Event: ======'machine_var_audits_switches_s_pop_top'====== Args={'value': 302, 'prev_value': None, 'change': True}
2025-06-03 21:38:48,044 : INFO : EventManager : Event: ======'machine_var_audits_switches_s_right_flipper'====== Args={'value': 2328, 'prev_value': None, 'change': True}
2025-06-03 21:38:48,044 : INFO : EventManager : Event: ======'machine_var_audits_switches_s_right_inlane'====== Args={'value': 57, 'prev_value': None, 'change': True}
2025-06-03 21:38:48,044 : INFO : EventManager : Event: ======'machine_var_audits_switches_s_right_slingshot'====== Args={'value': 255, 'prev_value': None, 'change': True}
2025-06-03 21:38:48,044 : INFO : EventManager : Event: ======'machine_var_audits_switches_s_scoop_center'====== Args={'value': 0, 'prev_value': None, 'change': True}
2025-06-03 21:38:48,045 : INFO : EventManager : Event: ======'machine_var_audits_switches_s_scoop_lower'====== Args={'value': 220, 'prev_value': None, 'change': True}
2025-06-03 21:38:48,045 : INFO : EventManager : Event: ======'machine_var_audits_switches_s_scoop_right'====== Args={'value': 0, 'prev_value': None, 'change': True}
2025-06-03 21:38:48,045 : INFO : EventManager : Event: ======'machine_var_audits_switches_s_startButton'====== Args={'value': 34, 'prev_value': None, 'change': True}
2025-06-03 21:38:48,045 : INFO : EventManager : Event: ======'machine_var_audits_switches_s_trough1'====== Args={'value': 303, 'prev_value': None, 'change': True}
2025-06-03 21:38:48,045 : INFO : EventManager : Event: ======'machine_var_audits_switches_s_trough2'====== Args={'value': 1, 'prev_value': None, 'change': True}
2025-06-03 21:38:48,045 : INFO : EventManager : Event: ======'machine_var_audits_switches_s_trough3'====== Args={'value': 1, 'prev_value': None, 'change': True}
2025-06-03 21:38:48,045 : INFO : EventManager : Event: ======'machine_var_audits_switches_s_trough4'====== Args={'value': 1, 'prev_value': None, 'change': True}
2025-06-03 21:38:48,045 : INFO : EventManager : Event: ======'machine_var_audits_switches_s_trough5'====== Args={'value': 0, 'prev_value': None, 'change': True}
2025-06-03 21:38:48,045 : INFO : EventManager : Event: ======'machine_var_audits_switches_s_pop1'====== Args={'value': 0, 'prev_value': None, 'change': True}
2025-06-03 21:38:48,045 : INFO : EventManager : Event: ======'machine_var_audits_switches_s_left_outlane'====== Args={'value': 0, 'prev_value': None, 'change': True}
2025-06-03 21:38:48,045 : INFO : EventManager : Event: ======'machine_var_audits_switches_s_pop3'====== Args={'value': 0, 'prev_value': None, 'change': True}
2025-06-03 21:38:48,045 : INFO : EventManager : Event: ======'machine_var_audits_switches_s_left_inlane1'====== Args={'value': 0, 'prev_value': None, 'change': True}
2025-06-03 21:38:48,046 : INFO : EventManager : Event: ======'machine_var_audits_switches_s_left_inlane2'====== Args={'value': 0, 'prev_value': None, 'change': True}
2025-06-03 21:38:48,046 : INFO : EventManager : Event: ======'machine_var_audits_switches_s_pop5'====== Args={'value': 0, 'prev_value': None, 'change': True}
2025-06-03 21:38:48,046 : INFO : EventManager : Event: ======'machine_var_audits_switches_s_pop4'====== Args={'value': 0, 'prev_value': None, 'change': True}
2025-06-03 21:38:48,046 : INFO : EventManager : Event: ======'machine_var_audits_switches_s_shooter_lane'====== Args={'value': 0, 'prev_value': None, 'change': True}
2025-06-03 21:38:48,046 : INFO : EventManager : Event: ======'machine_var_audits_switches_s_pop2'====== Args={'value': 0, 'prev_value': None, 'change': True}
2025-06-03 21:38:48,046 : INFO : EventManager : Event: ======'machine_var_audits_switches_s_right_outlane'====== Args={'value': 0, 'prev_value': None, 'change': True}
2025-06-03 21:38:48,046 : INFO : EventManager : Event: ======'init_phase_5'====== Args={}
2025-06-03 21:38:48,047 : INFO : EventManager : Event: ======'init_done'====== Args={}
2025-06-03 21:38:48,048 : INFO : EventManager : Event: ======'machine_reset_phase_1'====== Args={}
2025-06-03 21:38:48,091 : INFO : EventManager : Event: ======'machine_var_mc_version'====== Args={'value': 'MPF-MC v0.57.1', 'prev_value': None, 'change': True}
2025-06-03 21:38:48,092 : INFO : EventManager : Event: ======'machine_var_mc_extended_version'====== Args={'value': 'MPF-MC v0.57.1 (config_version=6, BCP v1.1,                      Requires MPF API compatibility v0.57.0 or newer)', 'prev_value': None, 'change': True}
2025-06-03 21:38:48,095 : INFO : EventManager : Event: ======'slide_welcome_slide_removed'====== Args={'_from_bcp': True}
2025-06-03 21:38:48,095 : INFO : EventManager : Event: ======'slide_welcome_slide_created'====== Args={'_from_bcp': True}
2025-06-03 21:38:48,095 : INFO : EventManager : Event: ======'slide_welcome_slide_active'====== Args={'_from_bcp': True}
2025-06-03 21:38:48,095 : INFO : EventManager : Event: ======'machine_reset_phase_2'====== Args={}
2025-06-03 21:38:48,095 : INFO : EventManager : Event: ======'machine_reset_phase_3'====== Args={}
2025-06-03 21:38:48,095 : INFO : EventManager : Event: ======'reset_complete'====== Args={}
2025-06-03 21:38:48,095 : INFO : EventManager : Event: ======'mode_attract_will_start'====== Args={}
2025-06-03 21:38:48,096 : INFO : EventManager : Event: ======'mode_attract_starting'====== Args={}
2025-06-03 21:38:48,096 : INFO : Mode.attract : Started. Priority: 10
2025-06-03 21:38:48,096 : INFO : EventManager : Event: ======'modes_active_modes_changed'====== Args={}
2025-06-03 21:38:48,096 : INFO : EventManager : Event: ======'mode_attract_started'====== Args={}
2025-06-03 21:38:48,096 : INFO : EventManager : Event: ======'collecting_balls_complete'====== Args={}
2025-06-03 21:38:48,096 : INFO : Machine : Starting the main run loop with active modes: [<Mode.attract>]
2025-06-03 21:38:48,107 : INFO : EventManager : Event: ======'slide_attract_started_created'====== Args={'_from_bcp': True}
2025-06-03 21:38:48,108 : INFO : EventManager : Event: ======'slide_attract_started_active'====== Args={'_from_bcp': True}
2025-06-03 21:39:04,994 : INFO : BcpServer : New client connected.
2025-06-03 21:39:10,946 : INFO : SwitchController : <<<<<<< 's_startButton' active >>>>>>>
2025-06-03 21:39:11,064 : INFO : SwitchController : <<<<<<< 's_startButton' inactive >>>>>>>
2025-06-03 21:39:11,065 : INFO : EventManager : Event: ======'request_to_start_game'====== Args={}
2025-06-03 21:39:11,066 : INFO : BallController : Known balls: 0
2025-06-03 21:39:11,066 : INFO : BallController : bd_trough contains 0 balls. Tags ['trough', 'home', 'drain']
2025-06-03 21:39:11,066 : INFO : BallController : playfield contains 0 balls. Tags ['default']
2025-06-03 21:39:11,066 : WARNING : BallController : BallController denies game start. Not enough balls. 0 found. 1 required
2025-06-03 21:39:11,066 : INFO : BallController : Triggering ball search.
2025-06-03 21:39:12,934 : INFO : SwitchController : <<<<<<< 's_trough1' active >>>>>>>
2025-06-03 21:39:13,436 : INFO : EventManager : Event: ======'balldevice_bd_trough_ball_count_changed'====== Args={'balls': 1}
2025-06-03 21:39:13,438 : INFO : ball_device.bd_trough : Received unexpected ball
2025-06-03 21:39:13,438 : INFO : EventManager : Event: ======'balldevice_captured_from_playfield'====== Args={'balls': 1}
2025-06-03 21:39:13,439 : INFO : EventManager : Event: ======'sw_playfield_active'====== Args={'balls': 1}
2025-06-03 21:39:13,440 : INFO : EventManager : Event: ======'playfield_active'====== Args={'source': None}
2025-06-03 21:39:13,440 : INFO : EventManager : Event: ======'unexpected_ball_on_playfield'====== Args={}
2025-06-03 21:39:13,440 : INFO : EventManager : Event: ======'playfield_ball_count_change'====== Args={'balls': -1, 'change': -1}
2025-06-03 21:39:13,441 : INFO : EventManager : Event: ======'balldevice_playfield_ball_enter'====== Args={'new_balls': 1, 'unclaimed_balls': 1, 'device': <playfield.playfield>}
2025-06-03 21:39:13,442 : INFO : EventManager : Event: ======'playfield_ball_count_change'====== Args={'balls': 0, 'change': 1}
2025-06-03 21:39:13,442 : INFO : BallController : Found a new ball which was captured from playfield. Known balls: 1
2025-06-03 21:39:13,442 : INFO : EventManager : Event: ======'found_new_ball'====== Args={}
2025-06-03 21:39:13,442 : INFO : EventManager : Event: ======'balldevice_bd_trough_ball_enter'====== Args={'new_balls': 1, 'unclaimed_balls': 1, 'new_available_balls': 1, 'device': <ball_device.bd_trough>}
2025-06-03 21:39:13,443 : INFO : EventManager : Event: ======'ball_drain'====== Args={'device': <ball_device.bd_trough>, 'balls': 1}
2025-06-03 21:39:13,444 : INFO : EventManager : Event: ======'balldevice_balls_available'====== Args={}
2025-06-03 21:39:13,444 : INFO : EventManager : Event: ======'balldevice_bd_trough_ball_entered'====== Args={'new_balls': 1, 'device': <ball_device.bd_trough>}
2025-06-03 21:39:13,934 : INFO : SwitchController : <<<<<<< 's_shooter_lane' active >>>>>>>
2025-06-03 21:39:13,934 : INFO : EventManager : Event: ======'sw_playfield_active'====== Args={}
2025-06-03 21:39:13,935 : INFO : EventManager : Event: ======'playfield_active'====== Args={'source': None}
2025-06-03 21:39:13,935 : INFO : EventManager : Event: ======'unexpected_ball_on_playfield'====== Args={}
2025-06-03 21:39:14,045 : INFO : SwitchController : <<<<<<< 's_shooter_lane' inactive >>>>>>>
2025-06-03 21:39:15,612 : INFO : SwitchController : <<<<<<< 's_trough1' inactive >>>>>>>
2025-06-03 21:39:16,486 : INFO : SwitchController : <<<<<<< 's_startButton' active >>>>>>>
2025-06-03 21:39:16,595 : INFO : SwitchController : <<<<<<< 's_startButton' inactive >>>>>>>
2025-06-03 21:39:16,595 : INFO : EventManager : Event: ======'request_to_start_game'====== Args={}
2025-06-03 21:39:16,596 : INFO : BallController : Known balls: 1
2025-06-03 21:39:16,596 : INFO : BallController : bd_trough contains 1 balls. Tags ['trough', 'home', 'drain']
2025-06-03 21:39:16,596 : INFO : BallController : playfield contains 0 balls. Tags ['default']
2025-06-03 21:39:16,596 : WARNING : BallController : BallController denies game start. Not enough balls. 0 found. 1 required
2025-06-03 21:39:16,596 : INFO : BallController : Triggering ball search.
2025-06-03 21:39:21,119 : INFO : EventManager : Event: ======'balldevice_bd_trough_ball_count_changed'====== Args={'balls': 0}
2025-06-03 21:39:21,120 : WARNING : ball_device.bd_trough : Ball disappeared while idle. This should not normally happen.
2025-06-03 21:39:21,121 : INFO : EventManager : Event: ======'balldevice_playfield_ball_enter'====== Args={'new_balls': 1, 'unclaimed_balls': 1, 'device': <playfield.playfield>}
2025-06-03 21:39:21,121 : INFO : EventManager : Event: ======'playfield_ball_count_change'====== Args={'balls': 1, 'change': 1}
2025-06-03 21:39:21,122 : INFO : ball_device.bd_trough : 1 ball(s) missing from device. Mechanical eject? False
2025-06-03 21:39:21,122 : INFO : EventManager : Event: ======'balldevice_bd_trough_ball_missing'====== Args={'balls': 1}
2025-06-03 21:39:21,123 : INFO : EventManager : Event: ======'balldevice_ball_missing'====== Args={'balls': 1, 'name': 'bd_trough'}
2025-06-03 21:39:33,895 : INFO : SwitchController : <<<<<<< 's_scoop_center' active >>>>>>>
2025-06-03 21:39:33,954 : INFO : SwitchController : <<<<<<< 's_scoop_center' inactive >>>>>>>
2025-06-03 21:39:34,983 : INFO : SwitchController : <<<<<<< 's_left_slingshot' active >>>>>>>
2025-06-03 21:39:35,082 : INFO : SwitchController : <<<<<<< 's_left_slingshot' inactive >>>>>>>
2025-06-03 21:39:35,853 : INFO : SwitchController : <<<<<<< 's_right_slingshot' active >>>>>>>
2025-06-03 21:39:35,958 : INFO : SwitchController : <<<<<<< 's_right_slingshot' inactive >>>>>>>
2025-06-03 21:39:36,641 : INFO : SwitchController : <<<<<<< 's_right_inlane' active >>>>>>>
2025-06-03 21:39:36,761 : INFO : SwitchController : <<<<<<< 's_right_inlane' inactive >>>>>>>
2025-06-03 21:39:41,163 : INFO : Machine : Shutting down...
2025-06-03 21:39:41,164 : INFO : EventManager : Event: ======'shutdown'====== Args={}
2025-06-03 21:39:41,177 : INFO : root : MPF run loop ended.
