2025-06-29 07:55:52,207 : kivy : deps: Successfully imported "kivy_deps.gstreamer" 0.3.3
2025-06-29 07:55:52,208 : kivy : deps: Successfully imported "kivy_deps.angle" 0.3.3
2025-06-29 07:55:52,208 : kivy : deps: Successfully imported "kivy_deps.glew" 0.3.1
2025-06-29 07:55:52,208 : kivy : deps: Successfully imported "kivy_deps.sdl2" 0.6.0
2025-06-29 07:55:52,208 : kivy : Kivy: v2.2.1
2025-06-29 07:55:52,208 : kivy : Kivy: Installed at "C:\Users\ruben\AppData\Local\Programs\Python\Python39\lib\site-packages\kivy\__init__.py"
2025-06-29 07:55:52,209 : kivy : Python: v3.9.13 (tags/v3.9.13:6de2ca5, May 17 2022, 16:36:42) [MSC v.1929 64 bit (AMD64)]
2025-06-29 07:55:52,209 : kivy : Python: Interpreter at "C:\Users\ruben\AppData\Local\Programs\Python\Python39\python.exe"
2025-06-29 07:55:52,223 : kivy : Factory: 190 symbols loaded
2025-06-29 07:55:52,543 : kivy : ImageLoaderFFPy: Using ffpyplayer 4.5.1
2025-06-29 07:55:52,543 : kivy : Image: Providers: img_tex, img_dds, img_sdl2, img_pil, img_ffpyplayer 
2025-06-29 07:55:52,833 : kivy : VideoGstplayer: Using Gstreamer 1.18.5.0
2025-06-29 07:55:52,833 : kivy : Video: Provider: gstplayer
2025-06-29 07:55:52,884 : root : Loading MPF-MC controller
2025-06-29 07:55:52,905 : YamlMultifileConfigLoader : Machine config file #1: config
2025-06-29 07:55:52,906 : ConfigProcessor : Config file in cache changed: C:\pinball\my_machine\config\config
2025-06-29 07:55:52,906 : ConfigProcessor : Loading config from file C:\Users\ruben\AppData\Local\Programs\Python\Python39\lib\site-packages\mpfmc\mcconfig.yaml.
2025-06-29 07:55:52,924 : ConfigProcessor : Loading config: C:\Users\ruben\AppData\Local\Programs\Python\Python39\lib\site-packages\mpfmc\mcconfig.yaml
2025-06-29 07:55:52,925 : ConfigProcessor : Loading config from file C:\pinball\my_machine\config\config.
2025-06-29 07:55:52,926 : ConfigProcessor : Loading config: C:\pinball\my_machine\config\config
2025-06-29 07:55:52,927 : ConfigProcessor : Loading config: C:\pinball\my_machine\config\hardware.yaml
2025-06-29 07:55:52,929 : ConfigProcessor : Loading config: C:\pinball\my_machine\config\switches.yaml
2025-06-29 07:55:52,932 : ConfigProcessor : Loading config: C:\pinball\my_machine\config\coils.yaml
2025-06-29 07:55:52,940 : ConfigProcessor : Loading config: C:\pinball\my_machine\config\lights.yaml
2025-06-29 07:55:52,942 : ConfigProcessor : Loading config: C:\pinball\my_machine\config\devices.yaml
2025-06-29 07:55:52,944 : ConfigProcessor : Loading config: C:\pinball\my_machine\config\images.yaml
2025-06-29 07:55:52,946 : ConfigProcessor : Loading config: C:\pinball\my_machine\config\displays.yaml
2025-06-29 07:55:52,948 : ConfigProcessor : Loading config: C:\pinball\my_machine\config\slides.yaml
2025-06-29 07:55:52,951 : ConfigProcessor : Config file cache created: C:\Users\ruben\AppData\Local\Temp\abbaf7ebf6530f7229115378792f7a93.mpf_cache
2025-06-29 07:55:52,952 : ConfigProcessor : Loading config from cache: C:\Users\ruben\AppData\Local\Temp\de22d214a8e6fb7753c0be2dfb8deb7c.mpf_cache
2025-06-29 07:55:52,953 : ConfigProcessor : Loading config from cache: C:\Users\ruben\AppData\Local\Temp\76bc62f652ae2965f03127125af6e953.mpf_cache
2025-06-29 07:55:52,954 : ConfigProcessor : Loading config from cache: C:\Users\ruben\AppData\Local\Temp\195f66f1d07408d279921a878741edf5.mpf_cache
2025-06-29 07:55:52,956 : ConfigProcessor : Loading config from cache: C:\Users\ruben\AppData\Local\Temp\de22d214a8e6fb7753c0be2dfb8deb7c.mpf_cache
2025-06-29 07:55:52,956 : mpfmc : Mission Pinball Framework Media Controller (MPF-MC) v0.57.1. Requires MPF v0.57.0 or newer.
2025-06-29 07:55:52,956 : mpfmc : Found MPF v0.57.3
2025-06-29 07:55:52,957 : mpfmc : Machine path: C:\pinball\my_machine
2025-06-29 07:55:52,957 : mpfmc : Starting clock at 60.0Hz
2025-06-29 07:55:52,980 : kivy : Text: Provider: sdl2
2025-06-29 07:55:53,054 : kivy : Window: Provider: sdl2
2025-06-29 07:55:54,440 : kivy : GL: Using the "OpenGL" graphics system
2025-06-29 07:55:54,448 : kivy : GL: GLEW initialization succeeded
2025-06-29 07:55:54,449 : kivy : GL: Backend used <glew>
2025-06-29 07:55:54,449 : kivy : GL: OpenGL version <b'4.5.0 NVIDIA 376.54'>
2025-06-29 07:55:54,449 : kivy : GL: OpenGL vendor <b'NVIDIA Corporation'>
2025-06-29 07:55:54,449 : kivy : GL: OpenGL renderer <b'GeForce GT 630M/PCIe/SSE2'>
2025-06-29 07:55:54,449 : kivy : GL: OpenGL parsed version: 4, 5
2025-06-29 07:55:54,450 : kivy : GL: Shading version <b'4.50 NVIDIA'>
2025-06-29 07:55:54,450 : kivy : GL: Texture max size <16384>
2025-06-29 07:55:54,450 : kivy : GL: Texture max units <32>
2025-06-29 07:55:54,474 : kivy : Window: auto add sdl2 input provider
2025-06-29 07:55:54,475 : kivy : Window: virtual keyboard not allowed, single mode, not docked
2025-06-29 07:55:54,489 : SoundSystem : SoundSystem: Using default 'sound_system' settings
2025-06-29 07:55:55,124 : AudioInterface : Initialized
2025-06-29 07:55:55,124 : AudioInterface : Loaded SDL 2.26.4
2025-06-29 07:55:55,124 : AudioInterface : Loaded SDL_Mixer 2.6.3
2025-06-29 07:55:55,124 : AudioInterface : Loaded GStreamer 1.18.5.0
2025-06-29 07:55:55,124 : AudioInterface : Loaded GLib 2.62.6
2025-06-29 07:55:55,124 : AudioInterface : Settings requested - rate: 44100, channels: 1, buffer: 2048 samples
2025-06-29 07:55:55,124 : AudioInterface : Settings in use - rate: 44100, channels: 1, buffer: 2048 samples (4096 bytes @ 2 bytes per sample)
2025-06-29 07:55:55,125 : SoundSystem : No audio tracks are specified in your machine config file. a track named 'default' has been created.
2025-06-29 07:55:55,125 : SoundSystem : Setting master volume to 0.0
2025-06-29 07:55:55,125 : AudioInterface : Enabling audio playback
2025-06-29 07:55:55,128 : kivy : Base: Start application main loop
2025-06-29 07:55:55,128 : EventManager : Event: ======'display_window_initialized'====== Args={}
2025-06-29 07:55:55,141 : mpfmc : Display: Setting 'window' as default display
2025-06-29 07:55:55,155 : EventManager : Event: ======'displays_initialized'====== Args={}
2025-06-29 07:55:55,157 : EventManager : Event: ======'slide_window_blank_created'====== Args={}
2025-06-29 07:55:55,157 : EventManager : Event: ======'display_window_ready'====== Args={}
2025-06-29 07:55:55,189 : EventManager : Event: ======'init_phase_1'====== Args={}
2025-06-29 07:55:55,202 : EventManager : Event: ======'mc_ready'====== Args={}
2025-06-29 07:55:55,202 : EventManager : Event: ======'init_phase_2'====== Args={}
2025-06-29 07:55:55,208 : EventManager : Event: ======'init_phase_3'====== Args={}
2025-06-29 07:55:55,212 : EventManager : Event: ======'init_phase_4'====== Args={}
2025-06-29 07:55:55,212 : EventManager : Event: ======'init_phase_5'====== Args={}
2025-06-29 07:55:55,296 : EventManager : Event: ======'loading_assets'====== Args={'total': 1, 'loaded': 1, 'remaining': 0, 'percent': 100}
2025-06-29 07:55:55,296 : AssetManager : Asset loading took: 0.17089271545410156
2025-06-29 07:55:55,296 : EventManager : Event: ======'asset_loading_complete'====== Args={}
2025-06-29 07:55:55,296 : AssetManager : Loading assets: 1/1 (100%)
2025-06-29 07:55:55,296 : EventManager : Event: ======'init_done'====== Args={}
2025-06-29 07:55:55,297 : MPF-MC BCP Server : Starting up on localhost port 5050
2025-06-29 07:55:55,302 : MPF-MC BCP Server : Waiting for a connection...
2025-06-29 07:55:55,304 : EventManager : Event: ======'client_disconnected'====== Args={'host': '127.0.0.1', 'port': 5050}
2025-06-29 07:55:55,703 : MPF-MC BCP Server : Received connection from: 127.0.0.1:62643
2025-06-29 07:55:55,714 : EventManager : Event: ======'client_connected'====== Args={'host': '127.0.0.1', 'port': 62643}
2025-06-29 07:55:55,853 : EventManager : Event: ======'machine_var_credits_string'====== Args={'value': 'FREE PLAY', 'prev_value': None, 'change': True}
2025-06-29 07:55:55,853 : EventManager : Event: ======'machine_var_master_volume'====== Args={'value': 0.5, 'prev_value': None, 'change': True}
2025-06-29 07:55:55,853 : EventManager : Event: ======'machine_var_player1_score'====== Args={'value': 0, 'prev_value': None, 'change': True}
2025-06-29 07:55:55,853 : EventManager : Event: ======'machine_var_mpf_version'====== Args={'value': 'Mission Pinball Framework v0.57.3', 'prev_value': None, 'change': True}
2025-06-29 07:55:55,853 : EventManager : Event: ======'machine_var_mpf_extended_version'====== Args={'value': 'Mission Pinball Framework v0.57.3, Config version:6, Show version: 6, BCP version:1.1', 'prev_value': None, 'change': True}
2025-06-29 07:55:55,853 : EventManager : Event: ======'machine_var_python_version'====== Args={'value': '3.9.13', 'prev_value': None, 'change': True}
2025-06-29 07:55:55,854 : EventManager : Event: ======'machine_var_platform'====== Args={'value': 'Windows-10-10.0.19045-SP0', 'prev_value': None, 'change': True}
2025-06-29 07:55:55,854 : EventManager : Event: ======'machine_var_platform_system'====== Args={'value': 'Windows', 'prev_value': None, 'change': True}
2025-06-29 07:55:55,854 : EventManager : Event: ======'machine_var_platform_release'====== Args={'value': '10', 'prev_value': None, 'change': True}
2025-06-29 07:55:55,854 : EventManager : Event: ======'machine_var_platform_version'====== Args={'value': '10.0.19045', 'prev_value': None, 'change': True}
2025-06-29 07:55:55,854 : EventManager : Event: ======'machine_var_platform_machine'====== Args={'value': 'AMD64', 'prev_value': None, 'change': True}
2025-06-29 07:55:55,854 : EventManager : Event: ======'machine_var_mc_version'====== Args={'value': 'MPF-MC v0.57.1', 'prev_value': None, 'change': True}
2025-06-29 07:55:55,854 : EventManager : Event: ======'machine_var_mc_extended_version'====== Args={'value': 'MPF-MC v0.57.1 (config_version=6, BCP v1.1,                      Requires MPF API compatibility v0.57.0 or newer)', 'prev_value': None, 'change': True}
2025-06-29 07:55:55,854 : EventManager : Event: ======'machine_var_credits_string'====== Args={'value': 'FREE PLAY', 'prev_value': None, 'change': True}
2025-06-29 07:55:55,854 : EventManager : Event: ======'machine_var_master_volume'====== Args={'value': 0.5, 'prev_value': None, 'change': True}
2025-06-29 07:55:55,854 : EventManager : Event: ======'machine_var_player1_score'====== Args={'value': 0, 'prev_value': None, 'change': True}
2025-06-29 07:55:55,855 : EventManager : Event: ======'machine_var_mpf_version'====== Args={'value': 'Mission Pinball Framework v0.57.3', 'prev_value': None, 'change': True}
2025-06-29 07:55:55,855 : EventManager : Event: ======'machine_var_mpf_extended_version'====== Args={'value': 'Mission Pinball Framework v0.57.3, Config version:6, Show version: 6, BCP version:1.1', 'prev_value': None, 'change': True}
2025-06-29 07:55:55,855 : EventManager : Event: ======'machine_var_python_version'====== Args={'value': '3.9.13', 'prev_value': None, 'change': True}
2025-06-29 07:55:55,855 : EventManager : Event: ======'machine_var_platform'====== Args={'value': 'Windows-10-10.0.19045-SP0', 'prev_value': None, 'change': True}
2025-06-29 07:55:55,855 : EventManager : Event: ======'machine_var_platform_system'====== Args={'value': 'Windows', 'prev_value': None, 'change': True}
2025-06-29 07:55:55,855 : EventManager : Event: ======'machine_var_platform_release'====== Args={'value': '10', 'prev_value': None, 'change': True}
2025-06-29 07:55:55,855 : EventManager : Event: ======'machine_var_platform_version'====== Args={'value': '10.0.19045', 'prev_value': None, 'change': True}
2025-06-29 07:55:55,855 : EventManager : Event: ======'machine_var_platform_machine'====== Args={'value': 'AMD64', 'prev_value': None, 'change': True}
2025-06-29 07:55:55,855 : EventManager : Event: ======'machine_var_mc_version'====== Args={'value': 'MPF-MC v0.57.1', 'prev_value': None, 'change': True}
2025-06-29 07:55:55,855 : EventManager : Event: ======'machine_var_mc_extended_version'====== Args={'value': 'MPF-MC v0.57.1 (config_version=6, BCP v1.1,                      Requires MPF API compatibility v0.57.0 or newer)', 'prev_value': None, 'change': True}
2025-06-29 07:55:55,856 : EventManager : Event: ======'machine_var_credits_string'====== Args={'value': 'FREE PLAY', 'prev_value': None, 'change': True}
2025-06-29 07:55:55,856 : EventManager : Event: ======'machine_var_master_volume'====== Args={'value': 0.5, 'prev_value': None, 'change': True}
2025-06-29 07:55:55,856 : EventManager : Event: ======'machine_var_player1_score'====== Args={'value': 0, 'prev_value': None, 'change': True}
2025-06-29 07:55:55,856 : EventManager : Event: ======'machine_var_mpf_version'====== Args={'value': 'Mission Pinball Framework v0.57.3', 'prev_value': None, 'change': True}
2025-06-29 07:55:55,856 : EventManager : Event: ======'machine_var_mpf_extended_version'====== Args={'value': 'Mission Pinball Framework v0.57.3, Config version:6, Show version: 6, BCP version:1.1', 'prev_value': None, 'change': True}
2025-06-29 07:55:55,856 : EventManager : Event: ======'machine_var_python_version'====== Args={'value': '3.9.13', 'prev_value': None, 'change': True}
2025-06-29 07:55:55,856 : EventManager : Event: ======'machine_var_platform'====== Args={'value': 'Windows-10-10.0.19045-SP0', 'prev_value': None, 'change': True}
2025-06-29 07:55:55,856 : EventManager : Event: ======'machine_var_platform_system'====== Args={'value': 'Windows', 'prev_value': None, 'change': True}
2025-06-29 07:55:55,856 : EventManager : Event: ======'machine_var_platform_release'====== Args={'value': '10', 'prev_value': None, 'change': True}
2025-06-29 07:55:55,856 : EventManager : Event: ======'machine_var_platform_version'====== Args={'value': '10.0.19045', 'prev_value': None, 'change': True}
2025-06-29 07:55:55,857 : EventManager : Event: ======'machine_var_platform_machine'====== Args={'value': 'AMD64', 'prev_value': None, 'change': True}
2025-06-29 07:55:55,857 : EventManager : Event: ======'machine_var_mc_version'====== Args={'value': 'MPF-MC v0.57.1', 'prev_value': None, 'change': True}
2025-06-29 07:55:55,857 : EventManager : Event: ======'machine_var_mc_extended_version'====== Args={'value': 'MPF-MC v0.57.1 (config_version=6, BCP v1.1,                      Requires MPF API compatibility v0.57.0 or newer)', 'prev_value': None, 'change': True}
2025-06-29 07:55:55,857 : EventManager : Event: ======'machine_var_credits_string'====== Args={'value': 'FREE PLAY', 'prev_value': None, 'change': True}
2025-06-29 07:55:55,857 : EventManager : Event: ======'machine_var_master_volume'====== Args={'value': 0.5, 'prev_value': None, 'change': True}
2025-06-29 07:55:55,857 : EventManager : Event: ======'machine_var_player1_score'====== Args={'value': 0, 'prev_value': None, 'change': True}
2025-06-29 07:55:55,857 : EventManager : Event: ======'machine_var_mpf_version'====== Args={'value': 'Mission Pinball Framework v0.57.3', 'prev_value': None, 'change': True}
2025-06-29 07:55:55,857 : EventManager : Event: ======'machine_var_mpf_extended_version'====== Args={'value': 'Mission Pinball Framework v0.57.3, Config version:6, Show version: 6, BCP version:1.1', 'prev_value': None, 'change': True}
2025-06-29 07:55:55,857 : EventManager : Event: ======'machine_var_python_version'====== Args={'value': '3.9.13', 'prev_value': None, 'change': True}
2025-06-29 07:55:55,857 : EventManager : Event: ======'machine_var_platform'====== Args={'value': 'Windows-10-10.0.19045-SP0', 'prev_value': None, 'change': True}
2025-06-29 07:55:55,858 : EventManager : Event: ======'machine_var_platform_system'====== Args={'value': 'Windows', 'prev_value': None, 'change': True}
2025-06-29 07:55:55,858 : EventManager : Event: ======'machine_var_platform_release'====== Args={'value': '10', 'prev_value': None, 'change': True}
2025-06-29 07:55:55,858 : EventManager : Event: ======'machine_var_platform_version'====== Args={'value': '10.0.19045', 'prev_value': None, 'change': True}
2025-06-29 07:55:55,858 : EventManager : Event: ======'machine_var_platform_machine'====== Args={'value': 'AMD64', 'prev_value': None, 'change': True}
2025-06-29 07:55:55,858 : EventManager : Event: ======'machine_var_mc_version'====== Args={'value': 'MPF-MC v0.57.1', 'prev_value': None, 'change': True}
2025-06-29 07:55:55,858 : EventManager : Event: ======'machine_var_mc_extended_version'====== Args={'value': 'MPF-MC v0.57.1 (config_version=6, BCP v1.1,                      Requires MPF API compatibility v0.57.0 or newer)', 'prev_value': None, 'change': True}
2025-06-29 07:55:55,858 : SoundSystem : Setting master volume to 0.5
2025-06-29 07:55:55,858 : SoundSystem : Setting master volume to 0.5
2025-06-29 07:55:55,858 : SoundSystem : Setting master volume to 0.5
2025-06-29 07:55:55,859 : SoundSystem : Setting master volume to 0.5
2025-06-29 07:55:55,922 : EventManager : Event: ======'machine_var_audits_events_game_ended'====== Args={'value': 53, 'prev_value': None, 'change': True}
2025-06-29 07:55:55,934 : EventManager : Event: ======'machine_var_audits_events_game_started'====== Args={'value': 106, 'prev_value': None, 'change': True}
2025-06-29 07:55:55,934 : EventManager : Event: ======'machine_var_audits_missing_switches_s_left_flipper'====== Args={'value': 6, 'prev_value': None, 'change': True}
2025-06-29 07:55:55,934 : EventManager : Event: ======'machine_var_audits_missing_switches_s_left_outlane'====== Args={'value': 10, 'prev_value': None, 'change': True}
2025-06-29 07:55:55,934 : EventManager : Event: ======'machine_var_audits_missing_switches_s_left_slingshot'====== Args={'value': 6, 'prev_value': None, 'change': True}
2025-06-29 07:55:55,934 : EventManager : Event: ======'machine_var_audits_missing_switches_s_pop1'====== Args={'value': 17, 'prev_value': None, 'change': True}
2025-06-29 07:55:55,934 : EventManager : Event: ======'machine_var_audits_missing_switches_s_pop2'====== Args={'value': 17, 'prev_value': None, 'change': True}
2025-06-29 07:55:55,934 : EventManager : Event: ======'machine_var_audits_missing_switches_s_pop3'====== Args={'value': 17, 'prev_value': None, 'change': True}
2025-06-29 07:55:55,935 : EventManager : Event: ======'machine_var_audits_missing_switches_s_pop4'====== Args={'value': 6, 'prev_value': None, 'change': True}
2025-06-29 07:55:55,935 : EventManager : Event: ======'machine_var_audits_missing_switches_s_pop5'====== Args={'value': 6, 'prev_value': None, 'change': True}
2025-06-29 07:55:55,935 : EventManager : Event: ======'machine_var_audits_missing_switches_s_right_flipper'====== Args={'value': 5, 'prev_value': None, 'change': True}
2025-06-29 07:55:55,935 : EventManager : Event: ======'machine_var_audits_missing_switches_s_right_inlane'====== Args={'value': 3, 'prev_value': None, 'change': True}
2025-06-29 07:55:55,935 : EventManager : Event: ======'machine_var_audits_missing_switches_s_right_outlane'====== Args={'value': 10, 'prev_value': None, 'change': True}
2025-06-29 07:55:55,935 : EventManager : Event: ======'machine_var_audits_missing_switches_s_right_slingshot'====== Args={'value': 6, 'prev_value': None, 'change': True}
2025-06-29 07:55:55,935 : EventManager : Event: ======'machine_var_audits_missing_switches_s_startButton'====== Args={'value': 6, 'prev_value': None, 'change': True}
2025-06-29 07:55:55,935 : EventManager : Event: ======'machine_var_audits_missing_switches_s_trough1'====== Args={'value': 3, 'prev_value': None, 'change': True}
2025-06-29 07:55:55,936 : EventManager : Event: ======'machine_var_audits_missing_switches_s_trough2'====== Args={'value': 10, 'prev_value': None, 'change': True}
2025-06-29 07:55:55,936 : EventManager : Event: ======'machine_var_audits_missing_switches_s_trough3'====== Args={'value': 10, 'prev_value': None, 'change': True}
2025-06-29 07:55:55,936 : EventManager : Event: ======'machine_var_audits_missing_switches_s_trough4'====== Args={'value': 10, 'prev_value': None, 'change': True}
2025-06-29 07:55:55,936 : EventManager : Event: ======'machine_var_audits_missing_switches_s_trough5'====== Args={'value': 9, 'prev_value': None, 'change': True}
2025-06-29 07:55:55,936 : EventManager : Event: ======'machine_var_audits_player_score'====== Args={'value': {'average': 0, 'top': [0, 0, 0, 0, 0, 0, 0, 0, 0, 0], 'total': 53}, 'prev_value': None, 'change': True}
2025-06-29 07:55:55,936 : EventManager : Event: ======'machine_var_audits_switches_s_drop_bank1'====== Args={'value': 140, 'prev_value': None, 'change': True}
2025-06-29 07:55:55,936 : EventManager : Event: ======'machine_var_audits_switches_s_left_flipper'====== Args={'value': 2284, 'prev_value': None, 'change': True}
2025-06-29 07:55:55,936 : EventManager : Event: ======'machine_var_audits_switches_s_left_inlane1'====== Args={'value': 2, 'prev_value': None, 'change': True}
2025-06-29 07:55:55,937 : EventManager : Event: ======'machine_var_audits_switches_s_left_inlane2'====== Args={'value': 2, 'prev_value': None, 'change': True}
2025-06-29 07:55:55,937 : EventManager : Event: ======'machine_var_audits_switches_s_left_outlane'====== Args={'value': 0, 'prev_value': None, 'change': True}
2025-06-29 07:55:55,937 : EventManager : Event: ======'machine_var_audits_switches_s_left_slingshot'====== Args={'value': 295, 'prev_value': None, 'change': True}
2025-06-29 07:55:55,937 : EventManager : Event: ======'machine_var_audits_switches_s_plunger'====== Args={'value': 5, 'prev_value': None, 'change': True}
2025-06-29 07:55:55,937 : EventManager : Event: ======'machine_var_audits_switches_s_pop1'====== Args={'value': 0, 'prev_value': None, 'change': True}
2025-06-29 07:55:55,937 : EventManager : Event: ======'machine_var_audits_switches_s_pop2'====== Args={'value': 0, 'prev_value': None, 'change': True}
2025-06-29 07:55:55,937 : EventManager : Event: ======'machine_var_audits_switches_s_pop3'====== Args={'value': 0, 'prev_value': None, 'change': True}
2025-06-29 07:55:55,938 : EventManager : Event: ======'machine_var_audits_switches_s_pop4'====== Args={'value': 3, 'prev_value': None, 'change': True}
2025-06-29 07:55:55,938 : EventManager : Event: ======'machine_var_audits_switches_s_pop5'====== Args={'value': 3, 'prev_value': None, 'change': True}
2025-06-29 07:55:55,938 : EventManager : Event: ======'machine_var_audits_switches_s_pop_bot'====== Args={'value': 426, 'prev_value': None, 'change': True}
2025-06-29 07:55:55,938 : EventManager : Event: ======'machine_var_audits_switches_s_pop_mid'====== Args={'value': 351, 'prev_value': None, 'change': True}
2025-06-29 07:55:55,938 : EventManager : Event: ======'machine_var_audits_switches_s_pop_top'====== Args={'value': 302, 'prev_value': None, 'change': True}
2025-06-29 07:55:55,938 : EventManager : Event: ======'machine_var_audits_switches_s_right_flipper'====== Args={'value': 2339, 'prev_value': None, 'change': True}
2025-06-29 07:55:55,938 : EventManager : Event: ======'machine_var_audits_switches_s_right_inlane'====== Args={'value': 66, 'prev_value': None, 'change': True}
2025-06-29 07:55:55,938 : EventManager : Event: ======'machine_var_audits_switches_s_right_outlane'====== Args={'value': 0, 'prev_value': None, 'change': True}
2025-06-29 07:55:55,938 : EventManager : Event: ======'machine_var_audits_switches_s_right_slingshot'====== Args={'value': 258, 'prev_value': None, 'change': True}
2025-06-29 07:55:55,939 : EventManager : Event: ======'machine_var_audits_switches_s_scoop_center'====== Args={'value': 2, 'prev_value': None, 'change': True}
2025-06-29 07:55:55,939 : EventManager : Event: ======'machine_var_audits_switches_s_scoop_lower'====== Args={'value': 220, 'prev_value': None, 'change': True}
2025-06-29 07:55:55,939 : EventManager : Event: ======'machine_var_audits_switches_s_scoop_right'====== Args={'value': 1, 'prev_value': None, 'change': True}
2025-06-29 07:55:55,939 : EventManager : Event: ======'machine_var_audits_switches_s_shooter_lane'====== Args={'value': 15, 'prev_value': None, 'change': True}
2025-06-29 07:55:55,939 : EventManager : Event: ======'machine_var_audits_switches_s_startButton'====== Args={'value': 35, 'prev_value': None, 'change': True}
2025-06-29 07:55:55,939 : EventManager : Event: ======'machine_var_audits_switches_s_trough1'====== Args={'value': 316, 'prev_value': None, 'change': True}
2025-06-29 07:55:55,939 : EventManager : Event: ======'machine_var_audits_switches_s_trough2'====== Args={'value': 1, 'prev_value': None, 'change': True}
2025-06-29 07:55:55,939 : EventManager : Event: ======'machine_var_audits_switches_s_trough3'====== Args={'value': 1, 'prev_value': None, 'change': True}
2025-06-29 07:55:55,939 : EventManager : Event: ======'machine_var_audits_switches_s_trough4'====== Args={'value': 1, 'prev_value': None, 'change': True}
2025-06-29 07:55:55,939 : EventManager : Event: ======'machine_var_audits_switches_s_trough5'====== Args={'value': 1, 'prev_value': None, 'change': True}
2025-06-29 07:55:55,940 : EventManager : Event: ======'mc_reset_phase_1'====== Args={}
2025-06-29 07:55:55,940 : EventManager : Event: ======'mc_reset_phase_2'====== Args={}
2025-06-29 07:55:55,940 : EventManager : Event: ======'mc_reset_phase_3'====== Args={}
2025-06-29 07:55:55,940 : EventManager : Event: ======'mc_reset_complete'====== Args={}
2025-06-29 07:55:55,959 : EventManager : Event: ======'slides_play'====== Args={'settings': {'attract_image_slide': {'target': None, 'background_color': [0.0, 0.0, 0.0, 1.0], 'priority': None, 'show': True, 'force': False, 'expire': None, 'slide': None, 'tokens': {}, 'action': 'play'}}, 'context': 'attract', 'calling_context': 'mode_attract_started', 'priority': 10}
2025-06-29 07:55:55,963 : EventManager : Event: ======'slide_attract_image_slide_created'====== Args={}
2025-06-29 07:55:55,964 : EventManager : Event: ======'slide_attract_image_slide_active'====== Args={}
2025-06-29 07:55:55,995 : kivy : GL: NPOT texture support is available
2025-06-29 07:55:56,002 : EventManager : Event: ======'loading_assets'====== Args={'total': 1, 'loaded': 1, 'remaining': 0, 'percent': 100}
2025-06-29 07:55:56,002 : AssetManager : Asset loading took: 0.8766894340515137
2025-06-29 07:55:56,002 : EventManager : Event: ======'asset_loading_complete'====== Args={}
2025-06-29 07:55:56,003 : AssetManager : Loading assets: 1/1 (100%)
2025-06-29 07:55:56,989 : EventManager : Event: ======'led_code'====== Args={}
2025-06-29 07:55:57,490 : EventManager : Event: ======'led_code'====== Args={}
2025-06-29 07:55:58,226 : EventManager : Event: ======'led_code'====== Args={}
2025-06-29 07:55:58,755 : EventManager : Event: ======'led_code'====== Args={}
2025-06-29 07:55:59,934 : kivy : Base: Leaving application in progress...
2025-06-29 07:55:59,935 : mpfmc : Stopping...
2025-06-29 07:55:59,935 : EventManager : Event: ======'shutdown'====== Args={}
2025-06-29 07:55:59,935 : AudioInterface : Disabling audio playback
2025-06-29 07:56:00,079 : MPF-MC BCP Server : Stopping BCP sending thread
2025-06-29 07:56:00,079 : mpfmc : Loop rate 71.9 Hz
2025-06-29 07:56:00,079 : mpfmc : Stopping...
2025-06-29 07:56:00,080 : root : MC run loop ended.
2025-06-29 07:56:00,080 : EventManager : Event: ======'shutdown'====== Args={}
2025-06-29 07:56:00,080 : root : Stopping child threads... (2 remaining)
2025-06-29 07:56:00,080 : mpfmc : Loop rate 71.88 Hz
2025-06-29 07:56:00,181 : root : All child threads stopped.
