2025-06-16 07:52:26,251 : INFO : root : Loading config.
2025-06-16 07:52:26,251 : INFO : YamlMultifileConfigLoader : Machine config file #1: config.yaml
2025-06-16 07:52:26,251 : INFO : ConfigProcessor : Loading config from cache: C:\Users\ruben\AppData\Local\Temp\a17888e5e1df298d67e07ada0b1bff4a.mpf_cache
2025-06-16 07:52:26,267 : WARNING : ConfigProcessor : Config file in cache changed: C:\pinball\my_machine\config\coils.yaml
2025-06-16 07:52:26,267 : INFO : ConfigProcessor : Loading config from file C:\Users\ruben\.local\pipx\venvs\mpf\lib\site-packages\mpf\mpfconfig.yaml.
2025-06-16 07:52:26,401 : INFO : ConfigProcessor : Loading config: C:\Users\ruben\.local\pipx\venvs\mpf\lib\site-packages\mpf\mpfconfig.yaml
2025-06-16 07:52:26,401 : INFO : ConfigProcessor : Loading config from file C:\pinball\my_machine\config\config.yaml.
2025-06-16 07:52:26,401 : INFO : ConfigProcessor : Loading config: C:\pinball\my_machine\config\config.yaml
2025-06-16 07:52:26,401 : INFO : ConfigProcessor : Loading config: C:\pinball\my_machine\config\hardware.yaml
2025-06-16 07:52:26,416 : INFO : ConfigProcessor : Loading config: C:\pinball\my_machine\config\switches.yaml
2025-06-16 07:52:26,432 : INFO : ConfigProcessor : Loading config: C:\pinball\my_machine\config\coils.yaml
2025-06-16 07:52:26,448 : INFO : ConfigProcessor : Loading config: C:\pinball\my_machine\config\devices.yaml
2025-06-16 07:52:26,448 : INFO : ConfigProcessor : Loading config: C:\pinball\my_machine\config\displays.yaml
2025-06-16 07:52:26,463 : INFO : ConfigProcessor : Loading config: C:\pinball\my_machine\config\slides.yaml
2025-06-16 07:52:26,463 : INFO : ConfigProcessor : Config file cache created: C:\Users\ruben\AppData\Local\Temp\a17888e5e1df298d67e07ada0b1bff4a.mpf_cache
2025-06-16 07:52:26,588 : INFO : ConfigProcessor : Loading config from cache: C:\Users\ruben\AppData\Local\Temp\67cf8ffee0fce2d4fcb5ef0bb894d8de.mpf_cache
2025-06-16 07:52:26,588 : INFO : ConfigProcessor : Loading config from cache: C:\Users\ruben\AppData\Local\Temp\25321780674732dcacb77a8f5b2a53cd.mpf_cache
2025-06-16 07:52:26,588 : INFO : ConfigProcessor : Loading config from cache: C:\Users\ruben\AppData\Local\Temp\195f66f1d07408d279921a878741edf5.mpf_cache
2025-06-16 07:52:26,588 : INFO : Machine : Mission Pinball Framework Core Engine v0.56.0
2025-06-16 07:52:26,588 : INFO : Machine : Command line arguments: {'no_load_cache': False, 'create_config_cache': True, 'bcp': True, 'configfile': ['config.yaml'], 'force_assets_load': False, 'jsonlogging': False, 'logfile': 'logs\\2025-06-16-07-52-26-mpf-DESKTOP-11MEIVG.log', 'pause': False, 'production': False, 'text_ui': True, 'loglevel': 15, 'consoleloglevel': 20, 'force_platform': None, 'syslog_address': None, 'mc_file_name': None, 'no_sound': False}
2025-06-16 07:52:26,588 : INFO : Machine : MPF path: C:\Users\ruben\.local\pipx\venvs\mpf\lib\site-packages\mpf
2025-06-16 07:52:26,588 : INFO : Machine : Machine path: C:\pinball\my_machine
2025-06-16 07:52:26,588 : INFO : Machine : Platform: win32
2025-06-16 07:52:26,588 : INFO : Machine : Python executable location: C:\Users\ruben\.local\pipx\venvs\mpf\Scripts\python.exe
2025-06-16 07:52:26,588 : INFO : Machine : Python version: 3.9.13 (64-bit)
2025-06-16 07:52:26,588 : INFO : Machine : Initialise MPF.
2025-06-16 07:52:26,926 : INFO : OPP : Connecting to com3 at 115200bps
2025-06-16 07:52:27,083 : INFO : OPP : Init of OPP board 1 done
2025-06-16 07:52:27,083 : INFO : OPP : Connecting to com4 at 115200bps
2025-06-16 07:52:27,178 : INFO : OPP : Init of OPP board 0 done
2025-06-16 07:52:27,179 : INFO : EventManager : Event: ======'machine_var_credits_string'====== Args={'value': 'FREE PLAY', 'prev_value': None, 'change': True}
2025-06-16 07:52:27,262 : INFO : EventManager : Event: ======'machine_var_master_volume'====== Args={'value': 0.5, 'prev_value': None, 'change': True}
2025-06-16 07:52:27,262 : INFO : EventManager : Event: ======'machine_var_player1_score'====== Args={'value': 0, 'prev_value': None, 'change': True}
2025-06-16 07:52:27,262 : INFO : EventManager : Event: ======'machine_var_mpf_version'====== Args={'value': 'MPF v0.56.0', 'prev_value': None, 'change': True}
2025-06-16 07:52:27,262 : INFO : EventManager : Event: ======'machine_var_mpf_extended_version'====== Args={'value': 'MPF v0.56.0, Config version:5, Show version: 5, BCP version:1.1', 'prev_value': None, 'change': True}
2025-06-16 07:52:27,262 : INFO : EventManager : Event: ======'machine_var_python_version'====== Args={'value': '3.9.13', 'prev_value': None, 'change': True}
2025-06-16 07:52:27,277 : INFO : EventManager : Event: ======'machine_var_platform'====== Args={'value': 'Windows-10-10.0.19045-SP0', 'prev_value': None, 'change': True}
2025-06-16 07:52:27,277 : INFO : EventManager : Event: ======'machine_var_platform_system'====== Args={'value': 'Windows', 'prev_value': None, 'change': True}
2025-06-16 07:52:27,277 : INFO : EventManager : Event: ======'machine_var_platform_release'====== Args={'value': '10', 'prev_value': None, 'change': True}
2025-06-16 07:52:27,277 : INFO : EventManager : Event: ======'machine_var_platform_version'====== Args={'value': '10.0.19045', 'prev_value': None, 'change': True}
2025-06-16 07:52:27,277 : INFO : EventManager : Event: ======'machine_var_platform_machine'====== Args={'value': 'AMD64', 'prev_value': None, 'change': True}
2025-06-16 07:52:27,278 : INFO : EventManager : Event: ======'init_phase_1'====== Args={}
2025-06-16 07:52:27,307 : INFO : EventManager : Event: ======'init_phase_2'====== Args={}
2025-06-16 07:52:27,312 : INFO : EventManager : Event: ======'bcp_connection_attempt'====== Args={'name': 'local_display', 'host': 'localhost', 'port': 5050}
2025-06-16 07:52:27,315 : INFO : BCPClientSocket : Connecting BCP to 'local_display' at localhost:5050...
2025-06-16 07:52:29,882 : INFO : BCPClientSocket : Connected BCP to 'local_display' localhost:5050
2025-06-16 07:52:29,883 : INFO : EventManager : Event: ======'bcp_clients_connected'====== Args={}
2025-06-16 07:52:29,893 : INFO : ball_device.bd_trough : BCH: Initial count: 0
2025-06-16 07:52:29,895 : INFO : EventManager : Event: ======'machine_var_mc_version'====== Args={'value': 'MPF-MC v0.56.1', 'prev_value': None, 'change': True}
2025-06-16 07:52:29,895 : INFO : EventManager : Event: ======'machine_var_mc_extended_version'====== Args={'value': 'MPF-MC v0.56.1 (config_version=5, BCP v1.1,                      Requires MPF API compatibility v0.56.0 or newer)', 'prev_value': None, 'change': True}
2025-06-16 07:52:29,897 : INFO : ball_device.bd_trough : State: idle
2025-06-16 07:52:29,950 : INFO : EventManager : Event: ======'init_phase_3'====== Args={}
2025-06-16 07:52:29,955 : INFO : EventManager : Event: ======'init_phase_4'====== Args={}
2025-06-16 07:52:29,956 : INFO : BallController : Initial balls found: 0
2025-06-16 07:52:29,958 : ERROR : asyncio : Exception in callback EventManager._queue_task_done(<Task finishe...ough_eject>')>)
handle: <Handle EventManager._queue_task_done(<Task finishe...ough_eject>')>)>
Traceback (most recent call last):
  File "C:\Users\ruben\AppData\Local\Programs\Python\Python39\lib\asyncio\events.py", line 80, in _run
    self._context.run(self._callback, *self._args)
  File "C:\Users\ruben\.local\pipx\venvs\mpf\lib\site-packages\mpf\core\events.py", line 744, in _queue_task_done
    future.result()
  File "C:\Users\ruben\.local\pipx\venvs\mpf\lib\site-packages\mpf\core\events.py", line 657, in _run_handlers_sequential
    handler.callback(queue=queue, **merged_kwargs)
  File "C:\Users\ruben\.local\pipx\venvs\mpf\lib\site-packages\mpf\devices\driver.py", line 58, in _check_duplicate_coil_numbers
    raise AssertionError("Duplicate coil number {} for coil {}".format(coil.hw_driver.number, coil))
AssertionError: Duplicate coil number 0-0-15 for coil <coil.c_trough_eject>
2025-06-16 07:52:29,995 : INFO : Machine : Starting the main run loop.
2025-06-16 07:52:29,996 : INFO : Machine : Shutting down...
2025-06-16 07:52:29,997 : INFO : EventManager : Event: ======'shutdown'====== Args={}
2025-06-16 07:52:29,999 : ERROR : OPP : Stop called on serial connection com3
2025-06-16 07:52:30,003 : ERROR : OPP : Stop called on serial connection com4
2025-06-16 07:52:31,055 : ERROR : Machine : Runtime Exception
Traceback (most recent call last):
  File "C:\Users\ruben\.local\pipx\venvs\mpf\lib\site-packages\mpf\core\machine.py", line 797, in _run_loop
    raise self._exception['exception']
  File "C:\Users\ruben\AppData\Local\Programs\Python\Python39\lib\asyncio\events.py", line 80, in _run
    self._context.run(self._callback, *self._args)
  File "C:\Users\ruben\.local\pipx\venvs\mpf\lib\site-packages\mpf\core\events.py", line 744, in _queue_task_done
    future.result()
  File "C:\Users\ruben\.local\pipx\venvs\mpf\lib\site-packages\mpf\core\events.py", line 657, in _run_handlers_sequential
    handler.callback(queue=queue, **merged_kwargs)
  File "C:\Users\ruben\.local\pipx\venvs\mpf\lib\site-packages\mpf\devices\driver.py", line 58, in _check_duplicate_coil_numbers
    raise AssertionError("Duplicate coil number {} for coil {}".format(coil.hw_driver.number, coil))
AssertionError: Duplicate coil number 0-0-15 for coil <coil.c_trough_eject>
2025-06-16 07:52:48,760 : ERROR : root : 
Traceback (most recent call last):
  File "C:\Users\ruben\.local\pipx\venvs\mpf\lib\site-packages\mpf\core\machine.py", line 797, in _run_loop
    raise self._exception['exception']
  File "C:\Users\ruben\AppData\Local\Programs\Python\Python39\lib\asyncio\events.py", line 80, in _run
    self._context.run(self._callback, *self._args)
  File "C:\Users\ruben\.local\pipx\venvs\mpf\lib\site-packages\mpf\core\events.py", line 744, in _queue_task_done
    future.result()
  File "C:\Users\ruben\.local\pipx\venvs\mpf\lib\site-packages\mpf\core\events.py", line 657, in _run_handlers_sequential
    handler.callback(queue=queue, **merged_kwargs)
  File "C:\Users\ruben\.local\pipx\venvs\mpf\lib\site-packages\mpf\devices\driver.py", line 58, in _check_duplicate_coil_numbers
    raise AssertionError("Duplicate coil number {} for coil {}".format(coil.hw_driver.number, coil))
AssertionError: Duplicate coil number 0-0-15 for coil <coil.c_trough_eject>

During handling of the above exception, another exception occurred:

Traceback (most recent call last):
  File "C:\Users\ruben\.local\pipx\venvs\mpf\lib\site-packages\mpf\commands\game.py", line 239, in __init__
    self.machine.run()
  File "C:\Users\ruben\.local\pipx\venvs\mpf\lib\site-packages\mpf\core\machine.py", line 693, in run
    self._run_loop()
  File "C:\Users\ruben\.local\pipx\venvs\mpf\lib\site-packages\mpf\core\machine.py", line 800, in _run_loop
    report_crash(self._exception['exception'], "exception_during_run", self.config)
  File "C:\Users\ruben\.local\pipx\venvs\mpf\lib\site-packages\mpf\core\crash_reporter.py", line 236, in report_crash
    response = input("Do you want to report the crash to the MPF team (yes/no/show)? ")
EOFError
