2025-07-06 16:58:53,691 : INFO : root : Loading config.
2025-07-06 16:58:53,692 : INFO : YamlMultifileConfigLoader : Machine config file #1: config.yaml
2025-07-06 16:58:53,693 : INFO : ConfigProcessor : Loading config from cache: /var/folders/9g/7xjb17l959g1fnq4pjl5c5p80000gn/T/1941ac2cbc7f60a15b77e866ee64bff5.mpf_cache
2025-07-06 16:58:53,712 : INFO : ConfigProcessor : Loading config from cache: /var/folders/9g/7xjb17l959g1fnq4pjl5c5p80000gn/T/f574f59b1e0fcbb2258348220f26b9cc.mpf_cache
2025-07-06 16:58:53,712 : INFO : ConfigProcessor : Loading config from cache: /var/folders/9g/7xjb17l959g1fnq4pjl5c5p80000gn/T/edcc5f1d3215b377c9faab88c62e4ce0.mpf_cache
2025-07-06 16:58:53,713 : INFO : ConfigProcessor : Loading config from cache: /var/folders/9g/7xjb17l959g1fnq4pjl5c5p80000gn/T/174d451d321a0971202b746018364536.mpf_cache
2025-07-06 16:58:53,713 : INFO : ConfigProcessor : Loading config from cache: /var/folders/9g/7xjb17l959g1fnq4pjl5c5p80000gn/T/f574f59b1e0fcbb2258348220f26b9cc.mpf_cache
2025-07-06 16:58:53,713 : WARNING : ConfigProcessor : Config file in cache changed: /Users/ruben/Pinball/mpf-pinball/modes/grave_targets/config/grave_targets.yaml
2025-07-06 16:58:53,713 : INFO : ConfigProcessor : Loading config from file /Users/ruben/Pinball/mpf-pinball/modes/grave_targets/config/grave_targets.yaml.
2025-07-06 16:58:53,715 : INFO : ConfigProcessor : Loading config: /Users/ruben/Pinball/mpf-pinball/modes/grave_targets/config/grave_targets.yaml
2025-07-06 16:58:53,715 : INFO : ConfigProcessor : Config file cache created: /var/folders/9g/7xjb17l959g1fnq4pjl5c5p80000gn/T/c284941e722380023d767d5e99e91837.mpf_cache
2025-07-06 16:58:53,715 : INFO : ConfigProcessor : Loading config from cache: /var/folders/9g/7xjb17l959g1fnq4pjl5c5p80000gn/T/eb471d6ccb0819d362663d6a8f2acf38.mpf_cache
2025-07-06 16:58:53,715 : INFO : ConfigProcessor : Loading config from cache: /var/folders/9g/7xjb17l959g1fnq4pjl5c5p80000gn/T/d59102b8edab9d29c936bc5103c31ce3.mpf_cache
2025-07-06 16:58:53,716 : INFO : ConfigProcessor : Loading config from cache: /var/folders/9g/7xjb17l959g1fnq4pjl5c5p80000gn/T/47fef8a1453daf1c032af9b266173dc7.mpf_cache
2025-07-06 16:58:53,716 : INFO : ConfigProcessor : Loading config from cache: /var/folders/9g/7xjb17l959g1fnq4pjl5c5p80000gn/T/099d4b18c0884da431b87dd690bf4c32.mpf_cache
2025-07-06 16:58:53,716 : INFO : ConfigProcessor : Loading config from cache: /var/folders/9g/7xjb17l959g1fnq4pjl5c5p80000gn/T/598981ad252bde5d57763e28fc8e8246.mpf_cache
2025-07-06 16:58:53,716 : INFO : ConfigProcessor : Loading config from cache: /var/folders/9g/7xjb17l959g1fnq4pjl5c5p80000gn/T/7d84a1dad0271550171325475a6e1af4.mpf_cache
2025-07-06 16:58:53,716 : INFO : ConfigProcessor : Loading config from cache: /var/folders/9g/7xjb17l959g1fnq4pjl5c5p80000gn/T/f238ae40b962a84c30d7301a20ca1dae.mpf_cache
2025-07-06 16:58:53,716 : INFO : ConfigProcessor : Loading config from cache: /var/folders/9g/7xjb17l959g1fnq4pjl5c5p80000gn/T/a93e216f51b341135614380ce5b2c95b.mpf_cache
2025-07-06 16:58:53,716 : INFO : ConfigProcessor : Loading config from cache: /var/folders/9g/7xjb17l959g1fnq4pjl5c5p80000gn/T/e915b2173a980311df13d8013999f00c.mpf_cache
2025-07-06 16:58:53,717 : INFO : ConfigProcessor : Loading config from cache: /var/folders/9g/7xjb17l959g1fnq4pjl5c5p80000gn/T/b77620ad9425e89373db73baff92c60d.mpf_cache
2025-07-06 16:58:53,717 : INFO : Machine : Mission Pinball Framework Core Engine v0.57.3
2025-07-06 16:58:53,717 : INFO : Machine : Command line arguments: {'no_load_cache': False, 'create_config_cache': True, 'bcp': True, 'configfile': ['config.yaml'], 'force_assets_load': False, 'platform_integration_test': False, 'jsonlogging': False, 'logfile': 'logs/2025-07-06-16-58-53-mpf-ruben.home.log', 'pause': False, 'production': False, 'text_ui': True, 'loglevel': 15, 'consoleloglevel': 20, 'force_platform': 'smart_virtual', 'syslog_address': None, 'mc_file_name': None, 'no_sound': False}
2025-07-06 16:58:53,717 : INFO : Machine : MPF path: /Library/Frameworks/Python.framework/Versions/3.9/lib/python3.9/site-packages/mpf
2025-07-06 16:58:53,717 : INFO : Machine : Machine path: /Users/ruben/Pinball/mpf-pinball
2025-07-06 16:58:53,717 : INFO : Machine : Platform: darwin
2025-07-06 16:58:53,717 : INFO : Machine : Python executable location: /Library/Frameworks/Python.framework/Versions/3.9/bin/python3.9
2025-07-06 16:58:53,717 : INFO : Machine : Python version: 3.9.13 (64-bit)
2025-07-06 16:58:53,717 : INFO : Machine : Initializing MPF...
2025-07-06 16:58:53,734 : INFO : EventManager : Event: ======'machine_var_credits_string'====== Args={'value': 'FREE PLAY', 'prev_value': None, 'change': True}
2025-07-06 16:58:53,749 : INFO : EventManager : Event: ======'machine_var_master_volume'====== Args={'value': 0.5, 'prev_value': None, 'change': True}
2025-07-06 16:58:53,749 : INFO : EventManager : Event: ======'machine_var_player1_score'====== Args={'value': 0, 'prev_value': None, 'change': True}
2025-07-06 16:58:53,749 : INFO : EventManager : Event: ======'machine_var_mpf_version'====== Args={'value': 'Mission Pinball Framework v0.57.3', 'prev_value': None, 'change': True}
2025-07-06 16:58:53,749 : INFO : EventManager : Event: ======'machine_var_mpf_extended_version'====== Args={'value': 'Mission Pinball Framework v0.57.3, Config version:6, Show version: 6, BCP version:1.1', 'prev_value': None, 'change': True}
2025-07-06 16:58:53,749 : INFO : EventManager : Event: ======'machine_var_python_version'====== Args={'value': '3.9.13', 'prev_value': None, 'change': True}
2025-07-06 16:58:53,757 : INFO : EventManager : Event: ======'machine_var_platform'====== Args={'value': 'macOS-15.5-arm64-arm-64bit', 'prev_value': None, 'change': True}
2025-07-06 16:58:53,757 : INFO : EventManager : Event: ======'machine_var_platform_system'====== Args={'value': 'Darwin', 'prev_value': None, 'change': True}
2025-07-06 16:58:53,757 : INFO : EventManager : Event: ======'machine_var_platform_release'====== Args={'value': '24.5.0', 'prev_value': None, 'change': True}
2025-07-06 16:58:53,758 : INFO : EventManager : Event: ======'machine_var_platform_version'====== Args={'value': 'Darwin Kernel Version 24.5.0: Tue Apr 22 19:54:49 PDT 2025; root:xnu-11417.121.6~2/RELEASE_ARM64_T6000', 'prev_value': None, 'change': True}
2025-07-06 16:58:53,758 : INFO : EventManager : Event: ======'machine_var_platform_machine'====== Args={'value': 'arm64', 'prev_value': None, 'change': True}
2025-07-06 16:58:53,758 : INFO : EventManager : Event: ======'init_phase_1'====== Args={}
2025-07-06 16:58:53,769 : INFO : EventManager : Event: ======'init_phase_2'====== Args={}
2025-07-06 16:58:53,772 : INFO : EventManager : Event: ======'bcp_connection_attempt'====== Args={'name': 'local_display', 'host': 'localhost', 'port': 5050}
2025-07-06 16:58:53,773 : INFO : BCPClientSocket : Connecting BCP to 'local_display' at localhost:5050...
2025-07-06 16:58:54,798 : INFO : BCPClientSocket : Connected BCP to 'local_display' localhost:5050
2025-07-06 16:58:54,798 : INFO : EventManager : Event: ======'bcp_clients_connected'====== Args={}
2025-07-06 16:58:54,799 : INFO : ball_device.bd_trough : BCH: Initial count: 0
2025-07-06 16:58:54,800 : INFO : ball_device.bd_trough : State: idle
2025-07-06 16:58:54,803 : INFO : EventManager : Event: ======'init_phase_3'====== Args={}
2025-07-06 16:58:54,807 : INFO : EventManager : Event: ======'init_phase_4'====== Args={}
2025-07-06 16:58:54,808 : INFO : BallController : Initial balls found: 0
2025-07-06 16:58:54,808 : INFO : EventManager : Event: ======'machine_var_audits_events_game_ended'====== Args={'value': 53, 'prev_value': None, 'change': True}
2025-07-06 16:58:54,808 : INFO : EventManager : Event: ======'machine_var_audits_events_game_started'====== Args={'value': 174, 'prev_value': None, 'change': True}
2025-07-06 16:58:54,808 : INFO : EventManager : Event: ======'machine_var_audits_missing_switches_s_center_scoop'====== Args={'value': 22, 'prev_value': None, 'change': True}
2025-07-06 16:58:54,808 : INFO : EventManager : Event: ======'machine_var_audits_missing_switches_s_left_flipper'====== Args={'value': 74, 'prev_value': None, 'change': True}
2025-07-06 16:58:54,808 : INFO : EventManager : Event: ======'machine_var_audits_missing_switches_s_left_inlane_1'====== Args={'value': 24, 'prev_value': None, 'change': True}
2025-07-06 16:58:54,809 : INFO : EventManager : Event: ======'machine_var_audits_missing_switches_s_left_inlane_2'====== Args={'value': 24, 'prev_value': None, 'change': True}
2025-07-06 16:58:54,809 : INFO : EventManager : Event: ======'machine_var_audits_missing_switches_s_left_outlane'====== Args={'value': 24, 'prev_value': None, 'change': True}
2025-07-06 16:58:54,809 : INFO : EventManager : Event: ======'machine_var_audits_missing_switches_s_left_slingshot'====== Args={'value': 22, 'prev_value': None, 'change': True}
2025-07-06 16:58:54,809 : INFO : EventManager : Event: ======'machine_var_audits_missing_switches_s_pop1'====== Args={'value': 85, 'prev_value': None, 'change': True}
2025-07-06 16:58:54,809 : INFO : EventManager : Event: ======'machine_var_audits_missing_switches_s_pop2'====== Args={'value': 85, 'prev_value': None, 'change': True}
2025-07-06 16:58:54,809 : INFO : EventManager : Event: ======'machine_var_audits_missing_switches_s_pop3'====== Args={'value': 85, 'prev_value': None, 'change': True}
2025-07-06 16:58:54,809 : INFO : EventManager : Event: ======'machine_var_audits_missing_switches_s_pop4'====== Args={'value': 74, 'prev_value': None, 'change': True}
2025-07-06 16:58:54,809 : INFO : EventManager : Event: ======'machine_var_audits_missing_switches_s_pop5'====== Args={'value': 28, 'prev_value': None, 'change': True}
2025-07-06 16:58:54,809 : INFO : EventManager : Event: ======'machine_var_audits_missing_switches_s_right_flipper'====== Args={'value': 73, 'prev_value': None, 'change': True}
2025-07-06 16:58:54,809 : INFO : EventManager : Event: ======'machine_var_audits_missing_switches_s_right_inlane'====== Args={'value': 23, 'prev_value': None, 'change': True}
2025-07-06 16:58:54,809 : INFO : EventManager : Event: ======'machine_var_audits_missing_switches_s_right_outlane'====== Args={'value': 24, 'prev_value': None, 'change': True}
2025-07-06 16:58:54,809 : INFO : EventManager : Event: ======'machine_var_audits_missing_switches_s_right_slingshot'====== Args={'value': 22, 'prev_value': None, 'change': True}
2025-07-06 16:58:54,809 : INFO : EventManager : Event: ======'machine_var_audits_missing_switches_s_startButton'====== Args={'value': 64, 'prev_value': None, 'change': True}
2025-07-06 16:58:54,809 : INFO : EventManager : Event: ======'machine_var_audits_missing_switches_s_trough1'====== Args={'value': 67, 'prev_value': None, 'change': True}
2025-07-06 16:58:54,809 : INFO : EventManager : Event: ======'machine_var_audits_missing_switches_s_trough2'====== Args={'value': 10, 'prev_value': None, 'change': True}
2025-07-06 16:58:54,809 : INFO : EventManager : Event: ======'machine_var_audits_missing_switches_s_trough3'====== Args={'value': 10, 'prev_value': None, 'change': True}
2025-07-06 16:58:54,809 : INFO : EventManager : Event: ======'machine_var_audits_missing_switches_s_trough4'====== Args={'value': 10, 'prev_value': None, 'change': True}
2025-07-06 16:58:54,809 : INFO : EventManager : Event: ======'machine_var_audits_missing_switches_s_trough5'====== Args={'value': 9, 'prev_value': None, 'change': True}
2025-07-06 16:58:54,810 : INFO : EventManager : Event: ======'machine_var_audits_player_score'====== Args={'value': {'average': 0, 'top': [0, 0, 0, 0, 0, 0, 0, 0, 0, 0], 'total': 53}, 'prev_value': None, 'change': True}
2025-07-06 16:58:54,810 : INFO : EventManager : Event: ======'machine_var_audits_shots_my_first_shot'====== Args={'value': 5, 'prev_value': None, 'change': True}
2025-07-06 16:58:54,810 : INFO : EventManager : Event: ======'machine_var_audits_shots_shot_right_inlane'====== Args={'value': 1, 'prev_value': None, 'change': True}
2025-07-06 16:58:54,810 : INFO : EventManager : Event: ======'machine_var_audits_shots_shot_right_scoop'====== Args={'value': 1158352, 'prev_value': None, 'change': True}
2025-07-06 16:58:54,810 : INFO : EventManager : Event: ======'machine_var_audits_shots_shot_target_g'====== Args={'value': 56, 'prev_value': None, 'change': True}
2025-07-06 16:58:54,810 : INFO : EventManager : Event: ======'machine_var_audits_shots_shot_target_r'====== Args={'value': 37, 'prev_value': None, 'change': True}
2025-07-06 16:58:54,810 : INFO : EventManager : Event: ======'machine_var_audits_switches_s_center_scoop'====== Args={'value': 4, 'prev_value': None, 'change': True}
2025-07-06 16:58:54,810 : INFO : EventManager : Event: ======'machine_var_audits_switches_s_drop_bank1'====== Args={'value': 140, 'prev_value': None, 'change': True}
2025-07-06 16:58:54,810 : INFO : EventManager : Event: ======'machine_var_audits_switches_s_left_flipper'====== Args={'value': 2284, 'prev_value': None, 'change': True}
2025-07-06 16:58:54,810 : INFO : EventManager : Event: ======'machine_var_audits_switches_s_left_inlane1'====== Args={'value': 2, 'prev_value': None, 'change': True}
2025-07-06 16:58:54,810 : INFO : EventManager : Event: ======'machine_var_audits_switches_s_left_inlane2'====== Args={'value': 2, 'prev_value': None, 'change': True}
2025-07-06 16:58:54,810 : INFO : EventManager : Event: ======'machine_var_audits_switches_s_left_inlane_1'====== Args={'value': 1, 'prev_value': None, 'change': True}
2025-07-06 16:58:54,810 : INFO : EventManager : Event: ======'machine_var_audits_switches_s_left_inlane_2'====== Args={'value': 2, 'prev_value': None, 'change': True}
2025-07-06 16:58:54,810 : INFO : EventManager : Event: ======'machine_var_audits_switches_s_left_outlane'====== Args={'value': 1, 'prev_value': None, 'change': True}
2025-07-06 16:58:54,811 : INFO : EventManager : Event: ======'machine_var_audits_switches_s_left_slingshot'====== Args={'value': 420, 'prev_value': None, 'change': True}
2025-07-06 16:58:54,811 : INFO : EventManager : Event: ======'machine_var_audits_switches_s_plunger'====== Args={'value': 5, 'prev_value': None, 'change': True}
2025-07-06 16:58:54,811 : INFO : EventManager : Event: ======'machine_var_audits_switches_s_pop1'====== Args={'value': 0, 'prev_value': None, 'change': True}
2025-07-06 16:58:54,812 : INFO : EventManager : Event: ======'machine_var_audits_switches_s_pop2'====== Args={'value': 0, 'prev_value': None, 'change': True}
2025-07-06 16:58:54,812 : INFO : EventManager : Event: ======'machine_var_audits_switches_s_pop3'====== Args={'value': 0, 'prev_value': None, 'change': True}
2025-07-06 16:58:54,812 : INFO : EventManager : Event: ======'machine_var_audits_switches_s_pop4'====== Args={'value': 3, 'prev_value': None, 'change': True}
2025-07-06 16:58:54,812 : INFO : EventManager : Event: ======'machine_var_audits_switches_s_pop5'====== Args={'value': 4, 'prev_value': None, 'change': True}
2025-07-06 16:58:54,812 : INFO : EventManager : Event: ======'machine_var_audits_switches_s_pop_bot'====== Args={'value': 426, 'prev_value': None, 'change': True}
2025-07-06 16:58:54,812 : INFO : EventManager : Event: ======'machine_var_audits_switches_s_pop_mid'====== Args={'value': 351, 'prev_value': None, 'change': True}
2025-07-06 16:58:54,812 : INFO : EventManager : Event: ======'machine_var_audits_switches_s_pop_top'====== Args={'value': 302, 'prev_value': None, 'change': True}
2025-07-06 16:58:54,812 : INFO : EventManager : Event: ======'machine_var_audits_switches_s_right_flipper'====== Args={'value': 2339, 'prev_value': None, 'change': True}
2025-07-06 16:58:54,812 : INFO : EventManager : Event: ======'machine_var_audits_switches_s_right_inlane'====== Args={'value': 88, 'prev_value': None, 'change': True}
2025-07-06 16:58:54,812 : INFO : EventManager : Event: ======'machine_var_audits_switches_s_right_outlane'====== Args={'value': 4, 'prev_value': None, 'change': True}
2025-07-06 16:58:54,812 : INFO : EventManager : Event: ======'machine_var_audits_switches_s_right_scoop'====== Args={'value': 169, 'prev_value': None, 'change': True}
2025-07-06 16:58:54,813 : INFO : EventManager : Event: ======'machine_var_audits_switches_s_right_slingshot'====== Args={'value': 367, 'prev_value': None, 'change': True}
2025-07-06 16:58:54,813 : INFO : EventManager : Event: ======'machine_var_audits_switches_s_scoop_center'====== Args={'value': 2, 'prev_value': None, 'change': True}
2025-07-06 16:58:54,813 : INFO : EventManager : Event: ======'machine_var_audits_switches_s_scoop_lower'====== Args={'value': 220, 'prev_value': None, 'change': True}
2025-07-06 16:58:54,813 : INFO : EventManager : Event: ======'machine_var_audits_switches_s_scoop_right'====== Args={'value': 1, 'prev_value': None, 'change': True}
2025-07-06 16:58:54,813 : INFO : EventManager : Event: ======'machine_var_audits_switches_s_shooter_lane'====== Args={'value': 15, 'prev_value': None, 'change': True}
2025-07-06 16:58:54,813 : INFO : EventManager : Event: ======'machine_var_audits_switches_s_startButton'====== Args={'value': 37, 'prev_value': None, 'change': True}
2025-07-06 16:58:54,813 : INFO : EventManager : Event: ======'machine_var_audits_switches_s_target_g'====== Args={'value': 60, 'prev_value': None, 'change': True}
2025-07-06 16:58:54,813 : INFO : EventManager : Event: ======'machine_var_audits_switches_s_target_r'====== Args={'value': 37, 'prev_value': None, 'change': True}
2025-07-06 16:58:54,813 : INFO : EventManager : Event: ======'machine_var_audits_switches_s_trough1'====== Args={'value': 318, 'prev_value': None, 'change': True}
2025-07-06 16:58:54,813 : INFO : EventManager : Event: ======'machine_var_audits_switches_s_trough2'====== Args={'value': 1, 'prev_value': None, 'change': True}
2025-07-06 16:58:54,814 : INFO : EventManager : Event: ======'machine_var_audits_switches_s_trough3'====== Args={'value': 1, 'prev_value': None, 'change': True}
2025-07-06 16:58:54,814 : INFO : EventManager : Event: ======'machine_var_audits_switches_s_trough4'====== Args={'value': 1, 'prev_value': None, 'change': True}
2025-07-06 16:58:54,814 : INFO : EventManager : Event: ======'machine_var_audits_switches_s_trough5'====== Args={'value': 1, 'prev_value': None, 'change': True}
2025-07-06 16:58:54,814 : INFO : EventManager : Event: ======'machine_var_mc_version'====== Args={'value': 'MPF-MC v0.57.1', 'prev_value': None, 'change': True}
2025-07-06 16:58:54,814 : INFO : EventManager : Event: ======'machine_var_mc_extended_version'====== Args={'value': 'MPF-MC v0.57.1 (config_version=6, BCP v1.1,                      Requires MPF API compatibility v0.57.0 or newer)', 'prev_value': None, 'change': True}
2025-07-06 16:58:54,820 : INFO : EventManager : Event: ======'init_phase_5'====== Args={}
2025-07-06 16:58:54,824 : INFO : EventManager : Event: ======'init_done'====== Args={}
2025-07-06 16:58:54,824 : INFO : EventManager : Event: ======'machine_reset_phase_1'====== Args={}
2025-07-06 16:58:54,827 : INFO : EventManager : Event: ======'machine_reset_phase_2'====== Args={}
2025-07-06 16:58:54,828 : INFO : EventManager : Event: ======'machine_reset_phase_3'====== Args={}
2025-07-06 16:58:54,828 : INFO : EventManager : Event: ======'reset_complete'====== Args={}
2025-07-06 16:58:54,828 : INFO : EventManager : Event: ======'mode_attract_will_start'====== Args={}
2025-07-06 16:58:54,828 : INFO : EventManager : Event: ======'mode_attract_starting'====== Args={}
2025-07-06 16:58:54,828 : INFO : Mode.attract : Started. Priority: 10
2025-07-06 16:58:54,829 : INFO : EventManager : Event: ======'modes_active_modes_changed'====== Args={}
2025-07-06 16:58:54,829 : INFO : EventManager : Event: ======'mode_attract_started'====== Args={}
2025-07-06 16:58:54,829 : INFO : EventManager : Event: ======'collecting_balls_complete'====== Args={}
2025-07-06 16:58:54,829 : INFO : Machine : Starting the main run loop with active modes: [<Mode.attract>]
2025-07-06 16:58:54,842 : INFO : EventManager : Event: ======'slide_awesome_slide_created'====== Args={'_from_bcp': True}
2025-07-06 16:58:54,854 : INFO : EventManager : Event: ======'slide_awesome_slide_active'====== Args={'_from_bcp': True}
2025-07-06 16:58:55,091 : INFO : BcpServer : New client connected.
2025-07-06 16:58:56,758 : INFO : SwitchController : <<<<<<< 's_trough1' active >>>>>>>
2025-07-06 16:58:57,259 : INFO : EventManager : Event: ======'balldevice_bd_trough_ball_count_changed'====== Args={'balls': 1}
2025-07-06 16:58:57,260 : INFO : ball_device.bd_trough : Received unexpected ball
2025-07-06 16:58:57,260 : INFO : EventManager : Event: ======'balldevice_captured_from_playfield'====== Args={'balls': 1}
2025-07-06 16:58:57,261 : INFO : EventManager : Event: ======'sw_playfield_active'====== Args={'balls': 1}
2025-07-06 16:58:57,261 : INFO : EventManager : Event: ======'playfield_active'====== Args={'source': None}
2025-07-06 16:58:57,262 : INFO : EventManager : Event: ======'unexpected_ball_on_playfield'====== Args={}
2025-07-06 16:58:57,262 : INFO : EventManager : Event: ======'playfield_ball_count_change'====== Args={'balls': -1, 'change': -1}
2025-07-06 16:58:57,263 : INFO : EventManager : Event: ======'balldevice_playfield_ball_enter'====== Args={'new_balls': 1, 'unclaimed_balls': 1, 'device': <playfield.playfield>}
2025-07-06 16:58:57,263 : INFO : EventManager : Event: ======'playfield_ball_count_change'====== Args={'balls': 0, 'change': 1}
2025-07-06 16:58:57,264 : INFO : BallController : Found a new ball which was captured from playfield. Known balls: 1
2025-07-06 16:58:57,264 : INFO : EventManager : Event: ======'found_new_ball'====== Args={}
2025-07-06 16:58:57,264 : INFO : EventManager : Event: ======'balldevice_bd_trough_ball_enter'====== Args={'new_balls': 1, 'unclaimed_balls': 1, 'new_available_balls': 1, 'device': <ball_device.bd_trough>}
2025-07-06 16:58:57,265 : INFO : EventManager : Event: ======'ball_drain'====== Args={'device': <ball_device.bd_trough>, 'balls': 1}
2025-07-06 16:58:57,265 : INFO : EventManager : Event: ======'balldevice_balls_available'====== Args={}
2025-07-06 16:58:57,266 : INFO : EventManager : Event: ======'balldevice_bd_trough_ball_entered'====== Args={'new_balls': 1, 'device': <ball_device.bd_trough>}
2025-07-06 16:58:57,648 : INFO : SwitchController : <<<<<<< 's_startButton' active >>>>>>>
2025-07-06 16:58:57,730 : INFO : SwitchController : <<<<<<< 's_startButton' inactive >>>>>>>
2025-07-06 16:58:57,731 : INFO : EventManager : Event: ======'request_to_start_game'====== Args={}
2025-07-06 16:58:57,731 : INFO : EventManager : Event: ======'game_start'====== Args={'buttons': [], 'hold_time': 0.08201533300000019}
2025-07-06 16:58:57,732 : INFO : EventManager : Event: ======'mode_game_will_start'====== Args={'buttons': [], 'hold_time': 0.08201533300000019}
2025-07-06 16:58:57,732 : INFO : EventManager : Event: ======'mode_game_starting'====== Args={'buttons': [], 'hold_time': 0.08201533300000019}
2025-07-06 16:58:57,732 : INFO : EventManager : Event: ======'mode_attract_will_stop'====== Args={}
2025-07-06 16:58:57,733 : INFO : EventManager : Event: ======'mode_attract_stopping'====== Args={}
2025-07-06 16:58:57,733 : INFO : Mode.attract : Stopped.
2025-07-06 16:58:57,733 : INFO : EventManager : Event: ======'modes_active_modes_changed'====== Args={}
2025-07-06 16:58:57,734 : INFO : EventManager : Event: ======'mode_attract_stopped'====== Args={}
2025-07-06 16:58:57,734 : INFO : EventManager : Event: ======'clear'====== Args={'key': 'attract'}
2025-07-06 16:58:57,734 : INFO : Mode.game : Started. Priority: 20
2025-07-06 16:58:57,734 : INFO : EventManager : Event: ======'modes_active_modes_changed'====== Args={}
2025-07-06 16:58:57,734 : INFO : EventManager : Event: ======'mode_game_started'====== Args={'buttons': [], 'hold_time': 0.08201533300000019}
2025-07-06 16:58:57,735 : INFO : EventManager : Event: ======'game_will_start'====== Args={}
2025-07-06 16:58:57,736 : INFO : EventManager : Event: ======'game_starting'====== Args={'game': <Mode.game>}
2025-07-06 16:58:57,737 : INFO : EventManager : Unordered handler for class <Auditor> on event game_ended with priority 1. Handlers: [RegisteredHandler(callback=<bound method Auditor.disable of <Auditor>>, priority=1, kwargs={}, key=UUID('926194a4-c982-4168-94e0-4491a90541fb'), condition=None, blocking_facility=None), RegisteredHandler(callback=<bound method Auditor._save_audits of <Auditor>>, priority=1, kwargs={}, key=UUID('2088fabb-eac2-47e9-afa0-302c441a348c'), condition=None, blocking_facility=None)]. The order of those handlers is not defined and they will be executed in random order. This might lead to race conditions and potential bugs.
2025-07-06 16:58:57,737 : INFO : EventManager : Event: ======'player_add_request'====== Args={}
2025-07-06 16:58:57,737 : INFO : EventManager : Event: ======'player_will_add'====== Args={'number': 1}
2025-07-06 16:58:57,737 : INFO : EventManager : Event: ======'player_adding'====== Args={'player': <Player 1>, 'number': 1}
2025-07-06 16:58:57,737 : INFO : EventManager : Event: ======'player_added'====== Args={'player': <Player 1>, 'num': 1}
2025-07-06 16:58:57,737 : INFO : Mode.game : Player added successfully. Total players: 1
2025-07-06 16:58:57,737 : INFO : EventManager : Event: ======'player_index'====== Args={'value': 0, 'prev_value': 0, 'change': 0, 'player_num': 1}
2025-07-06 16:58:57,738 : INFO : EventManager : Event: ======'player_number'====== Args={'value': 1, 'prev_value': 1, 'change': 0, 'player_num': 1}
2025-07-06 16:58:57,738 : INFO : EventManager : Event: ======'player_score'====== Args={'value': 0, 'prev_value': 0, 'change': 0, 'player_num': 1}
2025-07-06 16:58:57,739 : INFO : EventManager : Event: ======'game_started'====== Args={}
2025-07-06 16:58:57,739 : INFO : EventManager : Event: ======'player_turn_will_start'====== Args={'player': <Player 1>, 'number': 1}
2025-07-06 16:58:57,743 : INFO : EventManager : Event: ======'player_turn_starting'====== Args={'player': <Player 1>, 'number': 1}
2025-07-06 16:58:57,746 : INFO : EventManager : Event: ======'player_ball'====== Args={'value': 1, 'prev_value': 0, 'change': 1, 'player_num': 1}
2025-07-06 16:58:57,746 : INFO : EventManager : Event: ======'player_turn_started'====== Args={'player': <Player 1>, 'number': 1}
2025-07-06 16:58:57,747 : INFO : EventManager : Event: ======'slide_awesome_slide_removed'====== Args={'_from_bcp': True}
2025-07-06 16:58:57,747 : INFO : EventManager : Event: ======'slide_window_blank_active'====== Args={'_from_bcp': True}
2025-07-06 16:58:57,747 : INFO : EventManager : Event: ======'ball_will_start'====== Args={'player': 1, 'ball': 1, 'balls_remaining': 2, 'is_extra_ball': False}
2025-07-06 16:58:57,747 : INFO : EventManager : Event: ======'ball_starting'====== Args={'player': 1, 'ball': 1, 'balls_remaining': 2, 'is_extra_ball': False}
2025-07-06 16:58:57,748 : INFO : EventManager : Event: ======'mode_grave_targets_will_start'====== Args={'queue': <QueuedEvent>, 'player': 1, 'ball': 1, 'balls_remaining': 2, 'is_extra_ball': False}
2025-07-06 16:58:57,748 : INFO : EventManager : Event: ======'grave_targets_group_complete'====== Args={'state': 'None'}
2025-07-06 16:58:57,748 : INFO : EventManager : Event: ======'grave_targets_group_None_complete'====== Args={}
2025-07-06 16:58:57,748 : INFO : EventManager : Event: ======'player_shot_shot_target_g_enabled'====== Args={'value': True, 'prev_value': 0, 'change': 1, 'player_num': 1}
2025-07-06 16:58:57,749 : INFO : EventManager : Event: ======'player_shot_shot_target_r_enabled'====== Args={'value': True, 'prev_value': 0, 'change': 1, 'player_num': 1}
2025-07-06 16:58:57,749 : INFO : EventManager : Event: ======'player_shot_shot_right_scoop_enabled'====== Args={'value': True, 'prev_value': 0, 'change': 1, 'player_num': 1}
2025-07-06 16:58:57,750 : INFO : EventManager : Event: ======'mode_grave_targets_starting'====== Args={'queue': <QueuedEvent>, 'player': 1, 'ball': 1, 'balls_remaining': 2, 'is_extra_ball': False}
2025-07-06 16:58:57,750 : INFO : EventManager : Event: ======'mode_base_will_start'====== Args={'queue': <QueuedEvent>, 'player': 1, 'ball': 1, 'balls_remaining': 2, 'is_extra_ball': False}
2025-07-06 16:58:57,751 : INFO : EventManager : Event: ======'player_shot_shot_right_outlane_enabled'====== Args={'value': True, 'prev_value': 0, 'change': 1, 'player_num': 1}
2025-07-06 16:58:57,751 : INFO : EventManager : Event: ======'player_shot_shot_right_inlane_enabled'====== Args={'value': True, 'prev_value': 0, 'change': 1, 'player_num': 1}
2025-07-06 16:58:57,751 : INFO : EventManager : Event: ======'player_shot_shot_left_inlane_1_enabled'====== Args={'value': True, 'prev_value': 0, 'change': 1, 'player_num': 1}
2025-07-06 16:58:57,751 : INFO : EventManager : Event: ======'player_shot_shot_left_inlane_2_enabled'====== Args={'value': True, 'prev_value': 0, 'change': 1, 'player_num': 1}
2025-07-06 16:58:57,752 : INFO : EventManager : Event: ======'player_shot_shot_left_outlane_enabled'====== Args={'value': True, 'prev_value': 0, 'change': 1, 'player_num': 1}
2025-07-06 16:58:57,752 : INFO : EventManager : Event: ======'player_shot_shot_pop1_enabled'====== Args={'value': True, 'prev_value': 0, 'change': 1, 'player_num': 1}
2025-07-06 16:58:57,752 : INFO : EventManager : Event: ======'player_shot_shot_pop2_enabled'====== Args={'value': True, 'prev_value': 0, 'change': 1, 'player_num': 1}
2025-07-06 16:58:57,753 : INFO : EventManager : Event: ======'player_shot_shot_pop3_enabled'====== Args={'value': True, 'prev_value': 0, 'change': 1, 'player_num': 1}
2025-07-06 16:58:57,753 : INFO : EventManager : Event: ======'player_shot_shot_pop4_enabled'====== Args={'value': True, 'prev_value': 0, 'change': 1, 'player_num': 1}
2025-07-06 16:58:57,754 : INFO : EventManager : Event: ======'player_shot_shot_pop5_enabled'====== Args={'value': True, 'prev_value': 0, 'change': 1, 'player_num': 1}
2025-07-06 16:58:57,755 : INFO : EventManager : Event: ======'mode_base_starting'====== Args={'queue': <QueuedEvent>, 'player': 1, 'ball': 1, 'balls_remaining': 2, 'is_extra_ball': False}
2025-07-06 16:58:57,755 : INFO : Mode.base : Started. Priority: 100
2025-07-06 16:58:57,755 : INFO : EventManager : Event: ======'modes_active_modes_changed'====== Args={}
2025-07-06 16:58:57,755 : INFO : EventManager : Event: ======'mode_base_started'====== Args={'queue': <QueuedEvent>, 'player': 1, 'ball': 1, 'balls_remaining': 2, 'is_extra_ball': False}
2025-07-06 16:58:57,756 : INFO : Mode.grave_targets : Started. Priority: 200
2025-07-06 16:58:57,756 : INFO : EventManager : Event: ======'modes_active_modes_changed'====== Args={}
2025-07-06 16:58:57,756 : INFO : EventManager : Event: ======'mode_grave_targets_started'====== Args={'queue': <QueuedEvent>, 'player': 1, 'ball': 1, 'balls_remaining': 2, 'is_extra_ball': False}
2025-07-06 16:58:57,757 : INFO : EventManager : Event: ======'reset_targets'====== Args={'priority': 0}
2025-07-06 16:58:57,757 : INFO : EventManager : Event: ======'balls_in_play'====== Args={'balls': 1}
2025-07-06 16:58:57,757 : INFO : EventManager : Event: ======'ball_started'====== Args={'player': 1, 'ball': 1, 'balls_remaining': 2, 'is_extra_ball': False}
2025-07-06 16:58:57,760 : INFO : EventManager : Event: ======'single_player_ball_started'====== Args={}
2025-07-06 16:58:57,761 : INFO : EventManager : Event: ======'ball_start_target'====== Args={'target': 'playfield'}
2025-07-06 16:58:57,761 : INFO : ball_device.bd_trough : Setting up player-controlled eject. Balls: 1, Target: <playfield.playfield>, player_controlled_eject_event: None
2025-07-06 16:58:57,761 : INFO : ball_device.bd_trough : Adding 1 ball(s) to the eject_queue with target <playfield.playfield>.
2025-07-06 16:58:57,761 : INFO : EventManager : Event: ======'balldevice_balls_available'====== Args={}
2025-07-06 16:58:57,762 : INFO : ball_device.bd_trough : State: waiting_for_target_ready
2025-07-06 16:58:57,762 : INFO : EventManager : Event: ======'balldevice_bd_trough_ball_eject_attempt'====== Args={'balls': 1, 'target': <playfield.playfield>, 'source': <ball_device.bd_trough>, 'mechanical_eject': False, 'num_attempts': 0}
2025-07-06 16:58:57,762 : INFO : ball_device.bd_trough : State: ejecting
2025-07-06 16:58:57,762 : INFO : ball_device.bd_trough : Ejecting ball to <playfield.playfield>
2025-07-06 16:58:57,762 : INFO : EventManager : Event: ======'balldevice_bd_trough_ejecting_ball'====== Args={'balls': 1, 'target': <playfield.playfield>, 'source': <ball_device.bd_trough>, 'mechanical_eject': False, 'num_attempts': 0}
2025-07-06 16:58:57,763 : INFO : ball_device.bd_trough : Wait for ball to leave device
2025-07-06 16:58:57,763 : INFO : coil.c_trough_eject : Pulsing Driver for 35ms (1.0 pulse_power)
2025-07-06 16:58:57,763 : INFO : SwitchController : <<<<<<< 's_trough1' inactive >>>>>>>
2025-07-06 16:58:57,763 : INFO : ball_device.bd_trough : State: ball_left
2025-07-06 16:58:57,763 : INFO : ball_device.bd_trough : Ball left
2025-07-06 16:58:57,763 : INFO : ball_device.bd_trough : Wait for confirm with timeout 10.0
2025-07-06 16:58:57,776 : INFO : EventManager : Event: ======'slide_base.slide_player-mode_base_started_created'====== Args={'_from_bcp': True}
2025-07-06 16:58:57,777 : INFO : EventManager : Event: ======'slide_base.slide_player-mode_base_started_active'====== Args={'_from_bcp': True}
2025-07-06 16:58:58,742 : INFO : SwitchController : <<<<<<< 's_target_r' active >>>>>>>
2025-07-06 16:58:58,742 : INFO : EventManager : Event: ======'playfield_active'====== Args={'source': 'shot_target_r'}
2025-07-06 16:58:58,742 : INFO : EventManager : Event: ======'s_target_r_active'====== Args={}
2025-07-06 16:58:58,743 : INFO : EventManager : Event: ======'sw_playfield_active'====== Args={}
2025-07-06 16:58:58,743 : INFO : EventManager : Event: ======'machine_var_audits_switches_s_target_r'====== Args={'value': 38, 'prev_value': 37, 'change': 1}
2025-07-06 16:58:58,743 : INFO : EventManager : Event: ======'player_shot_shot_target_r'====== Args={'value': 1, 'prev_value': 0, 'change': 1, 'player_num': 1}
2025-07-06 16:58:58,744 : INFO : EventManager : Event: ======'machine_var_audits_shots_shot_target_r'====== Args={'value': 38, 'prev_value': 37, 'change': 1}
2025-07-06 16:58:58,744 : INFO : EventManager : Event: ======'shot_target_r_hit'====== Args={'profile': 'target_profile', 'state': 'unlit', 'advancing': True}
2025-07-06 16:58:58,744 : INFO : EventManager : Event: ======'shot_target_r_target_profile_hit'====== Args={'profile': 'target_profile', 'state': 'unlit', 'advancing': True}
2025-07-06 16:58:58,745 : INFO : EventManager : Event: ======'shot_target_r_target_profile_unlit_hit'====== Args={'profile': 'target_profile', 'state': 'unlit', 'advancing': True}
2025-07-06 16:58:58,745 : INFO : EventManager : Event: ======'shot_target_r_unlit_hit'====== Args={'profile': 'target_profile', 'state': 'unlit', 'advancing': True}
2025-07-06 16:58:58,745 : INFO : EventManager : Event: ======'player_score'====== Args={'value': 100, 'prev_value': 0, 'change': 100, 'player_num': 1, 'source': 'grave_targets'}
2025-07-06 16:58:58,745 : INFO : EventManager : Event: ======'player_score'====== Args={'value': 1100, 'prev_value': 100, 'change': 1000, 'player_num': 1, 'source': 'base'}
2025-07-06 16:58:58,745 : INFO : EventManager : Event: ======'grave_targets_group_hit'====== Args={}
2025-07-06 16:58:58,745 : INFO : EventManager : Event: ======'grave_targets_group_unlit_hit'====== Args={}
2025-07-06 16:58:58,747 : INFO : EventManager : Event: ======'playfield_active'====== Args={'source': None}
2025-07-06 16:58:58,747 : INFO : ball_device.bd_trough : Got eject confirm
2025-07-06 16:58:58,747 : INFO : ball_device.bd_trough : Eject successful
2025-07-06 16:58:58,747 : INFO : EventManager : Event: ======'balldevice_bd_trough_ball_eject_success'====== Args={'balls': 1, 'target': <playfield.playfield>}
2025-07-06 16:58:58,747 : INFO : EventManager : Event: ======'balldevice_playfield_ball_enter'====== Args={'new_balls': 1, 'unclaimed_balls': 1, 'device': <playfield.playfield>}
2025-07-06 16:58:58,748 : INFO : EventManager : Event: ======'playfield_ball_count_change'====== Args={'balls': 1, 'change': 1}
2025-07-06 16:58:58,748 : INFO : EventManager : Event: ======'balldevice_bd_trough_ball_count_changed'====== Args={'balls': 0}
2025-07-06 16:58:58,748 : INFO : ball_device.bd_trough : State: idle
2025-07-06 16:58:58,813 : INFO : SwitchController : <<<<<<< 's_target_r' inactive >>>>>>>
2025-07-06 16:58:59,314 : INFO : SwitchController : <<<<<<< 's_target_g' active >>>>>>>
2025-07-06 16:58:59,315 : INFO : EventManager : Event: ======'s_target_g_active'====== Args={}
2025-07-06 16:58:59,315 : INFO : EventManager : Event: ======'sw_playfield_active'====== Args={}
2025-07-06 16:58:59,316 : INFO : EventManager : Event: ======'machine_var_audits_switches_s_target_g'====== Args={'value': 61, 'prev_value': 60, 'change': 1}
2025-07-06 16:58:59,317 : INFO : EventManager : Event: ======'player_shot_shot_target_g'====== Args={'value': 1, 'prev_value': 0, 'change': 1, 'player_num': 1}
2025-07-06 16:58:59,318 : INFO : EventManager : Event: ======'machine_var_audits_shots_shot_target_g'====== Args={'value': 57, 'prev_value': 56, 'change': 1}
2025-07-06 16:58:59,318 : INFO : EventManager : Event: ======'shot_target_g_hit'====== Args={'profile': 'target_profile', 'state': 'unlit', 'advancing': True}
2025-07-06 16:58:59,319 : INFO : EventManager : Event: ======'shot_target_g_target_profile_hit'====== Args={'profile': 'target_profile', 'state': 'unlit', 'advancing': True}
2025-07-06 16:58:59,319 : INFO : EventManager : Event: ======'shot_target_g_target_profile_unlit_hit'====== Args={'profile': 'target_profile', 'state': 'unlit', 'advancing': True}
2025-07-06 16:58:59,319 : INFO : EventManager : Event: ======'shot_target_g_unlit_hit'====== Args={'profile': 'target_profile', 'state': 'unlit', 'advancing': True}
2025-07-06 16:58:59,320 : INFO : EventManager : Event: ======'grave_targets_group_complete'====== Args={'state': 'lit'}
2025-07-06 16:58:59,320 : INFO : EventManager : Event: ======'grave_targets_group_lit_complete'====== Args={}
2025-07-06 16:58:59,320 : INFO : EventManager : Event: ======'player_score'====== Args={'value': 1200, 'prev_value': 1100, 'change': 100, 'player_num': 1, 'source': 'grave_targets'}
2025-07-06 16:58:59,320 : INFO : EventManager : Event: ======'player_score'====== Args={'value': 2200, 'prev_value': 1200, 'change': 1000, 'player_num': 1, 'source': 'base'}
2025-07-06 16:58:59,321 : INFO : EventManager : Event: ======'grave_targets_group_hit'====== Args={}
2025-07-06 16:58:59,321 : INFO : EventManager : Event: ======'grave_targets_group_unlit_hit'====== Args={}
2025-07-06 16:58:59,415 : INFO : SwitchController : <<<<<<< 's_target_g' inactive >>>>>>>
2025-07-06 16:59:00,446 : INFO : SwitchController : <<<<<<< 's_right_scoop' active >>>>>>>
2025-07-06 16:59:00,447 : INFO : EventManager : Event: ======'s_right_scoop_active'====== Args={}
2025-07-06 16:59:00,447 : INFO : EventManager : Event: ======'sw_playfield_active'====== Args={}
2025-07-06 16:59:00,447 : INFO : EventManager : Event: ======'machine_var_audits_switches_s_right_scoop'====== Args={'value': 170, 'prev_value': 169, 'change': 1}
2025-07-06 16:59:00,448 : INFO : EventManager : Event: ======'player_shot_shot_right_scoop'====== Args={'value': 1, 'prev_value': 0, 'change': 1, 'player_num': 1}
2025-07-06 16:59:00,449 : INFO : EventManager : Event: ======'machine_var_audits_shots_shot_right_scoop'====== Args={'value': 1158353, 'prev_value': 1158352, 'change': 1}
2025-07-06 16:59:00,449 : INFO : EventManager : Event: ======'shot_right_scoop_hit'====== Args={'profile': 'scoop_profile', 'state': 'unlit', 'advancing': True}
2025-07-06 16:59:00,449 : INFO : EventManager : Event: ======'shot_right_scoop_scoop_profile_hit'====== Args={'profile': 'scoop_profile', 'state': 'unlit', 'advancing': True}
2025-07-06 16:59:00,450 : INFO : EventManager : Event: ======'shot_right_scoop_scoop_profile_unlit_hit'====== Args={'profile': 'scoop_profile', 'state': 'unlit', 'advancing': True}
2025-07-06 16:59:00,450 : INFO : EventManager : Event: ======'shot_right_scoop_unlit_hit'====== Args={'profile': 'scoop_profile', 'state': 'unlit', 'advancing': True}
2025-07-06 16:59:00,450 : INFO : EventManager : Event: ======'player_score'====== Args={'value': 2300, 'prev_value': 2200, 'change': 100, 'player_num': 1, 'source': 'grave_targets'}
2025-07-06 16:59:00,538 : INFO : SwitchController : <<<<<<< 's_right_scoop' inactive >>>>>>>
2025-07-06 16:59:01,003 : INFO : SwitchController : <<<<<<< 's_right_scoop' active >>>>>>>
2025-07-06 16:59:01,004 : INFO : EventManager : Event: ======'s_right_scoop_active'====== Args={}
2025-07-06 16:59:01,004 : INFO : EventManager : Event: ======'sw_playfield_active'====== Args={}
2025-07-06 16:59:01,004 : INFO : EventManager : Event: ======'machine_var_audits_switches_s_right_scoop'====== Args={'value': 171, 'prev_value': 170, 'change': 1}
2025-07-06 16:59:01,004 : INFO : EventManager : Event: ======'machine_var_audits_shots_shot_right_scoop'====== Args={'value': 1158354, 'prev_value': 1158353, 'change': 1}
2025-07-06 16:59:01,005 : INFO : EventManager : Event: ======'shot_right_scoop_hit'====== Args={'profile': 'scoop_profile', 'state': 'lit', 'advancing': False}
2025-07-06 16:59:01,005 : INFO : EventManager : Event: ======'shot_right_scoop_scoop_profile_hit'====== Args={'profile': 'scoop_profile', 'state': 'lit', 'advancing': False}
2025-07-06 16:59:01,005 : INFO : EventManager : Event: ======'shot_right_scoop_scoop_profile_lit_hit'====== Args={'profile': 'scoop_profile', 'state': 'lit', 'advancing': False}
2025-07-06 16:59:01,005 : INFO : EventManager : Event: ======'shot_right_scoop_lit_hit'====== Args={'profile': 'scoop_profile', 'state': 'lit', 'advancing': False}
2025-07-06 16:59:01,005 : INFO : EventManager : Event: ======'reset_targets'====== Args={'priority': 0}
2025-07-06 16:59:01,005 : INFO : EventManager : Event: ======'player_score'====== Args={'value': 22300, 'prev_value': 2300, 'change': 20000, 'player_num': 1, 'source': 'grave_targets'}
2025-07-06 16:59:01,005 : INFO : EventManager : Event: ======'player_shot_shot_target_g'====== Args={'value': 0, 'prev_value': 1, 'change': -1, 'player_num': 1}
2025-07-06 16:59:01,006 : INFO : EventManager : Event: ======'player_shot_shot_target_r'====== Args={'value': 0, 'prev_value': 1, 'change': -1, 'player_num': 1}
2025-07-06 16:59:01,006 : INFO : EventManager : Event: ======'player_shot_shot_right_scoop'====== Args={'value': 0, 'prev_value': 1, 'change': -1, 'player_num': 1}
2025-07-06 16:59:01,006 : INFO : EventManager : Event: ======'grave_targets_group_complete'====== Args={'state': 'unlit'}
2025-07-06 16:59:01,006 : INFO : EventManager : Event: ======'grave_targets_group_unlit_complete'====== Args={}
2025-07-06 16:59:01,129 : INFO : SwitchController : <<<<<<< 's_right_scoop' inactive >>>>>>>
2025-07-06 16:59:01,985 : INFO : SwitchController : <<<<<<< 's_right_scoop' active >>>>>>>
2025-07-06 16:59:01,986 : INFO : EventManager : Event: ======'s_right_scoop_active'====== Args={}
2025-07-06 16:59:01,986 : INFO : EventManager : Event: ======'sw_playfield_active'====== Args={}
2025-07-06 16:59:01,986 : INFO : EventManager : Event: ======'machine_var_audits_switches_s_right_scoop'====== Args={'value': 172, 'prev_value': 171, 'change': 1}
2025-07-06 16:59:01,987 : INFO : EventManager : Event: ======'player_shot_shot_right_scoop'====== Args={'value': 1, 'prev_value': 0, 'change': 1, 'player_num': 1}
2025-07-06 16:59:01,987 : INFO : EventManager : Event: ======'machine_var_audits_shots_shot_right_scoop'====== Args={'value': 1158355, 'prev_value': 1158354, 'change': 1}
2025-07-06 16:59:01,987 : INFO : EventManager : Event: ======'shot_right_scoop_hit'====== Args={'profile': 'scoop_profile', 'state': 'unlit', 'advancing': True}
2025-07-06 16:59:01,987 : INFO : EventManager : Event: ======'shot_right_scoop_scoop_profile_hit'====== Args={'profile': 'scoop_profile', 'state': 'unlit', 'advancing': True}
2025-07-06 16:59:01,987 : INFO : EventManager : Event: ======'shot_right_scoop_scoop_profile_unlit_hit'====== Args={'profile': 'scoop_profile', 'state': 'unlit', 'advancing': True}
2025-07-06 16:59:01,987 : INFO : EventManager : Event: ======'shot_right_scoop_unlit_hit'====== Args={'profile': 'scoop_profile', 'state': 'unlit', 'advancing': True}
2025-07-06 16:59:01,988 : INFO : EventManager : Event: ======'player_score'====== Args={'value': 22400, 'prev_value': 22300, 'change': 100, 'player_num': 1, 'source': 'grave_targets'}
2025-07-06 16:59:02,125 : INFO : SwitchController : <<<<<<< 's_right_scoop' inactive >>>>>>>
2025-07-06 16:59:02,348 : INFO : SwitchController : <<<<<<< 's_right_scoop' active >>>>>>>
2025-07-06 16:59:02,348 : INFO : EventManager : Event: ======'s_right_scoop_active'====== Args={}
2025-07-06 16:59:02,348 : INFO : EventManager : Event: ======'sw_playfield_active'====== Args={}
2025-07-06 16:59:02,349 : INFO : EventManager : Event: ======'machine_var_audits_switches_s_right_scoop'====== Args={'value': 173, 'prev_value': 172, 'change': 1}
2025-07-06 16:59:02,349 : INFO : EventManager : Event: ======'machine_var_audits_shots_shot_right_scoop'====== Args={'value': 1158356, 'prev_value': 1158355, 'change': 1}
2025-07-06 16:59:02,350 : INFO : EventManager : Event: ======'shot_right_scoop_hit'====== Args={'profile': 'scoop_profile', 'state': 'lit', 'advancing': False}
2025-07-06 16:59:02,351 : INFO : EventManager : Event: ======'shot_right_scoop_scoop_profile_hit'====== Args={'profile': 'scoop_profile', 'state': 'lit', 'advancing': False}
2025-07-06 16:59:02,351 : INFO : EventManager : Event: ======'shot_right_scoop_scoop_profile_lit_hit'====== Args={'profile': 'scoop_profile', 'state': 'lit', 'advancing': False}
2025-07-06 16:59:02,351 : INFO : EventManager : Event: ======'shot_right_scoop_lit_hit'====== Args={'profile': 'scoop_profile', 'state': 'lit', 'advancing': False}
2025-07-06 16:59:02,352 : INFO : EventManager : Event: ======'reset_targets'====== Args={'priority': 0}
2025-07-06 16:59:02,352 : INFO : EventManager : Event: ======'player_score'====== Args={'value': 42400, 'prev_value': 22400, 'change': 20000, 'player_num': 1, 'source': 'grave_targets'}
2025-07-06 16:59:02,352 : INFO : EventManager : Event: ======'player_shot_shot_right_scoop'====== Args={'value': 0, 'prev_value': 1, 'change': -1, 'player_num': 1}
2025-07-06 16:59:02,484 : INFO : SwitchController : <<<<<<< 's_right_scoop' inactive >>>>>>>
2025-07-06 16:59:02,712 : INFO : SwitchController : <<<<<<< 's_right_scoop' active >>>>>>>
2025-07-06 16:59:02,712 : INFO : EventManager : Event: ======'s_right_scoop_active'====== Args={}
2025-07-06 16:59:02,713 : INFO : EventManager : Event: ======'sw_playfield_active'====== Args={}
2025-07-06 16:59:02,713 : INFO : EventManager : Event: ======'machine_var_audits_switches_s_right_scoop'====== Args={'value': 174, 'prev_value': 173, 'change': 1}
2025-07-06 16:59:02,714 : INFO : EventManager : Event: ======'player_shot_shot_right_scoop'====== Args={'value': 1, 'prev_value': 0, 'change': 1, 'player_num': 1}
2025-07-06 16:59:02,715 : INFO : EventManager : Event: ======'machine_var_audits_shots_shot_right_scoop'====== Args={'value': 1158357, 'prev_value': 1158356, 'change': 1}
2025-07-06 16:59:02,716 : INFO : EventManager : Event: ======'shot_right_scoop_hit'====== Args={'profile': 'scoop_profile', 'state': 'unlit', 'advancing': True}
2025-07-06 16:59:02,716 : INFO : EventManager : Event: ======'shot_right_scoop_scoop_profile_hit'====== Args={'profile': 'scoop_profile', 'state': 'unlit', 'advancing': True}
2025-07-06 16:59:02,716 : INFO : EventManager : Event: ======'shot_right_scoop_scoop_profile_unlit_hit'====== Args={'profile': 'scoop_profile', 'state': 'unlit', 'advancing': True}
2025-07-06 16:59:02,717 : INFO : EventManager : Event: ======'shot_right_scoop_unlit_hit'====== Args={'profile': 'scoop_profile', 'state': 'unlit', 'advancing': True}
2025-07-06 16:59:02,718 : INFO : EventManager : Event: ======'player_score'====== Args={'value': 42500, 'prev_value': 42400, 'change': 100, 'player_num': 1, 'source': 'grave_targets'}
2025-07-06 16:59:02,829 : INFO : SwitchController : <<<<<<< 's_right_scoop' inactive >>>>>>>
2025-07-06 16:59:02,913 : INFO : SwitchController : <<<<<<< 's_right_scoop' active >>>>>>>
2025-07-06 16:59:02,913 : INFO : EventManager : Event: ======'s_right_scoop_active'====== Args={}
2025-07-06 16:59:02,913 : INFO : EventManager : Event: ======'sw_playfield_active'====== Args={}
2025-07-06 16:59:02,913 : INFO : EventManager : Event: ======'machine_var_audits_switches_s_right_scoop'====== Args={'value': 175, 'prev_value': 174, 'change': 1}
2025-07-06 16:59:02,914 : INFO : EventManager : Event: ======'machine_var_audits_shots_shot_right_scoop'====== Args={'value': 1158358, 'prev_value': 1158357, 'change': 1}
2025-07-06 16:59:02,914 : INFO : EventManager : Event: ======'shot_right_scoop_hit'====== Args={'profile': 'scoop_profile', 'state': 'lit', 'advancing': False}
2025-07-06 16:59:02,914 : INFO : EventManager : Event: ======'shot_right_scoop_scoop_profile_hit'====== Args={'profile': 'scoop_profile', 'state': 'lit', 'advancing': False}
2025-07-06 16:59:02,914 : INFO : EventManager : Event: ======'shot_right_scoop_scoop_profile_lit_hit'====== Args={'profile': 'scoop_profile', 'state': 'lit', 'advancing': False}
2025-07-06 16:59:02,914 : INFO : EventManager : Event: ======'shot_right_scoop_lit_hit'====== Args={'profile': 'scoop_profile', 'state': 'lit', 'advancing': False}
2025-07-06 16:59:02,914 : INFO : EventManager : Event: ======'reset_targets'====== Args={'priority': 0}
2025-07-06 16:59:02,914 : INFO : EventManager : Event: ======'player_score'====== Args={'value': 62500, 'prev_value': 42500, 'change': 20000, 'player_num': 1, 'source': 'grave_targets'}
2025-07-06 16:59:02,914 : INFO : EventManager : Event: ======'player_shot_shot_right_scoop'====== Args={'value': 0, 'prev_value': 1, 'change': -1, 'player_num': 1}
2025-07-06 16:59:03,000 : INFO : SwitchController : <<<<<<< 's_right_scoop' inactive >>>>>>>
2025-07-06 16:59:03,096 : INFO : SwitchController : <<<<<<< 's_right_scoop' active >>>>>>>
2025-07-06 16:59:03,096 : INFO : EventManager : Event: ======'s_right_scoop_active'====== Args={}
2025-07-06 16:59:03,097 : INFO : EventManager : Event: ======'sw_playfield_active'====== Args={}
2025-07-06 16:59:03,097 : INFO : EventManager : Event: ======'machine_var_audits_switches_s_right_scoop'====== Args={'value': 176, 'prev_value': 175, 'change': 1}
2025-07-06 16:59:03,097 : INFO : EventManager : Event: ======'player_shot_shot_right_scoop'====== Args={'value': 1, 'prev_value': 0, 'change': 1, 'player_num': 1}
2025-07-06 16:59:03,098 : INFO : EventManager : Event: ======'machine_var_audits_shots_shot_right_scoop'====== Args={'value': 1158359, 'prev_value': 1158358, 'change': 1}
2025-07-06 16:59:03,098 : INFO : EventManager : Event: ======'shot_right_scoop_hit'====== Args={'profile': 'scoop_profile', 'state': 'unlit', 'advancing': True}
2025-07-06 16:59:03,098 : INFO : EventManager : Event: ======'shot_right_scoop_scoop_profile_hit'====== Args={'profile': 'scoop_profile', 'state': 'unlit', 'advancing': True}
2025-07-06 16:59:03,098 : INFO : EventManager : Event: ======'shot_right_scoop_scoop_profile_unlit_hit'====== Args={'profile': 'scoop_profile', 'state': 'unlit', 'advancing': True}
2025-07-06 16:59:03,099 : INFO : EventManager : Event: ======'shot_right_scoop_unlit_hit'====== Args={'profile': 'scoop_profile', 'state': 'unlit', 'advancing': True}
2025-07-06 16:59:03,099 : INFO : EventManager : Event: ======'player_score'====== Args={'value': 62600, 'prev_value': 62500, 'change': 100, 'player_num': 1, 'source': 'grave_targets'}
2025-07-06 16:59:03,188 : INFO : SwitchController : <<<<<<< 's_right_scoop' inactive >>>>>>>
2025-07-06 16:59:03,300 : INFO : SwitchController : <<<<<<< 's_right_scoop' active >>>>>>>
2025-07-06 16:59:03,301 : INFO : EventManager : Event: ======'s_right_scoop_active'====== Args={}
2025-07-06 16:59:03,301 : INFO : EventManager : Event: ======'sw_playfield_active'====== Args={}
2025-07-06 16:59:03,301 : INFO : EventManager : Event: ======'machine_var_audits_switches_s_right_scoop'====== Args={'value': 177, 'prev_value': 176, 'change': 1}
2025-07-06 16:59:03,302 : INFO : EventManager : Event: ======'machine_var_audits_shots_shot_right_scoop'====== Args={'value': 1158360, 'prev_value': 1158359, 'change': 1}
2025-07-06 16:59:03,302 : INFO : EventManager : Event: ======'shot_right_scoop_hit'====== Args={'profile': 'scoop_profile', 'state': 'lit', 'advancing': False}
2025-07-06 16:59:03,302 : INFO : EventManager : Event: ======'shot_right_scoop_scoop_profile_hit'====== Args={'profile': 'scoop_profile', 'state': 'lit', 'advancing': False}
2025-07-06 16:59:03,303 : INFO : EventManager : Event: ======'shot_right_scoop_scoop_profile_lit_hit'====== Args={'profile': 'scoop_profile', 'state': 'lit', 'advancing': False}
2025-07-06 16:59:03,303 : INFO : EventManager : Event: ======'shot_right_scoop_lit_hit'====== Args={'profile': 'scoop_profile', 'state': 'lit', 'advancing': False}
2025-07-06 16:59:03,303 : INFO : EventManager : Event: ======'reset_targets'====== Args={'priority': 0}
2025-07-06 16:59:03,303 : INFO : EventManager : Event: ======'player_score'====== Args={'value': 82600, 'prev_value': 62600, 'change': 20000, 'player_num': 1, 'source': 'grave_targets'}
2025-07-06 16:59:03,303 : INFO : EventManager : Event: ======'player_shot_shot_right_scoop'====== Args={'value': 0, 'prev_value': 1, 'change': -1, 'player_num': 1}
2025-07-06 16:59:03,379 : INFO : SwitchController : <<<<<<< 's_right_scoop' inactive >>>>>>>
2025-07-06 16:59:03,471 : INFO : SwitchController : <<<<<<< 's_right_scoop' active >>>>>>>
2025-07-06 16:59:03,471 : INFO : EventManager : Event: ======'s_right_scoop_active'====== Args={}
2025-07-06 16:59:03,472 : INFO : EventManager : Event: ======'sw_playfield_active'====== Args={}
2025-07-06 16:59:03,472 : INFO : EventManager : Event: ======'machine_var_audits_switches_s_right_scoop'====== Args={'value': 178, 'prev_value': 177, 'change': 1}
2025-07-06 16:59:03,472 : INFO : EventManager : Event: ======'player_shot_shot_right_scoop'====== Args={'value': 1, 'prev_value': 0, 'change': 1, 'player_num': 1}
2025-07-06 16:59:03,473 : INFO : EventManager : Event: ======'machine_var_audits_shots_shot_right_scoop'====== Args={'value': 1158361, 'prev_value': 1158360, 'change': 1}
2025-07-06 16:59:03,473 : INFO : EventManager : Event: ======'shot_right_scoop_hit'====== Args={'profile': 'scoop_profile', 'state': 'unlit', 'advancing': True}
2025-07-06 16:59:03,473 : INFO : EventManager : Event: ======'shot_right_scoop_scoop_profile_hit'====== Args={'profile': 'scoop_profile', 'state': 'unlit', 'advancing': True}
2025-07-06 16:59:03,474 : INFO : EventManager : Event: ======'shot_right_scoop_scoop_profile_unlit_hit'====== Args={'profile': 'scoop_profile', 'state': 'unlit', 'advancing': True}
2025-07-06 16:59:03,474 : INFO : EventManager : Event: ======'shot_right_scoop_unlit_hit'====== Args={'profile': 'scoop_profile', 'state': 'unlit', 'advancing': True}
2025-07-06 16:59:03,474 : INFO : EventManager : Event: ======'player_score'====== Args={'value': 82700, 'prev_value': 82600, 'change': 100, 'player_num': 1, 'source': 'grave_targets'}
2025-07-06 16:59:03,567 : INFO : SwitchController : <<<<<<< 's_right_scoop' inactive >>>>>>>
2025-07-06 16:59:03,885 : INFO : SwitchController : <<<<<<< 's_right_scoop' active >>>>>>>
2025-07-06 16:59:03,886 : INFO : EventManager : Event: ======'s_right_scoop_active'====== Args={}
2025-07-06 16:59:03,886 : INFO : EventManager : Event: ======'sw_playfield_active'====== Args={}
2025-07-06 16:59:03,886 : INFO : EventManager : Event: ======'machine_var_audits_switches_s_right_scoop'====== Args={'value': 179, 'prev_value': 178, 'change': 1}
2025-07-06 16:59:03,887 : INFO : EventManager : Event: ======'machine_var_audits_shots_shot_right_scoop'====== Args={'value': 1158362, 'prev_value': 1158361, 'change': 1}
2025-07-06 16:59:03,888 : INFO : EventManager : Event: ======'shot_right_scoop_hit'====== Args={'profile': 'scoop_profile', 'state': 'lit', 'advancing': False}
2025-07-06 16:59:03,888 : INFO : EventManager : Event: ======'shot_right_scoop_scoop_profile_hit'====== Args={'profile': 'scoop_profile', 'state': 'lit', 'advancing': False}
2025-07-06 16:59:03,888 : INFO : EventManager : Event: ======'shot_right_scoop_scoop_profile_lit_hit'====== Args={'profile': 'scoop_profile', 'state': 'lit', 'advancing': False}
2025-07-06 16:59:03,888 : INFO : EventManager : Event: ======'shot_right_scoop_lit_hit'====== Args={'profile': 'scoop_profile', 'state': 'lit', 'advancing': False}
2025-07-06 16:59:03,889 : INFO : EventManager : Event: ======'reset_targets'====== Args={'priority': 0}
2025-07-06 16:59:03,889 : INFO : EventManager : Event: ======'player_score'====== Args={'value': 102700, 'prev_value': 82700, 'change': 20000, 'player_num': 1, 'source': 'grave_targets'}
2025-07-06 16:59:03,890 : INFO : EventManager : Event: ======'player_shot_shot_right_scoop'====== Args={'value': 0, 'prev_value': 1, 'change': -1, 'player_num': 1}
2025-07-06 16:59:03,979 : INFO : SwitchController : <<<<<<< 's_right_scoop' inactive >>>>>>>
2025-07-06 16:59:26,624 : INFO : Machine : Shutting down...
2025-07-06 16:59:26,624 : INFO : EventManager : Event: ======'shutdown'====== Args={}
2025-07-06 16:59:26,626 : INFO : EventManager : Event: ======'mode_game_will_stop'====== Args={}
2025-07-06 16:59:26,626 : INFO : EventManager : Event: ======'mode_game_stopping'====== Args={}
2025-07-06 16:59:26,626 : INFO : EventManager : Event: ======'mode_grave_targets_will_stop'====== Args={}
2025-07-06 16:59:26,626 : INFO : EventManager : Event: ======'mode_grave_targets_stopping'====== Args={}
2025-07-06 16:59:26,626 : INFO : EventManager : Event: ======'mode_base_will_stop'====== Args={}
2025-07-06 16:59:26,626 : INFO : EventManager : Event: ======'mode_base_stopping'====== Args={}
2025-07-06 16:59:26,627 : INFO : Mode.base : Stopped.
2025-07-06 16:59:26,627 : INFO : EventManager : Event: ======'modes_active_modes_changed'====== Args={}
2025-07-06 16:59:26,627 : INFO : EventManager : Event: ======'mode_base_stopped'====== Args={}
2025-07-06 16:59:26,627 : INFO : EventManager : Event: ======'clear'====== Args={'key': 'base'}
2025-07-06 16:59:26,628 : INFO : Mode.grave_targets : Stopped.
2025-07-06 16:59:26,628 : INFO : EventManager : Event: ======'modes_active_modes_changed'====== Args={}
2025-07-06 16:59:26,628 : INFO : EventManager : Event: ======'mode_grave_targets_stopped'====== Args={}
2025-07-06 16:59:26,628 : INFO : EventManager : Event: ======'clear'====== Args={'key': 'grave_targets'}
2025-07-06 16:59:26,628 : INFO : Mode.game : Stopped.
2025-07-06 16:59:26,628 : INFO : EventManager : Event: ======'modes_active_modes_changed'====== Args={}
2025-07-06 16:59:26,628 : INFO : EventManager : Event: ======'mode_game_stopped'====== Args={}
2025-07-06 16:59:26,629 : INFO : EventManager : Event: ======'clear'====== Args={'key': 'game'}
2025-07-06 16:59:26,641 : INFO : root : MPF run loop ended.
