2025-06-17 09:33:22,128 : INFO : root : Loading config.
2025-06-17 09:33:22,128 : INFO : YamlMultifileConfigLoader : Machine config file #1: config.yaml
2025-06-17 09:33:22,144 : INFO : ConfigProcessor : Loading config from cache: C:\Users\ruben\AppData\Local\Temp\a17888e5e1df298d67e07ada0b1bff4a.mpf_cache
2025-06-17 09:33:22,144 : WARNING : ConfigProcessor : Config file in cache changed: C:\pinball\my_machine\config\coils.yaml
2025-06-17 09:33:22,144 : INFO : ConfigProcessor : Loading config from file C:\Users\ruben\.local\pipx\venvs\mpf\lib\site-packages\mpf\mpfconfig.yaml.
2025-06-17 09:33:22,269 : INFO : ConfigProcessor : Loading config: C:\Users\ruben\.local\pipx\venvs\mpf\lib\site-packages\mpf\mpfconfig.yaml
2025-06-17 09:33:22,269 : INFO : ConfigProcessor : Loading config from file C:\pinball\my_machine\config\config.yaml.
2025-06-17 09:33:22,269 : INFO : ConfigProcessor : Loading config: C:\pinball\my_machine\config\config.yaml
2025-06-17 09:33:22,269 : INFO : ConfigProcessor : Loading config: C:\pinball\my_machine\config\hardware.yaml
2025-06-17 09:33:22,285 : INFO : ConfigProcessor : Loading config: C:\pinball\my_machine\config\switches.yaml
2025-06-17 09:33:22,303 : INFO : ConfigProcessor : Loading config: C:\pinball\my_machine\config\coils.yaml
2025-06-17 09:33:22,316 : INFO : ConfigProcessor : Loading config: C:\pinball\my_machine\config\devices.yaml
2025-06-17 09:33:22,316 : INFO : ConfigProcessor : Loading config: C:\pinball\my_machine\config\displays.yaml
2025-06-17 09:33:22,316 : INFO : ConfigProcessor : Loading config: C:\pinball\my_machine\config\slides.yaml
2025-06-17 09:33:22,316 : INFO : ConfigProcessor : Config file cache created: C:\Users\ruben\AppData\Local\Temp\a17888e5e1df298d67e07ada0b1bff4a.mpf_cache
2025-06-17 09:33:22,441 : INFO : ConfigProcessor : Loading config from cache: C:\Users\ruben\AppData\Local\Temp\67cf8ffee0fce2d4fcb5ef0bb894d8de.mpf_cache
2025-06-17 09:33:22,441 : INFO : ConfigProcessor : Loading config from cache: C:\Users\ruben\AppData\Local\Temp\25321780674732dcacb77a8f5b2a53cd.mpf_cache
2025-06-17 09:33:22,457 : INFO : ConfigProcessor : Loading config from cache: C:\Users\ruben\AppData\Local\Temp\195f66f1d07408d279921a878741edf5.mpf_cache
2025-06-17 09:33:22,457 : INFO : Machine : Mission Pinball Framework Core Engine v0.56.0
2025-06-17 09:33:22,457 : INFO : Machine : Command line arguments: {'no_load_cache': False, 'create_config_cache': True, 'bcp': True, 'configfile': ['config.yaml'], 'force_assets_load': False, 'jsonlogging': False, 'logfile': 'logs\\2025-06-17-09-33-22-mpf-DESKTOP-11MEIVG.log', 'pause': False, 'production': False, 'text_ui': True, 'loglevel': 15, 'consoleloglevel': 20, 'force_platform': None, 'syslog_address': None, 'mc_file_name': None, 'no_sound': False}
2025-06-17 09:33:22,457 : INFO : Machine : MPF path: C:\Users\ruben\.local\pipx\venvs\mpf\lib\site-packages\mpf
2025-06-17 09:33:22,457 : INFO : Machine : Machine path: C:\pinball\my_machine
2025-06-17 09:33:22,457 : INFO : Machine : Platform: win32
2025-06-17 09:33:22,457 : INFO : Machine : Python executable location: C:\Users\ruben\.local\pipx\venvs\mpf\Scripts\python.exe
2025-06-17 09:33:22,457 : INFO : Machine : Python version: 3.9.13 (64-bit)
2025-06-17 09:33:22,457 : INFO : Machine : Initialise MPF.
2025-06-17 09:33:22,674 : INFO : OPP : Connecting to com3 at 115200bps
2025-06-17 09:33:22,749 : INFO : OPP : Init of OPP board 1 done
2025-06-17 09:33:22,749 : INFO : OPP : Connecting to com4 at 115200bps
2025-06-17 09:33:22,897 : INFO : OPP : Init of OPP board 0 done
2025-06-17 09:33:22,898 : INFO : EventManager : Event: ======'machine_var_credits_string'====== Args={'value': 'FREE PLAY', 'prev_value': None, 'change': True}
2025-06-17 09:33:22,983 : INFO : EventManager : Event: ======'machine_var_master_volume'====== Args={'value': 0.5, 'prev_value': None, 'change': True}
2025-06-17 09:33:22,983 : INFO : EventManager : Event: ======'machine_var_player1_score'====== Args={'value': 0, 'prev_value': None, 'change': True}
2025-06-17 09:33:22,983 : INFO : EventManager : Event: ======'machine_var_mpf_version'====== Args={'value': 'MPF v0.56.0', 'prev_value': None, 'change': True}
2025-06-17 09:33:22,984 : INFO : EventManager : Event: ======'machine_var_mpf_extended_version'====== Args={'value': 'MPF v0.56.0, Config version:5, Show version: 5, BCP version:1.1', 'prev_value': None, 'change': True}
2025-06-17 09:33:22,984 : INFO : EventManager : Event: ======'machine_var_python_version'====== Args={'value': '3.9.13', 'prev_value': None, 'change': True}
2025-06-17 09:33:22,998 : INFO : EventManager : Event: ======'machine_var_platform'====== Args={'value': 'Windows-10-10.0.19045-SP0', 'prev_value': None, 'change': True}
2025-06-17 09:33:22,998 : INFO : EventManager : Event: ======'machine_var_platform_system'====== Args={'value': 'Windows', 'prev_value': None, 'change': True}
2025-06-17 09:33:22,998 : INFO : EventManager : Event: ======'machine_var_platform_release'====== Args={'value': '10', 'prev_value': None, 'change': True}
2025-06-17 09:33:22,998 : INFO : EventManager : Event: ======'machine_var_platform_version'====== Args={'value': '10.0.19045', 'prev_value': None, 'change': True}
2025-06-17 09:33:22,998 : INFO : EventManager : Event: ======'machine_var_platform_machine'====== Args={'value': 'AMD64', 'prev_value': None, 'change': True}
2025-06-17 09:33:22,999 : INFO : EventManager : Event: ======'init_phase_1'====== Args={}
2025-06-17 09:33:23,025 : INFO : EventManager : Event: ======'init_phase_2'====== Args={}
2025-06-17 09:33:23,031 : INFO : EventManager : Event: ======'bcp_connection_attempt'====== Args={'name': 'local_display', 'host': 'localhost', 'port': 5050}
2025-06-17 09:33:23,033 : INFO : BCPClientSocket : Connecting BCP to 'local_display' at localhost:5050...
2025-06-17 09:33:25,590 : INFO : BCPClientSocket : Connected BCP to 'local_display' localhost:5050
2025-06-17 09:33:25,591 : INFO : EventManager : Event: ======'bcp_clients_connected'====== Args={}
2025-06-17 09:33:25,603 : INFO : ball_device.bd_trough : BCH: Initial count: 0
2025-06-17 09:33:25,604 : INFO : EventManager : Event: ======'machine_var_mc_version'====== Args={'value': 'MPF-MC v0.56.1', 'prev_value': None, 'change': True}
2025-06-17 09:33:25,605 : INFO : EventManager : Event: ======'machine_var_mc_extended_version'====== Args={'value': 'MPF-MC v0.56.1 (config_version=5, BCP v1.1,                      Requires MPF API compatibility v0.56.0 or newer)', 'prev_value': None, 'change': True}
2025-06-17 09:33:25,608 : INFO : ball_device.bd_trough : State: idle
2025-06-17 09:33:25,657 : INFO : EventManager : Event: ======'init_phase_3'====== Args={}
2025-06-17 09:33:25,662 : INFO : EventManager : Event: ======'init_phase_4'====== Args={}
2025-06-17 09:33:25,663 : INFO : BallController : Initial balls found: 0
2025-06-17 09:33:25,665 : INFO : EventManager : Event: ======'machine_var_audits_events_game_ended'====== Args={'value': 50, 'prev_value': None, 'change': True}
2025-06-17 09:33:25,666 : INFO : EventManager : Event: ======'machine_var_audits_events_game_started'====== Args={'value': 98, 'prev_value': None, 'change': True}
2025-06-17 09:33:25,666 : INFO : EventManager : Event: ======'machine_var_audits_missing_switches_s_left_flipper'====== Args={'value': 8, 'prev_value': None, 'change': True}
2025-06-17 09:33:25,667 : INFO : EventManager : Event: ======'machine_var_audits_missing_switches_s_left_inlane1'====== Args={'value': 8, 'prev_value': None, 'change': True}
2025-06-17 09:33:25,667 : INFO : EventManager : Event: ======'machine_var_audits_missing_switches_s_left_inlane2'====== Args={'value': 8, 'prev_value': None, 'change': True}
2025-06-17 09:33:25,668 : INFO : EventManager : Event: ======'machine_var_audits_missing_switches_s_left_outlane'====== Args={'value': 9, 'prev_value': None, 'change': True}
2025-06-17 09:33:25,668 : INFO : EventManager : Event: ======'machine_var_audits_missing_switches_s_left_slingshot'====== Args={'value': 9, 'prev_value': None, 'change': True}
2025-06-17 09:33:25,669 : INFO : EventManager : Event: ======'machine_var_audits_missing_switches_s_pop1'====== Args={'value': 9, 'prev_value': None, 'change': True}
2025-06-17 09:33:25,670 : INFO : EventManager : Event: ======'machine_var_audits_missing_switches_s_pop2'====== Args={'value': 9, 'prev_value': None, 'change': True}
2025-06-17 09:33:25,670 : INFO : EventManager : Event: ======'machine_var_audits_missing_switches_s_pop3'====== Args={'value': 9, 'prev_value': None, 'change': True}
2025-06-17 09:33:25,670 : INFO : EventManager : Event: ======'machine_var_audits_missing_switches_s_pop4'====== Args={'value': 8, 'prev_value': None, 'change': True}
2025-06-17 09:33:25,671 : INFO : EventManager : Event: ======'machine_var_audits_missing_switches_s_pop5'====== Args={'value': 8, 'prev_value': None, 'change': True}
2025-06-17 09:33:25,671 : INFO : EventManager : Event: ======'machine_var_audits_missing_switches_s_right_inlane'====== Args={'value': 9, 'prev_value': None, 'change': True}
2025-06-17 09:33:25,671 : INFO : EventManager : Event: ======'machine_var_audits_missing_switches_s_right_outlane'====== Args={'value': 9, 'prev_value': None, 'change': True}
2025-06-17 09:33:25,671 : INFO : EventManager : Event: ======'machine_var_audits_missing_switches_s_right_slingshot'====== Args={'value': 9, 'prev_value': None, 'change': True}
2025-06-17 09:33:25,672 : INFO : EventManager : Event: ======'machine_var_audits_missing_switches_s_scoop_center'====== Args={'value': 8, 'prev_value': None, 'change': True}
2025-06-17 09:33:25,672 : INFO : EventManager : Event: ======'machine_var_audits_missing_switches_s_scoop_right'====== Args={'value': 9, 'prev_value': None, 'change': True}
2025-06-17 09:33:25,672 : INFO : EventManager : Event: ======'machine_var_audits_missing_switches_s_startButton'====== Args={'value': 9, 'prev_value': None, 'change': True}
2025-06-17 09:33:25,672 : INFO : EventManager : Event: ======'machine_var_audits_missing_switches_s_trough1'====== Args={'value': 9, 'prev_value': None, 'change': True}
2025-06-17 09:33:25,673 : INFO : EventManager : Event: ======'machine_var_audits_missing_switches_s_trough2'====== Args={'value': 9, 'prev_value': None, 'change': True}
2025-06-17 09:33:25,673 : INFO : EventManager : Event: ======'machine_var_audits_missing_switches_s_trough3'====== Args={'value': 9, 'prev_value': None, 'change': True}
2025-06-17 09:33:25,673 : INFO : EventManager : Event: ======'machine_var_audits_missing_switches_s_trough4'====== Args={'value': 9, 'prev_value': None, 'change': True}
2025-06-17 09:33:25,673 : INFO : EventManager : Event: ======'machine_var_audits_missing_switches_s_trough5'====== Args={'value': 8, 'prev_value': None, 'change': True}
2025-06-17 09:33:25,674 : INFO : EventManager : Event: ======'machine_var_audits_player_score'====== Args={'value': {'average': 0.0, 'top': [0, 0, 0, 0, 0, 0, 0, 0, 0, 0], 'total': 50}, 'prev_value': None, 'change': True}
2025-06-17 09:33:25,674 : INFO : EventManager : Event: ======'machine_var_audits_switches_s_drop_bank1'====== Args={'value': 140, 'prev_value': None, 'change': True}
2025-06-17 09:33:25,675 : INFO : EventManager : Event: ======'machine_var_audits_switches_s_left_flipper'====== Args={'value': 2280, 'prev_value': None, 'change': True}
2025-06-17 09:33:25,676 : INFO : EventManager : Event: ======'machine_var_audits_switches_s_left_inlane1'====== Args={'value': 1, 'prev_value': None, 'change': True}
2025-06-17 09:33:25,677 : INFO : EventManager : Event: ======'machine_var_audits_switches_s_left_inlane2'====== Args={'value': 1, 'prev_value': None, 'change': True}
2025-06-17 09:33:25,677 : INFO : EventManager : Event: ======'machine_var_audits_switches_s_left_outlane'====== Args={'value': 0, 'prev_value': None, 'change': True}
2025-06-17 09:33:25,678 : INFO : EventManager : Event: ======'machine_var_audits_switches_s_left_slingshot'====== Args={'value': 290, 'prev_value': None, 'change': True}
2025-06-17 09:33:25,678 : INFO : EventManager : Event: ======'machine_var_audits_switches_s_plunger'====== Args={'value': 5, 'prev_value': None, 'change': True}
2025-06-17 09:33:25,679 : INFO : EventManager : Event: ======'machine_var_audits_switches_s_pop1'====== Args={'value': 0, 'prev_value': None, 'change': True}
2025-06-17 09:33:25,680 : INFO : EventManager : Event: ======'machine_var_audits_switches_s_pop2'====== Args={'value': 0, 'prev_value': None, 'change': True}
2025-06-17 09:33:25,680 : INFO : EventManager : Event: ======'machine_var_audits_switches_s_pop3'====== Args={'value': 0, 'prev_value': None, 'change': True}
2025-06-17 09:33:25,680 : INFO : EventManager : Event: ======'machine_var_audits_switches_s_pop4'====== Args={'value': 1, 'prev_value': None, 'change': True}
2025-06-17 09:33:25,680 : INFO : EventManager : Event: ======'machine_var_audits_switches_s_pop5'====== Args={'value': 1, 'prev_value': None, 'change': True}
2025-06-17 09:33:25,681 : INFO : EventManager : Event: ======'machine_var_audits_switches_s_pop_bot'====== Args={'value': 426, 'prev_value': None, 'change': True}
2025-06-17 09:33:25,681 : INFO : EventManager : Event: ======'machine_var_audits_switches_s_pop_mid'====== Args={'value': 351, 'prev_value': None, 'change': True}
2025-06-17 09:33:25,681 : INFO : EventManager : Event: ======'machine_var_audits_switches_s_pop_top'====== Args={'value': 302, 'prev_value': None, 'change': True}
2025-06-17 09:33:25,682 : INFO : EventManager : Event: ======'machine_var_audits_switches_s_right_flipper'====== Args={'value': 2332, 'prev_value': None, 'change': True}
2025-06-17 09:33:25,682 : INFO : EventManager : Event: ======'machine_var_audits_switches_s_right_inlane'====== Args={'value': 57, 'prev_value': None, 'change': True}
2025-06-17 09:33:25,682 : INFO : EventManager : Event: ======'machine_var_audits_switches_s_right_outlane'====== Args={'value': 0, 'prev_value': None, 'change': True}
2025-06-17 09:33:25,682 : INFO : EventManager : Event: ======'machine_var_audits_switches_s_right_slingshot'====== Args={'value': 255, 'prev_value': None, 'change': True}
2025-06-17 09:33:25,683 : INFO : EventManager : Event: ======'machine_var_audits_switches_s_scoop_center'====== Args={'value': 1, 'prev_value': None, 'change': True}
2025-06-17 09:33:25,683 : INFO : EventManager : Event: ======'machine_var_audits_switches_s_scoop_lower'====== Args={'value': 220, 'prev_value': None, 'change': True}
2025-06-17 09:33:25,684 : INFO : EventManager : Event: ======'machine_var_audits_switches_s_scoop_right'====== Args={'value': 0, 'prev_value': None, 'change': True}
2025-06-17 09:33:25,685 : INFO : EventManager : Event: ======'machine_var_audits_switches_s_shooter_lane'====== Args={'value': 8, 'prev_value': None, 'change': True}
2025-06-17 09:33:25,685 : INFO : EventManager : Event: ======'machine_var_audits_switches_s_startButton'====== Args={'value': 34, 'prev_value': None, 'change': True}
2025-06-17 09:33:25,685 : INFO : EventManager : Event: ======'machine_var_audits_switches_s_trough1'====== Args={'value': 303, 'prev_value': None, 'change': True}
2025-06-17 09:33:25,686 : INFO : EventManager : Event: ======'machine_var_audits_switches_s_trough2'====== Args={'value': 1, 'prev_value': None, 'change': True}
2025-06-17 09:33:25,686 : INFO : EventManager : Event: ======'machine_var_audits_switches_s_trough3'====== Args={'value': 1, 'prev_value': None, 'change': True}
2025-06-17 09:33:25,686 : INFO : EventManager : Event: ======'machine_var_audits_switches_s_trough4'====== Args={'value': 1, 'prev_value': None, 'change': True}
2025-06-17 09:33:25,687 : INFO : EventManager : Event: ======'machine_var_audits_switches_s_trough5'====== Args={'value': 1, 'prev_value': None, 'change': True}
2025-06-17 09:33:25,688 : INFO : EventManager : Event: ======'init_phase_5'====== Args={}
2025-06-17 09:33:25,691 : INFO : EventManager : Event: ======'init_done'====== Args={}
2025-06-17 09:33:25,692 : INFO : EventManager : Event: ======'machine_reset_phase_1'====== Args={}
2025-06-17 09:33:25,701 : INFO : EventManager : Event: ======'slide_welcome_slide_removed'====== Args={'_from_bcp': True}
2025-06-17 09:33:25,705 : INFO : EventManager : Event: ======'slide_welcome_slide_created'====== Args={'_from_bcp': True}
2025-06-17 09:33:25,707 : INFO : EventManager : Event: ======'machine_reset_phase_2'====== Args={}
2025-06-17 09:33:25,709 : INFO : EventManager : Event: ======'machine_reset_phase_3'====== Args={}
2025-06-17 09:33:25,714 : INFO : EventManager : Event: ======'slide_welcome_slide_active'====== Args={'_from_bcp': True}
2025-06-17 09:33:25,715 : INFO : EventManager : Event: ======'reset_complete'====== Args={}
2025-06-17 09:33:25,716 : INFO : EventManager : Event: ======'mode_attract_will_start'====== Args={}
2025-06-17 09:33:25,717 : INFO : EventManager : Event: ======'mode_attract_starting'====== Args={}
2025-06-17 09:33:25,717 : INFO : Mode.attract : Started. Priority: 10
2025-06-17 09:33:25,717 : INFO : EventManager : Event: ======'modes_active_modes_changed'====== Args={}
2025-06-17 09:33:25,717 : INFO : EventManager : Event: ======'mode_attract_started'====== Args={}
2025-06-17 09:33:25,718 : INFO : EventManager : Event: ======'collecting_balls_complete'====== Args={}
2025-06-17 09:33:25,727 : INFO : Machine : Starting the main run loop.
2025-06-17 09:33:25,733 : INFO : EventManager : Event: ======'slide_attract_started_created'====== Args={'_from_bcp': True}
2025-06-17 09:33:25,735 : INFO : EventManager : Event: ======'slide_attract_started_active'====== Args={'_from_bcp': True}
2025-06-17 09:33:29,463 : INFO : SwitchController : <<<<<<< 's_left_flipper' active >>>>>>>
2025-06-17 09:33:29,576 : INFO : SwitchController : <<<<<<< 's_left_flipper' inactive >>>>>>>
2025-06-17 09:33:30,170 : INFO : SwitchController : <<<<<<< 's_left_flipper' active >>>>>>>
2025-06-17 09:33:30,317 : INFO : SwitchController : <<<<<<< 's_left_flipper' inactive >>>>>>>
2025-06-17 09:33:30,677 : INFO : SwitchController : <<<<<<< 's_right_flipper' active >>>>>>>
2025-06-17 09:33:31,845 : INFO : SwitchController : <<<<<<< 's_right_flipper' inactive >>>>>>>
2025-06-17 09:33:32,444 : INFO : SwitchController : <<<<<<< 's_right_flipper' active >>>>>>>
2025-06-17 09:33:32,492 : INFO : SwitchController : <<<<<<< 's_right_flipper' inactive >>>>>>>
2025-06-17 09:33:32,811 : INFO : SwitchController : <<<<<<< 's_right_flipper' active >>>>>>>
2025-06-17 09:33:32,853 : INFO : SwitchController : <<<<<<< 's_right_flipper' inactive >>>>>>>
2025-06-17 09:33:34,703 : INFO : SwitchController : <<<<<<< 's_right_flipper' active >>>>>>>
2025-06-17 09:33:34,843 : INFO : SwitchController : <<<<<<< 's_right_flipper' inactive >>>>>>>
2025-06-17 09:33:35,356 : INFO : SwitchController : <<<<<<< 's_right_flipper' active >>>>>>>
2025-06-17 09:33:35,459 : INFO : SwitchController : <<<<<<< 's_right_flipper' inactive >>>>>>>
2025-06-17 09:33:35,882 : INFO : SwitchController : <<<<<<< 's_right_flipper' active >>>>>>>
2025-06-17 09:33:35,944 : INFO : SwitchController : <<<<<<< 's_right_flipper' inactive >>>>>>>
2025-06-17 09:33:36,464 : INFO : SwitchController : <<<<<<< 's_right_flipper' active >>>>>>>
2025-06-17 09:33:36,532 : INFO : SwitchController : <<<<<<< 's_right_flipper' inactive >>>>>>>
2025-06-17 09:33:36,954 : INFO : SwitchController : <<<<<<< 's_right_flipper' active >>>>>>>
2025-06-17 09:33:37,091 : INFO : SwitchController : <<<<<<< 's_right_flipper' inactive >>>>>>>
2025-06-17 09:33:38,379 : INFO : SwitchController : <<<<<<< 's_right_flipper' active >>>>>>>
2025-06-17 09:33:38,473 : INFO : SwitchController : <<<<<<< 's_right_flipper' inactive >>>>>>>
2025-06-17 09:33:38,910 : INFO : SwitchController : <<<<<<< 's_right_flipper' active >>>>>>>
2025-06-17 09:33:39,036 : INFO : SwitchController : <<<<<<< 's_right_flipper' inactive >>>>>>>
2025-06-17 09:33:39,610 : INFO : SwitchController : <<<<<<< 's_right_flipper' active >>>>>>>
2025-06-17 09:33:39,710 : INFO : SwitchController : <<<<<<< 's_right_flipper' inactive >>>>>>>
2025-06-17 09:33:40,246 : INFO : SwitchController : <<<<<<< 's_right_flipper' active >>>>>>>
2025-06-17 09:33:40,325 : INFO : SwitchController : <<<<<<< 's_right_flipper' inactive >>>>>>>
2025-06-17 09:33:41,203 : INFO : SwitchController : <<<<<<< 's_right_flipper' active >>>>>>>
2025-06-17 09:33:41,330 : INFO : SwitchController : <<<<<<< 's_right_flipper' inactive >>>>>>>
2025-06-17 09:33:41,692 : INFO : SwitchController : <<<<<<< 's_right_flipper' active >>>>>>>
2025-06-17 09:33:41,806 : INFO : SwitchController : <<<<<<< 's_right_flipper' inactive >>>>>>>
2025-06-17 09:33:42,413 : INFO : SwitchController : <<<<<<< 's_right_flipper' active >>>>>>>
2025-06-17 09:33:42,523 : INFO : SwitchController : <<<<<<< 's_right_flipper' inactive >>>>>>>
2025-06-17 09:33:42,862 : INFO : SwitchController : <<<<<<< 's_right_flipper' active >>>>>>>
2025-06-17 09:33:42,975 : INFO : SwitchController : <<<<<<< 's_right_flipper' inactive >>>>>>>
2025-06-17 09:33:43,383 : INFO : SwitchController : <<<<<<< 's_right_flipper' active >>>>>>>
2025-06-17 09:33:43,460 : INFO : SwitchController : <<<<<<< 's_right_flipper' inactive >>>>>>>
2025-06-17 09:33:44,767 : INFO : SwitchController : <<<<<<< 's_right_flipper' active >>>>>>>
2025-06-17 09:33:44,895 : INFO : SwitchController : <<<<<<< 's_right_flipper' inactive >>>>>>>
2025-06-17 09:33:45,172 : INFO : SwitchController : <<<<<<< 's_right_flipper' active >>>>>>>
2025-06-17 09:33:45,225 : INFO : SwitchController : <<<<<<< 's_right_flipper' inactive >>>>>>>
2025-06-17 09:33:45,496 : INFO : SwitchController : <<<<<<< 's_right_flipper' active >>>>>>>
2025-06-17 09:33:45,584 : INFO : SwitchController : <<<<<<< 's_right_flipper' inactive >>>>>>>
2025-06-17 09:33:46,571 : INFO : SwitchController : <<<<<<< 's_right_flipper' active >>>>>>>
2025-06-17 09:33:46,713 : INFO : SwitchController : <<<<<<< 's_right_flipper' inactive >>>>>>>
2025-06-17 09:33:46,938 : INFO : SwitchController : <<<<<<< 's_right_flipper' active >>>>>>>
2025-06-17 09:33:47,045 : INFO : SwitchController : <<<<<<< 's_right_flipper' inactive >>>>>>>
2025-06-17 09:33:49,531 : INFO : SwitchController : <<<<<<< 's_right_flipper' active >>>>>>>
2025-06-17 09:33:49,626 : INFO : SwitchController : <<<<<<< 's_right_flipper' inactive >>>>>>>
2025-06-17 09:33:51,319 : INFO : SwitchController : <<<<<<< 's_left_flipper' active >>>>>>>
2025-06-17 09:33:51,462 : INFO : SwitchController : <<<<<<< 's_left_flipper' inactive >>>>>>>
2025-06-17 09:33:51,712 : INFO : SwitchController : <<<<<<< 's_left_flipper' active >>>>>>>
2025-06-17 09:33:51,854 : INFO : SwitchController : <<<<<<< 's_left_flipper' inactive >>>>>>>
2025-06-17 09:33:52,511 : INFO : SwitchController : <<<<<<< 's_left_flipper' active >>>>>>>
2025-06-17 09:33:52,639 : INFO : SwitchController : <<<<<<< 's_left_flipper' inactive >>>>>>>
2025-06-17 09:33:52,909 : INFO : SwitchController : <<<<<<< 's_left_flipper' active >>>>>>>
2025-06-17 09:33:53,037 : INFO : SwitchController : <<<<<<< 's_left_flipper' inactive >>>>>>>
2025-06-17 09:33:53,898 : INFO : SwitchController : <<<<<<< 's_right_flipper' active >>>>>>>
2025-06-17 09:33:54,039 : INFO : SwitchController : <<<<<<< 's_right_flipper' inactive >>>>>>>
2025-06-17 09:33:54,340 : INFO : SwitchController : <<<<<<< 's_right_flipper' active >>>>>>>
2025-06-17 09:33:54,428 : INFO : SwitchController : <<<<<<< 's_right_flipper' inactive >>>>>>>
2025-06-17 09:33:56,980 : INFO : SwitchController : <<<<<<< 's_right_flipper' active >>>>>>>
2025-06-17 09:33:57,070 : INFO : SwitchController : <<<<<<< 's_right_flipper' inactive >>>>>>>
2025-06-17 09:33:57,577 : INFO : SwitchController : <<<<<<< 's_right_flipper' active >>>>>>>
2025-06-17 09:33:57,678 : INFO : SwitchController : <<<<<<< 's_right_flipper' inactive >>>>>>>
2025-06-17 09:33:57,919 : INFO : SwitchController : <<<<<<< 's_right_flipper' active >>>>>>>
2025-06-17 09:33:58,041 : INFO : SwitchController : <<<<<<< 's_right_flipper' inactive >>>>>>>
2025-06-17 09:33:58,327 : INFO : SwitchController : <<<<<<< 's_right_flipper' active >>>>>>>
2025-06-17 09:33:58,442 : INFO : SwitchController : <<<<<<< 's_right_flipper' inactive >>>>>>>
2025-06-17 09:33:58,707 : INFO : SwitchController : <<<<<<< 's_right_flipper' active >>>>>>>
2025-06-17 09:33:58,822 : INFO : SwitchController : <<<<<<< 's_right_flipper' inactive >>>>>>>
2025-06-17 09:33:59,397 : INFO : SwitchController : <<<<<<< 's_right_flipper' active >>>>>>>
2025-06-17 09:33:59,514 : INFO : SwitchController : <<<<<<< 's_right_flipper' inactive >>>>>>>
2025-06-17 09:33:59,853 : INFO : SwitchController : <<<<<<< 's_right_flipper' active >>>>>>>
2025-06-17 09:33:59,945 : INFO : SwitchController : <<<<<<< 's_right_flipper' inactive >>>>>>>
2025-06-17 09:34:00,593 : INFO : SwitchController : <<<<<<< 's_right_flipper' active >>>>>>>
2025-06-17 09:34:00,727 : INFO : SwitchController : <<<<<<< 's_right_flipper' inactive >>>>>>>
2025-06-17 09:34:01,475 : INFO : SwitchController : <<<<<<< 's_right_flipper' active >>>>>>>
2025-06-17 09:34:01,603 : INFO : SwitchController : <<<<<<< 's_right_flipper' inactive >>>>>>>
2025-06-17 09:34:08,388 : INFO : Machine : Shutting down...
2025-06-17 09:34:08,388 : INFO : EventManager : Event: ======'shutdown'====== Args={}
2025-06-17 09:34:08,396 : ERROR : OPP : Stop called on serial connection com3
2025-06-17 09:34:08,417 : ERROR : OPP : Stop called on serial connection com4
2025-06-17 09:34:08,418 : ERROR : asyncio : Exception in callback Util.raise_exceptions(<Task finishe...ection lost')>) at C:\Users\ruben\.local\pipx\venvs\mpf\lib\site-packages\mpf\core\utility_functions.py:759
handle: <Handle Util.raise_exceptions(<Task finishe...ection lost')>) at C:\Users\ruben\.local\pipx\venvs\mpf\lib\site-packages\mpf\core\utility_functions.py:759>
Traceback (most recent call last):
  File "C:\Users\ruben\AppData\Local\Programs\Python\Python39\lib\asyncio\events.py", line 80, in _run
    self._context.run(self._callback, *self._args)
  File "C:\Users\ruben\.local\pipx\venvs\mpf\lib\site-packages\mpf\core\utility_functions.py", line 767, in raise_exceptions
    future.result()
  File "C:\Users\ruben\.local\pipx\venvs\mpf\lib\site-packages\mpf\platforms\opp\opp.py", line 965, in _poll_sender
    await self.opp_connection[chain_serial].writer.drain()
  File "C:\Users\ruben\AppData\Local\Programs\Python\Python39\lib\asyncio\streams.py", line 387, in drain
    await self._protocol._drain_helper()
  File "C:\Users\ruben\AppData\Local\Programs\Python\Python39\lib\asyncio\streams.py", line 190, in _drain_helper
    raise ConnectionResetError('Connection lost')
ConnectionResetError: Connection lost
2025-06-17 09:34:08,678 : WARNING : OPP : Poll took more than 250.0ms for 0
2025-06-17 09:34:08,678 : ERROR : asyncio : Exception in callback Util.raise_exceptions(<Task finishe...ute 'write'")>) at C:\Users\ruben\.local\pipx\venvs\mpf\lib\site-packages\mpf\core\utility_functions.py:759
handle: <Handle Util.raise_exceptions(<Task finishe...ute 'write'")>) at C:\Users\ruben\.local\pipx\venvs\mpf\lib\site-packages\mpf\core\utility_functions.py:759>
Traceback (most recent call last):
  File "C:\Users\ruben\AppData\Local\Programs\Python\Python39\lib\asyncio\events.py", line 80, in _run
    self._context.run(self._callback, *self._args)
  File "C:\Users\ruben\.local\pipx\venvs\mpf\lib\site-packages\mpf\core\utility_functions.py", line 767, in raise_exceptions
    future.result()
  File "C:\Users\ruben\.local\pipx\venvs\mpf\lib\site-packages\mpf\platforms\opp\opp.py", line 964, in _poll_sender
    self.send_to_processor(chain_serial, self.read_input_msg[chain_serial])
  File "C:\Users\ruben\.local\pipx\venvs\mpf\lib\site-packages\mpf\platforms\opp\opp.py", line 345, in send_to_processor
    self.opp_connection[chain_serial].send(msg)
  File "C:\Users\ruben\.local\pipx\venvs\mpf\lib\site-packages\mpf\platforms\base_serial_communicator.py", line 160, in send
    self.writer.write(msg)
AttributeError: 'NoneType' object has no attribute 'write'
2025-06-17 09:34:08,681 : INFO : root : MPF run loop ended.
