2025-06-16 07:50:23,143 : INFO : root : Loading config.
2025-06-16 07:50:23,143 : INFO : YamlMultifileConfigLoader : Machine config file #1: config.yaml
2025-06-16 07:50:23,143 : INFO : ConfigProcessor : Loading config from cache: C:\Users\ruben\AppData\Local\Temp\a17888e5e1df298d67e07ada0b1bff4a.mpf_cache
2025-06-16 07:50:23,158 : WARNING : ConfigProcessor : Config file in cache changed: C:\pinball\my_machine\config\switches.yaml
2025-06-16 07:50:23,158 : INFO : ConfigProcessor : Loading config from file C:\Users\ruben\.local\pipx\venvs\mpf\lib\site-packages\mpf\mpfconfig.yaml.
2025-06-16 07:50:23,294 : INFO : ConfigProcessor : Loading config: C:\Users\ruben\.local\pipx\venvs\mpf\lib\site-packages\mpf\mpfconfig.yaml
2025-06-16 07:50:23,294 : INFO : ConfigProcessor : Loading config from file C:\pinball\my_machine\config\config.yaml.
2025-06-16 07:50:23,294 : INFO : ConfigProcessor : Loading config: C:\pinball\my_machine\config\config.yaml
2025-06-16 07:50:23,294 : INFO : ConfigProcessor : Loading config: C:\pinball\my_machine\config\hardware.yaml
2025-06-16 07:50:23,310 : INFO : ConfigProcessor : Loading config: C:\pinball\my_machine\config\switches.yaml
2025-06-16 07:50:23,310 : INFO : ConfigProcessor : Loading config: C:\pinball\my_machine\config\coils.yaml
2025-06-16 07:50:23,325 : INFO : ConfigProcessor : Loading config: C:\pinball\my_machine\config\devices.yaml
2025-06-16 07:50:23,325 : INFO : ConfigProcessor : Loading config: C:\pinball\my_machine\config\displays.yaml
2025-06-16 07:50:23,341 : INFO : ConfigProcessor : Loading config: C:\pinball\my_machine\config\slides.yaml
2025-06-16 07:50:23,341 : INFO : ConfigProcessor : Config file cache created: C:\Users\ruben\AppData\Local\Temp\a17888e5e1df298d67e07ada0b1bff4a.mpf_cache
2025-06-16 07:50:23,466 : INFO : ConfigProcessor : Loading config from cache: C:\Users\ruben\AppData\Local\Temp\67cf8ffee0fce2d4fcb5ef0bb894d8de.mpf_cache
2025-06-16 07:50:23,466 : INFO : ConfigProcessor : Loading config from cache: C:\Users\ruben\AppData\Local\Temp\25321780674732dcacb77a8f5b2a53cd.mpf_cache
2025-06-16 07:50:23,466 : INFO : ConfigProcessor : Loading config from cache: C:\Users\ruben\AppData\Local\Temp\195f66f1d07408d279921a878741edf5.mpf_cache
2025-06-16 07:50:23,466 : INFO : Machine : Mission Pinball Framework Core Engine v0.56.0
2025-06-16 07:50:23,466 : INFO : Machine : Command line arguments: {'no_load_cache': False, 'create_config_cache': True, 'bcp': True, 'configfile': ['config.yaml'], 'force_assets_load': False, 'jsonlogging': False, 'logfile': 'logs\\2025-06-16-07-50-23-mpf-DESKTOP-11MEIVG.log', 'pause': False, 'production': False, 'text_ui': True, 'loglevel': 15, 'consoleloglevel': 20, 'force_platform': None, 'syslog_address': None, 'mc_file_name': None, 'no_sound': False}
2025-06-16 07:50:23,466 : INFO : Machine : MPF path: C:\Users\ruben\.local\pipx\venvs\mpf\lib\site-packages\mpf
2025-06-16 07:50:23,466 : INFO : Machine : Machine path: C:\pinball\my_machine
2025-06-16 07:50:23,466 : INFO : Machine : Platform: win32
2025-06-16 07:50:23,466 : INFO : Machine : Python executable location: C:\Users\ruben\.local\pipx\venvs\mpf\Scripts\python.exe
2025-06-16 07:50:23,466 : INFO : Machine : Python version: 3.9.13 (64-bit)
2025-06-16 07:50:23,466 : INFO : Machine : Initialise MPF.
2025-06-16 07:50:23,803 : INFO : OPP : Connecting to com3 at 115200bps
2025-06-16 07:50:23,947 : INFO : OPP : Init of OPP board 1 done
2025-06-16 07:50:23,947 : INFO : OPP : Connecting to com4 at 115200bps
2025-06-16 07:50:24,042 : INFO : OPP : Init of OPP board 0 done
2025-06-16 07:50:24,043 : INFO : EventManager : Event: ======'machine_var_credits_string'====== Args={'value': 'FREE PLAY', 'prev_value': None, 'change': True}
2025-06-16 07:50:24,118 : INFO : EventManager : Event: ======'machine_var_master_volume'====== Args={'value': 0.5, 'prev_value': None, 'change': True}
2025-06-16 07:50:24,119 : INFO : EventManager : Event: ======'machine_var_player1_score'====== Args={'value': 0, 'prev_value': None, 'change': True}
2025-06-16 07:50:24,119 : INFO : EventManager : Event: ======'machine_var_mpf_version'====== Args={'value': 'MPF v0.56.0', 'prev_value': None, 'change': True}
2025-06-16 07:50:24,119 : INFO : EventManager : Event: ======'machine_var_mpf_extended_version'====== Args={'value': 'MPF v0.56.0, Config version:5, Show version: 5, BCP version:1.1', 'prev_value': None, 'change': True}
2025-06-16 07:50:24,119 : INFO : EventManager : Event: ======'machine_var_python_version'====== Args={'value': '3.9.13', 'prev_value': None, 'change': True}
2025-06-16 07:50:24,132 : INFO : EventManager : Event: ======'machine_var_platform'====== Args={'value': 'Windows-10-10.0.19045-SP0', 'prev_value': None, 'change': True}
2025-06-16 07:50:24,132 : INFO : EventManager : Event: ======'machine_var_platform_system'====== Args={'value': 'Windows', 'prev_value': None, 'change': True}
2025-06-16 07:50:24,132 : INFO : EventManager : Event: ======'machine_var_platform_release'====== Args={'value': '10', 'prev_value': None, 'change': True}
2025-06-16 07:50:24,133 : INFO : EventManager : Event: ======'machine_var_platform_version'====== Args={'value': '10.0.19045', 'prev_value': None, 'change': True}
2025-06-16 07:50:24,133 : INFO : EventManager : Event: ======'machine_var_platform_machine'====== Args={'value': 'AMD64', 'prev_value': None, 'change': True}
2025-06-16 07:50:24,133 : INFO : EventManager : Event: ======'init_phase_1'====== Args={}
2025-06-16 07:50:24,160 : INFO : EventManager : Event: ======'init_phase_2'====== Args={}
2025-06-16 07:50:24,165 : INFO : EventManager : Event: ======'bcp_connection_attempt'====== Args={'name': 'local_display', 'host': 'localhost', 'port': 5050}
2025-06-16 07:50:24,167 : INFO : BCPClientSocket : Connecting BCP to 'local_display' at localhost:5050...
2025-06-16 07:50:26,708 : INFO : BCPClientSocket : Connected BCP to 'local_display' localhost:5050
2025-06-16 07:50:26,709 : INFO : EventManager : Event: ======'bcp_clients_connected'====== Args={}
2025-06-16 07:50:26,720 : INFO : ball_device.bd_trough : BCH: Initial count: 0
2025-06-16 07:50:26,723 : INFO : EventManager : Event: ======'machine_var_mc_version'====== Args={'value': 'MPF-MC v0.56.1', 'prev_value': None, 'change': True}
2025-06-16 07:50:26,723 : INFO : EventManager : Event: ======'machine_var_mc_extended_version'====== Args={'value': 'MPF-MC v0.56.1 (config_version=5, BCP v1.1,                      Requires MPF API compatibility v0.56.0 or newer)', 'prev_value': None, 'change': True}
2025-06-16 07:50:26,726 : INFO : ball_device.bd_trough : State: idle
2025-06-16 07:50:26,777 : INFO : EventManager : Event: ======'init_phase_3'====== Args={}
2025-06-16 07:50:26,783 : INFO : EventManager : Event: ======'init_phase_4'====== Args={}
2025-06-16 07:50:26,783 : INFO : BallController : Initial balls found: 0
2025-06-16 07:50:26,785 : INFO : EventManager : Event: ======'machine_var_audits_events_game_ended'====== Args={'value': 50, 'prev_value': None, 'change': True}
2025-06-16 07:50:26,786 : INFO : EventManager : Event: ======'machine_var_audits_events_game_started'====== Args={'value': 98, 'prev_value': None, 'change': True}
2025-06-16 07:50:26,786 : INFO : EventManager : Event: ======'machine_var_audits_missing_switches_s_left_flipper'====== Args={'value': 8, 'prev_value': None, 'change': True}
2025-06-16 07:50:26,786 : INFO : EventManager : Event: ======'machine_var_audits_missing_switches_s_left_inlane1'====== Args={'value': 8, 'prev_value': None, 'change': True}
2025-06-16 07:50:26,786 : INFO : EventManager : Event: ======'machine_var_audits_missing_switches_s_left_inlane2'====== Args={'value': 8, 'prev_value': None, 'change': True}
2025-06-16 07:50:26,787 : INFO : EventManager : Event: ======'machine_var_audits_missing_switches_s_left_outlane'====== Args={'value': 9, 'prev_value': None, 'change': True}
2025-06-16 07:50:26,787 : INFO : EventManager : Event: ======'machine_var_audits_missing_switches_s_left_slingshot'====== Args={'value': 9, 'prev_value': None, 'change': True}
2025-06-16 07:50:26,787 : INFO : EventManager : Event: ======'machine_var_audits_missing_switches_s_pop1'====== Args={'value': 9, 'prev_value': None, 'change': True}
2025-06-16 07:50:26,787 : INFO : EventManager : Event: ======'machine_var_audits_missing_switches_s_pop2'====== Args={'value': 9, 'prev_value': None, 'change': True}
2025-06-16 07:50:26,787 : INFO : EventManager : Event: ======'machine_var_audits_missing_switches_s_pop3'====== Args={'value': 9, 'prev_value': None, 'change': True}
2025-06-16 07:50:26,788 : INFO : EventManager : Event: ======'machine_var_audits_missing_switches_s_pop4'====== Args={'value': 8, 'prev_value': None, 'change': True}
2025-06-16 07:50:26,788 : INFO : EventManager : Event: ======'machine_var_audits_missing_switches_s_pop5'====== Args={'value': 8, 'prev_value': None, 'change': True}
2025-06-16 07:50:26,788 : INFO : EventManager : Event: ======'machine_var_audits_missing_switches_s_right_inlane'====== Args={'value': 9, 'prev_value': None, 'change': True}
2025-06-16 07:50:26,789 : INFO : EventManager : Event: ======'machine_var_audits_missing_switches_s_right_outlane'====== Args={'value': 9, 'prev_value': None, 'change': True}
2025-06-16 07:50:26,790 : INFO : EventManager : Event: ======'machine_var_audits_missing_switches_s_right_slingshot'====== Args={'value': 9, 'prev_value': None, 'change': True}
2025-06-16 07:50:26,790 : INFO : EventManager : Event: ======'machine_var_audits_missing_switches_s_scoop_center'====== Args={'value': 8, 'prev_value': None, 'change': True}
2025-06-16 07:50:26,791 : INFO : EventManager : Event: ======'machine_var_audits_missing_switches_s_scoop_right'====== Args={'value': 9, 'prev_value': None, 'change': True}
2025-06-16 07:50:26,791 : INFO : EventManager : Event: ======'machine_var_audits_missing_switches_s_startButton'====== Args={'value': 9, 'prev_value': None, 'change': True}
2025-06-16 07:50:26,791 : INFO : EventManager : Event: ======'machine_var_audits_missing_switches_s_trough1'====== Args={'value': 9, 'prev_value': None, 'change': True}
2025-06-16 07:50:26,792 : INFO : EventManager : Event: ======'machine_var_audits_missing_switches_s_trough2'====== Args={'value': 9, 'prev_value': None, 'change': True}
2025-06-16 07:50:26,792 : INFO : EventManager : Event: ======'machine_var_audits_missing_switches_s_trough3'====== Args={'value': 9, 'prev_value': None, 'change': True}
2025-06-16 07:50:26,792 : INFO : EventManager : Event: ======'machine_var_audits_missing_switches_s_trough4'====== Args={'value': 9, 'prev_value': None, 'change': True}
2025-06-16 07:50:26,793 : INFO : EventManager : Event: ======'machine_var_audits_missing_switches_s_trough5'====== Args={'value': 8, 'prev_value': None, 'change': True}
2025-06-16 07:50:26,793 : INFO : EventManager : Event: ======'machine_var_audits_player_score'====== Args={'value': {'average': 0.0, 'top': [0, 0, 0, 0, 0, 0, 0, 0, 0, 0], 'total': 50}, 'prev_value': None, 'change': True}
2025-06-16 07:50:26,793 : INFO : EventManager : Event: ======'machine_var_audits_switches_s_drop_bank1'====== Args={'value': 140, 'prev_value': None, 'change': True}
2025-06-16 07:50:26,794 : INFO : EventManager : Event: ======'machine_var_audits_switches_s_left_flipper'====== Args={'value': 2280, 'prev_value': None, 'change': True}
2025-06-16 07:50:26,794 : INFO : EventManager : Event: ======'machine_var_audits_switches_s_left_inlane1'====== Args={'value': 1, 'prev_value': None, 'change': True}
2025-06-16 07:50:26,794 : INFO : EventManager : Event: ======'machine_var_audits_switches_s_left_inlane2'====== Args={'value': 1, 'prev_value': None, 'change': True}
2025-06-16 07:50:26,795 : INFO : EventManager : Event: ======'machine_var_audits_switches_s_left_outlane'====== Args={'value': 0, 'prev_value': None, 'change': True}
2025-06-16 07:50:26,795 : INFO : EventManager : Event: ======'machine_var_audits_switches_s_left_slingshot'====== Args={'value': 290, 'prev_value': None, 'change': True}
2025-06-16 07:50:26,795 : INFO : EventManager : Event: ======'machine_var_audits_switches_s_plunger'====== Args={'value': 5, 'prev_value': None, 'change': True}
2025-06-16 07:50:26,796 : INFO : EventManager : Event: ======'machine_var_audits_switches_s_pop1'====== Args={'value': 0, 'prev_value': None, 'change': True}
2025-06-16 07:50:26,796 : INFO : EventManager : Event: ======'machine_var_audits_switches_s_pop2'====== Args={'value': 0, 'prev_value': None, 'change': True}
2025-06-16 07:50:26,796 : INFO : EventManager : Event: ======'machine_var_audits_switches_s_pop3'====== Args={'value': 0, 'prev_value': None, 'change': True}
2025-06-16 07:50:26,797 : INFO : EventManager : Event: ======'machine_var_audits_switches_s_pop4'====== Args={'value': 1, 'prev_value': None, 'change': True}
2025-06-16 07:50:26,797 : INFO : EventManager : Event: ======'machine_var_audits_switches_s_pop5'====== Args={'value': 1, 'prev_value': None, 'change': True}
2025-06-16 07:50:26,797 : INFO : EventManager : Event: ======'machine_var_audits_switches_s_pop_bot'====== Args={'value': 426, 'prev_value': None, 'change': True}
2025-06-16 07:50:26,798 : INFO : EventManager : Event: ======'machine_var_audits_switches_s_pop_mid'====== Args={'value': 351, 'prev_value': None, 'change': True}
2025-06-16 07:50:26,798 : INFO : EventManager : Event: ======'machine_var_audits_switches_s_pop_top'====== Args={'value': 302, 'prev_value': None, 'change': True}
2025-06-16 07:50:26,798 : INFO : EventManager : Event: ======'machine_var_audits_switches_s_right_flipper'====== Args={'value': 2332, 'prev_value': None, 'change': True}
2025-06-16 07:50:26,799 : INFO : EventManager : Event: ======'machine_var_audits_switches_s_right_inlane'====== Args={'value': 57, 'prev_value': None, 'change': True}
2025-06-16 07:50:26,799 : INFO : EventManager : Event: ======'machine_var_audits_switches_s_right_outlane'====== Args={'value': 0, 'prev_value': None, 'change': True}
2025-06-16 07:50:26,799 : INFO : EventManager : Event: ======'machine_var_audits_switches_s_right_slingshot'====== Args={'value': 255, 'prev_value': None, 'change': True}
2025-06-16 07:50:26,800 : INFO : EventManager : Event: ======'machine_var_audits_switches_s_scoop_center'====== Args={'value': 1, 'prev_value': None, 'change': True}
2025-06-16 07:50:26,800 : INFO : EventManager : Event: ======'machine_var_audits_switches_s_scoop_lower'====== Args={'value': 220, 'prev_value': None, 'change': True}
2025-06-16 07:50:26,800 : INFO : EventManager : Event: ======'machine_var_audits_switches_s_scoop_right'====== Args={'value': 0, 'prev_value': None, 'change': True}
2025-06-16 07:50:26,801 : INFO : EventManager : Event: ======'machine_var_audits_switches_s_shooter_lane'====== Args={'value': 8, 'prev_value': None, 'change': True}
2025-06-16 07:50:26,801 : INFO : EventManager : Event: ======'machine_var_audits_switches_s_startButton'====== Args={'value': 34, 'prev_value': None, 'change': True}
2025-06-16 07:50:26,802 : INFO : EventManager : Event: ======'machine_var_audits_switches_s_trough1'====== Args={'value': 303, 'prev_value': None, 'change': True}
2025-06-16 07:50:26,802 : INFO : EventManager : Event: ======'machine_var_audits_switches_s_trough2'====== Args={'value': 1, 'prev_value': None, 'change': True}
2025-06-16 07:50:26,802 : INFO : EventManager : Event: ======'machine_var_audits_switches_s_trough3'====== Args={'value': 1, 'prev_value': None, 'change': True}
2025-06-16 07:50:26,803 : INFO : EventManager : Event: ======'machine_var_audits_switches_s_trough4'====== Args={'value': 1, 'prev_value': None, 'change': True}
2025-06-16 07:50:26,804 : INFO : EventManager : Event: ======'machine_var_audits_switches_s_trough5'====== Args={'value': 1, 'prev_value': None, 'change': True}
2025-06-16 07:50:26,805 : INFO : EventManager : Event: ======'init_phase_5'====== Args={}
2025-06-16 07:50:26,809 : INFO : EventManager : Event: ======'init_done'====== Args={}
2025-06-16 07:50:26,810 : INFO : EventManager : Event: ======'machine_reset_phase_1'====== Args={}
2025-06-16 07:50:26,820 : INFO : EventManager : Event: ======'slide_welcome_slide_removed'====== Args={'_from_bcp': True}
2025-06-16 07:50:26,826 : INFO : EventManager : Event: ======'slide_welcome_slide_created'====== Args={'_from_bcp': True}
2025-06-16 07:50:26,829 : INFO : EventManager : Event: ======'machine_reset_phase_2'====== Args={}
2025-06-16 07:50:26,830 : INFO : EventManager : Event: ======'slide_welcome_slide_active'====== Args={'_from_bcp': True}
2025-06-16 07:50:26,831 : INFO : EventManager : Event: ======'machine_reset_phase_3'====== Args={}
2025-06-16 07:50:26,834 : INFO : EventManager : Event: ======'reset_complete'====== Args={}
2025-06-16 07:50:26,835 : INFO : EventManager : Event: ======'mode_attract_will_start'====== Args={}
2025-06-16 07:50:26,836 : INFO : EventManager : Event: ======'mode_attract_starting'====== Args={}
2025-06-16 07:50:26,836 : INFO : Mode.attract : Started. Priority: 10
2025-06-16 07:50:26,836 : INFO : EventManager : Event: ======'modes_active_modes_changed'====== Args={}
2025-06-16 07:50:26,836 : INFO : EventManager : Event: ======'mode_attract_started'====== Args={}
2025-06-16 07:50:26,837 : INFO : EventManager : Event: ======'collecting_balls_complete'====== Args={}
2025-06-16 07:50:26,860 : INFO : EventManager : Event: ======'slide_attract_started_created'====== Args={'_from_bcp': True}
2025-06-16 07:50:26,860 : INFO : EventManager : Event: ======'slide_attract_started_active'====== Args={'_from_bcp': True}
2025-06-16 07:50:26,861 : INFO : Machine : Starting the main run loop.
2025-06-16 07:50:27,675 : INFO : SwitchController : <<<<<<< 's_pop5' active >>>>>>>
2025-06-16 07:50:27,676 : INFO : EventManager : Event: ======'playfield_active'====== Args={}
2025-06-16 07:50:27,676 : INFO : EventManager : Event: ======'unexpected_ball_on_playfield'====== Args={}
2025-06-16 07:50:27,763 : INFO : SwitchController : <<<<<<< 's_pop5' inactive >>>>>>>
2025-06-16 07:50:28,651 : INFO : SwitchController : <<<<<<< 's_pop1' active >>>>>>>
2025-06-16 07:50:28,651 : INFO : EventManager : Event: ======'playfield_active'====== Args={}
2025-06-16 07:50:28,652 : INFO : EventManager : Event: ======'unexpected_ball_on_playfield'====== Args={}
2025-06-16 07:50:28,684 : INFO : SwitchController : <<<<<<< 's_pop1' inactive >>>>>>>
2025-06-16 07:50:29,087 : INFO : SwitchController : <<<<<<< 's_pop1' active >>>>>>>
2025-06-16 07:50:29,087 : INFO : EventManager : Event: ======'playfield_active'====== Args={}
2025-06-16 07:50:29,088 : INFO : EventManager : Event: ======'unexpected_ball_on_playfield'====== Args={}
2025-06-16 07:50:29,114 : INFO : SwitchController : <<<<<<< 's_pop1' inactive >>>>>>>
2025-06-16 07:50:29,974 : INFO : SwitchController : <<<<<<< 's_pop1' active >>>>>>>
2025-06-16 07:50:29,975 : INFO : EventManager : Event: ======'playfield_active'====== Args={}
2025-06-16 07:50:29,975 : INFO : EventManager : Event: ======'unexpected_ball_on_playfield'====== Args={}
2025-06-16 07:50:30,005 : INFO : SwitchController : <<<<<<< 's_pop1' inactive >>>>>>>
2025-06-16 07:50:31,031 : INFO : SwitchController : <<<<<<< 's_pop4' active >>>>>>>
2025-06-16 07:50:31,032 : INFO : EventManager : Event: ======'playfield_active'====== Args={}
2025-06-16 07:50:31,032 : INFO : EventManager : Event: ======'unexpected_ball_on_playfield'====== Args={}
2025-06-16 07:50:31,124 : INFO : SwitchController : <<<<<<< 's_pop4' inactive >>>>>>>
2025-06-16 07:50:31,883 : INFO : SwitchController : <<<<<<< 's_pop4' active >>>>>>>
2025-06-16 07:50:31,884 : INFO : EventManager : Event: ======'playfield_active'====== Args={}
2025-06-16 07:50:31,884 : INFO : EventManager : Event: ======'unexpected_ball_on_playfield'====== Args={}
2025-06-16 07:50:31,913 : INFO : SwitchController : <<<<<<< 's_pop4' inactive >>>>>>>
2025-06-16 07:50:32,935 : INFO : SwitchController : <<<<<<< 's_pop3' active >>>>>>>
2025-06-16 07:50:32,936 : INFO : EventManager : Event: ======'playfield_active'====== Args={}
2025-06-16 07:50:32,936 : INFO : EventManager : Event: ======'unexpected_ball_on_playfield'====== Args={}
2025-06-16 07:50:32,951 : INFO : SwitchController : <<<<<<< 's_pop3' inactive >>>>>>>
2025-06-16 07:50:32,959 : INFO : SwitchController : <<<<<<< 's_pop3' active >>>>>>>
2025-06-16 07:50:32,959 : INFO : EventManager : Event: ======'playfield_active'====== Args={}
2025-06-16 07:50:32,959 : INFO : EventManager : Event: ======'unexpected_ball_on_playfield'====== Args={}
2025-06-16 07:50:33,055 : INFO : SwitchController : <<<<<<< 's_pop3' inactive >>>>>>>
2025-06-16 07:50:33,382 : INFO : SwitchController : <<<<<<< 's_pop3' active >>>>>>>
2025-06-16 07:50:33,382 : INFO : EventManager : Event: ======'playfield_active'====== Args={}
2025-06-16 07:50:33,383 : INFO : EventManager : Event: ======'unexpected_ball_on_playfield'====== Args={}
2025-06-16 07:50:33,475 : INFO : SwitchController : <<<<<<< 's_pop3' inactive >>>>>>>
2025-06-16 07:50:33,744 : INFO : SwitchController : <<<<<<< 's_pop3' active >>>>>>>
2025-06-16 07:50:33,745 : INFO : EventManager : Event: ======'playfield_active'====== Args={}
2025-06-16 07:50:33,745 : INFO : EventManager : Event: ======'unexpected_ball_on_playfield'====== Args={}
2025-06-16 07:50:33,795 : INFO : SwitchController : <<<<<<< 's_pop3' inactive >>>>>>>
2025-06-16 07:50:34,652 : INFO : SwitchController : <<<<<<< 's_pop5' active >>>>>>>
2025-06-16 07:50:34,653 : INFO : EventManager : Event: ======'playfield_active'====== Args={}
2025-06-16 07:50:34,653 : INFO : EventManager : Event: ======'unexpected_ball_on_playfield'====== Args={}
2025-06-16 07:50:34,740 : INFO : SwitchController : <<<<<<< 's_pop5' inactive >>>>>>>
2025-06-16 07:50:35,484 : INFO : SwitchController : <<<<<<< 's_pop1' active >>>>>>>
2025-06-16 07:50:35,484 : INFO : EventManager : Event: ======'playfield_active'====== Args={}
2025-06-16 07:50:35,484 : INFO : EventManager : Event: ======'unexpected_ball_on_playfield'====== Args={}
2025-06-16 07:50:35,523 : INFO : SwitchController : <<<<<<< 's_pop1' inactive >>>>>>>
2025-06-16 07:50:36,848 : INFO : SwitchController : <<<<<<< 's_pop3' active >>>>>>>
2025-06-16 07:50:36,849 : INFO : EventManager : Event: ======'playfield_active'====== Args={}
2025-06-16 07:50:36,849 : INFO : EventManager : Event: ======'unexpected_ball_on_playfield'====== Args={}
2025-06-16 07:50:36,867 : INFO : SwitchController : <<<<<<< 's_pop3' inactive >>>>>>>
2025-06-16 07:50:37,771 : INFO : SwitchController : <<<<<<< 's_pop3' active >>>>>>>
2025-06-16 07:50:37,771 : INFO : EventManager : Event: ======'playfield_active'====== Args={}
2025-06-16 07:50:37,772 : INFO : EventManager : Event: ======'unexpected_ball_on_playfield'====== Args={}
2025-06-16 07:50:37,846 : INFO : SwitchController : <<<<<<< 's_pop3' inactive >>>>>>>
2025-06-16 07:50:38,295 : INFO : SwitchController : <<<<<<< 's_pop3' active >>>>>>>
2025-06-16 07:50:38,295 : INFO : EventManager : Event: ======'playfield_active'====== Args={}
2025-06-16 07:50:38,296 : INFO : EventManager : Event: ======'unexpected_ball_on_playfield'====== Args={}
2025-06-16 07:50:38,347 : INFO : SwitchController : <<<<<<< 's_pop3' inactive >>>>>>>
2025-06-16 07:51:24,970 : INFO : SwitchController : <<<<<<< 's_pop5' active >>>>>>>
2025-06-16 07:51:24,970 : INFO : EventManager : Event: ======'playfield_active'====== Args={}
2025-06-16 07:51:24,971 : INFO : EventManager : Event: ======'unexpected_ball_on_playfield'====== Args={}
2025-06-16 07:51:24,985 : INFO : SwitchController : <<<<<<< 's_pop5' inactive >>>>>>>
2025-06-16 07:51:25,183 : INFO : SwitchController : <<<<<<< 's_pop5' active >>>>>>>
2025-06-16 07:51:25,184 : INFO : EventManager : Event: ======'playfield_active'====== Args={}
2025-06-16 07:51:25,184 : INFO : EventManager : Event: ======'unexpected_ball_on_playfield'====== Args={}
2025-06-16 07:51:25,361 : INFO : SwitchController : <<<<<<< 's_pop5' inactive >>>>>>>
2025-06-16 07:51:25,501 : INFO : SwitchController : <<<<<<< 's_pop5' active >>>>>>>
2025-06-16 07:51:25,502 : INFO : EventManager : Event: ======'playfield_active'====== Args={}
2025-06-16 07:51:25,502 : INFO : EventManager : Event: ======'unexpected_ball_on_playfield'====== Args={}
2025-06-16 07:51:25,513 : INFO : SwitchController : <<<<<<< 's_pop5' inactive >>>>>>>
2025-06-16 07:51:25,722 : INFO : SwitchController : <<<<<<< 's_pop5' active >>>>>>>
2025-06-16 07:51:25,722 : INFO : EventManager : Event: ======'playfield_active'====== Args={}
2025-06-16 07:51:25,722 : INFO : EventManager : Event: ======'unexpected_ball_on_playfield'====== Args={}
2025-06-16 07:51:25,845 : INFO : SwitchController : <<<<<<< 's_pop5' inactive >>>>>>>
2025-06-16 07:51:26,050 : INFO : SwitchController : <<<<<<< 's_pop5' active >>>>>>>
2025-06-16 07:51:26,050 : INFO : EventManager : Event: ======'playfield_active'====== Args={}
2025-06-16 07:51:26,050 : INFO : EventManager : Event: ======'unexpected_ball_on_playfield'====== Args={}
2025-06-16 07:51:26,172 : INFO : SwitchController : <<<<<<< 's_pop5' inactive >>>>>>>
2025-06-16 07:51:26,264 : INFO : SwitchController : <<<<<<< 's_pop5' active >>>>>>>
2025-06-16 07:51:26,264 : INFO : EventManager : Event: ======'playfield_active'====== Args={}
2025-06-16 07:51:26,265 : INFO : EventManager : Event: ======'unexpected_ball_on_playfield'====== Args={}
2025-06-16 07:51:26,354 : INFO : SwitchController : <<<<<<< 's_pop5' inactive >>>>>>>
2025-06-16 07:51:26,447 : INFO : SwitchController : <<<<<<< 's_pop5' active >>>>>>>
2025-06-16 07:51:26,447 : INFO : EventManager : Event: ======'playfield_active'====== Args={}
2025-06-16 07:51:26,447 : INFO : EventManager : Event: ======'unexpected_ball_on_playfield'====== Args={}
2025-06-16 07:51:26,530 : INFO : SwitchController : <<<<<<< 's_pop5' inactive >>>>>>>
2025-06-16 07:51:26,624 : INFO : SwitchController : <<<<<<< 's_pop5' active >>>>>>>
2025-06-16 07:51:26,624 : INFO : EventManager : Event: ======'playfield_active'====== Args={}
2025-06-16 07:51:26,625 : INFO : EventManager : Event: ======'unexpected_ball_on_playfield'====== Args={}
2025-06-16 07:51:26,670 : INFO : SwitchController : <<<<<<< 's_pop5' inactive >>>>>>>
2025-06-16 07:51:26,767 : INFO : SwitchController : <<<<<<< 's_pop5' active >>>>>>>
2025-06-16 07:51:26,768 : INFO : EventManager : Event: ======'playfield_active'====== Args={}
2025-06-16 07:51:26,768 : INFO : EventManager : Event: ======'unexpected_ball_on_playfield'====== Args={}
2025-06-16 07:51:26,841 : INFO : SwitchController : <<<<<<< 's_pop5' inactive >>>>>>>
2025-06-16 07:51:26,950 : INFO : SwitchController : <<<<<<< 's_pop5' active >>>>>>>
2025-06-16 07:51:26,950 : INFO : EventManager : Event: ======'playfield_active'====== Args={}
2025-06-16 07:51:26,951 : INFO : EventManager : Event: ======'unexpected_ball_on_playfield'====== Args={}
2025-06-16 07:51:26,999 : INFO : SwitchController : <<<<<<< 's_pop5' inactive >>>>>>>
2025-06-16 07:51:27,507 : INFO : SwitchController : <<<<<<< 's_pop5' active >>>>>>>
2025-06-16 07:51:27,507 : INFO : EventManager : Event: ======'playfield_active'====== Args={}
2025-06-16 07:51:27,507 : INFO : EventManager : Event: ======'unexpected_ball_on_playfield'====== Args={}
2025-06-16 07:51:27,559 : INFO : SwitchController : <<<<<<< 's_pop5' inactive >>>>>>>
2025-06-16 07:51:27,708 : INFO : SwitchController : <<<<<<< 's_pop5' active >>>>>>>
2025-06-16 07:51:27,709 : INFO : EventManager : Event: ======'playfield_active'====== Args={}
2025-06-16 07:51:27,709 : INFO : EventManager : Event: ======'unexpected_ball_on_playfield'====== Args={}
2025-06-16 07:51:27,788 : INFO : SwitchController : <<<<<<< 's_pop5' inactive >>>>>>>
2025-06-16 07:51:27,924 : INFO : SwitchController : <<<<<<< 's_pop5' active >>>>>>>
2025-06-16 07:51:27,925 : INFO : EventManager : Event: ======'playfield_active'====== Args={}
2025-06-16 07:51:27,925 : INFO : EventManager : Event: ======'unexpected_ball_on_playfield'====== Args={}
2025-06-16 07:51:28,029 : INFO : SwitchController : <<<<<<< 's_pop5' inactive >>>>>>>
2025-06-16 07:51:28,285 : INFO : SwitchController : <<<<<<< 's_pop5' active >>>>>>>
2025-06-16 07:51:28,286 : INFO : EventManager : Event: ======'playfield_active'====== Args={}
2025-06-16 07:51:28,286 : INFO : EventManager : Event: ======'unexpected_ball_on_playfield'====== Args={}
2025-06-16 07:51:28,385 : INFO : SwitchController : <<<<<<< 's_pop5' inactive >>>>>>>
2025-06-16 07:51:28,903 : INFO : SwitchController : <<<<<<< 's_pop5' active >>>>>>>
2025-06-16 07:51:28,903 : INFO : EventManager : Event: ======'playfield_active'====== Args={}
2025-06-16 07:51:28,903 : INFO : EventManager : Event: ======'unexpected_ball_on_playfield'====== Args={}
2025-06-16 07:51:28,996 : INFO : SwitchController : <<<<<<< 's_pop5' inactive >>>>>>>
2025-06-16 07:51:29,569 : INFO : SwitchController : <<<<<<< 's_pop5' active >>>>>>>
2025-06-16 07:51:29,569 : INFO : EventManager : Event: ======'playfield_active'====== Args={}
2025-06-16 07:51:29,569 : INFO : EventManager : Event: ======'unexpected_ball_on_playfield'====== Args={}
2025-06-16 07:51:29,603 : INFO : SwitchController : <<<<<<< 's_pop5' inactive >>>>>>>
2025-06-16 07:51:30,253 : INFO : SwitchController : <<<<<<< 's_pop5' active >>>>>>>
2025-06-16 07:51:30,253 : INFO : EventManager : Event: ======'playfield_active'====== Args={}
2025-06-16 07:51:30,253 : INFO : EventManager : Event: ======'unexpected_ball_on_playfield'====== Args={}
2025-06-16 07:51:30,314 : INFO : SwitchController : <<<<<<< 's_pop5' inactive >>>>>>>
2025-06-16 07:51:30,760 : INFO : SwitchController : <<<<<<< 's_pop5' active >>>>>>>
2025-06-16 07:51:30,760 : INFO : EventManager : Event: ======'playfield_active'====== Args={}
2025-06-16 07:51:30,760 : INFO : EventManager : Event: ======'unexpected_ball_on_playfield'====== Args={}
2025-06-16 07:51:31,160 : INFO : SwitchController : <<<<<<< 's_pop5' inactive >>>>>>>
2025-06-16 07:51:31,211 : INFO : SwitchController : <<<<<<< 's_pop5' active >>>>>>>
2025-06-16 07:51:31,211 : INFO : EventManager : Event: ======'playfield_active'====== Args={}
2025-06-16 07:51:31,211 : INFO : EventManager : Event: ======'unexpected_ball_on_playfield'====== Args={}
2025-06-16 07:51:31,427 : INFO : SwitchController : <<<<<<< 's_pop5' inactive >>>>>>>
2025-06-16 07:51:31,697 : INFO : SwitchController : <<<<<<< 's_pop5' active >>>>>>>
2025-06-16 07:51:31,697 : INFO : EventManager : Event: ======'playfield_active'====== Args={}
2025-06-16 07:51:31,698 : INFO : EventManager : Event: ======'unexpected_ball_on_playfield'====== Args={}
2025-06-16 07:51:31,863 : INFO : SwitchController : <<<<<<< 's_pop5' inactive >>>>>>>
2025-06-16 07:51:32,065 : INFO : SwitchController : <<<<<<< 's_pop5' active >>>>>>>
2025-06-16 07:51:32,066 : INFO : EventManager : Event: ======'playfield_active'====== Args={}
2025-06-16 07:51:32,066 : INFO : EventManager : Event: ======'unexpected_ball_on_playfield'====== Args={}
2025-06-16 07:51:32,270 : INFO : SwitchController : <<<<<<< 's_pop5' inactive >>>>>>>
2025-06-16 07:51:33,096 : INFO : SwitchController : <<<<<<< 's_pop5' active >>>>>>>
2025-06-16 07:51:33,096 : INFO : EventManager : Event: ======'playfield_active'====== Args={}
2025-06-16 07:51:33,096 : INFO : EventManager : Event: ======'unexpected_ball_on_playfield'====== Args={}
2025-06-16 07:51:33,204 : INFO : SwitchController : <<<<<<< 's_pop5' inactive >>>>>>>
2025-06-16 07:51:37,094 : INFO : SwitchController : <<<<<<< 's_pop3' active >>>>>>>
2025-06-16 07:51:37,094 : INFO : EventManager : Event: ======'playfield_active'====== Args={}
2025-06-16 07:51:37,094 : INFO : EventManager : Event: ======'unexpected_ball_on_playfield'====== Args={}
2025-06-16 07:51:37,283 : INFO : SwitchController : <<<<<<< 's_pop3' inactive >>>>>>>
2025-06-16 07:51:37,590 : INFO : SwitchController : <<<<<<< 's_pop3' active >>>>>>>
2025-06-16 07:51:37,590 : INFO : EventManager : Event: ======'playfield_active'====== Args={}
2025-06-16 07:51:37,591 : INFO : EventManager : Event: ======'unexpected_ball_on_playfield'====== Args={}
2025-06-16 07:51:37,765 : INFO : SwitchController : <<<<<<< 's_pop3' inactive >>>>>>>
2025-06-16 07:51:38,202 : INFO : SwitchController : <<<<<<< 's_pop3' active >>>>>>>
2025-06-16 07:51:38,202 : INFO : EventManager : Event: ======'playfield_active'====== Args={}
2025-06-16 07:51:38,202 : INFO : EventManager : Event: ======'unexpected_ball_on_playfield'====== Args={}
2025-06-16 07:51:38,360 : INFO : SwitchController : <<<<<<< 's_pop3' inactive >>>>>>>
2025-06-16 07:51:38,811 : INFO : SwitchController : <<<<<<< 's_pop3' active >>>>>>>
2025-06-16 07:51:38,812 : INFO : EventManager : Event: ======'playfield_active'====== Args={}
2025-06-16 07:51:38,812 : INFO : EventManager : Event: ======'unexpected_ball_on_playfield'====== Args={}
2025-06-16 07:51:38,953 : INFO : SwitchController : <<<<<<< 's_pop3' inactive >>>>>>>
2025-06-16 07:51:44,267 : INFO : SwitchController : <<<<<<< 's_pop5' active >>>>>>>
2025-06-16 07:51:44,268 : INFO : EventManager : Event: ======'playfield_active'====== Args={}
2025-06-16 07:51:44,268 : INFO : EventManager : Event: ======'unexpected_ball_on_playfield'====== Args={}
2025-06-16 07:51:44,423 : INFO : SwitchController : <<<<<<< 's_pop5' inactive >>>>>>>
2025-06-16 07:51:45,020 : INFO : SwitchController : <<<<<<< 's_pop5' active >>>>>>>
2025-06-16 07:51:45,020 : INFO : EventManager : Event: ======'playfield_active'====== Args={}
2025-06-16 07:51:45,020 : INFO : EventManager : Event: ======'unexpected_ball_on_playfield'====== Args={}
2025-06-16 07:51:45,192 : INFO : SwitchController : <<<<<<< 's_pop5' inactive >>>>>>>
2025-06-16 07:51:45,343 : INFO : SwitchController : <<<<<<< 's_pop5' active >>>>>>>
2025-06-16 07:51:45,343 : INFO : EventManager : Event: ======'playfield_active'====== Args={}
2025-06-16 07:51:45,343 : INFO : EventManager : Event: ======'unexpected_ball_on_playfield'====== Args={}
2025-06-16 07:51:45,437 : INFO : SwitchController : <<<<<<< 's_pop5' inactive >>>>>>>
2025-06-16 07:51:45,573 : INFO : SwitchController : <<<<<<< 's_pop5' active >>>>>>>
2025-06-16 07:51:45,573 : INFO : EventManager : Event: ======'playfield_active'====== Args={}
2025-06-16 07:51:45,573 : INFO : EventManager : Event: ======'unexpected_ball_on_playfield'====== Args={}
2025-06-16 07:51:45,680 : INFO : SwitchController : <<<<<<< 's_pop5' inactive >>>>>>>
2025-06-16 07:51:45,866 : INFO : SwitchController : <<<<<<< 's_pop5' active >>>>>>>
2025-06-16 07:51:45,867 : INFO : EventManager : Event: ======'playfield_active'====== Args={}
2025-06-16 07:51:45,867 : INFO : EventManager : Event: ======'unexpected_ball_on_playfield'====== Args={}
2025-06-16 07:51:45,964 : INFO : SwitchController : <<<<<<< 's_pop5' inactive >>>>>>>
2025-06-16 07:51:46,174 : INFO : SwitchController : <<<<<<< 's_pop5' active >>>>>>>
2025-06-16 07:51:46,174 : INFO : EventManager : Event: ======'playfield_active'====== Args={}
2025-06-16 07:51:46,174 : INFO : EventManager : Event: ======'unexpected_ball_on_playfield'====== Args={}
2025-06-16 07:51:46,268 : INFO : SwitchController : <<<<<<< 's_pop5' inactive >>>>>>>
2025-06-16 07:51:46,456 : INFO : SwitchController : <<<<<<< 's_pop5' active >>>>>>>
2025-06-16 07:51:46,457 : INFO : EventManager : Event: ======'playfield_active'====== Args={}
2025-06-16 07:51:46,457 : INFO : EventManager : Event: ======'unexpected_ball_on_playfield'====== Args={}
2025-06-16 07:51:46,578 : INFO : SwitchController : <<<<<<< 's_pop5' inactive >>>>>>>
2025-06-16 07:51:47,269 : INFO : SwitchController : <<<<<<< 's_pop5' active >>>>>>>
2025-06-16 07:51:47,270 : INFO : EventManager : Event: ======'playfield_active'====== Args={}
2025-06-16 07:51:47,270 : INFO : EventManager : Event: ======'unexpected_ball_on_playfield'====== Args={}
2025-06-16 07:51:47,404 : INFO : SwitchController : <<<<<<< 's_pop5' inactive >>>>>>>
2025-06-16 07:51:47,627 : INFO : SwitchController : <<<<<<< 's_pop5' active >>>>>>>
2025-06-16 07:51:47,628 : INFO : EventManager : Event: ======'playfield_active'====== Args={}
2025-06-16 07:51:47,628 : INFO : EventManager : Event: ======'unexpected_ball_on_playfield'====== Args={}
2025-06-16 07:51:47,750 : INFO : SwitchController : <<<<<<< 's_pop5' inactive >>>>>>>
2025-06-16 07:51:47,937 : INFO : SwitchController : <<<<<<< 's_pop5' active >>>>>>>
2025-06-16 07:51:47,938 : INFO : EventManager : Event: ======'playfield_active'====== Args={}
2025-06-16 07:51:47,938 : INFO : EventManager : Event: ======'unexpected_ball_on_playfield'====== Args={}
2025-06-16 07:51:48,045 : INFO : SwitchController : <<<<<<< 's_pop5' inactive >>>>>>>
2025-06-16 07:51:48,233 : INFO : SwitchController : <<<<<<< 's_pop5' active >>>>>>>
2025-06-16 07:51:48,234 : INFO : EventManager : Event: ======'playfield_active'====== Args={}
2025-06-16 07:51:48,234 : INFO : EventManager : Event: ======'unexpected_ball_on_playfield'====== Args={}
2025-06-16 07:51:48,331 : INFO : SwitchController : <<<<<<< 's_pop5' inactive >>>>>>>
2025-06-16 07:51:48,545 : INFO : SwitchController : <<<<<<< 's_pop5' active >>>>>>>
2025-06-16 07:51:48,545 : INFO : EventManager : Event: ======'playfield_active'====== Args={}
2025-06-16 07:51:48,546 : INFO : EventManager : Event: ======'unexpected_ball_on_playfield'====== Args={}
2025-06-16 07:51:48,655 : INFO : SwitchController : <<<<<<< 's_pop5' inactive >>>>>>>
2025-06-16 07:51:50,985 : INFO : SwitchController : <<<<<<< 's_pop5' active >>>>>>>
2025-06-16 07:51:50,985 : INFO : EventManager : Event: ======'playfield_active'====== Args={}
2025-06-16 07:51:50,985 : INFO : EventManager : Event: ======'unexpected_ball_on_playfield'====== Args={}
2025-06-16 07:51:50,996 : INFO : SwitchController : <<<<<<< 's_pop5' inactive >>>>>>>
2025-06-16 07:51:51,141 : INFO : SwitchController : <<<<<<< 's_pop5' active >>>>>>>
2025-06-16 07:51:51,142 : INFO : EventManager : Event: ======'playfield_active'====== Args={}
2025-06-16 07:51:51,142 : INFO : EventManager : Event: ======'unexpected_ball_on_playfield'====== Args={}
2025-06-16 07:51:51,283 : INFO : SwitchController : <<<<<<< 's_pop5' inactive >>>>>>>
2025-06-16 07:51:51,469 : INFO : SwitchController : <<<<<<< 's_pop5' active >>>>>>>
2025-06-16 07:51:51,470 : INFO : EventManager : Event: ======'playfield_active'====== Args={}
2025-06-16 07:51:51,470 : INFO : EventManager : Event: ======'unexpected_ball_on_playfield'====== Args={}
2025-06-16 07:51:51,579 : INFO : SwitchController : <<<<<<< 's_pop5' inactive >>>>>>>
2025-06-16 07:51:51,740 : INFO : SwitchController : <<<<<<< 's_pop5' active >>>>>>>
2025-06-16 07:51:51,740 : INFO : EventManager : Event: ======'playfield_active'====== Args={}
2025-06-16 07:51:51,740 : INFO : EventManager : Event: ======'unexpected_ball_on_playfield'====== Args={}
2025-06-16 07:51:51,832 : INFO : SwitchController : <<<<<<< 's_pop5' inactive >>>>>>>
2025-06-16 07:51:51,989 : INFO : SwitchController : <<<<<<< 's_pop5' active >>>>>>>
2025-06-16 07:51:51,989 : INFO : EventManager : Event: ======'playfield_active'====== Args={}
2025-06-16 07:51:51,989 : INFO : EventManager : Event: ======'unexpected_ball_on_playfield'====== Args={}
2025-06-16 07:51:52,067 : INFO : SwitchController : <<<<<<< 's_pop5' inactive >>>>>>>
2025-06-16 07:51:52,227 : INFO : SwitchController : <<<<<<< 's_pop5' active >>>>>>>
2025-06-16 07:51:52,228 : INFO : EventManager : Event: ======'playfield_active'====== Args={}
2025-06-16 07:51:52,228 : INFO : EventManager : Event: ======'unexpected_ball_on_playfield'====== Args={}
2025-06-16 07:51:52,274 : INFO : SwitchController : <<<<<<< 's_pop5' inactive >>>>>>>
2025-06-16 07:51:52,442 : INFO : SwitchController : <<<<<<< 's_pop5' active >>>>>>>
2025-06-16 07:51:52,442 : INFO : EventManager : Event: ======'playfield_active'====== Args={}
2025-06-16 07:51:52,443 : INFO : EventManager : Event: ======'unexpected_ball_on_playfield'====== Args={}
2025-06-16 07:51:52,534 : INFO : SwitchController : <<<<<<< 's_pop5' inactive >>>>>>>
2025-06-16 07:51:52,893 : INFO : SwitchController : <<<<<<< 's_pop5' active >>>>>>>
2025-06-16 07:51:52,893 : INFO : EventManager : Event: ======'playfield_active'====== Args={}
2025-06-16 07:51:52,894 : INFO : EventManager : Event: ======'unexpected_ball_on_playfield'====== Args={}
2025-06-16 07:51:52,970 : INFO : SwitchController : <<<<<<< 's_pop5' inactive >>>>>>>
2025-06-16 07:51:53,080 : INFO : SwitchController : <<<<<<< 's_pop5' active >>>>>>>
2025-06-16 07:51:53,080 : INFO : EventManager : Event: ======'playfield_active'====== Args={}
2025-06-16 07:51:53,080 : INFO : EventManager : Event: ======'unexpected_ball_on_playfield'====== Args={}
2025-06-16 07:51:53,127 : INFO : SwitchController : <<<<<<< 's_pop5' inactive >>>>>>>
2025-06-16 07:52:22,548 : INFO : Machine : Shutting down...
2025-06-16 07:52:22,548 : INFO : EventManager : Event: ======'shutdown'====== Args={}
2025-06-16 07:52:22,553 : ERROR : OPP : Stop called on serial connection com3
2025-06-16 07:52:22,558 : ERROR : OPP : Stop called on serial connection com4
2025-06-16 07:52:22,559 : ERROR : asyncio : Exception in callback Util.raise_exceptions(<Task finishe...ection lost')>) at C:\Users\ruben\.local\pipx\venvs\mpf\lib\site-packages\mpf\core\utility_functions.py:759
handle: <Handle Util.raise_exceptions(<Task finishe...ection lost')>) at C:\Users\ruben\.local\pipx\venvs\mpf\lib\site-packages\mpf\core\utility_functions.py:759>
Traceback (most recent call last):
  File "C:\Users\ruben\AppData\Local\Programs\Python\Python39\lib\asyncio\events.py", line 80, in _run
    self._context.run(self._callback, *self._args)
  File "C:\Users\ruben\.local\pipx\venvs\mpf\lib\site-packages\mpf\core\utility_functions.py", line 767, in raise_exceptions
    future.result()
  File "C:\Users\ruben\.local\pipx\venvs\mpf\lib\site-packages\mpf\platforms\opp\opp.py", line 965, in _poll_sender
    await self.opp_connection[chain_serial].writer.drain()
  File "C:\Users\ruben\AppData\Local\Programs\Python\Python39\lib\asyncio\streams.py", line 387, in drain
    await self._protocol._drain_helper()
  File "C:\Users\ruben\AppData\Local\Programs\Python\Python39\lib\asyncio\streams.py", line 190, in _drain_helper
    raise ConnectionResetError('Connection lost')
ConnectionResetError: Connection lost
2025-06-16 07:52:22,818 : WARNING : OPP : Poll took more than 250.0ms for 0
2025-06-16 07:52:22,818 : ERROR : asyncio : Exception in callback Util.raise_exceptions(<Task finishe...ute 'write'")>) at C:\Users\ruben\.local\pipx\venvs\mpf\lib\site-packages\mpf\core\utility_functions.py:759
handle: <Handle Util.raise_exceptions(<Task finishe...ute 'write'")>) at C:\Users\ruben\.local\pipx\venvs\mpf\lib\site-packages\mpf\core\utility_functions.py:759>
Traceback (most recent call last):
  File "C:\Users\ruben\AppData\Local\Programs\Python\Python39\lib\asyncio\events.py", line 80, in _run
    self._context.run(self._callback, *self._args)
  File "C:\Users\ruben\.local\pipx\venvs\mpf\lib\site-packages\mpf\core\utility_functions.py", line 767, in raise_exceptions
    future.result()
  File "C:\Users\ruben\.local\pipx\venvs\mpf\lib\site-packages\mpf\platforms\opp\opp.py", line 964, in _poll_sender
    self.send_to_processor(chain_serial, self.read_input_msg[chain_serial])
  File "C:\Users\ruben\.local\pipx\venvs\mpf\lib\site-packages\mpf\platforms\opp\opp.py", line 345, in send_to_processor
    self.opp_connection[chain_serial].send(msg)
  File "C:\Users\ruben\.local\pipx\venvs\mpf\lib\site-packages\mpf\platforms\base_serial_communicator.py", line 160, in send
    self.writer.write(msg)
AttributeError: 'NoneType' object has no attribute 'write'
2025-06-16 07:52:22,820 : INFO : root : MPF run loop ended.
