2025-07-06 00:15:51,395 : kivy : Kivy: v2.2.1
2025-07-06 00:15:51,395 : kivy : Kivy: Installed at "/Library/Frameworks/Python.framework/Versions/3.9/lib/python3.9/site-packages/kivy/__init__.py"
2025-07-06 00:15:51,395 : kivy : Python: v3.9.13 (v3.9.13:6de2ca5339, May 17 2022, 11:37:23) 
[Clang 13.0.0 (clang-1300.0.29.30)]
2025-07-06 00:15:51,395 : kivy : Python: Interpreter at "/Library/Frameworks/Python.framework/Versions/3.9/bin/python3.9"
2025-07-06 00:15:51,402 : kivy : Factory: 190 symbols loaded
2025-07-06 00:15:51,500 : kivy : ImageLoaderFFPy: Using ffpyplayer 4.5.1
2025-07-06 00:15:51,500 : kivy : Image: Providers: img_tex, img_imageio, img_dds, img_sdl2, img_pil, img_ffpyplayer 
2025-07-06 00:15:51,626 : kivy : VideoFFPy: Using ffpyplayer 4.5.1
2025-07-06 00:15:51,626 : kivy : Video: Provider: ffpyplayer(['video_ffmpeg'] ignored)
2025-07-06 00:15:51,653 : root : Loading MPF-MC controller
2025-07-06 00:15:51,660 : YamlMultifileConfigLoader : Machine config file #1: config
2025-07-06 00:15:51,661 : ConfigProcessor : Config file in cache changed: /Users/ruben/Pinball/mpf-pinball/config/config
2025-07-06 00:15:51,661 : ConfigProcessor : Loading config from file /Library/Frameworks/Python.framework/Versions/3.9/lib/python3.9/site-packages/mpfmc/mcconfig.yaml.
2025-07-06 00:15:51,665 : ConfigProcessor : Loading config: /Library/Frameworks/Python.framework/Versions/3.9/lib/python3.9/site-packages/mpfmc/mcconfig.yaml
2025-07-06 00:15:51,665 : ConfigProcessor : Loading config from file /Users/ruben/Pinball/mpf-pinball/config/config.
2025-07-06 00:15:51,666 : ConfigProcessor : Loading config: /Users/ruben/Pinball/mpf-pinball/config/config
2025-07-06 00:15:51,666 : ConfigProcessor : Loading config: /Users/ruben/Pinball/mpf-pinball/config/hardware.yaml
2025-07-06 00:15:51,666 : ConfigProcessor : Loading config: /Users/ruben/Pinball/mpf-pinball/config/switches.yaml
2025-07-06 00:15:51,667 : ConfigProcessor : Loading config: /Users/ruben/Pinball/mpf-pinball/config/coils.yaml
2025-07-06 00:15:51,669 : ConfigProcessor : Loading config: /Users/ruben/Pinball/mpf-pinball/config/lights.yaml
2025-07-06 00:15:51,670 : ConfigProcessor : Loading config: /Users/ruben/Pinball/mpf-pinball/config/devices.yaml
2025-07-06 00:15:51,670 : ConfigProcessor : Loading config: /Users/ruben/Pinball/mpf-pinball/config/images.yaml
2025-07-06 00:15:51,670 : ConfigProcessor : Loading config: /Users/ruben/Pinball/mpf-pinball/config/displays.yaml
2025-07-06 00:15:51,671 : ConfigProcessor : Loading config: /Users/ruben/Pinball/mpf-pinball/config/slides.yaml
2025-07-06 00:15:51,672 : ConfigProcessor : Loading config: /Users/ruben/Pinball/mpf-pinball/config/sounds.yaml
2025-07-06 00:15:51,673 : ConfigProcessor : Config file cache created: /var/folders/9g/7xjb17l959g1fnq4pjl5c5p80000gn/T/195f11bb22def72033a5ba91cfdec8f0.mpf_cache
2025-07-06 00:15:51,673 : ConfigProcessor : Loading config from cache: /var/folders/9g/7xjb17l959g1fnq4pjl5c5p80000gn/T/f574f59b1e0fcbb2258348220f26b9cc.mpf_cache
2025-07-06 00:15:51,673 : ConfigProcessor : Loading config from cache: /var/folders/9g/7xjb17l959g1fnq4pjl5c5p80000gn/T/edcc5f1d3215b377c9faab88c62e4ce0.mpf_cache
2025-07-06 00:15:51,673 : ConfigProcessor : Loading config from cache: /var/folders/9g/7xjb17l959g1fnq4pjl5c5p80000gn/T/174d451d321a0971202b746018364536.mpf_cache
2025-07-06 00:15:51,673 : ConfigProcessor : Loading config from cache: /var/folders/9g/7xjb17l959g1fnq4pjl5c5p80000gn/T/f574f59b1e0fcbb2258348220f26b9cc.mpf_cache
2025-07-06 00:15:51,673 : mpfmc : Mission Pinball Framework Media Controller (MPF-MC) v0.57.1. Requires MPF v0.57.0 or newer.
2025-07-06 00:15:51,673 : mpfmc : Found MPF v0.57.3
2025-07-06 00:15:51,673 : mpfmc : Machine path: /Users/ruben/Pinball/mpf-pinball
2025-07-06 00:15:51,673 : mpfmc : Starting clock at 60.0Hz
2025-07-06 00:15:51,681 : kivy : Text: Provider: sdl2
2025-07-06 00:15:51,696 : kivy : Window: Provider: sdl2
2025-07-06 00:15:51,862 : kivy : GL: Using the "OpenGL ES 2" graphics system
2025-07-06 00:15:51,862 : kivy : GL: Backend used <sdl2>
2025-07-06 00:15:51,862 : kivy : GL: OpenGL version <b'2.1 Metal - 89.4'>
2025-07-06 00:15:51,862 : kivy : GL: OpenGL vendor <b'Apple'>
2025-07-06 00:15:51,862 : kivy : GL: OpenGL renderer <b'Apple M1 Pro'>
2025-07-06 00:15:51,862 : kivy : GL: OpenGL parsed version: 2, 1
2025-07-06 00:15:51,862 : kivy : GL: Shading version <b'1.20'>
2025-07-06 00:15:51,862 : kivy : GL: Texture max size <16384>
2025-07-06 00:15:51,862 : kivy : GL: Texture max units <16>
2025-07-06 00:15:51,874 : kivy : Window: auto add sdl2 input provider
2025-07-06 00:15:51,874 : kivy : Window: virtual keyboard not allowed, single mode, not docked
2025-07-06 00:15:52,008 : AudioInterface : Initialized
2025-07-06 00:15:52,008 : AudioInterface : Loaded SDL 2.32.8
2025-07-06 00:15:52,008 : AudioInterface : Loaded SDL_Mixer 2.8.1
2025-07-06 00:15:52,008 : AudioInterface : Loaded GStreamer 1.26.2.0
2025-07-06 00:15:52,008 : AudioInterface : Loaded GLib 2.84.2
2025-07-06 00:15:52,008 : AudioInterface : Settings requested - rate: 44100, channels: 1, buffer: 2048 samples
2025-07-06 00:15:52,008 : AudioInterface : Settings in use - rate: 44100, channels: 1, buffer: 2048 samples (4096 bytes @ 2 bytes per sample)
2025-07-06 00:15:52,008 : SoundSystem : Setting master volume to 0.0
2025-07-06 00:15:52,008 : AudioInterface : Enabling audio playback
2025-07-06 00:15:52,010 : kivy : Base: Start application main loop
2025-07-06 00:15:52,010 : EventManager : Event: ======'display_window_initialized'====== Args={}
2025-07-06 00:15:52,338 : mpfmc : Display: Setting 'window' as default display
2025-07-06 00:15:52,343 : EventManager : Event: ======'displays_initialized'====== Args={}
2025-07-06 00:15:52,344 : EventManager : Event: ======'slide_window_blank_created'====== Args={}
2025-07-06 00:15:52,344 : EventManager : Event: ======'display_window_ready'====== Args={}
2025-07-06 00:15:52,349 : EventManager : Event: ======'init_phase_1'====== Args={}
2025-07-06 00:15:52,353 : EventManager : Event: ======'mc_ready'====== Args={}
2025-07-06 00:15:52,353 : EventManager : Event: ======'init_phase_2'====== Args={}
2025-07-06 00:15:52,354 : kivy : Base: Leaving application in progress...
2025-07-06 00:15:52,354 : root : Exception while processing RegisteredHandler(callback=<bound method ModeController._load_modes of <mpfmc.core.mode_controller.ModeController object at 0x1058fc850>>, priority=1, kwargs={}, key=UUID('49042cbc-83e2-432d-b00c-d586b586d49b'), condition=None, blocking_facility=None) for event init_phase_2. PlaylistPlayer: An invalid audio track 'playlist' is specified for event 'playfield_active' (only playlist audio tracks are supported).
Traceback (most recent call last):
  File "/Library/Frameworks/Python.framework/Versions/3.9/lib/python3.9/site-packages/mpf/core/events.py", line 755, in _run_handlers
    result = handler.callback(**merged_kwargs)
  File "/Library/Frameworks/Python.framework/Versions/3.9/lib/python3.9/site-packages/mpfmc/core/mode_controller.py", line 67, in _load_modes
    item.method(config=mode.config.get(item.config_section),
  File "/Library/Frameworks/Python.framework/Versions/3.9/lib/python3.9/site-packages/mpf/core/config_player.py", line 150, in process_mode_config
    config = self.validate_config(config)
  File "/Library/Frameworks/Python.framework/Versions/3.9/lib/python3.9/site-packages/mpfmc/config_players/playlist_player.py", line 132, in validate_config
    raise ValueError("PlaylistPlayer: An invalid audio track '{}' is specified for event '{}' "
ValueError: PlaylistPlayer: An invalid audio track 'playlist' is specified for event 'playfield_active' (only playlist audio tracks are supported).

The above exception was the direct cause of the following exception:

Traceback (most recent call last):
  File "/Library/Frameworks/Python.framework/Versions/3.9/lib/python3.9/site-packages/mpfmc/commands/mc.py", line 215, in __init__
    MpfMc(options=vars(args),
  File "/Library/Frameworks/Python.framework/Versions/3.9/lib/python3.9/site-packages/kivy/app.py", line 956, in run
    runTouchApp()
  File "/Library/Frameworks/Python.framework/Versions/3.9/lib/python3.9/site-packages/kivy/base.py", line 574, in runTouchApp
    EventLoop.mainloop()
  File "/Library/Frameworks/Python.framework/Versions/3.9/lib/python3.9/site-packages/kivy/base.py", line 339, in mainloop
    self.idle()
  File "/Library/Frameworks/Python.framework/Versions/3.9/lib/python3.9/site-packages/kivy/base.py", line 379, in idle
    Clock.tick()
  File "/Library/Frameworks/Python.framework/Versions/3.9/lib/python3.9/site-packages/kivy/clock.py", line 733, in tick
    self.post_idle(ts, self.idle())
  File "/Library/Frameworks/Python.framework/Versions/3.9/lib/python3.9/site-packages/kivy/clock.py", line 776, in post_idle
    self._process_events()
  File "kivy/_clock.pyx", line 620, in kivy._clock.CyClockBase._process_events
  File "kivy/_clock.pyx", line 653, in kivy._clock.CyClockBase._process_events
  File "kivy/_clock.pyx", line 649, in kivy._clock.CyClockBase._process_events
  File "kivy/_clock.pyx", line 218, in kivy._clock.ClockEvent.tick
  File "/Library/Frameworks/Python.framework/Versions/3.9/lib/python3.9/site-packages/mpfmc/uix/display.py", line 211, in _displays_initialized
    self.mc.displays_initialized()
  File "/Library/Frameworks/Python.framework/Versions/3.9/lib/python3.9/site-packages/mpfmc/core/mc.py", line 347, in displays_initialized
    self._init()
  File "/Library/Frameworks/Python.framework/Versions/3.9/lib/python3.9/site-packages/mpfmc/core/mc.py", line 392, in _init
    self.events.process_event_queue()
  File "/Library/Frameworks/Python.framework/Versions/3.9/lib/python3.9/site-packages/mpf/core/events.py", line 846, in process_event_queue
    self._process_event(event=event[0],
  File "/Library/Frameworks/Python.framework/Versions/3.9/lib/python3.9/site-packages/mpf/core/events.py", line 808, in _process_event
    result = self._run_handlers(event, ev_type, kwargs)
  File "/Library/Frameworks/Python.framework/Versions/3.9/lib/python3.9/site-packages/mpf/core/events.py", line 757, in _run_handlers
    raise EventHandlerException(
mpf.core.events.EventHandlerException: Exception while processing RegisteredHandler(callback=<bound method ModeController._load_modes of <mpfmc.core.mode_controller.ModeController object at 0x1058fc850>>, priority=1, kwargs={}, key=UUID('49042cbc-83e2-432d-b00c-d586b586d49b'), condition=None, blocking_facility=None) for event init_phase_2. PlaylistPlayer: An invalid audio track 'playlist' is specified for event 'playfield_active' (only playlist audio tracks are supported).
2025-07-06 00:15:52,357 : root : Stopping child threads... (1 remaining)
2025-07-06 00:15:53,064 : root : All child threads stopped.
