2025-06-26 12:00:28,798 : INFO : root : Loading config.
2025-06-26 12:00:28,813 : INFO : YamlMultifileConfigLoader : Machine config file #1: config.yaml
2025-06-26 12:00:28,813 : INFO : ConfigProcessor : Loading config from cache: C:\Users\ruben\AppData\Local\Temp\ea592b2e59251eb1324fb8d8ecdf3742.mpf_cache
2025-06-26 12:00:28,983 : INFO : ConfigProcessor : Loading config from cache: C:\Users\ruben\AppData\Local\Temp\de22d214a8e6fb7753c0be2dfb8deb7c.mpf_cache
2025-06-26 12:00:28,985 : INFO : ConfigProcessor : Loading config from cache: C:\Users\ruben\AppData\Local\Temp\76bc62f652ae2965f03127125af6e953.mpf_cache
2025-06-26 12:00:28,986 : INFO : ConfigProcessor : Loading config from cache: C:\Users\ruben\AppData\Local\Temp\195f66f1d07408d279921a878741edf5.mpf_cache
2025-06-26 12:00:28,987 : INFO : ConfigProcessor : Loading config from cache: C:\Users\ruben\AppData\Local\Temp\de22d214a8e6fb7753c0be2dfb8deb7c.mpf_cache
2025-06-26 12:00:28,988 : INFO : Machine : Mission Pinball Framework Core Engine v0.57.3
2025-06-26 12:00:28,988 : INFO : Machine : Command line arguments: {'no_load_cache': False, 'create_config_cache': True, 'bcp': True, 'configfile': ['config.yaml'], 'force_assets_load': False, 'platform_integration_test': False, 'jsonlogging': False, 'logfile': 'logs\\2025-06-26-12-00-28-mpf-DESKTOP-11MEIVG.log', 'pause': False, 'production': False, 'text_ui': True, 'loglevel': 15, 'consoleloglevel': 20, 'force_platform': None, 'syslog_address': None, 'mc_file_name': None, 'no_sound': False}
2025-06-26 12:00:28,988 : INFO : Machine : MPF path: C:\Users\ruben\AppData\Local\Programs\Python\Python39\lib\site-packages\mpf
2025-06-26 12:00:28,988 : INFO : Machine : Machine path: C:\pinball\my_machine
2025-06-26 12:00:28,989 : INFO : Machine : Platform: win32
2025-06-26 12:00:28,989 : INFO : Machine : Python executable location: C:\Users\ruben\AppData\Local\Programs\Python\Python39\python.exe
2025-06-26 12:00:28,989 : INFO : Machine : Python version: 3.9.13 (64-bit)
2025-06-26 12:00:28,993 : INFO : Machine : Initializing MPF...
2025-06-26 12:00:29,290 : INFO : OPP : Connecting to com3 at 115200bps
2025-06-26 12:00:29,427 : INFO : OPP : Init of OPP board 1 done
2025-06-26 12:00:29,427 : INFO : OPP : Connecting to com4 at 115200bps
2025-06-26 12:00:29,491 : INFO : OPP : Init of OPP board 0 done
2025-06-26 12:00:29,491 : INFO : EventManager : Event: ======'machine_var_credits_string'====== Args={'value': 'FREE PLAY', 'prev_value': None, 'change': True}
2025-06-26 12:00:29,604 : INFO : EventManager : Event: ======'machine_var_master_volume'====== Args={'value': 0.5, 'prev_value': None, 'change': True}
2025-06-26 12:00:29,604 : INFO : EventManager : Event: ======'machine_var_player1_score'====== Args={'value': 0, 'prev_value': None, 'change': True}
2025-06-26 12:00:29,604 : INFO : EventManager : Event: ======'machine_var_mpf_version'====== Args={'value': 'Mission Pinball Framework v0.57.3', 'prev_value': None, 'change': True}
2025-06-26 12:00:29,605 : INFO : EventManager : Event: ======'machine_var_mpf_extended_version'====== Args={'value': 'Mission Pinball Framework v0.57.3, Config version:6, Show version: 6, BCP version:1.1', 'prev_value': None, 'change': True}
2025-06-26 12:00:29,605 : INFO : EventManager : Event: ======'machine_var_python_version'====== Args={'value': '3.9.13', 'prev_value': None, 'change': True}
2025-06-26 12:00:29,620 : INFO : EventManager : Event: ======'machine_var_platform'====== Args={'value': 'Windows-10-10.0.19045-SP0', 'prev_value': None, 'change': True}
2025-06-26 12:00:29,620 : INFO : EventManager : Event: ======'machine_var_platform_system'====== Args={'value': 'Windows', 'prev_value': None, 'change': True}
2025-06-26 12:00:29,620 : INFO : EventManager : Event: ======'machine_var_platform_release'====== Args={'value': '10', 'prev_value': None, 'change': True}
2025-06-26 12:00:29,620 : INFO : EventManager : Event: ======'machine_var_platform_version'====== Args={'value': '10.0.19045', 'prev_value': None, 'change': True}
2025-06-26 12:00:29,621 : INFO : EventManager : Event: ======'machine_var_platform_machine'====== Args={'value': 'AMD64', 'prev_value': None, 'change': True}
2025-06-26 12:00:29,621 : INFO : EventManager : Event: ======'init_phase_1'====== Args={}
2025-06-26 12:00:29,657 : INFO : EventManager : Event: ======'init_phase_2'====== Args={}
2025-06-26 12:00:29,663 : INFO : EventManager : Event: ======'bcp_connection_attempt'====== Args={'name': 'local_display', 'host': 'localhost', 'port': 5050}
2025-06-26 12:00:29,666 : INFO : BCPClientSocket : Connecting BCP to 'local_display' at localhost:5050...
2025-06-26 12:00:32,710 : INFO : BCPClientSocket : Connected BCP to 'local_display' localhost:5050
2025-06-26 12:00:32,713 : INFO : EventManager : Event: ======'bcp_clients_connected'====== Args={}
2025-06-26 12:00:32,872 : INFO : ball_device.bd_trough : BCH: Initial count: 0
2025-06-26 12:00:32,873 : INFO : EventManager : Event: ======'machine_var_mc_version'====== Args={'value': 'MPF-MC v0.57.1', 'prev_value': None, 'change': True}
2025-06-26 12:00:32,873 : INFO : EventManager : Event: ======'machine_var_mc_extended_version'====== Args={'value': 'MPF-MC v0.57.1 (config_version=6, BCP v1.1,                      Requires MPF API compatibility v0.57.0 or newer)', 'prev_value': None, 'change': True}
2025-06-26 12:00:32,877 : INFO : ball_device.bd_trough : State: idle
2025-06-26 12:00:32,944 : INFO : EventManager : Event: ======'init_phase_3'====== Args={}
2025-06-26 12:00:32,951 : INFO : EventManager : Event: ======'init_phase_4'====== Args={}
2025-06-26 12:00:32,952 : INFO : BallController : Initial balls found: 0
2025-06-26 12:00:32,955 : INFO : EventManager : Event: ======'machine_var_audits_events_game_ended'====== Args={'value': 53, 'prev_value': None, 'change': True}
2025-06-26 12:00:32,956 : INFO : EventManager : Event: ======'machine_var_audits_events_game_started'====== Args={'value': 106, 'prev_value': None, 'change': True}
2025-06-26 12:00:32,956 : INFO : EventManager : Event: ======'machine_var_audits_missing_switches_s_left_flipper'====== Args={'value': 6, 'prev_value': None, 'change': True}
2025-06-26 12:00:32,956 : INFO : EventManager : Event: ======'machine_var_audits_missing_switches_s_left_outlane'====== Args={'value': 10, 'prev_value': None, 'change': True}
2025-06-26 12:00:32,956 : INFO : EventManager : Event: ======'machine_var_audits_missing_switches_s_left_slingshot'====== Args={'value': 6, 'prev_value': None, 'change': True}
2025-06-26 12:00:32,957 : INFO : EventManager : Event: ======'machine_var_audits_missing_switches_s_pop1'====== Args={'value': 17, 'prev_value': None, 'change': True}
2025-06-26 12:00:32,957 : INFO : EventManager : Event: ======'machine_var_audits_missing_switches_s_pop2'====== Args={'value': 17, 'prev_value': None, 'change': True}
2025-06-26 12:00:32,957 : INFO : EventManager : Event: ======'machine_var_audits_missing_switches_s_pop3'====== Args={'value': 17, 'prev_value': None, 'change': True}
2025-06-26 12:00:32,957 : INFO : EventManager : Event: ======'machine_var_audits_missing_switches_s_pop4'====== Args={'value': 6, 'prev_value': None, 'change': True}
2025-06-26 12:00:32,958 : INFO : EventManager : Event: ======'machine_var_audits_missing_switches_s_pop5'====== Args={'value': 6, 'prev_value': None, 'change': True}
2025-06-26 12:00:32,958 : INFO : EventManager : Event: ======'machine_var_audits_missing_switches_s_right_flipper'====== Args={'value': 5, 'prev_value': None, 'change': True}
2025-06-26 12:00:32,958 : INFO : EventManager : Event: ======'machine_var_audits_missing_switches_s_right_inlane'====== Args={'value': 3, 'prev_value': None, 'change': True}
2025-06-26 12:00:32,958 : INFO : EventManager : Event: ======'machine_var_audits_missing_switches_s_right_outlane'====== Args={'value': 10, 'prev_value': None, 'change': True}
2025-06-26 12:00:32,959 : INFO : EventManager : Event: ======'machine_var_audits_missing_switches_s_right_slingshot'====== Args={'value': 6, 'prev_value': None, 'change': True}
2025-06-26 12:00:32,959 : INFO : EventManager : Event: ======'machine_var_audits_missing_switches_s_startButton'====== Args={'value': 6, 'prev_value': None, 'change': True}
2025-06-26 12:00:32,959 : INFO : EventManager : Event: ======'machine_var_audits_missing_switches_s_trough1'====== Args={'value': 3, 'prev_value': None, 'change': True}
2025-06-26 12:00:32,959 : INFO : EventManager : Event: ======'machine_var_audits_missing_switches_s_trough2'====== Args={'value': 10, 'prev_value': None, 'change': True}
2025-06-26 12:00:32,960 : INFO : EventManager : Event: ======'machine_var_audits_missing_switches_s_trough3'====== Args={'value': 10, 'prev_value': None, 'change': True}
2025-06-26 12:00:32,960 : INFO : EventManager : Event: ======'machine_var_audits_missing_switches_s_trough4'====== Args={'value': 10, 'prev_value': None, 'change': True}
2025-06-26 12:00:32,960 : INFO : EventManager : Event: ======'machine_var_audits_missing_switches_s_trough5'====== Args={'value': 9, 'prev_value': None, 'change': True}
2025-06-26 12:00:32,960 : INFO : EventManager : Event: ======'machine_var_audits_player_score'====== Args={'value': {'average': 0, 'top': [0, 0, 0, 0, 0, 0, 0, 0, 0, 0], 'total': 53}, 'prev_value': None, 'change': True}
2025-06-26 12:00:32,961 : INFO : EventManager : Event: ======'machine_var_audits_switches_s_drop_bank1'====== Args={'value': 140, 'prev_value': None, 'change': True}
2025-06-26 12:00:32,963 : INFO : EventManager : Event: ======'machine_var_audits_switches_s_left_flipper'====== Args={'value': 2284, 'prev_value': None, 'change': True}
2025-06-26 12:00:32,964 : INFO : EventManager : Event: ======'machine_var_audits_switches_s_left_inlane1'====== Args={'value': 2, 'prev_value': None, 'change': True}
2025-06-26 12:00:32,965 : INFO : EventManager : Event: ======'machine_var_audits_switches_s_left_inlane2'====== Args={'value': 2, 'prev_value': None, 'change': True}
2025-06-26 12:00:32,966 : INFO : EventManager : Event: ======'machine_var_audits_switches_s_left_outlane'====== Args={'value': 0, 'prev_value': None, 'change': True}
2025-06-26 12:00:32,966 : INFO : EventManager : Event: ======'machine_var_audits_switches_s_left_slingshot'====== Args={'value': 295, 'prev_value': None, 'change': True}
2025-06-26 12:00:32,967 : INFO : EventManager : Event: ======'machine_var_audits_switches_s_plunger'====== Args={'value': 5, 'prev_value': None, 'change': True}
2025-06-26 12:00:32,967 : INFO : EventManager : Event: ======'machine_var_audits_switches_s_pop1'====== Args={'value': 0, 'prev_value': None, 'change': True}
2025-06-26 12:00:32,968 : INFO : EventManager : Event: ======'machine_var_audits_switches_s_pop2'====== Args={'value': 0, 'prev_value': None, 'change': True}
2025-06-26 12:00:32,968 : INFO : EventManager : Event: ======'machine_var_audits_switches_s_pop3'====== Args={'value': 0, 'prev_value': None, 'change': True}
2025-06-26 12:00:32,969 : INFO : EventManager : Event: ======'machine_var_audits_switches_s_pop4'====== Args={'value': 3, 'prev_value': None, 'change': True}
2025-06-26 12:00:32,970 : INFO : EventManager : Event: ======'machine_var_audits_switches_s_pop5'====== Args={'value': 3, 'prev_value': None, 'change': True}
2025-06-26 12:00:32,970 : INFO : EventManager : Event: ======'machine_var_audits_switches_s_pop_bot'====== Args={'value': 426, 'prev_value': None, 'change': True}
2025-06-26 12:00:32,971 : INFO : EventManager : Event: ======'machine_var_audits_switches_s_pop_mid'====== Args={'value': 351, 'prev_value': None, 'change': True}
2025-06-26 12:00:32,971 : INFO : EventManager : Event: ======'machine_var_audits_switches_s_pop_top'====== Args={'value': 302, 'prev_value': None, 'change': True}
2025-06-26 12:00:32,972 : INFO : EventManager : Event: ======'machine_var_audits_switches_s_right_flipper'====== Args={'value': 2339, 'prev_value': None, 'change': True}
2025-06-26 12:00:32,972 : INFO : EventManager : Event: ======'machine_var_audits_switches_s_right_inlane'====== Args={'value': 66, 'prev_value': None, 'change': True}
2025-06-26 12:00:32,972 : INFO : EventManager : Event: ======'machine_var_audits_switches_s_right_outlane'====== Args={'value': 0, 'prev_value': None, 'change': True}
2025-06-26 12:00:32,973 : INFO : EventManager : Event: ======'machine_var_audits_switches_s_right_slingshot'====== Args={'value': 258, 'prev_value': None, 'change': True}
2025-06-26 12:00:32,973 : INFO : EventManager : Event: ======'machine_var_audits_switches_s_scoop_center'====== Args={'value': 2, 'prev_value': None, 'change': True}
2025-06-26 12:00:32,973 : INFO : EventManager : Event: ======'machine_var_audits_switches_s_scoop_lower'====== Args={'value': 220, 'prev_value': None, 'change': True}
2025-06-26 12:00:32,973 : INFO : EventManager : Event: ======'machine_var_audits_switches_s_scoop_right'====== Args={'value': 1, 'prev_value': None, 'change': True}
2025-06-26 12:00:32,974 : INFO : EventManager : Event: ======'machine_var_audits_switches_s_shooter_lane'====== Args={'value': 15, 'prev_value': None, 'change': True}
2025-06-26 12:00:32,974 : INFO : EventManager : Event: ======'machine_var_audits_switches_s_startButton'====== Args={'value': 35, 'prev_value': None, 'change': True}
2025-06-26 12:00:32,974 : INFO : EventManager : Event: ======'machine_var_audits_switches_s_trough1'====== Args={'value': 316, 'prev_value': None, 'change': True}
2025-06-26 12:00:32,975 : INFO : EventManager : Event: ======'machine_var_audits_switches_s_trough2'====== Args={'value': 1, 'prev_value': None, 'change': True}
2025-06-26 12:00:32,975 : INFO : EventManager : Event: ======'machine_var_audits_switches_s_trough3'====== Args={'value': 1, 'prev_value': None, 'change': True}
2025-06-26 12:00:32,975 : INFO : EventManager : Event: ======'machine_var_audits_switches_s_trough4'====== Args={'value': 1, 'prev_value': None, 'change': True}
2025-06-26 12:00:32,976 : INFO : EventManager : Event: ======'machine_var_audits_switches_s_trough5'====== Args={'value': 1, 'prev_value': None, 'change': True}
2025-06-26 12:00:32,977 : INFO : EventManager : Event: ======'init_phase_5'====== Args={}
2025-06-26 12:00:32,983 : INFO : EventManager : Event: ======'init_done'====== Args={}
2025-06-26 12:00:32,985 : INFO : EventManager : Event: ======'machine_reset_phase_1'====== Args={}
2025-06-26 12:00:32,990 : INFO : EventManager : Event: ======'machine_reset_phase_2'====== Args={}
2025-06-26 12:00:32,990 : INFO : EventManager : Event: ======'machine_reset_phase_3'====== Args={}
2025-06-26 12:00:32,993 : INFO : EventManager : Event: ======'reset_complete'====== Args={}
2025-06-26 12:00:32,993 : INFO : EventManager : Event: ======'mode_attract_will_start'====== Args={}
2025-06-26 12:00:32,994 : INFO : EventManager : Event: ======'mode_attract_starting'====== Args={}
2025-06-26 12:00:32,994 : INFO : Mode.attract : Started. Priority: 10
2025-06-26 12:00:32,994 : INFO : EventManager : Event: ======'modes_active_modes_changed'====== Args={}
2025-06-26 12:00:32,994 : INFO : EventManager : Event: ======'mode_attract_started'====== Args={}
2025-06-26 12:00:32,995 : INFO : EventManager : Event: ======'collecting_balls_complete'====== Args={}
2025-06-26 12:00:33,017 : INFO : EventManager : Event: ======'slide_attract_image_slide_created'====== Args={'_from_bcp': True}
2025-06-26 12:00:33,017 : INFO : EventManager : Event: ======'slide_attract_image_slide_active'====== Args={'_from_bcp': True}
2025-06-26 12:00:33,018 : INFO : Machine : Starting the main run loop with active modes: [<Mode.attract>]
2025-06-26 12:00:33,020 : WARNING : OPP : Chain: 0Msg contains bad CRC:  0x22 0x19 0x00 0x24 0x0a 0x00 0x24 0x0a 0x00 0xff 0x20.
2025-06-26 12:00:34,284 : INFO : EventManager : Event: ======'led_off'====== Args={'_from_bcp': True}
2025-06-26 12:00:34,982 : INFO : EventManager : Event: ======'led_off'====== Args={'_from_bcp': True}
2025-06-26 12:00:35,265 : INFO : EventManager : Event: ======'led_code'====== Args={'_from_bcp': True}
2025-06-26 12:00:36,223 : INFO : EventManager : Event: ======'led_name'====== Args={'_from_bcp': True}
2025-06-26 12:00:36,661 : INFO : EventManager : Event: ======'group_light'====== Args={'_from_bcp': True}
2025-06-26 12:00:37,242 : INFO : EventManager : Event: ======'led_fade'====== Args={'_from_bcp': True}
2025-06-26 12:00:37,786 : INFO : EventManager : Event: ======'led_off'====== Args={'_from_bcp': True}
2025-06-26 12:00:37,902 : INFO : EventManager : Event: ======'led_code'====== Args={'_from_bcp': True}
2025-06-26 12:00:38,017 : INFO : EventManager : Event: ======'led_name'====== Args={'_from_bcp': True}
2025-06-26 12:00:38,158 : INFO : EventManager : Event: ======'led_off'====== Args={'_from_bcp': True}
2025-06-26 12:00:38,209 : INFO : EventManager : Event: ======'led_code'====== Args={'_from_bcp': True}
2025-06-26 12:00:38,375 : INFO : EventManager : Event: ======'led_fade'====== Args={'_from_bcp': True}
2025-06-26 12:00:38,529 : INFO : EventManager : Event: ======'led_off'====== Args={'_from_bcp': True}
2025-06-26 12:00:38,567 : INFO : EventManager : Event: ======'led_code'====== Args={'_from_bcp': True}
2025-06-26 12:00:38,721 : INFO : EventManager : Event: ======'led_fade'====== Args={'_from_bcp': True}
2025-06-26 12:00:38,873 : INFO : EventManager : Event: ======'led_off'====== Args={'_from_bcp': True}
2025-06-26 12:00:38,912 : INFO : EventManager : Event: ======'led_code'====== Args={'_from_bcp': True}
2025-06-26 12:00:39,028 : INFO : EventManager : Event: ======'led_name'====== Args={'_from_bcp': True}
2025-06-26 12:00:39,219 : INFO : EventManager : Event: ======'led_code'====== Args={'_from_bcp': True}
2025-06-26 12:00:39,270 : INFO : EventManager : Event: ======'led_off'====== Args={'_from_bcp': True}
2025-06-26 12:00:39,386 : INFO : EventManager : Event: ======'led_name'====== Args={'_from_bcp': True}
2025-06-26 12:00:39,540 : INFO : EventManager : Event: ======'led_off'====== Args={'_from_bcp': True}
2025-06-26 12:00:39,553 : INFO : EventManager : Event: ======'led_code'====== Args={'_from_bcp': True}
2025-06-26 12:00:39,719 : INFO : EventManager : Event: ======'group_light'====== Args={'_from_bcp': True}
2025-06-26 12:00:39,847 : INFO : EventManager : Event: ======'led_off'====== Args={'_from_bcp': True}
2025-06-26 12:00:39,989 : INFO : EventManager : Event: ======'led_code'====== Args={'_from_bcp': True}
2025-06-26 12:00:40,232 : INFO : EventManager : Event: ======'led_name'====== Args={'_from_bcp': True}
2025-06-26 12:00:40,347 : INFO : EventManager : Event: ======'led_off'====== Args={'_from_bcp': True}
2025-06-26 12:00:40,372 : INFO : EventManager : Event: ======'led_code'====== Args={'_from_bcp': True}
2025-06-26 12:00:40,577 : INFO : EventManager : Event: ======'led_name'====== Args={'_from_bcp': True}
2025-06-26 12:00:40,719 : INFO : EventManager : Event: ======'led_off'====== Args={'_from_bcp': True}
2025-06-26 12:00:40,758 : INFO : EventManager : Event: ======'led_code'====== Args={'_from_bcp': True}
2025-06-26 12:00:40,924 : INFO : EventManager : Event: ======'led_name'====== Args={'_from_bcp': True}
2025-06-26 12:00:41,065 : INFO : EventManager : Event: ======'led_off'====== Args={'_from_bcp': True}
2025-06-26 12:00:41,621 : INFO : EventManager : Event: ======'led_off'====== Args={'_from_bcp': True}
2025-06-26 12:00:41,724 : INFO : EventManager : Event: ======'led_code'====== Args={'_from_bcp': True}
2025-06-26 12:00:41,814 : INFO : EventManager : Event: ======'led_name'====== Args={'_from_bcp': True}
2025-06-26 12:00:42,030 : INFO : EventManager : Event: ======'led_off'====== Args={'_from_bcp': True}
2025-06-26 12:00:42,145 : INFO : EventManager : Event: ======'led_code'====== Args={'_from_bcp': True}
2025-06-26 12:00:42,220 : INFO : EventManager : Event: ======'led_name'====== Args={'_from_bcp': True}
2025-06-26 12:00:42,426 : INFO : EventManager : Event: ======'led_code'====== Args={'_from_bcp': True}
2025-06-26 12:00:42,464 : INFO : EventManager : Event: ======'led_off'====== Args={'_from_bcp': True}
2025-06-26 12:00:42,579 : INFO : EventManager : Event: ======'led_name'====== Args={'_from_bcp': True}
2025-06-26 12:00:42,734 : INFO : EventManager : Event: ======'led_off'====== Args={'_from_bcp': True}
2025-06-26 12:00:42,797 : INFO : EventManager : Event: ======'led_code'====== Args={'_from_bcp': True}
2025-06-26 12:00:42,926 : INFO : EventManager : Event: ======'led_name'====== Args={'_from_bcp': True}
2025-06-26 12:00:53,164 : INFO : Machine : Shutting down...
2025-06-26 12:00:53,164 : INFO : EventManager : Event: ======'shutdown'====== Args={}
2025-06-26 12:00:53,168 : ERROR : OPP : Stop called on serial connection com4
2025-06-26 12:00:53,191 : ERROR : OPP : Stop called on serial connection com3
2025-06-26 12:00:53,196 : INFO : root : MPF run loop ended.
