2025-06-16 09:08:47,052 : kivy : Factory: 189 symbols loaded
2025-06-16 09:08:47,421 : kivy : ImageLoaderFFPy: Using ffpyplayer 4.3.5
2025-06-16 09:08:47,421 : kivy : Image: Providers: img_tex, img_dds, img_sdl2, img_pil, img_ffpyplayer 
2025-06-16 09:08:47,504 : kivy : VideoGstplayer: Using Gstreamer 1.18.5.0
2025-06-16 09:08:47,504 : kivy : Video: Provider: gstplayer
2025-06-16 09:08:47,757 : kivy : Loading MPF-MC controller
2025-06-16 09:08:47,761 : YamlMultifileConfigLoader : Machine config file #1: config
2025-06-16 09:08:47,762 : ConfigProcessor : Config file in cache changed: C:\pinball\my_machine\config\config
2025-06-16 09:08:47,762 : ConfigProcessor : Loading config from file C:\Users\ruben\.local\pipx\venvs\mpf\lib\site-packages\mpfmc\mcconfig.yaml.
2025-06-16 09:08:47,820 : ConfigProcessor : Loading config: C:\Users\ruben\.local\pipx\venvs\mpf\lib\site-packages\mpfmc\mcconfig.yaml
2025-06-16 09:08:47,821 : ConfigProcessor : Loading config from file C:\pinball\my_machine\config\config.
2025-06-16 09:08:47,824 : ConfigProcessor : Loading config: C:\pinball\my_machine\config\config
2025-06-16 09:08:47,827 : ConfigProcessor : Loading config: C:\pinball\my_machine\config\hardware.yaml
2025-06-16 09:08:47,838 : ConfigProcessor : Loading config: C:\pinball\my_machine\config\switches.yaml
2025-06-16 09:08:47,850 : ConfigProcessor : Loading config: C:\pinball\my_machine\config\coils.yaml
2025-06-16 09:08:47,861 : ConfigProcessor : Loading config: C:\pinball\my_machine\config\devices.yaml
2025-06-16 09:08:47,863 : ConfigProcessor : Loading config: C:\pinball\my_machine\config\displays.yaml
2025-06-16 09:08:47,869 : ConfigProcessor : Loading config: C:\pinball\my_machine\config\slides.yaml
2025-06-16 09:08:47,871 : ConfigProcessor : Config file cache created: C:\Users\ruben\AppData\Local\Temp\5edbcd24fbe704f5401fb4c9e1e1d8f8.mpf_cache
2025-06-16 09:08:47,872 : ConfigProcessor : Loading config from cache: C:\Users\ruben\AppData\Local\Temp\67cf8ffee0fce2d4fcb5ef0bb894d8de.mpf_cache
2025-06-16 09:08:47,872 : ConfigProcessor : Loading config from cache: C:\Users\ruben\AppData\Local\Temp\25321780674732dcacb77a8f5b2a53cd.mpf_cache
2025-06-16 09:08:47,873 : ConfigProcessor : Loading config from cache: C:\Users\ruben\AppData\Local\Temp\195f66f1d07408d279921a878741edf5.mpf_cache
2025-06-16 09:08:47,874 : mpfmc : Mission Pinball Framework Media Controller v0.56.1
2025-06-16 09:08:47,874 : mpfmc : Mission Pinball Framework Game Engine v0.56.0
2025-06-16 09:08:47,874 : mpfmc : Machine path: C:\pinball\my_machine
2025-06-16 09:08:47,875 : mpfmc : Starting clock at 60.0Hz
2025-06-16 09:08:47,895 : kivy : Text: Provider: sdl2
2025-06-16 09:08:47,960 : kivy : Window: Provider: sdl2
2025-06-16 09:08:49,321 : kivy : GL: Using the "OpenGL" graphics system
2025-06-16 09:08:49,329 : kivy : GL: GLEW initialization succeeded
2025-06-16 09:08:49,329 : kivy : GL: Backend used <glew>
2025-06-16 09:08:49,329 : kivy : GL: OpenGL version <b'4.5.0 NVIDIA 376.54'>
2025-06-16 09:08:49,329 : kivy : GL: OpenGL vendor <b'NVIDIA Corporation'>
2025-06-16 09:08:49,329 : kivy : GL: OpenGL renderer <b'GeForce GT 630M/PCIe/SSE2'>
2025-06-16 09:08:49,329 : kivy : GL: OpenGL parsed version: 4, 5
2025-06-16 09:08:49,329 : kivy : GL: Shading version <b'4.50 NVIDIA'>
2025-06-16 09:08:49,329 : kivy : GL: Texture max size <16384>
2025-06-16 09:08:49,330 : kivy : GL: Texture max units <32>
2025-06-16 09:08:49,357 : kivy : Window: auto add sdl2 input provider
2025-06-16 09:08:49,358 : kivy : Window: virtual keyboard not allowed, single mode, not docked
2025-06-16 09:08:49,371 : SoundSystem : SoundSystem: Using default 'sound_system' settings
2025-06-16 09:08:49,748 : AudioInterface : Initialized
2025-06-16 09:08:49,748 : AudioInterface : Loaded SDL 2.0.20
2025-06-16 09:08:49,748 : AudioInterface : Loaded SDL_Mixer 2.0.4
2025-06-16 09:08:49,748 : AudioInterface : Loaded GStreamer 1.18.5.0
2025-06-16 09:08:49,748 : AudioInterface : Loaded GLib 2.62.6
2025-06-16 09:08:49,748 : AudioInterface : Settings requested - rate: 44100, channels: 1, buffer: 2048 samples
2025-06-16 09:08:49,748 : AudioInterface : Settings in use - rate: 44100, channels: 1, buffer: 2048 samples (4096 bytes @ 2 bytes per sample)
2025-06-16 09:08:49,749 : SoundSystem : No audio tracks are specified in your machine config file. a track named 'default' has been created.
2025-06-16 09:08:49,749 : SoundSystem : Setting master volume to 0.0
2025-06-16 09:08:49,749 : SoundSystem : master_volume in sound_system is deprecated and will be removed in the future.
2025-06-16 09:08:49,749 : AudioInterface : Enabling audio playback
2025-06-16 09:08:49,752 : kivy : Base: Start application main loop
2025-06-16 09:08:49,752 : EventManager : Event: ======'display_window_initialized'====== Args={}
2025-06-16 09:08:49,753 : EventManager : Event: ======'display_playfield_initialized'====== Args={}
2025-06-16 09:08:49,765 : mpfmc : Display: Setting 'window' as default display
2025-06-16 09:08:49,775 : mpfmc : ASPECT RATIO MISMATCH: The on-screen window is not the same aspect ratio as the display called 'window'. The logical display will be scaled from 1280x390 to the window size 800x600, and a black bar will make up the difference
2025-06-16 09:08:49,776 : EventManager : Event: ======'displays_initialized'====== Args={}
2025-06-16 09:08:49,778 : EventManager : Event: ======'slide_window_blank_created'====== Args={}
2025-06-16 09:08:49,778 : EventManager : Event: ======'display_window_ready'====== Args={}
2025-06-16 09:08:49,780 : EventManager : Event: ======'slide_playfield_blank_created'====== Args={}
2025-06-16 09:08:49,780 : EventManager : Event: ======'display_playfield_ready'====== Args={}
2025-06-16 09:08:49,807 : EventManager : Event: ======'init_phase_1'====== Args={}
2025-06-16 09:08:49,817 : EventManager : Event: ======'mc_ready'====== Args={}
2025-06-16 09:08:49,817 : EventManager : Event: ======'init_phase_2'====== Args={}
2025-06-16 09:08:49,821 : EventManager : Event: ======'init_phase_3'====== Args={}
2025-06-16 09:08:49,824 : EventManager : Event: ======'init_phase_4'====== Args={}
2025-06-16 09:08:49,825 : EventManager : Event: ======'init_phase_5'====== Args={}
2025-06-16 09:08:49,930 : kivy : GL: NPOT texture support is available
2025-06-16 09:08:49,948 : EventManager : Event: ======'loading_assets'====== Args={'total': 1, 'loaded': 1, 'remaining': 0, 'percent': 100}
2025-06-16 09:08:49,949 : AssetManager : Asset loading took: 0.19987249374389648
2025-06-16 09:08:49,949 : EventManager : Event: ======'asset_loading_complete'====== Args={}
2025-06-16 09:08:49,949 : AssetManager : Loading assets: 1/1 (100%)
2025-06-16 09:08:49,949 : EventManager : Event: ======'init_done'====== Args={}
2025-06-16 09:08:49,949 : MPF-MC BCP Server : Starting up on localhost port 5050
2025-06-16 09:08:49,954 : MPF-MC BCP Server : Waiting for a connection...
2025-06-16 09:08:49,955 : mpfmc : SlidePlayer: Play called with settings={'slides': {welcome_slide-None-None: {'priority': None, 'target': None, 'background_color': [0.0, 0.0, 0.0, 1.0], 'show': True, 'force': False, 'expire': None, 'slide': None, 'tokens': {}, 'action': 'play', 'transition': None, 'transition_out': None}}}
2025-06-16 09:08:49,961 : EventManager : Event: ======'slide_welcome_slide_created'====== Args={}
2025-06-16 09:08:49,962 : EventManager : Event: ======'slide_welcome_slide_active'====== Args={}
2025-06-16 09:08:49,966 : EventManager : Event: ======'client_disconnected'====== Args={'host': '127.0.0.1', 'port': 5050}
2025-06-16 09:08:52,016 : kivy : Base: Leaving application in progress...
2025-06-16 09:08:52,016 : mpfmc : Stopping...
2025-06-16 09:08:52,017 : EventManager : Event: ======'shutdown'====== Args={}
2025-06-16 09:08:52,017 : AudioInterface : Disabling audio playback
2025-06-16 09:08:52,150 : mpfmc : Loop rate 66.27 Hz
2025-06-16 09:08:52,150 : kivy : MC run loop ended.
2025-06-16 09:08:52,151 : kivy : Stopping child threads... (3 remaining)
2025-06-16 09:08:52,955 : MPF-MC BCP Server : Stopping BCP sending thread
2025-06-16 09:08:52,956 : MPF-MC BCP Server : Stopping BCP listener thread
2025-06-16 09:08:53,052 : kivy : All child threads stopped.
