2025-06-29 07:54:25,082 : INFO : root : Loading config.
2025-06-29 07:54:25,104 : INFO : YamlMultifileConfigLoader : Machine config file #1: config.yaml
2025-06-29 07:54:25,105 : INFO : ConfigProcessor : Loading config from cache: C:\Users\ruben\AppData\Local\Temp\ea592b2e59251eb1324fb8d8ecdf3742.mpf_cache
2025-06-29 07:54:25,118 : WARNING : ConfigProcessor : Config file in cache changed: C:\pinball\my_machine\config\lights.yaml
2025-06-29 07:54:25,119 : INFO : ConfigProcessor : Loading config from file C:\Users\ruben\AppData\Local\Programs\Python\Python39\lib\site-packages\mpf\mpfconfig.yaml.
2025-06-29 07:54:25,139 : INFO : ConfigProcessor : Loading config: C:\Users\ruben\AppData\Local\Programs\Python\Python39\lib\site-packages\mpf\mpfconfig.yaml
2025-06-29 07:54:25,140 : INFO : ConfigProcessor : Loading config from file C:\pinball\my_machine\config\config.yaml.
2025-06-29 07:54:25,142 : INFO : ConfigProcessor : Loading config: C:\pinball\my_machine\config\config.yaml
2025-06-29 07:54:25,143 : INFO : ConfigProcessor : Loading config: C:\pinball\my_machine\config\hardware.yaml
2025-06-29 07:54:25,145 : INFO : ConfigProcessor : Loading config: C:\pinball\my_machine\config\switches.yaml
2025-06-29 07:54:25,148 : INFO : ConfigProcessor : Loading config: C:\pinball\my_machine\config\coils.yaml
2025-06-29 07:54:25,162 : INFO : ConfigProcessor : Loading config: C:\pinball\my_machine\config\lights.yaml
2025-06-29 07:54:25,165 : INFO : ConfigProcessor : Loading config: C:\pinball\my_machine\config\devices.yaml
2025-06-29 07:54:25,167 : INFO : ConfigProcessor : Loading config: C:\pinball\my_machine\config\images.yaml
2025-06-29 07:54:25,170 : INFO : ConfigProcessor : Loading config: C:\pinball\my_machine\config\displays.yaml
2025-06-29 07:54:25,173 : INFO : ConfigProcessor : Loading config: C:\pinball\my_machine\config\slides.yaml
2025-06-29 07:54:25,178 : INFO : ConfigProcessor : Config file cache created: C:\Users\ruben\AppData\Local\Temp\ea592b2e59251eb1324fb8d8ecdf3742.mpf_cache
2025-06-29 07:54:25,332 : INFO : ConfigProcessor : Loading config from cache: C:\Users\ruben\AppData\Local\Temp\de22d214a8e6fb7753c0be2dfb8deb7c.mpf_cache
2025-06-29 07:54:25,333 : INFO : ConfigProcessor : Loading config from cache: C:\Users\ruben\AppData\Local\Temp\76bc62f652ae2965f03127125af6e953.mpf_cache
2025-06-29 07:54:25,334 : INFO : ConfigProcessor : Loading config from cache: C:\Users\ruben\AppData\Local\Temp\195f66f1d07408d279921a878741edf5.mpf_cache
2025-06-29 07:54:25,336 : INFO : ConfigProcessor : Loading config from cache: C:\Users\ruben\AppData\Local\Temp\de22d214a8e6fb7753c0be2dfb8deb7c.mpf_cache
2025-06-29 07:54:25,337 : INFO : Machine : Mission Pinball Framework Core Engine v0.57.3
2025-06-29 07:54:25,337 : INFO : Machine : Command line arguments: {'no_load_cache': False, 'create_config_cache': True, 'bcp': True, 'configfile': ['config.yaml'], 'force_assets_load': False, 'platform_integration_test': False, 'jsonlogging': False, 'logfile': 'logs\\2025-06-29-07-54-25-mpf-DESKTOP-11MEIVG.log', 'pause': False, 'production': False, 'text_ui': True, 'loglevel': 15, 'consoleloglevel': 20, 'force_platform': None, 'syslog_address': None, 'mc_file_name': None, 'no_sound': False}
2025-06-29 07:54:25,337 : INFO : Machine : MPF path: C:\Users\ruben\AppData\Local\Programs\Python\Python39\lib\site-packages\mpf
2025-06-29 07:54:25,337 : INFO : Machine : Machine path: C:\pinball\my_machine
2025-06-29 07:54:25,337 : INFO : Machine : Platform: win32
2025-06-29 07:54:25,337 : INFO : Machine : Python executable location: C:\Users\ruben\AppData\Local\Programs\Python\Python39\python.exe
2025-06-29 07:54:25,337 : INFO : Machine : Python version: 3.9.13 (64-bit)
2025-06-29 07:54:25,337 : INFO : Machine : Initializing MPF...
2025-06-29 07:54:25,569 : INFO : OPP : Connecting to com3 at 115200bps
2025-06-29 07:54:25,635 : INFO : OPP : Init of OPP board 1 done
2025-06-29 07:54:25,635 : INFO : OPP : Connecting to com4 at 115200bps
2025-06-29 07:54:25,740 : INFO : OPP : Init of OPP board 0 done
2025-06-29 07:54:25,741 : INFO : EventManager : Event: ======'machine_var_credits_string'====== Args={'value': 'FREE PLAY', 'prev_value': None, 'change': True}
2025-06-29 07:54:25,836 : INFO : EventManager : Event: ======'machine_var_master_volume'====== Args={'value': 0.5, 'prev_value': None, 'change': True}
2025-06-29 07:54:25,836 : INFO : EventManager : Event: ======'machine_var_player1_score'====== Args={'value': 0, 'prev_value': None, 'change': True}
2025-06-29 07:54:25,836 : INFO : EventManager : Event: ======'machine_var_mpf_version'====== Args={'value': 'Mission Pinball Framework v0.57.3', 'prev_value': None, 'change': True}
2025-06-29 07:54:25,836 : INFO : EventManager : Event: ======'machine_var_mpf_extended_version'====== Args={'value': 'Mission Pinball Framework v0.57.3, Config version:6, Show version: 6, BCP version:1.1', 'prev_value': None, 'change': True}
2025-06-29 07:54:25,836 : INFO : EventManager : Event: ======'machine_var_python_version'====== Args={'value': '3.9.13', 'prev_value': None, 'change': True}
2025-06-29 07:54:25,853 : INFO : EventManager : Event: ======'machine_var_platform'====== Args={'value': 'Windows-10-10.0.19045-SP0', 'prev_value': None, 'change': True}
2025-06-29 07:54:25,853 : INFO : EventManager : Event: ======'machine_var_platform_system'====== Args={'value': 'Windows', 'prev_value': None, 'change': True}
2025-06-29 07:54:25,853 : INFO : EventManager : Event: ======'machine_var_platform_release'====== Args={'value': '10', 'prev_value': None, 'change': True}
2025-06-29 07:54:25,853 : INFO : EventManager : Event: ======'machine_var_platform_version'====== Args={'value': '10.0.19045', 'prev_value': None, 'change': True}
2025-06-29 07:54:25,853 : INFO : EventManager : Event: ======'machine_var_platform_machine'====== Args={'value': 'AMD64', 'prev_value': None, 'change': True}
2025-06-29 07:54:25,853 : INFO : EventManager : Event: ======'init_phase_1'====== Args={}
2025-06-29 07:54:25,926 : INFO : EventManager : Event: ======'init_phase_2'====== Args={}
2025-06-29 07:54:25,936 : INFO : EventManager : Event: ======'bcp_connection_attempt'====== Args={'name': 'local_display', 'host': 'localhost', 'port': 5050}
2025-06-29 07:54:25,938 : INFO : BCPClientSocket : Connecting BCP to 'local_display' at localhost:5050...
2025-06-29 07:54:28,478 : INFO : BCPClientSocket : Connected BCP to 'local_display' localhost:5050
2025-06-29 07:54:28,481 : INFO : EventManager : Event: ======'bcp_clients_connected'====== Args={}
2025-06-29 07:54:28,575 : INFO : ball_device.bd_trough : BCH: Initial count: 0
2025-06-29 07:54:28,576 : INFO : EventManager : Event: ======'machine_var_mc_version'====== Args={'value': 'MPF-MC v0.57.1', 'prev_value': None, 'change': True}
2025-06-29 07:54:28,576 : INFO : EventManager : Event: ======'machine_var_mc_extended_version'====== Args={'value': 'MPF-MC v0.57.1 (config_version=6, BCP v1.1,                      Requires MPF API compatibility v0.57.0 or newer)', 'prev_value': None, 'change': True}
2025-06-29 07:54:28,582 : INFO : ball_device.bd_trough : State: idle
2025-06-29 07:54:28,640 : INFO : EventManager : Event: ======'init_phase_3'====== Args={}
2025-06-29 07:54:28,644 : INFO : EventManager : Event: ======'init_phase_4'====== Args={}
2025-06-29 07:54:28,645 : INFO : BallController : Initial balls found: 0
2025-06-29 07:54:28,647 : INFO : EventManager : Event: ======'machine_var_audits_events_game_ended'====== Args={'value': 53, 'prev_value': None, 'change': True}
2025-06-29 07:54:28,647 : INFO : EventManager : Event: ======'machine_var_audits_events_game_started'====== Args={'value': 106, 'prev_value': None, 'change': True}
2025-06-29 07:54:28,647 : INFO : EventManager : Event: ======'machine_var_audits_missing_switches_s_left_flipper'====== Args={'value': 6, 'prev_value': None, 'change': True}
2025-06-29 07:54:28,648 : INFO : EventManager : Event: ======'machine_var_audits_missing_switches_s_left_outlane'====== Args={'value': 10, 'prev_value': None, 'change': True}
2025-06-29 07:54:28,648 : INFO : EventManager : Event: ======'machine_var_audits_missing_switches_s_left_slingshot'====== Args={'value': 6, 'prev_value': None, 'change': True}
2025-06-29 07:54:28,648 : INFO : EventManager : Event: ======'machine_var_audits_missing_switches_s_pop1'====== Args={'value': 17, 'prev_value': None, 'change': True}
2025-06-29 07:54:28,648 : INFO : EventManager : Event: ======'machine_var_audits_missing_switches_s_pop2'====== Args={'value': 17, 'prev_value': None, 'change': True}
2025-06-29 07:54:28,648 : INFO : EventManager : Event: ======'machine_var_audits_missing_switches_s_pop3'====== Args={'value': 17, 'prev_value': None, 'change': True}
2025-06-29 07:54:28,649 : INFO : EventManager : Event: ======'machine_var_audits_missing_switches_s_pop4'====== Args={'value': 6, 'prev_value': None, 'change': True}
2025-06-29 07:54:28,650 : INFO : EventManager : Event: ======'machine_var_audits_missing_switches_s_pop5'====== Args={'value': 6, 'prev_value': None, 'change': True}
2025-06-29 07:54:28,650 : INFO : EventManager : Event: ======'machine_var_audits_missing_switches_s_right_flipper'====== Args={'value': 5, 'prev_value': None, 'change': True}
2025-06-29 07:54:28,651 : INFO : EventManager : Event: ======'machine_var_audits_missing_switches_s_right_inlane'====== Args={'value': 3, 'prev_value': None, 'change': True}
2025-06-29 07:54:28,651 : INFO : EventManager : Event: ======'machine_var_audits_missing_switches_s_right_outlane'====== Args={'value': 10, 'prev_value': None, 'change': True}
2025-06-29 07:54:28,652 : INFO : EventManager : Event: ======'machine_var_audits_missing_switches_s_right_slingshot'====== Args={'value': 6, 'prev_value': None, 'change': True}
2025-06-29 07:54:28,652 : INFO : EventManager : Event: ======'machine_var_audits_missing_switches_s_startButton'====== Args={'value': 6, 'prev_value': None, 'change': True}
2025-06-29 07:54:28,653 : INFO : EventManager : Event: ======'machine_var_audits_missing_switches_s_trough1'====== Args={'value': 3, 'prev_value': None, 'change': True}
2025-06-29 07:54:28,653 : INFO : EventManager : Event: ======'machine_var_audits_missing_switches_s_trough2'====== Args={'value': 10, 'prev_value': None, 'change': True}
2025-06-29 07:54:28,654 : INFO : EventManager : Event: ======'machine_var_audits_missing_switches_s_trough3'====== Args={'value': 10, 'prev_value': None, 'change': True}
2025-06-29 07:54:28,654 : INFO : EventManager : Event: ======'machine_var_audits_missing_switches_s_trough4'====== Args={'value': 10, 'prev_value': None, 'change': True}
2025-06-29 07:54:28,655 : INFO : EventManager : Event: ======'machine_var_audits_missing_switches_s_trough5'====== Args={'value': 9, 'prev_value': None, 'change': True}
2025-06-29 07:54:28,655 : INFO : EventManager : Event: ======'machine_var_audits_player_score'====== Args={'value': {'average': 0, 'top': [0, 0, 0, 0, 0, 0, 0, 0, 0, 0], 'total': 53}, 'prev_value': None, 'change': True}
2025-06-29 07:54:28,655 : INFO : EventManager : Event: ======'machine_var_audits_switches_s_drop_bank1'====== Args={'value': 140, 'prev_value': None, 'change': True}
2025-06-29 07:54:28,655 : INFO : EventManager : Event: ======'machine_var_audits_switches_s_left_flipper'====== Args={'value': 2284, 'prev_value': None, 'change': True}
2025-06-29 07:54:28,656 : INFO : EventManager : Event: ======'machine_var_audits_switches_s_left_inlane1'====== Args={'value': 2, 'prev_value': None, 'change': True}
2025-06-29 07:54:28,656 : INFO : EventManager : Event: ======'machine_var_audits_switches_s_left_inlane2'====== Args={'value': 2, 'prev_value': None, 'change': True}
2025-06-29 07:54:28,656 : INFO : EventManager : Event: ======'machine_var_audits_switches_s_left_outlane'====== Args={'value': 0, 'prev_value': None, 'change': True}
2025-06-29 07:54:28,656 : INFO : EventManager : Event: ======'machine_var_audits_switches_s_left_slingshot'====== Args={'value': 295, 'prev_value': None, 'change': True}
2025-06-29 07:54:28,657 : INFO : EventManager : Event: ======'machine_var_audits_switches_s_plunger'====== Args={'value': 5, 'prev_value': None, 'change': True}
2025-06-29 07:54:28,657 : INFO : EventManager : Event: ======'machine_var_audits_switches_s_pop1'====== Args={'value': 0, 'prev_value': None, 'change': True}
2025-06-29 07:54:28,657 : INFO : EventManager : Event: ======'machine_var_audits_switches_s_pop2'====== Args={'value': 0, 'prev_value': None, 'change': True}
2025-06-29 07:54:28,657 : INFO : EventManager : Event: ======'machine_var_audits_switches_s_pop3'====== Args={'value': 0, 'prev_value': None, 'change': True}
2025-06-29 07:54:28,658 : INFO : EventManager : Event: ======'machine_var_audits_switches_s_pop4'====== Args={'value': 3, 'prev_value': None, 'change': True}
2025-06-29 07:54:28,658 : INFO : EventManager : Event: ======'machine_var_audits_switches_s_pop5'====== Args={'value': 3, 'prev_value': None, 'change': True}
2025-06-29 07:54:28,658 : INFO : EventManager : Event: ======'machine_var_audits_switches_s_pop_bot'====== Args={'value': 426, 'prev_value': None, 'change': True}
2025-06-29 07:54:28,659 : INFO : EventManager : Event: ======'machine_var_audits_switches_s_pop_mid'====== Args={'value': 351, 'prev_value': None, 'change': True}
2025-06-29 07:54:28,659 : INFO : EventManager : Event: ======'machine_var_audits_switches_s_pop_top'====== Args={'value': 302, 'prev_value': None, 'change': True}
2025-06-29 07:54:28,660 : INFO : EventManager : Event: ======'machine_var_audits_switches_s_right_flipper'====== Args={'value': 2339, 'prev_value': None, 'change': True}
2025-06-29 07:54:28,661 : INFO : EventManager : Event: ======'machine_var_audits_switches_s_right_inlane'====== Args={'value': 66, 'prev_value': None, 'change': True}
2025-06-29 07:54:28,661 : INFO : EventManager : Event: ======'machine_var_audits_switches_s_right_outlane'====== Args={'value': 0, 'prev_value': None, 'change': True}
2025-06-29 07:54:28,662 : INFO : EventManager : Event: ======'machine_var_audits_switches_s_right_slingshot'====== Args={'value': 258, 'prev_value': None, 'change': True}
2025-06-29 07:54:28,663 : INFO : EventManager : Event: ======'machine_var_audits_switches_s_scoop_center'====== Args={'value': 2, 'prev_value': None, 'change': True}
2025-06-29 07:54:28,663 : INFO : EventManager : Event: ======'machine_var_audits_switches_s_scoop_lower'====== Args={'value': 220, 'prev_value': None, 'change': True}
2025-06-29 07:54:28,664 : INFO : EventManager : Event: ======'machine_var_audits_switches_s_scoop_right'====== Args={'value': 1, 'prev_value': None, 'change': True}
2025-06-29 07:54:28,665 : INFO : EventManager : Event: ======'machine_var_audits_switches_s_shooter_lane'====== Args={'value': 15, 'prev_value': None, 'change': True}
2025-06-29 07:54:28,665 : INFO : EventManager : Event: ======'machine_var_audits_switches_s_startButton'====== Args={'value': 35, 'prev_value': None, 'change': True}
2025-06-29 07:54:28,665 : INFO : EventManager : Event: ======'machine_var_audits_switches_s_trough1'====== Args={'value': 316, 'prev_value': None, 'change': True}
2025-06-29 07:54:28,666 : INFO : EventManager : Event: ======'machine_var_audits_switches_s_trough2'====== Args={'value': 1, 'prev_value': None, 'change': True}
2025-06-29 07:54:28,666 : INFO : EventManager : Event: ======'machine_var_audits_switches_s_trough3'====== Args={'value': 1, 'prev_value': None, 'change': True}
2025-06-29 07:54:28,666 : INFO : EventManager : Event: ======'machine_var_audits_switches_s_trough4'====== Args={'value': 1, 'prev_value': None, 'change': True}
2025-06-29 07:54:28,667 : INFO : EventManager : Event: ======'machine_var_audits_switches_s_trough5'====== Args={'value': 1, 'prev_value': None, 'change': True}
2025-06-29 07:54:28,668 : INFO : EventManager : Event: ======'init_phase_5'====== Args={}
2025-06-29 07:54:28,672 : INFO : EventManager : Event: ======'init_done'====== Args={}
2025-06-29 07:54:28,674 : INFO : EventManager : Event: ======'machine_reset_phase_1'====== Args={}
2025-06-29 07:54:28,682 : INFO : EventManager : Event: ======'machine_reset_phase_2'====== Args={}
2025-06-29 07:54:28,683 : INFO : EventManager : Event: ======'machine_reset_phase_3'====== Args={}
2025-06-29 07:54:28,686 : INFO : EventManager : Event: ======'reset_complete'====== Args={}
2025-06-29 07:54:28,686 : INFO : EventManager : Event: ======'mode_attract_will_start'====== Args={}
2025-06-29 07:54:28,687 : INFO : EventManager : Event: ======'mode_attract_starting'====== Args={}
2025-06-29 07:54:28,687 : INFO : Mode.attract : Started. Priority: 10
2025-06-29 07:54:28,687 : INFO : EventManager : Event: ======'modes_active_modes_changed'====== Args={}
2025-06-29 07:54:28,687 : INFO : EventManager : Event: ======'mode_attract_started'====== Args={}
2025-06-29 07:54:28,688 : INFO : EventManager : Event: ======'collecting_balls_complete'====== Args={}
2025-06-29 07:54:28,699 : INFO : EventManager : Event: ======'slide_attract_image_slide_created'====== Args={'_from_bcp': True}
2025-06-29 07:54:28,699 : INFO : EventManager : Event: ======'slide_attract_image_slide_active'====== Args={'_from_bcp': True}
2025-06-29 07:54:28,700 : INFO : Machine : Starting the main run loop with active modes: [<Mode.attract>]
2025-06-29 07:54:29,978 : INFO : EventManager : Event: ======'led_code'====== Args={'_from_bcp': True}
2025-06-29 07:54:31,140 : INFO : EventManager : Event: ======'led_code'====== Args={'_from_bcp': True}
2025-06-29 07:54:32,018 : INFO : EventManager : Event: ======'led_code'====== Args={'_from_bcp': True}
2025-06-29 07:54:32,563 : INFO : EventManager : Event: ======'led_code'====== Args={'_from_bcp': True}
2025-06-29 07:54:32,898 : INFO : EventManager : Event: ======'led_code'====== Args={'_from_bcp': True}
2025-06-29 07:54:33,193 : INFO : EventManager : Event: ======'led_code'====== Args={'_from_bcp': True}
2025-06-29 07:54:33,614 : INFO : EventManager : Event: ======'led_code'====== Args={'_from_bcp': True}
2025-06-29 07:54:33,894 : INFO : EventManager : Event: ======'led_code'====== Args={'_from_bcp': True}
2025-06-29 07:54:34,188 : INFO : EventManager : Event: ======'led_code'====== Args={'_from_bcp': True}
2025-06-29 07:54:34,517 : INFO : EventManager : Event: ======'led_code'====== Args={'_from_bcp': True}
2025-06-29 07:54:34,796 : INFO : EventManager : Event: ======'led_code'====== Args={'_from_bcp': True}
2025-06-29 07:54:35,089 : INFO : EventManager : Event: ======'led_code'====== Args={'_from_bcp': True}
2025-06-29 07:54:57,429 : INFO : Machine : Shutting down...
2025-06-29 07:54:57,429 : INFO : EventManager : Event: ======'shutdown'====== Args={}
2025-06-29 07:54:57,432 : ERROR : OPP : Stop called on serial connection com4
2025-06-29 07:54:57,437 : ERROR : OPP : Stop called on serial connection com3
2025-06-29 07:54:57,456 : INFO : root : MPF run loop ended.
