2025-06-16 06:38:38,650 : INFO : root : Loading config.
2025-06-16 06:38:38,666 : INFO : YamlMultifileConfigLoader : Machine config file #1: config.yaml
2025-06-16 06:38:38,666 : INFO : ConfigProcessor : Loading config from cache: C:\Users\ruben\AppData\Local\Temp\a17888e5e1df298d67e07ada0b1bff4a.mpf_cache
2025-06-16 06:38:38,807 : INFO : ConfigProcessor : Loading config from cache: C:\Users\ruben\AppData\Local\Temp\67cf8ffee0fce2d4fcb5ef0bb894d8de.mpf_cache
2025-06-16 06:38:38,807 : INFO : ConfigProcessor : Loading config from cache: C:\Users\ruben\AppData\Local\Temp\25321780674732dcacb77a8f5b2a53cd.mpf_cache
2025-06-16 06:38:38,822 : INFO : ConfigProcessor : Loading config from cache: C:\Users\ruben\AppData\Local\Temp\195f66f1d07408d279921a878741edf5.mpf_cache
2025-06-16 06:38:38,822 : INFO : Machine : Mission Pinball Framework Core Engine v0.56.0
2025-06-16 06:38:38,822 : INFO : Machine : Command line arguments: {'no_load_cache': False, 'create_config_cache': True, 'bcp': True, 'configfile': ['config.yaml'], 'force_assets_load': False, 'jsonlogging': False, 'logfile': 'logs\\2025-06-16-06-38-38-mpf-DESKTOP-11MEIVG.log', 'pause': False, 'production': False, 'text_ui': True, 'loglevel': 15, 'consoleloglevel': 20, 'force_platform': None, 'syslog_address': None, 'mc_file_name': None, 'no_sound': False}
2025-06-16 06:38:38,822 : INFO : Machine : MPF path: C:\Users\ruben\.local\pipx\venvs\mpf\lib\site-packages\mpf
2025-06-16 06:38:38,822 : INFO : Machine : Machine path: C:\pinball\my_machine
2025-06-16 06:38:38,822 : INFO : Machine : Platform: win32
2025-06-16 06:38:38,822 : INFO : Machine : Python executable location: C:\Users\ruben\.local\pipx\venvs\mpf\Scripts\python.exe
2025-06-16 06:38:38,822 : INFO : Machine : Python version: 3.9.13 (64-bit)
2025-06-16 06:38:38,822 : INFO : Machine : Initialise MPF.
2025-06-16 06:38:39,201 : INFO : OPP : Connecting to com3 at 115200bps
2025-06-16 06:38:39,353 : INFO : OPP : Init of OPP board 1 done
2025-06-16 06:38:39,353 : INFO : OPP : Connecting to com4 at 115200bps
2025-06-16 06:38:39,405 : INFO : OPP : Init of OPP board 0 done
2025-06-16 06:38:39,405 : INFO : EventManager : Event: ======'machine_var_credits_string'====== Args={'value': 'FREE PLAY', 'prev_value': None, 'change': True}
2025-06-16 06:38:39,498 : INFO : EventManager : Event: ======'machine_var_master_volume'====== Args={'value': 0.5, 'prev_value': None, 'change': True}
2025-06-16 06:38:39,498 : INFO : EventManager : Event: ======'machine_var_player1_score'====== Args={'value': 0, 'prev_value': None, 'change': True}
2025-06-16 06:38:39,498 : INFO : EventManager : Event: ======'machine_var_mpf_version'====== Args={'value': 'MPF v0.56.0', 'prev_value': None, 'change': True}
2025-06-16 06:38:39,498 : INFO : EventManager : Event: ======'machine_var_mpf_extended_version'====== Args={'value': 'MPF v0.56.0, Config version:5, Show version: 5, BCP version:1.1', 'prev_value': None, 'change': True}
2025-06-16 06:38:39,498 : INFO : EventManager : Event: ======'machine_var_python_version'====== Args={'value': '3.9.13', 'prev_value': None, 'change': True}
2025-06-16 06:38:39,513 : INFO : EventManager : Event: ======'machine_var_platform'====== Args={'value': 'Windows-10-10.0.19045-SP0', 'prev_value': None, 'change': True}
2025-06-16 06:38:39,513 : INFO : EventManager : Event: ======'machine_var_platform_system'====== Args={'value': 'Windows', 'prev_value': None, 'change': True}
2025-06-16 06:38:39,513 : INFO : EventManager : Event: ======'machine_var_platform_release'====== Args={'value': '10', 'prev_value': None, 'change': True}
2025-06-16 06:38:39,513 : INFO : EventManager : Event: ======'machine_var_platform_version'====== Args={'value': '10.0.19045', 'prev_value': None, 'change': True}
2025-06-16 06:38:39,513 : INFO : EventManager : Event: ======'machine_var_platform_machine'====== Args={'value': 'AMD64', 'prev_value': None, 'change': True}
2025-06-16 06:38:39,513 : INFO : EventManager : Event: ======'init_phase_1'====== Args={}
2025-06-16 06:38:39,545 : INFO : EventManager : Event: ======'init_phase_2'====== Args={}
2025-06-16 06:38:39,560 : INFO : EventManager : Event: ======'bcp_connection_attempt'====== Args={'name': 'local_display', 'host': 'localhost', 'port': 5050}
2025-06-16 06:38:39,560 : INFO : BCPClientSocket : Connecting BCP to 'local_display' at localhost:5050...
2025-06-16 06:38:43,139 : INFO : BCPClientSocket : Connected BCP to 'local_display' localhost:5050
2025-06-16 06:38:43,142 : INFO : EventManager : Event: ======'bcp_clients_connected'====== Args={}
2025-06-16 06:38:43,185 : INFO : ball_device.bd_trough : BCH: Initial count: 0
2025-06-16 06:38:43,188 : INFO : EventManager : Event: ======'machine_var_mc_version'====== Args={'value': 'MPF-MC v0.56.1', 'prev_value': None, 'change': True}
2025-06-16 06:38:43,190 : INFO : EventManager : Event: ======'machine_var_mc_extended_version'====== Args={'value': 'MPF-MC v0.56.1 (config_version=5, BCP v1.1,                      Requires MPF API compatibility v0.56.0 or newer)', 'prev_value': None, 'change': True}
2025-06-16 06:38:43,202 : INFO : ball_device.bd_trough : State: idle
2025-06-16 06:38:43,288 : INFO : EventManager : Event: ======'init_phase_3'====== Args={}
2025-06-16 06:38:43,295 : INFO : EventManager : Event: ======'init_phase_4'====== Args={}
2025-06-16 06:38:43,296 : INFO : BallController : Initial balls found: 0
2025-06-16 06:38:43,298 : INFO : EventManager : Event: ======'machine_var_audits_events_game_ended'====== Args={'value': 50, 'prev_value': None, 'change': True}
2025-06-16 06:38:43,299 : INFO : EventManager : Event: ======'machine_var_audits_events_game_started'====== Args={'value': 98, 'prev_value': None, 'change': True}
2025-06-16 06:38:43,299 : INFO : EventManager : Event: ======'machine_var_audits_missing_switches_s_left_flipper'====== Args={'value': 8, 'prev_value': None, 'change': True}
2025-06-16 06:38:43,299 : INFO : EventManager : Event: ======'machine_var_audits_missing_switches_s_left_inlane1'====== Args={'value': 8, 'prev_value': None, 'change': True}
2025-06-16 06:38:43,300 : INFO : EventManager : Event: ======'machine_var_audits_missing_switches_s_left_inlane2'====== Args={'value': 8, 'prev_value': None, 'change': True}
2025-06-16 06:38:43,300 : INFO : EventManager : Event: ======'machine_var_audits_missing_switches_s_left_outlane'====== Args={'value': 9, 'prev_value': None, 'change': True}
2025-06-16 06:38:43,300 : INFO : EventManager : Event: ======'machine_var_audits_missing_switches_s_left_slingshot'====== Args={'value': 9, 'prev_value': None, 'change': True}
2025-06-16 06:38:43,300 : INFO : EventManager : Event: ======'machine_var_audits_missing_switches_s_pop1'====== Args={'value': 9, 'prev_value': None, 'change': True}
2025-06-16 06:38:43,301 : INFO : EventManager : Event: ======'machine_var_audits_missing_switches_s_pop2'====== Args={'value': 9, 'prev_value': None, 'change': True}
2025-06-16 06:38:43,301 : INFO : EventManager : Event: ======'machine_var_audits_missing_switches_s_pop3'====== Args={'value': 9, 'prev_value': None, 'change': True}
2025-06-16 06:38:43,301 : INFO : EventManager : Event: ======'machine_var_audits_missing_switches_s_pop4'====== Args={'value': 8, 'prev_value': None, 'change': True}
2025-06-16 06:38:43,301 : INFO : EventManager : Event: ======'machine_var_audits_missing_switches_s_pop5'====== Args={'value': 8, 'prev_value': None, 'change': True}
2025-06-16 06:38:43,302 : INFO : EventManager : Event: ======'machine_var_audits_missing_switches_s_right_inlane'====== Args={'value': 9, 'prev_value': None, 'change': True}
2025-06-16 06:38:43,302 : INFO : EventManager : Event: ======'machine_var_audits_missing_switches_s_right_outlane'====== Args={'value': 9, 'prev_value': None, 'change': True}
2025-06-16 06:38:43,302 : INFO : EventManager : Event: ======'machine_var_audits_missing_switches_s_right_slingshot'====== Args={'value': 9, 'prev_value': None, 'change': True}
2025-06-16 06:38:43,302 : INFO : EventManager : Event: ======'machine_var_audits_missing_switches_s_scoop_center'====== Args={'value': 8, 'prev_value': None, 'change': True}
2025-06-16 06:38:43,303 : INFO : EventManager : Event: ======'machine_var_audits_missing_switches_s_scoop_right'====== Args={'value': 9, 'prev_value': None, 'change': True}
2025-06-16 06:38:43,303 : INFO : EventManager : Event: ======'machine_var_audits_missing_switches_s_startButton'====== Args={'value': 9, 'prev_value': None, 'change': True}
2025-06-16 06:38:43,303 : INFO : EventManager : Event: ======'machine_var_audits_missing_switches_s_trough1'====== Args={'value': 9, 'prev_value': None, 'change': True}
2025-06-16 06:38:43,303 : INFO : EventManager : Event: ======'machine_var_audits_missing_switches_s_trough2'====== Args={'value': 9, 'prev_value': None, 'change': True}
2025-06-16 06:38:43,304 : INFO : EventManager : Event: ======'machine_var_audits_missing_switches_s_trough3'====== Args={'value': 9, 'prev_value': None, 'change': True}
2025-06-16 06:38:43,304 : INFO : EventManager : Event: ======'machine_var_audits_missing_switches_s_trough4'====== Args={'value': 9, 'prev_value': None, 'change': True}
2025-06-16 06:38:43,304 : INFO : EventManager : Event: ======'machine_var_audits_missing_switches_s_trough5'====== Args={'value': 8, 'prev_value': None, 'change': True}
2025-06-16 06:38:43,304 : INFO : EventManager : Event: ======'machine_var_audits_player_score'====== Args={'value': {'average': 0.0, 'top': [0, 0, 0, 0, 0, 0, 0, 0, 0, 0], 'total': 50}, 'prev_value': None, 'change': True}
2025-06-16 06:38:43,306 : INFO : EventManager : Event: ======'machine_var_audits_switches_s_drop_bank1'====== Args={'value': 140, 'prev_value': None, 'change': True}
2025-06-16 06:38:43,307 : INFO : EventManager : Event: ======'machine_var_audits_switches_s_left_flipper'====== Args={'value': 2280, 'prev_value': None, 'change': True}
2025-06-16 06:38:43,308 : INFO : EventManager : Event: ======'machine_var_audits_switches_s_left_inlane1'====== Args={'value': 1, 'prev_value': None, 'change': True}
2025-06-16 06:38:43,308 : INFO : EventManager : Event: ======'machine_var_audits_switches_s_left_inlane2'====== Args={'value': 1, 'prev_value': None, 'change': True}
2025-06-16 06:38:43,310 : INFO : EventManager : Event: ======'machine_var_audits_switches_s_left_outlane'====== Args={'value': 0, 'prev_value': None, 'change': True}
2025-06-16 06:38:43,310 : INFO : EventManager : Event: ======'machine_var_audits_switches_s_left_slingshot'====== Args={'value': 290, 'prev_value': None, 'change': True}
2025-06-16 06:38:43,311 : INFO : EventManager : Event: ======'machine_var_audits_switches_s_plunger'====== Args={'value': 5, 'prev_value': None, 'change': True}
2025-06-16 06:38:43,311 : INFO : EventManager : Event: ======'machine_var_audits_switches_s_pop1'====== Args={'value': 0, 'prev_value': None, 'change': True}
2025-06-16 06:38:43,311 : INFO : EventManager : Event: ======'machine_var_audits_switches_s_pop2'====== Args={'value': 0, 'prev_value': None, 'change': True}
2025-06-16 06:38:43,312 : INFO : EventManager : Event: ======'machine_var_audits_switches_s_pop3'====== Args={'value': 0, 'prev_value': None, 'change': True}
2025-06-16 06:38:43,312 : INFO : EventManager : Event: ======'machine_var_audits_switches_s_pop4'====== Args={'value': 1, 'prev_value': None, 'change': True}
2025-06-16 06:38:43,312 : INFO : EventManager : Event: ======'machine_var_audits_switches_s_pop5'====== Args={'value': 1, 'prev_value': None, 'change': True}
2025-06-16 06:38:43,313 : INFO : EventManager : Event: ======'machine_var_audits_switches_s_pop_bot'====== Args={'value': 426, 'prev_value': None, 'change': True}
2025-06-16 06:38:43,313 : INFO : EventManager : Event: ======'machine_var_audits_switches_s_pop_mid'====== Args={'value': 351, 'prev_value': None, 'change': True}
2025-06-16 06:38:43,313 : INFO : EventManager : Event: ======'machine_var_audits_switches_s_pop_top'====== Args={'value': 302, 'prev_value': None, 'change': True}
2025-06-16 06:38:43,314 : INFO : EventManager : Event: ======'machine_var_audits_switches_s_right_flipper'====== Args={'value': 2332, 'prev_value': None, 'change': True}
2025-06-16 06:38:43,314 : INFO : EventManager : Event: ======'machine_var_audits_switches_s_right_inlane'====== Args={'value': 57, 'prev_value': None, 'change': True}
2025-06-16 06:38:43,314 : INFO : EventManager : Event: ======'machine_var_audits_switches_s_right_outlane'====== Args={'value': 0, 'prev_value': None, 'change': True}
2025-06-16 06:38:43,315 : INFO : EventManager : Event: ======'machine_var_audits_switches_s_right_slingshot'====== Args={'value': 255, 'prev_value': None, 'change': True}
2025-06-16 06:38:43,315 : INFO : EventManager : Event: ======'machine_var_audits_switches_s_scoop_center'====== Args={'value': 1, 'prev_value': None, 'change': True}
2025-06-16 06:38:43,316 : INFO : EventManager : Event: ======'machine_var_audits_switches_s_scoop_lower'====== Args={'value': 220, 'prev_value': None, 'change': True}
2025-06-16 06:38:43,316 : INFO : EventManager : Event: ======'machine_var_audits_switches_s_scoop_right'====== Args={'value': 0, 'prev_value': None, 'change': True}
2025-06-16 06:38:43,316 : INFO : EventManager : Event: ======'machine_var_audits_switches_s_shooter_lane'====== Args={'value': 8, 'prev_value': None, 'change': True}
2025-06-16 06:38:43,317 : INFO : EventManager : Event: ======'machine_var_audits_switches_s_startButton'====== Args={'value': 34, 'prev_value': None, 'change': True}
2025-06-16 06:38:43,317 : INFO : EventManager : Event: ======'machine_var_audits_switches_s_trough1'====== Args={'value': 303, 'prev_value': None, 'change': True}
2025-06-16 06:38:43,318 : INFO : EventManager : Event: ======'machine_var_audits_switches_s_trough2'====== Args={'value': 1, 'prev_value': None, 'change': True}
2025-06-16 06:38:43,318 : INFO : EventManager : Event: ======'machine_var_audits_switches_s_trough3'====== Args={'value': 1, 'prev_value': None, 'change': True}
2025-06-16 06:38:43,318 : INFO : EventManager : Event: ======'machine_var_audits_switches_s_trough4'====== Args={'value': 1, 'prev_value': None, 'change': True}
2025-06-16 06:38:43,319 : INFO : EventManager : Event: ======'machine_var_audits_switches_s_trough5'====== Args={'value': 1, 'prev_value': None, 'change': True}
2025-06-16 06:38:43,320 : INFO : EventManager : Event: ======'init_phase_5'====== Args={}
2025-06-16 06:38:43,326 : INFO : EventManager : Event: ======'init_done'====== Args={}
2025-06-16 06:38:43,327 : INFO : EventManager : Event: ======'machine_reset_phase_1'====== Args={}
2025-06-16 06:38:43,336 : INFO : EventManager : Event: ======'slide_welcome_slide_removed'====== Args={'_from_bcp': True}
2025-06-16 06:38:43,342 : INFO : EventManager : Event: ======'slide_welcome_slide_created'====== Args={'_from_bcp': True}
2025-06-16 06:38:43,344 : INFO : EventManager : Event: ======'machine_reset_phase_2'====== Args={}
2025-06-16 06:38:43,346 : INFO : EventManager : Event: ======'machine_reset_phase_3'====== Args={}
2025-06-16 06:38:43,346 : INFO : EventManager : Event: ======'slide_welcome_slide_active'====== Args={'_from_bcp': True}
2025-06-16 06:38:43,350 : INFO : EventManager : Event: ======'reset_complete'====== Args={}
2025-06-16 06:38:43,351 : INFO : EventManager : Event: ======'mode_attract_will_start'====== Args={}
2025-06-16 06:38:43,352 : INFO : EventManager : Event: ======'mode_attract_starting'====== Args={}
2025-06-16 06:38:43,352 : INFO : Mode.attract : Started. Priority: 10
2025-06-16 06:38:43,352 : INFO : EventManager : Event: ======'modes_active_modes_changed'====== Args={}
2025-06-16 06:38:43,352 : INFO : EventManager : Event: ======'mode_attract_started'====== Args={}
2025-06-16 06:38:43,353 : INFO : EventManager : Event: ======'collecting_balls_complete'====== Args={}
2025-06-16 06:38:43,381 : INFO : EventManager : Event: ======'slide_attract_started_created'====== Args={'_from_bcp': True}
2025-06-16 06:38:43,382 : INFO : EventManager : Event: ======'slide_attract_started_active'====== Args={'_from_bcp': True}
2025-06-16 06:38:43,382 : INFO : Machine : Starting the main run loop.
2025-06-16 06:40:29,917 : INFO : SwitchController : <<<<<<< 's_left_slingshot' active >>>>>>>
2025-06-16 06:40:29,917 : INFO : EventManager : Event: ======'playfield_active'====== Args={}
2025-06-16 06:40:29,917 : INFO : EventManager : Event: ======'unexpected_ball_on_playfield'====== Args={}
2025-06-16 06:40:29,942 : INFO : SwitchController : <<<<<<< 's_left_slingshot' inactive >>>>>>>
2025-06-16 06:40:30,942 : INFO : SwitchController : <<<<<<< 's_right_slingshot' active >>>>>>>
2025-06-16 06:40:30,942 : INFO : EventManager : Event: ======'playfield_active'====== Args={}
2025-06-16 06:40:30,943 : INFO : EventManager : Event: ======'unexpected_ball_on_playfield'====== Args={}
2025-06-16 06:40:30,967 : INFO : SwitchController : <<<<<<< 's_right_slingshot' inactive >>>>>>>
2025-06-16 06:40:35,114 : INFO : SwitchController : <<<<<<< 's_right_slingshot' active >>>>>>>
2025-06-16 06:40:35,115 : INFO : EventManager : Event: ======'playfield_active'====== Args={}
2025-06-16 06:40:35,115 : INFO : EventManager : Event: ======'unexpected_ball_on_playfield'====== Args={}
2025-06-16 06:40:35,148 : INFO : SwitchController : <<<<<<< 's_right_slingshot' inactive >>>>>>>
2025-06-16 06:40:35,490 : INFO : SwitchController : <<<<<<< 's_right_slingshot' active >>>>>>>
2025-06-16 06:40:35,490 : INFO : EventManager : Event: ======'playfield_active'====== Args={}
2025-06-16 06:40:35,490 : INFO : EventManager : Event: ======'unexpected_ball_on_playfield'====== Args={}
2025-06-16 06:40:35,499 : INFO : SwitchController : <<<<<<< 's_right_slingshot' inactive >>>>>>>
2025-06-16 06:40:36,799 : INFO : SwitchController : <<<<<<< 's_right_slingshot' active >>>>>>>
2025-06-16 06:40:36,799 : INFO : EventManager : Event: ======'playfield_active'====== Args={}
2025-06-16 06:40:36,799 : INFO : EventManager : Event: ======'unexpected_ball_on_playfield'====== Args={}
2025-06-16 06:40:36,830 : INFO : SwitchController : <<<<<<< 's_right_slingshot' inactive >>>>>>>
2025-06-16 06:40:37,404 : INFO : SwitchController : <<<<<<< 's_right_slingshot' active >>>>>>>
2025-06-16 06:40:37,404 : INFO : EventManager : Event: ======'playfield_active'====== Args={}
2025-06-16 06:40:37,405 : INFO : EventManager : Event: ======'unexpected_ball_on_playfield'====== Args={}
2025-06-16 06:40:37,422 : INFO : SwitchController : <<<<<<< 's_right_slingshot' inactive >>>>>>>
2025-06-16 06:40:37,703 : INFO : SwitchController : <<<<<<< 's_left_slingshot' active >>>>>>>
2025-06-16 06:40:37,703 : INFO : EventManager : Event: ======'playfield_active'====== Args={}
2025-06-16 06:40:37,704 : INFO : EventManager : Event: ======'unexpected_ball_on_playfield'====== Args={}
2025-06-16 06:40:37,721 : INFO : SwitchController : <<<<<<< 's_left_slingshot' inactive >>>>>>>
2025-06-16 06:40:40,830 : INFO : SwitchController : <<<<<<< 's_left_slingshot' active >>>>>>>
2025-06-16 06:40:40,831 : INFO : EventManager : Event: ======'playfield_active'====== Args={}
2025-06-16 06:40:40,831 : INFO : EventManager : Event: ======'unexpected_ball_on_playfield'====== Args={}
2025-06-16 06:40:40,852 : INFO : SwitchController : <<<<<<< 's_left_slingshot' inactive >>>>>>>
2025-06-16 06:40:49,284 : INFO : SwitchController : <<<<<<< 's_right_slingshot' active >>>>>>>
2025-06-16 06:40:49,284 : INFO : EventManager : Event: ======'playfield_active'====== Args={}
2025-06-16 06:40:49,285 : INFO : EventManager : Event: ======'unexpected_ball_on_playfield'====== Args={}
2025-06-16 06:40:49,299 : INFO : SwitchController : <<<<<<< 's_right_slingshot' inactive >>>>>>>
2025-06-16 06:40:49,827 : INFO : SwitchController : <<<<<<< 's_right_slingshot' active >>>>>>>
2025-06-16 06:40:49,827 : INFO : EventManager : Event: ======'playfield_active'====== Args={}
2025-06-16 06:40:49,827 : INFO : EventManager : Event: ======'unexpected_ball_on_playfield'====== Args={}
2025-06-16 06:40:49,843 : INFO : SwitchController : <<<<<<< 's_right_slingshot' inactive >>>>>>>
2025-06-16 06:40:49,873 : INFO : SwitchController : <<<<<<< 's_right_slingshot' active >>>>>>>
2025-06-16 06:40:49,873 : INFO : EventManager : Event: ======'playfield_active'====== Args={}
2025-06-16 06:40:49,873 : INFO : EventManager : Event: ======'unexpected_ball_on_playfield'====== Args={}
2025-06-16 06:40:49,879 : INFO : SwitchController : <<<<<<< 's_right_slingshot' inactive >>>>>>>
2025-06-16 06:40:49,934 : INFO : SwitchController : <<<<<<< 's_left_slingshot' active >>>>>>>
2025-06-16 06:40:49,934 : INFO : EventManager : Event: ======'playfield_active'====== Args={}
2025-06-16 06:40:49,935 : INFO : EventManager : Event: ======'unexpected_ball_on_playfield'====== Args={}
2025-06-16 06:40:49,950 : INFO : SwitchController : <<<<<<< 's_left_slingshot' inactive >>>>>>>
2025-06-16 06:40:52,511 : INFO : SwitchController : <<<<<<< 's_right_slingshot' active >>>>>>>
2025-06-16 06:40:52,512 : INFO : EventManager : Event: ======'playfield_active'====== Args={}
2025-06-16 06:40:52,512 : INFO : EventManager : Event: ======'unexpected_ball_on_playfield'====== Args={}
2025-06-16 06:40:52,536 : INFO : SwitchController : <<<<<<< 's_right_slingshot' inactive >>>>>>>
2025-06-16 06:40:57,671 : INFO : SwitchController : <<<<<<< 's_left_slingshot' active >>>>>>>
2025-06-16 06:40:57,672 : INFO : EventManager : Event: ======'playfield_active'====== Args={}
2025-06-16 06:40:57,672 : INFO : EventManager : Event: ======'unexpected_ball_on_playfield'====== Args={}
2025-06-16 06:40:57,688 : INFO : SwitchController : <<<<<<< 's_left_slingshot' inactive >>>>>>>
2025-06-16 06:40:58,310 : INFO : SwitchController : <<<<<<< 's_left_slingshot' active >>>>>>>
2025-06-16 06:40:58,310 : INFO : EventManager : Event: ======'playfield_active'====== Args={}
2025-06-16 06:40:58,311 : INFO : EventManager : Event: ======'unexpected_ball_on_playfield'====== Args={}
2025-06-16 06:40:58,335 : INFO : SwitchController : <<<<<<< 's_left_slingshot' inactive >>>>>>>
2025-06-16 06:40:59,170 : INFO : SwitchController : <<<<<<< 's_right_slingshot' active >>>>>>>
2025-06-16 06:40:59,171 : INFO : EventManager : Event: ======'playfield_active'====== Args={}
2025-06-16 06:40:59,171 : INFO : EventManager : Event: ======'unexpected_ball_on_playfield'====== Args={}
2025-06-16 06:40:59,190 : INFO : SwitchController : <<<<<<< 's_right_slingshot' inactive >>>>>>>
2025-06-16 06:41:02,146 : INFO : SwitchController : <<<<<<< 's_right_slingshot' active >>>>>>>
2025-06-16 06:41:02,147 : INFO : EventManager : Event: ======'playfield_active'====== Args={}
2025-06-16 06:41:02,147 : INFO : EventManager : Event: ======'unexpected_ball_on_playfield'====== Args={}
2025-06-16 06:41:02,168 : INFO : SwitchController : <<<<<<< 's_right_slingshot' inactive >>>>>>>
2025-06-16 06:41:02,269 : INFO : SwitchController : <<<<<<< 's_left_slingshot' active >>>>>>>
2025-06-16 06:41:02,269 : INFO : EventManager : Event: ======'playfield_active'====== Args={}
2025-06-16 06:41:02,269 : INFO : EventManager : Event: ======'unexpected_ball_on_playfield'====== Args={}
2025-06-16 06:41:02,276 : INFO : SwitchController : <<<<<<< 's_left_slingshot' inactive >>>>>>>
2025-06-16 06:41:04,570 : INFO : SwitchController : <<<<<<< 's_right_slingshot' active >>>>>>>
2025-06-16 06:41:04,570 : INFO : EventManager : Event: ======'playfield_active'====== Args={}
2025-06-16 06:41:04,570 : INFO : EventManager : Event: ======'unexpected_ball_on_playfield'====== Args={}
2025-06-16 06:41:04,592 : INFO : SwitchController : <<<<<<< 's_right_slingshot' inactive >>>>>>>
2025-06-16 06:41:04,768 : INFO : SwitchController : <<<<<<< 's_left_slingshot' active >>>>>>>
2025-06-16 06:41:04,768 : INFO : EventManager : Event: ======'playfield_active'====== Args={}
2025-06-16 06:41:04,768 : INFO : EventManager : Event: ======'unexpected_ball_on_playfield'====== Args={}
2025-06-16 06:41:04,786 : INFO : SwitchController : <<<<<<< 's_left_slingshot' inactive >>>>>>>
2025-06-16 06:41:04,891 : INFO : SwitchController : <<<<<<< 's_right_slingshot' active >>>>>>>
2025-06-16 06:41:04,892 : INFO : EventManager : Event: ======'playfield_active'====== Args={}
2025-06-16 06:41:04,892 : INFO : EventManager : Event: ======'unexpected_ball_on_playfield'====== Args={}
2025-06-16 06:41:04,898 : INFO : SwitchController : <<<<<<< 's_right_slingshot' inactive >>>>>>>
2025-06-16 06:41:51,708 : INFO : Machine : Shutting down...
2025-06-16 06:41:51,708 : INFO : EventManager : Event: ======'shutdown'====== Args={}
2025-06-16 06:41:51,712 : ERROR : OPP : Stop called on serial connection com3
2025-06-16 06:41:51,719 : ERROR : OPP : Stop called on serial connection com4
2025-06-16 06:41:51,719 : ERROR : asyncio : Exception in callback Util.raise_exceptions(<Task finishe...ection lost')>) at C:\Users\ruben\.local\pipx\venvs\mpf\lib\site-packages\mpf\core\utility_functions.py:759
handle: <Handle Util.raise_exceptions(<Task finishe...ection lost')>) at C:\Users\ruben\.local\pipx\venvs\mpf\lib\site-packages\mpf\core\utility_functions.py:759>
Traceback (most recent call last):
  File "C:\Users\ruben\AppData\Local\Programs\Python\Python39\lib\asyncio\events.py", line 80, in _run
    self._context.run(self._callback, *self._args)
  File "C:\Users\ruben\.local\pipx\venvs\mpf\lib\site-packages\mpf\core\utility_functions.py", line 767, in raise_exceptions
    future.result()
  File "C:\Users\ruben\.local\pipx\venvs\mpf\lib\site-packages\mpf\platforms\opp\opp.py", line 965, in _poll_sender
    await self.opp_connection[chain_serial].writer.drain()
  File "C:\Users\ruben\AppData\Local\Programs\Python\Python39\lib\asyncio\streams.py", line 387, in drain
    await self._protocol._drain_helper()
  File "C:\Users\ruben\AppData\Local\Programs\Python\Python39\lib\asyncio\streams.py", line 190, in _drain_helper
    raise ConnectionResetError('Connection lost')
ConnectionResetError: Connection lost
2025-06-16 06:41:51,986 : WARNING : OPP : Poll took more than 250.0ms for 0
2025-06-16 06:41:51,987 : ERROR : asyncio : Exception in callback Util.raise_exceptions(<Task finishe...ute 'write'")>) at C:\Users\ruben\.local\pipx\venvs\mpf\lib\site-packages\mpf\core\utility_functions.py:759
handle: <Handle Util.raise_exceptions(<Task finishe...ute 'write'")>) at C:\Users\ruben\.local\pipx\venvs\mpf\lib\site-packages\mpf\core\utility_functions.py:759>
Traceback (most recent call last):
  File "C:\Users\ruben\AppData\Local\Programs\Python\Python39\lib\asyncio\events.py", line 80, in _run
    self._context.run(self._callback, *self._args)
  File "C:\Users\ruben\.local\pipx\venvs\mpf\lib\site-packages\mpf\core\utility_functions.py", line 767, in raise_exceptions
    future.result()
  File "C:\Users\ruben\.local\pipx\venvs\mpf\lib\site-packages\mpf\platforms\opp\opp.py", line 964, in _poll_sender
    self.send_to_processor(chain_serial, self.read_input_msg[chain_serial])
  File "C:\Users\ruben\.local\pipx\venvs\mpf\lib\site-packages\mpf\platforms\opp\opp.py", line 345, in send_to_processor
    self.opp_connection[chain_serial].send(msg)
  File "C:\Users\ruben\.local\pipx\venvs\mpf\lib\site-packages\mpf\platforms\base_serial_communicator.py", line 160, in send
    self.writer.write(msg)
AttributeError: 'NoneType' object has no attribute 'write'
2025-06-16 06:41:51,990 : INFO : root : MPF run loop ended.
