2025-06-29 21:37:02,831 : kivy : Kivy: v2.2.1
2025-06-29 21:37:02,832 : kivy : Kivy: Installed at "/Library/Frameworks/Python.framework/Versions/3.9/lib/python3.9/site-packages/kivy/__init__.py"
2025-06-29 21:37:02,832 : kivy : Python: v3.9.13 (v3.9.13:6de2ca5339, May 17 2022, 11:37:23) 
[Clang 13.0.0 (clang-1300.0.29.30)]
2025-06-29 21:37:02,832 : kivy : Python: Interpreter at "/Library/Frameworks/Python.framework/Versions/3.9/bin/python3.9"
2025-06-29 21:37:02,839 : kivy : Factory: 190 symbols loaded
2025-06-29 21:37:02,937 : kivy : ImageLoaderFFPy: Using ffpyplayer 4.5.1
2025-06-29 21:37:02,937 : kivy : Image: Providers: img_tex, img_imageio, img_dds, img_sdl2, img_pil, img_ffpyplayer 
2025-06-29 21:37:03,037 : kivy : VideoFFPy: Using ffpyplayer 4.5.1
2025-06-29 21:37:03,037 : kivy : Video: Provider: ffpyplayer(['video_ffmpeg'] ignored)
2025-06-29 21:37:03,064 : root : Loading MPF-MC controller
2025-06-29 21:37:03,071 : YamlMultifileConfigLoader : Machine config file #1: config
2025-06-29 21:37:03,071 : ConfigProcessor : Config file in cache changed: /Users/ruben/Pinball/mpf-pinball/config/config
2025-06-29 21:37:03,071 : ConfigProcessor : Loading config from file /Library/Frameworks/Python.framework/Versions/3.9/lib/python3.9/site-packages/mpfmc/mcconfig.yaml.
2025-06-29 21:37:03,075 : ConfigProcessor : Loading config: /Library/Frameworks/Python.framework/Versions/3.9/lib/python3.9/site-packages/mpfmc/mcconfig.yaml
2025-06-29 21:37:03,076 : ConfigProcessor : Loading config from file /Users/ruben/Pinball/mpf-pinball/config/config.
2025-06-29 21:37:03,076 : ConfigProcessor : Loading config: /Users/ruben/Pinball/mpf-pinball/config/config
2025-06-29 21:37:03,076 : ConfigProcessor : Loading config: /Users/ruben/Pinball/mpf-pinball/config/hardware.yaml
2025-06-29 21:37:03,077 : ConfigProcessor : Loading config: /Users/ruben/Pinball/mpf-pinball/config/switches.yaml
2025-06-29 21:37:03,077 : ConfigProcessor : Loading config: /Users/ruben/Pinball/mpf-pinball/config/coils.yaml
2025-06-29 21:37:03,079 : ConfigProcessor : Loading config: /Users/ruben/Pinball/mpf-pinball/config/lights.yaml
2025-06-29 21:37:03,080 : ConfigProcessor : Loading config: /Users/ruben/Pinball/mpf-pinball/config/devices.yaml
2025-06-29 21:37:03,080 : ConfigProcessor : Loading config: /Users/ruben/Pinball/mpf-pinball/config/images.yaml
2025-06-29 21:37:03,081 : ConfigProcessor : Loading config: /Users/ruben/Pinball/mpf-pinball/config/displays.yaml
2025-06-29 21:37:03,081 : ConfigProcessor : Loading config: /Users/ruben/Pinball/mpf-pinball/config/slides.yaml
2025-06-29 21:37:03,082 : ConfigProcessor : Config file cache created: /var/folders/9g/7xjb17l959g1fnq4pjl5c5p80000gn/T/195f11bb22def72033a5ba91cfdec8f0.mpf_cache
2025-06-29 21:37:03,083 : ConfigProcessor : Loading config from cache: /var/folders/9g/7xjb17l959g1fnq4pjl5c5p80000gn/T/f574f59b1e0fcbb2258348220f26b9cc.mpf_cache
2025-06-29 21:37:03,083 : ConfigProcessor : Loading config from cache: /var/folders/9g/7xjb17l959g1fnq4pjl5c5p80000gn/T/edcc5f1d3215b377c9faab88c62e4ce0.mpf_cache
2025-06-29 21:37:03,083 : ConfigProcessor : Loading config from cache: /var/folders/9g/7xjb17l959g1fnq4pjl5c5p80000gn/T/174d451d321a0971202b746018364536.mpf_cache
2025-06-29 21:37:03,083 : ConfigProcessor : Loading config from cache: /var/folders/9g/7xjb17l959g1fnq4pjl5c5p80000gn/T/f574f59b1e0fcbb2258348220f26b9cc.mpf_cache
2025-06-29 21:37:03,083 : mpfmc : Mission Pinball Framework Media Controller (MPF-MC) v0.57.1. Requires MPF v0.57.0 or newer.
2025-06-29 21:37:03,083 : mpfmc : Found MPF v0.57.3
2025-06-29 21:37:03,083 : mpfmc : Machine path: /Users/ruben/Pinball/mpf-pinball
2025-06-29 21:37:03,083 : mpfmc : Starting clock at 60.0Hz
2025-06-29 21:37:03,091 : kivy : Text: Provider: sdl2
2025-06-29 21:37:03,105 : kivy : Window: Provider: sdl2
2025-06-29 21:37:03,262 : kivy : GL: Using the "OpenGL ES 2" graphics system
2025-06-29 21:37:03,263 : kivy : GL: Backend used <sdl2>
2025-06-29 21:37:03,263 : kivy : GL: OpenGL version <b'2.1 Metal - 89.4'>
2025-06-29 21:37:03,263 : kivy : GL: OpenGL vendor <b'Apple'>
2025-06-29 21:37:03,263 : kivy : GL: OpenGL renderer <b'Apple M1 Pro'>
2025-06-29 21:37:03,263 : kivy : GL: OpenGL parsed version: 2, 1
2025-06-29 21:37:03,263 : kivy : GL: Shading version <b'1.20'>
2025-06-29 21:37:03,263 : kivy : GL: Texture max size <16384>
2025-06-29 21:37:03,263 : kivy : GL: Texture max units <16>
2025-06-29 21:37:03,276 : kivy : Window: auto add sdl2 input provider
2025-06-29 21:37:03,276 : kivy : Window: virtual keyboard not allowed, single mode, not docked
2025-06-29 21:37:03,278 : SoundSystem : SoundSystem: Using default 'sound_system' settings
2025-06-29 21:37:03,415 : AudioInterface : Initialized
2025-06-29 21:37:03,415 : AudioInterface : Loaded SDL 2.32.8
2025-06-29 21:37:03,415 : AudioInterface : Loaded SDL_Mixer 2.8.1
2025-06-29 21:37:03,415 : AudioInterface : Loaded GStreamer 1.26.2.0
2025-06-29 21:37:03,416 : AudioInterface : Loaded GLib 2.84.2
2025-06-29 21:37:03,416 : AudioInterface : Settings requested - rate: 44100, channels: 1, buffer: 2048 samples
2025-06-29 21:37:03,416 : AudioInterface : Settings in use - rate: 44100, channels: 1, buffer: 2048 samples (4096 bytes @ 2 bytes per sample)
2025-06-29 21:37:03,416 : SoundSystem : No audio tracks are specified in your machine config file. a track named 'default' has been created.
2025-06-29 21:37:03,416 : SoundSystem : Setting master volume to 0.0
2025-06-29 21:37:03,416 : AudioInterface : Enabling audio playback
2025-06-29 21:37:03,417 : kivy : Base: Start application main loop
2025-06-29 21:37:03,417 : EventManager : Event: ======'display_window_initialized'====== Args={}
2025-06-29 21:37:03,743 : mpfmc : Display: Setting 'window' as default display
2025-06-29 21:37:03,748 : EventManager : Event: ======'displays_initialized'====== Args={}
2025-06-29 21:37:03,748 : EventManager : Event: ======'slide_window_blank_created'====== Args={}
2025-06-29 21:37:03,748 : EventManager : Event: ======'display_window_ready'====== Args={}
2025-06-29 21:37:03,752 : EventManager : Event: ======'init_phase_1'====== Args={}
2025-06-29 21:37:03,754 : EventManager : Event: ======'mc_ready'====== Args={}
2025-06-29 21:37:03,754 : EventManager : Event: ======'init_phase_2'====== Args={}
2025-06-29 21:37:03,755 : EventManager : Event: ======'init_phase_3'====== Args={}
2025-06-29 21:37:03,755 : EventManager : Event: ======'init_phase_4'====== Args={}
2025-06-29 21:37:03,755 : EventManager : Event: ======'init_phase_5'====== Args={}
2025-06-29 21:37:03,813 : EventManager : Event: ======'loading_assets'====== Args={'total': 1, 'loaded': 1, 'remaining': 0, 'percent': 100}
2025-06-29 21:37:03,813 : AssetManager : Asset loading took: 0.3967139720916748
2025-06-29 21:37:03,813 : EventManager : Event: ======'asset_loading_complete'====== Args={}
2025-06-29 21:37:03,813 : AssetManager : Loading assets: 1/1 (100%)
2025-06-29 21:37:03,813 : EventManager : Event: ======'init_done'====== Args={}
2025-06-29 21:37:03,813 : MPF-MC BCP Server : Starting up on localhost port 5050
2025-06-29 21:37:03,814 : MPF-MC BCP Server : Waiting for a connection...
2025-06-29 21:37:03,826 : EventManager : Event: ======'client_disconnected'====== Args={'host': '127.0.0.1', 'port': 5050}
2025-06-29 21:37:03,868 : MPF-MC BCP Server : Received connection from: 127.0.0.1:65102
2025-06-29 21:37:03,877 : EventManager : Event: ======'client_connected'====== Args={'host': '127.0.0.1', 'port': 65102}
2025-06-29 21:37:04,837 : mpfmc : Shutting down due to child thread crash
2025-06-29 21:37:04,837 : mpfmc : Crash details: Traceback (most recent call last):
  File "/Library/Frameworks/Python.framework/Versions/3.9/lib/python3.9/site-packages/mpfmc/core/bcp_server.py", line 153, in run
    data_read = self.connection.recv(8192)
ConnectionResetError: [Errno 54] Connection reset by peer

2025-06-29 21:37:04,837 : mpfmc : Stopping...
2025-06-29 21:37:04,837 : EventManager : Event: ======'shutdown'====== Args={}
2025-06-29 21:37:04,837 : AudioInterface : Disabling audio playback
2025-06-29 21:37:04,904 : MPF-MC BCP Server : Stopping BCP sending thread
2025-06-29 21:37:04,904 : mpfmc : Loop rate 53.09 Hz
2025-06-29 21:37:04,905 : kivy : Base: Leaving application in progress...
2025-06-29 21:37:04,910 : mpfmc : Stopping...
2025-06-29 21:37:04,911 : EventManager : Event: ======'shutdown'====== Args={}
2025-06-29 21:37:04,911 : mpfmc : Loop rate 52.87 Hz
2025-06-29 21:37:04,911 : root : MC run loop ended.
2025-06-29 21:37:04,911 : root : Stopping child threads... (1 remaining)
2025-06-29 21:37:05,822 : root : All child threads stopped.
