2025-05-30 09:15:55,584 : INFO : root : Loading config.
2025-05-30 09:15:55,592 : INFO : YamlMultifileConfigLoader : Machine config file #1: config.yaml
2025-05-30 09:15:55,593 : WARNING : ConfigProcessor : Config file in cache changed: C:\pinball\my_machine\config\config.yaml
2025-05-30 09:15:55,593 : INFO : ConfigProcessor : Loading config from file C:\Users\ruben\.local\pipx\venvs\mpf\lib\site-packages\mpf\mpfconfig.yaml.
2025-05-30 09:15:55,727 : INFO : ConfigProcessor : Loading config: C:\Users\ruben\.local\pipx\venvs\mpf\lib\site-packages\mpf\mpfconfig.yaml
2025-05-30 09:15:55,728 : INFO : ConfigProcessor : Loading config from file C:\pinball\my_machine\config\config.yaml.
2025-05-30 09:15:55,764 : INFO : ConfigProcessor : Loading config: C:\pinball\my_machine\config\config.yaml
2025-05-30 09:15:55,766 : INFO : ConfigProcessor : Config file cache created: C:\Users\ruben\AppData\Local\Temp\a17888e5e1df298d67e07ada0b1bff4a.mpf_cache
2025-05-30 09:15:55,907 : INFO : ConfigProcessor : Loading config from cache: C:\Users\ruben\AppData\Local\Temp\67cf8ffee0fce2d4fcb5ef0bb894d8de.mpf_cache
2025-05-30 09:15:55,909 : INFO : ConfigProcessor : Loading config from cache: C:\Users\ruben\AppData\Local\Temp\25321780674732dcacb77a8f5b2a53cd.mpf_cache
2025-05-30 09:15:55,910 : INFO : Machine : Mission Pinball Framework Core Engine v0.56.0
2025-05-30 09:15:55,910 : INFO : Machine : Command line arguments: {'no_load_cache': False, 'create_config_cache': True, 'bcp': True, 'configfile': ['config.yaml'], 'force_assets_load': False, 'jsonlogging': False, 'logfile': 'logs\\2025-05-30-09-15-55-mpf-DESKTOP-11MEIVG.log', 'pause': False, 'production': False, 'text_ui': True, 'loglevel': 15, 'consoleloglevel': 20, 'force_platform': None, 'syslog_address': None, 'mc_file_name': None, 'no_sound': False}
2025-05-30 09:15:55,910 : INFO : Machine : MPF path: C:\Users\ruben\.local\pipx\venvs\mpf\lib\site-packages\mpf
2025-05-30 09:15:55,910 : INFO : Machine : Machine path: C:\pinball\my_machine
2025-05-30 09:15:55,911 : INFO : Machine : Platform: win32
2025-05-30 09:15:55,911 : INFO : Machine : Python executable location: C:\Users\ruben\.local\pipx\venvs\mpf\Scripts\python.exe
2025-05-30 09:15:55,911 : INFO : Machine : Python version: 3.9.13 (64-bit)
2025-05-30 09:15:55,913 : INFO : Machine : Initialise MPF.
2025-05-30 09:15:56,207 : INFO : OPP : Connecting to com3 at 115200bps
2025-05-30 09:15:56,377 : INFO : OPP : Init of OPP board 1 done
2025-05-30 09:15:56,377 : INFO : OPP : Connecting to com4 at 115200bps
2025-05-30 09:15:56,465 : INFO : OPP : Init of OPP board 0 done
2025-05-30 09:15:56,466 : INFO : EventManager : Event: ======'machine_var_credits_string'====== Args={'value': 'FREE PLAY', 'prev_value': None, 'change': True}
2025-05-30 09:15:56,554 : INFO : EventManager : Event: ======'machine_var_master_volume'====== Args={'value': 0.5, 'prev_value': None, 'change': True}
2025-05-30 09:15:56,554 : INFO : EventManager : Event: ======'machine_var_player1_score'====== Args={'value': 0, 'prev_value': None, 'change': True}
2025-05-30 09:15:56,554 : INFO : EventManager : Event: ======'machine_var_mpf_version'====== Args={'value': 'MPF v0.56.0', 'prev_value': None, 'change': True}
2025-05-30 09:15:56,554 : INFO : EventManager : Event: ======'machine_var_mpf_extended_version'====== Args={'value': 'MPF v0.56.0, Config version:5, Show version: 5, BCP version:1.1', 'prev_value': None, 'change': True}
2025-05-30 09:15:56,555 : INFO : EventManager : Event: ======'machine_var_python_version'====== Args={'value': '3.9.13', 'prev_value': None, 'change': True}
2025-05-30 09:15:56,568 : INFO : EventManager : Event: ======'machine_var_platform'====== Args={'value': 'Windows-10-10.0.19045-SP0', 'prev_value': None, 'change': True}
2025-05-30 09:15:56,568 : INFO : EventManager : Event: ======'machine_var_platform_system'====== Args={'value': 'Windows', 'prev_value': None, 'change': True}
2025-05-30 09:15:56,568 : INFO : EventManager : Event: ======'machine_var_platform_release'====== Args={'value': '10', 'prev_value': None, 'change': True}
2025-05-30 09:15:56,568 : INFO : EventManager : Event: ======'machine_var_platform_version'====== Args={'value': '10.0.19045', 'prev_value': None, 'change': True}
2025-05-30 09:15:56,569 : INFO : EventManager : Event: ======'machine_var_platform_machine'====== Args={'value': 'AMD64', 'prev_value': None, 'change': True}
2025-05-30 09:15:56,569 : INFO : EventManager : Event: ======'init_phase_1'====== Args={}
2025-05-30 09:15:56,599 : INFO : EventManager : Event: ======'drop_target_bank_vuk_bank_up'====== Args={}
2025-05-30 09:15:56,601 : INFO : EventManager : Event: ======'init_phase_2'====== Args={}
2025-05-30 09:15:56,605 : INFO : EventManager : Event: ======'bcp_connection_attempt'====== Args={'name': 'local_display', 'host': 'localhost', 'port': 5050}
2025-05-30 09:15:56,607 : INFO : BCPClientSocket : Connecting BCP to 'local_display' at localhost:5050...
2025-05-30 09:15:59,663 : INFO : BCPClientSocket : Connected BCP to 'local_display' localhost:5050
2025-05-30 09:15:59,667 : INFO : EventManager : Event: ======'bcp_clients_connected'====== Args={}
2025-05-30 09:15:59,693 : INFO : ball_device.bd_trough : BCH: Initial count: 0
2025-05-30 09:15:59,696 : INFO : EventManager : Event: ======'machine_var_mc_version'====== Args={'value': 'MPF-MC v0.56.1', 'prev_value': None, 'change': True}
2025-05-30 09:15:59,697 : INFO : EventManager : Event: ======'machine_var_mc_extended_version'====== Args={'value': 'MPF-MC v0.56.1 (config_version=5, BCP v1.1,                      Requires MPF API compatibility v0.56.0 or newer)', 'prev_value': None, 'change': True}
2025-05-30 09:15:59,702 : INFO : ball_device.bd_trough : State: idle
2025-05-30 09:15:59,728 : INFO : ball_device.bd_scoop_lower : BCH: Initial count: 0
2025-05-30 09:15:59,729 : INFO : ball_device.bd_scoop_lower : State: idle
2025-05-30 09:15:59,753 : INFO : EventManager : Event: ======'init_phase_3'====== Args={}
2025-05-30 09:15:59,757 : INFO : EventManager : Event: ======'init_phase_4'====== Args={}
2025-05-30 09:15:59,758 : INFO : BallController : Initial balls found: 0
2025-05-30 09:15:59,761 : ERROR : asyncio : Exception in callback EventManager._queue_task_done(<Task finishe..._slingshot>')>)
handle: <Handle EventManager._queue_task_done(<Task finishe..._slingshot>')>)>
Traceback (most recent call last):
  File "C:\Users\ruben\AppData\Local\Programs\Python\Python39\lib\asyncio\events.py", line 80, in _run
    self._context.run(self._callback, *self._args)
  File "C:\Users\ruben\.local\pipx\venvs\mpf\lib\site-packages\mpf\core\events.py", line 744, in _queue_task_done
    future.result()
  File "C:\Users\ruben\.local\pipx\venvs\mpf\lib\site-packages\mpf\core\events.py", line 657, in _run_handlers_sequential
    handler.callback(queue=queue, **merged_kwargs)
  File "C:\Users\ruben\.local\pipx\venvs\mpf\lib\site-packages\mpf\devices\driver.py", line 58, in _check_duplicate_coil_numbers
    raise AssertionError("Duplicate coil number {} for coil {}".format(coil.hw_driver.number, coil))
AssertionError: Duplicate coil number 0-0-1 for coil <coil.c_left_slingshot>
2025-05-30 09:15:59,799 : INFO : Machine : Starting the main run loop.
2025-05-30 09:15:59,800 : INFO : Machine : Shutting down...
2025-05-30 09:15:59,800 : INFO : EventManager : Event: ======'shutdown'====== Args={}
2025-05-30 09:15:59,803 : ERROR : OPP : Stop called on serial connection com3
2025-05-30 09:15:59,808 : ERROR : OPP : Stop called on serial connection com4
2025-05-30 09:16:00,848 : ERROR : Machine : Runtime Exception
Traceback (most recent call last):
  File "C:\Users\ruben\.local\pipx\venvs\mpf\lib\site-packages\mpf\core\machine.py", line 797, in _run_loop
    raise self._exception['exception']
  File "C:\Users\ruben\AppData\Local\Programs\Python\Python39\lib\asyncio\events.py", line 80, in _run
    self._context.run(self._callback, *self._args)
  File "C:\Users\ruben\.local\pipx\venvs\mpf\lib\site-packages\mpf\core\events.py", line 744, in _queue_task_done
    future.result()
  File "C:\Users\ruben\.local\pipx\venvs\mpf\lib\site-packages\mpf\core\events.py", line 657, in _run_handlers_sequential
    handler.callback(queue=queue, **merged_kwargs)
  File "C:\Users\ruben\.local\pipx\venvs\mpf\lib\site-packages\mpf\devices\driver.py", line 58, in _check_duplicate_coil_numbers
    raise AssertionError("Duplicate coil number {} for coil {}".format(coil.hw_driver.number, coil))
AssertionError: Duplicate coil number 0-0-1 for coil <coil.c_left_slingshot>
2025-05-30 09:16:28,108 : ERROR : root : 
Traceback (most recent call last):
  File "C:\Users\ruben\.local\pipx\venvs\mpf\lib\site-packages\mpf\core\machine.py", line 797, in _run_loop
    raise self._exception['exception']
  File "C:\Users\ruben\AppData\Local\Programs\Python\Python39\lib\asyncio\events.py", line 80, in _run
    self._context.run(self._callback, *self._args)
  File "C:\Users\ruben\.local\pipx\venvs\mpf\lib\site-packages\mpf\core\events.py", line 744, in _queue_task_done
    future.result()
  File "C:\Users\ruben\.local\pipx\venvs\mpf\lib\site-packages\mpf\core\events.py", line 657, in _run_handlers_sequential
    handler.callback(queue=queue, **merged_kwargs)
  File "C:\Users\ruben\.local\pipx\venvs\mpf\lib\site-packages\mpf\devices\driver.py", line 58, in _check_duplicate_coil_numbers
    raise AssertionError("Duplicate coil number {} for coil {}".format(coil.hw_driver.number, coil))
AssertionError: Duplicate coil number 0-0-1 for coil <coil.c_left_slingshot>

During handling of the above exception, another exception occurred:

Traceback (most recent call last):
  File "C:\Users\ruben\.local\pipx\venvs\mpf\lib\site-packages\mpf\commands\game.py", line 239, in __init__
    self.machine.run()
  File "C:\Users\ruben\.local\pipx\venvs\mpf\lib\site-packages\mpf\core\machine.py", line 693, in run
    self._run_loop()
  File "C:\Users\ruben\.local\pipx\venvs\mpf\lib\site-packages\mpf\core\machine.py", line 800, in _run_loop
    report_crash(self._exception['exception'], "exception_during_run", self.config)
  File "C:\Users\ruben\.local\pipx\venvs\mpf\lib\site-packages\mpf\core\crash_reporter.py", line 236, in report_crash
    response = input("Do you want to report the crash to the MPF team (yes/no/show)? ")
EOFError
