2025-06-29 07:43:36,502 : INFO : root : Loading config.
2025-06-29 07:43:36,518 : INFO : YamlMultifileConfigLoader : Machine config file #1: config.yaml
2025-06-29 07:43:36,518 : INFO : ConfigProcessor : Loading config from cache: C:\Users\ruben\AppData\Local\Temp\ea592b2e59251eb1324fb8d8ecdf3742.mpf_cache
2025-06-29 07:43:36,518 : WARNING : ConfigProcessor : Config file in cache changed: C:\pinball\my_machine\config\lights.yaml
2025-06-29 07:43:36,518 : INFO : ConfigProcessor : Loading config from file C:\Users\ruben\AppData\Local\Programs\Python\Python39\lib\site-packages\mpf\mpfconfig.yaml.
2025-06-29 07:43:36,549 : INFO : ConfigProcessor : Loading config: C:\Users\ruben\AppData\Local\Programs\Python\Python39\lib\site-packages\mpf\mpfconfig.yaml
2025-06-29 07:43:36,549 : INFO : ConfigProcessor : Loading config from file C:\pinball\my_machine\config\config.yaml.
2025-06-29 07:43:36,565 : INFO : ConfigProcessor : Loading config: C:\pinball\my_machine\config\config.yaml
2025-06-29 07:43:36,565 : INFO : ConfigProcessor : Loading config: C:\pinball\my_machine\config\hardware.yaml
2025-06-29 07:43:36,565 : INFO : ConfigProcessor : Loading config: C:\pinball\my_machine\config\switches.yaml
2025-06-29 07:43:36,565 : INFO : ConfigProcessor : Loading config: C:\pinball\my_machine\config\coils.yaml
2025-06-29 07:43:36,580 : INFO : ConfigProcessor : Loading config: C:\pinball\my_machine\config\lights.yaml
2025-06-29 07:43:36,596 : INFO : ConfigProcessor : Loading config: C:\pinball\my_machine\config\devices.yaml
2025-06-29 07:43:36,596 : INFO : ConfigProcessor : Loading config: C:\pinball\my_machine\config\images.yaml
2025-06-29 07:43:36,596 : INFO : ConfigProcessor : Loading config: C:\pinball\my_machine\config\displays.yaml
2025-06-29 07:43:36,596 : INFO : ConfigProcessor : Loading config: C:\pinball\my_machine\config\slides.yaml
2025-06-29 07:43:36,612 : INFO : ConfigProcessor : Config file cache created: C:\Users\ruben\AppData\Local\Temp\ea592b2e59251eb1324fb8d8ecdf3742.mpf_cache
2025-06-29 07:43:36,786 : INFO : ConfigProcessor : Loading config from cache: C:\Users\ruben\AppData\Local\Temp\de22d214a8e6fb7753c0be2dfb8deb7c.mpf_cache
2025-06-29 07:43:36,787 : INFO : ConfigProcessor : Loading config from cache: C:\Users\ruben\AppData\Local\Temp\76bc62f652ae2965f03127125af6e953.mpf_cache
2025-06-29 07:43:36,788 : INFO : ConfigProcessor : Loading config from cache: C:\Users\ruben\AppData\Local\Temp\195f66f1d07408d279921a878741edf5.mpf_cache
2025-06-29 07:43:36,789 : INFO : ConfigProcessor : Loading config from cache: C:\Users\ruben\AppData\Local\Temp\de22d214a8e6fb7753c0be2dfb8deb7c.mpf_cache
2025-06-29 07:43:36,791 : INFO : Machine : Mission Pinball Framework Core Engine v0.57.3
2025-06-29 07:43:36,791 : INFO : Machine : Command line arguments: {'no_load_cache': False, 'create_config_cache': True, 'bcp': True, 'configfile': ['config.yaml'], 'force_assets_load': False, 'platform_integration_test': False, 'jsonlogging': False, 'logfile': 'logs\\2025-06-29-07-43-36-mpf-DESKTOP-11MEIVG.log', 'pause': False, 'production': False, 'text_ui': True, 'loglevel': 15, 'consoleloglevel': 20, 'force_platform': None, 'syslog_address': None, 'mc_file_name': None, 'no_sound': False}
2025-06-29 07:43:36,791 : INFO : Machine : MPF path: C:\Users\ruben\AppData\Local\Programs\Python\Python39\lib\site-packages\mpf
2025-06-29 07:43:36,791 : INFO : Machine : Machine path: C:\pinball\my_machine
2025-06-29 07:43:36,791 : INFO : Machine : Platform: win32
2025-06-29 07:43:36,791 : INFO : Machine : Python executable location: C:\Users\ruben\AppData\Local\Programs\Python\Python39\python.exe
2025-06-29 07:43:36,791 : INFO : Machine : Python version: 3.9.13 (64-bit)
2025-06-29 07:43:36,795 : INFO : Machine : Initializing MPF...
2025-06-29 07:43:37,055 : INFO : OPP : Connecting to com3 at 115200bps
2025-06-29 07:43:37,102 : INFO : OPP : Init of OPP board 1 done
2025-06-29 07:43:37,102 : INFO : OPP : Connecting to com4 at 115200bps
2025-06-29 07:43:37,219 : INFO : OPP : Init of OPP board 0 done
2025-06-29 07:43:37,219 : INFO : EventManager : Event: ======'machine_var_credits_string'====== Args={'value': 'FREE PLAY', 'prev_value': None, 'change': True}
2025-06-29 07:43:37,334 : INFO : EventManager : Event: ======'machine_var_master_volume'====== Args={'value': 0.5, 'prev_value': None, 'change': True}
2025-06-29 07:43:37,334 : INFO : EventManager : Event: ======'machine_var_player1_score'====== Args={'value': 0, 'prev_value': None, 'change': True}
2025-06-29 07:43:37,334 : INFO : EventManager : Event: ======'machine_var_mpf_version'====== Args={'value': 'Mission Pinball Framework v0.57.3', 'prev_value': None, 'change': True}
2025-06-29 07:43:37,334 : INFO : EventManager : Event: ======'machine_var_mpf_extended_version'====== Args={'value': 'Mission Pinball Framework v0.57.3, Config version:6, Show version: 6, BCP version:1.1', 'prev_value': None, 'change': True}
2025-06-29 07:43:37,334 : INFO : EventManager : Event: ======'machine_var_python_version'====== Args={'value': '3.9.13', 'prev_value': None, 'change': True}
2025-06-29 07:43:37,352 : INFO : EventManager : Event: ======'machine_var_platform'====== Args={'value': 'Windows-10-10.0.19045-SP0', 'prev_value': None, 'change': True}
2025-06-29 07:43:37,352 : INFO : EventManager : Event: ======'machine_var_platform_system'====== Args={'value': 'Windows', 'prev_value': None, 'change': True}
2025-06-29 07:43:37,352 : INFO : EventManager : Event: ======'machine_var_platform_release'====== Args={'value': '10', 'prev_value': None, 'change': True}
2025-06-29 07:43:37,352 : INFO : EventManager : Event: ======'machine_var_platform_version'====== Args={'value': '10.0.19045', 'prev_value': None, 'change': True}
2025-06-29 07:43:37,352 : INFO : EventManager : Event: ======'machine_var_platform_machine'====== Args={'value': 'AMD64', 'prev_value': None, 'change': True}
2025-06-29 07:43:37,352 : INFO : EventManager : Event: ======'init_phase_1'====== Args={}
2025-06-29 07:43:37,401 : INFO : EventManager : Event: ======'init_phase_2'====== Args={}
2025-06-29 07:43:37,417 : INFO : EventManager : Event: ======'bcp_connection_attempt'====== Args={'name': 'local_display', 'host': 'localhost', 'port': 5050}
2025-06-29 07:43:37,417 : INFO : BCPClientSocket : Connecting BCP to 'local_display' at localhost:5050...
2025-06-29 07:43:41,013 : INFO : BCPClientSocket : Connected BCP to 'local_display' localhost:5050
2025-06-29 07:43:41,015 : INFO : EventManager : Event: ======'bcp_clients_connected'====== Args={}
2025-06-29 07:43:41,133 : INFO : EventManager : Event: ======'machine_var_mc_version'====== Args={'value': 'MPF-MC v0.57.1', 'prev_value': None, 'change': True}
2025-06-29 07:43:41,134 : INFO : EventManager : Event: ======'machine_var_mc_extended_version'====== Args={'value': 'MPF-MC v0.57.1 (config_version=6, BCP v1.1,                      Requires MPF API compatibility v0.57.0 or newer)', 'prev_value': None, 'change': True}
2025-06-29 07:43:41,137 : INFO : ball_device.bd_trough : BCH: Initial count: 0
2025-06-29 07:43:41,182 : INFO : ball_device.bd_trough : State: idle
2025-06-29 07:43:41,200 : INFO : EventManager : Event: ======'init_phase_3'====== Args={}
2025-06-29 07:43:41,204 : INFO : EventManager : Event: ======'init_phase_4'====== Args={}
2025-06-29 07:43:41,204 : INFO : BallController : Initial balls found: 0
2025-06-29 07:43:41,206 : INFO : EventManager : Event: ======'machine_var_audits_events_game_ended'====== Args={'value': 53, 'prev_value': None, 'change': True}
2025-06-29 07:43:41,207 : INFO : EventManager : Event: ======'machine_var_audits_events_game_started'====== Args={'value': 106, 'prev_value': None, 'change': True}
2025-06-29 07:43:41,207 : INFO : EventManager : Event: ======'machine_var_audits_missing_switches_s_left_flipper'====== Args={'value': 6, 'prev_value': None, 'change': True}
2025-06-29 07:43:41,208 : INFO : EventManager : Event: ======'machine_var_audits_missing_switches_s_left_outlane'====== Args={'value': 10, 'prev_value': None, 'change': True}
2025-06-29 07:43:41,208 : INFO : EventManager : Event: ======'machine_var_audits_missing_switches_s_left_slingshot'====== Args={'value': 6, 'prev_value': None, 'change': True}
2025-06-29 07:43:41,208 : INFO : EventManager : Event: ======'machine_var_audits_missing_switches_s_pop1'====== Args={'value': 17, 'prev_value': None, 'change': True}
2025-06-29 07:43:41,209 : INFO : EventManager : Event: ======'machine_var_audits_missing_switches_s_pop2'====== Args={'value': 17, 'prev_value': None, 'change': True}
2025-06-29 07:43:41,209 : INFO : EventManager : Event: ======'machine_var_audits_missing_switches_s_pop3'====== Args={'value': 17, 'prev_value': None, 'change': True}
2025-06-29 07:43:41,209 : INFO : EventManager : Event: ======'machine_var_audits_missing_switches_s_pop4'====== Args={'value': 6, 'prev_value': None, 'change': True}
2025-06-29 07:43:41,210 : INFO : EventManager : Event: ======'machine_var_audits_missing_switches_s_pop5'====== Args={'value': 6, 'prev_value': None, 'change': True}
2025-06-29 07:43:41,210 : INFO : EventManager : Event: ======'machine_var_audits_missing_switches_s_right_flipper'====== Args={'value': 5, 'prev_value': None, 'change': True}
2025-06-29 07:43:41,211 : INFO : EventManager : Event: ======'machine_var_audits_missing_switches_s_right_inlane'====== Args={'value': 3, 'prev_value': None, 'change': True}
2025-06-29 07:43:41,211 : INFO : EventManager : Event: ======'machine_var_audits_missing_switches_s_right_outlane'====== Args={'value': 10, 'prev_value': None, 'change': True}
2025-06-29 07:43:41,211 : INFO : EventManager : Event: ======'machine_var_audits_missing_switches_s_right_slingshot'====== Args={'value': 6, 'prev_value': None, 'change': True}
2025-06-29 07:43:41,212 : INFO : EventManager : Event: ======'machine_var_audits_missing_switches_s_startButton'====== Args={'value': 6, 'prev_value': None, 'change': True}
2025-06-29 07:43:41,212 : INFO : EventManager : Event: ======'machine_var_audits_missing_switches_s_trough1'====== Args={'value': 3, 'prev_value': None, 'change': True}
2025-06-29 07:43:41,213 : INFO : EventManager : Event: ======'machine_var_audits_missing_switches_s_trough2'====== Args={'value': 10, 'prev_value': None, 'change': True}
2025-06-29 07:43:41,213 : INFO : EventManager : Event: ======'machine_var_audits_missing_switches_s_trough3'====== Args={'value': 10, 'prev_value': None, 'change': True}
2025-06-29 07:43:41,214 : INFO : EventManager : Event: ======'machine_var_audits_missing_switches_s_trough4'====== Args={'value': 10, 'prev_value': None, 'change': True}
2025-06-29 07:43:41,214 : INFO : EventManager : Event: ======'machine_var_audits_missing_switches_s_trough5'====== Args={'value': 9, 'prev_value': None, 'change': True}
2025-06-29 07:43:41,215 : INFO : EventManager : Event: ======'machine_var_audits_player_score'====== Args={'value': {'average': 0, 'top': [0, 0, 0, 0, 0, 0, 0, 0, 0, 0], 'total': 53}, 'prev_value': None, 'change': True}
2025-06-29 07:43:41,215 : INFO : EventManager : Event: ======'machine_var_audits_switches_s_drop_bank1'====== Args={'value': 140, 'prev_value': None, 'change': True}
2025-06-29 07:43:41,217 : INFO : EventManager : Event: ======'machine_var_audits_switches_s_left_flipper'====== Args={'value': 2284, 'prev_value': None, 'change': True}
2025-06-29 07:43:41,218 : INFO : EventManager : Event: ======'machine_var_audits_switches_s_left_inlane1'====== Args={'value': 2, 'prev_value': None, 'change': True}
2025-06-29 07:43:41,218 : INFO : EventManager : Event: ======'machine_var_audits_switches_s_left_inlane2'====== Args={'value': 2, 'prev_value': None, 'change': True}
2025-06-29 07:43:41,219 : INFO : EventManager : Event: ======'machine_var_audits_switches_s_left_outlane'====== Args={'value': 0, 'prev_value': None, 'change': True}
2025-06-29 07:43:41,220 : INFO : EventManager : Event: ======'machine_var_audits_switches_s_left_slingshot'====== Args={'value': 295, 'prev_value': None, 'change': True}
2025-06-29 07:43:41,220 : INFO : EventManager : Event: ======'machine_var_audits_switches_s_plunger'====== Args={'value': 5, 'prev_value': None, 'change': True}
2025-06-29 07:43:41,221 : INFO : EventManager : Event: ======'machine_var_audits_switches_s_pop1'====== Args={'value': 0, 'prev_value': None, 'change': True}
2025-06-29 07:43:41,221 : INFO : EventManager : Event: ======'machine_var_audits_switches_s_pop2'====== Args={'value': 0, 'prev_value': None, 'change': True}
2025-06-29 07:43:41,221 : INFO : EventManager : Event: ======'machine_var_audits_switches_s_pop3'====== Args={'value': 0, 'prev_value': None, 'change': True}
2025-06-29 07:43:41,222 : INFO : EventManager : Event: ======'machine_var_audits_switches_s_pop4'====== Args={'value': 3, 'prev_value': None, 'change': True}
2025-06-29 07:43:41,222 : INFO : EventManager : Event: ======'machine_var_audits_switches_s_pop5'====== Args={'value': 3, 'prev_value': None, 'change': True}
2025-06-29 07:43:41,223 : INFO : EventManager : Event: ======'machine_var_audits_switches_s_pop_bot'====== Args={'value': 426, 'prev_value': None, 'change': True}
2025-06-29 07:43:41,223 : INFO : EventManager : Event: ======'machine_var_audits_switches_s_pop_mid'====== Args={'value': 351, 'prev_value': None, 'change': True}
2025-06-29 07:43:41,224 : INFO : EventManager : Event: ======'machine_var_audits_switches_s_pop_top'====== Args={'value': 302, 'prev_value': None, 'change': True}
2025-06-29 07:43:41,225 : INFO : EventManager : Event: ======'machine_var_audits_switches_s_right_flipper'====== Args={'value': 2339, 'prev_value': None, 'change': True}
2025-06-29 07:43:41,225 : INFO : EventManager : Event: ======'machine_var_audits_switches_s_right_inlane'====== Args={'value': 66, 'prev_value': None, 'change': True}
2025-06-29 07:43:41,226 : INFO : EventManager : Event: ======'machine_var_audits_switches_s_right_outlane'====== Args={'value': 0, 'prev_value': None, 'change': True}
2025-06-29 07:43:41,226 : INFO : EventManager : Event: ======'machine_var_audits_switches_s_right_slingshot'====== Args={'value': 258, 'prev_value': None, 'change': True}
2025-06-29 07:43:41,227 : INFO : EventManager : Event: ======'machine_var_audits_switches_s_scoop_center'====== Args={'value': 2, 'prev_value': None, 'change': True}
2025-06-29 07:43:41,227 : INFO : EventManager : Event: ======'machine_var_audits_switches_s_scoop_lower'====== Args={'value': 220, 'prev_value': None, 'change': True}
2025-06-29 07:43:41,227 : INFO : EventManager : Event: ======'machine_var_audits_switches_s_scoop_right'====== Args={'value': 1, 'prev_value': None, 'change': True}
2025-06-29 07:43:41,228 : INFO : EventManager : Event: ======'machine_var_audits_switches_s_shooter_lane'====== Args={'value': 15, 'prev_value': None, 'change': True}
2025-06-29 07:43:41,228 : INFO : EventManager : Event: ======'machine_var_audits_switches_s_startButton'====== Args={'value': 35, 'prev_value': None, 'change': True}
2025-06-29 07:43:41,228 : INFO : EventManager : Event: ======'machine_var_audits_switches_s_trough1'====== Args={'value': 316, 'prev_value': None, 'change': True}
2025-06-29 07:43:41,229 : INFO : EventManager : Event: ======'machine_var_audits_switches_s_trough2'====== Args={'value': 1, 'prev_value': None, 'change': True}
2025-06-29 07:43:41,229 : INFO : EventManager : Event: ======'machine_var_audits_switches_s_trough3'====== Args={'value': 1, 'prev_value': None, 'change': True}
2025-06-29 07:43:41,229 : INFO : EventManager : Event: ======'machine_var_audits_switches_s_trough4'====== Args={'value': 1, 'prev_value': None, 'change': True}
2025-06-29 07:43:41,230 : INFO : EventManager : Event: ======'machine_var_audits_switches_s_trough5'====== Args={'value': 1, 'prev_value': None, 'change': True}
2025-06-29 07:43:41,231 : INFO : EventManager : Event: ======'init_phase_5'====== Args={}
2025-06-29 07:43:41,235 : INFO : EventManager : Event: ======'init_done'====== Args={}
2025-06-29 07:43:41,236 : INFO : EventManager : Event: ======'machine_reset_phase_1'====== Args={}
2025-06-29 07:43:41,254 : INFO : EventManager : Event: ======'machine_reset_phase_2'====== Args={}
2025-06-29 07:43:41,255 : INFO : EventManager : Event: ======'machine_reset_phase_3'====== Args={}
2025-06-29 07:43:41,258 : INFO : EventManager : Event: ======'reset_complete'====== Args={}
2025-06-29 07:43:41,258 : INFO : EventManager : Event: ======'mode_attract_will_start'====== Args={}
2025-06-29 07:43:41,259 : INFO : EventManager : Event: ======'mode_attract_starting'====== Args={}
2025-06-29 07:43:41,259 : INFO : Mode.attract : Started. Priority: 10
2025-06-29 07:43:41,259 : INFO : EventManager : Event: ======'modes_active_modes_changed'====== Args={}
2025-06-29 07:43:41,259 : INFO : EventManager : Event: ======'mode_attract_started'====== Args={}
2025-06-29 07:43:41,260 : INFO : EventManager : Event: ======'collecting_balls_complete'====== Args={}
2025-06-29 07:43:41,271 : INFO : EventManager : Event: ======'slide_attract_image_slide_created'====== Args={'_from_bcp': True}
2025-06-29 07:43:41,271 : INFO : EventManager : Event: ======'slide_attract_image_slide_active'====== Args={'_from_bcp': True}
2025-06-29 07:43:41,272 : INFO : Machine : Starting the main run loop with active modes: [<Mode.attract>]
2025-06-29 07:43:41,274 : WARNING : OPP : Chain: 0Msg contains bad CRC:  0x22 0x19 0x00 0x24 0x0a 0x00 0x24 0x0a 0x00 0xff 0x20.
2025-06-29 07:43:53,898 : INFO : Machine : Shutting down...
2025-06-29 07:43:53,899 : INFO : EventManager : Event: ======'shutdown'====== Args={}
2025-06-29 07:43:53,901 : ERROR : OPP : Stop called on serial connection com4
2025-06-29 07:43:53,906 : ERROR : OPP : Stop called on serial connection com3
2025-06-29 07:43:53,906 : ERROR : asyncio : Exception in callback Util.raise_exceptions(<Task finishe...ection lost')>) at C:\Users\ruben\AppData\Local\Programs\Python\Python39\lib\site-packages\mpf\core\utility_functions.py:790
handle: <Handle Util.raise_exceptions(<Task finishe...ection lost')>) at C:\Users\ruben\AppData\Local\Programs\Python\Python39\lib\site-packages\mpf\core\utility_functions.py:790>
Traceback (most recent call last):
  File "C:\Users\ruben\AppData\Local\Programs\Python\Python39\lib\asyncio\events.py", line 80, in _run
    self._context.run(self._callback, *self._args)
  File "C:\Users\ruben\AppData\Local\Programs\Python\Python39\lib\site-packages\mpf\core\utility_functions.py", line 798, in raise_exceptions
    future.result()
  File "C:\Users\ruben\AppData\Local\Programs\Python\Python39\lib\site-packages\mpf\platforms\opp\opp.py", line 971, in _poll_sender
    await self.opp_connection[chain_serial].writer.drain()
  File "C:\Users\ruben\AppData\Local\Programs\Python\Python39\lib\asyncio\streams.py", line 387, in drain
    await self._protocol._drain_helper()
  File "C:\Users\ruben\AppData\Local\Programs\Python\Python39\lib\asyncio\streams.py", line 190, in _drain_helper
    raise ConnectionResetError('Connection lost')
ConnectionResetError: Connection lost
2025-06-29 07:43:53,943 : INFO : root : MPF run loop ended.
