2025-06-29 21:27:47,002 : INFO : root : Loading config.
2025-06-29 21:27:47,003 : INFO : YamlMultifileConfigLoader : Machine config file #1: config.yaml
2025-06-29 21:27:47,004 : INFO : ConfigProcessor : Loading config from cache: /var/folders/9g/7xjb17l959g1fnq4pjl5c5p80000gn/T/1941ac2cbc7f60a15b77e866ee64bff5.mpf_cache
2025-06-29 21:27:47,022 : INFO : ConfigProcessor : Loading config from cache: /var/folders/9g/7xjb17l959g1fnq4pjl5c5p80000gn/T/f574f59b1e0fcbb2258348220f26b9cc.mpf_cache
2025-06-29 21:27:47,022 : INFO : ConfigProcessor : Loading config from cache: /var/folders/9g/7xjb17l959g1fnq4pjl5c5p80000gn/T/edcc5f1d3215b377c9faab88c62e4ce0.mpf_cache
2025-06-29 21:27:47,022 : INFO : ConfigProcessor : Loading config from cache: /var/folders/9g/7xjb17l959g1fnq4pjl5c5p80000gn/T/174d451d321a0971202b746018364536.mpf_cache
2025-06-29 21:27:47,023 : INFO : ConfigProcessor : Loading config from cache: /var/folders/9g/7xjb17l959g1fnq4pjl5c5p80000gn/T/f574f59b1e0fcbb2258348220f26b9cc.mpf_cache
2025-06-29 21:27:47,023 : INFO : ConfigProcessor : Loading config from cache: /var/folders/9g/7xjb17l959g1fnq4pjl5c5p80000gn/T/582a7120a53d78d989231a5d7683c810.mpf_cache
2025-06-29 21:27:47,023 : WARNING : ConfigProcessor : Config file in cache changed: /Users/ruben/Pinball/mpf-pinball/modes/attract/shows/./lane_left_attract_show_2.yaml
2025-06-29 21:27:47,023 : INFO : ConfigProcessor : Loading config from file /Users/ruben/Pinball/mpf-pinball/modes/attract/shows/./lane_left_attract_show_2.yaml.
2025-06-29 21:27:47,024 : INFO : ConfigProcessor : Loading config: /Users/ruben/Pinball/mpf-pinball/modes/attract/shows/./lane_left_attract_show_2.yaml
2025-06-29 21:27:47,025 : INFO : ConfigProcessor : Config file cache created: /var/folders/9g/7xjb17l959g1fnq4pjl5c5p80000gn/T/07dacdd8f13527fd10d0485d3faf338c.mpf_cache
2025-06-29 21:27:47,025 : INFO : ConfigProcessor : Loading config from cache: /var/folders/9g/7xjb17l959g1fnq4pjl5c5p80000gn/T/28e98af730e077ff4855d107c7cccd38.mpf_cache
2025-06-29 21:27:47,025 : INFO : ConfigProcessor : Loading config from cache: /var/folders/9g/7xjb17l959g1fnq4pjl5c5p80000gn/T/60fe1f8fc49016c2b454880842844885.mpf_cache
2025-06-29 21:27:47,025 : INFO : ConfigProcessor : Loading config from cache: /var/folders/9g/7xjb17l959g1fnq4pjl5c5p80000gn/T/5687b0aa1e3fbb14a73f3c4ee9bb8491.mpf_cache
2025-06-29 21:27:47,025 : INFO : ConfigProcessor : Loading config from cache: /var/folders/9g/7xjb17l959g1fnq4pjl5c5p80000gn/T/22167e30a1dc6dc96e4b5d51c380ed43.mpf_cache
2025-06-29 21:27:47,026 : INFO : Machine : Mission Pinball Framework Core Engine v0.57.3
2025-06-29 21:27:47,026 : INFO : Machine : Command line arguments: {'no_load_cache': False, 'create_config_cache': True, 'bcp': True, 'configfile': ['config.yaml'], 'force_assets_load': False, 'platform_integration_test': False, 'jsonlogging': False, 'logfile': 'logs/2025-06-29-21-27-47-mpf-macbookpro-1.home.log', 'pause': False, 'production': False, 'text_ui': True, 'loglevel': 15, 'consoleloglevel': 20, 'force_platform': 'smart_virtual', 'syslog_address': None, 'mc_file_name': None, 'no_sound': False}
2025-06-29 21:27:47,026 : INFO : Machine : MPF path: /Library/Frameworks/Python.framework/Versions/3.9/lib/python3.9/site-packages/mpf
2025-06-29 21:27:47,026 : INFO : Machine : Machine path: /Users/ruben/Pinball/mpf-pinball
2025-06-29 21:27:47,026 : INFO : Machine : Platform: darwin
2025-06-29 21:27:47,026 : INFO : Machine : Python executable location: /Library/Frameworks/Python.framework/Versions/3.9/bin/python3.9
2025-06-29 21:27:47,026 : INFO : Machine : Python version: 3.9.13 (64-bit)
2025-06-29 21:27:47,026 : INFO : Machine : Initializing MPF...
2025-06-29 21:27:47,042 : INFO : EventManager : Event: ======'machine_var_credits_string'====== Args={'value': 'FREE PLAY', 'prev_value': None, 'change': True}
2025-06-29 21:27:47,056 : INFO : EventManager : Event: ======'machine_var_master_volume'====== Args={'value': 0.5, 'prev_value': None, 'change': True}
2025-06-29 21:27:47,056 : INFO : EventManager : Event: ======'machine_var_player1_score'====== Args={'value': 0, 'prev_value': None, 'change': True}
2025-06-29 21:27:47,056 : INFO : EventManager : Event: ======'machine_var_mpf_version'====== Args={'value': 'Mission Pinball Framework v0.57.3', 'prev_value': None, 'change': True}
2025-06-29 21:27:47,056 : INFO : EventManager : Event: ======'machine_var_mpf_extended_version'====== Args={'value': 'Mission Pinball Framework v0.57.3, Config version:6, Show version: 6, BCP version:1.1', 'prev_value': None, 'change': True}
2025-06-29 21:27:47,056 : INFO : EventManager : Event: ======'machine_var_python_version'====== Args={'value': '3.9.13', 'prev_value': None, 'change': True}
2025-06-29 21:27:47,064 : INFO : EventManager : Event: ======'machine_var_platform'====== Args={'value': 'macOS-15.5-arm64-arm-64bit', 'prev_value': None, 'change': True}
2025-06-29 21:27:47,065 : INFO : EventManager : Event: ======'machine_var_platform_system'====== Args={'value': 'Darwin', 'prev_value': None, 'change': True}
2025-06-29 21:27:47,065 : INFO : EventManager : Event: ======'machine_var_platform_release'====== Args={'value': '24.5.0', 'prev_value': None, 'change': True}
2025-06-29 21:27:47,065 : INFO : EventManager : Event: ======'machine_var_platform_version'====== Args={'value': 'Darwin Kernel Version 24.5.0: Tue Apr 22 19:54:49 PDT 2025; root:xnu-11417.121.6~2/RELEASE_ARM64_T6000', 'prev_value': None, 'change': True}
2025-06-29 21:27:47,065 : INFO : EventManager : Event: ======'machine_var_platform_machine'====== Args={'value': 'arm64', 'prev_value': None, 'change': True}
2025-06-29 21:27:47,065 : INFO : EventManager : Event: ======'init_phase_1'====== Args={}
2025-06-29 21:27:47,074 : INFO : EventManager : Event: ======'init_phase_2'====== Args={}
2025-06-29 21:27:47,076 : INFO : EventManager : Event: ======'bcp_connection_attempt'====== Args={'name': 'local_display', 'host': 'localhost', 'port': 5050}
2025-06-29 21:27:47,077 : INFO : BCPClientSocket : Connecting BCP to 'local_display' at localhost:5050...
2025-06-29 21:27:48,100 : INFO : BCPClientSocket : Connected BCP to 'local_display' localhost:5050
2025-06-29 21:27:48,101 : INFO : EventManager : Event: ======'bcp_clients_connected'====== Args={}
2025-06-29 21:27:48,102 : INFO : ball_device.bd_trough : BCH: Initial count: 0
2025-06-29 21:27:48,102 : INFO : ball_device.bd_trough : State: idle
2025-06-29 21:27:48,106 : INFO : EventManager : Event: ======'init_phase_3'====== Args={}
2025-06-29 21:27:48,107 : ERROR : asyncio : Exception in callback EventManager._queue_task_done(<Task finishe...color 200ms')>)
handle: <Handle EventManager._queue_task_done(<Task finishe...color 200ms')>)>
Traceback (most recent call last):
  File "/Library/Frameworks/Python.framework/Versions/3.9/lib/python3.9/site-packages/mpf/config_players/light_player.py", line 122, in _convert_color
    color = RGBColor(color)
  File "/Library/Frameworks/Python.framework/Versions/3.9/lib/python3.9/site-packages/mpf/core/rgb_color.py", line 177, in __init__
    self._color = RGBColor.string_to_rgb(color)
  File "/Library/Frameworks/Python.framework/Versions/3.9/lib/python3.9/site-packages/mpf/core/rgb_color.py", line 420, in string_to_rgb
    raise ColorException("Invalid RGB string: {}".format(value))
mpf.core.rgb_color.ColorException: Invalid RGB string: 200ms

The above exception was the direct cause of the following exception:

Traceback (most recent call last):
  File "/Library/Frameworks/Python.framework/Versions/3.9/lib/python3.9/asyncio/events.py", line 80, in _run
    self._context.run(self._callback, *self._args)
  File "/Library/Frameworks/Python.framework/Versions/3.9/lib/python3.9/site-packages/mpf/core/events.py", line 795, in _queue_task_done
    future.result()
  File "/Library/Frameworks/Python.framework/Versions/3.9/lib/python3.9/site-packages/mpf/core/events.py", line 708, in _run_handlers_sequential
    handler.callback(queue=queue, **merged_kwargs)
  File "/Library/Frameworks/Python.framework/Versions/3.9/lib/python3.9/site-packages/mpf/core/show_controller.py", line 53, in _load_shows
    self.machine.shows[show_name].load(show_config)
  File "/Library/Frameworks/Python.framework/Versions/3.9/lib/python3.9/site-packages/mpf/assets/show.py", line 171, in load
    self._process_step_actions(step, actions)
  File "/Library/Frameworks/Python.framework/Versions/3.9/lib/python3.9/site-packages/mpf/assets/show.py", line 201, in _process_step_actions
    raise e
  File "/Library/Frameworks/Python.framework/Versions/3.9/lib/python3.9/site-packages/mpf/assets/show.py", line 197, in _process_step_actions
    self.machine.show_controller.show_players[key].validate_config_entry(value, self.name)
  File "/Library/Frameworks/Python.framework/Versions/3.9/lib/python3.9/site-packages/mpf/config_players/device_config_player.py", line 56, in validate_config_entry
    raise e
  File "/Library/Frameworks/Python.framework/Versions/3.9/lib/python3.9/site-packages/mpf/config_players/device_config_player.py", line 52, in validate_config_entry
    self._validate_config_item(device, device_settings))
  File "/Library/Frameworks/Python.framework/Versions/3.9/lib/python3.9/site-packages/mpf/config_players/device_config_player.py", line 83, in _validate_config_item
    raise e
  File "/Library/Frameworks/Python.framework/Versions/3.9/lib/python3.9/site-packages/mpf/config_players/device_config_player.py", line 80, in _validate_config_item
    device_settings = self._expand_device_config(device_settings)
  File "/Library/Frameworks/Python.framework/Versions/3.9/lib/python3.9/site-packages/mpf/config_players/light_player.py", line 133, in _expand_device_config
    device_settings['color'] = self._convert_color(color)
  File "/Library/Frameworks/Python.framework/Versions/3.9/lib/python3.9/site-packages/mpf/config_players/light_player.py", line 124, in _convert_color
    self.raise_config_error("Invalid color {}".format(color), 1, source_exception=e, context=context)
  File "/Library/Frameworks/Python.framework/Versions/3.9/lib/python3.9/site-packages/mpf/core/logging.py", line 174, in raise_config_error
    raise ConfigFileError(msg, error_no, self.log.name if self.log else "", context, self._url_base) \
mpf.exceptions.config_file_error.ConfigFileError: Config File Error in light_player: Show "lane_left_attract_show_3" >> Failed to load config player lane_left_attract_show_3:lights with settings {'led_left_inlane_1': 'white', 'fade': '200ms'} >> Failed to expand entry "fade". >> Invalid color 200ms Error Code: CFE-light_player-1 (https://missionpinball.org/logs)
2025-06-29 21:27:48,108 : INFO : Machine : Starting the main run loop with active modes: []
2025-06-29 21:27:48,108 : WARNING : Machine : Attract mode is not active, game will not be playable. Please check your attract mode configuration.
2025-06-29 21:27:48,108 : INFO : Machine : Shutting down...
2025-06-29 21:27:48,109 : INFO : EventManager : Event: ======'shutdown'====== Args={}
2025-06-29 21:27:49,111 : ERROR : Machine : Runtime Exception
Traceback (most recent call last):
  File "/Library/Frameworks/Python.framework/Versions/3.9/lib/python3.9/site-packages/mpf/config_players/light_player.py", line 122, in _convert_color
    color = RGBColor(color)
  File "/Library/Frameworks/Python.framework/Versions/3.9/lib/python3.9/site-packages/mpf/core/rgb_color.py", line 177, in __init__
    self._color = RGBColor.string_to_rgb(color)
  File "/Library/Frameworks/Python.framework/Versions/3.9/lib/python3.9/site-packages/mpf/core/rgb_color.py", line 420, in string_to_rgb
    raise ColorException("Invalid RGB string: {}".format(value))
mpf.core.rgb_color.ColorException: Invalid RGB string: 200ms

The above exception was the direct cause of the following exception:

Traceback (most recent call last):
  File "/Library/Frameworks/Python.framework/Versions/3.9/lib/python3.9/site-packages/mpf/core/machine.py", line 808, in _run_loop
    raise self._exception['exception']
  File "/Library/Frameworks/Python.framework/Versions/3.9/lib/python3.9/asyncio/events.py", line 80, in _run
    self._context.run(self._callback, *self._args)
  File "/Library/Frameworks/Python.framework/Versions/3.9/lib/python3.9/site-packages/mpf/core/events.py", line 795, in _queue_task_done
    future.result()
  File "/Library/Frameworks/Python.framework/Versions/3.9/lib/python3.9/site-packages/mpf/core/events.py", line 708, in _run_handlers_sequential
    handler.callback(queue=queue, **merged_kwargs)
  File "/Library/Frameworks/Python.framework/Versions/3.9/lib/python3.9/site-packages/mpf/core/show_controller.py", line 53, in _load_shows
    self.machine.shows[show_name].load(show_config)
  File "/Library/Frameworks/Python.framework/Versions/3.9/lib/python3.9/site-packages/mpf/assets/show.py", line 171, in load
    self._process_step_actions(step, actions)
  File "/Library/Frameworks/Python.framework/Versions/3.9/lib/python3.9/site-packages/mpf/assets/show.py", line 201, in _process_step_actions
    raise e
  File "/Library/Frameworks/Python.framework/Versions/3.9/lib/python3.9/site-packages/mpf/assets/show.py", line 197, in _process_step_actions
    self.machine.show_controller.show_players[key].validate_config_entry(value, self.name)
  File "/Library/Frameworks/Python.framework/Versions/3.9/lib/python3.9/site-packages/mpf/config_players/device_config_player.py", line 56, in validate_config_entry
    raise e
  File "/Library/Frameworks/Python.framework/Versions/3.9/lib/python3.9/site-packages/mpf/config_players/device_config_player.py", line 52, in validate_config_entry
    self._validate_config_item(device, device_settings))
  File "/Library/Frameworks/Python.framework/Versions/3.9/lib/python3.9/site-packages/mpf/config_players/device_config_player.py", line 83, in _validate_config_item
    raise e
  File "/Library/Frameworks/Python.framework/Versions/3.9/lib/python3.9/site-packages/mpf/config_players/device_config_player.py", line 80, in _validate_config_item
    device_settings = self._expand_device_config(device_settings)
  File "/Library/Frameworks/Python.framework/Versions/3.9/lib/python3.9/site-packages/mpf/config_players/light_player.py", line 133, in _expand_device_config
    device_settings['color'] = self._convert_color(color)
  File "/Library/Frameworks/Python.framework/Versions/3.9/lib/python3.9/site-packages/mpf/config_players/light_player.py", line 124, in _convert_color
    self.raise_config_error("Invalid color {}".format(color), 1, source_exception=e, context=context)
  File "/Library/Frameworks/Python.framework/Versions/3.9/lib/python3.9/site-packages/mpf/core/logging.py", line 174, in raise_config_error
    raise ConfigFileError(msg, error_no, self.log.name if self.log else "", context, self._url_base) \
mpf.exceptions.config_file_error.ConfigFileError: Config File Error in light_player: Show "lane_left_attract_show_3" >> Failed to load config player lane_left_attract_show_3:lights with settings {'led_left_inlane_1': 'white', 'fade': '200ms'} >> Failed to expand entry "fade". >> Invalid color 200ms Error Code: CFE-light_player-1 (https://missionpinball.org/logs)
2025-06-29 21:28:14,257 : ERROR : root : Received second SIGINT. Will exit ungracefully!
Traceback (most recent call last):
  File "/Library/Frameworks/Python.framework/Versions/3.9/lib/python3.9/site-packages/mpf/config_players/light_player.py", line 122, in _convert_color
    color = RGBColor(color)
  File "/Library/Frameworks/Python.framework/Versions/3.9/lib/python3.9/site-packages/mpf/core/rgb_color.py", line 177, in __init__
    self._color = RGBColor.string_to_rgb(color)
  File "/Library/Frameworks/Python.framework/Versions/3.9/lib/python3.9/site-packages/mpf/core/rgb_color.py", line 420, in string_to_rgb
    raise ColorException("Invalid RGB string: {}".format(value))
mpf.core.rgb_color.ColorException: Invalid RGB string: 200ms

The above exception was the direct cause of the following exception:

Traceback (most recent call last):
  File "/Library/Frameworks/Python.framework/Versions/3.9/lib/python3.9/site-packages/mpf/core/machine.py", line 808, in _run_loop
    raise self._exception['exception']
  File "/Library/Frameworks/Python.framework/Versions/3.9/lib/python3.9/asyncio/events.py", line 80, in _run
    self._context.run(self._callback, *self._args)
  File "/Library/Frameworks/Python.framework/Versions/3.9/lib/python3.9/site-packages/mpf/core/events.py", line 795, in _queue_task_done
    future.result()
  File "/Library/Frameworks/Python.framework/Versions/3.9/lib/python3.9/site-packages/mpf/core/events.py", line 708, in _run_handlers_sequential
    handler.callback(queue=queue, **merged_kwargs)
  File "/Library/Frameworks/Python.framework/Versions/3.9/lib/python3.9/site-packages/mpf/core/show_controller.py", line 53, in _load_shows
    self.machine.shows[show_name].load(show_config)
  File "/Library/Frameworks/Python.framework/Versions/3.9/lib/python3.9/site-packages/mpf/assets/show.py", line 171, in load
    self._process_step_actions(step, actions)
  File "/Library/Frameworks/Python.framework/Versions/3.9/lib/python3.9/site-packages/mpf/assets/show.py", line 201, in _process_step_actions
    raise e
  File "/Library/Frameworks/Python.framework/Versions/3.9/lib/python3.9/site-packages/mpf/assets/show.py", line 197, in _process_step_actions
    self.machine.show_controller.show_players[key].validate_config_entry(value, self.name)
  File "/Library/Frameworks/Python.framework/Versions/3.9/lib/python3.9/site-packages/mpf/config_players/device_config_player.py", line 56, in validate_config_entry
    raise e
  File "/Library/Frameworks/Python.framework/Versions/3.9/lib/python3.9/site-packages/mpf/config_players/device_config_player.py", line 52, in validate_config_entry
    self._validate_config_item(device, device_settings))
  File "/Library/Frameworks/Python.framework/Versions/3.9/lib/python3.9/site-packages/mpf/config_players/device_config_player.py", line 83, in _validate_config_item
    raise e
  File "/Library/Frameworks/Python.framework/Versions/3.9/lib/python3.9/site-packages/mpf/config_players/device_config_player.py", line 80, in _validate_config_item
    device_settings = self._expand_device_config(device_settings)
  File "/Library/Frameworks/Python.framework/Versions/3.9/lib/python3.9/site-packages/mpf/config_players/light_player.py", line 133, in _expand_device_config
    device_settings['color'] = self._convert_color(color)
  File "/Library/Frameworks/Python.framework/Versions/3.9/lib/python3.9/site-packages/mpf/config_players/light_player.py", line 124, in _convert_color
    self.raise_config_error("Invalid color {}".format(color), 1, source_exception=e, context=context)
  File "/Library/Frameworks/Python.framework/Versions/3.9/lib/python3.9/site-packages/mpf/core/logging.py", line 174, in raise_config_error
    raise ConfigFileError(msg, error_no, self.log.name if self.log else "", context, self._url_base) \
mpf.exceptions.config_file_error.ConfigFileError: Config File Error in light_player: Show "lane_left_attract_show_3" >> Failed to load config player lane_left_attract_show_3:lights with settings {'led_left_inlane_1': 'white', 'fade': '200ms'} >> Failed to expand entry "fade". >> Invalid color 200ms Error Code: CFE-light_player-1 (https://missionpinball.org/logs)
