2025-07-06 17:05:46,409 : INFO : root : Loading config.
2025-07-06 17:05:46,410 : INFO : YamlMultifileConfigLoader : Machine config file #1: config.yaml
2025-07-06 17:05:46,411 : INFO : ConfigProcessor : Loading config from cache: /var/folders/9g/7xjb17l959g1fnq4pjl5c5p80000gn/T/1941ac2cbc7f60a15b77e866ee64bff5.mpf_cache
2025-07-06 17:05:46,430 : INFO : ConfigProcessor : Loading config from cache: /var/folders/9g/7xjb17l959g1fnq4pjl5c5p80000gn/T/f574f59b1e0fcbb2258348220f26b9cc.mpf_cache
2025-07-06 17:05:46,430 : INFO : ConfigProcessor : Loading config from cache: /var/folders/9g/7xjb17l959g1fnq4pjl5c5p80000gn/T/edcc5f1d3215b377c9faab88c62e4ce0.mpf_cache
2025-07-06 17:05:46,430 : INFO : ConfigProcessor : Loading config from cache: /var/folders/9g/7xjb17l959g1fnq4pjl5c5p80000gn/T/174d451d321a0971202b746018364536.mpf_cache
2025-07-06 17:05:46,430 : INFO : ConfigProcessor : Loading config from cache: /var/folders/9g/7xjb17l959g1fnq4pjl5c5p80000gn/T/f574f59b1e0fcbb2258348220f26b9cc.mpf_cache
2025-07-06 17:05:46,431 : WARNING : ConfigProcessor : Config file in cache changed: /Users/ruben/Pinball/mpf-pinball/modes/grave_targets/config/grave_targets.yaml
2025-07-06 17:05:46,431 : INFO : ConfigProcessor : Loading config from file /Users/ruben/Pinball/mpf-pinball/modes/grave_targets/config/grave_targets.yaml.
2025-07-06 17:05:46,432 : INFO : ConfigProcessor : Loading config: /Users/ruben/Pinball/mpf-pinball/modes/grave_targets/config/grave_targets.yaml
2025-07-06 17:05:46,432 : INFO : ConfigProcessor : Config file cache created: /var/folders/9g/7xjb17l959g1fnq4pjl5c5p80000gn/T/c284941e722380023d767d5e99e91837.mpf_cache
2025-07-06 17:05:46,433 : INFO : ConfigProcessor : Loading config from cache: /var/folders/9g/7xjb17l959g1fnq4pjl5c5p80000gn/T/eb471d6ccb0819d362663d6a8f2acf38.mpf_cache
2025-07-06 17:05:46,433 : INFO : ConfigProcessor : Loading config from cache: /var/folders/9g/7xjb17l959g1fnq4pjl5c5p80000gn/T/d59102b8edab9d29c936bc5103c31ce3.mpf_cache
2025-07-06 17:05:46,433 : INFO : ConfigProcessor : Loading config from cache: /var/folders/9g/7xjb17l959g1fnq4pjl5c5p80000gn/T/47fef8a1453daf1c032af9b266173dc7.mpf_cache
2025-07-06 17:05:46,433 : INFO : ConfigProcessor : Loading config from cache: /var/folders/9g/7xjb17l959g1fnq4pjl5c5p80000gn/T/099d4b18c0884da431b87dd690bf4c32.mpf_cache
2025-07-06 17:05:46,433 : INFO : ConfigProcessor : Loading config from cache: /var/folders/9g/7xjb17l959g1fnq4pjl5c5p80000gn/T/598981ad252bde5d57763e28fc8e8246.mpf_cache
2025-07-06 17:05:46,433 : INFO : ConfigProcessor : Loading config from cache: /var/folders/9g/7xjb17l959g1fnq4pjl5c5p80000gn/T/7d84a1dad0271550171325475a6e1af4.mpf_cache
2025-07-06 17:05:46,434 : INFO : ConfigProcessor : Loading config from cache: /var/folders/9g/7xjb17l959g1fnq4pjl5c5p80000gn/T/f238ae40b962a84c30d7301a20ca1dae.mpf_cache
2025-07-06 17:05:46,434 : INFO : ConfigProcessor : Loading config from cache: /var/folders/9g/7xjb17l959g1fnq4pjl5c5p80000gn/T/a93e216f51b341135614380ce5b2c95b.mpf_cache
2025-07-06 17:05:46,434 : INFO : ConfigProcessor : Loading config from cache: /var/folders/9g/7xjb17l959g1fnq4pjl5c5p80000gn/T/e915b2173a980311df13d8013999f00c.mpf_cache
2025-07-06 17:05:46,434 : INFO : ConfigProcessor : Loading config from cache: /var/folders/9g/7xjb17l959g1fnq4pjl5c5p80000gn/T/b77620ad9425e89373db73baff92c60d.mpf_cache
2025-07-06 17:05:46,434 : INFO : Machine : Mission Pinball Framework Core Engine v0.57.3
2025-07-06 17:05:46,434 : INFO : Machine : Command line arguments: {'no_load_cache': False, 'create_config_cache': True, 'bcp': True, 'configfile': ['config.yaml'], 'force_assets_load': False, 'platform_integration_test': False, 'jsonlogging': False, 'logfile': 'logs/2025-07-06-17-05-46-mpf-ruben.home.log', 'pause': False, 'production': False, 'text_ui': True, 'loglevel': 15, 'consoleloglevel': 20, 'force_platform': 'smart_virtual', 'syslog_address': None, 'mc_file_name': None, 'no_sound': False}
2025-07-06 17:05:46,434 : INFO : Machine : MPF path: /Library/Frameworks/Python.framework/Versions/3.9/lib/python3.9/site-packages/mpf
2025-07-06 17:05:46,434 : INFO : Machine : Machine path: /Users/ruben/Pinball/mpf-pinball
2025-07-06 17:05:46,434 : INFO : Machine : Platform: darwin
2025-07-06 17:05:46,434 : INFO : Machine : Python executable location: /Library/Frameworks/Python.framework/Versions/3.9/bin/python3.9
2025-07-06 17:05:46,434 : INFO : Machine : Python version: 3.9.13 (64-bit)
2025-07-06 17:05:46,435 : INFO : Machine : Initializing MPF...
2025-07-06 17:05:46,451 : INFO : EventManager : Event: ======'machine_var_credits_string'====== Args={'value': 'FREE PLAY', 'prev_value': None, 'change': True}
2025-07-06 17:05:46,466 : INFO : EventManager : Event: ======'machine_var_master_volume'====== Args={'value': 0.5, 'prev_value': None, 'change': True}
2025-07-06 17:05:46,466 : INFO : EventManager : Event: ======'machine_var_player1_score'====== Args={'value': 0, 'prev_value': None, 'change': True}
2025-07-06 17:05:46,466 : INFO : EventManager : Event: ======'machine_var_mpf_version'====== Args={'value': 'Mission Pinball Framework v0.57.3', 'prev_value': None, 'change': True}
2025-07-06 17:05:46,466 : INFO : EventManager : Event: ======'machine_var_mpf_extended_version'====== Args={'value': 'Mission Pinball Framework v0.57.3, Config version:6, Show version: 6, BCP version:1.1', 'prev_value': None, 'change': True}
2025-07-06 17:05:46,466 : INFO : EventManager : Event: ======'machine_var_python_version'====== Args={'value': '3.9.13', 'prev_value': None, 'change': True}
2025-07-06 17:05:46,474 : INFO : EventManager : Event: ======'machine_var_platform'====== Args={'value': 'macOS-15.5-arm64-arm-64bit', 'prev_value': None, 'change': True}
2025-07-06 17:05:46,474 : INFO : EventManager : Event: ======'machine_var_platform_system'====== Args={'value': 'Darwin', 'prev_value': None, 'change': True}
2025-07-06 17:05:46,474 : INFO : EventManager : Event: ======'machine_var_platform_release'====== Args={'value': '24.5.0', 'prev_value': None, 'change': True}
2025-07-06 17:05:46,474 : INFO : EventManager : Event: ======'machine_var_platform_version'====== Args={'value': 'Darwin Kernel Version 24.5.0: Tue Apr 22 19:54:49 PDT 2025; root:xnu-11417.121.6~2/RELEASE_ARM64_T6000', 'prev_value': None, 'change': True}
2025-07-06 17:05:46,474 : INFO : EventManager : Event: ======'machine_var_platform_machine'====== Args={'value': 'arm64', 'prev_value': None, 'change': True}
2025-07-06 17:05:46,474 : INFO : EventManager : Event: ======'init_phase_1'====== Args={}
2025-07-06 17:05:46,486 : INFO : EventManager : Event: ======'init_phase_2'====== Args={}
2025-07-06 17:05:46,489 : INFO : EventManager : Event: ======'bcp_connection_attempt'====== Args={'name': 'local_display', 'host': 'localhost', 'port': 5050}
2025-07-06 17:05:46,490 : INFO : BCPClientSocket : Connecting BCP to 'local_display' at localhost:5050...
2025-07-06 17:05:47,622 : INFO : BCPClientSocket : Connected BCP to 'local_display' localhost:5050
2025-07-06 17:05:47,622 : INFO : EventManager : Event: ======'bcp_clients_connected'====== Args={}
2025-07-06 17:05:47,624 : INFO : ball_device.bd_trough : BCH: Initial count: 0
2025-07-06 17:05:47,624 : INFO : ball_device.bd_trough : State: idle
2025-07-06 17:05:47,629 : INFO : EventManager : Event: ======'init_phase_3'====== Args={}
2025-07-06 17:05:47,629 : INFO : EventManager : Event: ======'machine_var_mc_version'====== Args={'value': 'MPF-MC v0.57.1', 'prev_value': None, 'change': True}
2025-07-06 17:05:47,629 : INFO : EventManager : Event: ======'machine_var_mc_extended_version'====== Args={'value': 'MPF-MC v0.57.1 (config_version=6, BCP v1.1,                      Requires MPF API compatibility v0.57.0 or newer)', 'prev_value': None, 'change': True}
2025-07-06 17:05:47,636 : INFO : EventManager : Event: ======'init_phase_4'====== Args={}
2025-07-06 17:05:47,641 : INFO : BallController : Initial balls found: 0
2025-07-06 17:05:47,642 : INFO : EventManager : Event: ======'machine_var_audits_events_game_ended'====== Args={'value': 53, 'prev_value': None, 'change': True}
2025-07-06 17:05:47,642 : INFO : EventManager : Event: ======'machine_var_audits_events_game_started'====== Args={'value': 180, 'prev_value': None, 'change': True}
2025-07-06 17:05:47,642 : INFO : EventManager : Event: ======'machine_var_audits_missing_switches_s_center_scoop'====== Args={'value': 28, 'prev_value': None, 'change': True}
2025-07-06 17:05:47,642 : INFO : EventManager : Event: ======'machine_var_audits_missing_switches_s_left_flipper'====== Args={'value': 80, 'prev_value': None, 'change': True}
2025-07-06 17:05:47,642 : INFO : EventManager : Event: ======'machine_var_audits_missing_switches_s_left_inlane_1'====== Args={'value': 30, 'prev_value': None, 'change': True}
2025-07-06 17:05:47,643 : INFO : EventManager : Event: ======'machine_var_audits_missing_switches_s_left_inlane_2'====== Args={'value': 30, 'prev_value': None, 'change': True}
2025-07-06 17:05:47,643 : INFO : EventManager : Event: ======'machine_var_audits_missing_switches_s_left_outlane'====== Args={'value': 30, 'prev_value': None, 'change': True}
2025-07-06 17:05:47,643 : INFO : EventManager : Event: ======'machine_var_audits_missing_switches_s_left_slingshot'====== Args={'value': 28, 'prev_value': None, 'change': True}
2025-07-06 17:05:47,643 : INFO : EventManager : Event: ======'machine_var_audits_missing_switches_s_pop1'====== Args={'value': 91, 'prev_value': None, 'change': True}
2025-07-06 17:05:47,643 : INFO : EventManager : Event: ======'machine_var_audits_missing_switches_s_pop2'====== Args={'value': 91, 'prev_value': None, 'change': True}
2025-07-06 17:05:47,643 : INFO : EventManager : Event: ======'machine_var_audits_missing_switches_s_pop3'====== Args={'value': 91, 'prev_value': None, 'change': True}
2025-07-06 17:05:47,643 : INFO : EventManager : Event: ======'machine_var_audits_missing_switches_s_pop4'====== Args={'value': 80, 'prev_value': None, 'change': True}
2025-07-06 17:05:47,643 : INFO : EventManager : Event: ======'machine_var_audits_missing_switches_s_pop5'====== Args={'value': 34, 'prev_value': None, 'change': True}
2025-07-06 17:05:47,643 : INFO : EventManager : Event: ======'machine_var_audits_missing_switches_s_right_flipper'====== Args={'value': 79, 'prev_value': None, 'change': True}
2025-07-06 17:05:47,643 : INFO : EventManager : Event: ======'machine_var_audits_missing_switches_s_right_inlane'====== Args={'value': 29, 'prev_value': None, 'change': True}
2025-07-06 17:05:47,643 : INFO : EventManager : Event: ======'machine_var_audits_missing_switches_s_right_outlane'====== Args={'value': 30, 'prev_value': None, 'change': True}
2025-07-06 17:05:47,643 : INFO : EventManager : Event: ======'machine_var_audits_missing_switches_s_right_scoop'====== Args={'value': 1, 'prev_value': None, 'change': True}
2025-07-06 17:05:47,644 : INFO : EventManager : Event: ======'machine_var_audits_missing_switches_s_right_slingshot'====== Args={'value': 28, 'prev_value': None, 'change': True}
2025-07-06 17:05:47,644 : INFO : EventManager : Event: ======'machine_var_audits_missing_switches_s_startButton'====== Args={'value': 70, 'prev_value': None, 'change': True}
2025-07-06 17:05:47,644 : INFO : EventManager : Event: ======'machine_var_audits_missing_switches_s_trough1'====== Args={'value': 73, 'prev_value': None, 'change': True}
2025-07-06 17:05:47,644 : INFO : EventManager : Event: ======'machine_var_audits_missing_switches_s_trough2'====== Args={'value': 10, 'prev_value': None, 'change': True}
2025-07-06 17:05:47,644 : INFO : EventManager : Event: ======'machine_var_audits_missing_switches_s_trough3'====== Args={'value': 10, 'prev_value': None, 'change': True}
2025-07-06 17:05:47,644 : INFO : EventManager : Event: ======'machine_var_audits_missing_switches_s_trough4'====== Args={'value': 10, 'prev_value': None, 'change': True}
2025-07-06 17:05:47,644 : INFO : EventManager : Event: ======'machine_var_audits_missing_switches_s_trough5'====== Args={'value': 9, 'prev_value': None, 'change': True}
2025-07-06 17:05:47,644 : INFO : EventManager : Event: ======'machine_var_audits_player_score'====== Args={'value': {'average': 0, 'top': [0, 0, 0, 0, 0, 0, 0, 0, 0, 0], 'total': 53}, 'prev_value': None, 'change': True}
2025-07-06 17:05:47,645 : INFO : EventManager : Event: ======'machine_var_audits_shots_my_first_shot'====== Args={'value': 5, 'prev_value': None, 'change': True}
2025-07-06 17:05:47,645 : INFO : EventManager : Event: ======'machine_var_audits_shots_shot_right_inlane'====== Args={'value': 1, 'prev_value': None, 'change': True}
2025-07-06 17:05:47,645 : INFO : EventManager : Event: ======'machine_var_audits_shots_shot_right_scoop'====== Args={'value': 1158385, 'prev_value': None, 'change': True}
2025-07-06 17:05:47,645 : INFO : EventManager : Event: ======'machine_var_audits_shots_shot_target_g'====== Args={'value': 63, 'prev_value': None, 'change': True}
2025-07-06 17:05:47,646 : INFO : EventManager : Event: ======'machine_var_audits_shots_shot_target_r'====== Args={'value': 51, 'prev_value': None, 'change': True}
2025-07-06 17:05:47,646 : INFO : EventManager : Event: ======'machine_var_audits_switches_s_center_scoop'====== Args={'value': 4, 'prev_value': None, 'change': True}
2025-07-06 17:05:47,646 : INFO : EventManager : Event: ======'machine_var_audits_switches_s_drop_bank1'====== Args={'value': 140, 'prev_value': None, 'change': True}
2025-07-06 17:05:47,646 : INFO : EventManager : Event: ======'machine_var_audits_switches_s_left_flipper'====== Args={'value': 2284, 'prev_value': None, 'change': True}
2025-07-06 17:05:47,646 : INFO : EventManager : Event: ======'machine_var_audits_switches_s_left_inlane1'====== Args={'value': 2, 'prev_value': None, 'change': True}
2025-07-06 17:05:47,646 : INFO : EventManager : Event: ======'machine_var_audits_switches_s_left_inlane2'====== Args={'value': 2, 'prev_value': None, 'change': True}
2025-07-06 17:05:47,647 : INFO : EventManager : Event: ======'machine_var_audits_switches_s_left_inlane_1'====== Args={'value': 1, 'prev_value': None, 'change': True}
2025-07-06 17:05:47,647 : INFO : EventManager : Event: ======'machine_var_audits_switches_s_left_inlane_2'====== Args={'value': 2, 'prev_value': None, 'change': True}
2025-07-06 17:05:47,647 : INFO : EventManager : Event: ======'machine_var_audits_switches_s_left_outlane'====== Args={'value': 1, 'prev_value': None, 'change': True}
2025-07-06 17:05:47,647 : INFO : EventManager : Event: ======'machine_var_audits_switches_s_left_slingshot'====== Args={'value': 420, 'prev_value': None, 'change': True}
2025-07-06 17:05:47,647 : INFO : EventManager : Event: ======'machine_var_audits_switches_s_plunger'====== Args={'value': 5, 'prev_value': None, 'change': True}
2025-07-06 17:05:47,647 : INFO : EventManager : Event: ======'machine_var_audits_switches_s_pop1'====== Args={'value': 0, 'prev_value': None, 'change': True}
2025-07-06 17:05:47,647 : INFO : EventManager : Event: ======'machine_var_audits_switches_s_pop2'====== Args={'value': 0, 'prev_value': None, 'change': True}
2025-07-06 17:05:47,647 : INFO : EventManager : Event: ======'machine_var_audits_switches_s_pop3'====== Args={'value': 0, 'prev_value': None, 'change': True}
2025-07-06 17:05:47,648 : INFO : EventManager : Event: ======'machine_var_audits_switches_s_pop4'====== Args={'value': 3, 'prev_value': None, 'change': True}
2025-07-06 17:05:47,648 : INFO : EventManager : Event: ======'machine_var_audits_switches_s_pop5'====== Args={'value': 4, 'prev_value': None, 'change': True}
2025-07-06 17:05:47,648 : INFO : EventManager : Event: ======'machine_var_audits_switches_s_pop_bot'====== Args={'value': 426, 'prev_value': None, 'change': True}
2025-07-06 17:05:47,648 : INFO : EventManager : Event: ======'machine_var_audits_switches_s_pop_mid'====== Args={'value': 351, 'prev_value': None, 'change': True}
2025-07-06 17:05:47,649 : INFO : EventManager : Event: ======'machine_var_audits_switches_s_pop_top'====== Args={'value': 302, 'prev_value': None, 'change': True}
2025-07-06 17:05:47,649 : INFO : EventManager : Event: ======'machine_var_audits_switches_s_right_flipper'====== Args={'value': 2339, 'prev_value': None, 'change': True}
2025-07-06 17:05:47,649 : INFO : EventManager : Event: ======'machine_var_audits_switches_s_right_inlane'====== Args={'value': 88, 'prev_value': None, 'change': True}
2025-07-06 17:05:47,649 : INFO : EventManager : Event: ======'machine_var_audits_switches_s_right_outlane'====== Args={'value': 4, 'prev_value': None, 'change': True}
2025-07-06 17:05:47,649 : INFO : EventManager : Event: ======'machine_var_audits_switches_s_right_scoop'====== Args={'value': 202, 'prev_value': None, 'change': True}
2025-07-06 17:05:47,649 : INFO : EventManager : Event: ======'machine_var_audits_switches_s_right_slingshot'====== Args={'value': 367, 'prev_value': None, 'change': True}
2025-07-06 17:05:47,649 : INFO : EventManager : Event: ======'machine_var_audits_switches_s_scoop_center'====== Args={'value': 2, 'prev_value': None, 'change': True}
2025-07-06 17:05:47,650 : INFO : EventManager : Event: ======'machine_var_audits_switches_s_scoop_lower'====== Args={'value': 220, 'prev_value': None, 'change': True}
2025-07-06 17:05:47,650 : INFO : EventManager : Event: ======'machine_var_audits_switches_s_scoop_right'====== Args={'value': 1, 'prev_value': None, 'change': True}
2025-07-06 17:05:47,650 : INFO : EventManager : Event: ======'machine_var_audits_switches_s_shooter_lane'====== Args={'value': 15, 'prev_value': None, 'change': True}
2025-07-06 17:05:47,650 : INFO : EventManager : Event: ======'machine_var_audits_switches_s_startButton'====== Args={'value': 37, 'prev_value': None, 'change': True}
2025-07-06 17:05:47,650 : INFO : EventManager : Event: ======'machine_var_audits_switches_s_target_g'====== Args={'value': 67, 'prev_value': None, 'change': True}
2025-07-06 17:05:47,651 : INFO : EventManager : Event: ======'machine_var_audits_switches_s_target_r'====== Args={'value': 51, 'prev_value': None, 'change': True}
2025-07-06 17:05:47,651 : INFO : EventManager : Event: ======'machine_var_audits_switches_s_trough1'====== Args={'value': 318, 'prev_value': None, 'change': True}
2025-07-06 17:05:47,651 : INFO : EventManager : Event: ======'machine_var_audits_switches_s_trough2'====== Args={'value': 1, 'prev_value': None, 'change': True}
2025-07-06 17:05:47,651 : INFO : EventManager : Event: ======'machine_var_audits_switches_s_trough3'====== Args={'value': 1, 'prev_value': None, 'change': True}
2025-07-06 17:05:47,651 : INFO : EventManager : Event: ======'machine_var_audits_switches_s_trough4'====== Args={'value': 1, 'prev_value': None, 'change': True}
2025-07-06 17:05:47,652 : INFO : EventManager : Event: ======'machine_var_audits_switches_s_trough5'====== Args={'value': 1, 'prev_value': None, 'change': True}
2025-07-06 17:05:47,652 : INFO : EventManager : Event: ======'init_phase_5'====== Args={}
2025-07-06 17:05:47,655 : INFO : EventManager : Event: ======'init_done'====== Args={}
2025-07-06 17:05:47,655 : INFO : EventManager : Event: ======'machine_reset_phase_1'====== Args={}
2025-07-06 17:05:47,663 : INFO : EventManager : Event: ======'machine_reset_phase_2'====== Args={}
2025-07-06 17:05:47,663 : INFO : EventManager : Event: ======'machine_reset_phase_3'====== Args={}
2025-07-06 17:05:47,663 : INFO : EventManager : Event: ======'reset_complete'====== Args={}
2025-07-06 17:05:47,663 : INFO : EventManager : Event: ======'mode_attract_will_start'====== Args={}
2025-07-06 17:05:47,664 : INFO : EventManager : Event: ======'mode_attract_starting'====== Args={}
2025-07-06 17:05:47,664 : INFO : Mode.attract : Started. Priority: 10
2025-07-06 17:05:47,664 : INFO : EventManager : Event: ======'modes_active_modes_changed'====== Args={}
2025-07-06 17:05:47,664 : INFO : EventManager : Event: ======'mode_attract_started'====== Args={}
2025-07-06 17:05:47,664 : INFO : EventManager : Event: ======'collecting_balls_complete'====== Args={}
2025-07-06 17:05:47,664 : INFO : Machine : Starting the main run loop with active modes: [<Mode.attract>]
2025-07-06 17:05:47,678 : INFO : EventManager : Event: ======'slide_awesome_slide_created'====== Args={'_from_bcp': True}
2025-07-06 17:05:47,691 : INFO : EventManager : Event: ======'slide_awesome_slide_active'====== Args={'_from_bcp': True}
2025-07-06 17:05:48,091 : INFO : BcpServer : New client connected.
2025-07-06 17:05:50,686 : INFO : EventManager : Event: ======'slide_press_start_created'====== Args={'_from_bcp': True}
2025-07-06 17:05:50,702 : INFO : EventManager : Event: ======'slide_press_start_active'====== Args={'_from_bcp': True}
2025-07-06 17:05:51,643 : INFO : SwitchController : <<<<<<< 's_trough1' active >>>>>>>
2025-07-06 17:05:52,144 : INFO : EventManager : Event: ======'balldevice_bd_trough_ball_count_changed'====== Args={'balls': 1}
2025-07-06 17:05:52,144 : INFO : ball_device.bd_trough : Received unexpected ball
2025-07-06 17:05:52,145 : INFO : EventManager : Event: ======'balldevice_captured_from_playfield'====== Args={'balls': 1}
2025-07-06 17:05:52,145 : INFO : EventManager : Event: ======'sw_playfield_active'====== Args={'balls': 1}
2025-07-06 17:05:52,146 : INFO : EventManager : Event: ======'playfield_active'====== Args={'source': None}
2025-07-06 17:05:52,146 : INFO : EventManager : Event: ======'unexpected_ball_on_playfield'====== Args={}
2025-07-06 17:05:52,146 : INFO : EventManager : Event: ======'playfield_ball_count_change'====== Args={'balls': -1, 'change': -1}
2025-07-06 17:05:52,146 : INFO : EventManager : Event: ======'balldevice_playfield_ball_enter'====== Args={'new_balls': 1, 'unclaimed_balls': 1, 'device': <playfield.playfield>}
2025-07-06 17:05:52,147 : INFO : EventManager : Event: ======'playfield_ball_count_change'====== Args={'balls': 0, 'change': 1}
2025-07-06 17:05:52,147 : INFO : BallController : Found a new ball which was captured from playfield. Known balls: 1
2025-07-06 17:05:52,147 : INFO : EventManager : Event: ======'found_new_ball'====== Args={}
2025-07-06 17:05:52,147 : INFO : EventManager : Event: ======'balldevice_bd_trough_ball_enter'====== Args={'new_balls': 1, 'unclaimed_balls': 1, 'new_available_balls': 1, 'device': <ball_device.bd_trough>}
2025-07-06 17:05:52,148 : INFO : EventManager : Event: ======'ball_drain'====== Args={'device': <ball_device.bd_trough>, 'balls': 1}
2025-07-06 17:05:52,148 : INFO : EventManager : Event: ======'balldevice_balls_available'====== Args={}
2025-07-06 17:05:52,148 : INFO : EventManager : Event: ======'balldevice_bd_trough_ball_entered'====== Args={'new_balls': 1, 'device': <ball_device.bd_trough>}
2025-07-06 17:05:52,776 : INFO : SwitchController : <<<<<<< 's_startButton' active >>>>>>>
2025-07-06 17:05:52,888 : INFO : SwitchController : <<<<<<< 's_startButton' inactive >>>>>>>
2025-07-06 17:05:52,888 : INFO : EventManager : Event: ======'request_to_start_game'====== Args={}
2025-07-06 17:05:52,889 : INFO : EventManager : Event: ======'game_start'====== Args={'buttons': [], 'hold_time': 0.11226124999999954}
2025-07-06 17:05:52,890 : INFO : EventManager : Event: ======'mode_game_will_start'====== Args={'buttons': [], 'hold_time': 0.11226124999999954}
2025-07-06 17:05:52,891 : INFO : EventManager : Event: ======'mode_game_starting'====== Args={'buttons': [], 'hold_time': 0.11226124999999954}
2025-07-06 17:05:52,891 : INFO : EventManager : Event: ======'mode_attract_will_stop'====== Args={}
2025-07-06 17:05:52,891 : INFO : EventManager : Event: ======'mode_attract_stopping'====== Args={}
2025-07-06 17:05:52,892 : INFO : Mode.attract : Stopped.
2025-07-06 17:05:52,892 : INFO : EventManager : Event: ======'modes_active_modes_changed'====== Args={}
2025-07-06 17:05:52,893 : INFO : EventManager : Event: ======'mode_attract_stopped'====== Args={}
2025-07-06 17:05:52,893 : INFO : EventManager : Event: ======'clear'====== Args={'key': 'attract'}
2025-07-06 17:05:52,894 : INFO : Mode.game : Started. Priority: 20
2025-07-06 17:05:52,894 : INFO : EventManager : Event: ======'modes_active_modes_changed'====== Args={}
2025-07-06 17:05:52,894 : INFO : EventManager : Event: ======'mode_game_started'====== Args={'buttons': [], 'hold_time': 0.11226124999999954}
2025-07-06 17:05:52,895 : INFO : EventManager : Event: ======'game_will_start'====== Args={}
2025-07-06 17:05:52,895 : INFO : EventManager : Event: ======'game_starting'====== Args={'game': <Mode.game>}
2025-07-06 17:05:52,896 : INFO : EventManager : Unordered handler for class <Auditor> on event game_ended with priority 1. Handlers: [RegisteredHandler(callback=<bound method Auditor.disable of <Auditor>>, priority=1, kwargs={}, key=UUID('9134b408-ab7c-4625-8435-4b80072f183f'), condition=None, blocking_facility=None), RegisteredHandler(callback=<bound method Auditor._save_audits of <Auditor>>, priority=1, kwargs={}, key=UUID('7e385fcb-b040-4427-a4d2-9eba4b9e294d'), condition=None, blocking_facility=None)]. The order of those handlers is not defined and they will be executed in random order. This might lead to race conditions and potential bugs.
2025-07-06 17:05:52,896 : INFO : EventManager : Event: ======'player_add_request'====== Args={}
2025-07-06 17:05:52,896 : INFO : EventManager : Event: ======'player_will_add'====== Args={'number': 1}
2025-07-06 17:05:52,897 : INFO : EventManager : Event: ======'player_adding'====== Args={'player': <Player 1>, 'number': 1}
2025-07-06 17:05:52,897 : INFO : EventManager : Event: ======'player_added'====== Args={'player': <Player 1>, 'num': 1}
2025-07-06 17:05:52,897 : INFO : Mode.game : Player added successfully. Total players: 1
2025-07-06 17:05:52,897 : INFO : EventManager : Event: ======'player_index'====== Args={'value': 0, 'prev_value': 0, 'change': 0, 'player_num': 1}
2025-07-06 17:05:52,897 : INFO : EventManager : Event: ======'player_number'====== Args={'value': 1, 'prev_value': 1, 'change': 0, 'player_num': 1}
2025-07-06 17:05:52,898 : INFO : EventManager : Event: ======'player_score'====== Args={'value': 0, 'prev_value': 0, 'change': 0, 'player_num': 1}
2025-07-06 17:05:52,898 : INFO : EventManager : Event: ======'game_started'====== Args={}
2025-07-06 17:05:52,899 : INFO : EventManager : Event: ======'player_turn_will_start'====== Args={'player': <Player 1>, 'number': 1}
2025-07-06 17:05:52,908 : INFO : EventManager : Event: ======'player_turn_starting'====== Args={'player': <Player 1>, 'number': 1}
2025-07-06 17:05:52,908 : INFO : EventManager : Event: ======'slide_awesome_slide_removed'====== Args={'_from_bcp': True}
2025-07-06 17:05:52,908 : INFO : EventManager : Event: ======'slide_press_start_removed'====== Args={'_from_bcp': True}
2025-07-06 17:05:52,908 : INFO : EventManager : Event: ======'slide_window_blank_active'====== Args={'_from_bcp': True}
2025-07-06 17:05:52,909 : INFO : EventManager : Event: ======'player_ball'====== Args={'value': 1, 'prev_value': 0, 'change': 1, 'player_num': 1}
2025-07-06 17:05:52,910 : INFO : EventManager : Event: ======'player_turn_started'====== Args={'player': <Player 1>, 'number': 1}
2025-07-06 17:05:52,910 : INFO : EventManager : Event: ======'ball_will_start'====== Args={'player': 1, 'ball': 1, 'balls_remaining': 2, 'is_extra_ball': False}
2025-07-06 17:05:52,910 : INFO : EventManager : Event: ======'ball_starting'====== Args={'player': 1, 'ball': 1, 'balls_remaining': 2, 'is_extra_ball': False}
2025-07-06 17:05:52,911 : INFO : EventManager : Event: ======'mode_grave_targets_will_start'====== Args={'queue': <QueuedEvent>, 'player': 1, 'ball': 1, 'balls_remaining': 2, 'is_extra_ball': False}
2025-07-06 17:05:52,911 : INFO : EventManager : Event: ======'grave_targets_group_complete'====== Args={'state': 'None'}
2025-07-06 17:05:52,911 : INFO : EventManager : Event: ======'grave_targets_group_None_complete'====== Args={}
2025-07-06 17:05:52,912 : INFO : EventManager : Event: ======'player_shot_shot_target_g_enabled'====== Args={'value': True, 'prev_value': 0, 'change': 1, 'player_num': 1}
2025-07-06 17:05:52,912 : INFO : EventManager : Event: ======'player_shot_shot_target_r_enabled'====== Args={'value': True, 'prev_value': 0, 'change': 1, 'player_num': 1}
2025-07-06 17:05:52,913 : INFO : EventManager : Event: ======'player_shot_shot_right_scoop_enabled'====== Args={'value': True, 'prev_value': 0, 'change': 1, 'player_num': 1}
2025-07-06 17:05:52,913 : INFO : EventManager : Event: ======'mode_grave_targets_starting'====== Args={'queue': <QueuedEvent>, 'player': 1, 'ball': 1, 'balls_remaining': 2, 'is_extra_ball': False}
2025-07-06 17:05:52,914 : INFO : EventManager : Event: ======'mode_base_will_start'====== Args={'queue': <QueuedEvent>, 'player': 1, 'ball': 1, 'balls_remaining': 2, 'is_extra_ball': False}
2025-07-06 17:05:52,914 : INFO : EventManager : Event: ======'player_shot_shot_right_outlane_enabled'====== Args={'value': True, 'prev_value': 0, 'change': 1, 'player_num': 1}
2025-07-06 17:05:52,914 : INFO : EventManager : Event: ======'player_shot_shot_right_inlane_enabled'====== Args={'value': True, 'prev_value': 0, 'change': 1, 'player_num': 1}
2025-07-06 17:05:52,914 : INFO : EventManager : Event: ======'player_shot_shot_left_inlane_1_enabled'====== Args={'value': True, 'prev_value': 0, 'change': 1, 'player_num': 1}
2025-07-06 17:05:52,914 : INFO : EventManager : Event: ======'player_shot_shot_left_inlane_2_enabled'====== Args={'value': True, 'prev_value': 0, 'change': 1, 'player_num': 1}
2025-07-06 17:05:52,915 : INFO : EventManager : Event: ======'player_shot_shot_left_outlane_enabled'====== Args={'value': True, 'prev_value': 0, 'change': 1, 'player_num': 1}
2025-07-06 17:05:52,915 : INFO : EventManager : Event: ======'player_shot_shot_pop1_enabled'====== Args={'value': True, 'prev_value': 0, 'change': 1, 'player_num': 1}
2025-07-06 17:05:52,915 : INFO : EventManager : Event: ======'player_shot_shot_pop2_enabled'====== Args={'value': True, 'prev_value': 0, 'change': 1, 'player_num': 1}
2025-07-06 17:05:52,915 : INFO : EventManager : Event: ======'player_shot_shot_pop3_enabled'====== Args={'value': True, 'prev_value': 0, 'change': 1, 'player_num': 1}
2025-07-06 17:05:52,916 : INFO : EventManager : Event: ======'player_shot_shot_pop4_enabled'====== Args={'value': True, 'prev_value': 0, 'change': 1, 'player_num': 1}
2025-07-06 17:05:52,916 : INFO : EventManager : Event: ======'player_shot_shot_pop5_enabled'====== Args={'value': True, 'prev_value': 0, 'change': 1, 'player_num': 1}
2025-07-06 17:05:52,917 : INFO : EventManager : Event: ======'mode_base_starting'====== Args={'queue': <QueuedEvent>, 'player': 1, 'ball': 1, 'balls_remaining': 2, 'is_extra_ball': False}
2025-07-06 17:05:52,917 : INFO : Mode.base : Started. Priority: 100
2025-07-06 17:05:52,917 : INFO : EventManager : Event: ======'modes_active_modes_changed'====== Args={}
2025-07-06 17:05:52,917 : INFO : EventManager : Event: ======'mode_base_started'====== Args={'queue': <QueuedEvent>, 'player': 1, 'ball': 1, 'balls_remaining': 2, 'is_extra_ball': False}
2025-07-06 17:05:52,918 : INFO : Mode.grave_targets : Started. Priority: 200
2025-07-06 17:05:52,918 : INFO : EventManager : Event: ======'modes_active_modes_changed'====== Args={}
2025-07-06 17:05:52,919 : INFO : EventManager : Event: ======'mode_grave_targets_started'====== Args={'queue': <QueuedEvent>, 'player': 1, 'ball': 1, 'balls_remaining': 2, 'is_extra_ball': False}
2025-07-06 17:05:52,919 : INFO : EventManager : Event: ======'reset_targets'====== Args={'priority': 0}
2025-07-06 17:05:52,919 : INFO : EventManager : Event: ======'balls_in_play'====== Args={'balls': 1}
2025-07-06 17:05:52,919 : INFO : EventManager : Event: ======'ball_started'====== Args={'player': 1, 'ball': 1, 'balls_remaining': 2, 'is_extra_ball': False}
2025-07-06 17:05:52,919 : INFO : EventManager : Event: ======'single_player_ball_started'====== Args={}
2025-07-06 17:05:52,920 : INFO : EventManager : Event: ======'ball_start_target'====== Args={'target': 'playfield'}
2025-07-06 17:05:52,920 : INFO : ball_device.bd_trough : Setting up player-controlled eject. Balls: 1, Target: <playfield.playfield>, player_controlled_eject_event: None
2025-07-06 17:05:52,920 : INFO : ball_device.bd_trough : Adding 1 ball(s) to the eject_queue with target <playfield.playfield>.
2025-07-06 17:05:52,920 : INFO : EventManager : Event: ======'balldevice_balls_available'====== Args={}
2025-07-06 17:05:52,924 : INFO : ball_device.bd_trough : State: waiting_for_target_ready
2025-07-06 17:05:52,924 : INFO : EventManager : Event: ======'balldevice_bd_trough_ball_eject_attempt'====== Args={'balls': 1, 'target': <playfield.playfield>, 'source': <ball_device.bd_trough>, 'mechanical_eject': False, 'num_attempts': 0}
2025-07-06 17:05:52,925 : INFO : ball_device.bd_trough : State: ejecting
2025-07-06 17:05:52,925 : INFO : ball_device.bd_trough : Ejecting ball to <playfield.playfield>
2025-07-06 17:05:52,925 : INFO : EventManager : Event: ======'balldevice_bd_trough_ejecting_ball'====== Args={'balls': 1, 'target': <playfield.playfield>, 'source': <ball_device.bd_trough>, 'mechanical_eject': False, 'num_attempts': 0}
2025-07-06 17:05:52,925 : INFO : ball_device.bd_trough : Wait for ball to leave device
2025-07-06 17:05:52,925 : INFO : coil.c_trough_eject : Pulsing Driver for 35ms (1.0 pulse_power)
2025-07-06 17:05:52,925 : INFO : SwitchController : <<<<<<< 's_trough1' inactive >>>>>>>
2025-07-06 17:05:52,926 : INFO : ball_device.bd_trough : State: ball_left
2025-07-06 17:05:52,926 : INFO : ball_device.bd_trough : Ball left
2025-07-06 17:05:52,926 : INFO : ball_device.bd_trough : Wait for confirm with timeout 10.0
2025-07-06 17:05:52,930 : INFO : EventManager : Event: ======'slide_base.slide_player-mode_base_started_created'====== Args={'_from_bcp': True}
2025-07-06 17:05:52,932 : INFO : EventManager : Event: ======'slide_base.slide_player-mode_base_started_active'====== Args={'_from_bcp': True}
2025-07-06 17:05:54,675 : INFO : SwitchController : <<<<<<< 's_target_r' active >>>>>>>
2025-07-06 17:05:54,675 : INFO : EventManager : Event: ======'playfield_active'====== Args={'source': 'shot_target_r'}
2025-07-06 17:05:54,676 : INFO : EventManager : Event: ======'s_target_r_active'====== Args={}
2025-07-06 17:05:54,676 : INFO : EventManager : Event: ======'sw_playfield_active'====== Args={}
2025-07-06 17:05:54,677 : INFO : EventManager : Event: ======'machine_var_audits_switches_s_target_r'====== Args={'value': 52, 'prev_value': 51, 'change': 1}
2025-07-06 17:05:54,678 : INFO : EventManager : Event: ======'player_shot_shot_target_r'====== Args={'value': 1, 'prev_value': 0, 'change': 1, 'player_num': 1}
2025-07-06 17:05:54,683 : INFO : EventManager : Event: ======'machine_var_audits_shots_shot_target_r'====== Args={'value': 52, 'prev_value': 51, 'change': 1}
2025-07-06 17:05:54,684 : INFO : EventManager : Event: ======'shot_target_r_hit'====== Args={'profile': 'target_profile', 'state': 'unlit', 'advancing': True}
2025-07-06 17:05:54,684 : INFO : EventManager : Event: ======'shot_target_r_target_profile_hit'====== Args={'profile': 'target_profile', 'state': 'unlit', 'advancing': True}
2025-07-06 17:05:54,685 : INFO : EventManager : Event: ======'shot_target_r_target_profile_unlit_hit'====== Args={'profile': 'target_profile', 'state': 'unlit', 'advancing': True}
2025-07-06 17:05:54,685 : INFO : EventManager : Event: ======'shot_target_r_unlit_hit'====== Args={'profile': 'target_profile', 'state': 'unlit', 'advancing': True}
2025-07-06 17:05:54,685 : INFO : EventManager : Event: ======'player_score'====== Args={'value': 100, 'prev_value': 0, 'change': 100, 'player_num': 1, 'source': 'grave_targets'}
2025-07-06 17:05:54,685 : INFO : EventManager : Event: ======'player_score'====== Args={'value': 1100, 'prev_value': 100, 'change': 1000, 'player_num': 1, 'source': 'base'}
2025-07-06 17:05:54,686 : INFO : EventManager : Event: ======'grave_targets_group_hit'====== Args={}
2025-07-06 17:05:54,686 : INFO : EventManager : Event: ======'grave_targets_group_unlit_hit'====== Args={}
2025-07-06 17:05:54,687 : INFO : EventManager : Event: ======'playfield_active'====== Args={'source': None}
2025-07-06 17:05:54,693 : INFO : ball_device.bd_trough : Got eject confirm
2025-07-06 17:05:54,693 : INFO : ball_device.bd_trough : Eject successful
2025-07-06 17:05:54,693 : INFO : EventManager : Event: ======'balldevice_bd_trough_ball_eject_success'====== Args={'balls': 1, 'target': <playfield.playfield>}
2025-07-06 17:05:54,694 : INFO : EventManager : Event: ======'balldevice_playfield_ball_enter'====== Args={'new_balls': 1, 'unclaimed_balls': 1, 'device': <playfield.playfield>}
2025-07-06 17:05:54,694 : INFO : EventManager : Event: ======'playfield_ball_count_change'====== Args={'balls': 1, 'change': 1}
2025-07-06 17:05:54,694 : INFO : EventManager : Event: ======'balldevice_bd_trough_ball_count_changed'====== Args={'balls': 0}
2025-07-06 17:05:54,695 : INFO : ball_device.bd_trough : State: idle
2025-07-06 17:05:54,778 : INFO : SwitchController : <<<<<<< 's_target_r' inactive >>>>>>>
2025-07-06 17:05:55,451 : INFO : SwitchController : <<<<<<< 's_target_g' active >>>>>>>
2025-07-06 17:05:55,452 : INFO : EventManager : Event: ======'s_target_g_active'====== Args={}
2025-07-06 17:05:55,452 : INFO : EventManager : Event: ======'sw_playfield_active'====== Args={}
2025-07-06 17:05:55,452 : INFO : EventManager : Event: ======'machine_var_audits_switches_s_target_g'====== Args={'value': 68, 'prev_value': 67, 'change': 1}
2025-07-06 17:05:55,452 : INFO : EventManager : Event: ======'player_shot_shot_target_g'====== Args={'value': 1, 'prev_value': 0, 'change': 1, 'player_num': 1}
2025-07-06 17:05:55,453 : INFO : EventManager : Event: ======'machine_var_audits_shots_shot_target_g'====== Args={'value': 64, 'prev_value': 63, 'change': 1}
2025-07-06 17:05:55,453 : INFO : EventManager : Event: ======'shot_target_g_hit'====== Args={'profile': 'target_profile', 'state': 'unlit', 'advancing': True}
2025-07-06 17:05:55,453 : INFO : EventManager : Event: ======'shot_target_g_target_profile_hit'====== Args={'profile': 'target_profile', 'state': 'unlit', 'advancing': True}
2025-07-06 17:05:55,453 : INFO : EventManager : Event: ======'shot_target_g_target_profile_unlit_hit'====== Args={'profile': 'target_profile', 'state': 'unlit', 'advancing': True}
2025-07-06 17:05:55,453 : INFO : EventManager : Event: ======'shot_target_g_unlit_hit'====== Args={'profile': 'target_profile', 'state': 'unlit', 'advancing': True}
2025-07-06 17:05:55,454 : INFO : EventManager : Event: ======'grave_targets_group_complete'====== Args={'state': 'lit'}
2025-07-06 17:05:55,454 : INFO : EventManager : Event: ======'grave_targets_group_lit_complete'====== Args={}
2025-07-06 17:05:55,454 : INFO : EventManager : Event: ======'advance_shot_right_scoop'====== Args={'priority': 0}
2025-07-06 17:05:55,454 : INFO : EventManager : Event: ======'player_score'====== Args={'value': 1200, 'prev_value': 1100, 'change': 100, 'player_num': 1, 'source': 'grave_targets'}
2025-07-06 17:05:55,454 : INFO : EventManager : Event: ======'player_score'====== Args={'value': 2200, 'prev_value': 1200, 'change': 1000, 'player_num': 1, 'source': 'base'}
2025-07-06 17:05:55,454 : INFO : EventManager : Event: ======'grave_targets_group_hit'====== Args={}
2025-07-06 17:05:55,455 : INFO : EventManager : Event: ======'grave_targets_group_unlit_hit'====== Args={}
2025-07-06 17:05:55,541 : INFO : SwitchController : <<<<<<< 's_target_g' inactive >>>>>>>
2025-07-06 17:05:56,624 : INFO : SwitchController : <<<<<<< 's_right_scoop' active >>>>>>>
2025-07-06 17:05:56,625 : INFO : EventManager : Event: ======'s_right_scoop_active'====== Args={}
2025-07-06 17:05:56,625 : INFO : EventManager : Event: ======'sw_playfield_active'====== Args={}
2025-07-06 17:05:56,625 : INFO : EventManager : Event: ======'machine_var_audits_switches_s_right_scoop'====== Args={'value': 203, 'prev_value': 202, 'change': 1}
2025-07-06 17:05:56,626 : INFO : EventManager : Event: ======'machine_var_audits_shots_shot_right_scoop'====== Args={'value': 1158386, 'prev_value': 1158385, 'change': 1}
2025-07-06 17:05:56,627 : INFO : EventManager : Event: ======'shot_right_scoop_hit'====== Args={'profile': 'scoop_profile', 'state': 'unlit', 'advancing': False}
2025-07-06 17:05:56,627 : INFO : EventManager : Event: ======'shot_right_scoop_scoop_profile_hit'====== Args={'profile': 'scoop_profile', 'state': 'unlit', 'advancing': False}
2025-07-06 17:05:56,627 : INFO : EventManager : Event: ======'shot_right_scoop_scoop_profile_unlit_hit'====== Args={'profile': 'scoop_profile', 'state': 'unlit', 'advancing': False}
2025-07-06 17:05:56,627 : INFO : EventManager : Event: ======'shot_right_scoop_unlit_hit'====== Args={'profile': 'scoop_profile', 'state': 'unlit', 'advancing': False}
2025-07-06 17:05:56,627 : INFO : EventManager : Event: ======'player_score'====== Args={'value': 2300, 'prev_value': 2200, 'change': 100, 'player_num': 1, 'source': 'grave_targets'}
2025-07-06 17:05:56,741 : INFO : SwitchController : <<<<<<< 's_right_scoop' inactive >>>>>>>
2025-07-06 17:05:57,402 : INFO : SwitchController : <<<<<<< 's_right_scoop' active >>>>>>>
2025-07-06 17:05:57,402 : INFO : EventManager : Event: ======'s_right_scoop_active'====== Args={}
2025-07-06 17:05:57,402 : INFO : EventManager : Event: ======'sw_playfield_active'====== Args={}
2025-07-06 17:05:57,403 : INFO : EventManager : Event: ======'machine_var_audits_switches_s_right_scoop'====== Args={'value': 204, 'prev_value': 203, 'change': 1}
2025-07-06 17:05:57,403 : INFO : EventManager : Event: ======'machine_var_audits_shots_shot_right_scoop'====== Args={'value': 1158387, 'prev_value': 1158386, 'change': 1}
2025-07-06 17:05:57,404 : INFO : EventManager : Event: ======'shot_right_scoop_hit'====== Args={'profile': 'scoop_profile', 'state': 'unlit', 'advancing': False}
2025-07-06 17:05:57,404 : INFO : EventManager : Event: ======'shot_right_scoop_scoop_profile_hit'====== Args={'profile': 'scoop_profile', 'state': 'unlit', 'advancing': False}
2025-07-06 17:05:57,404 : INFO : EventManager : Event: ======'shot_right_scoop_scoop_profile_unlit_hit'====== Args={'profile': 'scoop_profile', 'state': 'unlit', 'advancing': False}
2025-07-06 17:05:57,404 : INFO : EventManager : Event: ======'shot_right_scoop_unlit_hit'====== Args={'profile': 'scoop_profile', 'state': 'unlit', 'advancing': False}
2025-07-06 17:05:57,405 : INFO : EventManager : Event: ======'player_score'====== Args={'value': 2400, 'prev_value': 2300, 'change': 100, 'player_num': 1, 'source': 'grave_targets'}
2025-07-06 17:05:57,533 : INFO : SwitchController : <<<<<<< 's_right_scoop' inactive >>>>>>>
2025-07-06 17:06:03,468 : INFO : SwitchController : <<<<<<< 's_target_r' active >>>>>>>
2025-07-06 17:06:03,468 : INFO : EventManager : Event: ======'s_target_r_active'====== Args={}
2025-07-06 17:06:03,468 : INFO : EventManager : Event: ======'sw_playfield_active'====== Args={}
2025-07-06 17:06:03,469 : INFO : EventManager : Event: ======'machine_var_audits_switches_s_target_r'====== Args={'value': 53, 'prev_value': 52, 'change': 1}
2025-07-06 17:06:03,470 : INFO : EventManager : Event: ======'machine_var_audits_shots_shot_target_r'====== Args={'value': 53, 'prev_value': 52, 'change': 1}
2025-07-06 17:06:03,470 : INFO : EventManager : Event: ======'shot_target_r_hit'====== Args={'profile': 'target_profile', 'state': 'lit', 'advancing': False}
2025-07-06 17:06:03,474 : INFO : EventManager : Event: ======'shot_target_r_target_profile_hit'====== Args={'profile': 'target_profile', 'state': 'lit', 'advancing': False}
2025-07-06 17:06:03,475 : INFO : EventManager : Event: ======'shot_target_r_target_profile_lit_hit'====== Args={'profile': 'target_profile', 'state': 'lit', 'advancing': False}
2025-07-06 17:06:03,475 : INFO : EventManager : Event: ======'shot_target_r_lit_hit'====== Args={'profile': 'target_profile', 'state': 'lit', 'advancing': False}
2025-07-06 17:06:03,475 : INFO : EventManager : Event: ======'player_score'====== Args={'value': 2500, 'prev_value': 2400, 'change': 100, 'player_num': 1, 'source': 'grave_targets'}
2025-07-06 17:06:03,476 : INFO : EventManager : Event: ======'player_score'====== Args={'value': 3500, 'prev_value': 2500, 'change': 1000, 'player_num': 1, 'source': 'base'}
2025-07-06 17:06:03,476 : INFO : EventManager : Event: ======'grave_targets_group_hit'====== Args={}
2025-07-06 17:06:03,476 : INFO : EventManager : Event: ======'grave_targets_group_lit_hit'====== Args={}
2025-07-06 17:06:03,604 : INFO : SwitchController : <<<<<<< 's_target_r' inactive >>>>>>>
2025-07-06 17:06:07,790 : INFO : SwitchController : <<<<<<< 's_target_r' active >>>>>>>
2025-07-06 17:06:07,790 : INFO : EventManager : Event: ======'s_target_r_active'====== Args={}
2025-07-06 17:06:07,790 : INFO : EventManager : Event: ======'sw_playfield_active'====== Args={}
2025-07-06 17:06:07,790 : INFO : EventManager : Event: ======'machine_var_audits_switches_s_target_r'====== Args={'value': 54, 'prev_value': 53, 'change': 1}
2025-07-06 17:06:07,791 : INFO : EventManager : Event: ======'machine_var_audits_shots_shot_target_r'====== Args={'value': 54, 'prev_value': 53, 'change': 1}
2025-07-06 17:06:07,792 : INFO : EventManager : Event: ======'shot_target_r_hit'====== Args={'profile': 'target_profile', 'state': 'lit', 'advancing': False}
2025-07-06 17:06:07,792 : INFO : EventManager : Event: ======'shot_target_r_target_profile_hit'====== Args={'profile': 'target_profile', 'state': 'lit', 'advancing': False}
2025-07-06 17:06:07,792 : INFO : EventManager : Event: ======'shot_target_r_target_profile_lit_hit'====== Args={'profile': 'target_profile', 'state': 'lit', 'advancing': False}
2025-07-06 17:06:07,792 : INFO : EventManager : Event: ======'shot_target_r_lit_hit'====== Args={'profile': 'target_profile', 'state': 'lit', 'advancing': False}
2025-07-06 17:06:07,792 : INFO : EventManager : Event: ======'player_score'====== Args={'value': 3600, 'prev_value': 3500, 'change': 100, 'player_num': 1, 'source': 'grave_targets'}
2025-07-06 17:06:07,793 : INFO : EventManager : Event: ======'player_score'====== Args={'value': 4600, 'prev_value': 3600, 'change': 1000, 'player_num': 1, 'source': 'base'}
2025-07-06 17:06:07,794 : INFO : EventManager : Event: ======'grave_targets_group_hit'====== Args={}
2025-07-06 17:06:07,795 : INFO : EventManager : Event: ======'grave_targets_group_lit_hit'====== Args={}
2025-07-06 17:06:07,950 : INFO : SwitchController : <<<<<<< 's_target_r' inactive >>>>>>>
2025-07-06 17:06:08,779 : INFO : SwitchController : <<<<<<< 's_target_g' active >>>>>>>
2025-07-06 17:06:08,779 : INFO : EventManager : Event: ======'s_target_g_active'====== Args={}
2025-07-06 17:06:08,779 : INFO : EventManager : Event: ======'sw_playfield_active'====== Args={}
2025-07-06 17:06:08,780 : INFO : EventManager : Event: ======'machine_var_audits_switches_s_target_g'====== Args={'value': 69, 'prev_value': 68, 'change': 1}
2025-07-06 17:06:08,781 : INFO : EventManager : Event: ======'machine_var_audits_shots_shot_target_g'====== Args={'value': 65, 'prev_value': 64, 'change': 1}
2025-07-06 17:06:08,782 : INFO : EventManager : Event: ======'shot_target_g_hit'====== Args={'profile': 'target_profile', 'state': 'lit', 'advancing': False}
2025-07-06 17:06:08,782 : INFO : EventManager : Event: ======'shot_target_g_target_profile_hit'====== Args={'profile': 'target_profile', 'state': 'lit', 'advancing': False}
2025-07-06 17:06:08,782 : INFO : EventManager : Event: ======'shot_target_g_target_profile_lit_hit'====== Args={'profile': 'target_profile', 'state': 'lit', 'advancing': False}
2025-07-06 17:06:08,783 : INFO : EventManager : Event: ======'shot_target_g_lit_hit'====== Args={'profile': 'target_profile', 'state': 'lit', 'advancing': False}
2025-07-06 17:06:08,783 : INFO : EventManager : Event: ======'player_score'====== Args={'value': 4700, 'prev_value': 4600, 'change': 100, 'player_num': 1, 'source': 'grave_targets'}
2025-07-06 17:06:08,783 : INFO : EventManager : Event: ======'player_score'====== Args={'value': 5700, 'prev_value': 4700, 'change': 1000, 'player_num': 1, 'source': 'base'}
2025-07-06 17:06:08,784 : INFO : EventManager : Event: ======'grave_targets_group_hit'====== Args={}
2025-07-06 17:06:08,784 : INFO : EventManager : Event: ======'grave_targets_group_lit_hit'====== Args={}
2025-07-06 17:06:08,887 : INFO : SwitchController : <<<<<<< 's_target_g' inactive >>>>>>>
2025-07-06 17:06:09,653 : INFO : SwitchController : <<<<<<< 's_target_g' active >>>>>>>
2025-07-06 17:06:09,653 : INFO : EventManager : Event: ======'s_target_g_active'====== Args={}
2025-07-06 17:06:09,653 : INFO : EventManager : Event: ======'sw_playfield_active'====== Args={}
2025-07-06 17:06:09,653 : INFO : EventManager : Event: ======'machine_var_audits_switches_s_target_g'====== Args={'value': 70, 'prev_value': 69, 'change': 1}
2025-07-06 17:06:09,654 : INFO : EventManager : Event: ======'machine_var_audits_shots_shot_target_g'====== Args={'value': 66, 'prev_value': 65, 'change': 1}
2025-07-06 17:06:09,655 : INFO : EventManager : Event: ======'shot_target_g_hit'====== Args={'profile': 'target_profile', 'state': 'lit', 'advancing': False}
2025-07-06 17:06:09,655 : INFO : EventManager : Event: ======'shot_target_g_target_profile_hit'====== Args={'profile': 'target_profile', 'state': 'lit', 'advancing': False}
2025-07-06 17:06:09,655 : INFO : EventManager : Event: ======'shot_target_g_target_profile_lit_hit'====== Args={'profile': 'target_profile', 'state': 'lit', 'advancing': False}
2025-07-06 17:06:09,655 : INFO : EventManager : Event: ======'shot_target_g_lit_hit'====== Args={'profile': 'target_profile', 'state': 'lit', 'advancing': False}
2025-07-06 17:06:09,656 : INFO : EventManager : Event: ======'player_score'====== Args={'value': 5800, 'prev_value': 5700, 'change': 100, 'player_num': 1, 'source': 'grave_targets'}
2025-07-06 17:06:09,656 : INFO : EventManager : Event: ======'player_score'====== Args={'value': 6800, 'prev_value': 5800, 'change': 1000, 'player_num': 1, 'source': 'base'}
2025-07-06 17:06:09,657 : INFO : EventManager : Event: ======'grave_targets_group_hit'====== Args={}
2025-07-06 17:06:09,657 : INFO : EventManager : Event: ======'grave_targets_group_lit_hit'====== Args={}
2025-07-06 17:06:09,804 : INFO : SwitchController : <<<<<<< 's_target_g' inactive >>>>>>>
2025-07-06 17:06:10,173 : INFO : SwitchController : <<<<<<< 's_target_g' active >>>>>>>
2025-07-06 17:06:10,173 : INFO : EventManager : Event: ======'s_target_g_active'====== Args={}
2025-07-06 17:06:10,173 : INFO : EventManager : Event: ======'sw_playfield_active'====== Args={}
2025-07-06 17:06:10,174 : INFO : EventManager : Event: ======'machine_var_audits_switches_s_target_g'====== Args={'value': 71, 'prev_value': 70, 'change': 1}
2025-07-06 17:06:10,175 : INFO : EventManager : Event: ======'machine_var_audits_shots_shot_target_g'====== Args={'value': 67, 'prev_value': 66, 'change': 1}
2025-07-06 17:06:10,175 : INFO : EventManager : Event: ======'shot_target_g_hit'====== Args={'profile': 'target_profile', 'state': 'lit', 'advancing': False}
2025-07-06 17:06:10,176 : INFO : EventManager : Event: ======'shot_target_g_target_profile_hit'====== Args={'profile': 'target_profile', 'state': 'lit', 'advancing': False}
2025-07-06 17:06:10,176 : INFO : EventManager : Event: ======'shot_target_g_target_profile_lit_hit'====== Args={'profile': 'target_profile', 'state': 'lit', 'advancing': False}
2025-07-06 17:06:10,176 : INFO : EventManager : Event: ======'shot_target_g_lit_hit'====== Args={'profile': 'target_profile', 'state': 'lit', 'advancing': False}
2025-07-06 17:06:10,176 : INFO : EventManager : Event: ======'player_score'====== Args={'value': 6900, 'prev_value': 6800, 'change': 100, 'player_num': 1, 'source': 'grave_targets'}
2025-07-06 17:06:10,176 : INFO : EventManager : Event: ======'player_score'====== Args={'value': 7900, 'prev_value': 6900, 'change': 1000, 'player_num': 1, 'source': 'base'}
2025-07-06 17:06:10,177 : INFO : EventManager : Event: ======'grave_targets_group_hit'====== Args={}
2025-07-06 17:06:10,177 : INFO : EventManager : Event: ======'grave_targets_group_lit_hit'====== Args={}
2025-07-06 17:06:10,304 : INFO : SwitchController : <<<<<<< 's_target_g' inactive >>>>>>>
2025-07-06 17:06:10,754 : INFO : SwitchController : <<<<<<< 's_target_r' active >>>>>>>
2025-07-06 17:06:10,755 : INFO : EventManager : Event: ======'s_target_r_active'====== Args={}
2025-07-06 17:06:10,755 : INFO : EventManager : Event: ======'sw_playfield_active'====== Args={}
2025-07-06 17:06:10,755 : INFO : EventManager : Event: ======'machine_var_audits_switches_s_target_r'====== Args={'value': 55, 'prev_value': 54, 'change': 1}
2025-07-06 17:06:10,756 : INFO : EventManager : Event: ======'machine_var_audits_shots_shot_target_r'====== Args={'value': 55, 'prev_value': 54, 'change': 1}
2025-07-06 17:06:10,757 : INFO : EventManager : Event: ======'shot_target_r_hit'====== Args={'profile': 'target_profile', 'state': 'lit', 'advancing': False}
2025-07-06 17:06:10,757 : INFO : EventManager : Event: ======'shot_target_r_target_profile_hit'====== Args={'profile': 'target_profile', 'state': 'lit', 'advancing': False}
2025-07-06 17:06:10,757 : INFO : EventManager : Event: ======'shot_target_r_target_profile_lit_hit'====== Args={'profile': 'target_profile', 'state': 'lit', 'advancing': False}
2025-07-06 17:06:10,758 : INFO : EventManager : Event: ======'shot_target_r_lit_hit'====== Args={'profile': 'target_profile', 'state': 'lit', 'advancing': False}
2025-07-06 17:06:10,758 : INFO : EventManager : Event: ======'player_score'====== Args={'value': 8000, 'prev_value': 7900, 'change': 100, 'player_num': 1, 'source': 'grave_targets'}
2025-07-06 17:06:10,759 : INFO : EventManager : Event: ======'player_score'====== Args={'value': 9000, 'prev_value': 8000, 'change': 1000, 'player_num': 1, 'source': 'base'}
2025-07-06 17:06:10,759 : INFO : EventManager : Event: ======'grave_targets_group_hit'====== Args={}
2025-07-06 17:06:10,760 : INFO : EventManager : Event: ======'grave_targets_group_lit_hit'====== Args={}
2025-07-06 17:06:10,896 : INFO : SwitchController : <<<<<<< 's_target_r' inactive >>>>>>>
2025-07-06 17:06:11,183 : INFO : SwitchController : <<<<<<< 's_target_r' active >>>>>>>
2025-07-06 17:06:11,183 : INFO : EventManager : Event: ======'s_target_r_active'====== Args={}
2025-07-06 17:06:11,183 : INFO : EventManager : Event: ======'sw_playfield_active'====== Args={}
2025-07-06 17:06:11,184 : INFO : EventManager : Event: ======'machine_var_audits_switches_s_target_r'====== Args={'value': 56, 'prev_value': 55, 'change': 1}
2025-07-06 17:06:11,185 : INFO : EventManager : Event: ======'machine_var_audits_shots_shot_target_r'====== Args={'value': 56, 'prev_value': 55, 'change': 1}
2025-07-06 17:06:11,185 : INFO : EventManager : Event: ======'shot_target_r_hit'====== Args={'profile': 'target_profile', 'state': 'lit', 'advancing': False}
2025-07-06 17:06:11,186 : INFO : EventManager : Event: ======'shot_target_r_target_profile_hit'====== Args={'profile': 'target_profile', 'state': 'lit', 'advancing': False}
2025-07-06 17:06:11,186 : INFO : EventManager : Event: ======'shot_target_r_target_profile_lit_hit'====== Args={'profile': 'target_profile', 'state': 'lit', 'advancing': False}
2025-07-06 17:06:11,186 : INFO : EventManager : Event: ======'shot_target_r_lit_hit'====== Args={'profile': 'target_profile', 'state': 'lit', 'advancing': False}
2025-07-06 17:06:11,187 : INFO : EventManager : Event: ======'player_score'====== Args={'value': 9100, 'prev_value': 9000, 'change': 100, 'player_num': 1, 'source': 'grave_targets'}
2025-07-06 17:06:11,187 : INFO : EventManager : Event: ======'player_score'====== Args={'value': 10100, 'prev_value': 9100, 'change': 1000, 'player_num': 1, 'source': 'base'}
2025-07-06 17:06:11,188 : INFO : EventManager : Event: ======'grave_targets_group_hit'====== Args={}
2025-07-06 17:06:11,188 : INFO : EventManager : Event: ======'grave_targets_group_lit_hit'====== Args={}
2025-07-06 17:06:11,316 : INFO : SwitchController : <<<<<<< 's_target_r' inactive >>>>>>>
2025-07-06 17:06:11,555 : INFO : SwitchController : <<<<<<< 's_target_r' active >>>>>>>
2025-07-06 17:06:11,555 : INFO : EventManager : Event: ======'s_target_r_active'====== Args={}
2025-07-06 17:06:11,555 : INFO : EventManager : Event: ======'sw_playfield_active'====== Args={}
2025-07-06 17:06:11,555 : INFO : EventManager : Event: ======'machine_var_audits_switches_s_target_r'====== Args={'value': 57, 'prev_value': 56, 'change': 1}
2025-07-06 17:06:11,556 : INFO : EventManager : Event: ======'machine_var_audits_shots_shot_target_r'====== Args={'value': 57, 'prev_value': 56, 'change': 1}
2025-07-06 17:06:11,556 : INFO : EventManager : Event: ======'shot_target_r_hit'====== Args={'profile': 'target_profile', 'state': 'lit', 'advancing': False}
2025-07-06 17:06:11,556 : INFO : EventManager : Event: ======'shot_target_r_target_profile_hit'====== Args={'profile': 'target_profile', 'state': 'lit', 'advancing': False}
2025-07-06 17:06:11,556 : INFO : EventManager : Event: ======'shot_target_r_target_profile_lit_hit'====== Args={'profile': 'target_profile', 'state': 'lit', 'advancing': False}
2025-07-06 17:06:11,556 : INFO : EventManager : Event: ======'shot_target_r_lit_hit'====== Args={'profile': 'target_profile', 'state': 'lit', 'advancing': False}
2025-07-06 17:06:11,556 : INFO : EventManager : Event: ======'player_score'====== Args={'value': 10200, 'prev_value': 10100, 'change': 100, 'player_num': 1, 'source': 'grave_targets'}
2025-07-06 17:06:11,557 : INFO : EventManager : Event: ======'player_score'====== Args={'value': 11200, 'prev_value': 10200, 'change': 1000, 'player_num': 1, 'source': 'base'}
2025-07-06 17:06:11,557 : INFO : EventManager : Event: ======'grave_targets_group_hit'====== Args={}
2025-07-06 17:06:11,557 : INFO : EventManager : Event: ======'grave_targets_group_lit_hit'====== Args={}
2025-07-06 17:06:11,695 : INFO : SwitchController : <<<<<<< 's_target_r' inactive >>>>>>>
2025-07-06 17:06:11,971 : INFO : SwitchController : <<<<<<< 's_target_r' active >>>>>>>
2025-07-06 17:06:11,971 : INFO : EventManager : Event: ======'s_target_r_active'====== Args={}
2025-07-06 17:06:11,971 : INFO : EventManager : Event: ======'sw_playfield_active'====== Args={}
2025-07-06 17:06:11,972 : INFO : EventManager : Event: ======'machine_var_audits_switches_s_target_r'====== Args={'value': 58, 'prev_value': 57, 'change': 1}
2025-07-06 17:06:11,973 : INFO : EventManager : Event: ======'machine_var_audits_shots_shot_target_r'====== Args={'value': 58, 'prev_value': 57, 'change': 1}
2025-07-06 17:06:11,973 : INFO : EventManager : Event: ======'shot_target_r_hit'====== Args={'profile': 'target_profile', 'state': 'lit', 'advancing': False}
2025-07-06 17:06:11,973 : INFO : EventManager : Event: ======'shot_target_r_target_profile_hit'====== Args={'profile': 'target_profile', 'state': 'lit', 'advancing': False}
2025-07-06 17:06:11,974 : INFO : EventManager : Event: ======'shot_target_r_target_profile_lit_hit'====== Args={'profile': 'target_profile', 'state': 'lit', 'advancing': False}
2025-07-06 17:06:11,974 : INFO : EventManager : Event: ======'shot_target_r_lit_hit'====== Args={'profile': 'target_profile', 'state': 'lit', 'advancing': False}
2025-07-06 17:06:11,974 : INFO : EventManager : Event: ======'player_score'====== Args={'value': 11300, 'prev_value': 11200, 'change': 100, 'player_num': 1, 'source': 'grave_targets'}
2025-07-06 17:06:11,975 : INFO : EventManager : Event: ======'player_score'====== Args={'value': 12300, 'prev_value': 11300, 'change': 1000, 'player_num': 1, 'source': 'base'}
2025-07-06 17:06:11,975 : INFO : EventManager : Event: ======'grave_targets_group_hit'====== Args={}
2025-07-06 17:06:11,975 : INFO : EventManager : Event: ======'grave_targets_group_lit_hit'====== Args={}
2025-07-06 17:06:12,116 : INFO : SwitchController : <<<<<<< 's_target_r' inactive >>>>>>>
2025-07-06 17:06:12,315 : INFO : SwitchController : <<<<<<< 's_target_r' active >>>>>>>
2025-07-06 17:06:12,315 : INFO : EventManager : Event: ======'s_target_r_active'====== Args={}
2025-07-06 17:06:12,316 : INFO : EventManager : Event: ======'sw_playfield_active'====== Args={}
2025-07-06 17:06:12,316 : INFO : EventManager : Event: ======'machine_var_audits_switches_s_target_r'====== Args={'value': 59, 'prev_value': 58, 'change': 1}
2025-07-06 17:06:12,317 : INFO : EventManager : Event: ======'machine_var_audits_shots_shot_target_r'====== Args={'value': 59, 'prev_value': 58, 'change': 1}
2025-07-06 17:06:12,318 : INFO : EventManager : Event: ======'shot_target_r_hit'====== Args={'profile': 'target_profile', 'state': 'lit', 'advancing': False}
2025-07-06 17:06:12,318 : INFO : EventManager : Event: ======'shot_target_r_target_profile_hit'====== Args={'profile': 'target_profile', 'state': 'lit', 'advancing': False}
2025-07-06 17:06:12,318 : INFO : EventManager : Event: ======'shot_target_r_target_profile_lit_hit'====== Args={'profile': 'target_profile', 'state': 'lit', 'advancing': False}
2025-07-06 17:06:12,318 : INFO : EventManager : Event: ======'shot_target_r_lit_hit'====== Args={'profile': 'target_profile', 'state': 'lit', 'advancing': False}
2025-07-06 17:06:12,319 : INFO : EventManager : Event: ======'player_score'====== Args={'value': 12400, 'prev_value': 12300, 'change': 100, 'player_num': 1, 'source': 'grave_targets'}
2025-07-06 17:06:12,319 : INFO : EventManager : Event: ======'player_score'====== Args={'value': 13400, 'prev_value': 12400, 'change': 1000, 'player_num': 1, 'source': 'base'}
2025-07-06 17:06:12,320 : INFO : EventManager : Event: ======'grave_targets_group_hit'====== Args={}
2025-07-06 17:06:12,320 : INFO : EventManager : Event: ======'grave_targets_group_lit_hit'====== Args={}
2025-07-06 17:06:12,466 : INFO : SwitchController : <<<<<<< 's_target_r' inactive >>>>>>>
2025-07-06 17:06:12,648 : INFO : SwitchController : <<<<<<< 's_target_r' active >>>>>>>
2025-07-06 17:06:12,648 : INFO : EventManager : Event: ======'s_target_r_active'====== Args={}
2025-07-06 17:06:12,649 : INFO : EventManager : Event: ======'sw_playfield_active'====== Args={}
2025-07-06 17:06:12,649 : INFO : EventManager : Event: ======'machine_var_audits_switches_s_target_r'====== Args={'value': 60, 'prev_value': 59, 'change': 1}
2025-07-06 17:06:12,650 : INFO : EventManager : Event: ======'machine_var_audits_shots_shot_target_r'====== Args={'value': 60, 'prev_value': 59, 'change': 1}
2025-07-06 17:06:12,651 : INFO : EventManager : Event: ======'shot_target_r_hit'====== Args={'profile': 'target_profile', 'state': 'lit', 'advancing': False}
2025-07-06 17:06:12,651 : INFO : EventManager : Event: ======'shot_target_r_target_profile_hit'====== Args={'profile': 'target_profile', 'state': 'lit', 'advancing': False}
2025-07-06 17:06:12,651 : INFO : EventManager : Event: ======'shot_target_r_target_profile_lit_hit'====== Args={'profile': 'target_profile', 'state': 'lit', 'advancing': False}
2025-07-06 17:06:12,651 : INFO : EventManager : Event: ======'shot_target_r_lit_hit'====== Args={'profile': 'target_profile', 'state': 'lit', 'advancing': False}
2025-07-06 17:06:12,652 : INFO : EventManager : Event: ======'player_score'====== Args={'value': 13500, 'prev_value': 13400, 'change': 100, 'player_num': 1, 'source': 'grave_targets'}
2025-07-06 17:06:12,652 : INFO : EventManager : Event: ======'player_score'====== Args={'value': 14500, 'prev_value': 13500, 'change': 1000, 'player_num': 1, 'source': 'base'}
2025-07-06 17:06:12,652 : INFO : EventManager : Event: ======'grave_targets_group_hit'====== Args={}
2025-07-06 17:06:12,653 : INFO : EventManager : Event: ======'grave_targets_group_lit_hit'====== Args={}
2025-07-06 17:06:12,728 : INFO : SwitchController : <<<<<<< 's_target_r' inactive >>>>>>>
2025-07-06 17:06:42,406 : INFO : Machine : Shutting down...
2025-07-06 17:06:42,406 : INFO : EventManager : Event: ======'shutdown'====== Args={}
2025-07-06 17:06:42,408 : INFO : EventManager : Event: ======'mode_game_will_stop'====== Args={}
2025-07-06 17:06:42,408 : INFO : EventManager : Event: ======'mode_game_stopping'====== Args={}
2025-07-06 17:06:42,408 : INFO : EventManager : Event: ======'mode_base_will_stop'====== Args={}
2025-07-06 17:06:42,408 : INFO : EventManager : Event: ======'mode_base_stopping'====== Args={}
2025-07-06 17:06:42,408 : INFO : EventManager : Event: ======'mode_grave_targets_will_stop'====== Args={}
2025-07-06 17:06:42,408 : INFO : EventManager : Event: ======'mode_grave_targets_stopping'====== Args={}
2025-07-06 17:06:42,409 : INFO : Mode.grave_targets : Stopped.
2025-07-06 17:06:42,409 : INFO : EventManager : Event: ======'modes_active_modes_changed'====== Args={}
2025-07-06 17:06:42,409 : INFO : EventManager : Event: ======'mode_grave_targets_stopped'====== Args={}
2025-07-06 17:06:42,409 : INFO : EventManager : Event: ======'clear'====== Args={'key': 'grave_targets'}
2025-07-06 17:06:42,410 : INFO : Mode.base : Stopped.
2025-07-06 17:06:42,410 : INFO : EventManager : Event: ======'modes_active_modes_changed'====== Args={}
2025-07-06 17:06:42,410 : INFO : EventManager : Event: ======'mode_base_stopped'====== Args={}
2025-07-06 17:06:42,410 : INFO : EventManager : Event: ======'clear'====== Args={'key': 'base'}
2025-07-06 17:06:42,410 : INFO : Mode.game : Stopped.
2025-07-06 17:06:42,410 : INFO : EventManager : Event: ======'modes_active_modes_changed'====== Args={}
2025-07-06 17:06:42,410 : INFO : EventManager : Event: ======'mode_game_stopped'====== Args={}
2025-07-06 17:06:42,410 : INFO : EventManager : Event: ======'clear'====== Args={'key': 'game'}
2025-07-06 17:06:42,425 : INFO : root : MPF run loop ended.
