2025-06-16 06:11:45,030 : INFO : root : Loading config.
2025-06-16 06:11:45,030 : INFO : YamlMultifileConfigLoader : Machine config file #1: config.yaml
2025-06-16 06:11:45,030 : INFO : ConfigProcessor : Loading config from cache: C:\Users\ruben\AppData\Local\Temp\a17888e5e1df298d67e07ada0b1bff4a.mpf_cache
2025-06-16 06:11:45,187 : INFO : ConfigProcessor : Loading config from cache: C:\Users\ruben\AppData\Local\Temp\67cf8ffee0fce2d4fcb5ef0bb894d8de.mpf_cache
2025-06-16 06:11:45,187 : INFO : ConfigProcessor : Loading config from cache: C:\Users\ruben\AppData\Local\Temp\25321780674732dcacb77a8f5b2a53cd.mpf_cache
2025-06-16 06:11:45,187 : INFO : ConfigProcessor : Loading config from cache: C:\Users\ruben\AppData\Local\Temp\195f66f1d07408d279921a878741edf5.mpf_cache
2025-06-16 06:11:45,187 : INFO : Machine : Mission Pinball Framework Core Engine v0.56.0
2025-06-16 06:11:45,187 : INFO : Machine : Command line arguments: {'no_load_cache': False, 'create_config_cache': True, 'bcp': True, 'configfile': ['config.yaml'], 'force_assets_load': False, 'jsonlogging': False, 'logfile': 'logs\\2025-06-16-06-11-45-mpf-DESKTOP-11MEIVG.log', 'pause': False, 'production': False, 'text_ui': True, 'loglevel': 15, 'consoleloglevel': 20, 'force_platform': None, 'syslog_address': None, 'mc_file_name': None, 'no_sound': False}
2025-06-16 06:11:45,187 : INFO : Machine : MPF path: C:\Users\ruben\.local\pipx\venvs\mpf\lib\site-packages\mpf
2025-06-16 06:11:45,187 : INFO : Machine : Machine path: C:\pinball\my_machine
2025-06-16 06:11:45,187 : INFO : Machine : Platform: win32
2025-06-16 06:11:45,187 : INFO : Machine : Python executable location: C:\Users\ruben\.local\pipx\venvs\mpf\Scripts\python.exe
2025-06-16 06:11:45,187 : INFO : Machine : Python version: 3.9.13 (64-bit)
2025-06-16 06:11:45,187 : INFO : Machine : Initialise MPF.
2025-06-16 06:11:45,593 : INFO : OPP : Connecting to com3 at 115200bps
2025-06-16 06:11:45,730 : INFO : OPP : Init of OPP board 1 done
2025-06-16 06:11:45,730 : INFO : OPP : Connecting to com4 at 115200bps
2025-06-16 06:11:45,792 : INFO : OPP : Init of OPP board 0 done
2025-06-16 06:11:45,793 : INFO : EventManager : Event: ======'machine_var_credits_string'====== Args={'value': 'FREE PLAY', 'prev_value': None, 'change': True}
2025-06-16 06:11:45,889 : INFO : EventManager : Event: ======'machine_var_master_volume'====== Args={'value': 0.5, 'prev_value': None, 'change': True}
2025-06-16 06:11:45,889 : INFO : EventManager : Event: ======'machine_var_player1_score'====== Args={'value': 0, 'prev_value': None, 'change': True}
2025-06-16 06:11:45,889 : INFO : EventManager : Event: ======'machine_var_mpf_version'====== Args={'value': 'MPF v0.56.0', 'prev_value': None, 'change': True}
2025-06-16 06:11:45,889 : INFO : EventManager : Event: ======'machine_var_mpf_extended_version'====== Args={'value': 'MPF v0.56.0, Config version:5, Show version: 5, BCP version:1.1', 'prev_value': None, 'change': True}
2025-06-16 06:11:45,889 : INFO : EventManager : Event: ======'machine_var_python_version'====== Args={'value': '3.9.13', 'prev_value': None, 'change': True}
2025-06-16 06:11:45,905 : INFO : EventManager : Event: ======'machine_var_platform'====== Args={'value': 'Windows-10-10.0.19045-SP0', 'prev_value': None, 'change': True}
2025-06-16 06:11:45,905 : INFO : EventManager : Event: ======'machine_var_platform_system'====== Args={'value': 'Windows', 'prev_value': None, 'change': True}
2025-06-16 06:11:45,905 : INFO : EventManager : Event: ======'machine_var_platform_release'====== Args={'value': '10', 'prev_value': None, 'change': True}
2025-06-16 06:11:45,905 : INFO : EventManager : Event: ======'machine_var_platform_version'====== Args={'value': '10.0.19045', 'prev_value': None, 'change': True}
2025-06-16 06:11:45,905 : INFO : EventManager : Event: ======'machine_var_platform_machine'====== Args={'value': 'AMD64', 'prev_value': None, 'change': True}
2025-06-16 06:11:45,905 : INFO : EventManager : Event: ======'init_phase_1'====== Args={}
2025-06-16 06:11:45,936 : INFO : EventManager : Event: ======'init_phase_2'====== Args={}
2025-06-16 06:11:45,936 : INFO : EventManager : Event: ======'bcp_connection_attempt'====== Args={'name': 'local_display', 'host': 'localhost', 'port': 5050}
2025-06-16 06:11:45,952 : INFO : BCPClientSocket : Connecting BCP to 'local_display' at localhost:5050...
2025-06-16 06:11:49,015 : INFO : BCPClientSocket : Connected BCP to 'local_display' localhost:5050
2025-06-16 06:11:49,016 : INFO : EventManager : Event: ======'bcp_clients_connected'====== Args={}
2025-06-16 06:11:49,027 : INFO : ball_device.bd_trough : BCH: Initial count: 0
2025-06-16 06:11:49,028 : INFO : EventManager : Event: ======'machine_var_mc_version'====== Args={'value': 'MPF-MC v0.56.1', 'prev_value': None, 'change': True}
2025-06-16 06:11:49,028 : INFO : EventManager : Event: ======'machine_var_mc_extended_version'====== Args={'value': 'MPF-MC v0.56.1 (config_version=5, BCP v1.1,                      Requires MPF API compatibility v0.56.0 or newer)', 'prev_value': None, 'change': True}
2025-06-16 06:11:49,031 : INFO : ball_device.bd_trough : State: idle
2025-06-16 06:11:49,097 : INFO : EventManager : Event: ======'init_phase_3'====== Args={}
2025-06-16 06:11:49,104 : INFO : EventManager : Event: ======'init_phase_4'====== Args={}
2025-06-16 06:11:49,105 : INFO : BallController : Initial balls found: 0
2025-06-16 06:11:49,106 : INFO : EventManager : Event: ======'machine_var_audits_events_game_ended'====== Args={'value': 50, 'prev_value': None, 'change': True}
2025-06-16 06:11:49,107 : INFO : EventManager : Event: ======'machine_var_audits_events_game_started'====== Args={'value': 98, 'prev_value': None, 'change': True}
2025-06-16 06:11:49,107 : INFO : EventManager : Event: ======'machine_var_audits_missing_switches_s_left_flipper'====== Args={'value': 8, 'prev_value': None, 'change': True}
2025-06-16 06:11:49,107 : INFO : EventManager : Event: ======'machine_var_audits_missing_switches_s_left_inlane1'====== Args={'value': 8, 'prev_value': None, 'change': True}
2025-06-16 06:11:49,108 : INFO : EventManager : Event: ======'machine_var_audits_missing_switches_s_left_inlane2'====== Args={'value': 8, 'prev_value': None, 'change': True}
2025-06-16 06:11:49,108 : INFO : EventManager : Event: ======'machine_var_audits_missing_switches_s_left_outlane'====== Args={'value': 9, 'prev_value': None, 'change': True}
2025-06-16 06:11:49,108 : INFO : EventManager : Event: ======'machine_var_audits_missing_switches_s_left_slingshot'====== Args={'value': 9, 'prev_value': None, 'change': True}
2025-06-16 06:11:49,108 : INFO : EventManager : Event: ======'machine_var_audits_missing_switches_s_pop1'====== Args={'value': 9, 'prev_value': None, 'change': True}
2025-06-16 06:11:49,109 : INFO : EventManager : Event: ======'machine_var_audits_missing_switches_s_pop2'====== Args={'value': 9, 'prev_value': None, 'change': True}
2025-06-16 06:11:49,109 : INFO : EventManager : Event: ======'machine_var_audits_missing_switches_s_pop3'====== Args={'value': 9, 'prev_value': None, 'change': True}
2025-06-16 06:11:49,109 : INFO : EventManager : Event: ======'machine_var_audits_missing_switches_s_pop4'====== Args={'value': 8, 'prev_value': None, 'change': True}
2025-06-16 06:11:49,109 : INFO : EventManager : Event: ======'machine_var_audits_missing_switches_s_pop5'====== Args={'value': 8, 'prev_value': None, 'change': True}
2025-06-16 06:11:49,109 : INFO : EventManager : Event: ======'machine_var_audits_missing_switches_s_right_inlane'====== Args={'value': 9, 'prev_value': None, 'change': True}
2025-06-16 06:11:49,110 : INFO : EventManager : Event: ======'machine_var_audits_missing_switches_s_right_outlane'====== Args={'value': 9, 'prev_value': None, 'change': True}
2025-06-16 06:11:49,110 : INFO : EventManager : Event: ======'machine_var_audits_missing_switches_s_right_slingshot'====== Args={'value': 9, 'prev_value': None, 'change': True}
2025-06-16 06:11:49,110 : INFO : EventManager : Event: ======'machine_var_audits_missing_switches_s_scoop_center'====== Args={'value': 8, 'prev_value': None, 'change': True}
2025-06-16 06:11:49,111 : INFO : EventManager : Event: ======'machine_var_audits_missing_switches_s_scoop_right'====== Args={'value': 9, 'prev_value': None, 'change': True}
2025-06-16 06:11:49,111 : INFO : EventManager : Event: ======'machine_var_audits_missing_switches_s_startButton'====== Args={'value': 9, 'prev_value': None, 'change': True}
2025-06-16 06:11:49,111 : INFO : EventManager : Event: ======'machine_var_audits_missing_switches_s_trough1'====== Args={'value': 9, 'prev_value': None, 'change': True}
2025-06-16 06:11:49,112 : INFO : EventManager : Event: ======'machine_var_audits_missing_switches_s_trough2'====== Args={'value': 9, 'prev_value': None, 'change': True}
2025-06-16 06:11:49,112 : INFO : EventManager : Event: ======'machine_var_audits_missing_switches_s_trough3'====== Args={'value': 9, 'prev_value': None, 'change': True}
2025-06-16 06:11:49,112 : INFO : EventManager : Event: ======'machine_var_audits_missing_switches_s_trough4'====== Args={'value': 9, 'prev_value': None, 'change': True}
2025-06-16 06:11:49,112 : INFO : EventManager : Event: ======'machine_var_audits_missing_switches_s_trough5'====== Args={'value': 8, 'prev_value': None, 'change': True}
2025-06-16 06:11:49,113 : INFO : EventManager : Event: ======'machine_var_audits_player_score'====== Args={'value': {'average': 0.0, 'top': [0, 0, 0, 0, 0, 0, 0, 0, 0, 0], 'total': 50}, 'prev_value': None, 'change': True}
2025-06-16 06:11:49,113 : INFO : EventManager : Event: ======'machine_var_audits_switches_s_drop_bank1'====== Args={'value': 140, 'prev_value': None, 'change': True}
2025-06-16 06:11:49,114 : INFO : EventManager : Event: ======'machine_var_audits_switches_s_left_flipper'====== Args={'value': 2280, 'prev_value': None, 'change': True}
2025-06-16 06:11:49,114 : INFO : EventManager : Event: ======'machine_var_audits_switches_s_left_inlane1'====== Args={'value': 1, 'prev_value': None, 'change': True}
2025-06-16 06:11:49,114 : INFO : EventManager : Event: ======'machine_var_audits_switches_s_left_inlane2'====== Args={'value': 1, 'prev_value': None, 'change': True}
2025-06-16 06:11:49,114 : INFO : EventManager : Event: ======'machine_var_audits_switches_s_left_outlane'====== Args={'value': 0, 'prev_value': None, 'change': True}
2025-06-16 06:11:49,115 : INFO : EventManager : Event: ======'machine_var_audits_switches_s_left_slingshot'====== Args={'value': 290, 'prev_value': None, 'change': True}
2025-06-16 06:11:49,115 : INFO : EventManager : Event: ======'machine_var_audits_switches_s_plunger'====== Args={'value': 5, 'prev_value': None, 'change': True}
2025-06-16 06:11:49,115 : INFO : EventManager : Event: ======'machine_var_audits_switches_s_pop1'====== Args={'value': 0, 'prev_value': None, 'change': True}
2025-06-16 06:11:49,116 : INFO : EventManager : Event: ======'machine_var_audits_switches_s_pop2'====== Args={'value': 0, 'prev_value': None, 'change': True}
2025-06-16 06:11:49,117 : INFO : EventManager : Event: ======'machine_var_audits_switches_s_pop3'====== Args={'value': 0, 'prev_value': None, 'change': True}
2025-06-16 06:11:49,118 : INFO : EventManager : Event: ======'machine_var_audits_switches_s_pop4'====== Args={'value': 1, 'prev_value': None, 'change': True}
2025-06-16 06:11:49,119 : INFO : EventManager : Event: ======'machine_var_audits_switches_s_pop5'====== Args={'value': 1, 'prev_value': None, 'change': True}
2025-06-16 06:11:49,119 : INFO : EventManager : Event: ======'machine_var_audits_switches_s_pop_bot'====== Args={'value': 426, 'prev_value': None, 'change': True}
2025-06-16 06:11:49,119 : INFO : EventManager : Event: ======'machine_var_audits_switches_s_pop_mid'====== Args={'value': 351, 'prev_value': None, 'change': True}
2025-06-16 06:11:49,120 : INFO : EventManager : Event: ======'machine_var_audits_switches_s_pop_top'====== Args={'value': 302, 'prev_value': None, 'change': True}
2025-06-16 06:11:49,120 : INFO : EventManager : Event: ======'machine_var_audits_switches_s_right_flipper'====== Args={'value': 2332, 'prev_value': None, 'change': True}
2025-06-16 06:11:49,120 : INFO : EventManager : Event: ======'machine_var_audits_switches_s_right_inlane'====== Args={'value': 57, 'prev_value': None, 'change': True}
2025-06-16 06:11:49,121 : INFO : EventManager : Event: ======'machine_var_audits_switches_s_right_outlane'====== Args={'value': 0, 'prev_value': None, 'change': True}
2025-06-16 06:11:49,121 : INFO : EventManager : Event: ======'machine_var_audits_switches_s_right_slingshot'====== Args={'value': 255, 'prev_value': None, 'change': True}
2025-06-16 06:11:49,121 : INFO : EventManager : Event: ======'machine_var_audits_switches_s_scoop_center'====== Args={'value': 1, 'prev_value': None, 'change': True}
2025-06-16 06:11:49,122 : INFO : EventManager : Event: ======'machine_var_audits_switches_s_scoop_lower'====== Args={'value': 220, 'prev_value': None, 'change': True}
2025-06-16 06:11:49,122 : INFO : EventManager : Event: ======'machine_var_audits_switches_s_scoop_right'====== Args={'value': 0, 'prev_value': None, 'change': True}
2025-06-16 06:11:49,123 : INFO : EventManager : Event: ======'machine_var_audits_switches_s_shooter_lane'====== Args={'value': 8, 'prev_value': None, 'change': True}
2025-06-16 06:11:49,123 : INFO : EventManager : Event: ======'machine_var_audits_switches_s_startButton'====== Args={'value': 34, 'prev_value': None, 'change': True}
2025-06-16 06:11:49,123 : INFO : EventManager : Event: ======'machine_var_audits_switches_s_trough1'====== Args={'value': 303, 'prev_value': None, 'change': True}
2025-06-16 06:11:49,124 : INFO : EventManager : Event: ======'machine_var_audits_switches_s_trough2'====== Args={'value': 1, 'prev_value': None, 'change': True}
2025-06-16 06:11:49,124 : INFO : EventManager : Event: ======'machine_var_audits_switches_s_trough3'====== Args={'value': 1, 'prev_value': None, 'change': True}
2025-06-16 06:11:49,124 : INFO : EventManager : Event: ======'machine_var_audits_switches_s_trough4'====== Args={'value': 1, 'prev_value': None, 'change': True}
2025-06-16 06:11:49,125 : INFO : EventManager : Event: ======'machine_var_audits_switches_s_trough5'====== Args={'value': 1, 'prev_value': None, 'change': True}
2025-06-16 06:11:49,126 : INFO : EventManager : Event: ======'init_phase_5'====== Args={}
2025-06-16 06:11:49,130 : INFO : EventManager : Event: ======'init_done'====== Args={}
2025-06-16 06:11:49,131 : INFO : EventManager : Event: ======'machine_reset_phase_1'====== Args={}
2025-06-16 06:11:49,146 : INFO : EventManager : Event: ======'slide_welcome_slide_removed'====== Args={'_from_bcp': True}
2025-06-16 06:11:49,152 : INFO : EventManager : Event: ======'slide_welcome_slide_created'====== Args={'_from_bcp': True}
2025-06-16 06:11:49,154 : INFO : EventManager : Event: ======'machine_reset_phase_2'====== Args={}
2025-06-16 06:11:49,155 : INFO : EventManager : Event: ======'machine_reset_phase_3'====== Args={}
2025-06-16 06:11:49,156 : INFO : EventManager : Event: ======'slide_welcome_slide_active'====== Args={'_from_bcp': True}
2025-06-16 06:11:49,162 : INFO : EventManager : Event: ======'reset_complete'====== Args={}
2025-06-16 06:11:49,162 : INFO : EventManager : Event: ======'mode_attract_will_start'====== Args={}
2025-06-16 06:11:49,163 : INFO : EventManager : Event: ======'mode_attract_starting'====== Args={}
2025-06-16 06:11:49,163 : INFO : Mode.attract : Started. Priority: 10
2025-06-16 06:11:49,164 : INFO : EventManager : Event: ======'modes_active_modes_changed'====== Args={}
2025-06-16 06:11:49,164 : INFO : EventManager : Event: ======'mode_attract_started'====== Args={}
2025-06-16 06:11:49,164 : INFO : EventManager : Event: ======'collecting_balls_complete'====== Args={}
2025-06-16 06:11:49,191 : INFO : EventManager : Event: ======'slide_attract_started_created'====== Args={'_from_bcp': True}
2025-06-16 06:11:49,192 : INFO : EventManager : Event: ======'slide_attract_started_active'====== Args={'_from_bcp': True}
2025-06-16 06:11:49,192 : INFO : Machine : Starting the main run loop.
2025-06-16 06:11:50,253 : INFO : SwitchController : <<<<<<< 's_pop5' active >>>>>>>
2025-06-16 06:11:50,253 : INFO : EventManager : Event: ======'playfield_active'====== Args={}
2025-06-16 06:11:50,254 : INFO : EventManager : Event: ======'unexpected_ball_on_playfield'====== Args={}
2025-06-16 06:11:50,317 : INFO : SwitchController : <<<<<<< 's_pop5' inactive >>>>>>>
2025-06-16 06:11:50,691 : INFO : SwitchController : <<<<<<< 's_pop5' active >>>>>>>
2025-06-16 06:11:50,691 : INFO : EventManager : Event: ======'playfield_active'====== Args={}
2025-06-16 06:11:50,691 : INFO : EventManager : Event: ======'unexpected_ball_on_playfield'====== Args={}
2025-06-16 06:11:50,754 : INFO : SwitchController : <<<<<<< 's_pop5' inactive >>>>>>>
2025-06-16 06:11:51,049 : INFO : SwitchController : <<<<<<< 's_pop5' active >>>>>>>
2025-06-16 06:11:51,050 : INFO : EventManager : Event: ======'playfield_active'====== Args={}
2025-06-16 06:11:51,050 : INFO : EventManager : Event: ======'unexpected_ball_on_playfield'====== Args={}
2025-06-16 06:11:51,123 : INFO : SwitchController : <<<<<<< 's_pop5' inactive >>>>>>>
2025-06-16 06:11:51,432 : INFO : SwitchController : <<<<<<< 's_pop5' active >>>>>>>
2025-06-16 06:11:51,433 : INFO : EventManager : Event: ======'playfield_active'====== Args={}
2025-06-16 06:11:51,433 : INFO : EventManager : Event: ======'unexpected_ball_on_playfield'====== Args={}
2025-06-16 06:11:51,541 : INFO : SwitchController : <<<<<<< 's_pop5' inactive >>>>>>>
2025-06-16 06:11:51,982 : INFO : SwitchController : <<<<<<< 's_pop5' active >>>>>>>
2025-06-16 06:11:51,983 : INFO : EventManager : Event: ======'playfield_active'====== Args={}
2025-06-16 06:11:51,983 : INFO : EventManager : Event: ======'unexpected_ball_on_playfield'====== Args={}
2025-06-16 06:11:52,022 : INFO : SwitchController : <<<<<<< 's_pop5' inactive >>>>>>>
2025-06-16 06:11:52,460 : INFO : SwitchController : <<<<<<< 's_pop5' active >>>>>>>
2025-06-16 06:11:52,460 : INFO : EventManager : Event: ======'playfield_active'====== Args={}
2025-06-16 06:11:52,461 : INFO : EventManager : Event: ======'unexpected_ball_on_playfield'====== Args={}
2025-06-16 06:11:52,487 : INFO : SwitchController : <<<<<<< 's_pop5' inactive >>>>>>>
2025-06-16 06:11:53,178 : INFO : SwitchController : <<<<<<< 's_pop5' active >>>>>>>
2025-06-16 06:11:53,179 : INFO : EventManager : Event: ======'playfield_active'====== Args={}
2025-06-16 06:11:53,179 : INFO : EventManager : Event: ======'unexpected_ball_on_playfield'====== Args={}
2025-06-16 06:11:53,207 : INFO : SwitchController : <<<<<<< 's_pop5' inactive >>>>>>>
2025-06-16 06:12:00,995 : INFO : SwitchController : <<<<<<< 's_pop4' active >>>>>>>
2025-06-16 06:12:00,996 : INFO : EventManager : Event: ======'playfield_active'====== Args={}
2025-06-16 06:12:00,996 : INFO : EventManager : Event: ======'unexpected_ball_on_playfield'====== Args={}
2025-06-16 06:12:01,103 : INFO : SwitchController : <<<<<<< 's_pop4' inactive >>>>>>>
2025-06-16 06:12:01,431 : INFO : SwitchController : <<<<<<< 's_pop4' active >>>>>>>
2025-06-16 06:12:01,431 : INFO : EventManager : Event: ======'playfield_active'====== Args={}
2025-06-16 06:12:01,432 : INFO : EventManager : Event: ======'unexpected_ball_on_playfield'====== Args={}
2025-06-16 06:12:01,540 : INFO : SwitchController : <<<<<<< 's_pop4' inactive >>>>>>>
2025-06-16 06:12:01,737 : INFO : SwitchController : <<<<<<< 's_pop4' active >>>>>>>
2025-06-16 06:12:01,738 : INFO : EventManager : Event: ======'playfield_active'====== Args={}
2025-06-16 06:12:01,738 : INFO : EventManager : Event: ======'unexpected_ball_on_playfield'====== Args={}
2025-06-16 06:12:01,838 : INFO : SwitchController : <<<<<<< 's_pop4' inactive >>>>>>>
2025-06-16 06:12:02,135 : INFO : SwitchController : <<<<<<< 's_pop4' active >>>>>>>
2025-06-16 06:12:02,135 : INFO : EventManager : Event: ======'playfield_active'====== Args={}
2025-06-16 06:12:02,136 : INFO : EventManager : Event: ======'unexpected_ball_on_playfield'====== Args={}
2025-06-16 06:12:02,210 : INFO : SwitchController : <<<<<<< 's_pop4' inactive >>>>>>>
2025-06-16 06:12:02,591 : INFO : SwitchController : <<<<<<< 's_pop4' active >>>>>>>
2025-06-16 06:12:02,592 : INFO : EventManager : Event: ======'playfield_active'====== Args={}
2025-06-16 06:12:02,592 : INFO : EventManager : Event: ======'unexpected_ball_on_playfield'====== Args={}
2025-06-16 06:12:02,643 : INFO : SwitchController : <<<<<<< 's_pop4' inactive >>>>>>>
2025-06-16 06:12:04,869 : INFO : SwitchController : <<<<<<< 's_pop5' active >>>>>>>
2025-06-16 06:12:04,870 : INFO : EventManager : Event: ======'playfield_active'====== Args={}
2025-06-16 06:12:04,870 : INFO : EventManager : Event: ======'unexpected_ball_on_playfield'====== Args={}
2025-06-16 06:12:04,966 : INFO : SwitchController : <<<<<<< 's_pop5' inactive >>>>>>>
2025-06-16 06:12:05,398 : INFO : SwitchController : <<<<<<< 's_pop5' active >>>>>>>
2025-06-16 06:12:05,398 : INFO : EventManager : Event: ======'playfield_active'====== Args={}
2025-06-16 06:12:05,399 : INFO : EventManager : Event: ======'unexpected_ball_on_playfield'====== Args={}
2025-06-16 06:12:05,504 : INFO : SwitchController : <<<<<<< 's_pop5' inactive >>>>>>>
2025-06-16 06:12:08,273 : INFO : SwitchController : <<<<<<< 's_pop1' active >>>>>>>
2025-06-16 06:12:08,273 : INFO : EventManager : Event: ======'playfield_active'====== Args={}
2025-06-16 06:12:08,273 : INFO : EventManager : Event: ======'unexpected_ball_on_playfield'====== Args={}
2025-06-16 06:12:08,355 : INFO : SwitchController : <<<<<<< 's_pop1' inactive >>>>>>>
2025-06-16 06:12:08,863 : INFO : SwitchController : <<<<<<< 's_pop1' active >>>>>>>
2025-06-16 06:12:08,864 : INFO : EventManager : Event: ======'playfield_active'====== Args={}
2025-06-16 06:12:08,864 : INFO : EventManager : Event: ======'unexpected_ball_on_playfield'====== Args={}
2025-06-16 06:12:08,957 : INFO : SwitchController : <<<<<<< 's_pop1' inactive >>>>>>>
2025-06-16 06:12:09,242 : INFO : SwitchController : <<<<<<< 's_pop1' active >>>>>>>
2025-06-16 06:12:09,243 : INFO : EventManager : Event: ======'playfield_active'====== Args={}
2025-06-16 06:12:09,243 : INFO : EventManager : Event: ======'unexpected_ball_on_playfield'====== Args={}
2025-06-16 06:12:09,331 : INFO : SwitchController : <<<<<<< 's_pop1' inactive >>>>>>>
2025-06-16 06:12:12,510 : INFO : SwitchController : <<<<<<< 's_pop3' active >>>>>>>
2025-06-16 06:12:12,511 : INFO : EventManager : Event: ======'playfield_active'====== Args={}
2025-06-16 06:12:12,511 : INFO : EventManager : Event: ======'unexpected_ball_on_playfield'====== Args={}
2025-06-16 06:12:12,557 : INFO : SwitchController : <<<<<<< 's_pop3' inactive >>>>>>>
2025-06-16 06:12:13,040 : INFO : SwitchController : <<<<<<< 's_pop3' active >>>>>>>
2025-06-16 06:12:13,040 : INFO : EventManager : Event: ======'playfield_active'====== Args={}
2025-06-16 06:12:13,040 : INFO : EventManager : Event: ======'unexpected_ball_on_playfield'====== Args={}
2025-06-16 06:12:13,087 : INFO : SwitchController : <<<<<<< 's_pop3' inactive >>>>>>>
2025-06-16 06:12:13,820 : INFO : SwitchController : <<<<<<< 's_pop3' active >>>>>>>
2025-06-16 06:12:13,821 : INFO : EventManager : Event: ======'playfield_active'====== Args={}
2025-06-16 06:12:13,821 : INFO : EventManager : Event: ======'unexpected_ball_on_playfield'====== Args={}
2025-06-16 06:12:13,864 : INFO : SwitchController : <<<<<<< 's_pop3' inactive >>>>>>>
2025-06-16 06:12:14,261 : INFO : SwitchController : <<<<<<< 's_pop3' active >>>>>>>
2025-06-16 06:12:14,261 : INFO : EventManager : Event: ======'playfield_active'====== Args={}
2025-06-16 06:12:14,261 : INFO : EventManager : Event: ======'unexpected_ball_on_playfield'====== Args={}
2025-06-16 06:12:14,318 : INFO : SwitchController : <<<<<<< 's_pop3' inactive >>>>>>>
2025-06-16 06:12:16,485 : INFO : SwitchController : <<<<<<< 's_pop1' active >>>>>>>
2025-06-16 06:12:16,485 : INFO : EventManager : Event: ======'playfield_active'====== Args={}
2025-06-16 06:12:16,485 : INFO : EventManager : Event: ======'unexpected_ball_on_playfield'====== Args={}
2025-06-16 06:12:16,572 : INFO : SwitchController : <<<<<<< 's_pop1' inactive >>>>>>>
2025-06-16 06:12:17,958 : INFO : SwitchController : <<<<<<< 's_pop2' active >>>>>>>
2025-06-16 06:12:17,959 : INFO : EventManager : Event: ======'playfield_active'====== Args={}
2025-06-16 06:12:17,959 : INFO : EventManager : Event: ======'unexpected_ball_on_playfield'====== Args={}
2025-06-16 06:12:17,991 : INFO : SwitchController : <<<<<<< 's_pop2' inactive >>>>>>>
2025-06-16 06:12:18,411 : INFO : SwitchController : <<<<<<< 's_pop2' active >>>>>>>
2025-06-16 06:12:18,411 : INFO : EventManager : Event: ======'playfield_active'====== Args={}
2025-06-16 06:12:18,412 : INFO : EventManager : Event: ======'unexpected_ball_on_playfield'====== Args={}
2025-06-16 06:12:18,456 : INFO : SwitchController : <<<<<<< 's_pop2' inactive >>>>>>>
2025-06-16 06:12:18,662 : INFO : SwitchController : <<<<<<< 's_pop2' active >>>>>>>
2025-06-16 06:12:18,662 : INFO : EventManager : Event: ======'playfield_active'====== Args={}
2025-06-16 06:12:18,662 : INFO : EventManager : Event: ======'unexpected_ball_on_playfield'====== Args={}
2025-06-16 06:12:18,770 : INFO : SwitchController : <<<<<<< 's_pop2' inactive >>>>>>>
2025-06-16 06:12:18,941 : INFO : SwitchController : <<<<<<< 's_pop2' active >>>>>>>
2025-06-16 06:12:18,942 : INFO : EventManager : Event: ======'playfield_active'====== Args={}
2025-06-16 06:12:18,942 : INFO : EventManager : Event: ======'unexpected_ball_on_playfield'====== Args={}
2025-06-16 06:12:18,966 : INFO : SwitchController : <<<<<<< 's_pop2' inactive >>>>>>>
2025-06-16 06:12:23,012 : INFO : SwitchController : <<<<<<< 's_pop1' active >>>>>>>
2025-06-16 06:12:23,012 : INFO : EventManager : Event: ======'playfield_active'====== Args={}
2025-06-16 06:12:23,013 : INFO : EventManager : Event: ======'unexpected_ball_on_playfield'====== Args={}
2025-06-16 06:12:23,022 : INFO : SwitchController : <<<<<<< 's_pop1' inactive >>>>>>>
2025-06-16 06:12:23,028 : INFO : SwitchController : <<<<<<< 's_pop1' active >>>>>>>
2025-06-16 06:12:23,028 : INFO : EventManager : Event: ======'playfield_active'====== Args={}
2025-06-16 06:12:23,028 : INFO : EventManager : Event: ======'unexpected_ball_on_playfield'====== Args={}
2025-06-16 06:12:23,062 : INFO : SwitchController : <<<<<<< 's_pop1' inactive >>>>>>>
2025-06-16 06:12:23,840 : INFO : SwitchController : <<<<<<< 's_pop1' active >>>>>>>
2025-06-16 06:12:23,840 : INFO : EventManager : Event: ======'playfield_active'====== Args={}
2025-06-16 06:12:23,840 : INFO : EventManager : Event: ======'unexpected_ball_on_playfield'====== Args={}
2025-06-16 06:12:23,903 : INFO : SwitchController : <<<<<<< 's_pop1' inactive >>>>>>>
2025-06-16 06:12:25,276 : INFO : SwitchController : <<<<<<< 's_pop3' active >>>>>>>
2025-06-16 06:12:25,276 : INFO : EventManager : Event: ======'playfield_active'====== Args={}
2025-06-16 06:12:25,276 : INFO : EventManager : Event: ======'unexpected_ball_on_playfield'====== Args={}
2025-06-16 06:12:25,285 : INFO : SwitchController : <<<<<<< 's_pop3' inactive >>>>>>>
2025-06-16 06:12:25,625 : INFO : SwitchController : <<<<<<< 's_pop3' active >>>>>>>
2025-06-16 06:12:25,625 : INFO : EventManager : Event: ======'playfield_active'====== Args={}
2025-06-16 06:12:25,626 : INFO : EventManager : Event: ======'unexpected_ball_on_playfield'====== Args={}
2025-06-16 06:12:25,721 : INFO : SwitchController : <<<<<<< 's_pop3' inactive >>>>>>>
2025-06-16 06:12:34,328 : INFO : Machine : Shutting down...
2025-06-16 06:12:34,328 : INFO : EventManager : Event: ======'shutdown'====== Args={}
2025-06-16 06:12:34,332 : ERROR : OPP : Stop called on serial connection com3
2025-06-16 06:12:34,337 : ERROR : OPP : Stop called on serial connection com4
2025-06-16 06:12:34,367 : INFO : root : MPF run loop ended.
