2025-05-30 06:54:34,265 : kivy : Factory: 189 symbols loaded
2025-05-30 06:54:34,570 : kivy : ImageLoaderFFPy: Using ffpyplayer 4.3.5
2025-05-30 06:54:34,570 : kivy : Image: Providers: img_tex, img_dds, img_sdl2, img_pil, img_ffpyplayer 
2025-05-30 06:54:34,648 : kivy : VideoGstplayer: Using Gstreamer 1.18.5.0
2025-05-30 06:54:34,648 : kivy : Video: Provider: gstplayer
2025-05-30 06:54:34,898 : kivy : Loading MPF-MC controller
2025-05-30 06:54:34,903 : YamlMultifileConfigLoader : Machine config file #1: config
2025-05-30 06:54:34,904 : ConfigProcessor : Config file in cache changed: C:\pinball\my_machine\config\config
2025-05-30 06:54:34,905 : ConfigProcessor : Loading config from file C:\Users\ruben\.local\pipx\venvs\mpf\lib\site-packages\mpfmc\mcconfig.yaml.
2025-05-30 06:54:34,958 : ConfigProcessor : Loading config: C:\Users\ruben\.local\pipx\venvs\mpf\lib\site-packages\mpfmc\mcconfig.yaml
2025-05-30 06:54:34,959 : ConfigProcessor : Loading config from file C:\pinball\my_machine\config\config.
2025-05-30 06:54:34,999 : ConfigProcessor : Loading config: C:\pinball\my_machine\config\config
2025-05-30 06:54:35,001 : ConfigProcessor : Config file cache created: C:\Users\ruben\AppData\Local\Temp\5edbcd24fbe704f5401fb4c9e1e1d8f8.mpf_cache
2025-05-30 06:54:35,002 : ConfigProcessor : Loading config from cache: C:\Users\ruben\AppData\Local\Temp\67cf8ffee0fce2d4fcb5ef0bb894d8de.mpf_cache
2025-05-30 06:54:35,003 : ConfigProcessor : Loading config from cache: C:\Users\ruben\AppData\Local\Temp\25321780674732dcacb77a8f5b2a53cd.mpf_cache
2025-05-30 06:54:35,004 : mpfmc : Mission Pinball Framework Media Controller v0.56.1
2025-05-30 06:54:35,004 : mpfmc : Mission Pinball Framework Game Engine v0.56.0
2025-05-30 06:54:35,004 : mpfmc : Machine path: C:\pinball\my_machine
2025-05-30 06:54:35,004 : mpfmc : Starting clock at 60.0Hz
2025-05-30 06:54:35,034 : kivy : Text: Provider: sdl2
2025-05-30 06:54:35,127 : kivy : Window: Provider: sdl2
2025-05-30 06:54:36,701 : kivy : GL: Using the "OpenGL" graphics system
2025-05-30 06:54:36,710 : kivy : GL: GLEW initialization succeeded
2025-05-30 06:54:36,710 : kivy : GL: Backend used <glew>
2025-05-30 06:54:36,711 : kivy : GL: OpenGL version <b'4.5.0 NVIDIA 376.54'>
2025-05-30 06:54:36,711 : kivy : GL: OpenGL vendor <b'NVIDIA Corporation'>
2025-05-30 06:54:36,711 : kivy : GL: OpenGL renderer <b'GeForce GT 630M/PCIe/SSE2'>
2025-05-30 06:54:36,711 : kivy : GL: OpenGL parsed version: 4, 5
2025-05-30 06:54:36,711 : kivy : GL: Shading version <b'4.50 NVIDIA'>
2025-05-30 06:54:36,711 : kivy : GL: Texture max size <16384>
2025-05-30 06:54:36,712 : kivy : GL: Texture max units <32>
2025-05-30 06:54:36,739 : kivy : Window: auto add sdl2 input provider
2025-05-30 06:54:36,739 : kivy : Window: virtual keyboard not allowed, single mode, not docked
2025-05-30 06:54:36,753 : SoundSystem : SoundSystem: Using default 'sound_system' settings
2025-05-30 06:54:37,147 : AudioInterface : Initialized
2025-05-30 06:54:37,147 : AudioInterface : Loaded SDL 2.0.20
2025-05-30 06:54:37,147 : AudioInterface : Loaded SDL_Mixer 2.0.4
2025-05-30 06:54:37,147 : AudioInterface : Loaded GStreamer 1.18.5.0
2025-05-30 06:54:37,147 : AudioInterface : Loaded GLib 2.62.6
2025-05-30 06:54:37,147 : AudioInterface : Settings requested - rate: 44100, channels: 1, buffer: 2048 samples
2025-05-30 06:54:37,147 : AudioInterface : Settings in use - rate: 44100, channels: 1, buffer: 2048 samples (4096 bytes @ 2 bytes per sample)
2025-05-30 06:54:37,148 : SoundSystem : No audio tracks are specified in your machine config file. a track named 'default' has been created.
2025-05-30 06:54:37,148 : SoundSystem : Setting master volume to 0.0
2025-05-30 06:54:37,148 : SoundSystem : master_volume in sound_system is deprecated and will be removed in the future.
2025-05-30 06:54:37,148 : AudioInterface : Enabling audio playback
2025-05-30 06:54:37,151 : kivy : Base: Start application main loop
2025-05-30 06:54:37,152 : EventManager : Event: ======'display_window_initialized'====== Args={}
2025-05-30 06:54:37,160 : mpfmc : Display: Setting 'window' as default display
2025-05-30 06:54:37,176 : EventManager : Event: ======'displays_initialized'====== Args={}
2025-05-30 06:54:37,178 : EventManager : Event: ======'slide_window_blank_created'====== Args={}
2025-05-30 06:54:37,178 : EventManager : Event: ======'display_window_ready'====== Args={}
2025-05-30 06:54:37,210 : EventManager : Event: ======'init_phase_1'====== Args={}
2025-05-30 06:54:37,221 : EventManager : Event: ======'mc_ready'====== Args={}
2025-05-30 06:54:37,222 : EventManager : Event: ======'init_phase_2'====== Args={}
2025-05-30 06:54:37,224 : EventManager : Event: ======'init_phase_3'====== Args={}
2025-05-30 06:54:37,225 : EventManager : Event: ======'init_phase_4'====== Args={}
2025-05-30 06:54:37,225 : EventManager : Event: ======'init_phase_5'====== Args={}
2025-05-30 06:54:37,225 : EventManager : Event: ======'init_done'====== Args={}
2025-05-30 06:54:37,226 : MPF-MC BCP Server : Starting up on localhost port 5050
2025-05-30 06:54:37,231 : MPF-MC BCP Server : Waiting for a connection...
2025-05-30 06:54:37,231 : mpfmc : SlidePlayer: Play called with settings={'slides': {welcome_slide-None-None: {'priority': None, 'target': None, 'background_color': [0.0, 0.0, 0.0, 1.0], 'show': True, 'force': False, 'expire': None, 'slide': None, 'tokens': {}, 'action': 'play', 'transition': None, 'transition_out': None}}}
2025-05-30 06:54:37,319 : kivy : GL: NPOT texture support is available
2025-05-30 06:54:37,321 : EventManager : Event: ======'slide_welcome_slide_created'====== Args={}
2025-05-30 06:54:37,325 : EventManager : Event: ======'slide_welcome_slide_active'====== Args={}
2025-05-30 06:54:37,333 : EventManager : Event: ======'client_disconnected'====== Args={'host': '127.0.0.1', 'port': 5050}
2025-05-30 06:54:37,711 : MPF-MC BCP Server : Received connection from: 127.0.0.1:57981
2025-05-30 06:54:37,722 : EventManager : Event: ======'client_connected'====== Args={'host': '127.0.0.1', 'port': 57981}
2025-05-30 06:54:37,759 : EventManager : Event: ======'machine_var_credits_string'====== Args={'value': 'FREE PLAY', 'prev_value': None, 'change': True}
2025-05-30 06:54:37,760 : EventManager : Event: ======'machine_var_master_volume'====== Args={'value': 0.5, 'prev_value': None, 'change': True}
2025-05-30 06:54:37,760 : EventManager : Event: ======'machine_var_player1_score'====== Args={'value': 0, 'prev_value': None, 'change': True}
2025-05-30 06:54:37,760 : EventManager : Event: ======'machine_var_mpf_version'====== Args={'value': 'MPF v0.56.0', 'prev_value': None, 'change': True}
2025-05-30 06:54:37,761 : EventManager : Event: ======'machine_var_mpf_extended_version'====== Args={'value': 'MPF v0.56.0, Config version:5, Show version: 5, BCP version:1.1', 'prev_value': None, 'change': True}
2025-05-30 06:54:37,761 : EventManager : Event: ======'machine_var_python_version'====== Args={'value': '3.9.13', 'prev_value': None, 'change': True}
2025-05-30 06:54:37,761 : EventManager : Event: ======'machine_var_platform'====== Args={'value': 'Windows-10-10.0.19045-SP0', 'prev_value': None, 'change': True}
2025-05-30 06:54:37,762 : EventManager : Event: ======'machine_var_platform_system'====== Args={'value': 'Windows', 'prev_value': None, 'change': True}
2025-05-30 06:54:37,762 : EventManager : Event: ======'machine_var_platform_release'====== Args={'value': '10', 'prev_value': None, 'change': True}
2025-05-30 06:54:37,762 : EventManager : Event: ======'machine_var_platform_version'====== Args={'value': '10.0.19045', 'prev_value': None, 'change': True}
2025-05-30 06:54:37,763 : EventManager : Event: ======'machine_var_platform_machine'====== Args={'value': 'AMD64', 'prev_value': None, 'change': True}
2025-05-30 06:54:37,763 : EventManager : Event: ======'machine_var_mc_version'====== Args={'value': 'MPF-MC v0.56.1', 'prev_value': None, 'change': True}
2025-05-30 06:54:37,764 : EventManager : Event: ======'machine_var_mc_extended_version'====== Args={'value': 'MPF-MC v0.56.1 (config_version=5, BCP v1.1,                      Requires MPF API compatibility v0.56.0 or newer)', 'prev_value': None, 'change': True}
2025-05-30 06:54:37,764 : SoundSystem : Setting master volume to 0.5
2025-05-30 06:54:37,851 : EventManager : Event: ======'machine_var_audits_events_game_ended'====== Args={'value': 50, 'prev_value': None, 'change': True}
2025-05-30 06:54:37,851 : EventManager : Event: ======'machine_var_audits_events_game_started'====== Args={'value': 80, 'prev_value': None, 'change': True}
2025-05-30 06:54:37,851 : EventManager : Event: ======'machine_var_audits_player_score'====== Args={'value': {'average': 0.0, 'top': [0, 0, 0, 0, 0, 0, 0, 0, 0, 0], 'total': 50}, 'prev_value': None, 'change': True}
2025-05-30 06:54:37,851 : EventManager : Event: ======'machine_var_audits_switches_s_drop_bank1'====== Args={'value': 140, 'prev_value': None, 'change': True}
2025-05-30 06:54:37,851 : EventManager : Event: ======'machine_var_audits_switches_s_left_flipper'====== Args={'value': 2141, 'prev_value': None, 'change': True}
2025-05-30 06:54:37,851 : EventManager : Event: ======'machine_var_audits_switches_s_left_slingshot'====== Args={'value': 290, 'prev_value': None, 'change': True}
2025-05-30 06:54:37,851 : EventManager : Event: ======'machine_var_audits_switches_s_pop_bot'====== Args={'value': 426, 'prev_value': None, 'change': True}
2025-05-30 06:54:37,852 : EventManager : Event: ======'machine_var_audits_switches_s_pop_mid'====== Args={'value': 351, 'prev_value': None, 'change': True}
2025-05-30 06:54:37,852 : EventManager : Event: ======'machine_var_audits_switches_s_pop_top'====== Args={'value': 302, 'prev_value': None, 'change': True}
2025-05-30 06:54:37,852 : EventManager : Event: ======'machine_var_audits_switches_s_right_flipper'====== Args={'value': 2194, 'prev_value': None, 'change': True}
2025-05-30 06:54:37,852 : EventManager : Event: ======'machine_var_audits_switches_s_right_inlane'====== Args={'value': 0, 'prev_value': None, 'change': True}
2025-05-30 06:54:37,852 : EventManager : Event: ======'machine_var_audits_switches_s_right_slingshot'====== Args={'value': 255, 'prev_value': None, 'change': True}
2025-05-30 06:54:37,852 : EventManager : Event: ======'machine_var_audits_switches_s_scoop_center'====== Args={'value': 0, 'prev_value': None, 'change': True}
2025-05-30 06:54:37,852 : EventManager : Event: ======'machine_var_audits_switches_s_scoop_lower'====== Args={'value': 220, 'prev_value': None, 'change': True}
2025-05-30 06:54:37,852 : EventManager : Event: ======'machine_var_audits_switches_s_scoop_right'====== Args={'value': 0, 'prev_value': None, 'change': True}
2025-05-30 06:54:37,852 : EventManager : Event: ======'machine_var_audits_switches_s_startButton'====== Args={'value': 11, 'prev_value': None, 'change': True}
2025-05-30 06:54:37,852 : EventManager : Event: ======'machine_var_audits_switches_s_trough1'====== Args={'value': 303, 'prev_value': None, 'change': True}
2025-05-30 06:54:37,853 : EventManager : Event: ======'machine_var_audits_switches_s_trough2'====== Args={'value': 0, 'prev_value': None, 'change': True}
2025-05-30 06:54:37,853 : EventManager : Event: ======'machine_var_audits_switches_s_trough3'====== Args={'value': 0, 'prev_value': None, 'change': True}
2025-05-30 06:54:37,853 : EventManager : Event: ======'machine_var_audits_switches_s_trough4'====== Args={'value': 0, 'prev_value': None, 'change': True}
2025-05-30 06:54:37,853 : EventManager : Event: ======'machine_var_audits_switches_s_trough5'====== Args={'value': 0, 'prev_value': None, 'change': True}
2025-05-30 06:54:37,862 : EventManager : Event: ======'slides_play'====== Args={'settings': {'welcome_slide': {'target': None, 'background_color': [0.0, 0.0, 0.0, 1.0], 'priority': None, 'show': True, 'force': False, 'expire': None, 'slide': None, 'tokens': {}, 'action': 'play'}}, 'context': '_global', 'calling_context': 'init_done', 'priority': 0}
2025-05-30 06:54:37,862 : EventManager : Event: ======'mc_reset_phase_1'====== Args={}
2025-05-30 06:54:37,862 : mpfmc : SlidePlayer: Play called with settings={'welcome_slide': {'target': None, 'background_color': [0.0, 0.0, 0.0, 1.0], 'priority': None, 'show': True, 'force': False, 'expire': None, 'slide': None, 'tokens': {}, 'action': 'play'}}
2025-05-30 06:54:37,862 : EventManager : Event: ======'slide_welcome_slide_removed'====== Args={}
2025-05-30 06:54:37,867 : EventManager : Event: ======'slide_welcome_slide_created'====== Args={}
2025-05-30 06:54:37,868 : EventManager : Event: ======'mc_reset_phase_2'====== Args={}
2025-05-30 06:54:37,868 : EventManager : Event: ======'mc_reset_phase_3'====== Args={}
2025-05-30 06:54:37,868 : EventManager : Event: ======'mc_reset_complete'====== Args={}
2025-05-30 06:54:37,869 : EventManager : Event: ======'slide_welcome_slide_active'====== Args={}
2025-05-30 06:54:37,887 : EventManager : Event: ======'slides_play'====== Args={'settings': {'attract_started': {'target': None, 'background_color': [0.0, 0.0, 0.0, 1.0], 'priority': None, 'show': True, 'force': False, 'expire': None, 'slide': None, 'tokens': {}, 'action': 'play'}}, 'context': '_global', 'calling_context': 'mode_attract_started', 'priority': 0}
2025-05-30 06:54:37,887 : mpfmc : SlidePlayer: Play called with settings={'attract_started': {'target': None, 'background_color': [0.0, 0.0, 0.0, 1.0], 'priority': None, 'show': True, 'force': False, 'expire': None, 'slide': None, 'tokens': {}, 'action': 'play'}}
2025-05-30 06:54:37,895 : EventManager : Event: ======'slide_attract_started_created'====== Args={}
2025-05-30 06:54:37,898 : EventManager : Event: ======'slide_attract_started_active'====== Args={}
2025-05-30 06:55:04,073 : EventManager : Event: ======'game_started'====== Args={}
2025-05-30 06:55:04,085 : EventManager : Event: ======'player_added'====== Args={'player': <Player 1>, 'num': 1}
2025-05-30 06:55:04,085 : EventManager : Event: ======'player_index'====== Args={'value': 0, 'prev_value': 0, 'change': 0, 'player_num': 1}
2025-05-30 06:55:04,086 : EventManager : Event: ======'player_number'====== Args={'value': 1, 'prev_value': 1, 'change': 0, 'player_num': 1}
2025-05-30 06:55:04,086 : EventManager : Event: ======'player_score'====== Args={'value': 0, 'prev_value': 0, 'change': 0, 'player_num': 1}
2025-05-30 06:55:04,110 : EventManager : Event: ======'player_ball'====== Args={'value': 1, 'prev_value': 0, 'change': 1, 'player_num': 1}
2025-05-30 06:55:04,110 : EventManager : Event: ======'player_turn_start'====== Args={'number': 1, 'player': <Player 1>}
2025-05-30 06:55:04,122 : EventManager : Event: ======'slides_play'====== Args={'settings': {'widgets': {'widgets': [{'type': 'text', 'text': 'PLAYER (number) BALL (ball)', '_default_settings': ['type', 'text'], 'x': None, 'y': None, 'anchor_x': 'center', 'anchor_y': 'center', 'round_anchor_x': None, 'round_anchor_y': None, 'opacity': 1.0, 'z': 0, 'reset_animations_events': {}, 'color': [1.0, 1.0, 1.0, 1.0], 'style': [], 'adjust_top': 0, 'adjust_bottom': 0, 'adjust_left': 0, 'adjust_right': 0, 'expire': None, 'key': None, 'widget': None, 'events_when_added': [], 'events_when_removed': [], 'font_size': 15, 'bitmap_font': False, 'font_kerning': True, 'bold': False, 'italic': False, 'number_grouping': False, 'min_digits': 0, 'halign': 'center', 'valign': 'middle', 'rotation': 0, 'scale': 1.0, 'casing': None, 'animations': None}], 'target': None, 'background_color': [0.0, 0.0, 0.0, 1.0], 'priority': None, 'show': True, 'force': False, 'expire': None, 'slide': None, 'tokens': {}, 'action': 'play'}}, 'context': '_global', 'calling_context': 'ball_started', 'priority': 0, 'player': 1, 'ball': 1, 'balls_remaining': 2, 'is_extra_ball': False}
2025-05-30 06:55:04,122 : mpfmc : SlidePlayer: Play called with settings={'widgets': {'widgets': [{'type': 'text', 'text': 'PLAYER (number) BALL (ball)', '_default_settings': ['type', 'text'], 'x': None, 'y': None, 'anchor_x': 'center', 'anchor_y': 'center', 'round_anchor_x': None, 'round_anchor_y': None, 'opacity': 1.0, 'z': 0, 'reset_animations_events': {}, 'color': [1.0, 1.0, 1.0, 1.0], 'style': [], 'adjust_top': 0, 'adjust_bottom': 0, 'adjust_left': 0, 'adjust_right': 0, 'expire': None, 'key': None, 'widget': None, 'events_when_added': [], 'events_when_removed': [], 'font_size': 15, 'bitmap_font': False, 'font_kerning': True, 'bold': False, 'italic': False, 'number_grouping': False, 'min_digits': 0, 'halign': 'center', 'valign': 'middle', 'rotation': 0, 'scale': 1.0, 'casing': None, 'animations': None}], 'target': None, 'background_color': [0.0, 0.0, 0.0, 1.0], 'priority': None, 'show': True, 'force': False, 'expire': None, 'slide': None, 'tokens': {}, 'action': 'play'}}
2025-05-30 06:55:04,129 : EventManager : Event: ======'slide__global.slide_player-ball_started_created'====== Args={}
2025-05-30 06:55:04,131 : EventManager : Event: ======'slide__global.slide_player-ball_started_active'====== Args={}
2025-05-30 06:55:18,469 : EventManager : Event: ======'machine_var_audits_switches_s_left_flipper'====== Args={'value': 2142, 'prev_value': 2141, 'change': 1}
2025-05-30 06:55:18,507 : EventManager : Event: ======'machine_var_audits_switches_s_right_flipper'====== Args={'value': 2195, 'prev_value': 2194, 'change': 1}
2025-05-30 06:55:18,779 : EventManager : Event: ======'machine_var_audits_switches_s_right_flipper'====== Args={'value': 2196, 'prev_value': 2195, 'change': 1}
2025-05-30 06:55:18,928 : EventManager : Event: ======'machine_var_audits_switches_s_left_flipper'====== Args={'value': 2143, 'prev_value': 2142, 'change': 1}
2025-05-30 06:55:19,075 : EventManager : Event: ======'machine_var_audits_switches_s_right_flipper'====== Args={'value': 2197, 'prev_value': 2196, 'change': 1}
2025-05-30 06:55:19,212 : EventManager : Event: ======'machine_var_audits_switches_s_left_flipper'====== Args={'value': 2144, 'prev_value': 2143, 'change': 1}
2025-05-30 06:55:19,362 : EventManager : Event: ======'machine_var_audits_switches_s_right_flipper'====== Args={'value': 2198, 'prev_value': 2197, 'change': 1}
2025-05-30 06:55:19,510 : EventManager : Event: ======'machine_var_audits_switches_s_left_flipper'====== Args={'value': 2145, 'prev_value': 2144, 'change': 1}
2025-05-30 06:55:19,684 : EventManager : Event: ======'machine_var_audits_switches_s_right_flipper'====== Args={'value': 2199, 'prev_value': 2198, 'change': 1}
2025-05-30 06:55:19,831 : EventManager : Event: ======'machine_var_audits_switches_s_left_flipper'====== Args={'value': 2146, 'prev_value': 2145, 'change': 1}
2025-05-30 06:55:20,304 : EventManager : Event: ======'machine_var_audits_switches_s_right_flipper'====== Args={'value': 2200, 'prev_value': 2199, 'change': 1}
2025-05-30 06:55:20,628 : EventManager : Event: ======'machine_var_audits_switches_s_left_flipper'====== Args={'value': 2147, 'prev_value': 2146, 'change': 1}
2025-05-30 06:55:21,184 : EventManager : Event: ======'machine_var_audits_switches_s_right_flipper'====== Args={'value': 2201, 'prev_value': 2200, 'change': 1}
2025-05-30 06:55:21,457 : EventManager : Event: ======'machine_var_audits_switches_s_right_flipper'====== Args={'value': 2202, 'prev_value': 2201, 'change': 1}
2025-05-30 06:55:21,794 : EventManager : Event: ======'machine_var_audits_switches_s_right_flipper'====== Args={'value': 2203, 'prev_value': 2202, 'change': 1}
2025-05-30 06:55:22,038 : EventManager : Event: ======'machine_var_audits_switches_s_left_flipper'====== Args={'value': 2148, 'prev_value': 2147, 'change': 1}
2025-05-30 06:55:22,210 : EventManager : Event: ======'machine_var_audits_switches_s_right_flipper'====== Args={'value': 2204, 'prev_value': 2203, 'change': 1}
2025-05-30 06:55:22,369 : EventManager : Event: ======'machine_var_audits_switches_s_left_flipper'====== Args={'value': 2149, 'prev_value': 2148, 'change': 1}
2025-05-30 06:55:22,467 : EventManager : Event: ======'machine_var_audits_switches_s_right_flipper'====== Args={'value': 2205, 'prev_value': 2204, 'change': 1}
2025-05-30 06:55:22,614 : EventManager : Event: ======'machine_var_audits_switches_s_left_flipper'====== Args={'value': 2150, 'prev_value': 2149, 'change': 1}
2025-05-30 06:55:22,714 : EventManager : Event: ======'machine_var_audits_switches_s_right_flipper'====== Args={'value': 2206, 'prev_value': 2205, 'change': 1}
2025-05-30 06:55:30,027 : EventManager : Event: ======'machine_var_audits_switches_s_left_flipper'====== Args={'value': 2151, 'prev_value': 2150, 'change': 1}
2025-05-30 06:55:30,263 : EventManager : Event: ======'machine_var_audits_switches_s_right_flipper'====== Args={'value': 2207, 'prev_value': 2206, 'change': 1}
2025-05-30 06:55:30,609 : EventManager : Event: ======'machine_var_audits_switches_s_left_flipper'====== Args={'value': 2152, 'prev_value': 2151, 'change': 1}
2025-05-30 06:55:30,831 : EventManager : Event: ======'machine_var_audits_switches_s_right_flipper'====== Args={'value': 2208, 'prev_value': 2207, 'change': 1}
2025-05-30 06:55:31,091 : EventManager : Event: ======'machine_var_audits_switches_s_left_flipper'====== Args={'value': 2153, 'prev_value': 2152, 'change': 1}
2025-05-30 06:55:31,400 : EventManager : Event: ======'machine_var_audits_switches_s_right_flipper'====== Args={'value': 2209, 'prev_value': 2208, 'change': 1}
2025-05-30 06:55:31,625 : EventManager : Event: ======'machine_var_audits_switches_s_left_flipper'====== Args={'value': 2154, 'prev_value': 2153, 'change': 1}
2025-05-30 06:55:31,873 : EventManager : Event: ======'machine_var_audits_switches_s_right_flipper'====== Args={'value': 2210, 'prev_value': 2209, 'change': 1}
2025-05-30 06:55:32,132 : EventManager : Event: ======'machine_var_audits_switches_s_left_flipper'====== Args={'value': 2155, 'prev_value': 2154, 'change': 1}
2025-05-30 06:55:32,441 : EventManager : Event: ======'machine_var_audits_switches_s_right_flipper'====== Args={'value': 2211, 'prev_value': 2210, 'change': 1}
2025-05-30 06:55:32,688 : EventManager : Event: ======'machine_var_audits_switches_s_left_flipper'====== Args={'value': 2156, 'prev_value': 2155, 'change': 1}
2025-05-30 06:55:32,973 : EventManager : Event: ======'machine_var_audits_switches_s_right_flipper'====== Args={'value': 2212, 'prev_value': 2211, 'change': 1}
2025-05-30 06:55:33,287 : EventManager : Event: ======'machine_var_audits_switches_s_left_flipper'====== Args={'value': 2157, 'prev_value': 2156, 'change': 1}
2025-05-30 06:57:42,304 : EventManager : Event: ======'machine_var_audits_switches_s_left_flipper'====== Args={'value': 2158, 'prev_value': 2157, 'change': 1}
2025-05-30 06:57:42,689 : EventManager : Event: ======'machine_var_audits_switches_s_right_flipper'====== Args={'value': 2213, 'prev_value': 2212, 'change': 1}
2025-05-30 06:57:43,085 : EventManager : Event: ======'machine_var_audits_switches_s_left_flipper'====== Args={'value': 2159, 'prev_value': 2158, 'change': 1}
2025-05-30 06:57:43,445 : EventManager : Event: ======'machine_var_audits_switches_s_right_flipper'====== Args={'value': 2214, 'prev_value': 2213, 'change': 1}
2025-05-30 06:57:43,921 : EventManager : Event: ======'machine_var_audits_switches_s_right_flipper'====== Args={'value': 2215, 'prev_value': 2214, 'change': 1}
2025-05-30 06:57:44,267 : EventManager : Event: ======'machine_var_audits_switches_s_right_flipper'====== Args={'value': 2216, 'prev_value': 2215, 'change': 1}
2025-05-30 06:57:44,541 : EventManager : Event: ======'machine_var_audits_switches_s_left_flipper'====== Args={'value': 2160, 'prev_value': 2159, 'change': 1}
2025-05-30 06:57:44,800 : EventManager : Event: ======'machine_var_audits_switches_s_right_flipper'====== Args={'value': 2217, 'prev_value': 2216, 'change': 1}
2025-05-30 06:57:45,083 : EventManager : Event: ======'machine_var_audits_switches_s_left_flipper'====== Args={'value': 2161, 'prev_value': 2160, 'change': 1}
2025-05-30 06:57:45,269 : EventManager : Event: ======'machine_var_audits_switches_s_right_flipper'====== Args={'value': 2218, 'prev_value': 2217, 'change': 1}
2025-05-30 06:57:45,429 : EventManager : Event: ======'machine_var_audits_switches_s_left_flipper'====== Args={'value': 2162, 'prev_value': 2161, 'change': 1}
2025-05-30 06:57:45,516 : EventManager : Event: ======'machine_var_audits_switches_s_right_flipper'====== Args={'value': 2219, 'prev_value': 2218, 'change': 1}
2025-05-30 06:57:45,627 : EventManager : Event: ======'machine_var_audits_switches_s_left_flipper'====== Args={'value': 2163, 'prev_value': 2162, 'change': 1}
2025-05-30 06:57:45,750 : EventManager : Event: ======'machine_var_audits_switches_s_right_flipper'====== Args={'value': 2220, 'prev_value': 2219, 'change': 1}
2025-05-30 06:57:45,836 : EventManager : Event: ======'machine_var_audits_switches_s_left_flipper'====== Args={'value': 2164, 'prev_value': 2163, 'change': 1}
2025-05-30 06:57:45,960 : EventManager : Event: ======'machine_var_audits_switches_s_right_flipper'====== Args={'value': 2221, 'prev_value': 2220, 'change': 1}
2025-05-30 06:57:46,034 : EventManager : Event: ======'machine_var_audits_switches_s_left_flipper'====== Args={'value': 2165, 'prev_value': 2164, 'change': 1}
2025-05-30 06:57:46,157 : EventManager : Event: ======'machine_var_audits_switches_s_right_flipper'====== Args={'value': 2222, 'prev_value': 2221, 'change': 1}
2025-05-30 06:57:46,243 : EventManager : Event: ======'machine_var_audits_switches_s_left_flipper'====== Args={'value': 2166, 'prev_value': 2165, 'change': 1}
2025-05-30 06:57:46,357 : EventManager : Event: ======'machine_var_audits_switches_s_right_flipper'====== Args={'value': 2223, 'prev_value': 2222, 'change': 1}
2025-05-30 06:57:46,429 : EventManager : Event: ======'machine_var_audits_switches_s_left_flipper'====== Args={'value': 2167, 'prev_value': 2166, 'change': 1}
2025-05-30 06:57:46,552 : EventManager : Event: ======'machine_var_audits_switches_s_right_flipper'====== Args={'value': 2224, 'prev_value': 2223, 'change': 1}
2025-05-30 06:57:46,651 : EventManager : Event: ======'machine_var_audits_switches_s_left_flipper'====== Args={'value': 2168, 'prev_value': 2167, 'change': 1}
2025-05-30 06:57:46,762 : EventManager : Event: ======'machine_var_audits_switches_s_right_flipper'====== Args={'value': 2225, 'prev_value': 2224, 'change': 1}
2025-05-30 06:57:46,861 : EventManager : Event: ======'machine_var_audits_switches_s_left_flipper'====== Args={'value': 2169, 'prev_value': 2168, 'change': 1}
2025-05-30 06:57:46,985 : EventManager : Event: ======'machine_var_audits_switches_s_right_flipper'====== Args={'value': 2226, 'prev_value': 2225, 'change': 1}
2025-05-30 06:57:47,070 : EventManager : Event: ======'machine_var_audits_switches_s_left_flipper'====== Args={'value': 2170, 'prev_value': 2169, 'change': 1}
2025-05-30 06:57:47,193 : EventManager : Event: ======'machine_var_audits_switches_s_right_flipper'====== Args={'value': 2227, 'prev_value': 2226, 'change': 1}
2025-05-30 06:57:47,317 : EventManager : Event: ======'machine_var_audits_switches_s_left_flipper'====== Args={'value': 2171, 'prev_value': 2170, 'change': 1}
2025-05-30 06:57:47,430 : EventManager : Event: ======'machine_var_audits_switches_s_right_flipper'====== Args={'value': 2228, 'prev_value': 2227, 'change': 1}
2025-05-30 06:57:47,515 : EventManager : Event: ======'machine_var_audits_switches_s_left_flipper'====== Args={'value': 2172, 'prev_value': 2171, 'change': 1}
2025-05-30 06:58:20,286 : mpfmc : Stopping...
2025-05-30 06:58:20,286 : EventManager : Event: ======'shutdown'====== Args={}
2025-05-30 06:58:20,286 : AudioInterface : Disabling audio playback
2025-05-30 06:58:20,420 : mpfmc : Loop rate 78.73 Hz
2025-05-30 06:58:20,421 : kivy : Base: Leaving application in progress...
2025-05-30 06:58:20,424 : mpfmc : Stopping...
2025-05-30 06:58:20,425 : EventManager : Event: ======'shutdown'====== Args={}
2025-05-30 06:58:20,425 : mpfmc : Loop rate 78.73 Hz
2025-05-30 06:58:20,425 : kivy : MC run loop ended.
2025-05-30 06:58:20,427 : kivy : Stopping child threads... (2 remaining)
2025-05-30 06:58:20,987 : MPF-MC BCP Server : Stopping BCP sending thread
2025-05-30 06:58:21,029 : kivy : All child threads stopped.
