2025-06-18 17:30:16,008 : kivy : Kivy: v2.2.1
2025-06-18 17:30:16,008 : kivy : Kivy: Installed at "/Library/Frameworks/Python.framework/Versions/3.9/lib/python3.9/site-packages/kivy/__init__.py"
2025-06-18 17:30:16,008 : kivy : Python: v3.9.13 (v3.9.13:6de2ca5339, May 17 2022, 11:37:23) 
[Clang 13.0.0 (clang-1300.0.29.30)]
2025-06-18 17:30:16,008 : kivy : Python: Interpreter at "/Library/Frameworks/Python.framework/Versions/3.9/bin/python3.9"
2025-06-18 17:30:16,023 : kivy : Factory: 190 symbols loaded
2025-06-18 17:30:16,182 : kivy : ImageLoaderFFPy: Using ffpyplayer 4.5.1
2025-06-18 17:30:16,182 : kivy : Image: Providers: img_tex, img_imageio, img_dds, img_sdl2, img_pil, img_ffpyplayer 
2025-06-18 17:30:16,313 : kivy : VideoFFPy: Using ffpyplayer 4.5.1
2025-06-18 17:30:16,313 : kivy : Video: Provider: ffpyplayer(['video_ffmpeg'] ignored)
2025-06-18 17:30:16,366 : root : Loading MPF-MC controller
2025-06-18 17:30:16,373 : YamlMultifileConfigLoader : Machine config file #1: config
2025-06-18 17:30:16,373 : ConfigProcessor : Config file in cache changed: /Users/ruben/Pinball/mpf-pinball/config/config
2025-06-18 17:30:16,373 : ConfigProcessor : Loading config from file /Library/Frameworks/Python.framework/Versions/3.9/lib/python3.9/site-packages/mpfmc/mcconfig.yaml.
2025-06-18 17:30:16,377 : ConfigProcessor : Loading config: /Library/Frameworks/Python.framework/Versions/3.9/lib/python3.9/site-packages/mpfmc/mcconfig.yaml
2025-06-18 17:30:16,377 : ConfigProcessor : Loading config from file /Users/ruben/Pinball/mpf-pinball/config/config.
2025-06-18 17:30:16,378 : ConfigProcessor : Loading config: /Users/ruben/Pinball/mpf-pinball/config/config
2025-06-18 17:30:16,378 : ConfigProcessor : Loading config: /Users/ruben/Pinball/mpf-pinball/config/hardware.yaml
2025-06-18 17:30:16,378 : ConfigProcessor : Loading config: /Users/ruben/Pinball/mpf-pinball/config/switches.yaml
2025-06-18 17:30:16,379 : ConfigProcessor : Loading config: /Users/ruben/Pinball/mpf-pinball/config/coils.yaml
2025-06-18 17:30:16,380 : ConfigProcessor : Loading config: /Users/ruben/Pinball/mpf-pinball/config/devices.yaml
2025-06-18 17:30:16,380 : ConfigProcessor : Loading config: /Users/ruben/Pinball/mpf-pinball/config/images.yaml
2025-06-18 17:30:16,380 : ConfigProcessor : Loading config: /Users/ruben/Pinball/mpf-pinball/config/displays.yaml
2025-06-18 17:30:16,381 : ConfigProcessor : Loading config: /Users/ruben/Pinball/mpf-pinball/config/slides.yaml
2025-06-18 17:30:16,381 : ConfigProcessor : Config file cache created: /var/folders/9g/7xjb17l959g1fnq4pjl5c5p80000gn/T/195f11bb22def72033a5ba91cfdec8f0.mpf_cache
2025-06-18 17:30:16,382 : ConfigProcessor : Loading config from cache: /var/folders/9g/7xjb17l959g1fnq4pjl5c5p80000gn/T/f574f59b1e0fcbb2258348220f26b9cc.mpf_cache
2025-06-18 17:30:16,382 : ConfigProcessor : Loading config from cache: /var/folders/9g/7xjb17l959g1fnq4pjl5c5p80000gn/T/edcc5f1d3215b377c9faab88c62e4ce0.mpf_cache
2025-06-18 17:30:16,382 : ConfigProcessor : Loading config from cache: /var/folders/9g/7xjb17l959g1fnq4pjl5c5p80000gn/T/174d451d321a0971202b746018364536.mpf_cache
2025-06-18 17:30:16,382 : ConfigProcessor : Loading config from cache: /var/folders/9g/7xjb17l959g1fnq4pjl5c5p80000gn/T/f574f59b1e0fcbb2258348220f26b9cc.mpf_cache
2025-06-18 17:30:16,382 : mpfmc : Mission Pinball Framework Media Controller (MPF-MC) v0.57.1. Requires MPF v0.57.0 or newer.
2025-06-18 17:30:16,382 : mpfmc : Found MPF v0.57.3
2025-06-18 17:30:16,382 : mpfmc : Machine path: /Users/ruben/Pinball/mpf-pinball
2025-06-18 17:30:16,382 : mpfmc : Starting clock at 60.0Hz
2025-06-18 17:30:16,394 : kivy : Text: Provider: sdl2
2025-06-18 17:30:16,418 : kivy : Window: Provider: sdl2
2025-06-18 17:30:16,601 : kivy : GL: Using the "OpenGL ES 2" graphics system
2025-06-18 17:30:16,602 : kivy : GL: Backend used <sdl2>
2025-06-18 17:30:16,602 : kivy : GL: OpenGL version <b'2.1 Metal - 89.4'>
2025-06-18 17:30:16,602 : kivy : GL: OpenGL vendor <b'Apple'>
2025-06-18 17:30:16,602 : kivy : GL: OpenGL renderer <b'Apple M1 Pro'>
2025-06-18 17:30:16,602 : kivy : GL: OpenGL parsed version: 2, 1
2025-06-18 17:30:16,602 : kivy : GL: Shading version <b'1.20'>
2025-06-18 17:30:16,602 : kivy : GL: Texture max size <16384>
2025-06-18 17:30:16,602 : kivy : GL: Texture max units <16>
2025-06-18 17:30:16,615 : kivy : Window: auto add sdl2 input provider
2025-06-18 17:30:16,615 : kivy : Window: virtual keyboard not allowed, single mode, not docked
2025-06-18 17:30:16,619 : SoundSystem : SoundSystem: Using default 'sound_system' settings
2025-06-18 17:30:16,765 : AudioInterface : Initialized
2025-06-18 17:30:16,765 : AudioInterface : Loaded SDL 2.32.8
2025-06-18 17:30:16,765 : AudioInterface : Loaded SDL_Mixer 2.8.1
2025-06-18 17:30:16,765 : AudioInterface : Loaded GStreamer 1.26.2.0
2025-06-18 17:30:16,765 : AudioInterface : Loaded GLib 2.84.2
2025-06-18 17:30:16,765 : AudioInterface : Settings requested - rate: 44100, channels: 1, buffer: 2048 samples
2025-06-18 17:30:16,765 : AudioInterface : Settings in use - rate: 44100, channels: 1, buffer: 2048 samples (4096 bytes @ 2 bytes per sample)
2025-06-18 17:30:16,766 : SoundSystem : No audio tracks are specified in your machine config file. a track named 'default' has been created.
2025-06-18 17:30:16,766 : SoundSystem : Setting master volume to 0.0
2025-06-18 17:30:16,766 : AudioInterface : Enabling audio playback
2025-06-18 17:30:16,767 : kivy : Base: Start application main loop
2025-06-18 17:30:16,767 : EventManager : Event: ======'display_window_initialized'====== Args={}
2025-06-18 17:30:17,101 : mpfmc : Display: Setting 'window' as default display
2025-06-18 17:30:17,106 : EventManager : Event: ======'displays_initialized'====== Args={}
2025-06-18 17:30:17,107 : EventManager : Event: ======'slide_window_blank_created'====== Args={}
2025-06-18 17:30:17,107 : EventManager : Event: ======'display_window_ready'====== Args={}
2025-06-18 17:30:17,113 : EventManager : Event: ======'init_phase_1'====== Args={}
2025-06-18 17:30:17,115 : EventManager : Event: ======'mc_ready'====== Args={}
2025-06-18 17:30:17,115 : EventManager : Event: ======'init_phase_2'====== Args={}
2025-06-18 17:30:17,116 : EventManager : Event: ======'init_phase_3'====== Args={}
2025-06-18 17:30:17,117 : EventManager : Event: ======'init_phase_4'====== Args={}
2025-06-18 17:30:17,117 : EventManager : Event: ======'init_phase_5'====== Args={}
2025-06-18 17:30:18,099 : mpfmc : Shutting down due to child thread crash
2025-06-18 17:30:18,099 : mpfmc : Crash details: Traceback (most recent call last):
  File "/Library/Frameworks/Python.framework/Versions/3.9/lib/python3.9/site-packages/mpfmc/core/assets.py", line 116, in run
    asset.do_load()
  File "/Library/Frameworks/Python.framework/Versions/3.9/lib/python3.9/site-packages/mpfmc/assets/image.py", line 243, in do_load
    self._image = Image(self.config['file'],
  File "/Library/Frameworks/Python.framework/Versions/3.9/lib/python3.9/site-packages/kivy/core/image/__init__.py", line 561, in __init__
    self.filename = arg
  File "/Library/Frameworks/Python.framework/Versions/3.9/lib/python3.9/site-packages/kivy/core/image/__init__.py", line 754, in _set_filename
    image = ImageLoader.load(
  File "/Library/Frameworks/Python.framework/Versions/3.9/lib/python3.9/site-packages/kivy/core/image/__init__.py", line 454, in load
    ext = imghdr.what(filename) or ext
  File "/Library/Frameworks/Python.framework/Versions/3.9/lib/python3.9/imghdr.py", line 19, in what
    location = file.tell()
AttributeError: 'NoneType' object has no attribute 'tell'

The above exception was the direct cause of the following exception:

Traceback (most recent call last):
  File "/Library/Frameworks/Python.framework/Versions/3.9/lib/python3.9/site-packages/mpfmc/core/assets.py", line 118, in run
    raise ConfigFileError(
mpf.exceptions.config_file_error.ConfigFileError: Config File Error in Asset Loader: Error while loading images asset file 'af_bg.jpg' Context: af_bg Error Code: CFE-Asset_Loader-1 (https://missionpinball.org/logs)

2025-06-18 17:30:18,099 : mpfmc : Stopping...
2025-06-18 17:30:18,099 : EventManager : Event: ======'shutdown'====== Args={}
2025-06-18 17:30:18,099 : AudioInterface : Disabling audio playback
2025-06-18 17:30:18,155 : mpfmc : Loop rate 52.58 Hz
2025-06-18 17:30:18,155 : kivy : Base: Leaving application in progress...
2025-06-18 17:30:18,156 : mpfmc : Stopping...
2025-06-18 17:30:18,156 : EventManager : Event: ======'shutdown'====== Args={}
2025-06-18 17:30:18,157 : mpfmc : Loop rate 52.51 Hz
2025-06-18 17:30:18,157 : root : MC run loop ended.
2025-06-18 17:30:18,157 : root : Stopping child threads... (0 remaining)
2025-06-18 17:30:18,157 : root : All child threads stopped.
