2025-05-30 06:51:18,142 : kivy : Factory: 189 symbols loaded
2025-05-30 06:51:18,430 : kivy : ImageLoaderFFPy: Using ffpyplayer 4.3.5
2025-05-30 06:51:18,431 : kivy : Image: Providers: img_tex, img_dds, img_sdl2, img_pil, img_ffpyplayer 
2025-05-30 06:51:18,496 : kivy : VideoGstplayer: Using Gstreamer 1.18.5.0
2025-05-30 06:51:18,497 : kivy : Video: Provider: gstplayer
2025-05-30 06:51:18,746 : kivy : Loading MPF-MC controller
2025-05-30 06:51:18,750 : YamlMultifileConfigLoader : Machine config file #1: config
2025-05-30 06:51:18,751 : ConfigProcessor : Config file in cache changed: C:\pinball\my_machine\config\config
2025-05-30 06:51:18,752 : ConfigProcessor : Loading config from file C:\Users\ruben\.local\pipx\venvs\mpf\lib\site-packages\mpfmc\mcconfig.yaml.
2025-05-30 06:51:18,806 : ConfigProcessor : Loading config: C:\Users\ruben\.local\pipx\venvs\mpf\lib\site-packages\mpfmc\mcconfig.yaml
2025-05-30 06:51:18,807 : ConfigProcessor : Loading config from file C:\pinball\my_machine\config\config.
2025-05-30 06:51:18,846 : ConfigProcessor : Loading config: C:\pinball\my_machine\config\config
2025-05-30 06:51:18,848 : ConfigProcessor : Config file cache created: C:\Users\ruben\AppData\Local\Temp\5edbcd24fbe704f5401fb4c9e1e1d8f8.mpf_cache
2025-05-30 06:51:18,848 : ConfigProcessor : Loading config from cache: C:\Users\ruben\AppData\Local\Temp\67cf8ffee0fce2d4fcb5ef0bb894d8de.mpf_cache
2025-05-30 06:51:18,849 : ConfigProcessor : Loading config from cache: C:\Users\ruben\AppData\Local\Temp\25321780674732dcacb77a8f5b2a53cd.mpf_cache
2025-05-30 06:51:18,850 : mpfmc : Mission Pinball Framework Media Controller v0.56.1
2025-05-30 06:51:18,850 : mpfmc : Mission Pinball Framework Game Engine v0.56.0
2025-05-30 06:51:18,850 : mpfmc : Machine path: C:\pinball\my_machine
2025-05-30 06:51:18,850 : mpfmc : Starting clock at 60.0Hz
2025-05-30 06:51:18,871 : kivy : Text: Provider: sdl2
2025-05-30 06:51:18,938 : kivy : Window: Provider: sdl2
2025-05-30 06:51:20,125 : kivy : GL: Using the "OpenGL" graphics system
2025-05-30 06:51:20,135 : kivy : GL: GLEW initialization succeeded
2025-05-30 06:51:20,135 : kivy : GL: Backend used <glew>
2025-05-30 06:51:20,135 : kivy : GL: OpenGL version <b'4.5.0 NVIDIA 376.54'>
2025-05-30 06:51:20,136 : kivy : GL: OpenGL vendor <b'NVIDIA Corporation'>
2025-05-30 06:51:20,136 : kivy : GL: OpenGL renderer <b'GeForce GT 630M/PCIe/SSE2'>
2025-05-30 06:51:20,136 : kivy : GL: OpenGL parsed version: 4, 5
2025-05-30 06:51:20,136 : kivy : GL: Shading version <b'4.50 NVIDIA'>
2025-05-30 06:51:20,136 : kivy : GL: Texture max size <16384>
2025-05-30 06:51:20,136 : kivy : GL: Texture max units <32>
2025-05-30 06:51:20,164 : kivy : Window: auto add sdl2 input provider
2025-05-30 06:51:20,165 : kivy : Window: virtual keyboard not allowed, single mode, not docked
2025-05-30 06:51:20,182 : SoundSystem : SoundSystem: Using default 'sound_system' settings
2025-05-30 06:51:20,567 : AudioInterface : Initialized
2025-05-30 06:51:20,567 : AudioInterface : Loaded SDL 2.0.20
2025-05-30 06:51:20,567 : AudioInterface : Loaded SDL_Mixer 2.0.4
2025-05-30 06:51:20,567 : AudioInterface : Loaded GStreamer 1.18.5.0
2025-05-30 06:51:20,568 : AudioInterface : Loaded GLib 2.62.6
2025-05-30 06:51:20,568 : AudioInterface : Settings requested - rate: 44100, channels: 1, buffer: 2048 samples
2025-05-30 06:51:20,568 : AudioInterface : Settings in use - rate: 44100, channels: 1, buffer: 2048 samples (4096 bytes @ 2 bytes per sample)
2025-05-30 06:51:20,568 : SoundSystem : No audio tracks are specified in your machine config file. a track named 'default' has been created.
2025-05-30 06:51:20,568 : SoundSystem : Setting master volume to 0.0
2025-05-30 06:51:20,568 : SoundSystem : master_volume in sound_system is deprecated and will be removed in the future.
2025-05-30 06:51:20,568 : AudioInterface : Enabling audio playback
2025-05-30 06:51:20,571 : kivy : Base: Start application main loop
2025-05-30 06:51:20,572 : EventManager : Event: ======'display_window_initialized'====== Args={}
2025-05-30 06:51:20,584 : mpfmc : Display: Setting 'window' as default display
2025-05-30 06:51:20,597 : EventManager : Event: ======'displays_initialized'====== Args={}
2025-05-30 06:51:20,601 : EventManager : Event: ======'slide_window_blank_created'====== Args={}
2025-05-30 06:51:20,601 : EventManager : Event: ======'display_window_ready'====== Args={}
2025-05-30 06:51:20,629 : EventManager : Event: ======'init_phase_1'====== Args={}
2025-05-30 06:51:20,640 : EventManager : Event: ======'mc_ready'====== Args={}
2025-05-30 06:51:20,640 : EventManager : Event: ======'init_phase_2'====== Args={}
2025-05-30 06:51:20,643 : EventManager : Event: ======'init_phase_3'====== Args={}
2025-05-30 06:51:20,645 : EventManager : Event: ======'init_phase_4'====== Args={}
2025-05-30 06:51:20,645 : EventManager : Event: ======'init_phase_5'====== Args={}
2025-05-30 06:51:20,645 : EventManager : Event: ======'init_done'====== Args={}
2025-05-30 06:51:20,646 : MPF-MC BCP Server : Starting up on localhost port 5050
2025-05-30 06:51:20,653 : MPF-MC BCP Server : Waiting for a connection...
2025-05-30 06:51:20,653 : mpfmc : SlidePlayer: Play called with settings={'slides': {welcome_slide-None-None: {'priority': None, 'target': None, 'background_color': [0.0, 0.0, 0.0, 1.0], 'show': True, 'force': False, 'expire': None, 'slide': None, 'tokens': {}, 'action': 'play', 'transition': None, 'transition_out': None}}}
2025-05-30 06:51:20,740 : kivy : GL: NPOT texture support is available
2025-05-30 06:51:20,742 : EventManager : Event: ======'slide_welcome_slide_created'====== Args={}
2025-05-30 06:51:20,746 : EventManager : Event: ======'slide_welcome_slide_active'====== Args={}
2025-05-30 06:51:20,756 : EventManager : Event: ======'client_disconnected'====== Args={'host': '127.0.0.1', 'port': 5050}
2025-05-30 06:51:21,154 : MPF-MC BCP Server : Received connection from: 127.0.0.1:57953
2025-05-30 06:51:21,162 : EventManager : Event: ======'client_connected'====== Args={'host': '127.0.0.1', 'port': 57953}
2025-05-30 06:51:21,217 : EventManager : Event: ======'machine_var_credits_string'====== Args={'value': 'FREE PLAY', 'prev_value': None, 'change': True}
2025-05-30 06:51:21,217 : EventManager : Event: ======'machine_var_master_volume'====== Args={'value': 0.5, 'prev_value': None, 'change': True}
2025-05-30 06:51:21,217 : EventManager : Event: ======'machine_var_player1_score'====== Args={'value': 0, 'prev_value': None, 'change': True}
2025-05-30 06:51:21,218 : EventManager : Event: ======'machine_var_mpf_version'====== Args={'value': 'MPF v0.56.0', 'prev_value': None, 'change': True}
2025-05-30 06:51:21,218 : EventManager : Event: ======'machine_var_mpf_extended_version'====== Args={'value': 'MPF v0.56.0, Config version:5, Show version: 5, BCP version:1.1', 'prev_value': None, 'change': True}
2025-05-30 06:51:21,218 : EventManager : Event: ======'machine_var_python_version'====== Args={'value': '3.9.13', 'prev_value': None, 'change': True}
2025-05-30 06:51:21,218 : EventManager : Event: ======'machine_var_platform'====== Args={'value': 'Windows-10-10.0.19045-SP0', 'prev_value': None, 'change': True}
2025-05-30 06:51:21,219 : EventManager : Event: ======'machine_var_platform_system'====== Args={'value': 'Windows', 'prev_value': None, 'change': True}
2025-05-30 06:51:21,219 : EventManager : Event: ======'machine_var_platform_release'====== Args={'value': '10', 'prev_value': None, 'change': True}
2025-05-30 06:51:21,219 : EventManager : Event: ======'machine_var_platform_version'====== Args={'value': '10.0.19045', 'prev_value': None, 'change': True}
2025-05-30 06:51:21,220 : EventManager : Event: ======'machine_var_platform_machine'====== Args={'value': 'AMD64', 'prev_value': None, 'change': True}
2025-05-30 06:51:21,220 : EventManager : Event: ======'machine_var_mc_version'====== Args={'value': 'MPF-MC v0.56.1', 'prev_value': None, 'change': True}
2025-05-30 06:51:21,220 : EventManager : Event: ======'machine_var_mc_extended_version'====== Args={'value': 'MPF-MC v0.56.1 (config_version=5, BCP v1.1,                      Requires MPF API compatibility v0.56.0 or newer)', 'prev_value': None, 'change': True}
2025-05-30 06:51:21,221 : SoundSystem : Setting master volume to 0.5
2025-05-30 06:51:21,281 : EventManager : Event: ======'machine_var_audits_events_game_ended'====== Args={'value': 50, 'prev_value': None, 'change': True}
2025-05-30 06:51:21,293 : EventManager : Event: ======'machine_var_audits_events_game_started'====== Args={'value': 78, 'prev_value': None, 'change': True}
2025-05-30 06:51:21,293 : EventManager : Event: ======'machine_var_audits_player_score'====== Args={'value': {'average': 0.0, 'top': [0, 0, 0, 0, 0, 0, 0, 0, 0, 0], 'total': 50}, 'prev_value': None, 'change': True}
2025-05-30 06:51:21,293 : EventManager : Event: ======'machine_var_audits_switches_s_drop_bank1'====== Args={'value': 140, 'prev_value': None, 'change': True}
2025-05-30 06:51:21,293 : EventManager : Event: ======'machine_var_audits_switches_s_left_flipper'====== Args={'value': 2062, 'prev_value': None, 'change': True}
2025-05-30 06:51:21,293 : EventManager : Event: ======'machine_var_audits_switches_s_left_slingshot'====== Args={'value': 290, 'prev_value': None, 'change': True}
2025-05-30 06:51:21,293 : EventManager : Event: ======'machine_var_audits_switches_s_pop_bot'====== Args={'value': 426, 'prev_value': None, 'change': True}
2025-05-30 06:51:21,294 : EventManager : Event: ======'machine_var_audits_switches_s_pop_mid'====== Args={'value': 351, 'prev_value': None, 'change': True}
2025-05-30 06:51:21,294 : EventManager : Event: ======'machine_var_audits_switches_s_pop_top'====== Args={'value': 302, 'prev_value': None, 'change': True}
2025-05-30 06:51:21,294 : EventManager : Event: ======'machine_var_audits_switches_s_right_flipper'====== Args={'value': 2093, 'prev_value': None, 'change': True}
2025-05-30 06:51:21,294 : EventManager : Event: ======'machine_var_audits_switches_s_right_inlane'====== Args={'value': 0, 'prev_value': None, 'change': True}
2025-05-30 06:51:21,294 : EventManager : Event: ======'machine_var_audits_switches_s_right_slingshot'====== Args={'value': 255, 'prev_value': None, 'change': True}
2025-05-30 06:51:21,294 : EventManager : Event: ======'machine_var_audits_switches_s_scoop_center'====== Args={'value': 0, 'prev_value': None, 'change': True}
2025-05-30 06:51:21,294 : EventManager : Event: ======'machine_var_audits_switches_s_scoop_lower'====== Args={'value': 220, 'prev_value': None, 'change': True}
2025-05-30 06:51:21,294 : EventManager : Event: ======'machine_var_audits_switches_s_scoop_right'====== Args={'value': 0, 'prev_value': None, 'change': True}
2025-05-30 06:51:21,294 : EventManager : Event: ======'machine_var_audits_switches_s_startButton'====== Args={'value': 11, 'prev_value': None, 'change': True}
2025-05-30 06:51:21,294 : EventManager : Event: ======'machine_var_audits_switches_s_trough1'====== Args={'value': 303, 'prev_value': None, 'change': True}
2025-05-30 06:51:21,295 : EventManager : Event: ======'machine_var_audits_switches_s_trough2'====== Args={'value': 0, 'prev_value': None, 'change': True}
2025-05-30 06:51:21,295 : EventManager : Event: ======'machine_var_audits_switches_s_trough3'====== Args={'value': 0, 'prev_value': None, 'change': True}
2025-05-30 06:51:21,295 : EventManager : Event: ======'machine_var_audits_switches_s_trough4'====== Args={'value': 0, 'prev_value': None, 'change': True}
2025-05-30 06:51:21,295 : EventManager : Event: ======'machine_var_audits_switches_s_trough5'====== Args={'value': 0, 'prev_value': None, 'change': True}
2025-05-30 06:51:21,295 : EventManager : Event: ======'slides_play'====== Args={'settings': {'welcome_slide': {'target': None, 'background_color': [0.0, 0.0, 0.0, 1.0], 'priority': None, 'show': True, 'force': False, 'expire': None, 'slide': None, 'tokens': {}, 'action': 'play'}}, 'context': '_global', 'calling_context': 'init_done', 'priority': 0}
2025-05-30 06:51:21,295 : EventManager : Event: ======'mc_reset_phase_1'====== Args={}
2025-05-30 06:51:21,295 : mpfmc : SlidePlayer: Play called with settings={'welcome_slide': {'target': None, 'background_color': [0.0, 0.0, 0.0, 1.0], 'priority': None, 'show': True, 'force': False, 'expire': None, 'slide': None, 'tokens': {}, 'action': 'play'}}
2025-05-30 06:51:21,295 : EventManager : Event: ======'slide_welcome_slide_removed'====== Args={}
2025-05-30 06:51:21,300 : EventManager : Event: ======'slide_welcome_slide_created'====== Args={}
2025-05-30 06:51:21,301 : EventManager : Event: ======'mc_reset_phase_2'====== Args={}
2025-05-30 06:51:21,301 : EventManager : Event: ======'mc_reset_phase_3'====== Args={}
2025-05-30 06:51:21,301 : EventManager : Event: ======'mc_reset_complete'====== Args={}
2025-05-30 06:51:21,302 : EventManager : Event: ======'slide_welcome_slide_active'====== Args={}
2025-05-30 06:51:21,318 : EventManager : Event: ======'slides_play'====== Args={'settings': {'attract_started': {'target': None, 'background_color': [0.0, 0.0, 0.0, 1.0], 'priority': None, 'show': True, 'force': False, 'expire': None, 'slide': None, 'tokens': {}, 'action': 'play'}}, 'context': '_global', 'calling_context': 'mode_attract_started', 'priority': 0}
2025-05-30 06:51:21,318 : mpfmc : SlidePlayer: Play called with settings={'attract_started': {'target': None, 'background_color': [0.0, 0.0, 0.0, 1.0], 'priority': None, 'show': True, 'force': False, 'expire': None, 'slide': None, 'tokens': {}, 'action': 'play'}}
2025-05-30 06:51:21,323 : EventManager : Event: ======'slide_attract_started_created'====== Args={}
2025-05-30 06:51:21,325 : EventManager : Event: ======'slide_attract_started_active'====== Args={}
2025-05-30 06:51:42,297 : EventManager : Event: ======'game_started'====== Args={}
2025-05-30 06:51:42,321 : EventManager : Event: ======'player_added'====== Args={'player': <Player 1>, 'num': 1}
2025-05-30 06:51:42,321 : EventManager : Event: ======'player_index'====== Args={'value': 0, 'prev_value': 0, 'change': 0, 'player_num': 1}
2025-05-30 06:51:42,322 : EventManager : Event: ======'player_number'====== Args={'value': 1, 'prev_value': 1, 'change': 0, 'player_num': 1}
2025-05-30 06:51:42,322 : EventManager : Event: ======'player_score'====== Args={'value': 0, 'prev_value': 0, 'change': 0, 'player_num': 1}
2025-05-30 06:51:42,359 : EventManager : Event: ======'player_ball'====== Args={'value': 1, 'prev_value': 0, 'change': 1, 'player_num': 1}
2025-05-30 06:51:42,359 : EventManager : Event: ======'player_turn_start'====== Args={'number': 1, 'player': <Player 1>}
2025-05-30 06:51:42,359 : EventManager : Event: ======'slides_play'====== Args={'settings': {'widgets': {'widgets': [{'type': 'text', 'text': 'PLAYER (number) BALL (ball)', '_default_settings': ['type', 'text'], 'x': None, 'y': None, 'anchor_x': 'center', 'anchor_y': 'center', 'round_anchor_x': None, 'round_anchor_y': None, 'opacity': 1.0, 'z': 0, 'reset_animations_events': {}, 'color': [1.0, 1.0, 1.0, 1.0], 'style': [], 'adjust_top': 0, 'adjust_bottom': 0, 'adjust_left': 0, 'adjust_right': 0, 'expire': None, 'key': None, 'widget': None, 'events_when_added': [], 'events_when_removed': [], 'font_size': 15, 'bitmap_font': False, 'font_kerning': True, 'bold': False, 'italic': False, 'number_grouping': False, 'min_digits': 0, 'halign': 'center', 'valign': 'middle', 'rotation': 0, 'scale': 1.0, 'casing': None, 'animations': None}], 'target': None, 'background_color': [0.0, 0.0, 0.0, 1.0], 'priority': None, 'show': True, 'force': False, 'expire': None, 'slide': None, 'tokens': {}, 'action': 'play'}}, 'context': '_global', 'calling_context': 'ball_started', 'priority': 0, 'player': 1, 'ball': 1, 'balls_remaining': 2, 'is_extra_ball': False}
2025-05-30 06:51:42,360 : mpfmc : SlidePlayer: Play called with settings={'widgets': {'widgets': [{'type': 'text', 'text': 'PLAYER (number) BALL (ball)', '_default_settings': ['type', 'text'], 'x': None, 'y': None, 'anchor_x': 'center', 'anchor_y': 'center', 'round_anchor_x': None, 'round_anchor_y': None, 'opacity': 1.0, 'z': 0, 'reset_animations_events': {}, 'color': [1.0, 1.0, 1.0, 1.0], 'style': [], 'adjust_top': 0, 'adjust_bottom': 0, 'adjust_left': 0, 'adjust_right': 0, 'expire': None, 'key': None, 'widget': None, 'events_when_added': [], 'events_when_removed': [], 'font_size': 15, 'bitmap_font': False, 'font_kerning': True, 'bold': False, 'italic': False, 'number_grouping': False, 'min_digits': 0, 'halign': 'center', 'valign': 'middle', 'rotation': 0, 'scale': 1.0, 'casing': None, 'animations': None}], 'target': None, 'background_color': [0.0, 0.0, 0.0, 1.0], 'priority': None, 'show': True, 'force': False, 'expire': None, 'slide': None, 'tokens': {}, 'action': 'play'}}
2025-05-30 06:51:42,364 : EventManager : Event: ======'slide__global.slide_player-ball_started_created'====== Args={}
2025-05-30 06:51:42,366 : EventManager : Event: ======'slide__global.slide_player-ball_started_active'====== Args={}
2025-05-30 06:51:45,090 : EventManager : Event: ======'machine_var_audits_switches_s_right_flipper'====== Args={'value': 2094, 'prev_value': 2093, 'change': 1}
2025-05-30 06:51:45,800 : EventManager : Event: ======'machine_var_audits_switches_s_right_flipper'====== Args={'value': 2095, 'prev_value': 2094, 'change': 1}
2025-05-30 06:51:48,427 : EventManager : Event: ======'machine_var_audits_switches_s_right_flipper'====== Args={'value': 2096, 'prev_value': 2095, 'change': 1}
2025-05-30 06:51:48,822 : EventManager : Event: ======'machine_var_audits_switches_s_right_flipper'====== Args={'value': 2097, 'prev_value': 2096, 'change': 1}
2025-05-30 06:51:49,102 : EventManager : Event: ======'machine_var_audits_switches_s_right_flipper'====== Args={'value': 2098, 'prev_value': 2097, 'change': 1}
2025-05-30 06:51:49,362 : EventManager : Event: ======'machine_var_audits_switches_s_right_flipper'====== Args={'value': 2099, 'prev_value': 2098, 'change': 1}
2025-05-30 06:51:49,672 : EventManager : Event: ======'machine_var_audits_switches_s_right_flipper'====== Args={'value': 2100, 'prev_value': 2099, 'change': 1}
2025-05-30 06:51:49,871 : EventManager : Event: ======'machine_var_audits_switches_s_right_flipper'====== Args={'value': 2101, 'prev_value': 2100, 'change': 1}
2025-05-30 06:51:50,193 : EventManager : Event: ======'machine_var_audits_switches_s_left_flipper'====== Args={'value': 2063, 'prev_value': 2062, 'change': 1}
2025-05-30 06:51:50,491 : EventManager : Event: ======'machine_var_audits_switches_s_left_flipper'====== Args={'value': 2064, 'prev_value': 2063, 'change': 1}
2025-05-30 06:51:50,700 : EventManager : Event: ======'machine_var_audits_switches_s_left_flipper'====== Args={'value': 2065, 'prev_value': 2064, 'change': 1}
2025-05-30 06:51:50,957 : EventManager : Event: ======'machine_var_audits_switches_s_left_flipper'====== Args={'value': 2066, 'prev_value': 2065, 'change': 1}
2025-05-30 06:51:51,958 : EventManager : Event: ======'machine_var_audits_switches_s_left_flipper'====== Args={'value': 2067, 'prev_value': 2066, 'change': 1}
2025-05-30 06:51:52,266 : EventManager : Event: ======'machine_var_audits_switches_s_left_flipper'====== Args={'value': 2068, 'prev_value': 2067, 'change': 1}
2025-05-30 06:51:52,525 : EventManager : Event: ======'machine_var_audits_switches_s_left_flipper'====== Args={'value': 2069, 'prev_value': 2068, 'change': 1}
2025-05-30 06:51:52,774 : EventManager : Event: ======'machine_var_audits_switches_s_left_flipper'====== Args={'value': 2070, 'prev_value': 2069, 'change': 1}
2025-05-30 06:51:53,417 : EventManager : Event: ======'machine_var_audits_switches_s_left_flipper'====== Args={'value': 2071, 'prev_value': 2070, 'change': 1}
2025-05-30 06:51:53,925 : EventManager : Event: ======'machine_var_audits_switches_s_right_flipper'====== Args={'value': 2102, 'prev_value': 2101, 'change': 1}
2025-05-30 06:51:54,299 : EventManager : Event: ======'machine_var_audits_switches_s_right_flipper'====== Args={'value': 2103, 'prev_value': 2102, 'change': 1}
2025-05-30 06:51:54,948 : EventManager : Event: ======'machine_var_audits_switches_s_right_flipper'====== Args={'value': 2104, 'prev_value': 2103, 'change': 1}
2025-05-30 06:51:55,394 : EventManager : Event: ======'machine_var_audits_switches_s_left_flipper'====== Args={'value': 2072, 'prev_value': 2071, 'change': 1}
2025-05-30 06:51:55,973 : EventManager : Event: ======'machine_var_audits_switches_s_left_flipper'====== Args={'value': 2073, 'prev_value': 2072, 'change': 1}
2025-05-30 06:51:56,282 : EventManager : Event: ======'machine_var_audits_switches_s_left_flipper'====== Args={'value': 2074, 'prev_value': 2073, 'change': 1}
2025-05-30 06:51:56,527 : EventManager : Event: ======'machine_var_audits_switches_s_left_flipper'====== Args={'value': 2075, 'prev_value': 2074, 'change': 1}
2025-05-30 06:51:56,737 : EventManager : Event: ======'machine_var_audits_switches_s_left_flipper'====== Args={'value': 2076, 'prev_value': 2075, 'change': 1}
2025-05-30 06:51:57,032 : EventManager : Event: ======'machine_var_audits_switches_s_right_flipper'====== Args={'value': 2105, 'prev_value': 2104, 'change': 1}
2025-05-30 06:51:57,319 : EventManager : Event: ======'machine_var_audits_switches_s_right_flipper'====== Args={'value': 2106, 'prev_value': 2105, 'change': 1}
2025-05-30 06:51:57,568 : EventManager : Event: ======'machine_var_audits_switches_s_right_flipper'====== Args={'value': 2107, 'prev_value': 2106, 'change': 1}
2025-05-30 06:51:57,860 : EventManager : Event: ======'machine_var_audits_switches_s_left_flipper'====== Args={'value': 2077, 'prev_value': 2076, 'change': 1}
2025-05-30 06:51:58,123 : EventManager : Event: ======'machine_var_audits_switches_s_left_flipper'====== Args={'value': 2078, 'prev_value': 2077, 'change': 1}
2025-05-30 06:51:58,377 : EventManager : Event: ======'machine_var_audits_switches_s_left_flipper'====== Args={'value': 2079, 'prev_value': 2078, 'change': 1}
2025-05-30 06:51:58,934 : EventManager : Event: ======'machine_var_audits_switches_s_left_flipper'====== Args={'value': 2080, 'prev_value': 2079, 'change': 1}
2025-05-30 06:51:59,551 : EventManager : Event: ======'machine_var_audits_switches_s_left_flipper'====== Args={'value': 2081, 'prev_value': 2080, 'change': 1}
2025-05-30 06:51:59,777 : EventManager : Event: ======'machine_var_audits_switches_s_left_flipper'====== Args={'value': 2082, 'prev_value': 2081, 'change': 1}
2025-05-30 06:51:59,987 : EventManager : Event: ======'machine_var_audits_switches_s_left_flipper'====== Args={'value': 2083, 'prev_value': 2082, 'change': 1}
2025-05-30 06:52:00,568 : EventManager : Event: ======'machine_var_audits_switches_s_right_flipper'====== Args={'value': 2108, 'prev_value': 2107, 'change': 1}
2025-05-30 06:52:01,085 : EventManager : Event: ======'machine_var_audits_switches_s_left_flipper'====== Args={'value': 2084, 'prev_value': 2083, 'change': 1}
2025-05-30 06:52:01,329 : EventManager : Event: ======'machine_var_audits_switches_s_right_flipper'====== Args={'value': 2109, 'prev_value': 2108, 'change': 1}
2025-05-30 06:52:06,586 : EventManager : Event: ======'machine_var_audits_switches_s_left_flipper'====== Args={'value': 2085, 'prev_value': 2084, 'change': 1}
2025-05-30 06:52:06,759 : EventManager : Event: ======'machine_var_audits_switches_s_right_flipper'====== Args={'value': 2110, 'prev_value': 2109, 'change': 1}
2025-05-30 06:52:06,968 : EventManager : Event: ======'machine_var_audits_switches_s_left_flipper'====== Args={'value': 2086, 'prev_value': 2085, 'change': 1}
2025-05-30 06:52:07,193 : EventManager : Event: ======'machine_var_audits_switches_s_right_flipper'====== Args={'value': 2111, 'prev_value': 2110, 'change': 1}
2025-05-30 06:52:07,341 : EventManager : Event: ======'machine_var_audits_switches_s_left_flipper'====== Args={'value': 2087, 'prev_value': 2086, 'change': 1}
2025-05-30 06:52:07,442 : EventManager : Event: ======'machine_var_audits_switches_s_right_flipper'====== Args={'value': 2112, 'prev_value': 2111, 'change': 1}
2025-05-30 06:52:07,591 : EventManager : Event: ======'machine_var_audits_switches_s_left_flipper'====== Args={'value': 2088, 'prev_value': 2087, 'change': 1}
2025-05-30 06:52:07,701 : EventManager : Event: ======'machine_var_audits_switches_s_right_flipper'====== Args={'value': 2113, 'prev_value': 2112, 'change': 1}
2025-05-30 06:52:07,848 : EventManager : Event: ======'machine_var_audits_switches_s_left_flipper'====== Args={'value': 2089, 'prev_value': 2088, 'change': 1}
2025-05-30 06:52:07,946 : EventManager : Event: ======'machine_var_audits_switches_s_right_flipper'====== Args={'value': 2114, 'prev_value': 2113, 'change': 1}
2025-05-30 06:52:08,096 : EventManager : Event: ======'machine_var_audits_switches_s_left_flipper'====== Args={'value': 2090, 'prev_value': 2089, 'change': 1}
2025-05-30 06:52:08,121 : EventManager : Event: ======'machine_var_audits_switches_s_right_flipper'====== Args={'value': 2115, 'prev_value': 2114, 'change': 1}
2025-05-30 06:52:09,467 : mpfmc : Stopping...
2025-05-30 06:52:09,467 : EventManager : Event: ======'shutdown'====== Args={}
2025-05-30 06:52:09,467 : AudioInterface : Disabling audio playback
2025-05-30 06:52:09,593 : mpfmc : Loop rate 77.42 Hz
2025-05-30 06:52:09,593 : kivy : Base: Leaving application in progress...
2025-05-30 06:52:09,593 : kivy : Base: Leaving application in progress...
2025-05-30 06:52:09,594 : mpfmc : Stopping...
2025-05-30 06:52:09,594 : EventManager : Event: ======'shutdown'====== Args={}
2025-05-30 06:52:09,594 : mpfmc : Loop rate 77.41 Hz
2025-05-30 06:52:09,594 : kivy : MC run loop ended.
2025-05-30 06:52:09,594 : kivy : Stopping child threads... (2 remaining)
2025-05-30 06:52:10,115 : MPF-MC BCP Server : Stopping BCP sending thread
2025-05-30 06:52:10,197 : kivy : All child threads stopped.
