2025-06-26 13:37:25,954 : INFO : root : Loading config.
2025-06-26 13:37:25,969 : INFO : YamlMultifileConfigLoader : Machine config file #1: config.yaml
2025-06-26 13:37:25,969 : INFO : ConfigProcessor : Loading config from cache: C:\Users\ruben\AppData\Local\Temp\ea592b2e59251eb1324fb8d8ecdf3742.mpf_cache
2025-06-26 13:37:25,985 : WARNING : ConfigProcessor : Config file in cache changed: C:\pinball\my_machine\config\lights.yaml
2025-06-26 13:37:25,985 : INFO : ConfigProcessor : Loading config from file C:\Users\ruben\AppData\Local\Programs\Python\Python39\lib\site-packages\mpf\mpfconfig.yaml.
2025-06-26 13:37:26,000 : INFO : ConfigProcessor : Loading config: C:\Users\ruben\AppData\Local\Programs\Python\Python39\lib\site-packages\mpf\mpfconfig.yaml
2025-06-26 13:37:26,000 : INFO : ConfigProcessor : Loading config from file C:\pinball\my_machine\config\config.yaml.
2025-06-26 13:37:26,000 : INFO : ConfigProcessor : Loading config: C:\pinball\my_machine\config\config.yaml
2025-06-26 13:37:26,000 : INFO : ConfigProcessor : Loading config: C:\pinball\my_machine\config\hardware.yaml
2025-06-26 13:37:26,000 : INFO : ConfigProcessor : Loading config: C:\pinball\my_machine\config\switches.yaml
2025-06-26 13:37:26,016 : INFO : ConfigProcessor : Loading config: C:\pinball\my_machine\config\coils.yaml
2025-06-26 13:37:26,016 : INFO : ConfigProcessor : Loading config: C:\pinball\my_machine\config\lights.yaml
2025-06-26 13:37:26,016 : INFO : ConfigProcessor : Loading config: C:\pinball\my_machine\config\devices.yaml
2025-06-26 13:37:26,016 : INFO : ConfigProcessor : Loading config: C:\pinball\my_machine\config\images.yaml
2025-06-26 13:37:26,016 : INFO : ConfigProcessor : Loading config: C:\pinball\my_machine\config\displays.yaml
2025-06-26 13:37:26,016 : INFO : ConfigProcessor : Loading config: C:\pinball\my_machine\config\slides.yaml
2025-06-26 13:37:26,032 : INFO : ConfigProcessor : Config file cache created: C:\Users\ruben\AppData\Local\Temp\ea592b2e59251eb1324fb8d8ecdf3742.mpf_cache
2025-06-26 13:37:26,192 : INFO : ConfigProcessor : Loading config from cache: C:\Users\ruben\AppData\Local\Temp\de22d214a8e6fb7753c0be2dfb8deb7c.mpf_cache
2025-06-26 13:37:26,194 : INFO : ConfigProcessor : Loading config from cache: C:\Users\ruben\AppData\Local\Temp\76bc62f652ae2965f03127125af6e953.mpf_cache
2025-06-26 13:37:26,196 : INFO : ConfigProcessor : Loading config from cache: C:\Users\ruben\AppData\Local\Temp\195f66f1d07408d279921a878741edf5.mpf_cache
2025-06-26 13:37:26,196 : INFO : ConfigProcessor : Loading config from cache: C:\Users\ruben\AppData\Local\Temp\de22d214a8e6fb7753c0be2dfb8deb7c.mpf_cache
2025-06-26 13:37:26,196 : INFO : Machine : Mission Pinball Framework Core Engine v0.57.3
2025-06-26 13:37:26,196 : INFO : Machine : Command line arguments: {'no_load_cache': False, 'create_config_cache': True, 'bcp': True, 'configfile': ['config.yaml'], 'force_assets_load': False, 'platform_integration_test': False, 'jsonlogging': False, 'logfile': 'logs\\2025-06-26-13-37-25-mpf-DESKTOP-11MEIVG.log', 'pause': False, 'production': False, 'text_ui': True, 'loglevel': 15, 'consoleloglevel': 20, 'force_platform': None, 'syslog_address': None, 'mc_file_name': None, 'no_sound': False}
2025-06-26 13:37:26,196 : INFO : Machine : MPF path: C:\Users\ruben\AppData\Local\Programs\Python\Python39\lib\site-packages\mpf
2025-06-26 13:37:26,196 : INFO : Machine : Machine path: C:\pinball\my_machine
2025-06-26 13:37:26,196 : INFO : Machine : Platform: win32
2025-06-26 13:37:26,196 : INFO : Machine : Python executable location: C:\Users\ruben\AppData\Local\Programs\Python\Python39\python.exe
2025-06-26 13:37:26,196 : INFO : Machine : Python version: 3.9.13 (64-bit)
2025-06-26 13:37:26,196 : INFO : Machine : Initializing MPF...
2025-06-26 13:37:26,483 : INFO : OPP : Connecting to com3 at 115200bps
2025-06-26 13:37:26,593 : INFO : OPP : Init of OPP board 1 done
2025-06-26 13:37:26,593 : INFO : OPP : Connecting to com4 at 115200bps
2025-06-26 13:37:26,677 : INFO : OPP : Init of OPP board 0 done
2025-06-26 13:37:26,677 : INFO : EventManager : Event: ======'machine_var_credits_string'====== Args={'value': 'FREE PLAY', 'prev_value': None, 'change': True}
2025-06-26 13:37:26,781 : INFO : EventManager : Event: ======'machine_var_master_volume'====== Args={'value': 0.5, 'prev_value': None, 'change': True}
2025-06-26 13:37:26,781 : INFO : EventManager : Event: ======'machine_var_player1_score'====== Args={'value': 0, 'prev_value': None, 'change': True}
2025-06-26 13:37:26,781 : INFO : EventManager : Event: ======'machine_var_mpf_version'====== Args={'value': 'Mission Pinball Framework v0.57.3', 'prev_value': None, 'change': True}
2025-06-26 13:37:26,781 : INFO : EventManager : Event: ======'machine_var_mpf_extended_version'====== Args={'value': 'Mission Pinball Framework v0.57.3, Config version:6, Show version: 6, BCP version:1.1', 'prev_value': None, 'change': True}
2025-06-26 13:37:26,781 : INFO : EventManager : Event: ======'machine_var_python_version'====== Args={'value': '3.9.13', 'prev_value': None, 'change': True}
2025-06-26 13:37:26,797 : INFO : EventManager : Event: ======'machine_var_platform'====== Args={'value': 'Windows-10-10.0.19045-SP0', 'prev_value': None, 'change': True}
2025-06-26 13:37:26,797 : INFO : EventManager : Event: ======'machine_var_platform_system'====== Args={'value': 'Windows', 'prev_value': None, 'change': True}
2025-06-26 13:37:26,797 : INFO : EventManager : Event: ======'machine_var_platform_release'====== Args={'value': '10', 'prev_value': None, 'change': True}
2025-06-26 13:37:26,797 : INFO : EventManager : Event: ======'machine_var_platform_version'====== Args={'value': '10.0.19045', 'prev_value': None, 'change': True}
2025-06-26 13:37:26,798 : INFO : EventManager : Event: ======'machine_var_platform_machine'====== Args={'value': 'AMD64', 'prev_value': None, 'change': True}
2025-06-26 13:37:26,798 : INFO : EventManager : Event: ======'init_phase_1'====== Args={}
2025-06-26 13:37:26,837 : ERROR : asyncio : Exception in callback EventManager._queue_task_done(<Task finishe...olor greens')>)
handle: <Handle EventManager._queue_task_done(<Task finishe...olor greens')>)>
Traceback (most recent call last):
  File "C:\Users\ruben\AppData\Local\Programs\Python\Python39\lib\site-packages\mpf\config_players\light_player.py", line 122, in _convert_color
    color = RGBColor(color)
  File "C:\Users\ruben\AppData\Local\Programs\Python\Python39\lib\site-packages\mpf\core\rgb_color.py", line 177, in __init__
    self._color = RGBColor.string_to_rgb(color)
  File "C:\Users\ruben\AppData\Local\Programs\Python\Python39\lib\site-packages\mpf\core\rgb_color.py", line 420, in string_to_rgb
    raise ColorException("Invalid RGB string: {}".format(value))
mpf.core.rgb_color.ColorException: Invalid RGB string: greens

The above exception was the direct cause of the following exception:

Traceback (most recent call last):
  File "C:\Users\ruben\AppData\Local\Programs\Python\Python39\lib\asyncio\events.py", line 80, in _run
    self._context.run(self._callback, *self._args)
  File "C:\Users\ruben\AppData\Local\Programs\Python\Python39\lib\site-packages\mpf\core\events.py", line 795, in _queue_task_done
    future.result()
  File "C:\Users\ruben\AppData\Local\Programs\Python\Python39\lib\site-packages\mpf\core\events.py", line 708, in _run_handlers_sequential
    handler.callback(queue=queue, **merged_kwargs)
  File "C:\Users\ruben\AppData\Local\Programs\Python\Python39\lib\site-packages\mpf\core\config_player.py", line 90, in _initialize_system_wide
    self.validate_config(
  File "C:\Users\ruben\AppData\Local\Programs\Python\Python39\lib\site-packages\mpf\core\config_player.py", line 113, in validate_config
    validated_config[event] = self.validate_config_entry(settings, event)
  File "C:\Users\ruben\AppData\Local\Programs\Python\Python39\lib\site-packages\mpf\config_players\device_config_player.py", line 56, in validate_config_entry
    raise e
  File "C:\Users\ruben\AppData\Local\Programs\Python\Python39\lib\site-packages\mpf\config_players\device_config_player.py", line 52, in validate_config_entry
    self._validate_config_item(device, device_settings))
  File "C:\Users\ruben\AppData\Local\Programs\Python\Python39\lib\site-packages\mpf\config_players\device_config_player.py", line 83, in _validate_config_item
    raise e
  File "C:\Users\ruben\AppData\Local\Programs\Python\Python39\lib\site-packages\mpf\config_players\device_config_player.py", line 80, in _validate_config_item
    device_settings = self._expand_device_config(device_settings)
  File "C:\Users\ruben\AppData\Local\Programs\Python\Python39\lib\site-packages\mpf\config_players\light_player.py", line 133, in _expand_device_config
    device_settings['color'] = self._convert_color(color)
  File "C:\Users\ruben\AppData\Local\Programs\Python\Python39\lib\site-packages\mpf\config_players\light_player.py", line 124, in _convert_color
    self.raise_config_error("Invalid color {}".format(color), 1, source_exception=e, context=context)
  File "C:\Users\ruben\AppData\Local\Programs\Python\Python39\lib\site-packages\mpf\core\logging.py", line 174, in raise_config_error
    raise ConfigFileError(msg, error_no, self.log.name if self.log else "", context, self._url_base) \
mpf.exceptions.config_file_error.ConfigFileError: Config File Error in light_player: Failed to load config player led_code:lights with settings {'led_1': 'FAFF9C', 'led_2': 'FAFF9C', 'led_3': 'off', 'led_4': 'off', 'led_5': 'greens'} >> Failed to expand entry "led_5". >> Invalid color greens Error Code: CFE-light_player-1 (https://missionpinball.org/logs)
2025-06-26 13:37:26,843 : INFO : Machine : Starting the main run loop with active modes: []
2025-06-26 13:37:26,843 : WARNING : Machine : Attract mode is not active, game will not be playable. Please check your attract mode configuration.
2025-06-26 13:37:26,844 : INFO : Machine : Shutting down...
2025-06-26 13:37:26,845 : INFO : EventManager : Event: ======'shutdown'====== Args={}
2025-06-26 13:37:26,845 : ERROR : OPP : Stop called on serial connection com4
2025-06-26 13:37:26,879 : ERROR : OPP : Stop called on serial connection com3
2025-06-26 13:37:27,894 : ERROR : Machine : Runtime Exception
Traceback (most recent call last):
  File "C:\Users\ruben\AppData\Local\Programs\Python\Python39\lib\site-packages\mpf\config_players\light_player.py", line 122, in _convert_color
    color = RGBColor(color)
  File "C:\Users\ruben\AppData\Local\Programs\Python\Python39\lib\site-packages\mpf\core\rgb_color.py", line 177, in __init__
    self._color = RGBColor.string_to_rgb(color)
  File "C:\Users\ruben\AppData\Local\Programs\Python\Python39\lib\site-packages\mpf\core\rgb_color.py", line 420, in string_to_rgb
    raise ColorException("Invalid RGB string: {}".format(value))
mpf.core.rgb_color.ColorException: Invalid RGB string: greens

The above exception was the direct cause of the following exception:

Traceback (most recent call last):
  File "C:\Users\ruben\AppData\Local\Programs\Python\Python39\lib\site-packages\mpf\core\machine.py", line 808, in _run_loop
    raise self._exception['exception']
  File "C:\Users\ruben\AppData\Local\Programs\Python\Python39\lib\asyncio\events.py", line 80, in _run
    self._context.run(self._callback, *self._args)
  File "C:\Users\ruben\AppData\Local\Programs\Python\Python39\lib\site-packages\mpf\core\events.py", line 795, in _queue_task_done
    future.result()
  File "C:\Users\ruben\AppData\Local\Programs\Python\Python39\lib\site-packages\mpf\core\events.py", line 708, in _run_handlers_sequential
    handler.callback(queue=queue, **merged_kwargs)
  File "C:\Users\ruben\AppData\Local\Programs\Python\Python39\lib\site-packages\mpf\core\config_player.py", line 90, in _initialize_system_wide
    self.validate_config(
  File "C:\Users\ruben\AppData\Local\Programs\Python\Python39\lib\site-packages\mpf\core\config_player.py", line 113, in validate_config
    validated_config[event] = self.validate_config_entry(settings, event)
  File "C:\Users\ruben\AppData\Local\Programs\Python\Python39\lib\site-packages\mpf\config_players\device_config_player.py", line 56, in validate_config_entry
    raise e
  File "C:\Users\ruben\AppData\Local\Programs\Python\Python39\lib\site-packages\mpf\config_players\device_config_player.py", line 52, in validate_config_entry
    self._validate_config_item(device, device_settings))
  File "C:\Users\ruben\AppData\Local\Programs\Python\Python39\lib\site-packages\mpf\config_players\device_config_player.py", line 83, in _validate_config_item
    raise e
  File "C:\Users\ruben\AppData\Local\Programs\Python\Python39\lib\site-packages\mpf\config_players\device_config_player.py", line 80, in _validate_config_item
    device_settings = self._expand_device_config(device_settings)
  File "C:\Users\ruben\AppData\Local\Programs\Python\Python39\lib\site-packages\mpf\config_players\light_player.py", line 133, in _expand_device_config
    device_settings['color'] = self._convert_color(color)
  File "C:\Users\ruben\AppData\Local\Programs\Python\Python39\lib\site-packages\mpf\config_players\light_player.py", line 124, in _convert_color
    self.raise_config_error("Invalid color {}".format(color), 1, source_exception=e, context=context)
  File "C:\Users\ruben\AppData\Local\Programs\Python\Python39\lib\site-packages\mpf\core\logging.py", line 174, in raise_config_error
    raise ConfigFileError(msg, error_no, self.log.name if self.log else "", context, self._url_base) \
mpf.exceptions.config_file_error.ConfigFileError: Config File Error in light_player: Failed to load config player led_code:lights with settings {'led_1': 'FAFF9C', 'led_2': 'FAFF9C', 'led_3': 'off', 'led_4': 'off', 'led_5': 'greens'} >> Failed to expand entry "led_5". >> Invalid color greens Error Code: CFE-light_player-1 (https://missionpinball.org/logs)
2025-06-26 13:37:45,102 : ERROR : root : 
Traceback (most recent call last):
  File "C:\Users\ruben\AppData\Local\Programs\Python\Python39\lib\site-packages\mpf\config_players\light_player.py", line 122, in _convert_color
    color = RGBColor(color)
  File "C:\Users\ruben\AppData\Local\Programs\Python\Python39\lib\site-packages\mpf\core\rgb_color.py", line 177, in __init__
    self._color = RGBColor.string_to_rgb(color)
  File "C:\Users\ruben\AppData\Local\Programs\Python\Python39\lib\site-packages\mpf\core\rgb_color.py", line 420, in string_to_rgb
    raise ColorException("Invalid RGB string: {}".format(value))
mpf.core.rgb_color.ColorException: Invalid RGB string: greens

The above exception was the direct cause of the following exception:

Traceback (most recent call last):
  File "C:\Users\ruben\AppData\Local\Programs\Python\Python39\lib\site-packages\mpf\core\machine.py", line 808, in _run_loop
    raise self._exception['exception']
  File "C:\Users\ruben\AppData\Local\Programs\Python\Python39\lib\asyncio\events.py", line 80, in _run
    self._context.run(self._callback, *self._args)
  File "C:\Users\ruben\AppData\Local\Programs\Python\Python39\lib\site-packages\mpf\core\events.py", line 795, in _queue_task_done
    future.result()
  File "C:\Users\ruben\AppData\Local\Programs\Python\Python39\lib\site-packages\mpf\core\events.py", line 708, in _run_handlers_sequential
    handler.callback(queue=queue, **merged_kwargs)
  File "C:\Users\ruben\AppData\Local\Programs\Python\Python39\lib\site-packages\mpf\core\config_player.py", line 90, in _initialize_system_wide
    self.validate_config(
  File "C:\Users\ruben\AppData\Local\Programs\Python\Python39\lib\site-packages\mpf\core\config_player.py", line 113, in validate_config
    validated_config[event] = self.validate_config_entry(settings, event)
  File "C:\Users\ruben\AppData\Local\Programs\Python\Python39\lib\site-packages\mpf\config_players\device_config_player.py", line 56, in validate_config_entry
    raise e
  File "C:\Users\ruben\AppData\Local\Programs\Python\Python39\lib\site-packages\mpf\config_players\device_config_player.py", line 52, in validate_config_entry
    self._validate_config_item(device, device_settings))
  File "C:\Users\ruben\AppData\Local\Programs\Python\Python39\lib\site-packages\mpf\config_players\device_config_player.py", line 83, in _validate_config_item
    raise e
  File "C:\Users\ruben\AppData\Local\Programs\Python\Python39\lib\site-packages\mpf\config_players\device_config_player.py", line 80, in _validate_config_item
    device_settings = self._expand_device_config(device_settings)
  File "C:\Users\ruben\AppData\Local\Programs\Python\Python39\lib\site-packages\mpf\config_players\light_player.py", line 133, in _expand_device_config
    device_settings['color'] = self._convert_color(color)
  File "C:\Users\ruben\AppData\Local\Programs\Python\Python39\lib\site-packages\mpf\config_players\light_player.py", line 124, in _convert_color
    self.raise_config_error("Invalid color {}".format(color), 1, source_exception=e, context=context)
  File "C:\Users\ruben\AppData\Local\Programs\Python\Python39\lib\site-packages\mpf\core\logging.py", line 174, in raise_config_error
    raise ConfigFileError(msg, error_no, self.log.name if self.log else "", context, self._url_base) \
mpf.exceptions.config_file_error.ConfigFileError: Config File Error in light_player: Failed to load config player led_code:lights with settings {'led_1': 'FAFF9C', 'led_2': 'FAFF9C', 'led_3': 'off', 'led_4': 'off', 'led_5': 'greens'} >> Failed to expand entry "led_5". >> Invalid color greens Error Code: CFE-light_player-1 (https://missionpinball.org/logs)

During handling of the above exception, another exception occurred:

Traceback (most recent call last):
  File "C:\Users\ruben\AppData\Local\Programs\Python\Python39\lib\site-packages\mpf\commands\game.py", line 240, in __init__
    self.machine.run()
  File "C:\Users\ruben\AppData\Local\Programs\Python\Python39\lib\site-packages\mpf\core\machine.py", line 704, in run
    self._run_loop()
  File "C:\Users\ruben\AppData\Local\Programs\Python\Python39\lib\site-packages\mpf\core\machine.py", line 811, in _run_loop
    report_crash(self._exception['exception'], "exception_during_run", self.config)
  File "C:\Users\ruben\AppData\Local\Programs\Python\Python39\lib\site-packages\mpf\core\crash_reporter.py", line 236, in report_crash
    response = input("Do you want to report the crash to the MPF team (yes/no/show)? ")
EOFError
