2025-06-26 12:00:56,558 : INFO : root : Loading config.
2025-06-26 12:00:56,573 : INFO : YamlMultifileConfigLoader : Machine config file #1: config.yaml
2025-06-26 12:00:56,573 : INFO : ConfigProcessor : Loading config from cache: C:\Users\ruben\AppData\Local\Temp\ea592b2e59251eb1324fb8d8ecdf3742.mpf_cache
2025-06-26 12:00:56,573 : WARNING : ConfigProcessor : Config file in cache changed: C:\pinball\my_machine\config\lights.yaml
2025-06-26 12:00:56,573 : INFO : ConfigProcessor : Loading config from file C:\Users\ruben\AppData\Local\Programs\Python\Python39\lib\site-packages\mpf\mpfconfig.yaml.
2025-06-26 12:00:56,605 : INFO : ConfigProcessor : Loading config: C:\Users\ruben\AppData\Local\Programs\Python\Python39\lib\site-packages\mpf\mpfconfig.yaml
2025-06-26 12:00:56,605 : INFO : ConfigProcessor : Loading config from file C:\pinball\my_machine\config\config.yaml.
2025-06-26 12:00:56,605 : INFO : ConfigProcessor : Loading config: C:\pinball\my_machine\config\config.yaml
2025-06-26 12:00:56,605 : INFO : ConfigProcessor : Loading config: C:\pinball\my_machine\config\hardware.yaml
2025-06-26 12:00:56,605 : INFO : ConfigProcessor : Loading config: C:\pinball\my_machine\config\switches.yaml
2025-06-26 12:00:56,619 : INFO : ConfigProcessor : Loading config: C:\pinball\my_machine\config\coils.yaml
2025-06-26 12:00:56,623 : INFO : ConfigProcessor : Loading config: C:\pinball\my_machine\config\lights.yaml
2025-06-26 12:00:56,627 : INFO : ConfigProcessor : Loading config: C:\pinball\my_machine\config\devices.yaml
2025-06-26 12:00:56,629 : INFO : ConfigProcessor : Loading config: C:\pinball\my_machine\config\images.yaml
2025-06-26 12:00:56,632 : INFO : ConfigProcessor : Loading config: C:\pinball\my_machine\config\displays.yaml
2025-06-26 12:00:56,632 : INFO : ConfigProcessor : Loading config: C:\pinball\my_machine\config\slides.yaml
2025-06-26 12:00:56,632 : INFO : ConfigProcessor : Config file cache created: C:\Users\ruben\AppData\Local\Temp\ea592b2e59251eb1324fb8d8ecdf3742.mpf_cache
2025-06-26 12:00:56,791 : INFO : ConfigProcessor : Loading config from cache: C:\Users\ruben\AppData\Local\Temp\de22d214a8e6fb7753c0be2dfb8deb7c.mpf_cache
2025-06-26 12:00:56,792 : INFO : ConfigProcessor : Loading config from cache: C:\Users\ruben\AppData\Local\Temp\76bc62f652ae2965f03127125af6e953.mpf_cache
2025-06-26 12:00:56,794 : INFO : ConfigProcessor : Loading config from cache: C:\Users\ruben\AppData\Local\Temp\195f66f1d07408d279921a878741edf5.mpf_cache
2025-06-26 12:00:56,795 : INFO : ConfigProcessor : Loading config from cache: C:\Users\ruben\AppData\Local\Temp\de22d214a8e6fb7753c0be2dfb8deb7c.mpf_cache
2025-06-26 12:00:56,796 : INFO : Machine : Mission Pinball Framework Core Engine v0.57.3
2025-06-26 12:00:56,796 : INFO : Machine : Command line arguments: {'no_load_cache': False, 'create_config_cache': True, 'bcp': True, 'configfile': ['config.yaml'], 'force_assets_load': False, 'platform_integration_test': False, 'jsonlogging': False, 'logfile': 'logs\\2025-06-26-12-00-56-mpf-DESKTOP-11MEIVG.log', 'pause': False, 'production': False, 'text_ui': True, 'loglevel': 15, 'consoleloglevel': 20, 'force_platform': None, 'syslog_address': None, 'mc_file_name': None, 'no_sound': False}
2025-06-26 12:00:56,796 : INFO : Machine : MPF path: C:\Users\ruben\AppData\Local\Programs\Python\Python39\lib\site-packages\mpf
2025-06-26 12:00:56,796 : INFO : Machine : Machine path: C:\pinball\my_machine
2025-06-26 12:00:56,796 : INFO : Machine : Platform: win32
2025-06-26 12:00:56,796 : INFO : Machine : Python executable location: C:\Users\ruben\AppData\Local\Programs\Python\Python39\python.exe
2025-06-26 12:00:56,797 : INFO : Machine : Python version: 3.9.13 (64-bit)
2025-06-26 12:00:56,800 : INFO : Machine : Initializing MPF...
2025-06-26 12:00:57,084 : INFO : OPP : Connecting to com3 at 115200bps
2025-06-26 12:00:57,186 : INFO : OPP : Init of OPP board 1 done
2025-06-26 12:00:57,186 : INFO : OPP : Connecting to com4 at 115200bps
2025-06-26 12:00:57,295 : INFO : OPP : Init of OPP board 0 done
2025-06-26 12:00:57,295 : INFO : EventManager : Event: ======'machine_var_credits_string'====== Args={'value': 'FREE PLAY', 'prev_value': None, 'change': True}
2025-06-26 12:00:57,396 : INFO : EventManager : Event: ======'machine_var_master_volume'====== Args={'value': 0.5, 'prev_value': None, 'change': True}
2025-06-26 12:00:57,396 : INFO : EventManager : Event: ======'machine_var_player1_score'====== Args={'value': 0, 'prev_value': None, 'change': True}
2025-06-26 12:00:57,396 : INFO : EventManager : Event: ======'machine_var_mpf_version'====== Args={'value': 'Mission Pinball Framework v0.57.3', 'prev_value': None, 'change': True}
2025-06-26 12:00:57,396 : INFO : EventManager : Event: ======'machine_var_mpf_extended_version'====== Args={'value': 'Mission Pinball Framework v0.57.3, Config version:6, Show version: 6, BCP version:1.1', 'prev_value': None, 'change': True}
2025-06-26 12:00:57,396 : INFO : EventManager : Event: ======'machine_var_python_version'====== Args={'value': '3.9.13', 'prev_value': None, 'change': True}
2025-06-26 12:00:57,411 : INFO : EventManager : Event: ======'machine_var_platform'====== Args={'value': 'Windows-10-10.0.19045-SP0', 'prev_value': None, 'change': True}
2025-06-26 12:00:57,411 : INFO : EventManager : Event: ======'machine_var_platform_system'====== Args={'value': 'Windows', 'prev_value': None, 'change': True}
2025-06-26 12:00:57,411 : INFO : EventManager : Event: ======'machine_var_platform_release'====== Args={'value': '10', 'prev_value': None, 'change': True}
2025-06-26 12:00:57,411 : INFO : EventManager : Event: ======'machine_var_platform_version'====== Args={'value': '10.0.19045', 'prev_value': None, 'change': True}
2025-06-26 12:00:57,411 : INFO : EventManager : Event: ======'machine_var_platform_machine'====== Args={'value': 'AMD64', 'prev_value': None, 'change': True}
2025-06-26 12:00:57,411 : INFO : EventManager : Event: ======'init_phase_1'====== Args={}
2025-06-26 12:00:57,442 : INFO : EventManager : Event: ======'init_phase_2'====== Args={}
2025-06-26 12:00:57,448 : INFO : EventManager : Event: ======'bcp_connection_attempt'====== Args={'name': 'local_display', 'host': 'localhost', 'port': 5050}
2025-06-26 12:00:57,450 : INFO : BCPClientSocket : Connecting BCP to 'local_display' at localhost:5050...
2025-06-26 12:01:00,011 : INFO : BCPClientSocket : Connected BCP to 'local_display' localhost:5050
2025-06-26 12:01:00,012 : INFO : EventManager : Event: ======'bcp_clients_connected'====== Args={}
2025-06-26 12:01:00,138 : INFO : ball_device.bd_trough : BCH: Initial count: 0
2025-06-26 12:01:00,139 : INFO : EventManager : Event: ======'machine_var_mc_version'====== Args={'value': 'MPF-MC v0.57.1', 'prev_value': None, 'change': True}
2025-06-26 12:01:00,139 : INFO : EventManager : Event: ======'machine_var_mc_extended_version'====== Args={'value': 'MPF-MC v0.57.1 (config_version=6, BCP v1.1,                      Requires MPF API compatibility v0.57.0 or newer)', 'prev_value': None, 'change': True}
2025-06-26 12:01:00,144 : INFO : ball_device.bd_trough : State: idle
2025-06-26 12:01:00,211 : INFO : EventManager : Event: ======'init_phase_3'====== Args={}
2025-06-26 12:01:00,215 : INFO : EventManager : Event: ======'init_phase_4'====== Args={}
2025-06-26 12:01:00,216 : INFO : BallController : Initial balls found: 0
2025-06-26 12:01:00,218 : INFO : EventManager : Event: ======'machine_var_audits_events_game_ended'====== Args={'value': 53, 'prev_value': None, 'change': True}
2025-06-26 12:01:00,219 : INFO : EventManager : Event: ======'machine_var_audits_events_game_started'====== Args={'value': 106, 'prev_value': None, 'change': True}
2025-06-26 12:01:00,219 : INFO : EventManager : Event: ======'machine_var_audits_missing_switches_s_left_flipper'====== Args={'value': 6, 'prev_value': None, 'change': True}
2025-06-26 12:01:00,219 : INFO : EventManager : Event: ======'machine_var_audits_missing_switches_s_left_outlane'====== Args={'value': 10, 'prev_value': None, 'change': True}
2025-06-26 12:01:00,219 : INFO : EventManager : Event: ======'machine_var_audits_missing_switches_s_left_slingshot'====== Args={'value': 6, 'prev_value': None, 'change': True}
2025-06-26 12:01:00,219 : INFO : EventManager : Event: ======'machine_var_audits_missing_switches_s_pop1'====== Args={'value': 17, 'prev_value': None, 'change': True}
2025-06-26 12:01:00,220 : INFO : EventManager : Event: ======'machine_var_audits_missing_switches_s_pop2'====== Args={'value': 17, 'prev_value': None, 'change': True}
2025-06-26 12:01:00,220 : INFO : EventManager : Event: ======'machine_var_audits_missing_switches_s_pop3'====== Args={'value': 17, 'prev_value': None, 'change': True}
2025-06-26 12:01:00,220 : INFO : EventManager : Event: ======'machine_var_audits_missing_switches_s_pop4'====== Args={'value': 6, 'prev_value': None, 'change': True}
2025-06-26 12:01:00,220 : INFO : EventManager : Event: ======'machine_var_audits_missing_switches_s_pop5'====== Args={'value': 6, 'prev_value': None, 'change': True}
2025-06-26 12:01:00,221 : INFO : EventManager : Event: ======'machine_var_audits_missing_switches_s_right_flipper'====== Args={'value': 5, 'prev_value': None, 'change': True}
2025-06-26 12:01:00,221 : INFO : EventManager : Event: ======'machine_var_audits_missing_switches_s_right_inlane'====== Args={'value': 3, 'prev_value': None, 'change': True}
2025-06-26 12:01:00,221 : INFO : EventManager : Event: ======'machine_var_audits_missing_switches_s_right_outlane'====== Args={'value': 10, 'prev_value': None, 'change': True}
2025-06-26 12:01:00,221 : INFO : EventManager : Event: ======'machine_var_audits_missing_switches_s_right_slingshot'====== Args={'value': 6, 'prev_value': None, 'change': True}
2025-06-26 12:01:00,221 : INFO : EventManager : Event: ======'machine_var_audits_missing_switches_s_startButton'====== Args={'value': 6, 'prev_value': None, 'change': True}
2025-06-26 12:01:00,222 : INFO : EventManager : Event: ======'machine_var_audits_missing_switches_s_trough1'====== Args={'value': 3, 'prev_value': None, 'change': True}
2025-06-26 12:01:00,222 : INFO : EventManager : Event: ======'machine_var_audits_missing_switches_s_trough2'====== Args={'value': 10, 'prev_value': None, 'change': True}
2025-06-26 12:01:00,222 : INFO : EventManager : Event: ======'machine_var_audits_missing_switches_s_trough3'====== Args={'value': 10, 'prev_value': None, 'change': True}
2025-06-26 12:01:00,222 : INFO : EventManager : Event: ======'machine_var_audits_missing_switches_s_trough4'====== Args={'value': 10, 'prev_value': None, 'change': True}
2025-06-26 12:01:00,223 : INFO : EventManager : Event: ======'machine_var_audits_missing_switches_s_trough5'====== Args={'value': 9, 'prev_value': None, 'change': True}
2025-06-26 12:01:00,223 : INFO : EventManager : Event: ======'machine_var_audits_player_score'====== Args={'value': {'average': 0, 'top': [0, 0, 0, 0, 0, 0, 0, 0, 0, 0], 'total': 53}, 'prev_value': None, 'change': True}
2025-06-26 12:01:00,223 : INFO : EventManager : Event: ======'machine_var_audits_switches_s_drop_bank1'====== Args={'value': 140, 'prev_value': None, 'change': True}
2025-06-26 12:01:00,224 : INFO : EventManager : Event: ======'machine_var_audits_switches_s_left_flipper'====== Args={'value': 2284, 'prev_value': None, 'change': True}
2025-06-26 12:01:00,224 : INFO : EventManager : Event: ======'machine_var_audits_switches_s_left_inlane1'====== Args={'value': 2, 'prev_value': None, 'change': True}
2025-06-26 12:01:00,225 : INFO : EventManager : Event: ======'machine_var_audits_switches_s_left_inlane2'====== Args={'value': 2, 'prev_value': None, 'change': True}
2025-06-26 12:01:00,225 : INFO : EventManager : Event: ======'machine_var_audits_switches_s_left_outlane'====== Args={'value': 0, 'prev_value': None, 'change': True}
2025-06-26 12:01:00,225 : INFO : EventManager : Event: ======'machine_var_audits_switches_s_left_slingshot'====== Args={'value': 295, 'prev_value': None, 'change': True}
2025-06-26 12:01:00,226 : INFO : EventManager : Event: ======'machine_var_audits_switches_s_plunger'====== Args={'value': 5, 'prev_value': None, 'change': True}
2025-06-26 12:01:00,226 : INFO : EventManager : Event: ======'machine_var_audits_switches_s_pop1'====== Args={'value': 0, 'prev_value': None, 'change': True}
2025-06-26 12:01:00,226 : INFO : EventManager : Event: ======'machine_var_audits_switches_s_pop2'====== Args={'value': 0, 'prev_value': None, 'change': True}
2025-06-26 12:01:00,226 : INFO : EventManager : Event: ======'machine_var_audits_switches_s_pop3'====== Args={'value': 0, 'prev_value': None, 'change': True}
2025-06-26 12:01:00,227 : INFO : EventManager : Event: ======'machine_var_audits_switches_s_pop4'====== Args={'value': 3, 'prev_value': None, 'change': True}
2025-06-26 12:01:00,227 : INFO : EventManager : Event: ======'machine_var_audits_switches_s_pop5'====== Args={'value': 3, 'prev_value': None, 'change': True}
2025-06-26 12:01:00,227 : INFO : EventManager : Event: ======'machine_var_audits_switches_s_pop_bot'====== Args={'value': 426, 'prev_value': None, 'change': True}
2025-06-26 12:01:00,228 : INFO : EventManager : Event: ======'machine_var_audits_switches_s_pop_mid'====== Args={'value': 351, 'prev_value': None, 'change': True}
2025-06-26 12:01:00,228 : INFO : EventManager : Event: ======'machine_var_audits_switches_s_pop_top'====== Args={'value': 302, 'prev_value': None, 'change': True}
2025-06-26 12:01:00,228 : INFO : EventManager : Event: ======'machine_var_audits_switches_s_right_flipper'====== Args={'value': 2339, 'prev_value': None, 'change': True}
2025-06-26 12:01:00,229 : INFO : EventManager : Event: ======'machine_var_audits_switches_s_right_inlane'====== Args={'value': 66, 'prev_value': None, 'change': True}
2025-06-26 12:01:00,230 : INFO : EventManager : Event: ======'machine_var_audits_switches_s_right_outlane'====== Args={'value': 0, 'prev_value': None, 'change': True}
2025-06-26 12:01:00,230 : INFO : EventManager : Event: ======'machine_var_audits_switches_s_right_slingshot'====== Args={'value': 258, 'prev_value': None, 'change': True}
2025-06-26 12:01:00,231 : INFO : EventManager : Event: ======'machine_var_audits_switches_s_scoop_center'====== Args={'value': 2, 'prev_value': None, 'change': True}
2025-06-26 12:01:00,231 : INFO : EventManager : Event: ======'machine_var_audits_switches_s_scoop_lower'====== Args={'value': 220, 'prev_value': None, 'change': True}
2025-06-26 12:01:00,232 : INFO : EventManager : Event: ======'machine_var_audits_switches_s_scoop_right'====== Args={'value': 1, 'prev_value': None, 'change': True}
2025-06-26 12:01:00,232 : INFO : EventManager : Event: ======'machine_var_audits_switches_s_shooter_lane'====== Args={'value': 15, 'prev_value': None, 'change': True}
2025-06-26 12:01:00,232 : INFO : EventManager : Event: ======'machine_var_audits_switches_s_startButton'====== Args={'value': 35, 'prev_value': None, 'change': True}
2025-06-26 12:01:00,233 : INFO : EventManager : Event: ======'machine_var_audits_switches_s_trough1'====== Args={'value': 316, 'prev_value': None, 'change': True}
2025-06-26 12:01:00,234 : INFO : EventManager : Event: ======'machine_var_audits_switches_s_trough2'====== Args={'value': 1, 'prev_value': None, 'change': True}
2025-06-26 12:01:00,234 : INFO : EventManager : Event: ======'machine_var_audits_switches_s_trough3'====== Args={'value': 1, 'prev_value': None, 'change': True}
2025-06-26 12:01:00,234 : INFO : EventManager : Event: ======'machine_var_audits_switches_s_trough4'====== Args={'value': 1, 'prev_value': None, 'change': True}
2025-06-26 12:01:00,235 : INFO : EventManager : Event: ======'machine_var_audits_switches_s_trough5'====== Args={'value': 1, 'prev_value': None, 'change': True}
2025-06-26 12:01:00,236 : INFO : EventManager : Event: ======'init_phase_5'====== Args={}
2025-06-26 12:01:00,238 : INFO : EventManager : Event: ======'init_done'====== Args={}
2025-06-26 12:01:00,240 : INFO : EventManager : Event: ======'machine_reset_phase_1'====== Args={}
2025-06-26 12:01:00,249 : INFO : EventManager : Event: ======'machine_reset_phase_2'====== Args={}
2025-06-26 12:01:00,250 : INFO : EventManager : Event: ======'machine_reset_phase_3'====== Args={}
2025-06-26 12:01:00,252 : INFO : EventManager : Event: ======'reset_complete'====== Args={}
2025-06-26 12:01:00,253 : INFO : EventManager : Event: ======'mode_attract_will_start'====== Args={}
2025-06-26 12:01:00,254 : INFO : EventManager : Event: ======'mode_attract_starting'====== Args={}
2025-06-26 12:01:00,254 : INFO : Mode.attract : Started. Priority: 10
2025-06-26 12:01:00,254 : INFO : EventManager : Event: ======'modes_active_modes_changed'====== Args={}
2025-06-26 12:01:00,254 : INFO : EventManager : Event: ======'mode_attract_started'====== Args={}
2025-06-26 12:01:00,255 : INFO : EventManager : Event: ======'collecting_balls_complete'====== Args={}
2025-06-26 12:01:00,278 : INFO : EventManager : Event: ======'slide_attract_image_slide_created'====== Args={'_from_bcp': True}
2025-06-26 12:01:00,278 : INFO : EventManager : Event: ======'slide_attract_image_slide_active'====== Args={'_from_bcp': True}
2025-06-26 12:01:00,279 : INFO : Machine : Starting the main run loop with active modes: [<Mode.attract>]
2025-06-26 12:01:00,280 : WARNING : OPP : Chain: 0Msg contains bad CRC:  0x22 0x19 0x00 0x24 0x0a 0x00 0x24 0x0a 0x00 0xff 0x20.
2025-06-26 12:01:04,444 : INFO : EventManager : Event: ======'led_code'====== Args={'_from_bcp': True}
2025-06-26 12:01:04,636 : INFO : EventManager : Event: ======'led_name'====== Args={'_from_bcp': True}
2025-06-26 12:01:04,828 : INFO : EventManager : Event: ======'led_off'====== Args={'_from_bcp': True}
2025-06-26 12:01:04,892 : INFO : EventManager : Event: ======'led_code'====== Args={'_from_bcp': True}
2025-06-26 12:01:05,020 : INFO : EventManager : Event: ======'group_light'====== Args={'_from_bcp': True}
2025-06-26 12:01:05,185 : INFO : EventManager : Event: ======'led_off'====== Args={'_from_bcp': True}
2025-06-26 12:01:05,223 : INFO : EventManager : Event: ======'group_light'====== Args={'_from_bcp': True}
2025-06-26 12:01:05,274 : INFO : EventManager : Event: ======'led_code'====== Args={'_from_bcp': True}
2025-06-26 12:01:05,531 : INFO : EventManager : Event: ======'led_fade'====== Args={'_from_bcp': True}
2025-06-26 12:01:05,686 : INFO : EventManager : Event: ======'led_off'====== Args={'_from_bcp': True}
2025-06-26 12:01:05,751 : INFO : EventManager : Event: ======'led_code'====== Args={'_from_bcp': True}
2025-06-26 12:01:05,867 : INFO : EventManager : Event: ======'led_name'====== Args={'_from_bcp': True}
2025-06-26 12:01:41,603 : INFO : EventManager : Event: ======'led_off'====== Args={'_from_bcp': True}
2025-06-26 12:01:41,962 : INFO : EventManager : Event: ======'led_code'====== Args={'_from_bcp': True}
2025-06-26 12:01:42,272 : INFO : EventManager : Event: ======'led_name'====== Args={'_from_bcp': True}
2025-06-26 12:01:42,583 : INFO : EventManager : Event: ======'group_light'====== Args={'_from_bcp': True}
2025-06-26 12:01:42,879 : INFO : EventManager : Event: ======'led_fade'====== Args={'_from_bcp': True}
2025-06-26 12:01:52,765 : INFO : EventManager : Event: ======'led_off'====== Args={'_from_bcp': True}
2025-06-26 12:01:53,176 : INFO : EventManager : Event: ======'led_code'====== Args={'_from_bcp': True}
2025-06-26 12:01:53,575 : INFO : EventManager : Event: ======'led_name'====== Args={'_from_bcp': True}
2025-06-26 12:01:53,924 : INFO : EventManager : Event: ======'group_light'====== Args={'_from_bcp': True}
2025-06-26 12:01:54,259 : INFO : EventManager : Event: ======'led_fade'====== Args={'_from_bcp': True}
2025-06-26 12:02:14,638 : INFO : EventManager : Event: ======'led_off'====== Args={'_from_bcp': True}
2025-06-26 12:02:14,972 : INFO : EventManager : Event: ======'led_code'====== Args={'_from_bcp': True}
2025-06-26 12:02:15,268 : INFO : EventManager : Event: ======'led_name'====== Args={'_from_bcp': True}
2025-06-26 12:02:15,565 : INFO : EventManager : Event: ======'group_light'====== Args={'_from_bcp': True}
2025-06-26 12:02:15,849 : INFO : EventManager : Event: ======'led_fade'====== Args={'_from_bcp': True}
2025-06-26 12:02:29,581 : INFO : EventManager : Event: ======'led_off'====== Args={'_from_bcp': True}
2025-06-26 12:02:29,991 : INFO : EventManager : Event: ======'led_code'====== Args={'_from_bcp': True}
2025-06-26 12:02:30,364 : INFO : EventManager : Event: ======'led_name'====== Args={'_from_bcp': True}
2025-06-26 12:02:31,034 : INFO : EventManager : Event: ======'group_light'====== Args={'_from_bcp': True}
2025-06-26 12:02:31,461 : INFO : EventManager : Event: ======'led_fade'====== Args={'_from_bcp': True}
2025-06-26 12:02:32,380 : INFO : EventManager : Event: ======'led_fade'====== Args={'_from_bcp': True}
2025-06-26 12:02:32,651 : INFO : EventManager : Event: ======'group_light'====== Args={'_from_bcp': True}
2025-06-26 12:02:32,897 : INFO : EventManager : Event: ======'led_name'====== Args={'_from_bcp': True}
2025-06-26 12:02:33,136 : INFO : EventManager : Event: ======'led_code'====== Args={'_from_bcp': True}
2025-06-26 12:04:27,850 : INFO : EventManager : Event: ======'led_off'====== Args={'_from_bcp': True}
2025-06-26 12:04:28,289 : INFO : EventManager : Event: ======'led_code'====== Args={'_from_bcp': True}
2025-06-26 12:04:28,665 : INFO : EventManager : Event: ======'led_name'====== Args={'_from_bcp': True}
2025-06-26 12:04:28,782 : INFO : EventManager : Event: ======'led_code'====== Args={'_from_bcp': True}
2025-06-26 12:04:29,065 : INFO : EventManager : Event: ======'led_name'====== Args={'_from_bcp': True}
2025-06-26 12:04:29,424 : INFO : EventManager : Event: ======'group_light'====== Args={'_from_bcp': True}
2025-06-26 12:04:29,694 : INFO : EventManager : Event: ======'led_fade'====== Args={'_from_bcp': True}
2025-06-26 12:04:29,874 : INFO : EventManager : Event: ======'led_off'====== Args={'_from_bcp': True}
2025-06-26 12:04:29,988 : INFO : EventManager : Event: ======'led_code'====== Args={'_from_bcp': True}
2025-06-26 12:04:30,103 : INFO : EventManager : Event: ======'led_name'====== Args={'_from_bcp': True}
2025-06-26 12:04:30,256 : INFO : EventManager : Event: ======'led_off'====== Args={'_from_bcp': True}
2025-06-26 12:04:30,295 : INFO : EventManager : Event: ======'led_code'====== Args={'_from_bcp': True}
2025-06-26 12:04:30,399 : INFO : EventManager : Event: ======'led_name'====== Args={'_from_bcp': True}
2025-06-26 12:04:30,554 : INFO : EventManager : Event: ======'led_off'====== Args={'_from_bcp': True}
2025-06-26 12:04:30,708 : INFO : EventManager : Event: ======'group_light'====== Args={'_from_bcp': True}
2025-06-26 12:04:30,709 : INFO : EventManager : Event: ======'led_fade'====== Args={'_from_bcp': True}
2025-06-26 12:04:30,822 : INFO : EventManager : Event: ======'led_off'====== Args={'_from_bcp': True}
2025-06-26 12:04:30,860 : INFO : EventManager : Event: ======'led_code'====== Args={'_from_bcp': True}
2025-06-26 12:04:31,051 : INFO : EventManager : Event: ======'led_fade'====== Args={'_from_bcp': True}
2025-06-26 12:04:31,102 : INFO : EventManager : Event: ======'group_light'====== Args={'_from_bcp': True}
2025-06-26 12:05:06,901 : INFO : Machine : Shutting down...
2025-06-26 12:05:06,901 : INFO : EventManager : Event: ======'shutdown'====== Args={}
2025-06-26 12:05:06,904 : ERROR : OPP : Stop called on serial connection com4
2025-06-26 12:05:06,925 : ERROR : OPP : Stop called on serial connection com3
2025-06-26 12:05:06,926 : ERROR : asyncio : Exception in callback Util.raise_exceptions(<Task finishe...ection lost')>) at C:\Users\ruben\AppData\Local\Programs\Python\Python39\lib\site-packages\mpf\core\utility_functions.py:790
handle: <Handle Util.raise_exceptions(<Task finishe...ection lost')>) at C:\Users\ruben\AppData\Local\Programs\Python\Python39\lib\site-packages\mpf\core\utility_functions.py:790>
Traceback (most recent call last):
  File "C:\Users\ruben\AppData\Local\Programs\Python\Python39\lib\asyncio\events.py", line 80, in _run
    self._context.run(self._callback, *self._args)
  File "C:\Users\ruben\AppData\Local\Programs\Python\Python39\lib\site-packages\mpf\core\utility_functions.py", line 798, in raise_exceptions
    future.result()
  File "C:\Users\ruben\AppData\Local\Programs\Python\Python39\lib\site-packages\mpf\platforms\opp\opp.py", line 971, in _poll_sender
    await self.opp_connection[chain_serial].writer.drain()
  File "C:\Users\ruben\AppData\Local\Programs\Python\Python39\lib\asyncio\streams.py", line 387, in drain
    await self._protocol._drain_helper()
  File "C:\Users\ruben\AppData\Local\Programs\Python\Python39\lib\asyncio\streams.py", line 190, in _drain_helper
    raise ConnectionResetError('Connection lost')
ConnectionResetError: Connection lost
2025-06-26 12:05:07,210 : WARNING : OPP : Poll took more than 250.0ms for 1
2025-06-26 12:05:07,211 : ERROR : asyncio : Exception in callback Util.raise_exceptions(<Task finishe...ute 'write'")>) at C:\Users\ruben\AppData\Local\Programs\Python\Python39\lib\site-packages\mpf\core\utility_functions.py:790
handle: <Handle Util.raise_exceptions(<Task finishe...ute 'write'")>) at C:\Users\ruben\AppData\Local\Programs\Python\Python39\lib\site-packages\mpf\core\utility_functions.py:790>
Traceback (most recent call last):
  File "C:\Users\ruben\AppData\Local\Programs\Python\Python39\lib\asyncio\events.py", line 80, in _run
    self._context.run(self._callback, *self._args)
  File "C:\Users\ruben\AppData\Local\Programs\Python\Python39\lib\site-packages\mpf\core\utility_functions.py", line 798, in raise_exceptions
    future.result()
  File "C:\Users\ruben\AppData\Local\Programs\Python\Python39\lib\site-packages\mpf\platforms\opp\opp.py", line 970, in _poll_sender
    self.send_to_processor(chain_serial, self.read_input_msg[chain_serial])
  File "C:\Users\ruben\AppData\Local\Programs\Python\Python39\lib\site-packages\mpf\platforms\opp\opp.py", line 349, in send_to_processor
    self.opp_connection[chain_serial].send(msg)
  File "C:\Users\ruben\AppData\Local\Programs\Python\Python39\lib\site-packages\mpf\platforms\base_serial_communicator.py", line 161, in send
    self.writer.write(msg)
AttributeError: 'NoneType' object has no attribute 'write'
2025-06-26 12:05:07,276 : INFO : root : MPF run loop ended.
