2025-05-29 08:53:23,103 : INFO : root : Loading config.
2025-05-29 08:53:23,108 : INFO : YamlMultifileConfigLoader : Machine config file #1: config.yaml
2025-05-29 08:53:23,109 : WARNING : ConfigProcessor : Config file in cache changed: C:\pinball\my_machine\config\config.yaml
2025-05-29 08:53:23,109 : INFO : ConfigProcessor : Loading config from file C:\Users\ruben\.local\pipx\venvs\mpf\lib\site-packages\mpf\mpfconfig.yaml.
2025-05-29 08:53:23,216 : INFO : ConfigProcessor : Loading config: C:\Users\ruben\.local\pipx\venvs\mpf\lib\site-packages\mpf\mpfconfig.yaml
2025-05-29 08:53:23,232 : INFO : ConfigProcessor : Loading config from file C:\pinball\my_machine\config\config.yaml.
2025-05-29 08:53:23,263 : INFO : ConfigProcessor : Loading config: C:\pinball\my_machine\config\config.yaml
2025-05-29 08:53:23,263 : INFO : ConfigProcessor : Config file cache created: C:\Users\ruben\AppData\Local\Temp\a17888e5e1df298d67e07ada0b1bff4a.mpf_cache
2025-05-29 08:53:23,388 : INFO : ConfigProcessor : Loading config from cache: C:\Users\ruben\AppData\Local\Temp\67cf8ffee0fce2d4fcb5ef0bb894d8de.mpf_cache
2025-05-29 08:53:23,388 : INFO : ConfigProcessor : Loading config from cache: C:\Users\ruben\AppData\Local\Temp\25321780674732dcacb77a8f5b2a53cd.mpf_cache
2025-05-29 08:53:23,388 : INFO : Machine : Mission Pinball Framework Core Engine v0.56.0
2025-05-29 08:53:23,388 : INFO : Machine : Command line arguments: {'no_load_cache': False, 'create_config_cache': True, 'bcp': True, 'configfile': ['config.yaml'], 'force_assets_load': False, 'jsonlogging': False, 'logfile': 'logs\\2025-05-29-08-53-23-mpf-DESKTOP-11MEIVG.log', 'pause': False, 'production': False, 'text_ui': True, 'loglevel': 15, 'consoleloglevel': 20, 'force_platform': 'smart_virtual', 'syslog_address': None, 'mc_file_name': None, 'no_sound': False}
2025-05-29 08:53:23,388 : INFO : Machine : MPF path: C:\Users\ruben\.local\pipx\venvs\mpf\lib\site-packages\mpf
2025-05-29 08:53:23,388 : INFO : Machine : Machine path: C:\pinball\my_machine
2025-05-29 08:53:23,388 : INFO : Machine : Platform: win32
2025-05-29 08:53:23,388 : INFO : Machine : Python executable location: C:\Users\ruben\.local\pipx\venvs\mpf\Scripts\python.exe
2025-05-29 08:53:23,388 : INFO : Machine : Python version: 3.9.13 (64-bit)
2025-05-29 08:53:23,404 : INFO : Machine : Initialise MPF.
2025-05-29 08:53:23,669 : INFO : EventManager : Event: ======'machine_var_credits_string'====== Args={'value': 'FREE PLAY', 'prev_value': None, 'change': True}
2025-05-29 08:53:23,762 : INFO : EventManager : Event: ======'machine_var_master_volume'====== Args={'value': 0.5, 'prev_value': None, 'change': True}
2025-05-29 08:53:23,762 : INFO : EventManager : Event: ======'machine_var_player1_score'====== Args={'value': 0, 'prev_value': None, 'change': True}
2025-05-29 08:53:23,762 : INFO : EventManager : Event: ======'machine_var_mpf_version'====== Args={'value': 'MPF v0.56.0', 'prev_value': None, 'change': True}
2025-05-29 08:53:23,762 : INFO : EventManager : Event: ======'machine_var_mpf_extended_version'====== Args={'value': 'MPF v0.56.0, Config version:5, Show version: 5, BCP version:1.1', 'prev_value': None, 'change': True}
2025-05-29 08:53:23,763 : INFO : EventManager : Event: ======'machine_var_python_version'====== Args={'value': '3.9.13', 'prev_value': None, 'change': True}
2025-05-29 08:53:23,769 : INFO : EventManager : Event: ======'machine_var_platform'====== Args={'value': 'Windows-10-10.0.19045-SP0', 'prev_value': None, 'change': True}
2025-05-29 08:53:23,769 : INFO : EventManager : Event: ======'machine_var_platform_system'====== Args={'value': 'Windows', 'prev_value': None, 'change': True}
2025-05-29 08:53:23,769 : INFO : EventManager : Event: ======'machine_var_platform_release'====== Args={'value': '10', 'prev_value': None, 'change': True}
2025-05-29 08:53:23,769 : INFO : EventManager : Event: ======'machine_var_platform_version'====== Args={'value': '10.0.19045', 'prev_value': None, 'change': True}
2025-05-29 08:53:23,769 : INFO : EventManager : Event: ======'machine_var_platform_machine'====== Args={'value': 'AMD64', 'prev_value': None, 'change': True}
2025-05-29 08:53:23,769 : INFO : EventManager : Event: ======'init_phase_1'====== Args={}
2025-05-29 08:53:23,800 : INFO : EventManager : Event: ======'drop_target_bank_vuk_bank_up'====== Args={}
2025-05-29 08:53:23,800 : INFO : EventManager : Event: ======'init_phase_2'====== Args={}
2025-05-29 08:53:23,800 : INFO : EventManager : Event: ======'bcp_connection_attempt'====== Args={'name': 'local_display', 'host': 'localhost', 'port': 5050}
2025-05-29 08:53:23,800 : INFO : BCPClientSocket : Connecting BCP to 'local_display' at localhost:5050...
2025-05-29 08:53:26,357 : INFO : BCPClientSocket : Connected BCP to 'local_display' localhost:5050
2025-05-29 08:53:26,358 : INFO : EventManager : Event: ======'bcp_clients_connected'====== Args={}
2025-05-29 08:53:26,387 : INFO : ball_device.bd_trough : BCH: Initial count: 0
2025-05-29 08:53:26,389 : INFO : EventManager : Event: ======'machine_var_mc_version'====== Args={'value': 'MPF-MC v0.56.1', 'prev_value': None, 'change': True}
2025-05-29 08:53:26,391 : INFO : EventManager : Event: ======'machine_var_mc_extended_version'====== Args={'value': 'MPF-MC v0.56.1 (config_version=5, BCP v1.1,                      Requires MPF API compatibility v0.56.0 or newer)', 'prev_value': None, 'change': True}
2025-05-29 08:53:26,395 : INFO : ball_device.bd_trough : State: idle
2025-05-29 08:53:26,416 : INFO : ball_device.bd_scoop_lower : BCH: Initial count: 0
2025-05-29 08:53:26,418 : INFO : ball_device.bd_scoop_lower : State: idle
2025-05-29 08:53:26,437 : INFO : EventManager : Event: ======'init_phase_3'====== Args={}
2025-05-29 08:53:26,440 : INFO : EventManager : Event: ======'init_phase_4'====== Args={}
2025-05-29 08:53:26,440 : INFO : BallController : Initial balls found: 0
2025-05-29 08:53:26,442 : INFO : EventManager : Event: ======'machine_var_audits_events_game_ended'====== Args={'value': 50, 'prev_value': None, 'change': True}
2025-05-29 08:53:26,442 : INFO : EventManager : Event: ======'machine_var_audits_events_game_started'====== Args={'value': 76, 'prev_value': None, 'change': True}
2025-05-29 08:53:26,442 : INFO : EventManager : Event: ======'machine_var_audits_player_score'====== Args={'value': {'average': 0.0, 'top': [0, 0, 0, 0, 0, 0, 0, 0, 0, 0], 'total': 50}, 'prev_value': None, 'change': True}
2025-05-29 08:53:26,443 : INFO : EventManager : Event: ======'machine_var_audits_switches_s_drop_bank1'====== Args={'value': 140, 'prev_value': None, 'change': True}
2025-05-29 08:53:26,443 : INFO : EventManager : Event: ======'machine_var_audits_switches_s_left_flipper'====== Args={'value': 1988, 'prev_value': None, 'change': True}
2025-05-29 08:53:26,443 : INFO : EventManager : Event: ======'machine_var_audits_switches_s_left_slingshot'====== Args={'value': 290, 'prev_value': None, 'change': True}
2025-05-29 08:53:26,444 : INFO : EventManager : Event: ======'machine_var_audits_switches_s_pop_bot'====== Args={'value': 426, 'prev_value': None, 'change': True}
2025-05-29 08:53:26,444 : INFO : EventManager : Event: ======'machine_var_audits_switches_s_pop_mid'====== Args={'value': 351, 'prev_value': None, 'change': True}
2025-05-29 08:53:26,444 : INFO : EventManager : Event: ======'machine_var_audits_switches_s_pop_top'====== Args={'value': 302, 'prev_value': None, 'change': True}
2025-05-29 08:53:26,444 : INFO : EventManager : Event: ======'machine_var_audits_switches_s_right_flipper'====== Args={'value': 2005, 'prev_value': None, 'change': True}
2025-05-29 08:53:26,445 : INFO : EventManager : Event: ======'machine_var_audits_switches_s_right_inlane'====== Args={'value': 0, 'prev_value': None, 'change': True}
2025-05-29 08:53:26,445 : INFO : EventManager : Event: ======'machine_var_audits_switches_s_right_slingshot'====== Args={'value': 255, 'prev_value': None, 'change': True}
2025-05-29 08:53:26,445 : INFO : EventManager : Event: ======'machine_var_audits_switches_s_scoop_lower'====== Args={'value': 220, 'prev_value': None, 'change': True}
2025-05-29 08:53:26,446 : INFO : EventManager : Event: ======'machine_var_audits_switches_s_startButton'====== Args={'value': 11, 'prev_value': None, 'change': True}
2025-05-29 08:53:26,446 : INFO : EventManager : Event: ======'machine_var_audits_switches_s_trough1'====== Args={'value': 302, 'prev_value': None, 'change': True}
2025-05-29 08:53:26,447 : INFO : EventManager : Event: ======'init_phase_5'====== Args={}
2025-05-29 08:53:26,452 : INFO : EventManager : Event: ======'init_done'====== Args={}
2025-05-29 08:53:26,452 : INFO : EventManager : Event: ======'machine_reset_phase_1'====== Args={}
2025-05-29 08:53:26,462 : INFO : EventManager : Event: ======'slide_welcome_slide_removed'====== Args={'_from_bcp': True}
2025-05-29 08:53:26,468 : INFO : EventManager : Event: ======'slide_welcome_slide_created'====== Args={'_from_bcp': True}
2025-05-29 08:53:26,469 : INFO : EventManager : Event: ======'machine_reset_phase_2'====== Args={}
2025-05-29 08:53:26,469 : INFO : EventManager : Event: ======'machine_reset_phase_3'====== Args={}
2025-05-29 08:53:26,470 : INFO : drop_target_bank.vuk_bank : All targets are already up. Will not reset bank.
2025-05-29 08:53:26,470 : INFO : EventManager : Event: ======'reset_complete'====== Args={}
2025-05-29 08:53:26,470 : INFO : EventManager : Event: ======'mode_attract_will_start'====== Args={}
2025-05-29 08:53:26,471 : INFO : EventManager : Event: ======'mode_attract_starting'====== Args={}
2025-05-29 08:53:26,471 : INFO : Mode.attract : Started. Priority: 10
2025-05-29 08:53:26,471 : INFO : EventManager : Event: ======'modes_active_modes_changed'====== Args={}
2025-05-29 08:53:26,471 : INFO : EventManager : Event: ======'mode_attract_started'====== Args={}
2025-05-29 08:53:26,471 : INFO : EventManager : Event: ======'collecting_balls_complete'====== Args={}
2025-05-29 08:53:26,472 : INFO : EventManager : Event: ======'slide_welcome_slide_active'====== Args={'_from_bcp': True}
2025-05-29 08:53:26,491 : INFO : EventManager : Event: ======'slide_attract_started_created'====== Args={'_from_bcp': True}
2025-05-29 08:53:26,491 : INFO : EventManager : Event: ======'slide_attract_started_active'====== Args={'_from_bcp': True}
2025-05-29 08:53:26,491 : INFO : Machine : Starting the main run loop.
2025-05-29 08:53:32,611 : INFO : SwitchController : <<<<<<< 's_startButton' active >>>>>>>
2025-05-29 08:53:32,790 : INFO : SwitchController : <<<<<<< 's_startButton' inactive >>>>>>>
2025-05-29 08:53:32,791 : INFO : EventManager : Event: ======'request_to_start_game'====== Args={}
2025-05-29 08:53:32,791 : INFO : BallController : Known balls: 0
2025-05-29 08:53:32,792 : INFO : BallController : bd_trough contains 0 balls. Tags ['trough', 'home', 'drain']
2025-05-29 08:53:32,792 : INFO : BallController : bd_scoop_lower contains 0 balls. Tags []
2025-05-29 08:53:32,792 : INFO : BallController : playfield contains 0 balls. Tags ['default']
2025-05-29 08:53:32,792 : WARNING : BallController : BallController denies game start. Not enough balls. 0 found. 1 required
2025-05-29 08:53:32,793 : INFO : BallController : Triggering ball search.
2025-05-29 08:53:33,916 : INFO : SwitchController : <<<<<<< 's_trough1' active >>>>>>>
2025-05-29 08:53:34,426 : INFO : EventManager : Event: ======'balldevice_bd_trough_ball_count_changed'====== Args={'balls': 1}
2025-05-29 08:53:34,426 : INFO : ball_device.bd_trough : Received unexpected ball
2025-05-29 08:53:34,426 : INFO : EventManager : Event: ======'balldevice_captured_from_playfield'====== Args={'balls': 1}
2025-05-29 08:53:34,427 : INFO : EventManager : Event: ======'sw_playfield_active'====== Args={'balls': 1}
2025-05-29 08:53:34,427 : INFO : EventManager : Event: ======'playfield_active'====== Args={}
2025-05-29 08:53:34,428 : INFO : EventManager : Event: ======'unexpected_ball_on_playfield'====== Args={}
2025-05-29 08:53:34,428 : INFO : EventManager : Event: ======'playfield_ball_count_change'====== Args={'balls': -1, 'change': -1}
2025-05-29 08:53:34,429 : INFO : EventManager : Event: ======'balldevice_playfield_ball_enter'====== Args={'new_balls': 1, 'unclaimed_balls': 1, 'device': <playfield.playfield>}
2025-05-29 08:53:34,429 : INFO : EventManager : Event: ======'playfield_ball_count_change'====== Args={'balls': 0, 'change': 1}
2025-05-29 08:53:34,430 : INFO : BallController : Found a new ball which was captured from playfield. Known balls: 1
2025-05-29 08:53:34,430 : INFO : EventManager : Event: ======'found_new_ball'====== Args={}
2025-05-29 08:53:34,430 : INFO : EventManager : Event: ======'balldevice_bd_trough_ball_enter'====== Args={'new_balls': 1, 'unclaimed_balls': 1, 'new_available_balls': 1, 'device': <ball_device.bd_trough>}
2025-05-29 08:53:34,431 : INFO : EventManager : Event: ======'ball_drain'====== Args={'device': <ball_device.bd_trough>, 'balls': 1}
2025-05-29 08:53:34,431 : INFO : EventManager : Event: ======'balldevice_balls_available'====== Args={}
2025-05-29 08:53:34,431 : INFO : EventManager : Event: ======'balldevice_bd_trough_ball_entered'====== Args={'new_balls': 1, 'device': <ball_device.bd_trough>}
2025-05-29 08:53:36,524 : INFO : SwitchController : <<<<<<< 's_startButton' active >>>>>>>
2025-05-29 08:53:36,661 : INFO : SwitchController : <<<<<<< 's_startButton' inactive >>>>>>>
2025-05-29 08:53:36,662 : INFO : EventManager : Event: ======'request_to_start_game'====== Args={}
2025-05-29 08:53:36,662 : INFO : EventManager : Event: ======'game_start'====== Args={'buttons': [], 'hold_time': 0.14100000000053114}
2025-05-29 08:53:36,663 : INFO : EventManager : Event: ======'mode_game_will_start'====== Args={'buttons': [], 'hold_time': 0.14100000000053114}
2025-05-29 08:53:36,665 : INFO : EventManager : Event: ======'mode_game_starting'====== Args={'buttons': [], 'hold_time': 0.14100000000053114}
2025-05-29 08:53:36,665 : INFO : EventManager : Event: ======'mode_attract_will_stop'====== Args={}
2025-05-29 08:53:36,666 : INFO : EventManager : Event: ======'mode_attract_stopping'====== Args={}
2025-05-29 08:53:36,666 : INFO : Mode.attract : Stopped.
2025-05-29 08:53:36,666 : INFO : EventManager : Event: ======'modes_active_modes_changed'====== Args={}
2025-05-29 08:53:36,667 : INFO : EventManager : Event: ======'mode_attract_stopped'====== Args={}
2025-05-29 08:53:36,667 : INFO : EventManager : Event: ======'clear'====== Args={'key': 'attract'}
2025-05-29 08:53:36,668 : INFO : Mode.game : Started. Priority: 20
2025-05-29 08:53:36,668 : INFO : EventManager : Event: ======'modes_active_modes_changed'====== Args={}
2025-05-29 08:53:36,668 : INFO : EventManager : Event: ======'mode_game_started'====== Args={'buttons': [], 'hold_time': 0.14100000000053114}
2025-05-29 08:53:36,688 : INFO : EventManager : Event: ======'game_will_start'====== Args={}
2025-05-29 08:53:36,688 : INFO : EventManager : Event: ======'game_starting'====== Args={'game': <Mode.game>}
2025-05-29 08:53:36,689 : INFO : EventManager : Event: ======'player_add_request'====== Args={}
2025-05-29 08:53:36,689 : INFO : EventManager : Event: ======'player_will_add'====== Args={'number': 1}
2025-05-29 08:53:36,690 : INFO : EventManager : Event: ======'player_adding'====== Args={'player': <Player 1>, 'number': 1}
2025-05-29 08:53:36,690 : INFO : EventManager : Event: ======'player_added'====== Args={'player': <Player 1>, 'num': 1}
2025-05-29 08:53:36,690 : INFO : Mode.game : Player added successfully. Total players: 1
2025-05-29 08:53:36,691 : INFO : EventManager : Event: ======'player_index'====== Args={'value': 0, 'prev_value': 0, 'change': 0, 'player_num': 1}
2025-05-29 08:53:36,691 : INFO : EventManager : Event: ======'player_number'====== Args={'value': 1, 'prev_value': 1, 'change': 0, 'player_num': 1}
2025-05-29 08:53:36,692 : INFO : EventManager : Event: ======'player_score'====== Args={'value': 0, 'prev_value': 0, 'change': 0, 'player_num': 1}
2025-05-29 08:53:36,693 : INFO : EventManager : Event: ======'game_started'====== Args={}
2025-05-29 08:53:36,708 : INFO : EventManager : Event: ======'player_turn_will_start'====== Args={'player': <Player 1>, 'number': 1}
2025-05-29 08:53:36,708 : INFO : EventManager : Event: ======'player_turn_starting'====== Args={'player': <Player 1>, 'number': 1}
2025-05-29 08:53:36,709 : INFO : EventManager : Event: ======'player_ball'====== Args={'value': 1, 'prev_value': 0, 'change': 1, 'player_num': 1}
2025-05-29 08:53:36,725 : INFO : EventManager : Event: ======'player_turn_started'====== Args={'player': <Player 1>, 'number': 1}
2025-05-29 08:53:36,728 : INFO : EventManager : Event: ======'ball_will_start'====== Args={'player': 1, 'ball': 1, 'balls_remaining': 2, 'is_extra_ball': False}
2025-05-29 08:53:36,738 : INFO : EventManager : Event: ======'ball_starting'====== Args={'player': 1, 'ball': 1, 'balls_remaining': 2, 'is_extra_ball': False}
2025-05-29 08:53:36,739 : INFO : drop_target_bank.vuk_bank : All targets are already up. Will not reset bank.
2025-05-29 08:53:36,739 : INFO : EventManager : Event: ======'balls_in_play'====== Args={'balls': 1}
2025-05-29 08:53:36,740 : INFO : EventManager : Event: ======'ball_started'====== Args={'player': 1, 'ball': 1, 'balls_remaining': 2, 'is_extra_ball': False}
2025-05-29 08:53:36,744 : INFO : EventManager : Event: ======'single_player_ball_started'====== Args={}
2025-05-29 08:53:36,744 : INFO : EventManager : Event: ======'ball_start_target'====== Args={'target': 'playfield'}
2025-05-29 08:53:36,745 : INFO : ball_device.bd_trough : Setting up player-controlled eject. Balls: 1, Target: <playfield.playfield>, player_controlled_eject_event: None
2025-05-29 08:53:36,745 : INFO : ball_device.bd_trough : Adding 1 ball(s) to the eject_queue with target <playfield.playfield>.
2025-05-29 08:53:36,745 : INFO : EventManager : Event: ======'balldevice_balls_available'====== Args={}
2025-05-29 08:53:36,746 : INFO : ball_device.bd_trough : State: waiting_for_target_ready
2025-05-29 08:53:36,747 : INFO : EventManager : Event: ======'balldevice_bd_trough_ball_eject_attempt'====== Args={'balls': 1, 'target': <playfield.playfield>, 'source': <ball_device.bd_trough>, 'mechanical_eject': False, 'num_attempts': 0}
2025-05-29 08:53:36,747 : INFO : ball_device.bd_trough : State: ejecting
2025-05-29 08:53:36,747 : INFO : ball_device.bd_trough : Ejecting ball to <playfield.playfield>
2025-05-29 08:53:36,748 : INFO : EventManager : Event: ======'balldevice_bd_trough_ejecting_ball'====== Args={'balls': 1, 'target': <playfield.playfield>, 'source': <ball_device.bd_trough>, 'mechanical_eject': False, 'num_attempts': 0}
2025-05-29 08:53:36,749 : INFO : ball_device.bd_trough : Wait for ball to leave device
2025-05-29 08:53:36,749 : INFO : coil.c_trough_eject : Pulsing Driver for 35ms (1.0 pulse_power)
2025-05-29 08:53:36,749 : INFO : SwitchController : <<<<<<< 's_trough1' inactive >>>>>>>
2025-05-29 08:53:36,756 : INFO : EventManager : Event: ======'slide__global.slide_player-ball_started_created'====== Args={'_from_bcp': True}
2025-05-29 08:53:36,756 : INFO : ball_device.bd_trough : State: ball_left
2025-05-29 08:53:36,757 : INFO : ball_device.bd_trough : Ball left
2025-05-29 08:53:36,757 : INFO : ball_device.bd_trough : Wait for confirm with timeout 10.0
2025-05-29 08:53:36,758 : INFO : EventManager : Event: ======'slide__global.slide_player-ball_started_active'====== Args={'_from_bcp': True}
2025-05-29 08:53:42,250 : INFO : SwitchController : <<<<<<< 's_right_flipper' active >>>>>>>
2025-05-29 08:53:42,251 : INFO : EventManager : Event: ======'machine_var_audits_switches_s_right_flipper'====== Args={'value': 2006, 'prev_value': 2005, 'change': 1}
2025-05-29 08:53:42,397 : INFO : SwitchController : <<<<<<< 's_right_flipper' inactive >>>>>>>
2025-05-29 08:53:42,766 : INFO : SwitchController : <<<<<<< 's_right_flipper' active >>>>>>>
2025-05-29 08:53:42,767 : INFO : EventManager : Event: ======'machine_var_audits_switches_s_right_flipper'====== Args={'value': 2007, 'prev_value': 2006, 'change': 1}
2025-05-29 08:53:42,888 : INFO : SwitchController : <<<<<<< 's_right_flipper' inactive >>>>>>>
2025-05-29 08:53:43,023 : INFO : SwitchController : <<<<<<< 's_right_flipper' active >>>>>>>
2025-05-29 08:53:43,023 : INFO : EventManager : Event: ======'machine_var_audits_switches_s_right_flipper'====== Args={'value': 2008, 'prev_value': 2007, 'change': 1}
2025-05-29 08:53:43,168 : INFO : SwitchController : <<<<<<< 's_right_flipper' inactive >>>>>>>
2025-05-29 08:53:43,253 : INFO : SwitchController : <<<<<<< 's_right_flipper' active >>>>>>>
2025-05-29 08:53:43,254 : INFO : EventManager : Event: ======'machine_var_audits_switches_s_right_flipper'====== Args={'value': 2009, 'prev_value': 2008, 'change': 1}
2025-05-29 08:53:43,401 : INFO : SwitchController : <<<<<<< 's_right_flipper' inactive >>>>>>>
2025-05-29 08:53:43,523 : INFO : SwitchController : <<<<<<< 's_left_flipper' active >>>>>>>
2025-05-29 08:53:43,523 : INFO : EventManager : Event: ======'machine_var_audits_switches_s_left_flipper'====== Args={'value': 1989, 'prev_value': 1988, 'change': 1}
2025-05-29 08:53:43,623 : INFO : SwitchController : <<<<<<< 's_left_flipper' inactive >>>>>>>
2025-05-29 08:53:43,758 : INFO : SwitchController : <<<<<<< 's_left_flipper' active >>>>>>>
2025-05-29 08:53:43,759 : INFO : EventManager : Event: ======'machine_var_audits_switches_s_left_flipper'====== Args={'value': 1990, 'prev_value': 1989, 'change': 1}
2025-05-29 08:53:43,866 : INFO : SwitchController : <<<<<<< 's_left_flipper' inactive >>>>>>>
2025-05-29 08:53:43,976 : INFO : SwitchController : <<<<<<< 's_left_flipper' active >>>>>>>
2025-05-29 08:53:43,977 : INFO : EventManager : Event: ======'machine_var_audits_switches_s_left_flipper'====== Args={'value': 1991, 'prev_value': 1990, 'change': 1}
2025-05-29 08:53:44,051 : INFO : SwitchController : <<<<<<< 's_left_flipper' inactive >>>>>>>
2025-05-29 08:53:44,170 : INFO : SwitchController : <<<<<<< 's_left_flipper' active >>>>>>>
2025-05-29 08:53:44,171 : INFO : EventManager : Event: ======'machine_var_audits_switches_s_left_flipper'====== Args={'value': 1992, 'prev_value': 1991, 'change': 1}
2025-05-29 08:53:44,281 : INFO : SwitchController : <<<<<<< 's_left_flipper' inactive >>>>>>>
2025-05-29 08:53:44,395 : INFO : SwitchController : <<<<<<< 's_left_flipper' active >>>>>>>
2025-05-29 08:53:44,395 : INFO : EventManager : Event: ======'machine_var_audits_switches_s_left_flipper'====== Args={'value': 1993, 'prev_value': 1992, 'change': 1}
2025-05-29 08:53:44,507 : INFO : SwitchController : <<<<<<< 's_left_flipper' inactive >>>>>>>
2025-05-29 08:53:44,630 : INFO : SwitchController : <<<<<<< 's_right_flipper' active >>>>>>>
2025-05-29 08:53:44,630 : INFO : EventManager : Event: ======'machine_var_audits_switches_s_right_flipper'====== Args={'value': 2010, 'prev_value': 2009, 'change': 1}
2025-05-29 08:53:44,777 : INFO : SwitchController : <<<<<<< 's_right_flipper' inactive >>>>>>>
2025-05-29 08:53:44,874 : INFO : SwitchController : <<<<<<< 's_right_flipper' active >>>>>>>
2025-05-29 08:53:44,875 : INFO : EventManager : Event: ======'machine_var_audits_switches_s_right_flipper'====== Args={'value': 2011, 'prev_value': 2010, 'change': 1}
2025-05-29 08:53:45,020 : INFO : SwitchController : <<<<<<< 's_right_flipper' inactive >>>>>>>
2025-05-29 08:53:45,092 : INFO : SwitchController : <<<<<<< 's_right_flipper' active >>>>>>>
2025-05-29 08:53:45,093 : INFO : EventManager : Event: ======'machine_var_audits_switches_s_right_flipper'====== Args={'value': 2012, 'prev_value': 2011, 'change': 1}
2025-05-29 08:53:45,200 : INFO : SwitchController : <<<<<<< 's_right_flipper' inactive >>>>>>>
2025-05-29 08:53:45,309 : INFO : SwitchController : <<<<<<< 's_right_flipper' active >>>>>>>
2025-05-29 08:53:45,310 : INFO : EventManager : Event: ======'machine_var_audits_switches_s_right_flipper'====== Args={'value': 2013, 'prev_value': 2012, 'change': 1}
2025-05-29 08:53:45,418 : INFO : SwitchController : <<<<<<< 's_right_flipper' inactive >>>>>>>
2025-05-29 08:53:45,480 : INFO : SwitchController : <<<<<<< 's_left_flipper' active >>>>>>>
2025-05-29 08:53:45,480 : INFO : EventManager : Event: ======'machine_var_audits_switches_s_left_flipper'====== Args={'value': 1994, 'prev_value': 1993, 'change': 1}
2025-05-29 08:53:45,590 : INFO : SwitchController : <<<<<<< 's_left_flipper' inactive >>>>>>>
2025-05-29 08:53:45,702 : INFO : SwitchController : <<<<<<< 's_left_flipper' active >>>>>>>
2025-05-29 08:53:45,703 : INFO : EventManager : Event: ======'machine_var_audits_switches_s_left_flipper'====== Args={'value': 1995, 'prev_value': 1994, 'change': 1}
2025-05-29 08:53:45,812 : INFO : SwitchController : <<<<<<< 's_left_flipper' inactive >>>>>>>
2025-05-29 08:53:45,911 : INFO : SwitchController : <<<<<<< 's_left_flipper' active >>>>>>>
2025-05-29 08:53:45,912 : INFO : EventManager : Event: ======'machine_var_audits_switches_s_left_flipper'====== Args={'value': 1996, 'prev_value': 1995, 'change': 1}
2025-05-29 08:53:46,019 : INFO : SwitchController : <<<<<<< 's_left_flipper' inactive >>>>>>>
2025-05-29 08:53:46,106 : INFO : SwitchController : <<<<<<< 's_left_flipper' active >>>>>>>
2025-05-29 08:53:46,106 : INFO : EventManager : Event: ======'machine_var_audits_switches_s_left_flipper'====== Args={'value': 1997, 'prev_value': 1996, 'change': 1}
2025-05-29 08:53:46,214 : INFO : SwitchController : <<<<<<< 's_left_flipper' inactive >>>>>>>
2025-05-29 08:53:46,277 : INFO : SwitchController : <<<<<<< 's_left_flipper' active >>>>>>>
2025-05-29 08:53:46,278 : INFO : EventManager : Event: ======'machine_var_audits_switches_s_left_flipper'====== Args={'value': 1998, 'prev_value': 1997, 'change': 1}
2025-05-29 08:53:46,387 : INFO : SwitchController : <<<<<<< 's_left_flipper' inactive >>>>>>>
2025-05-29 08:53:46,657 : INFO : SwitchController : <<<<<<< 's_right_flipper' active >>>>>>>
2025-05-29 08:53:46,658 : INFO : EventManager : Event: ======'machine_var_audits_switches_s_right_flipper'====== Args={'value': 2014, 'prev_value': 2013, 'change': 1}
2025-05-29 08:53:46,763 : INFO : ball_device.bd_trough : State: failed_confirm
2025-05-29 08:53:46,763 : INFO : ball_device.bd_trough : Got timeout (10.0s) before confirm from <playfield.playfield>
2025-05-29 08:53:46,765 : INFO : SwitchController : <<<<<<< 's_right_flipper' inactive >>>>>>>
2025-05-29 08:53:46,856 : INFO : ball_device.bd_trough : Confirming eject because target is playfield and ball did not return.
2025-05-29 08:53:46,856 : INFO : ball_device.bd_trough : Eject successful
2025-05-29 08:53:46,857 : INFO : EventManager : Event: ======'balldevice_bd_trough_ball_eject_success'====== Args={'balls': 1, 'target': <playfield.playfield>}
2025-05-29 08:53:46,857 : INFO : EventManager : Event: ======'balldevice_playfield_ball_enter'====== Args={'new_balls': 1, 'unclaimed_balls': 1, 'device': <playfield.playfield>}
2025-05-29 08:53:46,857 : INFO : EventManager : Event: ======'playfield_ball_count_change'====== Args={'balls': 1, 'change': 1}
2025-05-29 08:53:46,858 : INFO : EventManager : Event: ======'balldevice_bd_trough_ball_count_changed'====== Args={'balls': 0}
2025-05-29 08:53:46,858 : INFO : ball_device.bd_trough : State: idle
2025-05-29 08:53:47,574 : INFO : SwitchController : <<<<<<< 's_right_flipper' active >>>>>>>
2025-05-29 08:53:47,575 : INFO : EventManager : Event: ======'machine_var_audits_switches_s_right_flipper'====== Args={'value': 2015, 'prev_value': 2014, 'change': 1}
2025-05-29 08:53:47,675 : INFO : SwitchController : <<<<<<< 's_right_flipper' inactive >>>>>>>
2025-05-29 08:53:47,789 : INFO : SwitchController : <<<<<<< 's_right_flipper' active >>>>>>>
2025-05-29 08:53:47,790 : INFO : EventManager : Event: ======'machine_var_audits_switches_s_right_flipper'====== Args={'value': 2016, 'prev_value': 2015, 'change': 1}
2025-05-29 08:53:47,899 : INFO : SwitchController : <<<<<<< 's_right_flipper' inactive >>>>>>>
2025-05-29 08:53:47,971 : INFO : SwitchController : <<<<<<< 's_right_flipper' active >>>>>>>
2025-05-29 08:53:47,972 : INFO : EventManager : Event: ======'machine_var_audits_switches_s_right_flipper'====== Args={'value': 2017, 'prev_value': 2016, 'change': 1}
2025-05-29 08:53:48,083 : INFO : SwitchController : <<<<<<< 's_right_flipper' inactive >>>>>>>
2025-05-29 08:53:48,246 : INFO : SwitchController : <<<<<<< 's_left_flipper' active >>>>>>>
2025-05-29 08:53:48,246 : INFO : EventManager : Event: ======'machine_var_audits_switches_s_left_flipper'====== Args={'value': 1999, 'prev_value': 1998, 'change': 1}
2025-05-29 08:53:48,356 : INFO : SwitchController : <<<<<<< 's_left_flipper' inactive >>>>>>>
2025-05-29 08:53:48,466 : INFO : SwitchController : <<<<<<< 's_left_flipper' active >>>>>>>
2025-05-29 08:53:48,466 : INFO : EventManager : Event: ======'machine_var_audits_switches_s_left_flipper'====== Args={'value': 2000, 'prev_value': 1999, 'change': 1}
2025-05-29 08:53:48,577 : INFO : SwitchController : <<<<<<< 's_left_flipper' inactive >>>>>>>
2025-05-29 08:53:48,947 : INFO : SwitchController : <<<<<<< 's_left_flipper' active >>>>>>>
2025-05-29 08:53:48,948 : INFO : EventManager : Event: ======'machine_var_audits_switches_s_left_flipper'====== Args={'value': 2001, 'prev_value': 2000, 'change': 1}
2025-05-29 08:53:49,093 : INFO : SwitchController : <<<<<<< 's_left_flipper' inactive >>>>>>>
2025-05-29 08:53:49,203 : INFO : SwitchController : <<<<<<< 's_left_flipper' active >>>>>>>
2025-05-29 08:53:49,204 : INFO : EventManager : Event: ======'machine_var_audits_switches_s_left_flipper'====== Args={'value': 2002, 'prev_value': 2001, 'change': 1}
2025-05-29 08:53:49,314 : INFO : SwitchController : <<<<<<< 's_left_flipper' inactive >>>>>>>
2025-05-29 08:53:49,410 : INFO : SwitchController : <<<<<<< 's_left_flipper' active >>>>>>>
2025-05-29 08:53:49,411 : INFO : EventManager : Event: ======'machine_var_audits_switches_s_left_flipper'====== Args={'value': 2003, 'prev_value': 2002, 'change': 1}
2025-05-29 08:53:49,594 : INFO : SwitchController : <<<<<<< 's_left_flipper' inactive >>>>>>>
2025-05-29 08:53:49,694 : INFO : SwitchController : <<<<<<< 's_right_flipper' active >>>>>>>
2025-05-29 08:53:49,694 : INFO : EventManager : Event: ======'machine_var_audits_switches_s_right_flipper'====== Args={'value': 2018, 'prev_value': 2017, 'change': 1}
2025-05-29 08:53:49,805 : INFO : SwitchController : <<<<<<< 's_right_flipper' inactive >>>>>>>
2025-05-29 08:53:49,913 : INFO : SwitchController : <<<<<<< 's_right_flipper' active >>>>>>>
2025-05-29 08:53:49,914 : INFO : EventManager : Event: ======'machine_var_audits_switches_s_right_flipper'====== Args={'value': 2019, 'prev_value': 2018, 'change': 1}
2025-05-29 08:53:50,024 : INFO : SwitchController : <<<<<<< 's_right_flipper' inactive >>>>>>>
2025-05-29 08:53:50,150 : INFO : SwitchController : <<<<<<< 's_right_flipper' active >>>>>>>
2025-05-29 08:53:50,151 : INFO : EventManager : Event: ======'machine_var_audits_switches_s_right_flipper'====== Args={'value': 2020, 'prev_value': 2019, 'change': 1}
2025-05-29 08:53:50,246 : INFO : SwitchController : <<<<<<< 's_right_flipper' inactive >>>>>>>
2025-05-29 08:53:56,983 : WARNING : BcpInterface : Received BCP switch message with invalid switchname: 's_plunger'
2025-05-29 08:53:57,277 : WARNING : BcpInterface : Received BCP switch message with invalid switchname: 's_plunger'
2025-05-29 08:53:57,950 : WARNING : BcpInterface : Received BCP switch message with invalid switchname: 's_plunger'
2025-05-29 08:53:58,160 : WARNING : BcpInterface : Received BCP switch message with invalid switchname: 's_plunger'
2025-05-29 08:53:58,417 : WARNING : BcpInterface : Received BCP switch message with invalid switchname: 's_plunger'
2025-05-29 08:53:58,967 : WARNING : BcpInterface : Received BCP switch message with invalid switchname: 's_plunger'
2025-05-29 08:53:59,175 : WARNING : BcpInterface : Received BCP switch message with invalid switchname: 's_plunger'
2025-05-29 08:53:59,408 : WARNING : BcpInterface : Received BCP switch message with invalid switchname: 's_plunger'
2025-05-29 08:53:59,874 : WARNING : BcpInterface : Received BCP switch message with invalid switchname: 's_plunger'
2025-05-29 08:54:00,229 : WARNING : BcpInterface : Received BCP switch message with invalid switchname: 's_plunger'
2025-05-29 08:54:00,537 : WARNING : BcpInterface : Received BCP switch message with invalid switchname: 's_plunger'
2025-05-29 08:54:00,794 : WARNING : BcpInterface : Received BCP switch message with invalid switchname: 's_plunger'
2025-05-29 08:54:00,991 : WARNING : BcpInterface : Received BCP switch message with invalid switchname: 's_plunger'
2025-05-29 08:54:01,200 : WARNING : BcpInterface : Received BCP switch message with invalid switchname: 's_plunger'
2025-05-29 08:54:01,433 : WARNING : BcpInterface : Received BCP switch message with invalid switchname: 's_plunger'
2025-05-29 08:54:01,652 : WARNING : BcpInterface : Received BCP switch message with invalid switchname: 's_plunger'
2025-05-29 08:54:01,873 : WARNING : BcpInterface : Received BCP switch message with invalid switchname: 's_plunger'
2025-05-29 08:54:02,033 : WARNING : BcpInterface : Received BCP switch message with invalid switchname: 's_plunger'
2025-05-29 08:54:02,229 : WARNING : BcpInterface : Received BCP switch message with invalid switchname: 's_plunger'
2025-05-29 08:54:02,425 : WARNING : BcpInterface : Received BCP switch message with invalid switchname: 's_plunger'
2025-05-29 08:54:02,596 : WARNING : BcpInterface : Received BCP switch message with invalid switchname: 's_plunger'
2025-05-29 09:59:02,321 : INFO : Machine : Shutting down...
2025-05-29 09:59:02,335 : INFO : EventManager : Event: ======'shutdown'====== Args={}
2025-05-29 09:59:02,352 : INFO : EventManager : Event: ======'mode_game_will_stop'====== Args={}
2025-05-29 09:59:02,352 : INFO : EventManager : Event: ======'mode_game_stopping'====== Args={}
2025-05-29 09:59:02,355 : INFO : Mode.game : Stopped.
2025-05-29 09:59:02,357 : INFO : EventManager : Event: ======'modes_active_modes_changed'====== Args={}
2025-05-29 09:59:02,358 : INFO : EventManager : Event: ======'mode_game_stopped'====== Args={}
2025-05-29 09:59:02,358 : INFO : EventManager : Event: ======'clear'====== Args={'key': 'game'}
2025-05-29 09:59:02,366 : INFO : root : MPF run loop ended.
