2025-06-14 04:26:52,394 : INFO : root : Loading config.
2025-06-14 04:26:52,400 : INFO : YamlMultifileConfigLoader : Machine config file #1: config.yaml
2025-06-14 04:26:52,401 : INFO : ConfigProcessor : Loading config from cache: C:\Users\ruben\AppData\Local\Temp\a17888e5e1df298d67e07ada0b1bff4a.mpf_cache
2025-06-14 04:26:52,552 : INFO : ConfigProcessor : Loading config from cache: C:\Users\ruben\AppData\Local\Temp\67cf8ffee0fce2d4fcb5ef0bb894d8de.mpf_cache
2025-06-14 04:26:52,554 : INFO : ConfigProcessor : Loading config from cache: C:\Users\ruben\AppData\Local\Temp\25321780674732dcacb77a8f5b2a53cd.mpf_cache
2025-06-14 04:26:52,555 : INFO : ConfigProcessor : Loading config from file C:\pinball\my_machine\modes\base\config\base.yaml.
2025-06-14 04:26:52,563 : INFO : ConfigProcessor : Loading config: C:\pinball\my_machine\modes\base\config\base.yaml
2025-06-14 04:26:52,564 : INFO : ConfigProcessor : Config file cache created: C:\Users\ruben\AppData\Local\Temp\195f66f1d07408d279921a878741edf5.mpf_cache
2025-06-14 04:26:52,565 : INFO : Machine : Mission Pinball Framework Core Engine v0.56.0
2025-06-14 04:26:52,565 : INFO : Machine : Command line arguments: {'no_load_cache': False, 'create_config_cache': True, 'bcp': True, 'configfile': ['config.yaml'], 'force_assets_load': False, 'jsonlogging': False, 'logfile': 'logs\\2025-06-14-04-26-52-mpf-DESKTOP-11MEIVG.log', 'pause': False, 'production': False, 'text_ui': True, 'loglevel': 15, 'consoleloglevel': 20, 'force_platform': None, 'syslog_address': None, 'mc_file_name': None, 'no_sound': False}
2025-06-14 04:26:52,565 : INFO : Machine : MPF path: C:\Users\ruben\.local\pipx\venvs\mpf\lib\site-packages\mpf
2025-06-14 04:26:52,565 : INFO : Machine : Machine path: C:\pinball\my_machine
2025-06-14 04:26:52,565 : INFO : Machine : Platform: win32
2025-06-14 04:26:52,565 : INFO : Machine : Python executable location: C:\Users\ruben\.local\pipx\venvs\mpf\Scripts\python.exe
2025-06-14 04:26:52,565 : INFO : Machine : Python version: 3.9.13 (64-bit)
2025-06-14 04:26:52,571 : INFO : Machine : Initialise MPF.
2025-06-14 04:26:53,121 : INFO : OPP : Connecting to com3 at 115200bps
2025-06-14 04:26:53,294 : INFO : OPP : Init of OPP board 1 done
2025-06-14 04:26:53,294 : INFO : OPP : Connecting to com4 at 115200bps
2025-06-14 04:26:53,389 : INFO : OPP : Init of OPP board 0 done
2025-06-14 04:26:53,390 : INFO : EventManager : Event: ======'machine_var_credits_string'====== Args={'value': 'FREE PLAY', 'prev_value': None, 'change': True}
2025-06-14 04:26:53,493 : INFO : EventManager : Event: ======'machine_var_master_volume'====== Args={'value': 0.5, 'prev_value': None, 'change': True}
2025-06-14 04:26:53,493 : INFO : EventManager : Event: ======'machine_var_player1_score'====== Args={'value': 0, 'prev_value': None, 'change': True}
2025-06-14 04:26:53,493 : INFO : EventManager : Event: ======'machine_var_mpf_version'====== Args={'value': 'MPF v0.56.0', 'prev_value': None, 'change': True}
2025-06-14 04:26:53,494 : INFO : EventManager : Event: ======'machine_var_mpf_extended_version'====== Args={'value': 'MPF v0.56.0, Config version:5, Show version: 5, BCP version:1.1', 'prev_value': None, 'change': True}
2025-06-14 04:26:53,494 : INFO : EventManager : Event: ======'machine_var_python_version'====== Args={'value': '3.9.13', 'prev_value': None, 'change': True}
2025-06-14 04:26:53,508 : INFO : EventManager : Event: ======'machine_var_platform'====== Args={'value': 'Windows-10-10.0.19045-SP0', 'prev_value': None, 'change': True}
2025-06-14 04:26:53,508 : INFO : EventManager : Event: ======'machine_var_platform_system'====== Args={'value': 'Windows', 'prev_value': None, 'change': True}
2025-06-14 04:26:53,508 : INFO : EventManager : Event: ======'machine_var_platform_release'====== Args={'value': '10', 'prev_value': None, 'change': True}
2025-06-14 04:26:53,509 : INFO : EventManager : Event: ======'machine_var_platform_version'====== Args={'value': '10.0.19045', 'prev_value': None, 'change': True}
2025-06-14 04:26:53,509 : INFO : EventManager : Event: ======'machine_var_platform_machine'====== Args={'value': 'AMD64', 'prev_value': None, 'change': True}
2025-06-14 04:26:53,509 : INFO : EventManager : Event: ======'init_phase_1'====== Args={}
2025-06-14 04:26:53,545 : ERROR : asyncio : Task exception was never retrieved
future: <Task finished name='Task-32' coro=<SystemWideDevice.device_added_system_wide() done, defined at C:\Users\ruben\.local\pipx\venvs\mpf\lib\site-packages\mpf\core\system_wide_device.py:15> exception=ConfigFileError('Switch must have a number.')>
Traceback (most recent call last):
  File "C:\Users\ruben\.local\pipx\venvs\mpf\lib\site-packages\mpf\core\system_wide_device.py", line 17, in device_added_system_wide
    await self._initialize()
  File "C:\Users\ruben\.local\pipx\venvs\mpf\lib\site-packages\mpf\devices\switch.py", line 145, in _initialize
    self.raise_config_error("Switch must have a number.", 1)
  File "C:\Users\ruben\.local\pipx\venvs\mpf\lib\site-packages\mpf\core\logging.py", line 174, in raise_config_error
    raise ConfigFileError(msg, error_no, self.log.name if self.log else "", context, self._url_base) \
mpf.exceptions.config_file_error.ConfigFileError: Config File Error in switch.s_scoop_center: Switch must have a number. Error Code: CFE-switch-1 (https://docs.missionpinball.org/en/0.56/logs/CFE-switch-1.html)
2025-06-14 04:26:53,589 : ERROR : asyncio : Task exception was never retrieved
future: <Task finished name='Task-42' coro=<SystemWideDevice.device_added_system_wide() done, defined at C:\Users\ruben\.local\pipx\venvs\mpf\lib\site-packages\mpf\core\system_wide_device.py:15> exception=ConfigFileError('Switch must have a number.')>
Traceback (most recent call last):
  File "C:\Users\ruben\.local\pipx\venvs\mpf\lib\site-packages\mpf\core\system_wide_device.py", line 17, in device_added_system_wide
    await self._initialize()
  File "C:\Users\ruben\.local\pipx\venvs\mpf\lib\site-packages\mpf\devices\switch.py", line 145, in _initialize
    self.raise_config_error("Switch must have a number.", 1)
  File "C:\Users\ruben\.local\pipx\venvs\mpf\lib\site-packages\mpf\core\logging.py", line 174, in raise_config_error
    raise ConfigFileError(msg, error_no, self.log.name if self.log else "", context, self._url_base) \
mpf.exceptions.config_file_error.ConfigFileError: Config File Error in switch.s_trough4: Switch must have a number. Error Code: CFE-switch-1 (https://docs.missionpinball.org/en/0.56/logs/CFE-switch-1.html)
2025-06-14 04:26:53,589 : ERROR : asyncio : Task exception was never retrieved
future: <Task finished name='Task-33' coro=<SystemWideDevice.device_added_system_wide() done, defined at C:\Users\ruben\.local\pipx\venvs\mpf\lib\site-packages\mpf\core\system_wide_device.py:15> exception=ConfigFileError('Switch must have a number.')>
Traceback (most recent call last):
  File "C:\Users\ruben\.local\pipx\venvs\mpf\lib\site-packages\mpf\core\system_wide_device.py", line 17, in device_added_system_wide
    await self._initialize()
  File "C:\Users\ruben\.local\pipx\venvs\mpf\lib\site-packages\mpf\devices\switch.py", line 145, in _initialize
    self.raise_config_error("Switch must have a number.", 1)
  File "C:\Users\ruben\.local\pipx\venvs\mpf\lib\site-packages\mpf\core\logging.py", line 174, in raise_config_error
    raise ConfigFileError(msg, error_no, self.log.name if self.log else "", context, self._url_base) \
mpf.exceptions.config_file_error.ConfigFileError: Config File Error in switch.s_scoop_right: Switch must have a number. Error Code: CFE-switch-1 (https://docs.missionpinball.org/en/0.56/logs/CFE-switch-1.html)
2025-06-14 04:26:53,590 : ERROR : asyncio : Task exception was never retrieved
future: <Task finished name='Task-43' coro=<SystemWideDevice.device_added_system_wide() done, defined at C:\Users\ruben\.local\pipx\venvs\mpf\lib\site-packages\mpf\core\system_wide_device.py:15> exception=ConfigFileError('Switch must have a number.')>
Traceback (most recent call last):
  File "C:\Users\ruben\.local\pipx\venvs\mpf\lib\site-packages\mpf\core\system_wide_device.py", line 17, in device_added_system_wide
    await self._initialize()
  File "C:\Users\ruben\.local\pipx\venvs\mpf\lib\site-packages\mpf\devices\switch.py", line 145, in _initialize
    self.raise_config_error("Switch must have a number.", 1)
  File "C:\Users\ruben\.local\pipx\venvs\mpf\lib\site-packages\mpf\core\logging.py", line 174, in raise_config_error
    raise ConfigFileError(msg, error_no, self.log.name if self.log else "", context, self._url_base) \
mpf.exceptions.config_file_error.ConfigFileError: Config File Error in switch.s_trough5: Switch must have a number. Error Code: CFE-switch-1 (https://docs.missionpinball.org/en/0.56/logs/CFE-switch-1.html)
2025-06-14 04:26:53,590 : ERROR : asyncio : Task exception was never retrieved
future: <Task finished name='Task-15' coro=<SystemWideDevice.device_added_system_wide() done, defined at C:\Users\ruben\.local\pipx\venvs\mpf\lib\site-packages\mpf\core\system_wide_device.py:15> exception=ConfigFileError('Driver must have a number.')>
Traceback (most recent call last):
  File "C:\Users\ruben\.local\pipx\venvs\mpf\lib\site-packages\mpf\core\system_wide_device.py", line 17, in device_added_system_wide
    await self._initialize()
  File "C:\Users\ruben\.local\pipx\venvs\mpf\lib\site-packages\mpf\devices\driver.py", line 115, in _initialize
    self.raise_config_error("Driver must have a number.", 1)
  File "C:\Users\ruben\.local\pipx\venvs\mpf\lib\site-packages\mpf\core\logging.py", line 174, in raise_config_error
    raise ConfigFileError(msg, error_no, self.log.name if self.log else "", context, self._url_base) \
mpf.exceptions.config_file_error.ConfigFileError: Config File Error in coil.c_pop1: Driver must have a number. Error Code: CFE-coil-1 (https://docs.missionpinball.org/en/0.56/logs/CFE-coil-1.html)
2025-06-14 04:26:53,606 : ERROR : asyncio : Task exception was never retrieved
future: <Task finished name='Task-34' coro=<SystemWideDevice.device_added_system_wide() done, defined at C:\Users\ruben\.local\pipx\venvs\mpf\lib\site-packages\mpf\core\system_wide_device.py:15> exception=ConfigFileError('Switch must have a number.')>
Traceback (most recent call last):
  File "C:\Users\ruben\.local\pipx\venvs\mpf\lib\site-packages\mpf\core\system_wide_device.py", line 17, in device_added_system_wide
    await self._initialize()
  File "C:\Users\ruben\.local\pipx\venvs\mpf\lib\site-packages\mpf\devices\switch.py", line 145, in _initialize
    self.raise_config_error("Switch must have a number.", 1)
  File "C:\Users\ruben\.local\pipx\venvs\mpf\lib\site-packages\mpf\core\logging.py", line 174, in raise_config_error
    raise ConfigFileError(msg, error_no, self.log.name if self.log else "", context, self._url_base) \
mpf.exceptions.config_file_error.ConfigFileError: Config File Error in switch.s_left_outlane: Switch must have a number. Error Code: CFE-switch-1 (https://docs.missionpinball.org/en/0.56/logs/CFE-switch-1.html)
2025-06-14 04:26:53,607 : ERROR : asyncio : Task exception was never retrieved
future: <Task finished name='Task-16' coro=<SystemWideDevice.device_added_system_wide() done, defined at C:\Users\ruben\.local\pipx\venvs\mpf\lib\site-packages\mpf\core\system_wide_device.py:15> exception=ConfigFileError('Driver must have a number.')>
Traceback (most recent call last):
  File "C:\Users\ruben\.local\pipx\venvs\mpf\lib\site-packages\mpf\core\system_wide_device.py", line 17, in device_added_system_wide
    await self._initialize()
  File "C:\Users\ruben\.local\pipx\venvs\mpf\lib\site-packages\mpf\devices\driver.py", line 115, in _initialize
    self.raise_config_error("Driver must have a number.", 1)
  File "C:\Users\ruben\.local\pipx\venvs\mpf\lib\site-packages\mpf\core\logging.py", line 174, in raise_config_error
    raise ConfigFileError(msg, error_no, self.log.name if self.log else "", context, self._url_base) \
mpf.exceptions.config_file_error.ConfigFileError: Config File Error in coil.c_pop2: Driver must have a number. Error Code: CFE-coil-1 (https://docs.missionpinball.org/en/0.56/logs/CFE-coil-1.html)
2025-06-14 04:26:53,607 : ERROR : asyncio : Task exception was never retrieved
future: <Task finished name='Task-35' coro=<SystemWideDevice.device_added_system_wide() done, defined at C:\Users\ruben\.local\pipx\venvs\mpf\lib\site-packages\mpf\core\system_wide_device.py:15> exception=ConfigFileError('Switch must have a number.')>
Traceback (most recent call last):
  File "C:\Users\ruben\.local\pipx\venvs\mpf\lib\site-packages\mpf\core\system_wide_device.py", line 17, in device_added_system_wide
    await self._initialize()
  File "C:\Users\ruben\.local\pipx\venvs\mpf\lib\site-packages\mpf\devices\switch.py", line 145, in _initialize
    self.raise_config_error("Switch must have a number.", 1)
  File "C:\Users\ruben\.local\pipx\venvs\mpf\lib\site-packages\mpf\core\logging.py", line 174, in raise_config_error
    raise ConfigFileError(msg, error_no, self.log.name if self.log else "", context, self._url_base) \
mpf.exceptions.config_file_error.ConfigFileError: Config File Error in switch.s_left_inlane1: Switch must have a number. Error Code: CFE-switch-1 (https://docs.missionpinball.org/en/0.56/logs/CFE-switch-1.html)
2025-06-14 04:26:53,608 : ERROR : asyncio : Task exception was never retrieved
future: <Task finished name='Task-45' coro=<SystemWideDevice.device_added_system_wide() done, defined at C:\Users\ruben\.local\pipx\venvs\mpf\lib\site-packages\mpf\core\system_wide_device.py:15> exception=ConfigFileError('Switch must have a number.')>
Traceback (most recent call last):
  File "C:\Users\ruben\.local\pipx\venvs\mpf\lib\site-packages\mpf\core\system_wide_device.py", line 17, in device_added_system_wide
    await self._initialize()
  File "C:\Users\ruben\.local\pipx\venvs\mpf\lib\site-packages\mpf\devices\switch.py", line 145, in _initialize
    self.raise_config_error("Switch must have a number.", 1)
  File "C:\Users\ruben\.local\pipx\venvs\mpf\lib\site-packages\mpf\core\logging.py", line 174, in raise_config_error
    raise ConfigFileError(msg, error_no, self.log.name if self.log else "", context, self._url_base) \
mpf.exceptions.config_file_error.ConfigFileError: Config File Error in switch.s_shooter_lane: Switch must have a number. Error Code: CFE-switch-1 (https://docs.missionpinball.org/en/0.56/logs/CFE-switch-1.html)
2025-06-14 04:26:53,608 : ERROR : asyncio : Task exception was never retrieved
future: <Task finished name='Task-17' coro=<SystemWideDevice.device_added_system_wide() done, defined at C:\Users\ruben\.local\pipx\venvs\mpf\lib\site-packages\mpf\core\system_wide_device.py:15> exception=ConfigFileError('Driver must have a number.')>
Traceback (most recent call last):
  File "C:\Users\ruben\.local\pipx\venvs\mpf\lib\site-packages\mpf\core\system_wide_device.py", line 17, in device_added_system_wide
    await self._initialize()
  File "C:\Users\ruben\.local\pipx\venvs\mpf\lib\site-packages\mpf\devices\driver.py", line 115, in _initialize
    self.raise_config_error("Driver must have a number.", 1)
  File "C:\Users\ruben\.local\pipx\venvs\mpf\lib\site-packages\mpf\core\logging.py", line 174, in raise_config_error
    raise ConfigFileError(msg, error_no, self.log.name if self.log else "", context, self._url_base) \
mpf.exceptions.config_file_error.ConfigFileError: Config File Error in coil.c_pop3: Driver must have a number. Error Code: CFE-coil-1 (https://docs.missionpinball.org/en/0.56/logs/CFE-coil-1.html)
2025-06-14 04:26:53,609 : ERROR : asyncio : Task exception was never retrieved
future: <Task finished name='Task-36' coro=<SystemWideDevice.device_added_system_wide() done, defined at C:\Users\ruben\.local\pipx\venvs\mpf\lib\site-packages\mpf\core\system_wide_device.py:15> exception=ConfigFileError('Switch must have a number.')>
Traceback (most recent call last):
  File "C:\Users\ruben\.local\pipx\venvs\mpf\lib\site-packages\mpf\core\system_wide_device.py", line 17, in device_added_system_wide
    await self._initialize()
  File "C:\Users\ruben\.local\pipx\venvs\mpf\lib\site-packages\mpf\devices\switch.py", line 145, in _initialize
    self.raise_config_error("Switch must have a number.", 1)
  File "C:\Users\ruben\.local\pipx\venvs\mpf\lib\site-packages\mpf\core\logging.py", line 174, in raise_config_error
    raise ConfigFileError(msg, error_no, self.log.name if self.log else "", context, self._url_base) \
mpf.exceptions.config_file_error.ConfigFileError: Config File Error in switch.s_left_inlane2: Switch must have a number. Error Code: CFE-switch-1 (https://docs.missionpinball.org/en/0.56/logs/CFE-switch-1.html)
2025-06-14 04:26:53,609 : ERROR : asyncio : Task exception was never retrieved
future: <Task finished name='Task-27' coro=<SystemWideDevice.device_added_system_wide() done, defined at C:\Users\ruben\.local\pipx\venvs\mpf\lib\site-packages\mpf\core\system_wide_device.py:15> exception=ConfigFileError('Switch must have a number.')>
Traceback (most recent call last):
  File "C:\Users\ruben\.local\pipx\venvs\mpf\lib\site-packages\mpf\core\system_wide_device.py", line 17, in device_added_system_wide
    await self._initialize()
  File "C:\Users\ruben\.local\pipx\venvs\mpf\lib\site-packages\mpf\devices\switch.py", line 145, in _initialize
    self.raise_config_error("Switch must have a number.", 1)
  File "C:\Users\ruben\.local\pipx\venvs\mpf\lib\site-packages\mpf\core\logging.py", line 174, in raise_config_error
    raise ConfigFileError(msg, error_no, self.log.name if self.log else "", context, self._url_base) \
mpf.exceptions.config_file_error.ConfigFileError: Config File Error in switch.s_pop1: Switch must have a number. Error Code: CFE-switch-1 (https://docs.missionpinball.org/en/0.56/logs/CFE-switch-1.html)
2025-06-14 04:26:53,610 : ERROR : asyncio : Task exception was never retrieved
future: <Task finished name='Task-18' coro=<SystemWideDevice.device_added_system_wide() done, defined at C:\Users\ruben\.local\pipx\venvs\mpf\lib\site-packages\mpf\core\system_wide_device.py:15> exception=ConfigFileError('Driver must have a number.')>
Traceback (most recent call last):
  File "C:\Users\ruben\.local\pipx\venvs\mpf\lib\site-packages\mpf\core\system_wide_device.py", line 17, in device_added_system_wide
    await self._initialize()
  File "C:\Users\ruben\.local\pipx\venvs\mpf\lib\site-packages\mpf\devices\driver.py", line 115, in _initialize
    self.raise_config_error("Driver must have a number.", 1)
  File "C:\Users\ruben\.local\pipx\venvs\mpf\lib\site-packages\mpf\core\logging.py", line 174, in raise_config_error
    raise ConfigFileError(msg, error_no, self.log.name if self.log else "", context, self._url_base) \
mpf.exceptions.config_file_error.ConfigFileError: Config File Error in coil.c_pop4: Driver must have a number. Error Code: CFE-coil-1 (https://docs.missionpinball.org/en/0.56/logs/CFE-coil-1.html)
2025-06-14 04:26:53,610 : ERROR : asyncio : Task exception was never retrieved
future: <Task finished name='Task-37' coro=<SystemWideDevice.device_added_system_wide() done, defined at C:\Users\ruben\.local\pipx\venvs\mpf\lib\site-packages\mpf\core\system_wide_device.py:15> exception=ConfigFileError('Switch must have a number.')>
Traceback (most recent call last):
  File "C:\Users\ruben\.local\pipx\venvs\mpf\lib\site-packages\mpf\core\system_wide_device.py", line 17, in device_added_system_wide
    await self._initialize()
  File "C:\Users\ruben\.local\pipx\venvs\mpf\lib\site-packages\mpf\devices\switch.py", line 145, in _initialize
    self.raise_config_error("Switch must have a number.", 1)
  File "C:\Users\ruben\.local\pipx\venvs\mpf\lib\site-packages\mpf\core\logging.py", line 174, in raise_config_error
    raise ConfigFileError(msg, error_no, self.log.name if self.log else "", context, self._url_base) \
mpf.exceptions.config_file_error.ConfigFileError: Config File Error in switch.s_right_outlane: Switch must have a number. Error Code: CFE-switch-1 (https://docs.missionpinball.org/en/0.56/logs/CFE-switch-1.html)
2025-06-14 04:26:53,611 : ERROR : asyncio : Task exception was never retrieved
future: <Task finished name='Task-28' coro=<SystemWideDevice.device_added_system_wide() done, defined at C:\Users\ruben\.local\pipx\venvs\mpf\lib\site-packages\mpf\core\system_wide_device.py:15> exception=ConfigFileError('Switch must have a number.')>
Traceback (most recent call last):
  File "C:\Users\ruben\.local\pipx\venvs\mpf\lib\site-packages\mpf\core\system_wide_device.py", line 17, in device_added_system_wide
    await self._initialize()
  File "C:\Users\ruben\.local\pipx\venvs\mpf\lib\site-packages\mpf\devices\switch.py", line 145, in _initialize
    self.raise_config_error("Switch must have a number.", 1)
  File "C:\Users\ruben\.local\pipx\venvs\mpf\lib\site-packages\mpf\core\logging.py", line 174, in raise_config_error
    raise ConfigFileError(msg, error_no, self.log.name if self.log else "", context, self._url_base) \
mpf.exceptions.config_file_error.ConfigFileError: Config File Error in switch.s_pop2: Switch must have a number. Error Code: CFE-switch-1 (https://docs.missionpinball.org/en/0.56/logs/CFE-switch-1.html)
2025-06-14 04:26:53,611 : ERROR : asyncio : Task exception was never retrieved
future: <Task finished name='Task-41' coro=<SystemWideDevice.device_added_system_wide() done, defined at C:\Users\ruben\.local\pipx\venvs\mpf\lib\site-packages\mpf\core\system_wide_device.py:15> exception=ConfigFileError('Switch must have a number.')>
Traceback (most recent call last):
  File "C:\Users\ruben\.local\pipx\venvs\mpf\lib\site-packages\mpf\core\system_wide_device.py", line 17, in device_added_system_wide
    await self._initialize()
  File "C:\Users\ruben\.local\pipx\venvs\mpf\lib\site-packages\mpf\devices\switch.py", line 145, in _initialize
    self.raise_config_error("Switch must have a number.", 1)
  File "C:\Users\ruben\.local\pipx\venvs\mpf\lib\site-packages\mpf\core\logging.py", line 174, in raise_config_error
    raise ConfigFileError(msg, error_no, self.log.name if self.log else "", context, self._url_base) \
mpf.exceptions.config_file_error.ConfigFileError: Config File Error in switch.s_trough3: Switch must have a number. Error Code: CFE-switch-1 (https://docs.missionpinball.org/en/0.56/logs/CFE-switch-1.html)
2025-06-14 04:26:53,612 : ERROR : asyncio : Task exception was never retrieved
future: <Task finished name='Task-19' coro=<SystemWideDevice.device_added_system_wide() done, defined at C:\Users\ruben\.local\pipx\venvs\mpf\lib\site-packages\mpf\core\system_wide_device.py:15> exception=ConfigFileError('Driver must have a number.')>
Traceback (most recent call last):
  File "C:\Users\ruben\.local\pipx\venvs\mpf\lib\site-packages\mpf\core\system_wide_device.py", line 17, in device_added_system_wide
    await self._initialize()
  File "C:\Users\ruben\.local\pipx\venvs\mpf\lib\site-packages\mpf\devices\driver.py", line 115, in _initialize
    self.raise_config_error("Driver must have a number.", 1)
  File "C:\Users\ruben\.local\pipx\venvs\mpf\lib\site-packages\mpf\core\logging.py", line 174, in raise_config_error
    raise ConfigFileError(msg, error_no, self.log.name if self.log else "", context, self._url_base) \
mpf.exceptions.config_file_error.ConfigFileError: Config File Error in coil.c_pop5: Driver must have a number. Error Code: CFE-coil-1 (https://docs.missionpinball.org/en/0.56/logs/CFE-coil-1.html)
2025-06-14 04:26:53,613 : ERROR : asyncio : Task exception was never retrieved
future: <Task finished name='Task-38' coro=<SystemWideDevice.device_added_system_wide() done, defined at C:\Users\ruben\.local\pipx\venvs\mpf\lib\site-packages\mpf\core\system_wide_device.py:15> exception=ConfigFileError('Switch must have a number.')>
Traceback (most recent call last):
  File "C:\Users\ruben\.local\pipx\venvs\mpf\lib\site-packages\mpf\core\system_wide_device.py", line 17, in device_added_system_wide
    await self._initialize()
  File "C:\Users\ruben\.local\pipx\venvs\mpf\lib\site-packages\mpf\devices\switch.py", line 145, in _initialize
    self.raise_config_error("Switch must have a number.", 1)
  File "C:\Users\ruben\.local\pipx\venvs\mpf\lib\site-packages\mpf\core\logging.py", line 174, in raise_config_error
    raise ConfigFileError(msg, error_no, self.log.name if self.log else "", context, self._url_base) \
mpf.exceptions.config_file_error.ConfigFileError: Config File Error in switch.s_right_inlane: Switch must have a number. Error Code: CFE-switch-1 (https://docs.missionpinball.org/en/0.56/logs/CFE-switch-1.html)
2025-06-14 04:26:53,613 : ERROR : asyncio : Task exception was never retrieved
future: <Task finished name='Task-29' coro=<SystemWideDevice.device_added_system_wide() done, defined at C:\Users\ruben\.local\pipx\venvs\mpf\lib\site-packages\mpf\core\system_wide_device.py:15> exception=ConfigFileError('Switch must have a number.')>
Traceback (most recent call last):
  File "C:\Users\ruben\.local\pipx\venvs\mpf\lib\site-packages\mpf\core\system_wide_device.py", line 17, in device_added_system_wide
    await self._initialize()
  File "C:\Users\ruben\.local\pipx\venvs\mpf\lib\site-packages\mpf\devices\switch.py", line 145, in _initialize
    self.raise_config_error("Switch must have a number.", 1)
  File "C:\Users\ruben\.local\pipx\venvs\mpf\lib\site-packages\mpf\core\logging.py", line 174, in raise_config_error
    raise ConfigFileError(msg, error_no, self.log.name if self.log else "", context, self._url_base) \
mpf.exceptions.config_file_error.ConfigFileError: Config File Error in switch.s_pop3: Switch must have a number. Error Code: CFE-switch-1 (https://docs.missionpinball.org/en/0.56/logs/CFE-switch-1.html)
2025-06-14 04:26:53,614 : ERROR : asyncio : Task exception was never retrieved
future: <Task finished name='Task-20' coro=<SystemWideDevice.device_added_system_wide() done, defined at C:\Users\ruben\.local\pipx\venvs\mpf\lib\site-packages\mpf\core\system_wide_device.py:15> exception=ConfigFileError('Driver must have a number.')>
Traceback (most recent call last):
  File "C:\Users\ruben\.local\pipx\venvs\mpf\lib\site-packages\mpf\core\system_wide_device.py", line 17, in device_added_system_wide
    await self._initialize()
  File "C:\Users\ruben\.local\pipx\venvs\mpf\lib\site-packages\mpf\devices\driver.py", line 115, in _initialize
    self.raise_config_error("Driver must have a number.", 1)
  File "C:\Users\ruben\.local\pipx\venvs\mpf\lib\site-packages\mpf\core\logging.py", line 174, in raise_config_error
    raise ConfigFileError(msg, error_no, self.log.name if self.log else "", context, self._url_base) \
mpf.exceptions.config_file_error.ConfigFileError: Config File Error in coil.c_scoop_center: Driver must have a number. Error Code: CFE-coil-1 (https://docs.missionpinball.org/en/0.56/logs/CFE-coil-1.html)
2025-06-14 04:26:53,615 : ERROR : asyncio : Task exception was never retrieved
future: <Task finished name='Task-39' coro=<SystemWideDevice.device_added_system_wide() done, defined at C:\Users\ruben\.local\pipx\venvs\mpf\lib\site-packages\mpf\core\system_wide_device.py:15> exception=ConfigFileError('Switch must have a number.')>
Traceback (most recent call last):
  File "C:\Users\ruben\.local\pipx\venvs\mpf\lib\site-packages\mpf\core\system_wide_device.py", line 17, in device_added_system_wide
    await self._initialize()
  File "C:\Users\ruben\.local\pipx\venvs\mpf\lib\site-packages\mpf\devices\switch.py", line 145, in _initialize
    self.raise_config_error("Switch must have a number.", 1)
  File "C:\Users\ruben\.local\pipx\venvs\mpf\lib\site-packages\mpf\core\logging.py", line 174, in raise_config_error
    raise ConfigFileError(msg, error_no, self.log.name if self.log else "", context, self._url_base) \
mpf.exceptions.config_file_error.ConfigFileError: Config File Error in switch.s_trough1: Switch must have a number. Error Code: CFE-switch-1 (https://docs.missionpinball.org/en/0.56/logs/CFE-switch-1.html)
2025-06-14 04:26:53,615 : ERROR : asyncio : Task exception was never retrieved
future: <Task finished name='Task-30' coro=<SystemWideDevice.device_added_system_wide() done, defined at C:\Users\ruben\.local\pipx\venvs\mpf\lib\site-packages\mpf\core\system_wide_device.py:15> exception=ConfigFileError('Switch must have a number.')>
Traceback (most recent call last):
  File "C:\Users\ruben\.local\pipx\venvs\mpf\lib\site-packages\mpf\core\system_wide_device.py", line 17, in device_added_system_wide
    await self._initialize()
  File "C:\Users\ruben\.local\pipx\venvs\mpf\lib\site-packages\mpf\devices\switch.py", line 145, in _initialize
    self.raise_config_error("Switch must have a number.", 1)
  File "C:\Users\ruben\.local\pipx\venvs\mpf\lib\site-packages\mpf\core\logging.py", line 174, in raise_config_error
    raise ConfigFileError(msg, error_no, self.log.name if self.log else "", context, self._url_base) \
mpf.exceptions.config_file_error.ConfigFileError: Config File Error in switch.s_pop4: Switch must have a number. Error Code: CFE-switch-1 (https://docs.missionpinball.org/en/0.56/logs/CFE-switch-1.html)
2025-06-14 04:26:53,616 : ERROR : asyncio : Task exception was never retrieved
future: <Task finished name='Task-21' coro=<SystemWideDevice.device_added_system_wide() done, defined at C:\Users\ruben\.local\pipx\venvs\mpf\lib\site-packages\mpf\core\system_wide_device.py:15> exception=ConfigFileError('Driver must have a number.')>
Traceback (most recent call last):
  File "C:\Users\ruben\.local\pipx\venvs\mpf\lib\site-packages\mpf\core\system_wide_device.py", line 17, in device_added_system_wide
    await self._initialize()
  File "C:\Users\ruben\.local\pipx\venvs\mpf\lib\site-packages\mpf\devices\driver.py", line 115, in _initialize
    self.raise_config_error("Driver must have a number.", 1)
  File "C:\Users\ruben\.local\pipx\venvs\mpf\lib\site-packages\mpf\core\logging.py", line 174, in raise_config_error
    raise ConfigFileError(msg, error_no, self.log.name if self.log else "", context, self._url_base) \
mpf.exceptions.config_file_error.ConfigFileError: Config File Error in coil.c_scoop_right: Driver must have a number. Error Code: CFE-coil-1 (https://docs.missionpinball.org/en/0.56/logs/CFE-coil-1.html)
2025-06-14 04:26:53,617 : ERROR : asyncio : Task exception was never retrieved
future: <Task finished name='Task-40' coro=<SystemWideDevice.device_added_system_wide() done, defined at C:\Users\ruben\.local\pipx\venvs\mpf\lib\site-packages\mpf\core\system_wide_device.py:15> exception=ConfigFileError('Switch must have a number.')>
Traceback (most recent call last):
  File "C:\Users\ruben\.local\pipx\venvs\mpf\lib\site-packages\mpf\core\system_wide_device.py", line 17, in device_added_system_wide
    await self._initialize()
  File "C:\Users\ruben\.local\pipx\venvs\mpf\lib\site-packages\mpf\devices\switch.py", line 145, in _initialize
    self.raise_config_error("Switch must have a number.", 1)
  File "C:\Users\ruben\.local\pipx\venvs\mpf\lib\site-packages\mpf\core\logging.py", line 174, in raise_config_error
    raise ConfigFileError(msg, error_no, self.log.name if self.log else "", context, self._url_base) \
mpf.exceptions.config_file_error.ConfigFileError: Config File Error in switch.s_trough2: Switch must have a number. Error Code: CFE-switch-1 (https://docs.missionpinball.org/en/0.56/logs/CFE-switch-1.html)
2025-06-14 04:26:53,617 : ERROR : asyncio : Task exception was never retrieved
future: <Task finished name='Task-31' coro=<SystemWideDevice.device_added_system_wide() done, defined at C:\Users\ruben\.local\pipx\venvs\mpf\lib\site-packages\mpf\core\system_wide_device.py:15> exception=ConfigFileError('Switch must have a number.')>
Traceback (most recent call last):
  File "C:\Users\ruben\.local\pipx\venvs\mpf\lib\site-packages\mpf\core\system_wide_device.py", line 17, in device_added_system_wide
    await self._initialize()
  File "C:\Users\ruben\.local\pipx\venvs\mpf\lib\site-packages\mpf\devices\switch.py", line 145, in _initialize
    self.raise_config_error("Switch must have a number.", 1)
  File "C:\Users\ruben\.local\pipx\venvs\mpf\lib\site-packages\mpf\core\logging.py", line 174, in raise_config_error
    raise ConfigFileError(msg, error_no, self.log.name if self.log else "", context, self._url_base) \
mpf.exceptions.config_file_error.ConfigFileError: Config File Error in switch.s_pop5: Switch must have a number. Error Code: CFE-switch-1 (https://docs.missionpinball.org/en/0.56/logs/CFE-switch-1.html)
2025-06-14 04:26:53,619 : INFO : EventManager : Event: ======'init_phase_2'====== Args={}
2025-06-14 04:26:53,619 : INFO : Machine : Starting the main run loop.
2025-06-14 04:26:53,620 : INFO : Machine : Shutting down...
2025-06-14 04:26:53,620 : INFO : EventManager : Event: ======'shutdown'====== Args={}
2025-06-14 04:26:53,621 : ERROR : OPP : Stop called on serial connection com3
2025-06-14 04:26:53,626 : ERROR : asyncio : Exception in callback EventManager._async_handler_done(<QueuedEvent>)(<Task finishe...te 'number'")>) at C:\Users\ruben\.local\pipx\venvs\mpf\lib\site-packages\mpf\core\events.py:118
handle: <Handle EventManager._async_handler_done(<QueuedEvent>)(<Task finishe...te 'number'")>) at C:\Users\ruben\.local\pipx\venvs\mpf\lib\site-packages\mpf\core\events.py:118>
Traceback (most recent call last):
  File "C:\Users\ruben\AppData\Local\Programs\Python\Python39\lib\asyncio\events.py", line 80, in _run
    self._context.run(self._callback, *self._args)
  File "C:\Users\ruben\.local\pipx\venvs\mpf\lib\site-packages\mpf\core\events.py", line 121, in _async_handler_done
    future.result()
  File "C:\Users\ruben\.local\pipx\venvs\mpf\lib\site-packages\mpf\core\switch_controller.py", line 84, in _initialize_switches
    await self.update_switches_from_hw()
  File "C:\Users\ruben\.local\pipx\venvs\mpf\lib\site-packages\mpf\core\switch_controller.py", line 106, in update_switches_from_hw
    switches.add((switch, switch.hw_switch.number))
AttributeError: 'NoneType' object has no attribute 'number'
2025-06-14 04:26:53,695 : ERROR : OPP : Stop called on serial connection com4
2025-06-14 04:26:54,747 : ERROR : Machine : Runtime Exception
Traceback (most recent call last):
  File "C:\Users\ruben\.local\pipx\venvs\mpf\lib\site-packages\mpf\core\machine.py", line 797, in _run_loop
    raise self._exception['exception']
  File "C:\Users\ruben\.local\pipx\venvs\mpf\lib\site-packages\mpf\core\system_wide_device.py", line 17, in device_added_system_wide
    await self._initialize()
  File "C:\Users\ruben\.local\pipx\venvs\mpf\lib\site-packages\mpf\devices\switch.py", line 145, in _initialize
    self.raise_config_error("Switch must have a number.", 1)
  File "C:\Users\ruben\.local\pipx\venvs\mpf\lib\site-packages\mpf\core\logging.py", line 174, in raise_config_error
    raise ConfigFileError(msg, error_no, self.log.name if self.log else "", context, self._url_base) \
mpf.exceptions.config_file_error.ConfigFileError: Config File Error in switch.s_scoop_center: Switch must have a number. Error Code: CFE-switch-1 (https://docs.missionpinball.org/en/0.56/logs/CFE-switch-1.html)
