2025-07-06 16:23:54,729 : kivy : Kivy: v2.2.1
2025-07-06 16:23:54,729 : kivy : Kivy: Installed at "/Library/Frameworks/Python.framework/Versions/3.9/lib/python3.9/site-packages/kivy/__init__.py"
2025-07-06 16:23:54,729 : kivy : Python: v3.9.13 (v3.9.13:6de2ca5339, May 17 2022, 11:37:23) 
[Clang 13.0.0 (clang-1300.0.29.30)]
2025-07-06 16:23:54,729 : kivy : Python: Interpreter at "/Library/Frameworks/Python.framework/Versions/3.9/bin/python3.9"
2025-07-06 16:23:54,744 : kivy : Factory: 190 symbols loaded
2025-07-06 16:23:54,844 : kivy : ImageLoaderFFPy: Using ffpyplayer 4.5.1
2025-07-06 16:23:54,845 : kivy : Image: Providers: img_tex, img_imageio, img_dds, img_sdl2, img_pil, img_ffpyplayer 
2025-07-06 16:23:54,948 : kivy : VideoFFPy: Using ffpyplayer 4.5.1
2025-07-06 16:23:54,949 : kivy : Video: Provider: ffpyplayer(['video_ffmpeg'] ignored)
2025-07-06 16:23:54,978 : root : Loading MPF-MC controller
2025-07-06 16:23:54,986 : YamlMultifileConfigLoader : Machine config file #1: config
2025-07-06 16:23:54,987 : ConfigProcessor : Config file in cache changed: /Users/ruben/Pinball/mpf-pinball/config/config
2025-07-06 16:23:54,987 : ConfigProcessor : Loading config from file /Library/Frameworks/Python.framework/Versions/3.9/lib/python3.9/site-packages/mpfmc/mcconfig.yaml.
2025-07-06 16:23:54,991 : ConfigProcessor : Loading config: /Library/Frameworks/Python.framework/Versions/3.9/lib/python3.9/site-packages/mpfmc/mcconfig.yaml
2025-07-06 16:23:54,991 : ConfigProcessor : Loading config from file /Users/ruben/Pinball/mpf-pinball/config/config.
2025-07-06 16:23:54,991 : ConfigProcessor : Loading config: /Users/ruben/Pinball/mpf-pinball/config/config
2025-07-06 16:23:54,992 : ConfigProcessor : Loading config: /Users/ruben/Pinball/mpf-pinball/config/hardware.yaml
2025-07-06 16:23:54,992 : ConfigProcessor : Loading config: /Users/ruben/Pinball/mpf-pinball/config/switches.yaml
2025-07-06 16:23:54,993 : ConfigProcessor : Loading config: /Users/ruben/Pinball/mpf-pinball/config/coils.yaml
2025-07-06 16:23:54,995 : ConfigProcessor : Loading config: /Users/ruben/Pinball/mpf-pinball/config/lights.yaml
2025-07-06 16:23:54,996 : ConfigProcessor : Loading config: /Users/ruben/Pinball/mpf-pinball/config/devices.yaml
2025-07-06 16:23:54,997 : ConfigProcessor : Loading config: /Users/ruben/Pinball/mpf-pinball/config/images.yaml
2025-07-06 16:23:54,997 : ConfigProcessor : Loading config: /Users/ruben/Pinball/mpf-pinball/config/displays.yaml
2025-07-06 16:23:54,998 : ConfigProcessor : Loading config: /Users/ruben/Pinball/mpf-pinball/config/slides.yaml
2025-07-06 16:23:54,998 : ConfigProcessor : Loading config: /Users/ruben/Pinball/mpf-pinball/config/sounds.yaml
2025-07-06 16:23:54,999 : ConfigProcessor : Config file cache created: /var/folders/9g/7xjb17l959g1fnq4pjl5c5p80000gn/T/195f11bb22def72033a5ba91cfdec8f0.mpf_cache
2025-07-06 16:23:54,999 : ConfigProcessor : Loading config from cache: /var/folders/9g/7xjb17l959g1fnq4pjl5c5p80000gn/T/f574f59b1e0fcbb2258348220f26b9cc.mpf_cache
2025-07-06 16:23:55,000 : ConfigProcessor : Loading config from cache: /var/folders/9g/7xjb17l959g1fnq4pjl5c5p80000gn/T/edcc5f1d3215b377c9faab88c62e4ce0.mpf_cache
2025-07-06 16:23:55,000 : ConfigProcessor : Loading config from cache: /var/folders/9g/7xjb17l959g1fnq4pjl5c5p80000gn/T/174d451d321a0971202b746018364536.mpf_cache
2025-07-06 16:23:55,000 : ConfigProcessor : Loading config from cache: /var/folders/9g/7xjb17l959g1fnq4pjl5c5p80000gn/T/f574f59b1e0fcbb2258348220f26b9cc.mpf_cache
2025-07-06 16:23:55,000 : ConfigProcessor : Loading config from cache: /var/folders/9g/7xjb17l959g1fnq4pjl5c5p80000gn/T/c284941e722380023d767d5e99e91837.mpf_cache
2025-07-06 16:23:55,000 : mpfmc : Mission Pinball Framework Media Controller (MPF-MC) v0.57.1. Requires MPF v0.57.0 or newer.
2025-07-06 16:23:55,000 : mpfmc : Found MPF v0.57.3
2025-07-06 16:23:55,000 : mpfmc : Machine path: /Users/ruben/Pinball/mpf-pinball
2025-07-06 16:23:55,000 : mpfmc : Starting clock at 60.0Hz
2025-07-06 16:23:55,008 : kivy : Text: Provider: sdl2
2025-07-06 16:23:55,025 : kivy : Window: Provider: sdl2
2025-07-06 16:23:55,198 : kivy : GL: Using the "OpenGL ES 2" graphics system
2025-07-06 16:23:55,198 : kivy : GL: Backend used <sdl2>
2025-07-06 16:23:55,198 : kivy : GL: OpenGL version <b'2.1 Metal - 89.4'>
2025-07-06 16:23:55,198 : kivy : GL: OpenGL vendor <b'Apple'>
2025-07-06 16:23:55,198 : kivy : GL: OpenGL renderer <b'Apple M1 Pro'>
2025-07-06 16:23:55,198 : kivy : GL: OpenGL parsed version: 2, 1
2025-07-06 16:23:55,198 : kivy : GL: Shading version <b'1.20'>
2025-07-06 16:23:55,198 : kivy : GL: Texture max size <16384>
2025-07-06 16:23:55,198 : kivy : GL: Texture max units <16>
2025-07-06 16:23:55,211 : kivy : Window: auto add sdl2 input provider
2025-07-06 16:23:55,211 : kivy : Window: virtual keyboard not allowed, single mode, not docked
2025-07-06 16:23:55,351 : AudioInterface : Initialized
2025-07-06 16:23:55,351 : AudioInterface : Loaded SDL 2.32.8
2025-07-06 16:23:55,351 : AudioInterface : Loaded SDL_Mixer 2.8.1
2025-07-06 16:23:55,351 : AudioInterface : Loaded GStreamer 1.26.2.0
2025-07-06 16:23:55,351 : AudioInterface : Loaded GLib 2.84.2
2025-07-06 16:23:55,351 : AudioInterface : Settings requested - rate: 44100, channels: 1, buffer: 2048 samples
2025-07-06 16:23:55,351 : AudioInterface : Settings in use - rate: 44100, channels: 1, buffer: 2048 samples (4096 bytes @ 2 bytes per sample)
2025-07-06 16:23:55,351 : SoundSystem : Setting master volume to 0.0
2025-07-06 16:23:55,351 : AudioInterface : Enabling audio playback
2025-07-06 16:23:55,353 : kivy : Base: Start application main loop
2025-07-06 16:23:55,353 : EventManager : Event: ======'display_window_initialized'====== Args={}
2025-07-06 16:23:55,678 : mpfmc : Display: Setting 'window' as default display
2025-07-06 16:23:55,681 : EventManager : Event: ======'displays_initialized'====== Args={}
2025-07-06 16:23:55,682 : EventManager : Event: ======'slide_window_blank_created'====== Args={}
2025-07-06 16:23:55,682 : EventManager : Event: ======'display_window_ready'====== Args={}
2025-07-06 16:23:55,685 : EventManager : Event: ======'init_phase_1'====== Args={}
2025-07-06 16:23:55,688 : EventManager : Event: ======'mc_ready'====== Args={}
2025-07-06 16:23:55,688 : EventManager : Event: ======'init_phase_2'====== Args={}
2025-07-06 16:23:55,690 : EventManager : Event: ======'init_phase_3'====== Args={}
2025-07-06 16:23:55,693 : EventManager : Event: ======'init_phase_4'====== Args={}
2025-07-06 16:23:55,693 : EventManager : Event: ======'init_phase_5'====== Args={}
2025-07-06 16:23:55,743 : EventManager : Event: ======'loading_assets'====== Args={'total': 1, 'loaded': 1, 'remaining': 0, 'percent': 100}
2025-07-06 16:23:55,743 : AssetManager : Asset loading took: 0.3916449546813965
2025-07-06 16:23:55,743 : EventManager : Event: ======'asset_loading_complete'====== Args={}
2025-07-06 16:23:55,743 : AssetManager : Loading assets: 1/1 (100%)
2025-07-06 16:23:55,743 : EventManager : Event: ======'init_done'====== Args={}
2025-07-06 16:23:55,744 : MPF-MC BCP Server : Starting up on localhost port 5050
2025-07-06 16:23:55,748 : MPF-MC BCP Server : Waiting for a connection...
2025-07-06 16:23:55,757 : EventManager : Event: ======'client_disconnected'====== Args={'host': '127.0.0.1', 'port': 5050}
2025-07-06 16:23:55,784 : MPF-MC BCP Server : Received connection from: 127.0.0.1:64577
2025-07-06 16:23:55,797 : EventManager : Event: ======'client_connected'====== Args={'host': '127.0.0.1', 'port': 64577}
2025-07-06 16:23:55,810 : EventManager : Event: ======'machine_var_credits_string'====== Args={'value': 'FREE PLAY', 'prev_value': None, 'change': True}
2025-07-06 16:23:55,810 : EventManager : Event: ======'machine_var_master_volume'====== Args={'value': 0.5, 'prev_value': None, 'change': True}
2025-07-06 16:23:55,810 : EventManager : Event: ======'machine_var_player1_score'====== Args={'value': 0, 'prev_value': None, 'change': True}
2025-07-06 16:23:55,810 : EventManager : Event: ======'machine_var_mpf_version'====== Args={'value': 'Mission Pinball Framework v0.57.3', 'prev_value': None, 'change': True}
2025-07-06 16:23:55,810 : EventManager : Event: ======'machine_var_mpf_extended_version'====== Args={'value': 'Mission Pinball Framework v0.57.3, Config version:6, Show version: 6, BCP version:1.1', 'prev_value': None, 'change': True}
2025-07-06 16:23:55,810 : EventManager : Event: ======'machine_var_python_version'====== Args={'value': '3.9.13', 'prev_value': None, 'change': True}
2025-07-06 16:23:55,810 : EventManager : Event: ======'machine_var_platform'====== Args={'value': 'macOS-15.5-arm64-arm-64bit', 'prev_value': None, 'change': True}
2025-07-06 16:23:55,810 : EventManager : Event: ======'machine_var_platform_system'====== Args={'value': 'Darwin', 'prev_value': None, 'change': True}
2025-07-06 16:23:55,810 : EventManager : Event: ======'machine_var_platform_release'====== Args={'value': '24.5.0', 'prev_value': None, 'change': True}
2025-07-06 16:23:55,810 : EventManager : Event: ======'machine_var_platform_version'====== Args={'value': 'Darwin Kernel Version 24.5.0: Tue Apr 22 19:54:49 PDT 2025; root:xnu-11417.121.6~2/RELEASE_ARM64_T6000', 'prev_value': None, 'change': True}
2025-07-06 16:23:55,810 : EventManager : Event: ======'machine_var_platform_machine'====== Args={'value': 'arm64', 'prev_value': None, 'change': True}
2025-07-06 16:23:55,810 : EventManager : Event: ======'machine_var_audits_events_game_ended'====== Args={'value': 53, 'prev_value': None, 'change': True}
2025-07-06 16:23:55,810 : EventManager : Event: ======'machine_var_audits_events_game_started'====== Args={'value': 167, 'prev_value': None, 'change': True}
2025-07-06 16:23:55,810 : EventManager : Event: ======'machine_var_audits_missing_switches_s_center_scoop'====== Args={'value': 15, 'prev_value': None, 'change': True}
2025-07-06 16:23:55,810 : EventManager : Event: ======'machine_var_audits_missing_switches_s_left_flipper'====== Args={'value': 67, 'prev_value': None, 'change': True}
2025-07-06 16:23:55,810 : EventManager : Event: ======'machine_var_audits_missing_switches_s_left_inlane_1'====== Args={'value': 17, 'prev_value': None, 'change': True}
2025-07-06 16:23:55,810 : EventManager : Event: ======'machine_var_audits_missing_switches_s_left_inlane_2'====== Args={'value': 17, 'prev_value': None, 'change': True}
2025-07-06 16:23:55,810 : EventManager : Event: ======'machine_var_audits_missing_switches_s_left_outlane'====== Args={'value': 17, 'prev_value': None, 'change': True}
2025-07-06 16:23:55,810 : EventManager : Event: ======'machine_var_audits_missing_switches_s_left_slingshot'====== Args={'value': 15, 'prev_value': None, 'change': True}
2025-07-06 16:23:55,810 : EventManager : Event: ======'machine_var_audits_missing_switches_s_pop1'====== Args={'value': 78, 'prev_value': None, 'change': True}
2025-07-06 16:23:55,810 : EventManager : Event: ======'machine_var_audits_missing_switches_s_pop2'====== Args={'value': 78, 'prev_value': None, 'change': True}
2025-07-06 16:23:55,810 : EventManager : Event: ======'machine_var_audits_missing_switches_s_pop3'====== Args={'value': 78, 'prev_value': None, 'change': True}
2025-07-06 16:23:55,811 : EventManager : Event: ======'machine_var_audits_missing_switches_s_pop4'====== Args={'value': 67, 'prev_value': None, 'change': True}
2025-07-06 16:23:55,811 : EventManager : Event: ======'machine_var_audits_missing_switches_s_pop5'====== Args={'value': 21, 'prev_value': None, 'change': True}
2025-07-06 16:23:55,811 : EventManager : Event: ======'machine_var_audits_missing_switches_s_right_flipper'====== Args={'value': 66, 'prev_value': None, 'change': True}
2025-07-06 16:23:55,811 : EventManager : Event: ======'machine_var_audits_missing_switches_s_right_inlane'====== Args={'value': 16, 'prev_value': None, 'change': True}
2025-07-06 16:23:55,811 : EventManager : Event: ======'machine_var_audits_missing_switches_s_right_outlane'====== Args={'value': 17, 'prev_value': None, 'change': True}
2025-07-06 16:23:55,811 : EventManager : Event: ======'machine_var_audits_missing_switches_s_right_slingshot'====== Args={'value': 15, 'prev_value': None, 'change': True}
2025-07-06 16:23:55,811 : EventManager : Event: ======'machine_var_audits_missing_switches_s_startButton'====== Args={'value': 57, 'prev_value': None, 'change': True}
2025-07-06 16:23:55,811 : EventManager : Event: ======'machine_var_audits_missing_switches_s_target_g'====== Args={'value': 5, 'prev_value': None, 'change': True}
2025-07-06 16:23:55,811 : EventManager : Event: ======'machine_var_audits_missing_switches_s_target_r'====== Args={'value': 5, 'prev_value': None, 'change': True}
2025-07-06 16:23:55,811 : EventManager : Event: ======'machine_var_audits_missing_switches_s_trough1'====== Args={'value': 60, 'prev_value': None, 'change': True}
2025-07-06 16:23:55,811 : EventManager : Event: ======'machine_var_audits_missing_switches_s_trough2'====== Args={'value': 10, 'prev_value': None, 'change': True}
2025-07-06 16:23:55,811 : EventManager : Event: ======'machine_var_audits_missing_switches_s_trough3'====== Args={'value': 10, 'prev_value': None, 'change': True}
2025-07-06 16:23:55,811 : EventManager : Event: ======'machine_var_audits_missing_switches_s_trough4'====== Args={'value': 10, 'prev_value': None, 'change': True}
2025-07-06 16:23:55,811 : EventManager : Event: ======'machine_var_audits_missing_switches_s_trough5'====== Args={'value': 9, 'prev_value': None, 'change': True}
2025-07-06 16:23:55,811 : EventManager : Event: ======'machine_var_audits_player_score'====== Args={'value': {'average': 0, 'top': [0, 0, 0, 0, 0, 0, 0, 0, 0, 0], 'total': 53}, 'prev_value': None, 'change': True}
2025-07-06 16:23:55,811 : EventManager : Event: ======'machine_var_audits_shots_my_first_shot'====== Args={'value': 5, 'prev_value': None, 'change': True}
2025-07-06 16:23:55,811 : EventManager : Event: ======'machine_var_audits_shots_shot_right_inlane'====== Args={'value': 1, 'prev_value': None, 'change': True}
2025-07-06 16:23:55,811 : EventManager : Event: ======'machine_var_audits_shots_shot_right_scoop'====== Args={'value': 109, 'prev_value': None, 'change': True}
2025-07-06 16:23:55,811 : EventManager : Event: ======'machine_var_audits_shots_shot_target_g'====== Args={'value': 28, 'prev_value': None, 'change': True}
2025-07-06 16:23:55,811 : EventManager : Event: ======'machine_var_audits_shots_shot_target_r'====== Args={'value': 32, 'prev_value': None, 'change': True}
2025-07-06 16:23:55,811 : EventManager : Event: ======'machine_var_audits_switches_s_center_scoop'====== Args={'value': 4, 'prev_value': None, 'change': True}
2025-07-06 16:23:55,811 : EventManager : Event: ======'machine_var_audits_switches_s_drop_bank1'====== Args={'value': 140, 'prev_value': None, 'change': True}
2025-07-06 16:23:55,811 : EventManager : Event: ======'machine_var_audits_switches_s_left_flipper'====== Args={'value': 2284, 'prev_value': None, 'change': True}
2025-07-06 16:23:55,811 : EventManager : Event: ======'machine_var_audits_switches_s_left_inlane1'====== Args={'value': 2, 'prev_value': None, 'change': True}
2025-07-06 16:23:55,811 : EventManager : Event: ======'machine_var_audits_switches_s_left_inlane2'====== Args={'value': 2, 'prev_value': None, 'change': True}
2025-07-06 16:23:55,811 : EventManager : Event: ======'machine_var_audits_switches_s_left_inlane_1'====== Args={'value': 1, 'prev_value': None, 'change': True}
2025-07-06 16:23:55,811 : EventManager : Event: ======'machine_var_audits_switches_s_left_inlane_2'====== Args={'value': 2, 'prev_value': None, 'change': True}
2025-07-06 16:23:55,811 : EventManager : Event: ======'machine_var_audits_switches_s_left_outlane'====== Args={'value': 1, 'prev_value': None, 'change': True}
2025-07-06 16:23:55,811 : EventManager : Event: ======'machine_var_audits_switches_s_left_slingshot'====== Args={'value': 420, 'prev_value': None, 'change': True}
2025-07-06 16:23:55,811 : EventManager : Event: ======'machine_var_audits_switches_s_plunger'====== Args={'value': 5, 'prev_value': None, 'change': True}
2025-07-06 16:23:55,811 : EventManager : Event: ======'machine_var_audits_switches_s_pop1'====== Args={'value': 0, 'prev_value': None, 'change': True}
2025-07-06 16:23:55,811 : EventManager : Event: ======'machine_var_audits_switches_s_pop2'====== Args={'value': 0, 'prev_value': None, 'change': True}
2025-07-06 16:23:55,811 : EventManager : Event: ======'machine_var_audits_switches_s_pop3'====== Args={'value': 0, 'prev_value': None, 'change': True}
2025-07-06 16:23:55,811 : EventManager : Event: ======'machine_var_audits_switches_s_pop4'====== Args={'value': 3, 'prev_value': None, 'change': True}
2025-07-06 16:23:55,812 : EventManager : Event: ======'machine_var_audits_switches_s_pop5'====== Args={'value': 4, 'prev_value': None, 'change': True}
2025-07-06 16:23:55,812 : EventManager : Event: ======'machine_var_audits_switches_s_pop_bot'====== Args={'value': 426, 'prev_value': None, 'change': True}
2025-07-06 16:23:55,812 : EventManager : Event: ======'machine_var_audits_switches_s_pop_mid'====== Args={'value': 351, 'prev_value': None, 'change': True}
2025-07-06 16:23:55,812 : EventManager : Event: ======'machine_var_audits_switches_s_pop_top'====== Args={'value': 302, 'prev_value': None, 'change': True}
2025-07-06 16:23:55,812 : EventManager : Event: ======'machine_var_audits_switches_s_right_flipper'====== Args={'value': 2339, 'prev_value': None, 'change': True}
2025-07-06 16:23:55,812 : EventManager : Event: ======'machine_var_audits_switches_s_right_inlane'====== Args={'value': 88, 'prev_value': None, 'change': True}
2025-07-06 16:23:55,812 : EventManager : Event: ======'machine_var_audits_switches_s_right_outlane'====== Args={'value': 4, 'prev_value': None, 'change': True}
2025-07-06 16:23:55,812 : EventManager : Event: ======'machine_var_audits_switches_s_right_scoop'====== Args={'value': 109, 'prev_value': None, 'change': True}
2025-07-06 16:23:55,812 : EventManager : Event: ======'machine_var_audits_switches_s_right_slingshot'====== Args={'value': 367, 'prev_value': None, 'change': True}
2025-07-06 16:23:55,812 : EventManager : Event: ======'machine_var_audits_switches_s_scoop_center'====== Args={'value': 2, 'prev_value': None, 'change': True}
2025-07-06 16:23:55,812 : EventManager : Event: ======'machine_var_audits_switches_s_scoop_lower'====== Args={'value': 220, 'prev_value': None, 'change': True}
2025-07-06 16:23:55,812 : EventManager : Event: ======'machine_var_audits_switches_s_scoop_right'====== Args={'value': 1, 'prev_value': None, 'change': True}
2025-07-06 16:23:55,812 : EventManager : Event: ======'machine_var_audits_switches_s_shooter_lane'====== Args={'value': 15, 'prev_value': None, 'change': True}
2025-07-06 16:23:55,812 : EventManager : Event: ======'machine_var_audits_switches_s_startButton'====== Args={'value': 37, 'prev_value': None, 'change': True}
2025-07-06 16:23:55,812 : EventManager : Event: ======'machine_var_audits_switches_s_target_g'====== Args={'value': 32, 'prev_value': None, 'change': True}
2025-07-06 16:23:55,812 : EventManager : Event: ======'machine_var_audits_switches_s_target_r'====== Args={'value': 32, 'prev_value': None, 'change': True}
2025-07-06 16:23:55,812 : EventManager : Event: ======'machine_var_audits_switches_s_trough1'====== Args={'value': 318, 'prev_value': None, 'change': True}
2025-07-06 16:23:55,812 : EventManager : Event: ======'machine_var_audits_switches_s_trough2'====== Args={'value': 1, 'prev_value': None, 'change': True}
2025-07-06 16:23:55,812 : EventManager : Event: ======'machine_var_audits_switches_s_trough3'====== Args={'value': 1, 'prev_value': None, 'change': True}
2025-07-06 16:23:55,812 : EventManager : Event: ======'machine_var_audits_switches_s_trough4'====== Args={'value': 1, 'prev_value': None, 'change': True}
2025-07-06 16:23:55,812 : EventManager : Event: ======'machine_var_audits_switches_s_trough5'====== Args={'value': 1, 'prev_value': None, 'change': True}
2025-07-06 16:23:55,812 : EventManager : Event: ======'machine_var_mc_version'====== Args={'value': 'MPF-MC v0.57.1', 'prev_value': None, 'change': True}
2025-07-06 16:23:55,812 : EventManager : Event: ======'machine_var_mc_extended_version'====== Args={'value': 'MPF-MC v0.57.1 (config_version=6, BCP v1.1,                      Requires MPF API compatibility v0.57.0 or newer)', 'prev_value': None, 'change': True}
2025-07-06 16:23:55,812 : EventManager : Event: ======'machine_var_credits_string'====== Args={'value': 'FREE PLAY', 'prev_value': None, 'change': True}
2025-07-06 16:23:55,812 : EventManager : Event: ======'machine_var_master_volume'====== Args={'value': 0.5, 'prev_value': None, 'change': True}
2025-07-06 16:23:55,812 : EventManager : Event: ======'machine_var_player1_score'====== Args={'value': 0, 'prev_value': None, 'change': True}
2025-07-06 16:23:55,812 : EventManager : Event: ======'machine_var_mpf_version'====== Args={'value': 'Mission Pinball Framework v0.57.3', 'prev_value': None, 'change': True}
2025-07-06 16:23:55,812 : EventManager : Event: ======'machine_var_mpf_extended_version'====== Args={'value': 'Mission Pinball Framework v0.57.3, Config version:6, Show version: 6, BCP version:1.1', 'prev_value': None, 'change': True}
2025-07-06 16:23:55,812 : EventManager : Event: ======'machine_var_python_version'====== Args={'value': '3.9.13', 'prev_value': None, 'change': True}
2025-07-06 16:23:55,812 : EventManager : Event: ======'machine_var_platform'====== Args={'value': 'macOS-15.5-arm64-arm-64bit', 'prev_value': None, 'change': True}
2025-07-06 16:23:55,812 : EventManager : Event: ======'machine_var_platform_system'====== Args={'value': 'Darwin', 'prev_value': None, 'change': True}
2025-07-06 16:23:55,812 : EventManager : Event: ======'machine_var_platform_release'====== Args={'value': '24.5.0', 'prev_value': None, 'change': True}
2025-07-06 16:23:55,812 : EventManager : Event: ======'machine_var_platform_version'====== Args={'value': 'Darwin Kernel Version 24.5.0: Tue Apr 22 19:54:49 PDT 2025; root:xnu-11417.121.6~2/RELEASE_ARM64_T6000', 'prev_value': None, 'change': True}
2025-07-06 16:23:55,812 : EventManager : Event: ======'machine_var_platform_machine'====== Args={'value': 'arm64', 'prev_value': None, 'change': True}
2025-07-06 16:23:55,812 : EventManager : Event: ======'machine_var_audits_events_game_ended'====== Args={'value': 53, 'prev_value': None, 'change': True}
2025-07-06 16:23:55,812 : EventManager : Event: ======'machine_var_audits_events_game_started'====== Args={'value': 167, 'prev_value': None, 'change': True}
2025-07-06 16:23:55,812 : EventManager : Event: ======'machine_var_audits_missing_switches_s_center_scoop'====== Args={'value': 15, 'prev_value': None, 'change': True}
2025-07-06 16:23:55,812 : EventManager : Event: ======'machine_var_audits_missing_switches_s_left_flipper'====== Args={'value': 67, 'prev_value': None, 'change': True}
2025-07-06 16:23:55,812 : EventManager : Event: ======'machine_var_audits_missing_switches_s_left_inlane_1'====== Args={'value': 17, 'prev_value': None, 'change': True}
2025-07-06 16:23:55,812 : EventManager : Event: ======'machine_var_audits_missing_switches_s_left_inlane_2'====== Args={'value': 17, 'prev_value': None, 'change': True}
2025-07-06 16:23:55,812 : EventManager : Event: ======'machine_var_audits_missing_switches_s_left_outlane'====== Args={'value': 17, 'prev_value': None, 'change': True}
2025-07-06 16:23:55,812 : EventManager : Event: ======'machine_var_audits_missing_switches_s_left_slingshot'====== Args={'value': 15, 'prev_value': None, 'change': True}
2025-07-06 16:23:55,812 : EventManager : Event: ======'machine_var_audits_missing_switches_s_pop1'====== Args={'value': 78, 'prev_value': None, 'change': True}
2025-07-06 16:23:55,812 : EventManager : Event: ======'machine_var_audits_missing_switches_s_pop2'====== Args={'value': 78, 'prev_value': None, 'change': True}
2025-07-06 16:23:55,812 : EventManager : Event: ======'machine_var_audits_missing_switches_s_pop3'====== Args={'value': 78, 'prev_value': None, 'change': True}
2025-07-06 16:23:55,812 : EventManager : Event: ======'machine_var_audits_missing_switches_s_pop4'====== Args={'value': 67, 'prev_value': None, 'change': True}
2025-07-06 16:23:55,812 : EventManager : Event: ======'machine_var_audits_missing_switches_s_pop5'====== Args={'value': 21, 'prev_value': None, 'change': True}
2025-07-06 16:23:55,812 : EventManager : Event: ======'machine_var_audits_missing_switches_s_right_flipper'====== Args={'value': 66, 'prev_value': None, 'change': True}
2025-07-06 16:23:55,812 : EventManager : Event: ======'machine_var_audits_missing_switches_s_right_inlane'====== Args={'value': 16, 'prev_value': None, 'change': True}
2025-07-06 16:23:55,813 : EventManager : Event: ======'machine_var_audits_missing_switches_s_right_outlane'====== Args={'value': 17, 'prev_value': None, 'change': True}
2025-07-06 16:23:55,813 : EventManager : Event: ======'machine_var_audits_missing_switches_s_right_slingshot'====== Args={'value': 15, 'prev_value': None, 'change': True}
2025-07-06 16:23:55,813 : EventManager : Event: ======'machine_var_audits_missing_switches_s_startButton'====== Args={'value': 57, 'prev_value': None, 'change': True}
2025-07-06 16:23:55,813 : EventManager : Event: ======'machine_var_audits_missing_switches_s_target_g'====== Args={'value': 5, 'prev_value': None, 'change': True}
2025-07-06 16:23:55,813 : EventManager : Event: ======'machine_var_audits_missing_switches_s_target_r'====== Args={'value': 5, 'prev_value': None, 'change': True}
2025-07-06 16:23:55,813 : EventManager : Event: ======'machine_var_audits_missing_switches_s_trough1'====== Args={'value': 60, 'prev_value': None, 'change': True}
2025-07-06 16:23:55,813 : EventManager : Event: ======'machine_var_audits_missing_switches_s_trough2'====== Args={'value': 10, 'prev_value': None, 'change': True}
2025-07-06 16:23:55,813 : EventManager : Event: ======'machine_var_audits_missing_switches_s_trough3'====== Args={'value': 10, 'prev_value': None, 'change': True}
2025-07-06 16:23:55,813 : EventManager : Event: ======'machine_var_audits_missing_switches_s_trough4'====== Args={'value': 10, 'prev_value': None, 'change': True}
2025-07-06 16:23:55,813 : EventManager : Event: ======'machine_var_audits_missing_switches_s_trough5'====== Args={'value': 9, 'prev_value': None, 'change': True}
2025-07-06 16:23:55,813 : EventManager : Event: ======'machine_var_audits_player_score'====== Args={'value': {'average': 0, 'top': [0, 0, 0, 0, 0, 0, 0, 0, 0, 0], 'total': 53}, 'prev_value': None, 'change': True}
2025-07-06 16:23:55,813 : EventManager : Event: ======'machine_var_audits_shots_my_first_shot'====== Args={'value': 5, 'prev_value': None, 'change': True}
2025-07-06 16:23:55,813 : EventManager : Event: ======'machine_var_audits_shots_shot_right_inlane'====== Args={'value': 1, 'prev_value': None, 'change': True}
2025-07-06 16:23:55,813 : EventManager : Event: ======'machine_var_audits_shots_shot_right_scoop'====== Args={'value': 109, 'prev_value': None, 'change': True}
2025-07-06 16:23:55,813 : EventManager : Event: ======'machine_var_audits_shots_shot_target_g'====== Args={'value': 28, 'prev_value': None, 'change': True}
2025-07-06 16:23:55,813 : EventManager : Event: ======'machine_var_audits_shots_shot_target_r'====== Args={'value': 32, 'prev_value': None, 'change': True}
2025-07-06 16:23:55,813 : EventManager : Event: ======'machine_var_audits_switches_s_center_scoop'====== Args={'value': 4, 'prev_value': None, 'change': True}
2025-07-06 16:23:55,813 : EventManager : Event: ======'machine_var_audits_switches_s_drop_bank1'====== Args={'value': 140, 'prev_value': None, 'change': True}
2025-07-06 16:23:55,813 : EventManager : Event: ======'machine_var_audits_switches_s_left_flipper'====== Args={'value': 2284, 'prev_value': None, 'change': True}
2025-07-06 16:23:55,813 : EventManager : Event: ======'machine_var_audits_switches_s_left_inlane1'====== Args={'value': 2, 'prev_value': None, 'change': True}
2025-07-06 16:23:55,813 : EventManager : Event: ======'machine_var_audits_switches_s_left_inlane2'====== Args={'value': 2, 'prev_value': None, 'change': True}
2025-07-06 16:23:55,813 : EventManager : Event: ======'machine_var_audits_switches_s_left_inlane_1'====== Args={'value': 1, 'prev_value': None, 'change': True}
2025-07-06 16:23:55,813 : EventManager : Event: ======'machine_var_audits_switches_s_left_inlane_2'====== Args={'value': 2, 'prev_value': None, 'change': True}
2025-07-06 16:23:55,813 : EventManager : Event: ======'machine_var_audits_switches_s_left_outlane'====== Args={'value': 1, 'prev_value': None, 'change': True}
2025-07-06 16:23:55,813 : EventManager : Event: ======'machine_var_audits_switches_s_left_slingshot'====== Args={'value': 420, 'prev_value': None, 'change': True}
2025-07-06 16:23:55,813 : EventManager : Event: ======'machine_var_audits_switches_s_plunger'====== Args={'value': 5, 'prev_value': None, 'change': True}
2025-07-06 16:23:55,813 : EventManager : Event: ======'machine_var_audits_switches_s_pop1'====== Args={'value': 0, 'prev_value': None, 'change': True}
2025-07-06 16:23:55,813 : EventManager : Event: ======'machine_var_audits_switches_s_pop2'====== Args={'value': 0, 'prev_value': None, 'change': True}
2025-07-06 16:23:55,813 : EventManager : Event: ======'machine_var_audits_switches_s_pop3'====== Args={'value': 0, 'prev_value': None, 'change': True}
2025-07-06 16:23:55,813 : EventManager : Event: ======'machine_var_audits_switches_s_pop4'====== Args={'value': 3, 'prev_value': None, 'change': True}
2025-07-06 16:23:55,813 : EventManager : Event: ======'machine_var_audits_switches_s_pop5'====== Args={'value': 4, 'prev_value': None, 'change': True}
2025-07-06 16:23:55,813 : EventManager : Event: ======'machine_var_audits_switches_s_pop_bot'====== Args={'value': 426, 'prev_value': None, 'change': True}
2025-07-06 16:23:55,813 : EventManager : Event: ======'machine_var_audits_switches_s_pop_mid'====== Args={'value': 351, 'prev_value': None, 'change': True}
2025-07-06 16:23:55,813 : EventManager : Event: ======'machine_var_audits_switches_s_pop_top'====== Args={'value': 302, 'prev_value': None, 'change': True}
2025-07-06 16:23:55,813 : EventManager : Event: ======'machine_var_audits_switches_s_right_flipper'====== Args={'value': 2339, 'prev_value': None, 'change': True}
2025-07-06 16:23:55,813 : EventManager : Event: ======'machine_var_audits_switches_s_right_inlane'====== Args={'value': 88, 'prev_value': None, 'change': True}
2025-07-06 16:23:55,813 : EventManager : Event: ======'machine_var_audits_switches_s_right_outlane'====== Args={'value': 4, 'prev_value': None, 'change': True}
2025-07-06 16:23:55,813 : EventManager : Event: ======'machine_var_audits_switches_s_right_scoop'====== Args={'value': 109, 'prev_value': None, 'change': True}
2025-07-06 16:23:55,813 : EventManager : Event: ======'machine_var_audits_switches_s_right_slingshot'====== Args={'value': 367, 'prev_value': None, 'change': True}
2025-07-06 16:23:55,813 : EventManager : Event: ======'machine_var_audits_switches_s_scoop_center'====== Args={'value': 2, 'prev_value': None, 'change': True}
2025-07-06 16:23:55,813 : EventManager : Event: ======'machine_var_audits_switches_s_scoop_lower'====== Args={'value': 220, 'prev_value': None, 'change': True}
2025-07-06 16:23:55,813 : EventManager : Event: ======'machine_var_audits_switches_s_scoop_right'====== Args={'value': 1, 'prev_value': None, 'change': True}
2025-07-06 16:23:55,813 : EventManager : Event: ======'machine_var_audits_switches_s_shooter_lane'====== Args={'value': 15, 'prev_value': None, 'change': True}
2025-07-06 16:23:55,813 : EventManager : Event: ======'machine_var_audits_switches_s_startButton'====== Args={'value': 37, 'prev_value': None, 'change': True}
2025-07-06 16:23:55,813 : EventManager : Event: ======'machine_var_audits_switches_s_target_g'====== Args={'value': 32, 'prev_value': None, 'change': True}
2025-07-06 16:23:55,813 : EventManager : Event: ======'machine_var_audits_switches_s_target_r'====== Args={'value': 32, 'prev_value': None, 'change': True}
2025-07-06 16:23:55,813 : EventManager : Event: ======'machine_var_audits_switches_s_trough1'====== Args={'value': 318, 'prev_value': None, 'change': True}
2025-07-06 16:23:55,813 : EventManager : Event: ======'machine_var_audits_switches_s_trough2'====== Args={'value': 1, 'prev_value': None, 'change': True}
2025-07-06 16:23:55,813 : EventManager : Event: ======'machine_var_audits_switches_s_trough3'====== Args={'value': 1, 'prev_value': None, 'change': True}
2025-07-06 16:23:55,813 : EventManager : Event: ======'machine_var_audits_switches_s_trough4'====== Args={'value': 1, 'prev_value': None, 'change': True}
2025-07-06 16:23:55,813 : EventManager : Event: ======'machine_var_audits_switches_s_trough5'====== Args={'value': 1, 'prev_value': None, 'change': True}
2025-07-06 16:23:55,814 : EventManager : Event: ======'machine_var_mc_version'====== Args={'value': 'MPF-MC v0.57.1', 'prev_value': None, 'change': True}
2025-07-06 16:23:55,814 : EventManager : Event: ======'machine_var_mc_extended_version'====== Args={'value': 'MPF-MC v0.57.1 (config_version=6, BCP v1.1,                      Requires MPF API compatibility v0.57.0 or newer)', 'prev_value': None, 'change': True}
2025-07-06 16:23:55,814 : EventManager : Event: ======'machine_var_credits_string'====== Args={'value': 'FREE PLAY', 'prev_value': None, 'change': True}
2025-07-06 16:23:55,814 : EventManager : Event: ======'machine_var_master_volume'====== Args={'value': 0.5, 'prev_value': None, 'change': True}
2025-07-06 16:23:55,814 : EventManager : Event: ======'machine_var_player1_score'====== Args={'value': 0, 'prev_value': None, 'change': True}
2025-07-06 16:23:55,814 : EventManager : Event: ======'machine_var_mpf_version'====== Args={'value': 'Mission Pinball Framework v0.57.3', 'prev_value': None, 'change': True}
2025-07-06 16:23:55,814 : EventManager : Event: ======'machine_var_mpf_extended_version'====== Args={'value': 'Mission Pinball Framework v0.57.3, Config version:6, Show version: 6, BCP version:1.1', 'prev_value': None, 'change': True}
2025-07-06 16:23:55,814 : EventManager : Event: ======'machine_var_python_version'====== Args={'value': '3.9.13', 'prev_value': None, 'change': True}
2025-07-06 16:23:55,814 : EventManager : Event: ======'machine_var_platform'====== Args={'value': 'macOS-15.5-arm64-arm-64bit', 'prev_value': None, 'change': True}
2025-07-06 16:23:55,814 : EventManager : Event: ======'machine_var_platform_system'====== Args={'value': 'Darwin', 'prev_value': None, 'change': True}
2025-07-06 16:23:55,814 : EventManager : Event: ======'machine_var_platform_release'====== Args={'value': '24.5.0', 'prev_value': None, 'change': True}
2025-07-06 16:23:55,814 : EventManager : Event: ======'machine_var_platform_version'====== Args={'value': 'Darwin Kernel Version 24.5.0: Tue Apr 22 19:54:49 PDT 2025; root:xnu-11417.121.6~2/RELEASE_ARM64_T6000', 'prev_value': None, 'change': True}
2025-07-06 16:23:55,814 : EventManager : Event: ======'machine_var_platform_machine'====== Args={'value': 'arm64', 'prev_value': None, 'change': True}
2025-07-06 16:23:55,814 : EventManager : Event: ======'machine_var_audits_events_game_ended'====== Args={'value': 53, 'prev_value': None, 'change': True}
2025-07-06 16:23:55,814 : EventManager : Event: ======'machine_var_audits_events_game_started'====== Args={'value': 167, 'prev_value': None, 'change': True}
2025-07-06 16:23:55,814 : EventManager : Event: ======'machine_var_audits_missing_switches_s_center_scoop'====== Args={'value': 15, 'prev_value': None, 'change': True}
2025-07-06 16:23:55,814 : EventManager : Event: ======'machine_var_audits_missing_switches_s_left_flipper'====== Args={'value': 67, 'prev_value': None, 'change': True}
2025-07-06 16:23:55,814 : EventManager : Event: ======'machine_var_audits_missing_switches_s_left_inlane_1'====== Args={'value': 17, 'prev_value': None, 'change': True}
2025-07-06 16:23:55,814 : EventManager : Event: ======'machine_var_audits_missing_switches_s_left_inlane_2'====== Args={'value': 17, 'prev_value': None, 'change': True}
2025-07-06 16:23:55,814 : EventManager : Event: ======'machine_var_audits_missing_switches_s_left_outlane'====== Args={'value': 17, 'prev_value': None, 'change': True}
2025-07-06 16:23:55,814 : EventManager : Event: ======'machine_var_audits_missing_switches_s_left_slingshot'====== Args={'value': 15, 'prev_value': None, 'change': True}
2025-07-06 16:23:55,814 : EventManager : Event: ======'machine_var_audits_missing_switches_s_pop1'====== Args={'value': 78, 'prev_value': None, 'change': True}
2025-07-06 16:23:55,814 : EventManager : Event: ======'machine_var_audits_missing_switches_s_pop2'====== Args={'value': 78, 'prev_value': None, 'change': True}
2025-07-06 16:23:55,814 : EventManager : Event: ======'machine_var_audits_missing_switches_s_pop3'====== Args={'value': 78, 'prev_value': None, 'change': True}
2025-07-06 16:23:55,814 : EventManager : Event: ======'machine_var_audits_missing_switches_s_pop4'====== Args={'value': 67, 'prev_value': None, 'change': True}
2025-07-06 16:23:55,814 : EventManager : Event: ======'machine_var_audits_missing_switches_s_pop5'====== Args={'value': 21, 'prev_value': None, 'change': True}
2025-07-06 16:23:55,814 : EventManager : Event: ======'machine_var_audits_missing_switches_s_right_flipper'====== Args={'value': 66, 'prev_value': None, 'change': True}
2025-07-06 16:23:55,814 : EventManager : Event: ======'machine_var_audits_missing_switches_s_right_inlane'====== Args={'value': 16, 'prev_value': None, 'change': True}
2025-07-06 16:23:55,814 : EventManager : Event: ======'machine_var_audits_missing_switches_s_right_outlane'====== Args={'value': 17, 'prev_value': None, 'change': True}
2025-07-06 16:23:55,814 : EventManager : Event: ======'machine_var_audits_missing_switches_s_right_slingshot'====== Args={'value': 15, 'prev_value': None, 'change': True}
2025-07-06 16:23:55,814 : EventManager : Event: ======'machine_var_audits_missing_switches_s_startButton'====== Args={'value': 57, 'prev_value': None, 'change': True}
2025-07-06 16:23:55,814 : EventManager : Event: ======'machine_var_audits_missing_switches_s_target_g'====== Args={'value': 5, 'prev_value': None, 'change': True}
2025-07-06 16:23:55,814 : EventManager : Event: ======'machine_var_audits_missing_switches_s_target_r'====== Args={'value': 5, 'prev_value': None, 'change': True}
2025-07-06 16:23:55,814 : EventManager : Event: ======'machine_var_audits_missing_switches_s_trough1'====== Args={'value': 60, 'prev_value': None, 'change': True}
2025-07-06 16:23:55,814 : EventManager : Event: ======'machine_var_audits_missing_switches_s_trough2'====== Args={'value': 10, 'prev_value': None, 'change': True}
2025-07-06 16:23:55,814 : EventManager : Event: ======'machine_var_audits_missing_switches_s_trough3'====== Args={'value': 10, 'prev_value': None, 'change': True}
2025-07-06 16:23:55,814 : EventManager : Event: ======'machine_var_audits_missing_switches_s_trough4'====== Args={'value': 10, 'prev_value': None, 'change': True}
2025-07-06 16:23:55,814 : EventManager : Event: ======'machine_var_audits_missing_switches_s_trough5'====== Args={'value': 9, 'prev_value': None, 'change': True}
2025-07-06 16:23:55,814 : EventManager : Event: ======'machine_var_audits_player_score'====== Args={'value': {'average': 0, 'top': [0, 0, 0, 0, 0, 0, 0, 0, 0, 0], 'total': 53}, 'prev_value': None, 'change': True}
2025-07-06 16:23:55,814 : EventManager : Event: ======'machine_var_audits_shots_my_first_shot'====== Args={'value': 5, 'prev_value': None, 'change': True}
2025-07-06 16:23:55,814 : EventManager : Event: ======'machine_var_audits_shots_shot_right_inlane'====== Args={'value': 1, 'prev_value': None, 'change': True}
2025-07-06 16:23:55,814 : EventManager : Event: ======'machine_var_audits_shots_shot_right_scoop'====== Args={'value': 109, 'prev_value': None, 'change': True}
2025-07-06 16:23:55,814 : EventManager : Event: ======'machine_var_audits_shots_shot_target_g'====== Args={'value': 28, 'prev_value': None, 'change': True}
2025-07-06 16:23:55,814 : EventManager : Event: ======'machine_var_audits_shots_shot_target_r'====== Args={'value': 32, 'prev_value': None, 'change': True}
2025-07-06 16:23:55,814 : EventManager : Event: ======'machine_var_audits_switches_s_center_scoop'====== Args={'value': 4, 'prev_value': None, 'change': True}
2025-07-06 16:23:55,814 : EventManager : Event: ======'machine_var_audits_switches_s_drop_bank1'====== Args={'value': 140, 'prev_value': None, 'change': True}
2025-07-06 16:23:55,815 : EventManager : Event: ======'machine_var_audits_switches_s_left_flipper'====== Args={'value': 2284, 'prev_value': None, 'change': True}
2025-07-06 16:23:55,815 : EventManager : Event: ======'machine_var_audits_switches_s_left_inlane1'====== Args={'value': 2, 'prev_value': None, 'change': True}
2025-07-06 16:23:55,815 : EventManager : Event: ======'machine_var_audits_switches_s_left_inlane2'====== Args={'value': 2, 'prev_value': None, 'change': True}
2025-07-06 16:23:55,815 : EventManager : Event: ======'machine_var_audits_switches_s_left_inlane_1'====== Args={'value': 1, 'prev_value': None, 'change': True}
2025-07-06 16:23:55,815 : EventManager : Event: ======'machine_var_audits_switches_s_left_inlane_2'====== Args={'value': 2, 'prev_value': None, 'change': True}
2025-07-06 16:23:55,815 : EventManager : Event: ======'machine_var_audits_switches_s_left_outlane'====== Args={'value': 1, 'prev_value': None, 'change': True}
2025-07-06 16:23:55,815 : EventManager : Event: ======'machine_var_audits_switches_s_left_slingshot'====== Args={'value': 420, 'prev_value': None, 'change': True}
2025-07-06 16:23:55,815 : EventManager : Event: ======'machine_var_audits_switches_s_plunger'====== Args={'value': 5, 'prev_value': None, 'change': True}
2025-07-06 16:23:55,815 : EventManager : Event: ======'machine_var_audits_switches_s_pop1'====== Args={'value': 0, 'prev_value': None, 'change': True}
2025-07-06 16:23:55,815 : EventManager : Event: ======'machine_var_audits_switches_s_pop2'====== Args={'value': 0, 'prev_value': None, 'change': True}
2025-07-06 16:23:55,815 : EventManager : Event: ======'machine_var_audits_switches_s_pop3'====== Args={'value': 0, 'prev_value': None, 'change': True}
2025-07-06 16:23:55,815 : EventManager : Event: ======'machine_var_audits_switches_s_pop4'====== Args={'value': 3, 'prev_value': None, 'change': True}
2025-07-06 16:23:55,815 : EventManager : Event: ======'machine_var_audits_switches_s_pop5'====== Args={'value': 4, 'prev_value': None, 'change': True}
2025-07-06 16:23:55,815 : EventManager : Event: ======'machine_var_audits_switches_s_pop_bot'====== Args={'value': 426, 'prev_value': None, 'change': True}
2025-07-06 16:23:55,815 : EventManager : Event: ======'machine_var_audits_switches_s_pop_mid'====== Args={'value': 351, 'prev_value': None, 'change': True}
2025-07-06 16:23:55,815 : EventManager : Event: ======'machine_var_audits_switches_s_pop_top'====== Args={'value': 302, 'prev_value': None, 'change': True}
2025-07-06 16:23:55,815 : EventManager : Event: ======'machine_var_audits_switches_s_right_flipper'====== Args={'value': 2339, 'prev_value': None, 'change': True}
2025-07-06 16:23:55,815 : EventManager : Event: ======'machine_var_audits_switches_s_right_inlane'====== Args={'value': 88, 'prev_value': None, 'change': True}
2025-07-06 16:23:55,815 : EventManager : Event: ======'machine_var_audits_switches_s_right_outlane'====== Args={'value': 4, 'prev_value': None, 'change': True}
2025-07-06 16:23:55,815 : EventManager : Event: ======'machine_var_audits_switches_s_right_scoop'====== Args={'value': 109, 'prev_value': None, 'change': True}
2025-07-06 16:23:55,815 : EventManager : Event: ======'machine_var_audits_switches_s_right_slingshot'====== Args={'value': 367, 'prev_value': None, 'change': True}
2025-07-06 16:23:55,815 : EventManager : Event: ======'machine_var_audits_switches_s_scoop_center'====== Args={'value': 2, 'prev_value': None, 'change': True}
2025-07-06 16:23:55,815 : EventManager : Event: ======'machine_var_audits_switches_s_scoop_lower'====== Args={'value': 220, 'prev_value': None, 'change': True}
2025-07-06 16:23:55,815 : EventManager : Event: ======'machine_var_audits_switches_s_scoop_right'====== Args={'value': 1, 'prev_value': None, 'change': True}
2025-07-06 16:23:55,815 : EventManager : Event: ======'machine_var_audits_switches_s_shooter_lane'====== Args={'value': 15, 'prev_value': None, 'change': True}
2025-07-06 16:23:55,815 : EventManager : Event: ======'machine_var_audits_switches_s_startButton'====== Args={'value': 37, 'prev_value': None, 'change': True}
2025-07-06 16:23:55,815 : EventManager : Event: ======'machine_var_audits_switches_s_target_g'====== Args={'value': 32, 'prev_value': None, 'change': True}
2025-07-06 16:23:55,815 : EventManager : Event: ======'machine_var_audits_switches_s_target_r'====== Args={'value': 32, 'prev_value': None, 'change': True}
2025-07-06 16:23:55,815 : EventManager : Event: ======'machine_var_audits_switches_s_trough1'====== Args={'value': 318, 'prev_value': None, 'change': True}
2025-07-06 16:23:55,815 : EventManager : Event: ======'machine_var_audits_switches_s_trough2'====== Args={'value': 1, 'prev_value': None, 'change': True}
2025-07-06 16:23:55,815 : EventManager : Event: ======'machine_var_audits_switches_s_trough3'====== Args={'value': 1, 'prev_value': None, 'change': True}
2025-07-06 16:23:55,815 : EventManager : Event: ======'machine_var_audits_switches_s_trough4'====== Args={'value': 1, 'prev_value': None, 'change': True}
2025-07-06 16:23:55,815 : EventManager : Event: ======'machine_var_audits_switches_s_trough5'====== Args={'value': 1, 'prev_value': None, 'change': True}
2025-07-06 16:23:55,815 : EventManager : Event: ======'machine_var_mc_version'====== Args={'value': 'MPF-MC v0.57.1', 'prev_value': None, 'change': True}
2025-07-06 16:23:55,815 : EventManager : Event: ======'machine_var_mc_extended_version'====== Args={'value': 'MPF-MC v0.57.1 (config_version=6, BCP v1.1,                      Requires MPF API compatibility v0.57.0 or newer)', 'prev_value': None, 'change': True}
2025-07-06 16:23:55,815 : EventManager : Event: ======'machine_var_credits_string'====== Args={'value': 'FREE PLAY', 'prev_value': None, 'change': True}
2025-07-06 16:23:55,815 : EventManager : Event: ======'machine_var_master_volume'====== Args={'value': 0.5, 'prev_value': None, 'change': True}
2025-07-06 16:23:55,815 : EventManager : Event: ======'machine_var_player1_score'====== Args={'value': 0, 'prev_value': None, 'change': True}
2025-07-06 16:23:55,815 : EventManager : Event: ======'machine_var_mpf_version'====== Args={'value': 'Mission Pinball Framework v0.57.3', 'prev_value': None, 'change': True}
2025-07-06 16:23:55,815 : EventManager : Event: ======'machine_var_mpf_extended_version'====== Args={'value': 'Mission Pinball Framework v0.57.3, Config version:6, Show version: 6, BCP version:1.1', 'prev_value': None, 'change': True}
2025-07-06 16:23:55,815 : EventManager : Event: ======'machine_var_python_version'====== Args={'value': '3.9.13', 'prev_value': None, 'change': True}
2025-07-06 16:23:55,815 : EventManager : Event: ======'machine_var_platform'====== Args={'value': 'macOS-15.5-arm64-arm-64bit', 'prev_value': None, 'change': True}
2025-07-06 16:23:55,815 : EventManager : Event: ======'machine_var_platform_system'====== Args={'value': 'Darwin', 'prev_value': None, 'change': True}
2025-07-06 16:23:55,815 : EventManager : Event: ======'machine_var_platform_release'====== Args={'value': '24.5.0', 'prev_value': None, 'change': True}
2025-07-06 16:23:55,815 : EventManager : Event: ======'machine_var_platform_version'====== Args={'value': 'Darwin Kernel Version 24.5.0: Tue Apr 22 19:54:49 PDT 2025; root:xnu-11417.121.6~2/RELEASE_ARM64_T6000', 'prev_value': None, 'change': True}
2025-07-06 16:23:55,815 : EventManager : Event: ======'machine_var_platform_machine'====== Args={'value': 'arm64', 'prev_value': None, 'change': True}
2025-07-06 16:23:55,815 : EventManager : Event: ======'machine_var_audits_events_game_ended'====== Args={'value': 53, 'prev_value': None, 'change': True}
2025-07-06 16:23:55,815 : EventManager : Event: ======'machine_var_audits_events_game_started'====== Args={'value': 167, 'prev_value': None, 'change': True}
2025-07-06 16:23:55,815 : EventManager : Event: ======'machine_var_audits_missing_switches_s_center_scoop'====== Args={'value': 15, 'prev_value': None, 'change': True}
2025-07-06 16:23:55,815 : EventManager : Event: ======'machine_var_audits_missing_switches_s_left_flipper'====== Args={'value': 67, 'prev_value': None, 'change': True}
2025-07-06 16:23:55,816 : EventManager : Event: ======'machine_var_audits_missing_switches_s_left_inlane_1'====== Args={'value': 17, 'prev_value': None, 'change': True}
2025-07-06 16:23:55,816 : EventManager : Event: ======'machine_var_audits_missing_switches_s_left_inlane_2'====== Args={'value': 17, 'prev_value': None, 'change': True}
2025-07-06 16:23:55,816 : EventManager : Event: ======'machine_var_audits_missing_switches_s_left_outlane'====== Args={'value': 17, 'prev_value': None, 'change': True}
2025-07-06 16:23:55,816 : EventManager : Event: ======'machine_var_audits_missing_switches_s_left_slingshot'====== Args={'value': 15, 'prev_value': None, 'change': True}
2025-07-06 16:23:55,816 : EventManager : Event: ======'machine_var_audits_missing_switches_s_pop1'====== Args={'value': 78, 'prev_value': None, 'change': True}
2025-07-06 16:23:55,816 : EventManager : Event: ======'machine_var_audits_missing_switches_s_pop2'====== Args={'value': 78, 'prev_value': None, 'change': True}
2025-07-06 16:23:55,816 : EventManager : Event: ======'machine_var_audits_missing_switches_s_pop3'====== Args={'value': 78, 'prev_value': None, 'change': True}
2025-07-06 16:23:55,816 : EventManager : Event: ======'machine_var_audits_missing_switches_s_pop4'====== Args={'value': 67, 'prev_value': None, 'change': True}
2025-07-06 16:23:55,816 : EventManager : Event: ======'machine_var_audits_missing_switches_s_pop5'====== Args={'value': 21, 'prev_value': None, 'change': True}
2025-07-06 16:23:55,816 : EventManager : Event: ======'machine_var_audits_missing_switches_s_right_flipper'====== Args={'value': 66, 'prev_value': None, 'change': True}
2025-07-06 16:23:55,816 : EventManager : Event: ======'machine_var_audits_missing_switches_s_right_inlane'====== Args={'value': 16, 'prev_value': None, 'change': True}
2025-07-06 16:23:55,816 : EventManager : Event: ======'machine_var_audits_missing_switches_s_right_outlane'====== Args={'value': 17, 'prev_value': None, 'change': True}
2025-07-06 16:23:55,816 : EventManager : Event: ======'machine_var_audits_missing_switches_s_right_slingshot'====== Args={'value': 15, 'prev_value': None, 'change': True}
2025-07-06 16:23:55,816 : EventManager : Event: ======'machine_var_audits_missing_switches_s_startButton'====== Args={'value': 57, 'prev_value': None, 'change': True}
2025-07-06 16:23:55,816 : EventManager : Event: ======'machine_var_audits_missing_switches_s_target_g'====== Args={'value': 5, 'prev_value': None, 'change': True}
2025-07-06 16:23:55,816 : EventManager : Event: ======'machine_var_audits_missing_switches_s_target_r'====== Args={'value': 5, 'prev_value': None, 'change': True}
2025-07-06 16:23:55,816 : EventManager : Event: ======'machine_var_audits_missing_switches_s_trough1'====== Args={'value': 60, 'prev_value': None, 'change': True}
2025-07-06 16:23:55,816 : EventManager : Event: ======'machine_var_audits_missing_switches_s_trough2'====== Args={'value': 10, 'prev_value': None, 'change': True}
2025-07-06 16:23:55,816 : EventManager : Event: ======'machine_var_audits_missing_switches_s_trough3'====== Args={'value': 10, 'prev_value': None, 'change': True}
2025-07-06 16:23:55,816 : EventManager : Event: ======'machine_var_audits_missing_switches_s_trough4'====== Args={'value': 10, 'prev_value': None, 'change': True}
2025-07-06 16:23:55,816 : EventManager : Event: ======'machine_var_audits_missing_switches_s_trough5'====== Args={'value': 9, 'prev_value': None, 'change': True}
2025-07-06 16:23:55,816 : EventManager : Event: ======'machine_var_audits_player_score'====== Args={'value': {'average': 0, 'top': [0, 0, 0, 0, 0, 0, 0, 0, 0, 0], 'total': 53}, 'prev_value': None, 'change': True}
2025-07-06 16:23:55,816 : EventManager : Event: ======'machine_var_audits_shots_my_first_shot'====== Args={'value': 5, 'prev_value': None, 'change': True}
2025-07-06 16:23:55,816 : EventManager : Event: ======'machine_var_audits_shots_shot_right_inlane'====== Args={'value': 1, 'prev_value': None, 'change': True}
2025-07-06 16:23:55,816 : EventManager : Event: ======'machine_var_audits_shots_shot_right_scoop'====== Args={'value': 109, 'prev_value': None, 'change': True}
2025-07-06 16:23:55,816 : EventManager : Event: ======'machine_var_audits_shots_shot_target_g'====== Args={'value': 28, 'prev_value': None, 'change': True}
2025-07-06 16:23:55,816 : EventManager : Event: ======'machine_var_audits_shots_shot_target_r'====== Args={'value': 32, 'prev_value': None, 'change': True}
2025-07-06 16:23:55,816 : EventManager : Event: ======'machine_var_audits_switches_s_center_scoop'====== Args={'value': 4, 'prev_value': None, 'change': True}
2025-07-06 16:23:55,816 : EventManager : Event: ======'machine_var_audits_switches_s_drop_bank1'====== Args={'value': 140, 'prev_value': None, 'change': True}
2025-07-06 16:23:55,816 : EventManager : Event: ======'machine_var_audits_switches_s_left_flipper'====== Args={'value': 2284, 'prev_value': None, 'change': True}
2025-07-06 16:23:55,816 : EventManager : Event: ======'machine_var_audits_switches_s_left_inlane1'====== Args={'value': 2, 'prev_value': None, 'change': True}
2025-07-06 16:23:55,816 : EventManager : Event: ======'machine_var_audits_switches_s_left_inlane2'====== Args={'value': 2, 'prev_value': None, 'change': True}
2025-07-06 16:23:55,816 : EventManager : Event: ======'machine_var_audits_switches_s_left_inlane_1'====== Args={'value': 1, 'prev_value': None, 'change': True}
2025-07-06 16:23:55,816 : EventManager : Event: ======'machine_var_audits_switches_s_left_inlane_2'====== Args={'value': 2, 'prev_value': None, 'change': True}
2025-07-06 16:23:55,816 : EventManager : Event: ======'machine_var_audits_switches_s_left_outlane'====== Args={'value': 1, 'prev_value': None, 'change': True}
2025-07-06 16:23:55,816 : EventManager : Event: ======'machine_var_audits_switches_s_left_slingshot'====== Args={'value': 420, 'prev_value': None, 'change': True}
2025-07-06 16:23:55,816 : EventManager : Event: ======'machine_var_audits_switches_s_plunger'====== Args={'value': 5, 'prev_value': None, 'change': True}
2025-07-06 16:23:55,816 : EventManager : Event: ======'machine_var_audits_switches_s_pop1'====== Args={'value': 0, 'prev_value': None, 'change': True}
2025-07-06 16:23:55,816 : EventManager : Event: ======'machine_var_audits_switches_s_pop2'====== Args={'value': 0, 'prev_value': None, 'change': True}
2025-07-06 16:23:55,816 : EventManager : Event: ======'machine_var_audits_switches_s_pop3'====== Args={'value': 0, 'prev_value': None, 'change': True}
2025-07-06 16:23:55,816 : EventManager : Event: ======'machine_var_audits_switches_s_pop4'====== Args={'value': 3, 'prev_value': None, 'change': True}
2025-07-06 16:23:55,816 : EventManager : Event: ======'machine_var_audits_switches_s_pop5'====== Args={'value': 4, 'prev_value': None, 'change': True}
2025-07-06 16:23:55,816 : EventManager : Event: ======'machine_var_audits_switches_s_pop_bot'====== Args={'value': 426, 'prev_value': None, 'change': True}
2025-07-06 16:23:55,816 : EventManager : Event: ======'machine_var_audits_switches_s_pop_mid'====== Args={'value': 351, 'prev_value': None, 'change': True}
2025-07-06 16:23:55,816 : EventManager : Event: ======'machine_var_audits_switches_s_pop_top'====== Args={'value': 302, 'prev_value': None, 'change': True}
2025-07-06 16:23:55,816 : EventManager : Event: ======'machine_var_audits_switches_s_right_flipper'====== Args={'value': 2339, 'prev_value': None, 'change': True}
2025-07-06 16:23:55,816 : EventManager : Event: ======'machine_var_audits_switches_s_right_inlane'====== Args={'value': 88, 'prev_value': None, 'change': True}
2025-07-06 16:23:55,816 : EventManager : Event: ======'machine_var_audits_switches_s_right_outlane'====== Args={'value': 4, 'prev_value': None, 'change': True}
2025-07-06 16:23:55,816 : EventManager : Event: ======'machine_var_audits_switches_s_right_scoop'====== Args={'value': 109, 'prev_value': None, 'change': True}
2025-07-06 16:23:55,816 : EventManager : Event: ======'machine_var_audits_switches_s_right_slingshot'====== Args={'value': 367, 'prev_value': None, 'change': True}
2025-07-06 16:23:55,816 : EventManager : Event: ======'machine_var_audits_switches_s_scoop_center'====== Args={'value': 2, 'prev_value': None, 'change': True}
2025-07-06 16:23:55,817 : EventManager : Event: ======'machine_var_audits_switches_s_scoop_lower'====== Args={'value': 220, 'prev_value': None, 'change': True}
2025-07-06 16:23:55,817 : EventManager : Event: ======'machine_var_audits_switches_s_scoop_right'====== Args={'value': 1, 'prev_value': None, 'change': True}
2025-07-06 16:23:55,817 : EventManager : Event: ======'machine_var_audits_switches_s_shooter_lane'====== Args={'value': 15, 'prev_value': None, 'change': True}
2025-07-06 16:23:55,817 : EventManager : Event: ======'machine_var_audits_switches_s_startButton'====== Args={'value': 37, 'prev_value': None, 'change': True}
2025-07-06 16:23:55,817 : EventManager : Event: ======'machine_var_audits_switches_s_target_g'====== Args={'value': 32, 'prev_value': None, 'change': True}
2025-07-06 16:23:55,817 : EventManager : Event: ======'machine_var_audits_switches_s_target_r'====== Args={'value': 32, 'prev_value': None, 'change': True}
2025-07-06 16:23:55,817 : EventManager : Event: ======'machine_var_audits_switches_s_trough1'====== Args={'value': 318, 'prev_value': None, 'change': True}
2025-07-06 16:23:55,817 : EventManager : Event: ======'machine_var_audits_switches_s_trough2'====== Args={'value': 1, 'prev_value': None, 'change': True}
2025-07-06 16:23:55,817 : EventManager : Event: ======'machine_var_audits_switches_s_trough3'====== Args={'value': 1, 'prev_value': None, 'change': True}
2025-07-06 16:23:55,817 : EventManager : Event: ======'machine_var_audits_switches_s_trough4'====== Args={'value': 1, 'prev_value': None, 'change': True}
2025-07-06 16:23:55,817 : EventManager : Event: ======'machine_var_audits_switches_s_trough5'====== Args={'value': 1, 'prev_value': None, 'change': True}
2025-07-06 16:23:55,817 : EventManager : Event: ======'machine_var_mc_version'====== Args={'value': 'MPF-MC v0.57.1', 'prev_value': None, 'change': True}
2025-07-06 16:23:55,817 : EventManager : Event: ======'machine_var_mc_extended_version'====== Args={'value': 'MPF-MC v0.57.1 (config_version=6, BCP v1.1,                      Requires MPF API compatibility v0.57.0 or newer)', 'prev_value': None, 'change': True}
2025-07-06 16:23:55,817 : EventManager : Event: ======'mc_reset_phase_1'====== Args={}
2025-07-06 16:23:55,817 : SoundSystem : Setting master volume to 0.5
2025-07-06 16:23:55,817 : SoundSystem : Setting master volume to 0.5
2025-07-06 16:23:55,817 : SoundSystem : Setting master volume to 0.5
2025-07-06 16:23:55,817 : SoundSystem : Setting master volume to 0.5
2025-07-06 16:23:55,817 : EventManager : Event: ======'mc_reset_phase_2'====== Args={}
2025-07-06 16:23:55,817 : EventManager : Event: ======'mc_reset_phase_3'====== Args={}
2025-07-06 16:23:55,817 : EventManager : Event: ======'mc_reset_complete'====== Args={}
2025-07-06 16:23:55,831 : EventManager : Event: ======'slides_play'====== Args={'settings': {'awesome_slide': {'widgets': [{'type': 'image', 'image': 'af_bg', '_default_settings': ['type', 'image'], 'x': None, 'y': None, 'anchor_x': 'center', 'anchor_y': 'center', 'round_anchor_x': None, 'round_anchor_y': None, 'opacity': 1.0, 'z': 0, 'reset_animations_events': {}, 'color': [1.0, 1.0, 1.0, 1.0], 'style': [], 'adjust_top': 0, 'adjust_bottom': 0, 'adjust_left': 0, 'adjust_right': 0, 'expire': None, 'key': None, 'widget': None, 'events_when_added': [], 'events_when_removed': [], 'fps': 10, 'loops': -1, 'auto_play': True, 'start_frame': 0, 'rotation': 0, 'scale': 1.0, 'animations': None}], 'transition': {'type': 'fade', 'duration': 1.0}, 'target': None, 'background_color': [0.0, 0.0, 0.0, 1.0], 'priority': None, 'show': True, 'force': False, 'expire': None, 'slide': None, 'tokens': {}, 'action': 'play'}}, 'context': 'show_7', 'calling_context': 0, 'priority': 10, 'show_tokens': {}, 'start_time': 1.4115915}
2025-07-06 16:23:55,831 : EventManager : Event: ======'sounds_play'====== Args={'settings': {'music_startuplong': {'action': 'play', 'loops': -1, 'priority': None, 'block': False, 'delay': None, 'track': None, 'volume': None, 'ducking': {}, 'pan': None, 'start_at': None, 'fade_in': None, 'fade_out': None, 'about_to_finish_time': -1.0, 'max_queue_time': -1.0, 'events_when_played': ['use_sound_setting'], 'events_when_stopped': ['use_sound_setting'], 'events_when_looping': ['use_sound_setting'], 'events_when_about_to_finish': ['use_sound_setting'], 'mode_end_action': 'use_sound_setting', 'key': 'use_sound_setting'}}, 'context': 'attract', 'calling_context': 'mode_attract_started', 'priority': 10}
2025-07-06 16:23:55,832 : EventManager : Event: ======'slide_awesome_slide_created'====== Args={}
2025-07-06 16:23:55,832 : kivy : GL: NPOT texture support is available
2025-07-06 16:23:55,844 : EventManager : Event: ======'slide_awesome_slide_active'====== Args={}
2025-07-06 16:23:55,857 : EventManager : Event: ======'loading_assets'====== Args={'total': 2, 'loaded': 1, 'remaining': 1, 'percent': 50}
2025-07-06 16:23:55,857 : AssetManager : Loading assets: 1/2 (50%)
2025-07-06 16:23:55,857 : EventManager : Event: ======'loading_assets'====== Args={'total': 2, 'loaded': 2, 'remaining': 0, 'percent': 100}
2025-07-06 16:23:55,857 : AssetManager : Asset loading took: 0.5055599212646484
2025-07-06 16:23:55,857 : EventManager : Event: ======'asset_loading_complete'====== Args={}
2025-07-06 16:23:55,857 : AssetManager : Loading assets: 2/2 (100%)
2025-07-06 16:23:58,827 : EventManager : Event: ======'slides_play'====== Args={'settings': {'press_start': {'widgets': [{'type': 'Text', 'text': 'PRESS START', 'color': [1.0, 1.0, 1.0, 1], 'font_size': 80, 'font_name': 'CinzelDecorative-Black', 'animations': {'pre_show_slide': [{'property': ['opacity'], 'value': ['0'], 'duration': 0.5, 'relative': False, 'timing': 'after_previous', 'repeat': False, 'easing': 'linear', 'step': 0.0}, {'property': ['opacity'], 'value': ['1'], 'duration': 1.0, 'relative': False, 'timing': 'after_previous', 'repeat': False, 'easing': 'linear', 'step': 0.0}, {'property': ['opacity'], 'value': ['0'], 'duration': 0.5, 'repeat': True, 'relative': False, 'timing': 'after_previous', 'easing': 'linear', 'step': 0.0}]}, '_default_settings': ['type', 'text', 'color', 'font_size', 'font_name', 'animations'], 'x': None, 'y': None, 'anchor_x': 'center', 'anchor_y': 'center', 'round_anchor_x': None, 'round_anchor_y': None, 'opacity': 1.0, 'z': 0, 'reset_animations_events': {}, 'style': [], 'adjust_top': 0, 'adjust_bottom': 0, 'adjust_left': 0, 'adjust_right': 0, 'expire': None, 'key': None, 'widget': None, 'events_when_added': [], 'events_when_removed': [], 'bitmap_font': False, 'font_kerning': True, 'bold': False, 'italic': False, 'number_grouping': False, 'min_digits': 0, 'halign': 'center', 'valign': 'middle', 'rotation': 0, 'scale': 1.0, 'casing': None, 'outline_color': [1.0, 1.0, 1.0, 1.0], 'outline_width': 0}, {'type': 'image', 'image': 'mansionv2', '_default_settings': ['type', 'image'], 'x': None, 'y': None, 'anchor_x': 'center', 'anchor_y': 'center', 'round_anchor_x': None, 'round_anchor_y': None, 'opacity': 1.0, 'z': 0, 'reset_animations_events': {}, 'color': [1.0, 1.0, 1.0, 1.0], 'style': [], 'adjust_top': 0, 'adjust_bottom': 0, 'adjust_left': 0, 'adjust_right': 0, 'expire': None, 'key': None, 'widget': None, 'events_when_added': [], 'events_when_removed': [], 'fps': 10, 'loops': -1, 'auto_play': True, 'start_frame': 0, 'rotation': 0, 'scale': 1.0, 'animations': None}], 'transition': {'type': 'fade', 'duration': 1.0}, 'target': None, 'background_color': [0.0, 0.0, 0.0, 1.0], 'priority': None, 'show': True, 'force': False, 'expire': None, 'slide': None, 'tokens': {}, 'action': 'play'}}, 'context': 'show_7', 'calling_context': 1, 'priority': 10, 'show_tokens': {}, 'start_time': 4.4115915}
2025-07-06 16:23:58,837 : EventManager : Event: ======'slide_press_start_created'====== Args={}
2025-07-06 16:23:58,854 : EventManager : Event: ======'slide_press_start_active'====== Args={}
2025-07-06 16:23:58,864 : EventManager : Event: ======'loading_assets'====== Args={'total': 1, 'loaded': 1, 'remaining': 0, 'percent': 100}
2025-07-06 16:23:58,864 : AssetManager : Asset loading took: 3.5120110511779785
2025-07-06 16:23:58,864 : EventManager : Event: ======'asset_loading_complete'====== Args={}
2025-07-06 16:23:58,864 : AssetManager : Loading assets: 1/1 (100%)
2025-07-06 16:24:01,071 : EventManager : Event: ======'game_started'====== Args={}
2025-07-06 16:24:01,084 : EventManager : Event: ======'slides_clear'====== Args={'context': 'show_7'}
2025-07-06 16:24:01,085 : EventManager : Event: ======'sounds_clear'====== Args={'context': 'attract'}
2025-07-06 16:24:01,085 : EventManager : Event: ======'player_added'====== Args={'player': <Player 1>, 'num': 1}
2025-07-06 16:24:01,085 : EventManager : Event: ======'player_index'====== Args={'value': 0, 'prev_value': 0, 'change': 0, 'player_num': 1}
2025-07-06 16:24:01,085 : EventManager : Event: ======'player_number'====== Args={'value': 1, 'prev_value': 1, 'change': 0, 'player_num': 1}
2025-07-06 16:24:01,085 : EventManager : Event: ======'player_score'====== Args={'value': 0, 'prev_value': 0, 'change': 0, 'player_num': 1}
2025-07-06 16:24:01,085 : EventManager : Event: ======'slide_awesome_slide_removed'====== Args={}
2025-07-06 16:24:01,086 : EventManager : Event: ======'slide_press_start_removed'====== Args={}
2025-07-06 16:24:01,086 : EventManager : Event: ======'slide_window_blank_active'====== Args={}
2025-07-06 16:24:01,097 : EventManager : Event: ======'player_ball'====== Args={'value': 1, 'prev_value': 0, 'change': 1, 'player_num': 1}
2025-07-06 16:24:01,097 : EventManager : Event: ======'player_turn_start'====== Args={'number': 1, 'player': <Player 1>}
2025-07-06 16:24:01,097 : EventManager : Event: ======'player_shot_shot_target_g_enabled'====== Args={'value': True, 'prev_value': 0, 'change': 1, 'player_num': 1}
2025-07-06 16:24:01,097 : EventManager : Event: ======'player_shot_shot_target_r_enabled'====== Args={'value': True, 'prev_value': 0, 'change': 1, 'player_num': 1}
2025-07-06 16:24:01,097 : EventManager : Event: ======'player_shot_shot_right_scoop_enabled'====== Args={'value': True, 'prev_value': 0, 'change': 1, 'player_num': 1}
2025-07-06 16:24:01,098 : EventManager : Event: ======'player_shot_shot_right_outlane_enabled'====== Args={'value': True, 'prev_value': 0, 'change': 1, 'player_num': 1}
2025-07-06 16:24:01,098 : EventManager : Event: ======'player_shot_shot_right_inlane_enabled'====== Args={'value': True, 'prev_value': 0, 'change': 1, 'player_num': 1}
2025-07-06 16:24:01,098 : EventManager : Event: ======'player_shot_shot_left_inlane_1_enabled'====== Args={'value': True, 'prev_value': 0, 'change': 1, 'player_num': 1}
2025-07-06 16:24:01,098 : EventManager : Event: ======'player_shot_shot_left_inlane_2_enabled'====== Args={'value': True, 'prev_value': 0, 'change': 1, 'player_num': 1}
2025-07-06 16:24:01,098 : EventManager : Event: ======'player_shot_shot_left_outlane_enabled'====== Args={'value': True, 'prev_value': 0, 'change': 1, 'player_num': 1}
2025-07-06 16:24:01,098 : EventManager : Event: ======'player_shot_shot_pop1_enabled'====== Args={'value': True, 'prev_value': 0, 'change': 1, 'player_num': 1}
2025-07-06 16:24:01,098 : EventManager : Event: ======'player_shot_shot_pop2_enabled'====== Args={'value': True, 'prev_value': 0, 'change': 1, 'player_num': 1}
2025-07-06 16:24:01,098 : EventManager : Event: ======'player_shot_shot_pop3_enabled'====== Args={'value': True, 'prev_value': 0, 'change': 1, 'player_num': 1}
2025-07-06 16:24:01,098 : EventManager : Event: ======'player_shot_shot_pop4_enabled'====== Args={'value': True, 'prev_value': 0, 'change': 1, 'player_num': 1}
2025-07-06 16:24:01,098 : EventManager : Event: ======'player_shot_shot_pop5_enabled'====== Args={'value': True, 'prev_value': 0, 'change': 1, 'player_num': 1}
2025-07-06 16:24:01,098 : EventManager : Event: ======'slides_play'====== Args={'settings': {'widgets': {'widgets': [{'type': 'text', 'text': '(score)', 'number_grouping': True, 'min_digits': 2, 'font_size': 200, 'font_name': 'MetalMania-Regular.ttf', '_default_settings': ['type', 'text', 'number_grouping', 'min_digits', 'font_size', 'font_name'], 'x': None, 'y': None, 'anchor_x': 'center', 'anchor_y': 'center', 'round_anchor_x': None, 'round_anchor_y': None, 'opacity': 1.0, 'z': 0, 'reset_animations_events': {}, 'color': [1.0, 1.0, 1.0, 1.0], 'style': [], 'adjust_top': 0, 'adjust_bottom': 0, 'adjust_left': 0, 'adjust_right': 0, 'expire': None, 'key': None, 'widget': None, 'events_when_added': [], 'events_when_removed': [], 'bitmap_font': False, 'font_kerning': True, 'bold': False, 'italic': False, 'halign': 'center', 'valign': 'middle', 'rotation': 0, 'scale': 1.0, 'casing': None, 'outline_color': [1.0, 1.0, 1.0, 1.0], 'outline_width': 0, 'animations': None}, {'type': 'text', 'text': 'PLAYER (number)', 'y': '10', 'x': '10', 'font_size': 50, 'font_name': 'MetalMania-Regular.ttf', 'anchor_x': 'left', 'anchor_y': 'bottom', '_default_settings': ['type', 'text', 'y', 'x', 'font_size', 'font_name', 'anchor_x', 'anchor_y'], 'round_anchor_x': None, 'round_anchor_y': None, 'opacity': 1.0, 'z': 0, 'reset_animations_events': {}, 'color': [1.0, 1.0, 1.0, 1.0], 'style': [], 'adjust_top': 0, 'adjust_bottom': 0, 'adjust_left': 0, 'adjust_right': 0, 'expire': None, 'key': None, 'widget': None, 'events_when_added': [], 'events_when_removed': [], 'bitmap_font': False, 'font_kerning': True, 'bold': False, 'italic': False, 'number_grouping': False, 'min_digits': 0, 'halign': 'center', 'valign': 'middle', 'rotation': 0, 'scale': 1.0, 'casing': None, 'outline_color': [1.0, 1.0, 1.0, 1.0], 'outline_width': 0, 'animations': None}, {'type': 'text', 'text': 'BALL (ball)', 'y': '10', 'x': 'right-10', 'anchor_x': 'right', 'anchor_y': 'bottom', 'font_size': 50, 'font_name': 'MetalMania-Regular.ttf', '_default_settings': ['type', 'text', 'y', 'x', 'anchor_x', 'anchor_y', 'font_size', 'font_name'], 'round_anchor_x': None, 'round_anchor_y': None, 'opacity': 1.0, 'z': 0, 'reset_animations_events': {}, 'color': [1.0, 1.0, 1.0, 1.0], 'style': [], 'adjust_top': 0, 'adjust_bottom': 0, 'adjust_left': 0, 'adjust_right': 0, 'expire': None, 'key': None, 'widget': None, 'events_when_added': [], 'events_when_removed': [], 'bitmap_font': False, 'font_kerning': True, 'bold': False, 'italic': False, 'number_grouping': False, 'min_digits': 0, 'halign': 'center', 'valign': 'middle', 'rotation': 0, 'scale': 1.0, 'casing': None, 'outline_color': [1.0, 1.0, 1.0, 1.0], 'outline_width': 0, 'animations': None}, {'type': 'image', 'image': 'gy_v3', 'x': 'center', 'y': 'middle', '_default_settings': ['type', 'image', 'x', 'y'], 'anchor_x': 'center', 'anchor_y': 'center', 'round_anchor_x': None, 'round_anchor_y': None, 'opacity': 1.0, 'z': 0, 'reset_animations_events': {}, 'color': [1.0, 1.0, 1.0, 1.0], 'style': [], 'adjust_top': 0, 'adjust_bottom': 0, 'adjust_left': 0, 'adjust_right': 0, 'expire': None, 'key': None, 'widget': None, 'events_when_added': [], 'events_when_removed': [], 'fps': 10, 'loops': -1, 'auto_play': True, 'start_frame': 0, 'rotation': 0, 'scale': 1.0, 'animations': None}], 'target': None, 'background_color': [0.0, 0.0, 0.0, 1.0], 'priority': None, 'show': True, 'force': False, 'expire': None, 'slide': None, 'tokens': {}, 'action': 'play'}}, 'context': 'base', 'calling_context': 'mode_base_started', 'priority': 100, 'queue': '<QueuedEvent>', 'player': 1, 'ball': 1, 'balls_remaining': 2, 'is_extra_ball': False}
2025-07-06 16:24:01,098 : EventManager : Event: ======'sounds_play'====== Args={'settings': {'music_startuplong': {'action': 'stop', 'fade_out': 0.0, 'priority': None, 'block': False, 'delay': None, 'track': None, 'volume': None, 'ducking': {}, 'pan': None, 'loops': None, 'start_at': None, 'fade_in': None, 'about_to_finish_time': -1.0, 'max_queue_time': -1.0, 'events_when_played': ['use_sound_setting'], 'events_when_stopped': ['use_sound_setting'], 'events_when_looping': ['use_sound_setting'], 'events_when_about_to_finish': ['use_sound_setting'], 'mode_end_action': 'use_sound_setting', 'key': 'use_sound_setting'}, 'music_prelaunch': {'action': 'play', 'priority': None, 'block': False, 'delay': None, 'track': None, 'volume': None, 'ducking': {}, 'pan': None, 'loops': None, 'start_at': None, 'fade_in': None, 'fade_out': None, 'about_to_finish_time': -1.0, 'max_queue_time': -1.0, 'events_when_played': ['use_sound_setting'], 'events_when_stopped': ['use_sound_setting'], 'events_when_looping': ['use_sound_setting'], 'events_when_about_to_finish': ['use_sound_setting'], 'mode_end_action': 'use_sound_setting', 'key': 'use_sound_setting'}}, 'context': 'base', 'calling_context': 'mode_base_started', 'priority': 100, 'queue': '<QueuedEvent>', 'player': 1, 'ball': 1, 'balls_remaining': 2, 'is_extra_ball': False}
2025-07-06 16:24:01,104 : EventManager : Event: ======'slide_base.slide_player-mode_base_started_created'====== Args={}
2025-07-06 16:24:01,106 : EventManager : Event: ======'slide_base.slide_player-mode_base_started_active'====== Args={}
2025-07-06 16:24:01,118 : EventManager : Event: ======'loading_assets'====== Args={'total': 2, 'loaded': 1, 'remaining': 1, 'percent': 50}
2025-07-06 16:24:01,118 : AssetManager : Loading assets: 1/2 (50%)
2025-07-06 16:24:01,118 : EventManager : Event: ======'loading_assets'====== Args={'total': 2, 'loaded': 2, 'remaining': 0, 'percent': 100}
2025-07-06 16:24:01,118 : AssetManager : Asset loading took: 5.766620874404907
2025-07-06 16:24:01,118 : EventManager : Event: ======'asset_loading_complete'====== Args={}
2025-07-06 16:24:01,118 : AssetManager : Loading assets: 2/2 (100%)
2025-07-06 16:24:04,491 : EventManager : Event: ======'machine_var_audits_switches_s_target_g'====== Args={'value': 33, 'prev_value': 32, 'change': 1}
2025-07-06 16:24:04,491 : EventManager : Event: ======'sounds_play'====== Args={'settings': {'dragon_roost': {'action': 'play', 'priority': None, 'block': False, 'delay': None, 'track': None, 'volume': None, 'ducking': {}, 'pan': None, 'loops': None, 'start_at': None, 'fade_in': None, 'fade_out': None, 'about_to_finish_time': -1.0, 'max_queue_time': -1.0, 'events_when_played': ['use_sound_setting'], 'events_when_stopped': ['use_sound_setting'], 'events_when_looping': ['use_sound_setting'], 'events_when_about_to_finish': ['use_sound_setting'], 'mode_end_action': 'use_sound_setting', 'key': 'use_sound_setting'}, 'music_prelaunch': {'action': 'stop', 'fade_out': 1.0, 'priority': None, 'block': False, 'delay': None, 'track': None, 'volume': None, 'ducking': {}, 'pan': None, 'loops': None, 'start_at': None, 'fade_in': None, 'about_to_finish_time': -1.0, 'max_queue_time': -1.0, 'events_when_played': ['use_sound_setting'], 'events_when_stopped': ['use_sound_setting'], 'events_when_looping': ['use_sound_setting'], 'events_when_about_to_finish': ['use_sound_setting'], 'mode_end_action': 'use_sound_setting', 'key': 'use_sound_setting'}}, 'context': 'base', 'calling_context': 'playfield_active', 'priority': 100, 'source': 'shot_target_g'}
2025-07-06 16:24:04,576 : EventManager : Event: ======'player_shot_shot_target_g'====== Args={'value': 1, 'prev_value': 0, 'change': 1, 'player_num': 1}
2025-07-06 16:24:04,576 : EventManager : Event: ======'machine_var_audits_shots_shot_target_g'====== Args={'value': 29, 'prev_value': 28, 'change': 1}
2025-07-06 16:24:04,576 : EventManager : Event: ======'player_score'====== Args={'value': 100, 'prev_value': 0, 'change': 100, 'player_num': 1}
2025-07-06 16:24:04,576 : EventManager : Event: ======'player_score'====== Args={'value': 1100, 'prev_value': 100, 'change': 1000, 'player_num': 1}
2025-07-06 16:24:04,576 : EventManager : Event: ======'sounds_play'====== Args={'settings': {'dragon_roost': {'action': 'play', 'priority': None, 'block': False, 'delay': None, 'track': None, 'volume': None, 'ducking': {}, 'pan': None, 'loops': None, 'start_at': None, 'fade_in': None, 'fade_out': None, 'about_to_finish_time': -1.0, 'max_queue_time': -1.0, 'events_when_played': ['use_sound_setting'], 'events_when_stopped': ['use_sound_setting'], 'events_when_looping': ['use_sound_setting'], 'events_when_about_to_finish': ['use_sound_setting'], 'mode_end_action': 'use_sound_setting', 'key': 'use_sound_setting'}, 'music_prelaunch': {'action': 'stop', 'fade_out': 1.0, 'priority': None, 'block': False, 'delay': None, 'track': None, 'volume': None, 'ducking': {}, 'pan': None, 'loops': None, 'start_at': None, 'fade_in': None, 'about_to_finish_time': -1.0, 'max_queue_time': -1.0, 'events_when_played': ['use_sound_setting'], 'events_when_stopped': ['use_sound_setting'], 'events_when_looping': ['use_sound_setting'], 'events_when_about_to_finish': ['use_sound_setting'], 'mode_end_action': 'use_sound_setting', 'key': 'use_sound_setting'}}, 'context': 'base', 'calling_context': 'playfield_active', 'priority': 100, 'source': None}
2025-07-06 16:24:04,577 : EventManager : Event: ======'loading_assets'====== Args={'total': 1, 'loaded': 1, 'remaining': 0, 'percent': 100}
2025-07-06 16:24:04,577 : AssetManager : Asset loading took: 9.225100040435791
2025-07-06 16:24:04,577 : EventManager : Event: ======'asset_loading_complete'====== Args={}
2025-07-06 16:24:04,577 : AssetManager : Loading assets: 1/1 (100%)
2025-07-06 16:24:05,245 : EventManager : Event: ======'machine_var_audits_switches_s_target_r'====== Args={'value': 33, 'prev_value': 32, 'change': 1}
2025-07-06 16:24:05,245 : EventManager : Event: ======'player_shot_shot_target_r'====== Args={'value': 1, 'prev_value': 0, 'change': 1, 'player_num': 1}
2025-07-06 16:24:05,245 : EventManager : Event: ======'machine_var_audits_shots_shot_target_r'====== Args={'value': 33, 'prev_value': 32, 'change': 1}
2025-07-06 16:24:05,245 : EventManager : Event: ======'player_score'====== Args={'value': 1200, 'prev_value': 1100, 'change': 100, 'player_num': 1}
2025-07-06 16:24:05,245 : EventManager : Event: ======'player_score'====== Args={'value': 2200, 'prev_value': 1200, 'change': 1000, 'player_num': 1}
2025-07-06 16:24:06,206 : EventManager : Event: ======'machine_var_audits_switches_s_right_scoop'====== Args={'value': 110, 'prev_value': 109, 'change': 1}
2025-07-06 16:24:06,206 : EventManager : Event: ======'player_shot_shot_right_scoop'====== Args={'value': 1, 'prev_value': 0, 'change': 1, 'player_num': 1}
2025-07-06 16:24:06,206 : EventManager : Event: ======'machine_var_audits_shots_shot_right_scoop'====== Args={'value': 110, 'prev_value': 109, 'change': 1}
2025-07-06 16:24:06,219 : EventManager : Event: ======'player_score'====== Args={'value': 2300, 'prev_value': 2200, 'change': 100, 'player_num': 1}
2025-07-06 16:24:06,706 : EventManager : Event: ======'machine_var_audits_switches_s_right_scoop'====== Args={'value': 111, 'prev_value': 110, 'change': 1}
2025-07-06 16:24:06,707 : EventManager : Event: ======'machine_var_audits_shots_shot_right_scoop'====== Args={'value': 111, 'prev_value': 110, 'change': 1}
2025-07-06 16:24:06,707 : EventManager : Event: ======'player_score'====== Args={'value': 22300, 'prev_value': 2300, 'change': 20000, 'player_num': 1}
2025-07-06 16:24:07,207 : EventManager : Event: ======'machine_var_audits_switches_s_right_scoop'====== Args={'value': 112, 'prev_value': 111, 'change': 1}
2025-07-06 16:24:07,207 : EventManager : Event: ======'machine_var_audits_shots_shot_right_scoop'====== Args={'value': 112, 'prev_value': 111, 'change': 1}
2025-07-06 16:24:07,207 : EventManager : Event: ======'player_score'====== Args={'value': 42300, 'prev_value': 22300, 'change': 20000, 'player_num': 1}
2025-07-06 16:24:07,552 : EventManager : Event: ======'machine_var_audits_switches_s_right_scoop'====== Args={'value': 113, 'prev_value': 112, 'change': 1}
2025-07-06 16:24:07,552 : EventManager : Event: ======'machine_var_audits_shots_shot_right_scoop'====== Args={'value': 113, 'prev_value': 112, 'change': 1}
2025-07-06 16:24:07,552 : EventManager : Event: ======'player_score'====== Args={'value': 62300, 'prev_value': 42300, 'change': 20000, 'player_num': 1}
2025-07-06 16:24:07,949 : EventManager : Event: ======'machine_var_audits_switches_s_right_scoop'====== Args={'value': 114, 'prev_value': 113, 'change': 1}
2025-07-06 16:24:07,949 : EventManager : Event: ======'machine_var_audits_shots_shot_right_scoop'====== Args={'value': 114, 'prev_value': 113, 'change': 1}
2025-07-06 16:24:07,949 : EventManager : Event: ======'player_score'====== Args={'value': 82300, 'prev_value': 62300, 'change': 20000, 'player_num': 1}
2025-07-06 16:24:08,223 : EventManager : Event: ======'machine_var_audits_switches_s_right_scoop'====== Args={'value': 115, 'prev_value': 114, 'change': 1}
2025-07-06 16:24:08,223 : EventManager : Event: ======'machine_var_audits_shots_shot_right_scoop'====== Args={'value': 115, 'prev_value': 114, 'change': 1}
2025-07-06 16:24:08,223 : EventManager : Event: ======'player_score'====== Args={'value': 102300, 'prev_value': 82300, 'change': 20000, 'player_num': 1}
2025-07-06 16:24:08,405 : EventManager : Event: ======'machine_var_audits_switches_s_right_scoop'====== Args={'value': 116, 'prev_value': 115, 'change': 1}
2025-07-06 16:24:08,405 : EventManager : Event: ======'machine_var_audits_shots_shot_right_scoop'====== Args={'value': 116, 'prev_value': 115, 'change': 1}
2025-07-06 16:24:08,405 : EventManager : Event: ======'player_score'====== Args={'value': 122300, 'prev_value': 102300, 'change': 20000, 'player_num': 1}
2025-07-06 16:24:08,629 : EventManager : Event: ======'machine_var_audits_switches_s_right_scoop'====== Args={'value': 117, 'prev_value': 116, 'change': 1}
2025-07-06 16:24:08,629 : EventManager : Event: ======'machine_var_audits_shots_shot_right_scoop'====== Args={'value': 117, 'prev_value': 116, 'change': 1}
2025-07-06 16:24:08,629 : EventManager : Event: ======'player_score'====== Args={'value': 142300, 'prev_value': 122300, 'change': 20000, 'player_num': 1}
2025-07-06 16:24:09,011 : EventManager : Event: ======'machine_var_audits_switches_s_right_scoop'====== Args={'value': 118, 'prev_value': 117, 'change': 1}
2025-07-06 16:24:09,011 : EventManager : Event: ======'machine_var_audits_shots_shot_right_scoop'====== Args={'value': 118, 'prev_value': 117, 'change': 1}
2025-07-06 16:24:09,011 : EventManager : Event: ======'player_score'====== Args={'value': 162300, 'prev_value': 142300, 'change': 20000, 'player_num': 1}
2025-07-06 16:24:09,222 : EventManager : Event: ======'machine_var_audits_switches_s_right_scoop'====== Args={'value': 119, 'prev_value': 118, 'change': 1}
2025-07-06 16:24:09,222 : EventManager : Event: ======'machine_var_audits_shots_shot_right_scoop'====== Args={'value': 119, 'prev_value': 118, 'change': 1}
2025-07-06 16:24:09,222 : EventManager : Event: ======'player_score'====== Args={'value': 182300, 'prev_value': 162300, 'change': 20000, 'player_num': 1}
2025-07-06 16:24:09,458 : EventManager : Event: ======'machine_var_audits_switches_s_right_scoop'====== Args={'value': 120, 'prev_value': 119, 'change': 1}
2025-07-06 16:24:09,459 : EventManager : Event: ======'machine_var_audits_shots_shot_right_scoop'====== Args={'value': 120, 'prev_value': 119, 'change': 1}
2025-07-06 16:24:09,459 : EventManager : Event: ======'player_score'====== Args={'value': 202300, 'prev_value': 182300, 'change': 20000, 'player_num': 1}
2025-07-06 16:24:09,696 : EventManager : Event: ======'machine_var_audits_switches_s_right_scoop'====== Args={'value': 121, 'prev_value': 120, 'change': 1}
2025-07-06 16:24:09,696 : EventManager : Event: ======'machine_var_audits_shots_shot_right_scoop'====== Args={'value': 121, 'prev_value': 120, 'change': 1}
2025-07-06 16:24:09,696 : EventManager : Event: ======'player_score'====== Args={'value': 222300, 'prev_value': 202300, 'change': 20000, 'player_num': 1}
2025-07-06 16:24:10,090 : EventManager : Event: ======'machine_var_audits_switches_s_right_scoop'====== Args={'value': 122, 'prev_value': 121, 'change': 1}
2025-07-06 16:24:10,090 : EventManager : Event: ======'machine_var_audits_shots_shot_right_scoop'====== Args={'value': 122, 'prev_value': 121, 'change': 1}
2025-07-06 16:24:10,090 : EventManager : Event: ======'player_score'====== Args={'value': 242300, 'prev_value': 222300, 'change': 20000, 'player_num': 1}
2025-07-06 16:24:10,247 : EventManager : Event: ======'machine_var_audits_switches_s_right_scoop'====== Args={'value': 123, 'prev_value': 122, 'change': 1}
2025-07-06 16:24:10,247 : EventManager : Event: ======'machine_var_audits_shots_shot_right_scoop'====== Args={'value': 123, 'prev_value': 122, 'change': 1}
2025-07-06 16:24:10,247 : EventManager : Event: ======'player_score'====== Args={'value': 262300, 'prev_value': 242300, 'change': 20000, 'player_num': 1}
2025-07-06 16:24:10,577 : EventManager : Event: ======'machine_var_audits_switches_s_right_scoop'====== Args={'value': 124, 'prev_value': 123, 'change': 1}
2025-07-06 16:24:10,577 : EventManager : Event: ======'machine_var_audits_shots_shot_right_scoop'====== Args={'value': 124, 'prev_value': 123, 'change': 1}
2025-07-06 16:24:10,577 : EventManager : Event: ======'player_score'====== Args={'value': 282300, 'prev_value': 262300, 'change': 20000, 'player_num': 1}
2025-07-06 16:24:10,943 : EventManager : Event: ======'machine_var_audits_switches_s_right_scoop'====== Args={'value': 125, 'prev_value': 124, 'change': 1}
2025-07-06 16:24:10,943 : EventManager : Event: ======'machine_var_audits_shots_shot_right_scoop'====== Args={'value': 125, 'prev_value': 124, 'change': 1}
2025-07-06 16:24:10,943 : EventManager : Event: ======'player_score'====== Args={'value': 302300, 'prev_value': 282300, 'change': 20000, 'player_num': 1}
2025-07-06 16:24:11,114 : EventManager : Event: ======'machine_var_audits_switches_s_right_scoop'====== Args={'value': 126, 'prev_value': 125, 'change': 1}
2025-07-06 16:24:11,114 : EventManager : Event: ======'machine_var_audits_shots_shot_right_scoop'====== Args={'value': 126, 'prev_value': 125, 'change': 1}
2025-07-06 16:24:11,114 : EventManager : Event: ======'player_score'====== Args={'value': 322300, 'prev_value': 302300, 'change': 20000, 'player_num': 1}
2025-07-06 16:24:18,322 : kivy : Base: Leaving application in progress...
