2025-06-29 08:29:06,741 : kivy : deps: Successfully imported "kivy_deps.gstreamer" 0.3.3
2025-06-29 08:29:06,741 : kivy : deps: Successfully imported "kivy_deps.angle" 0.3.3
2025-06-29 08:29:06,741 : kivy : deps: Successfully imported "kivy_deps.glew" 0.3.1
2025-06-29 08:29:06,741 : kivy : deps: Successfully imported "kivy_deps.sdl2" 0.6.0
2025-06-29 08:29:06,741 : kivy : Kivy: v2.2.1
2025-06-29 08:29:06,741 : kivy : Kivy: Installed at "C:\Users\ruben\AppData\Local\Programs\Python\Python39\lib\site-packages\kivy\__init__.py"
2025-06-29 08:29:06,741 : kivy : Python: v3.9.13 (tags/v3.9.13:6de2ca5, May 17 2022, 16:36:42) [MSC v.1929 64 bit (AMD64)]
2025-06-29 08:29:06,741 : kivy : Python: Interpreter at "C:\Users\ruben\AppData\Local\Programs\Python\Python39\python.exe"
2025-06-29 08:29:06,756 : kivy : Factory: 190 symbols loaded
2025-06-29 08:29:07,012 : kivy : ImageLoaderFFPy: Using ffpyplayer 4.5.1
2025-06-29 08:29:07,012 : kivy : Image: Providers: img_tex, img_dds, img_sdl2, img_pil, img_ffpyplayer 
2025-06-29 08:29:07,270 : kivy : VideoGstplayer: Using Gstreamer 1.18.5.0
2025-06-29 08:29:07,271 : kivy : Video: Provider: gstplayer
2025-06-29 08:29:07,317 : root : Loading MPF-MC controller
2025-06-29 08:29:07,339 : YamlMultifileConfigLoader : Machine config file #1: config
2025-06-29 08:29:07,340 : ConfigProcessor : Config file in cache changed: C:\pinball\my_machine\config\config
2025-06-29 08:29:07,340 : ConfigProcessor : Loading config from file C:\Users\ruben\AppData\Local\Programs\Python\Python39\lib\site-packages\mpfmc\mcconfig.yaml.
2025-06-29 08:29:07,362 : ConfigProcessor : Loading config: C:\Users\ruben\AppData\Local\Programs\Python\Python39\lib\site-packages\mpfmc\mcconfig.yaml
2025-06-29 08:29:07,363 : ConfigProcessor : Loading config from file C:\pinball\my_machine\config\config.
2025-06-29 08:29:07,365 : ConfigProcessor : Loading config: C:\pinball\my_machine\config\config
2025-06-29 08:29:07,367 : ConfigProcessor : Loading config: C:\pinball\my_machine\config\hardware.yaml
2025-06-29 08:29:07,369 : ConfigProcessor : Loading config: C:\pinball\my_machine\config\switches.yaml
2025-06-29 08:29:07,372 : ConfigProcessor : Loading config: C:\pinball\my_machine\config\coils.yaml
