2025-06-16 06:15:08,862 : INFO : root : Loading config.
2025-06-16 06:15:08,870 : INFO : YamlMultifileConfigLoader : Machine config file #1: config.yaml
2025-06-16 06:15:08,871 : INFO : ConfigProcessor : Loading config from cache: C:\Users\ruben\AppData\Local\Temp\a17888e5e1df298d67e07ada0b1bff4a.mpf_cache
2025-06-16 06:15:09,049 : INFO : ConfigProcessor : Loading config from cache: C:\Users\ruben\AppData\Local\Temp\67cf8ffee0fce2d4fcb5ef0bb894d8de.mpf_cache
2025-06-16 06:15:09,049 : INFO : ConfigProcessor : Loading config from cache: C:\Users\ruben\AppData\Local\Temp\25321780674732dcacb77a8f5b2a53cd.mpf_cache
2025-06-16 06:15:09,049 : INFO : ConfigProcessor : Loading config from cache: C:\Users\ruben\AppData\Local\Temp\195f66f1d07408d279921a878741edf5.mpf_cache
2025-06-16 06:15:09,049 : INFO : Machine : Mission Pinball Framework Core Engine v0.56.0
2025-06-16 06:15:09,049 : INFO : Machine : Command line arguments: {'no_load_cache': False, 'create_config_cache': True, 'bcp': True, 'configfile': ['config.yaml'], 'force_assets_load': False, 'jsonlogging': False, 'logfile': 'logs\\2025-06-16-06-15-08-mpf-DESKTOP-11MEIVG.log', 'pause': False, 'production': False, 'text_ui': True, 'loglevel': 15, 'consoleloglevel': 20, 'force_platform': None, 'syslog_address': None, 'mc_file_name': None, 'no_sound': False}
2025-06-16 06:15:09,064 : INFO : Machine : MPF path: C:\Users\ruben\.local\pipx\venvs\mpf\lib\site-packages\mpf
2025-06-16 06:15:09,064 : INFO : Machine : Machine path: C:\pinball\my_machine
2025-06-16 06:15:09,064 : INFO : Machine : Platform: win32
2025-06-16 06:15:09,064 : INFO : Machine : Python executable location: C:\Users\ruben\.local\pipx\venvs\mpf\Scripts\python.exe
2025-06-16 06:15:09,064 : INFO : Machine : Python version: 3.9.13 (64-bit)
2025-06-16 06:15:09,064 : INFO : Machine : Initialise MPF.
2025-06-16 06:15:09,466 : INFO : OPP : Connecting to com3 at 115200bps
2025-06-16 06:15:09,603 : INFO : OPP : Init of OPP board 1 done
2025-06-16 06:15:09,603 : INFO : OPP : Connecting to com4 at 115200bps
2025-06-16 06:15:09,664 : INFO : OPP : Init of OPP board 0 done
2025-06-16 06:15:09,665 : INFO : EventManager : Event: ======'machine_var_credits_string'====== Args={'value': 'FREE PLAY', 'prev_value': None, 'change': True}
2025-06-16 06:15:09,765 : INFO : EventManager : Event: ======'machine_var_master_volume'====== Args={'value': 0.5, 'prev_value': None, 'change': True}
2025-06-16 06:15:09,765 : INFO : EventManager : Event: ======'machine_var_player1_score'====== Args={'value': 0, 'prev_value': None, 'change': True}
2025-06-16 06:15:09,765 : INFO : EventManager : Event: ======'machine_var_mpf_version'====== Args={'value': 'MPF v0.56.0', 'prev_value': None, 'change': True}
2025-06-16 06:15:09,765 : INFO : EventManager : Event: ======'machine_var_mpf_extended_version'====== Args={'value': 'MPF v0.56.0, Config version:5, Show version: 5, BCP version:1.1', 'prev_value': None, 'change': True}
2025-06-16 06:15:09,765 : INFO : EventManager : Event: ======'machine_var_python_version'====== Args={'value': '3.9.13', 'prev_value': None, 'change': True}
2025-06-16 06:15:09,781 : INFO : EventManager : Event: ======'machine_var_platform'====== Args={'value': 'Windows-10-10.0.19045-SP0', 'prev_value': None, 'change': True}
2025-06-16 06:15:09,781 : INFO : EventManager : Event: ======'machine_var_platform_system'====== Args={'value': 'Windows', 'prev_value': None, 'change': True}
2025-06-16 06:15:09,781 : INFO : EventManager : Event: ======'machine_var_platform_release'====== Args={'value': '10', 'prev_value': None, 'change': True}
2025-06-16 06:15:09,781 : INFO : EventManager : Event: ======'machine_var_platform_version'====== Args={'value': '10.0.19045', 'prev_value': None, 'change': True}
2025-06-16 06:15:09,781 : INFO : EventManager : Event: ======'machine_var_platform_machine'====== Args={'value': 'AMD64', 'prev_value': None, 'change': True}
2025-06-16 06:15:09,781 : INFO : EventManager : Event: ======'init_phase_1'====== Args={}
2025-06-16 06:15:09,814 : INFO : EventManager : Event: ======'init_phase_2'====== Args={}
2025-06-16 06:15:09,831 : INFO : EventManager : Event: ======'bcp_connection_attempt'====== Args={'name': 'local_display', 'host': 'localhost', 'port': 5050}
2025-06-16 06:15:09,831 : INFO : BCPClientSocket : Connecting BCP to 'local_display' at localhost:5050...
2025-06-16 06:15:13,436 : INFO : BCPClientSocket : Connected BCP to 'local_display' localhost:5050
2025-06-16 06:15:13,440 : INFO : EventManager : Event: ======'bcp_clients_connected'====== Args={}
2025-06-16 06:15:13,443 : INFO : EventManager : Event: ======'machine_var_mc_version'====== Args={'value': 'MPF-MC v0.56.1', 'prev_value': None, 'change': True}
2025-06-16 06:15:13,447 : INFO : EventManager : Event: ======'machine_var_mc_extended_version'====== Args={'value': 'MPF-MC v0.56.1 (config_version=5, BCP v1.1,                      Requires MPF API compatibility v0.56.0 or newer)', 'prev_value': None, 'change': True}
2025-06-16 06:15:13,552 : INFO : ball_device.bd_trough : BCH: Initial count: 0
2025-06-16 06:15:13,553 : INFO : ball_device.bd_trough : State: idle
2025-06-16 06:15:13,593 : INFO : EventManager : Event: ======'init_phase_3'====== Args={}
2025-06-16 06:15:13,599 : INFO : EventManager : Event: ======'init_phase_4'====== Args={}
2025-06-16 06:15:13,600 : INFO : BallController : Initial balls found: 0
2025-06-16 06:15:13,601 : INFO : EventManager : Event: ======'machine_var_audits_events_game_ended'====== Args={'value': 50, 'prev_value': None, 'change': True}
2025-06-16 06:15:13,602 : INFO : EventManager : Event: ======'machine_var_audits_events_game_started'====== Args={'value': 98, 'prev_value': None, 'change': True}
2025-06-16 06:15:13,602 : INFO : EventManager : Event: ======'machine_var_audits_missing_switches_s_left_flipper'====== Args={'value': 8, 'prev_value': None, 'change': True}
2025-06-16 06:15:13,603 : INFO : EventManager : Event: ======'machine_var_audits_missing_switches_s_left_inlane1'====== Args={'value': 8, 'prev_value': None, 'change': True}
2025-06-16 06:15:13,604 : INFO : EventManager : Event: ======'machine_var_audits_missing_switches_s_left_inlane2'====== Args={'value': 8, 'prev_value': None, 'change': True}
2025-06-16 06:15:13,604 : INFO : EventManager : Event: ======'machine_var_audits_missing_switches_s_left_outlane'====== Args={'value': 9, 'prev_value': None, 'change': True}
2025-06-16 06:15:13,605 : INFO : EventManager : Event: ======'machine_var_audits_missing_switches_s_left_slingshot'====== Args={'value': 9, 'prev_value': None, 'change': True}
2025-06-16 06:15:13,605 : INFO : EventManager : Event: ======'machine_var_audits_missing_switches_s_pop1'====== Args={'value': 9, 'prev_value': None, 'change': True}
2025-06-16 06:15:13,606 : INFO : EventManager : Event: ======'machine_var_audits_missing_switches_s_pop2'====== Args={'value': 9, 'prev_value': None, 'change': True}
2025-06-16 06:15:13,606 : INFO : EventManager : Event: ======'machine_var_audits_missing_switches_s_pop3'====== Args={'value': 9, 'prev_value': None, 'change': True}
2025-06-16 06:15:13,606 : INFO : EventManager : Event: ======'machine_var_audits_missing_switches_s_pop4'====== Args={'value': 8, 'prev_value': None, 'change': True}
2025-06-16 06:15:13,607 : INFO : EventManager : Event: ======'machine_var_audits_missing_switches_s_pop5'====== Args={'value': 8, 'prev_value': None, 'change': True}
2025-06-16 06:15:13,607 : INFO : EventManager : Event: ======'machine_var_audits_missing_switches_s_right_inlane'====== Args={'value': 9, 'prev_value': None, 'change': True}
2025-06-16 06:15:13,607 : INFO : EventManager : Event: ======'machine_var_audits_missing_switches_s_right_outlane'====== Args={'value': 9, 'prev_value': None, 'change': True}
2025-06-16 06:15:13,608 : INFO : EventManager : Event: ======'machine_var_audits_missing_switches_s_right_slingshot'====== Args={'value': 9, 'prev_value': None, 'change': True}
2025-06-16 06:15:13,608 : INFO : EventManager : Event: ======'machine_var_audits_missing_switches_s_scoop_center'====== Args={'value': 8, 'prev_value': None, 'change': True}
2025-06-16 06:15:13,608 : INFO : EventManager : Event: ======'machine_var_audits_missing_switches_s_scoop_right'====== Args={'value': 9, 'prev_value': None, 'change': True}
2025-06-16 06:15:13,608 : INFO : EventManager : Event: ======'machine_var_audits_missing_switches_s_startButton'====== Args={'value': 9, 'prev_value': None, 'change': True}
2025-06-16 06:15:13,609 : INFO : EventManager : Event: ======'machine_var_audits_missing_switches_s_trough1'====== Args={'value': 9, 'prev_value': None, 'change': True}
2025-06-16 06:15:13,610 : INFO : EventManager : Event: ======'machine_var_audits_missing_switches_s_trough2'====== Args={'value': 9, 'prev_value': None, 'change': True}
2025-06-16 06:15:13,610 : INFO : EventManager : Event: ======'machine_var_audits_missing_switches_s_trough3'====== Args={'value': 9, 'prev_value': None, 'change': True}
2025-06-16 06:15:13,611 : INFO : EventManager : Event: ======'machine_var_audits_missing_switches_s_trough4'====== Args={'value': 9, 'prev_value': None, 'change': True}
2025-06-16 06:15:13,611 : INFO : EventManager : Event: ======'machine_var_audits_missing_switches_s_trough5'====== Args={'value': 8, 'prev_value': None, 'change': True}
2025-06-16 06:15:13,611 : INFO : EventManager : Event: ======'machine_var_audits_player_score'====== Args={'value': {'average': 0.0, 'top': [0, 0, 0, 0, 0, 0, 0, 0, 0, 0], 'total': 50}, 'prev_value': None, 'change': True}
2025-06-16 06:15:13,612 : INFO : EventManager : Event: ======'machine_var_audits_switches_s_drop_bank1'====== Args={'value': 140, 'prev_value': None, 'change': True}
2025-06-16 06:15:13,612 : INFO : EventManager : Event: ======'machine_var_audits_switches_s_left_flipper'====== Args={'value': 2280, 'prev_value': None, 'change': True}
2025-06-16 06:15:13,612 : INFO : EventManager : Event: ======'machine_var_audits_switches_s_left_inlane1'====== Args={'value': 1, 'prev_value': None, 'change': True}
2025-06-16 06:15:13,613 : INFO : EventManager : Event: ======'machine_var_audits_switches_s_left_inlane2'====== Args={'value': 1, 'prev_value': None, 'change': True}
2025-06-16 06:15:13,613 : INFO : EventManager : Event: ======'machine_var_audits_switches_s_left_outlane'====== Args={'value': 0, 'prev_value': None, 'change': True}
2025-06-16 06:15:13,613 : INFO : EventManager : Event: ======'machine_var_audits_switches_s_left_slingshot'====== Args={'value': 290, 'prev_value': None, 'change': True}
2025-06-16 06:15:13,614 : INFO : EventManager : Event: ======'machine_var_audits_switches_s_plunger'====== Args={'value': 5, 'prev_value': None, 'change': True}
2025-06-16 06:15:13,614 : INFO : EventManager : Event: ======'machine_var_audits_switches_s_pop1'====== Args={'value': 0, 'prev_value': None, 'change': True}
2025-06-16 06:15:13,614 : INFO : EventManager : Event: ======'machine_var_audits_switches_s_pop2'====== Args={'value': 0, 'prev_value': None, 'change': True}
2025-06-16 06:15:13,615 : INFO : EventManager : Event: ======'machine_var_audits_switches_s_pop3'====== Args={'value': 0, 'prev_value': None, 'change': True}
2025-06-16 06:15:13,615 : INFO : EventManager : Event: ======'machine_var_audits_switches_s_pop4'====== Args={'value': 1, 'prev_value': None, 'change': True}
2025-06-16 06:15:13,615 : INFO : EventManager : Event: ======'machine_var_audits_switches_s_pop5'====== Args={'value': 1, 'prev_value': None, 'change': True}
2025-06-16 06:15:13,616 : INFO : EventManager : Event: ======'machine_var_audits_switches_s_pop_bot'====== Args={'value': 426, 'prev_value': None, 'change': True}
2025-06-16 06:15:13,616 : INFO : EventManager : Event: ======'machine_var_audits_switches_s_pop_mid'====== Args={'value': 351, 'prev_value': None, 'change': True}
2025-06-16 06:15:13,616 : INFO : EventManager : Event: ======'machine_var_audits_switches_s_pop_top'====== Args={'value': 302, 'prev_value': None, 'change': True}
2025-06-16 06:15:13,617 : INFO : EventManager : Event: ======'machine_var_audits_switches_s_right_flipper'====== Args={'value': 2332, 'prev_value': None, 'change': True}
2025-06-16 06:15:13,617 : INFO : EventManager : Event: ======'machine_var_audits_switches_s_right_inlane'====== Args={'value': 57, 'prev_value': None, 'change': True}
2025-06-16 06:15:13,618 : INFO : EventManager : Event: ======'machine_var_audits_switches_s_right_outlane'====== Args={'value': 0, 'prev_value': None, 'change': True}
2025-06-16 06:15:13,618 : INFO : EventManager : Event: ======'machine_var_audits_switches_s_right_slingshot'====== Args={'value': 255, 'prev_value': None, 'change': True}
2025-06-16 06:15:13,618 : INFO : EventManager : Event: ======'machine_var_audits_switches_s_scoop_center'====== Args={'value': 1, 'prev_value': None, 'change': True}
2025-06-16 06:15:13,619 : INFO : EventManager : Event: ======'machine_var_audits_switches_s_scoop_lower'====== Args={'value': 220, 'prev_value': None, 'change': True}
2025-06-16 06:15:13,619 : INFO : EventManager : Event: ======'machine_var_audits_switches_s_scoop_right'====== Args={'value': 0, 'prev_value': None, 'change': True}
2025-06-16 06:15:13,621 : INFO : EventManager : Event: ======'machine_var_audits_switches_s_shooter_lane'====== Args={'value': 8, 'prev_value': None, 'change': True}
2025-06-16 06:15:13,622 : INFO : EventManager : Event: ======'machine_var_audits_switches_s_startButton'====== Args={'value': 34, 'prev_value': None, 'change': True}
2025-06-16 06:15:13,622 : INFO : EventManager : Event: ======'machine_var_audits_switches_s_trough1'====== Args={'value': 303, 'prev_value': None, 'change': True}
2025-06-16 06:15:13,623 : INFO : EventManager : Event: ======'machine_var_audits_switches_s_trough2'====== Args={'value': 1, 'prev_value': None, 'change': True}
2025-06-16 06:15:13,623 : INFO : EventManager : Event: ======'machine_var_audits_switches_s_trough3'====== Args={'value': 1, 'prev_value': None, 'change': True}
2025-06-16 06:15:13,624 : INFO : EventManager : Event: ======'machine_var_audits_switches_s_trough4'====== Args={'value': 1, 'prev_value': None, 'change': True}
2025-06-16 06:15:13,624 : INFO : EventManager : Event: ======'machine_var_audits_switches_s_trough5'====== Args={'value': 1, 'prev_value': None, 'change': True}
2025-06-16 06:15:13,627 : INFO : EventManager : Event: ======'init_phase_5'====== Args={}
2025-06-16 06:15:13,631 : INFO : EventManager : Event: ======'init_done'====== Args={}
2025-06-16 06:15:13,632 : INFO : EventManager : Event: ======'machine_reset_phase_1'====== Args={}
2025-06-16 06:15:14,657 : INFO : EventManager : Event: ======'slide_welcome_slide_removed'====== Args={'_from_bcp': True}
2025-06-16 06:15:14,663 : INFO : EventManager : Event: ======'slide_welcome_slide_created'====== Args={'_from_bcp': True}
2025-06-16 06:15:14,666 : INFO : EventManager : Event: ======'machine_reset_phase_2'====== Args={}
2025-06-16 06:15:14,667 : INFO : EventManager : Event: ======'machine_reset_phase_3'====== Args={}
2025-06-16 06:15:14,667 : INFO : EventManager : Event: ======'slide_welcome_slide_active'====== Args={'_from_bcp': True}
2025-06-16 06:15:14,670 : INFO : EventManager : Event: ======'reset_complete'====== Args={}
2025-06-16 06:15:14,672 : INFO : EventManager : Event: ======'mode_attract_will_start'====== Args={}
2025-06-16 06:15:14,673 : INFO : EventManager : Event: ======'mode_attract_starting'====== Args={}
2025-06-16 06:15:14,673 : INFO : Mode.attract : Started. Priority: 10
2025-06-16 06:15:14,673 : INFO : EventManager : Event: ======'modes_active_modes_changed'====== Args={}
2025-06-16 06:15:14,673 : INFO : EventManager : Event: ======'mode_attract_started'====== Args={}
2025-06-16 06:15:14,674 : INFO : EventManager : Event: ======'collecting_balls_complete'====== Args={}
2025-06-16 06:15:14,707 : INFO : EventManager : Event: ======'slide_attract_started_created'====== Args={'_from_bcp': True}
2025-06-16 06:15:14,708 : INFO : EventManager : Event: ======'slide_attract_started_active'====== Args={'_from_bcp': True}
2025-06-16 06:15:14,709 : INFO : Machine : Starting the main run loop.
2025-06-16 06:15:20,538 : INFO : SwitchController : <<<<<<< 's_pop2' active >>>>>>>
2025-06-16 06:15:20,539 : INFO : EventManager : Event: ======'playfield_active'====== Args={}
2025-06-16 06:15:20,539 : INFO : EventManager : Event: ======'unexpected_ball_on_playfield'====== Args={}
2025-06-16 06:15:20,657 : INFO : SwitchController : <<<<<<< 's_pop2' inactive >>>>>>>
2025-06-16 06:15:20,854 : INFO : SwitchController : <<<<<<< 's_pop2' active >>>>>>>
2025-06-16 06:15:20,854 : INFO : EventManager : Event: ======'playfield_active'====== Args={}
2025-06-16 06:15:20,854 : INFO : EventManager : Event: ======'unexpected_ball_on_playfield'====== Args={}
2025-06-16 06:15:20,966 : INFO : SwitchController : <<<<<<< 's_pop2' inactive >>>>>>>
2025-06-16 06:15:21,207 : INFO : SwitchController : <<<<<<< 's_pop2' active >>>>>>>
2025-06-16 06:15:21,207 : INFO : EventManager : Event: ======'playfield_active'====== Args={}
2025-06-16 06:15:21,207 : INFO : EventManager : Event: ======'unexpected_ball_on_playfield'====== Args={}
2025-06-16 06:15:21,285 : INFO : SwitchController : <<<<<<< 's_pop2' inactive >>>>>>>
2025-06-16 06:15:21,519 : INFO : SwitchController : <<<<<<< 's_pop2' active >>>>>>>
2025-06-16 06:15:21,520 : INFO : EventManager : Event: ======'playfield_active'====== Args={}
2025-06-16 06:15:21,520 : INFO : EventManager : Event: ======'unexpected_ball_on_playfield'====== Args={}
2025-06-16 06:15:21,564 : INFO : SwitchController : <<<<<<< 's_pop2' inactive >>>>>>>
2025-06-16 06:15:22,994 : INFO : SwitchController : <<<<<<< 's_pop3' active >>>>>>>
2025-06-16 06:15:22,994 : INFO : EventManager : Event: ======'playfield_active'====== Args={}
2025-06-16 06:15:22,995 : INFO : EventManager : Event: ======'unexpected_ball_on_playfield'====== Args={}
2025-06-16 06:15:23,112 : INFO : SwitchController : <<<<<<< 's_pop3' inactive >>>>>>>
2025-06-16 06:15:23,237 : INFO : SwitchController : <<<<<<< 's_pop3' active >>>>>>>
2025-06-16 06:15:23,237 : INFO : EventManager : Event: ======'playfield_active'====== Args={}
2025-06-16 06:15:23,237 : INFO : EventManager : Event: ======'unexpected_ball_on_playfield'====== Args={}
2025-06-16 06:15:23,359 : INFO : SwitchController : <<<<<<< 's_pop3' inactive >>>>>>>
2025-06-16 06:15:23,551 : INFO : SwitchController : <<<<<<< 's_pop3' active >>>>>>>
2025-06-16 06:15:23,551 : INFO : EventManager : Event: ======'playfield_active'====== Args={}
2025-06-16 06:15:23,552 : INFO : EventManager : Event: ======'unexpected_ball_on_playfield'====== Args={}
2025-06-16 06:15:23,653 : INFO : SwitchController : <<<<<<< 's_pop3' inactive >>>>>>>
2025-06-16 06:15:23,856 : INFO : SwitchController : <<<<<<< 's_pop3' active >>>>>>>
2025-06-16 06:15:23,856 : INFO : EventManager : Event: ======'playfield_active'====== Args={}
2025-06-16 06:15:23,856 : INFO : EventManager : Event: ======'unexpected_ball_on_playfield'====== Args={}
2025-06-16 06:15:23,949 : INFO : SwitchController : <<<<<<< 's_pop3' inactive >>>>>>>
2025-06-16 06:15:26,887 : INFO : SwitchController : <<<<<<< 's_pop4' active >>>>>>>
2025-06-16 06:15:26,887 : INFO : EventManager : Event: ======'playfield_active'====== Args={}
2025-06-16 06:15:26,887 : INFO : EventManager : Event: ======'unexpected_ball_on_playfield'====== Args={}
2025-06-16 06:15:27,035 : INFO : SwitchController : <<<<<<< 's_pop4' inactive >>>>>>>
2025-06-16 06:15:27,389 : INFO : SwitchController : <<<<<<< 's_pop4' active >>>>>>>
2025-06-16 06:15:27,389 : INFO : EventManager : Event: ======'playfield_active'====== Args={}
2025-06-16 06:15:27,390 : INFO : EventManager : Event: ======'unexpected_ball_on_playfield'====== Args={}
2025-06-16 06:15:27,496 : INFO : SwitchController : <<<<<<< 's_pop4' inactive >>>>>>>
2025-06-16 06:15:27,671 : INFO : SwitchController : <<<<<<< 's_pop4' active >>>>>>>
2025-06-16 06:15:27,671 : INFO : EventManager : Event: ======'playfield_active'====== Args={}
2025-06-16 06:15:27,671 : INFO : EventManager : Event: ======'unexpected_ball_on_playfield'====== Args={}
2025-06-16 06:15:27,826 : INFO : SwitchController : <<<<<<< 's_pop4' inactive >>>>>>>
2025-06-16 06:15:30,349 : INFO : SwitchController : <<<<<<< 's_pop1' active >>>>>>>
2025-06-16 06:15:30,349 : INFO : EventManager : Event: ======'playfield_active'====== Args={}
2025-06-16 06:15:30,350 : INFO : EventManager : Event: ======'unexpected_ball_on_playfield'====== Args={}
2025-06-16 06:15:30,472 : INFO : SwitchController : <<<<<<< 's_pop1' inactive >>>>>>>
2025-06-16 06:15:30,693 : INFO : SwitchController : <<<<<<< 's_pop1' active >>>>>>>
2025-06-16 06:15:30,694 : INFO : EventManager : Event: ======'playfield_active'====== Args={}
2025-06-16 06:15:30,694 : INFO : EventManager : Event: ======'unexpected_ball_on_playfield'====== Args={}
2025-06-16 06:15:30,800 : INFO : SwitchController : <<<<<<< 's_pop1' inactive >>>>>>>
2025-06-16 06:15:31,048 : INFO : SwitchController : <<<<<<< 's_pop1' active >>>>>>>
2025-06-16 06:15:31,048 : INFO : EventManager : Event: ======'playfield_active'====== Args={}
2025-06-16 06:15:31,049 : INFO : EventManager : Event: ======'unexpected_ball_on_playfield'====== Args={}
2025-06-16 06:15:31,144 : INFO : SwitchController : <<<<<<< 's_pop1' inactive >>>>>>>
2025-06-16 06:15:31,532 : INFO : SwitchController : <<<<<<< 's_pop1' active >>>>>>>
2025-06-16 06:15:31,532 : INFO : EventManager : Event: ======'playfield_active'====== Args={}
2025-06-16 06:15:31,532 : INFO : EventManager : Event: ======'unexpected_ball_on_playfield'====== Args={}
2025-06-16 06:15:31,658 : INFO : SwitchController : <<<<<<< 's_pop1' inactive >>>>>>>
2025-06-16 06:15:32,160 : INFO : SwitchController : <<<<<<< 's_pop1' active >>>>>>>
2025-06-16 06:15:32,161 : INFO : EventManager : Event: ======'playfield_active'====== Args={}
2025-06-16 06:15:32,161 : INFO : EventManager : Event: ======'unexpected_ball_on_playfield'====== Args={}
2025-06-16 06:15:32,283 : INFO : SwitchController : <<<<<<< 's_pop1' inactive >>>>>>>
2025-06-16 06:15:32,311 : INFO : SwitchController : <<<<<<< 's_pop1' active >>>>>>>
2025-06-16 06:15:32,311 : INFO : EventManager : Event: ======'playfield_active'====== Args={}
2025-06-16 06:15:32,311 : INFO : EventManager : Event: ======'unexpected_ball_on_playfield'====== Args={}
2025-06-16 06:15:32,329 : INFO : SwitchController : <<<<<<< 's_pop1' inactive >>>>>>>
2025-06-16 06:15:32,984 : INFO : SwitchController : <<<<<<< 's_pop2' active >>>>>>>
2025-06-16 06:15:32,984 : INFO : EventManager : Event: ======'playfield_active'====== Args={}
2025-06-16 06:15:32,985 : INFO : EventManager : Event: ======'unexpected_ball_on_playfield'====== Args={}
2025-06-16 06:15:33,129 : INFO : SwitchController : <<<<<<< 's_pop2' inactive >>>>>>>
2025-06-16 06:15:34,778 : INFO : SwitchController : <<<<<<< 's_pop3' active >>>>>>>
2025-06-16 06:15:34,779 : INFO : EventManager : Event: ======'playfield_active'====== Args={}
2025-06-16 06:15:34,780 : INFO : EventManager : Event: ======'unexpected_ball_on_playfield'====== Args={}
2025-06-16 06:15:34,915 : INFO : SwitchController : <<<<<<< 's_pop3' inactive >>>>>>>
2025-06-16 06:15:35,809 : INFO : SwitchController : <<<<<<< 's_pop4' active >>>>>>>
2025-06-16 06:15:35,809 : INFO : EventManager : Event: ======'playfield_active'====== Args={}
2025-06-16 06:15:35,810 : INFO : EventManager : Event: ======'unexpected_ball_on_playfield'====== Args={}
2025-06-16 06:15:35,931 : INFO : SwitchController : <<<<<<< 's_pop4' inactive >>>>>>>
2025-06-16 06:15:37,043 : INFO : SwitchController : <<<<<<< 's_pop5' active >>>>>>>
2025-06-16 06:15:37,044 : INFO : EventManager : Event: ======'playfield_active'====== Args={}
2025-06-16 06:15:37,044 : INFO : EventManager : Event: ======'unexpected_ball_on_playfield'====== Args={}
2025-06-16 06:15:37,183 : INFO : SwitchController : <<<<<<< 's_pop5' inactive >>>>>>>
2025-06-16 06:15:37,538 : INFO : SwitchController : <<<<<<< 's_pop5' active >>>>>>>
2025-06-16 06:15:37,539 : INFO : EventManager : Event: ======'playfield_active'====== Args={}
2025-06-16 06:15:37,539 : INFO : EventManager : Event: ======'unexpected_ball_on_playfield'====== Args={}
2025-06-16 06:15:37,632 : INFO : SwitchController : <<<<<<< 's_pop5' inactive >>>>>>>
2025-06-16 06:15:37,808 : INFO : SwitchController : <<<<<<< 's_pop5' active >>>>>>>
2025-06-16 06:15:37,809 : INFO : EventManager : Event: ======'playfield_active'====== Args={}
2025-06-16 06:15:37,809 : INFO : EventManager : Event: ======'unexpected_ball_on_playfield'====== Args={}
2025-06-16 06:15:37,913 : INFO : SwitchController : <<<<<<< 's_pop5' inactive >>>>>>>
2025-06-16 06:15:39,110 : INFO : SwitchController : <<<<<<< 's_pop1' active >>>>>>>
2025-06-16 06:15:39,111 : INFO : EventManager : Event: ======'playfield_active'====== Args={}
2025-06-16 06:15:39,111 : INFO : EventManager : Event: ======'unexpected_ball_on_playfield'====== Args={}
2025-06-16 06:15:39,280 : INFO : SwitchController : <<<<<<< 's_pop1' inactive >>>>>>>
2025-06-16 06:15:39,782 : INFO : SwitchController : <<<<<<< 's_pop2' active >>>>>>>
2025-06-16 06:15:39,782 : INFO : EventManager : Event: ======'playfield_active'====== Args={}
2025-06-16 06:15:39,782 : INFO : EventManager : Event: ======'unexpected_ball_on_playfield'====== Args={}
2025-06-16 06:15:39,825 : INFO : SwitchController : <<<<<<< 's_pop2' inactive >>>>>>>
2025-06-16 06:15:39,849 : INFO : SwitchController : <<<<<<< 's_pop2' active >>>>>>>
2025-06-16 06:15:39,849 : INFO : EventManager : Event: ======'playfield_active'====== Args={}
2025-06-16 06:15:39,849 : INFO : EventManager : Event: ======'unexpected_ball_on_playfield'====== Args={}
2025-06-16 06:15:39,971 : INFO : SwitchController : <<<<<<< 's_pop2' inactive >>>>>>>
2025-06-16 06:15:40,671 : INFO : SwitchController : <<<<<<< 's_pop3' active >>>>>>>
2025-06-16 06:15:40,671 : INFO : EventManager : Event: ======'playfield_active'====== Args={}
2025-06-16 06:15:40,672 : INFO : EventManager : Event: ======'unexpected_ball_on_playfield'====== Args={}
2025-06-16 06:15:40,839 : INFO : SwitchController : <<<<<<< 's_pop3' inactive >>>>>>>
2025-06-16 06:15:41,202 : INFO : SwitchController : <<<<<<< 's_pop4' active >>>>>>>
2025-06-16 06:15:41,203 : INFO : EventManager : Event: ======'playfield_active'====== Args={}
2025-06-16 06:15:41,203 : INFO : EventManager : Event: ======'unexpected_ball_on_playfield'====== Args={}
2025-06-16 06:15:41,365 : INFO : SwitchController : <<<<<<< 's_pop4' inactive >>>>>>>
2025-06-16 06:15:41,779 : INFO : SwitchController : <<<<<<< 's_pop5' active >>>>>>>
2025-06-16 06:15:41,780 : INFO : EventManager : Event: ======'playfield_active'====== Args={}
2025-06-16 06:15:41,780 : INFO : EventManager : Event: ======'unexpected_ball_on_playfield'====== Args={}
2025-06-16 06:15:41,931 : INFO : SwitchController : <<<<<<< 's_pop5' inactive >>>>>>>
2025-06-16 06:15:42,696 : INFO : SwitchController : <<<<<<< 's_pop1' active >>>>>>>
2025-06-16 06:15:42,696 : INFO : EventManager : Event: ======'playfield_active'====== Args={}
2025-06-16 06:15:42,696 : INFO : EventManager : Event: ======'unexpected_ball_on_playfield'====== Args={}
2025-06-16 06:15:42,872 : INFO : SwitchController : <<<<<<< 's_pop1' inactive >>>>>>>
2025-06-16 06:15:43,308 : INFO : SwitchController : <<<<<<< 's_pop2' active >>>>>>>
2025-06-16 06:15:43,308 : INFO : EventManager : Event: ======'playfield_active'====== Args={}
2025-06-16 06:15:43,309 : INFO : EventManager : Event: ======'unexpected_ball_on_playfield'====== Args={}
2025-06-16 06:15:43,489 : INFO : SwitchController : <<<<<<< 's_pop2' inactive >>>>>>>
2025-06-16 06:15:44,120 : INFO : SwitchController : <<<<<<< 's_pop3' active >>>>>>>
2025-06-16 06:15:44,121 : INFO : EventManager : Event: ======'playfield_active'====== Args={}
2025-06-16 06:15:44,121 : INFO : EventManager : Event: ======'unexpected_ball_on_playfield'====== Args={}
2025-06-16 06:15:44,329 : INFO : SwitchController : <<<<<<< 's_pop3' inactive >>>>>>>
2025-06-16 06:15:44,751 : INFO : SwitchController : <<<<<<< 's_pop4' active >>>>>>>
2025-06-16 06:15:44,751 : INFO : EventManager : Event: ======'playfield_active'====== Args={}
2025-06-16 06:15:44,752 : INFO : EventManager : Event: ======'unexpected_ball_on_playfield'====== Args={}
2025-06-16 06:15:44,892 : INFO : SwitchController : <<<<<<< 's_pop4' inactive >>>>>>>
2025-06-16 06:15:45,924 : INFO : SwitchController : <<<<<<< 's_pop5' active >>>>>>>
2025-06-16 06:15:45,925 : INFO : EventManager : Event: ======'playfield_active'====== Args={}
2025-06-16 06:15:45,925 : INFO : EventManager : Event: ======'unexpected_ball_on_playfield'====== Args={}
2025-06-16 06:15:46,143 : INFO : SwitchController : <<<<<<< 's_pop5' inactive >>>>>>>
2025-06-16 06:15:46,872 : INFO : SwitchController : <<<<<<< 's_pop1' active >>>>>>>
2025-06-16 06:15:46,872 : INFO : EventManager : Event: ======'playfield_active'====== Args={}
2025-06-16 06:15:46,873 : INFO : EventManager : Event: ======'unexpected_ball_on_playfield'====== Args={}
2025-06-16 06:15:47,088 : INFO : SwitchController : <<<<<<< 's_pop1' inactive >>>>>>>
2025-06-16 06:15:47,106 : INFO : SwitchController : <<<<<<< 's_pop1' active >>>>>>>
2025-06-16 06:15:47,106 : INFO : EventManager : Event: ======'playfield_active'====== Args={}
2025-06-16 06:15:47,107 : INFO : EventManager : Event: ======'unexpected_ball_on_playfield'====== Args={}
2025-06-16 06:15:47,121 : INFO : SwitchController : <<<<<<< 's_pop1' inactive >>>>>>>
2025-06-16 06:15:48,161 : INFO : SwitchController : <<<<<<< 's_pop2' active >>>>>>>
2025-06-16 06:15:48,161 : INFO : EventManager : Event: ======'playfield_active'====== Args={}
2025-06-16 06:15:48,161 : INFO : EventManager : Event: ======'unexpected_ball_on_playfield'====== Args={}
2025-06-16 06:15:48,268 : INFO : SwitchController : <<<<<<< 's_pop2' inactive >>>>>>>
2025-06-16 06:15:48,536 : INFO : SwitchController : <<<<<<< 's_pop3' active >>>>>>>
2025-06-16 06:15:48,537 : INFO : EventManager : Event: ======'playfield_active'====== Args={}
2025-06-16 06:15:48,537 : INFO : EventManager : Event: ======'unexpected_ball_on_playfield'====== Args={}
2025-06-16 06:15:48,760 : INFO : SwitchController : <<<<<<< 's_pop3' inactive >>>>>>>
2025-06-16 06:15:49,367 : INFO : SwitchController : <<<<<<< 's_pop4' active >>>>>>>
2025-06-16 06:15:49,367 : INFO : EventManager : Event: ======'playfield_active'====== Args={}
2025-06-16 06:15:49,367 : INFO : EventManager : Event: ======'unexpected_ball_on_playfield'====== Args={}
2025-06-16 06:15:49,553 : INFO : SwitchController : <<<<<<< 's_pop4' inactive >>>>>>>
2025-06-16 06:15:50,942 : INFO : SwitchController : <<<<<<< 's_pop5' active >>>>>>>
2025-06-16 06:15:50,943 : INFO : EventManager : Event: ======'playfield_active'====== Args={}
2025-06-16 06:15:50,943 : INFO : EventManager : Event: ======'unexpected_ball_on_playfield'====== Args={}
2025-06-16 06:15:51,065 : INFO : SwitchController : <<<<<<< 's_pop5' inactive >>>>>>>
2025-06-16 06:16:03,664 : INFO : SwitchController : <<<<<<< 's_pop5' active >>>>>>>
2025-06-16 06:16:03,664 : INFO : EventManager : Event: ======'playfield_active'====== Args={}
2025-06-16 06:16:03,664 : INFO : EventManager : Event: ======'unexpected_ball_on_playfield'====== Args={}
2025-06-16 06:16:03,803 : INFO : SwitchController : <<<<<<< 's_pop5' inactive >>>>>>>
2025-06-16 06:16:03,994 : INFO : SwitchController : <<<<<<< 's_pop5' active >>>>>>>
2025-06-16 06:16:03,994 : INFO : EventManager : Event: ======'playfield_active'====== Args={}
2025-06-16 06:16:03,994 : INFO : EventManager : Event: ======'unexpected_ball_on_playfield'====== Args={}
2025-06-16 06:16:04,071 : INFO : SwitchController : <<<<<<< 's_pop5' inactive >>>>>>>
2025-06-16 06:16:04,333 : INFO : SwitchController : <<<<<<< 's_pop5' active >>>>>>>
2025-06-16 06:16:04,333 : INFO : EventManager : Event: ======'playfield_active'====== Args={}
2025-06-16 06:16:04,333 : INFO : EventManager : Event: ======'unexpected_ball_on_playfield'====== Args={}
2025-06-16 06:16:04,379 : INFO : SwitchController : <<<<<<< 's_pop5' inactive >>>>>>>
2025-06-16 06:16:04,632 : INFO : SwitchController : <<<<<<< 's_pop5' active >>>>>>>
2025-06-16 06:16:04,632 : INFO : EventManager : Event: ======'playfield_active'====== Args={}
2025-06-16 06:16:04,633 : INFO : EventManager : Event: ======'unexpected_ball_on_playfield'====== Args={}
2025-06-16 06:16:04,694 : INFO : SwitchController : <<<<<<< 's_pop5' inactive >>>>>>>
2025-06-16 06:16:05,198 : INFO : SwitchController : <<<<<<< 's_pop5' active >>>>>>>
2025-06-16 06:16:05,198 : INFO : EventManager : Event: ======'playfield_active'====== Args={}
2025-06-16 06:16:05,199 : INFO : EventManager : Event: ======'unexpected_ball_on_playfield'====== Args={}
2025-06-16 06:16:05,252 : INFO : SwitchController : <<<<<<< 's_pop5' inactive >>>>>>>
2025-06-16 06:16:05,796 : INFO : SwitchController : <<<<<<< 's_pop5' active >>>>>>>
2025-06-16 06:16:05,797 : INFO : EventManager : Event: ======'playfield_active'====== Args={}
2025-06-16 06:16:05,797 : INFO : EventManager : Event: ======'unexpected_ball_on_playfield'====== Args={}
2025-06-16 06:16:05,857 : INFO : SwitchController : <<<<<<< 's_pop5' inactive >>>>>>>
2025-06-16 06:16:06,107 : INFO : SwitchController : <<<<<<< 's_pop5' active >>>>>>>
2025-06-16 06:16:06,107 : INFO : EventManager : Event: ======'playfield_active'====== Args={}
2025-06-16 06:16:06,108 : INFO : EventManager : Event: ======'unexpected_ball_on_playfield'====== Args={}
2025-06-16 06:16:06,168 : INFO : SwitchController : <<<<<<< 's_pop5' inactive >>>>>>>
2025-06-16 06:16:06,415 : INFO : SwitchController : <<<<<<< 's_pop5' active >>>>>>>
2025-06-16 06:16:06,415 : INFO : EventManager : Event: ======'playfield_active'====== Args={}
2025-06-16 06:16:06,416 : INFO : EventManager : Event: ======'unexpected_ball_on_playfield'====== Args={}
2025-06-16 06:16:06,492 : INFO : SwitchController : <<<<<<< 's_pop5' inactive >>>>>>>
2025-06-16 06:16:06,671 : INFO : SwitchController : <<<<<<< 's_pop5' active >>>>>>>
2025-06-16 06:16:06,671 : INFO : EventManager : Event: ======'playfield_active'====== Args={}
2025-06-16 06:16:06,672 : INFO : EventManager : Event: ======'unexpected_ball_on_playfield'====== Args={}
2025-06-16 06:16:06,726 : INFO : SwitchController : <<<<<<< 's_pop5' inactive >>>>>>>
2025-06-16 06:16:06,959 : INFO : SwitchController : <<<<<<< 's_pop5' active >>>>>>>
2025-06-16 06:16:06,959 : INFO : EventManager : Event: ======'playfield_active'====== Args={}
2025-06-16 06:16:06,960 : INFO : EventManager : Event: ======'unexpected_ball_on_playfield'====== Args={}
2025-06-16 06:16:07,038 : INFO : SwitchController : <<<<<<< 's_pop5' inactive >>>>>>>
2025-06-16 06:16:07,228 : INFO : SwitchController : <<<<<<< 's_pop5' active >>>>>>>
2025-06-16 06:16:07,229 : INFO : EventManager : Event: ======'playfield_active'====== Args={}
2025-06-16 06:16:07,230 : INFO : EventManager : Event: ======'unexpected_ball_on_playfield'====== Args={}
2025-06-16 06:16:07,315 : INFO : SwitchController : <<<<<<< 's_pop5' inactive >>>>>>>
2025-06-16 06:16:07,532 : INFO : SwitchController : <<<<<<< 's_pop5' active >>>>>>>
2025-06-16 06:16:07,533 : INFO : EventManager : Event: ======'playfield_active'====== Args={}
2025-06-16 06:16:07,533 : INFO : EventManager : Event: ======'unexpected_ball_on_playfield'====== Args={}
2025-06-16 06:16:07,587 : INFO : SwitchController : <<<<<<< 's_pop5' inactive >>>>>>>
2025-06-16 06:16:07,908 : INFO : SwitchController : <<<<<<< 's_pop5' active >>>>>>>
2025-06-16 06:16:07,909 : INFO : EventManager : Event: ======'playfield_active'====== Args={}
2025-06-16 06:16:07,909 : INFO : EventManager : Event: ======'unexpected_ball_on_playfield'====== Args={}
2025-06-16 06:16:07,949 : INFO : SwitchController : <<<<<<< 's_pop5' inactive >>>>>>>
2025-06-16 06:16:08,109 : INFO : SwitchController : <<<<<<< 's_pop5' active >>>>>>>
2025-06-16 06:16:08,109 : INFO : EventManager : Event: ======'playfield_active'====== Args={}
2025-06-16 06:16:08,109 : INFO : EventManager : Event: ======'unexpected_ball_on_playfield'====== Args={}
2025-06-16 06:16:08,233 : INFO : SwitchController : <<<<<<< 's_pop5' inactive >>>>>>>
2025-06-16 06:16:08,498 : INFO : SwitchController : <<<<<<< 's_pop5' active >>>>>>>
2025-06-16 06:16:08,499 : INFO : EventManager : Event: ======'playfield_active'====== Args={}
2025-06-16 06:16:08,499 : INFO : EventManager : Event: ======'unexpected_ball_on_playfield'====== Args={}
2025-06-16 06:16:08,546 : INFO : SwitchController : <<<<<<< 's_pop5' inactive >>>>>>>
2025-06-16 06:16:08,828 : INFO : SwitchController : <<<<<<< 's_pop5' active >>>>>>>
2025-06-16 06:16:08,829 : INFO : EventManager : Event: ======'playfield_active'====== Args={}
2025-06-16 06:16:08,829 : INFO : EventManager : Event: ======'unexpected_ball_on_playfield'====== Args={}
2025-06-16 06:16:08,891 : INFO : SwitchController : <<<<<<< 's_pop5' inactive >>>>>>>
2025-06-16 06:16:09,173 : INFO : SwitchController : <<<<<<< 's_pop5' active >>>>>>>
2025-06-16 06:16:09,173 : INFO : EventManager : Event: ======'playfield_active'====== Args={}
2025-06-16 06:16:09,173 : INFO : EventManager : Event: ======'unexpected_ball_on_playfield'====== Args={}
2025-06-16 06:16:09,209 : INFO : SwitchController : <<<<<<< 's_pop5' inactive >>>>>>>
2025-06-16 06:38:32,918 : INFO : Machine : Shutting down...
2025-06-16 06:38:32,918 : INFO : EventManager : Event: ======'shutdown'====== Args={}
2025-06-16 06:38:32,923 : ERROR : OPP : Stop called on serial connection com3
2025-06-16 06:38:32,928 : ERROR : OPP : Stop called on serial connection com4
2025-06-16 06:38:32,929 : ERROR : asyncio : Exception in callback Util.raise_exceptions(<Task finishe...ection lost')>) at C:\Users\ruben\.local\pipx\venvs\mpf\lib\site-packages\mpf\core\utility_functions.py:759
handle: <Handle Util.raise_exceptions(<Task finishe...ection lost')>) at C:\Users\ruben\.local\pipx\venvs\mpf\lib\site-packages\mpf\core\utility_functions.py:759>
Traceback (most recent call last):
  File "C:\Users\ruben\AppData\Local\Programs\Python\Python39\lib\asyncio\events.py", line 80, in _run
    self._context.run(self._callback, *self._args)
  File "C:\Users\ruben\.local\pipx\venvs\mpf\lib\site-packages\mpf\core\utility_functions.py", line 767, in raise_exceptions
    future.result()
  File "C:\Users\ruben\.local\pipx\venvs\mpf\lib\site-packages\mpf\platforms\opp\opp.py", line 965, in _poll_sender
    await self.opp_connection[chain_serial].writer.drain()
  File "C:\Users\ruben\AppData\Local\Programs\Python\Python39\lib\asyncio\streams.py", line 387, in drain
    await self._protocol._drain_helper()
  File "C:\Users\ruben\AppData\Local\Programs\Python\Python39\lib\asyncio\streams.py", line 190, in _drain_helper
    raise ConnectionResetError('Connection lost')
ConnectionResetError: Connection lost
2025-06-16 06:38:33,190 : WARNING : OPP : Poll took more than 250.0ms for 0
2025-06-16 06:38:33,190 : ERROR : asyncio : Exception in callback Util.raise_exceptions(<Task finishe...ute 'write'")>) at C:\Users\ruben\.local\pipx\venvs\mpf\lib\site-packages\mpf\core\utility_functions.py:759
handle: <Handle Util.raise_exceptions(<Task finishe...ute 'write'")>) at C:\Users\ruben\.local\pipx\venvs\mpf\lib\site-packages\mpf\core\utility_functions.py:759>
Traceback (most recent call last):
  File "C:\Users\ruben\AppData\Local\Programs\Python\Python39\lib\asyncio\events.py", line 80, in _run
    self._context.run(self._callback, *self._args)
  File "C:\Users\ruben\.local\pipx\venvs\mpf\lib\site-packages\mpf\core\utility_functions.py", line 767, in raise_exceptions
    future.result()
  File "C:\Users\ruben\.local\pipx\venvs\mpf\lib\site-packages\mpf\platforms\opp\opp.py", line 964, in _poll_sender
    self.send_to_processor(chain_serial, self.read_input_msg[chain_serial])
  File "C:\Users\ruben\.local\pipx\venvs\mpf\lib\site-packages\mpf\platforms\opp\opp.py", line 345, in send_to_processor
    self.opp_connection[chain_serial].send(msg)
  File "C:\Users\ruben\.local\pipx\venvs\mpf\lib\site-packages\mpf\platforms\base_serial_communicator.py", line 160, in send
    self.writer.write(msg)
AttributeError: 'NoneType' object has no attribute 'write'
2025-06-16 06:38:33,216 : INFO : root : MPF run loop ended.
